Running Block:  80


trying total_time: 40.0 for unitary of size (16, 16)
data saved at: /project/ftchong/qoc/pranav/00022_01_beh2_slice_80.h5
Using 5 Taylor terms and 4 Scaling & Squaring terms
Building graph:
Propagators initialized.
Operators weight initialized.
Intermediate propagation variables initialized.
Intermediate propagators initialized.
Vectors initialized.
Training loss initialized.
Optimizer initialized.
Utilities initialized.
Graph built!
Initialized
Error = :8.39e-01; Runtime: 1.4s; Iterations = 0, grads =   8.940e-01, unitary_metric = 1.00033
Error = :6.75e-01; Runtime: 19.0s; Iterations = 20, grads =   2.064e+00, unitary_metric = 1.00028
Error = :3.81e-01; Runtime: 34.1s; Iterations = 40, grads =   1.316e+00, unitary_metric = 1.00024
Error = :1.48e-02; Runtime: 49.1s; Iterations = 60, grads =   1.714e-01, unitary_metric = 1.00018
Error = :3.83e-03; Runtime: 64.2s; Iterations = 80, grads =   1.198e-01, unitary_metric = 1.00019
Error = :1.27e-03; Runtime: 79.3s; Iterations = 100, grads =   9.250e-02, unitary_metric = 1.00020
Error = :6.17e-04; Runtime: 89.4s; Iterations = 112, grads =   5.869e-02, unitary_metric = 1.00020
data saved at: /project/ftchong/qoc/pranav/00022_01_beh2_slice_80.h5


trying total_time: 20.0 for unitary of size (16, 16)
data saved at: /project/ftchong/qoc/pranav/00023_01_beh2_slice_80.h5
Using 7 Taylor terms and 2 Scaling & Squaring terms
Building graph:
Propagators initialized.
Operators weight initialized.
Intermediate propagation variables initialized.
Intermediate propagators initialized.
Vectors initialized.
Training loss initialized.
Optimizer initialized.
Utilities initialized.
Graph built!
Initialized
Error = :8.03e-01; Runtime: 0.7s; Iterations = 0, grads =   4.101e-01, unitary_metric = 1.00002
Error = :5.19e-01; Runtime: 9.2s; Iterations = 20, grads =   2.552e-01, unitary_metric = 1.00000
Error = :5.04e-01; Runtime: 16.6s; Iterations = 40, grads =   6.081e-02, unitary_metric = 1.00001
Error = :5.00e-01; Runtime: 24.0s; Iterations = 60, grads =   2.646e-03, unitary_metric = 1.00001
Error = :5.00e-01; Runtime: 31.4s; Iterations = 80, grads =   1.293e-03, unitary_metric = 1.00001
Error = :4.90e-01; Runtime: 38.8s; Iterations = 100, grads =   1.353e-03, unitary_metric = 1.00000
Error = :1.43e-02; Runtime: 46.7s; Iterations = 120, grads =   3.050e-02, unitary_metric = 1.00000
Error = :2.12e-03; Runtime: 54.0s; Iterations = 140, grads =   2.381e-03, unitary_metric = 1.00000
Error = :9.96e-04; Runtime: 58.4s; Iterations = 152, grads =   8.614e-04, unitary_metric = 1.00000
data saved at: /project/ftchong/qoc/pranav/00023_01_beh2_slice_80.h5


trying total_time: 10.0 for unitary of size (16, 16)
data saved at: /project/ftchong/qoc/pranav/00024_01_beh2_slice_80.h5
Using 7 Taylor terms and 2 Scaling & Squaring terms
Building graph:
Propagators initialized.
Operators weight initialized.
Intermediate propagation variables initialized.
Intermediate propagators initialized.
Vectors initialized.
Training loss initialized.
Optimizer initialized.
Utilities initialized.
Graph built!
Initialized
Error = :8.53e-01; Runtime: 0.3s; Iterations = 0, grads =   2.695e-01, unitary_metric = 1.00000
Error = :5.23e-01; Runtime: 4.5s; Iterations = 20, grads =   5.085e-02, unitary_metric = 1.00000
Error = :5.04e-01; Runtime: 8.1s; Iterations = 40, grads =   3.608e-03, unitary_metric = 1.00000
Error = :5.00e-01; Runtime: 11.7s; Iterations = 60, grads =   1.091e-03, unitary_metric = 1.00000
Error = :5.00e-01; Runtime: 15.3s; Iterations = 80, grads =   1.735e-04, unitary_metric = 1.00000
Error = :5.00e-01; Runtime: 18.9s; Iterations = 100, grads =   2.426e-05, unitary_metric = 1.00000
Error = :5.00e-01; Runtime: 23.8s; Iterations = 120, grads =   1.775e-06, unitary_metric = 1.00000
Error = :5.00e-01; Runtime: 27.4s; Iterations = 140, grads =   5.105e-07, unitary_metric = 1.00000
Error = :5.00e-01; Runtime: 31.0s; Iterations = 160, grads =   3.016e-08, unitary_metric = 1.00000
Error = :5.00e-01; Runtime: 34.7s; Iterations = 180, grads =   3.160e-09, unitary_metric = 1.00000
Error = :5.00e-01; Runtime: 38.3s; Iterations = 200, grads =   1.138e-09, unitary_metric = 1.00000
Error = :5.00e-01; Runtime: 42.2s; Iterations = 220, grads =   9.096e-11, unitary_metric = 1.00000
Error = :5.00e-01; Runtime: 45.8s; Iterations = 240, grads =   4.285e-11, unitary_metric = 1.00000
Error = :5.00e-01; Runtime: 49.4s; Iterations = 260, grads =   1.101e-11, unitary_metric = 1.00000
Error = :5.00e-01; Runtime: 53.0s; Iterations = 280, grads =   1.600e-11, unitary_metric = 1.00000
Error = :5.00e-01; Runtime: 56.6s; Iterations = 300, grads =   6.851e-12, unitary_metric = 1.00000
Error = :5.00e-01; Runtime: 60.4s; Iterations = 320, grads =   6.629e-12, unitary_metric = 1.00000
Error = :5.00e-01; Runtime: 64.0s; Iterations = 340, grads =   9.658e-12, unitary_metric = 1.00000
Error = :5.00e-01; Runtime: 67.6s; Iterations = 360, grads =   8.075e-12, unitary_metric = 1.00000
Error = :5.00e-01; Runtime: 71.1s; Iterations = 380, grads =   4.975e-12, unitary_metric = 1.00000
Error = :5.00e-01; Runtime: 74.6s; Iterations = 400, grads =   5.119e-12, unitary_metric = 1.00000
Error = :5.00e-01; Runtime: 78.7s; Iterations = 420, grads =   7.516e-12, unitary_metric = 1.00000
Error = :5.00e-01; Runtime: 82.4s; Iterations = 440, grads =   2.251e-11, unitary_metric = 1.00000
Error = :5.00e-01; Runtime: 86.0s; Iterations = 460, grads =   1.841e-11, unitary_metric = 1.00000
Error = :5.00e-01; Runtime: 89.7s; Iterations = 480, grads =   1.188e-09, unitary_metric = 1.00000
Error = :5.00e-01; Runtime: 93.3s; Iterations = 500, grads =   1.136e-06, unitary_metric = 1.00000
Error = :5.00e-01; Runtime: 97.1s; Iterations = 520, grads =   4.172e-08, unitary_metric = 1.00000
Error = :5.00e-01; Runtime: 100.7s; Iterations = 540, grads =   1.813e-08, unitary_metric = 1.00000
Error = :5.00e-01; Runtime: 104.3s; Iterations = 560, grads =   2.999e-09, unitary_metric = 1.00000
Error = :5.00e-01; Runtime: 107.9s; Iterations = 580, grads =   1.220e-09, unitary_metric = 1.00000
Error = :5.00e-01; Runtime: 111.5s; Iterations = 600, grads =   1.389e-10, unitary_metric = 1.00000
Error = :5.00e-01; Runtime: 115.4s; Iterations = 620, grads =   2.882e-07, unitary_metric = 1.00000
Error = :5.00e-01; Runtime: 119.0s; Iterations = 640, grads =   7.525e-09, unitary_metric = 1.00000
Error = :5.00e-01; Runtime: 122.6s; Iterations = 660, grads =   4.041e-09, unitary_metric = 1.00000
Error = :5.00e-01; Runtime: 126.2s; Iterations = 680, grads =   3.741e-11, unitary_metric = 1.00000
Error = :5.00e-01; Runtime: 129.8s; Iterations = 700, grads =   9.904e-11, unitary_metric = 1.00000
Error = :5.00e-01; Runtime: 133.7s; Iterations = 720, grads =   8.032e-11, unitary_metric = 1.00000
Error = :5.00e-01; Runtime: 137.4s; Iterations = 740, grads =   9.063e-11, unitary_metric = 1.00000
Error = :5.00e-01; Runtime: 141.0s; Iterations = 760, grads =   1.480e-10, unitary_metric = 1.00000
Error = :5.00e-01; Runtime: 144.6s; Iterations = 780, grads =   1.046e-10, unitary_metric = 1.00000
Error = :5.00e-01; Runtime: 148.2s; Iterations = 800, grads =   4.068e-09, unitary_metric = 0.99999
Error = :5.00e-01; Runtime: 152.1s; Iterations = 820, grads =   1.086e-05, unitary_metric = 1.00000
Error = :5.00e-01; Runtime: 155.7s; Iterations = 840, grads =   2.448e-03, unitary_metric = 1.00000
Error = :5.00e-01; Runtime: 159.3s; Iterations = 860, grads =   2.576e-06, unitary_metric = 0.99999
Error = :5.00e-01; Runtime: 162.9s; Iterations = 880, grads =   2.059e-05, unitary_metric = 1.00000
Error = :5.00e-01; Runtime: 166.5s; Iterations = 900, grads =   4.428e-06, unitary_metric = 1.00000
Error = :5.00e-01; Runtime: 170.5s; Iterations = 920, grads =   5.112e-07, unitary_metric = 1.00000
Error = :5.00e-01; Runtime: 174.1s; Iterations = 940, grads =   2.227e-07, unitary_metric = 1.00000
Error = :5.00e-01; Runtime: 177.7s; Iterations = 960, grads =   1.357e-06, unitary_metric = 0.99999
Error = :5.00e-01; Runtime: 181.3s; Iterations = 980, grads =   1.054e-03, unitary_metric = 1.00000
Error = :5.00e-01; Runtime: 184.9s; Iterations = 1000, grads =   1.289e-04, unitary_metric = 1.00000
Error = :4.98e-01; Runtime: 188.8s; Iterations = 1020, grads =   6.577e-05, unitary_metric = 0.99999
Error = :1.96e-01; Runtime: 192.4s; Iterations = 1040, grads =   1.666e-01, unitary_metric = 0.99999
Error = :1.91e-02; Runtime: 196.0s; Iterations = 1060, grads =   1.321e-01, unitary_metric = 0.99999
Error = :1.80e-03; Runtime: 199.7s; Iterations = 1080, grads =   1.343e-02, unitary_metric = 0.99999
Error = :8.66e-04; Runtime: 201.1s; Iterations = 1088, grads =   3.824e-03, unitary_metric = 0.99999
data saved at: /project/ftchong/qoc/pranav/00024_01_beh2_slice_80.h5


trying total_time: 5.0 for unitary of size (16, 16)
data saved at: /project/ftchong/qoc/pranav/00025_01_beh2_slice_80.h5
Using 7 Taylor terms and 2 Scaling & Squaring terms
Building graph:
Propagators initialized.
Operators weight initialized.
Intermediate propagation variables initialized.
Intermediate propagators initialized.
Vectors initialized.
Training loss initialized.
Optimizer initialized.
Utilities initialized.
Graph built!
Initialized
Error = :7.85e-01; Runtime: 0.2s; Iterations = 0, grads =   7.334e-02, unitary_metric = 1.00000
Error = :6.11e-01; Runtime: 2.3s; Iterations = 20, grads =   9.336e-03, unitary_metric = 1.00000
Error = :5.25e-01; Runtime: 4.1s; Iterations = 40, grads =   1.368e-03, unitary_metric = 1.00000
Error = :5.02e-01; Runtime: 5.9s; Iterations = 60, grads =   1.884e-04, unitary_metric = 1.00000
Error = :5.00e-01; Runtime: 7.7s; Iterations = 80, grads =   2.943e-05, unitary_metric = 1.00000
Error = :5.00e-01; Runtime: 9.5s; Iterations = 100, grads =   4.642e-06, unitary_metric = 1.00000
Error = :5.00e-01; Runtime: 11.5s; Iterations = 120, grads =   4.508e-07, unitary_metric = 1.00000
Error = :5.00e-01; Runtime: 13.3s; Iterations = 140, grads =   9.055e-08, unitary_metric = 1.00000
Error = :5.00e-01; Runtime: 15.1s; Iterations = 160, grads =   4.148e-09, unitary_metric = 1.00000
Error = :5.00e-01; Runtime: 16.9s; Iterations = 180, grads =   8.922e-10, unitary_metric = 1.00000
Error = :5.00e-01; Runtime: 18.7s; Iterations = 200, grads =   1.487e-10, unitary_metric = 1.00000
Error = :5.00e-01; Runtime: 20.6s; Iterations = 220, grads =   4.908e-11, unitary_metric = 1.00000
Error = :5.00e-01; Runtime: 22.4s; Iterations = 240, grads =   3.385e-11, unitary_metric = 1.00000
Error = :5.00e-01; Runtime: 24.2s; Iterations = 260, grads =   2.611e-11, unitary_metric = 1.00000
Error = :5.00e-01; Runtime: 26.0s; Iterations = 280, grads =   2.138e-11, unitary_metric = 1.00000
Error = :5.00e-01; Runtime: 27.8s; Iterations = 300, grads =   2.076e-11, unitary_metric = 1.00000
Error = :5.00e-01; Runtime: 29.8s; Iterations = 320, grads =   2.100e-11, unitary_metric = 1.00000
Error = :5.00e-01; Runtime: 31.6s; Iterations = 340, grads =   1.765e-11, unitary_metric = 1.00000
Error = :5.00e-01; Runtime: 33.4s; Iterations = 360, grads =   1.519e-11, unitary_metric = 1.00000
Error = :5.00e-01; Runtime: 35.2s; Iterations = 380, grads =   1.688e-11, unitary_metric = 1.00000
Error = :5.00e-01; Runtime: 37.0s; Iterations = 400, grads =   2.091e-11, unitary_metric = 0.99999
Error = :5.00e-01; Runtime: 38.9s; Iterations = 420, grads =   3.316e-11, unitary_metric = 1.00000
Error = :5.00e-01; Runtime: 40.7s; Iterations = 440, grads =   1.694e-11, unitary_metric = 1.00000
Error = :5.00e-01; Runtime: 42.5s; Iterations = 460, grads =   2.190e-11, unitary_metric = 1.00000
Error = :5.00e-01; Runtime: 44.3s; Iterations = 480, grads =   2.143e-11, unitary_metric = 0.99999
Error = :5.00e-01; Runtime: 46.1s; Iterations = 500, grads =   2.468e-11, unitary_metric = 0.99999
Error = :5.00e-01; Runtime: 48.0s; Iterations = 520, grads =   2.518e-11, unitary_metric = 1.00000
Error = :5.00e-01; Runtime: 49.8s; Iterations = 540, grads =   2.995e-10, unitary_metric = 0.99999
Error = :5.00e-01; Runtime: 51.6s; Iterations = 560, grads =   1.059e-07, unitary_metric = 1.00000
Error = :5.00e-01; Runtime: 53.4s; Iterations = 580, grads =   2.183e-08, unitary_metric = 0.99999
Error = :5.00e-01; Runtime: 55.2s; Iterations = 600, grads =   3.020e-09, unitary_metric = 0.99999
Error = :5.00e-01; Runtime: 57.1s; Iterations = 620, grads =   6.920e-10, unitary_metric = 0.99999
Error = :5.00e-01; Runtime: 58.9s; Iterations = 640, grads =   1.030e-10, unitary_metric = 0.99999
Error = :5.00e-01; Runtime: 60.7s; Iterations = 660, grads =   1.608e-10, unitary_metric = 0.99999
Error = :5.00e-01; Runtime: 62.5s; Iterations = 680, grads =   2.129e-10, unitary_metric = 1.00000
Error = :5.00e-01; Runtime: 64.3s; Iterations = 700, grads =   3.404e-10, unitary_metric = 0.99999
Error = :5.00e-01; Runtime: 66.3s; Iterations = 720, grads =   5.474e-10, unitary_metric = 1.00000
Error = :5.00e-01; Runtime: 68.1s; Iterations = 740, grads =   9.526e-10, unitary_metric = 1.00000
Error = :5.00e-01; Runtime: 69.8s; Iterations = 760, grads =   1.947e-09, unitary_metric = 1.00000
Error = :5.00e-01; Runtime: 71.6s; Iterations = 780, grads =   4.604e-09, unitary_metric = 0.99999
Error = :5.00e-01; Runtime: 73.4s; Iterations = 800, grads =   1.567e-08, unitary_metric = 0.99999
Error = :5.00e-01; Runtime: 75.3s; Iterations = 820, grads =   7.005e-08, unitary_metric = 1.00000
Error = :5.00e-01; Runtime: 77.1s; Iterations = 840, grads =   8.168e-07, unitary_metric = 1.00000
Error = :4.92e-01; Runtime: 78.9s; Iterations = 860, grads =   2.376e-04, unitary_metric = 0.99999
Error = :2.20e-01; Runtime: 80.7s; Iterations = 880, grads =   1.099e-01, unitary_metric = 0.99999
Error = :7.69e-02; Runtime: 82.5s; Iterations = 900, grads =   1.467e-02, unitary_metric = 0.99999
Error = :4.32e-02; Runtime: 84.5s; Iterations = 920, grads =   1.126e-03, unitary_metric = 0.99999
Error = :3.32e-02; Runtime: 86.3s; Iterations = 940, grads =   8.034e-05, unitary_metric = 0.99999
Error = :2.93e-02; Runtime: 88.1s; Iterations = 960, grads =   1.501e-05, unitary_metric = 0.99999
Error = :2.73e-02; Runtime: 89.8s; Iterations = 980, grads =   7.244e-06, unitary_metric = 0.99999
Error = :2.58e-02; Runtime: 91.6s; Iterations = 1000, grads =   5.225e-06, unitary_metric = 0.99999
Error = :2.47e-02; Runtime: 93.6s; Iterations = 1020, grads =   4.004e-06, unitary_metric = 0.99999
Error = :2.37e-02; Runtime: 95.4s; Iterations = 1040, grads =   2.999e-06, unitary_metric = 0.99999
Error = :2.30e-02; Runtime: 97.1s; Iterations = 1060, grads =   2.320e-06, unitary_metric = 0.99999
Error = :2.25e-02; Runtime: 98.9s; Iterations = 1080, grads =   1.875e-06, unitary_metric = 0.99999
Error = :2.20e-02; Runtime: 100.7s; Iterations = 1100, grads =   1.556e-06, unitary_metric = 0.99999
Error = :2.16e-02; Runtime: 102.6s; Iterations = 1120, grads =   1.316e-06, unitary_metric = 0.99999
Error = :2.13e-02; Runtime: 104.4s; Iterations = 1140, grads =   1.128e-06, unitary_metric = 0.99998
Error = :2.10e-02; Runtime: 106.2s; Iterations = 1160, grads =   9.777e-07, unitary_metric = 0.99998
Error = :2.07e-02; Runtime: 108.0s; Iterations = 1180, grads =   8.556e-07, unitary_metric = 0.99998
Error = :2.05e-02; Runtime: 109.8s; Iterations = 1200, grads =   7.551e-07, unitary_metric = 0.99999
Error = :2.03e-02; Runtime: 111.7s; Iterations = 1220, grads =   6.713e-07, unitary_metric = 0.99998
Error = :2.01e-02; Runtime: 113.5s; Iterations = 1240, grads =   6.011e-07, unitary_metric = 0.99998
Error = :1.99e-02; Runtime: 115.3s; Iterations = 1260, grads =   5.419e-07, unitary_metric = 0.99998
Error = :1.97e-02; Runtime: 117.3s; Iterations = 1280, grads =   5.869e-07, unitary_metric = 0.99998
Error = :1.96e-02; Runtime: 119.1s; Iterations = 1300, grads =   4.491e-07, unitary_metric = 0.99999
Error = :1.95e-02; Runtime: 121.0s; Iterations = 1320, grads =   4.138e-07, unitary_metric = 0.99998
Error = :1.94e-02; Runtime: 122.8s; Iterations = 1340, grads =   3.810e-07, unitary_metric = 0.99998
Error = :1.92e-02; Runtime: 124.6s; Iterations = 1360, grads =   3.534e-07, unitary_metric = 0.99998
Error = :1.91e-02; Runtime: 126.4s; Iterations = 1380, grads =   3.300e-07, unitary_metric = 0.99998
Error = :1.90e-02; Runtime: 128.2s; Iterations = 1400, grads =   3.092e-07, unitary_metric = 0.99998
Error = :1.89e-02; Runtime: 130.1s; Iterations = 1420, grads =   2.975e-07, unitary_metric = 0.99998
Error = :1.89e-02; Runtime: 131.9s; Iterations = 1440, grads =   6.643e-07, unitary_metric = 0.99998
Error = :1.88e-02; Runtime: 133.7s; Iterations = 1460, grads =   3.378e-04, unitary_metric = 0.99998
Error = :1.87e-02; Runtime: 135.5s; Iterations = 1480, grads =   5.222e-05, unitary_metric = 0.99998
Error = :1.86e-02; Runtime: 137.3s; Iterations = 1500, grads =   1.041e-05, unitary_metric = 0.99998
Error = :1.85e-02; Runtime: 139.2s; Iterations = 1520, grads =   2.126e-06, unitary_metric = 0.99998
Error = :1.85e-02; Runtime: 140.9s; Iterations = 1540, grads =   6.290e-07, unitary_metric = 0.99998
Error = :1.84e-02; Runtime: 142.7s; Iterations = 1560, grads =   2.563e-07, unitary_metric = 0.99998
Error = :1.83e-02; Runtime: 144.5s; Iterations = 1580, grads =   2.226e-07, unitary_metric = 0.99998
Error = :1.83e-02; Runtime: 146.3s; Iterations = 1600, grads =   2.035e-07, unitary_metric = 0.99998
Error = :1.82e-02; Runtime: 148.2s; Iterations = 1620, grads =   3.497e-07, unitary_metric = 0.99998
Error = :1.82e-02; Runtime: 150.0s; Iterations = 1640, grads =   3.267e-04, unitary_metric = 0.99998
Error = :1.81e-02; Runtime: 151.8s; Iterations = 1660, grads =   3.668e-05, unitary_metric = 0.99998
Error = :1.80e-02; Runtime: 153.6s; Iterations = 1680, grads =   1.483e-05, unitary_metric = 0.99998
Error = :1.80e-02; Runtime: 155.4s; Iterations = 1700, grads =   3.159e-04, unitary_metric = 0.99998
Error = :1.79e-02; Runtime: 157.3s; Iterations = 1720, grads =   2.276e-05, unitary_metric = 0.99998
Error = :1.78e-02; Runtime: 159.1s; Iterations = 1740, grads =   1.295e-06, unitary_metric = 0.99998
Error = :1.77e-02; Runtime: 160.9s; Iterations = 1760, grads =   5.736e-07, unitary_metric = 0.99998
Error = :1.77e-02; Runtime: 162.7s; Iterations = 1780, grads =   3.161e-07, unitary_metric = 0.99998
Error = :1.76e-02; Runtime: 164.4s; Iterations = 1800, grads =   1.841e-07, unitary_metric = 0.99998
Error = :1.76e-02; Runtime: 166.5s; Iterations = 1820, grads =   1.775e-07, unitary_metric = 0.99999
Error = :1.75e-02; Runtime: 168.3s; Iterations = 1840, grads =   1.768e-07, unitary_metric = 0.99998
Error = :1.74e-02; Runtime: 170.1s; Iterations = 1860, grads =   1.803e-07, unitary_metric = 0.99999
Error = :1.74e-02; Runtime: 171.9s; Iterations = 1880, grads =   1.146e-06, unitary_metric = 0.99998
Error = :1.74e-02; Runtime: 173.7s; Iterations = 1900, grads =   6.699e-04, unitary_metric = 0.99998
Error = :1.73e-02; Runtime: 175.6s; Iterations = 1920, grads =   9.973e-05, unitary_metric = 0.99998
Error = :1.72e-02; Runtime: 177.4s; Iterations = 1940, grads =   1.274e-06, unitary_metric = 0.99999
Error = :1.72e-02; Runtime: 179.2s; Iterations = 1960, grads =   1.839e-06, unitary_metric = 0.99998
Error = :1.71e-02; Runtime: 181.0s; Iterations = 1980, grads =   2.543e-07, unitary_metric = 0.99998
Error = :1.71e-02; Runtime: 182.8s; Iterations = 2000, grads =   1.632e-07, unitary_metric = 0.99998
Error = :1.70e-02; Runtime: 184.7s; Iterations = 2020, grads =   1.574e-07, unitary_metric = 0.99998
Error = :1.70e-02; Runtime: 186.5s; Iterations = 2040, grads =   2.058e-07, unitary_metric = 0.99998
Error = :1.69e-02; Runtime: 188.3s; Iterations = 2060, grads =   6.035e-06, unitary_metric = 0.99998
Error = :1.69e-02; Runtime: 190.1s; Iterations = 2080, grads =   2.047e-05, unitary_metric = 0.99998
Error = :1.69e-02; Runtime: 191.9s; Iterations = 2100, grads =   7.497e-06, unitary_metric = 0.99998
Error = :1.69e-02; Runtime: 193.8s; Iterations = 2120, grads =   8.875e-07, unitary_metric = 0.99998
Error = :1.69e-02; Runtime: 195.6s; Iterations = 2140, grads =   1.923e-07, unitary_metric = 0.99999
Error = :1.69e-02; Runtime: 197.4s; Iterations = 2160, grads =   2.587e-06, unitary_metric = 0.99999
Error = :1.70e-02; Runtime: 199.2s; Iterations = 2180, grads =   4.821e-04, unitary_metric = 0.99999
Error = :1.69e-02; Runtime: 201.0s; Iterations = 2200, grads =   2.452e-05, unitary_metric = 0.99999
Error = :1.68e-02; Runtime: 202.9s; Iterations = 2220, grads =   1.292e-06, unitary_metric = 0.99999
Error = :1.68e-02; Runtime: 204.7s; Iterations = 2240, grads =   1.567e-06, unitary_metric = 0.99998
Error = :1.67e-02; Runtime: 206.5s; Iterations = 2260, grads =   4.350e-07, unitary_metric = 0.99998
Error = :1.66e-02; Runtime: 208.3s; Iterations = 2280, grads =   4.117e-07, unitary_metric = 0.99998
Error = :1.65e-02; Runtime: 210.0s; Iterations = 2300, grads =   1.080e-05, unitary_metric = 0.99998
Error = :1.64e-02; Runtime: 212.0s; Iterations = 2320, grads =   1.102e-05, unitary_metric = 0.99998
Error = :1.64e-02; Runtime: 213.8s; Iterations = 2340, grads =   1.643e-06, unitary_metric = 0.99998
Error = :1.63e-02; Runtime: 215.6s; Iterations = 2360, grads =   3.080e-07, unitary_metric = 0.99998
Error = :1.63e-02; Runtime: 217.3s; Iterations = 2380, grads =   1.876e-07, unitary_metric = 0.99998
Error = :1.62e-02; Runtime: 219.1s; Iterations = 2400, grads =   1.868e-07, unitary_metric = 0.99998
Error = :1.62e-02; Runtime: 221.1s; Iterations = 2420, grads =   1.633e-07, unitary_metric = 0.99999
Error = :1.62e-02; Runtime: 222.8s; Iterations = 2440, grads =   1.560e-07, unitary_metric = 0.99998
Error = :1.61e-02; Runtime: 224.6s; Iterations = 2460, grads =   1.880e-07, unitary_metric = 0.99998
Error = :1.61e-02; Runtime: 226.4s; Iterations = 2480, grads =   1.919e-05, unitary_metric = 0.99998
Error = :1.61e-02; Runtime: 228.2s; Iterations = 2500, grads =   1.112e-04, unitary_metric = 0.99998
Error = :1.60e-02; Runtime: 230.3s; Iterations = 2520, grads =   1.923e-05, unitary_metric = 0.99998
Error = :1.60e-02; Runtime: 232.1s; Iterations = 2540, grads =   4.864e-05, unitary_metric = 0.99998
Error = :1.60e-02; Runtime: 233.9s; Iterations = 2560, grads =   4.952e-06, unitary_metric = 0.99998
Error = :1.59e-02; Runtime: 235.7s; Iterations = 2580, grads =   2.258e-07, unitary_metric = 0.99998
Error = :1.59e-02; Runtime: 237.5s; Iterations = 2600, grads =   1.284e-07, unitary_metric = 0.99998
Error = :1.59e-02; Runtime: 239.5s; Iterations = 2620, grads =   1.432e-07, unitary_metric = 0.99998
Error = :1.59e-02; Runtime: 241.2s; Iterations = 2640, grads =   1.142e-07, unitary_metric = 0.99998
Error = :1.58e-02; Runtime: 243.0s; Iterations = 2660, grads =   1.449e-07, unitary_metric = 0.99998
Error = :1.58e-02; Runtime: 244.8s; Iterations = 2680, grads =   3.344e-06, unitary_metric = 0.99998
Error = :1.58e-02; Runtime: 246.6s; Iterations = 2700, grads =   3.953e-05, unitary_metric = 0.99998
Error = :1.58e-02; Runtime: 248.6s; Iterations = 2720, grads =   5.530e-06, unitary_metric = 0.99998
Error = :1.57e-02; Runtime: 250.4s; Iterations = 2740, grads =   1.666e-07, unitary_metric = 0.99998
Error = :1.57e-02; Runtime: 252.2s; Iterations = 2760, grads =   5.965e-06, unitary_metric = 0.99998
Error = :1.57e-02; Runtime: 254.0s; Iterations = 2780, grads =   1.356e-04, unitary_metric = 0.99998
Error = :1.57e-02; Runtime: 255.7s; Iterations = 2800, grads =   1.940e-05, unitary_metric = 0.99998
Error = :1.57e-02; Runtime: 257.7s; Iterations = 2820, grads =   2.854e-06, unitary_metric = 0.99998
Error = :1.57e-02; Runtime: 259.5s; Iterations = 2840, grads =   4.245e-07, unitary_metric = 0.99998
Error = :1.56e-02; Runtime: 261.3s; Iterations = 2860, grads =   8.555e-08, unitary_metric = 0.99998
Error = :1.56e-02; Runtime: 263.0s; Iterations = 2880, grads =   7.098e-07, unitary_metric = 0.99998
Error = :1.56e-02; Runtime: 264.8s; Iterations = 2900, grads =   1.236e-04, unitary_metric = 0.99998
Error = :1.56e-02; Runtime: 266.8s; Iterations = 2920, grads =   2.729e-06, unitary_metric = 0.99998
Error = :1.56e-02; Runtime: 268.6s; Iterations = 2940, grads =   4.418e-07, unitary_metric = 0.99999
Error = :1.56e-02; Runtime: 270.4s; Iterations = 2960, grads =   2.109e-07, unitary_metric = 0.99999
Error = :1.56e-02; Runtime: 272.2s; Iterations = 2980, grads =   9.292e-06, unitary_metric = 0.99998
Error = :1.56e-02; Runtime: 274.0s; Iterations = 3000, grads =   4.683e-05, unitary_metric = 0.99998
Error = :1.56e-02; Runtime: 275.9s; Iterations = 3020, grads =   1.390e-05, unitary_metric = 0.99998
Error = :1.56e-02; Runtime: 277.7s; Iterations = 3040, grads =   9.019e-07, unitary_metric = 0.99999
Error = :1.55e-02; Runtime: 279.5s; Iterations = 3060, grads =   1.509e-07, unitary_metric = 0.99998
Error = :1.55e-02; Runtime: 281.3s; Iterations = 3080, grads =   4.877e-08, unitary_metric = 0.99998
Error = :1.55e-02; Runtime: 283.0s; Iterations = 3100, grads =   4.411e-08, unitary_metric = 0.99998
Error = :1.55e-02; Runtime: 285.0s; Iterations = 3120, grads =   5.752e-08, unitary_metric = 0.99998
Error = :1.55e-02; Runtime: 286.8s; Iterations = 3140, grads =   4.460e-06, unitary_metric = 0.99999
Error = :1.55e-02; Runtime: 288.5s; Iterations = 3160, grads =   4.283e-06, unitary_metric = 0.99999
Error = :1.55e-02; Runtime: 290.3s; Iterations = 3180, grads =   8.231e-05, unitary_metric = 0.99998
Error = :1.55e-02; Runtime: 292.1s; Iterations = 3200, grads =   2.834e-05, unitary_metric = 0.99998
Error = :1.55e-02; Runtime: 294.1s; Iterations = 3220, grads =   7.115e-07, unitary_metric = 0.99999
Error = :1.55e-02; Runtime: 295.9s; Iterations = 3240, grads =   5.631e-07, unitary_metric = 0.99999
Error = :1.55e-02; Runtime: 297.7s; Iterations = 3260, grads =   5.615e-08, unitary_metric = 0.99998
Error = :1.55e-02; Runtime: 299.4s; Iterations = 3280, grads =   3.381e-08, unitary_metric = 0.99998
Error = :1.55e-02; Runtime: 301.2s; Iterations = 3300, grads =   3.357e-08, unitary_metric = 0.99999
Error = :1.55e-02; Runtime: 303.2s; Iterations = 3320, grads =   3.022e-08, unitary_metric = 0.99998
Error = :1.55e-02; Runtime: 305.0s; Iterations = 3340, grads =   3.798e-08, unitary_metric = 0.99999
Error = :1.55e-02; Runtime: 306.7s; Iterations = 3360, grads =   6.609e-07, unitary_metric = 0.99999
Error = :1.55e-02; Runtime: 308.5s; Iterations = 3380, grads =   2.331e-04, unitary_metric = 0.99998
Error = :1.55e-02; Runtime: 310.3s; Iterations = 3400, grads =   3.994e-05, unitary_metric = 0.99998
Error = :1.55e-02; Runtime: 312.2s; Iterations = 3420, grads =   1.340e-05, unitary_metric = 0.99998
Error = :1.55e-02; Runtime: 314.0s; Iterations = 3440, grads =   8.259e-07, unitary_metric = 0.99999
Error = :1.55e-02; Runtime: 315.8s; Iterations = 3460, grads =   3.550e-08, unitary_metric = 0.99998
Error = :1.55e-02; Runtime: 317.6s; Iterations = 3480, grads =   5.325e-08, unitary_metric = 0.99998
Error = :1.55e-02; Runtime: 319.4s; Iterations = 3500, grads =   3.259e-08, unitary_metric = 0.99999
Error = :1.55e-02; Runtime: 321.3s; Iterations = 3520, grads =   2.547e-08, unitary_metric = 0.99998
Error = :1.55e-02; Runtime: 323.1s; Iterations = 3540, grads =   1.118e-07, unitary_metric = 0.99999
Error = :1.55e-02; Runtime: 324.9s; Iterations = 3560, grads =   1.009e-07, unitary_metric = 0.99998
Error = :1.54e-02; Runtime: 326.7s; Iterations = 3580, grads =   2.438e-08, unitary_metric = 0.99999
Error = :1.54e-02; Runtime: 328.5s; Iterations = 3600, grads =   2.345e-08, unitary_metric = 0.99999
Error = :1.54e-02; Runtime: 330.4s; Iterations = 3620, grads =   2.305e-08, unitary_metric = 0.99998
Error = :1.54e-02; Runtime: 332.2s; Iterations = 3640, grads =   8.796e-08, unitary_metric = 0.99999
Error = :1.54e-02; Runtime: 334.0s; Iterations = 3660, grads =   2.934e-05, unitary_metric = 0.99999
Error = :1.55e-02; Runtime: 335.8s; Iterations = 3680, grads =   6.639e-05, unitary_metric = 0.99999
Error = :1.54e-02; Runtime: 337.6s; Iterations = 3700, grads =   3.558e-06, unitary_metric = 0.99999
Error = :1.54e-02; Runtime: 339.5s; Iterations = 3720, grads =   4.587e-07, unitary_metric = 0.99999
Error = :1.54e-02; Runtime: 341.3s; Iterations = 3740, grads =   9.512e-08, unitary_metric = 0.99999
Error = :1.54e-02; Runtime: 343.1s; Iterations = 3760, grads =   7.437e-08, unitary_metric = 0.99998
Error = :1.54e-02; Runtime: 344.9s; Iterations = 3780, grads =   3.166e-08, unitary_metric = 0.99998
Error = :1.54e-02; Runtime: 346.7s; Iterations = 3800, grads =   7.486e-08, unitary_metric = 0.99999
Error = :1.54e-02; Runtime: 348.6s; Iterations = 3820, grads =   2.282e-08, unitary_metric = 0.99999
Error = :1.54e-02; Runtime: 350.4s; Iterations = 3840, grads =   1.993e-08, unitary_metric = 0.99999
Error = :1.54e-02; Runtime: 352.2s; Iterations = 3860, grads =   1.969e-08, unitary_metric = 0.99999
Error = :1.54e-02; Runtime: 354.0s; Iterations = 3880, grads =   2.012e-08, unitary_metric = 0.99999
Error = :1.54e-02; Runtime: 355.8s; Iterations = 3900, grads =   2.396e-08, unitary_metric = 0.99999
Error = :1.54e-02; Runtime: 357.7s; Iterations = 3920, grads =   4.052e-07, unitary_metric = 0.99998
Error = :1.55e-02; Runtime: 359.5s; Iterations = 3940, grads =   9.662e-05, unitary_metric = 0.99999
Error = :1.54e-02; Runtime: 361.3s; Iterations = 3960, grads =   4.159e-05, unitary_metric = 0.99998
Error = :1.54e-02; Runtime: 363.1s; Iterations = 3980, grads =   2.990e-06, unitary_metric = 0.99999
Error = :1.54e-02; Runtime: 364.9s; Iterations = 4000, grads =   8.658e-07, unitary_metric = 0.99999
Error = :1.54e-02; Runtime: 367.1s; Iterations = 4020, grads =   5.341e-08, unitary_metric = 0.99999
Error = :1.54e-02; Runtime: 368.9s; Iterations = 4040, grads =   3.990e-08, unitary_metric = 0.99999
Error = :1.54e-02; Runtime: 370.7s; Iterations = 4060, grads =   5.142e-08, unitary_metric = 0.99999
Error = :1.54e-02; Runtime: 372.4s; Iterations = 4080, grads =   3.440e-08, unitary_metric = 0.99999
Error = :1.54e-02; Runtime: 374.2s; Iterations = 4100, grads =   2.985e-08, unitary_metric = 0.99999
Error = :1.54e-02; Runtime: 376.2s; Iterations = 4120, grads =   4.002e-08, unitary_metric = 0.99999
Error = :1.54e-02; Runtime: 378.0s; Iterations = 4140, grads =   1.195e-06, unitary_metric = 0.99999
Error = :1.54e-02; Runtime: 379.8s; Iterations = 4160, grads =   3.797e-05, unitary_metric = 0.99999
Error = :1.54e-02; Runtime: 381.6s; Iterations = 4180, grads =   2.437e-05, unitary_metric = 0.99999
Error = :1.54e-02; Runtime: 383.4s; Iterations = 4200, grads =   5.913e-06, unitary_metric = 0.99999
Error = :1.54e-02; Runtime: 385.3s; Iterations = 4220, grads =   1.919e-06, unitary_metric = 0.99999
Error = :1.54e-02; Runtime: 387.1s; Iterations = 4240, grads =   4.129e-08, unitary_metric = 0.99999
Error = :1.54e-02; Runtime: 388.9s; Iterations = 4260, grads =   3.816e-08, unitary_metric = 0.99999
Error = :1.54e-02; Runtime: 390.6s; Iterations = 4280, grads =   2.303e-08, unitary_metric = 0.99998
Error = :1.54e-02; Runtime: 392.4s; Iterations = 4300, grads =   2.761e-08, unitary_metric = 0.99999
Error = :1.54e-02; Runtime: 394.4s; Iterations = 4320, grads =   3.820e-08, unitary_metric = 0.99998
Error = :1.54e-02; Runtime: 396.2s; Iterations = 4340, grads =   6.841e-07, unitary_metric = 0.99999
Error = :1.54e-02; Runtime: 397.9s; Iterations = 4360, grads =   6.832e-05, unitary_metric = 0.99999
Error = :1.54e-02; Runtime: 399.7s; Iterations = 4380, grads =   4.275e-06, unitary_metric = 0.99999
Error = :1.54e-02; Runtime: 401.5s; Iterations = 4400, grads =   5.045e-06, unitary_metric = 0.99999
Error = :1.54e-02; Runtime: 403.4s; Iterations = 4420, grads =   2.453e-06, unitary_metric = 0.99998
Error = :1.54e-02; Runtime: 405.2s; Iterations = 4440, grads =   4.151e-08, unitary_metric = 0.99998
Error = :1.54e-02; Runtime: 407.0s; Iterations = 4460, grads =   5.593e-08, unitary_metric = 0.99999
Error = :1.54e-02; Runtime: 408.8s; Iterations = 4480, grads =   1.846e-08, unitary_metric = 0.99999
Error = :1.54e-02; Runtime: 410.5s; Iterations = 4500, grads =   1.587e-08, unitary_metric = 0.99999
Error = :1.54e-02; Runtime: 412.6s; Iterations = 4520, grads =   1.558e-08, unitary_metric = 0.99999
Error = :1.54e-02; Runtime: 414.4s; Iterations = 4540, grads =   1.535e-08, unitary_metric = 0.99999
Error = :1.54e-02; Runtime: 416.1s; Iterations = 4560, grads =   2.157e-08, unitary_metric = 0.99998
Error = :1.54e-02; Runtime: 417.9s; Iterations = 4580, grads =   2.527e-06, unitary_metric = 0.99998
Error = :1.54e-02; Runtime: 419.7s; Iterations = 4600, grads =   3.145e-06, unitary_metric = 0.99999
Error = :1.54e-02; Runtime: 421.7s; Iterations = 4620, grads =   4.460e-06, unitary_metric = 0.99999
Error = :1.54e-02; Runtime: 423.4s; Iterations = 4640, grads =   1.249e-06, unitary_metric = 0.99998
Error = :1.54e-02; Runtime: 425.2s; Iterations = 4660, grads =   3.354e-05, unitary_metric = 0.99999
Error = :1.54e-02; Runtime: 427.0s; Iterations = 4680, grads =   2.911e-05, unitary_metric = 0.99999
Error = :1.54e-02; Runtime: 428.8s; Iterations = 4700, grads =   2.060e-06, unitary_metric = 0.99998
Error = :1.54e-02; Runtime: 430.8s; Iterations = 4720, grads =   1.330e-08, unitary_metric = 0.99998
Error = :1.54e-02; Runtime: 432.6s; Iterations = 4740, grads =   8.112e-08, unitary_metric = 0.99998
Error = :1.54e-02; Runtime: 434.4s; Iterations = 4760, grads =   1.223e-08, unitary_metric = 0.99999
Error = :1.54e-02; Runtime: 436.2s; Iterations = 4780, grads =   1.421e-08, unitary_metric = 0.99998
Error = :1.54e-02; Runtime: 438.0s; Iterations = 4800, grads =   1.389e-08, unitary_metric = 0.99998
Error = :1.54e-02; Runtime: 439.9s; Iterations = 4820, grads =   6.154e-08, unitary_metric = 0.99999
Error = :1.54e-02; Runtime: 441.7s; Iterations = 4840, grads =   2.176e-08, unitary_metric = 0.99998
Error = :1.54e-02; Runtime: 443.5s; Iterations = 4860, grads =   2.099e-07, unitary_metric = 0.99998
Error = :1.54e-02; Runtime: 445.3s; Iterations = 4880, grads =   2.280e-05, unitary_metric = 0.99999
Error = :1.54e-02; Runtime: 447.1s; Iterations = 4900, grads =   6.025e-05, unitary_metric = 0.99999
Error = :1.54e-02; Runtime: 449.0s; Iterations = 4920, grads =   8.516e-06, unitary_metric = 0.99998
Error = :1.54e-02; Runtime: 450.8s; Iterations = 4940, grads =   6.595e-07, unitary_metric = 0.99998
Error = :1.54e-02; Runtime: 452.6s; Iterations = 4960, grads =   2.008e-07, unitary_metric = 0.99999
Error = :1.54e-02; Runtime: 454.4s; Iterations = 4980, grads =   3.230e-08, unitary_metric = 0.99998
Error = :1.54e-02; Runtime: 456.2s; Iterations = 5000, grads =   1.619e-08, unitary_metric = 0.99998
Error = :1.54e-02; Runtime: 458.1s; Iterations = 5020, grads =   2.619e-08, unitary_metric = 0.99998
Error = :1.54e-02; Runtime: 459.9s; Iterations = 5040, grads =   1.394e-08, unitary_metric = 0.99998
Error = :1.54e-02; Runtime: 461.7s; Iterations = 5060, grads =   1.388e-08, unitary_metric = 0.99998
Error = :1.54e-02; Runtime: 463.5s; Iterations = 5080, grads =   1.149e-07, unitary_metric = 0.99999
Error = :1.54e-02; Runtime: 465.2s; Iterations = 5100, grads =   9.997e-06, unitary_metric = 0.99999
Error = :1.54e-02; Runtime: 467.2s; Iterations = 5120, grads =   4.139e-06, unitary_metric = 0.99999
Error = :1.54e-02; Runtime: 469.0s; Iterations = 5140, grads =   8.533e-07, unitary_metric = 0.99999
Error = :1.54e-02; Runtime: 470.7s; Iterations = 5160, grads =   5.202e-05, unitary_metric = 0.99999
Error = :1.54e-02; Runtime: 472.5s; Iterations = 5180, grads =   4.118e-07, unitary_metric = 0.99998
Error = :1.54e-02; Runtime: 474.3s; Iterations = 5200, grads =   2.825e-06, unitary_metric = 0.99999
Error = :1.54e-02; Runtime: 476.3s; Iterations = 5220, grads =   3.297e-07, unitary_metric = 0.99999
Error = :1.54e-02; Runtime: 478.1s; Iterations = 5240, grads =   1.799e-08, unitary_metric = 0.99999
Error = :1.54e-02; Runtime: 479.9s; Iterations = 5260, grads =   1.463e-08, unitary_metric = 0.99998
Error = :1.54e-02; Runtime: 481.7s; Iterations = 5280, grads =   1.900e-08, unitary_metric = 0.99998
Error = :1.54e-02; Runtime: 483.4s; Iterations = 5300, grads =   1.290e-07, unitary_metric = 0.99999
Error = :1.54e-02; Runtime: 485.4s; Iterations = 5320, grads =   1.178e-05, unitary_metric = 0.99999
Error = :1.54e-02; Runtime: 487.2s; Iterations = 5340, grads =   7.070e-06, unitary_metric = 0.99999
Error = :1.54e-02; Runtime: 489.0s; Iterations = 5360, grads =   2.171e-07, unitary_metric = 0.99999
Error = :1.54e-02; Runtime: 490.7s; Iterations = 5380, grads =   3.223e-07, unitary_metric = 0.99999
Error = :1.54e-02; Runtime: 492.5s; Iterations = 5400, grads =   2.404e-08, unitary_metric = 0.99999
Error = :1.54e-02; Runtime: 494.5s; Iterations = 5420, grads =   2.219e-08, unitary_metric = 0.99999
Error = :1.54e-02; Runtime: 496.3s; Iterations = 5440, grads =   3.097e-08, unitary_metric = 0.99998
Error = :1.54e-02; Runtime: 498.1s; Iterations = 5460, grads =   2.838e-07, unitary_metric = 0.99999
Error = :1.55e-02; Runtime: 499.8s; Iterations = 5480, grads =   5.124e-05, unitary_metric = 0.99999
Error = :1.55e-02; Runtime: 501.6s; Iterations = 5500, grads =   1.788e-06, unitary_metric = 0.99998
Error = :1.55e-02; Runtime: 503.6s; Iterations = 5520, grads =   5.105e-07, unitary_metric = 0.99998
Error = :1.55e-02; Runtime: 505.4s; Iterations = 5540, grads =   1.705e-05, unitary_metric = 0.99999
Error = :1.55e-02; Runtime: 507.1s; Iterations = 5560, grads =   1.342e-05, unitary_metric = 0.99998
Error = :1.55e-02; Runtime: 508.9s; Iterations = 5580, grads =   8.337e-07, unitary_metric = 0.99999
Error = :1.55e-02; Runtime: 510.7s; Iterations = 5600, grads =   1.256e-07, unitary_metric = 0.99999
Error = :1.55e-02; Runtime: 512.7s; Iterations = 5620, grads =   4.728e-08, unitary_metric = 0.99998
Error = :1.55e-02; Runtime: 514.5s; Iterations = 5640, grads =   4.181e-08, unitary_metric = 0.99999
Error = :1.55e-02; Runtime: 516.3s; Iterations = 5660, grads =   4.391e-08, unitary_metric = 0.99998
Error = :1.55e-02; Runtime: 518.0s; Iterations = 5680, grads =   6.763e-08, unitary_metric = 0.99998
Error = :1.55e-02; Runtime: 519.8s; Iterations = 5700, grads =   2.131e-07, unitary_metric = 0.99998
Error = :1.55e-02; Runtime: 521.8s; Iterations = 5720, grads =   1.592e-05, unitary_metric = 0.99999
Error = :1.55e-02; Runtime: 523.5s; Iterations = 5740, grads =   2.058e-05, unitary_metric = 0.99999
Error = :1.55e-02; Runtime: 525.3s; Iterations = 5760, grads =   2.848e-06, unitary_metric = 0.99999
Error = :1.55e-02; Runtime: 527.1s; Iterations = 5780, grads =   4.459e-07, unitary_metric = 0.99999
Error = :1.55e-02; Runtime: 528.9s; Iterations = 5800, grads =   6.641e-06, unitary_metric = 0.99999
Error = :1.55e-02; Runtime: 531.0s; Iterations = 5820, grads =   9.001e-07, unitary_metric = 0.99999
Error = :1.55e-02; Runtime: 532.8s; Iterations = 5840, grads =   8.530e-07, unitary_metric = 0.99999
Error = :1.55e-02; Runtime: 534.6s; Iterations = 5860, grads =   1.285e-07, unitary_metric = 0.99999
Error = :1.55e-02; Runtime: 536.3s; Iterations = 5880, grads =   9.734e-08, unitary_metric = 0.99999
Error = :1.55e-02; Runtime: 538.1s; Iterations = 5900, grads =   6.717e-07, unitary_metric = 0.99999
