Running Block:  28


trying total_time: 40.0 for unitary of size (16, 16)
data saved at: /project/ftchong/qoc/pranav/00029_01_beh2_slice_28.h5
Using 5 Taylor terms and 4 Scaling & Squaring terms
Building graph:
Propagators initialized.
Operators weight initialized.
Intermediate propagation variables initialized.
Intermediate propagators initialized.
Vectors initialized.
Training loss initialized.
Optimizer initialized.
Utilities initialized.
Graph built!
Initialized
Error = :9.93e-01; Runtime: 1.3s; Iterations = 0, grads =   3.428e-04, unitary_metric = 1.00033
Error = :9.19e-01; Runtime: 18.4s; Iterations = 20, grads =   9.945e-02, unitary_metric = 1.00035
Error = :5.37e-01; Runtime: 33.1s; Iterations = 40, grads =   3.093e-01, unitary_metric = 1.00026
Error = :5.06e-01; Runtime: 47.8s; Iterations = 60, grads =   3.268e-02, unitary_metric = 1.00027
Error = :4.99e-01; Runtime: 62.5s; Iterations = 80, grads =   4.766e-03, unitary_metric = 1.00025
Error = :4.84e-01; Runtime: 77.1s; Iterations = 100, grads =   8.197e-03, unitary_metric = 1.00023
Error = :7.61e-02; Runtime: 93.0s; Iterations = 120, grads =   1.893e+00, unitary_metric = 1.00017
Error = :1.47e-02; Runtime: 107.7s; Iterations = 140, grads =   2.845e-01, unitary_metric = 1.00018
Error = :2.57e-03; Runtime: 122.4s; Iterations = 160, grads =   8.253e-02, unitary_metric = 1.00018
Error = :7.77e-04; Runtime: 133.4s; Iterations = 175, grads =   4.283e-02, unitary_metric = 1.00019
data saved at: /project/ftchong/qoc/pranav/00029_01_beh2_slice_28.h5


trying total_time: 20.0 for unitary of size (16, 16)
data saved at: /project/ftchong/qoc/pranav/00030_01_beh2_slice_28.h5
Using 7 Taylor terms and 2 Scaling & Squaring terms
Building graph:
Propagators initialized.
Operators weight initialized.
Intermediate propagation variables initialized.
Intermediate propagators initialized.
Vectors initialized.
Training loss initialized.
Optimizer initialized.
Utilities initialized.
Graph built!
Initialized
Error = :9.93e-01; Runtime: 0.6s; Iterations = 0, grads =   4.404e-04, unitary_metric = 1.00002
Error = :8.60e-01; Runtime: 9.4s; Iterations = 20, grads =   7.078e-03, unitary_metric = 1.00000
Error = :6.07e-01; Runtime: 16.6s; Iterations = 40, grads =   2.031e-02, unitary_metric = 1.00000
Error = :4.04e-01; Runtime: 23.8s; Iterations = 60, grads =   2.822e-02, unitary_metric = 0.99999
Error = :2.15e-02; Runtime: 31.0s; Iterations = 80, grads =   5.979e-02, unitary_metric = 0.99999
Error = :2.76e-03; Runtime: 38.2s; Iterations = 100, grads =   1.599e-02, unitary_metric = 0.99999
Error = :9.59e-04; Runtime: 43.3s; Iterations = 113, grads =   5.057e-03, unitary_metric = 1.00000
data saved at: /project/ftchong/qoc/pranav/00030_01_beh2_slice_28.h5


trying total_time: 10.0 for unitary of size (16, 16)
data saved at: /project/ftchong/qoc/pranav/00031_01_beh2_slice_28.h5
Using 7 Taylor terms and 2 Scaling & Squaring terms
Building graph:
Propagators initialized.
Operators weight initialized.
Intermediate propagation variables initialized.
Intermediate propagators initialized.
Vectors initialized.
Training loss initialized.
Optimizer initialized.
Utilities initialized.
Graph built!
Initialized
Error = :9.94e-01; Runtime: 0.3s; Iterations = 0, grads =   2.824e-04, unitary_metric = 1.00000
Error = :9.20e-01; Runtime: 4.4s; Iterations = 20, grads =   3.953e-04, unitary_metric = 1.00000
Error = :7.83e-01; Runtime: 7.9s; Iterations = 40, grads =   1.287e-03, unitary_metric = 0.99999
Error = :6.94e-01; Runtime: 11.3s; Iterations = 60, grads =   9.654e-04, unitary_metric = 0.99999
Error = :5.29e-01; Runtime: 14.8s; Iterations = 80, grads =   2.569e-03, unitary_metric = 0.99999
Error = :5.02e-01; Runtime: 18.3s; Iterations = 100, grads =   3.980e-04, unitary_metric = 0.99999
Error = :5.01e-01; Runtime: 22.1s; Iterations = 120, grads =   2.015e-05, unitary_metric = 0.99999
Error = :5.00e-01; Runtime: 25.5s; Iterations = 140, grads =   1.133e-05, unitary_metric = 0.99999
Error = :5.00e-01; Runtime: 29.0s; Iterations = 160, grads =   6.146e-06, unitary_metric = 0.99999
Error = :5.00e-01; Runtime: 32.5s; Iterations = 180, grads =   1.608e-04, unitary_metric = 0.99999
Error = :5.00e-01; Runtime: 36.0s; Iterations = 200, grads =   1.522e-04, unitary_metric = 0.99998
Error = :5.00e-01; Runtime: 39.7s; Iterations = 220, grads =   4.112e-05, unitary_metric = 0.99999
Error = :5.00e-01; Runtime: 43.2s; Iterations = 240, grads =   1.520e-03, unitary_metric = 0.99999
Error = :5.00e-01; Runtime: 46.7s; Iterations = 260, grads =   3.429e-04, unitary_metric = 0.99999
Error = :5.00e-01; Runtime: 50.1s; Iterations = 280, grads =   1.522e-05, unitary_metric = 0.99999
Error = :5.01e-01; Runtime: 53.6s; Iterations = 300, grads =   4.285e-03, unitary_metric = 0.99999
Error = :5.00e-01; Runtime: 57.3s; Iterations = 320, grads =   4.998e-04, unitary_metric = 0.99999
Error = :5.00e-01; Runtime: 60.8s; Iterations = 340, grads =   6.644e-05, unitary_metric = 0.99999
Error = :5.00e-01; Runtime: 64.2s; Iterations = 360, grads =   1.312e-06, unitary_metric = 0.99999
Error = :5.01e-01; Runtime: 67.7s; Iterations = 380, grads =   4.277e-03, unitary_metric = 0.99999
Error = :5.00e-01; Runtime: 71.2s; Iterations = 400, grads =   1.165e-03, unitary_metric = 0.99998
Error = :5.00e-01; Runtime: 74.9s; Iterations = 420, grads =   1.123e-04, unitary_metric = 0.99998
Error = :5.00e-01; Runtime: 78.3s; Iterations = 440, grads =   2.936e-05, unitary_metric = 0.99999
Error = :5.00e-01; Runtime: 81.8s; Iterations = 460, grads =   4.309e-04, unitary_metric = 0.99998
Error = :5.00e-01; Runtime: 85.3s; Iterations = 480, grads =   2.573e-04, unitary_metric = 0.99998
Error = :5.00e-01; Runtime: 88.7s; Iterations = 500, grads =   1.879e-06, unitary_metric = 0.99998
Error = :5.00e-01; Runtime: 92.5s; Iterations = 520, grads =   3.811e-07, unitary_metric = 0.99998
Error = :5.00e-01; Runtime: 95.9s; Iterations = 540, grads =   1.188e-03, unitary_metric = 0.99999
Error = :5.00e-01; Runtime: 99.4s; Iterations = 560, grads =   1.258e-03, unitary_metric = 0.99999
Error = :5.00e-01; Runtime: 102.9s; Iterations = 580, grads =   6.968e-05, unitary_metric = 0.99999
Error = :5.00e-01; Runtime: 106.3s; Iterations = 600, grads =   1.577e-05, unitary_metric = 0.99999
Error = :5.00e-01; Runtime: 110.1s; Iterations = 620, grads =   1.399e-06, unitary_metric = 0.99998
Error = :5.00e-01; Runtime: 113.6s; Iterations = 640, grads =   1.434e-07, unitary_metric = 0.99999
Error = :5.00e-01; Runtime: 117.0s; Iterations = 660, grads =   5.162e-08, unitary_metric = 0.99999
Error = :5.00e-01; Runtime: 120.5s; Iterations = 680, grads =   5.876e-04, unitary_metric = 0.99999
Error = :5.00e-01; Runtime: 123.9s; Iterations = 700, grads =   1.939e-04, unitary_metric = 0.99999
Error = :5.00e-01; Runtime: 127.7s; Iterations = 720, grads =   5.531e-04, unitary_metric = 0.99999
Error = :5.00e-01; Runtime: 131.1s; Iterations = 740, grads =   3.500e-05, unitary_metric = 0.99999
Error = :5.00e-01; Runtime: 134.6s; Iterations = 760, grads =   2.749e-06, unitary_metric = 0.99999
Error = :5.00e-01; Runtime: 138.0s; Iterations = 780, grads =   5.762e-06, unitary_metric = 0.99998
Error = :5.00e-01; Runtime: 141.5s; Iterations = 800, grads =   2.023e-07, unitary_metric = 0.99998
Error = :5.00e-01; Runtime: 145.2s; Iterations = 820, grads =   1.216e-08, unitary_metric = 0.99998
Error = :5.00e-01; Runtime: 148.7s; Iterations = 840, grads =   4.743e-08, unitary_metric = 0.99998
Error = :5.00e-01; Runtime: 152.2s; Iterations = 860, grads =   4.855e-09, unitary_metric = 0.99998
Error = :5.00e-01; Runtime: 155.6s; Iterations = 880, grads =   5.490e-07, unitary_metric = 0.99998
Error = :5.00e-01; Runtime: 159.1s; Iterations = 900, grads =   3.001e-03, unitary_metric = 0.99999
Error = :5.00e-01; Runtime: 162.9s; Iterations = 920, grads =   4.940e-04, unitary_metric = 0.99999
Error = :5.00e-01; Runtime: 166.4s; Iterations = 940, grads =   1.637e-05, unitary_metric = 0.99999
Error = :5.00e-01; Runtime: 169.8s; Iterations = 960, grads =   4.037e-05, unitary_metric = 0.99999
Error = :5.00e-01; Runtime: 173.3s; Iterations = 980, grads =   7.711e-04, unitary_metric = 0.99999
Error = :5.00e-01; Runtime: 176.7s; Iterations = 1000, grads =   5.147e-05, unitary_metric = 0.99999
Error = :5.00e-01; Runtime: 180.6s; Iterations = 1020, grads =   7.141e-07, unitary_metric = 0.99999
Error = :5.00e-01; Runtime: 184.0s; Iterations = 1040, grads =   1.768e-06, unitary_metric = 0.99999
Error = :5.00e-01; Runtime: 187.5s; Iterations = 1060, grads =   4.777e-09, unitary_metric = 0.99999
Error = :5.00e-01; Runtime: 191.0s; Iterations = 1080, grads =   2.620e-09, unitary_metric = 0.99999
Error = :5.00e-01; Runtime: 194.4s; Iterations = 1100, grads =   9.904e-09, unitary_metric = 0.99999
Error = :5.00e-01; Runtime: 198.2s; Iterations = 1120, grads =   1.331e-06, unitary_metric = 0.99999
Error = :5.01e-01; Runtime: 201.6s; Iterations = 1140, grads =   5.666e-03, unitary_metric = 0.99999
Error = :5.00e-01; Runtime: 205.1s; Iterations = 1160, grads =   2.858e-05, unitary_metric = 0.99999
Error = :5.00e-01; Runtime: 208.5s; Iterations = 1180, grads =   3.582e-04, unitary_metric = 0.99999
Error = :5.00e-01; Runtime: 212.0s; Iterations = 1200, grads =   3.339e-05, unitary_metric = 0.99999
Error = :5.00e-01; Runtime: 215.7s; Iterations = 1220, grads =   1.676e-05, unitary_metric = 0.99999
Error = :5.00e-01; Runtime: 219.2s; Iterations = 1240, grads =   2.521e-06, unitary_metric = 0.99999
Error = :5.00e-01; Runtime: 222.6s; Iterations = 1260, grads =   2.719e-07, unitary_metric = 0.99999
Error = :5.00e-01; Runtime: 226.1s; Iterations = 1280, grads =   2.941e-08, unitary_metric = 0.99999
Error = :5.00e-01; Runtime: 229.6s; Iterations = 1300, grads =   1.148e-08, unitary_metric = 0.99999
Error = :5.00e-01; Runtime: 233.3s; Iterations = 1320, grads =   5.246e-10, unitary_metric = 0.99999
Error = :5.00e-01; Runtime: 236.8s; Iterations = 1340, grads =   5.338e-09, unitary_metric = 0.99999
Error = :5.00e-01; Runtime: 240.3s; Iterations = 1360, grads =   1.105e-05, unitary_metric = 0.99999
Error = :5.00e-01; Runtime: 243.7s; Iterations = 1380, grads =   4.254e-04, unitary_metric = 0.99999
Error = :5.00e-01; Runtime: 247.2s; Iterations = 1400, grads =   4.356e-04, unitary_metric = 0.99999
Error = :5.00e-01; Runtime: 251.1s; Iterations = 1420, grads =   5.143e-04, unitary_metric = 0.99999
Error = :5.00e-01; Runtime: 254.6s; Iterations = 1440, grads =   7.269e-05, unitary_metric = 0.99999
Error = :5.00e-01; Runtime: 258.0s; Iterations = 1460, grads =   1.422e-05, unitary_metric = 0.99999
Error = :5.00e-01; Runtime: 261.6s; Iterations = 1480, grads =   3.419e-06, unitary_metric = 0.99998
Error = :5.00e-01; Runtime: 265.0s; Iterations = 1500, grads =   7.798e-08, unitary_metric = 0.99999
Error = :5.00e-01; Runtime: 268.7s; Iterations = 1520, grads =   7.255e-08, unitary_metric = 0.99999
Error = :5.00e-01; Runtime: 272.2s; Iterations = 1540, grads =   8.105e-09, unitary_metric = 0.99999
Error = :5.00e-01; Runtime: 275.7s; Iterations = 1560, grads =   2.524e-09, unitary_metric = 0.99999
Error = :5.00e-01; Runtime: 279.1s; Iterations = 1580, grads =   9.007e-10, unitary_metric = 0.99999
Error = :5.00e-01; Runtime: 282.6s; Iterations = 1600, grads =   1.095e-09, unitary_metric = 0.99999
Error = :5.00e-01; Runtime: 286.3s; Iterations = 1620, grads =   2.008e-09, unitary_metric = 0.99999
Error = :5.00e-01; Runtime: 289.8s; Iterations = 1640, grads =   2.053e-09, unitary_metric = 0.99999
Error = :5.00e-01; Runtime: 293.2s; Iterations = 1660, grads =   5.542e-08, unitary_metric = 0.99999
Error = :5.00e-01; Runtime: 296.7s; Iterations = 1680, grads =   5.151e-05, unitary_metric = 0.99999
Error = :5.00e-01; Runtime: 300.1s; Iterations = 1700, grads =   9.626e-04, unitary_metric = 0.99999
Error = :5.00e-01; Runtime: 303.9s; Iterations = 1720, grads =   1.175e-05, unitary_metric = 0.99999
Error = :5.00e-01; Runtime: 307.4s; Iterations = 1740, grads =   5.708e-05, unitary_metric = 0.99999
Error = :5.00e-01; Runtime: 310.8s; Iterations = 1760, grads =   5.044e-06, unitary_metric = 0.99999
Error = :5.00e-01; Runtime: 314.3s; Iterations = 1780, grads =   8.679e-07, unitary_metric = 0.99999
Error = :5.00e-01; Runtime: 317.7s; Iterations = 1800, grads =   2.302e-08, unitary_metric = 0.99999
Error = :5.00e-01; Runtime: 321.5s; Iterations = 1820, grads =   7.999e-09, unitary_metric = 0.99999
Error = :5.00e-01; Runtime: 324.9s; Iterations = 1840, grads =   1.055e-08, unitary_metric = 0.99999
Error = :5.00e-01; Runtime: 328.4s; Iterations = 1860, grads =   9.699e-09, unitary_metric = 0.99999
Error = :5.00e-01; Runtime: 331.9s; Iterations = 1880, grads =   1.295e-08, unitary_metric = 0.99999
Error = :5.00e-01; Runtime: 335.3s; Iterations = 1900, grads =   1.815e-08, unitary_metric = 0.99999
Error = :5.00e-01; Runtime: 339.1s; Iterations = 1920, grads =   2.700e-08, unitary_metric = 0.99999
Error = :5.00e-01; Runtime: 342.5s; Iterations = 1940, grads =   6.432e-08, unitary_metric = 0.99999
Error = :5.00e-01; Runtime: 346.0s; Iterations = 1960, grads =   2.420e-05, unitary_metric = 0.99998
Error = :5.00e-01; Runtime: 349.5s; Iterations = 1980, grads =   5.301e-04, unitary_metric = 0.99998
Error = :5.00e-01; Runtime: 352.9s; Iterations = 2000, grads =   1.099e-05, unitary_metric = 0.99999
Error = :4.99e-01; Runtime: 356.6s; Iterations = 2020, grads =   1.447e-05, unitary_metric = 0.99999
Error = :4.98e-01; Runtime: 360.1s; Iterations = 2040, grads =   1.415e-05, unitary_metric = 0.99999
Error = :4.75e-01; Runtime: 363.6s; Iterations = 2060, grads =   3.405e-04, unitary_metric = 0.99999
Error = :2.23e-01; Runtime: 367.1s; Iterations = 2080, grads =   8.227e-02, unitary_metric = 0.99998
Error = :1.20e-01; Runtime: 370.6s; Iterations = 2100, grads =   1.241e-03, unitary_metric = 0.99998
Error = :8.14e-02; Runtime: 374.3s; Iterations = 2120, grads =   1.684e-03, unitary_metric = 0.99998
Error = :6.25e-02; Runtime: 377.8s; Iterations = 2140, grads =   1.851e-04, unitary_metric = 0.99997
Error = :5.25e-02; Runtime: 381.3s; Iterations = 2160, grads =   5.852e-05, unitary_metric = 0.99997
Error = :4.65e-02; Runtime: 384.8s; Iterations = 2180, grads =   2.161e-05, unitary_metric = 0.99997
Error = :4.24e-02; Runtime: 388.2s; Iterations = 2200, grads =   1.472e-05, unitary_metric = 0.99997
Error = :3.95e-02; Runtime: 391.9s; Iterations = 2220, grads =   1.089e-05, unitary_metric = 0.99997
Error = :3.73e-02; Runtime: 395.4s; Iterations = 2240, grads =   8.508e-06, unitary_metric = 0.99998
Error = :3.56e-02; Runtime: 398.9s; Iterations = 2260, grads =   6.972e-06, unitary_metric = 0.99998
Error = :3.42e-02; Runtime: 402.3s; Iterations = 2280, grads =   5.931e-06, unitary_metric = 0.99998
Error = :3.32e-02; Runtime: 405.8s; Iterations = 2300, grads =   5.183e-06, unitary_metric = 0.99997
Error = :3.23e-02; Runtime: 409.5s; Iterations = 2320, grads =   4.617e-06, unitary_metric = 0.99997
Error = :3.15e-02; Runtime: 413.0s; Iterations = 2340, grads =   4.170e-06, unitary_metric = 0.99997
Error = :3.09e-02; Runtime: 416.4s; Iterations = 2360, grads =   3.803e-06, unitary_metric = 0.99997
Error = :3.03e-02; Runtime: 419.9s; Iterations = 2380, grads =   3.494e-06, unitary_metric = 0.99997
Error = :2.98e-02; Runtime: 423.4s; Iterations = 2400, grads =   3.347e-06, unitary_metric = 0.99997
Error = :2.94e-02; Runtime: 427.1s; Iterations = 2420, grads =   3.061e-06, unitary_metric = 0.99997
Error = :2.89e-02; Runtime: 430.6s; Iterations = 2440, grads =   2.846e-06, unitary_metric = 0.99997
Error = :2.85e-02; Runtime: 434.1s; Iterations = 2460, grads =   2.742e-06, unitary_metric = 0.99997
Error = :2.81e-02; Runtime: 437.5s; Iterations = 2480, grads =   2.770e-06, unitary_metric = 0.99997
Error = :2.77e-02; Runtime: 441.0s; Iterations = 2500, grads =   2.820e-06, unitary_metric = 0.99997
Error = :2.73e-02; Runtime: 444.8s; Iterations = 2520, grads =   2.843e-06, unitary_metric = 0.99997
Error = :2.69e-02; Runtime: 448.2s; Iterations = 2540, grads =   2.817e-06, unitary_metric = 0.99997
Error = :2.65e-02; Runtime: 451.7s; Iterations = 2560, grads =   2.737e-06, unitary_metric = 0.99997
Error = :2.62e-02; Runtime: 455.2s; Iterations = 2580, grads =   2.611e-06, unitary_metric = 0.99997
Error = :2.59e-02; Runtime: 458.6s; Iterations = 2600, grads =   2.458e-06, unitary_metric = 0.99997
Error = :2.56e-02; Runtime: 462.4s; Iterations = 2620, grads =   2.295e-06, unitary_metric = 0.99997
Error = :2.53e-02; Runtime: 465.9s; Iterations = 2640, grads =   2.138e-06, unitary_metric = 0.99997
Error = :2.51e-02; Runtime: 469.3s; Iterations = 2660, grads =   1.994e-06, unitary_metric = 0.99997
Error = :2.48e-02; Runtime: 472.8s; Iterations = 2680, grads =   1.868e-06, unitary_metric = 0.99997
Error = :2.46e-02; Runtime: 476.2s; Iterations = 2700, grads =   2.222e-06, unitary_metric = 0.99997
Error = :2.44e-02; Runtime: 480.0s; Iterations = 2720, grads =   1.682e-06, unitary_metric = 0.99997
Error = :2.43e-02; Runtime: 483.5s; Iterations = 2740, grads =   1.561e-06, unitary_metric = 0.99997
Error = :2.41e-02; Runtime: 487.0s; Iterations = 2760, grads =   1.483e-06, unitary_metric = 0.99997
Error = :2.39e-02; Runtime: 490.4s; Iterations = 2780, grads =   1.414e-06, unitary_metric = 0.99997
Error = :2.38e-02; Runtime: 493.9s; Iterations = 2800, grads =   1.353e-06, unitary_metric = 0.99997
Error = :2.36e-02; Runtime: 497.6s; Iterations = 2820, grads =   1.298e-06, unitary_metric = 0.99997
Error = :2.35e-02; Runtime: 501.1s; Iterations = 2840, grads =   1.248e-06, unitary_metric = 0.99997
Error = :2.34e-02; Runtime: 504.6s; Iterations = 2860, grads =   1.203e-06, unitary_metric = 0.99997
Error = :2.32e-02; Runtime: 508.4s; Iterations = 2880, grads =   1.160e-06, unitary_metric = 0.99997
Error = :2.31e-02; Runtime: 511.9s; Iterations = 2900, grads =   1.119e-06, unitary_metric = 0.99997
Error = :2.30e-02; Runtime: 515.6s; Iterations = 2920, grads =   1.080e-06, unitary_metric = 0.99997
Error = :2.29e-02; Runtime: 519.1s; Iterations = 2940, grads =   1.097e-06, unitary_metric = 0.99997
Error = :2.28e-02; Runtime: 522.6s; Iterations = 2960, grads =   1.144e-06, unitary_metric = 0.99997
Error = :2.27e-02; Runtime: 526.0s; Iterations = 2980, grads =   9.775e-07, unitary_metric = 0.99997
Error = :2.26e-02; Runtime: 529.5s; Iterations = 3000, grads =   9.313e-07, unitary_metric = 0.99997
Error = :2.26e-02; Runtime: 533.3s; Iterations = 3020, grads =   8.958e-07, unitary_metric = 0.99997
Error = :2.25e-02; Runtime: 536.8s; Iterations = 3040, grads =   8.612e-07, unitary_metric = 0.99997
Error = :2.24e-02; Runtime: 540.2s; Iterations = 3060, grads =   8.277e-07, unitary_metric = 0.99997
Error = :2.23e-02; Runtime: 543.7s; Iterations = 3080, grads =   7.955e-07, unitary_metric = 0.99997
Error = :2.23e-02; Runtime: 547.2s; Iterations = 3100, grads =   7.645e-07, unitary_metric = 0.99997
Error = :2.22e-02; Runtime: 550.9s; Iterations = 3120, grads =   7.349e-07, unitary_metric = 0.99997
Error = :2.21e-02; Runtime: 554.3s; Iterations = 3140, grads =   7.068e-07, unitary_metric = 0.99997
Error = :2.21e-02; Runtime: 557.8s; Iterations = 3160, grads =   6.961e-07, unitary_metric = 0.99997
Error = :2.20e-02; Runtime: 561.3s; Iterations = 3180, grads =   7.362e-07, unitary_metric = 0.99997
Error = :2.20e-02; Runtime: 564.7s; Iterations = 3200, grads =   6.543e-07, unitary_metric = 0.99997
Error = :2.19e-02; Runtime: 568.5s; Iterations = 3220, grads =   6.088e-07, unitary_metric = 0.99997
Error = :2.19e-02; Runtime: 571.9s; Iterations = 3240, grads =   5.881e-07, unitary_metric = 0.99997
Error = :2.18e-02; Runtime: 575.4s; Iterations = 3260, grads =   5.687e-07, unitary_metric = 0.99997
Error = :2.18e-02; Runtime: 578.9s; Iterations = 3280, grads =   5.507e-07, unitary_metric = 0.99997
Error = :2.17e-02; Runtime: 582.3s; Iterations = 3300, grads =   5.342e-07, unitary_metric = 0.99997
Error = :2.17e-02; Runtime: 586.1s; Iterations = 3320, grads =   5.186e-07, unitary_metric = 0.99997
Error = :2.16e-02; Runtime: 589.6s; Iterations = 3340, grads =   5.043e-07, unitary_metric = 0.99997
Error = :2.16e-02; Runtime: 593.0s; Iterations = 3360, grads =   4.912e-07, unitary_metric = 0.99997
Error = :2.15e-02; Runtime: 596.5s; Iterations = 3380, grads =   4.800e-07, unitary_metric = 0.99997
Error = :2.15e-02; Runtime: 600.0s; Iterations = 3400, grads =   8.642e-07, unitary_metric = 0.99997
Error = :2.14e-02; Runtime: 603.7s; Iterations = 3420, grads =   5.211e-07, unitary_metric = 0.99997
Error = :2.14e-02; Runtime: 607.1s; Iterations = 3440, grads =   4.487e-07, unitary_metric = 0.99997
Error = :2.14e-02; Runtime: 610.6s; Iterations = 3460, grads =   4.404e-07, unitary_metric = 0.99997
Error = :2.13e-02; Runtime: 614.1s; Iterations = 3480, grads =   5.756e-07, unitary_metric = 0.99997
Error = :2.13e-02; Runtime: 617.6s; Iterations = 3500, grads =   5.915e-07, unitary_metric = 0.99997
Error = :2.12e-02; Runtime: 621.3s; Iterations = 3520, grads =   4.331e-07, unitary_metric = 0.99997
Error = :2.12e-02; Runtime: 624.8s; Iterations = 3540, grads =   4.147e-07, unitary_metric = 0.99997
Error = :2.12e-02; Runtime: 628.2s; Iterations = 3560, grads =   4.120e-07, unitary_metric = 0.99997
Error = :2.11e-02; Runtime: 631.7s; Iterations = 3580, grads =   4.117e-07, unitary_metric = 0.99997
Error = :2.11e-02; Runtime: 635.1s; Iterations = 3600, grads =   4.139e-07, unitary_metric = 0.99997
Error = :2.10e-02; Runtime: 638.8s; Iterations = 3620, grads =   4.197e-07, unitary_metric = 0.99997
Error = :2.10e-02; Runtime: 642.3s; Iterations = 3640, grads =   6.239e-07, unitary_metric = 0.99997
Error = :2.09e-02; Runtime: 645.8s; Iterations = 3660, grads =   4.326e-07, unitary_metric = 0.99997
Error = :2.09e-02; Runtime: 649.2s; Iterations = 3680, grads =   4.451e-07, unitary_metric = 0.99997
Error = :2.08e-02; Runtime: 652.7s; Iterations = 3700, grads =   8.377e-07, unitary_metric = 0.99997
Error = :2.07e-02; Runtime: 656.5s; Iterations = 3720, grads =   4.608e-07, unitary_metric = 0.99997
Error = :2.07e-02; Runtime: 659.9s; Iterations = 3740, grads =   4.517e-07, unitary_metric = 0.99997
Error = :2.06e-02; Runtime: 663.4s; Iterations = 3760, grads =   4.384e-07, unitary_metric = 0.99997
Error = :2.05e-02; Runtime: 666.8s; Iterations = 3780, grads =   4.289e-07, unitary_metric = 0.99997
Error = :2.05e-02; Runtime: 670.3s; Iterations = 3800, grads =   4.161e-07, unitary_metric = 0.99997
Error = :2.04e-02; Runtime: 674.1s; Iterations = 3820, grads =   4.014e-07, unitary_metric = 0.99997
Error = :2.03e-02; Runtime: 677.5s; Iterations = 3840, grads =   3.851e-07, unitary_metric = 0.99997
Error = :2.03e-02; Runtime: 681.0s; Iterations = 3860, grads =   3.693e-07, unitary_metric = 0.99997
Error = :2.02e-02; Runtime: 684.4s; Iterations = 3880, grads =   4.865e-07, unitary_metric = 0.99997
Error = :2.02e-02; Runtime: 687.9s; Iterations = 3900, grads =   4.592e-07, unitary_metric = 0.99997
Error = :2.01e-02; Runtime: 691.7s; Iterations = 3920, grads =   3.237e-07, unitary_metric = 0.99997
Error = :2.01e-02; Runtime: 695.1s; Iterations = 3940, grads =   3.063e-07, unitary_metric = 0.99997
Error = :2.00e-02; Runtime: 698.6s; Iterations = 3960, grads =   2.928e-07, unitary_metric = 0.99997
Error = :2.00e-02; Runtime: 702.0s; Iterations = 3980, grads =   2.803e-07, unitary_metric = 0.99997
Error = :2.00e-02; Runtime: 705.5s; Iterations = 4000, grads =   2.693e-07, unitary_metric = 0.99997
Error = :1.99e-02; Runtime: 709.2s; Iterations = 4020, grads =   2.592e-07, unitary_metric = 0.99997
Error = :1.99e-02; Runtime: 712.7s; Iterations = 4040, grads =   2.502e-07, unitary_metric = 0.99997
Error = :1.99e-02; Runtime: 716.1s; Iterations = 4060, grads =   2.422e-07, unitary_metric = 0.99997
Error = :1.98e-02; Runtime: 719.6s; Iterations = 4080, grads =   2.395e-07, unitary_metric = 0.99997
Error = :1.98e-02; Runtime: 723.0s; Iterations = 4100, grads =   6.760e-07, unitary_metric = 0.99997
Error = :1.98e-02; Runtime: 726.7s; Iterations = 4120, grads =   2.316e-07, unitary_metric = 0.99997
Error = :1.98e-02; Runtime: 730.2s; Iterations = 4140, grads =   2.256e-07, unitary_metric = 0.99997
Error = :1.97e-02; Runtime: 733.6s; Iterations = 4160, grads =   2.120e-07, unitary_metric = 0.99997
Error = :1.97e-02; Runtime: 737.1s; Iterations = 4180, grads =   2.067e-07, unitary_metric = 0.99997
Error = :1.97e-02; Runtime: 740.5s; Iterations = 4200, grads =   2.021e-07, unitary_metric = 0.99997
Error = :1.97e-02; Runtime: 744.2s; Iterations = 4220, grads =   1.979e-07, unitary_metric = 0.99997
Error = :1.97e-02; Runtime: 747.7s; Iterations = 4240, grads =   1.932e-07, unitary_metric = 0.99997
Error = :1.96e-02; Runtime: 751.2s; Iterations = 4260, grads =   1.888e-07, unitary_metric = 0.99997
Error = :1.96e-02; Runtime: 754.6s; Iterations = 4280, grads =   1.851e-07, unitary_metric = 0.99997
Error = :1.96e-02; Runtime: 758.1s; Iterations = 4300, grads =   2.982e-07, unitary_metric = 0.99997
Error = :1.96e-02; Runtime: 761.8s; Iterations = 4320, grads =   4.113e-07, unitary_metric = 0.99997
Error = :1.95e-02; Runtime: 765.2s; Iterations = 4340, grads =   1.982e-07, unitary_metric = 0.99997
Error = :1.95e-02; Runtime: 768.7s; Iterations = 4360, grads =   1.700e-07, unitary_metric = 0.99997
Error = :1.95e-02; Runtime: 772.2s; Iterations = 4380, grads =   1.616e-07, unitary_metric = 0.99997
Error = :1.95e-02; Runtime: 775.6s; Iterations = 4400, grads =   1.574e-07, unitary_metric = 0.99997
Error = :1.95e-02; Runtime: 779.3s; Iterations = 4420, grads =   1.734e-07, unitary_metric = 0.99997
Error = :1.94e-02; Runtime: 782.8s; Iterations = 4440, grads =   1.046e-06, unitary_metric = 0.99997
Error = :1.94e-02; Runtime: 786.2s; Iterations = 4460, grads =   1.522e-04, unitary_metric = 0.99997
Error = :1.94e-02; Runtime: 789.7s; Iterations = 4480, grads =   6.655e-06, unitary_metric = 0.99997
Error = :1.94e-02; Runtime: 793.1s; Iterations = 4500, grads =   2.002e-06, unitary_metric = 0.99997
Error = :1.93e-02; Runtime: 796.9s; Iterations = 4520, grads =   6.945e-07, unitary_metric = 0.99997
Error = :1.93e-02; Runtime: 800.3s; Iterations = 4540, grads =   1.813e-07, unitary_metric = 0.99997
Error = :1.93e-02; Runtime: 803.8s; Iterations = 4560, grads =   2.111e-07, unitary_metric = 0.99997
Error = :1.93e-02; Runtime: 807.2s; Iterations = 4580, grads =   1.509e-07, unitary_metric = 0.99997
Error = :1.93e-02; Runtime: 810.7s; Iterations = 4600, grads =   1.812e-07, unitary_metric = 0.99997
Error = :1.93e-02; Runtime: 814.4s; Iterations = 4620, grads =   1.209e-07, unitary_metric = 0.99997
Error = :1.92e-02; Runtime: 817.9s; Iterations = 4640, grads =   1.329e-07, unitary_metric = 0.99997
Error = :1.92e-02; Runtime: 821.4s; Iterations = 4660, grads =   5.425e-07, unitary_metric = 0.99997
Error = :1.92e-02; Runtime: 824.9s; Iterations = 4680, grads =   5.834e-05, unitary_metric = 0.99997
Error = :1.92e-02; Runtime: 828.4s; Iterations = 4700, grads =   4.522e-05, unitary_metric = 0.99997
Error = :1.92e-02; Runtime: 832.1s; Iterations = 4720, grads =   4.452e-06, unitary_metric = 0.99997
Error = :1.92e-02; Runtime: 835.6s; Iterations = 4740, grads =   1.554e-07, unitary_metric = 0.99997
Error = :1.91e-02; Runtime: 839.0s; Iterations = 4760, grads =   1.843e-07, unitary_metric = 0.99997
Error = :1.91e-02; Runtime: 842.4s; Iterations = 4780, grads =   1.074e-07, unitary_metric = 0.99997
Error = :1.91e-02; Runtime: 845.9s; Iterations = 4800, grads =   1.058e-07, unitary_metric = 0.99997
Error = :1.91e-02; Runtime: 849.6s; Iterations = 4820, grads =   1.065e-07, unitary_metric = 0.99997
Error = :1.91e-02; Runtime: 853.1s; Iterations = 4840, grads =   1.255e-07, unitary_metric = 0.99997
Error = :1.90e-02; Runtime: 856.5s; Iterations = 4860, grads =   3.368e-07, unitary_metric = 0.99997
Error = :1.90e-02; Runtime: 860.0s; Iterations = 4880, grads =   2.658e-06, unitary_metric = 0.99997
Error = :1.90e-02; Runtime: 863.4s; Iterations = 4900, grads =   1.431e-04, unitary_metric = 0.99997
Error = :1.90e-02; Runtime: 867.3s; Iterations = 4920, grads =   6.904e-06, unitary_metric = 0.99997
Error = :1.90e-02; Runtime: 870.8s; Iterations = 4940, grads =   1.133e-07, unitary_metric = 0.99997
Error = :1.89e-02; Runtime: 874.2s; Iterations = 4960, grads =   3.431e-07, unitary_metric = 0.99997
Error = :1.89e-02; Runtime: 877.7s; Iterations = 4980, grads =   1.149e-07, unitary_metric = 0.99997
Error = :1.89e-02; Runtime: 881.1s; Iterations = 5000, grads =   1.174e-07, unitary_metric = 0.99997
Error = :1.89e-02; Runtime: 884.9s; Iterations = 5020, grads =   1.103e-07, unitary_metric = 0.99997
Error = :1.88e-02; Runtime: 888.4s; Iterations = 5040, grads =   1.079e-07, unitary_metric = 0.99997
Error = :1.88e-02; Runtime: 891.8s; Iterations = 5060, grads =   1.702e-07, unitary_metric = 0.99997
Error = :1.88e-02; Runtime: 895.2s; Iterations = 5080, grads =   4.616e-07, unitary_metric = 0.99997
Error = :1.88e-02; Runtime: 898.7s; Iterations = 5100, grads =   3.807e-05, unitary_metric = 0.99997
Error = :1.88e-02; Runtime: 902.6s; Iterations = 5120, grads =   3.347e-05, unitary_metric = 0.99997
Error = :1.88e-02; Runtime: 906.0s; Iterations = 5140, grads =   1.932e-06, unitary_metric = 0.99997
Error = :1.87e-02; Runtime: 909.5s; Iterations = 5160, grads =   1.234e-07, unitary_metric = 0.99997
Error = :1.87e-02; Runtime: 912.9s; Iterations = 5180, grads =   1.929e-07, unitary_metric = 0.99997
Error = :1.87e-02; Runtime: 916.4s; Iterations = 5200, grads =   9.361e-08, unitary_metric = 0.99997
Error = :1.87e-02; Runtime: 920.1s; Iterations = 5220, grads =   9.201e-08, unitary_metric = 0.99997
Error = :1.87e-02; Runtime: 923.5s; Iterations = 5240, grads =   1.201e-07, unitary_metric = 0.99997
Error = :1.87e-02; Runtime: 927.0s; Iterations = 5260, grads =   4.118e-06, unitary_metric = 0.99997
Error = :1.87e-02; Runtime: 930.4s; Iterations = 5280, grads =   3.180e-04, unitary_metric = 0.99997
Error = :1.87e-02; Runtime: 933.9s; Iterations = 5300, grads =   4.300e-05, unitary_metric = 0.99997
Error = :1.86e-02; Runtime: 937.6s; Iterations = 5320, grads =   1.300e-05, unitary_metric = 0.99997
Error = :1.86e-02; Runtime: 941.1s; Iterations = 5340, grads =   5.042e-06, unitary_metric = 0.99997
Error = :1.86e-02; Runtime: 944.6s; Iterations = 5360, grads =   2.913e-07, unitary_metric = 0.99997
Error = :1.86e-02; Runtime: 948.0s; Iterations = 5380, grads =   8.660e-08, unitary_metric = 0.99997
Error = :1.86e-02; Runtime: 951.5s; Iterations = 5400, grads =   7.365e-08, unitary_metric = 0.99997
Error = :1.86e-02; Runtime: 955.3s; Iterations = 5420, grads =   7.286e-08, unitary_metric = 0.99997
Error = :1.86e-02; Runtime: 958.7s; Iterations = 5440, grads =   7.112e-08, unitary_metric = 0.99997
Error = :1.86e-02; Runtime: 962.2s; Iterations = 5460, grads =   8.068e-08, unitary_metric = 0.99997
Error = :1.86e-02; Runtime: 965.7s; Iterations = 5480, grads =   1.423e-06, unitary_metric = 0.99997
Error = :1.86e-02; Runtime: 969.2s; Iterations = 5500, grads =   1.273e-04, unitary_metric = 0.99997
Error = :1.85e-02; Runtime: 973.1s; Iterations = 5520, grads =   1.237e-05, unitary_metric = 0.99997
Error = :1.85e-02; Runtime: 976.7s; Iterations = 5540, grads =   2.052e-05, unitary_metric = 0.99997
Error = :1.85e-02; Runtime: 980.3s; Iterations = 5560, grads =   4.041e-07, unitary_metric = 0.99997
Error = :1.85e-02; Runtime: 983.8s; Iterations = 5580, grads =   2.808e-06, unitary_metric = 0.99997
Error = :1.85e-02; Runtime: 987.4s; Iterations = 5600, grads =   1.240e-06, unitary_metric = 0.99997
Error = :1.85e-02; Runtime: 991.2s; Iterations = 5620, grads =   2.895e-07, unitary_metric = 0.99997
Error = :1.85e-02; Runtime: 994.7s; Iterations = 5640, grads =   5.975e-08, unitary_metric = 0.99997
Error = :1.85e-02; Runtime: 998.2s; Iterations = 5660, grads =   6.269e-08, unitary_metric = 0.99997
Error = :1.85e-02; Runtime: 1001.7s; Iterations = 5680, grads =   6.030e-08, unitary_metric = 0.99997
Error = :1.85e-02; Runtime: 1005.1s; Iterations = 5700, grads =   9.385e-08, unitary_metric = 0.99997
Error = :1.84e-02; Runtime: 1008.9s; Iterations = 5720, grads =   6.365e-07, unitary_metric = 0.99997
Error = :1.84e-02; Runtime: 1012.4s; Iterations = 5740, grads =   6.131e-05, unitary_metric = 0.99997
Error = :1.84e-02; Runtime: 1015.8s; Iterations = 5760, grads =   6.581e-06, unitary_metric = 0.99997
Error = :1.84e-02; Runtime: 1019.3s; Iterations = 5780, grads =   3.065e-06, unitary_metric = 0.99997
Error = :1.84e-02; Runtime: 1022.8s; Iterations = 5800, grads =   1.485e-04, unitary_metric = 0.99997
Error = :1.84e-02; Runtime: 1026.5s; Iterations = 5820, grads =   1.890e-05, unitary_metric = 0.99997
Error = :1.84e-02; Runtime: 1030.0s; Iterations = 5840, grads =   4.623e-06, unitary_metric = 0.99997
Error = :1.84e-02; Runtime: 1033.4s; Iterations = 5860, grads =   2.471e-07, unitary_metric = 0.99997
Error = :1.82e-02; Runtime: 1036.9s; Iterations = 5880, grads =   3.792e-07, unitary_metric = 0.99997
Error = :1.81e-02; Runtime: 1040.4s; Iterations = 5900, grads =   6.037e-07, unitary_metric = 0.99997
Error = :1.79e-02; Runtime: 1044.2s; Iterations = 5920, grads =   1.121e-06, unitary_metric = 0.99997
Error = :1.77e-02; Runtime: 1047.7s; Iterations = 5940, grads =   3.619e-05, unitary_metric = 0.99997
Error = :1.75e-02; Runtime: 1051.1s; Iterations = 5960, grads =   1.833e-05, unitary_metric = 0.99997
Error = :1.73e-02; Runtime: 1054.6s; Iterations = 5980, grads =   3.944e-06, unitary_metric = 0.99997
Error = :1.71e-02; Runtime: 1058.0s; Iterations = 6000, grads =   2.522e-06, unitary_metric = 0.99997
data saved at: /project/ftchong/qoc/pranav/00031_01_beh2_slice_28.h5


trying total_time: 15.0 for unitary of size (16, 16)
data saved at: /project/ftchong/qoc/pranav/00032_01_beh2_slice_28.h5
Using 7 Taylor terms and 2 Scaling & Squaring terms
Building graph:
Propagators initialized.
Operators weight initialized.
Intermediate propagation variables initialized.
Intermediate propagators initialized.
Vectors initialized.
Training loss initialized.
Optimizer initialized.
Utilities initialized.
Graph built!
Initialized
Error = :9.93e-01; Runtime: 0.5s; Iterations = 0, grads =   9.518e-05, unitary_metric = 1.00001
Error = :8.95e-01; Runtime: 6.7s; Iterations = 20, grads =   3.417e-03, unitary_metric = 1.00000
Error = :6.21e-01; Runtime: 12.0s; Iterations = 40, grads =   8.739e-03, unitary_metric = 0.99999
Error = :3.90e-01; Runtime: 17.3s; Iterations = 60, grads =   2.390e-02, unitary_metric = 0.99999
Error = :1.74e-02; Runtime: 22.6s; Iterations = 80, grads =   2.143e-02, unitary_metric = 0.99999
Error = :2.97e-03; Runtime: 27.9s; Iterations = 100, grads =   6.383e-03, unitary_metric = 0.99999
Error = :9.94e-04; Runtime: 32.5s; Iterations = 115, grads =   2.412e-03, unitary_metric = 0.99999
data saved at: /project/ftchong/qoc/pranav/00032_01_beh2_slice_28.h5


trying total_time: 12.5 for unitary of size (16, 16)
data saved at: /project/ftchong/qoc/pranav/00033_01_beh2_slice_28.h5
Using 7 Taylor terms and 2 Scaling & Squaring terms
Building graph:
Propagators initialized.
Operators weight initialized.
Intermediate propagation variables initialized.
Intermediate propagators initialized.
Vectors initialized.
Training loss initialized.
Optimizer initialized.
Utilities initialized.
Graph built!
Initialized
Error = :9.93e-01; Runtime: 0.4s; Iterations = 0, grads =   9.032e-05, unitary_metric = 1.00000
Error = :9.09e-01; Runtime: 5.6s; Iterations = 20, grads =   2.566e-03, unitary_metric = 1.00000
Error = :7.66e-01; Runtime: 10.0s; Iterations = 40, grads =   2.546e-03, unitary_metric = 0.99999
Error = :6.54e-01; Runtime: 14.4s; Iterations = 60, grads =   3.001e-03, unitary_metric = 0.99999
Error = :5.08e-01; Runtime: 18.8s; Iterations = 80, grads =   4.068e-03, unitary_metric = 0.99999
Error = :5.01e-01; Runtime: 23.2s; Iterations = 100, grads =   6.563e-04, unitary_metric = 0.99999
Error = :5.00e-01; Runtime: 28.0s; Iterations = 120, grads =   1.835e-04, unitary_metric = 0.99999
Error = :5.00e-01; Runtime: 32.4s; Iterations = 140, grads =   1.691e-04, unitary_metric = 0.99999
Error = :5.00e-01; Runtime: 36.8s; Iterations = 160, grads =   7.898e-04, unitary_metric = 0.99999
Error = :5.00e-01; Runtime: 41.2s; Iterations = 180, grads =   4.681e-03, unitary_metric = 0.99999
Error = :5.00e-01; Runtime: 45.7s; Iterations = 200, grads =   1.076e-03, unitary_metric = 0.99999
Error = :5.00e-01; Runtime: 50.4s; Iterations = 220, grads =   2.791e-03, unitary_metric = 0.99999
Error = :5.00e-01; Runtime: 54.8s; Iterations = 240, grads =   2.555e-03, unitary_metric = 0.99999
Error = :5.00e-01; Runtime: 59.2s; Iterations = 260, grads =   2.383e-04, unitary_metric = 0.99999
Error = :5.00e-01; Runtime: 63.6s; Iterations = 280, grads =   5.405e-05, unitary_metric = 0.99999
Error = :5.00e-01; Runtime: 68.0s; Iterations = 300, grads =   1.628e-05, unitary_metric = 0.99999
Error = :4.99e-01; Runtime: 72.7s; Iterations = 320, grads =   4.171e-04, unitary_metric = 0.99999
Error = :5.00e-01; Runtime: 77.2s; Iterations = 340, grads =   1.263e-02, unitary_metric = 0.99998
Error = :4.96e-01; Runtime: 81.6s; Iterations = 360, grads =   1.272e-03, unitary_metric = 0.99999
Error = :4.70e-01; Runtime: 86.0s; Iterations = 380, grads =   2.860e-04, unitary_metric = 0.99999
Error = :2.21e-01; Runtime: 90.4s; Iterations = 400, grads =   7.594e-02, unitary_metric = 0.99998
Error = :1.48e-02; Runtime: 95.1s; Iterations = 420, grads =   1.344e-02, unitary_metric = 0.99998
Error = :2.64e-03; Runtime: 99.5s; Iterations = 440, grads =   1.239e-03, unitary_metric = 0.99998
Error = :9.80e-04; Runtime: 103.5s; Iterations = 458, grads =   3.006e-04, unitary_metric = 0.99998
data saved at: /project/ftchong/qoc/pranav/00033_01_beh2_slice_28.h5


trying total_time: 11.25 for unitary of size (16, 16)
data saved at: /project/ftchong/qoc/pranav/00034_01_beh2_slice_28.h5
Using 7 Taylor terms and 2 Scaling & Squaring terms
Building graph:
Propagators initialized.
Operators weight initialized.
Intermediate propagation variables initialized.
Intermediate propagators initialized.
Vectors initialized.
Training loss initialized.
Optimizer initialized.
Utilities initialized.
Graph built!
Initialized
Error = :9.93e-01; Runtime: 0.4s; Iterations = 0, grads =   2.672e-04, unitary_metric = 1.00000
Error = :8.79e-01; Runtime: 4.9s; Iterations = 20, grads =   2.814e-03, unitary_metric = 0.99999
Error = :6.91e-01; Runtime: 8.9s; Iterations = 40, grads =   4.090e-03, unitary_metric = 0.99999
Error = :5.11e-01; Runtime: 12.8s; Iterations = 60, grads =   1.753e-03, unitary_metric = 0.99999
Error = :5.02e-01; Runtime: 16.8s; Iterations = 80, grads =   7.113e-04, unitary_metric = 0.99999
Error = :5.00e-01; Runtime: 20.7s; Iterations = 100, grads =   1.277e-04, unitary_metric = 0.99999
Error = :5.00e-01; Runtime: 24.9s; Iterations = 120, grads =   7.234e-04, unitary_metric = 0.99999
Error = :5.00e-01; Runtime: 28.9s; Iterations = 140, grads =   3.513e-04, unitary_metric = 0.99999
Error = :5.01e-01; Runtime: 32.8s; Iterations = 160, grads =   5.056e-03, unitary_metric = 0.99999
Error = :5.00e-01; Runtime: 36.7s; Iterations = 180, grads =   4.903e-04, unitary_metric = 0.99999
Error = :5.00e-01; Runtime: 40.7s; Iterations = 200, grads =   2.944e-03, unitary_metric = 0.99999
Error = :5.00e-01; Runtime: 44.9s; Iterations = 220, grads =   6.260e-04, unitary_metric = 0.99999
Error = :5.00e-01; Runtime: 48.8s; Iterations = 240, grads =   7.924e-05, unitary_metric = 0.99999
Error = :5.00e-01; Runtime: 52.7s; Iterations = 260, grads =   1.101e-05, unitary_metric = 0.99999
Error = :5.01e-01; Runtime: 56.7s; Iterations = 280, grads =   5.750e-03, unitary_metric = 0.99999
Error = :5.00e-01; Runtime: 60.8s; Iterations = 300, grads =   2.205e-03, unitary_metric = 0.99999
Error = :5.00e-01; Runtime: 65.3s; Iterations = 320, grads =   3.757e-04, unitary_metric = 0.99999
Error = :5.00e-01; Runtime: 69.4s; Iterations = 340, grads =   6.377e-06, unitary_metric = 0.99999
Error = :5.00e-01; Runtime: 73.5s; Iterations = 360, grads =   2.030e-05, unitary_metric = 0.99999
Error = :5.00e-01; Runtime: 77.5s; Iterations = 380, grads =   2.008e-03, unitary_metric = 0.99999
Error = :5.00e-01; Runtime: 81.6s; Iterations = 400, grads =   1.414e-03, unitary_metric = 0.99999
Error = :5.00e-01; Runtime: 86.1s; Iterations = 420, grads =   1.852e-03, unitary_metric = 0.99999
Error = :5.00e-01; Runtime: 90.1s; Iterations = 440, grads =   2.134e-04, unitary_metric = 0.99999
Error = :5.00e-01; Runtime: 94.2s; Iterations = 460, grads =   3.571e-05, unitary_metric = 0.99999
Error = :5.00e-01; Runtime: 98.3s; Iterations = 480, grads =   2.752e-04, unitary_metric = 0.99999
Error = :5.00e-01; Runtime: 102.4s; Iterations = 500, grads =   1.761e-03, unitary_metric = 0.99999
Error = :5.00e-01; Runtime: 106.7s; Iterations = 520, grads =   2.696e-04, unitary_metric = 0.99999
Error = :5.00e-01; Runtime: 110.7s; Iterations = 540, grads =   1.860e-04, unitary_metric = 0.99999
Error = :5.00e-01; Runtime: 114.6s; Iterations = 560, grads =   1.295e-04, unitary_metric = 0.99999
Error = :5.00e-01; Runtime: 118.6s; Iterations = 580, grads =   4.826e-05, unitary_metric = 0.99999
Error = :5.00e-01; Runtime: 122.5s; Iterations = 600, grads =   1.894e-03, unitary_metric = 0.99999
Error = :5.00e-01; Runtime: 126.8s; Iterations = 620, grads =   1.405e-03, unitary_metric = 0.99999
Error = :5.00e-01; Runtime: 130.8s; Iterations = 640, grads =   1.266e-04, unitary_metric = 0.99999
Error = :5.00e-01; Runtime: 134.9s; Iterations = 660, grads =   5.993e-06, unitary_metric = 0.99999
Error = :5.00e-01; Runtime: 139.0s; Iterations = 680, grads =   1.893e-07, unitary_metric = 0.99999
Error = :5.00e-01; Runtime: 143.0s; Iterations = 700, grads =   3.712e-04, unitary_metric = 0.99999
Error = :5.00e-01; Runtime: 147.5s; Iterations = 720, grads =   1.234e-03, unitary_metric = 0.99999
Error = :5.00e-01; Runtime: 151.6s; Iterations = 740, grads =   1.400e-03, unitary_metric = 0.99999
Error = :5.00e-01; Runtime: 155.7s; Iterations = 760, grads =   1.288e-05, unitary_metric = 0.99999
Error = :5.00e-01; Runtime: 159.7s; Iterations = 780, grads =   1.940e-04, unitary_metric = 0.99999
Error = :5.00e-01; Runtime: 163.8s; Iterations = 800, grads =   1.227e-05, unitary_metric = 0.99999
Error = :5.00e-01; Runtime: 168.3s; Iterations = 820, grads =   4.231e-06, unitary_metric = 0.99999
Error = :5.00e-01; Runtime: 172.3s; Iterations = 840, grads =   4.809e-07, unitary_metric = 0.99999
Error = :5.00e-01; Runtime: 176.4s; Iterations = 860, grads =   3.620e-07, unitary_metric = 0.99999
Error = :5.00e-01; Runtime: 180.3s; Iterations = 880, grads =   2.169e-04, unitary_metric = 0.99999
Error = :5.00e-01; Runtime: 184.3s; Iterations = 900, grads =   2.324e-03, unitary_metric = 0.99999
Error = :5.00e-01; Runtime: 188.6s; Iterations = 920, grads =   3.330e-04, unitary_metric = 0.99999
Error = :5.00e-01; Runtime: 192.7s; Iterations = 940, grads =   2.353e-04, unitary_metric = 0.99999
Error = :5.00e-01; Runtime: 196.7s; Iterations = 960, grads =   5.321e-04, unitary_metric = 0.99999
Error = :5.00e-01; Runtime: 200.8s; Iterations = 980, grads =   6.479e-05, unitary_metric = 0.99999
Error = :5.00e-01; Runtime: 204.9s; Iterations = 1000, grads =   5.810e-06, unitary_metric = 0.99999
Error = :5.00e-01; Runtime: 209.3s; Iterations = 1020, grads =   8.133e-08, unitary_metric = 0.99999
Error = :5.00e-01; Runtime: 213.4s; Iterations = 1040, grads =   1.468e-07, unitary_metric = 0.99999
Error = :5.00e-01; Runtime: 217.5s; Iterations = 1060, grads =   2.857e-08, unitary_metric = 0.99999
Error = :5.00e-01; Runtime: 221.6s; Iterations = 1080, grads =   4.445e-05, unitary_metric = 0.99999
Error = :5.00e-01; Runtime: 225.5s; Iterations = 1100, grads =   2.809e-03, unitary_metric = 0.99999
Error = :5.00e-01; Runtime: 229.9s; Iterations = 1120, grads =   1.230e-03, unitary_metric = 0.99999
Error = :5.00e-01; Runtime: 234.0s; Iterations = 1140, grads =   7.916e-05, unitary_metric = 0.99999
Error = :5.00e-01; Runtime: 238.1s; Iterations = 1160, grads =   6.082e-06, unitary_metric = 0.99999
Error = :5.00e-01; Runtime: 242.2s; Iterations = 1180, grads =   2.906e-06, unitary_metric = 0.99999
Error = :5.00e-01; Runtime: 246.2s; Iterations = 1200, grads =   7.731e-08, unitary_metric = 0.99999
Error = :5.00e-01; Runtime: 250.5s; Iterations = 1220, grads =   2.735e-08, unitary_metric = 0.99999
Error = :5.00e-01; Runtime: 254.6s; Iterations = 1240, grads =   1.821e-07, unitary_metric = 0.99999
Error = :5.00e-01; Runtime: 258.7s; Iterations = 1260, grads =   4.907e-05, unitary_metric = 0.99999
Error = :5.00e-01; Runtime: 262.7s; Iterations = 1280, grads =   3.568e-04, unitary_metric = 0.99999
Error = :5.00e-01; Runtime: 266.8s; Iterations = 1300, grads =   4.149e-05, unitary_metric = 0.99999
Error = :5.00e-01; Runtime: 271.2s; Iterations = 1320, grads =   1.332e-05, unitary_metric = 0.99999
Error = :5.00e-01; Runtime: 275.3s; Iterations = 1340, grads =   7.397e-06, unitary_metric = 0.99999
Error = :5.01e-01; Runtime: 279.4s; Iterations = 1360, grads =   5.366e-03, unitary_metric = 0.99999
Error = :5.00e-01; Runtime: 283.5s; Iterations = 1380, grads =   2.017e-04, unitary_metric = 0.99999
Error = :5.00e-01; Runtime: 287.5s; Iterations = 1400, grads =   8.438e-05, unitary_metric = 0.99999
Error = :5.00e-01; Runtime: 291.7s; Iterations = 1420, grads =   3.733e-07, unitary_metric = 0.99999
Error = :5.00e-01; Runtime: 295.7s; Iterations = 1440, grads =   6.074e-07, unitary_metric = 0.99999
Error = :5.00e-01; Runtime: 299.8s; Iterations = 1460, grads =   3.844e-07, unitary_metric = 0.99999
Error = :5.00e-01; Runtime: 303.9s; Iterations = 1480, grads =   1.158e-04, unitary_metric = 0.99999
Error = :5.00e-01; Runtime: 307.9s; Iterations = 1500, grads =   6.405e-04, unitary_metric = 0.99999
Error = :5.00e-01; Runtime: 312.3s; Iterations = 1520, grads =   1.832e-06, unitary_metric = 0.99999
Error = :5.00e-01; Runtime: 316.3s; Iterations = 1540, grads =   1.001e-05, unitary_metric = 0.99999
Error = :5.00e-01; Runtime: 320.3s; Iterations = 1560, grads =   9.534e-07, unitary_metric = 0.99999
Error = :5.00e-01; Runtime: 324.4s; Iterations = 1580, grads =   2.969e-04, unitary_metric = 0.99999
Error = :5.00e-01; Runtime: 328.5s; Iterations = 1600, grads =   1.285e-03, unitary_metric = 0.99999
Error = :5.00e-01; Runtime: 332.9s; Iterations = 1620, grads =   2.093e-05, unitary_metric = 0.99999
Error = :5.00e-01; Runtime: 337.0s; Iterations = 1640, grads =   7.573e-06, unitary_metric = 0.99999
Error = :5.00e-01; Runtime: 341.1s; Iterations = 1660, grads =   2.128e-06, unitary_metric = 0.99999
Error = :5.00e-01; Runtime: 345.2s; Iterations = 1680, grads =   1.787e-07, unitary_metric = 0.99999
Error = :5.00e-01; Runtime: 349.3s; Iterations = 1700, grads =   2.499e-07, unitary_metric = 0.99999
Error = :5.00e-01; Runtime: 353.6s; Iterations = 1720, grads =   1.971e-04, unitary_metric = 0.99999
Error = :5.00e-01; Runtime: 357.6s; Iterations = 1740, grads =   2.307e-04, unitary_metric = 0.99999
Error = :5.00e-01; Runtime: 361.6s; Iterations = 1760, grads =   5.577e-05, unitary_metric = 0.99999
Error = :5.00e-01; Runtime: 365.6s; Iterations = 1780, grads =   2.211e-06, unitary_metric = 0.99999
Error = :5.00e-01; Runtime: 369.6s; Iterations = 1800, grads =   6.178e-04, unitary_metric = 0.99999
Error = :5.00e-01; Runtime: 373.8s; Iterations = 1820, grads =   5.782e-04, unitary_metric = 0.99999
Error = :5.00e-01; Runtime: 377.8s; Iterations = 1840, grads =   2.799e-05, unitary_metric = 0.99999
Error = :5.00e-01; Runtime: 381.7s; Iterations = 1860, grads =   2.052e-06, unitary_metric = 0.99999
Error = :5.00e-01; Runtime: 385.8s; Iterations = 1880, grads =   1.015e-06, unitary_metric = 0.99999
Error = :5.00e-01; Runtime: 389.9s; Iterations = 1900, grads =   1.771e-07, unitary_metric = 0.99999
Error = :5.00e-01; Runtime: 394.4s; Iterations = 1920, grads =   2.672e-08, unitary_metric = 0.99999
Error = :5.00e-01; Runtime: 398.4s; Iterations = 1940, grads =   7.463e-09, unitary_metric = 0.99999
Error = :5.00e-01; Runtime: 402.6s; Iterations = 1960, grads =   3.341e-09, unitary_metric = 0.99999
Error = :5.00e-01; Runtime: 406.7s; Iterations = 1980, grads =   6.881e-07, unitary_metric = 0.99999
Error = :5.00e-01; Runtime: 410.7s; Iterations = 2000, grads =   6.582e-04, unitary_metric = 0.99999
Error = :5.00e-01; Runtime: 415.1s; Iterations = 2020, grads =   3.026e-04, unitary_metric = 0.99999
Error = :5.00e-01; Runtime: 419.0s; Iterations = 2040, grads =   1.400e-03, unitary_metric = 0.99999
Error = :5.00e-01; Runtime: 423.0s; Iterations = 2060, grads =   8.095e-05, unitary_metric = 0.99999
Error = :5.00e-01; Runtime: 427.0s; Iterations = 2080, grads =   1.115e-06, unitary_metric = 0.99999
Error = :5.00e-01; Runtime: 430.9s; Iterations = 2100, grads =   2.781e-06, unitary_metric = 0.99999
Error = :5.00e-01; Runtime: 435.3s; Iterations = 2120, grads =   2.327e-08, unitary_metric = 0.99999
Error = :5.00e-01; Runtime: 439.4s; Iterations = 2140, grads =   1.324e-08, unitary_metric = 0.99999
Error = :5.00e-01; Runtime: 443.5s; Iterations = 2160, grads =   3.645e-09, unitary_metric = 0.99999
Error = :5.00e-01; Runtime: 447.6s; Iterations = 2180, grads =   1.879e-10, unitary_metric = 0.99999
Error = :5.00e-01; Runtime: 451.7s; Iterations = 2200, grads =   1.939e-10, unitary_metric = 0.99999
Error = :5.00e-01; Runtime: 456.1s; Iterations = 2220, grads =   5.564e-10, unitary_metric = 0.99999
Error = :5.00e-01; Runtime: 460.2s; Iterations = 2240, grads =   1.332e-09, unitary_metric = 0.99999
Error = :5.00e-01; Runtime: 464.3s; Iterations = 2260, grads =   1.679e-08, unitary_metric = 0.99999
Error = :5.00e-01; Runtime: 468.3s; Iterations = 2280, grads =   3.331e-06, unitary_metric = 0.99999
Error = :5.00e-01; Runtime: 472.2s; Iterations = 2300, grads =   1.146e-03, unitary_metric = 0.99999
Error = :5.00e-01; Runtime: 476.5s; Iterations = 2320, grads =   4.726e-04, unitary_metric = 0.99999
Error = :5.00e-01; Runtime: 480.5s; Iterations = 2340, grads =   4.719e-04, unitary_metric = 0.99999
Error = :5.00e-01; Runtime: 484.4s; Iterations = 2360, grads =   5.931e-05, unitary_metric = 0.99999
Error = :5.00e-01; Runtime: 488.4s; Iterations = 2380, grads =   6.720e-06, unitary_metric = 0.99999
Error = :5.00e-01; Runtime: 492.4s; Iterations = 2400, grads =   6.066e-08, unitary_metric = 0.99999
Error = :5.00e-01; Runtime: 496.7s; Iterations = 2420, grads =   1.498e-07, unitary_metric = 0.99999
Error = :5.00e-01; Runtime: 500.7s; Iterations = 2440, grads =   1.261e-08, unitary_metric = 0.99999
Error = :5.00e-01; Runtime: 504.8s; Iterations = 2460, grads =   2.855e-09, unitary_metric = 0.99999
Error = :5.00e-01; Runtime: 508.9s; Iterations = 2480, grads =   6.612e-10, unitary_metric = 0.99999
Error = :5.00e-01; Runtime: 513.0s; Iterations = 2500, grads =   8.393e-09, unitary_metric = 0.99999
Error = :5.00e-01; Runtime: 517.4s; Iterations = 2520, grads =   7.250e-07, unitary_metric = 0.99999
Error = :5.00e-01; Runtime: 521.5s; Iterations = 2540, grads =   4.630e-04, unitary_metric = 0.99999
Error = :5.00e-01; Runtime: 525.6s; Iterations = 2560, grads =   2.668e-04, unitary_metric = 0.99999
Error = :5.00e-01; Runtime: 529.7s; Iterations = 2580, grads =   2.110e-05, unitary_metric = 0.99999
Error = :5.00e-01; Runtime: 533.7s; Iterations = 2600, grads =   2.661e-05, unitary_metric = 0.99999
Error = :5.00e-01; Runtime: 538.0s; Iterations = 2620, grads =   7.388e-07, unitary_metric = 0.99999
Error = :5.00e-01; Runtime: 541.9s; Iterations = 2640, grads =   2.605e-07, unitary_metric = 0.99999
Error = :5.00e-01; Runtime: 545.9s; Iterations = 2660, grads =   2.354e-08, unitary_metric = 0.99999
Error = :5.00e-01; Runtime: 549.9s; Iterations = 2680, grads =   7.073e-09, unitary_metric = 0.99999
Error = :5.00e-01; Runtime: 553.9s; Iterations = 2700, grads =   3.556e-09, unitary_metric = 0.99999
Error = :5.00e-01; Runtime: 558.5s; Iterations = 2720, grads =   1.559e-07, unitary_metric = 0.99999
Error = :5.00e-01; Runtime: 562.6s; Iterations = 2740, grads =   6.793e-05, unitary_metric = 0.99999
Error = :5.00e-01; Runtime: 566.7s; Iterations = 2760, grads =   2.521e-04, unitary_metric = 0.99999
Error = :5.00e-01; Runtime: 570.8s; Iterations = 2780, grads =   1.014e-05, unitary_metric = 0.99999
Error = :5.00e-01; Runtime: 574.9s; Iterations = 2800, grads =   1.697e-04, unitary_metric = 0.99999
Error = :5.00e-01; Runtime: 579.4s; Iterations = 2820, grads =   2.631e-05, unitary_metric = 0.99999
Error = :5.00e-01; Runtime: 583.5s; Iterations = 2840, grads =   3.055e-05, unitary_metric = 0.99999
Error = :5.00e-01; Runtime: 587.5s; Iterations = 2860, grads =   3.086e-08, unitary_metric = 0.99999
Error = :5.00e-01; Runtime: 591.5s; Iterations = 2880, grads =   2.225e-07, unitary_metric = 0.99999
Error = :5.00e-01; Runtime: 595.4s; Iterations = 2900, grads =   2.851e-09, unitary_metric = 0.99999
Error = :5.00e-01; Runtime: 599.7s; Iterations = 2920, grads =   8.644e-08, unitary_metric = 0.99999
Error = :5.00e-01; Runtime: 603.7s; Iterations = 2940, grads =   4.687e-07, unitary_metric = 0.99999
Error = :5.00e-01; Runtime: 607.6s; Iterations = 2960, grads =   3.523e-05, unitary_metric = 0.99999
Error = :5.00e-01; Runtime: 611.6s; Iterations = 2980, grads =   3.063e-04, unitary_metric = 0.99999
Error = :5.00e-01; Runtime: 615.5s; Iterations = 3000, grads =   1.057e-04, unitary_metric = 0.99999
Error = :5.00e-01; Runtime: 619.9s; Iterations = 3020, grads =   5.164e-05, unitary_metric = 0.99999
Error = :5.00e-01; Runtime: 624.0s; Iterations = 3040, grads =   4.899e-06, unitary_metric = 0.99999
Error = :5.00e-01; Runtime: 628.1s; Iterations = 3060, grads =   2.014e-06, unitary_metric = 0.99999
Error = :5.00e-01; Runtime: 632.2s; Iterations = 3080, grads =   3.098e-08, unitary_metric = 0.99999
Error = :5.00e-01; Runtime: 636.2s; Iterations = 3100, grads =   1.102e-07, unitary_metric = 0.99999
Error = :5.00e-01; Runtime: 640.7s; Iterations = 3120, grads =   7.555e-06, unitary_metric = 0.99999
Error = :5.00e-01; Runtime: 644.8s; Iterations = 3140, grads =   2.864e-04, unitary_metric = 0.99999
Error = :5.00e-01; Runtime: 648.8s; Iterations = 3160, grads =   8.280e-05, unitary_metric = 0.99999
Error = :5.00e-01; Runtime: 652.9s; Iterations = 3180, grads =   2.059e-04, unitary_metric = 0.99999
Error = :5.00e-01; Runtime: 656.8s; Iterations = 3200, grads =   1.976e-05, unitary_metric = 0.99999
Error = :5.00e-01; Runtime: 661.9s; Iterations = 3220, grads =   5.175e-06, unitary_metric = 0.99999
Error = :5.00e-01; Runtime: 665.9s; Iterations = 3240, grads =   2.548e-07, unitary_metric = 0.99999
Error = :5.00e-01; Runtime: 669.9s; Iterations = 3260, grads =   8.614e-08, unitary_metric = 0.99999
Error = :5.00e-01; Runtime: 674.0s; Iterations = 3280, grads =   3.071e-08, unitary_metric = 0.99999
Error = :5.00e-01; Runtime: 678.2s; Iterations = 3300, grads =   9.250e-08, unitary_metric = 0.99999
Error = :5.00e-01; Runtime: 682.6s; Iterations = 3320, grads =   3.423e-06, unitary_metric = 0.99999
Error = :5.00e-01; Runtime: 686.6s; Iterations = 3340, grads =   5.360e-04, unitary_metric = 0.99999
Error = :5.00e-01; Runtime: 690.8s; Iterations = 3360, grads =   2.108e-04, unitary_metric = 0.99999
Error = :5.00e-01; Runtime: 694.9s; Iterations = 3380, grads =   3.838e-05, unitary_metric = 0.99999
Error = :5.00e-01; Runtime: 699.0s; Iterations = 3400, grads =   4.877e-06, unitary_metric = 0.99999
Error = :5.00e-01; Runtime: 703.3s; Iterations = 3420, grads =   6.752e-09, unitary_metric = 0.99999
Error = :5.00e-01; Runtime: 707.3s; Iterations = 3440, grads =   1.152e-07, unitary_metric = 0.99999
Error = :5.00e-01; Runtime: 711.3s; Iterations = 3460, grads =   1.119e-08, unitary_metric = 0.99999
Error = :5.00e-01; Runtime: 715.4s; Iterations = 3480, grads =   7.299e-10, unitary_metric = 0.99999
Error = :5.00e-01; Runtime: 719.5s; Iterations = 3500, grads =   7.143e-10, unitary_metric = 0.99999
Error = :5.00e-01; Runtime: 723.9s; Iterations = 3520, grads =   1.177e-09, unitary_metric = 0.99999
Error = :5.00e-01; Runtime: 728.0s; Iterations = 3540, grads =   2.487e-08, unitary_metric = 0.99999
Error = :5.00e-01; Runtime: 732.0s; Iterations = 3560, grads =   6.193e-06, unitary_metric = 0.99999
Error = :5.00e-01; Runtime: 736.1s; Iterations = 3580, grads =   1.353e-03, unitary_metric = 0.99999
Error = :5.00e-01; Runtime: 740.2s; Iterations = 3600, grads =   8.090e-05, unitary_metric = 0.99999
Error = :5.00e-01; Runtime: 744.7s; Iterations = 3620, grads =   9.986e-06, unitary_metric = 0.99999
Error = :5.00e-01; Runtime: 748.7s; Iterations = 3640, grads =   2.069e-06, unitary_metric = 0.99999
Error = :5.00e-01; Runtime: 752.8s; Iterations = 3660, grads =   2.714e-07, unitary_metric = 0.99999
Error = :5.00e-01; Runtime: 756.9s; Iterations = 3680, grads =   4.079e-08, unitary_metric = 0.99999
Error = :5.00e-01; Runtime: 761.0s; Iterations = 3700, grads =   1.320e-08, unitary_metric = 0.99999
Error = :5.00e-01; Runtime: 765.4s; Iterations = 3720, grads =   5.381e-09, unitary_metric = 0.99999
Error = :5.00e-01; Runtime: 769.5s; Iterations = 3740, grads =   5.608e-09, unitary_metric = 0.99999
Error = :5.00e-01; Runtime: 773.5s; Iterations = 3760, grads =   7.679e-09, unitary_metric = 0.99999
Error = :5.00e-01; Runtime: 777.5s; Iterations = 3780, grads =   1.151e-08, unitary_metric = 0.99999
Error = :5.00e-01; Runtime: 781.5s; Iterations = 3800, grads =   5.087e-08, unitary_metric = 0.99999
Error = :5.00e-01; Runtime: 785.8s; Iterations = 3820, grads =   1.307e-07, unitary_metric = 0.99999
Error = :5.00e-01; Runtime: 789.7s; Iterations = 3840, grads =   1.863e-06, unitary_metric = 0.99999
Error = :5.00e-01; Runtime: 793.8s; Iterations = 3860, grads =   1.262e-04, unitary_metric = 0.99999
Error = :5.00e-01; Runtime: 797.9s; Iterations = 3880, grads =   1.116e-04, unitary_metric = 0.99999
Error = :4.99e-01; Runtime: 802.0s; Iterations = 3900, grads =   1.260e-05, unitary_metric = 0.99999
Error = :4.84e-01; Runtime: 806.4s; Iterations = 3920, grads =   2.211e-04, unitary_metric = 0.99999
Error = :2.38e-01; Runtime: 810.5s; Iterations = 3940, grads =   3.806e-03, unitary_metric = 0.99998
Error = :3.88e-02; Runtime: 814.6s; Iterations = 3960, grads =   6.014e-03, unitary_metric = 0.99997
Error = :7.65e-03; Runtime: 818.7s; Iterations = 3980, grads =   8.884e-04, unitary_metric = 0.99997
Error = :3.11e-03; Runtime: 822.8s; Iterations = 4000, grads =   1.500e-04, unitary_metric = 0.99997
Error = :1.84e-03; Runtime: 827.0s; Iterations = 4020, grads =   1.200e-05, unitary_metric = 0.99997
Error = :1.28e-03; Runtime: 831.0s; Iterations = 4040, grads =   1.881e-06, unitary_metric = 0.99997
Error = :9.94e-04; Runtime: 834.4s; Iterations = 4057, grads =   1.163e-06, unitary_metric = 0.99997
data saved at: /project/ftchong/qoc/pranav/00034_01_beh2_slice_28.h5


trying total_time: 10.6 for unitary of size (16, 16)
data saved at: /project/ftchong/qoc/pranav/00035_01_beh2_slice_28.h5
Using 7 Taylor terms and 2 Scaling & Squaring terms
Building graph:
Propagators initialized.
Operators weight initialized.
Intermediate propagation variables initialized.
Intermediate propagators initialized.
Vectors initialized.
Training loss initialized.
Optimizer initialized.
Utilities initialized.
Graph built!
Initialized
Error = :9.94e-01; Runtime: 0.4s; Iterations = 0, grads =   1.601e-04, unitary_metric = 1.00000
Error = :8.87e-01; Runtime: 4.7s; Iterations = 20, grads =   3.785e-03, unitary_metric = 1.00000
Error = :7.66e-01; Runtime: 8.4s; Iterations = 40, grads =   1.032e-03, unitary_metric = 0.99999
Error = :7.26e-01; Runtime: 12.2s; Iterations = 60, grads =   5.205e-04, unitary_metric = 0.99999
Error = :5.40e-01; Runtime: 16.0s; Iterations = 80, grads =   6.320e-03, unitary_metric = 0.99999
Error = :5.03e-01; Runtime: 19.9s; Iterations = 100, grads =   2.494e-03, unitary_metric = 0.99999
Error = :5.00e-01; Runtime: 24.1s; Iterations = 120, grads =   3.489e-04, unitary_metric = 0.99999
Error = :5.00e-01; Runtime: 28.0s; Iterations = 140, grads =   4.380e-05, unitary_metric = 0.99999
Error = :5.00e-01; Runtime: 31.8s; Iterations = 160, grads =   1.824e-05, unitary_metric = 0.99999
Error = :5.00e-01; Runtime: 35.7s; Iterations = 180, grads =   6.499e-04, unitary_metric = 0.99999
Error = :5.00e-01; Runtime: 39.6s; Iterations = 200, grads =   7.026e-04, unitary_metric = 0.99999
Error = :5.00e-01; Runtime: 43.7s; Iterations = 220, grads =   1.653e-03, unitary_metric = 0.99999
Error = :5.00e-01; Runtime: 47.5s; Iterations = 240, grads =   2.377e-03, unitary_metric = 0.99999
Error = :4.99e-01; Runtime: 51.2s; Iterations = 260, grads =   6.455e-04, unitary_metric = 0.99999
Error = :4.96e-01; Runtime: 54.9s; Iterations = 280, grads =   8.396e-03, unitary_metric = 0.99999
Error = :4.73e-01; Runtime: 58.6s; Iterations = 300, grads =   1.199e-03, unitary_metric = 0.99999
Error = :3.71e-01; Runtime: 62.6s; Iterations = 320, grads =   1.880e-02, unitary_metric = 0.99998
Error = :2.02e-01; Runtime: 66.4s; Iterations = 340, grads =   2.336e-02, unitary_metric = 0.99998
Error = :6.51e-02; Runtime: 70.1s; Iterations = 360, grads =   1.040e-02, unitary_metric = 0.99998
Error = :3.57e-02; Runtime: 73.9s; Iterations = 380, grads =   2.251e-02, unitary_metric = 0.99998
Error = :2.47e-02; Runtime: 77.8s; Iterations = 400, grads =   1.344e-03, unitary_metric = 0.99998
Error = :1.99e-02; Runtime: 81.9s; Iterations = 420, grads =   1.953e-05, unitary_metric = 0.99998
Error = :1.70e-02; Runtime: 85.8s; Iterations = 440, grads =   1.043e-05, unitary_metric = 0.99997
Error = :1.50e-02; Runtime: 89.6s; Iterations = 460, grads =   9.315e-06, unitary_metric = 0.99997
Error = :1.35e-02; Runtime: 93.5s; Iterations = 480, grads =   5.631e-06, unitary_metric = 0.99998
Error = :1.25e-02; Runtime: 97.4s; Iterations = 500, grads =   1.957e-03, unitary_metric = 0.99997
Error = :1.15e-02; Runtime: 101.6s; Iterations = 520, grads =   1.522e-03, unitary_metric = 0.99997
Error = :1.06e-02; Runtime: 105.3s; Iterations = 540, grads =   1.932e-04, unitary_metric = 0.99997
Error = :1.00e-02; Runtime: 109.2s; Iterations = 560, grads =   2.914e-05, unitary_metric = 0.99997
Error = :9.47e-03; Runtime: 113.1s; Iterations = 580, grads =   4.769e-06, unitary_metric = 0.99997
Error = :9.01e-03; Runtime: 116.9s; Iterations = 600, grads =   2.196e-06, unitary_metric = 0.99997
Error = :8.61e-03; Runtime: 121.0s; Iterations = 620, grads =   1.370e-06, unitary_metric = 0.99997
Error = :8.26e-03; Runtime: 124.8s; Iterations = 640, grads =   1.227e-06, unitary_metric = 0.99997
Error = :7.94e-03; Runtime: 128.5s; Iterations = 660, grads =   1.081e-06, unitary_metric = 0.99997
Error = :7.66e-03; Runtime: 132.1s; Iterations = 680, grads =   9.713e-07, unitary_metric = 0.99997
Error = :7.40e-03; Runtime: 136.0s; Iterations = 700, grads =   1.939e-06, unitary_metric = 0.99997
Error = :8.02e-03; Runtime: 140.2s; Iterations = 720, grads =   8.307e-03, unitary_metric = 0.99997
Error = :6.96e-03; Runtime: 144.0s; Iterations = 740, grads =   8.031e-06, unitary_metric = 0.99997
Error = :6.77e-03; Runtime: 147.9s; Iterations = 760, grads =   5.415e-05, unitary_metric = 0.99997
Error = :7.64e-03; Runtime: 151.7s; Iterations = 780, grads =   1.724e-02, unitary_metric = 0.99997
Error = :6.48e-03; Runtime: 155.6s; Iterations = 800, grads =   8.612e-04, unitary_metric = 0.99997
Error = :6.29e-03; Runtime: 159.8s; Iterations = 820, grads =   3.062e-04, unitary_metric = 0.99997
Error = :6.13e-03; Runtime: 163.7s; Iterations = 840, grads =   3.671e-05, unitary_metric = 0.99997
Error = :5.99e-03; Runtime: 167.3s; Iterations = 860, grads =   5.598e-07, unitary_metric = 0.99997
Error = :5.87e-03; Runtime: 170.8s; Iterations = 880, grads =   1.123e-06, unitary_metric = 0.99997
Error = :5.77e-03; Runtime: 174.4s; Iterations = 900, grads =   4.219e-06, unitary_metric = 0.99997
Error = :5.65e-03; Runtime: 178.2s; Iterations = 920, grads =   7.512e-07, unitary_metric = 0.99997
Error = :5.55e-03; Runtime: 182.0s; Iterations = 940, grads =   5.397e-07, unitary_metric = 0.99997
Error = :5.46e-03; Runtime: 185.9s; Iterations = 960, grads =   6.374e-05, unitary_metric = 0.99997
Error = :5.63e-03; Runtime: 189.7s; Iterations = 980, grads =   2.896e-03, unitary_metric = 0.99997
Error = :5.35e-03; Runtime: 193.6s; Iterations = 1000, grads =   8.840e-04, unitary_metric = 0.99997
Error = :5.20e-03; Runtime: 197.8s; Iterations = 1020, grads =   4.622e-05, unitary_metric = 0.99997
Error = :5.12e-03; Runtime: 201.7s; Iterations = 1040, grads =   5.434e-06, unitary_metric = 0.99997
Error = :5.04e-03; Runtime: 205.5s; Iterations = 1060, grads =   9.805e-06, unitary_metric = 0.99997
Error = :4.97e-03; Runtime: 209.4s; Iterations = 1080, grads =   6.733e-07, unitary_metric = 0.99997
Error = :4.90e-03; Runtime: 213.2s; Iterations = 1100, grads =   4.370e-07, unitary_metric = 0.99997
Error = :4.83e-03; Runtime: 217.3s; Iterations = 1120, grads =   2.414e-07, unitary_metric = 0.99997
Error = :4.76e-03; Runtime: 221.2s; Iterations = 1140, grads =   2.284e-07, unitary_metric = 0.99997
Error = :4.70e-03; Runtime: 225.1s; Iterations = 1160, grads =   6.581e-07, unitary_metric = 0.99997
Error = :4.64e-03; Runtime: 228.9s; Iterations = 1180, grads =   1.085e-05, unitary_metric = 0.99997
Error = :5.15e-03; Runtime: 232.5s; Iterations = 1200, grads =   6.343e-03, unitary_metric = 0.99997
Error = :4.57e-03; Runtime: 236.5s; Iterations = 1220, grads =   4.315e-04, unitary_metric = 0.99997
Error = :4.48e-03; Runtime: 240.1s; Iterations = 1240, grads =   1.338e-04, unitary_metric = 0.99997
Error = :4.42e-03; Runtime: 243.7s; Iterations = 1260, grads =   2.474e-05, unitary_metric = 0.99997
Error = :4.37e-03; Runtime: 247.2s; Iterations = 1280, grads =   2.290e-06, unitary_metric = 0.99997
Error = :4.32e-03; Runtime: 251.0s; Iterations = 1300, grads =   6.421e-07, unitary_metric = 0.99997
Error = :4.27e-03; Runtime: 255.2s; Iterations = 1320, grads =   1.840e-07, unitary_metric = 0.99997
Error = :4.23e-03; Runtime: 259.0s; Iterations = 1340, grads =   1.047e-06, unitary_metric = 0.99997
Error = :4.20e-03; Runtime: 262.8s; Iterations = 1360, grads =   2.345e-04, unitary_metric = 0.99997
Error = :4.20e-03; Runtime: 266.5s; Iterations = 1380, grads =   9.077e-04, unitary_metric = 0.99997
Error = :4.50e-03; Runtime: 270.4s; Iterations = 1400, grads =   3.987e-03, unitary_metric = 0.99997
Error = :4.10e-03; Runtime: 274.6s; Iterations = 1420, grads =   3.866e-04, unitary_metric = 0.99997
Error = :4.02e-03; Runtime: 278.5s; Iterations = 1440, grads =   3.317e-05, unitary_metric = 0.99997
Error = :3.98e-03; Runtime: 282.2s; Iterations = 1460, grads =   3.732e-06, unitary_metric = 0.99997
Error = :3.94e-03; Runtime: 285.9s; Iterations = 1480, grads =   9.682e-07, unitary_metric = 0.99997
Error = :3.91e-03; Runtime: 289.7s; Iterations = 1500, grads =   1.939e-07, unitary_metric = 0.99997
Error = :3.87e-03; Runtime: 293.9s; Iterations = 1520, grads =   1.141e-07, unitary_metric = 0.99997
Error = :3.83e-03; Runtime: 297.8s; Iterations = 1540, grads =   2.517e-07, unitary_metric = 0.99997
Error = :3.80e-03; Runtime: 301.6s; Iterations = 1560, grads =   1.179e-05, unitary_metric = 0.99997
Error = :4.43e-03; Runtime: 305.4s; Iterations = 1580, grads =   8.494e-03, unitary_metric = 0.99997
Error = :3.85e-03; Runtime: 309.1s; Iterations = 1600, grads =   1.544e-03, unitary_metric = 0.99997
Error = :3.70e-03; Runtime: 313.2s; Iterations = 1620, grads =   8.626e-07, unitary_metric = 0.99997
Error = :3.67e-03; Runtime: 317.0s; Iterations = 1640, grads =   2.084e-05, unitary_metric = 0.99997
Error = :3.64e-03; Runtime: 320.9s; Iterations = 1660, grads =   3.344e-06, unitary_metric = 0.99997
Error = :3.63e-03; Runtime: 324.7s; Iterations = 1680, grads =   1.345e-04, unitary_metric = 0.99997
Error = :3.67e-03; Runtime: 328.5s; Iterations = 1700, grads =   7.586e-04, unitary_metric = 0.99997
Error = :3.56e-03; Runtime: 332.7s; Iterations = 1720, grads =   1.435e-05, unitary_metric = 0.99997
Error = :3.54e-03; Runtime: 336.6s; Iterations = 1740, grads =   7.130e-06, unitary_metric = 0.99997
Error = :3.51e-03; Runtime: 340.4s; Iterations = 1760, grads =   2.904e-06, unitary_metric = 0.99997
Error = :3.48e-03; Runtime: 344.3s; Iterations = 1780, grads =   1.086e-06, unitary_metric = 0.99997
Error = :3.51e-03; Runtime: 348.1s; Iterations = 1800, grads =   4.600e-04, unitary_metric = 0.99997
Error = :3.59e-03; Runtime: 352.3s; Iterations = 1820, grads =   2.173e-03, unitary_metric = 0.99997
Error = :3.43e-03; Runtime: 356.1s; Iterations = 1840, grads =   2.105e-04, unitary_metric = 0.99997
Error = :3.40e-03; Runtime: 359.9s; Iterations = 1860, grads =   1.980e-05, unitary_metric = 0.99997
Error = :3.38e-03; Runtime: 363.7s; Iterations = 1880, grads =   3.703e-06, unitary_metric = 0.99997
Error = :3.37e-03; Runtime: 367.5s; Iterations = 1900, grads =   7.485e-05, unitary_metric = 0.99997
Error = :3.35e-03; Runtime: 371.7s; Iterations = 1920, grads =   7.456e-05, unitary_metric = 0.99997
Error = :3.33e-03; Runtime: 375.5s; Iterations = 1940, grads =   3.951e-05, unitary_metric = 0.99996
Error = :3.30e-03; Runtime: 379.3s; Iterations = 1960, grads =   7.640e-06, unitary_metric = 0.99997
Error = :3.29e-03; Runtime: 383.2s; Iterations = 1980, grads =   5.244e-07, unitary_metric = 0.99997
Error = :3.27e-03; Runtime: 387.0s; Iterations = 2000, grads =   2.040e-06, unitary_metric = 0.99997
Error = :3.35e-03; Runtime: 391.2s; Iterations = 2020, grads =   9.555e-04, unitary_metric = 0.99997
Error = :3.32e-03; Runtime: 395.1s; Iterations = 2040, grads =   1.295e-03, unitary_metric = 0.99997
Error = :3.24e-03; Runtime: 399.0s; Iterations = 2060, grads =   1.449e-04, unitary_metric = 0.99997
Error = :3.21e-03; Runtime: 402.8s; Iterations = 2080, grads =   5.694e-06, unitary_metric = 0.99997
Error = :3.24e-03; Runtime: 406.7s; Iterations = 2100, grads =   4.560e-04, unitary_metric = 0.99997
Error = :3.19e-03; Runtime: 410.8s; Iterations = 2120, grads =   1.875e-04, unitary_metric = 0.99997
Error = :3.17e-03; Runtime: 414.6s; Iterations = 2140, grads =   3.055e-05, unitary_metric = 0.99996
Error = :3.15e-03; Runtime: 418.4s; Iterations = 2160, grads =   2.502e-06, unitary_metric = 0.99997
Error = :3.14e-03; Runtime: 422.3s; Iterations = 2180, grads =   1.003e-06, unitary_metric = 0.99996
Error = :3.13e-03; Runtime: 426.1s; Iterations = 2200, grads =   8.316e-05, unitary_metric = 0.99997
Error = :3.21e-03; Runtime: 430.2s; Iterations = 2220, grads =   1.564e-03, unitary_metric = 0.99997
Error = :3.10e-03; Runtime: 434.0s; Iterations = 2240, grads =   3.469e-05, unitary_metric = 0.99997
Error = :3.09e-03; Runtime: 437.8s; Iterations = 2260, grads =   1.187e-04, unitary_metric = 0.99997
Error = :3.06e-03; Runtime: 441.6s; Iterations = 2280, grads =   7.640e-06, unitary_metric = 0.99997
Error = :3.05e-03; Runtime: 445.5s; Iterations = 2300, grads =   2.017e-05, unitary_metric = 0.99997
Error = :3.04e-03; Runtime: 449.6s; Iterations = 2320, grads =   4.724e-06, unitary_metric = 0.99997
Error = :3.02e-03; Runtime: 453.4s; Iterations = 2340, grads =   5.267e-07, unitary_metric = 0.99997
Error = :3.01e-03; Runtime: 457.2s; Iterations = 2360, grads =   1.192e-06, unitary_metric = 0.99997
Error = :3.00e-03; Runtime: 461.0s; Iterations = 2380, grads =   3.246e-05, unitary_metric = 0.99997
Error = :3.02e-03; Runtime: 464.9s; Iterations = 2400, grads =   3.479e-04, unitary_metric = 0.99997
Error = :3.09e-03; Runtime: 469.0s; Iterations = 2420, grads =   1.355e-03, unitary_metric = 0.99997
Error = :2.99e-03; Runtime: 472.8s; Iterations = 2440, grads =   4.423e-04, unitary_metric = 0.99997
Error = :2.95e-03; Runtime: 476.6s; Iterations = 2460, grads =   1.451e-05, unitary_metric = 0.99997
Error = :2.93e-03; Runtime: 480.4s; Iterations = 2480, grads =   3.598e-06, unitary_metric = 0.99997
Error = :2.92e-03; Runtime: 484.2s; Iterations = 2500, grads =   1.299e-06, unitary_metric = 0.99997
Error = :2.90e-03; Runtime: 488.3s; Iterations = 2520, grads =   1.459e-06, unitary_metric = 0.99997
Error = :2.89e-03; Runtime: 492.1s; Iterations = 2540, grads =   4.782e-05, unitary_metric = 0.99997
Error = :3.10e-03; Runtime: 495.9s; Iterations = 2560, grads =   2.838e-03, unitary_metric = 0.99997
Error = :2.87e-03; Runtime: 499.7s; Iterations = 2580, grads =   7.019e-05, unitary_metric = 0.99997
Error = :2.85e-03; Runtime: 503.5s; Iterations = 2600, grads =   2.010e-05, unitary_metric = 0.99997
Error = :2.83e-03; Runtime: 507.6s; Iterations = 2620, grads =   2.626e-06, unitary_metric = 0.99997
Error = :2.82e-03; Runtime: 511.5s; Iterations = 2640, grads =   4.383e-07, unitary_metric = 0.99996
Error = :2.81e-03; Runtime: 515.3s; Iterations = 2660, grads =   2.269e-07, unitary_metric = 0.99996
Error = :2.79e-03; Runtime: 519.1s; Iterations = 2680, grads =   7.696e-08, unitary_metric = 0.99997
Error = :2.77e-03; Runtime: 522.8s; Iterations = 2700, grads =   7.058e-07, unitary_metric = 0.99997
Error = :2.78e-03; Runtime: 527.4s; Iterations = 2720, grads =   1.980e-04, unitary_metric = 0.99996
Error = :2.76e-03; Runtime: 531.2s; Iterations = 2740, grads =   1.459e-04, unitary_metric = 0.99997
Error = :2.76e-03; Runtime: 535.0s; Iterations = 2760, grads =   2.890e-04, unitary_metric = 0.99997
Error = :2.72e-03; Runtime: 538.9s; Iterations = 2780, grads =   6.597e-05, unitary_metric = 0.99997
Error = :2.69e-03; Runtime: 542.7s; Iterations = 2800, grads =   1.029e-05, unitary_metric = 0.99997
Error = :2.68e-03; Runtime: 547.0s; Iterations = 2820, grads =   2.100e-06, unitary_metric = 0.99997
Error = :2.66e-03; Runtime: 550.8s; Iterations = 2840, grads =   1.148e-07, unitary_metric = 0.99997
Error = :2.64e-03; Runtime: 554.5s; Iterations = 2860, grads =   5.354e-08, unitary_metric = 0.99997
Error = :2.62e-03; Runtime: 558.3s; Iterations = 2880, grads =   2.084e-07, unitary_metric = 0.99997
Error = :2.62e-03; Runtime: 562.2s; Iterations = 2900, grads =   8.933e-05, unitary_metric = 0.99997
Error = :2.63e-03; Runtime: 566.2s; Iterations = 2920, grads =   3.973e-04, unitary_metric = 0.99996
Error = :2.70e-03; Runtime: 570.1s; Iterations = 2940, grads =   1.608e-03, unitary_metric = 0.99997
Error = :2.56e-03; Runtime: 573.9s; Iterations = 2960, grads =   4.295e-05, unitary_metric = 0.99997
Error = :2.54e-03; Runtime: 577.7s; Iterations = 2980, grads =   2.849e-05, unitary_metric = 0.99997
Error = :2.52e-03; Runtime: 581.4s; Iterations = 3000, grads =   2.164e-06, unitary_metric = 0.99997
Error = :2.50e-03; Runtime: 585.6s; Iterations = 3020, grads =   1.288e-06, unitary_metric = 0.99997
Error = :2.48e-03; Runtime: 589.4s; Iterations = 3040, grads =   1.458e-07, unitary_metric = 0.99997
Error = :2.47e-03; Runtime: 593.2s; Iterations = 3060, grads =   3.749e-07, unitary_metric = 0.99997
Error = :2.45e-03; Runtime: 597.0s; Iterations = 3080, grads =   1.004e-05, unitary_metric = 0.99997
Error = :2.54e-03; Runtime: 600.8s; Iterations = 3100, grads =   1.264e-03, unitary_metric = 0.99997
Error = :2.43e-03; Runtime: 604.9s; Iterations = 3120, grads =   2.564e-04, unitary_metric = 0.99997
Error = :2.40e-03; Runtime: 608.6s; Iterations = 3140, grads =   4.844e-05, unitary_metric = 0.99997
Error = :2.39e-03; Runtime: 612.3s; Iterations = 3160, grads =   2.916e-06, unitary_metric = 0.99997
Error = :2.39e-03; Runtime: 616.1s; Iterations = 3180, grads =   1.742e-04, unitary_metric = 0.99997
Error = :2.37e-03; Runtime: 619.9s; Iterations = 3200, grads =   1.224e-04, unitary_metric = 0.99997
Error = :2.34e-03; Runtime: 624.2s; Iterations = 3220, grads =   7.828e-06, unitary_metric = 0.99996
Error = :2.32e-03; Runtime: 628.1s; Iterations = 3240, grads =   3.715e-07, unitary_metric = 0.99997
Error = :2.31e-03; Runtime: 631.9s; Iterations = 3260, grads =   6.539e-07, unitary_metric = 0.99996
Error = :2.30e-03; Runtime: 635.6s; Iterations = 3280, grads =   4.714e-05, unitary_metric = 0.99996
Error = :2.36e-03; Runtime: 639.4s; Iterations = 3300, grads =   1.120e-03, unitary_metric = 0.99996
Error = :2.28e-03; Runtime: 643.5s; Iterations = 3320, grads =   1.779e-04, unitary_metric = 0.99996
Error = :2.26e-03; Runtime: 647.3s; Iterations = 3340, grads =   2.257e-05, unitary_metric = 0.99996
Error = :2.24e-03; Runtime: 651.1s; Iterations = 3360, grads =   5.717e-06, unitary_metric = 0.99996
Error = :2.28e-03; Runtime: 654.9s; Iterations = 3380, grads =   5.045e-04, unitary_metric = 0.99997
Error = :2.21e-03; Runtime: 658.7s; Iterations = 3400, grads =   1.427e-05, unitary_metric = 0.99996
Error = :2.20e-03; Runtime: 662.7s; Iterations = 3420, grads =   1.323e-06, unitary_metric = 0.99997
Error = :2.19e-03; Runtime: 666.5s; Iterations = 3440, grads =   3.525e-07, unitary_metric = 0.99996
Error = :2.18e-03; Runtime: 670.2s; Iterations = 3460, grads =   2.437e-07, unitary_metric = 0.99996
Error = :2.16e-03; Runtime: 674.0s; Iterations = 3480, grads =   6.102e-08, unitary_metric = 0.99997
Error = :2.15e-03; Runtime: 677.8s; Iterations = 3500, grads =   7.872e-07, unitary_metric = 0.99996
Error = :2.18e-03; Runtime: 682.0s; Iterations = 3520, grads =   4.352e-04, unitary_metric = 0.99997
Error = :2.17e-03; Runtime: 685.9s; Iterations = 3540, grads =   6.539e-04, unitary_metric = 0.99997
Error = :2.12e-03; Runtime: 689.6s; Iterations = 3560, grads =   6.505e-05, unitary_metric = 0.99996
Error = :2.12e-03; Runtime: 693.4s; Iterations = 3580, grads =   1.750e-04, unitary_metric = 0.99996
Error = :2.09e-03; Runtime: 697.2s; Iterations = 3600, grads =   2.803e-05, unitary_metric = 0.99996
Error = :2.07e-03; Runtime: 701.4s; Iterations = 3620, grads =   3.808e-06, unitary_metric = 0.99996
Error = :2.06e-03; Runtime: 705.2s; Iterations = 3640, grads =   7.415e-07, unitary_metric = 0.99996
Error = :2.05e-03; Runtime: 709.0s; Iterations = 3660, grads =   5.529e-08, unitary_metric = 0.99996
Error = :2.04e-03; Runtime: 712.8s; Iterations = 3680, grads =   2.416e-07, unitary_metric = 0.99996
Error = :2.03e-03; Runtime: 716.6s; Iterations = 3700, grads =   2.485e-06, unitary_metric = 0.99996
Error = :2.06e-03; Runtime: 720.6s; Iterations = 3720, grads =   4.095e-04, unitary_metric = 0.99996
Error = :2.00e-03; Runtime: 724.4s; Iterations = 3740, grads =   1.107e-05, unitary_metric = 0.99996
Error = :1.99e-03; Runtime: 728.1s; Iterations = 3760, grads =   2.578e-05, unitary_metric = 0.99996
Error = :2.03e-03; Runtime: 731.8s; Iterations = 3780, grads =   6.648e-04, unitary_metric = 0.99996
Error = :1.97e-03; Runtime: 735.6s; Iterations = 3800, grads =   9.645e-05, unitary_metric = 0.99996
Error = :1.95e-03; Runtime: 739.8s; Iterations = 3820, grads =   6.904e-07, unitary_metric = 0.99996
Error = :1.94e-03; Runtime: 743.6s; Iterations = 3840, grads =   4.580e-07, unitary_metric = 0.99996
Error = :1.93e-03; Runtime: 747.4s; Iterations = 3860, grads =   2.360e-07, unitary_metric = 0.99996
Error = :1.92e-03; Runtime: 751.2s; Iterations = 3880, grads =   5.233e-08, unitary_metric = 0.99996
Error = :1.91e-03; Runtime: 754.9s; Iterations = 3900, grads =   1.997e-07, unitary_metric = 0.99996
Error = :1.90e-03; Runtime: 759.1s; Iterations = 3920, grads =   3.690e-06, unitary_metric = 0.99996
Error = :1.97e-03; Runtime: 762.8s; Iterations = 3940, grads =   9.702e-04, unitary_metric = 0.99996
Error = :1.90e-03; Runtime: 766.6s; Iterations = 3960, grads =   2.299e-04, unitary_metric = 0.99996
Error = :1.87e-03; Runtime: 770.4s; Iterations = 3980, grads =   2.122e-05, unitary_metric = 0.99996
Error = :1.85e-03; Runtime: 774.3s; Iterations = 4000, grads =   2.679e-07, unitary_metric = 0.99996
Error = :1.84e-03; Runtime: 778.4s; Iterations = 4020, grads =   4.020e-07, unitary_metric = 0.99996
Error = :1.84e-03; Runtime: 782.1s; Iterations = 4040, grads =   6.505e-08, unitary_metric = 0.99996
Error = :1.82e-03; Runtime: 785.9s; Iterations = 4060, grads =   3.980e-08, unitary_metric = 0.99996
Error = :1.81e-03; Runtime: 789.6s; Iterations = 4080, grads =   3.108e-08, unitary_metric = 0.99996
Error = :1.81e-03; Runtime: 793.4s; Iterations = 4100, grads =   2.699e-08, unitary_metric = 0.99996
Error = :1.80e-03; Runtime: 797.5s; Iterations = 4120, grads =   3.048e-08, unitary_metric = 0.99996
Error = :1.79e-03; Runtime: 801.3s; Iterations = 4140, grads =   3.077e-07, unitary_metric = 0.99996
Error = :1.78e-03; Runtime: 805.2s; Iterations = 4160, grads =   1.414e-07, unitary_metric = 0.99996
Error = :1.77e-03; Runtime: 809.0s; Iterations = 4180, grads =   7.210e-06, unitary_metric = 0.99996
Error = :1.83e-03; Runtime: 812.8s; Iterations = 4200, grads =   8.786e-04, unitary_metric = 0.99996
Error = :1.76e-03; Runtime: 816.9s; Iterations = 4220, grads =   5.823e-05, unitary_metric = 0.99996
Error = :1.75e-03; Runtime: 820.7s; Iterations = 4240, grads =   1.065e-05, unitary_metric = 0.99996
Error = :1.73e-03; Runtime: 824.5s; Iterations = 4260, grads =   1.549e-06, unitary_metric = 0.99996
Error = :1.73e-03; Runtime: 828.3s; Iterations = 4280, grads =   2.035e-07, unitary_metric = 0.99996
Error = :1.72e-03; Runtime: 832.2s; Iterations = 4300, grads =   2.967e-08, unitary_metric = 0.99996
Error = :1.71e-03; Runtime: 836.2s; Iterations = 4320, grads =   2.777e-08, unitary_metric = 0.99996
Error = :1.70e-03; Runtime: 840.0s; Iterations = 4340, grads =   3.068e-08, unitary_metric = 0.99996
Error = :1.70e-03; Runtime: 843.8s; Iterations = 4360, grads =   1.738e-07, unitary_metric = 0.99996
Error = :1.69e-03; Runtime: 847.6s; Iterations = 4380, grads =   1.553e-05, unitary_metric = 0.99996
Error = :1.68e-03; Runtime: 851.4s; Iterations = 4400, grads =   7.409e-06, unitary_metric = 0.99996
Error = :1.68e-03; Runtime: 855.6s; Iterations = 4420, grads =   6.923e-05, unitary_metric = 0.99996
Error = :1.67e-03; Runtime: 859.3s; Iterations = 4440, grads =   6.504e-05, unitary_metric = 0.99996
Error = :1.66e-03; Runtime: 863.0s; Iterations = 4460, grads =   3.908e-05, unitary_metric = 0.99996
Error = :1.65e-03; Runtime: 866.8s; Iterations = 4480, grads =   1.778e-06, unitary_metric = 0.99996
Error = :1.65e-03; Runtime: 870.6s; Iterations = 4500, grads =   7.941e-07, unitary_metric = 0.99996
Error = :1.64e-03; Runtime: 874.5s; Iterations = 4520, grads =   5.259e-08, unitary_metric = 0.99996
Error = :1.63e-03; Runtime: 878.2s; Iterations = 4540, grads =   7.812e-08, unitary_metric = 0.99996
Error = :1.62e-03; Runtime: 882.0s; Iterations = 4560, grads =   8.559e-07, unitary_metric = 0.99997
Error = :1.62e-03; Runtime: 885.8s; Iterations = 4580, grads =   5.965e-05, unitary_metric = 0.99996
Error = :1.63e-03; Runtime: 889.7s; Iterations = 4600, grads =   2.625e-04, unitary_metric = 0.99996
Error = :1.61e-03; Runtime: 893.9s; Iterations = 4620, grads =   2.818e-05, unitary_metric = 0.99996
Error = :1.60e-03; Runtime: 897.7s; Iterations = 4640, grads =   1.016e-05, unitary_metric = 0.99996
Error = :1.59e-03; Runtime: 901.5s; Iterations = 4660, grads =   9.026e-07, unitary_metric = 0.99996
Error = :1.59e-03; Runtime: 905.2s; Iterations = 4680, grads =   5.216e-06, unitary_metric = 0.99996
Error = :1.59e-03; Runtime: 909.0s; Iterations = 4700, grads =   1.459e-04, unitary_metric = 0.99996
Error = :1.58e-03; Runtime: 913.2s; Iterations = 4720, grads =   2.865e-05, unitary_metric = 0.99996
Error = :1.57e-03; Runtime: 917.0s; Iterations = 4740, grads =   1.432e-05, unitary_metric = 0.99996
Error = :1.57e-03; Runtime: 920.8s; Iterations = 4760, grads =   4.718e-05, unitary_metric = 0.99996
Error = :1.56e-03; Runtime: 924.6s; Iterations = 4780, grads =   1.202e-05, unitary_metric = 0.99996
Error = :1.56e-03; Runtime: 928.3s; Iterations = 4800, grads =   6.375e-05, unitary_metric = 0.99996
Error = :1.55e-03; Runtime: 932.4s; Iterations = 4820, grads =   6.349e-05, unitary_metric = 0.99996
Error = :1.54e-03; Runtime: 936.0s; Iterations = 4840, grads =   7.946e-06, unitary_metric = 0.99996
Error = :1.54e-03; Runtime: 939.7s; Iterations = 4860, grads =   2.307e-06, unitary_metric = 0.99996
Error = :1.54e-03; Runtime: 943.5s; Iterations = 4880, grads =   2.877e-05, unitary_metric = 0.99996
Error = :1.55e-03; Runtime: 947.3s; Iterations = 4900, grads =   2.451e-04, unitary_metric = 0.99996
Error = :1.53e-03; Runtime: 951.5s; Iterations = 4920, grads =   1.897e-05, unitary_metric = 0.99996
Error = :1.52e-03; Runtime: 955.3s; Iterations = 4940, grads =   1.071e-05, unitary_metric = 0.99996
Error = :1.51e-03; Runtime: 959.1s; Iterations = 4960, grads =   4.983e-07, unitary_metric = 0.99996
Error = :1.51e-03; Runtime: 962.9s; Iterations = 4980, grads =   3.514e-07, unitary_metric = 0.99996
Error = :1.50e-03; Runtime: 966.7s; Iterations = 5000, grads =   1.692e-07, unitary_metric = 0.99996
Error = :1.50e-03; Runtime: 970.8s; Iterations = 5020, grads =   1.875e-07, unitary_metric = 0.99996
Error = :1.49e-03; Runtime: 974.6s; Iterations = 5040, grads =   8.689e-06, unitary_metric = 0.99996
Error = :1.50e-03; Runtime: 978.3s; Iterations = 5060, grads =   2.195e-04, unitary_metric = 0.99996
Error = :1.50e-03; Runtime: 982.1s; Iterations = 5080, grads =   1.444e-04, unitary_metric = 0.99996
Error = :1.48e-03; Runtime: 985.9s; Iterations = 5100, grads =   8.827e-06, unitary_metric = 0.99996
Error = :1.48e-03; Runtime: 990.1s; Iterations = 5120, grads =   3.311e-06, unitary_metric = 0.99996
Error = :1.47e-03; Runtime: 993.7s; Iterations = 5140, grads =   1.897e-07, unitary_metric = 0.99996
Error = :1.47e-03; Runtime: 997.3s; Iterations = 5160, grads =   3.762e-07, unitary_metric = 0.99996
Error = :1.47e-03; Runtime: 1001.1s; Iterations = 5180, grads =   1.675e-06, unitary_metric = 0.99996
Error = :1.47e-03; Runtime: 1005.0s; Iterations = 5200, grads =   7.223e-05, unitary_metric = 0.99996
Error = :1.46e-03; Runtime: 1009.1s; Iterations = 5220, grads =   1.537e-05, unitary_metric = 0.99996
Error = :1.45e-03; Runtime: 1012.9s; Iterations = 5240, grads =   1.317e-07, unitary_metric = 0.99997
Error = :1.45e-03; Runtime: 1016.7s; Iterations = 5260, grads =   2.601e-05, unitary_metric = 0.99996
Error = :1.45e-03; Runtime: 1020.5s; Iterations = 5280, grads =   6.033e-05, unitary_metric = 0.99996
Error = :1.44e-03; Runtime: 1024.3s; Iterations = 5300, grads =   5.478e-06, unitary_metric = 0.99996
Error = :1.44e-03; Runtime: 1028.4s; Iterations = 5320, grads =   1.871e-06, unitary_metric = 0.99996
Error = :1.43e-03; Runtime: 1032.1s; Iterations = 5340, grads =   9.560e-07, unitary_metric = 0.99997
Error = :1.44e-03; Runtime: 1035.9s; Iterations = 5360, grads =   4.155e-05, unitary_metric = 0.99996
Error = :1.43e-03; Runtime: 1039.7s; Iterations = 5380, grads =   1.935e-05, unitary_metric = 0.99996
Error = :1.43e-03; Runtime: 1043.5s; Iterations = 5400, grads =   2.350e-07, unitary_metric = 0.99996
Error = :1.42e-03; Runtime: 1047.6s; Iterations = 5420, grads =   3.715e-07, unitary_metric = 0.99996
Error = :1.42e-03; Runtime: 1051.1s; Iterations = 5440, grads =   1.884e-07, unitary_metric = 0.99997
Error = :1.41e-03; Runtime: 1054.7s; Iterations = 5460, grads =   9.488e-06, unitary_metric = 0.99996
Error = :1.41e-03; Runtime: 1058.2s; Iterations = 5480, grads =   1.398e-05, unitary_metric = 0.99996
Error = :1.41e-03; Runtime: 1061.7s; Iterations = 5500, grads =   6.876e-06, unitary_metric = 0.99996
Error = :1.40e-03; Runtime: 1065.4s; Iterations = 5520, grads =   1.233e-05, unitary_metric = 0.99996
Error = :1.41e-03; Runtime: 1069.2s; Iterations = 5540, grads =   1.174e-04, unitary_metric = 0.99996
Error = :1.39e-03; Runtime: 1073.1s; Iterations = 5560, grads =   4.181e-06, unitary_metric = 0.99996
Error = :1.39e-03; Runtime: 1076.9s; Iterations = 5580, grads =   5.471e-07, unitary_metric = 0.99996
Error = :1.38e-03; Runtime: 1080.7s; Iterations = 5600, grads =   1.025e-06, unitary_metric = 0.99996
Error = :1.38e-03; Runtime: 1084.8s; Iterations = 5620, grads =   7.698e-08, unitary_metric = 0.99997
Error = :1.37e-03; Runtime: 1088.6s; Iterations = 5640, grads =   2.297e-07, unitary_metric = 0.99996
Error = :1.37e-03; Runtime: 1092.4s; Iterations = 5660, grads =   1.482e-05, unitary_metric = 0.99996
Error = :1.39e-03; Runtime: 1096.2s; Iterations = 5680, grads =   2.347e-04, unitary_metric = 0.99996
Error = :1.36e-03; Runtime: 1099.9s; Iterations = 5700, grads =   3.032e-05, unitary_metric = 0.99996
Error = :1.35e-03; Runtime: 1104.0s; Iterations = 5720, grads =   3.693e-06, unitary_metric = 0.99996
Error = :1.35e-03; Runtime: 1107.8s; Iterations = 5740, grads =   3.018e-07, unitary_metric = 0.99996
Error = :1.34e-03; Runtime: 1111.6s; Iterations = 5760, grads =   1.095e-07, unitary_metric = 0.99996
Error = :1.34e-03; Runtime: 1115.4s; Iterations = 5780, grads =   2.276e-08, unitary_metric = 0.99997
Error = :1.33e-03; Runtime: 1119.0s; Iterations = 5800, grads =   1.713e-08, unitary_metric = 0.99996
Error = :1.33e-03; Runtime: 1123.1s; Iterations = 5820, grads =   1.668e-08, unitary_metric = 0.99996
Error = :1.33e-03; Runtime: 1126.9s; Iterations = 5840, grads =   1.900e-08, unitary_metric = 0.99996
Error = :1.32e-03; Runtime: 1130.7s; Iterations = 5860, grads =   1.108e-07, unitary_metric = 0.99996
Error = :1.32e-03; Runtime: 1134.6s; Iterations = 5880, grads =   1.185e-05, unitary_metric = 0.99997
Error = :1.33e-03; Runtime: 1138.3s; Iterations = 5900, grads =   2.128e-04, unitary_metric = 0.99996
Error = :1.31e-03; Runtime: 1142.5s; Iterations = 5920, grads =   5.795e-05, unitary_metric = 0.99996
Error = :1.30e-03; Runtime: 1146.2s; Iterations = 5940, grads =   6.375e-06, unitary_metric = 0.99996
Error = :1.30e-03; Runtime: 1150.0s; Iterations = 5960, grads =   1.556e-07, unitary_metric = 0.99996
Error = :1.29e-03; Runtime: 1153.8s; Iterations = 5980, grads =   1.682e-07, unitary_metric = 0.99996
Error = :1.29e-03; Runtime: 1157.6s; Iterations = 6000, grads =   2.444e-08, unitary_metric = 0.99996
data saved at: /project/ftchong/qoc/pranav/00035_01_beh2_slice_28.h5


trying total_time: 10.9 for unitary of size (16, 16)
data saved at: /project/ftchong/qoc/pranav/00036_01_beh2_slice_28.h5
Using 7 Taylor terms and 2 Scaling & Squaring terms
Building graph:
Propagators initialized.
Operators weight initialized.
Intermediate propagation variables initialized.
Intermediate propagators initialized.
Vectors initialized.
Training loss initialized.
Optimizer initialized.
Utilities initialized.
Graph built!
Initialized
Error = :9.92e-01; Runtime: 0.4s; Iterations = 0, grads =   7.495e-05, unitary_metric = 1.00000
Error = :8.84e-01; Runtime: 4.9s; Iterations = 20, grads =   1.017e-03, unitary_metric = 0.99999
Error = :7.39e-01; Runtime: 8.8s; Iterations = 40, grads =   1.696e-03, unitary_metric = 0.99999
Error = :5.35e-01; Runtime: 12.5s; Iterations = 60, grads =   5.530e-03, unitary_metric = 0.99999
Error = :5.03e-01; Runtime: 16.2s; Iterations = 80, grads =   2.672e-04, unitary_metric = 0.99999
Error = :5.01e-01; Runtime: 19.8s; Iterations = 100, grads =   1.165e-04, unitary_metric = 0.99999
Error = :5.00e-01; Runtime: 24.0s; Iterations = 120, grads =   1.898e-03, unitary_metric = 0.99999
Error = :5.00e-01; Runtime: 28.0s; Iterations = 140, grads =   3.874e-04, unitary_metric = 0.99999
Error = :5.00e-01; Runtime: 31.9s; Iterations = 160, grads =   5.566e-04, unitary_metric = 0.99999
Error = :5.00e-01; Runtime: 35.8s; Iterations = 180, grads =   3.784e-04, unitary_metric = 0.99999
Error = :5.01e-01; Runtime: 39.8s; Iterations = 200, grads =   5.384e-03, unitary_metric = 0.99999
Error = :5.00e-01; Runtime: 44.0s; Iterations = 220, grads =   6.479e-04, unitary_metric = 0.99999
Error = :5.00e-01; Runtime: 47.9s; Iterations = 240, grads =   1.818e-04, unitary_metric = 0.99999
Error = :5.00e-01; Runtime: 51.8s; Iterations = 260, grads =   5.920e-04, unitary_metric = 0.99999
Error = :5.00e-01; Runtime: 55.7s; Iterations = 280, grads =   3.674e-04, unitary_metric = 0.99999
Error = :5.00e-01; Runtime: 59.6s; Iterations = 300, grads =   2.204e-05, unitary_metric = 0.99999
Error = :5.00e-01; Runtime: 63.8s; Iterations = 320, grads =   1.704e-03, unitary_metric = 0.99999
Error = :4.99e-01; Runtime: 67.7s; Iterations = 340, grads =   6.544e-05, unitary_metric = 0.99999
Error = :4.99e-01; Runtime: 71.6s; Iterations = 360, grads =   4.274e-05, unitary_metric = 0.99999
Error = :4.95e-01; Runtime: 75.4s; Iterations = 380, grads =   1.789e-04, unitary_metric = 0.99999
Error = :4.62e-01; Runtime: 79.3s; Iterations = 400, grads =   3.132e-04, unitary_metric = 0.99998
Error = :1.99e-01; Runtime: 83.5s; Iterations = 420, grads =   3.898e-02, unitary_metric = 0.99998
Error = :3.69e-02; Runtime: 87.5s; Iterations = 440, grads =   5.722e-03, unitary_metric = 0.99998
Error = :1.25e-02; Runtime: 91.4s; Iterations = 460, grads =   2.252e-04, unitary_metric = 0.99997
Error = :7.22e-03; Runtime: 95.3s; Iterations = 480, grads =   4.469e-05, unitary_metric = 0.99998
Error = :5.22e-03; Runtime: 99.2s; Iterations = 500, grads =   2.471e-05, unitary_metric = 0.99997
Error = :4.14e-03; Runtime: 103.5s; Iterations = 520, grads =   2.435e-06, unitary_metric = 0.99997
Error = :3.43e-03; Runtime: 107.4s; Iterations = 540, grads =   1.534e-06, unitary_metric = 0.99997
Error = :2.91e-03; Runtime: 111.3s; Iterations = 560, grads =   1.046e-06, unitary_metric = 0.99997
Error = :2.52e-03; Runtime: 115.2s; Iterations = 580, grads =   8.288e-07, unitary_metric = 0.99997
Error = :2.21e-03; Runtime: 119.1s; Iterations = 600, grads =   6.773e-07, unitary_metric = 0.99997
Error = :1.96e-03; Runtime: 123.3s; Iterations = 620, grads =   5.617e-07, unitary_metric = 0.99997
Error = :1.75e-03; Runtime: 127.2s; Iterations = 640, grads =   4.725e-07, unitary_metric = 0.99997
Error = :1.58e-03; Runtime: 131.0s; Iterations = 660, grads =   4.005e-07, unitary_metric = 0.99997
Error = :1.42e-03; Runtime: 135.0s; Iterations = 680, grads =   3.414e-07, unitary_metric = 0.99996
Error = :1.29e-03; Runtime: 138.9s; Iterations = 700, grads =   2.946e-07, unitary_metric = 0.99996
Error = :1.18e-03; Runtime: 143.2s; Iterations = 720, grads =   5.513e-06, unitary_metric = 0.99996
Error = :1.24e-03; Runtime: 147.2s; Iterations = 740, grads =   1.098e-03, unitary_metric = 0.99997
Error = :9.98e-04; Runtime: 151.1s; Iterations = 760, grads =   7.630e-06, unitary_metric = 0.99996
data saved at: /project/ftchong/qoc/pranav/00036_01_beh2_slice_28.h5


trying total_time: 10.0 for unitary of size (4, 4)
data saved at: /project/ftchong/qoc/pranav/00037_01_beh2_slice_28.h5
Using 6 Taylor terms and 1 Scaling & Squaring terms
Building graph:
Propagators initialized.
Operators weight initialized.
Intermediate propagation variables initialized.
Intermediate propagators initialized.
Vectors initialized.
Training loss initialized.
Optimizer initialized.
Utilities initialized.
Graph built!
Initialized
Error = :1.56e-01; Runtime: 0.3s; Iterations = 0, grads =   2.853e+00, unitary_metric = 1.00000
Error = :3.83e-03; Runtime: 2.1s; Iterations = 20, grads =   8.344e-02, unitary_metric = 1.00000
Error = :9.64e-04; Runtime: 2.8s; Iterations = 30, grads =   1.992e-02, unitary_metric = 1.00000
data saved at: /project/ftchong/qoc/pranav/00037_01_beh2_slice_28.h5


trying total_time: 5.0 for unitary of size (4, 4)
data saved at: /project/ftchong/qoc/pranav/00038_01_beh2_slice_28.h5
Using 6 Taylor terms and 1 Scaling & Squaring terms
Building graph:
Propagators initialized.
Operators weight initialized.
Intermediate propagation variables initialized.
Intermediate propagators initialized.
Vectors initialized.
Training loss initialized.
Optimizer initialized.
Utilities initialized.
Graph built!
Initialized
Error = :2.08e-01; Runtime: 0.1s; Iterations = 0, grads =   1.769e+00, unitary_metric = 1.00000
Error = :3.00e-04; Runtime: 1.0s; Iterations = 16, grads =   2.486e-03, unitary_metric = 1.00000
data saved at: /project/ftchong/qoc/pranav/00038_01_beh2_slice_28.h5


trying total_time: 2.5 for unitary of size (4, 4)
data saved at: /project/ftchong/qoc/pranav/00039_01_beh2_slice_28.h5
Using 6 Taylor terms and 1 Scaling & Squaring terms
Building graph:
Propagators initialized.
Operators weight initialized.
Intermediate propagation variables initialized.
Intermediate propagators initialized.
Vectors initialized.
Training loss initialized.
Optimizer initialized.
Utilities initialized.
Graph built!
Initialized
Error = :2.12e-01; Runtime: 0.1s; Iterations = 0, grads =   8.871e-01, unitary_metric = 1.00000
Error = :9.65e-05; Runtime: 0.5s; Iterations = 15, grads =   1.380e-04, unitary_metric = 1.00000
data saved at: /project/ftchong/qoc/pranav/00039_01_beh2_slice_28.h5


trying total_time: 1.25 for unitary of size (4, 4)
data saved at: /project/ftchong/qoc/pranav/00040_01_beh2_slice_28.h5
Using 6 Taylor terms and 1 Scaling & Squaring terms
Building graph:
Propagators initialized.
Operators weight initialized.
Intermediate propagation variables initialized.
Intermediate propagators initialized.
Vectors initialized.
Training loss initialized.
Optimizer initialized.
Utilities initialized.
Graph built!
Initialized
Error = :4.16e-02; Runtime: 0.1s; Iterations = 0, grads =   7.494e-02, unitary_metric = 1.00000
Error = :5.28e-04; Runtime: 0.4s; Iterations = 19, grads =   9.803e-04, unitary_metric = 1.00000
data saved at: /project/ftchong/qoc/pranav/00040_01_beh2_slice_28.h5


trying total_time: 0.6 for unitary of size (4, 4)
data saved at: /project/ftchong/qoc/pranav/00041_01_beh2_slice_28.h5
Using 7 Taylor terms and 0 Scaling & Squaring terms
Building graph:
Propagators initialized.
Operators weight initialized.
Intermediate propagation variables initialized.
Intermediate propagators initialized.
Vectors initialized.
Training loss initialized.
Optimizer initialized.
Utilities initialized.
Graph built!
Initialized
Error = :1.41e-02; Runtime: 0.0s; Iterations = 0, grads =   1.528e-02, unitary_metric = 1.00000
Error = :7.59e-04; Runtime: 0.2s; Iterations = 4, grads =   1.962e-04, unitary_metric = 1.00000
data saved at: /project/ftchong/qoc/pranav/00041_01_beh2_slice_28.h5


trying total_time: 0.3 for unitary of size (4, 4)
data saved at: /project/ftchong/qoc/pranav/00042_01_beh2_slice_28.h5
Using 5 Taylor terms and 1 Scaling & Squaring terms
Building graph:
Propagators initialized.
Operators weight initialized.
Intermediate propagation variables initialized.
Intermediate propagators initialized.
Vectors initialized.
Training loss initialized.
Optimizer initialized.
Utilities initialized.
Graph built!
Initialized
Error = :6.86e-03; Runtime: 0.0s; Iterations = 0, grads =   3.548e-03, unitary_metric = 1.00000
Error = :9.61e-04; Runtime: 0.1s; Iterations = 3, grads =   3.937e-04, unitary_metric = 1.00000
data saved at: /project/ftchong/qoc/pranav/00042_01_beh2_slice_28.h5




[10.9, 0.3]
TIME FOR SLICE IS:
10.9
