Running Block:  162


trying total_time: 40.0 for unitary of size (16, 16)
data saved at: /project/ftchong/qoc/pranav/00000_02_beh2_slice_162.h5
Using 5 Taylor terms and 4 Scaling & Squaring terms
Building graph:
Propagators initialized.
Operators weight initialized.
Intermediate propagation variables initialized.
Intermediate propagators initialized.
Vectors initialized.
Training loss initialized.
Optimizer initialized.
Utilities initialized.
Graph built!
Initialized
Error = :9.93e-01; Runtime: 1.3s; Iterations = 0, grads =   3.714e-04, unitary_metric = 1.00033
Error = :8.36e-01; Runtime: 19.2s; Iterations = 20, grads =   4.634e-01, unitary_metric = 1.00034
Error = :6.98e-02; Runtime: 34.2s; Iterations = 40, grads =   5.987e-01, unitary_metric = 1.00024
Error = :1.29e-02; Runtime: 49.1s; Iterations = 60, grads =   1.281e-01, unitary_metric = 1.00025
Error = :1.54e-03; Runtime: 63.8s; Iterations = 80, grads =   3.393e-02, unitary_metric = 1.00022
Error = :6.78e-04; Runtime: 68.2s; Iterations = 86, grads =   4.979e-03, unitary_metric = 1.00024
data saved at: /project/ftchong/qoc/pranav/00000_02_beh2_slice_162.h5


trying total_time: 20.0 for unitary of size (16, 16)
data saved at: /project/ftchong/qoc/pranav/00001_02_beh2_slice_162.h5
Using 7 Taylor terms and 2 Scaling & Squaring terms
Building graph:
Propagators initialized.
Operators weight initialized.
Intermediate propagation variables initialized.
Intermediate propagators initialized.
Vectors initialized.
Training loss initialized.
Optimizer initialized.
Utilities initialized.
Graph built!
Initialized
Error = :9.92e-01; Runtime: 0.6s; Iterations = 0, grads =   4.345e-04, unitary_metric = 1.00002
Error = :8.87e-01; Runtime: 8.8s; Iterations = 20, grads =   1.282e-02, unitary_metric = 1.00000
Error = :5.91e-01; Runtime: 16.2s; Iterations = 40, grads =   2.342e-02, unitary_metric = 0.99999
Error = :3.13e-01; Runtime: 23.6s; Iterations = 60, grads =   1.610e-01, unitary_metric = 0.99999
Error = :2.50e-02; Runtime: 31.0s; Iterations = 80, grads =   5.004e-02, unitary_metric = 0.99999
Error = :1.52e-03; Runtime: 38.3s; Iterations = 100, grads =   6.973e-03, unitary_metric = 0.99999
Error = :9.05e-04; Runtime: 43.6s; Iterations = 113, grads =   2.408e-03, unitary_metric = 0.99999
data saved at: /project/ftchong/qoc/pranav/00001_02_beh2_slice_162.h5


trying total_time: 10.0 for unitary of size (16, 16)
data saved at: /project/ftchong/qoc/pranav/00002_02_beh2_slice_162.h5
Using 7 Taylor terms and 2 Scaling & Squaring terms
Building graph:
Propagators initialized.
Operators weight initialized.
Intermediate propagation variables initialized.
Intermediate propagators initialized.
Vectors initialized.
Training loss initialized.
Optimizer initialized.
Utilities initialized.
Graph built!
Initialized
Error = :9.94e-01; Runtime: 0.3s; Iterations = 0, grads =   3.191e-04, unitary_metric = 1.00000
Error = :8.62e-01; Runtime: 4.5s; Iterations = 20, grads =   1.830e-03, unitary_metric = 0.99999
Error = :5.66e-01; Runtime: 8.1s; Iterations = 40, grads =   5.325e-03, unitary_metric = 0.99999
Error = :3.66e-01; Runtime: 11.6s; Iterations = 60, grads =   3.193e-03, unitary_metric = 0.99998
Error = :1.28e-01; Runtime: 15.1s; Iterations = 80, grads =   8.491e-03, unitary_metric = 0.99998
Error = :7.92e-03; Runtime: 18.6s; Iterations = 100, grads =   4.789e-03, unitary_metric = 0.99998
Error = :9.12e-04; Runtime: 21.0s; Iterations = 112, grads =   6.783e-04, unitary_metric = 0.99998
data saved at: /project/ftchong/qoc/pranav/00002_02_beh2_slice_162.h5


trying total_time: 5.0 for unitary of size (16, 16)
data saved at: /project/ftchong/qoc/pranav/00003_02_beh2_slice_162.h5
Using 7 Taylor terms and 2 Scaling & Squaring terms
Building graph:
Propagators initialized.
Operators weight initialized.
Intermediate propagation variables initialized.
Intermediate propagators initialized.
Vectors initialized.
Training loss initialized.
Optimizer initialized.
Utilities initialized.
Graph built!
Initialized
Error = :9.93e-01; Runtime: 0.2s; Iterations = 0, grads =   1.215e-04, unitary_metric = 1.00000
Error = :9.08e-01; Runtime: 2.2s; Iterations = 20, grads =   3.979e-04, unitary_metric = 0.99999
Error = :8.07e-01; Runtime: 4.0s; Iterations = 40, grads =   5.606e-04, unitary_metric = 0.99999
Error = :6.31e-01; Runtime: 5.7s; Iterations = 60, grads =   9.333e-04, unitary_metric = 0.99999
Error = :5.12e-01; Runtime: 7.4s; Iterations = 80, grads =   4.958e-04, unitary_metric = 0.99999
Error = :4.64e-01; Runtime: 9.2s; Iterations = 100, grads =   2.157e-04, unitary_metric = 0.99999
Error = :3.72e-01; Runtime: 11.1s; Iterations = 120, grads =   1.036e-03, unitary_metric = 0.99999
Error = :2.59e-01; Runtime: 12.9s; Iterations = 140, grads =   8.409e-04, unitary_metric = 0.99999
Error = :2.04e-01; Runtime: 14.6s; Iterations = 160, grads =   1.393e-04, unitary_metric = 0.99999
Error = :1.78e-01; Runtime: 16.4s; Iterations = 180, grads =   6.671e-04, unitary_metric = 0.99999
Error = :1.65e-01; Runtime: 18.1s; Iterations = 200, grads =   9.438e-05, unitary_metric = 0.99999
Error = :1.57e-01; Runtime: 20.0s; Iterations = 220, grads =   1.313e-04, unitary_metric = 0.99999
Error = :1.51e-01; Runtime: 21.7s; Iterations = 240, grads =   2.493e-04, unitary_metric = 0.99999
Error = :1.48e-01; Runtime: 23.4s; Iterations = 260, grads =   4.182e-04, unitary_metric = 0.99999
Error = :1.45e-01; Runtime: 25.1s; Iterations = 280, grads =   9.415e-06, unitary_metric = 0.99999
Error = :1.43e-01; Runtime: 26.9s; Iterations = 300, grads =   5.732e-06, unitary_metric = 0.99999
Error = :1.42e-01; Runtime: 28.8s; Iterations = 320, grads =   1.828e-03, unitary_metric = 0.99999
Error = :1.41e-01; Runtime: 30.5s; Iterations = 340, grads =   8.769e-04, unitary_metric = 0.99998
Error = :1.39e-01; Runtime: 32.2s; Iterations = 360, grads =   9.353e-05, unitary_metric = 0.99999
Error = :1.38e-01; Runtime: 34.0s; Iterations = 380, grads =   1.537e-05, unitary_metric = 0.99998
Error = :1.38e-01; Runtime: 35.7s; Iterations = 400, grads =   2.211e-06, unitary_metric = 0.99998
Error = :1.37e-01; Runtime: 37.6s; Iterations = 420, grads =   2.031e-06, unitary_metric = 0.99999
Error = :1.36e-01; Runtime: 39.3s; Iterations = 440, grads =   7.881e-06, unitary_metric = 0.99999
Error = :1.36e-01; Runtime: 41.0s; Iterations = 460, grads =   3.252e-04, unitary_metric = 0.99999
Error = :1.35e-01; Runtime: 42.7s; Iterations = 480, grads =   1.431e-04, unitary_metric = 0.99999
Error = :1.35e-01; Runtime: 44.5s; Iterations = 500, grads =   3.296e-04, unitary_metric = 0.99999
Error = :1.35e-01; Runtime: 46.4s; Iterations = 520, grads =   6.368e-05, unitary_metric = 0.99999
Error = :1.34e-01; Runtime: 48.2s; Iterations = 540, grads =   6.151e-06, unitary_metric = 0.99999
Error = :1.34e-01; Runtime: 49.9s; Iterations = 560, grads =   1.773e-06, unitary_metric = 0.99998
Error = :1.34e-01; Runtime: 51.6s; Iterations = 580, grads =   9.084e-07, unitary_metric = 0.99999
Error = :1.34e-01; Runtime: 53.4s; Iterations = 600, grads =   6.427e-05, unitary_metric = 0.99998
Error = :1.34e-01; Runtime: 55.2s; Iterations = 620, grads =   7.739e-05, unitary_metric = 0.99999
Error = :1.34e-01; Runtime: 57.0s; Iterations = 640, grads =   3.720e-05, unitary_metric = 0.99999
Error = :1.33e-01; Runtime: 58.7s; Iterations = 660, grads =   3.398e-06, unitary_metric = 0.99999
Error = :1.33e-01; Runtime: 60.4s; Iterations = 680, grads =   1.393e-04, unitary_metric = 0.99999
Error = :1.33e-01; Runtime: 62.1s; Iterations = 700, grads =   6.055e-04, unitary_metric = 0.99999
Error = :1.33e-01; Runtime: 64.0s; Iterations = 720, grads =   6.796e-05, unitary_metric = 0.99998
Error = :1.33e-01; Runtime: 65.8s; Iterations = 740, grads =   6.786e-06, unitary_metric = 0.99999
Error = :1.33e-01; Runtime: 67.5s; Iterations = 760, grads =   2.053e-06, unitary_metric = 0.99999
Error = :1.33e-01; Runtime: 69.2s; Iterations = 780, grads =   1.405e-05, unitary_metric = 0.99999
Error = :1.33e-01; Runtime: 70.9s; Iterations = 800, grads =   1.859e-04, unitary_metric = 0.99999
Error = :1.33e-01; Runtime: 72.8s; Iterations = 820, grads =   4.360e-06, unitary_metric = 0.99998
Error = :1.33e-01; Runtime: 74.5s; Iterations = 840, grads =   3.551e-06, unitary_metric = 0.99999
Error = :1.32e-01; Runtime: 76.3s; Iterations = 860, grads =   7.109e-07, unitary_metric = 0.99998
Error = :1.32e-01; Runtime: 78.0s; Iterations = 880, grads =   4.031e-07, unitary_metric = 0.99999
Error = :1.32e-01; Runtime: 79.7s; Iterations = 900, grads =   1.066e-06, unitary_metric = 0.99999
Error = :1.32e-01; Runtime: 81.6s; Iterations = 920, grads =   1.763e-04, unitary_metric = 0.99998
Error = :1.32e-01; Runtime: 83.3s; Iterations = 940, grads =   2.577e-04, unitary_metric = 0.99999
Error = :1.32e-01; Runtime: 85.0s; Iterations = 960, grads =   1.084e-04, unitary_metric = 0.99998
Error = :1.32e-01; Runtime: 86.8s; Iterations = 980, grads =   7.289e-06, unitary_metric = 0.99999
Error = :1.32e-01; Runtime: 88.5s; Iterations = 1000, grads =   1.765e-06, unitary_metric = 0.99999
Error = :1.32e-01; Runtime: 90.4s; Iterations = 1020, grads =   2.116e-07, unitary_metric = 0.99999
Error = :1.32e-01; Runtime: 92.1s; Iterations = 1040, grads =   1.936e-07, unitary_metric = 0.99999
Error = :1.32e-01; Runtime: 93.8s; Iterations = 1060, grads =   2.626e-07, unitary_metric = 0.99998
Error = :1.32e-01; Runtime: 95.5s; Iterations = 1080, grads =   1.217e-05, unitary_metric = 0.99999
Error = :1.32e-01; Runtime: 97.3s; Iterations = 1100, grads =   1.906e-05, unitary_metric = 0.99999
Error = :1.32e-01; Runtime: 99.1s; Iterations = 1120, grads =   5.927e-05, unitary_metric = 0.99999
Error = :1.32e-01; Runtime: 100.9s; Iterations = 1140, grads =   2.881e-06, unitary_metric = 0.99999
Error = :1.32e-01; Runtime: 102.6s; Iterations = 1160, grads =   1.309e-07, unitary_metric = 0.99999
Error = :1.32e-01; Runtime: 104.3s; Iterations = 1180, grads =   1.250e-07, unitary_metric = 0.99998
Error = :1.32e-01; Runtime: 106.1s; Iterations = 1200, grads =   1.447e-07, unitary_metric = 0.99999
Error = :1.32e-01; Runtime: 107.9s; Iterations = 1220, grads =   8.448e-07, unitary_metric = 0.99999
Error = :1.32e-01; Runtime: 109.7s; Iterations = 1240, grads =   4.095e-04, unitary_metric = 0.99999
Error = :1.32e-01; Runtime: 111.4s; Iterations = 1260, grads =   1.397e-05, unitary_metric = 0.99999
Error = :1.32e-01; Runtime: 113.1s; Iterations = 1280, grads =   4.158e-04, unitary_metric = 0.99999
Error = :1.31e-01; Runtime: 114.9s; Iterations = 1300, grads =   1.208e-06, unitary_metric = 0.99999
Error = :1.31e-01; Runtime: 116.8s; Iterations = 1320, grads =   4.765e-07, unitary_metric = 0.99999
Error = :1.31e-01; Runtime: 118.5s; Iterations = 1340, grads =   1.265e-06, unitary_metric = 0.99999
Error = :1.31e-01; Runtime: 120.3s; Iterations = 1360, grads =   1.318e-07, unitary_metric = 0.99999
Error = :1.31e-01; Runtime: 122.0s; Iterations = 1380, grads =   9.980e-08, unitary_metric = 0.99999
Error = :1.31e-01; Runtime: 123.7s; Iterations = 1400, grads =   1.251e-07, unitary_metric = 0.99999
Error = :1.31e-01; Runtime: 125.6s; Iterations = 1420, grads =   5.347e-07, unitary_metric = 0.99999
Error = :1.31e-01; Runtime: 127.4s; Iterations = 1440, grads =   1.465e-04, unitary_metric = 0.99999
Error = :1.31e-01; Runtime: 129.1s; Iterations = 1460, grads =   8.822e-05, unitary_metric = 0.99999
Error = :1.31e-01; Runtime: 130.8s; Iterations = 1480, grads =   3.492e-07, unitary_metric = 0.99999
Error = :1.31e-01; Runtime: 132.5s; Iterations = 1500, grads =   2.797e-06, unitary_metric = 0.99999
Error = :1.31e-01; Runtime: 134.4s; Iterations = 1520, grads =   3.393e-04, unitary_metric = 0.99999
Error = :1.31e-01; Runtime: 136.1s; Iterations = 1540, grads =   3.579e-05, unitary_metric = 0.99999
Error = :1.31e-01; Runtime: 137.9s; Iterations = 1560, grads =   1.481e-06, unitary_metric = 0.99999
Error = :1.31e-01; Runtime: 139.6s; Iterations = 1580, grads =   2.095e-07, unitary_metric = 0.99999
Error = :1.31e-01; Runtime: 141.3s; Iterations = 1600, grads =   1.545e-07, unitary_metric = 0.99999
Error = :1.31e-01; Runtime: 143.3s; Iterations = 1620, grads =   7.519e-08, unitary_metric = 0.99999
Error = :1.31e-01; Runtime: 145.0s; Iterations = 1640, grads =   1.685e-07, unitary_metric = 0.99999
Error = :1.31e-01; Runtime: 146.7s; Iterations = 1660, grads =   9.385e-05, unitary_metric = 0.99999
Error = :1.31e-01; Runtime: 148.4s; Iterations = 1680, grads =   8.165e-05, unitary_metric = 0.99999
Error = :1.31e-01; Runtime: 150.2s; Iterations = 1700, grads =   2.117e-04, unitary_metric = 0.99999
Error = :1.31e-01; Runtime: 152.1s; Iterations = 1720, grads =   4.765e-06, unitary_metric = 0.99999
Error = :1.31e-01; Runtime: 153.8s; Iterations = 1740, grads =   1.090e-06, unitary_metric = 0.99999
Error = :1.31e-01; Runtime: 155.5s; Iterations = 1760, grads =   4.279e-07, unitary_metric = 0.99999
Error = :1.31e-01; Runtime: 157.2s; Iterations = 1780, grads =   1.411e-07, unitary_metric = 0.99999
Error = :1.31e-01; Runtime: 159.0s; Iterations = 1800, grads =   5.471e-08, unitary_metric = 0.99999
Error = :1.31e-01; Runtime: 160.9s; Iterations = 1820, grads =   5.588e-08, unitary_metric = 0.99999
Error = :1.31e-01; Runtime: 162.6s; Iterations = 1840, grads =   4.570e-07, unitary_metric = 0.99999
Error = :1.31e-01; Runtime: 164.3s; Iterations = 1860, grads =   2.941e-04, unitary_metric = 0.99999
Error = :1.31e-01; Runtime: 166.1s; Iterations = 1880, grads =   5.109e-05, unitary_metric = 0.99999
Error = :1.31e-01; Runtime: 167.8s; Iterations = 1900, grads =   3.462e-07, unitary_metric = 0.99999
Error = :1.31e-01; Runtime: 169.7s; Iterations = 1920, grads =   1.062e-06, unitary_metric = 0.99999
Error = :1.31e-01; Runtime: 171.4s; Iterations = 1940, grads =   6.119e-05, unitary_metric = 0.99999
Error = :1.31e-01; Runtime: 173.1s; Iterations = 1960, grads =   1.371e-04, unitary_metric = 0.99999
Error = :1.31e-01; Runtime: 174.9s; Iterations = 1980, grads =   1.133e-05, unitary_metric = 0.99999
Error = :1.31e-01; Runtime: 176.6s; Iterations = 2000, grads =   5.077e-07, unitary_metric = 0.99999
Error = :1.31e-01; Runtime: 178.5s; Iterations = 2020, grads =   1.111e-07, unitary_metric = 0.99998
Error = :1.31e-01; Runtime: 180.2s; Iterations = 2040, grads =   6.658e-08, unitary_metric = 0.99998
Error = :1.31e-01; Runtime: 181.9s; Iterations = 2060, grads =   4.085e-08, unitary_metric = 0.99999
Error = :1.31e-01; Runtime: 183.7s; Iterations = 2080, grads =   5.327e-08, unitary_metric = 0.99998
Error = :1.31e-01; Runtime: 185.4s; Iterations = 2100, grads =   1.792e-06, unitary_metric = 0.99999
Error = :1.31e-01; Runtime: 187.3s; Iterations = 2120, grads =   2.040e-04, unitary_metric = 0.99999
Error = :1.31e-01; Runtime: 189.0s; Iterations = 2140, grads =   1.911e-05, unitary_metric = 0.99999
Error = :1.31e-01; Runtime: 190.7s; Iterations = 2160, grads =   8.679e-06, unitary_metric = 0.99998
Error = :1.31e-01; Runtime: 192.4s; Iterations = 2180, grads =   1.604e-04, unitary_metric = 0.99998
Error = :1.31e-01; Runtime: 194.2s; Iterations = 2200, grads =   2.059e-05, unitary_metric = 0.99999
Error = :1.31e-01; Runtime: 196.0s; Iterations = 2220, grads =   5.252e-07, unitary_metric = 0.99999
Error = :1.31e-01; Runtime: 197.8s; Iterations = 2240, grads =   3.284e-07, unitary_metric = 0.99999
Error = :1.31e-01; Runtime: 199.5s; Iterations = 2260, grads =   3.022e-08, unitary_metric = 0.99999
Error = :1.31e-01; Runtime: 201.2s; Iterations = 2280, grads =   3.022e-08, unitary_metric = 0.99999
Error = :1.31e-01; Runtime: 202.9s; Iterations = 2300, grads =   3.821e-08, unitary_metric = 0.99999
Error = :1.31e-01; Runtime: 204.8s; Iterations = 2320, grads =   2.767e-07, unitary_metric = 0.99999
Error = :1.31e-01; Runtime: 206.5s; Iterations = 2340, grads =   7.150e-05, unitary_metric = 0.99999
Error = :1.31e-01; Runtime: 208.3s; Iterations = 2360, grads =   1.831e-05, unitary_metric = 0.99999
Error = :1.31e-01; Runtime: 210.0s; Iterations = 2380, grads =   8.449e-05, unitary_metric = 0.99999
Error = :1.31e-01; Runtime: 211.7s; Iterations = 2400, grads =   1.525e-06, unitary_metric = 0.99999
Error = :1.31e-01; Runtime: 213.6s; Iterations = 2420, grads =   3.464e-06, unitary_metric = 0.99999
Error = :1.31e-01; Runtime: 215.3s; Iterations = 2440, grads =   4.761e-07, unitary_metric = 0.99999
Error = :1.31e-01; Runtime: 217.1s; Iterations = 2460, grads =   7.616e-08, unitary_metric = 0.99999
Error = :1.31e-01; Runtime: 218.8s; Iterations = 2480, grads =   3.181e-08, unitary_metric = 0.99999
Error = :1.31e-01; Runtime: 220.5s; Iterations = 2500, grads =   2.439e-08, unitary_metric = 0.99999
Error = :1.31e-01; Runtime: 222.4s; Iterations = 2520, grads =   2.296e-08, unitary_metric = 0.99999
Error = :1.31e-01; Runtime: 224.1s; Iterations = 2540, grads =   2.975e-08, unitary_metric = 0.99999
Error = :1.31e-01; Runtime: 225.9s; Iterations = 2560, grads =   1.112e-06, unitary_metric = 0.99999
Error = :1.31e-01; Runtime: 227.6s; Iterations = 2580, grads =   1.740e-04, unitary_metric = 0.99999
Error = :1.31e-01; Runtime: 229.3s; Iterations = 2600, grads =   1.581e-05, unitary_metric = 0.99999
Error = :1.31e-01; Runtime: 231.2s; Iterations = 2620, grads =   2.767e-06, unitary_metric = 0.99999
Error = :1.31e-01; Runtime: 232.9s; Iterations = 2640, grads =   1.595e-04, unitary_metric = 0.99999
Error = :1.31e-01; Runtime: 234.6s; Iterations = 2660, grads =   2.857e-06, unitary_metric = 0.99999
Error = :1.31e-01; Runtime: 236.4s; Iterations = 2680, grads =   3.133e-06, unitary_metric = 0.99999
Error = :1.31e-01; Runtime: 238.1s; Iterations = 2700, grads =   2.601e-08, unitary_metric = 0.99999
Error = :1.31e-01; Runtime: 240.0s; Iterations = 2720, grads =   5.913e-08, unitary_metric = 0.99999
Error = :1.31e-01; Runtime: 241.7s; Iterations = 2740, grads =   2.688e-08, unitary_metric = 0.99999
Error = :1.31e-01; Runtime: 243.4s; Iterations = 2760, grads =   2.569e-08, unitary_metric = 0.99999
Error = :1.31e-01; Runtime: 245.3s; Iterations = 2780, grads =   4.517e-08, unitary_metric = 0.99999
Error = :1.31e-01; Runtime: 247.0s; Iterations = 2800, grads =   7.527e-07, unitary_metric = 0.99999
Error = :1.31e-01; Runtime: 248.9s; Iterations = 2820, grads =   1.138e-04, unitary_metric = 0.99999
Error = :1.31e-01; Runtime: 250.6s; Iterations = 2840, grads =   6.468e-05, unitary_metric = 0.99999
Error = :1.31e-01; Runtime: 252.3s; Iterations = 2860, grads =   7.989e-06, unitary_metric = 0.99999
Error = :1.31e-01; Runtime: 254.1s; Iterations = 2880, grads =   5.822e-07, unitary_metric = 0.99999
Error = :1.31e-01; Runtime: 255.8s; Iterations = 2900, grads =   1.392e-07, unitary_metric = 0.99999
Error = :1.31e-01; Runtime: 257.8s; Iterations = 2920, grads =   4.762e-08, unitary_metric = 0.99999
Error = :1.31e-01; Runtime: 259.5s; Iterations = 2940, grads =   5.574e-08, unitary_metric = 0.99999
Error = :1.31e-01; Runtime: 261.3s; Iterations = 2960, grads =   6.458e-08, unitary_metric = 0.99999
Error = :1.31e-01; Runtime: 263.0s; Iterations = 2980, grads =   6.872e-08, unitary_metric = 0.99999
Error = :1.31e-01; Runtime: 264.7s; Iterations = 3000, grads =   8.367e-08, unitary_metric = 0.99999
Error = :1.31e-01; Runtime: 266.6s; Iterations = 3020, grads =   1.119e-06, unitary_metric = 0.99999
Error = :1.31e-01; Runtime: 268.4s; Iterations = 3040, grads =   1.733e-04, unitary_metric = 0.99999
Error = :1.31e-01; Runtime: 270.1s; Iterations = 3060, grads =   2.293e-05, unitary_metric = 0.99999
Error = :1.31e-01; Runtime: 271.8s; Iterations = 3080, grads =   3.498e-06, unitary_metric = 0.99999
Error = :1.31e-01; Runtime: 273.6s; Iterations = 3100, grads =   7.560e-07, unitary_metric = 0.99999
Error = :1.31e-01; Runtime: 275.4s; Iterations = 3120, grads =   9.672e-08, unitary_metric = 0.99999
Error = :1.31e-01; Runtime: 277.2s; Iterations = 3140, grads =   4.317e-08, unitary_metric = 0.99999
Error = :1.31e-01; Runtime: 278.9s; Iterations = 3160, grads =   3.333e-08, unitary_metric = 0.99999
Error = :1.31e-01; Runtime: 280.6s; Iterations = 3180, grads =   3.117e-08, unitary_metric = 0.99999
Error = :1.31e-01; Runtime: 282.3s; Iterations = 3200, grads =   2.964e-08, unitary_metric = 0.99999
Error = :1.31e-01; Runtime: 284.2s; Iterations = 3220, grads =   3.277e-08, unitary_metric = 0.99999
Error = :1.31e-01; Runtime: 286.0s; Iterations = 3240, grads =   2.008e-07, unitary_metric = 0.99999
Error = :1.31e-01; Runtime: 287.7s; Iterations = 3260, grads =   1.875e-05, unitary_metric = 0.99999
Error = :1.31e-01; Runtime: 289.4s; Iterations = 3280, grads =   1.332e-05, unitary_metric = 0.99999
Error = :1.31e-01; Runtime: 291.2s; Iterations = 3300, grads =   5.962e-06, unitary_metric = 0.99999
Error = :1.31e-01; Runtime: 293.0s; Iterations = 3320, grads =   9.704e-07, unitary_metric = 0.99999
Error = :1.31e-01; Runtime: 294.8s; Iterations = 3340, grads =   8.247e-08, unitary_metric = 0.99999
Error = :1.31e-01; Runtime: 296.5s; Iterations = 3360, grads =   3.537e-08, unitary_metric = 0.99999
Error = :1.31e-01; Runtime: 298.2s; Iterations = 3380, grads =   2.585e-08, unitary_metric = 0.99999
Error = :1.31e-01; Runtime: 299.9s; Iterations = 3400, grads =   2.294e-08, unitary_metric = 0.99999
Error = :1.31e-01; Runtime: 301.8s; Iterations = 3420, grads =   2.280e-08, unitary_metric = 0.99999
Error = :1.31e-01; Runtime: 303.6s; Iterations = 3440, grads =   3.591e-08, unitary_metric = 0.99999
Error = :1.31e-01; Runtime: 305.3s; Iterations = 3460, grads =   6.725e-07, unitary_metric = 0.99999
Error = :1.31e-01; Runtime: 307.0s; Iterations = 3480, grads =   8.241e-05, unitary_metric = 0.99999
Error = :1.31e-01; Runtime: 308.7s; Iterations = 3500, grads =   1.130e-05, unitary_metric = 0.99999
Error = :1.31e-01; Runtime: 310.6s; Iterations = 3520, grads =   2.610e-06, unitary_metric = 0.99999
Error = :1.31e-01; Runtime: 312.4s; Iterations = 3540, grads =   4.979e-07, unitary_metric = 0.99999
Error = :1.31e-01; Runtime: 314.1s; Iterations = 3560, grads =   9.449e-08, unitary_metric = 0.99999
Error = :1.31e-01; Runtime: 315.8s; Iterations = 3580, grads =   2.710e-08, unitary_metric = 0.99999
Error = :1.31e-01; Runtime: 317.6s; Iterations = 3600, grads =   2.335e-08, unitary_metric = 0.99999
Error = :1.31e-01; Runtime: 319.5s; Iterations = 3620, grads =   2.267e-08, unitary_metric = 0.99999
Error = :1.31e-01; Runtime: 321.3s; Iterations = 3640, grads =   2.282e-08, unitary_metric = 0.99999
Error = :1.31e-01; Runtime: 323.0s; Iterations = 3660, grads =   5.239e-08, unitary_metric = 0.99999
Error = :1.31e-01; Runtime: 324.7s; Iterations = 3680, grads =   1.000e-06, unitary_metric = 0.99999
Error = :1.31e-01; Runtime: 326.4s; Iterations = 3700, grads =   9.125e-05, unitary_metric = 0.99999
Error = :1.31e-01; Runtime: 328.2s; Iterations = 3720, grads =   1.980e-06, unitary_metric = 0.99999
Error = :1.31e-01; Runtime: 329.9s; Iterations = 3740, grads =   1.620e-06, unitary_metric = 0.99999
Error = :1.31e-01; Runtime: 331.6s; Iterations = 3760, grads =   4.259e-07, unitary_metric = 0.99999
Error = :1.31e-01; Runtime: 333.2s; Iterations = 3780, grads =   9.234e-08, unitary_metric = 0.99999
Error = :1.31e-01; Runtime: 334.9s; Iterations = 3800, grads =   2.540e-08, unitary_metric = 0.99999
Error = :1.31e-01; Runtime: 336.8s; Iterations = 3820, grads =   2.322e-08, unitary_metric = 0.99999
Error = :1.31e-01; Runtime: 338.5s; Iterations = 3840, grads =   2.079e-08, unitary_metric = 0.99999
Error = :1.31e-01; Runtime: 340.1s; Iterations = 3860, grads =   2.452e-08, unitary_metric = 0.99999
Error = :1.31e-01; Runtime: 341.8s; Iterations = 3880, grads =   4.106e-08, unitary_metric = 0.99999
Error = :1.31e-01; Runtime: 343.5s; Iterations = 3900, grads =   1.206e-06, unitary_metric = 0.99999
Error = :1.31e-01; Runtime: 345.4s; Iterations = 3920, grads =   7.854e-05, unitary_metric = 0.99999
Error = :1.31e-01; Runtime: 347.1s; Iterations = 3940, grads =   7.312e-07, unitary_metric = 0.99999
Error = :1.31e-01; Runtime: 348.7s; Iterations = 3960, grads =   1.463e-05, unitary_metric = 0.99999
Error = :1.31e-01; Runtime: 350.4s; Iterations = 3980, grads =   1.696e-05, unitary_metric = 0.99999
Error = :1.31e-01; Runtime: 352.1s; Iterations = 4000, grads =   2.075e-07, unitary_metric = 0.99999
Error = :1.31e-01; Runtime: 353.9s; Iterations = 4020, grads =   8.101e-08, unitary_metric = 0.99999
Error = :1.31e-01; Runtime: 355.6s; Iterations = 4040, grads =   3.982e-08, unitary_metric = 0.99999
Error = :1.31e-01; Runtime: 357.3s; Iterations = 4060, grads =   2.217e-08, unitary_metric = 0.99999
Error = :1.31e-01; Runtime: 359.0s; Iterations = 4080, grads =   2.553e-08, unitary_metric = 0.99999
Error = :1.31e-01; Runtime: 360.7s; Iterations = 4100, grads =   9.367e-08, unitary_metric = 0.99999
Error = :1.31e-01; Runtime: 362.5s; Iterations = 4120, grads =   3.433e-06, unitary_metric = 0.99999
Error = :1.31e-01; Runtime: 364.2s; Iterations = 4140, grads =   2.265e-05, unitary_metric = 0.99999
Error = :1.31e-01; Runtime: 365.9s; Iterations = 4160, grads =   2.757e-06, unitary_metric = 0.99999
Error = :1.31e-01; Runtime: 367.6s; Iterations = 4180, grads =   1.389e-07, unitary_metric = 0.99999
Error = :1.31e-01; Runtime: 369.3s; Iterations = 4200, grads =   5.074e-08, unitary_metric = 0.99999
Error = :1.31e-01; Runtime: 371.2s; Iterations = 4220, grads =   4.291e-08, unitary_metric = 0.99999
Error = :1.31e-01; Runtime: 372.8s; Iterations = 4240, grads =   1.172e-06, unitary_metric = 0.99999
Error = :1.31e-01; Runtime: 374.5s; Iterations = 4260, grads =   2.384e-05, unitary_metric = 0.99999
Error = :1.31e-01; Runtime: 376.2s; Iterations = 4280, grads =   2.660e-06, unitary_metric = 0.99999
Error = :1.31e-01; Runtime: 377.9s; Iterations = 4300, grads =   8.664e-08, unitary_metric = 0.99999
Error = :1.31e-01; Runtime: 379.7s; Iterations = 4320, grads =   2.883e-06, unitary_metric = 0.99999
Error = :1.31e-01; Runtime: 381.4s; Iterations = 4340, grads =   1.573e-05, unitary_metric = 0.99999
Error = :1.31e-01; Runtime: 383.1s; Iterations = 4360, grads =   4.269e-06, unitary_metric = 0.99999
Error = :1.31e-01; Runtime: 384.8s; Iterations = 4380, grads =   3.157e-07, unitary_metric = 0.99999
Error = :1.31e-01; Runtime: 386.5s; Iterations = 4400, grads =   2.698e-08, unitary_metric = 0.99999
Error = :1.31e-01; Runtime: 388.3s; Iterations = 4420, grads =   2.020e-08, unitary_metric = 0.99999
Error = :1.31e-01; Runtime: 390.0s; Iterations = 4440, grads =   1.048e-07, unitary_metric = 0.99999
Error = :1.31e-01; Runtime: 391.6s; Iterations = 4460, grads =   1.179e-05, unitary_metric = 0.99999
Error = :1.31e-01; Runtime: 393.3s; Iterations = 4480, grads =   8.166e-06, unitary_metric = 0.99999
Error = :1.31e-01; Runtime: 395.0s; Iterations = 4500, grads =   5.294e-07, unitary_metric = 0.99999
Error = :1.31e-01; Runtime: 396.9s; Iterations = 4520, grads =   1.565e-08, unitary_metric = 0.99999
Error = :1.31e-01; Runtime: 398.5s; Iterations = 4540, grads =   3.162e-08, unitary_metric = 0.99999
Error = :1.31e-01; Runtime: 400.2s; Iterations = 4560, grads =   5.625e-07, unitary_metric = 0.99999
Error = :1.31e-01; Runtime: 401.9s; Iterations = 4580, grads =   7.255e-05, unitary_metric = 0.99999
Error = :1.31e-01; Runtime: 403.6s; Iterations = 4600, grads =   5.695e-06, unitary_metric = 0.99999
Error = :1.31e-01; Runtime: 405.4s; Iterations = 4620, grads =   3.219e-08, unitary_metric = 0.99999
Error = :1.31e-01; Runtime: 407.1s; Iterations = 4640, grads =   4.265e-08, unitary_metric = 0.99999
Error = :1.31e-01; Runtime: 408.8s; Iterations = 4660, grads =   5.892e-07, unitary_metric = 0.99999
Error = :1.31e-01; Runtime: 410.4s; Iterations = 4680, grads =   2.570e-05, unitary_metric = 0.99999
Error = :1.31e-01; Runtime: 412.1s; Iterations = 4700, grads =   9.313e-07, unitary_metric = 0.99999
Error = :1.31e-01; Runtime: 414.0s; Iterations = 4720, grads =   3.431e-08, unitary_metric = 0.99999
Error = :1.31e-01; Runtime: 415.6s; Iterations = 4740, grads =   6.294e-08, unitary_metric = 0.99999
Error = :1.31e-01; Runtime: 417.3s; Iterations = 4760, grads =   1.142e-08, unitary_metric = 0.99999
Error = :1.31e-01; Runtime: 419.0s; Iterations = 4780, grads =   1.095e-08, unitary_metric = 0.99999
Error = :1.31e-01; Runtime: 420.7s; Iterations = 4800, grads =   1.142e-08, unitary_metric = 0.99999
Error = :1.31e-01; Runtime: 422.5s; Iterations = 4820, grads =   1.513e-08, unitary_metric = 0.99999
Error = :1.31e-01; Runtime: 424.2s; Iterations = 4840, grads =   1.332e-08, unitary_metric = 0.99999
Error = :1.31e-01; Runtime: 425.8s; Iterations = 4860, grads =   6.057e-08, unitary_metric = 0.99999
Error = :1.31e-01; Runtime: 427.5s; Iterations = 4880, grads =   5.921e-06, unitary_metric = 0.99999
Error = :1.31e-01; Runtime: 429.2s; Iterations = 4900, grads =   6.711e-05, unitary_metric = 0.99999
Error = :1.31e-01; Runtime: 431.0s; Iterations = 4920, grads =   7.000e-06, unitary_metric = 0.99999
Error = :1.31e-01; Runtime: 432.7s; Iterations = 4940, grads =   1.062e-06, unitary_metric = 0.99999
Error = :1.31e-01; Runtime: 434.4s; Iterations = 4960, grads =   6.728e-08, unitary_metric = 0.99999
Error = :1.31e-01; Runtime: 436.1s; Iterations = 4980, grads =   1.971e-08, unitary_metric = 0.99999
Error = :1.31e-01; Runtime: 437.7s; Iterations = 5000, grads =   2.021e-08, unitary_metric = 0.99999
Error = :1.31e-01; Runtime: 439.6s; Iterations = 5020, grads =   1.945e-08, unitary_metric = 0.99999
Error = :1.31e-01; Runtime: 441.2s; Iterations = 5040, grads =   1.977e-08, unitary_metric = 0.99999
Error = :1.31e-01; Runtime: 442.9s; Iterations = 5060, grads =   2.101e-08, unitary_metric = 0.99999
Error = :1.31e-01; Runtime: 444.6s; Iterations = 5080, grads =   6.196e-08, unitary_metric = 0.99999
Error = :1.31e-01; Runtime: 446.3s; Iterations = 5100, grads =   7.824e-06, unitary_metric = 0.99999
Error = :1.31e-01; Runtime: 448.1s; Iterations = 5120, grads =   6.405e-06, unitary_metric = 0.99999
Error = :1.31e-01; Runtime: 449.8s; Iterations = 5140, grads =   8.379e-07, unitary_metric = 0.99999
Error = :1.31e-01; Runtime: 451.5s; Iterations = 5160, grads =   1.047e-07, unitary_metric = 0.99999
Error = :1.31e-01; Runtime: 453.2s; Iterations = 5180, grads =   1.874e-07, unitary_metric = 0.99999
Error = :1.31e-01; Runtime: 454.8s; Iterations = 5200, grads =   1.896e-05, unitary_metric = 0.99999
Error = :1.31e-01; Runtime: 456.7s; Iterations = 5220, grads =   5.359e-06, unitary_metric = 0.99999
Error = :1.31e-01; Runtime: 458.4s; Iterations = 5240, grads =   7.843e-07, unitary_metric = 0.99999
Error = :1.31e-01; Runtime: 460.0s; Iterations = 5260, grads =   3.068e-08, unitary_metric = 0.99999
Error = :1.31e-01; Runtime: 461.7s; Iterations = 5280, grads =   3.494e-08, unitary_metric = 0.99999
Error = :1.31e-01; Runtime: 463.4s; Iterations = 5300, grads =   2.682e-08, unitary_metric = 0.99999
Error = :1.31e-01; Runtime: 465.2s; Iterations = 5320, grads =   1.199e-07, unitary_metric = 0.99999
Error = :1.31e-01; Runtime: 466.9s; Iterations = 5340, grads =   1.093e-05, unitary_metric = 0.99999
Error = :1.31e-01; Runtime: 468.6s; Iterations = 5360, grads =   2.638e-06, unitary_metric = 0.99999
Error = :1.31e-01; Runtime: 470.2s; Iterations = 5380, grads =   5.031e-07, unitary_metric = 0.99999
Error = :1.31e-01; Runtime: 471.9s; Iterations = 5400, grads =   1.197e-06, unitary_metric = 0.99999
Error = :1.31e-01; Runtime: 473.8s; Iterations = 5420, grads =   1.385e-05, unitary_metric = 0.99999
Error = :1.31e-01; Runtime: 475.5s; Iterations = 5440, grads =   3.165e-08, unitary_metric = 0.99999
Error = :1.31e-01; Runtime: 477.2s; Iterations = 5460, grads =   2.136e-07, unitary_metric = 0.99999
Error = :1.31e-01; Runtime: 478.9s; Iterations = 5480, grads =   6.055e-08, unitary_metric = 0.99999
Error = :1.31e-01; Runtime: 480.6s; Iterations = 5500, grads =   2.997e-08, unitary_metric = 0.99999
Error = :1.31e-01; Runtime: 482.4s; Iterations = 5520, grads =   2.600e-08, unitary_metric = 0.99999
Error = :1.31e-01; Runtime: 484.1s; Iterations = 5540, grads =   3.889e-08, unitary_metric = 0.99999
Error = :1.31e-01; Runtime: 485.7s; Iterations = 5560, grads =   2.497e-06, unitary_metric = 0.99999
Error = :1.31e-01; Runtime: 487.4s; Iterations = 5580, grads =   1.267e-05, unitary_metric = 0.99999
Error = :1.31e-01; Runtime: 489.1s; Iterations = 5600, grads =   3.855e-06, unitary_metric = 0.99999
Error = :1.31e-01; Runtime: 490.9s; Iterations = 5620, grads =   3.615e-07, unitary_metric = 0.99999
Error = :1.31e-01; Runtime: 492.6s; Iterations = 5640, grads =   8.214e-08, unitary_metric = 0.99999
Error = :1.31e-01; Runtime: 494.3s; Iterations = 5660, grads =   4.297e-08, unitary_metric = 0.99999
Error = :1.31e-01; Runtime: 496.0s; Iterations = 5680, grads =   2.824e-08, unitary_metric = 0.99999
Error = :1.31e-01; Runtime: 497.6s; Iterations = 5700, grads =   2.152e-08, unitary_metric = 0.99999
Error = :1.31e-01; Runtime: 499.5s; Iterations = 5720, grads =   2.179e-08, unitary_metric = 0.99999
Error = :1.31e-01; Runtime: 501.1s; Iterations = 5740, grads =   2.957e-08, unitary_metric = 0.99999
Error = :1.31e-01; Runtime: 502.8s; Iterations = 5760, grads =   4.326e-07, unitary_metric = 0.99999
Error = :1.31e-01; Runtime: 504.5s; Iterations = 5780, grads =   1.953e-05, unitary_metric = 0.99999
Error = :1.31e-01; Runtime: 506.2s; Iterations = 5800, grads =   9.849e-08, unitary_metric = 0.99999
Error = :1.31e-01; Runtime: 508.0s; Iterations = 5820, grads =   7.783e-07, unitary_metric = 0.99999
Error = :1.31e-01; Runtime: 509.7s; Iterations = 5840, grads =   5.622e-06, unitary_metric = 0.99999
Error = :1.31e-01; Runtime: 511.4s; Iterations = 5860, grads =   6.972e-07, unitary_metric = 0.99999
Error = :1.31e-01; Runtime: 513.0s; Iterations = 5880, grads =   2.969e-08, unitary_metric = 0.99999
Error = :1.31e-01; Runtime: 514.7s; Iterations = 5900, grads =   3.476e-08, unitary_metric = 0.99999
Error = :1.31e-01; Runtime: 516.6s; Iterations = 5920, grads =   2.238e-08, unitary_metric = 0.99999
Error = :1.31e-01; Runtime: 518.2s; Iterations = 5940, grads =   2.125e-08, unitary_metric = 0.99999
Error = :1.31e-01; Runtime: 519.9s; Iterations = 5960, grads =   2.141e-08, unitary_metric = 0.99999
Error = :1.31e-01; Runtime: 521.6s; Iterations = 5980, grads =   2.317e-08, unitary_metric = 0.99999
Error = :1.31e-01; Runtime: 523.3s; Iterations = 6000, grads =   1.476e-07, unitary_metric = 0.99999
data saved at: /project/ftchong/qoc/pranav/00003_02_beh2_slice_162.h5


trying total_time: 7.5 for unitary of size (16, 16)
data saved at: /project/ftchong/qoc/pranav/00004_02_beh2_slice_162.h5
Using 7 Taylor terms and 2 Scaling & Squaring terms
Building graph:
Propagators initialized.
Operators weight initialized.
Intermediate propagation variables initialized.
Intermediate propagators initialized.
Vectors initialized.
Training loss initialized.
Optimizer initialized.
Utilities initialized.
Graph built!
Initialized
Error = :9.92e-01; Runtime: 0.2s; Iterations = 0, grads =   5.241e-05, unitary_metric = 1.00000
Error = :8.87e-01; Runtime: 3.2s; Iterations = 20, grads =   1.746e-03, unitary_metric = 0.99999
Error = :6.70e-01; Runtime: 5.7s; Iterations = 40, grads =   2.182e-03, unitary_metric = 0.99999
Error = :5.14e-01; Runtime: 8.2s; Iterations = 60, grads =   9.908e-04, unitary_metric = 0.99999
Error = :3.77e-01; Runtime: 10.7s; Iterations = 80, grads =   2.009e-03, unitary_metric = 0.99999
Error = :1.60e-01; Runtime: 13.2s; Iterations = 100, grads =   5.012e-03, unitary_metric = 0.99999
Error = :4.44e-02; Runtime: 16.0s; Iterations = 120, grads =   7.353e-04, unitary_metric = 0.99998
Error = :1.20e-02; Runtime: 18.5s; Iterations = 140, grads =   2.305e-04, unitary_metric = 0.99998
Error = :4.46e-03; Runtime: 21.0s; Iterations = 160, grads =   3.852e-04, unitary_metric = 0.99998
Error = :2.25e-03; Runtime: 23.5s; Iterations = 180, grads =   1.704e-03, unitary_metric = 0.99998
Error = :1.24e-03; Runtime: 26.0s; Iterations = 200, grads =   4.005e-04, unitary_metric = 0.99998
Error = :9.74e-04; Runtime: 27.8s; Iterations = 212, grads =   4.188e-04, unitary_metric = 0.99998
data saved at: /project/ftchong/qoc/pranav/00004_02_beh2_slice_162.h5


trying total_time: 6.25 for unitary of size (16, 16)
data saved at: /project/ftchong/qoc/pranav/00005_02_beh2_slice_162.h5
Using 7 Taylor terms and 2 Scaling & Squaring terms
Building graph:
Propagators initialized.
Operators weight initialized.
Intermediate propagation variables initialized.
Intermediate propagators initialized.
Vectors initialized.
Training loss initialized.
Optimizer initialized.
Utilities initialized.
Graph built!
Initialized
Error = :9.93e-01; Runtime: 0.2s; Iterations = 0, grads =   7.754e-05, unitary_metric = 1.00000
Error = :8.94e-01; Runtime: 2.7s; Iterations = 20, grads =   4.801e-04, unitary_metric = 0.99999
Error = :7.79e-01; Runtime: 4.8s; Iterations = 40, grads =   1.144e-03, unitary_metric = 0.99999
Error = :5.63e-01; Runtime: 6.9s; Iterations = 60, grads =   2.085e-03, unitary_metric = 0.99999
Error = :3.79e-01; Runtime: 9.0s; Iterations = 80, grads =   1.937e-03, unitary_metric = 0.99999
Error = :1.79e-01; Runtime: 11.1s; Iterations = 100, grads =   1.527e-03, unitary_metric = 0.99999
Error = :7.69e-02; Runtime: 13.3s; Iterations = 120, grads =   2.301e-03, unitary_metric = 0.99999
Error = :4.25e-02; Runtime: 15.4s; Iterations = 140, grads =   3.621e-04, unitary_metric = 0.99999
Error = :2.92e-02; Runtime: 17.5s; Iterations = 160, grads =   9.968e-05, unitary_metric = 0.99998
Error = :2.33e-02; Runtime: 19.6s; Iterations = 180, grads =   2.839e-03, unitary_metric = 0.99999
Error = :1.97e-02; Runtime: 21.7s; Iterations = 200, grads =   6.819e-04, unitary_metric = 0.99999
Error = :1.75e-02; Runtime: 24.0s; Iterations = 220, grads =   9.992e-05, unitary_metric = 0.99999
Error = :1.63e-02; Runtime: 26.1s; Iterations = 240, grads =   1.697e-03, unitary_metric = 0.99999
Error = :1.51e-02; Runtime: 28.2s; Iterations = 260, grads =   6.016e-04, unitary_metric = 0.99998
Error = :1.42e-02; Runtime: 30.3s; Iterations = 280, grads =   3.151e-04, unitary_metric = 0.99999
Error = :1.37e-02; Runtime: 32.4s; Iterations = 300, grads =   1.941e-03, unitary_metric = 0.99999
Error = :1.33e-02; Runtime: 34.7s; Iterations = 320, grads =   2.409e-03, unitary_metric = 0.99999
Error = :1.25e-02; Runtime: 36.8s; Iterations = 340, grads =   2.436e-04, unitary_metric = 0.99999
Error = :1.21e-02; Runtime: 38.9s; Iterations = 360, grads =   1.122e-05, unitary_metric = 0.99999
Error = :1.17e-02; Runtime: 41.0s; Iterations = 380, grads =   1.024e-05, unitary_metric = 0.99999
Error = :1.16e-02; Runtime: 43.1s; Iterations = 400, grads =   1.386e-03, unitary_metric = 0.99999
Error = :1.11e-02; Runtime: 45.3s; Iterations = 420, grads =   5.945e-05, unitary_metric = 0.99999
Error = :1.08e-02; Runtime: 47.4s; Iterations = 440, grads =   8.072e-06, unitary_metric = 0.99999
Error = :1.09e-02; Runtime: 49.5s; Iterations = 460, grads =   2.585e-03, unitary_metric = 0.99999
Error = :1.04e-02; Runtime: 51.6s; Iterations = 480, grads =   5.119e-04, unitary_metric = 0.99999
Error = :1.02e-02; Runtime: 53.7s; Iterations = 500, grads =   2.346e-05, unitary_metric = 0.99999
Error = :1.00e-02; Runtime: 56.1s; Iterations = 520, grads =   1.240e-05, unitary_metric = 0.99999
Error = :9.89e-03; Runtime: 58.2s; Iterations = 540, grads =   2.345e-04, unitary_metric = 0.99999
Error = :9.84e-03; Runtime: 60.3s; Iterations = 560, grads =   1.048e-03, unitary_metric = 0.99999
Error = :9.60e-03; Runtime: 62.4s; Iterations = 580, grads =   1.171e-04, unitary_metric = 0.99998
Error = :9.47e-03; Runtime: 64.5s; Iterations = 600, grads =   1.590e-05, unitary_metric = 0.99998
Error = :9.36e-03; Runtime: 66.7s; Iterations = 620, grads =   2.564e-06, unitary_metric = 0.99998
Error = :9.81e-03; Runtime: 68.8s; Iterations = 640, grads =   4.652e-03, unitary_metric = 0.99999
Error = :9.24e-03; Runtime: 70.9s; Iterations = 660, grads =   6.223e-04, unitary_metric = 0.99999
Error = :9.09e-03; Runtime: 73.0s; Iterations = 680, grads =   4.851e-05, unitary_metric = 0.99998
Error = :9.07e-03; Runtime: 75.1s; Iterations = 700, grads =   5.440e-04, unitary_metric = 0.99998
Error = :8.98e-03; Runtime: 77.4s; Iterations = 720, grads =   3.825e-04, unitary_metric = 0.99999
Error = :8.87e-03; Runtime: 79.5s; Iterations = 740, grads =   4.240e-05, unitary_metric = 0.99998
Error = :8.81e-03; Runtime: 81.6s; Iterations = 760, grads =   4.367e-05, unitary_metric = 0.99999
Error = :8.75e-03; Runtime: 83.7s; Iterations = 780, grads =   4.599e-05, unitary_metric = 0.99998
Error = :8.70e-03; Runtime: 85.8s; Iterations = 800, grads =   1.916e-05, unitary_metric = 0.99999
Error = :8.70e-03; Runtime: 88.1s; Iterations = 820, grads =   5.109e-04, unitary_metric = 0.99998
Error = :8.63e-03; Runtime: 90.1s; Iterations = 840, grads =   2.595e-04, unitary_metric = 0.99998
Error = :8.61e-03; Runtime: 92.2s; Iterations = 860, grads =   4.806e-04, unitary_metric = 0.99999
Error = :8.52e-03; Runtime: 94.3s; Iterations = 880, grads =   1.699e-06, unitary_metric = 0.99998
Error = :8.48e-03; Runtime: 96.4s; Iterations = 900, grads =   2.187e-05, unitary_metric = 0.99998
Error = :8.45e-03; Runtime: 98.7s; Iterations = 920, grads =   5.755e-05, unitary_metric = 0.99998
Error = :8.47e-03; Runtime: 100.8s; Iterations = 940, grads =   4.793e-04, unitary_metric = 0.99998
Error = :8.39e-03; Runtime: 102.9s; Iterations = 960, grads =   7.201e-05, unitary_metric = 0.99998
Error = :8.36e-03; Runtime: 105.0s; Iterations = 980, grads =   3.086e-05, unitary_metric = 0.99998
Error = :8.38e-03; Runtime: 107.0s; Iterations = 1000, grads =   4.759e-04, unitary_metric = 0.99998
Error = :8.32e-03; Runtime: 109.3s; Iterations = 1020, grads =   9.919e-05, unitary_metric = 0.99998
Error = :8.28e-03; Runtime: 111.4s; Iterations = 1040, grads =   1.264e-05, unitary_metric = 0.99998
Error = :8.26e-03; Runtime: 113.5s; Iterations = 1060, grads =   2.984e-06, unitary_metric = 0.99999
Error = :8.24e-03; Runtime: 115.6s; Iterations = 1080, grads =   7.965e-07, unitary_metric = 0.99999
Error = :8.22e-03; Runtime: 117.7s; Iterations = 1100, grads =   4.779e-07, unitary_metric = 0.99998
Error = :8.28e-03; Runtime: 120.0s; Iterations = 1120, grads =   6.359e-04, unitary_metric = 0.99998
Error = :8.26e-03; Runtime: 122.1s; Iterations = 1140, grads =   4.683e-04, unitary_metric = 0.99998
Error = :8.18e-03; Runtime: 124.2s; Iterations = 1160, grads =   4.150e-05, unitary_metric = 0.99998
Error = :8.19e-03; Runtime: 126.3s; Iterations = 1180, grads =   2.842e-04, unitary_metric = 0.99998
Error = :8.15e-03; Runtime: 128.4s; Iterations = 1200, grads =   3.666e-05, unitary_metric = 0.99998
Error = :8.13e-03; Runtime: 130.7s; Iterations = 1220, grads =   2.348e-05, unitary_metric = 0.99998
Error = :8.12e-03; Runtime: 132.8s; Iterations = 1240, grads =   5.091e-06, unitary_metric = 0.99998
Error = :8.10e-03; Runtime: 134.9s; Iterations = 1260, grads =   7.939e-07, unitary_metric = 0.99998
Error = :8.09e-03; Runtime: 137.0s; Iterations = 1280, grads =   1.030e-07, unitary_metric = 0.99998
Error = :8.08e-03; Runtime: 139.1s; Iterations = 1300, grads =   2.274e-07, unitary_metric = 0.99998
Error = :8.10e-03; Runtime: 141.4s; Iterations = 1320, grads =   2.138e-04, unitary_metric = 0.99998
Error = :8.12e-03; Runtime: 143.4s; Iterations = 1340, grads =   6.029e-04, unitary_metric = 0.99998
Error = :8.12e-03; Runtime: 145.5s; Iterations = 1360, grads =   7.171e-04, unitary_metric = 0.99998
Error = :8.02e-03; Runtime: 147.6s; Iterations = 1380, grads =   2.916e-05, unitary_metric = 0.99998
Error = :8.00e-03; Runtime: 149.7s; Iterations = 1400, grads =   1.764e-06, unitary_metric = 0.99998
Error = :7.99e-03; Runtime: 152.1s; Iterations = 1420, grads =   1.924e-06, unitary_metric = 0.99998
Error = :7.98e-03; Runtime: 154.2s; Iterations = 1440, grads =   3.919e-07, unitary_metric = 0.99998
Error = :7.96e-03; Runtime: 156.3s; Iterations = 1460, grads =   1.298e-07, unitary_metric = 0.99998
Error = :7.95e-03; Runtime: 158.4s; Iterations = 1480, grads =   9.607e-07, unitary_metric = 0.99998
Error = :7.98e-03; Runtime: 160.5s; Iterations = 1500, grads =   2.880e-04, unitary_metric = 0.99998
Error = :8.03e-03; Runtime: 162.8s; Iterations = 1520, grads =   8.013e-04, unitary_metric = 0.99998
Error = :7.93e-03; Runtime: 164.9s; Iterations = 1540, grads =   5.691e-05, unitary_metric = 0.99998
Error = :7.91e-03; Runtime: 167.1s; Iterations = 1560, grads =   4.973e-06, unitary_metric = 0.99998
Error = :7.90e-03; Runtime: 169.2s; Iterations = 1580, grads =   6.693e-07, unitary_metric = 0.99999
Error = :7.89e-03; Runtime: 171.3s; Iterations = 1600, grads =   2.032e-07, unitary_metric = 0.99999
Error = :7.89e-03; Runtime: 173.6s; Iterations = 1620, grads =   8.841e-08, unitary_metric = 0.99998
Error = :7.88e-03; Runtime: 175.7s; Iterations = 1640, grads =   7.429e-08, unitary_metric = 0.99998
Error = :7.88e-03; Runtime: 177.8s; Iterations = 1660, grads =   6.441e-08, unitary_metric = 0.99998
Error = :7.88e-03; Runtime: 179.9s; Iterations = 1680, grads =   7.585e-08, unitary_metric = 0.99998
Error = :7.88e-03; Runtime: 182.0s; Iterations = 1700, grads =   1.113e-06, unitary_metric = 0.99998
Error = :7.96e-03; Runtime: 184.3s; Iterations = 1720, grads =   6.966e-04, unitary_metric = 0.99998
Error = :7.90e-03; Runtime: 186.4s; Iterations = 1740, grads =   1.491e-04, unitary_metric = 0.99998
Error = :7.94e-03; Runtime: 188.5s; Iterations = 1760, grads =   4.018e-04, unitary_metric = 0.99998
Error = :7.91e-03; Runtime: 190.6s; Iterations = 1780, grads =   1.005e-04, unitary_metric = 0.99998
Error = :7.91e-03; Runtime: 192.7s; Iterations = 1800, grads =   2.372e-05, unitary_metric = 0.99998
Error = :7.92e-03; Runtime: 195.0s; Iterations = 1820, grads =   3.971e-06, unitary_metric = 0.99998
Error = :7.93e-03; Runtime: 197.1s; Iterations = 1840, grads =   5.065e-07, unitary_metric = 0.99998
Error = :7.94e-03; Runtime: 199.2s; Iterations = 1860, grads =   1.343e-07, unitary_metric = 0.99998
Error = :7.94e-03; Runtime: 201.3s; Iterations = 1880, grads =   1.139e-07, unitary_metric = 0.99998
Error = :7.93e-03; Runtime: 203.4s; Iterations = 1900, grads =   1.276e-07, unitary_metric = 0.99998
Error = :7.92e-03; Runtime: 205.6s; Iterations = 1920, grads =   1.325e-07, unitary_metric = 0.99999
Error = :7.89e-03; Runtime: 207.8s; Iterations = 1940, grads =   1.397e-07, unitary_metric = 0.99998
Error = :7.87e-03; Runtime: 209.9s; Iterations = 1960, grads =   9.322e-07, unitary_metric = 0.99999
Error = :7.90e-03; Runtime: 212.0s; Iterations = 1980, grads =   4.250e-04, unitary_metric = 0.99998
Error = :7.83e-03; Runtime: 214.1s; Iterations = 2000, grads =   2.841e-05, unitary_metric = 0.99998
Error = :7.81e-03; Runtime: 216.4s; Iterations = 2020, grads =   1.699e-05, unitary_metric = 0.99998
Error = :7.79e-03; Runtime: 218.5s; Iterations = 2040, grads =   1.108e-06, unitary_metric = 0.99998
Error = :7.78e-03; Runtime: 220.5s; Iterations = 2060, grads =   1.560e-07, unitary_metric = 0.99998
Error = :7.76e-03; Runtime: 222.6s; Iterations = 2080, grads =   1.158e-07, unitary_metric = 0.99998
Error = :7.74e-03; Runtime: 224.7s; Iterations = 2100, grads =   1.095e-07, unitary_metric = 0.99998
Error = :7.73e-03; Runtime: 227.0s; Iterations = 2120, grads =   2.213e-06, unitary_metric = 0.99998
Error = :7.90e-03; Runtime: 229.1s; Iterations = 2140, grads =   1.525e-03, unitary_metric = 0.99998
Error = :7.70e-03; Runtime: 231.2s; Iterations = 2160, grads =   9.306e-05, unitary_metric = 0.99998
Error = :7.67e-03; Runtime: 233.3s; Iterations = 2180, grads =   1.534e-05, unitary_metric = 0.99998
Error = :7.66e-03; Runtime: 235.4s; Iterations = 2200, grads =   1.526e-06, unitary_metric = 0.99998
Error = :7.65e-03; Runtime: 237.7s; Iterations = 2220, grads =   6.626e-05, unitary_metric = 0.99998
Error = :7.65e-03; Runtime: 239.8s; Iterations = 2240, grads =   1.918e-04, unitary_metric = 0.99998
Error = :7.61e-03; Runtime: 241.9s; Iterations = 2260, grads =   1.478e-05, unitary_metric = 0.99998
Error = :7.59e-03; Runtime: 243.9s; Iterations = 2280, grads =   2.914e-07, unitary_metric = 0.99998
Error = :7.58e-03; Runtime: 246.0s; Iterations = 2300, grads =   7.533e-08, unitary_metric = 0.99998
Error = :7.56e-03; Runtime: 248.3s; Iterations = 2320, grads =   8.143e-08, unitary_metric = 0.99998
Error = :7.55e-03; Runtime: 250.4s; Iterations = 2340, grads =   9.035e-08, unitary_metric = 0.99998
Error = :7.54e-03; Runtime: 252.5s; Iterations = 2360, grads =   3.117e-06, unitary_metric = 0.99998
Error = :7.55e-03; Runtime: 254.6s; Iterations = 2380, grads =   1.021e-04, unitary_metric = 0.99998
Error = :7.52e-03; Runtime: 256.7s; Iterations = 2400, grads =   2.340e-05, unitary_metric = 0.99998
Error = :7.51e-03; Runtime: 259.0s; Iterations = 2420, grads =   1.062e-05, unitary_metric = 0.99998
Error = :7.50e-03; Runtime: 261.1s; Iterations = 2440, grads =   1.005e-06, unitary_metric = 0.99998
Error = :7.51e-03; Runtime: 263.2s; Iterations = 2460, grads =   7.439e-05, unitary_metric = 0.99998
Error = :7.53e-03; Runtime: 265.3s; Iterations = 2480, grads =   3.642e-04, unitary_metric = 0.99998
Error = :7.49e-03; Runtime: 267.3s; Iterations = 2500, grads =   8.722e-05, unitary_metric = 0.99998
Error = :7.48e-03; Runtime: 269.6s; Iterations = 2520, grads =   5.380e-06, unitary_metric = 0.99998
Error = :7.48e-03; Runtime: 271.7s; Iterations = 2540, grads =   6.190e-07, unitary_metric = 0.99998
Error = :7.48e-03; Runtime: 273.8s; Iterations = 2560, grads =   2.420e-07, unitary_metric = 0.99998
Error = :7.48e-03; Runtime: 275.9s; Iterations = 2580, grads =   1.706e-07, unitary_metric = 0.99998
Error = :7.49e-03; Runtime: 278.0s; Iterations = 2600, grads =   2.065e-06, unitary_metric = 0.99998
Error = :7.53e-03; Runtime: 280.3s; Iterations = 2620, grads =   2.341e-04, unitary_metric = 0.99998
Error = :7.53e-03; Runtime: 282.4s; Iterations = 2640, grads =   1.426e-04, unitary_metric = 0.99998
Error = :7.52e-03; Runtime: 284.5s; Iterations = 2660, grads =   2.525e-05, unitary_metric = 0.99998
Error = :7.54e-03; Runtime: 286.6s; Iterations = 2680, grads =   9.486e-05, unitary_metric = 0.99998
Error = :7.53e-03; Runtime: 288.7s; Iterations = 2700, grads =   1.848e-05, unitary_metric = 0.99998
Error = :7.52e-03; Runtime: 291.1s; Iterations = 2720, grads =   1.640e-07, unitary_metric = 0.99998
Error = :7.50e-03; Runtime: 293.2s; Iterations = 2740, grads =   5.453e-07, unitary_metric = 0.99998
Error = :7.48e-03; Runtime: 295.3s; Iterations = 2760, grads =   1.855e-07, unitary_metric = 0.99998
Error = :7.46e-03; Runtime: 297.4s; Iterations = 2780, grads =   1.015e-07, unitary_metric = 0.99998
Error = :7.44e-03; Runtime: 299.5s; Iterations = 2800, grads =   1.528e-07, unitary_metric = 0.99998
Error = :7.42e-03; Runtime: 301.8s; Iterations = 2820, grads =   1.818e-05, unitary_metric = 0.99998
Error = :7.41e-03; Runtime: 303.9s; Iterations = 2840, grads =   4.263e-05, unitary_metric = 0.99998
Error = :7.42e-03; Runtime: 306.0s; Iterations = 2860, grads =   3.251e-04, unitary_metric = 0.99998
Error = :7.38e-03; Runtime: 308.1s; Iterations = 2880, grads =   2.269e-05, unitary_metric = 0.99998
Error = :7.36e-03; Runtime: 310.2s; Iterations = 2900, grads =   5.271e-06, unitary_metric = 0.99998
Error = :7.35e-03; Runtime: 312.5s; Iterations = 2920, grads =   7.226e-07, unitary_metric = 0.99998
Error = :7.34e-03; Runtime: 314.6s; Iterations = 2940, grads =   7.889e-08, unitary_metric = 0.99998
Error = :7.34e-03; Runtime: 316.7s; Iterations = 2960, grads =   4.459e-08, unitary_metric = 0.99998
Error = :7.33e-03; Runtime: 318.8s; Iterations = 2980, grads =   3.943e-08, unitary_metric = 0.99998
Error = :7.32e-03; Runtime: 320.9s; Iterations = 3000, grads =   3.829e-08, unitary_metric = 0.99998
Error = :7.32e-03; Runtime: 323.2s; Iterations = 3020, grads =   3.539e-08, unitary_metric = 0.99998
Error = :7.31e-03; Runtime: 325.3s; Iterations = 3040, grads =   3.388e-08, unitary_metric = 0.99998
Error = :7.31e-03; Runtime: 327.4s; Iterations = 3060, grads =   3.366e-08, unitary_metric = 0.99998
Error = :7.30e-03; Runtime: 329.5s; Iterations = 3080, grads =   3.809e-08, unitary_metric = 0.99998
Error = :7.29e-03; Runtime: 331.5s; Iterations = 3100, grads =   9.402e-07, unitary_metric = 0.99998
Error = :7.35e-03; Runtime: 333.8s; Iterations = 3120, grads =   4.796e-04, unitary_metric = 0.99998
Error = :7.29e-03; Runtime: 335.9s; Iterations = 3140, grads =   4.464e-05, unitary_metric = 0.99998
Error = :7.28e-03; Runtime: 338.0s; Iterations = 3160, grads =   2.300e-05, unitary_metric = 0.99998
Error = :7.28e-03; Runtime: 340.1s; Iterations = 3180, grads =   1.846e-06, unitary_metric = 0.99998
Error = :7.27e-03; Runtime: 342.2s; Iterations = 3200, grads =   9.883e-08, unitary_metric = 0.99998
Error = :7.27e-03; Runtime: 344.6s; Iterations = 3220, grads =   4.375e-08, unitary_metric = 0.99998
Error = :7.26e-03; Runtime: 346.6s; Iterations = 3240, grads =   2.580e-08, unitary_metric = 0.99998
Error = :7.26e-03; Runtime: 348.7s; Iterations = 3260, grads =   2.480e-08, unitary_metric = 0.99998
Error = :7.26e-03; Runtime: 350.8s; Iterations = 3280, grads =   2.408e-08, unitary_metric = 0.99998
Error = :7.26e-03; Runtime: 352.9s; Iterations = 3300, grads =   2.359e-08, unitary_metric = 0.99998
Error = :7.25e-03; Runtime: 355.2s; Iterations = 3320, grads =   2.428e-08, unitary_metric = 0.99998
Error = :7.25e-03; Runtime: 357.3s; Iterations = 3340, grads =   2.324e-08, unitary_metric = 0.99998
Error = :7.25e-03; Runtime: 359.4s; Iterations = 3360, grads =   2.479e-08, unitary_metric = 0.99998
Error = :7.24e-03; Runtime: 361.5s; Iterations = 3380, grads =   1.710e-07, unitary_metric = 0.99998
Error = :7.25e-03; Runtime: 363.6s; Iterations = 3400, grads =   3.534e-05, unitary_metric = 0.99998
Error = :7.26e-03; Runtime: 366.0s; Iterations = 3420, grads =   1.659e-04, unitary_metric = 0.99998
Error = :7.24e-03; Runtime: 368.1s; Iterations = 3440, grads =   1.485e-05, unitary_metric = 0.99998
Error = :7.24e-03; Runtime: 370.2s; Iterations = 3460, grads =   4.947e-06, unitary_metric = 0.99998
Error = :7.23e-03; Runtime: 372.3s; Iterations = 3480, grads =   7.454e-07, unitary_metric = 0.99998
Error = :7.23e-03; Runtime: 374.4s; Iterations = 3500, grads =   6.249e-08, unitary_metric = 0.99998
Error = :7.23e-03; Runtime: 376.7s; Iterations = 3520, grads =   3.433e-08, unitary_metric = 0.99998
Error = :7.23e-03; Runtime: 378.8s; Iterations = 3540, grads =   2.723e-08, unitary_metric = 0.99998
Error = :7.23e-03; Runtime: 380.9s; Iterations = 3560, grads =   2.031e-08, unitary_metric = 0.99998
Error = :7.23e-03; Runtime: 383.0s; Iterations = 3580, grads =   2.161e-08, unitary_metric = 0.99998
Error = :7.23e-03; Runtime: 385.1s; Iterations = 3600, grads =   1.022e-07, unitary_metric = 0.99999
Error = :7.24e-03; Runtime: 387.4s; Iterations = 3620, grads =   2.169e-05, unitary_metric = 0.99998
Error = :7.25e-03; Runtime: 389.5s; Iterations = 3640, grads =   1.482e-04, unitary_metric = 0.99999
Error = :7.24e-03; Runtime: 391.6s; Iterations = 3660, grads =   2.226e-05, unitary_metric = 0.99999
Error = :7.24e-03; Runtime: 393.8s; Iterations = 3680, grads =   2.727e-06, unitary_metric = 0.99999
Error = :7.25e-03; Runtime: 396.0s; Iterations = 3700, grads =   7.811e-05, unitary_metric = 0.99999
Error = :7.25e-03; Runtime: 398.5s; Iterations = 3720, grads =   2.360e-05, unitary_metric = 0.99999
Error = :7.25e-03; Runtime: 400.7s; Iterations = 3740, grads =   2.236e-06, unitary_metric = 0.99999
Error = :7.26e-03; Runtime: 403.0s; Iterations = 3760, grads =   1.165e-07, unitary_metric = 0.99998
Error = :7.26e-03; Runtime: 405.2s; Iterations = 3780, grads =   5.563e-08, unitary_metric = 0.99999
Error = :7.27e-03; Runtime: 407.5s; Iterations = 3800, grads =   5.983e-08, unitary_metric = 0.99998
Error = :7.28e-03; Runtime: 409.9s; Iterations = 3820, grads =   1.247e-06, unitary_metric = 0.99998
Error = :7.31e-03; Runtime: 412.1s; Iterations = 3840, grads =   1.201e-04, unitary_metric = 0.99998
Error = :7.32e-03; Runtime: 414.3s; Iterations = 3860, grads =   5.771e-05, unitary_metric = 0.99998
Error = :7.33e-03; Runtime: 416.5s; Iterations = 3880, grads =   2.481e-05, unitary_metric = 0.99998
Error = :7.34e-03; Runtime: 418.7s; Iterations = 3900, grads =   6.086e-07, unitary_metric = 0.99998
Error = :7.35e-03; Runtime: 421.1s; Iterations = 3920, grads =   1.706e-06, unitary_metric = 0.99998
Error = :7.36e-03; Runtime: 423.3s; Iterations = 3940, grads =   5.368e-07, unitary_metric = 0.99998
Error = :7.37e-03; Runtime: 425.4s; Iterations = 3960, grads =   9.642e-08, unitary_metric = 0.99998
Error = :7.38e-03; Runtime: 427.6s; Iterations = 3980, grads =   7.824e-08, unitary_metric = 0.99998
Error = :7.38e-03; Runtime: 429.8s; Iterations = 4000, grads =   9.549e-08, unitary_metric = 0.99998
Error = :7.38e-03; Runtime: 432.2s; Iterations = 4020, grads =   1.049e-06, unitary_metric = 0.99998
Error = :7.38e-03; Runtime: 434.4s; Iterations = 4040, grads =   1.139e-04, unitary_metric = 0.99999
Error = :7.38e-03; Runtime: 436.6s; Iterations = 4060, grads =   1.699e-04, unitary_metric = 0.99998
Error = :7.35e-03; Runtime: 438.8s; Iterations = 4080, grads =   1.360e-05, unitary_metric = 0.99998
Error = :7.34e-03; Runtime: 440.9s; Iterations = 4100, grads =   2.123e-07, unitary_metric = 0.99998
Error = :7.33e-03; Runtime: 443.3s; Iterations = 4120, grads =   4.585e-07, unitary_metric = 0.99998
Error = :7.32e-03; Runtime: 445.5s; Iterations = 4140, grads =   6.164e-08, unitary_metric = 0.99998
Error = :7.31e-03; Runtime: 447.6s; Iterations = 4160, grads =   5.803e-08, unitary_metric = 0.99998
Error = :7.29e-03; Runtime: 449.8s; Iterations = 4180, grads =   5.172e-08, unitary_metric = 0.99998
Error = :7.29e-03; Runtime: 452.0s; Iterations = 4200, grads =   5.103e-08, unitary_metric = 0.99998
Error = :7.28e-03; Runtime: 454.3s; Iterations = 4220, grads =   8.034e-08, unitary_metric = 0.99998
Error = :7.27e-03; Runtime: 456.5s; Iterations = 4240, grads =   5.378e-06, unitary_metric = 0.99998
Error = :7.26e-03; Runtime: 458.7s; Iterations = 4260, grads =   1.461e-05, unitary_metric = 0.99998
Error = :7.25e-03; Runtime: 460.8s; Iterations = 4280, grads =   8.182e-06, unitary_metric = 0.99998
Error = :7.25e-03; Runtime: 463.0s; Iterations = 4300, grads =   1.318e-06, unitary_metric = 0.99998
Error = :7.24e-03; Runtime: 465.3s; Iterations = 4320, grads =   5.485e-07, unitary_metric = 0.99998
Error = :7.23e-03; Runtime: 467.5s; Iterations = 4340, grads =   2.322e-07, unitary_metric = 0.99998
Error = :7.23e-03; Runtime: 469.7s; Iterations = 4360, grads =   9.221e-08, unitary_metric = 0.99998
Error = :7.22e-03; Runtime: 471.8s; Iterations = 4380, grads =   1.031e-06, unitary_metric = 0.99998
Error = :7.22e-03; Runtime: 474.0s; Iterations = 4400, grads =   1.767e-05, unitary_metric = 0.99998
Error = :7.21e-03; Runtime: 476.3s; Iterations = 4420, grads =   8.816e-07, unitary_metric = 0.99998
Error = :7.21e-03; Runtime: 478.5s; Iterations = 4440, grads =   3.032e-07, unitary_metric = 0.99998
Error = :7.20e-03; Runtime: 480.7s; Iterations = 4460, grads =   2.123e-07, unitary_metric = 0.99998
Error = :7.20e-03; Runtime: 482.9s; Iterations = 4480, grads =   3.641e-06, unitary_metric = 0.99998
Error = :7.21e-03; Runtime: 485.1s; Iterations = 4500, grads =   1.547e-04, unitary_metric = 0.99998
Error = :7.19e-03; Runtime: 487.4s; Iterations = 4520, grads =   1.236e-05, unitary_metric = 0.99998
Error = :7.18e-03; Runtime: 489.6s; Iterations = 4540, grads =   8.092e-07, unitary_metric = 0.99998
Error = :7.18e-03; Runtime: 491.8s; Iterations = 4560, grads =   3.103e-07, unitary_metric = 0.99998
Error = :7.18e-03; Runtime: 494.0s; Iterations = 4580, grads =   8.689e-08, unitary_metric = 0.99998
Error = :7.17e-03; Runtime: 496.1s; Iterations = 4600, grads =   3.088e-08, unitary_metric = 0.99998
Error = :7.17e-03; Runtime: 498.5s; Iterations = 4620, grads =   9.045e-08, unitary_metric = 0.99998
Error = :7.17e-03; Runtime: 500.7s; Iterations = 4640, grads =   8.372e-06, unitary_metric = 0.99998
Error = :7.17e-03; Runtime: 502.9s; Iterations = 4660, grads =   5.042e-05, unitary_metric = 0.99998
Error = :7.16e-03; Runtime: 505.1s; Iterations = 4680, grads =   2.365e-05, unitary_metric = 0.99998
Error = :7.16e-03; Runtime: 507.2s; Iterations = 4700, grads =   1.475e-06, unitary_metric = 0.99999
Error = :7.15e-03; Runtime: 509.6s; Iterations = 4720, grads =   9.324e-07, unitary_metric = 0.99998
Error = :7.15e-03; Runtime: 511.8s; Iterations = 4740, grads =   2.308e-07, unitary_metric = 0.99998
Error = :7.15e-03; Runtime: 513.9s; Iterations = 4760, grads =   2.691e-08, unitary_metric = 0.99998
Error = :7.15e-03; Runtime: 516.1s; Iterations = 4780, grads =   5.286e-08, unitary_metric = 0.99998
Error = :7.15e-03; Runtime: 518.3s; Iterations = 4800, grads =   1.514e-07, unitary_metric = 0.99998
Error = :7.15e-03; Runtime: 520.7s; Iterations = 4820, grads =   5.483e-06, unitary_metric = 0.99998
Error = :7.15e-03; Runtime: 522.8s; Iterations = 4840, grads =   6.736e-06, unitary_metric = 0.99998
Error = :7.15e-03; Runtime: 525.0s; Iterations = 4860, grads =   4.122e-05, unitary_metric = 0.99998
Error = :7.14e-03; Runtime: 527.2s; Iterations = 4880, grads =   1.720e-05, unitary_metric = 0.99998
Error = :7.14e-03; Runtime: 529.4s; Iterations = 4900, grads =   6.132e-07, unitary_metric = 0.99998
Error = :7.14e-03; Runtime: 531.9s; Iterations = 4920, grads =   2.296e-07, unitary_metric = 0.99998
Error = :7.14e-03; Runtime: 534.0s; Iterations = 4940, grads =   2.632e-08, unitary_metric = 0.99998
Error = :7.14e-03; Runtime: 536.2s; Iterations = 4960, grads =   2.309e-08, unitary_metric = 0.99998
Error = :7.14e-03; Runtime: 538.4s; Iterations = 4980, grads =   2.286e-08, unitary_metric = 0.99998
Error = :7.14e-03; Runtime: 540.6s; Iterations = 5000, grads =   2.583e-07, unitary_metric = 0.99998
Error = :7.14e-03; Runtime: 543.0s; Iterations = 5020, grads =   3.942e-05, unitary_metric = 0.99998
Error = :7.14e-03; Runtime: 545.1s; Iterations = 5040, grads =   4.971e-05, unitary_metric = 0.99998
Error = :7.14e-03; Runtime: 547.3s; Iterations = 5060, grads =   3.497e-05, unitary_metric = 0.99998
Error = :7.14e-03; Runtime: 549.5s; Iterations = 5080, grads =   3.773e-06, unitary_metric = 0.99998
Error = :7.14e-03; Runtime: 551.6s; Iterations = 5100, grads =   1.768e-07, unitary_metric = 0.99998
Error = :7.14e-03; Runtime: 554.0s; Iterations = 5120, grads =   4.360e-08, unitary_metric = 0.99998
Error = :7.15e-03; Runtime: 556.1s; Iterations = 5140, grads =   2.650e-08, unitary_metric = 0.99998
Error = :7.15e-03; Runtime: 558.3s; Iterations = 5160, grads =   2.440e-08, unitary_metric = 0.99998
Error = :7.16e-03; Runtime: 560.5s; Iterations = 5180, grads =   2.251e-08, unitary_metric = 0.99998
Error = :7.16e-03; Runtime: 562.6s; Iterations = 5200, grads =   2.514e-08, unitary_metric = 0.99998
Error = :7.17e-03; Runtime: 565.0s; Iterations = 5220, grads =   6.235e-08, unitary_metric = 0.99998
Error = :7.17e-03; Runtime: 567.2s; Iterations = 5240, grads =   1.986e-06, unitary_metric = 0.99998
Error = :7.18e-03; Runtime: 569.3s; Iterations = 5260, grads =   3.792e-05, unitary_metric = 0.99998
Error = :7.18e-03; Runtime: 571.5s; Iterations = 5280, grads =   8.260e-06, unitary_metric = 0.99998
Error = :7.18e-03; Runtime: 573.7s; Iterations = 5300, grads =   6.902e-07, unitary_metric = 0.99998
Error = :7.18e-03; Runtime: 576.0s; Iterations = 5320, grads =   5.801e-07, unitary_metric = 0.99998
Error = :7.19e-03; Runtime: 578.2s; Iterations = 5340, grads =   5.115e-08, unitary_metric = 0.99998
Error = :7.19e-03; Runtime: 580.4s; Iterations = 5360, grads =   3.786e-08, unitary_metric = 0.99998
Error = :7.19e-03; Runtime: 582.6s; Iterations = 5380, grads =   3.143e-08, unitary_metric = 0.99998
Error = :7.19e-03; Runtime: 584.7s; Iterations = 5400, grads =   3.363e-08, unitary_metric = 0.99998
Error = :7.18e-03; Runtime: 587.1s; Iterations = 5420, grads =   8.659e-08, unitary_metric = 0.99998
Error = :7.18e-03; Runtime: 589.2s; Iterations = 5440, grads =   3.715e-06, unitary_metric = 0.99998
Error = :7.18e-03; Runtime: 591.4s; Iterations = 5460, grads =   5.752e-05, unitary_metric = 0.99998
Error = :7.17e-03; Runtime: 593.6s; Iterations = 5480, grads =   1.713e-05, unitary_metric = 0.99998
Error = :7.17e-03; Runtime: 595.7s; Iterations = 5500, grads =   1.954e-06, unitary_metric = 0.99998
Error = :7.16e-03; Runtime: 598.3s; Iterations = 5520, grads =   2.548e-07, unitary_metric = 0.99998
Error = :7.15e-03; Runtime: 600.4s; Iterations = 5540, grads =   3.984e-08, unitary_metric = 0.99998
Error = :7.15e-03; Runtime: 602.6s; Iterations = 5560, grads =   3.379e-08, unitary_metric = 0.99998
Error = :7.14e-03; Runtime: 604.7s; Iterations = 5580, grads =   3.093e-08, unitary_metric = 0.99998
Error = :7.13e-03; Runtime: 606.9s; Iterations = 5600, grads =   3.003e-08, unitary_metric = 0.99998
Error = :7.13e-03; Runtime: 609.3s; Iterations = 5620, grads =   2.770e-08, unitary_metric = 0.99998
Error = :7.12e-03; Runtime: 611.5s; Iterations = 5640, grads =   6.845e-08, unitary_metric = 0.99998
Error = :7.12e-03; Runtime: 613.7s; Iterations = 5660, grads =   2.743e-05, unitary_metric = 0.99998
Error = :7.11e-03; Runtime: 615.8s; Iterations = 5680, grads =   2.024e-05, unitary_metric = 0.99998
Error = :7.11e-03; Runtime: 618.0s; Iterations = 5700, grads =   2.557e-05, unitary_metric = 0.99998
Error = :7.10e-03; Runtime: 620.3s; Iterations = 5720, grads =   3.550e-06, unitary_metric = 0.99998
Error = :7.10e-03; Runtime: 622.5s; Iterations = 5740, grads =   1.955e-07, unitary_metric = 0.99998
Error = :7.09e-03; Runtime: 624.6s; Iterations = 5760, grads =   9.959e-08, unitary_metric = 0.99998
Error = :7.09e-03; Runtime: 626.8s; Iterations = 5780, grads =   3.193e-08, unitary_metric = 0.99998
Error = :7.08e-03; Runtime: 629.0s; Iterations = 5800, grads =   2.154e-08, unitary_metric = 0.99998
Error = :7.08e-03; Runtime: 631.3s; Iterations = 5820, grads =   2.162e-08, unitary_metric = 0.99998
Error = :7.08e-03; Runtime: 633.5s; Iterations = 5840, grads =   2.702e-08, unitary_metric = 0.99998
Error = :7.07e-03; Runtime: 635.6s; Iterations = 5860, grads =   4.952e-07, unitary_metric = 0.99998
Error = :7.07e-03; Runtime: 637.8s; Iterations = 5880, grads =   3.189e-05, unitary_metric = 0.99998
Error = :7.06e-03; Runtime: 640.0s; Iterations = 5900, grads =   2.588e-08, unitary_metric = 0.99998
Error = :7.06e-03; Runtime: 642.3s; Iterations = 5920, grads =   3.292e-07, unitary_metric = 0.99998
Error = :7.05e-03; Runtime: 644.5s; Iterations = 5940, grads =   7.226e-08, unitary_metric = 0.99998
Error = :7.05e-03; Runtime: 646.7s; Iterations = 5960, grads =   4.585e-07, unitary_metric = 0.99998
Error = :7.05e-03; Runtime: 648.8s; Iterations = 5980, grads =   5.078e-05, unitary_metric = 0.99998
Error = :7.04e-03; Runtime: 651.0s; Iterations = 6000, grads =   2.427e-06, unitary_metric = 0.99998
data saved at: /project/ftchong/qoc/pranav/00005_02_beh2_slice_162.h5


trying total_time: 6.85 for unitary of size (16, 16)
data saved at: /project/ftchong/qoc/pranav/00006_02_beh2_slice_162.h5
Using 7 Taylor terms and 2 Scaling & Squaring terms
Building graph:
Propagators initialized.
Operators weight initialized.
Intermediate propagation variables initialized.
Intermediate propagators initialized.
Vectors initialized.
Training loss initialized.
Optimizer initialized.
Utilities initialized.
Graph built!
Initialized
Error = :9.92e-01; Runtime: 0.2s; Iterations = 0, grads =   1.187e-04, unitary_metric = 1.00000
Error = :8.91e-01; Runtime: 3.0s; Iterations = 20, grads =   7.470e-04, unitary_metric = 0.99999
Error = :7.11e-01; Runtime: 5.4s; Iterations = 40, grads =   1.963e-03, unitary_metric = 0.99999
Error = :5.04e-01; Runtime: 7.7s; Iterations = 60, grads =   1.265e-03, unitary_metric = 0.99999
Error = :3.51e-01; Runtime: 10.1s; Iterations = 80, grads =   2.064e-03, unitary_metric = 0.99999
Error = :1.19e-01; Runtime: 12.5s; Iterations = 100, grads =   1.313e-02, unitary_metric = 0.99999
Error = :4.45e-02; Runtime: 15.1s; Iterations = 120, grads =   1.782e-03, unitary_metric = 0.99999
Error = :2.17e-02; Runtime: 17.4s; Iterations = 140, grads =   4.705e-04, unitary_metric = 0.99999
Error = :1.27e-02; Runtime: 19.8s; Iterations = 160, grads =   1.111e-04, unitary_metric = 0.99999
Error = :8.20e-03; Runtime: 22.2s; Iterations = 180, grads =   7.656e-04, unitary_metric = 0.99998
Error = :5.44e-03; Runtime: 24.6s; Iterations = 200, grads =   1.447e-05, unitary_metric = 0.99999
Error = :3.78e-03; Runtime: 27.2s; Iterations = 220, grads =   2.819e-05, unitary_metric = 0.99999
Error = :2.76e-03; Runtime: 29.6s; Iterations = 240, grads =   3.631e-04, unitary_metric = 0.99999
Error = :2.39e-03; Runtime: 31.9s; Iterations = 260, grads =   3.400e-03, unitary_metric = 0.99999
Error = :1.58e-03; Runtime: 34.3s; Iterations = 280, grads =   4.057e-04, unitary_metric = 0.99998
Error = :1.24e-03; Runtime: 36.7s; Iterations = 300, grads =   3.418e-04, unitary_metric = 0.99998
Error = :9.96e-04; Runtime: 39.0s; Iterations = 318, grads =   8.433e-05, unitary_metric = 0.99998
data saved at: /project/ftchong/qoc/pranav/00006_02_beh2_slice_162.h5


trying total_time: 6.55 for unitary of size (16, 16)
data saved at: /project/ftchong/qoc/pranav/00007_02_beh2_slice_162.h5
Using 7 Taylor terms and 2 Scaling & Squaring terms
Building graph:
Propagators initialized.
Operators weight initialized.
Intermediate propagation variables initialized.
Intermediate propagators initialized.
Vectors initialized.
Training loss initialized.
Optimizer initialized.
Utilities initialized.
Graph built!
Initialized
Error = :9.94e-01; Runtime: 0.2s; Iterations = 0, grads =   1.010e-04, unitary_metric = 1.00000
Error = :9.20e-01; Runtime: 2.9s; Iterations = 20, grads =   6.051e-04, unitary_metric = 0.99999
Error = :7.99e-01; Runtime: 5.1s; Iterations = 40, grads =   9.596e-04, unitary_metric = 0.99999
Error = :5.72e-01; Runtime: 7.4s; Iterations = 60, grads =   3.406e-03, unitary_metric = 0.99999
Error = :4.98e-01; Runtime: 9.7s; Iterations = 80, grads =   3.547e-04, unitary_metric = 0.99999
Error = :4.63e-01; Runtime: 12.0s; Iterations = 100, grads =   6.666e-04, unitary_metric = 0.99999
Error = :3.17e-01; Runtime: 14.4s; Iterations = 120, grads =   1.701e-03, unitary_metric = 0.99999
Error = :1.70e-01; Runtime: 16.7s; Iterations = 140, grads =   1.684e-03, unitary_metric = 0.99999
Error = :8.35e-02; Runtime: 18.9s; Iterations = 160, grads =   1.456e-03, unitary_metric = 0.99999
Error = :4.43e-02; Runtime: 21.2s; Iterations = 180, grads =   1.567e-04, unitary_metric = 0.99999
Error = :2.85e-02; Runtime: 23.4s; Iterations = 200, grads =   2.607e-04, unitary_metric = 0.99998
Error = :2.12e-02; Runtime: 25.9s; Iterations = 220, grads =   2.989e-04, unitary_metric = 0.99998
Error = :1.69e-02; Runtime: 28.2s; Iterations = 240, grads =   1.371e-04, unitary_metric = 0.99998
Error = :1.40e-02; Runtime: 30.4s; Iterations = 260, grads =   3.195e-04, unitary_metric = 0.99998
Error = :1.18e-02; Runtime: 32.7s; Iterations = 280, grads =   1.993e-04, unitary_metric = 0.99998
Error = :1.01e-02; Runtime: 35.0s; Iterations = 300, grads =   9.083e-04, unitary_metric = 0.99998
Error = :8.81e-03; Runtime: 37.4s; Iterations = 320, grads =   1.732e-03, unitary_metric = 0.99998
Error = :7.52e-03; Runtime: 39.7s; Iterations = 340, grads =   5.782e-05, unitary_metric = 0.99998
Error = :6.62e-03; Runtime: 41.9s; Iterations = 360, grads =   2.302e-04, unitary_metric = 0.99998
Error = :5.83e-03; Runtime: 44.2s; Iterations = 380, grads =   5.554e-06, unitary_metric = 0.99998
Error = :5.20e-03; Runtime: 46.4s; Iterations = 400, grads =   6.970e-05, unitary_metric = 0.99998
Error = :4.85e-03; Runtime: 48.9s; Iterations = 420, grads =   1.120e-03, unitary_metric = 0.99998
Error = :4.25e-03; Runtime: 51.2s; Iterations = 440, grads =   2.127e-04, unitary_metric = 0.99998
Error = :3.87e-03; Runtime: 53.4s; Iterations = 460, grads =   1.796e-04, unitary_metric = 0.99998
Error = :3.53e-03; Runtime: 55.7s; Iterations = 480, grads =   9.242e-06, unitary_metric = 0.99998
Error = :3.95e-03; Runtime: 57.9s; Iterations = 500, grads =   6.554e-03, unitary_metric = 0.99998
Error = :3.05e-03; Runtime: 60.4s; Iterations = 520, grads =   2.398e-04, unitary_metric = 0.99998
Error = :2.83e-03; Runtime: 62.6s; Iterations = 540, grads =   9.093e-05, unitary_metric = 0.99998
Error = :2.68e-03; Runtime: 64.9s; Iterations = 560, grads =   2.268e-04, unitary_metric = 0.99998
Error = :2.60e-03; Runtime: 67.2s; Iterations = 580, grads =   8.342e-04, unitary_metric = 0.99998
Error = :2.38e-03; Runtime: 69.4s; Iterations = 600, grads =   1.272e-04, unitary_metric = 0.99998
Error = :2.25e-03; Runtime: 71.9s; Iterations = 620, grads =   1.638e-05, unitary_metric = 0.99998
Error = :2.14e-03; Runtime: 74.1s; Iterations = 640, grads =   9.998e-07, unitary_metric = 0.99998
Error = :2.05e-03; Runtime: 76.4s; Iterations = 660, grads =   5.480e-07, unitary_metric = 0.99998
Error = :1.97e-03; Runtime: 78.6s; Iterations = 680, grads =   2.774e-05, unitary_metric = 0.99998
Error = :2.01e-03; Runtime: 80.9s; Iterations = 700, grads =   9.629e-04, unitary_metric = 0.99998
Error = :2.02e-03; Runtime: 83.3s; Iterations = 720, grads =   1.538e-03, unitary_metric = 0.99998
Error = :1.78e-03; Runtime: 85.6s; Iterations = 740, grads =   1.195e-04, unitary_metric = 0.99998
Error = :1.71e-03; Runtime: 87.9s; Iterations = 760, grads =   4.453e-06, unitary_metric = 0.99998
Error = :1.66e-03; Runtime: 90.1s; Iterations = 780, grads =   1.524e-06, unitary_metric = 0.99998
Error = :1.60e-03; Runtime: 92.4s; Iterations = 800, grads =   5.378e-07, unitary_metric = 0.99998
Error = :1.56e-03; Runtime: 94.9s; Iterations = 820, grads =   9.662e-06, unitary_metric = 0.99998
Error = :1.72e-03; Runtime: 97.1s; Iterations = 840, grads =   1.727e-03, unitary_metric = 0.99998
Error = :1.50e-03; Runtime: 99.4s; Iterations = 860, grads =   2.566e-04, unitary_metric = 0.99998
Error = :1.44e-03; Runtime: 101.7s; Iterations = 880, grads =   5.174e-05, unitary_metric = 0.99998
Error = :1.39e-03; Runtime: 103.9s; Iterations = 900, grads =   1.941e-06, unitary_metric = 0.99998
Error = :1.41e-03; Runtime: 106.4s; Iterations = 920, grads =   5.394e-04, unitary_metric = 0.99998
Error = :1.34e-03; Runtime: 108.7s; Iterations = 940, grads =   1.524e-04, unitary_metric = 0.99998
Error = :1.30e-03; Runtime: 110.9s; Iterations = 960, grads =   6.445e-05, unitary_metric = 0.99998
Error = :1.25e-03; Runtime: 113.2s; Iterations = 980, grads =   2.073e-05, unitary_metric = 0.99998
Error = :1.24e-03; Runtime: 115.4s; Iterations = 1000, grads =   1.858e-04, unitary_metric = 0.99998
Error = :1.20e-03; Runtime: 117.9s; Iterations = 1020, grads =   1.200e-04, unitary_metric = 0.99998
Error = :1.16e-03; Runtime: 120.1s; Iterations = 1040, grads =   6.712e-06, unitary_metric = 0.99998
Error = :1.29e-03; Runtime: 122.4s; Iterations = 1060, grads =   1.242e-03, unitary_metric = 0.99998
Error = :1.12e-03; Runtime: 124.7s; Iterations = 1080, grads =   7.575e-05, unitary_metric = 0.99998
Error = :1.08e-03; Runtime: 126.9s; Iterations = 1100, grads =   2.766e-05, unitary_metric = 0.99998
Error = :1.06e-03; Runtime: 129.4s; Iterations = 1120, grads =   2.621e-06, unitary_metric = 0.99998
Error = :1.03e-03; Runtime: 131.6s; Iterations = 1140, grads =   2.271e-06, unitary_metric = 0.99998
Error = :1.01e-03; Runtime: 133.9s; Iterations = 1160, grads =   3.260e-05, unitary_metric = 0.99998
Error = :1.14e-03; Runtime: 136.2s; Iterations = 1180, grads =   1.290e-03, unitary_metric = 0.99998
Error = :9.79e-04; Runtime: 137.9s; Iterations = 1195, grads =   7.422e-05, unitary_metric = 0.99998
data saved at: /project/ftchong/qoc/pranav/00007_02_beh2_slice_162.h5


trying total_time: 10.0 for unitary of size (4, 4)
data saved at: /project/ftchong/qoc/pranav/00008_02_beh2_slice_162.h5
Using 6 Taylor terms and 1 Scaling & Squaring terms
Building graph:
Propagators initialized.
Operators weight initialized.
Intermediate propagation variables initialized.
Intermediate propagators initialized.
Vectors initialized.
Training loss initialized.
Optimizer initialized.
Utilities initialized.
Graph built!
Initialized
Error = :3.99e-02; Runtime: 0.2s; Iterations = 0, grads =   7.938e-01, unitary_metric = 1.00000
Error = :7.01e-04; Runtime: 1.4s; Iterations = 11, grads =   8.941e-04, unitary_metric = 1.00000
data saved at: /project/ftchong/qoc/pranav/00008_02_beh2_slice_162.h5


trying total_time: 5.0 for unitary of size (4, 4)
data saved at: /project/ftchong/qoc/pranav/00009_02_beh2_slice_162.h5
Using 6 Taylor terms and 1 Scaling & Squaring terms
Building graph:
Propagators initialized.
Operators weight initialized.
Intermediate propagation variables initialized.
Intermediate propagators initialized.
Vectors initialized.
Training loss initialized.
Optimizer initialized.
Utilities initialized.
Graph built!
Initialized
Error = :9.95e-02; Runtime: 0.1s; Iterations = 0, grads =   9.747e-01, unitary_metric = 1.00000
Error = :7.61e-04; Runtime: 1.0s; Iterations = 19, grads =   7.289e-03, unitary_metric = 1.00000
data saved at: /project/ftchong/qoc/pranav/00009_02_beh2_slice_162.h5


trying total_time: 2.5 for unitary of size (4, 4)
data saved at: /project/ftchong/qoc/pranav/00010_02_beh2_slice_162.h5
Using 6 Taylor terms and 1 Scaling & Squaring terms
Building graph:
Propagators initialized.
Operators weight initialized.
Intermediate propagation variables initialized.
Intermediate propagators initialized.
Vectors initialized.
Training loss initialized.
Optimizer initialized.
Utilities initialized.
Graph built!
Initialized
Error = :2.32e-02; Runtime: 0.1s; Iterations = 0, grads =   9.851e-02, unitary_metric = 1.00000
Error = :5.25e-04; Runtime: 0.4s; Iterations = 12, grads =   1.570e-04, unitary_metric = 1.00000
data saved at: /project/ftchong/qoc/pranav/00010_02_beh2_slice_162.h5


trying total_time: 1.25 for unitary of size (4, 4)
data saved at: /project/ftchong/qoc/pranav/00011_02_beh2_slice_162.h5
Using 6 Taylor terms and 1 Scaling & Squaring terms
Building graph:
Propagators initialized.
Operators weight initialized.
Intermediate propagation variables initialized.
Intermediate propagators initialized.
Vectors initialized.
Training loss initialized.
Optimizer initialized.
Utilities initialized.
Graph built!
Initialized
Error = :1.36e-01; Runtime: 0.1s; Iterations = 0, grads =   3.002e-01, unitary_metric = 1.00000
Error = :2.82e-03; Runtime: 0.4s; Iterations = 20, grads =   7.387e-03, unitary_metric = 1.00000
Error = :8.27e-04; Runtime: 0.5s; Iterations = 31, grads =   2.088e-03, unitary_metric = 1.00000
data saved at: /project/ftchong/qoc/pranav/00011_02_beh2_slice_162.h5


trying total_time: 0.6 for unitary of size (4, 4)
data saved at: /project/ftchong/qoc/pranav/00012_02_beh2_slice_162.h5
Using 7 Taylor terms and 0 Scaling & Squaring terms
Building graph:
Propagators initialized.
Operators weight initialized.
Intermediate propagation variables initialized.
Intermediate propagators initialized.
Vectors initialized.
Training loss initialized.
Optimizer initialized.
Utilities initialized.
Graph built!
Initialized
Error = :1.38e-01; Runtime: 0.0s; Iterations = 0, grads =   1.486e-01, unitary_metric = 1.00000
Error = :8.66e-04; Runtime: 0.2s; Iterations = 14, grads =   1.055e-03, unitary_metric = 1.00000
data saved at: /project/ftchong/qoc/pranav/00012_02_beh2_slice_162.h5


trying total_time: 0.3 for unitary of size (4, 4)
data saved at: /project/ftchong/qoc/pranav/00013_02_beh2_slice_162.h5
Using 5 Taylor terms and 1 Scaling & Squaring terms
Building graph:
Propagators initialized.
Operators weight initialized.
Intermediate propagation variables initialized.
Intermediate propagators initialized.
Vectors initialized.
Training loss initialized.
Optimizer initialized.
Utilities initialized.
Graph built!
Initialized
Error = :2.64e-02; Runtime: 0.0s; Iterations = 0, grads =   1.226e-02, unitary_metric = 1.00000
Error = :1.24e-03; Runtime: 0.2s; Iterations = 20, grads =   5.962e-04, unitary_metric = 1.00000
Error = :9.99e-04; Runtime: 0.2s; Iterations = 23, grads =   4.560e-04, unitary_metric = 1.00000
data saved at: /project/ftchong/qoc/pranav/00013_02_beh2_slice_162.h5




[6.55, 0.3]
TIME FOR SLICE IS:
6.55
