Running Block:  82


trying total_time: 40.0 for unitary of size (16, 16)
data saved at: /project/ftchong/qoc/pranav/00021_01_beh2_slice_82.h5
Using 5 Taylor terms and 4 Scaling & Squaring terms
Building graph:
Propagators initialized.
Operators weight initialized.
Intermediate propagation variables initialized.
Intermediate propagators initialized.
Vectors initialized.
Training loss initialized.
Optimizer initialized.
Utilities initialized.
Graph built!
Initialized
Error = :9.96e-01; Runtime: 1.3s; Iterations = 0, grads =   6.443e-03, unitary_metric = 1.00033
Error = :8.91e-01; Runtime: 18.1s; Iterations = 20, grads =   1.002e-01, unitary_metric = 1.00032
Error = :8.44e-01; Runtime: 32.7s; Iterations = 40, grads =   9.484e-02, unitary_metric = 1.00028
Error = :7.54e-01; Runtime: 47.3s; Iterations = 60, grads =   2.439e-02, unitary_metric = 1.00024
Error = :5.37e-01; Runtime: 62.0s; Iterations = 80, grads =   4.903e-01, unitary_metric = 1.00019
Error = :5.00e-01; Runtime: 76.7s; Iterations = 100, grads =   1.128e-01, unitary_metric = 1.00021
Error = :2.96e-01; Runtime: 92.3s; Iterations = 120, grads =   2.337e+00, unitary_metric = 1.00017
Error = :1.75e-02; Runtime: 106.8s; Iterations = 140, grads =   1.233e-01, unitary_metric = 1.00017
Error = :2.80e-03; Runtime: 121.4s; Iterations = 160, grads =   3.845e-02, unitary_metric = 1.00017
Error = :8.84e-04; Runtime: 130.1s; Iterations = 172, grads =   1.528e-02, unitary_metric = 1.00016
data saved at: /project/ftchong/qoc/pranav/00021_01_beh2_slice_82.h5


trying total_time: 20.0 for unitary of size (16, 16)
data saved at: /project/ftchong/qoc/pranav/00022_01_beh2_slice_82.h5
Using 7 Taylor terms and 2 Scaling & Squaring terms
Building graph:
Propagators initialized.
Operators weight initialized.
Intermediate propagation variables initialized.
Intermediate propagators initialized.
Vectors initialized.
Training loss initialized.
Optimizer initialized.
Utilities initialized.
Graph built!
Initialized
Error = :9.94e-01; Runtime: 0.6s; Iterations = 0, grads =   6.505e-03, unitary_metric = 1.00002
Error = :8.82e-01; Runtime: 8.8s; Iterations = 20, grads =   2.269e-02, unitary_metric = 1.00001
Error = :8.73e-01; Runtime: 15.9s; Iterations = 40, grads =   2.647e-03, unitary_metric = 1.00000
Error = :5.51e-01; Runtime: 23.1s; Iterations = 60, grads =   3.485e-02, unitary_metric = 0.99999
Error = :5.07e-01; Runtime: 30.4s; Iterations = 80, grads =   1.474e-02, unitary_metric = 0.99999
Error = :4.59e-01; Runtime: 37.6s; Iterations = 100, grads =   4.742e-03, unitary_metric = 0.99998
Error = :1.68e-02; Runtime: 45.4s; Iterations = 120, grads =   5.304e-02, unitary_metric = 0.99999
Error = :2.95e-03; Runtime: 52.7s; Iterations = 140, grads =   8.643e-03, unitary_metric = 0.99998
Error = :8.70e-04; Runtime: 58.4s; Iterations = 156, grads =   1.707e-03, unitary_metric = 0.99998
data saved at: /project/ftchong/qoc/pranav/00022_01_beh2_slice_82.h5


trying total_time: 10.0 for unitary of size (16, 16)
data saved at: /project/ftchong/qoc/pranav/00023_01_beh2_slice_82.h5
Using 7 Taylor terms and 2 Scaling & Squaring terms
Building graph:
Propagators initialized.
Operators weight initialized.
Intermediate propagation variables initialized.
Intermediate propagators initialized.
Vectors initialized.
Training loss initialized.
Optimizer initialized.
Utilities initialized.
Graph built!
Initialized
Error = :9.98e-01; Runtime: 0.3s; Iterations = 0, grads =   9.033e-04, unitary_metric = 1.00000
Error = :8.83e-01; Runtime: 4.3s; Iterations = 20, grads =   9.592e-04, unitary_metric = 1.00000
Error = :8.77e-01; Runtime: 7.8s; Iterations = 40, grads =   8.162e-04, unitary_metric = 1.00000
Error = :8.72e-01; Runtime: 11.2s; Iterations = 60, grads =   9.697e-04, unitary_metric = 1.00000
Error = :7.87e-01; Runtime: 14.6s; Iterations = 80, grads =   2.069e-03, unitary_metric = 0.99999
Error = :7.51e-01; Runtime: 18.1s; Iterations = 100, grads =   1.077e-04, unitary_metric = 0.99999
Error = :7.47e-01; Runtime: 21.8s; Iterations = 120, grads =   1.293e-04, unitary_metric = 0.99999
Error = :5.57e-01; Runtime: 25.3s; Iterations = 140, grads =   1.719e-03, unitary_metric = 0.99999
Error = :5.04e-01; Runtime: 28.8s; Iterations = 160, grads =   1.239e-03, unitary_metric = 0.99999
Error = :5.01e-01; Runtime: 32.3s; Iterations = 180, grads =   2.880e-03, unitary_metric = 0.99999
Error = :5.00e-01; Runtime: 35.8s; Iterations = 200, grads =   4.880e-04, unitary_metric = 0.99999
Error = :4.98e-01; Runtime: 39.5s; Iterations = 220, grads =   6.703e-05, unitary_metric = 0.99999
Error = :4.83e-01; Runtime: 43.0s; Iterations = 240, grads =   2.213e-04, unitary_metric = 0.99999
Error = :2.72e-01; Runtime: 46.4s; Iterations = 260, grads =   2.063e-03, unitary_metric = 0.99998
Error = :4.29e-02; Runtime: 49.8s; Iterations = 280, grads =   4.846e-02, unitary_metric = 0.99998
Error = :8.46e-03; Runtime: 53.3s; Iterations = 300, grads =   1.253e-03, unitary_metric = 0.99998
Error = :2.31e-03; Runtime: 57.0s; Iterations = 320, grads =   3.453e-04, unitary_metric = 0.99998
Error = :9.97e-04; Runtime: 60.4s; Iterations = 340, grads =   9.894e-05, unitary_metric = 0.99998
data saved at: /project/ftchong/qoc/pranav/00023_01_beh2_slice_82.h5


trying total_time: 5.0 for unitary of size (16, 16)
data saved at: /project/ftchong/qoc/pranav/00024_01_beh2_slice_82.h5
Using 7 Taylor terms and 2 Scaling & Squaring terms
Building graph:
Propagators initialized.
Operators weight initialized.
Intermediate propagation variables initialized.
Intermediate propagators initialized.
Vectors initialized.
Training loss initialized.
Optimizer initialized.
Utilities initialized.
Graph built!
Initialized
Error = :9.87e-01; Runtime: 0.2s; Iterations = 0, grads =   2.606e-03, unitary_metric = 1.00000
Error = :9.05e-01; Runtime: 2.2s; Iterations = 20, grads =   1.729e-03, unitary_metric = 0.99999
Error = :8.80e-01; Runtime: 3.9s; Iterations = 40, grads =   2.285e-04, unitary_metric = 1.00000
Error = :8.75e-01; Runtime: 5.6s; Iterations = 60, grads =   4.789e-05, unitary_metric = 1.00000
Error = :8.75e-01; Runtime: 7.3s; Iterations = 80, grads =   2.287e-06, unitary_metric = 1.00000
Error = :8.75e-01; Runtime: 9.1s; Iterations = 100, grads =   8.803e-07, unitary_metric = 1.00000
Error = :8.75e-01; Runtime: 10.9s; Iterations = 120, grads =   8.430e-08, unitary_metric = 1.00000
Error = :8.75e-01; Runtime: 12.6s; Iterations = 140, grads =   6.032e-07, unitary_metric = 1.00000
Error = :8.70e-01; Runtime: 14.4s; Iterations = 160, grads =   4.396e-05, unitary_metric = 1.00000
Error = :8.16e-01; Runtime: 16.1s; Iterations = 180, grads =   1.495e-04, unitary_metric = 0.99999
Error = :7.59e-01; Runtime: 17.8s; Iterations = 200, grads =   4.281e-04, unitary_metric = 0.99999
Error = :6.24e-01; Runtime: 19.7s; Iterations = 220, grads =   3.411e-04, unitary_metric = 0.99999
Error = :5.61e-01; Runtime: 21.4s; Iterations = 240, grads =   8.763e-05, unitary_metric = 0.99999
Error = :5.44e-01; Runtime: 23.1s; Iterations = 260, grads =   3.309e-05, unitary_metric = 0.99999
Error = :5.39e-01; Runtime: 24.8s; Iterations = 280, grads =   7.942e-06, unitary_metric = 0.99999
Error = :5.36e-01; Runtime: 26.5s; Iterations = 300, grads =   3.942e-06, unitary_metric = 0.99999
Error = :5.35e-01; Runtime: 28.4s; Iterations = 320, grads =   1.855e-05, unitary_metric = 0.99999
Error = :5.34e-01; Runtime: 30.2s; Iterations = 340, grads =   3.960e-05, unitary_metric = 0.99999
Error = :5.33e-01; Runtime: 31.9s; Iterations = 360, grads =   2.943e-06, unitary_metric = 0.99999
Error = :5.32e-01; Runtime: 33.6s; Iterations = 380, grads =   1.591e-06, unitary_metric = 0.99999
Error = :5.32e-01; Runtime: 35.3s; Iterations = 400, grads =   7.596e-07, unitary_metric = 0.99999
Error = :5.32e-01; Runtime: 37.2s; Iterations = 420, grads =   6.756e-07, unitary_metric = 0.99999
Error = :5.31e-01; Runtime: 38.9s; Iterations = 440, grads =   4.610e-04, unitary_metric = 0.99998
Error = :5.31e-01; Runtime: 40.6s; Iterations = 460, grads =   6.073e-05, unitary_metric = 0.99999
Error = :5.31e-01; Runtime: 42.3s; Iterations = 480, grads =   3.362e-07, unitary_metric = 0.99999
Error = :5.30e-01; Runtime: 44.1s; Iterations = 500, grads =   3.343e-05, unitary_metric = 0.99998
Error = :5.30e-01; Runtime: 46.0s; Iterations = 520, grads =   2.255e-04, unitary_metric = 0.99998
Error = :5.30e-01; Runtime: 47.8s; Iterations = 540, grads =   7.430e-06, unitary_metric = 0.99999
Error = :5.30e-01; Runtime: 49.5s; Iterations = 560, grads =   1.533e-06, unitary_metric = 0.99998
Error = :5.29e-01; Runtime: 51.2s; Iterations = 580, grads =   6.569e-07, unitary_metric = 0.99998
Error = :5.29e-01; Runtime: 53.0s; Iterations = 600, grads =   1.364e-04, unitary_metric = 0.99998
Error = :5.28e-01; Runtime: 54.9s; Iterations = 620, grads =   3.079e-06, unitary_metric = 0.99998
Error = :5.27e-01; Runtime: 56.6s; Iterations = 640, grads =   1.417e-05, unitary_metric = 0.99998
Error = :5.18e-01; Runtime: 58.4s; Iterations = 660, grads =   2.972e-05, unitary_metric = 0.99998
Error = :5.00e-01; Runtime: 60.1s; Iterations = 680, grads =   2.333e-05, unitary_metric = 0.99998
Error = :4.90e-01; Runtime: 61.9s; Iterations = 700, grads =   1.214e-05, unitary_metric = 0.99998
Error = :4.85e-01; Runtime: 63.8s; Iterations = 720, grads =   8.495e-06, unitary_metric = 0.99998
Error = :4.81e-01; Runtime: 65.5s; Iterations = 740, grads =   6.224e-06, unitary_metric = 0.99998
Error = :4.79e-01; Runtime: 67.2s; Iterations = 760, grads =   4.215e-06, unitary_metric = 0.99998
Error = :4.78e-01; Runtime: 69.0s; Iterations = 780, grads =   3.260e-06, unitary_metric = 0.99998
Error = :4.76e-01; Runtime: 70.7s; Iterations = 800, grads =   2.423e-06, unitary_metric = 0.99998
Error = :4.76e-01; Runtime: 72.6s; Iterations = 820, grads =   1.600e-06, unitary_metric = 0.99998
Error = :4.75e-01; Runtime: 74.3s; Iterations = 840, grads =   1.106e-06, unitary_metric = 0.99998
Error = :4.75e-01; Runtime: 76.1s; Iterations = 860, grads =   8.413e-07, unitary_metric = 0.99998
Error = :4.74e-01; Runtime: 77.8s; Iterations = 880, grads =   6.800e-07, unitary_metric = 0.99998
Error = :4.74e-01; Runtime: 79.6s; Iterations = 900, grads =   5.691e-07, unitary_metric = 0.99998
Error = :4.74e-01; Runtime: 81.4s; Iterations = 920, grads =   4.827e-07, unitary_metric = 0.99998
Error = :4.74e-01; Runtime: 83.1s; Iterations = 940, grads =   1.733e-06, unitary_metric = 0.99998
Error = :4.73e-01; Runtime: 84.8s; Iterations = 960, grads =   8.983e-05, unitary_metric = 0.99998
Error = :4.73e-01; Runtime: 86.6s; Iterations = 980, grads =   2.435e-05, unitary_metric = 0.99998
Error = :4.73e-01; Runtime: 88.3s; Iterations = 1000, grads =   1.974e-06, unitary_metric = 0.99998
Error = :4.73e-01; Runtime: 90.2s; Iterations = 1020, grads =   3.245e-07, unitary_metric = 0.99998
Error = :4.73e-01; Runtime: 91.9s; Iterations = 1040, grads =   2.688e-07, unitary_metric = 0.99998
Error = :4.73e-01; Runtime: 93.7s; Iterations = 1060, grads =   2.635e-05, unitary_metric = 0.99998
Error = :4.73e-01; Runtime: 95.4s; Iterations = 1080, grads =   4.462e-05, unitary_metric = 0.99998
Error = :4.73e-01; Runtime: 97.1s; Iterations = 1100, grads =   1.169e-05, unitary_metric = 0.99998
Error = :4.73e-01; Runtime: 99.0s; Iterations = 1120, grads =   1.547e-07, unitary_metric = 0.99998
Error = :4.73e-01; Runtime: 100.7s; Iterations = 1140, grads =   2.937e-07, unitary_metric = 0.99998
Error = :4.73e-01; Runtime: 102.5s; Iterations = 1160, grads =   1.454e-07, unitary_metric = 0.99998
Error = :4.73e-01; Runtime: 104.2s; Iterations = 1180, grads =   1.115e-07, unitary_metric = 0.99998
Error = :4.73e-01; Runtime: 105.9s; Iterations = 1200, grads =   1.343e-07, unitary_metric = 0.99998
Error = :4.73e-01; Runtime: 107.8s; Iterations = 1220, grads =   2.870e-05, unitary_metric = 0.99998
Error = :4.73e-01; Runtime: 109.5s; Iterations = 1240, grads =   5.614e-05, unitary_metric = 0.99998
Error = :4.73e-01; Runtime: 111.3s; Iterations = 1260, grads =   1.604e-05, unitary_metric = 0.99998
Error = :4.73e-01; Runtime: 113.0s; Iterations = 1280, grads =   1.903e-06, unitary_metric = 0.99998
Error = :4.73e-01; Runtime: 114.8s; Iterations = 1300, grads =   1.127e-06, unitary_metric = 0.99998
Error = :4.73e-01; Runtime: 116.6s; Iterations = 1320, grads =   1.444e-05, unitary_metric = 0.99998
Error = :4.73e-01; Runtime: 118.4s; Iterations = 1340, grads =   2.077e-06, unitary_metric = 0.99998
Error = :4.72e-01; Runtime: 120.1s; Iterations = 1360, grads =   3.362e-06, unitary_metric = 0.99998
Error = :4.72e-01; Runtime: 121.8s; Iterations = 1380, grads =   5.624e-07, unitary_metric = 0.99998
Error = :4.72e-01; Runtime: 123.5s; Iterations = 1400, grads =   2.282e-07, unitary_metric = 0.99998
Error = :4.72e-01; Runtime: 125.4s; Iterations = 1420, grads =   1.172e-07, unitary_metric = 0.99998
Error = :4.72e-01; Runtime: 127.1s; Iterations = 1440, grads =   8.798e-07, unitary_metric = 0.99998
Error = :4.72e-01; Runtime: 128.8s; Iterations = 1460, grads =   2.532e-04, unitary_metric = 0.99998
Error = :4.72e-01; Runtime: 130.5s; Iterations = 1480, grads =   2.475e-05, unitary_metric = 0.99998
Error = :4.72e-01; Runtime: 132.3s; Iterations = 1500, grads =   3.436e-06, unitary_metric = 0.99998
Error = :4.72e-01; Runtime: 134.1s; Iterations = 1520, grads =   1.044e-07, unitary_metric = 0.99998
Error = :4.72e-01; Runtime: 135.8s; Iterations = 1540, grads =   6.602e-08, unitary_metric = 0.99998
Error = :4.72e-01; Runtime: 137.6s; Iterations = 1560, grads =   5.091e-08, unitary_metric = 0.99998
Error = :4.72e-01; Runtime: 139.3s; Iterations = 1580, grads =   4.606e-08, unitary_metric = 0.99998
Error = :4.72e-01; Runtime: 141.0s; Iterations = 1600, grads =   5.288e-08, unitary_metric = 0.99998
Error = :4.72e-01; Runtime: 142.9s; Iterations = 1620, grads =   6.408e-08, unitary_metric = 0.99998
Error = :4.72e-01; Runtime: 144.6s; Iterations = 1640, grads =   8.136e-08, unitary_metric = 0.99998
Error = :4.72e-01; Runtime: 146.3s; Iterations = 1660, grads =   2.447e-06, unitary_metric = 0.99998
Error = :4.72e-01; Runtime: 148.3s; Iterations = 1680, grads =   6.115e-05, unitary_metric = 0.99998
Error = :4.72e-01; Runtime: 150.0s; Iterations = 1700, grads =   1.138e-05, unitary_metric = 0.99998
Error = :4.72e-01; Runtime: 151.8s; Iterations = 1720, grads =   4.348e-06, unitary_metric = 0.99998
Error = :4.73e-01; Runtime: 153.5s; Iterations = 1740, grads =   8.159e-07, unitary_metric = 0.99998
Error = :4.73e-01; Runtime: 155.3s; Iterations = 1760, grads =   2.500e-07, unitary_metric = 0.99998
Error = :4.73e-01; Runtime: 157.0s; Iterations = 1780, grads =   3.610e-07, unitary_metric = 0.99998
Error = :4.73e-01; Runtime: 158.7s; Iterations = 1800, grads =   6.018e-07, unitary_metric = 0.99998
Error = :4.73e-01; Runtime: 160.6s; Iterations = 1820, grads =   6.849e-07, unitary_metric = 0.99998
Error = :4.73e-01; Runtime: 162.3s; Iterations = 1840, grads =   4.790e-07, unitary_metric = 0.99998
Error = :4.73e-01; Runtime: 164.0s; Iterations = 1860, grads =   2.494e-07, unitary_metric = 0.99998
Error = :4.73e-01; Runtime: 165.7s; Iterations = 1880, grads =   1.447e-07, unitary_metric = 0.99998
Error = :4.72e-01; Runtime: 167.4s; Iterations = 1900, grads =   1.114e-07, unitary_metric = 0.99998
Error = :4.72e-01; Runtime: 169.3s; Iterations = 1920, grads =   9.855e-08, unitary_metric = 0.99998
Error = :4.72e-01; Runtime: 171.0s; Iterations = 1940, grads =   1.023e-07, unitary_metric = 0.99998
Error = :4.72e-01; Runtime: 172.7s; Iterations = 1960, grads =   1.781e-05, unitary_metric = 0.99998
Error = :4.72e-01; Runtime: 174.4s; Iterations = 1980, grads =   1.680e-04, unitary_metric = 0.99998
Error = :4.72e-01; Runtime: 176.2s; Iterations = 2000, grads =   3.001e-05, unitary_metric = 0.99998
Error = :4.72e-01; Runtime: 178.0s; Iterations = 2020, grads =   5.696e-07, unitary_metric = 0.99998
Error = :4.72e-01; Runtime: 179.7s; Iterations = 2040, grads =   4.063e-07, unitary_metric = 0.99998
Error = :4.72e-01; Runtime: 181.4s; Iterations = 2060, grads =   1.020e-07, unitary_metric = 0.99998
Error = :4.72e-01; Runtime: 183.2s; Iterations = 2080, grads =   5.271e-08, unitary_metric = 0.99998
Error = :4.72e-01; Runtime: 184.9s; Iterations = 2100, grads =   4.502e-08, unitary_metric = 0.99998
Error = :4.72e-01; Runtime: 186.8s; Iterations = 2120, grads =   4.201e-08, unitary_metric = 0.99998
Error = :4.72e-01; Runtime: 188.5s; Iterations = 2140, grads =   3.979e-08, unitary_metric = 0.99998
Error = :4.72e-01; Runtime: 190.2s; Iterations = 2160, grads =   3.771e-08, unitary_metric = 0.99998
Error = :4.72e-01; Runtime: 191.9s; Iterations = 2180, grads =   3.602e-08, unitary_metric = 0.99998
Error = :4.72e-01; Runtime: 193.6s; Iterations = 2200, grads =   3.467e-08, unitary_metric = 0.99998
Error = :4.72e-01; Runtime: 195.5s; Iterations = 2220, grads =   4.028e-08, unitary_metric = 0.99998
Error = :4.72e-01; Runtime: 197.2s; Iterations = 2240, grads =   1.719e-06, unitary_metric = 0.99998
Error = :4.72e-01; Runtime: 198.9s; Iterations = 2260, grads =   5.344e-05, unitary_metric = 0.99998
Error = :4.72e-01; Runtime: 200.6s; Iterations = 2280, grads =   1.668e-05, unitary_metric = 0.99998
Error = :4.72e-01; Runtime: 202.3s; Iterations = 2300, grads =   2.405e-06, unitary_metric = 0.99998
Error = :4.72e-01; Runtime: 204.2s; Iterations = 2320, grads =   4.504e-07, unitary_metric = 0.99998
Error = :4.72e-01; Runtime: 205.9s; Iterations = 2340, grads =   5.582e-08, unitary_metric = 0.99998
Error = :4.72e-01; Runtime: 207.6s; Iterations = 2360, grads =   3.444e-08, unitary_metric = 0.99998
Error = :4.72e-01; Runtime: 209.4s; Iterations = 2380, grads =   2.818e-08, unitary_metric = 0.99998
Error = :4.72e-01; Runtime: 211.1s; Iterations = 2400, grads =   2.618e-08, unitary_metric = 0.99998
Error = :4.72e-01; Runtime: 212.9s; Iterations = 2420, grads =   2.791e-08, unitary_metric = 0.99998
Error = :4.72e-01; Runtime: 214.7s; Iterations = 2440, grads =   5.433e-08, unitary_metric = 0.99998
Error = :4.72e-01; Runtime: 216.4s; Iterations = 2460, grads =   4.789e-06, unitary_metric = 0.99998
Error = :4.72e-01; Runtime: 218.1s; Iterations = 2480, grads =   1.090e-05, unitary_metric = 0.99998
Error = :4.72e-01; Runtime: 219.8s; Iterations = 2500, grads =   3.389e-06, unitary_metric = 0.99998
Error = :4.72e-01; Runtime: 221.9s; Iterations = 2520, grads =   1.242e-06, unitary_metric = 0.99998
Error = :4.72e-01; Runtime: 223.6s; Iterations = 2540, grads =   1.486e-07, unitary_metric = 0.99998
Error = :4.72e-01; Runtime: 225.3s; Iterations = 2560, grads =   7.585e-08, unitary_metric = 0.99998
Error = :4.72e-01; Runtime: 227.0s; Iterations = 2580, grads =   2.659e-08, unitary_metric = 0.99998
Error = :4.72e-01; Runtime: 228.7s; Iterations = 2600, grads =   2.015e-08, unitary_metric = 0.99998
Error = :4.72e-01; Runtime: 230.6s; Iterations = 2620, grads =   2.357e-08, unitary_metric = 0.99998
Error = :4.72e-01; Runtime: 232.3s; Iterations = 2640, grads =   1.370e-07, unitary_metric = 0.99998
Error = :4.72e-01; Runtime: 234.0s; Iterations = 2660, grads =   1.886e-05, unitary_metric = 0.99998
Error = :4.72e-01; Runtime: 235.7s; Iterations = 2680, grads =   5.555e-05, unitary_metric = 0.99998
Error = :4.72e-01; Runtime: 237.5s; Iterations = 2700, grads =   4.862e-06, unitary_metric = 0.99998
Error = :4.72e-01; Runtime: 239.3s; Iterations = 2720, grads =   5.854e-07, unitary_metric = 0.99998
Error = :4.72e-01; Runtime: 241.0s; Iterations = 2740, grads =   1.474e-07, unitary_metric = 0.99998
Error = :4.72e-01; Runtime: 242.8s; Iterations = 2760, grads =   3.595e-08, unitary_metric = 0.99998
Error = :4.72e-01; Runtime: 244.5s; Iterations = 2780, grads =   2.283e-08, unitary_metric = 0.99998
Error = :4.72e-01; Runtime: 246.2s; Iterations = 2800, grads =   2.100e-08, unitary_metric = 0.99998
Error = :4.72e-01; Runtime: 248.0s; Iterations = 2820, grads =   1.120e-07, unitary_metric = 0.99998
Error = :4.72e-01; Runtime: 249.7s; Iterations = 2840, grads =   1.447e-05, unitary_metric = 0.99998
Error = :4.72e-01; Runtime: 251.4s; Iterations = 2860, grads =   2.209e-05, unitary_metric = 0.99998
Error = :4.72e-01; Runtime: 253.1s; Iterations = 2880, grads =   2.749e-06, unitary_metric = 0.99998
Error = :4.72e-01; Runtime: 254.8s; Iterations = 2900, grads =   1.938e-07, unitary_metric = 0.99998
Error = :4.72e-01; Runtime: 256.7s; Iterations = 2920, grads =   4.085e-08, unitary_metric = 0.99998
Error = :4.72e-01; Runtime: 258.4s; Iterations = 2940, grads =   2.719e-08, unitary_metric = 0.99998
Error = :4.72e-01; Runtime: 260.1s; Iterations = 2960, grads =   1.897e-08, unitary_metric = 0.99998
Error = :4.72e-01; Runtime: 261.8s; Iterations = 2980, grads =   4.744e-08, unitary_metric = 0.99998
Error = :4.72e-01; Runtime: 263.6s; Iterations = 3000, grads =   2.708e-06, unitary_metric = 0.99998
Error = :4.72e-01; Runtime: 265.5s; Iterations = 3020, grads =   5.386e-06, unitary_metric = 0.99998
Error = :4.72e-01; Runtime: 267.2s; Iterations = 3040, grads =   1.308e-05, unitary_metric = 0.99998
Error = :4.72e-01; Runtime: 268.9s; Iterations = 3060, grads =   1.935e-06, unitary_metric = 0.99998
Error = :4.72e-01; Runtime: 270.6s; Iterations = 3080, grads =   1.292e-07, unitary_metric = 0.99998
Error = :4.72e-01; Runtime: 272.3s; Iterations = 3100, grads =   1.997e-07, unitary_metric = 0.99998
Error = :4.72e-01; Runtime: 274.2s; Iterations = 3120, grads =   1.702e-06, unitary_metric = 0.99998
Error = :4.72e-01; Runtime: 275.9s; Iterations = 3140, grads =   2.058e-05, unitary_metric = 0.99998
Error = :4.72e-01; Runtime: 277.6s; Iterations = 3160, grads =   8.756e-07, unitary_metric = 0.99998
Error = :4.72e-01; Runtime: 279.3s; Iterations = 3180, grads =   1.853e-08, unitary_metric = 0.99998
Error = :4.72e-01; Runtime: 281.1s; Iterations = 3200, grads =   8.571e-08, unitary_metric = 0.99998
Error = :4.72e-01; Runtime: 283.2s; Iterations = 3220, grads =   7.395e-06, unitary_metric = 0.99998
Error = :4.72e-01; Runtime: 284.9s; Iterations = 3240, grads =   7.625e-06, unitary_metric = 0.99998
Error = :4.72e-01; Runtime: 286.6s; Iterations = 3260, grads =   8.784e-06, unitary_metric = 0.99998
Error = :4.72e-01; Runtime: 288.3s; Iterations = 3280, grads =   8.151e-07, unitary_metric = 0.99998
Error = :4.72e-01; Runtime: 290.1s; Iterations = 3300, grads =   1.448e-07, unitary_metric = 0.99998
Error = :4.72e-01; Runtime: 291.9s; Iterations = 3320, grads =   2.106e-08, unitary_metric = 0.99998
Error = :4.72e-01; Runtime: 293.6s; Iterations = 3340, grads =   5.242e-08, unitary_metric = 0.99998
Error = :4.72e-01; Runtime: 295.4s; Iterations = 3360, grads =   6.679e-06, unitary_metric = 0.99998
Error = :4.72e-01; Runtime: 297.1s; Iterations = 3380, grads =   1.093e-05, unitary_metric = 0.99998
Error = :4.72e-01; Runtime: 298.8s; Iterations = 3400, grads =   1.873e-06, unitary_metric = 0.99998
Error = :4.72e-01; Runtime: 300.7s; Iterations = 3420, grads =   5.538e-06, unitary_metric = 0.99998
Error = :4.72e-01; Runtime: 302.4s; Iterations = 3440, grads =   1.556e-07, unitary_metric = 0.99998
Error = :4.72e-01; Runtime: 304.2s; Iterations = 3460, grads =   2.141e-07, unitary_metric = 0.99998
Error = :4.72e-01; Runtime: 305.9s; Iterations = 3480, grads =   7.938e-08, unitary_metric = 0.99998
Error = :4.72e-01; Runtime: 307.6s; Iterations = 3500, grads =   1.351e-07, unitary_metric = 0.99998
Error = :4.72e-01; Runtime: 309.4s; Iterations = 3520, grads =   1.724e-06, unitary_metric = 0.99998
Error = :4.72e-01; Runtime: 311.1s; Iterations = 3540, grads =   8.380e-06, unitary_metric = 0.99998
Error = :4.72e-01; Runtime: 312.7s; Iterations = 3560, grads =   1.695e-06, unitary_metric = 0.99998
Error = :4.72e-01; Runtime: 314.4s; Iterations = 3580, grads =   6.734e-06, unitary_metric = 0.99998
Error = :4.72e-01; Runtime: 316.1s; Iterations = 3600, grads =   9.210e-08, unitary_metric = 0.99998
Error = :4.72e-01; Runtime: 318.0s; Iterations = 3620, grads =   3.076e-07, unitary_metric = 0.99998
Error = :4.72e-01; Runtime: 319.6s; Iterations = 3640, grads =   1.482e-07, unitary_metric = 0.99998
Error = :4.72e-01; Runtime: 321.3s; Iterations = 3660, grads =   2.274e-06, unitary_metric = 0.99998
Error = :4.72e-01; Runtime: 323.0s; Iterations = 3680, grads =   2.569e-05, unitary_metric = 0.99998
Error = :4.72e-01; Runtime: 324.7s; Iterations = 3700, grads =   6.597e-07, unitary_metric = 0.99998
Error = :4.72e-01; Runtime: 326.5s; Iterations = 3720, grads =   1.869e-07, unitary_metric = 0.99998
