Running Array Job:  70
Experiment FlexibleErdosRenyi N=6 p=6 slice=17


trying total_time: 99.0 for unitary of size (4, 4)
data saved at: /project/ftchong/qoc/yongshan/00000_04_flexErdosRenyiN6p6_slice_17.h5
Using 5 Taylor terms and 3 Scaling & Squaring terms
Building graph:
Propagators initialized.
Operators weight initialized.
Intermediate propagation variables initialized.
Intermediate propagators initialized.
Vectors initialized.
Training loss initialized.
Optimizer initialized.
Utilities initialized.
Graph built!
Initialized
Error = :6.39e-02; Runtime: 2.9s; Iterations = 0, grads =   1.248e+01, unitary_metric = 1.00022
Error = :7.21e-02; Runtime: 24.6s; Iterations = 20, grads =   1.049e+01, unitary_metric = 1.00022
Error = :1.37e-02; Runtime: 41.3s; Iterations = 40, grads =   1.414e+00, unitary_metric = 1.00016
Error = :8.52e-04; Runtime: 52.9s; Iterations = 54, grads =   1.416e-01, unitary_metric = 1.00017
data saved at: /project/ftchong/qoc/yongshan/00000_04_flexErdosRenyiN6p6_slice_17.h5


trying total_time: 49.5 for unitary of size (4, 4)
data saved at: /project/ftchong/qoc/yongshan/00001_04_flexErdosRenyiN6p6_slice_17.h5
Using 4 Taylor terms and 3 Scaling & Squaring terms
Building graph:
Propagators initialized.
Operators weight initialized.
Intermediate propagation variables initialized.
Intermediate propagators initialized.
Vectors initialized.
Training loss initialized.
Optimizer initialized.
Utilities initialized.
Graph built!
Initialized
Error = :1.07e-01; Runtime: 1.3s; Iterations = 0, grads =   1.011e+01, unitary_metric = 1.00010
Error = :5.98e-01; Runtime: 10.6s; Iterations = 20, grads =   1.971e+01, unitary_metric = 1.00002
Error = :7.48e-02; Runtime: 17.7s; Iterations = 40, grads =   7.140e+00, unitary_metric = 1.00002
Error = :1.64e-02; Runtime: 24.9s; Iterations = 60, grads =   1.687e+00, unitary_metric = 1.00002
Error = :4.96e-04; Runtime: 26.3s; Iterations = 64, grads =   3.447e-02, unitary_metric = 1.00002
data saved at: /project/ftchong/qoc/yongshan/00001_04_flexErdosRenyiN6p6_slice_17.h5


trying total_time: 24.75 for unitary of size (4, 4)
data saved at: /project/ftchong/qoc/yongshan/00002_04_flexErdosRenyiN6p6_slice_17.h5
Using 4 Taylor terms and 3 Scaling & Squaring terms
Building graph:
Propagators initialized.
Operators weight initialized.
Intermediate propagation variables initialized.
Intermediate propagators initialized.
Vectors initialized.
Training loss initialized.
Optimizer initialized.
Utilities initialized.
Graph built!
Initialized
Error = :6.21e-02; Runtime: 0.6s; Iterations = 0, grads =   2.815e+00, unitary_metric = 1.00005
Error = :1.24e-01; Runtime: 4.9s; Iterations = 20, grads =   5.746e+00, unitary_metric = 1.00004
Error = :6.66e-03; Runtime: 8.2s; Iterations = 40, grads =   3.530e-01, unitary_metric = 1.00005
Error = :5.37e-04; Runtime: 10.0s; Iterations = 51, grads =   2.766e-02, unitary_metric = 1.00004
data saved at: /project/ftchong/qoc/yongshan/00002_04_flexErdosRenyiN6p6_slice_17.h5


trying total_time: 12.35 for unitary of size (4, 4)
data saved at: /project/ftchong/qoc/yongshan/00000_04_flexErdosRenyiN6p6_slice_17.h5
Using 6 Taylor terms and 1 Scaling & Squaring terms
Building graph:
Propagators initialized.
Operators weight initialized.
Intermediate propagation variables initialized.
Intermediate propagators initialized.
Vectors initialized.
Training loss initialized.
Optimizer initialized.
Utilities initialized.
Graph built!
Initialized
Error = :6.20e-02; Runtime: 0.3s; Iterations = 0, grads =   1.535e+00, unitary_metric = 1.00000
Error = :1.15e-04; Runtime: 2.6s; Iterations = 20, grads =   2.329e-03, unitary_metric = 1.00000
data saved at: /project/ftchong/qoc/yongshan/00000_04_flexErdosRenyiN6p6_slice_17.h5


trying total_time: 6.15 for unitary of size (4, 4)
data saved at: /project/ftchong/qoc/yongshan/00003_04_flexErdosRenyiN6p6_slice_17.h5
Using 6 Taylor terms and 1 Scaling & Squaring terms
Building graph:
Propagators initialized.
Operators weight initialized.
Intermediate propagation variables initialized.
Intermediate propagators initialized.
Vectors initialized.
Training loss initialized.
Optimizer initialized.
Utilities initialized.
Graph built!
Initialized
Error = :1.80e-01; Runtime: 0.2s; Iterations = 0, grads =   1.967e+00, unitary_metric = 1.00000
Error = :1.63e-04; Runtime: 1.4s; Iterations = 20, grads =   1.466e-03, unitary_metric = 1.00000
data saved at: /project/ftchong/qoc/yongshan/00003_04_flexErdosRenyiN6p6_slice_17.h5


trying total_time: 3.05 for unitary of size (4, 4)
data saved at: /project/ftchong/qoc/yongshan/00004_04_flexErdosRenyiN6p6_slice_17.h5
Using 6 Taylor terms and 1 Scaling & Squaring terms
Building graph:
Propagators initialized.
Operators weight initialized.
Intermediate propagation variables initialized.
Intermediate propagators initialized.
Vectors initialized.
Training loss initialized.
Optimizer initialized.
Utilities initialized.
Graph built!
Initialized
Error = :1.89e-02; Runtime: 0.1s; Iterations = 0, grads =   1.123e-01, unitary_metric = 1.00000
Error = :8.98e-04; Runtime: 0.5s; Iterations = 10, grads =   5.139e-03, unitary_metric = 1.00000
data saved at: /project/ftchong/qoc/yongshan/00004_04_flexErdosRenyiN6p6_slice_17.h5


trying total_time: 1.5 for unitary of size (4, 4)
data saved at: /project/ftchong/qoc/yongshan/00005_04_flexErdosRenyiN6p6_slice_17.h5
Using 6 Taylor terms and 1 Scaling & Squaring terms
Building graph:
Propagators initialized.
Operators weight initialized.
Intermediate propagation variables initialized.
Intermediate propagators initialized.
Vectors initialized.
Training loss initialized.
Optimizer initialized.
Utilities initialized.
Graph built!
Initialized
Error = :4.58e-02; Runtime: 0.1s; Iterations = 0, grads =   1.383e-01, unitary_metric = 1.00000
Error = :2.20e-04; Runtime: 0.3s; Iterations = 12, grads =   3.061e-04, unitary_metric = 1.00000
data saved at: /project/ftchong/qoc/yongshan/00005_04_flexErdosRenyiN6p6_slice_17.h5


trying total_time: 0.75 for unitary of size (4, 4)
data saved at: /project/ftchong/qoc/yongshan/00006_04_flexErdosRenyiN6p6_slice_17.h5
Using 7 Taylor terms and 0 Scaling & Squaring terms
Building graph:
Propagators initialized.
Operators weight initialized.
Intermediate propagation variables initialized.
Intermediate propagators initialized.
Vectors initialized.
Training loss initialized.
Optimizer initialized.
Utilities initialized.
Graph built!
Initialized
Error = :9.03e-03; Runtime: 0.1s; Iterations = 0, grads =   1.392e-02, unitary_metric = 1.00000
Error = :1.12e-04; Runtime: 0.2s; Iterations = 2, grads =   6.182e-05, unitary_metric = 1.00000
data saved at: /project/ftchong/qoc/yongshan/00006_04_flexErdosRenyiN6p6_slice_17.h5


trying total_time: 0.35 for unitary of size (4, 4)
data saved at: /project/ftchong/qoc/yongshan/00007_04_flexErdosRenyiN6p6_slice_17.h5
Using 7 Taylor terms and 0 Scaling & Squaring terms
Building graph:
Propagators initialized.
Operators weight initialized.
Intermediate propagation variables initialized.
Intermediate propagators initialized.
Vectors initialized.
Training loss initialized.
Optimizer initialized.
Utilities initialized.
Graph built!
Initialized
Error = :3.30e-02; Runtime: 0.0s; Iterations = 0, grads =   1.884e-02, unitary_metric = 1.00000
Error = :6.86e-04; Runtime: 0.2s; Iterations = 12, grads =   3.847e-04, unitary_metric = 1.00000
data saved at: /project/ftchong/qoc/yongshan/00007_04_flexErdosRenyiN6p6_slice_17.h5


trying total_time: 0.15 for unitary of size (4, 4)
data saved at: /project/ftchong/qoc/yongshan/00008_04_flexErdosRenyiN6p6_slice_17.h5
Using 5 Taylor terms and 1 Scaling & Squaring terms
Building graph:
Propagators initialized.
Operators weight initialized.
Intermediate propagation variables initialized.
Intermediate propagators initialized.
Vectors initialized.
Training loss initialized.
Optimizer initialized.
Utilities initialized.
Graph built!
Initialized
Error = :4.22e-02; Runtime: 0.0s; Iterations = 0, grads =   9.596e-03, unitary_metric = 1.00000
Error = :7.05e-03; Runtime: 0.1s; Iterations = 20, grads =   1.760e-03, unitary_metric = 1.00000
Error = :8.82e-04; Runtime: 0.2s; Iterations = 32, grads =   2.174e-04, unitary_metric = 1.00000
data saved at: /project/ftchong/qoc/yongshan/00008_04_flexErdosRenyiN6p6_slice_17.h5


trying total_time: 198.0 for unitary of size (16, 16)
data saved at: /project/ftchong/qoc/yongshan/00009_04_flexErdosRenyiN6p6_slice_17.h5
Using 8 Taylor terms and 2 Scaling & Squaring terms
Building graph:
Propagators initialized.
Operators weight initialized.
Intermediate propagation variables initialized.
Intermediate propagators initialized.
Vectors initialized.
Training loss initialized.
Optimizer initialized.
Utilities initialized.
Graph built!
Initialized
Error = :1.00e+00; Runtime: 7.7s; Iterations = 0, grads =   9.211e-04, unitary_metric = 1.00046
Error = :9.90e-01; Runtime: 112.9s; Iterations = 20, grads =   1.336e-01, unitary_metric = 1.00012
Error = :9.74e-01; Runtime: 206.3s; Iterations = 40, grads =   1.118e+00, unitary_metric = 1.00000
Error = :9.90e-01; Runtime: 299.7s; Iterations = 60, grads =   1.031e-01, unitary_metric = 0.99995
Error = :1.00e+00; Runtime: 393.1s; Iterations = 80, grads =   3.543e-05, unitary_metric = 0.99995
Error = :9.94e-01; Runtime: 486.6s; Iterations = 100, grads =   2.081e-01, unitary_metric = 0.99990
Error = :9.74e-01; Runtime: 585.6s; Iterations = 120, grads =   2.274e+00, unitary_metric = 0.99992
Error = :1.00e+00; Runtime: 678.9s; Iterations = 140, grads =   4.456e-04, unitary_metric = 0.99993
Error = :1.00e+00; Runtime: 772.4s; Iterations = 160, grads =   1.473e-03, unitary_metric = 0.99990
Error = :8.77e-01; Runtime: 865.7s; Iterations = 180, grads =   2.475e+00, unitary_metric = 0.99991
