Running Array Job:  61
Experiment ErdosRenyi N=6 p=6 slice=8


trying total_time: 90.0 for unitary of size (4, 4)
data saved at: /project/ftchong/qoc/yongshan/00000_01_ErdosRenyiN6p6_slice_8.h5
Using 5 Taylor terms and 3 Scaling & Squaring terms
Building graph:
Propagators initialized.
Operators weight initialized.
Intermediate propagation variables initialized.
Intermediate propagators initialized.
Vectors initialized.
Training loss initialized.
Optimizer initialized.
Utilities initialized.
Graph built!
Initialized
Error = :1.83e-01; Runtime: 3.0s; Iterations = 0, grads =   2.824e+01, unitary_metric = 1.00017
Error = :2.98e-01; Runtime: 22.7s; Iterations = 20, grads =   3.191e+01, unitary_metric = 1.00007
Error = :9.22e-02; Runtime: 37.4s; Iterations = 40, grads =   1.384e+01, unitary_metric = 1.00005
Error = :1.48e-02; Runtime: 52.1s; Iterations = 60, grads =   2.062e+00, unitary_metric = 1.00006
Error = :1.25e-03; Runtime: 66.7s; Iterations = 80, grads =   1.796e-01, unitary_metric = 1.00006
Error = :9.55e-04; Runtime: 67.4s; Iterations = 81, grads =   1.649e-01, unitary_metric = 1.00006
data saved at: /project/ftchong/qoc/yongshan/00000_01_ErdosRenyiN6p6_slice_8.h5


trying total_time: 45.0 for unitary of size (4, 4)
data saved at: /project/ftchong/qoc/yongshan/00001_01_ErdosRenyiN6p6_slice_8.h5
Using 4 Taylor terms and 3 Scaling & Squaring terms
Building graph:
Propagators initialized.
Operators weight initialized.
Intermediate propagation variables initialized.
Intermediate propagators initialized.
Vectors initialized.
Training loss initialized.
Optimizer initialized.
Utilities initialized.
Graph built!
Initialized
Error = :2.08e-01; Runtime: 1.4s; Iterations = 0, grads =   1.584e+01, unitary_metric = 1.00013
Error = :2.33e-02; Runtime: 10.1s; Iterations = 20, grads =   2.026e+00, unitary_metric = 1.00009
Error = :1.26e-02; Runtime: 16.5s; Iterations = 40, grads =   1.202e+00, unitary_metric = 1.00009
Error = :6.25e-04; Runtime: 18.7s; Iterations = 47, grads =   6.831e-02, unitary_metric = 1.00009
data saved at: /project/ftchong/qoc/yongshan/00001_01_ErdosRenyiN6p6_slice_8.h5


trying total_time: 22.5 for unitary of size (4, 4)
data saved at: /project/ftchong/qoc/yongshan/00002_01_ErdosRenyiN6p6_slice_8.h5
Using 4 Taylor terms and 3 Scaling & Squaring terms
Building graph:
Propagators initialized.
Operators weight initialized.
Intermediate propagation variables initialized.
Intermediate propagators initialized.
Vectors initialized.
Training loss initialized.
Optimizer initialized.
Utilities initialized.
Graph built!
Initialized
Error = :4.17e-01; Runtime: 0.6s; Iterations = 0, grads =   1.171e+01, unitary_metric = 1.00004
Error = :7.98e-02; Runtime: 4.8s; Iterations = 20, grads =   3.528e+00, unitary_metric = 1.00003
Error = :7.78e-04; Runtime: 5.2s; Iterations = 23, grads =   2.247e-02, unitary_metric = 1.00005
data saved at: /project/ftchong/qoc/yongshan/00002_01_ErdosRenyiN6p6_slice_8.h5


trying total_time: 11.25 for unitary of size (4, 4)
data saved at: /project/ftchong/qoc/yongshan/00003_01_ErdosRenyiN6p6_slice_8.h5
Using 6 Taylor terms and 1 Scaling & Squaring terms
Building graph:
Propagators initialized.
Operators weight initialized.
Intermediate propagation variables initialized.
Intermediate propagators initialized.
Vectors initialized.
Training loss initialized.
Optimizer initialized.
Utilities initialized.
Graph built!
Initialized
Error = :9.46e-02; Runtime: 0.3s; Iterations = 0, grads =   2.079e+00, unitary_metric = 1.00000
Error = :9.15e-03; Runtime: 2.4s; Iterations = 20, grads =   2.154e-01, unitary_metric = 1.00000
Error = :5.89e-04; Runtime: 3.8s; Iterations = 39, grads =   1.319e-02, unitary_metric = 1.00000
data saved at: /project/ftchong/qoc/yongshan/00003_01_ErdosRenyiN6p6_slice_8.h5


trying total_time: 5.6 for unitary of size (4, 4)
data saved at: /project/ftchong/qoc/yongshan/00004_01_ErdosRenyiN6p6_slice_8.h5
Using 6 Taylor terms and 1 Scaling & Squaring terms
Building graph:
Propagators initialized.
Operators weight initialized.
Intermediate propagation variables initialized.
Intermediate propagators initialized.
Vectors initialized.
Training loss initialized.
Optimizer initialized.
Utilities initialized.
Graph built!
Initialized
Error = :3.31e-01; Runtime: 0.2s; Iterations = 0, grads =   2.701e+00, unitary_metric = 1.00000
Error = :1.44e-02; Runtime: 1.3s; Iterations = 20, grads =   1.726e-01, unitary_metric = 1.00000
Error = :5.92e-04; Runtime: 1.4s; Iterations = 25, grads =   6.514e-03, unitary_metric = 1.00000
data saved at: /project/ftchong/qoc/yongshan/00004_01_ErdosRenyiN6p6_slice_8.h5


trying total_time: 2.8 for unitary of size (4, 4)
data saved at: /project/ftchong/qoc/yongshan/00005_01_ErdosRenyiN6p6_slice_8.h5
Using 6 Taylor terms and 1 Scaling & Squaring terms
Building graph:
Propagators initialized.
Operators weight initialized.
Intermediate propagation variables initialized.
Intermediate propagators initialized.
Vectors initialized.
Training loss initialized.
Optimizer initialized.
Utilities initialized.
Graph built!
Initialized
Error = :1.12e-01; Runtime: 0.1s; Iterations = 0, grads =   5.867e-01, unitary_metric = 1.00000
Error = :7.79e-04; Runtime: 0.7s; Iterations = 19, grads =   3.791e-03, unitary_metric = 1.00000
data saved at: /project/ftchong/qoc/yongshan/00005_01_ErdosRenyiN6p6_slice_8.h5


trying total_time: 1.4 for unitary of size (4, 4)
data saved at: /project/ftchong/qoc/yongshan/00006_01_ErdosRenyiN6p6_slice_8.h5
Using 6 Taylor terms and 1 Scaling & Squaring terms
Building graph:
Propagators initialized.
Operators weight initialized.
Intermediate propagation variables initialized.
Intermediate propagators initialized.
Vectors initialized.
Training loss initialized.
Optimizer initialized.
Utilities initialized.
Graph built!
Initialized
Error = :2.91e-02; Runtime: 0.1s; Iterations = 0, grads =   8.413e-02, unitary_metric = 1.00000
Error = :1.73e-04; Runtime: 0.3s; Iterations = 10, grads =   3.941e-04, unitary_metric = 1.00000
data saved at: /project/ftchong/qoc/yongshan/00006_01_ErdosRenyiN6p6_slice_8.h5


trying total_time: 0.7 for unitary of size (4, 4)
data saved at: /project/ftchong/qoc/yongshan/00007_01_ErdosRenyiN6p6_slice_8.h5
Using 7 Taylor terms and 0 Scaling & Squaring terms
Building graph:
Propagators initialized.
Operators weight initialized.
Intermediate propagation variables initialized.
Intermediate propagators initialized.
Vectors initialized.
Training loss initialized.
Optimizer initialized.
Utilities initialized.
Graph built!
Initialized
Error = :1.04e-01; Runtime: 0.1s; Iterations = 0, grads =   1.195e-01, unitary_metric = 1.00000
Error = :6.02e-03; Runtime: 0.3s; Iterations = 20, grads =   8.309e-03, unitary_metric = 1.00000
Error = :5.50e-04; Runtime: 0.3s; Iterations = 27, grads =   4.266e-04, unitary_metric = 1.00000
data saved at: /project/ftchong/qoc/yongshan/00007_01_ErdosRenyiN6p6_slice_8.h5


trying total_time: 0.35 for unitary of size (4, 4)
data saved at: /project/ftchong/qoc/yongshan/00008_01_ErdosRenyiN6p6_slice_8.h5
Using 7 Taylor terms and 0 Scaling & Squaring terms
Building graph:
Propagators initialized.
Operators weight initialized.
Intermediate propagation variables initialized.
Intermediate propagators initialized.
Vectors initialized.
Training loss initialized.
Optimizer initialized.
Utilities initialized.
Graph built!
Initialized
Error = :4.05e-03; Runtime: 0.0s; Iterations = 0, grads =   2.295e-03, unitary_metric = 1.00000
Error = :6.45e-04; Runtime: 0.1s; Iterations = 3, grads =   1.227e-04, unitary_metric = 1.00000
data saved at: /project/ftchong/qoc/yongshan/00008_01_ErdosRenyiN6p6_slice_8.h5


trying total_time: 0.15 for unitary of size (4, 4)
data saved at: /project/ftchong/qoc/yongshan/00009_01_ErdosRenyiN6p6_slice_8.h5
Using 5 Taylor terms and 1 Scaling & Squaring terms
Building graph:
Propagators initialized.
Operators weight initialized.
Intermediate propagation variables initialized.
Intermediate propagators initialized.
Vectors initialized.
Training loss initialized.
Optimizer initialized.
Utilities initialized.
Graph built!
Initialized
Error = :1.87e-02; Runtime: 0.0s; Iterations = 0, grads =   4.763e-03, unitary_metric = 1.00000
Error = :9.95e-04; Runtime: 0.2s; Iterations = 17, grads =   2.129e-04, unitary_metric = 1.00000
data saved at: /project/ftchong/qoc/yongshan/00009_01_ErdosRenyiN6p6_slice_8.h5


trying total_time: 180.0 for unitary of size (16, 16)
data saved at: /project/ftchong/qoc/yongshan/00010_01_ErdosRenyiN6p6_slice_8.h5
Using 8 Taylor terms and 2 Scaling & Squaring terms
Building graph:
Propagators initialized.
Operators weight initialized.
Intermediate propagation variables initialized.
Intermediate propagators initialized.
Vectors initialized.
Training loss initialized.
Optimizer initialized.
Utilities initialized.
Graph built!
Initialized
Error = :4.27e-01; Runtime: 7.5s; Iterations = 0, grads =   1.197e+01, unitary_metric = 1.00039
Error = :9.86e-01; Runtime: 104.5s; Iterations = 20, grads =   3.648e-02, unitary_metric = 1.00009
Error = :9.91e-01; Runtime: 189.9s; Iterations = 40, grads =   4.938e-02, unitary_metric = 1.00010
Error = :8.72e-01; Runtime: 275.2s; Iterations = 60, grads =   7.797e-01, unitary_metric = 1.00010
Error = :9.46e-01; Runtime: 360.6s; Iterations = 80, grads =   2.846e-01, unitary_metric = 1.00010
Error = :6.65e-01; Runtime: 445.9s; Iterations = 100, grads =   1.228e+01, unitary_metric = 1.00011
Error = :6.65e-01; Runtime: 536.7s; Iterations = 120, grads =   1.361e+01, unitary_metric = 1.00011
Error = :9.97e-01; Runtime: 622.3s; Iterations = 140, grads =   9.382e-03, unitary_metric = 1.00009
Error = :7.33e-01; Runtime: 708.0s; Iterations = 160, grads =   6.775e-01, unitary_metric = 1.00007
Error = :3.29e-01; Runtime: 793.6s; Iterations = 180, grads =   7.558e+00, unitary_metric = 1.00007
Error = :2.37e-01; Runtime: 879.2s; Iterations = 200, grads =   5.668e+00, unitary_metric = 1.00007
Error = :2.96e-01; Runtime: 969.5s; Iterations = 220, grads =   1.878e+01, unitary_metric = 1.00007
Error = :2.50e-02; Runtime: 1055.0s; Iterations = 240, grads =   1.927e+00, unitary_metric = 1.00007
Error = :1.41e-02; Runtime: 1140.5s; Iterations = 260, grads =   1.167e+00, unitary_metric = 1.00008
Error = :3.36e-03; Runtime: 1226.2s; Iterations = 280, grads =   2.253e-01, unitary_metric = 1.00008
Error = :2.22e-02; Runtime: 1312.0s; Iterations = 300, grads =   1.834e+00, unitary_metric = 1.00009
Error = :5.36e-03; Runtime: 1402.4s; Iterations = 320, grads =   4.707e-01, unitary_metric = 1.00008
Error = :1.27e-02; Runtime: 1488.1s; Iterations = 340, grads =   1.085e+00, unitary_metric = 1.00009
Error = :2.08e-02; Runtime: 1573.5s; Iterations = 360, grads =   1.807e+00, unitary_metric = 1.00010
Error = :6.96e-03; Runtime: 1658.9s; Iterations = 380, grads =   5.872e-01, unitary_metric = 1.00008
Error = :1.51e-02; Runtime: 1744.1s; Iterations = 400, grads =   1.109e+00, unitary_metric = 1.00009
Error = :3.38e-02; Runtime: 1834.3s; Iterations = 420, grads =   2.643e+00, unitary_metric = 1.00008
Error = :1.08e-02; Runtime: 1919.3s; Iterations = 440, grads =   8.222e-01, unitary_metric = 1.00008
Error = :8.68e-04; Runtime: 1983.4s; Iterations = 455, grads =   6.419e-02, unitary_metric = 1.00008
data saved at: /project/ftchong/qoc/yongshan/00010_01_ErdosRenyiN6p6_slice_8.h5


trying total_time: 90.0 for unitary of size (16, 16)
data saved at: /project/ftchong/qoc/yongshan/00011_01_ErdosRenyiN6p6_slice_8.h5
Using 5 Taylor terms and 4 Scaling & Squaring terms
Building graph:
Propagators initialized.
Operators weight initialized.
Intermediate propagation variables initialized.
Intermediate propagators initialized.
Vectors initialized.
Training loss initialized.
Optimizer initialized.
Utilities initialized.
Graph built!
Initialized
Error = :5.19e-01; Runtime: 3.3s; Iterations = 0, grads =   1.057e+01, unitary_metric = 1.00048
Error = :8.89e-01; Runtime: 44.5s; Iterations = 20, grads =   4.576e+00, unitary_metric = 1.00077
Error = :9.63e-01; Runtime: 80.1s; Iterations = 40, grads =   3.365e-01, unitary_metric = 1.00078
Error = :4.91e-01; Runtime: 115.7s; Iterations = 60, grads =   1.684e+01, unitary_metric = 1.00073
Error = :2.19e-01; Runtime: 151.4s; Iterations = 80, grads =   1.713e+00, unitary_metric = 1.00072
Error = :1.46e-01; Runtime: 187.0s; Iterations = 100, grads =   5.265e-01, unitary_metric = 1.00072
Error = :1.52e-02; Runtime: 224.8s; Iterations = 120, grads =   7.411e-02, unitary_metric = 1.00061
Error = :2.21e-03; Runtime: 260.2s; Iterations = 140, grads =   6.706e-02, unitary_metric = 1.00059
Error = :9.10e-04; Runtime: 274.3s; Iterations = 148, grads =   2.783e-03, unitary_metric = 1.00058
data saved at: /project/ftchong/qoc/yongshan/00011_01_ErdosRenyiN6p6_slice_8.h5


trying total_time: 45.0 for unitary of size (16, 16)
data saved at: /project/ftchong/qoc/yongshan/00012_01_ErdosRenyiN6p6_slice_8.h5
Using 5 Taylor terms and 4 Scaling & Squaring terms
Building graph:
Propagators initialized.
Operators weight initialized.
Intermediate propagation variables initialized.
Intermediate propagators initialized.
Vectors initialized.
Training loss initialized.
Optimizer initialized.
Utilities initialized.
Graph built!
Initialized
Error = :5.41e-01; Runtime: 1.7s; Iterations = 0, grads =   5.465e+00, unitary_metric = 1.00042
Error = :4.33e-01; Runtime: 21.0s; Iterations = 20, grads =   1.357e+00, unitary_metric = 1.00038
Error = :2.24e-01; Runtime: 37.5s; Iterations = 40, grads =   9.376e-01, unitary_metric = 1.00029
Error = :2.04e-01; Runtime: 55.1s; Iterations = 60, grads =   1.734e-01, unitary_metric = 1.00031
Error = :2.04e-01; Runtime: 71.7s; Iterations = 80, grads =   4.147e-01, unitary_metric = 1.00032
Error = :1.98e-01; Runtime: 88.3s; Iterations = 100, grads =   5.162e-02, unitary_metric = 1.00031
Error = :2.07e-01; Runtime: 106.1s; Iterations = 120, grads =   7.487e-01, unitary_metric = 1.00032
Error = :2.03e-01; Runtime: 122.8s; Iterations = 140, grads =   3.635e-01, unitary_metric = 1.00033
Error = :1.98e-01; Runtime: 139.4s; Iterations = 160, grads =   3.595e-02, unitary_metric = 1.00031
Error = :2.02e-01; Runtime: 156.0s; Iterations = 180, grads =   2.475e-01, unitary_metric = 1.00031
Error = :2.02e-01; Runtime: 172.6s; Iterations = 200, grads =   3.001e-01, unitary_metric = 1.00031
Error = :1.99e-01; Runtime: 190.6s; Iterations = 220, grads =   9.350e-02, unitary_metric = 1.00032
Error = :2.06e-01; Runtime: 207.2s; Iterations = 240, grads =   6.598e-01, unitary_metric = 1.00033
Error = :1.99e-01; Runtime: 223.9s; Iterations = 260, grads =   1.266e-01, unitary_metric = 1.00032
Error = :1.98e-01; Runtime: 240.6s; Iterations = 280, grads =   1.770e-02, unitary_metric = 1.00032
Error = :2.12e-01; Runtime: 257.3s; Iterations = 300, grads =   7.656e-01, unitary_metric = 1.00032
Error = :2.01e-01; Runtime: 275.2s; Iterations = 320, grads =   1.662e-01, unitary_metric = 1.00033
Error = :2.19e-01; Runtime: 291.9s; Iterations = 340, grads =   1.365e+00, unitary_metric = 1.00034
Error = :2.07e-01; Runtime: 308.5s; Iterations = 360, grads =   7.059e-01, unitary_metric = 1.00032
Error = :1.98e-01; Runtime: 325.2s; Iterations = 380, grads =   1.369e-02, unitary_metric = 1.00032
Error = :1.98e-01; Runtime: 341.8s; Iterations = 400, grads =   8.457e-03, unitary_metric = 1.00031
Error = :2.00e-01; Runtime: 359.7s; Iterations = 420, grads =   1.144e-01, unitary_metric = 1.00032
Error = :1.99e-01; Runtime: 376.4s; Iterations = 440, grads =   9.537e-02, unitary_metric = 1.00034
Error = :1.96e-01; Runtime: 393.0s; Iterations = 460, grads =   7.673e-03, unitary_metric = 1.00033
Error = :1.79e-01; Runtime: 409.7s; Iterations = 480, grads =   4.983e-03, unitary_metric = 1.00033
Error = :3.92e-03; Runtime: 426.4s; Iterations = 500, grads =   9.559e-02, unitary_metric = 1.00025
Error = :4.09e-03; Runtime: 444.3s; Iterations = 520, grads =   1.961e-01, unitary_metric = 1.00024
Error = :5.34e-04; Runtime: 446.8s; Iterations = 523, grads =   1.029e-02, unitary_metric = 1.00023
data saved at: /project/ftchong/qoc/yongshan/00012_01_ErdosRenyiN6p6_slice_8.h5


trying total_time: 22.5 for unitary of size (16, 16)
data saved at: /project/ftchong/qoc/yongshan/00013_01_ErdosRenyiN6p6_slice_8.h5
Using 7 Taylor terms and 2 Scaling & Squaring terms
Building graph:
Propagators initialized.
Operators weight initialized.
Intermediate propagation variables initialized.
Intermediate propagators initialized.
Vectors initialized.
Training loss initialized.
Optimizer initialized.
Utilities initialized.
Graph built!
Initialized
Error = :4.30e-01; Runtime: 0.8s; Iterations = 0, grads =   9.550e-01, unitary_metric = 1.00002
Error = :4.44e-01; Runtime: 10.3s; Iterations = 20, grads =   2.069e+00, unitary_metric = 1.00001
Error = :3.59e-01; Runtime: 18.4s; Iterations = 40, grads =   7.784e-02, unitary_metric = 1.00001
Error = :3.57e-01; Runtime: 26.6s; Iterations = 60, grads =   2.035e-02, unitary_metric = 1.00001
Error = :3.56e-01; Runtime: 34.7s; Iterations = 80, grads =   4.229e-03, unitary_metric = 1.00001
Error = :3.55e-01; Runtime: 42.8s; Iterations = 100, grads =   7.369e-04, unitary_metric = 1.00001
Error = :3.17e-01; Runtime: 51.6s; Iterations = 120, grads =   9.127e-03, unitary_metric = 1.00001
Error = :2.01e-01; Runtime: 59.8s; Iterations = 140, grads =   1.443e-03, unitary_metric = 1.00001
Error = :1.99e-01; Runtime: 68.0s; Iterations = 160, grads =   3.637e-04, unitary_metric = 1.00001
Error = :1.98e-01; Runtime: 76.2s; Iterations = 180, grads =   3.344e-05, unitary_metric = 1.00001
Error = :1.98e-01; Runtime: 84.4s; Iterations = 200, grads =   1.845e-05, unitary_metric = 1.00001
Error = :1.98e-01; Runtime: 93.3s; Iterations = 220, grads =   3.179e-07, unitary_metric = 1.00001
Error = :1.98e-01; Runtime: 101.5s; Iterations = 240, grads =   2.381e-07, unitary_metric = 1.00001
Error = :1.98e-01; Runtime: 109.6s; Iterations = 260, grads =   1.790e-06, unitary_metric = 1.00001
Error = :2.07e-01; Runtime: 117.8s; Iterations = 280, grads =   3.660e-01, unitary_metric = 1.00001
Error = :1.98e-01; Runtime: 126.0s; Iterations = 300, grads =   2.307e-02, unitary_metric = 1.00001
Error = :1.98e-01; Runtime: 134.8s; Iterations = 320, grads =   1.034e-03, unitary_metric = 1.00001
Error = :1.98e-01; Runtime: 142.9s; Iterations = 340, grads =   1.472e-04, unitary_metric = 1.00001
Error = :1.98e-01; Runtime: 151.1s; Iterations = 360, grads =   8.075e-05, unitary_metric = 1.00001
Error = :1.98e-01; Runtime: 159.2s; Iterations = 380, grads =   6.458e-06, unitary_metric = 1.00001
Error = :1.98e-01; Runtime: 167.3s; Iterations = 400, grads =   1.758e-06, unitary_metric = 1.00001
Error = :1.98e-01; Runtime: 176.1s; Iterations = 420, grads =   1.647e-06, unitary_metric = 1.00001
Error = :1.98e-01; Runtime: 184.3s; Iterations = 440, grads =   2.848e-06, unitary_metric = 1.00001
Error = :1.98e-01; Runtime: 192.4s; Iterations = 460, grads =   1.858e-05, unitary_metric = 1.00001
Error = :1.98e-01; Runtime: 200.6s; Iterations = 480, grads =   9.191e-06, unitary_metric = 1.00001
Error = :2.03e-01; Runtime: 208.7s; Iterations = 500, grads =   1.987e-01, unitary_metric = 1.00001
Error = :1.99e-01; Runtime: 217.5s; Iterations = 520, grads =   2.458e-02, unitary_metric = 1.00001
Error = :1.98e-01; Runtime: 225.6s; Iterations = 540, grads =   2.205e-03, unitary_metric = 1.00001
Error = :1.98e-01; Runtime: 233.8s; Iterations = 560, grads =   2.044e-02, unitary_metric = 1.00001
Error = :1.98e-01; Runtime: 242.0s; Iterations = 580, grads =   1.209e-04, unitary_metric = 1.00001
Error = :1.98e-01; Runtime: 250.1s; Iterations = 600, grads =   1.534e-05, unitary_metric = 1.00001
Error = :1.98e-01; Runtime: 258.9s; Iterations = 620, grads =   2.733e-05, unitary_metric = 1.00001
Error = :1.98e-01; Runtime: 267.0s; Iterations = 640, grads =   4.572e-07, unitary_metric = 1.00001
Error = :1.98e-01; Runtime: 275.2s; Iterations = 660, grads =   1.371e-06, unitary_metric = 1.00001
Error = :1.98e-01; Runtime: 283.3s; Iterations = 680, grads =   1.022e-04, unitary_metric = 1.00001
Error = :2.01e-01; Runtime: 291.4s; Iterations = 700, grads =   1.149e-01, unitary_metric = 1.00001
Error = :1.99e-01; Runtime: 300.3s; Iterations = 720, grads =   4.380e-02, unitary_metric = 1.00001
Error = :1.98e-01; Runtime: 308.4s; Iterations = 740, grads =   4.449e-03, unitary_metric = 1.00001
Error = :1.98e-01; Runtime: 316.6s; Iterations = 760, grads =   6.056e-06, unitary_metric = 1.00001
Error = :1.98e-01; Runtime: 324.7s; Iterations = 780, grads =   1.014e-04, unitary_metric = 1.00001
Error = :1.98e-01; Runtime: 332.9s; Iterations = 800, grads =   3.832e-05, unitary_metric = 1.00001
Error = :1.98e-01; Runtime: 341.6s; Iterations = 820, grads =   5.792e-06, unitary_metric = 1.00001
Error = :1.98e-01; Runtime: 349.7s; Iterations = 840, grads =   2.512e-05, unitary_metric = 1.00001
Error = :2.02e-01; Runtime: 357.9s; Iterations = 860, grads =   1.603e-01, unitary_metric = 1.00001
Error = :1.98e-01; Runtime: 366.0s; Iterations = 880, grads =   5.063e-03, unitary_metric = 1.00001
Error = :2.00e-01; Runtime: 374.1s; Iterations = 900, grads =   5.300e-02, unitary_metric = 1.00001
Error = :1.99e-01; Runtime: 382.9s; Iterations = 920, grads =   3.208e-02, unitary_metric = 1.00001
Error = :1.98e-01; Runtime: 391.0s; Iterations = 940, grads =   1.305e-03, unitary_metric = 1.00001
Error = :1.98e-01; Runtime: 399.1s; Iterations = 960, grads =   9.836e-05, unitary_metric = 1.00001
Error = :1.98e-01; Runtime: 407.5s; Iterations = 980, grads =   9.729e-05, unitary_metric = 1.00001
Error = :1.98e-01; Runtime: 415.6s; Iterations = 1000, grads =   1.223e-05, unitary_metric = 1.00001
Error = :1.98e-01; Runtime: 424.3s; Iterations = 1020, grads =   3.187e-06, unitary_metric = 1.00001
Error = :1.98e-01; Runtime: 432.5s; Iterations = 1040, grads =   3.266e-07, unitary_metric = 1.00001
Error = :1.98e-01; Runtime: 440.6s; Iterations = 1060, grads =   8.059e-08, unitary_metric = 1.00001
Error = :1.98e-01; Runtime: 448.7s; Iterations = 1080, grads =   1.050e-04, unitary_metric = 1.00001
Error = :2.00e-01; Runtime: 456.9s; Iterations = 1100, grads =   7.707e-02, unitary_metric = 1.00001
Error = :1.98e-01; Runtime: 465.6s; Iterations = 1120, grads =   3.758e-03, unitary_metric = 1.00001
Error = :1.99e-01; Runtime: 473.7s; Iterations = 1140, grads =   5.412e-02, unitary_metric = 1.00001
Error = :1.98e-01; Runtime: 481.8s; Iterations = 1160, grads =   1.370e-03, unitary_metric = 1.00001
Error = :2.00e-01; Runtime: 490.0s; Iterations = 1180, grads =   4.744e-02, unitary_metric = 1.00001
Error = :1.98e-01; Runtime: 498.1s; Iterations = 1200, grads =   5.015e-03, unitary_metric = 1.00001
Error = :1.98e-01; Runtime: 506.9s; Iterations = 1220, grads =   4.921e-04, unitary_metric = 1.00001
Error = :1.98e-01; Runtime: 515.0s; Iterations = 1240, grads =   3.114e-06, unitary_metric = 1.00001
Error = :1.98e-01; Runtime: 523.1s; Iterations = 1260, grads =   1.260e-05, unitary_metric = 1.00001
Error = :1.98e-01; Runtime: 531.3s; Iterations = 1280, grads =   4.319e-07, unitary_metric = 1.00001
Error = :1.98e-01; Runtime: 539.4s; Iterations = 1300, grads =   4.587e-08, unitary_metric = 1.00001
Error = :1.98e-01; Runtime: 548.1s; Iterations = 1320, grads =   3.356e-06, unitary_metric = 1.00001
Error = :1.98e-01; Runtime: 556.2s; Iterations = 1340, grads =   7.849e-03, unitary_metric = 1.00001
Error = :1.98e-01; Runtime: 564.3s; Iterations = 1360, grads =   1.005e-02, unitary_metric = 1.00001
Error = :1.99e-01; Runtime: 572.4s; Iterations = 1380, grads =   3.043e-02, unitary_metric = 1.00001
Error = :1.98e-01; Runtime: 580.5s; Iterations = 1400, grads =   1.696e-03, unitary_metric = 1.00001
Error = :1.99e-01; Runtime: 589.3s; Iterations = 1420, grads =   2.499e-02, unitary_metric = 1.00001
Error = :1.98e-01; Runtime: 597.4s; Iterations = 1440, grads =   7.525e-03, unitary_metric = 1.00001
Error = :1.98e-01; Runtime: 605.5s; Iterations = 1460, grads =   2.397e-04, unitary_metric = 1.00001
Error = :1.98e-01; Runtime: 613.7s; Iterations = 1480, grads =   6.371e-05, unitary_metric = 1.00001
Error = :1.98e-01; Runtime: 621.8s; Iterations = 1500, grads =   4.681e-06, unitary_metric = 1.00001
Error = :1.98e-01; Runtime: 630.6s; Iterations = 1520, grads =   1.866e-06, unitary_metric = 1.00001
Error = :1.98e-01; Runtime: 638.7s; Iterations = 1540, grads =   2.241e-07, unitary_metric = 1.00001
Error = :1.98e-01; Runtime: 646.9s; Iterations = 1560, grads =   4.142e-08, unitary_metric = 1.00001
Error = :1.98e-01; Runtime: 655.0s; Iterations = 1580, grads =   1.991e-06, unitary_metric = 1.00001
Error = :1.98e-01; Runtime: 663.1s; Iterations = 1600, grads =   1.669e-03, unitary_metric = 1.00001
Error = :2.01e-01; Runtime: 671.9s; Iterations = 1620, grads =   1.191e-01, unitary_metric = 1.00001
Error = :1.98e-01; Runtime: 680.0s; Iterations = 1640, grads =   6.812e-03, unitary_metric = 1.00001
Error = :1.98e-01; Runtime: 688.1s; Iterations = 1660, grads =   2.544e-03, unitary_metric = 1.00001
Error = :1.98e-01; Runtime: 696.2s; Iterations = 1680, grads =   1.111e-02, unitary_metric = 1.00001
Error = :1.98e-01; Runtime: 704.3s; Iterations = 1700, grads =   3.819e-04, unitary_metric = 1.00001
Error = :1.98e-01; Runtime: 713.1s; Iterations = 1720, grads =   1.587e-04, unitary_metric = 1.00001
Error = :1.98e-01; Runtime: 721.2s; Iterations = 1740, grads =   2.578e-05, unitary_metric = 1.00001
Error = :1.98e-01; Runtime: 729.4s; Iterations = 1760, grads =   2.373e-06, unitary_metric = 1.00001
Error = :1.98e-01; Runtime: 737.5s; Iterations = 1780, grads =   5.408e-07, unitary_metric = 1.00001
Error = :1.98e-01; Runtime: 745.7s; Iterations = 1800, grads =   1.056e-07, unitary_metric = 1.00001
Error = :1.98e-01; Runtime: 754.5s; Iterations = 1820, grads =   1.054e-06, unitary_metric = 1.00001
Error = :1.98e-01; Runtime: 762.6s; Iterations = 1840, grads =   2.302e-04, unitary_metric = 1.00001
Error = :2.00e-01; Runtime: 770.7s; Iterations = 1860, grads =   7.305e-02, unitary_metric = 1.00001
Error = :1.98e-01; Runtime: 778.9s; Iterations = 1880, grads =   3.588e-03, unitary_metric = 1.00001
Error = :1.98e-01; Runtime: 787.0s; Iterations = 1900, grads =   2.924e-03, unitary_metric = 1.00001
Error = :1.99e-01; Runtime: 795.8s; Iterations = 1920, grads =   2.768e-02, unitary_metric = 1.00001
Error = :1.98e-01; Runtime: 803.9s; Iterations = 1940, grads =   1.802e-03, unitary_metric = 1.00001
Error = :1.98e-01; Runtime: 812.0s; Iterations = 1960, grads =   1.209e-04, unitary_metric = 1.00001
Error = :1.98e-01; Runtime: 820.1s; Iterations = 1980, grads =   6.083e-05, unitary_metric = 1.00001
Error = :1.98e-01; Runtime: 828.3s; Iterations = 2000, grads =   7.095e-06, unitary_metric = 1.00001
Error = :1.98e-01; Runtime: 837.0s; Iterations = 2020, grads =   9.986e-07, unitary_metric = 1.00001
Error = :1.98e-01; Runtime: 845.1s; Iterations = 2040, grads =   4.613e-08, unitary_metric = 1.00001
Error = :1.98e-01; Runtime: 853.3s; Iterations = 2060, grads =   1.005e-07, unitary_metric = 1.00001
Error = :1.98e-01; Runtime: 861.4s; Iterations = 2080, grads =   7.338e-06, unitary_metric = 1.00001
Error = :1.98e-01; Runtime: 869.5s; Iterations = 2100, grads =   4.696e-03, unitary_metric = 1.00001
Error = :1.98e-01; Runtime: 878.2s; Iterations = 2120, grads =   2.217e-02, unitary_metric = 1.00001
Error = :1.98e-01; Runtime: 886.4s; Iterations = 2140, grads =   2.315e-04, unitary_metric = 1.00001
Error = :1.98e-01; Runtime: 894.5s; Iterations = 2160, grads =   3.328e-03, unitary_metric = 1.00001
Error = :1.98e-01; Runtime: 902.7s; Iterations = 2180, grads =   5.742e-03, unitary_metric = 1.00001
Error = :1.98e-01; Runtime: 910.8s; Iterations = 2200, grads =   6.831e-05, unitary_metric = 1.00001
Error = :1.98e-01; Runtime: 919.5s; Iterations = 2220, grads =   5.208e-05, unitary_metric = 1.00001
Error = :1.99e-01; Runtime: 927.6s; Iterations = 2240, grads =   5.460e-02, unitary_metric = 1.00001
Error = :1.98e-01; Runtime: 935.8s; Iterations = 2260, grads =   1.110e-02, unitary_metric = 1.00001
Error = :1.98e-01; Runtime: 943.9s; Iterations = 2280, grads =   8.894e-04, unitary_metric = 1.00001
Error = :1.98e-01; Runtime: 952.0s; Iterations = 2300, grads =   8.469e-06, unitary_metric = 1.00001
Error = :1.98e-01; Runtime: 960.7s; Iterations = 2320, grads =   2.324e-05, unitary_metric = 1.00001
Error = :1.98e-01; Runtime: 968.8s; Iterations = 2340, grads =   1.025e-06, unitary_metric = 1.00001
Error = :1.98e-01; Runtime: 976.9s; Iterations = 2360, grads =   5.341e-06, unitary_metric = 1.00001
Error = :1.98e-01; Runtime: 985.0s; Iterations = 2380, grads =   6.860e-03, unitary_metric = 1.00001
Error = :1.98e-01; Runtime: 993.1s; Iterations = 2400, grads =   8.538e-03, unitary_metric = 1.00001
Error = :1.98e-01; Runtime: 1001.8s; Iterations = 2420, grads =   2.849e-03, unitary_metric = 1.00001
Error = :1.98e-01; Runtime: 1009.9s; Iterations = 2440, grads =   8.670e-03, unitary_metric = 1.00001
Error = :1.98e-01; Runtime: 1018.0s; Iterations = 2460, grads =   4.063e-05, unitary_metric = 1.00001
Error = :1.98e-01; Runtime: 1026.1s; Iterations = 2480, grads =   1.251e-04, unitary_metric = 1.00001
Error = :1.98e-01; Runtime: 1034.2s; Iterations = 2500, grads =   3.370e-06, unitary_metric = 1.00001
Error = :1.98e-01; Runtime: 1042.9s; Iterations = 2520, grads =   2.554e-06, unitary_metric = 1.00001
Error = :1.98e-01; Runtime: 1051.1s; Iterations = 2540, grads =   7.680e-06, unitary_metric = 1.00001
Error = :1.98e-01; Runtime: 1059.2s; Iterations = 2560, grads =   5.274e-03, unitary_metric = 1.00001
Error = :1.98e-01; Runtime: 1067.3s; Iterations = 2580, grads =   1.359e-02, unitary_metric = 1.00001
Error = :1.98e-01; Runtime: 1075.4s; Iterations = 2600, grads =   3.009e-07, unitary_metric = 1.00001
Error = :1.98e-01; Runtime: 1084.1s; Iterations = 2620, grads =   2.105e-04, unitary_metric = 1.00001
Error = :1.98e-01; Runtime: 1092.1s; Iterations = 2640, grads =   4.721e-03, unitary_metric = 1.00001
Error = :1.98e-01; Runtime: 1100.3s; Iterations = 2660, grads =   2.078e-03, unitary_metric = 1.00001
Error = :1.98e-01; Runtime: 1108.4s; Iterations = 2680, grads =   1.203e-04, unitary_metric = 1.00001
Error = :1.98e-01; Runtime: 1116.5s; Iterations = 2700, grads =   1.924e-03, unitary_metric = 1.00001
Error = :1.98e-01; Runtime: 1125.2s; Iterations = 2720, grads =   1.260e-02, unitary_metric = 1.00001
Error = :1.98e-01; Runtime: 1133.3s; Iterations = 2740, grads =   8.124e-03, unitary_metric = 1.00001
Error = :1.98e-01; Runtime: 1141.5s; Iterations = 2760, grads =   5.772e-04, unitary_metric = 1.00001
Error = :1.98e-01; Runtime: 1149.6s; Iterations = 2780, grads =   2.187e-04, unitary_metric = 1.00001
Error = :1.98e-01; Runtime: 1157.7s; Iterations = 2800, grads =   5.980e-06, unitary_metric = 1.00001
Error = :1.98e-01; Runtime: 1166.4s; Iterations = 2820, grads =   4.334e-06, unitary_metric = 1.00001
Error = :1.98e-01; Runtime: 1174.6s; Iterations = 2840, grads =   6.610e-06, unitary_metric = 1.00001
Error = :1.98e-01; Runtime: 1182.7s; Iterations = 2860, grads =   5.470e-03, unitary_metric = 1.00001
Error = :1.98e-01; Runtime: 1190.8s; Iterations = 2880, grads =   8.371e-03, unitary_metric = 1.00001
Error = :1.98e-01; Runtime: 1198.9s; Iterations = 2900, grads =   3.803e-03, unitary_metric = 1.00001
Error = :1.98e-01; Runtime: 1207.6s; Iterations = 2920, grads =   8.922e-04, unitary_metric = 1.00001
Error = :1.98e-01; Runtime: 1215.7s; Iterations = 2940, grads =   1.182e-04, unitary_metric = 1.00001
Error = :1.98e-01; Runtime: 1223.8s; Iterations = 2960, grads =   2.054e-05, unitary_metric = 1.00001
Error = :1.98e-01; Runtime: 1231.9s; Iterations = 2980, grads =   4.614e-06, unitary_metric = 1.00001
Error = :1.98e-01; Runtime: 1240.0s; Iterations = 3000, grads =   8.327e-06, unitary_metric = 1.00001
Error = :1.98e-01; Runtime: 1248.8s; Iterations = 3020, grads =   1.651e-03, unitary_metric = 1.00001
Error = :1.99e-01; Runtime: 1256.9s; Iterations = 3040, grads =   2.147e-02, unitary_metric = 1.00001
Error = :1.98e-01; Runtime: 1265.0s; Iterations = 3060, grads =   1.664e-04, unitary_metric = 1.00001
Error = :1.98e-01; Runtime: 1273.1s; Iterations = 3080, grads =   2.324e-04, unitary_metric = 1.00001
Error = :1.98e-01; Runtime: 1281.2s; Iterations = 3100, grads =   2.900e-04, unitary_metric = 1.00001
Error = :1.98e-01; Runtime: 1289.9s; Iterations = 3120, grads =   3.991e-03, unitary_metric = 1.00001
Error = :1.98e-01; Runtime: 1298.0s; Iterations = 3140, grads =   5.060e-04, unitary_metric = 1.00001
Error = :1.98e-01; Runtime: 1306.1s; Iterations = 3160, grads =   4.681e-04, unitary_metric = 1.00001
Error = :1.98e-01; Runtime: 1314.2s; Iterations = 3180, grads =   1.353e-02, unitary_metric = 1.00001
Error = :1.98e-01; Runtime: 1322.3s; Iterations = 3200, grads =   5.778e-03, unitary_metric = 1.00001
Error = :1.98e-01; Runtime: 1331.0s; Iterations = 3220, grads =   9.586e-04, unitary_metric = 1.00001
Error = :1.98e-01; Runtime: 1339.1s; Iterations = 3240, grads =   3.430e-05, unitary_metric = 1.00001
Error = :1.98e-01; Runtime: 1347.2s; Iterations = 3260, grads =   1.426e-04, unitary_metric = 1.00001
Error = :1.98e-01; Runtime: 1355.4s; Iterations = 3280, grads =   2.178e-03, unitary_metric = 1.00001
Error = :1.98e-01; Runtime: 1363.5s; Iterations = 3300, grads =   8.828e-04, unitary_metric = 1.00001
Error = :1.98e-01; Runtime: 1372.2s; Iterations = 3320, grads =   7.662e-05, unitary_metric = 1.00001
Error = :1.98e-01; Runtime: 1380.3s; Iterations = 3340, grads =   9.596e-06, unitary_metric = 1.00001
Error = :1.98e-01; Runtime: 1388.4s; Iterations = 3360, grads =   3.584e-04, unitary_metric = 1.00001
Error = :1.99e-01; Runtime: 1396.5s; Iterations = 3380, grads =   2.466e-02, unitary_metric = 1.00001
Error = :1.98e-01; Runtime: 1404.6s; Iterations = 3400, grads =   1.453e-03, unitary_metric = 1.00001
Error = :1.98e-01; Runtime: 1413.3s; Iterations = 3420, grads =   2.115e-02, unitary_metric = 1.00001
Error = :1.98e-01; Runtime: 1421.4s; Iterations = 3440, grads =   9.711e-04, unitary_metric = 1.00001
Error = :1.98e-01; Runtime: 1429.5s; Iterations = 3460, grads =   3.445e-05, unitary_metric = 1.00001
Error = :1.98e-01; Runtime: 1437.6s; Iterations = 3480, grads =   3.013e-05, unitary_metric = 1.00001
Error = :1.98e-01; Runtime: 1445.7s; Iterations = 3500, grads =   5.415e-06, unitary_metric = 1.00001
Error = :1.98e-01; Runtime: 1454.4s; Iterations = 3520, grads =   6.787e-05, unitary_metric = 1.00001
Error = :1.98e-01; Runtime: 1462.5s; Iterations = 3540, grads =   9.886e-03, unitary_metric = 1.00001
Error = :1.98e-01; Runtime: 1470.6s; Iterations = 3560, grads =   1.647e-03, unitary_metric = 1.00001
Error = :1.98e-01; Runtime: 1478.7s; Iterations = 3580, grads =   1.589e-04, unitary_metric = 1.00001
Error = :1.98e-01; Runtime: 1486.8s; Iterations = 3600, grads =   3.014e-04, unitary_metric = 1.00001
Error = :1.98e-01; Runtime: 1495.5s; Iterations = 3620, grads =   1.149e-02, unitary_metric = 1.00001
Error = :1.98e-01; Runtime: 1503.6s; Iterations = 3640, grads =   1.322e-03, unitary_metric = 1.00001
Error = :1.98e-01; Runtime: 1511.7s; Iterations = 3660, grads =   1.102e-04, unitary_metric = 1.00001
Error = :1.98e-01; Runtime: 1519.8s; Iterations = 3680, grads =   5.218e-07, unitary_metric = 1.00001
Error = :1.98e-01; Runtime: 1527.9s; Iterations = 3700, grads =   1.001e-04, unitary_metric = 1.00001
Error = :1.98e-01; Runtime: 1536.7s; Iterations = 3720, grads =   2.020e-02, unitary_metric = 1.00001
Error = :1.98e-01; Runtime: 1544.8s; Iterations = 3740, grads =   2.043e-03, unitary_metric = 1.00001
Error = :1.98e-01; Runtime: 1552.9s; Iterations = 3760, grads =   6.198e-05, unitary_metric = 1.00001
Error = :1.98e-01; Runtime: 1561.0s; Iterations = 3780, grads =   5.361e-06, unitary_metric = 1.00001
Error = :1.98e-01; Runtime: 1569.1s; Iterations = 3800, grads =   1.667e-03, unitary_metric = 1.00001
Error = :1.98e-01; Runtime: 1577.7s; Iterations = 3820, grads =   1.796e-03, unitary_metric = 1.00001
Error = :1.98e-01; Runtime: 1585.8s; Iterations = 3840, grads =   2.991e-04, unitary_metric = 1.00001
Error = :1.98e-01; Runtime: 1593.9s; Iterations = 3860, grads =   1.616e-02, unitary_metric = 1.00001
Error = :1.98e-01; Runtime: 1602.0s; Iterations = 3880, grads =   7.569e-04, unitary_metric = 1.00001
Error = :1.98e-01; Runtime: 1610.1s; Iterations = 3900, grads =   2.574e-05, unitary_metric = 1.00001
Error = :1.98e-01; Runtime: 1619.0s; Iterations = 3920, grads =   2.270e-05, unitary_metric = 1.00001
Error = :1.98e-01; Runtime: 1627.1s; Iterations = 3940, grads =   3.875e-06, unitary_metric = 1.00001
Error = :1.98e-01; Runtime: 1635.2s; Iterations = 3960, grads =   5.922e-07, unitary_metric = 1.00001
Error = :1.98e-01; Runtime: 1643.3s; Iterations = 3980, grads =   1.164e-05, unitary_metric = 1.00001
Error = :1.98e-01; Runtime: 1651.4s; Iterations = 4000, grads =   2.988e-03, unitary_metric = 1.00001
Error = :1.98e-01; Runtime: 1660.1s; Iterations = 4020, grads =   3.730e-03, unitary_metric = 1.00001
Error = :1.98e-01; Runtime: 1668.2s; Iterations = 4040, grads =   5.817e-04, unitary_metric = 1.00001
Error = :1.98e-01; Runtime: 1676.3s; Iterations = 4060, grads =   9.680e-03, unitary_metric = 1.00001
Error = :1.98e-01; Runtime: 1684.4s; Iterations = 4080, grads =   1.061e-03, unitary_metric = 1.00001
Error = :1.98e-01; Runtime: 1692.5s; Iterations = 4100, grads =   8.138e-05, unitary_metric = 1.00001
Error = :1.98e-01; Runtime: 1701.2s; Iterations = 4120, grads =   9.258e-06, unitary_metric = 1.00001
Error = :1.98e-01; Runtime: 1709.3s; Iterations = 4140, grads =   7.157e-06, unitary_metric = 1.00001
Error = :1.98e-01; Runtime: 1717.4s; Iterations = 4160, grads =   3.106e-03, unitary_metric = 1.00001
Error = :1.98e-01; Runtime: 1725.5s; Iterations = 4180, grads =   3.042e-03, unitary_metric = 1.00001
Error = :1.98e-01; Runtime: 1733.6s; Iterations = 4200, grads =   4.349e-05, unitary_metric = 1.00001
Error = :1.98e-01; Runtime: 1742.4s; Iterations = 4220, grads =   6.024e-06, unitary_metric = 1.00001
Error = :1.98e-01; Runtime: 1750.5s; Iterations = 4240, grads =   1.927e-05, unitary_metric = 1.00001
Error = :1.98e-01; Runtime: 1758.6s; Iterations = 4260, grads =   4.711e-03, unitary_metric = 1.00001
Error = :1.98e-01; Runtime: 1766.6s; Iterations = 4280, grads =   1.261e-03, unitary_metric = 1.00001
Error = :1.98e-01; Runtime: 1774.7s; Iterations = 4300, grads =   8.872e-05, unitary_metric = 1.00001
Error = :1.98e-01; Runtime: 1783.6s; Iterations = 4320, grads =   1.045e-03, unitary_metric = 1.00001
Error = :1.98e-01; Runtime: 1791.7s; Iterations = 4340, grads =   4.963e-03, unitary_metric = 1.00001
Error = :1.98e-01; Runtime: 1799.7s; Iterations = 4360, grads =   4.427e-04, unitary_metric = 1.00001
Error = :1.98e-01; Runtime: 1807.9s; Iterations = 4380, grads =   3.025e-05, unitary_metric = 1.00001
Error = :1.98e-01; Runtime: 1816.0s; Iterations = 4400, grads =   1.300e-06, unitary_metric = 1.00001
Error = :1.98e-01; Runtime: 1824.7s; Iterations = 4420, grads =   1.741e-06, unitary_metric = 1.00001
Error = :1.98e-01; Runtime: 1832.8s; Iterations = 4440, grads =   2.540e-05, unitary_metric = 1.00001
Error = :1.98e-01; Runtime: 1840.9s; Iterations = 4460, grads =   8.131e-03, unitary_metric = 1.00001
Error = :1.98e-01; Runtime: 1849.0s; Iterations = 4480, grads =   1.241e-04, unitary_metric = 1.00001
Error = :1.98e-01; Runtime: 1857.3s; Iterations = 4500, grads =   1.764e-04, unitary_metric = 1.00001
Error = :1.98e-01; Runtime: 1866.4s; Iterations = 4520, grads =   7.198e-03, unitary_metric = 1.00001
Error = :1.98e-01; Runtime: 1874.5s; Iterations = 4540, grads =   4.782e-06, unitary_metric = 1.00001
Error = :1.98e-01; Runtime: 1882.6s; Iterations = 4560, grads =   4.327e-04, unitary_metric = 1.00001
Error = :1.98e-01; Runtime: 1890.8s; Iterations = 4580, grads =   2.909e-04, unitary_metric = 1.00001
Error = :1.98e-01; Runtime: 1898.8s; Iterations = 4600, grads =   6.220e-06, unitary_metric = 1.00001
Error = :1.98e-01; Runtime: 1907.5s; Iterations = 4620, grads =   2.109e-05, unitary_metric = 1.00001
Error = :1.98e-01; Runtime: 1915.6s; Iterations = 4640, grads =   1.968e-04, unitary_metric = 1.00001
Error = :1.98e-01; Runtime: 1923.8s; Iterations = 4660, grads =   5.428e-04, unitary_metric = 1.00001
Error = :1.98e-01; Runtime: 1931.9s; Iterations = 4680, grads =   2.986e-05, unitary_metric = 1.00001
Error = :1.98e-01; Runtime: 1940.0s; Iterations = 4700, grads =   6.666e-06, unitary_metric = 1.00001
Error = :1.98e-01; Runtime: 1948.7s; Iterations = 4720, grads =   3.816e-05, unitary_metric = 1.00001
Error = :1.98e-01; Runtime: 1956.8s; Iterations = 4740, grads =   6.857e-03, unitary_metric = 1.00000
Error = :1.98e-01; Runtime: 1964.9s; Iterations = 4760, grads =   3.047e-04, unitary_metric = 1.00001
Error = :1.98e-01; Runtime: 1972.8s; Iterations = 4780, grads =   2.050e-03, unitary_metric = 1.00001
Error = :1.98e-01; Runtime: 1980.5s; Iterations = 4800, grads =   5.453e-04, unitary_metric = 1.00001
Error = :1.98e-01; Runtime: 1988.8s; Iterations = 4820, grads =   6.135e-05, unitary_metric = 1.00001
Error = :1.98e-01; Runtime: 1996.5s; Iterations = 4840, grads =   1.629e-05, unitary_metric = 1.00001
Error = :1.98e-01; Runtime: 2004.2s; Iterations = 4860, grads =   2.366e-06, unitary_metric = 1.00001
Error = :1.98e-01; Runtime: 2012.5s; Iterations = 4880, grads =   2.527e-07, unitary_metric = 1.00001
Error = :1.98e-01; Runtime: 2020.6s; Iterations = 4900, grads =   1.046e-07, unitary_metric = 1.00001
Error = :1.98e-01; Runtime: 2029.3s; Iterations = 4920, grads =   1.024e-07, unitary_metric = 1.00001
Error = :1.98e-01; Runtime: 2037.6s; Iterations = 4940, grads =   9.556e-07, unitary_metric = 1.00001
Error = :1.98e-01; Runtime: 2045.9s; Iterations = 4960, grads =   6.791e-05, unitary_metric = 1.00001
Error = :1.98e-01; Runtime: 2054.2s; Iterations = 4980, grads =   3.042e-03, unitary_metric = 1.00001
Error = :1.98e-01; Runtime: 2062.3s; Iterations = 5000, grads =   2.232e-03, unitary_metric = 1.00001
Error = :1.98e-01; Runtime: 2070.8s; Iterations = 5020, grads =   1.737e-04, unitary_metric = 1.00001
Error = :1.98e-01; Runtime: 2078.7s; Iterations = 5040, grads =   3.870e-05, unitary_metric = 1.00001
Error = :1.98e-01; Runtime: 2086.8s; Iterations = 5060, grads =   3.144e-03, unitary_metric = 1.00001
Error = :1.98e-01; Runtime: 2095.1s; Iterations = 5080, grads =   6.541e-04, unitary_metric = 1.00001
Error = :1.98e-01; Runtime: 2103.3s; Iterations = 5100, grads =   9.924e-05, unitary_metric = 1.00001
Error = :1.98e-01; Runtime: 2112.5s; Iterations = 5120, grads =   3.406e-07, unitary_metric = 1.00001
Error = :1.98e-01; Runtime: 2120.6s; Iterations = 5140, grads =   1.729e-06, unitary_metric = 1.00001
Error = :1.98e-01; Runtime: 2128.5s; Iterations = 5160, grads =   5.957e-07, unitary_metric = 1.00001
Error = :1.98e-01; Runtime: 2136.4s; Iterations = 5180, grads =   7.264e-06, unitary_metric = 1.00001
Error = :1.98e-01; Runtime: 2144.5s; Iterations = 5200, grads =   8.502e-04, unitary_metric = 1.00001
Error = :1.98e-01; Runtime: 2153.3s; Iterations = 5220, grads =   5.339e-03, unitary_metric = 1.00001
Error = :1.98e-01; Runtime: 2161.5s; Iterations = 5240, grads =   1.811e-04, unitary_metric = 1.00001
Error = :1.98e-01; Runtime: 2169.9s; Iterations = 5260, grads =   7.940e-04, unitary_metric = 1.00001
Error = :1.98e-01; Runtime: 2178.1s; Iterations = 5280, grads =   5.683e-04, unitary_metric = 1.00001
Error = :1.98e-01; Runtime: 2186.1s; Iterations = 5300, grads =   6.793e-07, unitary_metric = 1.00001
Error = :1.98e-01; Runtime: 2194.4s; Iterations = 5320, grads =   1.835e-05, unitary_metric = 1.00001
Error = :1.98e-01; Runtime: 2202.1s; Iterations = 5340, grads =   1.217e-06, unitary_metric = 1.00001
Error = :1.98e-01; Runtime: 2209.8s; Iterations = 5360, grads =   5.645e-07, unitary_metric = 1.00001
Error = :1.98e-01; Runtime: 2217.7s; Iterations = 5380, grads =   2.049e-06, unitary_metric = 1.00001
Error = :1.98e-01; Runtime: 2225.4s; Iterations = 5400, grads =   2.414e-04, unitary_metric = 1.00001
Error = :1.98e-01; Runtime: 2233.6s; Iterations = 5420, grads =   1.189e-04, unitary_metric = 1.00001
Error = :1.98e-01; Runtime: 2241.4s; Iterations = 5440, grads =   1.005e-04, unitary_metric = 1.00001
Error = :1.98e-01; Runtime: 2249.1s; Iterations = 5460, grads =   3.024e-05, unitary_metric = 1.00001
Error = :1.98e-01; Runtime: 2256.8s; Iterations = 5480, grads =   6.351e-04, unitary_metric = 1.00001
Error = :1.98e-01; Runtime: 2264.5s; Iterations = 5500, grads =   4.547e-03, unitary_metric = 1.00001
Error = :1.98e-01; Runtime: 2272.8s; Iterations = 5520, grads =   2.293e-04, unitary_metric = 1.00001
Error = :1.98e-01; Runtime: 2280.5s; Iterations = 5540, grads =   1.502e-04, unitary_metric = 1.00001
Error = :1.98e-01; Runtime: 2288.2s; Iterations = 5560, grads =   8.484e-06, unitary_metric = 1.00001
Error = :1.98e-01; Runtime: 2295.8s; Iterations = 5580, grads =   4.463e-07, unitary_metric = 1.00001
Error = :1.98e-01; Runtime: 2303.5s; Iterations = 5600, grads =   2.736e-08, unitary_metric = 1.00001
Error = :1.98e-01; Runtime: 2311.8s; Iterations = 5620, grads =   2.374e-07, unitary_metric = 1.00001
Error = :1.98e-01; Runtime: 2319.5s; Iterations = 5640, grads =   4.996e-05, unitary_metric = 1.00001
Error = :1.98e-01; Runtime: 2327.2s; Iterations = 5660, grads =   5.508e-04, unitary_metric = 1.00001
Error = :1.98e-01; Runtime: 2334.9s; Iterations = 5680, grads =   7.638e-04, unitary_metric = 1.00001
Error = :1.98e-01; Runtime: 2342.5s; Iterations = 5700, grads =   1.130e-05, unitary_metric = 1.00001
Error = :1.98e-01; Runtime: 2350.8s; Iterations = 5720, grads =   5.781e-05, unitary_metric = 1.00001
Error = :1.98e-01; Runtime: 2358.9s; Iterations = 5740, grads =   3.990e-03, unitary_metric = 1.00001
Error = :1.98e-01; Runtime: 2367.1s; Iterations = 5760, grads =   3.966e-04, unitary_metric = 1.00001
Error = :1.98e-01; Runtime: 2375.4s; Iterations = 5780, grads =   5.693e-05, unitary_metric = 1.00001
Error = :1.98e-01; Runtime: 2383.7s; Iterations = 5800, grads =   4.312e-04, unitary_metric = 1.00001
Error = :1.98e-01; Runtime: 2392.5s; Iterations = 5820, grads =   6.006e-05, unitary_metric = 1.00001
Error = :1.98e-01; Runtime: 2400.8s; Iterations = 5840, grads =   7.032e-05, unitary_metric = 1.00001
Error = :1.98e-01; Runtime: 2409.0s; Iterations = 5860, grads =   1.249e-05, unitary_metric = 1.00001
Error = :1.98e-01; Runtime: 2417.3s; Iterations = 5880, grads =   1.288e-06, unitary_metric = 1.00001
Error = :1.98e-01; Runtime: 2425.6s; Iterations = 5900, grads =   2.025e-07, unitary_metric = 1.00001
Error = :1.98e-01; Runtime: 2434.5s; Iterations = 5920, grads =   1.036e-05, unitary_metric = 1.00001
Error = :1.98e-01; Runtime: 2442.7s; Iterations = 5940, grads =   1.501e-03, unitary_metric = 1.00001
Error = :1.98e-01; Runtime: 2450.9s; Iterations = 5960, grads =   3.993e-04, unitary_metric = 1.00001
Error = :1.98e-01; Runtime: 2459.3s; Iterations = 5980, grads =   4.304e-04, unitary_metric = 1.00001
Error = :1.98e-01; Runtime: 2467.5s; Iterations = 6000, grads =   2.689e-04, unitary_metric = 1.00001
data saved at: /project/ftchong/qoc/yongshan/00013_01_ErdosRenyiN6p6_slice_8.h5


trying total_time: 33.75 for unitary of size (16, 16)
data saved at: /project/ftchong/qoc/yongshan/00014_01_ErdosRenyiN6p6_slice_8.h5
Using 5 Taylor terms and 4 Scaling & Squaring terms
Building graph:
Propagators initialized.
Operators weight initialized.
Intermediate propagation variables initialized.
Intermediate propagators initialized.
Vectors initialized.
Training loss initialized.
Optimizer initialized.
Utilities initialized.
Graph built!
Initialized
Error = :6.43e-01; Runtime: 1.3s; Iterations = 0, grads =   7.469e+00, unitary_metric = 1.00026
Error = :3.03e-01; Runtime: 16.2s; Iterations = 20, grads =   6.360e-01, unitary_metric = 1.00031
Error = :2.17e-01; Runtime: 28.8s; Iterations = 40, grads =   6.163e-01, unitary_metric = 1.00027
Error = :2.01e-01; Runtime: 41.2s; Iterations = 60, grads =   1.630e-01, unitary_metric = 1.00027
Error = :1.98e-01; Runtime: 53.8s; Iterations = 80, grads =   2.449e-02, unitary_metric = 1.00026
Error = :1.98e-01; Runtime: 66.4s; Iterations = 100, grads =   8.571e-04, unitary_metric = 1.00027
Error = :1.98e-01; Runtime: 79.8s; Iterations = 120, grads =   3.200e-04, unitary_metric = 1.00028
Error = :1.98e-01; Runtime: 92.4s; Iterations = 140, grads =   1.265e-04, unitary_metric = 1.00028
Error = :1.99e-01; Runtime: 104.9s; Iterations = 160, grads =   5.202e-02, unitary_metric = 1.00027
Error = :1.98e-01; Runtime: 117.4s; Iterations = 180, grads =   2.536e-04, unitary_metric = 1.00027
Error = :1.98e-01; Runtime: 130.1s; Iterations = 200, grads =   9.232e-04, unitary_metric = 1.00028
Error = :1.98e-01; Runtime: 143.7s; Iterations = 220, grads =   5.504e-05, unitary_metric = 1.00028
Error = :1.98e-01; Runtime: 156.2s; Iterations = 240, grads =   1.837e-07, unitary_metric = 1.00028
Error = :1.98e-01; Runtime: 168.7s; Iterations = 260, grads =   1.774e-05, unitary_metric = 1.00028
Error = :1.98e-01; Runtime: 181.4s; Iterations = 280, grads =   6.150e-05, unitary_metric = 1.00028
Error = :2.06e-01; Runtime: 194.1s; Iterations = 300, grads =   2.950e-01, unitary_metric = 1.00027
Error = :1.99e-01; Runtime: 207.6s; Iterations = 320, grads =   3.178e-02, unitary_metric = 1.00027
Error = :1.98e-01; Runtime: 220.1s; Iterations = 340, grads =   1.918e-04, unitary_metric = 1.00026
Error = :1.98e-01; Runtime: 232.6s; Iterations = 360, grads =   5.554e-04, unitary_metric = 1.00026
Error = :1.98e-01; Runtime: 244.9s; Iterations = 380, grads =   1.362e-05, unitary_metric = 1.00026
Error = :1.98e-01; Runtime: 256.8s; Iterations = 400, grads =   1.087e-05, unitary_metric = 1.00026
Error = :1.98e-01; Runtime: 269.7s; Iterations = 420, grads =   4.015e-07, unitary_metric = 1.00026
Error = :1.98e-01; Runtime: 281.5s; Iterations = 440, grads =   6.608e-07, unitary_metric = 1.00025
Error = :1.98e-01; Runtime: 293.3s; Iterations = 460, grads =   2.358e-03, unitary_metric = 1.00026
Error = :1.99e-01; Runtime: 305.0s; Iterations = 480, grads =   6.584e-02, unitary_metric = 1.00026
Error = :2.02e-01; Runtime: 316.7s; Iterations = 500, grads =   1.682e-01, unitary_metric = 1.00026
Error = :1.99e-01; Runtime: 329.3s; Iterations = 520, grads =   4.713e-02, unitary_metric = 1.00026
Error = :1.98e-01; Runtime: 342.0s; Iterations = 540, grads =   8.708e-03, unitary_metric = 1.00025
Error = :1.98e-01; Runtime: 354.9s; Iterations = 560, grads =   9.482e-04, unitary_metric = 1.00026
Error = :1.98e-01; Runtime: 367.3s; Iterations = 580, grads =   8.953e-05, unitary_metric = 1.00026
Error = :1.98e-01; Runtime: 379.7s; Iterations = 600, grads =   5.219e-06, unitary_metric = 1.00026
Error = :1.97e-01; Runtime: 393.1s; Iterations = 620, grads =   1.228e-04, unitary_metric = 1.00026
Error = :2.03e-01; Runtime: 405.5s; Iterations = 640, grads =   2.328e-01, unitary_metric = 1.00026
Error = :1.89e-01; Runtime: 418.0s; Iterations = 660, grads =   7.011e-03, unitary_metric = 1.00023
Error = :1.61e-02; Runtime: 430.2s; Iterations = 680, grads =   1.401e-02, unitary_metric = 1.00016
Error = :4.24e-03; Runtime: 442.5s; Iterations = 700, grads =   1.531e-01, unitary_metric = 1.00016
Error = :5.44e-04; Runtime: 455.6s; Iterations = 720, grads =   2.682e-02, unitary_metric = 1.00016
data saved at: /project/ftchong/qoc/yongshan/00014_01_ErdosRenyiN6p6_slice_8.h5


trying total_time: 28.1 for unitary of size (16, 16)
data saved at: /project/ftchong/qoc/yongshan/00015_01_ErdosRenyiN6p6_slice_8.h5
Using 7 Taylor terms and 2 Scaling & Squaring terms
Building graph:
Propagators initialized.
Operators weight initialized.
Intermediate propagation variables initialized.
Intermediate propagators initialized.
Vectors initialized.
Training loss initialized.
Optimizer initialized.
Utilities initialized.
Graph built!
Initialized
Error = :4.48e-01; Runtime: 1.0s; Iterations = 0, grads =   1.644e+00, unitary_metric = 1.00000
Error = :3.60e-01; Runtime: 13.3s; Iterations = 20, grads =   1.165e+00, unitary_metric = 1.00002
Error = :2.18e-01; Runtime: 23.6s; Iterations = 40, grads =   4.393e-01, unitary_metric = 1.00001
Error = :2.00e-01; Runtime: 34.0s; Iterations = 60, grads =   5.022e-02, unitary_metric = 1.00001
Error = :1.98e-01; Runtime: 44.3s; Iterations = 80, grads =   9.837e-03, unitary_metric = 1.00001
Error = :1.98e-01; Runtime: 54.7s; Iterations = 100, grads =   3.408e-04, unitary_metric = 1.00001
Error = :1.98e-01; Runtime: 65.9s; Iterations = 120, grads =   1.384e-04, unitary_metric = 1.00001
Error = :1.98e-01; Runtime: 76.3s; Iterations = 140, grads =   1.188e-04, unitary_metric = 1.00001
Error = :1.99e-01; Runtime: 86.6s; Iterations = 160, grads =   4.973e-02, unitary_metric = 1.00001
Error = :1.98e-01; Runtime: 97.0s; Iterations = 180, grads =   8.443e-03, unitary_metric = 1.00001
Error = :1.98e-01; Runtime: 107.4s; Iterations = 200, grads =   7.876e-06, unitary_metric = 1.00001
Error = :1.98e-01; Runtime: 118.5s; Iterations = 220, grads =   3.665e-05, unitary_metric = 1.00002
Error = :1.98e-01; Runtime: 128.8s; Iterations = 240, grads =   2.448e-06, unitary_metric = 1.00001
Error = :1.98e-01; Runtime: 139.2s; Iterations = 260, grads =   2.516e-07, unitary_metric = 1.00002
Error = :1.98e-01; Runtime: 149.5s; Iterations = 280, grads =   8.937e-08, unitary_metric = 1.00001
Error = :1.98e-01; Runtime: 159.9s; Iterations = 300, grads =   4.034e-05, unitary_metric = 1.00001
Error = :1.98e-01; Runtime: 171.1s; Iterations = 320, grads =   1.293e-02, unitary_metric = 1.00001
Error = :1.99e-01; Runtime: 181.4s; Iterations = 340, grads =   4.253e-02, unitary_metric = 1.00001
Error = :1.98e-01; Runtime: 191.8s; Iterations = 360, grads =   2.810e-03, unitary_metric = 1.00001
Error = :2.02e-01; Runtime: 202.1s; Iterations = 380, grads =   1.302e-01, unitary_metric = 1.00001
Error = :1.98e-01; Runtime: 212.5s; Iterations = 400, grads =   1.384e-02, unitary_metric = 1.00001
Error = :1.98e-01; Runtime: 223.6s; Iterations = 420, grads =   2.563e-03, unitary_metric = 1.00001
Error = :1.98e-01; Runtime: 234.0s; Iterations = 440, grads =   3.650e-06, unitary_metric = 1.00001
Error = :1.98e-01; Runtime: 244.4s; Iterations = 460, grads =   7.504e-05, unitary_metric = 1.00001
Error = :1.98e-01; Runtime: 254.7s; Iterations = 480, grads =   4.837e-05, unitary_metric = 1.00001
Error = :2.09e-01; Runtime: 265.1s; Iterations = 500, grads =   5.198e-01, unitary_metric = 1.00001
Error = :1.98e-01; Runtime: 276.3s; Iterations = 520, grads =   1.600e-04, unitary_metric = 1.00001
Error = :1.98e-01; Runtime: 286.6s; Iterations = 540, grads =   2.177e-03, unitary_metric = 1.00001
Error = :1.98e-01; Runtime: 297.0s; Iterations = 560, grads =   7.290e-04, unitary_metric = 1.00001
Error = :1.98e-01; Runtime: 307.4s; Iterations = 580, grads =   1.344e-04, unitary_metric = 1.00001
Error = :1.98e-01; Runtime: 317.8s; Iterations = 600, grads =   6.389e-06, unitary_metric = 1.00001
Error = :1.98e-01; Runtime: 328.9s; Iterations = 620, grads =   4.153e-03, unitary_metric = 1.00001
Error = :1.99e-01; Runtime: 339.3s; Iterations = 640, grads =   4.687e-02, unitary_metric = 1.00001
Error = :1.98e-01; Runtime: 350.0s; Iterations = 660, grads =   7.515e-03, unitary_metric = 1.00001
Error = :1.99e-01; Runtime: 360.7s; Iterations = 680, grads =   6.071e-02, unitary_metric = 1.00001
Error = :1.98e-01; Runtime: 371.4s; Iterations = 700, grads =   1.515e-03, unitary_metric = 1.00001
Error = :1.98e-01; Runtime: 383.1s; Iterations = 720, grads =   5.226e-03, unitary_metric = 1.00001
Error = :1.98e-01; Runtime: 393.9s; Iterations = 740, grads =   8.219e-04, unitary_metric = 1.00001
Error = :1.98e-01; Runtime: 404.6s; Iterations = 760, grads =   2.912e-05, unitary_metric = 1.00001
Error = :1.99e-01; Runtime: 415.4s; Iterations = 780, grads =   3.483e-02, unitary_metric = 1.00001
Error = :1.98e-01; Runtime: 426.1s; Iterations = 800, grads =   2.493e-03, unitary_metric = 1.00001
Error = :1.99e-01; Runtime: 437.7s; Iterations = 820, grads =   2.638e-02, unitary_metric = 1.00001
Error = :1.98e-01; Runtime: 448.4s; Iterations = 840, grads =   2.589e-03, unitary_metric = 1.00001
Error = :1.98e-01; Runtime: 459.1s; Iterations = 860, grads =   1.600e-03, unitary_metric = 1.00001
Error = :1.98e-01; Runtime: 469.8s; Iterations = 880, grads =   2.172e-04, unitary_metric = 1.00001
Error = :1.98e-01; Runtime: 480.5s; Iterations = 900, grads =   3.692e-05, unitary_metric = 1.00000
Error = :1.98e-01; Runtime: 492.1s; Iterations = 920, grads =   6.217e-03, unitary_metric = 1.00001
Error = :1.98e-01; Runtime: 502.8s; Iterations = 940, grads =   4.743e-02, unitary_metric = 1.00000
Error = :1.94e-01; Runtime: 513.6s; Iterations = 960, grads =   5.926e-03, unitary_metric = 1.00001
Error = :1.34e-01; Runtime: 524.3s; Iterations = 980, grads =   2.442e-03, unitary_metric = 1.00000
Error = :1.35e-02; Runtime: 534.9s; Iterations = 1000, grads =   5.909e-01, unitary_metric = 1.00000
Error = :1.37e-02; Runtime: 546.4s; Iterations = 1020, grads =   7.281e-01, unitary_metric = 1.00000
Error = :5.90e-04; Runtime: 547.0s; Iterations = 1021, grads =   3.895e-03, unitary_metric = 1.00000
data saved at: /project/ftchong/qoc/yongshan/00015_01_ErdosRenyiN6p6_slice_8.h5


trying total_time: 25.3 for unitary of size (16, 16)
data saved at: /project/ftchong/qoc/yongshan/00016_01_ErdosRenyiN6p6_slice_8.h5
Using 7 Taylor terms and 2 Scaling & Squaring terms
Building graph:
Propagators initialized.
Operators weight initialized.
Intermediate propagation variables initialized.
Intermediate propagators initialized.
Vectors initialized.
Training loss initialized.
Optimizer initialized.
Utilities initialized.
Graph built!
Initialized
Error = :4.85e-01; Runtime: 1.0s; Iterations = 0, grads =   3.349e+00, unitary_metric = 1.00002
Error = :3.37e-01; Runtime: 12.2s; Iterations = 20, grads =   3.675e-01, unitary_metric = 1.00001
Error = :2.15e-01; Runtime: 21.6s; Iterations = 40, grads =   3.712e-01, unitary_metric = 1.00001
Error = :2.00e-01; Runtime: 31.0s; Iterations = 60, grads =   4.526e-02, unitary_metric = 1.00001
Error = :1.98e-01; Runtime: 40.3s; Iterations = 80, grads =   4.589e-03, unitary_metric = 1.00001
Error = :1.98e-01; Runtime: 49.6s; Iterations = 100, grads =   1.372e-02, unitary_metric = 1.00001
Error = :1.98e-01; Runtime: 59.6s; Iterations = 120, grads =   1.637e-02, unitary_metric = 1.00001
Error = :1.99e-01; Runtime: 68.9s; Iterations = 140, grads =   3.418e-02, unitary_metric = 1.00001
Error = :1.98e-01; Runtime: 78.1s; Iterations = 160, grads =   8.336e-03, unitary_metric = 1.00001
Error = :1.98e-01; Runtime: 87.4s; Iterations = 180, grads =   5.034e-03, unitary_metric = 1.00001
Error = :1.98e-01; Runtime: 96.7s; Iterations = 200, grads =   1.073e-02, unitary_metric = 1.00001
Error = :1.98e-01; Runtime: 106.7s; Iterations = 220, grads =   5.534e-04, unitary_metric = 1.00001
Error = :1.98e-01; Runtime: 116.1s; Iterations = 240, grads =   2.298e-03, unitary_metric = 1.00001
Error = :1.98e-01; Runtime: 125.4s; Iterations = 260, grads =   6.510e-07, unitary_metric = 1.00001
Error = :1.98e-01; Runtime: 134.9s; Iterations = 280, grads =   1.487e-03, unitary_metric = 1.00001
Error = :2.02e-01; Runtime: 144.2s; Iterations = 300, grads =   1.731e-01, unitary_metric = 1.00001
Error = :1.98e-01; Runtime: 154.2s; Iterations = 320, grads =   1.001e-02, unitary_metric = 1.00001
Error = :1.98e-01; Runtime: 163.6s; Iterations = 340, grads =   1.512e-03, unitary_metric = 1.00000
Error = :1.98e-01; Runtime: 172.8s; Iterations = 360, grads =   5.178e-04, unitary_metric = 1.00000
Error = :1.98e-01; Runtime: 182.1s; Iterations = 380, grads =   6.121e-05, unitary_metric = 1.00000
Error = :1.98e-01; Runtime: 191.4s; Iterations = 400, grads =   2.162e-05, unitary_metric = 1.00001
Error = :1.98e-01; Runtime: 201.6s; Iterations = 420, grads =   2.913e-02, unitary_metric = 1.00000
Error = :1.97e-01; Runtime: 210.9s; Iterations = 440, grads =   3.246e-03, unitary_metric = 1.00000
Error = :1.94e-01; Runtime: 220.2s; Iterations = 460, grads =   3.997e-03, unitary_metric = 1.00000
Error = :1.54e-01; Runtime: 229.5s; Iterations = 480, grads =   2.522e-03, unitary_metric = 1.00001
Error = :7.69e-02; Runtime: 238.8s; Iterations = 500, grads =   3.377e+00, unitary_metric = 1.00000
Error = :2.84e-03; Runtime: 249.1s; Iterations = 520, grads =   7.800e-02, unitary_metric = 0.99999
Error = :4.50e-04; Runtime: 251.0s; Iterations = 524, grads =   2.234e-03, unitary_metric = 0.99999
data saved at: /project/ftchong/qoc/yongshan/00016_01_ErdosRenyiN6p6_slice_8.h5


trying total_time: 23.9 for unitary of size (16, 16)
data saved at: /project/ftchong/qoc/yongshan/00017_01_ErdosRenyiN6p6_slice_8.h5
Using 7 Taylor terms and 2 Scaling & Squaring terms
Building graph:
Propagators initialized.
Operators weight initialized.
Intermediate propagation variables initialized.
Intermediate propagators initialized.
Vectors initialized.
Training loss initialized.
Optimizer initialized.
Utilities initialized.
Graph built!
Initialized
Error = :5.39e-01; Runtime: 0.9s; Iterations = 0, grads =   3.382e+00, unitary_metric = 1.00002
Error = :4.16e-01; Runtime: 11.5s; Iterations = 20, grads =   1.793e+00, unitary_metric = 1.00001
Error = :2.17e-01; Runtime: 20.5s; Iterations = 40, grads =   3.590e-01, unitary_metric = 1.00001
Error = :2.01e-01; Runtime: 29.6s; Iterations = 60, grads =   5.266e-02, unitary_metric = 1.00001
Error = :1.98e-01; Runtime: 38.7s; Iterations = 80, grads =   8.376e-03, unitary_metric = 1.00001
Error = :1.98e-01; Runtime: 47.9s; Iterations = 100, grads =   5.978e-04, unitary_metric = 1.00001
Error = :1.98e-01; Runtime: 57.6s; Iterations = 120, grads =   8.188e-05, unitary_metric = 1.00001
Error = :1.98e-01; Runtime: 66.4s; Iterations = 140, grads =   1.526e-05, unitary_metric = 1.00001
Error = :1.98e-01; Runtime: 75.2s; Iterations = 160, grads =   7.405e-07, unitary_metric = 1.00001
Error = :1.98e-01; Runtime: 84.0s; Iterations = 180, grads =   2.037e-07, unitary_metric = 1.00001
Error = :1.98e-01; Runtime: 92.8s; Iterations = 200, grads =   2.349e-08, unitary_metric = 1.00001
Error = :1.98e-01; Runtime: 102.5s; Iterations = 220, grads =   4.131e-09, unitary_metric = 1.00001
Error = :1.98e-01; Runtime: 111.3s; Iterations = 240, grads =   6.150e-10, unitary_metric = 1.00001
Error = :1.98e-01; Runtime: 120.1s; Iterations = 260, grads =   3.001e-10, unitary_metric = 1.00001
Error = :1.98e-01; Runtime: 128.8s; Iterations = 280, grads =   1.293e-10, unitary_metric = 1.00001
Error = :1.98e-01; Runtime: 137.7s; Iterations = 300, grads =   1.988e-10, unitary_metric = 1.00001
Error = :1.98e-01; Runtime: 147.4s; Iterations = 320, grads =   5.786e-11, unitary_metric = 1.00001
Error = :1.98e-01; Runtime: 156.6s; Iterations = 340, grads =   1.230e-10, unitary_metric = 1.00001
Error = :1.98e-01; Runtime: 165.7s; Iterations = 360, grads =   8.574e-11, unitary_metric = 1.00001
Error = :1.98e-01; Runtime: 174.8s; Iterations = 380, grads =   5.970e-11, unitary_metric = 1.00001
Error = :1.98e-01; Runtime: 183.8s; Iterations = 400, grads =   7.616e-09, unitary_metric = 1.00001
Error = :1.98e-01; Runtime: 193.5s; Iterations = 420, grads =   2.216e-04, unitary_metric = 1.00001
Error = :1.99e-01; Runtime: 202.6s; Iterations = 440, grads =   3.204e-02, unitary_metric = 1.00001
Error = :1.98e-01; Runtime: 211.5s; Iterations = 460, grads =   1.780e-05, unitary_metric = 1.00001
Error = :1.98e-01; Runtime: 220.3s; Iterations = 480, grads =   6.070e-04, unitary_metric = 1.00001
Error = :1.98e-01; Runtime: 229.0s; Iterations = 500, grads =   9.212e-05, unitary_metric = 1.00001
Error = :1.98e-01; Runtime: 238.6s; Iterations = 520, grads =   2.219e-05, unitary_metric = 1.00001
Error = :1.98e-01; Runtime: 247.3s; Iterations = 540, grads =   8.322e-07, unitary_metric = 1.00001
Error = :1.98e-01; Runtime: 256.3s; Iterations = 560, grads =   4.430e-07, unitary_metric = 1.00001
Error = :1.98e-01; Runtime: 265.4s; Iterations = 580, grads =   6.014e-08, unitary_metric = 1.00001
Error = :1.98e-01; Runtime: 274.5s; Iterations = 600, grads =   6.560e-10, unitary_metric = 1.00001
Error = :1.98e-01; Runtime: 284.2s; Iterations = 620, grads =   4.525e-10, unitary_metric = 1.00001
Error = :1.98e-01; Runtime: 293.3s; Iterations = 640, grads =   1.237e-09, unitary_metric = 1.00001
Error = :1.98e-01; Runtime: 302.2s; Iterations = 660, grads =   1.700e-09, unitary_metric = 1.00001
Error = :1.98e-01; Runtime: 311.1s; Iterations = 680, grads =   2.581e-06, unitary_metric = 1.00001
Error = :2.06e-01; Runtime: 319.9s; Iterations = 700, grads =   2.059e-01, unitary_metric = 1.00001
Error = :1.98e-01; Runtime: 329.3s; Iterations = 720, grads =   1.314e-02, unitary_metric = 1.00001
Error = :2.02e-01; Runtime: 338.1s; Iterations = 740, grads =   1.472e-01, unitary_metric = 1.00001
Error = :1.98e-01; Runtime: 346.9s; Iterations = 760, grads =   2.126e-02, unitary_metric = 1.00001
Error = :1.98e-01; Runtime: 355.6s; Iterations = 780, grads =   1.422e-03, unitary_metric = 1.00001
Error = :1.98e-01; Runtime: 364.4s; Iterations = 800, grads =   5.003e-04, unitary_metric = 1.00001
Error = :1.98e-01; Runtime: 373.7s; Iterations = 820, grads =   1.073e-04, unitary_metric = 1.00001
Error = :1.98e-01; Runtime: 382.7s; Iterations = 840, grads =   1.163e-05, unitary_metric = 1.00001
Error = :1.98e-01; Runtime: 391.8s; Iterations = 860, grads =   1.367e-07, unitary_metric = 1.00001
Error = :1.98e-01; Runtime: 400.9s; Iterations = 880, grads =   6.700e-08, unitary_metric = 1.00001
Error = :1.98e-01; Runtime: 410.0s; Iterations = 900, grads =   1.690e-09, unitary_metric = 1.00001
Error = :1.98e-01; Runtime: 419.8s; Iterations = 920, grads =   6.465e-09, unitary_metric = 1.00001
Error = :1.98e-01; Runtime: 429.2s; Iterations = 940, grads =   4.648e-08, unitary_metric = 1.00001
Error = :1.98e-01; Runtime: 438.3s; Iterations = 960, grads =   1.232e-05, unitary_metric = 1.00001
Error = :2.00e-01; Runtime: 447.3s; Iterations = 980, grads =   6.776e-02, unitary_metric = 1.00001
Error = :2.01e-01; Runtime: 456.1s; Iterations = 1000, grads =   1.167e-01, unitary_metric = 1.00001
Error = :2.00e-01; Runtime: 465.5s; Iterations = 1020, grads =   6.428e-02, unitary_metric = 1.00001
Error = :1.98e-01; Runtime: 474.3s; Iterations = 1040, grads =   2.423e-03, unitary_metric = 1.00001
Error = :1.98e-01; Runtime: 483.1s; Iterations = 1060, grads =   6.010e-04, unitary_metric = 1.00001
Error = :1.98e-01; Runtime: 491.9s; Iterations = 1080, grads =   1.346e-04, unitary_metric = 1.00000
Error = :1.98e-01; Runtime: 500.7s; Iterations = 1100, grads =   1.877e-05, unitary_metric = 1.00001
Error = :1.98e-01; Runtime: 510.1s; Iterations = 1120, grads =   2.000e-06, unitary_metric = 1.00001
Error = :1.98e-01; Runtime: 519.0s; Iterations = 1140, grads =   1.935e-07, unitary_metric = 1.00001
Error = :1.98e-01; Runtime: 527.8s; Iterations = 1160, grads =   7.267e-08, unitary_metric = 1.00001
Error = :1.98e-01; Runtime: 536.6s; Iterations = 1180, grads =   2.133e-06, unitary_metric = 1.00001
Error = :1.98e-01; Runtime: 545.6s; Iterations = 1200, grads =   1.726e-03, unitary_metric = 1.00001
Error = :1.99e-01; Runtime: 555.1s; Iterations = 1220, grads =   5.865e-02, unitary_metric = 1.00001
Error = :1.98e-01; Runtime: 564.1s; Iterations = 1240, grads =   5.790e-03, unitary_metric = 1.00001
Error = :1.98e-01; Runtime: 573.1s; Iterations = 1260, grads =   6.602e-04, unitary_metric = 1.00001
Error = :1.98e-01; Runtime: 582.0s; Iterations = 1280, grads =   6.661e-04, unitary_metric = 1.00001
Error = :1.98e-01; Runtime: 590.8s; Iterations = 1300, grads =   6.690e-03, unitary_metric = 1.00001
Error = :1.98e-01; Runtime: 600.2s; Iterations = 1320, grads =   4.059e-03, unitary_metric = 1.00001
Error = :1.98e-01; Runtime: 609.0s; Iterations = 1340, grads =   7.215e-04, unitary_metric = 1.00001
Error = :1.98e-01; Runtime: 617.8s; Iterations = 1360, grads =   7.447e-05, unitary_metric = 1.00001
Error = :1.98e-01; Runtime: 626.6s; Iterations = 1380, grads =   2.781e-06, unitary_metric = 1.00001
Error = :1.98e-01; Runtime: 635.4s; Iterations = 1400, grads =   4.200e-07, unitary_metric = 1.00001
Error = :1.98e-01; Runtime: 644.9s; Iterations = 1420, grads =   1.238e-07, unitary_metric = 1.00001
Error = :1.98e-01; Runtime: 653.7s; Iterations = 1440, grads =   2.677e-05, unitary_metric = 1.00001
Error = :2.03e-01; Runtime: 662.5s; Iterations = 1460, grads =   1.940e-01, unitary_metric = 1.00001
Error = :2.02e-01; Runtime: 671.3s; Iterations = 1480, grads =   1.709e-01, unitary_metric = 1.00001
Error = :1.98e-01; Runtime: 680.1s; Iterations = 1500, grads =   1.014e-02, unitary_metric = 1.00001
Error = :1.98e-01; Runtime: 689.6s; Iterations = 1520, grads =   9.054e-04, unitary_metric = 1.00001
Error = :1.98e-01; Runtime: 698.4s; Iterations = 1540, grads =   5.339e-05, unitary_metric = 1.00001
Error = :1.99e-01; Runtime: 707.2s; Iterations = 1560, grads =   3.395e-02, unitary_metric = 1.00001
Error = :1.98e-01; Runtime: 716.0s; Iterations = 1580, grads =   7.654e-03, unitary_metric = 1.00001
Error = :1.98e-01; Runtime: 724.8s; Iterations = 1600, grads =   9.294e-04, unitary_metric = 1.00001
Error = :1.98e-01; Runtime: 734.2s; Iterations = 1620, grads =   4.484e-05, unitary_metric = 1.00001
Error = :1.98e-01; Runtime: 743.0s; Iterations = 1640, grads =   1.581e-05, unitary_metric = 1.00001
Error = :1.98e-01; Runtime: 751.8s; Iterations = 1660, grads =   1.349e-06, unitary_metric = 1.00001
Error = :1.98e-01; Runtime: 760.5s; Iterations = 1680, grads =   1.563e-07, unitary_metric = 1.00001
Error = :1.98e-01; Runtime: 769.3s; Iterations = 1700, grads =   4.664e-08, unitary_metric = 1.00000
Error = :1.98e-01; Runtime: 778.7s; Iterations = 1720, grads =   1.565e-08, unitary_metric = 1.00001
Error = :1.98e-01; Runtime: 787.5s; Iterations = 1740, grads =   3.771e-07, unitary_metric = 1.00001
Error = :1.98e-01; Runtime: 796.3s; Iterations = 1760, grads =   2.570e-04, unitary_metric = 1.00001
Error = :2.00e-01; Runtime: 805.1s; Iterations = 1780, grads =   6.313e-02, unitary_metric = 1.00001
Error = :1.99e-01; Runtime: 813.8s; Iterations = 1800, grads =   4.084e-02, unitary_metric = 1.00001
Error = :1.98e-01; Runtime: 823.3s; Iterations = 1820, grads =   6.630e-03, unitary_metric = 1.00001
Error = :1.98e-01; Runtime: 832.0s; Iterations = 1840, grads =   2.457e-03, unitary_metric = 1.00001
Error = :1.98e-01; Runtime: 840.8s; Iterations = 1860, grads =   1.350e-04, unitary_metric = 1.00001
Error = :1.98e-01; Runtime: 849.6s; Iterations = 1880, grads =   5.908e-06, unitary_metric = 1.00001
Error = :1.98e-01; Runtime: 858.4s; Iterations = 1900, grads =   1.537e-06, unitary_metric = 1.00001
Error = :1.98e-01; Runtime: 867.8s; Iterations = 1920, grads =   9.348e-07, unitary_metric = 1.00000
Error = :1.98e-01; Runtime: 876.5s; Iterations = 1940, grads =   3.172e-08, unitary_metric = 1.00000
Error = :1.98e-01; Runtime: 885.3s; Iterations = 1960, grads =   5.562e-08, unitary_metric = 1.00000
Error = :1.98e-01; Runtime: 894.1s; Iterations = 1980, grads =   2.085e-07, unitary_metric = 1.00000
Error = :1.98e-01; Runtime: 902.9s; Iterations = 2000, grads =   9.323e-07, unitary_metric = 1.00000
Error = :1.96e-01; Runtime: 912.3s; Iterations = 2020, grads =   1.235e-05, unitary_metric = 1.00000
Error = :1.74e-01; Runtime: 921.1s; Iterations = 2040, grads =   1.134e-03, unitary_metric = 1.00000
Error = :2.64e-02; Runtime: 929.8s; Iterations = 2060, grads =   1.010e+00, unitary_metric = 0.99999
Error = :4.28e-03; Runtime: 938.6s; Iterations = 2080, grads =   1.044e-01, unitary_metric = 0.99999
Error = :7.63e-04; Runtime: 941.2s; Iterations = 2086, grads =   5.734e-03, unitary_metric = 0.99999
data saved at: /project/ftchong/qoc/yongshan/00017_01_ErdosRenyiN6p6_slice_8.h5


trying total_time: 23.2 for unitary of size (16, 16)
data saved at: /project/ftchong/qoc/yongshan/00018_01_ErdosRenyiN6p6_slice_8.h5
Using 7 Taylor terms and 2 Scaling & Squaring terms
Building graph:
Propagators initialized.
Operators weight initialized.
Intermediate propagation variables initialized.
Intermediate propagators initialized.
Vectors initialized.
Training loss initialized.
Optimizer initialized.
Utilities initialized.
Graph built!
Initialized
Error = :4.08e-01; Runtime: 0.9s; Iterations = 0, grads =   9.278e-01, unitary_metric = 1.00002
Error = :4.09e-01; Runtime: 10.7s; Iterations = 20, grads =   1.752e+00, unitary_metric = 1.00000
Error = :2.07e-01; Runtime: 19.3s; Iterations = 40, grads =   7.368e-02, unitary_metric = 1.00000
Error = :2.02e-01; Runtime: 27.7s; Iterations = 60, grads =   5.662e-02, unitary_metric = 1.00000
Error = :1.98e-01; Runtime: 36.2s; Iterations = 80, grads =   7.301e-03, unitary_metric = 1.00001
Error = :1.98e-01; Runtime: 44.6s; Iterations = 100, grads =   2.493e-04, unitary_metric = 1.00000
Error = :1.98e-01; Runtime: 53.7s; Iterations = 120, grads =   6.818e-05, unitary_metric = 1.00001
Error = :1.98e-01; Runtime: 62.2s; Iterations = 140, grads =   7.088e-06, unitary_metric = 1.00001
Error = :1.98e-01; Runtime: 70.7s; Iterations = 160, grads =   3.244e-06, unitary_metric = 1.00001
Error = :2.09e-01; Runtime: 79.1s; Iterations = 180, grads =   4.574e-01, unitary_metric = 1.00001
Error = :1.98e-01; Runtime: 87.6s; Iterations = 200, grads =   1.615e-03, unitary_metric = 1.00001
Error = :1.98e-01; Runtime: 96.7s; Iterations = 220, grads =   7.156e-03, unitary_metric = 1.00001
Error = :1.98e-01; Runtime: 105.1s; Iterations = 240, grads =   9.922e-04, unitary_metric = 1.00001
Error = :1.98e-01; Runtime: 113.6s; Iterations = 260, grads =   1.001e-05, unitary_metric = 1.00001
Error = :1.98e-01; Runtime: 122.0s; Iterations = 280, grads =   1.982e-05, unitary_metric = 1.00001
Error = :1.98e-01; Runtime: 130.5s; Iterations = 300, grads =   3.583e-06, unitary_metric = 1.00001
Error = :1.98e-01; Runtime: 139.6s; Iterations = 320, grads =   3.079e-07, unitary_metric = 1.00001
Error = :1.98e-01; Runtime: 148.0s; Iterations = 340, grads =   9.375e-05, unitary_metric = 1.00001
Error = :2.00e-01; Runtime: 156.5s; Iterations = 360, grads =   9.556e-02, unitary_metric = 1.00001
Error = :1.99e-01; Runtime: 164.9s; Iterations = 380, grads =   2.618e-02, unitary_metric = 1.00001
Error = :1.98e-01; Runtime: 173.4s; Iterations = 400, grads =   2.534e-03, unitary_metric = 1.00001
Error = :1.98e-01; Runtime: 182.5s; Iterations = 420, grads =   4.869e-04, unitary_metric = 1.00001
Error = :1.98e-01; Runtime: 191.0s; Iterations = 440, grads =   1.719e-05, unitary_metric = 1.00001
Error = :1.98e-01; Runtime: 199.4s; Iterations = 460, grads =   8.791e-06, unitary_metric = 1.00001
Error = :1.98e-01; Runtime: 207.7s; Iterations = 480, grads =   5.996e-07, unitary_metric = 1.00001
Error = :1.98e-01; Runtime: 216.1s; Iterations = 500, grads =   2.053e-07, unitary_metric = 1.00000
Error = :1.98e-01; Runtime: 225.2s; Iterations = 520, grads =   8.762e-06, unitary_metric = 1.00001
Error = :2.00e-01; Runtime: 233.7s; Iterations = 540, grads =   8.577e-02, unitary_metric = 1.00000
Error = :1.98e-01; Runtime: 242.1s; Iterations = 560, grads =   4.598e-03, unitary_metric = 1.00000
Error = :1.98e-01; Runtime: 250.6s; Iterations = 580, grads =   2.954e-03, unitary_metric = 1.00000
Error = :1.98e-01; Runtime: 259.1s; Iterations = 600, grads =   3.049e-04, unitary_metric = 1.00001
Error = :1.97e-01; Runtime: 268.2s; Iterations = 620, grads =   8.429e-05, unitary_metric = 1.00000
Error = :1.97e-01; Runtime: 276.7s; Iterations = 640, grads =   9.030e-06, unitary_metric = 1.00001
Error = :1.95e-01; Runtime: 285.2s; Iterations = 660, grads =   2.450e-05, unitary_metric = 1.00000
Error = :1.81e-01; Runtime: 293.7s; Iterations = 680, grads =   4.789e-04, unitary_metric = 0.99999
Error = :1.99e-02; Runtime: 302.2s; Iterations = 700, grads =   1.555e-03, unitary_metric = 1.00000
Error = :4.04e-03; Runtime: 311.1s; Iterations = 720, grads =   2.421e-04, unitary_metric = 1.00000
Error = :9.42e-04; Runtime: 314.7s; Iterations = 729, grads =   1.165e-02, unitary_metric = 0.99999
data saved at: /project/ftchong/qoc/yongshan/00018_01_ErdosRenyiN6p6_slice_8.h5


trying total_time: 22.85 for unitary of size (16, 16)
data saved at: /project/ftchong/qoc/yongshan/00019_01_ErdosRenyiN6p6_slice_8.h5
Using 7 Taylor terms and 2 Scaling & Squaring terms
Building graph:
Propagators initialized.
Operators weight initialized.
Intermediate propagation variables initialized.
Intermediate propagators initialized.
Vectors initialized.
Training loss initialized.
Optimizer initialized.
Utilities initialized.
Graph built!
Initialized
Error = :6.15e-01; Runtime: 0.7s; Iterations = 0, grads =   3.535e+00, unitary_metric = 1.00002
Error = :3.84e-01; Runtime: 10.0s; Iterations = 20, grads =   3.239e-01, unitary_metric = 1.00001
Error = :3.69e-01; Runtime: 18.0s; Iterations = 40, grads =   3.739e-01, unitary_metric = 1.00002
Error = :3.57e-01; Runtime: 25.9s; Iterations = 60, grads =   4.750e-02, unitary_metric = 1.00001
Error = :3.50e-01; Runtime: 33.9s; Iterations = 80, grads =   3.139e-03, unitary_metric = 1.00002
Error = :2.08e-01; Runtime: 41.9s; Iterations = 100, grads =   9.986e-03, unitary_metric = 1.00001
Error = :2.03e-01; Runtime: 50.4s; Iterations = 120, grads =   1.778e-03, unitary_metric = 1.00001
Error = :1.98e-01; Runtime: 58.4s; Iterations = 140, grads =   1.501e-04, unitary_metric = 1.00001
Error = :1.98e-01; Runtime: 66.3s; Iterations = 160, grads =   2.674e-05, unitary_metric = 1.00001
Error = :1.98e-01; Runtime: 74.3s; Iterations = 180, grads =   2.239e-06, unitary_metric = 1.00001
Error = :1.98e-01; Runtime: 82.2s; Iterations = 200, grads =   6.866e-04, unitary_metric = 1.00001
Error = :2.01e-01; Runtime: 90.8s; Iterations = 220, grads =   1.138e-01, unitary_metric = 1.00001
Error = :1.98e-01; Runtime: 98.8s; Iterations = 240, grads =   9.279e-03, unitary_metric = 1.00001
Error = :1.98e-01; Runtime: 106.7s; Iterations = 260, grads =   3.827e-04, unitary_metric = 1.00001
Error = :1.98e-01; Runtime: 114.6s; Iterations = 280, grads =   9.775e-03, unitary_metric = 1.00001
Error = :1.99e-01; Runtime: 122.6s; Iterations = 300, grads =   4.629e-02, unitary_metric = 1.00001
Error = :1.98e-01; Runtime: 131.2s; Iterations = 320, grads =   8.021e-03, unitary_metric = 1.00001
Error = :1.98e-01; Runtime: 139.1s; Iterations = 340, grads =   2.047e-03, unitary_metric = 1.00001
Error = :1.98e-01; Runtime: 147.0s; Iterations = 360, grads =   1.664e-04, unitary_metric = 1.00001
Error = :1.98e-01; Runtime: 154.9s; Iterations = 380, grads =   2.981e-05, unitary_metric = 1.00001
Error = :1.98e-01; Runtime: 162.8s; Iterations = 400, grads =   5.235e-06, unitary_metric = 1.00001
Error = :1.98e-01; Runtime: 171.4s; Iterations = 420, grads =   3.189e-03, unitary_metric = 1.00001
Error = :1.99e-01; Runtime: 179.3s; Iterations = 440, grads =   4.329e-02, unitary_metric = 1.00001
Error = :1.98e-01; Runtime: 187.2s; Iterations = 460, grads =   1.601e-02, unitary_metric = 1.00002
Error = :1.98e-01; Runtime: 195.2s; Iterations = 480, grads =   6.351e-04, unitary_metric = 1.00001
Error = :1.98e-01; Runtime: 203.1s; Iterations = 500, grads =   2.958e-04, unitary_metric = 1.00001
Error = :2.07e-01; Runtime: 211.7s; Iterations = 520, grads =   3.654e-01, unitary_metric = 1.00001
Error = :1.98e-01; Runtime: 219.6s; Iterations = 540, grads =   9.358e-03, unitary_metric = 1.00001
Error = :1.98e-01; Runtime: 227.5s; Iterations = 560, grads =   3.730e-03, unitary_metric = 1.00001
Error = :1.98e-01; Runtime: 235.4s; Iterations = 580, grads =   2.445e-04, unitary_metric = 1.00001
Error = :1.98e-01; Runtime: 243.3s; Iterations = 600, grads =   5.044e-05, unitary_metric = 1.00001
Error = :1.98e-01; Runtime: 252.0s; Iterations = 620, grads =   1.160e-07, unitary_metric = 1.00001
Error = :1.98e-01; Runtime: 259.9s; Iterations = 640, grads =   8.195e-07, unitary_metric = 1.00001
Error = :1.98e-01; Runtime: 267.8s; Iterations = 660, grads =   1.161e-05, unitary_metric = 1.00001
Error = :2.07e-01; Runtime: 275.7s; Iterations = 680, grads =   3.438e-01, unitary_metric = 1.00001
Error = :2.02e-01; Runtime: 283.7s; Iterations = 700, grads =   8.006e-02, unitary_metric = 1.00001
Error = :1.98e-01; Runtime: 292.2s; Iterations = 720, grads =   6.753e-04, unitary_metric = 1.00001
Error = :1.98e-01; Runtime: 300.2s; Iterations = 740, grads =   1.917e-03, unitary_metric = 1.00002
Error = :1.99e-01; Runtime: 308.1s; Iterations = 760, grads =   3.390e-02, unitary_metric = 1.00002
Error = :1.98e-01; Runtime: 316.0s; Iterations = 780, grads =   4.801e-03, unitary_metric = 1.00001
Error = :1.98e-01; Runtime: 324.0s; Iterations = 800, grads =   2.420e-03, unitary_metric = 1.00001
Error = :1.98e-01; Runtime: 333.2s; Iterations = 820, grads =   1.627e-04, unitary_metric = 1.00001
Error = :1.98e-01; Runtime: 342.0s; Iterations = 840, grads =   4.916e-05, unitary_metric = 1.00001
Error = :1.98e-01; Runtime: 350.6s; Iterations = 860, grads =   5.888e-06, unitary_metric = 1.00001
Error = :1.98e-01; Runtime: 359.0s; Iterations = 880, grads =   8.021e-07, unitary_metric = 1.00001
Error = :1.98e-01; Runtime: 367.5s; Iterations = 900, grads =   2.261e-07, unitary_metric = 1.00001
Error = :1.98e-01; Runtime: 376.6s; Iterations = 920, grads =   2.538e-04, unitary_metric = 1.00001
Error = :1.99e-01; Runtime: 385.0s; Iterations = 940, grads =   5.448e-02, unitary_metric = 1.00001
Error = :1.99e-01; Runtime: 393.4s; Iterations = 960, grads =   1.955e-02, unitary_metric = 1.00001
Error = :1.98e-01; Runtime: 401.8s; Iterations = 980, grads =   2.308e-03, unitary_metric = 1.00001
Error = :1.98e-01; Runtime: 410.2s; Iterations = 1000, grads =   1.725e-04, unitary_metric = 1.00001
Error = :2.01e-01; Runtime: 419.3s; Iterations = 1020, grads =   1.409e-01, unitary_metric = 1.00001
Error = :1.98e-01; Runtime: 427.8s; Iterations = 1040, grads =   1.731e-02, unitary_metric = 1.00001
Error = :1.98e-01; Runtime: 436.2s; Iterations = 1060, grads =   2.034e-03, unitary_metric = 1.00001
Error = :1.98e-01; Runtime: 444.6s; Iterations = 1080, grads =   4.856e-05, unitary_metric = 1.00001
Error = :1.98e-01; Runtime: 453.0s; Iterations = 1100, grads =   3.600e-05, unitary_metric = 1.00001
Error = :1.98e-01; Runtime: 462.1s; Iterations = 1120, grads =   7.116e-05, unitary_metric = 1.00001
Error = :2.01e-01; Runtime: 470.5s; Iterations = 1140, grads =   1.418e-01, unitary_metric = 1.00001
Error = :1.98e-01; Runtime: 478.9s; Iterations = 1160, grads =   2.623e-03, unitary_metric = 1.00001
Error = :1.98e-01; Runtime: 487.3s; Iterations = 1180, grads =   1.746e-03, unitary_metric = 1.00001
Error = :1.99e-01; Runtime: 495.7s; Iterations = 1200, grads =   2.304e-02, unitary_metric = 1.00001
Error = :1.98e-01; Runtime: 504.8s; Iterations = 1220, grads =   4.648e-03, unitary_metric = 1.00001
Error = :1.99e-01; Runtime: 513.2s; Iterations = 1240, grads =   4.097e-02, unitary_metric = 1.00001
Error = :1.98e-01; Runtime: 521.5s; Iterations = 1260, grads =   2.336e-02, unitary_metric = 1.00001
Error = :1.98e-01; Runtime: 529.9s; Iterations = 1280, grads =   1.285e-03, unitary_metric = 1.00001
Error = :1.98e-01; Runtime: 538.3s; Iterations = 1300, grads =   2.418e-05, unitary_metric = 1.00001
Error = :1.98e-01; Runtime: 547.4s; Iterations = 1320, grads =   6.724e-05, unitary_metric = 1.00001
Error = :1.98e-01; Runtime: 555.8s; Iterations = 1340, grads =   4.319e-06, unitary_metric = 1.00001
Error = :1.98e-01; Runtime: 564.2s; Iterations = 1360, grads =   2.087e-04, unitary_metric = 1.00001
Error = :2.00e-01; Runtime: 572.5s; Iterations = 1380, grads =   9.114e-02, unitary_metric = 1.00001
Error = :1.98e-01; Runtime: 580.9s; Iterations = 1400, grads =   1.229e-02, unitary_metric = 1.00001
Error = :1.98e-01; Runtime: 589.9s; Iterations = 1420, grads =   1.029e-03, unitary_metric = 1.00001
Error = :1.99e-01; Runtime: 598.3s; Iterations = 1440, grads =   1.344e-02, unitary_metric = 1.00001
Error = :1.98e-01; Runtime: 606.7s; Iterations = 1460, grads =   4.387e-03, unitary_metric = 1.00001
Error = :1.98e-01; Runtime: 615.1s; Iterations = 1480, grads =   1.058e-04, unitary_metric = 1.00001
Error = :2.01e-01; Runtime: 623.5s; Iterations = 1500, grads =   1.424e-01, unitary_metric = 1.00001
Error = :1.98e-01; Runtime: 632.5s; Iterations = 1520, grads =   1.104e-02, unitary_metric = 1.00001
Error = :1.98e-01; Runtime: 640.9s; Iterations = 1540, grads =   1.264e-03, unitary_metric = 1.00001
Error = :1.98e-01; Runtime: 649.3s; Iterations = 1560, grads =   5.250e-05, unitary_metric = 1.00000
Error = :1.98e-01; Runtime: 657.7s; Iterations = 1580, grads =   7.908e-06, unitary_metric = 1.00001
Error = :1.98e-01; Runtime: 666.0s; Iterations = 1600, grads =   3.372e-06, unitary_metric = 1.00000
Error = :1.98e-01; Runtime: 675.0s; Iterations = 1620, grads =   9.881e-07, unitary_metric = 1.00000
Error = :1.98e-01; Runtime: 683.4s; Iterations = 1640, grads =   2.025e-04, unitary_metric = 1.00000
Error = :2.00e-01; Runtime: 691.6s; Iterations = 1660, grads =   9.081e-02, unitary_metric = 1.00001
Error = :1.98e-01; Runtime: 699.6s; Iterations = 1680, grads =   8.550e-04, unitary_metric = 1.00001
Error = :1.98e-01; Runtime: 707.6s; Iterations = 1700, grads =   8.842e-04, unitary_metric = 1.00001
Error = :1.98e-01; Runtime: 716.1s; Iterations = 1720, grads =   3.295e-04, unitary_metric = 1.00001
Error = :1.98e-01; Runtime: 724.1s; Iterations = 1740, grads =   1.094e-04, unitary_metric = 1.00000
Error = :1.98e-01; Runtime: 732.1s; Iterations = 1760, grads =   1.161e-05, unitary_metric = 1.00000
Error = :1.98e-01; Runtime: 740.2s; Iterations = 1780, grads =   2.321e-03, unitary_metric = 1.00001
Error = :1.98e-01; Runtime: 748.6s; Iterations = 1800, grads =   1.861e-02, unitary_metric = 1.00000
Error = :1.97e-01; Runtime: 757.6s; Iterations = 1820, grads =   2.802e-03, unitary_metric = 1.00000
Error = :1.96e-01; Runtime: 765.7s; Iterations = 1840, grads =   1.693e-04, unitary_metric = 1.00000
Error = :1.81e-01; Runtime: 773.7s; Iterations = 1860, grads =   7.919e-04, unitary_metric = 1.00000
Error = :4.35e-02; Runtime: 781.7s; Iterations = 1880, grads =   1.278e+00, unitary_metric = 0.99999
Error = :1.25e-03; Runtime: 789.8s; Iterations = 1900, grads =   1.270e-02, unitary_metric = 1.00000
Error = :7.31e-04; Runtime: 795.1s; Iterations = 1912, grads =   6.466e-03, unitary_metric = 1.00000
data saved at: /project/ftchong/qoc/yongshan/00019_01_ErdosRenyiN6p6_slice_8.h5


trying total_time: 22.65 for unitary of size (16, 16)
data saved at: /project/ftchong/qoc/yongshan/00020_01_ErdosRenyiN6p6_slice_8.h5
Using 7 Taylor terms and 2 Scaling & Squaring terms
Building graph:
Propagators initialized.
Operators weight initialized.
Intermediate propagation variables initialized.
Intermediate propagators initialized.
Vectors initialized.
Training loss initialized.
Optimizer initialized.
Utilities initialized.
Graph built!
Initialized
Error = :6.29e-01; Runtime: 0.7s; Iterations = 0, grads =   3.901e+00, unitary_metric = 1.00002
Error = :3.92e-01; Runtime: 9.8s; Iterations = 20, grads =   1.069e+00, unitary_metric = 1.00001
Error = :3.21e-01; Runtime: 17.7s; Iterations = 40, grads =   6.044e-01, unitary_metric = 1.00001
Error = :2.10e-01; Runtime: 25.5s; Iterations = 60, grads =   4.373e-02, unitary_metric = 1.00001
Error = :2.00e-01; Runtime: 33.4s; Iterations = 80, grads =   5.858e-03, unitary_metric = 1.00001
Error = :1.98e-01; Runtime: 41.3s; Iterations = 100, grads =   1.380e-04, unitary_metric = 1.00000
Error = :1.98e-01; Runtime: 49.7s; Iterations = 120, grads =   6.113e-05, unitary_metric = 1.00001
Error = :1.98e-01; Runtime: 57.5s; Iterations = 140, grads =   7.191e-06, unitary_metric = 1.00001
Error = :1.98e-01; Runtime: 65.4s; Iterations = 160, grads =   6.429e-06, unitary_metric = 1.00001
Error = :1.98e-01; Runtime: 73.2s; Iterations = 180, grads =   6.697e-06, unitary_metric = 1.00001
Error = :1.98e-01; Runtime: 81.0s; Iterations = 200, grads =   8.371e-06, unitary_metric = 1.00001
Error = :1.98e-01; Runtime: 89.5s; Iterations = 220, grads =   8.393e-03, unitary_metric = 1.00000
Error = :1.99e-01; Runtime: 97.3s; Iterations = 240, grads =   4.594e-02, unitary_metric = 1.00001
Error = :1.98e-01; Runtime: 105.2s; Iterations = 260, grads =   8.384e-03, unitary_metric = 1.00001
Error = :1.98e-01; Runtime: 113.0s; Iterations = 280, grads =   1.138e-03, unitary_metric = 1.00001
Error = :1.98e-01; Runtime: 120.8s; Iterations = 300, grads =   7.697e-05, unitary_metric = 1.00001
Error = :1.98e-01; Runtime: 129.3s; Iterations = 320, grads =   1.534e-03, unitary_metric = 1.00001
Error = :2.03e-01; Runtime: 137.1s; Iterations = 340, grads =   2.081e-01, unitary_metric = 1.00001
Error = :1.99e-01; Runtime: 144.9s; Iterations = 360, grads =   2.322e-02, unitary_metric = 1.00001
Error = :1.98e-01; Runtime: 152.7s; Iterations = 380, grads =   2.041e-03, unitary_metric = 1.00001
Error = :1.98e-01; Runtime: 160.5s; Iterations = 400, grads =   1.804e-04, unitary_metric = 1.00001
Error = :1.98e-01; Runtime: 169.0s; Iterations = 420, grads =   8.080e-05, unitary_metric = 1.00000
Error = :1.98e-01; Runtime: 176.8s; Iterations = 440, grads =   8.836e-03, unitary_metric = 1.00001
Error = :2.00e-01; Runtime: 184.6s; Iterations = 460, grads =   6.179e-02, unitary_metric = 1.00001
Error = :1.98e-01; Runtime: 192.4s; Iterations = 480, grads =   5.391e-04, unitary_metric = 1.00001
Error = :1.98e-01; Runtime: 200.2s; Iterations = 500, grads =   1.207e-03, unitary_metric = 1.00001
Error = :1.98e-01; Runtime: 208.6s; Iterations = 520, grads =   3.711e-04, unitary_metric = 1.00001
Error = :2.02e-01; Runtime: 216.4s; Iterations = 540, grads =   1.533e-01, unitary_metric = 1.00001
Error = :1.98e-01; Runtime: 224.2s; Iterations = 560, grads =   1.075e-03, unitary_metric = 1.00001
Error = :1.98e-01; Runtime: 232.1s; Iterations = 580, grads =   3.045e-03, unitary_metric = 1.00001
Error = :1.98e-01; Runtime: 239.9s; Iterations = 600, grads =   3.685e-04, unitary_metric = 1.00001
Error = :2.00e-01; Runtime: 248.3s; Iterations = 620, grads =   9.106e-02, unitary_metric = 1.00001
Error = :1.98e-01; Runtime: 256.1s; Iterations = 640, grads =   1.701e-02, unitary_metric = 1.00001
Error = :1.98e-01; Runtime: 263.9s; Iterations = 660, grads =   2.062e-05, unitary_metric = 1.00001
Error = :1.98e-01; Runtime: 271.8s; Iterations = 680, grads =   4.035e-04, unitary_metric = 1.00000
Error = :1.98e-01; Runtime: 279.6s; Iterations = 700, grads =   4.826e-05, unitary_metric = 1.00000
Error = :1.98e-01; Runtime: 288.0s; Iterations = 720, grads =   6.877e-06, unitary_metric = 1.00000
Error = :1.98e-01; Runtime: 295.8s; Iterations = 740, grads =   1.254e-06, unitary_metric = 1.00000
Error = :1.97e-01; Runtime: 303.6s; Iterations = 760, grads =   2.524e-06, unitary_metric = 1.00000
Error = :1.96e-01; Runtime: 311.5s; Iterations = 780, grads =   1.969e-05, unitary_metric = 1.00000
Error = :1.81e-01; Runtime: 319.3s; Iterations = 800, grads =   6.692e-04, unitary_metric = 1.00000
Error = :7.34e-02; Runtime: 327.7s; Iterations = 820, grads =   2.980e+00, unitary_metric = 0.99999
Error = :8.51e-03; Runtime: 335.5s; Iterations = 840, grads =   2.718e-01, unitary_metric = 1.00000
Error = :8.98e-04; Runtime: 339.0s; Iterations = 849, grads =   2.582e-02, unitary_metric = 0.99999
data saved at: /project/ftchong/qoc/yongshan/00020_01_ErdosRenyiN6p6_slice_8.h5




[0.15, 22.65]
TIME FOR SLICE IS:
22.65
