Running Array Job:  82
Experiment FlexibleErdosRenyi N=6 p=7 slice=9


trying total_time: 231.0 for unitary of size (16, 16)
data saved at: /project/ftchong/qoc/yongshan/00000_05_flexErdosRenyiN6p7_slice_9.h5
Using 8 Taylor terms and 2 Scaling & Squaring terms
Building graph:
Propagators initialized.
Operators weight initialized.
Intermediate propagation variables initialized.
Intermediate propagators initialized.
Vectors initialized.
Training loss initialized.
Optimizer initialized.
Utilities initialized.
Graph built!
Initialized
Error = :9.17e-01; Runtime: 10.1s; Iterations = 0, grads =   3.258e+00, unitary_metric = 1.00061
Error = :9.52e-01; Runtime: 149.1s; Iterations = 20, grads =   1.137e+00, unitary_metric = 1.00012
Error = :9.98e-01; Runtime: 271.3s; Iterations = 40, grads =   2.156e-02, unitary_metric = 0.99995
Error = :1.00e+00; Runtime: 393.7s; Iterations = 60, grads =   1.885e-03, unitary_metric = 0.99994
Error = :9.94e-01; Runtime: 516.1s; Iterations = 80, grads =   4.825e-02, unitary_metric = 0.99992
Error = :9.85e-01; Runtime: 638.3s; Iterations = 100, grads =   6.422e-02, unitary_metric = 0.99991
Error = :9.82e-01; Runtime: 768.2s; Iterations = 120, grads =   5.646e-02, unitary_metric = 0.99983
Error = :9.36e-01; Runtime: 890.3s; Iterations = 140, grads =   1.829e-01, unitary_metric = 0.99984
Error = :9.99e-01; Runtime: 1013.6s; Iterations = 160, grads =   7.528e-03, unitary_metric = 0.99979
Error = :8.66e-01; Runtime: 1136.8s; Iterations = 180, grads =   1.831e+00, unitary_metric = 0.99977
Error = :8.97e-01; Runtime: 1260.0s; Iterations = 200, grads =   1.819e+00, unitary_metric = 0.99978
Error = :8.61e-01; Runtime: 1389.6s; Iterations = 220, grads =   7.192e-01, unitary_metric = 0.99978
Error = :9.67e-01; Runtime: 1511.7s; Iterations = 240, grads =   6.563e-01, unitary_metric = 0.99978
Error = :8.90e-01; Runtime: 1634.3s; Iterations = 260, grads =   2.771e+00, unitary_metric = 0.99981
Error = :9.94e-01; Runtime: 1757.4s; Iterations = 280, grads =   3.033e-02, unitary_metric = 0.99979
Error = :9.94e-01; Runtime: 1880.8s; Iterations = 300, grads =   2.416e-02, unitary_metric = 0.99977
Error = :8.62e-01; Runtime: 2011.2s; Iterations = 320, grads =   4.838e+00, unitary_metric = 0.99977
Error = :8.53e-01; Runtime: 2134.5s; Iterations = 340, grads =   2.832e+00, unitary_metric = 0.99976
Error = :8.72e-01; Runtime: 2257.8s; Iterations = 360, grads =   1.895e+00, unitary_metric = 0.99974
Error = :9.78e-01; Runtime: 2381.1s; Iterations = 380, grads =   1.239e-01, unitary_metric = 0.99978
Error = :6.06e-01; Runtime: 2504.3s; Iterations = 400, grads =   1.013e+01, unitary_metric = 0.99976
Error = :5.42e-01; Runtime: 2634.6s; Iterations = 420, grads =   5.909e+00, unitary_metric = 0.99975
Error = :6.13e-01; Runtime: 2757.9s; Iterations = 440, grads =   8.944e+00, unitary_metric = 0.99978
Error = :4.74e-01; Runtime: 2881.3s; Iterations = 460, grads =   1.513e+01, unitary_metric = 0.99973
Error = :4.24e-01; Runtime: 3004.4s; Iterations = 480, grads =   1.181e+01, unitary_metric = 0.99975
Error = :1.74e-01; Runtime: 3127.9s; Iterations = 500, grads =   1.007e+01, unitary_metric = 0.99975
Error = :2.36e-01; Runtime: 3257.7s; Iterations = 520, grads =   1.554e+01, unitary_metric = 0.99974
Error = :5.51e-02; Runtime: 3381.3s; Iterations = 540, grads =   4.327e+00, unitary_metric = 0.99974
Error = :4.28e-02; Runtime: 3504.6s; Iterations = 560, grads =   3.540e+00, unitary_metric = 0.99974
Error = :1.56e-02; Runtime: 3626.5s; Iterations = 580, grads =   1.263e+00, unitary_metric = 0.99972
Error = :9.14e-03; Runtime: 3749.8s; Iterations = 600, grads =   7.707e-01, unitary_metric = 0.99974
Error = :1.96e-02; Runtime: 3880.1s; Iterations = 620, grads =   1.600e+00, unitary_metric = 0.99973
Error = :4.34e-03; Runtime: 4003.6s; Iterations = 640, grads =   3.437e-01, unitary_metric = 0.99973
Error = :1.57e-02; Runtime: 4127.2s; Iterations = 660, grads =   1.236e+00, unitary_metric = 0.99974
Error = :8.09e-03; Runtime: 4250.6s; Iterations = 680, grads =   6.565e-01, unitary_metric = 0.99973
Error = :2.73e-02; Runtime: 4374.0s; Iterations = 700, grads =   2.120e+00, unitary_metric = 0.99974
Error = :2.55e-02; Runtime: 4504.9s; Iterations = 720, grads =   2.077e+00, unitary_metric = 0.99973
Error = :9.94e-03; Runtime: 4628.1s; Iterations = 740, grads =   7.515e-01, unitary_metric = 0.99974
Error = :6.02e-03; Runtime: 4751.4s; Iterations = 760, grads =   4.785e-01, unitary_metric = 0.99974
Error = :1.19e-02; Runtime: 4874.9s; Iterations = 780, grads =   9.443e-01, unitary_metric = 0.99973
Error = :1.32e-02; Runtime: 4998.3s; Iterations = 800, grads =   9.814e-01, unitary_metric = 0.99973
Error = :1.97e-02; Runtime: 5126.5s; Iterations = 820, grads =   1.562e+00, unitary_metric = 0.99973
Error = :1.01e-02; Runtime: 5247.2s; Iterations = 840, grads =   7.433e-01, unitary_metric = 0.99972
Error = :4.48e-03; Runtime: 5368.6s; Iterations = 860, grads =   3.388e-01, unitary_metric = 0.99972
Error = :2.02e-02; Runtime: 5490.2s; Iterations = 880, grads =   1.535e+00, unitary_metric = 0.99973
Error = :5.36e-03; Runtime: 5611.8s; Iterations = 900, grads =   3.990e-01, unitary_metric = 0.99972
Error = :1.61e-02; Runtime: 5740.0s; Iterations = 920, grads =   1.209e+00, unitary_metric = 0.99974
Error = :4.73e-03; Runtime: 5861.9s; Iterations = 940, grads =   3.292e-01, unitary_metric = 0.99973
Error = :7.25e-03; Runtime: 5983.4s; Iterations = 960, grads =   5.297e-01, unitary_metric = 0.99972
Error = :5.12e-03; Runtime: 6105.1s; Iterations = 980, grads =   3.562e-01, unitary_metric = 0.99973
Error = :6.10e-03; Runtime: 6226.7s; Iterations = 1000, grads =   4.450e-01, unitary_metric = 0.99972
Error = :1.64e-02; Runtime: 6355.6s; Iterations = 1020, grads =   1.180e+00, unitary_metric = 0.99972
Error = :5.50e-03; Runtime: 6476.9s; Iterations = 1040, grads =   3.900e-01, unitary_metric = 0.99973
Error = :9.89e-03; Runtime: 6598.8s; Iterations = 1060, grads =   7.074e-01, unitary_metric = 0.99973
Error = :1.79e-02; Runtime: 6720.1s; Iterations = 1080, grads =   1.323e+00, unitary_metric = 0.99973
Error = :6.61e-03; Runtime: 6842.3s; Iterations = 1100, grads =   4.731e-01, unitary_metric = 0.99972
Error = :7.95e-03; Runtime: 6970.9s; Iterations = 1120, grads =   5.723e-01, unitary_metric = 0.99973
Error = :1.28e-02; Runtime: 7092.7s; Iterations = 1140, grads =   9.345e-01, unitary_metric = 0.99973
Error = :1.19e-02; Runtime: 7214.3s; Iterations = 1160, grads =   8.364e-01, unitary_metric = 0.99973
Error = :4.42e-03; Runtime: 7336.4s; Iterations = 1180, grads =   2.908e-01, unitary_metric = 0.99973
Error = :3.85e-03; Runtime: 7457.5s; Iterations = 1200, grads =   2.576e-01, unitary_metric = 0.99974
Error = :1.96e-03; Runtime: 7586.4s; Iterations = 1220, grads =   1.175e-01, unitary_metric = 0.99973
Error = :4.00e-03; Runtime: 7708.2s; Iterations = 1240, grads =   2.687e-01, unitary_metric = 0.99973
Error = :1.30e-02; Runtime: 7830.5s; Iterations = 1260, grads =   8.875e-01, unitary_metric = 0.99972
Error = :1.26e-02; Runtime: 7952.6s; Iterations = 1280, grads =   8.483e-01, unitary_metric = 0.99972
Error = :5.20e-03; Runtime: 8075.2s; Iterations = 1300, grads =   3.375e-01, unitary_metric = 0.99971
Error = :4.75e-03; Runtime: 8203.2s; Iterations = 1320, grads =   3.159e-01, unitary_metric = 0.99973
Error = :3.76e-03; Runtime: 8325.7s; Iterations = 1340, grads =   2.499e-01, unitary_metric = 0.99972
Error = :7.17e-03; Runtime: 8447.7s; Iterations = 1360, grads =   4.814e-01, unitary_metric = 0.99973
Error = :1.30e-02; Runtime: 8570.0s; Iterations = 1380, grads =   8.906e-01, unitary_metric = 0.99972
Error = :6.01e-03; Runtime: 8690.9s; Iterations = 1400, grads =   4.051e-01, unitary_metric = 0.99972
Error = :3.20e-03; Runtime: 8818.1s; Iterations = 1420, grads =   2.077e-01, unitary_metric = 0.99972
Error = :3.80e-03; Runtime: 8939.4s; Iterations = 1440, grads =   2.471e-01, unitary_metric = 0.99973
Error = :2.89e-03; Runtime: 9060.4s; Iterations = 1460, grads =   1.780e-01, unitary_metric = 0.99973
Error = :5.32e-03; Runtime: 9181.9s; Iterations = 1480, grads =   3.519e-01, unitary_metric = 0.99972
Error = :4.53e-03; Runtime: 9303.4s; Iterations = 1500, grads =   2.891e-01, unitary_metric = 0.99973
Error = :7.56e-03; Runtime: 9431.5s; Iterations = 1520, grads =   5.055e-01, unitary_metric = 0.99972
Error = :5.47e-03; Runtime: 9553.1s; Iterations = 1540, grads =   3.565e-01, unitary_metric = 0.99972
Error = :2.24e-03; Runtime: 9674.3s; Iterations = 1560, grads =   1.355e-01, unitary_metric = 0.99972
Error = :6.62e-03; Runtime: 9796.5s; Iterations = 1580, grads =   4.303e-01, unitary_metric = 0.99972
Error = :6.04e-03; Runtime: 9917.6s; Iterations = 1600, grads =   3.810e-01, unitary_metric = 0.99972
Error = :9.34e-03; Runtime: 10046.0s; Iterations = 1620, grads =   6.078e-01, unitary_metric = 0.99974
Error = :6.81e-03; Runtime: 10166.9s; Iterations = 1640, grads =   4.451e-01, unitary_metric = 0.99972
Error = :3.80e-03; Runtime: 10288.9s; Iterations = 1660, grads =   2.425e-01, unitary_metric = 0.99973
Error = :4.72e-03; Runtime: 10409.9s; Iterations = 1680, grads =   2.923e-01, unitary_metric = 0.99972
Error = :5.03e-03; Runtime: 10532.1s; Iterations = 1700, grads =   3.243e-01, unitary_metric = 0.99972
Error = :1.05e-02; Runtime: 10660.0s; Iterations = 1720, grads =   6.718e-01, unitary_metric = 0.99972
Error = :4.15e-03; Runtime: 10782.3s; Iterations = 1740, grads =   2.549e-01, unitary_metric = 0.99971
Error = :3.23e-03; Runtime: 10903.4s; Iterations = 1760, grads =   1.941e-01, unitary_metric = 0.99972
Error = :8.16e-03; Runtime: 11025.8s; Iterations = 1780, grads =   5.173e-01, unitary_metric = 0.99972
Error = :7.09e-03; Runtime: 11147.1s; Iterations = 1800, grads =   4.472e-01, unitary_metric = 0.99972
Error = :1.68e-03; Runtime: 11276.1s; Iterations = 1820, grads =   9.484e-02, unitary_metric = 0.99972
Error = :7.75e-03; Runtime: 11397.3s; Iterations = 1840, grads =   4.951e-01, unitary_metric = 0.99973
Error = :2.44e-03; Runtime: 11519.5s; Iterations = 1860, grads =   1.423e-01, unitary_metric = 0.99974
Error = :4.59e-03; Runtime: 11640.9s; Iterations = 1880, grads =   2.783e-01, unitary_metric = 0.99971
Error = :2.15e-03; Runtime: 11763.3s; Iterations = 1900, grads =   1.271e-01, unitary_metric = 0.99972
Error = :3.91e-03; Runtime: 11891.3s; Iterations = 1920, grads =   2.449e-01, unitary_metric = 0.99972
Error = :5.71e-03; Runtime: 12013.5s; Iterations = 1940, grads =   3.642e-01, unitary_metric = 0.99972
Error = :4.75e-03; Runtime: 12135.3s; Iterations = 1960, grads =   2.840e-01, unitary_metric = 0.99972
Error = :8.12e-03; Runtime: 12256.0s; Iterations = 1980, grads =   5.013e-01, unitary_metric = 0.99971
Error = :3.10e-03; Runtime: 12366.7s; Iterations = 2000, grads =   1.802e-01, unitary_metric = 0.99973
Error = :8.26e-03; Runtime: 12483.1s; Iterations = 2020, grads =   5.334e-01, unitary_metric = 0.99972
Error = :7.50e-03; Runtime: 12593.0s; Iterations = 2040, grads =   4.694e-01, unitary_metric = 0.99972
Error = :2.62e-03; Runtime: 12703.2s; Iterations = 2060, grads =   1.464e-01, unitary_metric = 0.99972
Error = :2.36e-03; Runtime: 12813.3s; Iterations = 2080, grads =   1.396e-01, unitary_metric = 0.99973
Error = :1.73e-03; Runtime: 12923.5s; Iterations = 2100, grads =   9.235e-02, unitary_metric = 0.99973
Error = :6.76e-03; Runtime: 13040.6s; Iterations = 2120, grads =   4.204e-01, unitary_metric = 0.99973
Error = :1.08e-02; Runtime: 13150.5s; Iterations = 2140, grads =   6.871e-01, unitary_metric = 0.99973
Error = :5.18e-03; Runtime: 13260.5s; Iterations = 2160, grads =   3.155e-01, unitary_metric = 0.99972
Error = :5.27e-03; Runtime: 13370.6s; Iterations = 2180, grads =   3.153e-01, unitary_metric = 0.99974
Error = :2.01e-03; Runtime: 13480.4s; Iterations = 2200, grads =   1.117e-01, unitary_metric = 0.99973
Error = :3.35e-03; Runtime: 13597.0s; Iterations = 2220, grads =   1.962e-01, unitary_metric = 0.99973
Error = :6.75e-03; Runtime: 13711.5s; Iterations = 2240, grads =   4.202e-01, unitary_metric = 0.99972
Error = :5.17e-03; Runtime: 13824.8s; Iterations = 2260, grads =   3.245e-01, unitary_metric = 0.99973
Error = :1.36e-03; Runtime: 13938.9s; Iterations = 2280, grads =   7.046e-02, unitary_metric = 0.99973
Error = :3.52e-03; Runtime: 14053.3s; Iterations = 2300, grads =   2.094e-01, unitary_metric = 0.99973
Error = :2.13e-03; Runtime: 14173.9s; Iterations = 2320, grads =   1.219e-01, unitary_metric = 0.99973
Error = :4.47e-03; Runtime: 14286.0s; Iterations = 2340, grads =   2.689e-01, unitary_metric = 0.99974
Error = :3.57e-03; Runtime: 14397.0s; Iterations = 2360, grads =   2.101e-01, unitary_metric = 0.99973
Error = :2.23e-03; Runtime: 14507.4s; Iterations = 2380, grads =   1.216e-01, unitary_metric = 0.99973
Error = :5.13e-03; Runtime: 14618.1s; Iterations = 2400, grads =   3.085e-01, unitary_metric = 0.99973
Error = :4.05e-03; Runtime: 14734.8s; Iterations = 2420, grads =   2.315e-01, unitary_metric = 0.99974
Error = :3.12e-03; Runtime: 14845.3s; Iterations = 2440, grads =   1.793e-01, unitary_metric = 0.99973
Error = :4.23e-03; Runtime: 14955.4s; Iterations = 2460, grads =   2.621e-01, unitary_metric = 0.99974
Error = :1.76e-03; Runtime: 15065.5s; Iterations = 2480, grads =   9.311e-02, unitary_metric = 0.99973
Error = :1.74e-03; Runtime: 15175.3s; Iterations = 2500, grads =   8.998e-02, unitary_metric = 0.99972
Error = :1.24e-03; Runtime: 15290.9s; Iterations = 2520, grads =   5.972e-02, unitary_metric = 0.99973
Error = :4.21e-03; Runtime: 15400.9s; Iterations = 2540, grads =   2.561e-01, unitary_metric = 0.99972
Error = :3.74e-03; Runtime: 15510.9s; Iterations = 2560, grads =   2.139e-01, unitary_metric = 0.99972
Error = :3.10e-03; Runtime: 15620.6s; Iterations = 2580, grads =   1.807e-01, unitary_metric = 0.99972
Error = :2.44e-03; Runtime: 15730.6s; Iterations = 2600, grads =   1.366e-01, unitary_metric = 0.99972
Error = :9.96e-04; Runtime: 15812.9s; Iterations = 2614, grads =   4.663e-02, unitary_metric = 0.99973
data saved at: /project/ftchong/qoc/yongshan/00000_05_flexErdosRenyiN6p7_slice_9.h5


trying total_time: 115.5 for unitary of size (16, 16)
data saved at: /project/ftchong/qoc/yongshan/00001_05_flexErdosRenyiN6p7_slice_9.h5
Using 8 Taylor terms and 2 Scaling & Squaring terms
Building graph:
Propagators initialized.
Operators weight initialized.
Intermediate propagation variables initialized.
Intermediate propagators initialized.
Vectors initialized.
Training loss initialized.
Optimizer initialized.
Utilities initialized.
Graph built!
Initialized
Error = :9.21e-01; Runtime: 4.1s; Iterations = 0, grads =   1.394e+00, unitary_metric = 1.00019
Error = :9.96e-01; Runtime: 56.7s; Iterations = 20, grads =   4.941e-02, unitary_metric = 1.00000
Error = :8.42e-01; Runtime: 102.8s; Iterations = 40, grads =   3.590e+00, unitary_metric = 0.99997
Error = :5.25e-01; Runtime: 149.2s; Iterations = 60, grads =   1.369e+01, unitary_metric = 0.99992
Error = :1.94e-01; Runtime: 195.4s; Iterations = 80, grads =   1.344e+01, unitary_metric = 0.99990
Error = :3.09e-02; Runtime: 241.8s; Iterations = 100, grads =   2.127e+00, unitary_metric = 0.99990
Error = :6.52e-03; Runtime: 292.9s; Iterations = 120, grads =   5.909e-01, unitary_metric = 0.99990
Error = :1.16e-02; Runtime: 340.7s; Iterations = 140, grads =   1.395e+00, unitary_metric = 0.99989
Error = :3.17e-02; Runtime: 386.9s; Iterations = 160, grads =   3.091e+00, unitary_metric = 0.99990
Error = :1.28e-03; Runtime: 433.1s; Iterations = 180, grads =   1.216e-01, unitary_metric = 0.99991
Error = :9.43e-04; Runtime: 470.1s; Iterations = 196, grads =   7.049e-02, unitary_metric = 0.99991
data saved at: /project/ftchong/qoc/yongshan/00001_05_flexErdosRenyiN6p7_slice_9.h5


trying total_time: 57.75 for unitary of size (16, 16)
data saved at: /project/ftchong/qoc/yongshan/00002_05_flexErdosRenyiN6p7_slice_9.h5
Using 5 Taylor terms and 4 Scaling & Squaring terms
Building graph:
Propagators initialized.
Operators weight initialized.
Intermediate propagation variables initialized.
Intermediate propagators initialized.
Vectors initialized.
Training loss initialized.
Optimizer initialized.
Utilities initialized.
Graph built!
Initialized
Error = :8.86e-01; Runtime: 1.9s; Iterations = 0, grads =   1.224e-01, unitary_metric = 1.00068
Error = :5.35e-01; Runtime: 25.0s; Iterations = 20, grads =   2.831e+00, unitary_metric = 1.00059
Error = :3.99e-02; Runtime: 44.9s; Iterations = 40, grads =   7.880e-01, unitary_metric = 1.00041
Error = :5.15e-03; Runtime: 64.7s; Iterations = 60, grads =   1.980e-01, unitary_metric = 1.00041
Error = :2.60e-02; Runtime: 84.6s; Iterations = 80, grads =   2.433e+00, unitary_metric = 1.00040
Error = :5.54e-04; Runtime: 96.5s; Iterations = 92, grads =   7.557e-02, unitary_metric = 1.00039
data saved at: /project/ftchong/qoc/yongshan/00002_05_flexErdosRenyiN6p7_slice_9.h5


trying total_time: 28.85 for unitary of size (16, 16)
data saved at: /project/ftchong/qoc/yongshan/00003_05_flexErdosRenyiN6p7_slice_9.h5
Using 7 Taylor terms and 2 Scaling & Squaring terms
Building graph:
Propagators initialized.
Operators weight initialized.
Intermediate propagation variables initialized.
Intermediate propagators initialized.
Vectors initialized.
Training loss initialized.
Optimizer initialized.
Utilities initialized.
Graph built!
Initialized
Error = :8.98e-01; Runtime: 0.9s; Iterations = 0, grads =   2.270e-01, unitary_metric = 1.00003
Error = :6.90e-01; Runtime: 11.9s; Iterations = 20, grads =   1.016e+00, unitary_metric = 1.00001
Error = :9.79e-02; Runtime: 21.5s; Iterations = 40, grads =   4.934e-01, unitary_metric = 1.00000
Error = :1.34e-02; Runtime: 31.0s; Iterations = 60, grads =   4.408e-02, unitary_metric = 1.00000
Error = :9.48e-04; Runtime: 37.2s; Iterations = 73, grads =   7.048e-03, unitary_metric = 1.00000
data saved at: /project/ftchong/qoc/yongshan/00003_05_flexErdosRenyiN6p7_slice_9.h5


trying total_time: 14.4 for unitary of size (16, 16)
data saved at: /project/ftchong/qoc/yongshan/00004_05_flexErdosRenyiN6p7_slice_9.h5
Using 7 Taylor terms and 2 Scaling & Squaring terms
Building graph:
Propagators initialized.
Operators weight initialized.
Intermediate propagation variables initialized.
Intermediate propagators initialized.
Vectors initialized.
Training loss initialized.
Optimizer initialized.
Utilities initialized.
Graph built!
Initialized
Error = :8.90e-01; Runtime: 0.4s; Iterations = 0, grads =   5.174e-02, unitary_metric = 1.00001
Error = :8.31e-01; Runtime: 5.8s; Iterations = 20, grads =   2.573e-02, unitary_metric = 1.00002
Error = :8.05e-01; Runtime: 10.5s; Iterations = 40, grads =   1.976e-02, unitary_metric = 1.00001
Error = :6.57e-01; Runtime: 15.1s; Iterations = 60, grads =   7.110e-03, unitary_metric = 1.00000
Error = :5.50e-01; Runtime: 19.7s; Iterations = 80, grads =   1.048e-02, unitary_metric = 1.00000
Error = :3.21e-01; Runtime: 24.3s; Iterations = 100, grads =   1.150e-02, unitary_metric = 0.99999
Error = :3.04e-01; Runtime: 29.4s; Iterations = 120, grads =   4.620e-03, unitary_metric = 0.99999
Error = :3.33e-02; Runtime: 34.0s; Iterations = 140, grads =   1.019e-02, unitary_metric = 0.99999
Error = :1.78e-03; Runtime: 38.6s; Iterations = 160, grads =   2.092e-03, unitary_metric = 0.99999
Error = :9.82e-04; Runtime: 40.9s; Iterations = 170, grads =   2.813e-04, unitary_metric = 0.99999
data saved at: /project/ftchong/qoc/yongshan/00004_05_flexErdosRenyiN6p7_slice_9.h5


trying total_time: 7.2 for unitary of size (16, 16)
data saved at: /project/ftchong/qoc/yongshan/00005_05_flexErdosRenyiN6p7_slice_9.h5
Using 7 Taylor terms and 2 Scaling & Squaring terms
Building graph:
Propagators initialized.
Operators weight initialized.
Intermediate propagation variables initialized.
Intermediate propagators initialized.
Vectors initialized.
Training loss initialized.
Optimizer initialized.
Utilities initialized.
Graph built!
Initialized
Error = :8.97e-01; Runtime: 0.2s; Iterations = 0, grads =   6.622e-02, unitary_metric = 1.00000
Error = :8.30e-01; Runtime: 2.9s; Iterations = 20, grads =   4.032e-03, unitary_metric = 1.00000
Error = :8.18e-01; Runtime: 5.2s; Iterations = 40, grads =   1.478e-03, unitary_metric = 1.00000
Error = :6.75e-01; Runtime: 7.5s; Iterations = 60, grads =   2.458e-03, unitary_metric = 1.00000
Error = :6.53e-01; Runtime: 9.8s; Iterations = 80, grads =   2.275e-04, unitary_metric = 0.99999
Error = :6.45e-01; Runtime: 12.0s; Iterations = 100, grads =   1.754e-04, unitary_metric = 1.00000
Error = :5.41e-01; Runtime: 14.6s; Iterations = 120, grads =   2.829e-03, unitary_metric = 0.99999
Error = :2.55e-01; Runtime: 16.8s; Iterations = 140, grads =   7.558e-03, unitary_metric = 0.99999
Error = :2.93e-02; Runtime: 19.1s; Iterations = 160, grads =   4.152e-03, unitary_metric = 0.99999
Error = :1.59e-02; Runtime: 21.4s; Iterations = 180, grads =   5.078e-04, unitary_metric = 0.99998
Error = :1.22e-02; Runtime: 23.7s; Iterations = 200, grads =   7.186e-05, unitary_metric = 0.99998
Error = :1.10e-02; Runtime: 26.2s; Iterations = 220, grads =   1.919e-05, unitary_metric = 0.99998
Error = :1.02e-02; Runtime: 28.4s; Iterations = 240, grads =   4.955e-04, unitary_metric = 0.99998
Error = :9.62e-03; Runtime: 30.7s; Iterations = 260, grads =   1.046e-04, unitary_metric = 0.99998
Error = :9.14e-03; Runtime: 33.0s; Iterations = 280, grads =   7.813e-06, unitary_metric = 0.99998
Error = :8.77e-03; Runtime: 35.3s; Iterations = 300, grads =   1.698e-05, unitary_metric = 0.99998
Error = :8.46e-03; Runtime: 38.0s; Iterations = 320, grads =   3.291e-06, unitary_metric = 0.99998
Error = :8.22e-03; Runtime: 40.2s; Iterations = 340, grads =   3.283e-06, unitary_metric = 0.99998
Error = :8.03e-03; Runtime: 42.5s; Iterations = 360, grads =   2.362e-06, unitary_metric = 0.99998
Error = :7.86e-03; Runtime: 44.8s; Iterations = 380, grads =   1.961e-06, unitary_metric = 0.99998
Error = :7.72e-03; Runtime: 47.1s; Iterations = 400, grads =   1.690e-06, unitary_metric = 0.99998
Error = :7.62e-03; Runtime: 49.8s; Iterations = 420, grads =   1.388e-04, unitary_metric = 0.99998
Error = :7.60e-03; Runtime: 52.1s; Iterations = 440, grads =   8.623e-04, unitary_metric = 0.99998
Error = :7.45e-03; Runtime: 54.4s; Iterations = 460, grads =   2.094e-04, unitary_metric = 0.99998
Error = :7.36e-03; Runtime: 56.6s; Iterations = 480, grads =   5.084e-05, unitary_metric = 0.99998
Error = :7.30e-03; Runtime: 58.9s; Iterations = 500, grads =   5.862e-06, unitary_metric = 0.99998
Error = :7.26e-03; Runtime: 61.5s; Iterations = 520, grads =   1.354e-06, unitary_metric = 0.99998
Error = :7.24e-03; Runtime: 63.7s; Iterations = 540, grads =   1.194e-06, unitary_metric = 0.99998
Error = :7.25e-03; Runtime: 66.0s; Iterations = 560, grads =   1.663e-04, unitary_metric = 0.99998
Error = :7.31e-03; Runtime: 68.3s; Iterations = 580, grads =   6.205e-04, unitary_metric = 0.99998
Error = :7.30e-03; Runtime: 70.6s; Iterations = 600, grads =   2.051e-04, unitary_metric = 0.99998
Error = :7.33e-03; Runtime: 73.1s; Iterations = 620, grads =   2.223e-05, unitary_metric = 0.99998
Error = :7.37e-03; Runtime: 75.4s; Iterations = 640, grads =   2.951e-06, unitary_metric = 0.99998
Error = :7.43e-03; Runtime: 77.7s; Iterations = 660, grads =   3.564e-04, unitary_metric = 0.99998
Error = :7.42e-03; Runtime: 79.9s; Iterations = 680, grads =   7.943e-04, unitary_metric = 0.99998
Error = :7.23e-03; Runtime: 82.2s; Iterations = 700, grads =   6.821e-05, unitary_metric = 0.99998
Error = :7.09e-03; Runtime: 84.7s; Iterations = 720, grads =   2.190e-05, unitary_metric = 0.99998
Error = :6.95e-03; Runtime: 87.0s; Iterations = 740, grads =   4.543e-06, unitary_metric = 0.99998
Error = :6.85e-03; Runtime: 89.3s; Iterations = 760, grads =   9.118e-05, unitary_metric = 0.99998
Error = :6.79e-03; Runtime: 91.5s; Iterations = 780, grads =   3.310e-04, unitary_metric = 0.99998
Error = :6.70e-03; Runtime: 93.8s; Iterations = 800, grads =   1.662e-04, unitary_metric = 0.99998
Error = :6.62e-03; Runtime: 96.3s; Iterations = 820, grads =   4.928e-06, unitary_metric = 0.99998
Error = :6.56e-03; Runtime: 98.5s; Iterations = 840, grads =   6.611e-06, unitary_metric = 0.99998
Error = :6.51e-03; Runtime: 100.8s; Iterations = 860, grads =   2.086e-06, unitary_metric = 0.99998
Error = :6.48e-03; Runtime: 103.1s; Iterations = 880, grads =   1.577e-04, unitary_metric = 0.99998
Error = :6.52e-03; Runtime: 105.4s; Iterations = 900, grads =   9.175e-04, unitary_metric = 0.99998
Error = :6.41e-03; Runtime: 107.8s; Iterations = 920, grads =   1.761e-04, unitary_metric = 0.99998
Error = :6.37e-03; Runtime: 110.1s; Iterations = 940, grads =   1.467e-05, unitary_metric = 0.99998
Error = :6.34e-03; Runtime: 112.4s; Iterations = 960, grads =   4.016e-06, unitary_metric = 0.99998
Error = :6.31e-03; Runtime: 114.7s; Iterations = 980, grads =   3.965e-07, unitary_metric = 0.99998
Error = :6.29e-03; Runtime: 117.0s; Iterations = 1000, grads =   5.365e-07, unitary_metric = 0.99998
Error = :6.27e-03; Runtime: 119.5s; Iterations = 1020, grads =   9.800e-06, unitary_metric = 0.99998
Error = :6.78e-03; Runtime: 121.7s; Iterations = 1040, grads =   5.312e-03, unitary_metric = 0.99998
Error = :6.24e-03; Runtime: 124.0s; Iterations = 1060, grads =   8.000e-05, unitary_metric = 0.99998
Error = :6.22e-03; Runtime: 126.3s; Iterations = 1080, grads =   6.089e-05, unitary_metric = 0.99998
Error = :6.20e-03; Runtime: 128.6s; Iterations = 1100, grads =   5.956e-06, unitary_metric = 0.99998
Error = :6.19e-03; Runtime: 131.1s; Iterations = 1120, grads =   1.175e-06, unitary_metric = 0.99998
Error = :6.18e-03; Runtime: 133.4s; Iterations = 1140, grads =   3.228e-06, unitary_metric = 0.99998
Error = :6.66e-03; Runtime: 135.7s; Iterations = 1160, grads =   3.935e-03, unitary_metric = 0.99998
Error = :6.18e-03; Runtime: 138.0s; Iterations = 1180, grads =   2.251e-04, unitary_metric = 0.99998
Error = :6.15e-03; Runtime: 140.3s; Iterations = 1200, grads =   2.953e-05, unitary_metric = 0.99998
Error = :6.20e-03; Runtime: 142.8s; Iterations = 1220, grads =   6.500e-04, unitary_metric = 0.99998
Error = :6.14e-03; Runtime: 145.1s; Iterations = 1240, grads =   1.595e-04, unitary_metric = 0.99998
Error = :6.13e-03; Runtime: 147.3s; Iterations = 1260, grads =   9.634e-05, unitary_metric = 0.99998
Error = :6.11e-03; Runtime: 149.6s; Iterations = 1280, grads =   1.284e-05, unitary_metric = 0.99998
Error = :6.11e-03; Runtime: 151.9s; Iterations = 1300, grads =   1.600e-06, unitary_metric = 0.99998
Error = :6.10e-03; Runtime: 154.4s; Iterations = 1320, grads =   1.327e-07, unitary_metric = 0.99998
Error = :6.10e-03; Runtime: 156.7s; Iterations = 1340, grads =   9.901e-08, unitary_metric = 0.99998
Error = :6.09e-03; Runtime: 158.9s; Iterations = 1360, grads =   6.877e-08, unitary_metric = 0.99998
Error = :6.08e-03; Runtime: 161.3s; Iterations = 1380, grads =   9.342e-08, unitary_metric = 0.99998
Error = :6.08e-03; Runtime: 163.6s; Iterations = 1400, grads =   4.351e-05, unitary_metric = 0.99998
Error = :6.24e-03; Runtime: 166.1s; Iterations = 1420, grads =   1.293e-03, unitary_metric = 0.99998
Error = :6.09e-03; Runtime: 168.4s; Iterations = 1440, grads =   1.514e-04, unitary_metric = 0.99998
Error = :6.56e-03; Runtime: 170.7s; Iterations = 1460, grads =   4.942e-03, unitary_metric = 0.99998
Error = :6.07e-03; Runtime: 172.9s; Iterations = 1480, grads =   1.373e-04, unitary_metric = 0.99998
Error = :6.06e-03; Runtime: 175.2s; Iterations = 1500, grads =   4.433e-05, unitary_metric = 0.99998
Error = :6.05e-03; Runtime: 177.7s; Iterations = 1520, grads =   8.596e-06, unitary_metric = 0.99998
Error = :6.05e-03; Runtime: 180.0s; Iterations = 1540, grads =   7.313e-07, unitary_metric = 0.99998
Error = :6.05e-03; Runtime: 182.3s; Iterations = 1560, grads =   9.088e-08, unitary_metric = 0.99998
Error = :6.04e-03; Runtime: 184.6s; Iterations = 1580, grads =   4.202e-08, unitary_metric = 0.99998
Error = :6.04e-03; Runtime: 186.9s; Iterations = 1600, grads =   3.586e-08, unitary_metric = 0.99998
Error = :6.04e-03; Runtime: 189.4s; Iterations = 1620, grads =   3.488e-08, unitary_metric = 0.99998
Error = :6.04e-03; Runtime: 191.7s; Iterations = 1640, grads =   3.334e-08, unitary_metric = 0.99998
Error = :6.03e-03; Runtime: 193.9s; Iterations = 1660, grads =   4.958e-08, unitary_metric = 0.99998
Error = :6.03e-03; Runtime: 196.2s; Iterations = 1680, grads =   4.173e-06, unitary_metric = 0.99998
Error = :6.33e-03; Runtime: 198.5s; Iterations = 1700, grads =   2.378e-03, unitary_metric = 0.99998
Error = :6.03e-03; Runtime: 201.0s; Iterations = 1720, grads =   6.630e-05, unitary_metric = 0.99998
Error = :6.19e-03; Runtime: 203.3s; Iterations = 1740, grads =   1.665e-03, unitary_metric = 0.99998
Error = :6.12e-03; Runtime: 205.5s; Iterations = 1760, grads =   9.376e-04, unitary_metric = 0.99998
Error = :6.03e-03; Runtime: 207.8s; Iterations = 1780, grads =   7.764e-05, unitary_metric = 0.99998
Error = :6.02e-03; Runtime: 210.1s; Iterations = 1800, grads =   1.418e-05, unitary_metric = 0.99998
Error = :6.02e-03; Runtime: 212.6s; Iterations = 1820, grads =   1.538e-06, unitary_metric = 0.99998
Error = :6.01e-03; Runtime: 214.9s; Iterations = 1840, grads =   2.779e-08, unitary_metric = 0.99998
Error = :6.01e-03; Runtime: 217.2s; Iterations = 1860, grads =   4.192e-08, unitary_metric = 0.99998
Error = :6.01e-03; Runtime: 219.4s; Iterations = 1880, grads =   2.365e-08, unitary_metric = 0.99998
Error = :6.01e-03; Runtime: 221.7s; Iterations = 1900, grads =   2.324e-08, unitary_metric = 0.99998
Error = :6.01e-03; Runtime: 224.2s; Iterations = 1920, grads =   3.885e-08, unitary_metric = 0.99998
Error = :6.01e-03; Runtime: 226.5s; Iterations = 1940, grads =   3.768e-06, unitary_metric = 0.99998
Error = :6.23e-03; Runtime: 228.8s; Iterations = 1960, grads =   1.775e-03, unitary_metric = 0.99998
Error = :6.03e-03; Runtime: 231.0s; Iterations = 1980, grads =   1.990e-04, unitary_metric = 0.99998
Error = :6.00e-03; Runtime: 233.3s; Iterations = 2000, grads =   9.356e-07, unitary_metric = 0.99998
Error = :6.00e-03; Runtime: 235.9s; Iterations = 2020, grads =   3.316e-06, unitary_metric = 0.99998
Error = :6.00e-03; Runtime: 238.2s; Iterations = 2040, grads =   5.110e-07, unitary_metric = 0.99998
Error = :6.00e-03; Runtime: 240.5s; Iterations = 2060, grads =   1.134e-07, unitary_metric = 0.99998
Error = :6.00e-03; Runtime: 242.7s; Iterations = 2080, grads =   6.708e-05, unitary_metric = 0.99998
Error = :6.06e-03; Runtime: 245.0s; Iterations = 2100, grads =   6.918e-04, unitary_metric = 0.99998
Error = :5.99e-03; Runtime: 247.5s; Iterations = 2120, grads =   2.657e-06, unitary_metric = 0.99998
Error = :5.99e-03; Runtime: 249.8s; Iterations = 2140, grads =   1.175e-05, unitary_metric = 0.99998
Error = :5.99e-03; Runtime: 252.1s; Iterations = 2160, grads =   1.137e-06, unitary_metric = 0.99998
Error = :5.99e-03; Runtime: 254.4s; Iterations = 2180, grads =   2.272e-07, unitary_metric = 0.99998
Error = :5.99e-03; Runtime: 256.6s; Iterations = 2200, grads =   2.915e-06, unitary_metric = 0.99998
Error = :6.16e-03; Runtime: 259.1s; Iterations = 2220, grads =   1.323e-03, unitary_metric = 0.99998
Error = :6.01e-03; Runtime: 261.4s; Iterations = 2240, grads =   1.903e-04, unitary_metric = 0.99998
Error = :5.99e-03; Runtime: 263.7s; Iterations = 2260, grads =   7.434e-06, unitary_metric = 0.99998
Error = :5.99e-03; Runtime: 266.0s; Iterations = 2280, grads =   2.082e-07, unitary_metric = 0.99998
Error = :5.98e-03; Runtime: 268.3s; Iterations = 2300, grads =   1.344e-07, unitary_metric = 0.99998
Error = :5.98e-03; Runtime: 270.8s; Iterations = 2320, grads =   1.725e-08, unitary_metric = 0.99998
Error = :5.98e-03; Runtime: 273.0s; Iterations = 2340, grads =   1.717e-08, unitary_metric = 0.99998
Error = :5.98e-03; Runtime: 275.3s; Iterations = 2360, grads =   2.079e-08, unitary_metric = 0.99998
Error = :5.98e-03; Runtime: 277.6s; Iterations = 2380, grads =   1.529e-06, unitary_metric = 0.99998
Error = :6.11e-03; Runtime: 279.9s; Iterations = 2400, grads =   1.332e-03, unitary_metric = 0.99998
Error = :5.99e-03; Runtime: 282.5s; Iterations = 2420, grads =   1.106e-04, unitary_metric = 0.99998
Error = :5.98e-03; Runtime: 284.8s; Iterations = 2440, grads =   3.263e-05, unitary_metric = 0.99998
Error = :5.98e-03; Runtime: 287.1s; Iterations = 2460, grads =   2.040e-06, unitary_metric = 0.99998
Error = :6.02e-03; Runtime: 289.4s; Iterations = 2480, grads =   3.570e-04, unitary_metric = 0.99998
Error = :5.98e-03; Runtime: 291.7s; Iterations = 2500, grads =   5.906e-05, unitary_metric = 0.99998
Error = :5.98e-03; Runtime: 294.2s; Iterations = 2520, grads =   4.253e-06, unitary_metric = 0.99998
Error = :5.98e-03; Runtime: 296.5s; Iterations = 2540, grads =   2.977e-06, unitary_metric = 0.99998
Error = :5.98e-03; Runtime: 298.7s; Iterations = 2560, grads =   4.562e-07, unitary_metric = 0.99998
Error = :5.97e-03; Runtime: 301.0s; Iterations = 2580, grads =   4.478e-08, unitary_metric = 0.99998
Error = :5.97e-03; Runtime: 303.3s; Iterations = 2600, grads =   9.808e-09, unitary_metric = 0.99998
Error = :5.97e-03; Runtime: 305.8s; Iterations = 2620, grads =   1.044e-08, unitary_metric = 0.99998
Error = :5.97e-03; Runtime: 308.1s; Iterations = 2640, grads =   1.191e-08, unitary_metric = 0.99998
Error = :5.97e-03; Runtime: 310.4s; Iterations = 2660, grads =   4.748e-07, unitary_metric = 0.99998
Error = :6.01e-03; Runtime: 312.6s; Iterations = 2680, grads =   3.844e-04, unitary_metric = 0.99998
Error = :5.99e-03; Runtime: 314.9s; Iterations = 2700, grads =   1.951e-04, unitary_metric = 0.99998
Error = :5.98e-03; Runtime: 317.5s; Iterations = 2720, grads =   3.393e-05, unitary_metric = 0.99998
Error = :6.05e-03; Runtime: 319.7s; Iterations = 2740, grads =   6.331e-04, unitary_metric = 0.99998
Error = :5.97e-03; Runtime: 322.0s; Iterations = 2760, grads =   4.135e-06, unitary_metric = 0.99998
Error = :5.97e-03; Runtime: 324.3s; Iterations = 2780, grads =   3.382e-07, unitary_metric = 0.99998
Error = :5.97e-03; Runtime: 326.6s; Iterations = 2800, grads =   1.542e-07, unitary_metric = 0.99998
Error = :5.97e-03; Runtime: 329.1s; Iterations = 2820, grads =   2.448e-07, unitary_metric = 0.99998
Error = :5.97e-03; Runtime: 331.4s; Iterations = 2840, grads =   1.181e-08, unitary_metric = 0.99998
Error = :5.97e-03; Runtime: 333.7s; Iterations = 2860, grads =   1.445e-08, unitary_metric = 0.99998
Error = :5.97e-03; Runtime: 335.9s; Iterations = 2880, grads =   8.268e-09, unitary_metric = 0.99998
Error = :5.97e-03; Runtime: 338.2s; Iterations = 2900, grads =   7.834e-09, unitary_metric = 0.99998
Error = :5.97e-03; Runtime: 340.7s; Iterations = 2920, grads =   1.139e-08, unitary_metric = 0.99998
Error = :5.97e-03; Runtime: 343.0s; Iterations = 2940, grads =   4.064e-08, unitary_metric = 0.99998
Error = :5.97e-03; Runtime: 345.3s; Iterations = 2960, grads =   6.534e-06, unitary_metric = 0.99998
Error = :6.19e-03; Runtime: 347.5s; Iterations = 2980, grads =   2.017e-03, unitary_metric = 0.99998
Error = :5.99e-03; Runtime: 349.8s; Iterations = 3000, grads =   1.565e-04, unitary_metric = 0.99998
Error = :5.97e-03; Runtime: 352.3s; Iterations = 3020, grads =   1.975e-05, unitary_metric = 0.99998
Error = :5.97e-03; Runtime: 354.6s; Iterations = 3040, grads =   3.934e-06, unitary_metric = 0.99998
Error = :5.97e-03; Runtime: 356.8s; Iterations = 3060, grads =   5.193e-07, unitary_metric = 0.99998
Error = :5.97e-03; Runtime: 359.1s; Iterations = 3080, grads =   3.973e-08, unitary_metric = 0.99998
Error = :5.97e-03; Runtime: 361.4s; Iterations = 3100, grads =   1.121e-08, unitary_metric = 0.99998
Error = :5.96e-03; Runtime: 363.9s; Iterations = 3120, grads =   7.323e-09, unitary_metric = 0.99998
Error = :5.96e-03; Runtime: 366.1s; Iterations = 3140, grads =   6.212e-09, unitary_metric = 0.99998
Error = :5.97e-03; Runtime: 368.4s; Iterations = 3160, grads =   5.558e-09, unitary_metric = 0.99998
Error = :5.97e-03; Runtime: 370.7s; Iterations = 3180, grads =   7.202e-09, unitary_metric = 0.99998
Error = :5.96e-03; Runtime: 373.0s; Iterations = 3200, grads =   9.484e-09, unitary_metric = 0.99998
Error = :5.97e-03; Runtime: 375.5s; Iterations = 3220, grads =   3.635e-07, unitary_metric = 0.99998
Error = :5.98e-03; Runtime: 377.8s; Iterations = 3240, grads =   1.645e-04, unitary_metric = 0.99998
Error = :6.00e-03; Runtime: 380.0s; Iterations = 3260, grads =   3.478e-04, unitary_metric = 0.99998
Error = :6.06e-03; Runtime: 382.3s; Iterations = 3280, grads =   7.663e-04, unitary_metric = 0.99998
Error = :5.97e-03; Runtime: 384.6s; Iterations = 3300, grads =   9.277e-05, unitary_metric = 0.99998
Error = :5.96e-03; Runtime: 387.1s; Iterations = 3320, grads =   1.271e-06, unitary_metric = 0.99998
Error = :5.96e-03; Runtime: 389.4s; Iterations = 3340, grads =   4.719e-07, unitary_metric = 0.99998
Error = :5.96e-03; Runtime: 391.6s; Iterations = 3360, grads =   1.485e-07, unitary_metric = 0.99998
Error = :5.96e-03; Runtime: 393.9s; Iterations = 3380, grads =   2.959e-08, unitary_metric = 0.99998
Error = :5.96e-03; Runtime: 396.4s; Iterations = 3400, grads =   6.367e-09, unitary_metric = 0.99998
Error = :5.96e-03; Runtime: 398.8s; Iterations = 3420, grads =   4.635e-09, unitary_metric = 0.99998
Error = :5.96e-03; Runtime: 401.1s; Iterations = 3440, grads =   4.573e-09, unitary_metric = 0.99998
Error = :5.96e-03; Runtime: 403.4s; Iterations = 3460, grads =   4.774e-09, unitary_metric = 0.99998
Error = :5.96e-03; Runtime: 405.6s; Iterations = 3480, grads =   7.469e-09, unitary_metric = 0.99998
Error = :5.96e-03; Runtime: 407.9s; Iterations = 3500, grads =   5.971e-08, unitary_metric = 0.99998
Error = :5.96e-03; Runtime: 410.4s; Iterations = 3520, grads =   1.202e-05, unitary_metric = 0.99998
Error = :6.01e-03; Runtime: 412.7s; Iterations = 3540, grads =   4.192e-04, unitary_metric = 0.99998
Error = :5.97e-03; Runtime: 414.9s; Iterations = 3560, grads =   1.918e-05, unitary_metric = 0.99998
Error = :5.97e-03; Runtime: 417.2s; Iterations = 3580, grads =   7.559e-05, unitary_metric = 0.99998
Error = :5.99e-03; Runtime: 419.5s; Iterations = 3600, grads =   1.722e-04, unitary_metric = 0.99998
Error = :5.96e-03; Runtime: 422.0s; Iterations = 3620, grads =   7.270e-06, unitary_metric = 0.99998
Error = :5.96e-03; Runtime: 424.2s; Iterations = 3640, grads =   6.248e-08, unitary_metric = 0.99998
Error = :5.97e-03; Runtime: 426.5s; Iterations = 3660, grads =   1.042e-07, unitary_metric = 0.99998
Error = :5.97e-03; Runtime: 428.8s; Iterations = 3680, grads =   1.825e-08, unitary_metric = 0.99998
Error = :5.97e-03; Runtime: 431.1s; Iterations = 3700, grads =   3.593e-09, unitary_metric = 0.99998
Error = :5.97e-03; Runtime: 433.5s; Iterations = 3720, grads =   4.522e-09, unitary_metric = 0.99998
Error = :5.97e-03; Runtime: 435.8s; Iterations = 3740, grads =   3.804e-09, unitary_metric = 0.99998
Error = :5.97e-03; Runtime: 438.1s; Iterations = 3760, grads =   4.884e-09, unitary_metric = 0.99998
Error = :5.98e-03; Runtime: 440.4s; Iterations = 3780, grads =   3.556e-08, unitary_metric = 0.99998
Error = :5.98e-03; Runtime: 442.6s; Iterations = 3800, grads =   6.591e-06, unitary_metric = 0.99998
Error = :6.04e-03; Runtime: 445.2s; Iterations = 3820, grads =   6.059e-04, unitary_metric = 0.99998
Error = :5.99e-03; Runtime: 447.4s; Iterations = 3840, grads =   4.520e-05, unitary_metric = 0.99998
Error = :6.00e-03; Runtime: 449.7s; Iterations = 3860, grads =   4.963e-06, unitary_metric = 0.99998
Error = :6.04e-03; Runtime: 452.0s; Iterations = 3880, grads =   3.172e-04, unitary_metric = 0.99998
Error = :6.02e-03; Runtime: 454.2s; Iterations = 3900, grads =   3.560e-05, unitary_metric = 0.99998
Error = :6.03e-03; Runtime: 456.7s; Iterations = 3920, grads =   4.529e-06, unitary_metric = 0.99998
Error = :6.04e-03; Runtime: 459.0s; Iterations = 3940, grads =   4.306e-07, unitary_metric = 0.99998
Error = :6.06e-03; Runtime: 461.2s; Iterations = 3960, grads =   1.043e-08, unitary_metric = 0.99998
Error = :6.08e-03; Runtime: 463.5s; Iterations = 3980, grads =   2.616e-08, unitary_metric = 0.99998
Error = :6.11e-03; Runtime: 465.8s; Iterations = 4000, grads =   1.928e-08, unitary_metric = 0.99998
Error = :6.14e-03; Runtime: 468.3s; Iterations = 4020, grads =   2.780e-08, unitary_metric = 0.99998
Error = :6.18e-03; Runtime: 470.5s; Iterations = 4040, grads =   4.014e-08, unitary_metric = 0.99998
Error = :6.22e-03; Runtime: 472.8s; Iterations = 4060, grads =   6.186e-08, unitary_metric = 0.99998
Error = :6.27e-03; Runtime: 475.1s; Iterations = 4080, grads =   4.600e-07, unitary_metric = 0.99998
Error = :6.32e-03; Runtime: 477.4s; Iterations = 4100, grads =   1.277e-04, unitary_metric = 0.99998
Error = :6.40e-03; Runtime: 479.9s; Iterations = 4120, grads =   4.877e-04, unitary_metric = 0.99998
Error = :6.38e-03; Runtime: 482.1s; Iterations = 4140, grads =   3.669e-05, unitary_metric = 0.99998
Error = :6.39e-03; Runtime: 484.4s; Iterations = 4160, grads =   7.387e-06, unitary_metric = 0.99998
Error = :6.38e-03; Runtime: 486.7s; Iterations = 4180, grads =   1.225e-06, unitary_metric = 0.99998
Error = :6.37e-03; Runtime: 489.0s; Iterations = 4200, grads =   3.903e-07, unitary_metric = 0.99998
Error = :6.35e-03; Runtime: 491.4s; Iterations = 4220, grads =   2.494e-07, unitary_metric = 0.99998
Error = :6.32e-03; Runtime: 493.7s; Iterations = 4240, grads =   2.194e-07, unitary_metric = 0.99998
Error = :6.29e-03; Runtime: 496.0s; Iterations = 4260, grads =   1.974e-07, unitary_metric = 0.99999
Error = :6.27e-03; Runtime: 498.3s; Iterations = 4280, grads =   1.735e-07, unitary_metric = 0.99998
Error = :6.24e-03; Runtime: 500.5s; Iterations = 4300, grads =   1.533e-07, unitary_metric = 0.99998
Error = :6.22e-03; Runtime: 503.0s; Iterations = 4320, grads =   1.314e-07, unitary_metric = 0.99998
Error = :6.19e-03; Runtime: 505.3s; Iterations = 4340, grads =   1.173e-07, unitary_metric = 0.99998
Error = :6.17e-03; Runtime: 507.6s; Iterations = 4360, grads =   3.467e-07, unitary_metric = 0.99998
Error = :6.17e-03; Runtime: 509.9s; Iterations = 4380, grads =   8.397e-05, unitary_metric = 0.99998
Error = :6.19e-03; Runtime: 512.1s; Iterations = 4400, grads =   3.838e-04, unitary_metric = 0.99998
Error = :6.13e-03; Runtime: 514.6s; Iterations = 4420, grads =   2.224e-05, unitary_metric = 0.99998
Error = :6.12e-03; Runtime: 516.9s; Iterations = 4440, grads =   1.624e-06, unitary_metric = 0.99998
Error = :6.11e-03; Runtime: 519.3s; Iterations = 4460, grads =   5.442e-07, unitary_metric = 0.99998
Error = :6.10e-03; Runtime: 521.6s; Iterations = 4480, grads =   1.461e-07, unitary_metric = 0.99998
Error = :6.09e-03; Runtime: 523.9s; Iterations = 4500, grads =   6.471e-08, unitary_metric = 0.99998
Error = :6.08e-03; Runtime: 526.4s; Iterations = 4520, grads =   4.871e-08, unitary_metric = 0.99998
Error = :6.08e-03; Runtime: 528.6s; Iterations = 4540, grads =   4.505e-08, unitary_metric = 0.99998
Error = :6.07e-03; Runtime: 530.9s; Iterations = 4560, grads =   4.272e-08, unitary_metric = 0.99998
Error = :6.07e-03; Runtime: 533.2s; Iterations = 4580, grads =   4.060e-08, unitary_metric = 0.99998
Error = :6.06e-03; Runtime: 535.4s; Iterations = 4600, grads =   3.855e-08, unitary_metric = 0.99998
Error = :6.06e-03; Runtime: 537.9s; Iterations = 4620, grads =   3.754e-08, unitary_metric = 0.99998
Error = :6.05e-03; Runtime: 540.2s; Iterations = 4640, grads =   1.157e-07, unitary_metric = 0.99998
Error = :6.05e-03; Runtime: 542.5s; Iterations = 4660, grads =   1.985e-05, unitary_metric = 0.99998
Error = :6.05e-03; Runtime: 544.8s; Iterations = 4680, grads =   3.238e-05, unitary_metric = 0.99998
Error = :6.04e-03; Runtime: 547.0s; Iterations = 4700, grads =   1.422e-05, unitary_metric = 0.99998
Error = :6.03e-03; Runtime: 549.5s; Iterations = 4720, grads =   3.944e-06, unitary_metric = 0.99998
Error = :6.03e-03; Runtime: 551.8s; Iterations = 4740, grads =   1.432e-06, unitary_metric = 0.99998
Error = :6.03e-03; Runtime: 554.1s; Iterations = 4760, grads =   8.409e-08, unitary_metric = 0.99998
Error = :6.02e-03; Runtime: 556.3s; Iterations = 4780, grads =   4.754e-08, unitary_metric = 0.99998
Error = :6.02e-03; Runtime: 558.6s; Iterations = 4800, grads =   2.702e-08, unitary_metric = 0.99998
Error = :6.02e-03; Runtime: 561.1s; Iterations = 4820, grads =   2.373e-08, unitary_metric = 0.99998
Error = :6.02e-03; Runtime: 563.4s; Iterations = 4840, grads =   2.260e-08, unitary_metric = 0.99998
Error = :6.01e-03; Runtime: 565.6s; Iterations = 4860, grads =   2.201e-08, unitary_metric = 0.99998
Error = :6.01e-03; Runtime: 567.9s; Iterations = 4880, grads =   6.067e-08, unitary_metric = 0.99998
Error = :6.01e-03; Runtime: 570.2s; Iterations = 4900, grads =   6.170e-06, unitary_metric = 0.99998
Error = :6.01e-03; Runtime: 572.6s; Iterations = 4920, grads =   2.132e-05, unitary_metric = 0.99998
Error = :6.00e-03; Runtime: 574.9s; Iterations = 4940, grads =   5.683e-06, unitary_metric = 0.99998
Error = :6.03e-03; Runtime: 577.2s; Iterations = 4960, grads =   2.532e-04, unitary_metric = 0.99998
Error = :6.00e-03; Runtime: 579.5s; Iterations = 4980, grads =   2.429e-05, unitary_metric = 0.99998
Error = :6.00e-03; Runtime: 581.7s; Iterations = 5000, grads =   1.399e-06, unitary_metric = 0.99998
Error = :6.00e-03; Runtime: 584.2s; Iterations = 5020, grads =   1.318e-07, unitary_metric = 0.99998
Error = :6.00e-03; Runtime: 586.5s; Iterations = 5040, grads =   5.108e-08, unitary_metric = 0.99998
Error = :5.99e-03; Runtime: 588.8s; Iterations = 5060, grads =   2.508e-08, unitary_metric = 0.99998
Error = :5.99e-03; Runtime: 591.0s; Iterations = 5080, grads =   1.565e-08, unitary_metric = 0.99998
Error = :5.99e-03; Runtime: 593.3s; Iterations = 5100, grads =   1.645e-08, unitary_metric = 0.99998
Error = :5.99e-03; Runtime: 595.8s; Iterations = 5120, grads =   1.503e-08, unitary_metric = 0.99998
Error = :5.99e-03; Runtime: 598.1s; Iterations = 5140, grads =   2.292e-08, unitary_metric = 0.99998
Error = :5.99e-03; Runtime: 600.3s; Iterations = 5160, grads =   1.019e-06, unitary_metric = 0.99998
Error = :6.00e-03; Runtime: 602.6s; Iterations = 5180, grads =   1.597e-04, unitary_metric = 0.99998
Error = :5.98e-03; Runtime: 604.9s; Iterations = 5200, grads =   9.618e-06, unitary_metric = 0.99998
Error = :5.98e-03; Runtime: 607.4s; Iterations = 5220, grads =   1.787e-06, unitary_metric = 0.99998
Error = :6.00e-03; Runtime: 609.6s; Iterations = 5240, grads =   1.492e-04, unitary_metric = 0.99998
Error = :5.98e-03; Runtime: 611.9s; Iterations = 5260, grads =   8.687e-07, unitary_metric = 0.99998
Error = :5.98e-03; Runtime: 614.2s; Iterations = 5280, grads =   2.670e-06, unitary_metric = 0.99998
Error = :5.98e-03; Runtime: 616.4s; Iterations = 5300, grads =   8.430e-07, unitary_metric = 0.99998
Error = :5.98e-03; Runtime: 618.9s; Iterations = 5320, grads =   1.282e-07, unitary_metric = 0.99998
Error = :5.98e-03; Runtime: 621.2s; Iterations = 5340, grads =   2.523e-08, unitary_metric = 0.99998
Error = :5.98e-03; Runtime: 623.5s; Iterations = 5360, grads =   1.181e-08, unitary_metric = 0.99998
Error = :5.98e-03; Runtime: 625.7s; Iterations = 5380, grads =   1.166e-08, unitary_metric = 0.99998
Error = :5.98e-03; Runtime: 628.0s; Iterations = 5400, grads =   2.069e-08, unitary_metric = 0.99998
Error = :5.98e-03; Runtime: 630.5s; Iterations = 5420, grads =   1.573e-06, unitary_metric = 0.99998
Error = :5.99e-03; Runtime: 632.8s; Iterations = 5440, grads =   1.151e-04, unitary_metric = 0.99998
Error = :5.97e-03; Runtime: 635.2s; Iterations = 5460, grads =   8.964e-06, unitary_metric = 0.99998
Error = :5.97e-03; Runtime: 637.4s; Iterations = 5480, grads =   7.083e-07, unitary_metric = 0.99998
Error = :5.97e-03; Runtime: 639.7s; Iterations = 5500, grads =   6.187e-08, unitary_metric = 0.99998
Error = :5.97e-03; Runtime: 642.2s; Iterations = 5520, grads =   5.163e-06, unitary_metric = 0.99998
Error = :5.98e-03; Runtime: 644.5s; Iterations = 5540, grads =   8.014e-05, unitary_metric = 0.99998
Error = :5.97e-03; Runtime: 646.7s; Iterations = 5560, grads =   1.401e-05, unitary_metric = 0.99998
Error = :5.97e-03; Runtime: 649.0s; Iterations = 5580, grads =   1.873e-06, unitary_metric = 0.99998
Error = :5.97e-03; Runtime: 651.3s; Iterations = 5600, grads =   1.060e-07, unitary_metric = 0.99998
Error = :5.97e-03; Runtime: 653.8s; Iterations = 5620, grads =   2.513e-08, unitary_metric = 0.99998
Error = :5.97e-03; Runtime: 656.1s; Iterations = 5640, grads =   5.227e-08, unitary_metric = 0.99998
Error = :5.97e-03; Runtime: 658.4s; Iterations = 5660, grads =   3.565e-06, unitary_metric = 0.99998
Error = :5.97e-03; Runtime: 660.7s; Iterations = 5680, grads =   3.577e-05, unitary_metric = 0.99998
Error = :5.97e-03; Runtime: 662.9s; Iterations = 5700, grads =   6.495e-06, unitary_metric = 0.99998
Error = :5.97e-03; Runtime: 665.4s; Iterations = 5720, grads =   2.062e-07, unitary_metric = 0.99998
Error = :5.96e-03; Runtime: 667.7s; Iterations = 5740, grads =   8.773e-08, unitary_metric = 0.99998
Error = :5.96e-03; Runtime: 669.9s; Iterations = 5760, grads =   9.642e-07, unitary_metric = 0.99998
Error = :5.98e-03; Runtime: 672.2s; Iterations = 5780, grads =   1.833e-04, unitary_metric = 0.99998
Error = :5.96e-03; Runtime: 674.5s; Iterations = 5800, grads =   1.314e-05, unitary_metric = 0.99998
Error = :5.96e-03; Runtime: 677.0s; Iterations = 5820, grads =   2.397e-06, unitary_metric = 0.99998
Error = :5.96e-03; Runtime: 679.2s; Iterations = 5840, grads =   3.020e-07, unitary_metric = 0.99998
Error = :5.96e-03; Runtime: 681.5s; Iterations = 5860, grads =   5.698e-08, unitary_metric = 0.99998
Error = :5.96e-03; Runtime: 683.8s; Iterations = 5880, grads =   4.936e-06, unitary_metric = 0.99998
Error = :5.96e-03; Runtime: 686.0s; Iterations = 5900, grads =   2.048e-06, unitary_metric = 0.99998
Error = :5.96e-03; Runtime: 688.6s; Iterations = 5920, grads =   1.621e-06, unitary_metric = 0.99998
Error = :5.96e-03; Runtime: 690.8s; Iterations = 5940, grads =   4.969e-07, unitary_metric = 0.99998
Error = :5.96e-03; Runtime: 693.1s; Iterations = 5960, grads =   9.825e-08, unitary_metric = 0.99998
Error = :5.96e-03; Runtime: 695.4s; Iterations = 5980, grads =   7.873e-09, unitary_metric = 0.99998
Error = :5.96e-03; Runtime: 697.6s; Iterations = 6000, grads =   1.220e-08, unitary_metric = 0.99998
data saved at: /project/ftchong/qoc/yongshan/00005_05_flexErdosRenyiN6p7_slice_9.h5


trying total_time: 10.8 for unitary of size (16, 16)
data saved at: /project/ftchong/qoc/yongshan/00006_05_flexErdosRenyiN6p7_slice_9.h5
Using 7 Taylor terms and 2 Scaling & Squaring terms
Building graph:
Propagators initialized.
Operators weight initialized.
Intermediate propagation variables initialized.
Intermediate propagators initialized.
Vectors initialized.
Training loss initialized.
Optimizer initialized.
Utilities initialized.
Graph built!
Initialized
Error = :9.00e-01; Runtime: 0.3s; Iterations = 0, grads =   4.256e-02, unitary_metric = 1.00000
Error = :8.35e-01; Runtime: 4.3s; Iterations = 20, grads =   3.244e-02, unitary_metric = 1.00001
Error = :8.17e-01; Runtime: 7.7s; Iterations = 40, grads =   5.356e-03, unitary_metric = 1.00000
Error = :6.65e-01; Runtime: 11.2s; Iterations = 60, grads =   1.200e-02, unitary_metric = 1.00000
Error = :6.48e-01; Runtime: 14.6s; Iterations = 80, grads =   7.037e-04, unitary_metric = 1.00000
Error = :4.47e-01; Runtime: 18.0s; Iterations = 100, grads =   7.934e-03, unitary_metric = 0.99999
Error = :8.98e-02; Runtime: 21.8s; Iterations = 120, grads =   1.782e-02, unitary_metric = 0.99999
Error = :4.72e-03; Runtime: 25.2s; Iterations = 140, grads =   4.480e-03, unitary_metric = 0.99998
Error = :9.85e-04; Runtime: 28.4s; Iterations = 159, grads =   5.889e-04, unitary_metric = 0.99999
data saved at: /project/ftchong/qoc/yongshan/00006_05_flexErdosRenyiN6p7_slice_9.h5


trying total_time: 9.0 for unitary of size (16, 16)
data saved at: /project/ftchong/qoc/yongshan/00007_05_flexErdosRenyiN6p7_slice_9.h5
Using 7 Taylor terms and 2 Scaling & Squaring terms
Building graph:
Propagators initialized.
Operators weight initialized.
Intermediate propagation variables initialized.
Intermediate propagators initialized.
Vectors initialized.
Training loss initialized.
Optimizer initialized.
Utilities initialized.
Graph built!
Initialized
Error = :8.91e-01; Runtime: 0.3s; Iterations = 0, grads =   7.430e-02, unitary_metric = 1.00000
Error = :8.31e-01; Runtime: 3.7s; Iterations = 20, grads =   1.567e-02, unitary_metric = 1.00000
Error = :7.84e-01; Runtime: 6.5s; Iterations = 40, grads =   1.078e-02, unitary_metric = 1.00000
Error = :6.62e-01; Runtime: 9.4s; Iterations = 60, grads =   9.895e-03, unitary_metric = 1.00000
Error = :6.52e-01; Runtime: 12.2s; Iterations = 80, grads =   8.188e-05, unitary_metric = 1.00000
Error = :6.48e-01; Runtime: 15.1s; Iterations = 100, grads =   1.139e-04, unitary_metric = 1.00000
Error = :5.64e-01; Runtime: 18.2s; Iterations = 120, grads =   4.097e-03, unitary_metric = 1.00000
Error = :3.32e-01; Runtime: 21.0s; Iterations = 140, grads =   2.343e-03, unitary_metric = 0.99999
Error = :1.61e-01; Runtime: 23.9s; Iterations = 160, grads =   1.028e-02, unitary_metric = 0.99999
Error = :5.00e-03; Runtime: 26.7s; Iterations = 180, grads =   3.297e-03, unitary_metric = 0.99998
Error = :9.30e-04; Runtime: 29.6s; Iterations = 200, grads =   3.520e-04, unitary_metric = 0.99998
data saved at: /project/ftchong/qoc/yongshan/00007_05_flexErdosRenyiN6p7_slice_9.h5


trying total_time: 8.1 for unitary of size (16, 16)
data saved at: /project/ftchong/qoc/yongshan/00008_05_flexErdosRenyiN6p7_slice_9.h5
Using 7 Taylor terms and 2 Scaling & Squaring terms
Building graph:
Propagators initialized.
Operators weight initialized.
Intermediate propagation variables initialized.
Intermediate propagators initialized.
Vectors initialized.
Training loss initialized.
Optimizer initialized.
Utilities initialized.
Graph built!
Initialized
Error = :8.87e-01; Runtime: 0.3s; Iterations = 0, grads =   2.750e-02, unitary_metric = 1.00000
Error = :8.32e-01; Runtime: 3.3s; Iterations = 20, grads =   1.319e-02, unitary_metric = 1.00000
Error = :8.08e-01; Runtime: 5.8s; Iterations = 40, grads =   5.640e-03, unitary_metric = 1.00000
Error = :6.68e-01; Runtime: 8.4s; Iterations = 60, grads =   4.946e-03, unitary_metric = 1.00000
Error = :6.34e-01; Runtime: 10.9s; Iterations = 80, grads =   7.170e-04, unitary_metric = 1.00000
Error = :3.81e-01; Runtime: 13.5s; Iterations = 100, grads =   1.566e-03, unitary_metric = 0.99999
Error = :3.05e-01; Runtime: 16.3s; Iterations = 120, grads =   2.392e-03, unitary_metric = 0.99999
Error = :9.12e-03; Runtime: 18.9s; Iterations = 140, grads =   4.124e-03, unitary_metric = 0.99998
Error = :2.35e-03; Runtime: 21.4s; Iterations = 160, grads =   1.353e-03, unitary_metric = 0.99998
Error = :8.57e-04; Runtime: 22.7s; Iterations = 170, grads =   2.345e-04, unitary_metric = 0.99998
data saved at: /project/ftchong/qoc/yongshan/00008_05_flexErdosRenyiN6p7_slice_9.h5


trying total_time: 7.65 for unitary of size (16, 16)
data saved at: /project/ftchong/qoc/yongshan/00009_05_flexErdosRenyiN6p7_slice_9.h5
Using 7 Taylor terms and 2 Scaling & Squaring terms
Building graph:
Propagators initialized.
Operators weight initialized.
Intermediate propagation variables initialized.
Intermediate propagators initialized.
Vectors initialized.
Training loss initialized.
Optimizer initialized.
Utilities initialized.
Graph built!
Initialized
Error = :8.77e-01; Runtime: 0.2s; Iterations = 0, grads =   1.703e-02, unitary_metric = 1.00000
Error = :8.32e-01; Runtime: 3.1s; Iterations = 20, grads =   1.364e-02, unitary_metric = 1.00000
Error = :8.15e-01; Runtime: 5.5s; Iterations = 40, grads =   1.844e-03, unitary_metric = 1.00000
Error = :6.90e-01; Runtime: 7.9s; Iterations = 60, grads =   4.566e-03, unitary_metric = 1.00000
Error = :6.53e-01; Runtime: 10.3s; Iterations = 80, grads =   6.918e-04, unitary_metric = 1.00000
Error = :6.47e-01; Runtime: 12.7s; Iterations = 100, grads =   2.589e-04, unitary_metric = 0.99999
Error = :4.51e-01; Runtime: 15.4s; Iterations = 120, grads =   4.849e-03, unitary_metric = 0.99999
Error = :3.28e-01; Runtime: 17.8s; Iterations = 140, grads =   8.279e-04, unitary_metric = 0.99999
Error = :5.99e-02; Runtime: 20.2s; Iterations = 160, grads =   3.246e-03, unitary_metric = 0.99998
Error = :1.15e-02; Runtime: 22.6s; Iterations = 180, grads =   4.397e-04, unitary_metric = 0.99998
Error = :5.77e-03; Runtime: 25.0s; Iterations = 200, grads =   6.789e-03, unitary_metric = 0.99998
Error = :3.26e-03; Runtime: 27.7s; Iterations = 220, grads =   1.551e-04, unitary_metric = 0.99997
Error = :2.34e-03; Runtime: 30.1s; Iterations = 240, grads =   1.605e-04, unitary_metric = 0.99998
Error = :1.77e-03; Runtime: 32.9s; Iterations = 260, grads =   2.227e-05, unitary_metric = 0.99998
Error = :1.39e-03; Runtime: 35.3s; Iterations = 280, grads =   3.775e-06, unitary_metric = 0.99998
Error = :2.24e-03; Runtime: 37.8s; Iterations = 300, grads =   1.215e-02, unitary_metric = 0.99998
Error = :9.73e-04; Runtime: 40.3s; Iterations = 319, grads =   3.038e-04, unitary_metric = 0.99998
data saved at: /project/ftchong/qoc/yongshan/00009_05_flexErdosRenyiN6p7_slice_9.h5


trying total_time: 7.4 for unitary of size (16, 16)
data saved at: /project/ftchong/qoc/yongshan/00010_05_flexErdosRenyiN6p7_slice_9.h5
Using 7 Taylor terms and 2 Scaling & Squaring terms
Building graph:
Propagators initialized.
Operators weight initialized.
Intermediate propagation variables initialized.
Intermediate propagators initialized.
Vectors initialized.
Training loss initialized.
Optimizer initialized.
Utilities initialized.
Graph built!
Initialized
Error = :9.26e-01; Runtime: 0.2s; Iterations = 0, grads =   1.177e-01, unitary_metric = 1.00000
Error = :8.33e-01; Runtime: 3.0s; Iterations = 20, grads =   1.826e-02, unitary_metric = 1.00000
Error = :8.24e-01; Runtime: 5.3s; Iterations = 40, grads =   2.203e-03, unitary_metric = 1.00000
Error = :7.43e-01; Runtime: 7.7s; Iterations = 60, grads =   6.115e-03, unitary_metric = 1.00000
Error = :6.65e-01; Runtime: 10.0s; Iterations = 80, grads =   3.704e-04, unitary_metric = 0.99999
Error = :6.53e-01; Runtime: 12.4s; Iterations = 100, grads =   4.075e-04, unitary_metric = 1.00000
Error = :6.44e-01; Runtime: 15.0s; Iterations = 120, grads =   3.307e-04, unitary_metric = 1.00000
Error = :5.58e-01; Runtime: 17.4s; Iterations = 140, grads =   3.351e-04, unitary_metric = 0.99999
Error = :4.96e-01; Runtime: 19.7s; Iterations = 160, grads =   5.403e-04, unitary_metric = 0.99999
Error = :1.70e-01; Runtime: 22.0s; Iterations = 180, grads =   5.036e-03, unitary_metric = 0.99999
Error = :4.95e-02; Runtime: 24.4s; Iterations = 200, grads =   4.971e-03, unitary_metric = 0.99998
Error = :1.83e-02; Runtime: 27.0s; Iterations = 220, grads =   9.657e-04, unitary_metric = 0.99999
Error = :1.14e-02; Runtime: 29.3s; Iterations = 240, grads =   1.744e-04, unitary_metric = 0.99998
Error = :8.47e-03; Runtime: 31.7s; Iterations = 260, grads =   4.275e-05, unitary_metric = 0.99999
Error = :6.92e-03; Runtime: 34.0s; Iterations = 280, grads =   1.734e-05, unitary_metric = 0.99999
Error = :5.95e-03; Runtime: 36.4s; Iterations = 300, grads =   1.228e-05, unitary_metric = 0.99999
Error = :5.66e-03; Runtime: 38.9s; Iterations = 320, grads =   4.093e-03, unitary_metric = 0.99999
Error = :4.81e-03; Runtime: 41.3s; Iterations = 340, grads =   2.225e-04, unitary_metric = 0.99999
Error = :4.42e-03; Runtime: 43.6s; Iterations = 360, grads =   5.114e-05, unitary_metric = 0.99999
Error = :4.12e-03; Runtime: 46.0s; Iterations = 380, grads =   1.225e-05, unitary_metric = 0.99998
Error = :3.87e-03; Runtime: 48.3s; Iterations = 400, grads =   2.762e-06, unitary_metric = 0.99998
Error = :3.66e-03; Runtime: 50.9s; Iterations = 420, grads =   2.340e-06, unitary_metric = 0.99999
Error = :3.51e-03; Runtime: 53.2s; Iterations = 440, grads =   3.597e-04, unitary_metric = 0.99998
Error = :3.44e-03; Runtime: 55.6s; Iterations = 460, grads =   1.258e-03, unitary_metric = 0.99998
Error = :3.21e-03; Runtime: 57.9s; Iterations = 480, grads =   2.133e-04, unitary_metric = 0.99998
Error = :3.07e-03; Runtime: 60.3s; Iterations = 500, grads =   6.894e-06, unitary_metric = 0.99998
Error = :2.97e-03; Runtime: 62.8s; Iterations = 520, grads =   4.191e-06, unitary_metric = 0.99998
Error = :2.89e-03; Runtime: 65.1s; Iterations = 540, grads =   8.684e-07, unitary_metric = 0.99998
Error = :2.81e-03; Runtime: 67.5s; Iterations = 560, grads =   7.911e-07, unitary_metric = 0.99998
Error = :2.75e-03; Runtime: 69.8s; Iterations = 580, grads =   6.975e-07, unitary_metric = 0.99998
Error = :2.69e-03; Runtime: 72.2s; Iterations = 600, grads =   6.131e-07, unitary_metric = 0.99998
Error = :2.65e-03; Runtime: 74.7s; Iterations = 620, grads =   3.181e-05, unitary_metric = 0.99998
Error = :2.63e-03; Runtime: 77.1s; Iterations = 640, grads =   2.840e-04, unitary_metric = 0.99998
Error = :2.56e-03; Runtime: 79.4s; Iterations = 660, grads =   7.120e-06, unitary_metric = 0.99998
Error = :2.52e-03; Runtime: 81.7s; Iterations = 680, grads =   1.009e-05, unitary_metric = 0.99998
Error = :2.49e-03; Runtime: 84.1s; Iterations = 700, grads =   3.908e-07, unitary_metric = 0.99998
Error = :2.46e-03; Runtime: 86.6s; Iterations = 720, grads =   1.183e-06, unitary_metric = 0.99998
Error = :2.43e-03; Runtime: 89.0s; Iterations = 740, grads =   3.452e-07, unitary_metric = 0.99998
Error = :2.40e-03; Runtime: 91.3s; Iterations = 760, grads =   3.103e-07, unitary_metric = 0.99998
Error = :2.38e-03; Runtime: 93.7s; Iterations = 780, grads =   2.945e-07, unitary_metric = 0.99998
Error = :2.38e-03; Runtime: 96.0s; Iterations = 800, grads =   2.106e-04, unitary_metric = 0.99998
Error = :2.56e-03; Runtime: 98.6s; Iterations = 820, grads =   2.310e-03, unitary_metric = 0.99998
Error = :2.33e-03; Runtime: 100.9s; Iterations = 840, grads =   3.823e-05, unitary_metric = 0.99998
Error = :2.31e-03; Runtime: 103.3s; Iterations = 860, grads =   7.112e-06, unitary_metric = 0.99998
Error = :2.33e-03; Runtime: 105.8s; Iterations = 880, grads =   4.197e-04, unitary_metric = 0.99998
Error = :2.28e-03; Runtime: 108.2s; Iterations = 900, grads =   4.430e-07, unitary_metric = 0.99998
Error = :2.28e-03; Runtime: 110.7s; Iterations = 920, grads =   3.380e-05, unitary_metric = 0.99998
Error = :2.26e-03; Runtime: 113.0s; Iterations = 940, grads =   1.739e-05, unitary_metric = 0.99998
Error = :2.26e-03; Runtime: 115.4s; Iterations = 960, grads =   6.127e-07, unitary_metric = 0.99998
Error = :2.25e-03; Runtime: 117.7s; Iterations = 980, grads =   2.198e-07, unitary_metric = 0.99998
Error = :2.24e-03; Runtime: 120.1s; Iterations = 1000, grads =   2.260e-07, unitary_metric = 0.99998
Error = :2.24e-03; Runtime: 122.6s; Iterations = 1020, grads =   1.807e-07, unitary_metric = 0.99998
Error = :2.24e-03; Runtime: 124.9s; Iterations = 1040, grads =   1.748e-07, unitary_metric = 0.99998
Error = :2.23e-03; Runtime: 127.3s; Iterations = 1060, grads =   2.764e-06, unitary_metric = 0.99998
Error = :2.66e-03; Runtime: 129.6s; Iterations = 1080, grads =   4.649e-03, unitary_metric = 0.99998
Error = :2.27e-03; Runtime: 132.0s; Iterations = 1100, grads =   4.395e-04, unitary_metric = 0.99998
Error = :2.25e-03; Runtime: 134.5s; Iterations = 1120, grads =   3.335e-04, unitary_metric = 0.99998
Error = :2.25e-03; Runtime: 136.8s; Iterations = 1140, grads =   4.737e-04, unitary_metric = 0.99998
Error = :2.20e-03; Runtime: 139.2s; Iterations = 1160, grads =   4.581e-05, unitary_metric = 0.99998
Error = :2.19e-03; Runtime: 141.5s; Iterations = 1180, grads =   5.626e-07, unitary_metric = 0.99998
Error = :2.17e-03; Runtime: 143.9s; Iterations = 1200, grads =   1.173e-06, unitary_metric = 0.99998
Error = :2.15e-03; Runtime: 146.4s; Iterations = 1220, grads =   2.700e-07, unitary_metric = 0.99998
Error = :2.12e-03; Runtime: 148.8s; Iterations = 1240, grads =   2.563e-07, unitary_metric = 0.99998
Error = :2.10e-03; Runtime: 151.1s; Iterations = 1260, grads =   2.679e-05, unitary_metric = 0.99998
Error = :2.10e-03; Runtime: 153.4s; Iterations = 1280, grads =   2.115e-04, unitary_metric = 0.99998
Error = :2.07e-03; Runtime: 155.8s; Iterations = 1300, grads =   1.913e-04, unitary_metric = 0.99998
Error = :2.03e-03; Runtime: 158.4s; Iterations = 1320, grads =   4.026e-06, unitary_metric = 0.99998
Error = :2.02e-03; Runtime: 160.7s; Iterations = 1340, grads =   3.550e-05, unitary_metric = 0.99998
Error = :2.00e-03; Runtime: 163.0s; Iterations = 1360, grads =   5.279e-06, unitary_metric = 0.99998
Error = :1.98e-03; Runtime: 165.4s; Iterations = 1380, grads =   1.254e-05, unitary_metric = 0.99998
Error = :2.01e-03; Runtime: 167.7s; Iterations = 1400, grads =   5.039e-04, unitary_metric = 0.99998
Error = :1.98e-03; Runtime: 170.3s; Iterations = 1420, grads =   2.543e-04, unitary_metric = 0.99998
Error = :1.94e-03; Runtime: 172.6s; Iterations = 1440, grads =   2.398e-06, unitary_metric = 0.99998
Error = :1.93e-03; Runtime: 175.0s; Iterations = 1460, grads =   5.032e-06, unitary_metric = 0.99998
Error = :1.93e-03; Runtime: 177.3s; Iterations = 1480, grads =   1.739e-05, unitary_metric = 0.99998
Error = :1.94e-03; Runtime: 179.6s; Iterations = 1500, grads =   2.272e-04, unitary_metric = 0.99998
Error = :2.06e-03; Runtime: 182.2s; Iterations = 1520, grads =   1.569e-03, unitary_metric = 0.99998
Error = :1.92e-03; Runtime: 184.5s; Iterations = 1540, grads =   1.871e-04, unitary_metric = 0.99998
Error = :1.90e-03; Runtime: 186.9s; Iterations = 1560, grads =   4.399e-05, unitary_metric = 0.99998
Error = :1.89e-03; Runtime: 189.2s; Iterations = 1580, grads =   6.957e-06, unitary_metric = 0.99998
Error = :1.88e-03; Runtime: 191.5s; Iterations = 1600, grads =   2.434e-06, unitary_metric = 0.99998
Error = :1.88e-03; Runtime: 194.1s; Iterations = 1620, grads =   2.501e-07, unitary_metric = 0.99998
Error = :1.87e-03; Runtime: 196.4s; Iterations = 1640, grads =   1.456e-07, unitary_metric = 0.99998
Error = :1.87e-03; Runtime: 198.8s; Iterations = 1660, grads =   1.757e-07, unitary_metric = 0.99998
Error = :1.87e-03; Runtime: 201.1s; Iterations = 1680, grads =   1.099e-05, unitary_metric = 0.99998
Error = :2.02e-03; Runtime: 203.5s; Iterations = 1700, grads =   1.636e-03, unitary_metric = 0.99998
Error = :1.88e-03; Runtime: 206.0s; Iterations = 1720, grads =   1.569e-04, unitary_metric = 0.99998
Error = :1.86e-03; Runtime: 208.4s; Iterations = 1740, grads =   5.540e-06, unitary_metric = 0.99998
Error = :1.87e-03; Runtime: 210.7s; Iterations = 1760, grads =   2.525e-06, unitary_metric = 0.99998
Error = :1.87e-03; Runtime: 213.0s; Iterations = 1780, grads =   1.783e-06, unitary_metric = 0.99998
Error = :1.87e-03; Runtime: 215.4s; Iterations = 1800, grads =   1.134e-07, unitary_metric = 0.99998
Error = :1.88e-03; Runtime: 217.9s; Iterations = 1820, grads =   8.768e-06, unitary_metric = 0.99998
Error = :2.17e-03; Runtime: 220.3s; Iterations = 1840, grads =   2.574e-03, unitary_metric = 0.99998
Error = :1.90e-03; Runtime: 222.6s; Iterations = 1860, grads =   3.784e-06, unitary_metric = 0.99998
Error = :1.91e-03; Runtime: 225.1s; Iterations = 1880, grads =   3.292e-05, unitary_metric = 0.99998
Error = :2.01e-03; Runtime: 227.4s; Iterations = 1900, grads =   9.038e-04, unitary_metric = 0.99998
Error = :2.09e-03; Runtime: 230.0s; Iterations = 1920, grads =   1.628e-03, unitary_metric = 0.99998
Error = :1.99e-03; Runtime: 232.3s; Iterations = 1940, grads =   3.232e-04, unitary_metric = 0.99998
Error = :1.98e-03; Runtime: 234.6s; Iterations = 1960, grads =   1.796e-06, unitary_metric = 0.99998
Error = :1.99e-03; Runtime: 237.0s; Iterations = 1980, grads =   4.456e-06, unitary_metric = 0.99998
Error = :2.01e-03; Runtime: 239.3s; Iterations = 2000, grads =   4.926e-07, unitary_metric = 0.99998
Error = :2.02e-03; Runtime: 241.9s; Iterations = 2020, grads =   1.868e-07, unitary_metric = 0.99998
Error = :2.01e-03; Runtime: 244.2s; Iterations = 2040, grads =   1.765e-07, unitary_metric = 0.99998
Error = :2.01e-03; Runtime: 246.6s; Iterations = 2060, grads =   1.769e-07, unitary_metric = 0.99998
Error = :1.99e-03; Runtime: 248.9s; Iterations = 2080, grads =   7.161e-07, unitary_metric = 0.99998
Error = :2.01e-03; Runtime: 251.3s; Iterations = 2100, grads =   3.425e-04, unitary_metric = 0.99998
Error = :1.99e-03; Runtime: 253.8s; Iterations = 2120, grads =   3.579e-04, unitary_metric = 0.99998
Error = :1.94e-03; Runtime: 256.2s; Iterations = 2140, grads =   2.457e-05, unitary_metric = 0.99998
Error = :2.06e-03; Runtime: 258.5s; Iterations = 2160, grads =   1.557e-03, unitary_metric = 0.99998
Error = :2.03e-03; Runtime: 260.8s; Iterations = 2180, grads =   1.315e-03, unitary_metric = 0.99998
Error = :1.90e-03; Runtime: 263.2s; Iterations = 2200, grads =   8.588e-05, unitary_metric = 0.99998
Error = :1.88e-03; Runtime: 266.1s; Iterations = 2220, grads =   1.452e-05, unitary_metric = 0.99998
Error = :1.87e-03; Runtime: 268.4s; Iterations = 2240, grads =   7.580e-07, unitary_metric = 0.99998
Error = :1.86e-03; Runtime: 270.8s; Iterations = 2260, grads =   1.736e-07, unitary_metric = 0.99998
Error = :1.85e-03; Runtime: 273.1s; Iterations = 2280, grads =   1.116e-07, unitary_metric = 0.99998
Error = :1.84e-03; Runtime: 275.5s; Iterations = 2300, grads =   7.939e-08, unitary_metric = 0.99998
Error = :1.83e-03; Runtime: 278.0s; Iterations = 2320, grads =   6.356e-08, unitary_metric = 0.99999
Error = :1.82e-03; Runtime: 280.4s; Iterations = 2340, grads =   6.571e-08, unitary_metric = 0.99998
Error = :1.82e-03; Runtime: 282.7s; Iterations = 2360, grads =   6.908e-07, unitary_metric = 0.99998
Error = :1.86e-03; Runtime: 285.1s; Iterations = 2380, grads =   4.230e-04, unitary_metric = 0.99998
Error = :1.82e-03; Runtime: 287.4s; Iterations = 2400, grads =   1.051e-04, unitary_metric = 0.99998
Error = :1.82e-03; Runtime: 289.9s; Iterations = 2420, grads =   2.270e-04, unitary_metric = 0.99998
Error = :1.79e-03; Runtime: 292.3s; Iterations = 2440, grads =   6.418e-06, unitary_metric = 0.99998
Error = :1.79e-03; Runtime: 294.6s; Iterations = 2460, grads =   1.052e-06, unitary_metric = 0.99998
Error = :1.78e-03; Runtime: 297.0s; Iterations = 2480, grads =   2.982e-06, unitary_metric = 0.99999
Error = :1.78e-03; Runtime: 299.3s; Iterations = 2500, grads =   1.552e-06, unitary_metric = 0.99998
Error = :1.78e-03; Runtime: 301.9s; Iterations = 2520, grads =   4.467e-05, unitary_metric = 0.99998
Error = :1.78e-03; Runtime: 304.2s; Iterations = 2540, grads =   1.004e-04, unitary_metric = 0.99998
Error = :1.77e-03; Runtime: 306.6s; Iterations = 2560, grads =   3.614e-05, unitary_metric = 0.99998
Error = :1.77e-03; Runtime: 308.9s; Iterations = 2580, grads =   5.823e-07, unitary_metric = 0.99998
Error = :1.76e-03; Runtime: 311.3s; Iterations = 2600, grads =   4.942e-06, unitary_metric = 0.99998
Error = :1.80e-03; Runtime: 313.9s; Iterations = 2620, grads =   4.748e-04, unitary_metric = 0.99998
Error = :1.76e-03; Runtime: 316.2s; Iterations = 2640, grads =   3.205e-05, unitary_metric = 0.99998
Error = :1.75e-03; Runtime: 318.6s; Iterations = 2660, grads =   1.387e-05, unitary_metric = 0.99999
Error = :1.77e-03; Runtime: 320.9s; Iterations = 2680, grads =   2.313e-04, unitary_metric = 0.99999
Error = :1.83e-03; Runtime: 323.2s; Iterations = 2700, grads =   8.674e-04, unitary_metric = 0.99998
Error = :1.75e-03; Runtime: 325.9s; Iterations = 2720, grads =   3.193e-05, unitary_metric = 0.99998
Error = :1.74e-03; Runtime: 328.2s; Iterations = 2740, grads =   1.355e-06, unitary_metric = 0.99998
Error = :1.74e-03; Runtime: 330.5s; Iterations = 2760, grads =   1.055e-06, unitary_metric = 0.99998
Error = :1.74e-03; Runtime: 332.9s; Iterations = 2780, grads =   3.735e-07, unitary_metric = 0.99998
Error = :1.74e-03; Runtime: 335.2s; Iterations = 2800, grads =   2.233e-05, unitary_metric = 0.99998
Error = :1.75e-03; Runtime: 337.8s; Iterations = 2820, grads =   1.208e-04, unitary_metric = 0.99998
Error = :1.74e-03; Runtime: 340.1s; Iterations = 2840, grads =   3.427e-05, unitary_metric = 0.99998
Error = :1.75e-03; Runtime: 342.5s; Iterations = 2860, grads =   1.413e-04, unitary_metric = 0.99998
Error = :1.73e-03; Runtime: 344.8s; Iterations = 2880, grads =   5.343e-06, unitary_metric = 0.99998
Error = :1.73e-03; Runtime: 347.2s; Iterations = 2900, grads =   1.172e-07, unitary_metric = 0.99998
Error = :1.73e-03; Runtime: 349.7s; Iterations = 2920, grads =   1.563e-06, unitary_metric = 0.99998
Error = :1.72e-03; Runtime: 352.0s; Iterations = 2940, grads =   3.903e-06, unitary_metric = 0.99998
Error = :1.86e-03; Runtime: 354.4s; Iterations = 2960, grads =   1.192e-03, unitary_metric = 0.99998
Error = :1.78e-03; Runtime: 356.7s; Iterations = 2980, grads =   5.330e-04, unitary_metric = 0.99998
Error = :1.73e-03; Runtime: 359.1s; Iterations = 3000, grads =   4.335e-05, unitary_metric = 0.99998
Error = :1.73e-03; Runtime: 361.6s; Iterations = 3020, grads =   1.464e-04, unitary_metric = 0.99998
Error = :1.72e-03; Runtime: 364.0s; Iterations = 3040, grads =   1.635e-05, unitary_metric = 0.99998
Error = :1.72e-03; Runtime: 366.3s; Iterations = 3060, grads =   3.317e-06, unitary_metric = 0.99998
Error = :1.72e-03; Runtime: 368.7s; Iterations = 3080, grads =   1.904e-07, unitary_metric = 0.99998
Error = :1.72e-03; Runtime: 371.0s; Iterations = 3100, grads =   1.210e-06, unitary_metric = 0.99999
Error = :1.72e-03; Runtime: 373.6s; Iterations = 3120, grads =   3.897e-05, unitary_metric = 0.99998
Error = :1.73e-03; Runtime: 375.9s; Iterations = 3140, grads =   1.698e-04, unitary_metric = 0.99998
Error = :1.72e-03; Runtime: 378.3s; Iterations = 3160, grads =   8.959e-05, unitary_metric = 0.99998
Error = :1.71e-03; Runtime: 380.6s; Iterations = 3180, grads =   1.798e-06, unitary_metric = 0.99998
Error = :1.71e-03; Runtime: 383.0s; Iterations = 3200, grads =   1.452e-06, unitary_metric = 0.99998
Error = :1.71e-03; Runtime: 385.5s; Iterations = 3220, grads =   3.270e-07, unitary_metric = 0.99998
Error = :1.71e-03; Runtime: 387.9s; Iterations = 3240, grads =   1.619e-05, unitary_metric = 0.99999
Error = :1.72e-03; Runtime: 390.2s; Iterations = 3260, grads =   4.781e-05, unitary_metric = 0.99998
Error = :1.71e-03; Runtime: 392.6s; Iterations = 3280, grads =   5.464e-05, unitary_metric = 0.99998
Error = :1.74e-03; Runtime: 394.9s; Iterations = 3300, grads =   3.293e-04, unitary_metric = 0.99998
Error = :1.74e-03; Runtime: 397.5s; Iterations = 3320, grads =   3.172e-04, unitary_metric = 0.99998
Error = :1.71e-03; Runtime: 399.8s; Iterations = 3340, grads =   1.537e-05, unitary_metric = 0.99998
Error = :1.71e-03; Runtime: 402.2s; Iterations = 3360, grads =   1.545e-06, unitary_metric = 0.99998
Error = :1.71e-03; Runtime: 404.5s; Iterations = 3380, grads =   5.098e-07, unitary_metric = 0.99998
Error = :1.71e-03; Runtime: 406.9s; Iterations = 3400, grads =   6.755e-08, unitary_metric = 0.99998
Error = :1.71e-03; Runtime: 409.4s; Iterations = 3420, grads =   1.301e-08, unitary_metric = 0.99998
Error = :1.70e-03; Runtime: 411.7s; Iterations = 3440, grads =   1.694e-08, unitary_metric = 0.99998
Error = :1.70e-03; Runtime: 414.1s; Iterations = 3460, grads =   2.245e-08, unitary_metric = 0.99998
Error = :1.70e-03; Runtime: 416.4s; Iterations = 3480, grads =   7.449e-07, unitary_metric = 0.99998
Error = :1.72e-03; Runtime: 418.8s; Iterations = 3500, grads =   1.639e-04, unitary_metric = 0.99998
Error = :1.74e-03; Runtime: 421.3s; Iterations = 3520, grads =   4.122e-04, unitary_metric = 0.99999
Error = :1.71e-03; Runtime: 423.7s; Iterations = 3540, grads =   5.182e-05, unitary_metric = 0.99998
Error = :1.73e-03; Runtime: 426.0s; Iterations = 3560, grads =   2.665e-04, unitary_metric = 0.99998
Error = :1.71e-03; Runtime: 428.4s; Iterations = 3580, grads =   7.508e-05, unitary_metric = 0.99998
Error = :1.70e-03; Runtime: 430.7s; Iterations = 3600, grads =   6.296e-06, unitary_metric = 0.99998
Error = :1.70e-03; Runtime: 433.3s; Iterations = 3620, grads =   1.031e-06, unitary_metric = 0.99998
Error = :1.70e-03; Runtime: 435.6s; Iterations = 3640, grads =   2.966e-07, unitary_metric = 0.99998
Error = :1.70e-03; Runtime: 438.0s; Iterations = 3660, grads =   2.920e-08, unitary_metric = 0.99998
Error = :1.70e-03; Runtime: 440.3s; Iterations = 3680, grads =   1.755e-08, unitary_metric = 0.99998
Error = :1.70e-03; Runtime: 442.7s; Iterations = 3700, grads =   1.818e-08, unitary_metric = 0.99998
Error = :1.70e-03; Runtime: 445.3s; Iterations = 3720, grads =   1.801e-07, unitary_metric = 0.99998
Error = :1.70e-03; Runtime: 447.6s; Iterations = 3740, grads =   2.357e-05, unitary_metric = 0.99998
Error = :1.71e-03; Runtime: 450.0s; Iterations = 3760, grads =   1.487e-04, unitary_metric = 0.99998
Error = :1.70e-03; Runtime: 452.3s; Iterations = 3780, grads =   2.098e-05, unitary_metric = 0.99998
Error = :1.70e-03; Runtime: 454.6s; Iterations = 3800, grads =   1.535e-05, unitary_metric = 0.99998
Error = :1.72e-03; Runtime: 457.2s; Iterations = 3820, grads =   2.160e-04, unitary_metric = 0.99999
Error = :1.70e-03; Runtime: 459.5s; Iterations = 3840, grads =   3.618e-05, unitary_metric = 0.99998
Error = :1.70e-03; Runtime: 461.9s; Iterations = 3860, grads =   5.147e-06, unitary_metric = 0.99998
Error = :1.70e-03; Runtime: 464.2s; Iterations = 3880, grads =   4.065e-07, unitary_metric = 0.99998
Error = :1.70e-03; Runtime: 466.7s; Iterations = 3900, grads =   1.470e-08, unitary_metric = 0.99998
Error = :1.70e-03; Runtime: 469.3s; Iterations = 3920, grads =   1.954e-08, unitary_metric = 0.99998
Error = :1.69e-03; Runtime: 471.6s; Iterations = 3940, grads =   9.107e-09, unitary_metric = 0.99998
Error = :1.70e-03; Runtime: 473.9s; Iterations = 3960, grads =   1.904e-08, unitary_metric = 0.99998
Error = :1.69e-03; Runtime: 476.3s; Iterations = 3980, grads =   3.874e-07, unitary_metric = 0.99998
Error = :1.70e-03; Runtime: 478.6s; Iterations = 4000, grads =   9.280e-05, unitary_metric = 0.99999
Error = :1.71e-03; Runtime: 481.3s; Iterations = 4020, grads =   1.585e-04, unitary_metric = 0.99998
Error = :1.70e-03; Runtime: 483.6s; Iterations = 4040, grads =   8.229e-05, unitary_metric = 0.99998
Error = :1.70e-03; Runtime: 486.0s; Iterations = 4060, grads =   5.453e-05, unitary_metric = 0.99998
Error = :1.69e-03; Runtime: 488.3s; Iterations = 4080, grads =   1.262e-06, unitary_metric = 0.99998
Error = :1.69e-03; Runtime: 490.7s; Iterations = 4100, grads =   4.226e-07, unitary_metric = 0.99998
Error = :1.69e-03; Runtime: 493.3s; Iterations = 4120, grads =   3.241e-07, unitary_metric = 0.99999
Error = :1.69e-03; Runtime: 495.7s; Iterations = 4140, grads =   5.645e-09, unitary_metric = 0.99998
Error = :1.69e-03; Runtime: 498.0s; Iterations = 4160, grads =   1.263e-08, unitary_metric = 0.99998
Error = :1.69e-03; Runtime: 500.4s; Iterations = 4180, grads =   6.354e-09, unitary_metric = 0.99998
Error = :1.69e-03; Runtime: 502.7s; Iterations = 4200, grads =   1.215e-08, unitary_metric = 0.99998
Error = :1.69e-03; Runtime: 505.4s; Iterations = 4220, grads =   3.991e-08, unitary_metric = 0.99999
Error = :1.69e-03; Runtime: 507.7s; Iterations = 4240, grads =   8.898e-07, unitary_metric = 0.99998
Error = :1.71e-03; Runtime: 510.1s; Iterations = 4260, grads =   1.524e-04, unitary_metric = 0.99998
Error = :1.75e-03; Runtime: 512.4s; Iterations = 4280, grads =   5.309e-04, unitary_metric = 0.99999
Error = :1.70e-03; Runtime: 514.8s; Iterations = 4300, grads =   4.877e-05, unitary_metric = 0.99998
Error = :1.69e-03; Runtime: 517.3s; Iterations = 4320, grads =   5.457e-06, unitary_metric = 0.99998
Error = :1.69e-03; Runtime: 519.7s; Iterations = 4340, grads =   1.524e-07, unitary_metric = 0.99998
Error = :1.69e-03; Runtime: 522.0s; Iterations = 4360, grads =   9.222e-08, unitary_metric = 0.99998
Error = :1.69e-03; Runtime: 524.4s; Iterations = 4380, grads =   1.258e-08, unitary_metric = 0.99999
Error = :1.69e-03; Runtime: 526.7s; Iterations = 4400, grads =   6.568e-09, unitary_metric = 0.99999
Error = :1.69e-03; Runtime: 529.3s; Iterations = 4420, grads =   4.741e-09, unitary_metric = 0.99998
Error = :1.69e-03; Runtime: 531.7s; Iterations = 4440, grads =   7.839e-09, unitary_metric = 0.99998
Error = :1.69e-03; Runtime: 534.0s; Iterations = 4460, grads =   2.816e-08, unitary_metric = 0.99998
Error = :1.69e-03; Runtime: 536.4s; Iterations = 4480, grads =   9.607e-07, unitary_metric = 0.99998
Error = :1.71e-03; Runtime: 538.8s; Iterations = 4500, grads =   1.662e-04, unitary_metric = 0.99998
Error = :1.74e-03; Runtime: 541.3s; Iterations = 4520, grads =   4.522e-04, unitary_metric = 0.99998
Error = :1.70e-03; Runtime: 543.7s; Iterations = 4540, grads =   5.014e-05, unitary_metric = 0.99998
Error = :1.69e-03; Runtime: 546.0s; Iterations = 4560, grads =   4.619e-06, unitary_metric = 0.99998
Error = :1.69e-03; Runtime: 548.4s; Iterations = 4580, grads =   8.122e-07, unitary_metric = 0.99998
Error = :1.69e-03; Runtime: 550.7s; Iterations = 4600, grads =   9.771e-08, unitary_metric = 0.99998
Error = :1.69e-03; Runtime: 553.3s; Iterations = 4620, grads =   9.306e-09, unitary_metric = 0.99998
Error = :1.69e-03; Runtime: 555.6s; Iterations = 4640, grads =   4.829e-09, unitary_metric = 0.99998
Error = :1.69e-03; Runtime: 558.0s; Iterations = 4660, grads =   4.637e-09, unitary_metric = 0.99998
Error = :1.69e-03; Runtime: 560.3s; Iterations = 4680, grads =   4.852e-09, unitary_metric = 0.99998
Error = :1.69e-03; Runtime: 562.7s; Iterations = 4700, grads =   2.614e-08, unitary_metric = 0.99998
Error = :1.69e-03; Runtime: 565.2s; Iterations = 4720, grads =   3.514e-06, unitary_metric = 0.99998
Error = :1.70e-03; Runtime: 567.6s; Iterations = 4740, grads =   1.377e-04, unitary_metric = 0.99998
Error = :1.70e-03; Runtime: 569.9s; Iterations = 4760, grads =   5.542e-05, unitary_metric = 0.99998
Error = :1.69e-03; Runtime: 572.3s; Iterations = 4780, grads =   2.296e-05, unitary_metric = 0.99998
Error = :1.69e-03; Runtime: 574.6s; Iterations = 4800, grads =   7.951e-06, unitary_metric = 0.99998
Error = :1.69e-03; Runtime: 577.2s; Iterations = 4820, grads =   1.163e-07, unitary_metric = 0.99998
Error = :1.69e-03; Runtime: 579.5s; Iterations = 4840, grads =   9.833e-08, unitary_metric = 0.99998
Error = :1.69e-03; Runtime: 581.9s; Iterations = 4860, grads =   6.588e-09, unitary_metric = 0.99998
Error = :1.69e-03; Runtime: 584.2s; Iterations = 4880, grads =   1.734e-08, unitary_metric = 0.99998
Error = :1.69e-03; Runtime: 586.6s; Iterations = 4900, grads =   1.009e-08, unitary_metric = 0.99998
Error = :1.69e-03; Runtime: 589.2s; Iterations = 4920, grads =   3.267e-09, unitary_metric = 0.99998
Error = :1.69e-03; Runtime: 591.6s; Iterations = 4940, grads =   3.430e-09, unitary_metric = 0.99998
Error = :1.69e-03; Runtime: 593.9s; Iterations = 4960, grads =   7.097e-09, unitary_metric = 0.99999
Error = :1.69e-03; Runtime: 596.3s; Iterations = 4980, grads =   2.148e-07, unitary_metric = 0.99998
Error = :1.69e-03; Runtime: 598.6s; Iterations = 5000, grads =   4.666e-05, unitary_metric = 0.99998
Error = :1.70e-03; Runtime: 601.1s; Iterations = 5020, grads =   8.061e-05, unitary_metric = 0.99998
Error = :1.69e-03; Runtime: 603.5s; Iterations = 5040, grads =   2.445e-05, unitary_metric = 0.99998
Error = :1.71e-03; Runtime: 605.9s; Iterations = 5060, grads =   2.038e-04, unitary_metric = 0.99998
Error = :1.69e-03; Runtime: 608.2s; Iterations = 5080, grads =   3.748e-06, unitary_metric = 0.99998
Error = :1.69e-03; Runtime: 610.6s; Iterations = 5100, grads =   7.400e-08, unitary_metric = 0.99998
Error = :1.69e-03; Runtime: 613.1s; Iterations = 5120, grads =   1.944e-07, unitary_metric = 0.99998
Error = :1.69e-03; Runtime: 615.5s; Iterations = 5140, grads =   5.017e-08, unitary_metric = 0.99998
Error = :1.69e-03; Runtime: 617.8s; Iterations = 5160, grads =   8.229e-09, unitary_metric = 0.99998
Error = :1.69e-03; Runtime: 620.2s; Iterations = 5180, grads =   3.947e-08, unitary_metric = 0.99998
Error = :1.69e-03; Runtime: 622.5s; Iterations = 5200, grads =   3.385e-06, unitary_metric = 0.99998
Error = :1.70e-03; Runtime: 625.1s; Iterations = 5220, grads =   7.065e-05, unitary_metric = 0.99998
Error = :1.69e-03; Runtime: 627.4s; Iterations = 5240, grads =   6.322e-05, unitary_metric = 0.99998
Error = :1.69e-03; Runtime: 629.8s; Iterations = 5260, grads =   3.542e-06, unitary_metric = 0.99998
Error = :1.69e-03; Runtime: 632.1s; Iterations = 5280, grads =   1.802e-06, unitary_metric = 0.99998
Error = :1.71e-03; Runtime: 634.5s; Iterations = 5300, grads =   1.853e-04, unitary_metric = 0.99998
Error = :1.69e-03; Runtime: 637.0s; Iterations = 5320, grads =   9.505e-06, unitary_metric = 0.99998
Error = :1.69e-03; Runtime: 639.4s; Iterations = 5340, grads =   7.168e-07, unitary_metric = 0.99998
Error = :1.69e-03; Runtime: 641.7s; Iterations = 5360, grads =   1.066e-08, unitary_metric = 0.99998
Error = :1.69e-03; Runtime: 644.1s; Iterations = 5380, grads =   6.363e-07, unitary_metric = 0.99998
Error = :1.70e-03; Runtime: 646.4s; Iterations = 5400, grads =   1.185e-04, unitary_metric = 0.99998
Error = :1.69e-03; Runtime: 649.1s; Iterations = 5420, grads =   1.136e-05, unitary_metric = 0.99998
Error = :1.69e-03; Runtime: 651.4s; Iterations = 5440, grads =   1.270e-05, unitary_metric = 0.99998
Error = :1.69e-03; Runtime: 653.8s; Iterations = 5460, grads =   1.069e-06, unitary_metric = 0.99998
Error = :1.69e-03; Runtime: 656.1s; Iterations = 5480, grads =   3.482e-07, unitary_metric = 0.99998
Error = :1.69e-03; Runtime: 658.5s; Iterations = 5500, grads =   9.087e-08, unitary_metric = 0.99998
Error = :1.69e-03; Runtime: 661.0s; Iterations = 5520, grads =   2.774e-07, unitary_metric = 0.99998
Error = :1.69e-03; Runtime: 663.4s; Iterations = 5540, grads =   2.009e-05, unitary_metric = 0.99998
Error = :1.70e-03; Runtime: 665.7s; Iterations = 5560, grads =   6.983e-05, unitary_metric = 0.99998
Error = :1.69e-03; Runtime: 668.1s; Iterations = 5580, grads =   4.728e-06, unitary_metric = 0.99998
Error = :1.69e-03; Runtime: 670.4s; Iterations = 5600, grads =   1.220e-06, unitary_metric = 0.99998
Error = :1.69e-03; Runtime: 673.1s; Iterations = 5620, grads =   6.823e-07, unitary_metric = 0.99999
Error = :1.69e-03; Runtime: 675.4s; Iterations = 5640, grads =   2.645e-05, unitary_metric = 0.99998
Error = :1.69e-03; Runtime: 677.8s; Iterations = 5660, grads =   9.926e-06, unitary_metric = 0.99998
Error = :1.69e-03; Runtime: 680.1s; Iterations = 5680, grads =   1.583e-06, unitary_metric = 0.99998
Error = :1.69e-03; Runtime: 682.5s; Iterations = 5700, grads =   9.044e-06, unitary_metric = 0.99998
Error = :1.69e-03; Runtime: 685.0s; Iterations = 5720, grads =   5.430e-06, unitary_metric = 0.99998
Error = :1.69e-03; Runtime: 687.4s; Iterations = 5740, grads =   1.866e-07, unitary_metric = 0.99998
Error = :1.69e-03; Runtime: 689.8s; Iterations = 5760, grads =   9.996e-08, unitary_metric = 0.99998
Error = :1.69e-03; Runtime: 692.1s; Iterations = 5780, grads =   3.375e-08, unitary_metric = 0.99998
Error = :1.69e-03; Runtime: 694.5s; Iterations = 5800, grads =   1.351e-06, unitary_metric = 0.99998
Error = :1.70e-03; Runtime: 697.0s; Iterations = 5820, grads =   1.289e-04, unitary_metric = 0.99998
Error = :1.69e-03; Runtime: 699.3s; Iterations = 5840, grads =   4.051e-05, unitary_metric = 0.99998
Error = :1.69e-03; Runtime: 701.7s; Iterations = 5860, grads =   5.345e-06, unitary_metric = 0.99998
Error = :1.69e-03; Runtime: 704.1s; Iterations = 5880, grads =   1.021e-06, unitary_metric = 0.99998
Error = :1.69e-03; Runtime: 706.5s; Iterations = 5900, grads =   1.277e-07, unitary_metric = 0.99998
Error = :1.69e-03; Runtime: 709.1s; Iterations = 5920, grads =   9.023e-09, unitary_metric = 0.99998
Error = :1.69e-03; Runtime: 711.4s; Iterations = 5940, grads =   8.607e-09, unitary_metric = 0.99998
Error = :1.69e-03; Runtime: 713.7s; Iterations = 5960, grads =   2.041e-07, unitary_metric = 0.99998
Error = :1.69e-03; Runtime: 716.1s; Iterations = 5980, grads =   2.312e-05, unitary_metric = 0.99998
Error = :1.69e-03; Runtime: 718.4s; Iterations = 6000, grads =   3.304e-05, unitary_metric = 0.99998
data saved at: /project/ftchong/qoc/yongshan/00010_05_flexErdosRenyiN6p7_slice_9.h5


trying total_time: 115.5 for unitary of size (4, 4)
data saved at: /project/ftchong/qoc/yongshan/00011_05_flexErdosRenyiN6p7_slice_9.h5
Using 5 Taylor terms and 3 Scaling & Squaring terms
Building graph:
Propagators initialized.
Operators weight initialized.
Intermediate propagation variables initialized.
Intermediate propagators initialized.
Vectors initialized.
Training loss initialized.
Optimizer initialized.
Utilities initialized.
Graph built!
Initialized
Error = :1.41e-01; Runtime: 3.3s; Iterations = 0, grads =   3.060e+01, unitary_metric = 1.00033
Error = :4.10e-01; Runtime: 27.1s; Iterations = 20, grads =   4.638e+01, unitary_metric = 1.00019
Error = :4.20e-02; Runtime: 45.1s; Iterations = 40, grads =   7.581e+00, unitary_metric = 1.00015
Error = :6.53e-04; Runtime: 60.4s; Iterations = 57, grads =   3.344e-02, unitary_metric = 1.00012
data saved at: /project/ftchong/qoc/yongshan/00011_05_flexErdosRenyiN6p7_slice_9.h5


trying total_time: 57.75 for unitary of size (4, 4)
data saved at: /project/ftchong/qoc/yongshan/00012_05_flexErdosRenyiN6p7_slice_9.h5
Using 4 Taylor terms and 3 Scaling & Squaring terms
Building graph:
Propagators initialized.
Operators weight initialized.
Intermediate propagation variables initialized.
Intermediate propagators initialized.
Vectors initialized.
Training loss initialized.
Optimizer initialized.
Utilities initialized.
Graph built!
Initialized
Error = :2.30e-01; Runtime: 1.6s; Iterations = 0, grads =   2.234e+01, unitary_metric = 1.00013
Error = :7.12e-03; Runtime: 11.7s; Iterations = 20, grads =   7.723e-01, unitary_metric = 1.00009
Error = :7.15e-04; Runtime: 18.5s; Iterations = 38, grads =   8.904e-02, unitary_metric = 1.00008
data saved at: /project/ftchong/qoc/yongshan/00012_05_flexErdosRenyiN6p7_slice_9.h5


trying total_time: 28.85 for unitary of size (4, 4)
data saved at: /project/ftchong/qoc/yongshan/00013_05_flexErdosRenyiN6p7_slice_9.h5
Using 4 Taylor terms and 3 Scaling & Squaring terms
Building graph:
Propagators initialized.
Operators weight initialized.
Intermediate propagation variables initialized.
Intermediate propagators initialized.
Vectors initialized.
Training loss initialized.
Optimizer initialized.
Utilities initialized.
Graph built!
Initialized
Error = :5.22e-02; Runtime: 0.7s; Iterations = 0, grads =   3.139e+00, unitary_metric = 1.00007
Error = :8.72e-02; Runtime: 5.3s; Iterations = 20, grads =   4.746e+00, unitary_metric = 1.00005
Error = :8.91e-03; Runtime: 8.7s; Iterations = 40, grads =   5.468e-01, unitary_metric = 1.00004
Error = :4.02e-04; Runtime: 10.7s; Iterations = 52, grads =   1.758e-02, unitary_metric = 1.00004
data saved at: /project/ftchong/qoc/yongshan/00013_05_flexErdosRenyiN6p7_slice_9.h5


trying total_time: 14.4 for unitary of size (4, 4)
data saved at: /project/ftchong/qoc/yongshan/00014_05_flexErdosRenyiN6p7_slice_9.h5
Using 4 Taylor terms and 3 Scaling & Squaring terms
Building graph:
Propagators initialized.
Operators weight initialized.
Intermediate propagation variables initialized.
Intermediate propagators initialized.
Vectors initialized.
Training loss initialized.
Optimizer initialized.
Utilities initialized.
Graph built!
Initialized
Error = :4.18e-02; Runtime: 0.3s; Iterations = 0, grads =   1.153e+00, unitary_metric = 1.00001
Error = :2.94e-04; Runtime: 2.6s; Iterations = 20, grads =   6.466e-03, unitary_metric = 1.00002
data saved at: /project/ftchong/qoc/yongshan/00014_05_flexErdosRenyiN6p7_slice_9.h5


trying total_time: 7.2 for unitary of size (4, 4)
data saved at: /project/ftchong/qoc/yongshan/00015_05_flexErdosRenyiN6p7_slice_9.h5
Using 6 Taylor terms and 1 Scaling & Squaring terms
Building graph:
Propagators initialized.
Operators weight initialized.
Intermediate propagation variables initialized.
Intermediate propagators initialized.
Vectors initialized.
Training loss initialized.
Optimizer initialized.
Utilities initialized.
Graph built!
Initialized
Error = :3.67e-02; Runtime: 0.2s; Iterations = 0, grads =   4.974e-01, unitary_metric = 1.00000
Error = :6.78e-04; Runtime: 1.0s; Iterations = 11, grads =   4.866e-03, unitary_metric = 1.00000
data saved at: /project/ftchong/qoc/yongshan/00015_05_flexErdosRenyiN6p7_slice_9.h5


trying total_time: 3.6 for unitary of size (4, 4)
data saved at: /project/ftchong/qoc/yongshan/00016_05_flexErdosRenyiN6p7_slice_9.h5
Using 6 Taylor terms and 1 Scaling & Squaring terms
Building graph:
Propagators initialized.
Operators weight initialized.
Intermediate propagation variables initialized.
Intermediate propagators initialized.
Vectors initialized.
Training loss initialized.
Optimizer initialized.
Utilities initialized.
Graph built!
Initialized
Error = :7.07e-02; Runtime: 0.1s; Iterations = 0, grads =   4.932e-01, unitary_metric = 1.00000
Error = :5.39e-04; Runtime: 0.6s; Iterations = 13, grads =   1.131e-03, unitary_metric = 1.00000
data saved at: /project/ftchong/qoc/yongshan/00016_05_flexErdosRenyiN6p7_slice_9.h5


trying total_time: 1.8 for unitary of size (4, 4)
data saved at: /project/ftchong/qoc/yongshan/00017_05_flexErdosRenyiN6p7_slice_9.h5
Using 6 Taylor terms and 1 Scaling & Squaring terms
Building graph:
Propagators initialized.
Operators weight initialized.
Intermediate propagation variables initialized.
Intermediate propagators initialized.
Vectors initialized.
Training loss initialized.
Optimizer initialized.
Utilities initialized.
Graph built!
Initialized
Error = :3.60e-01; Runtime: 0.1s; Iterations = 0, grads =   8.169e-01, unitary_metric = 1.00000
Error = :6.97e-03; Runtime: 0.4s; Iterations = 20, grads =   2.681e-02, unitary_metric = 1.00000
Error = :6.50e-04; Runtime: 0.6s; Iterations = 34, grads =   2.441e-03, unitary_metric = 1.00000
data saved at: /project/ftchong/qoc/yongshan/00017_05_flexErdosRenyiN6p7_slice_9.h5


trying total_time: 0.9 for unitary of size (4, 4)
data saved at: /project/ftchong/qoc/yongshan/00018_05_flexErdosRenyiN6p7_slice_9.h5
Using 6 Taylor terms and 1 Scaling & Squaring terms
Building graph:
Propagators initialized.
Operators weight initialized.
Intermediate propagation variables initialized.
Intermediate propagators initialized.
Vectors initialized.
Training loss initialized.
Optimizer initialized.
Utilities initialized.
Graph built!
Initialized
Error = :9.78e-02; Runtime: 0.1s; Iterations = 0, grads =   1.621e-01, unitary_metric = 1.00000
Error = :2.35e-03; Runtime: 0.3s; Iterations = 20, grads =   4.298e-03, unitary_metric = 1.00000
Error = :6.96e-04; Runtime: 0.4s; Iterations = 34, grads =   1.266e-03, unitary_metric = 1.00000
data saved at: /project/ftchong/qoc/yongshan/00018_05_flexErdosRenyiN6p7_slice_9.h5


trying total_time: 0.45 for unitary of size (4, 4)
data saved at: /project/ftchong/qoc/yongshan/00019_05_flexErdosRenyiN6p7_slice_9.h5
Using 7 Taylor terms and 0 Scaling & Squaring terms
Building graph:
Propagators initialized.
Operators weight initialized.
Intermediate propagation variables initialized.
Intermediate propagators initialized.
Vectors initialized.
Training loss initialized.
Optimizer initialized.
Utilities initialized.
Graph built!
Initialized
Error = :4.78e-01; Runtime: 0.0s; Iterations = 0, grads =   2.001e-01, unitary_metric = 1.00000
Error = :1.34e-01; Runtime: 0.2s; Iterations = 20, grads =   1.039e-01, unitary_metric = 1.00000
Error = :4.13e-03; Runtime: 0.3s; Iterations = 40, grads =   3.805e-03, unitary_metric = 1.00000
Error = :7.29e-04; Runtime: 0.3s; Iterations = 44, grads =   6.677e-04, unitary_metric = 1.00000
data saved at: /project/ftchong/qoc/yongshan/00019_05_flexErdosRenyiN6p7_slice_9.h5


trying total_time: 0.2 for unitary of size (4, 4)
data saved at: /project/ftchong/qoc/yongshan/00020_05_flexErdosRenyiN6p7_slice_9.h5
Using 5 Taylor terms and 1 Scaling & Squaring terms
Building graph:
Propagators initialized.
Operators weight initialized.
Intermediate propagation variables initialized.
Intermediate propagators initialized.
Vectors initialized.
Training loss initialized.
Optimizer initialized.
Utilities initialized.
Graph built!
Initialized
Error = :1.42e-01; Runtime: 0.0s; Iterations = 0, grads =   3.786e-02, unitary_metric = 1.00000
Error = :3.05e-02; Runtime: 0.1s; Iterations = 20, grads =   9.695e-03, unitary_metric = 1.00000
Error = :2.37e-03; Runtime: 0.2s; Iterations = 40, grads =   7.979e-04, unitary_metric = 1.00000
Error = :8.93e-04; Runtime: 0.2s; Iterations = 46, grads =   3.157e-04, unitary_metric = 1.00000
data saved at: /project/ftchong/qoc/yongshan/00020_05_flexErdosRenyiN6p7_slice_9.h5




[7.4, 0.2]
TIME FOR SLICE IS:
7.4
