Running Array Job:  215
Experiment flexible ErdosRenyi N=8 p=8 slice=40


trying total_time: 264.0 for unitary of size (16, 16)
data saved at: /project/ftchong/qoc/yongshan/00000_05_flexErdosRenyiN8p8_slice_40.h5
Using 8 Taylor terms and 2 Scaling & Squaring terms
Building graph:
Propagators initialized.
Operators weight initialized.
Intermediate propagation variables initialized.
Intermediate propagators initialized.
Vectors initialized.
Training loss initialized.
Optimizer initialized.
Utilities initialized.
Graph built!
Initialized
Error = :9.99e-01; Runtime: 10.5s; Iterations = 0, grads =   5.557e-04, unitary_metric = 1.00028
Error = :9.85e-01; Runtime: 152.3s; Iterations = 20, grads =   9.418e-02, unitary_metric = 1.00011
Error = :9.99e-01; Runtime: 277.8s; Iterations = 40, grads =   5.757e-03, unitary_metric = 1.00007
Error = :9.99e-01; Runtime: 403.3s; Iterations = 60, grads =   3.956e-03, unitary_metric = 1.00002
Error = :9.98e-01; Runtime: 528.5s; Iterations = 80, grads =   1.555e-02, unitary_metric = 1.00000
Error = :9.93e-01; Runtime: 654.1s; Iterations = 100, grads =   3.031e-02, unitary_metric = 0.99994
Error = :9.95e-01; Runtime: 787.1s; Iterations = 120, grads =   2.666e-02, unitary_metric = 0.99996
Error = :9.62e-01; Runtime: 913.5s; Iterations = 140, grads =   3.326e-01, unitary_metric = 0.99997
Error = :9.98e-01; Runtime: 1039.8s; Iterations = 160, grads =   1.044e-02, unitary_metric = 0.99985
Error = :9.99e-01; Runtime: 1165.4s; Iterations = 180, grads =   2.386e-03, unitary_metric = 0.99988
Error = :9.92e-01; Runtime: 1291.5s; Iterations = 200, grads =   6.109e-02, unitary_metric = 0.99982
Error = :9.98e-01; Runtime: 1424.3s; Iterations = 220, grads =   6.441e-03, unitary_metric = 0.99986
Error = :9.73e-01; Runtime: 1550.4s; Iterations = 240, grads =   1.692e-01, unitary_metric = 0.99983
Error = :9.73e-01; Runtime: 1676.4s; Iterations = 260, grads =   2.441e-01, unitary_metric = 0.99982
Error = :9.44e-01; Runtime: 1802.5s; Iterations = 280, grads =   2.744e-01, unitary_metric = 0.99977
Error = :9.98e-01; Runtime: 1928.6s; Iterations = 300, grads =   8.022e-03, unitary_metric = 0.99978
Error = :9.93e-01; Runtime: 2061.5s; Iterations = 320, grads =   4.210e-02, unitary_metric = 0.99977
Error = :9.63e-01; Runtime: 2187.6s; Iterations = 340, grads =   2.579e-01, unitary_metric = 0.99976
Error = :9.79e-01; Runtime: 2313.6s; Iterations = 360, grads =   1.243e-01, unitary_metric = 0.99975
Error = :9.79e-01; Runtime: 2439.8s; Iterations = 380, grads =   1.894e-01, unitary_metric = 0.99973
Error = :9.90e-01; Runtime: 2566.3s; Iterations = 400, grads =   2.934e-02, unitary_metric = 0.99971
Error = :9.78e-01; Runtime: 2699.9s; Iterations = 420, grads =   1.219e-01, unitary_metric = 0.99970
Error = :9.18e-01; Runtime: 2827.0s; Iterations = 440, grads =   1.287e+00, unitary_metric = 0.99974
Error = :9.99e-01; Runtime: 2954.3s; Iterations = 460, grads =   4.149e-03, unitary_metric = 0.99971
Error = :9.65e-01; Runtime: 3081.4s; Iterations = 480, grads =   2.167e-01, unitary_metric = 0.99968
Error = :9.68e-01; Runtime: 3208.4s; Iterations = 500, grads =   3.806e-01, unitary_metric = 0.99969
Error = :9.97e-01; Runtime: 3342.0s; Iterations = 520, grads =   1.644e-02, unitary_metric = 0.99968
Error = :9.91e-01; Runtime: 3469.0s; Iterations = 540, grads =   3.668e-02, unitary_metric = 0.99969
Error = :8.23e-01; Runtime: 3595.9s; Iterations = 560, grads =   2.184e+00, unitary_metric = 0.99968
Error = :9.47e-01; Runtime: 3722.8s; Iterations = 580, grads =   3.206e-01, unitary_metric = 0.99968
Error = :9.95e-01; Runtime: 3850.1s; Iterations = 600, grads =   1.757e-02, unitary_metric = 0.99969
Error = :1.00e+00; Runtime: 3984.2s; Iterations = 620, grads =   1.904e-03, unitary_metric = 0.99968
Error = :9.55e-01; Runtime: 4111.0s; Iterations = 640, grads =   2.612e-01, unitary_metric = 0.99969
Error = :9.85e-01; Runtime: 4237.8s; Iterations = 660, grads =   7.676e-02, unitary_metric = 0.99969
Error = :6.99e-01; Runtime: 4364.8s; Iterations = 680, grads =   3.732e+00, unitary_metric = 0.99966
Error = :6.93e-01; Runtime: 4491.7s; Iterations = 700, grads =   5.709e+00, unitary_metric = 0.99966
Error = :5.13e-01; Runtime: 4625.4s; Iterations = 720, grads =   6.869e+00, unitary_metric = 0.99968
Error = :6.61e-01; Runtime: 4753.0s; Iterations = 740, grads =   7.973e+00, unitary_metric = 0.99970
Error = :4.21e-01; Runtime: 4879.7s; Iterations = 760, grads =   6.309e+00, unitary_metric = 0.99967
Error = :6.38e-01; Runtime: 5006.5s; Iterations = 780, grads =   7.893e+00, unitary_metric = 0.99969
Error = :3.23e-01; Runtime: 5133.5s; Iterations = 800, grads =   9.860e+00, unitary_metric = 0.99967
Error = :2.58e-01; Runtime: 5267.0s; Iterations = 820, grads =   9.968e+00, unitary_metric = 0.99968
Error = :2.02e-01; Runtime: 5393.9s; Iterations = 840, grads =   9.931e+00, unitary_metric = 0.99968
Error = :4.71e-02; Runtime: 5520.5s; Iterations = 860, grads =   2.727e+00, unitary_metric = 0.99969
Error = :2.92e-02; Runtime: 5647.2s; Iterations = 880, grads =   1.723e+00, unitary_metric = 0.99968
Error = :4.87e-03; Runtime: 5773.9s; Iterations = 900, grads =   2.696e-01, unitary_metric = 0.99969
Error = :3.83e-03; Runtime: 5907.1s; Iterations = 920, grads =   2.009e-01, unitary_metric = 0.99967
Error = :3.16e-03; Runtime: 6033.5s; Iterations = 940, grads =   1.642e-01, unitary_metric = 0.99967
Error = :1.09e-02; Runtime: 6160.1s; Iterations = 960, grads =   7.201e-01, unitary_metric = 0.99967
Error = :1.43e-02; Runtime: 6286.7s; Iterations = 980, grads =   9.018e-01, unitary_metric = 0.99968
Error = :6.44e-03; Runtime: 6413.3s; Iterations = 1000, grads =   3.939e-01, unitary_metric = 0.99968
Error = :5.66e-03; Runtime: 6547.0s; Iterations = 1020, grads =   3.528e-01, unitary_metric = 0.99967
Error = :1.43e-02; Runtime: 6674.3s; Iterations = 1040, grads =   9.568e-01, unitary_metric = 0.99967
Error = :4.01e-03; Runtime: 6802.0s; Iterations = 1060, grads =   2.184e-01, unitary_metric = 0.99966
Error = :1.16e-02; Runtime: 6928.1s; Iterations = 1080, grads =   6.781e-01, unitary_metric = 0.99967
Error = :1.02e-02; Runtime: 7055.7s; Iterations = 1100, grads =   6.258e-01, unitary_metric = 0.99967
Error = :1.58e-02; Runtime: 7190.0s; Iterations = 1120, grads =   1.007e+00, unitary_metric = 0.99966
Error = :1.31e-02; Runtime: 7317.5s; Iterations = 1140, grads =   7.905e-01, unitary_metric = 0.99967
Error = :8.57e-03; Runtime: 7445.2s; Iterations = 1160, grads =   5.050e-01, unitary_metric = 0.99967
Error = :7.21e-03; Runtime: 7571.2s; Iterations = 1180, grads =   4.177e-01, unitary_metric = 0.99967
Error = :4.10e-03; Runtime: 7698.6s; Iterations = 1200, grads =   2.458e-01, unitary_metric = 0.99967
Error = :6.72e-03; Runtime: 7831.2s; Iterations = 1220, grads =   3.847e-01, unitary_metric = 0.99966
Error = :9.08e-03; Runtime: 7958.3s; Iterations = 1240, grads =   5.435e-01, unitary_metric = 0.99967
Error = :8.08e-03; Runtime: 8085.4s; Iterations = 1260, grads =   4.797e-01, unitary_metric = 0.99966
Error = :7.16e-03; Runtime: 8212.7s; Iterations = 1280, grads =   4.261e-01, unitary_metric = 0.99967
Error = :5.34e-03; Runtime: 8339.9s; Iterations = 1300, grads =   3.181e-01, unitary_metric = 0.99967
Error = :6.60e-03; Runtime: 8473.4s; Iterations = 1320, grads =   3.697e-01, unitary_metric = 0.99967
Error = :6.05e-03; Runtime: 8600.2s; Iterations = 1340, grads =   3.426e-01, unitary_metric = 0.99968
Error = :7.97e-03; Runtime: 8727.1s; Iterations = 1360, grads =   4.619e-01, unitary_metric = 0.99967
Error = :5.76e-03; Runtime: 8854.0s; Iterations = 1380, grads =   3.274e-01, unitary_metric = 0.99967
Error = :7.99e-03; Runtime: 8980.9s; Iterations = 1400, grads =   4.705e-01, unitary_metric = 0.99967
Error = :1.13e-02; Runtime: 9113.0s; Iterations = 1420, grads =   6.787e-01, unitary_metric = 0.99967
Error = :1.40e-02; Runtime: 9239.7s; Iterations = 1440, grads =   8.496e-01, unitary_metric = 0.99968
Error = :5.31e-03; Runtime: 9366.6s; Iterations = 1460, grads =   3.158e-01, unitary_metric = 0.99968
Error = :5.49e-03; Runtime: 9493.4s; Iterations = 1480, grads =   3.190e-01, unitary_metric = 0.99967
Error = :7.43e-03; Runtime: 9620.2s; Iterations = 1500, grads =   4.420e-01, unitary_metric = 0.99968
Error = :1.34e-02; Runtime: 9753.7s; Iterations = 1520, grads =   7.772e-01, unitary_metric = 0.99967
Error = :1.70e-03; Runtime: 9880.7s; Iterations = 1540, grads =   8.204e-02, unitary_metric = 0.99967
Error = :1.46e-02; Runtime: 10007.4s; Iterations = 1560, grads =   8.882e-01, unitary_metric = 0.99969
Error = :7.53e-03; Runtime: 10134.1s; Iterations = 1580, grads =   4.237e-01, unitary_metric = 0.99969
Error = :7.55e-03; Runtime: 10261.1s; Iterations = 1600, grads =   4.484e-01, unitary_metric = 0.99967
Error = :6.21e-03; Runtime: 10395.1s; Iterations = 1620, grads =   3.466e-01, unitary_metric = 0.99967
Error = :2.82e-03; Runtime: 10521.9s; Iterations = 1640, grads =   1.473e-01, unitary_metric = 0.99968
Error = :1.04e-02; Runtime: 10649.4s; Iterations = 1660, grads =   6.103e-01, unitary_metric = 0.99966
Error = :2.38e-03; Runtime: 10777.0s; Iterations = 1680, grads =   1.271e-01, unitary_metric = 0.99968
Error = :4.89e-03; Runtime: 10904.4s; Iterations = 1700, grads =   2.764e-01, unitary_metric = 0.99967
Error = :1.40e-02; Runtime: 11038.7s; Iterations = 1720, grads =   8.282e-01, unitary_metric = 0.99968
Error = :5.50e-03; Runtime: 11165.9s; Iterations = 1740, grads =   3.197e-01, unitary_metric = 0.99968
Error = :7.16e-03; Runtime: 11293.2s; Iterations = 1760, grads =   4.002e-01, unitary_metric = 0.99967
Error = :9.60e-03; Runtime: 11420.5s; Iterations = 1780, grads =   5.693e-01, unitary_metric = 0.99967
Error = :4.82e-03; Runtime: 11547.8s; Iterations = 1800, grads =   2.645e-01, unitary_metric = 0.99967
Error = :2.51e-03; Runtime: 11681.9s; Iterations = 1820, grads =   1.264e-01, unitary_metric = 0.99968
Error = :6.33e-03; Runtime: 11809.9s; Iterations = 1840, grads =   3.634e-01, unitary_metric = 0.99967
Error = :1.66e-02; Runtime: 11937.7s; Iterations = 1860, grads =   9.797e-01, unitary_metric = 0.99969
Error = :5.10e-03; Runtime: 12064.8s; Iterations = 1880, grads =   2.900e-01, unitary_metric = 0.99968
Error = :3.01e-03; Runtime: 12192.1s; Iterations = 1900, grads =   1.566e-01, unitary_metric = 0.99969
Error = :8.70e-03; Runtime: 12326.0s; Iterations = 1920, grads =   4.790e-01, unitary_metric = 0.99967
Error = :5.96e-03; Runtime: 12453.3s; Iterations = 1940, grads =   3.472e-01, unitary_metric = 0.99968
Error = :2.42e-03; Runtime: 12580.6s; Iterations = 1960, grads =   1.221e-01, unitary_metric = 0.99967
Error = :1.86e-03; Runtime: 12708.0s; Iterations = 1980, grads =   8.896e-02, unitary_metric = 0.99967
Error = :1.36e-02; Runtime: 12835.3s; Iterations = 2000, grads =   7.901e-01, unitary_metric = 0.99967
Error = :3.24e-03; Runtime: 12969.1s; Iterations = 2020, grads =   1.736e-01, unitary_metric = 0.99967
Error = :1.53e-03; Runtime: 13096.2s; Iterations = 2040, grads =   5.891e-02, unitary_metric = 0.99968
Error = :5.92e-03; Runtime: 13223.2s; Iterations = 2060, grads =   3.142e-01, unitary_metric = 0.99966
Error = :6.78e-03; Runtime: 13350.2s; Iterations = 2080, grads =   3.757e-01, unitary_metric = 0.99967
Error = :2.29e-03; Runtime: 13477.0s; Iterations = 2100, grads =   1.165e-01, unitary_metric = 0.99967
Error = :6.03e-03; Runtime: 13611.0s; Iterations = 2120, grads =   3.598e-01, unitary_metric = 0.99967
Error = :2.12e-03; Runtime: 13738.0s; Iterations = 2140, grads =   1.067e-01, unitary_metric = 0.99966
Error = :1.57e-03; Runtime: 13863.5s; Iterations = 2160, grads =   7.146e-02, unitary_metric = 0.99968
Error = :8.71e-03; Runtime: 13990.3s; Iterations = 2180, grads =   4.907e-01, unitary_metric = 0.99967
Error = :2.07e-03; Runtime: 14117.2s; Iterations = 2200, grads =   1.035e-01, unitary_metric = 0.99967
Error = :1.82e-03; Runtime: 14250.7s; Iterations = 2220, grads =   8.698e-02, unitary_metric = 0.99967
Error = :3.15e-03; Runtime: 14377.8s; Iterations = 2240, grads =   1.607e-01, unitary_metric = 0.99965
Error = :4.76e-03; Runtime: 14505.4s; Iterations = 2260, grads =   2.559e-01, unitary_metric = 0.99966
Error = :6.68e-03; Runtime: 14633.5s; Iterations = 2280, grads =   3.706e-01, unitary_metric = 0.99966
Error = :3.42e-03; Runtime: 14761.1s; Iterations = 2300, grads =   1.799e-01, unitary_metric = 0.99967
Error = :2.36e-03; Runtime: 14895.2s; Iterations = 2320, grads =   1.119e-01, unitary_metric = 0.99967
Error = :1.55e-03; Runtime: 15023.0s; Iterations = 2340, grads =   7.147e-02, unitary_metric = 0.99967
Error = :6.58e-03; Runtime: 15150.6s; Iterations = 2360, grads =   3.721e-01, unitary_metric = 0.99966
Error = :5.47e-03; Runtime: 15278.3s; Iterations = 2380, grads =   3.024e-01, unitary_metric = 0.99967
Error = :5.80e-03; Runtime: 15406.0s; Iterations = 2400, grads =   3.046e-01, unitary_metric = 0.99967
Error = :5.67e-03; Runtime: 15540.6s; Iterations = 2420, grads =   3.118e-01, unitary_metric = 0.99968
Error = :4.23e-03; Runtime: 15667.9s; Iterations = 2440, grads =   2.125e-01, unitary_metric = 0.99967
Error = :1.32e-03; Runtime: 15795.3s; Iterations = 2460, grads =   5.503e-02, unitary_metric = 0.99968
Error = :5.12e-03; Runtime: 15922.7s; Iterations = 2480, grads =   2.805e-01, unitary_metric = 0.99967
Error = :3.46e-03; Runtime: 16050.3s; Iterations = 2500, grads =   1.832e-01, unitary_metric = 0.99968
Error = :4.46e-03; Runtime: 16184.3s; Iterations = 2520, grads =   2.337e-01, unitary_metric = 0.99967
Error = :5.13e-03; Runtime: 16311.8s; Iterations = 2540, grads =   2.863e-01, unitary_metric = 0.99967
Error = :2.27e-03; Runtime: 16439.6s; Iterations = 2560, grads =   1.140e-01, unitary_metric = 0.99968
Error = :3.23e-03; Runtime: 16567.2s; Iterations = 2580, grads =   1.594e-01, unitary_metric = 0.99967
Error = :9.43e-04; Runtime: 16592.6s; Iterations = 2584, grads =   3.345e-02, unitary_metric = 0.99967
data saved at: /project/ftchong/qoc/yongshan/00000_05_flexErdosRenyiN8p8_slice_40.h5


trying total_time: 132.0 for unitary of size (16, 16)
data saved at: /project/ftchong/qoc/yongshan/00001_05_flexErdosRenyiN8p8_slice_40.h5
Using 8 Taylor terms and 2 Scaling & Squaring terms
Building graph:
Propagators initialized.
Operators weight initialized.
Intermediate propagation variables initialized.
Intermediate propagators initialized.
Vectors initialized.
Training loss initialized.
Optimizer initialized.
Utilities initialized.
Graph built!
Initialized
Error = :1.00e+00; Runtime: 4.7s; Iterations = 0, grads =   7.333e-05, unitary_metric = 1.00017
Error = :9.99e-01; Runtime: 66.4s; Iterations = 20, grads =   1.041e-03, unitary_metric = 1.00006
Error = :9.91e-01; Runtime: 120.5s; Iterations = 40, grads =   3.151e-02, unitary_metric = 1.00004
Error = :9.97e-01; Runtime: 174.7s; Iterations = 60, grads =   1.422e-02, unitary_metric = 1.00002
Error = :9.36e-01; Runtime: 228.9s; Iterations = 80, grads =   1.616e-01, unitary_metric = 0.99998
Error = :8.96e-01; Runtime: 283.5s; Iterations = 100, grads =   1.565e+00, unitary_metric = 0.99997
Error = :7.09e-01; Runtime: 341.6s; Iterations = 120, grads =   9.746e+00, unitary_metric = 0.99997
Error = :2.16e-01; Runtime: 396.0s; Iterations = 140, grads =   9.832e+00, unitary_metric = 0.99997
Error = :4.94e-02; Runtime: 450.4s; Iterations = 160, grads =   3.193e+00, unitary_metric = 1.00000
Error = :1.26e-02; Runtime: 504.8s; Iterations = 180, grads =   8.834e-01, unitary_metric = 0.99998
Error = :3.62e-03; Runtime: 559.1s; Iterations = 200, grads =   2.396e-01, unitary_metric = 0.99997
Error = :1.34e-02; Runtime: 616.9s; Iterations = 220, grads =   9.487e-01, unitary_metric = 0.99998
Error = :6.99e-03; Runtime: 671.0s; Iterations = 240, grads =   5.341e-01, unitary_metric = 0.99998
Error = :9.75e-03; Runtime: 725.3s; Iterations = 260, grads =   6.966e-01, unitary_metric = 0.99998
Error = :2.45e-02; Runtime: 779.6s; Iterations = 280, grads =   2.273e+00, unitary_metric = 0.99999
Error = :1.18e-02; Runtime: 833.9s; Iterations = 300, grads =   9.878e-01, unitary_metric = 0.99998
Error = :3.31e-03; Runtime: 891.4s; Iterations = 320, grads =   2.058e-01, unitary_metric = 0.99998
Error = :7.13e-03; Runtime: 945.6s; Iterations = 340, grads =   5.270e-01, unitary_metric = 0.99998
Error = :2.00e-02; Runtime: 999.8s; Iterations = 360, grads =   1.589e+00, unitary_metric = 0.99999
Error = :6.32e-03; Runtime: 1054.2s; Iterations = 380, grads =   3.707e-01, unitary_metric = 1.00000
Error = :1.20e-02; Runtime: 1108.5s; Iterations = 400, grads =   7.641e-01, unitary_metric = 0.99997
Error = :9.94e-03; Runtime: 1165.6s; Iterations = 420, grads =   7.327e-01, unitary_metric = 0.99999
Error = :3.76e-03; Runtime: 1219.5s; Iterations = 440, grads =   2.784e-01, unitary_metric = 0.99999
Error = :7.51e-04; Runtime: 1241.0s; Iterations = 448, grads =   3.527e-02, unitary_metric = 0.99998
data saved at: /project/ftchong/qoc/yongshan/00001_05_flexErdosRenyiN8p8_slice_40.h5


trying total_time: 66.0 for unitary of size (16, 16)
data saved at: /project/ftchong/qoc/yongshan/00002_05_flexErdosRenyiN8p8_slice_40.h5
Using 5 Taylor terms and 4 Scaling & Squaring terms
Building graph:
Propagators initialized.
Operators weight initialized.
Intermediate propagation variables initialized.
Intermediate propagators initialized.
Vectors initialized.
Training loss initialized.
Optimizer initialized.
Utilities initialized.
Graph built!
Initialized
Error = :9.99e-01; Runtime: 2.3s; Iterations = 0, grads =   1.038e-04, unitary_metric = 1.00046
Error = :1.00e+00; Runtime: 29.7s; Iterations = 20, grads =   4.302e-05, unitary_metric = 1.00050
Error = :9.12e-01; Runtime: 53.3s; Iterations = 40, grads =   6.919e-02, unitary_metric = 1.00044
Error = :6.53e-01; Runtime: 77.0s; Iterations = 60, grads =   2.158e+00, unitary_metric = 1.00034
Error = :4.76e-01; Runtime: 100.6s; Iterations = 80, grads =   7.548e+00, unitary_metric = 1.00031
Error = :2.64e-02; Runtime: 124.2s; Iterations = 100, grads =   5.329e-01, unitary_metric = 1.00023
Error = :7.08e-03; Runtime: 149.9s; Iterations = 120, grads =   2.317e-01, unitary_metric = 1.00022
Error = :9.14e-04; Runtime: 171.2s; Iterations = 138, grads =   1.696e-02, unitary_metric = 1.00021
data saved at: /project/ftchong/qoc/yongshan/00002_05_flexErdosRenyiN8p8_slice_40.h5


trying total_time: 33.0 for unitary of size (16, 16)
data saved at: /project/ftchong/qoc/yongshan/00003_05_flexErdosRenyiN8p8_slice_40.h5
Using 5 Taylor terms and 4 Scaling & Squaring terms
Building graph:
Propagators initialized.
Operators weight initialized.
Intermediate propagation variables initialized.
Intermediate propagators initialized.
Vectors initialized.
Training loss initialized.
Optimizer initialized.
Utilities initialized.
Graph built!
Initialized
Error = :1.00e+00; Runtime: 1.0s; Iterations = 0, grads =   4.334e-06, unitary_metric = 1.00024
Error = :9.32e-01; Runtime: 13.9s; Iterations = 20, grads =   2.385e-02, unitary_metric = 1.00023
Error = :7.68e-01; Runtime: 25.0s; Iterations = 40, grads =   3.770e-02, unitary_metric = 1.00019
Error = :7.53e-01; Runtime: 36.0s; Iterations = 60, grads =   3.123e-03, unitary_metric = 1.00018
Error = :7.50e-01; Runtime: 47.1s; Iterations = 80, grads =   7.091e-04, unitary_metric = 1.00019
Error = :7.50e-01; Runtime: 58.2s; Iterations = 100, grads =   1.145e-03, unitary_metric = 1.00018
Error = :7.50e-01; Runtime: 70.2s; Iterations = 120, grads =   1.657e-03, unitary_metric = 1.00019
Error = :7.51e-01; Runtime: 81.2s; Iterations = 140, grads =   8.636e-03, unitary_metric = 1.00019
Error = :7.51e-01; Runtime: 92.3s; Iterations = 160, grads =   1.527e-02, unitary_metric = 1.00018
Error = :7.50e-01; Runtime: 103.4s; Iterations = 180, grads =   2.518e-03, unitary_metric = 1.00019
Error = :7.50e-01; Runtime: 114.5s; Iterations = 200, grads =   2.118e-03, unitary_metric = 1.00019
Error = :7.51e-01; Runtime: 126.6s; Iterations = 220, grads =   5.749e-03, unitary_metric = 1.00018
Error = :7.51e-01; Runtime: 137.7s; Iterations = 240, grads =   9.976e-03, unitary_metric = 1.00019
Error = :7.50e-01; Runtime: 148.8s; Iterations = 260, grads =   1.007e-03, unitary_metric = 1.00019
Error = :7.50e-01; Runtime: 159.9s; Iterations = 280, grads =   8.205e-04, unitary_metric = 1.00019
Error = :7.50e-01; Runtime: 171.1s; Iterations = 300, grads =   3.940e-03, unitary_metric = 1.00017
Error = :7.51e-01; Runtime: 183.0s; Iterations = 320, grads =   1.427e-02, unitary_metric = 1.00018
Error = :7.50e-01; Runtime: 194.1s; Iterations = 340, grads =   3.920e-03, unitary_metric = 1.00019
Error = :7.50e-01; Runtime: 205.2s; Iterations = 360, grads =   7.988e-04, unitary_metric = 1.00018
Error = :7.50e-01; Runtime: 216.3s; Iterations = 380, grads =   3.459e-03, unitary_metric = 1.00019
Error = :7.50e-01; Runtime: 227.4s; Iterations = 400, grads =   1.940e-03, unitary_metric = 1.00018
Error = :7.49e-01; Runtime: 239.3s; Iterations = 420, grads =   5.524e-05, unitary_metric = 1.00018
Error = :7.38e-01; Runtime: 250.4s; Iterations = 440, grads =   8.288e-02, unitary_metric = 1.00014
Error = :5.32e-01; Runtime: 261.5s; Iterations = 460, grads =   1.401e-01, unitary_metric = 1.00009
Error = :2.96e-01; Runtime: 272.5s; Iterations = 480, grads =   7.362e-01, unitary_metric = 1.00007
Error = :4.65e-02; Runtime: 283.6s; Iterations = 500, grads =   5.308e-01, unitary_metric = 1.00007
Error = :4.51e-03; Runtime: 295.5s; Iterations = 520, grads =   4.447e-02, unitary_metric = 1.00007
Error = :9.78e-04; Runtime: 304.4s; Iterations = 536, grads =   9.819e-03, unitary_metric = 1.00008
data saved at: /project/ftchong/qoc/yongshan/00003_05_flexErdosRenyiN8p8_slice_40.h5


trying total_time: 16.5 for unitary of size (16, 16)
data saved at: /project/ftchong/qoc/yongshan/00004_05_flexErdosRenyiN8p8_slice_40.h5
Using 7 Taylor terms and 2 Scaling & Squaring terms
Building graph:
Propagators initialized.
Operators weight initialized.
Intermediate propagation variables initialized.
Intermediate propagators initialized.
Vectors initialized.
Training loss initialized.
Optimizer initialized.
Utilities initialized.
Graph built!
Initialized
Error = :1.00e+00; Runtime: 0.5s; Iterations = 0, grads =   4.491e-06, unitary_metric = 1.00000
Error = :9.51e-01; Runtime: 7.0s; Iterations = 20, grads =   1.245e-03, unitary_metric = 0.99999
Error = :8.71e-01; Runtime: 12.5s; Iterations = 40, grads =   1.267e-03, unitary_metric = 0.99999
Error = :7.19e-01; Runtime: 18.0s; Iterations = 60, grads =   2.508e-03, unitary_metric = 0.99998
Error = :3.92e-01; Runtime: 23.6s; Iterations = 80, grads =   2.149e-02, unitary_metric = 0.99998
Error = :6.06e-02; Runtime: 29.1s; Iterations = 100, grads =   8.969e-03, unitary_metric = 0.99997
Error = :5.00e-03; Runtime: 35.2s; Iterations = 120, grads =   6.965e-03, unitary_metric = 0.99998
Error = :9.00e-04; Runtime: 39.1s; Iterations = 134, grads =   3.294e-03, unitary_metric = 0.99997
data saved at: /project/ftchong/qoc/yongshan/00004_05_flexErdosRenyiN8p8_slice_40.h5


trying total_time: 8.25 for unitary of size (16, 16)
data saved at: /project/ftchong/qoc/yongshan/00005_05_flexErdosRenyiN8p8_slice_40.h5
Using 7 Taylor terms and 2 Scaling & Squaring terms
Building graph:
Propagators initialized.
Operators weight initialized.
Intermediate propagation variables initialized.
Intermediate propagators initialized.
Vectors initialized.
Training loss initialized.
Optimizer initialized.
Utilities initialized.
Graph built!
Initialized
Error = :1.00e+00; Runtime: 0.3s; Iterations = 0, grads =   2.100e-06, unitary_metric = 1.00000
Error = :9.61e-01; Runtime: 3.4s; Iterations = 20, grads =   7.572e-05, unitary_metric = 0.99999
Error = :9.31e-01; Runtime: 6.1s; Iterations = 40, grads =   1.028e-04, unitary_metric = 0.99999
Error = :8.84e-01; Runtime: 8.9s; Iterations = 60, grads =   8.265e-05, unitary_metric = 0.99999
Error = :8.47e-01; Runtime: 11.6s; Iterations = 80, grads =   1.434e-04, unitary_metric = 0.99999
Error = :7.53e-01; Runtime: 14.3s; Iterations = 100, grads =   1.318e-03, unitary_metric = 0.99998
Error = :6.55e-01; Runtime: 17.2s; Iterations = 120, grads =   4.801e-04, unitary_metric = 0.99998
Error = :5.92e-01; Runtime: 19.9s; Iterations = 140, grads =   6.968e-04, unitary_metric = 0.99998
Error = :5.63e-01; Runtime: 22.7s; Iterations = 160, grads =   1.313e-03, unitary_metric = 0.99998
Error = :5.34e-01; Runtime: 25.4s; Iterations = 180, grads =   2.798e-04, unitary_metric = 0.99998
Error = :4.56e-01; Runtime: 28.1s; Iterations = 200, grads =   1.729e-03, unitary_metric = 0.99998
Error = :3.81e-01; Runtime: 31.1s; Iterations = 220, grads =   1.456e-03, unitary_metric = 0.99997
Error = :3.58e-01; Runtime: 33.8s; Iterations = 240, grads =   2.183e-04, unitary_metric = 0.99997
Error = :3.47e-01; Runtime: 36.5s; Iterations = 260, grads =   5.996e-05, unitary_metric = 0.99997
Error = :3.38e-01; Runtime: 39.2s; Iterations = 280, grads =   3.599e-05, unitary_metric = 0.99997
Error = :3.32e-01; Runtime: 41.9s; Iterations = 300, grads =   1.980e-03, unitary_metric = 0.99997
Error = :3.27e-01; Runtime: 44.9s; Iterations = 320, grads =   4.052e-04, unitary_metric = 0.99997
Error = :3.24e-01; Runtime: 47.6s; Iterations = 340, grads =   7.084e-05, unitary_metric = 0.99997
Error = :3.22e-01; Runtime: 50.3s; Iterations = 360, grads =   1.474e-05, unitary_metric = 0.99997
Error = :3.20e-01; Runtime: 53.0s; Iterations = 380, grads =   6.702e-06, unitary_metric = 0.99998
Error = :3.18e-01; Runtime: 55.8s; Iterations = 400, grads =   5.739e-06, unitary_metric = 0.99998
Error = :3.16e-01; Runtime: 58.7s; Iterations = 420, grads =   1.563e-04, unitary_metric = 0.99997
Error = :3.15e-01; Runtime: 61.5s; Iterations = 440, grads =   2.007e-03, unitary_metric = 0.99998
Error = :3.14e-01; Runtime: 64.2s; Iterations = 460, grads =   1.001e-04, unitary_metric = 0.99998
Error = :3.13e-01; Runtime: 66.9s; Iterations = 480, grads =   1.637e-05, unitary_metric = 0.99997
Error = :3.13e-01; Runtime: 69.6s; Iterations = 500, grads =   4.028e-06, unitary_metric = 0.99998
Error = :3.12e-01; Runtime: 72.6s; Iterations = 520, grads =   2.429e-06, unitary_metric = 0.99997
Error = :3.11e-01; Runtime: 75.3s; Iterations = 540, grads =   1.643e-06, unitary_metric = 0.99997
Error = :3.11e-01; Runtime: 78.0s; Iterations = 560, grads =   1.373e-06, unitary_metric = 0.99997
Error = :3.10e-01; Runtime: 80.8s; Iterations = 580, grads =   5.037e-04, unitary_metric = 0.99997
Error = :3.10e-01; Runtime: 83.5s; Iterations = 600, grads =   1.414e-04, unitary_metric = 0.99997
Error = :3.10e-01; Runtime: 86.4s; Iterations = 620, grads =   6.976e-04, unitary_metric = 0.99997
Error = :3.09e-01; Runtime: 89.2s; Iterations = 640, grads =   3.642e-04, unitary_metric = 0.99997
Error = :3.09e-01; Runtime: 91.9s; Iterations = 660, grads =   8.028e-06, unitary_metric = 0.99997
Error = :3.09e-01; Runtime: 94.6s; Iterations = 680, grads =   9.210e-06, unitary_metric = 0.99997
Error = :3.09e-01; Runtime: 97.3s; Iterations = 700, grads =   1.801e-06, unitary_metric = 0.99997
Error = :3.09e-01; Runtime: 100.3s; Iterations = 720, grads =   8.509e-07, unitary_metric = 0.99997
Error = :3.09e-01; Runtime: 103.0s; Iterations = 740, grads =   8.531e-07, unitary_metric = 0.99997
Error = :3.09e-01; Runtime: 105.7s; Iterations = 760, grads =   6.775e-04, unitary_metric = 0.99998
Error = :3.08e-01; Runtime: 108.4s; Iterations = 780, grads =   1.748e-03, unitary_metric = 0.99997
Error = :3.08e-01; Runtime: 111.2s; Iterations = 800, grads =   1.307e-04, unitary_metric = 0.99997
Error = :3.08e-01; Runtime: 114.1s; Iterations = 820, grads =   1.040e-05, unitary_metric = 0.99997
Error = :3.07e-01; Runtime: 116.8s; Iterations = 840, grads =   4.976e-06, unitary_metric = 0.99997
Error = :3.07e-01; Runtime: 119.6s; Iterations = 860, grads =   2.550e-06, unitary_metric = 0.99998
Error = :3.06e-01; Runtime: 122.3s; Iterations = 880, grads =   3.689e-06, unitary_metric = 0.99998
Error = :3.06e-01; Runtime: 125.0s; Iterations = 900, grads =   1.211e-03, unitary_metric = 0.99997
Error = :3.05e-01; Runtime: 127.9s; Iterations = 920, grads =   2.105e-04, unitary_metric = 0.99998
Error = :3.05e-01; Runtime: 130.7s; Iterations = 940, grads =   9.783e-06, unitary_metric = 0.99997
Error = :3.05e-01; Runtime: 133.6s; Iterations = 960, grads =   5.469e-04, unitary_metric = 0.99997
Error = :3.05e-01; Runtime: 136.3s; Iterations = 980, grads =   4.539e-04, unitary_metric = 0.99998
Error = :3.05e-01; Runtime: 139.0s; Iterations = 1000, grads =   5.862e-05, unitary_metric = 0.99998
Error = :3.05e-01; Runtime: 142.0s; Iterations = 1020, grads =   5.184e-06, unitary_metric = 0.99998
Error = :3.04e-01; Runtime: 144.7s; Iterations = 1040, grads =   1.481e-06, unitary_metric = 0.99997
Error = :3.04e-01; Runtime: 147.4s; Iterations = 1060, grads =   3.485e-04, unitary_metric = 0.99997
Error = :3.04e-01; Runtime: 150.1s; Iterations = 1080, grads =   1.267e-05, unitary_metric = 0.99998
Error = :3.04e-01; Runtime: 152.9s; Iterations = 1100, grads =   3.867e-05, unitary_metric = 0.99997
Error = :3.04e-01; Runtime: 155.8s; Iterations = 1120, grads =   3.491e-07, unitary_metric = 0.99997
Error = :3.04e-01; Runtime: 158.5s; Iterations = 1140, grads =   4.590e-07, unitary_metric = 0.99997
Error = :3.04e-01; Runtime: 161.3s; Iterations = 1160, grads =   7.570e-06, unitary_metric = 0.99998
Error = :3.04e-01; Runtime: 164.0s; Iterations = 1180, grads =   1.137e-03, unitary_metric = 0.99997
Error = :3.04e-01; Runtime: 166.7s; Iterations = 1200, grads =   2.730e-05, unitary_metric = 0.99998
Error = :3.04e-01; Runtime: 169.6s; Iterations = 1220, grads =   6.354e-06, unitary_metric = 0.99998
Error = :3.04e-01; Runtime: 172.4s; Iterations = 1240, grads =   2.929e-04, unitary_metric = 0.99997
Error = :3.04e-01; Runtime: 175.1s; Iterations = 1260, grads =   3.855e-05, unitary_metric = 0.99997
Error = :3.04e-01; Runtime: 177.8s; Iterations = 1280, grads =   1.495e-05, unitary_metric = 0.99997
Error = :3.04e-01; Runtime: 180.5s; Iterations = 1300, grads =   4.408e-06, unitary_metric = 0.99997
Error = :3.04e-01; Runtime: 183.5s; Iterations = 1320, grads =   8.446e-07, unitary_metric = 0.99997
Error = :3.04e-01; Runtime: 186.2s; Iterations = 1340, grads =   5.995e-05, unitary_metric = 0.99998
Error = :3.04e-01; Runtime: 188.9s; Iterations = 1360, grads =   1.518e-04, unitary_metric = 0.99997
Error = :3.04e-01; Runtime: 191.6s; Iterations = 1380, grads =   4.695e-05, unitary_metric = 0.99997
Error = :3.04e-01; Runtime: 194.3s; Iterations = 1400, grads =   1.247e-05, unitary_metric = 0.99997
Error = :3.04e-01; Runtime: 197.2s; Iterations = 1420, grads =   5.480e-04, unitary_metric = 0.99997
Error = :3.04e-01; Runtime: 200.0s; Iterations = 1440, grads =   5.186e-07, unitary_metric = 0.99997
Error = :3.04e-01; Runtime: 202.7s; Iterations = 1460, grads =   6.760e-07, unitary_metric = 0.99997
Error = :3.04e-01; Runtime: 205.4s; Iterations = 1480, grads =   1.589e-06, unitary_metric = 0.99997
Error = :3.04e-01; Runtime: 208.1s; Iterations = 1500, grads =   2.255e-07, unitary_metric = 0.99997
Error = :3.04e-01; Runtime: 211.1s; Iterations = 1520, grads =   5.779e-05, unitary_metric = 0.99997
Error = :3.04e-01; Runtime: 213.8s; Iterations = 1540, grads =   4.375e-04, unitary_metric = 0.99997
Error = :3.04e-01; Runtime: 216.5s; Iterations = 1560, grads =   7.690e-05, unitary_metric = 0.99997
Error = :3.04e-01; Runtime: 219.2s; Iterations = 1580, grads =   7.735e-06, unitary_metric = 0.99997
Error = :3.04e-01; Runtime: 221.9s; Iterations = 1600, grads =   2.320e-05, unitary_metric = 0.99997
Error = :3.04e-01; Runtime: 224.9s; Iterations = 1620, grads =   2.748e-06, unitary_metric = 0.99997
Error = :3.04e-01; Runtime: 227.6s; Iterations = 1640, grads =   9.408e-07, unitary_metric = 0.99997
Error = :3.04e-01; Runtime: 230.3s; Iterations = 1660, grads =   5.977e-07, unitary_metric = 0.99997
Error = :3.04e-01; Runtime: 233.0s; Iterations = 1680, grads =   2.990e-05, unitary_metric = 0.99997
Error = :3.04e-01; Runtime: 235.8s; Iterations = 1700, grads =   4.780e-05, unitary_metric = 0.99997
Error = :3.04e-01; Runtime: 238.7s; Iterations = 1720, grads =   7.733e-06, unitary_metric = 0.99997
Error = :3.04e-01; Runtime: 241.5s; Iterations = 1740, grads =   1.746e-06, unitary_metric = 0.99997
Error = :3.04e-01; Runtime: 244.2s; Iterations = 1760, grads =   3.989e-05, unitary_metric = 0.99997
Error = :3.03e-01; Runtime: 246.9s; Iterations = 1780, grads =   2.256e-06, unitary_metric = 0.99997
Error = :3.03e-01; Runtime: 249.6s; Iterations = 1800, grads =   1.119e-05, unitary_metric = 0.99997
Error = :3.03e-01; Runtime: 252.6s; Iterations = 1820, grads =   6.255e-06, unitary_metric = 0.99997
Error = :3.03e-01; Runtime: 255.3s; Iterations = 1840, grads =   2.172e-07, unitary_metric = 0.99997
Error = :3.03e-01; Runtime: 258.0s; Iterations = 1860, grads =   6.066e-06, unitary_metric = 0.99997
Error = :3.04e-01; Runtime: 260.9s; Iterations = 1880, grads =   4.716e-04, unitary_metric = 0.99997
Error = :3.03e-01; Runtime: 263.7s; Iterations = 1900, grads =   6.027e-05, unitary_metric = 0.99997
Error = :3.03e-01; Runtime: 266.7s; Iterations = 1920, grads =   1.059e-05, unitary_metric = 0.99997
Error = :3.03e-01; Runtime: 269.4s; Iterations = 1940, grads =   4.670e-05, unitary_metric = 0.99997
Error = :3.03e-01; Runtime: 272.1s; Iterations = 1960, grads =   2.810e-05, unitary_metric = 0.99997
Error = :3.03e-01; Runtime: 274.8s; Iterations = 1980, grads =   1.712e-05, unitary_metric = 0.99997
Error = :3.03e-01; Runtime: 277.5s; Iterations = 2000, grads =   5.970e-06, unitary_metric = 0.99997
Error = :3.03e-01; Runtime: 280.6s; Iterations = 2020, grads =   1.528e-06, unitary_metric = 0.99997
Error = :3.03e-01; Runtime: 283.3s; Iterations = 2040, grads =   7.617e-07, unitary_metric = 0.99997
Error = :3.03e-01; Runtime: 286.0s; Iterations = 2060, grads =   8.084e-06, unitary_metric = 0.99997
Error = :3.03e-01; Runtime: 288.8s; Iterations = 2080, grads =   3.643e-04, unitary_metric = 0.99997
Error = :3.03e-01; Runtime: 291.5s; Iterations = 2100, grads =   7.501e-06, unitary_metric = 0.99998
Error = :3.03e-01; Runtime: 294.5s; Iterations = 2120, grads =   1.976e-04, unitary_metric = 0.99997
Error = :3.03e-01; Runtime: 297.2s; Iterations = 2140, grads =   8.774e-05, unitary_metric = 0.99997
Error = :3.03e-01; Runtime: 299.9s; Iterations = 2160, grads =   9.079e-06, unitary_metric = 0.99997
Error = :3.03e-01; Runtime: 302.6s; Iterations = 2180, grads =   4.529e-06, unitary_metric = 0.99997
Error = :3.03e-01; Runtime: 305.3s; Iterations = 2200, grads =   8.477e-07, unitary_metric = 0.99997
Error = :3.03e-01; Runtime: 308.3s; Iterations = 2220, grads =   4.008e-08, unitary_metric = 0.99997
Error = :3.03e-01; Runtime: 311.0s; Iterations = 2240, grads =   7.037e-07, unitary_metric = 0.99997
Error = :3.03e-01; Runtime: 313.8s; Iterations = 2260, grads =   1.114e-04, unitary_metric = 0.99997
Error = :3.03e-01; Runtime: 316.5s; Iterations = 2280, grads =   7.902e-05, unitary_metric = 0.99997
Error = :3.03e-01; Runtime: 319.2s; Iterations = 2300, grads =   8.592e-06, unitary_metric = 0.99997
Error = :3.03e-01; Runtime: 322.1s; Iterations = 2320, grads =   2.234e-04, unitary_metric = 0.99997
Error = :3.03e-01; Runtime: 324.9s; Iterations = 2340, grads =   2.033e-05, unitary_metric = 0.99997
Error = :3.03e-01; Runtime: 327.6s; Iterations = 2360, grads =   1.934e-07, unitary_metric = 0.99997
Error = :3.03e-01; Runtime: 330.3s; Iterations = 2380, grads =   9.120e-08, unitary_metric = 0.99997
Error = :3.03e-01; Runtime: 333.0s; Iterations = 2400, grads =   7.913e-08, unitary_metric = 0.99997
Error = :3.03e-01; Runtime: 336.0s; Iterations = 2420, grads =   4.103e-07, unitary_metric = 0.99997
Error = :3.03e-01; Runtime: 338.7s; Iterations = 2440, grads =   1.139e-04, unitary_metric = 0.99997
Error = :3.03e-01; Runtime: 341.4s; Iterations = 2460, grads =   1.856e-04, unitary_metric = 0.99997
Error = :3.03e-01; Runtime: 344.1s; Iterations = 2480, grads =   1.311e-04, unitary_metric = 0.99997
Error = :3.03e-01; Runtime: 346.8s; Iterations = 2500, grads =   2.066e-05, unitary_metric = 0.99997
Error = :3.03e-01; Runtime: 349.8s; Iterations = 2520, grads =   2.574e-06, unitary_metric = 0.99997
Error = :3.03e-01; Runtime: 352.5s; Iterations = 2540, grads =   4.774e-07, unitary_metric = 0.99997
Error = :3.03e-01; Runtime: 355.2s; Iterations = 2560, grads =   2.517e-07, unitary_metric = 0.99997
Error = :3.03e-01; Runtime: 358.0s; Iterations = 2580, grads =   3.141e-08, unitary_metric = 0.99997
Error = :3.03e-01; Runtime: 360.7s; Iterations = 2600, grads =   5.278e-08, unitary_metric = 0.99997
Error = :3.03e-01; Runtime: 363.7s; Iterations = 2620, grads =   3.259e-08, unitary_metric = 0.99998
Error = :3.03e-01; Runtime: 366.4s; Iterations = 2640, grads =   1.401e-08, unitary_metric = 0.99997
Error = :3.03e-01; Runtime: 369.1s; Iterations = 2660, grads =   4.225e-08, unitary_metric = 0.99997
Error = :3.03e-01; Runtime: 371.8s; Iterations = 2680, grads =   6.406e-07, unitary_metric = 0.99998
Error = :3.03e-01; Runtime: 374.5s; Iterations = 2700, grads =   7.372e-05, unitary_metric = 0.99997
Error = :3.03e-01; Runtime: 377.7s; Iterations = 2720, grads =   2.738e-04, unitary_metric = 0.99997
Error = :3.03e-01; Runtime: 380.4s; Iterations = 2740, grads =   1.779e-05, unitary_metric = 0.99997
Error = :3.03e-01; Runtime: 383.1s; Iterations = 2760, grads =   4.615e-06, unitary_metric = 0.99997
Error = :3.03e-01; Runtime: 385.8s; Iterations = 2780, grads =   3.498e-07, unitary_metric = 0.99997
Error = :3.03e-01; Runtime: 388.5s; Iterations = 2800, grads =   5.704e-08, unitary_metric = 0.99997
Error = :3.03e-01; Runtime: 391.5s; Iterations = 2820, grads =   9.866e-09, unitary_metric = 0.99997
Error = :3.03e-01; Runtime: 394.2s; Iterations = 2840, grads =   1.591e-08, unitary_metric = 0.99997
Error = :3.03e-01; Runtime: 396.9s; Iterations = 2860, grads =   2.870e-08, unitary_metric = 0.99997
Error = :3.03e-01; Runtime: 399.6s; Iterations = 2880, grads =   1.380e-06, unitary_metric = 0.99997
Error = :3.03e-01; Runtime: 402.3s; Iterations = 2900, grads =   3.410e-04, unitary_metric = 0.99997
Error = :3.03e-01; Runtime: 405.3s; Iterations = 2920, grads =   1.576e-05, unitary_metric = 0.99997
Error = :3.03e-01; Runtime: 408.0s; Iterations = 2940, grads =   8.509e-06, unitary_metric = 0.99997
Error = :3.03e-01; Runtime: 410.7s; Iterations = 2960, grads =   2.908e-04, unitary_metric = 0.99997
Error = :3.03e-01; Runtime: 413.5s; Iterations = 2980, grads =   2.799e-05, unitary_metric = 0.99997
Error = :3.03e-01; Runtime: 416.2s; Iterations = 3000, grads =   3.288e-06, unitary_metric = 0.99997
Error = :3.03e-01; Runtime: 419.1s; Iterations = 3020, grads =   2.066e-07, unitary_metric = 0.99997
Error = :3.03e-01; Runtime: 421.8s; Iterations = 3040, grads =   3.798e-08, unitary_metric = 0.99997
Error = :3.03e-01; Runtime: 424.6s; Iterations = 3060, grads =   1.920e-08, unitary_metric = 0.99997
Error = :3.03e-01; Runtime: 427.3s; Iterations = 3080, grads =   1.522e-08, unitary_metric = 0.99997
Error = :3.03e-01; Runtime: 430.0s; Iterations = 3100, grads =   1.047e-08, unitary_metric = 0.99997
Error = :3.03e-01; Runtime: 432.9s; Iterations = 3120, grads =   5.797e-08, unitary_metric = 0.99997
Error = :3.03e-01; Runtime: 435.7s; Iterations = 3140, grads =   9.534e-06, unitary_metric = 0.99997
Error = :3.03e-01; Runtime: 438.4s; Iterations = 3160, grads =   1.423e-05, unitary_metric = 0.99997
Error = :3.03e-01; Runtime: 441.1s; Iterations = 3180, grads =   1.541e-04, unitary_metric = 0.99997
Error = :3.03e-01; Runtime: 443.8s; Iterations = 3200, grads =   1.676e-05, unitary_metric = 0.99997
Error = :3.03e-01; Runtime: 447.0s; Iterations = 3220, grads =   4.866e-06, unitary_metric = 0.99997
Error = :3.03e-01; Runtime: 449.7s; Iterations = 3240, grads =   1.319e-07, unitary_metric = 0.99997
Error = :3.03e-01; Runtime: 452.4s; Iterations = 3260, grads =   1.612e-07, unitary_metric = 0.99997
Error = :3.03e-01; Runtime: 455.1s; Iterations = 3280, grads =   8.902e-08, unitary_metric = 0.99997
Error = :3.03e-01; Runtime: 457.8s; Iterations = 3300, grads =   2.958e-08, unitary_metric = 0.99997
Error = :3.03e-01; Runtime: 460.8s; Iterations = 3320, grads =   1.887e-08, unitary_metric = 0.99997
Error = :3.03e-01; Runtime: 463.5s; Iterations = 3340, grads =   1.892e-08, unitary_metric = 0.99997
Error = :3.03e-01; Runtime: 466.2s; Iterations = 3360, grads =   6.117e-08, unitary_metric = 0.99997
Error = :3.03e-01; Runtime: 468.9s; Iterations = 3380, grads =   3.211e-06, unitary_metric = 0.99997
Error = :3.04e-01; Runtime: 471.6s; Iterations = 3400, grads =   1.476e-04, unitary_metric = 0.99997
Error = :3.04e-01; Runtime: 474.5s; Iterations = 3420, grads =   8.536e-05, unitary_metric = 0.99997
Error = :3.04e-01; Runtime: 477.2s; Iterations = 3440, grads =   4.395e-06, unitary_metric = 0.99998
Error = :3.04e-01; Runtime: 480.0s; Iterations = 3460, grads =   1.212e-06, unitary_metric = 0.99997
Error = :3.04e-01; Runtime: 482.7s; Iterations = 3480, grads =   1.869e-07, unitary_metric = 0.99997
Error = :3.04e-01; Runtime: 485.4s; Iterations = 3500, grads =   5.520e-08, unitary_metric = 0.99997
Error = :3.04e-01; Runtime: 488.3s; Iterations = 3520, grads =   1.399e-08, unitary_metric = 0.99997
Error = :3.04e-01; Runtime: 491.0s; Iterations = 3540, grads =   1.146e-08, unitary_metric = 0.99997
Error = :3.04e-01; Runtime: 493.9s; Iterations = 3560, grads =   4.396e-08, unitary_metric = 0.99997
Error = :3.04e-01; Runtime: 496.6s; Iterations = 3580, grads =   8.436e-06, unitary_metric = 0.99997
Error = :3.04e-01; Runtime: 499.3s; Iterations = 3600, grads =   9.575e-07, unitary_metric = 0.99997
Error = :3.04e-01; Runtime: 502.3s; Iterations = 3620, grads =   3.129e-06, unitary_metric = 0.99997
Error = :3.04e-01; Runtime: 505.0s; Iterations = 3640, grads =   1.754e-06, unitary_metric = 0.99997
Error = :3.04e-01; Runtime: 507.7s; Iterations = 3660, grads =   3.510e-07, unitary_metric = 0.99997
Error = :3.04e-01; Runtime: 510.4s; Iterations = 3680, grads =   2.512e-07, unitary_metric = 0.99997
Error = :3.04e-01; Runtime: 513.1s; Iterations = 3700, grads =   2.990e-05, unitary_metric = 0.99997
Error = :3.04e-01; Runtime: 516.0s; Iterations = 3720, grads =   4.035e-05, unitary_metric = 0.99997
Error = :3.04e-01; Runtime: 518.8s; Iterations = 3740, grads =   3.520e-06, unitary_metric = 0.99997
Error = :3.04e-01; Runtime: 521.5s; Iterations = 3760, grads =   2.726e-07, unitary_metric = 0.99997
Error = :3.04e-01; Runtime: 524.2s; Iterations = 3780, grads =   2.960e-08, unitary_metric = 0.99997
Error = :3.04e-01; Runtime: 526.9s; Iterations = 3800, grads =   1.752e-08, unitary_metric = 0.99997
Error = :3.04e-01; Runtime: 529.8s; Iterations = 3820, grads =   9.364e-09, unitary_metric = 0.99997
Error = :3.04e-01; Runtime: 532.5s; Iterations = 3840, grads =   1.127e-08, unitary_metric = 0.99997
Error = :3.04e-01; Runtime: 535.2s; Iterations = 3860, grads =   3.249e-07, unitary_metric = 0.99997
Error = :3.04e-01; Runtime: 537.9s; Iterations = 3880, grads =   7.895e-05, unitary_metric = 0.99997
Error = :3.04e-01; Runtime: 540.6s; Iterations = 3900, grads =   2.261e-05, unitary_metric = 0.99997
Error = :3.04e-01; Runtime: 543.5s; Iterations = 3920, grads =   1.229e-05, unitary_metric = 0.99997
Error = :3.04e-01; Runtime: 546.3s; Iterations = 3940, grads =   8.065e-06, unitary_metric = 0.99997
Error = :3.04e-01; Runtime: 549.0s; Iterations = 3960, grads =   6.175e-06, unitary_metric = 0.99997
Error = :3.04e-01; Runtime: 551.7s; Iterations = 3980, grads =   4.496e-08, unitary_metric = 0.99997
Error = :3.04e-01; Runtime: 554.4s; Iterations = 4000, grads =   1.313e-07, unitary_metric = 0.99997
Error = :3.04e-01; Runtime: 557.3s; Iterations = 4020, grads =   2.857e-08, unitary_metric = 0.99997
Error = :3.04e-01; Runtime: 560.0s; Iterations = 4040, grads =   8.888e-09, unitary_metric = 0.99997
Error = :3.04e-01; Runtime: 562.7s; Iterations = 4060, grads =   9.034e-09, unitary_metric = 0.99997
Error = :3.04e-01; Runtime: 565.4s; Iterations = 4080, grads =   4.476e-08, unitary_metric = 0.99997
Error = :3.04e-01; Runtime: 568.1s; Iterations = 4100, grads =   1.996e-06, unitary_metric = 0.99997
Error = :3.04e-01; Runtime: 571.1s; Iterations = 4120, grads =   1.236e-04, unitary_metric = 0.99997
Error = :3.04e-01; Runtime: 573.8s; Iterations = 4140, grads =   4.845e-05, unitary_metric = 0.99997
Error = :3.04e-01; Runtime: 576.5s; Iterations = 4160, grads =   7.274e-06, unitary_metric = 0.99997
Error = :3.04e-01; Runtime: 579.2s; Iterations = 4180, grads =   7.099e-07, unitary_metric = 0.99997
Error = :3.04e-01; Runtime: 581.9s; Iterations = 4200, grads =   1.006e-07, unitary_metric = 0.99997
Error = :3.04e-01; Runtime: 584.9s; Iterations = 4220, grads =   6.814e-09, unitary_metric = 0.99997
Error = :3.04e-01; Runtime: 587.6s; Iterations = 4240, grads =   7.271e-09, unitary_metric = 0.99997
Error = :3.04e-01; Runtime: 590.3s; Iterations = 4260, grads =   5.521e-09, unitary_metric = 0.99997
Error = :3.04e-01; Runtime: 593.0s; Iterations = 4280, grads =   5.854e-09, unitary_metric = 0.99997
Error = :3.04e-01; Runtime: 595.7s; Iterations = 4300, grads =   5.552e-09, unitary_metric = 0.99997
Error = :3.04e-01; Runtime: 598.7s; Iterations = 4320, grads =   9.891e-09, unitary_metric = 0.99997
Error = :3.04e-01; Runtime: 601.4s; Iterations = 4340, grads =   2.871e-07, unitary_metric = 0.99997
Error = :3.04e-01; Runtime: 604.1s; Iterations = 4360, grads =   4.943e-05, unitary_metric = 0.99997
Error = :3.04e-01; Runtime: 606.8s; Iterations = 4380, grads =   2.723e-05, unitary_metric = 0.99997
Error = :3.04e-01; Runtime: 609.5s; Iterations = 4400, grads =   3.010e-06, unitary_metric = 0.99997
Error = :3.04e-01; Runtime: 612.4s; Iterations = 4420, grads =   3.875e-07, unitary_metric = 0.99997
Error = :3.04e-01; Runtime: 615.1s; Iterations = 4440, grads =   3.328e-07, unitary_metric = 0.99997
Error = :3.04e-01; Runtime: 618.1s; Iterations = 4460, grads =   4.279e-08, unitary_metric = 0.99997
Error = :3.04e-01; Runtime: 620.8s; Iterations = 4480, grads =   1.313e-08, unitary_metric = 0.99997
Error = :3.04e-01; Runtime: 623.5s; Iterations = 4500, grads =   6.641e-09, unitary_metric = 0.99997
Error = :3.04e-01; Runtime: 626.4s; Iterations = 4520, grads =   4.551e-09, unitary_metric = 0.99997
Error = :3.04e-01; Runtime: 629.2s; Iterations = 4540, grads =   5.117e-09, unitary_metric = 0.99997
Error = :3.04e-01; Runtime: 631.9s; Iterations = 4560, grads =   5.693e-09, unitary_metric = 0.99997
Error = :3.04e-01; Runtime: 634.6s; Iterations = 4580, grads =   1.117e-07, unitary_metric = 0.99998
Error = :3.04e-01; Runtime: 637.3s; Iterations = 4600, grads =   1.372e-05, unitary_metric = 0.99997
Error = :3.04e-01; Runtime: 640.2s; Iterations = 4620, grads =   4.703e-06, unitary_metric = 0.99997
Error = :3.04e-01; Runtime: 642.9s; Iterations = 4640, grads =   1.445e-05, unitary_metric = 0.99997
Error = :3.04e-01; Runtime: 645.7s; Iterations = 4660, grads =   1.758e-06, unitary_metric = 0.99998
Error = :3.04e-01; Runtime: 648.6s; Iterations = 4680, grads =   2.432e-06, unitary_metric = 0.99997
Error = :3.04e-01; Runtime: 651.3s; Iterations = 4700, grads =   6.845e-09, unitary_metric = 0.99997
Error = :3.04e-01; Runtime: 654.2s; Iterations = 4720, grads =   1.454e-08, unitary_metric = 0.99997
Error = :3.04e-01; Runtime: 656.9s; Iterations = 4740, grads =   4.782e-08, unitary_metric = 0.99997
Error = :3.04e-01; Runtime: 659.6s; Iterations = 4760, grads =   8.350e-06, unitary_metric = 0.99997
Error = :3.04e-01; Runtime: 662.3s; Iterations = 4780, grads =   8.303e-06, unitary_metric = 0.99998
Error = :3.04e-01; Runtime: 665.0s; Iterations = 4800, grads =   1.197e-05, unitary_metric = 0.99998
Error = :3.04e-01; Runtime: 668.0s; Iterations = 4820, grads =   1.863e-06, unitary_metric = 0.99997
Error = :3.04e-01; Runtime: 670.7s; Iterations = 4840, grads =   1.936e-07, unitary_metric = 0.99997
Error = :3.04e-01; Runtime: 673.4s; Iterations = 4860, grads =   1.285e-07, unitary_metric = 0.99997
Error = :3.04e-01; Runtime: 676.1s; Iterations = 4880, grads =   9.633e-08, unitary_metric = 0.99997
Error = :3.04e-01; Runtime: 678.8s; Iterations = 4900, grads =   2.907e-07, unitary_metric = 0.99997
Error = :3.04e-01; Runtime: 681.7s; Iterations = 4920, grads =   8.225e-06, unitary_metric = 0.99997
Error = :3.04e-01; Runtime: 684.5s; Iterations = 4940, grads =   8.859e-07, unitary_metric = 0.99997
Error = :3.04e-01; Runtime: 687.2s; Iterations = 4960, grads =   1.356e-06, unitary_metric = 0.99997
Error = :3.04e-01; Runtime: 689.9s; Iterations = 4980, grads =   2.695e-07, unitary_metric = 0.99997
Error = :3.04e-01; Runtime: 692.6s; Iterations = 5000, grads =   8.662e-07, unitary_metric = 0.99997
Error = :3.04e-01; Runtime: 695.6s; Iterations = 5020, grads =   3.001e-06, unitary_metric = 0.99997
Error = :3.04e-01; Runtime: 698.3s; Iterations = 5040, grads =   2.657e-05, unitary_metric = 0.99997
Error = :3.04e-01; Runtime: 701.0s; Iterations = 5060, grads =   6.977e-06, unitary_metric = 0.99997
Error = :3.04e-01; Runtime: 703.7s; Iterations = 5080, grads =   1.809e-05, unitary_metric = 0.99997
Error = :3.04e-01; Runtime: 706.4s; Iterations = 5100, grads =   2.420e-06, unitary_metric = 0.99998
Error = :3.04e-01; Runtime: 709.4s; Iterations = 5120, grads =   5.257e-07, unitary_metric = 0.99997
Error = :3.04e-01; Runtime: 712.2s; Iterations = 5140, grads =   1.729e-07, unitary_metric = 0.99998
Error = :3.04e-01; Runtime: 714.9s; Iterations = 5160, grads =   2.095e-06, unitary_metric = 0.99997
Error = :3.04e-01; Runtime: 717.6s; Iterations = 5180, grads =   2.490e-05, unitary_metric = 0.99997
Error = :3.04e-01; Runtime: 720.3s; Iterations = 5200, grads =   7.397e-07, unitary_metric = 0.99997
Error = :3.04e-01; Runtime: 723.2s; Iterations = 5220, grads =   1.186e-06, unitary_metric = 0.99997
Error = :3.04e-01; Runtime: 726.0s; Iterations = 5240, grads =   2.207e-06, unitary_metric = 0.99997
Error = :3.04e-01; Runtime: 728.7s; Iterations = 5260, grads =   2.019e-06, unitary_metric = 0.99998
Error = :3.04e-01; Runtime: 731.4s; Iterations = 5280, grads =   7.544e-07, unitary_metric = 0.99997
Error = :3.04e-01; Runtime: 734.1s; Iterations = 5300, grads =   3.425e-05, unitary_metric = 0.99997
Error = :3.04e-01; Runtime: 737.3s; Iterations = 5320, grads =   1.025e-05, unitary_metric = 0.99998
Error = :3.04e-01; Runtime: 740.0s; Iterations = 5340, grads =   1.466e-06, unitary_metric = 0.99998
Error = :3.04e-01; Runtime: 742.7s; Iterations = 5360, grads =   2.201e-07, unitary_metric = 0.99997
Error = :3.04e-01; Runtime: 745.4s; Iterations = 5380, grads =   3.553e-07, unitary_metric = 0.99997
Error = :3.04e-01; Runtime: 748.1s; Iterations = 5400, grads =   2.344e-07, unitary_metric = 0.99997
Error = :3.04e-01; Runtime: 751.0s; Iterations = 5420, grads =   3.196e-07, unitary_metric = 0.99997
Error = :3.04e-01; Runtime: 753.7s; Iterations = 5440, grads =   4.951e-06, unitary_metric = 0.99998
Error = :3.04e-01; Runtime: 756.4s; Iterations = 5460, grads =   6.761e-06, unitary_metric = 0.99997
Error = :3.04e-01; Runtime: 759.1s; Iterations = 5480, grads =   3.630e-06, unitary_metric = 0.99997
Error = :3.04e-01; Runtime: 761.9s; Iterations = 5500, grads =   3.647e-07, unitary_metric = 0.99997
Error = :3.04e-01; Runtime: 764.8s; Iterations = 5520, grads =   1.008e-07, unitary_metric = 0.99997
Error = :3.04e-01; Runtime: 767.5s; Iterations = 5540, grads =   1.192e-08, unitary_metric = 0.99997
Error = :3.04e-01; Runtime: 770.2s; Iterations = 5560, grads =   5.686e-08, unitary_metric = 0.99997
Error = :3.04e-01; Runtime: 772.9s; Iterations = 5580, grads =   2.296e-06, unitary_metric = 0.99997
Error = :3.04e-01; Runtime: 775.6s; Iterations = 5600, grads =   1.323e-05, unitary_metric = 0.99997
Error = :3.04e-01; Runtime: 778.6s; Iterations = 5620, grads =   9.927e-06, unitary_metric = 0.99997
Error = :3.04e-01; Runtime: 781.3s; Iterations = 5640, grads =   1.518e-05, unitary_metric = 0.99997
Error = :3.04e-01; Runtime: 784.0s; Iterations = 5660, grads =   2.460e-06, unitary_metric = 0.99997
Error = :3.04e-01; Runtime: 786.7s; Iterations = 5680, grads =   3.228e-07, unitary_metric = 0.99997
Error = :3.04e-01; Runtime: 789.4s; Iterations = 5700, grads =   5.936e-08, unitary_metric = 0.99997
Error = :3.04e-01; Runtime: 792.4s; Iterations = 5720, grads =   7.610e-08, unitary_metric = 0.99997
Error = :3.04e-01; Runtime: 795.1s; Iterations = 5740, grads =   1.982e-07, unitary_metric = 0.99997
Error = :3.04e-01; Runtime: 797.8s; Iterations = 5760, grads =   8.674e-07, unitary_metric = 0.99997
Error = :3.04e-01; Runtime: 800.5s; Iterations = 5780, grads =   1.023e-05, unitary_metric = 0.99997
Error = :3.04e-01; Runtime: 803.2s; Iterations = 5800, grads =   7.579e-06, unitary_metric = 0.99997
Error = :3.04e-01; Runtime: 806.2s; Iterations = 5820, grads =   5.057e-08, unitary_metric = 0.99997
Error = :3.04e-01; Runtime: 808.9s; Iterations = 5840, grads =   7.325e-08, unitary_metric = 0.99997
Error = :3.04e-01; Runtime: 811.6s; Iterations = 5860, grads =   1.903e-08, unitary_metric = 0.99997
Error = :3.04e-01; Runtime: 814.3s; Iterations = 5880, grads =   5.954e-07, unitary_metric = 0.99997
Error = :3.04e-01; Runtime: 817.0s; Iterations = 5900, grads =   3.544e-05, unitary_metric = 0.99997
Error = :3.03e-01; Runtime: 820.0s; Iterations = 5920, grads =   2.378e-06, unitary_metric = 0.99997
Error = :3.03e-01; Runtime: 822.7s; Iterations = 5940, grads =   2.378e-06, unitary_metric = 0.99997
Error = :3.03e-01; Runtime: 825.4s; Iterations = 5960, grads =   8.710e-06, unitary_metric = 0.99997
Error = :3.03e-01; Runtime: 828.1s; Iterations = 5980, grads =   1.399e-06, unitary_metric = 0.99997
Error = :3.03e-01; Runtime: 830.8s; Iterations = 6000, grads =   2.022e-07, unitary_metric = 0.99997
data saved at: /project/ftchong/qoc/yongshan/00005_05_flexErdosRenyiN8p8_slice_40.h5


trying total_time: 12.35 for unitary of size (16, 16)
data saved at: /project/ftchong/qoc/yongshan/00006_05_flexErdosRenyiN8p8_slice_40.h5
Using 7 Taylor terms and 2 Scaling & Squaring terms
Building graph:
Propagators initialized.
Operators weight initialized.
Intermediate propagation variables initialized.
Intermediate propagators initialized.
Vectors initialized.
Training loss initialized.
Optimizer initialized.
Utilities initialized.
Graph built!
Initialized
Error = :1.00e+00; Runtime: 0.4s; Iterations = 0, grads =   7.791e-06, unitary_metric = 1.00000
Error = :9.56e-01; Runtime: 5.1s; Iterations = 20, grads =   3.282e-04, unitary_metric = 1.00000
Error = :8.81e-01; Runtime: 9.2s; Iterations = 40, grads =   1.005e-03, unitary_metric = 0.99998
Error = :7.87e-01; Runtime: 13.3s; Iterations = 60, grads =   7.049e-03, unitary_metric = 0.99999
Error = :6.38e-01; Runtime: 17.4s; Iterations = 80, grads =   2.695e-03, unitary_metric = 0.99998
Error = :5.05e-01; Runtime: 21.5s; Iterations = 100, grads =   2.150e-03, unitary_metric = 0.99998
Error = :4.31e-01; Runtime: 26.2s; Iterations = 120, grads =   5.008e-03, unitary_metric = 0.99998
Error = :6.28e-02; Runtime: 30.3s; Iterations = 140, grads =   1.198e-02, unitary_metric = 0.99997
Error = :1.05e-02; Runtime: 34.4s; Iterations = 160, grads =   1.026e-03, unitary_metric = 0.99997
Error = :3.75e-03; Runtime: 38.4s; Iterations = 180, grads =   6.204e-04, unitary_metric = 0.99997
Error = :1.90e-03; Runtime: 42.5s; Iterations = 200, grads =   2.160e-05, unitary_metric = 0.99997
Error = :1.16e-03; Runtime: 46.9s; Iterations = 220, grads =   1.335e-05, unitary_metric = 0.99997
Error = :9.93e-04; Runtime: 48.2s; Iterations = 226, grads =   5.824e-06, unitary_metric = 0.99997
data saved at: /project/ftchong/qoc/yongshan/00006_05_flexErdosRenyiN8p8_slice_40.h5


trying total_time: 10.3 for unitary of size (16, 16)
data saved at: /project/ftchong/qoc/yongshan/00007_05_flexErdosRenyiN8p8_slice_40.h5
Using 7 Taylor terms and 2 Scaling & Squaring terms
Building graph:
Propagators initialized.
Operators weight initialized.
Intermediate propagation variables initialized.
Intermediate propagators initialized.
Vectors initialized.
Training loss initialized.
Optimizer initialized.
Utilities initialized.
Graph built!
Initialized
Error = :9.99e-01; Runtime: 0.3s; Iterations = 0, grads =   1.369e-05, unitary_metric = 1.00000
Error = :9.63e-01; Runtime: 4.3s; Iterations = 20, grads =   3.089e-04, unitary_metric = 1.00000
Error = :9.39e-01; Runtime: 7.7s; Iterations = 40, grads =   5.876e-05, unitary_metric = 1.00000
Error = :9.36e-01; Runtime: 11.1s; Iterations = 60, grads =   2.457e-05, unitary_metric = 0.99999
Error = :9.20e-01; Runtime: 14.5s; Iterations = 80, grads =   1.409e-04, unitary_metric = 0.99999
Error = :8.34e-01; Runtime: 17.9s; Iterations = 100, grads =   7.841e-03, unitary_metric = 0.99999
Error = :6.37e-01; Runtime: 21.6s; Iterations = 120, grads =   5.302e-03, unitary_metric = 0.99998
Error = :5.59e-01; Runtime: 25.0s; Iterations = 140, grads =   6.125e-04, unitary_metric = 0.99998
Error = :5.40e-01; Runtime: 28.4s; Iterations = 160, grads =   1.217e-04, unitary_metric = 0.99998
Error = :5.25e-01; Runtime: 31.8s; Iterations = 180, grads =   3.174e-04, unitary_metric = 0.99998
Error = :4.47e-01; Runtime: 35.2s; Iterations = 200, grads =   2.917e-03, unitary_metric = 0.99998
Error = :3.34e-01; Runtime: 38.8s; Iterations = 220, grads =   7.125e-03, unitary_metric = 0.99997
Error = :3.03e-01; Runtime: 42.2s; Iterations = 240, grads =   1.258e-03, unitary_metric = 0.99997
Error = :2.93e-01; Runtime: 45.7s; Iterations = 260, grads =   4.814e-05, unitary_metric = 0.99997
Error = :2.88e-01; Runtime: 49.0s; Iterations = 280, grads =   4.698e-05, unitary_metric = 0.99997
Error = :2.86e-01; Runtime: 52.4s; Iterations = 300, grads =   1.685e-05, unitary_metric = 0.99997
Error = :2.84e-01; Runtime: 56.1s; Iterations = 320, grads =   3.858e-03, unitary_metric = 0.99997
Error = :2.82e-01; Runtime: 59.5s; Iterations = 340, grads =   1.136e-04, unitary_metric = 0.99997
Error = :2.80e-01; Runtime: 62.9s; Iterations = 360, grads =   1.622e-04, unitary_metric = 0.99997
Error = :2.79e-01; Runtime: 66.3s; Iterations = 380, grads =   2.151e-05, unitary_metric = 0.99997
Error = :2.78e-01; Runtime: 69.7s; Iterations = 400, grads =   7.795e-06, unitary_metric = 0.99997
Error = :2.78e-01; Runtime: 73.4s; Iterations = 420, grads =   3.852e-06, unitary_metric = 0.99997
Error = :2.77e-01; Runtime: 76.8s; Iterations = 440, grads =   3.467e-05, unitary_metric = 0.99997
Error = :2.77e-01; Runtime: 80.2s; Iterations = 460, grads =   2.606e-03, unitary_metric = 0.99997
Error = :2.76e-01; Runtime: 83.6s; Iterations = 480, grads =   6.562e-04, unitary_metric = 0.99997
Error = :2.76e-01; Runtime: 87.0s; Iterations = 500, grads =   1.005e-04, unitary_metric = 0.99997
Error = :2.76e-01; Runtime: 91.0s; Iterations = 520, grads =   5.154e-06, unitary_metric = 0.99997
Error = :2.75e-01; Runtime: 94.4s; Iterations = 540, grads =   2.093e-06, unitary_metric = 0.99997
Error = :2.75e-01; Runtime: 97.8s; Iterations = 560, grads =   1.303e-06, unitary_metric = 0.99997
Error = :2.75e-01; Runtime: 101.2s; Iterations = 580, grads =   3.215e-06, unitary_metric = 0.99997
Error = :2.76e-01; Runtime: 104.6s; Iterations = 600, grads =   7.354e-03, unitary_metric = 0.99997
Error = :2.75e-01; Runtime: 108.3s; Iterations = 620, grads =   2.208e-05, unitary_metric = 0.99997
Error = :2.74e-01; Runtime: 111.7s; Iterations = 640, grads =   8.459e-05, unitary_metric = 0.99997
Error = :2.74e-01; Runtime: 115.1s; Iterations = 660, grads =   1.633e-05, unitary_metric = 0.99997
Error = :2.74e-01; Runtime: 118.5s; Iterations = 680, grads =   2.433e-06, unitary_metric = 0.99997
Error = :2.74e-01; Runtime: 121.9s; Iterations = 700, grads =   9.213e-07, unitary_metric = 0.99997
Error = :2.74e-01; Runtime: 125.6s; Iterations = 720, grads =   5.545e-07, unitary_metric = 0.99997
Error = :2.74e-01; Runtime: 129.0s; Iterations = 740, grads =   7.974e-07, unitary_metric = 0.99997
Error = :2.74e-01; Runtime: 132.4s; Iterations = 760, grads =   3.024e-03, unitary_metric = 0.99997
Error = :2.73e-01; Runtime: 135.8s; Iterations = 780, grads =   1.540e-03, unitary_metric = 0.99997
Error = :2.73e-01; Runtime: 139.2s; Iterations = 800, grads =   1.376e-05, unitary_metric = 0.99997
Error = :2.73e-01; Runtime: 142.9s; Iterations = 820, grads =   1.697e-05, unitary_metric = 0.99997
Error = :2.73e-01; Runtime: 146.3s; Iterations = 840, grads =   2.085e-06, unitary_metric = 0.99997
Error = :2.73e-01; Runtime: 149.7s; Iterations = 860, grads =   7.531e-07, unitary_metric = 0.99997
Error = :2.73e-01; Runtime: 153.1s; Iterations = 880, grads =   1.942e-06, unitary_metric = 0.99997
Error = :2.74e-01; Runtime: 156.5s; Iterations = 900, grads =   3.646e-06, unitary_metric = 0.99997
Error = :2.73e-01; Runtime: 160.3s; Iterations = 920, grads =   3.225e-06, unitary_metric = 0.99997
Error = :2.73e-01; Runtime: 163.7s; Iterations = 940, grads =   1.775e-06, unitary_metric = 0.99997
Error = :2.72e-01; Runtime: 167.1s; Iterations = 960, grads =   1.268e-04, unitary_metric = 0.99997
Error = :2.72e-01; Runtime: 170.5s; Iterations = 980, grads =   7.334e-04, unitary_metric = 0.99997
Error = :2.72e-01; Runtime: 173.9s; Iterations = 1000, grads =   2.778e-04, unitary_metric = 0.99997
Error = :2.72e-01; Runtime: 177.6s; Iterations = 1020, grads =   7.295e-05, unitary_metric = 0.99997
Error = :2.72e-01; Runtime: 181.0s; Iterations = 1040, grads =   1.002e-05, unitary_metric = 0.99997
Error = :2.72e-01; Runtime: 184.4s; Iterations = 1060, grads =   1.543e-06, unitary_metric = 0.99997
Error = :2.71e-01; Runtime: 187.8s; Iterations = 1080, grads =   9.283e-07, unitary_metric = 0.99997
Error = :2.71e-01; Runtime: 191.1s; Iterations = 1100, grads =   7.843e-07, unitary_metric = 0.99997
Error = :2.71e-01; Runtime: 194.8s; Iterations = 1120, grads =   7.039e-07, unitary_metric = 0.99997
Error = :2.71e-01; Runtime: 198.2s; Iterations = 1140, grads =   6.452e-07, unitary_metric = 0.99997
Error = :2.71e-01; Runtime: 201.6s; Iterations = 1160, grads =   1.242e-06, unitary_metric = 0.99997
Error = :2.71e-01; Runtime: 205.0s; Iterations = 1180, grads =   2.601e-03, unitary_metric = 0.99997
Error = :2.71e-01; Runtime: 208.4s; Iterations = 1200, grads =   4.562e-04, unitary_metric = 0.99997
Error = :2.71e-01; Runtime: 212.5s; Iterations = 1220, grads =   5.491e-05, unitary_metric = 0.99997
Error = :2.71e-01; Runtime: 215.9s; Iterations = 1240, grads =   1.711e-05, unitary_metric = 0.99997
Error = :2.71e-01; Runtime: 219.3s; Iterations = 1260, grads =   2.224e-06, unitary_metric = 0.99997
Error = :2.71e-01; Runtime: 222.7s; Iterations = 1280, grads =   2.021e-06, unitary_metric = 0.99997
Error = :2.71e-01; Runtime: 226.1s; Iterations = 1300, grads =   1.232e-06, unitary_metric = 0.99997
Error = :2.70e-01; Runtime: 229.8s; Iterations = 1320, grads =   1.866e-06, unitary_metric = 0.99997
Error = :2.70e-01; Runtime: 233.3s; Iterations = 1340, grads =   3.297e-04, unitary_metric = 0.99997
Error = :2.70e-01; Runtime: 236.7s; Iterations = 1360, grads =   1.068e-03, unitary_metric = 0.99997
Error = :2.70e-01; Runtime: 240.1s; Iterations = 1380, grads =   1.616e-06, unitary_metric = 0.99997
Error = :2.70e-01; Runtime: 243.5s; Iterations = 1400, grads =   4.336e-05, unitary_metric = 0.99997
Error = :2.70e-01; Runtime: 247.2s; Iterations = 1420, grads =   1.364e-04, unitary_metric = 0.99997
Error = :2.70e-01; Runtime: 250.6s; Iterations = 1440, grads =   3.531e-06, unitary_metric = 0.99997
Error = :2.70e-01; Runtime: 254.0s; Iterations = 1460, grads =   3.790e-06, unitary_metric = 0.99997
Error = :2.70e-01; Runtime: 257.4s; Iterations = 1480, grads =   4.716e-07, unitary_metric = 0.99997
Error = :2.69e-01; Runtime: 260.8s; Iterations = 1500, grads =   8.513e-07, unitary_metric = 0.99997
Error = :2.69e-01; Runtime: 264.5s; Iterations = 1520, grads =   1.837e-06, unitary_metric = 0.99997
Error = :2.70e-01; Runtime: 267.9s; Iterations = 1540, grads =   1.335e-03, unitary_metric = 0.99997
Error = :2.69e-01; Runtime: 271.3s; Iterations = 1560, grads =   2.783e-04, unitary_metric = 0.99997
Error = :2.69e-01; Runtime: 274.7s; Iterations = 1580, grads =   5.331e-05, unitary_metric = 0.99997
Error = :2.69e-01; Runtime: 278.1s; Iterations = 1600, grads =   4.722e-05, unitary_metric = 0.99997
Error = :2.69e-01; Runtime: 281.8s; Iterations = 1620, grads =   2.131e-06, unitary_metric = 0.99997
Error = :2.69e-01; Runtime: 285.2s; Iterations = 1640, grads =   8.782e-07, unitary_metric = 0.99997
Error = :2.69e-01; Runtime: 288.8s; Iterations = 1660, grads =   7.093e-07, unitary_metric = 0.99997
Error = :2.69e-01; Runtime: 292.4s; Iterations = 1680, grads =   1.893e-06, unitary_metric = 0.99997
Error = :2.69e-01; Runtime: 296.0s; Iterations = 1700, grads =   4.680e-04, unitary_metric = 0.99996
Error = :2.69e-01; Runtime: 299.9s; Iterations = 1720, grads =   2.574e-05, unitary_metric = 0.99996
Error = :2.69e-01; Runtime: 303.5s; Iterations = 1740, grads =   1.440e-05, unitary_metric = 0.99997
Error = :2.69e-01; Runtime: 307.0s; Iterations = 1760, grads =   9.151e-06, unitary_metric = 0.99997
Error = :2.69e-01; Runtime: 310.5s; Iterations = 1780, grads =   2.139e-03, unitary_metric = 0.99997
Error = :2.69e-01; Runtime: 313.9s; Iterations = 1800, grads =   2.746e-04, unitary_metric = 0.99997
Error = :2.69e-01; Runtime: 317.7s; Iterations = 1820, grads =   4.439e-05, unitary_metric = 0.99997
Error = :2.69e-01; Runtime: 321.1s; Iterations = 1840, grads =   3.445e-06, unitary_metric = 0.99997
Error = :2.69e-01; Runtime: 324.5s; Iterations = 1860, grads =   7.134e-07, unitary_metric = 0.99997
Error = :2.69e-01; Runtime: 328.0s; Iterations = 1880, grads =   2.582e-07, unitary_metric = 0.99997
Error = :2.69e-01; Runtime: 331.7s; Iterations = 1900, grads =   1.498e-06, unitary_metric = 0.99996
Error = :2.69e-01; Runtime: 335.4s; Iterations = 1920, grads =   1.002e-03, unitary_metric = 0.99997
Error = :2.68e-01; Runtime: 338.8s; Iterations = 1940, grads =   2.013e-04, unitary_metric = 0.99996
Error = :2.68e-01; Runtime: 342.3s; Iterations = 1960, grads =   4.108e-06, unitary_metric = 0.99997
Error = :2.68e-01; Runtime: 345.7s; Iterations = 1980, grads =   4.153e-06, unitary_metric = 0.99997
Error = :2.69e-01; Runtime: 349.1s; Iterations = 2000, grads =   9.403e-04, unitary_metric = 0.99997
Error = :2.68e-01; Runtime: 352.9s; Iterations = 2020, grads =   3.325e-06, unitary_metric = 0.99997
Error = :2.68e-01; Runtime: 356.3s; Iterations = 2040, grads =   3.755e-05, unitary_metric = 0.99997
Error = :2.68e-01; Runtime: 359.7s; Iterations = 2060, grads =   7.917e-06, unitary_metric = 0.99997
Error = :2.68e-01; Runtime: 363.1s; Iterations = 2080, grads =   1.155e-06, unitary_metric = 0.99996
Error = :2.68e-01; Runtime: 366.5s; Iterations = 2100, grads =   2.093e-07, unitary_metric = 0.99997
Error = :2.68e-01; Runtime: 370.2s; Iterations = 2120, grads =   9.889e-08, unitary_metric = 0.99997
Error = :2.68e-01; Runtime: 373.7s; Iterations = 2140, grads =   5.067e-07, unitary_metric = 0.99997
Error = :2.68e-01; Runtime: 377.1s; Iterations = 2160, grads =   1.234e-04, unitary_metric = 0.99996
Error = :2.68e-01; Runtime: 380.5s; Iterations = 2180, grads =   3.426e-04, unitary_metric = 0.99997
Error = :2.68e-01; Runtime: 383.9s; Iterations = 2200, grads =   5.270e-05, unitary_metric = 0.99997
Error = :2.68e-01; Runtime: 387.7s; Iterations = 2220, grads =   6.083e-04, unitary_metric = 0.99997
Error = :2.68e-01; Runtime: 391.1s; Iterations = 2240, grads =   9.313e-05, unitary_metric = 0.99996
Error = :2.68e-01; Runtime: 394.6s; Iterations = 2260, grads =   9.611e-06, unitary_metric = 0.99997
Error = :2.68e-01; Runtime: 398.0s; Iterations = 2280, grads =   3.340e-06, unitary_metric = 0.99997
Error = :2.68e-01; Runtime: 401.4s; Iterations = 2300, grads =   4.781e-07, unitary_metric = 0.99997
Error = :2.68e-01; Runtime: 405.1s; Iterations = 2320, grads =   4.193e-06, unitary_metric = 0.99996
Error = :2.68e-01; Runtime: 408.6s; Iterations = 2340, grads =   6.215e-04, unitary_metric = 0.99996
Error = :2.68e-01; Runtime: 412.0s; Iterations = 2360, grads =   3.360e-04, unitary_metric = 0.99996
Error = :2.68e-01; Runtime: 415.4s; Iterations = 2380, grads =   4.546e-05, unitary_metric = 0.99996
Error = :2.68e-01; Runtime: 418.8s; Iterations = 2400, grads =   3.751e-06, unitary_metric = 0.99996
Error = :2.68e-01; Runtime: 422.5s; Iterations = 2420, grads =   2.744e-06, unitary_metric = 0.99996
Error = :2.68e-01; Runtime: 426.0s; Iterations = 2440, grads =   8.206e-05, unitary_metric = 0.99997
Error = :2.68e-01; Runtime: 429.4s; Iterations = 2460, grads =   7.715e-06, unitary_metric = 0.99996
Error = :2.68e-01; Runtime: 432.8s; Iterations = 2480, grads =   2.142e-05, unitary_metric = 0.99996
Error = :2.68e-01; Runtime: 436.2s; Iterations = 2500, grads =   3.638e-06, unitary_metric = 0.99997
Error = :2.68e-01; Runtime: 439.9s; Iterations = 2520, grads =   1.037e-04, unitary_metric = 0.99996
Error = :2.68e-01; Runtime: 443.3s; Iterations = 2540, grads =   5.316e-05, unitary_metric = 0.99997
Error = :2.68e-01; Runtime: 446.7s; Iterations = 2560, grads =   4.167e-05, unitary_metric = 0.99997
Error = :2.68e-01; Runtime: 450.1s; Iterations = 2580, grads =   1.881e-06, unitary_metric = 0.99996
Error = :2.68e-01; Runtime: 453.5s; Iterations = 2600, grads =   1.713e-05, unitary_metric = 0.99996
Error = :2.68e-01; Runtime: 457.6s; Iterations = 2620, grads =   2.383e-04, unitary_metric = 0.99996
Error = :2.68e-01; Runtime: 461.0s; Iterations = 2640, grads =   4.661e-05, unitary_metric = 0.99996
Error = :2.68e-01; Runtime: 464.4s; Iterations = 2660, grads =   9.785e-06, unitary_metric = 0.99996
Error = :2.68e-01; Runtime: 467.8s; Iterations = 2680, grads =   1.702e-04, unitary_metric = 0.99996
Error = :2.68e-01; Runtime: 471.2s; Iterations = 2700, grads =   2.863e-05, unitary_metric = 0.99996
Error = :2.68e-01; Runtime: 474.9s; Iterations = 2720, grads =   2.140e-05, unitary_metric = 0.99996
Error = :2.68e-01; Runtime: 478.4s; Iterations = 2740, grads =   5.833e-07, unitary_metric = 0.99997
Error = :2.68e-01; Runtime: 481.8s; Iterations = 2760, grads =   3.538e-07, unitary_metric = 0.99997
Error = :2.68e-01; Runtime: 485.2s; Iterations = 2780, grads =   3.004e-06, unitary_metric = 0.99996
Error = :2.68e-01; Runtime: 488.6s; Iterations = 2800, grads =   2.413e-04, unitary_metric = 0.99996
Error = :2.68e-01; Runtime: 492.3s; Iterations = 2820, grads =   2.702e-04, unitary_metric = 0.99996
Error = :2.68e-01; Runtime: 495.7s; Iterations = 2840, grads =   1.603e-05, unitary_metric = 0.99996
Error = :2.68e-01; Runtime: 499.1s; Iterations = 2860, grads =   6.270e-07, unitary_metric = 0.99996
Error = :2.68e-01; Runtime: 502.5s; Iterations = 2880, grads =   3.142e-06, unitary_metric = 0.99996
Error = :2.68e-01; Runtime: 505.9s; Iterations = 2900, grads =   8.626e-06, unitary_metric = 0.99996
Error = :2.68e-01; Runtime: 509.8s; Iterations = 2920, grads =   1.928e-04, unitary_metric = 0.99996
Error = :2.68e-01; Runtime: 513.2s; Iterations = 2940, grads =   9.180e-05, unitary_metric = 0.99996
Error = :2.68e-01; Runtime: 516.6s; Iterations = 2960, grads =   1.236e-05, unitary_metric = 0.99996
Error = :2.68e-01; Runtime: 520.0s; Iterations = 2980, grads =   7.813e-06, unitary_metric = 0.99996
Error = :2.68e-01; Runtime: 523.4s; Iterations = 3000, grads =   3.778e-05, unitary_metric = 0.99996
Error = :2.68e-01; Runtime: 527.1s; Iterations = 3020, grads =   7.487e-05, unitary_metric = 0.99996
Error = :2.68e-01; Runtime: 530.5s; Iterations = 3040, grads =   1.410e-04, unitary_metric = 0.99996
Error = :2.68e-01; Runtime: 533.9s; Iterations = 3060, grads =   1.228e-05, unitary_metric = 0.99996
Error = :2.68e-01; Runtime: 537.3s; Iterations = 3080, grads =   1.924e-06, unitary_metric = 0.99996
Error = :2.68e-01; Runtime: 540.7s; Iterations = 3100, grads =   6.970e-06, unitary_metric = 0.99996
Error = :2.68e-01; Runtime: 544.4s; Iterations = 3120, grads =   1.993e-04, unitary_metric = 0.99996
Error = :2.68e-01; Runtime: 547.8s; Iterations = 3140, grads =   1.957e-04, unitary_metric = 0.99996
Error = :2.68e-01; Runtime: 551.2s; Iterations = 3160, grads =   1.699e-05, unitary_metric = 0.99996
Error = :2.68e-01; Runtime: 554.6s; Iterations = 3180, grads =   3.582e-06, unitary_metric = 0.99996
Error = :2.68e-01; Runtime: 558.0s; Iterations = 3200, grads =   1.299e-06, unitary_metric = 0.99996
Error = :2.68e-01; Runtime: 561.7s; Iterations = 3220, grads =   1.084e-06, unitary_metric = 0.99996
Error = :2.68e-01; Runtime: 565.1s; Iterations = 3240, grads =   1.225e-05, unitary_metric = 0.99996
Error = :2.68e-01; Runtime: 568.5s; Iterations = 3260, grads =   4.011e-04, unitary_metric = 0.99997
Error = :2.68e-01; Runtime: 572.0s; Iterations = 3280, grads =   2.056e-05, unitary_metric = 0.99996
Error = :2.68e-01; Runtime: 575.5s; Iterations = 3300, grads =   1.425e-05, unitary_metric = 0.99996
Error = :2.68e-01; Runtime: 579.2s; Iterations = 3320, grads =   1.223e-06, unitary_metric = 0.99996
Error = :2.68e-01; Runtime: 582.6s; Iterations = 3340, grads =   1.878e-07, unitary_metric = 0.99996
Error = :2.68e-01; Runtime: 586.0s; Iterations = 3360, grads =   1.293e-07, unitary_metric = 0.99996
Error = :2.68e-01; Runtime: 589.4s; Iterations = 3380, grads =   7.817e-08, unitary_metric = 0.99996
Error = :2.68e-01; Runtime: 592.9s; Iterations = 3400, grads =   3.237e-07, unitary_metric = 0.99996
Error = :2.68e-01; Runtime: 596.5s; Iterations = 3420, grads =   2.913e-05, unitary_metric = 0.99996
Error = :2.68e-01; Runtime: 600.0s; Iterations = 3440, grads =   4.747e-04, unitary_metric = 0.99996
Error = :2.67e-01; Runtime: 603.4s; Iterations = 3460, grads =   2.838e-05, unitary_metric = 0.99996
Error = :2.67e-01; Runtime: 606.8s; Iterations = 3480, grads =   2.870e-06, unitary_metric = 0.99996
Error = :2.67e-01; Runtime: 610.2s; Iterations = 3500, grads =   3.546e-07, unitary_metric = 0.99996
Error = :2.67e-01; Runtime: 613.9s; Iterations = 3520, grads =   1.942e-07, unitary_metric = 0.99996
Error = :2.67e-01; Runtime: 617.3s; Iterations = 3540, grads =   5.296e-08, unitary_metric = 0.99996
Error = :2.67e-01; Runtime: 620.7s; Iterations = 3560, grads =   4.626e-08, unitary_metric = 0.99996
Error = :2.67e-01; Runtime: 624.1s; Iterations = 3580, grads =   5.724e-08, unitary_metric = 0.99996
Error = :2.67e-01; Runtime: 627.6s; Iterations = 3600, grads =   8.785e-08, unitary_metric = 0.99996
Error = :2.67e-01; Runtime: 631.3s; Iterations = 3620, grads =   2.384e-06, unitary_metric = 0.99996
Error = :2.67e-01; Runtime: 634.7s; Iterations = 3640, grads =   3.272e-04, unitary_metric = 0.99996
Error = :2.67e-01; Runtime: 638.1s; Iterations = 3660, grads =   1.016e-04, unitary_metric = 0.99996
Error = :2.67e-01; Runtime: 641.5s; Iterations = 3680, grads =   1.870e-05, unitary_metric = 0.99996
Error = :2.67e-01; Runtime: 644.9s; Iterations = 3700, grads =   2.197e-06, unitary_metric = 0.99996
Error = :2.67e-01; Runtime: 648.7s; Iterations = 3720, grads =   2.595e-07, unitary_metric = 0.99996
Error = :2.67e-01; Runtime: 652.1s; Iterations = 3740, grads =   6.987e-08, unitary_metric = 0.99996
Error = :2.67e-01; Runtime: 655.6s; Iterations = 3760, grads =   4.311e-08, unitary_metric = 0.99996
Error = :2.67e-01; Runtime: 659.0s; Iterations = 3780, grads =   3.267e-08, unitary_metric = 0.99996
Error = :2.67e-01; Runtime: 662.4s; Iterations = 3800, grads =   3.230e-08, unitary_metric = 0.99996
Error = :2.67e-01; Runtime: 666.1s; Iterations = 3820, grads =   8.567e-08, unitary_metric = 0.99996
Error = :2.67e-01; Runtime: 669.5s; Iterations = 3840, grads =   1.422e-06, unitary_metric = 0.99996
Error = :2.67e-01; Runtime: 672.9s; Iterations = 3860, grads =   1.180e-04, unitary_metric = 0.99996
Error = :2.67e-01; Runtime: 676.3s; Iterations = 3880, grads =   2.646e-05, unitary_metric = 0.99996
Error = :2.67e-01; Runtime: 679.7s; Iterations = 3900, grads =   9.895e-06, unitary_metric = 0.99996
Error = :2.67e-01; Runtime: 683.4s; Iterations = 3920, grads =   2.830e-06, unitary_metric = 0.99996
Error = :2.67e-01; Runtime: 686.9s; Iterations = 3940, grads =   2.329e-07, unitary_metric = 0.99996
Error = :2.67e-01; Runtime: 690.3s; Iterations = 3960, grads =   6.590e-08, unitary_metric = 0.99996
Error = :2.67e-01; Runtime: 694.0s; Iterations = 3980, grads =   4.586e-08, unitary_metric = 0.99996
Error = :2.67e-01; Runtime: 697.4s; Iterations = 4000, grads =   7.118e-07, unitary_metric = 0.99996
Error = :2.67e-01; Runtime: 701.1s; Iterations = 4020, grads =   7.964e-05, unitary_metric = 0.99996
Error = :2.67e-01; Runtime: 704.5s; Iterations = 4040, grads =   7.706e-05, unitary_metric = 0.99996
Error = :2.67e-01; Runtime: 707.9s; Iterations = 4060, grads =   2.704e-05, unitary_metric = 0.99996
