Running Array Job:  77
Experiment ErdosRenyi N=6 p=7 slice=4


trying total_time: 157.5 for unitary of size (8, 8)
data saved at: /project/ftchong/qoc/yongshan/00000_01_ErdosRenyiN6p7_slice_4.h5
Using 6 Taylor terms and 3 Scaling & Squaring terms
Building graph:
Propagators initialized.
Operators weight initialized.
Intermediate propagation variables initialized.
Intermediate propagators initialized.
Vectors initialized.
Training loss initialized.
Optimizer initialized.
Utilities initialized.
Graph built!
Initialized
Error = :8.77e-02; Runtime: 5.5s; Iterations = 0, grads =   2.719e+01, unitary_metric = 1.00055
Error = :4.54e-01; Runtime: 56.0s; Iterations = 20, grads =   6.879e+01, unitary_metric = 1.00023
Error = :7.93e-01; Runtime: 97.4s; Iterations = 40, grads =   1.866e+01, unitary_metric = 1.00022
Error = :9.61e-01; Runtime: 138.5s; Iterations = 60, grads =   4.062e+00, unitary_metric = 1.00026
Error = :2.09e-01; Runtime: 179.6s; Iterations = 80, grads =   3.836e+00, unitary_metric = 1.00025
Error = :9.87e-01; Runtime: 221.0s; Iterations = 100, grads =   1.051e+00, unitary_metric = 1.00021
Error = :9.41e-01; Runtime: 265.8s; Iterations = 120, grads =   5.987e+00, unitary_metric = 1.00012
Error = :9.45e-01; Runtime: 306.9s; Iterations = 140, grads =   9.970e+00, unitary_metric = 0.99997
Error = :2.72e-01; Runtime: 348.1s; Iterations = 160, grads =   4.476e+01, unitary_metric = 0.99998
Error = :4.13e-01; Runtime: 389.3s; Iterations = 180, grads =   6.219e+01, unitary_metric = 0.99997
Error = :1.19e-01; Runtime: 430.6s; Iterations = 200, grads =   1.006e+01, unitary_metric = 1.00004
Error = :1.70e-02; Runtime: 475.8s; Iterations = 220, grads =   1.414e+00, unitary_metric = 0.99996
Error = :3.08e-03; Runtime: 516.9s; Iterations = 240, grads =   2.905e-01, unitary_metric = 0.99999
Error = :8.74e-04; Runtime: 549.9s; Iterations = 256, grads =   5.987e-02, unitary_metric = 0.99999
data saved at: /project/ftchong/qoc/yongshan/00000_01_ErdosRenyiN6p7_slice_4.h5


trying total_time: 78.75 for unitary of size (8, 8)
data saved at: /project/ftchong/qoc/yongshan/00001_01_ErdosRenyiN6p7_slice_4.h5
Using 8 Taylor terms and 1 Scaling & Squaring terms
Building graph:
Propagators initialized.
Operators weight initialized.
Intermediate propagation variables initialized.
Intermediate propagators initialized.
Vectors initialized.
Training loss initialized.
Optimizer initialized.
Utilities initialized.
Graph built!
Initialized
Error = :1.93e-01; Runtime: 2.5s; Iterations = 0, grads =   2.491e+01, unitary_metric = 1.00002
Error = :5.31e-01; Runtime: 25.1s; Iterations = 20, grads =   3.004e+01, unitary_metric = 1.00001
Error = :6.25e-02; Runtime: 43.5s; Iterations = 40, grads =   4.051e+00, unitary_metric = 1.00000
Error = :7.17e-03; Runtime: 61.8s; Iterations = 60, grads =   2.166e-01, unitary_metric = 1.00000
Error = :1.09e-03; Runtime: 80.1s; Iterations = 80, grads =   1.040e-01, unitary_metric = 1.00000
Error = :9.11e-04; Runtime: 81.1s; Iterations = 81, grads =   4.489e-02, unitary_metric = 1.00000
data saved at: /project/ftchong/qoc/yongshan/00001_01_ErdosRenyiN6p7_slice_4.h5


trying total_time: 39.35 for unitary of size (8, 8)
data saved at: /project/ftchong/qoc/yongshan/00002_01_ErdosRenyiN6p7_slice_4.h5
Using 5 Taylor terms and 3 Scaling & Squaring terms
Building graph:
Propagators initialized.
Operators weight initialized.
Intermediate propagation variables initialized.
Intermediate propagators initialized.
Vectors initialized.
Training loss initialized.
Optimizer initialized.
Utilities initialized.
Graph built!
Initialized
Error = :2.68e-02; Runtime: 1.2s; Iterations = 0, grads =   2.051e+00, unitary_metric = 1.00010
Error = :8.38e-02; Runtime: 11.3s; Iterations = 20, grads =   6.125e+00, unitary_metric = 1.00006
Error = :2.41e-02; Runtime: 19.2s; Iterations = 40, grads =   1.906e+00, unitary_metric = 1.00006
Error = :1.96e-03; Runtime: 27.1s; Iterations = 60, grads =   1.688e-01, unitary_metric = 1.00006
Error = :6.25e-04; Runtime: 29.4s; Iterations = 66, grads =   4.910e-02, unitary_metric = 1.00006
data saved at: /project/ftchong/qoc/yongshan/00002_01_ErdosRenyiN6p7_slice_4.h5


trying total_time: 19.65 for unitary of size (8, 8)
data saved at: /project/ftchong/qoc/yongshan/00003_01_ErdosRenyiN6p7_slice_4.h5
Using 5 Taylor terms and 3 Scaling & Squaring terms
Building graph:
Propagators initialized.
Operators weight initialized.
Intermediate propagation variables initialized.
Intermediate propagators initialized.
Vectors initialized.
Training loss initialized.
Optimizer initialized.
Utilities initialized.
Graph built!
Initialized
Error = :8.74e-02; Runtime: 0.6s; Iterations = 0, grads =   3.329e+00, unitary_metric = 1.00003
Error = :7.77e-02; Runtime: 5.5s; Iterations = 20, grads =   3.050e+00, unitary_metric = 1.00004
Error = :9.12e-03; Runtime: 9.2s; Iterations = 40, grads =   3.924e-01, unitary_metric = 1.00004
Error = :8.62e-04; Runtime: 10.1s; Iterations = 45, grads =   3.777e-02, unitary_metric = 1.00004
data saved at: /project/ftchong/qoc/yongshan/00003_01_ErdosRenyiN6p7_slice_4.h5


trying total_time: 9.8 for unitary of size (8, 8)
data saved at: /project/ftchong/qoc/yongshan/00004_01_ErdosRenyiN6p7_slice_4.h5
Using 4 Taylor terms and 3 Scaling & Squaring terms
Building graph:
Propagators initialized.
Operators weight initialized.
Intermediate propagation variables initialized.
Intermediate propagators initialized.
Vectors initialized.
Training loss initialized.
Optimizer initialized.
Utilities initialized.
Graph built!
Initialized
Error = :7.72e-02; Runtime: 0.3s; Iterations = 0, grads =   1.476e+00, unitary_metric = 1.00001
Error = :7.83e-04; Runtime: 2.2s; Iterations = 16, grads =   1.254e-02, unitary_metric = 1.00001
data saved at: /project/ftchong/qoc/yongshan/00004_01_ErdosRenyiN6p7_slice_4.h5


trying total_time: 4.9 for unitary of size (8, 8)
data saved at: /project/ftchong/qoc/yongshan/00005_01_ErdosRenyiN6p7_slice_4.h5
Using 4 Taylor terms and 3 Scaling & Squaring terms
Building graph:
Propagators initialized.
Operators weight initialized.
Intermediate propagation variables initialized.
Intermediate propagators initialized.
Vectors initialized.
Training loss initialized.
Optimizer initialized.
Utilities initialized.
Graph built!
Initialized
Error = :8.99e-02; Runtime: 0.2s; Iterations = 0, grads =   8.244e-01, unitary_metric = 1.00000
Error = :6.12e-03; Runtime: 1.4s; Iterations = 20, grads =   6.297e-02, unitary_metric = 1.00000
Error = :8.78e-04; Runtime: 2.1s; Iterations = 36, grads =   9.217e-03, unitary_metric = 1.00000
data saved at: /project/ftchong/qoc/yongshan/00005_01_ErdosRenyiN6p7_slice_4.h5


trying total_time: 2.45 for unitary of size (8, 8)
data saved at: /project/ftchong/qoc/yongshan/00006_01_ErdosRenyiN6p7_slice_4.h5
Using 4 Taylor terms and 3 Scaling & Squaring terms
Building graph:
Propagators initialized.
Operators weight initialized.
Intermediate propagation variables initialized.
Intermediate propagators initialized.
Vectors initialized.
Training loss initialized.
Optimizer initialized.
Utilities initialized.
Graph built!
Initialized
Error = :7.61e-02; Runtime: 0.1s; Iterations = 0, grads =   3.665e-01, unitary_metric = 1.00000
Error = :6.75e-04; Runtime: 0.7s; Iterations = 17, grads =   3.191e-03, unitary_metric = 1.00000
data saved at: /project/ftchong/qoc/yongshan/00006_01_ErdosRenyiN6p7_slice_4.h5


trying total_time: 1.2 for unitary of size (8, 8)
data saved at: /project/ftchong/qoc/yongshan/00007_01_ErdosRenyiN6p7_slice_4.h5
Using 4 Taylor terms and 3 Scaling & Squaring terms
Building graph:
Propagators initialized.
Operators weight initialized.
Intermediate propagation variables initialized.
Intermediate propagators initialized.
Vectors initialized.
Training loss initialized.
Optimizer initialized.
Utilities initialized.
Graph built!
Initialized
Error = :4.45e-01; Runtime: 0.1s; Iterations = 0, grads =   5.343e-01, unitary_metric = 1.00000
Error = :2.84e-02; Runtime: 0.4s; Iterations = 20, grads =   7.012e-02, unitary_metric = 1.00000
Error = :7.83e-04; Runtime: 0.5s; Iterations = 30, grads =   1.867e-03, unitary_metric = 1.00000
data saved at: /project/ftchong/qoc/yongshan/00007_01_ErdosRenyiN6p7_slice_4.h5


trying total_time: 0.6 for unitary of size (8, 8)
data saved at: /project/ftchong/qoc/yongshan/00008_01_ErdosRenyiN6p7_slice_4.h5
Using 6 Taylor terms and 1 Scaling & Squaring terms
Building graph:
Propagators initialized.
Operators weight initialized.
Intermediate propagation variables initialized.
Intermediate propagators initialized.
Vectors initialized.
Training loss initialized.
Optimizer initialized.
Utilities initialized.
Graph built!
Initialized
Error = :6.08e-02; Runtime: 0.1s; Iterations = 0, grads =   6.873e-02, unitary_metric = 1.00000
Error = :2.40e-03; Runtime: 0.3s; Iterations = 20, grads =   2.902e-03, unitary_metric = 1.00000
Error = :8.42e-04; Runtime: 0.3s; Iterations = 23, grads =   1.019e-03, unitary_metric = 1.00000
data saved at: /project/ftchong/qoc/yongshan/00008_01_ErdosRenyiN6p7_slice_4.h5


trying total_time: 0.3 for unitary of size (8, 8)
data saved at: /project/ftchong/qoc/yongshan/00009_01_ErdosRenyiN6p7_slice_4.h5
Using 6 Taylor terms and 1 Scaling & Squaring terms
Building graph:
Propagators initialized.
Operators weight initialized.
Intermediate propagation variables initialized.
Intermediate propagators initialized.
Vectors initialized.
Training loss initialized.
Optimizer initialized.
Utilities initialized.
Graph built!
Initialized
Error = :1.95e-01; Runtime: 0.0s; Iterations = 0, grads =   8.493e-02, unitary_metric = 1.00000
Error = :3.00e-02; Runtime: 0.2s; Iterations = 20, grads =   1.712e-02, unitary_metric = 1.00000
Error = :8.87e-04; Runtime: 0.3s; Iterations = 36, grads =   5.143e-04, unitary_metric = 1.00000
data saved at: /project/ftchong/qoc/yongshan/00009_01_ErdosRenyiN6p7_slice_4.h5


trying total_time: 157.5 for unitary of size (8, 8)
data saved at: /project/ftchong/qoc/yongshan/00010_01_ErdosRenyiN6p7_slice_4.h5
Using 6 Taylor terms and 3 Scaling & Squaring terms
Building graph:
Propagators initialized.
Operators weight initialized.
Intermediate propagation variables initialized.
Intermediate propagators initialized.
Vectors initialized.
Training loss initialized.
Optimizer initialized.
Utilities initialized.
Graph built!
Initialized
Error = :7.63e-02; Runtime: 5.4s; Iterations = 0, grads =   2.314e+01, unitary_metric = 1.00048
Error = :9.72e-01; Runtime: 56.0s; Iterations = 20, grads =   1.933e+00, unitary_metric = 1.00035
Error = :9.98e-01; Runtime: 97.3s; Iterations = 40, grads =   3.265e-02, unitary_metric = 1.00042
Error = :7.31e-01; Runtime: 138.4s; Iterations = 60, grads =   3.026e+01, unitary_metric = 1.00034
Error = :9.86e-01; Runtime: 179.5s; Iterations = 80, grads =   4.371e-01, unitary_metric = 1.00025
Error = :1.45e-01; Runtime: 220.9s; Iterations = 100, grads =   7.045e+00, unitary_metric = 1.00028
Error = :3.93e-02; Runtime: 266.0s; Iterations = 120, grads =   4.535e+00, unitary_metric = 1.00028
Error = :4.92e-03; Runtime: 307.6s; Iterations = 140, grads =   5.633e-01, unitary_metric = 1.00031
Error = :3.90e-03; Runtime: 349.0s; Iterations = 160, grads =   5.234e-01, unitary_metric = 1.00030
Error = :3.97e-02; Runtime: 390.4s; Iterations = 180, grads =   5.601e+00, unitary_metric = 1.00029
Error = :4.35e-04; Runtime: 402.8s; Iterations = 186, grads =   7.235e-02, unitary_metric = 1.00029
data saved at: /project/ftchong/qoc/yongshan/00010_01_ErdosRenyiN6p7_slice_4.h5


trying total_time: 78.75 for unitary of size (8, 8)
data saved at: /project/ftchong/qoc/yongshan/00011_01_ErdosRenyiN6p7_slice_4.h5
Using 8 Taylor terms and 1 Scaling & Squaring terms
Building graph:
Propagators initialized.
Operators weight initialized.
Intermediate propagation variables initialized.
Intermediate propagators initialized.
Vectors initialized.
Training loss initialized.
Optimizer initialized.
Utilities initialized.
Graph built!
Initialized
Error = :2.25e-01; Runtime: 2.5s; Iterations = 0, grads =   2.772e+01, unitary_metric = 1.00001
Error = :8.26e-01; Runtime: 25.1s; Iterations = 20, grads =   1.112e+01, unitary_metric = 1.00001
Error = :4.22e-02; Runtime: 43.4s; Iterations = 40, grads =   5.312e+00, unitary_metric = 1.00000
Error = :1.09e-02; Runtime: 61.6s; Iterations = 60, grads =   1.222e+00, unitary_metric = 1.00000
Error = :3.74e-04; Runtime: 74.4s; Iterations = 74, grads =   3.921e-02, unitary_metric = 1.00000
data saved at: /project/ftchong/qoc/yongshan/00011_01_ErdosRenyiN6p7_slice_4.h5


trying total_time: 39.35 for unitary of size (8, 8)
data saved at: /project/ftchong/qoc/yongshan/00012_01_ErdosRenyiN6p7_slice_4.h5
Using 5 Taylor terms and 3 Scaling & Squaring terms
Building graph:
Propagators initialized.
Operators weight initialized.
Intermediate propagation variables initialized.
Intermediate propagators initialized.
Vectors initialized.
Training loss initialized.
Optimizer initialized.
Utilities initialized.
Graph built!
Initialized
Error = :1.35e-01; Runtime: 1.2s; Iterations = 0, grads =   9.778e+00, unitary_metric = 1.00013
Error = :9.46e-02; Runtime: 11.0s; Iterations = 20, grads =   7.110e+00, unitary_metric = 1.00007
Error = :8.61e-03; Runtime: 18.8s; Iterations = 40, grads =   7.130e-01, unitary_metric = 1.00006
Error = :7.33e-06; Runtime: 24.6s; Iterations = 55, grads =   3.961e-03, unitary_metric = 1.00007
data saved at: /project/ftchong/qoc/yongshan/00012_01_ErdosRenyiN6p7_slice_4.h5


trying total_time: 19.65 for unitary of size (8, 8)
data saved at: /project/ftchong/qoc/yongshan/00013_01_ErdosRenyiN6p7_slice_4.h5
Using 5 Taylor terms and 3 Scaling & Squaring terms
Building graph:
Propagators initialized.
Operators weight initialized.
Intermediate propagation variables initialized.
Intermediate propagators initialized.
Vectors initialized.
Training loss initialized.
Optimizer initialized.
Utilities initialized.
Graph built!
Initialized
Error = :6.10e-02; Runtime: 0.6s; Iterations = 0, grads =   2.394e+00, unitary_metric = 1.00003
Error = :5.88e-02; Runtime: 5.4s; Iterations = 20, grads =   2.373e+00, unitary_metric = 1.00004
Error = :9.46e-03; Runtime: 9.2s; Iterations = 40, grads =   4.038e-01, unitary_metric = 1.00003
Error = :5.36e-04; Runtime: 12.5s; Iterations = 58, grads =   2.529e-02, unitary_metric = 1.00003
data saved at: /project/ftchong/qoc/yongshan/00013_01_ErdosRenyiN6p7_slice_4.h5


trying total_time: 9.8 for unitary of size (8, 8)
data saved at: /project/ftchong/qoc/yongshan/00014_01_ErdosRenyiN6p7_slice_4.h5
Using 4 Taylor terms and 3 Scaling & Squaring terms
Building graph:
Propagators initialized.
Operators weight initialized.
Intermediate propagation variables initialized.
Intermediate propagators initialized.
Vectors initialized.
Training loss initialized.
Optimizer initialized.
Utilities initialized.
Graph built!
Initialized
Error = :1.69e-01; Runtime: 0.3s; Iterations = 0, grads =   2.841e+00, unitary_metric = 1.00001
Error = :8.57e-04; Runtime: 2.5s; Iterations = 20, grads =   1.004e-02, unitary_metric = 1.00001
data saved at: /project/ftchong/qoc/yongshan/00014_01_ErdosRenyiN6p7_slice_4.h5


trying total_time: 4.9 for unitary of size (8, 8)
data saved at: /project/ftchong/qoc/yongshan/00015_01_ErdosRenyiN6p7_slice_4.h5
Using 4 Taylor terms and 3 Scaling & Squaring terms
Building graph:
Propagators initialized.
Operators weight initialized.
Intermediate propagation variables initialized.
Intermediate propagators initialized.
Vectors initialized.
Training loss initialized.
Optimizer initialized.
Utilities initialized.
Graph built!
Initialized
Error = :2.73e-01; Runtime: 0.2s; Iterations = 0, grads =   1.915e+00, unitary_metric = 1.00001
Error = :1.13e-02; Runtime: 1.3s; Iterations = 20, grads =   1.170e-01, unitary_metric = 1.00000
Error = :8.20e-04; Runtime: 1.8s; Iterations = 30, grads =   7.998e-03, unitary_metric = 1.00000
data saved at: /project/ftchong/qoc/yongshan/00015_01_ErdosRenyiN6p7_slice_4.h5


trying total_time: 2.45 for unitary of size (8, 8)
data saved at: /project/ftchong/qoc/yongshan/00016_01_ErdosRenyiN6p7_slice_4.h5
Using 4 Taylor terms and 3 Scaling & Squaring terms
Building graph:
Propagators initialized.
Operators weight initialized.
Intermediate propagation variables initialized.
Intermediate propagators initialized.
Vectors initialized.
Training loss initialized.
Optimizer initialized.
Utilities initialized.
Graph built!
Initialized
Error = :4.40e-01; Runtime: 0.1s; Iterations = 0, grads =   1.166e+00, unitary_metric = 1.00000
Error = :4.53e-03; Runtime: 0.7s; Iterations = 20, grads =   2.373e-02, unitary_metric = 1.00000
Error = :2.29e-03; Runtime: 1.2s; Iterations = 40, grads =   1.216e-02, unitary_metric = 1.00000
Error = :3.09e-04; Runtime: 1.2s; Iterations = 42, grads =   1.591e-03, unitary_metric = 1.00000
data saved at: /project/ftchong/qoc/yongshan/00016_01_ErdosRenyiN6p7_slice_4.h5


trying total_time: 1.2 for unitary of size (8, 8)
data saved at: /project/ftchong/qoc/yongshan/00017_01_ErdosRenyiN6p7_slice_4.h5
Using 4 Taylor terms and 3 Scaling & Squaring terms
Building graph:
Propagators initialized.
Operators weight initialized.
Intermediate propagation variables initialized.
Intermediate propagators initialized.
Vectors initialized.
Training loss initialized.
Optimizer initialized.
Utilities initialized.
Graph built!
Initialized
Error = :1.46e-02; Runtime: 0.1s; Iterations = 0, grads =   3.363e-02, unitary_metric = 1.00000
Error = :7.73e-04; Runtime: 0.4s; Iterations = 15, grads =   1.888e-03, unitary_metric = 1.00000
data saved at: /project/ftchong/qoc/yongshan/00017_01_ErdosRenyiN6p7_slice_4.h5


trying total_time: 0.6 for unitary of size (8, 8)
data saved at: /project/ftchong/qoc/yongshan/00018_01_ErdosRenyiN6p7_slice_4.h5
Using 6 Taylor terms and 1 Scaling & Squaring terms
Building graph:
Propagators initialized.
Operators weight initialized.
Intermediate propagation variables initialized.
Intermediate propagators initialized.
Vectors initialized.
Training loss initialized.
Optimizer initialized.
Utilities initialized.
Graph built!
Initialized
Error = :4.63e-02; Runtime: 0.0s; Iterations = 0, grads =   5.200e-02, unitary_metric = 1.00000
Error = :1.33e-03; Runtime: 0.3s; Iterations = 20, grads =   1.608e-03, unitary_metric = 1.00000
Error = :9.36e-04; Runtime: 0.3s; Iterations = 26, grads =   1.135e-03, unitary_metric = 1.00000
data saved at: /project/ftchong/qoc/yongshan/00018_01_ErdosRenyiN6p7_slice_4.h5


trying total_time: 0.3 for unitary of size (8, 8)
data saved at: /project/ftchong/qoc/yongshan/00019_01_ErdosRenyiN6p7_slice_4.h5
Using 6 Taylor terms and 1 Scaling & Squaring terms
Building graph:
Propagators initialized.
Operators weight initialized.
Intermediate propagation variables initialized.
Intermediate propagators initialized.
Vectors initialized.
Training loss initialized.
Optimizer initialized.
Utilities initialized.
Graph built!
Initialized
Error = :2.96e-02; Runtime: 0.0s; Iterations = 0, grads =   1.334e-02, unitary_metric = 1.00000
Error = :2.02e-03; Runtime: 0.2s; Iterations = 20, grads =   6.904e-04, unitary_metric = 1.00000
Error = :9.47e-04; Runtime: 0.2s; Iterations = 27, grads =   3.627e-04, unitary_metric = 1.00000
data saved at: /project/ftchong/qoc/yongshan/00019_01_ErdosRenyiN6p7_slice_4.h5




[0.3, 0.3]
TIME FOR SLICE IS:
0.3
