Running Array Job:  215
Experiment Strict ErdosRenyi N=8 p=8 slice=40


trying total_time: 264.0 for unitary of size (16, 16)
data saved at: /project/ftchong/qoc/pranav/00000_05_strictErdosRenyiN8p8_slice_40.h5
Using 8 Taylor terms and 2 Scaling & Squaring terms
Building graph:
Propagators initialized.
Operators weight initialized.
Intermediate propagation variables initialized.
Intermediate propagators initialized.
Vectors initialized.
Training loss initialized.
Optimizer initialized.
Utilities initialized.
Graph built!
Initialized
Error = :9.99e-01; Runtime: 11.2s; Iterations = 0, grads =   6.614e-04, unitary_metric = 1.00028
Error = :9.99e-01; Runtime: 156.8s; Iterations = 20, grads =   2.985e-03, unitary_metric = 1.00012
Error = :9.99e-01; Runtime: 285.5s; Iterations = 40, grads =   2.561e-03, unitary_metric = 1.00005
Error = :9.98e-01; Runtime: 413.6s; Iterations = 60, grads =   6.926e-03, unitary_metric = 1.00000
Error = :9.74e-01; Runtime: 542.2s; Iterations = 80, grads =   1.550e-01, unitary_metric = 0.99996
Error = :9.98e-01; Runtime: 671.5s; Iterations = 100, grads =   2.255e-03, unitary_metric = 0.99991
Error = :9.94e-01; Runtime: 809.4s; Iterations = 120, grads =   4.828e-02, unitary_metric = 0.99984
Error = :9.95e-01; Runtime: 939.1s; Iterations = 140, grads =   1.480e-02, unitary_metric = 0.99982
Error = :9.93e-01; Runtime: 1067.9s; Iterations = 160, grads =   3.854e-02, unitary_metric = 0.99983
Error = :1.00e+00; Runtime: 1195.4s; Iterations = 180, grads =   2.043e-03, unitary_metric = 0.99983
Error = :9.96e-01; Runtime: 1323.2s; Iterations = 200, grads =   9.913e-03, unitary_metric = 0.99980
Error = :9.92e-01; Runtime: 1461.0s; Iterations = 220, grads =   2.646e-02, unitary_metric = 0.99978
Error = :9.69e-01; Runtime: 1591.2s; Iterations = 240, grads =   1.986e-01, unitary_metric = 0.99976
Error = :9.98e-01; Runtime: 1719.5s; Iterations = 260, grads =   1.427e-02, unitary_metric = 0.99976
Error = :9.95e-01; Runtime: 1850.2s; Iterations = 280, grads =   3.068e-02, unitary_metric = 0.99975
Error = :9.91e-01; Runtime: 1979.1s; Iterations = 300, grads =   6.549e-02, unitary_metric = 0.99974
Error = :9.98e-01; Runtime: 2114.6s; Iterations = 320, grads =   9.637e-03, unitary_metric = 0.99974
Error = :9.91e-01; Runtime: 2241.4s; Iterations = 340, grads =   7.475e-02, unitary_metric = 0.99974
Error = :9.99e-01; Runtime: 2368.6s; Iterations = 360, grads =   3.356e-03, unitary_metric = 0.99970
Error = :1.00e+00; Runtime: 2495.4s; Iterations = 380, grads =   2.985e-04, unitary_metric = 0.99974
Error = :9.92e-01; Runtime: 2621.9s; Iterations = 400, grads =   3.128e-02, unitary_metric = 0.99971
Error = :9.92e-01; Runtime: 2760.0s; Iterations = 420, grads =   4.248e-02, unitary_metric = 0.99971
Error = :9.48e-01; Runtime: 2895.8s; Iterations = 440, grads =   3.882e-01, unitary_metric = 0.99970
Error = :9.77e-01; Runtime: 3032.8s; Iterations = 460, grads =   1.220e-01, unitary_metric = 0.99969
Error = :9.85e-01; Runtime: 3169.7s; Iterations = 480, grads =   1.523e-01, unitary_metric = 0.99968
Error = :9.98e-01; Runtime: 3305.5s; Iterations = 500, grads =   5.902e-03, unitary_metric = 0.99970
Error = :9.58e-01; Runtime: 3448.6s; Iterations = 520, grads =   2.953e-01, unitary_metric = 0.99969
Error = :9.40e-01; Runtime: 3582.8s; Iterations = 540, grads =   2.654e-01, unitary_metric = 0.99970
Error = :9.96e-01; Runtime: 3719.9s; Iterations = 560, grads =   2.108e-02, unitary_metric = 0.99969
Error = :9.76e-01; Runtime: 3854.9s; Iterations = 580, grads =   3.702e-01, unitary_metric = 0.99965
Error = :9.39e-01; Runtime: 3988.1s; Iterations = 600, grads =   2.932e-01, unitary_metric = 0.99968
Error = :9.65e-01; Runtime: 4129.7s; Iterations = 620, grads =   3.287e-01, unitary_metric = 0.99967
Error = :9.45e-01; Runtime: 4266.1s; Iterations = 640, grads =   2.930e-01, unitary_metric = 0.99970
Error = :9.93e-01; Runtime: 4402.9s; Iterations = 660, grads =   3.157e-02, unitary_metric = 0.99965
Error = :9.46e-01; Runtime: 4537.9s; Iterations = 680, grads =   1.169e+00, unitary_metric = 0.99967
Error = :9.89e-01; Runtime: 4668.4s; Iterations = 700, grads =   4.186e-02, unitary_metric = 0.99966
Error = :8.56e-01; Runtime: 4812.6s; Iterations = 720, grads =   1.191e+00, unitary_metric = 0.99965
Error = :9.31e-01; Runtime: 4948.9s; Iterations = 740, grads =   1.219e+00, unitary_metric = 0.99967
Error = :9.21e-01; Runtime: 5085.0s; Iterations = 760, grads =   8.488e-01, unitary_metric = 0.99967
Error = :9.98e-01; Runtime: 5218.2s; Iterations = 780, grads =   1.304e-02, unitary_metric = 0.99966
Error = :9.92e-01; Runtime: 5350.8s; Iterations = 800, grads =   4.706e-02, unitary_metric = 0.99965
Error = :8.69e-01; Runtime: 5485.5s; Iterations = 820, grads =   1.146e+00, unitary_metric = 0.99966
Error = :9.28e-01; Runtime: 5614.7s; Iterations = 840, grads =   1.564e+00, unitary_metric = 0.99964
Error = :9.33e-01; Runtime: 5738.2s; Iterations = 860, grads =   1.009e+00, unitary_metric = 0.99962
Error = :7.95e-01; Runtime: 5862.0s; Iterations = 880, grads =   2.390e+00, unitary_metric = 0.99963
Error = :9.17e-01; Runtime: 5986.0s; Iterations = 900, grads =   2.553e+00, unitary_metric = 0.99964
Error = :9.93e-01; Runtime: 6116.3s; Iterations = 920, grads =   6.358e-02, unitary_metric = 0.99963
Error = :9.77e-01; Runtime: 6240.3s; Iterations = 940, grads =   1.322e-01, unitary_metric = 0.99964
Error = :9.70e-01; Runtime: 6364.2s; Iterations = 960, grads =   1.688e-01, unitary_metric = 0.99962
Error = :8.19e-01; Runtime: 6488.1s; Iterations = 980, grads =   3.666e+00, unitary_metric = 0.99965
Error = :9.52e-01; Runtime: 6611.9s; Iterations = 1000, grads =   3.136e-01, unitary_metric = 0.99962
Error = :7.53e-01; Runtime: 6742.4s; Iterations = 1020, grads =   4.801e+00, unitary_metric = 0.99964
Error = :9.60e-01; Runtime: 6866.3s; Iterations = 1040, grads =   8.375e-01, unitary_metric = 0.99963
Error = :8.02e-01; Runtime: 6991.8s; Iterations = 1060, grads =   1.473e+00, unitary_metric = 0.99965
Error = :7.42e-01; Runtime: 7115.7s; Iterations = 1080, grads =   4.561e+00, unitary_metric = 0.99961
Error = :9.93e-01; Runtime: 7239.6s; Iterations = 1100, grads =   2.084e-01, unitary_metric = 0.99961
Error = :7.84e-01; Runtime: 7368.3s; Iterations = 1120, grads =   5.841e+00, unitary_metric = 0.99962
Error = :9.89e-01; Runtime: 7492.0s; Iterations = 1140, grads =   4.616e-02, unitary_metric = 0.99963
Error = :9.69e-01; Runtime: 7616.1s; Iterations = 1160, grads =   1.397e-01, unitary_metric = 0.99961
Error = :9.51e-01; Runtime: 7739.9s; Iterations = 1180, grads =   9.122e-01, unitary_metric = 0.99962
Error = :8.00e-01; Runtime: 7864.0s; Iterations = 1200, grads =   5.118e+00, unitary_metric = 0.99962
Error = :7.31e-01; Runtime: 7994.7s; Iterations = 1220, grads =   9.381e+00, unitary_metric = 0.99964
Error = :6.77e-01; Runtime: 8118.8s; Iterations = 1240, grads =   6.146e+00, unitary_metric = 0.99964
Error = :9.97e-01; Runtime: 8242.7s; Iterations = 1260, grads =   1.225e-02, unitary_metric = 0.99959
Error = :9.40e-01; Runtime: 8366.8s; Iterations = 1280, grads =   5.096e-01, unitary_metric = 0.99965
Error = :8.41e-01; Runtime: 8490.9s; Iterations = 1300, grads =   6.251e+00, unitary_metric = 0.99963
Error = :7.10e-01; Runtime: 8621.6s; Iterations = 1320, grads =   8.562e+00, unitary_metric = 0.99963
Error = :6.75e-01; Runtime: 8745.6s; Iterations = 1340, grads =   1.884e+01, unitary_metric = 0.99962
Error = :7.18e-01; Runtime: 8869.8s; Iterations = 1360, grads =   1.175e+01, unitary_metric = 0.99961
Error = :8.63e-01; Runtime: 8993.9s; Iterations = 1380, grads =   7.221e+00, unitary_metric = 0.99963
Error = :9.85e-01; Runtime: 9118.2s; Iterations = 1400, grads =   1.437e-01, unitary_metric = 0.99963
Error = :4.09e-01; Runtime: 9249.1s; Iterations = 1420, grads =   1.536e+01, unitary_metric = 0.99962
Error = :8.04e-01; Runtime: 9373.1s; Iterations = 1440, grads =   1.295e+01, unitary_metric = 0.99963
Error = :5.32e-01; Runtime: 9498.0s; Iterations = 1460, grads =   1.075e+01, unitary_metric = 0.99963
Error = :3.43e-01; Runtime: 9625.5s; Iterations = 1480, grads =   2.120e+01, unitary_metric = 0.99963
Error = :2.68e-01; Runtime: 9752.4s; Iterations = 1500, grads =   1.595e+01, unitary_metric = 0.99962
Error = :1.67e-01; Runtime: 9886.8s; Iterations = 1520, grads =   1.663e+01, unitary_metric = 0.99962
Error = :7.84e-02; Runtime: 10014.5s; Iterations = 1540, grads =   7.250e+00, unitary_metric = 0.99963
Error = :1.51e-02; Runtime: 10141.9s; Iterations = 1560, grads =   1.312e+00, unitary_metric = 0.99961
Error = :1.63e-02; Runtime: 10264.1s; Iterations = 1580, grads =   1.835e+00, unitary_metric = 0.99962
Error = :2.67e-03; Runtime: 10386.0s; Iterations = 1600, grads =   1.285e-01, unitary_metric = 0.99961
Error = :6.85e-03; Runtime: 10514.2s; Iterations = 1620, grads =   5.998e-01, unitary_metric = 0.99961
Error = :5.39e-03; Runtime: 10635.6s; Iterations = 1640, grads =   4.530e-01, unitary_metric = 0.99962
Error = :7.79e-03; Runtime: 10757.0s; Iterations = 1660, grads =   7.298e-01, unitary_metric = 0.99963
Error = :2.15e-03; Runtime: 10879.0s; Iterations = 1680, grads =   1.639e-01, unitary_metric = 0.99962
Error = :4.25e-03; Runtime: 11001.8s; Iterations = 1700, grads =   3.656e-01, unitary_metric = 0.99962
Error = :5.25e-03; Runtime: 11131.2s; Iterations = 1720, grads =   5.770e-01, unitary_metric = 0.99962
Error = :7.43e-03; Runtime: 11254.0s; Iterations = 1740, grads =   7.092e-01, unitary_metric = 0.99962
Error = :1.68e-03; Runtime: 11376.6s; Iterations = 1760, grads =   9.725e-02, unitary_metric = 0.99962
Error = :9.17e-04; Runtime: 11395.3s; Iterations = 1763, grads =   2.194e-02, unitary_metric = 0.99963
data saved at: /project/ftchong/qoc/pranav/00000_05_strictErdosRenyiN8p8_slice_40.h5


trying total_time: 132.0 for unitary of size (16, 16)
data saved at: /project/ftchong/qoc/pranav/00001_05_strictErdosRenyiN8p8_slice_40.h5
Using 8 Taylor terms and 2 Scaling & Squaring terms
Building graph:
Propagators initialized.
Operators weight initialized.
Intermediate propagation variables initialized.
Intermediate propagators initialized.
Vectors initialized.
Training loss initialized.
Optimizer initialized.
Utilities initialized.
Graph built!
Initialized
Error = :9.99e-01; Runtime: 4.6s; Iterations = 0, grads =   1.270e-04, unitary_metric = 1.00017
Error = :9.94e-01; Runtime: 63.6s; Iterations = 20, grads =   1.961e-02, unitary_metric = 1.00007
Error = :9.92e-01; Runtime: 115.2s; Iterations = 40, grads =   4.077e-02, unitary_metric = 1.00002
Error = :9.98e-01; Runtime: 166.9s; Iterations = 60, grads =   2.988e-03, unitary_metric = 0.99997
Error = :9.64e-01; Runtime: 218.6s; Iterations = 80, grads =   4.753e-01, unitary_metric = 0.99994
Error = :9.95e-01; Runtime: 270.2s; Iterations = 100, grads =   1.023e-02, unitary_metric = 0.99993
Error = :9.76e-01; Runtime: 325.2s; Iterations = 120, grads =   7.664e-02, unitary_metric = 0.99994
Error = :9.29e-01; Runtime: 377.0s; Iterations = 140, grads =   4.326e-01, unitary_metric = 0.99992
Error = :8.60e-01; Runtime: 428.6s; Iterations = 160, grads =   3.601e+00, unitary_metric = 0.99990
Error = :8.99e-01; Runtime: 480.2s; Iterations = 180, grads =   4.152e+00, unitary_metric = 0.99990
Error = :5.91e-01; Runtime: 531.8s; Iterations = 200, grads =   1.238e+01, unitary_metric = 0.99989
Error = :5.04e-01; Runtime: 586.8s; Iterations = 220, grads =   1.285e+01, unitary_metric = 0.99991
Error = :2.50e-01; Runtime: 638.3s; Iterations = 240, grads =   8.273e+00, unitary_metric = 0.99991
Error = :7.03e-02; Runtime: 689.9s; Iterations = 260, grads =   4.269e+00, unitary_metric = 0.99990
Error = :1.41e-02; Runtime: 741.4s; Iterations = 280, grads =   9.392e-01, unitary_metric = 0.99991
Error = :1.30e-02; Runtime: 792.9s; Iterations = 300, grads =   1.038e+00, unitary_metric = 0.99991
