Running Array Job:  26
Experiment ErdosRenyi N=6 p=4 slice=4


trying total_time: 90.0 for unitary of size (8, 8)
data saved at: /project/ftchong/qoc/yongshan/00000_01_ErdosRenyiN6p4_slice_4.h5
Using 8 Taylor terms and 1 Scaling & Squaring terms
Building graph:
Propagators initialized.
Operators weight initialized.
Intermediate propagation variables initialized.
Intermediate propagators initialized.
Vectors initialized.
Training loss initialized.
Optimizer initialized.
Utilities initialized.
Graph built!
Initialized
Error = :2.35e-01; Runtime: 2.9s; Iterations = 0, grads =   3.263e+01, unitary_metric = 1.00001
Error = :7.29e-01; Runtime: 28.7s; Iterations = 20, grads =   2.453e+01, unitary_metric = 1.00000
Error = :8.44e-02; Runtime: 49.6s; Iterations = 40, grads =   1.030e+01, unitary_metric = 1.00000
Error = :6.44e-03; Runtime: 70.5s; Iterations = 60, grads =   6.793e-01, unitary_metric = 0.99999
Error = :1.78e-03; Runtime: 91.4s; Iterations = 80, grads =   9.899e-02, unitary_metric = 1.00000
Error = :8.27e-04; Runtime: 96.6s; Iterations = 85, grads =   6.793e-02, unitary_metric = 1.00000
data saved at: /project/ftchong/qoc/yongshan/00000_01_ErdosRenyiN6p4_slice_4.h5


trying total_time: 45.0 for unitary of size (8, 8)
data saved at: /project/ftchong/qoc/yongshan/00001_01_ErdosRenyiN6p4_slice_4.h5
Using 5 Taylor terms and 3 Scaling & Squaring terms
Building graph:
Propagators initialized.
Operators weight initialized.
Intermediate propagation variables initialized.
Intermediate propagators initialized.
Vectors initialized.
Training loss initialized.
Optimizer initialized.
Utilities initialized.
Graph built!
Initialized
Error = :2.96e-02; Runtime: 1.3s; Iterations = 0, grads =   2.118e+00, unitary_metric = 1.00015
Error = :7.00e-02; Runtime: 12.5s; Iterations = 20, grads =   5.637e+00, unitary_metric = 1.00009
Error = :1.81e-02; Runtime: 21.3s; Iterations = 40, grads =   1.501e+00, unitary_metric = 1.00010
Error = :9.89e-04; Runtime: 26.6s; Iterations = 52, grads =   8.025e-02, unitary_metric = 1.00009
data saved at: /project/ftchong/qoc/yongshan/00001_01_ErdosRenyiN6p4_slice_4.h5


trying total_time: 22.5 for unitary of size (8, 8)
data saved at: /project/ftchong/qoc/yongshan/00002_01_ErdosRenyiN6p4_slice_4.h5
Using 5 Taylor terms and 3 Scaling & Squaring terms
Building graph:
Propagators initialized.
Operators weight initialized.
Intermediate propagation variables initialized.
Intermediate propagators initialized.
Vectors initialized.
Training loss initialized.
Optimizer initialized.
Utilities initialized.
Graph built!
Initialized
Error = :3.19e-01; Runtime: 0.6s; Iterations = 0, grads =   1.079e+01, unitary_metric = 1.00006
Error = :9.69e-02; Runtime: 5.9s; Iterations = 20, grads =   3.869e+00, unitary_metric = 1.00002
Error = :5.76e-03; Runtime: 10.2s; Iterations = 40, grads =   2.401e-01, unitary_metric = 1.00002
Error = :3.51e-04; Runtime: 11.0s; Iterations = 44, grads =   6.845e-03, unitary_metric = 1.00001
data saved at: /project/ftchong/qoc/yongshan/00002_01_ErdosRenyiN6p4_slice_4.h5


trying total_time: 11.25 for unitary of size (8, 8)
data saved at: /project/ftchong/qoc/yongshan/00003_01_ErdosRenyiN6p4_slice_4.h5
Using 4 Taylor terms and 3 Scaling & Squaring terms
Building graph:
Propagators initialized.
Operators weight initialized.
Intermediate propagation variables initialized.
Intermediate propagators initialized.
Vectors initialized.
Training loss initialized.
Optimizer initialized.
Utilities initialized.
Graph built!
Initialized
Error = :8.08e-02; Runtime: 0.3s; Iterations = 0, grads =   1.784e+00, unitary_metric = 1.00002
Error = :1.70e-03; Runtime: 2.8s; Iterations = 20, grads =   3.957e-02, unitary_metric = 1.00001
Error = :8.51e-04; Runtime: 3.6s; Iterations = 29, grads =   1.881e-02, unitary_metric = 1.00001
data saved at: /project/ftchong/qoc/yongshan/00003_01_ErdosRenyiN6p4_slice_4.h5


trying total_time: 5.6 for unitary of size (8, 8)
data saved at: /project/ftchong/qoc/yongshan/00004_01_ErdosRenyiN6p4_slice_4.h5
Using 4 Taylor terms and 3 Scaling & Squaring terms
Building graph:
Propagators initialized.
Operators weight initialized.
Intermediate propagation variables initialized.
Intermediate propagators initialized.
Vectors initialized.
Training loss initialized.
Optimizer initialized.
Utilities initialized.
Graph built!
Initialized
Error = :9.90e-02; Runtime: 0.2s; Iterations = 0, grads =   1.025e+00, unitary_metric = 1.00000
Error = :1.11e-02; Runtime: 1.4s; Iterations = 20, grads =   1.327e-01, unitary_metric = 1.00000
Error = :5.04e-04; Runtime: 1.5s; Iterations = 22, grads =   5.257e-03, unitary_metric = 1.00000
data saved at: /project/ftchong/qoc/yongshan/00004_01_ErdosRenyiN6p4_slice_4.h5


trying total_time: 2.8 for unitary of size (8, 8)
data saved at: /project/ftchong/qoc/yongshan/00005_01_ErdosRenyiN6p4_slice_4.h5
Using 4 Taylor terms and 3 Scaling & Squaring terms
Building graph:
Propagators initialized.
Operators weight initialized.
Intermediate propagation variables initialized.
Intermediate propagators initialized.
Vectors initialized.
Training loss initialized.
Optimizer initialized.
Utilities initialized.
Graph built!
Initialized
Error = :3.22e-02; Runtime: 0.1s; Iterations = 0, grads =   1.517e-01, unitary_metric = 1.00000
Error = :9.77e-04; Runtime: 0.7s; Iterations = 16, grads =   5.598e-03, unitary_metric = 1.00000
data saved at: /project/ftchong/qoc/yongshan/00005_01_ErdosRenyiN6p4_slice_4.h5


trying total_time: 1.4 for unitary of size (8, 8)
data saved at: /project/ftchong/qoc/yongshan/00006_01_ErdosRenyiN6p4_slice_4.h5
Using 4 Taylor terms and 3 Scaling & Squaring terms
Building graph:
Propagators initialized.
Operators weight initialized.
Intermediate propagation variables initialized.
Intermediate propagators initialized.
Vectors initialized.
Training loss initialized.
Optimizer initialized.
Utilities initialized.
Graph built!
Initialized
Error = :2.00e-01; Runtime: 0.1s; Iterations = 0, grads =   4.467e-01, unitary_metric = 1.00000
Error = :5.76e-03; Runtime: 0.4s; Iterations = 20, grads =   1.709e-02, unitary_metric = 1.00000
Error = :8.85e-04; Runtime: 0.6s; Iterations = 31, grads =   2.612e-03, unitary_metric = 1.00000
data saved at: /project/ftchong/qoc/yongshan/00006_01_ErdosRenyiN6p4_slice_4.h5


trying total_time: 0.7 for unitary of size (8, 8)
data saved at: /project/ftchong/qoc/yongshan/00007_01_ErdosRenyiN6p4_slice_4.h5
Using 6 Taylor terms and 1 Scaling & Squaring terms
Building graph:
Propagators initialized.
Operators weight initialized.
Intermediate propagation variables initialized.
Intermediate propagators initialized.
Vectors initialized.
Training loss initialized.
Optimizer initialized.
Utilities initialized.
Graph built!
Initialized
Error = :2.50e-02; Runtime: 0.1s; Iterations = 0, grads =   3.229e-02, unitary_metric = 1.00000
Error = :8.49e-04; Runtime: 0.3s; Iterations = 15, grads =   9.534e-04, unitary_metric = 1.00000
data saved at: /project/ftchong/qoc/yongshan/00007_01_ErdosRenyiN6p4_slice_4.h5


trying total_time: 0.35 for unitary of size (8, 8)
data saved at: /project/ftchong/qoc/yongshan/00008_01_ErdosRenyiN6p4_slice_4.h5
Using 6 Taylor terms and 1 Scaling & Squaring terms
Building graph:
Propagators initialized.
Operators weight initialized.
Intermediate propagation variables initialized.
Intermediate propagators initialized.
Vectors initialized.
Training loss initialized.
Optimizer initialized.
Utilities initialized.
Graph built!
Initialized
Error = :1.45e-01; Runtime: 0.0s; Iterations = 0, grads =   7.346e-02, unitary_metric = 1.00000
Error = :7.06e-03; Runtime: 0.2s; Iterations = 20, grads =   4.013e-03, unitary_metric = 1.00000
Error = :9.55e-04; Runtime: 0.2s; Iterations = 28, grads =   3.978e-04, unitary_metric = 1.00000
data saved at: /project/ftchong/qoc/yongshan/00008_01_ErdosRenyiN6p4_slice_4.h5


trying total_time: 0.15 for unitary of size (8, 8)
data saved at: /project/ftchong/qoc/yongshan/00009_01_ErdosRenyiN6p4_slice_4.h5
Using 6 Taylor terms and 1 Scaling & Squaring terms
Building graph:
Propagators initialized.
Operators weight initialized.
Intermediate propagation variables initialized.
Intermediate propagators initialized.
Vectors initialized.
Training loss initialized.
Optimizer initialized.
Utilities initialized.
Graph built!
Initialized
Error = :3.85e-02; Runtime: 0.0s; Iterations = 0, grads =   9.900e-03, unitary_metric = 1.00000
Error = :2.67e-03; Runtime: 0.2s; Iterations = 20, grads =   1.339e-04, unitary_metric = 1.00000
Error = :1.07e-03; Runtime: 0.2s; Iterations = 40, grads =   1.050e-04, unitary_metric = 1.00000
Error = :9.64e-04; Runtime: 0.2s; Iterations = 41, grads =   8.648e-05, unitary_metric = 1.00000
data saved at: /project/ftchong/qoc/yongshan/00009_01_ErdosRenyiN6p4_slice_4.h5


trying total_time: 90.0 for unitary of size (8, 8)
data saved at: /project/ftchong/qoc/yongshan/00010_01_ErdosRenyiN6p4_slice_4.h5
Using 8 Taylor terms and 1 Scaling & Squaring terms
Building graph:
Propagators initialized.
Operators weight initialized.
Intermediate propagation variables initialized.
Intermediate propagators initialized.
Vectors initialized.
Training loss initialized.
Optimizer initialized.
Utilities initialized.
Graph built!
Initialized
Error = :2.07e-01; Runtime: 2.9s; Iterations = 0, grads =   3.044e+01, unitary_metric = 1.00002
Error = :8.65e-01; Runtime: 28.8s; Iterations = 20, grads =   1.882e+01, unitary_metric = 0.99999
Error = :9.17e-01; Runtime: 49.7s; Iterations = 40, grads =   9.606e+00, unitary_metric = 0.99998
Error = :1.47e-01; Runtime: 70.7s; Iterations = 60, grads =   1.924e+01, unitary_metric = 0.99998
Error = :1.36e-02; Runtime: 91.6s; Iterations = 80, grads =   2.145e+00, unitary_metric = 0.99998
Error = :2.05e-03; Runtime: 112.6s; Iterations = 100, grads =   2.539e-01, unitary_metric = 0.99998
Error = :2.69e-04; Runtime: 118.8s; Iterations = 104, grads =   1.710e-02, unitary_metric = 0.99998
data saved at: /project/ftchong/qoc/yongshan/00010_01_ErdosRenyiN6p4_slice_4.h5


trying total_time: 45.0 for unitary of size (8, 8)
data saved at: /project/ftchong/qoc/yongshan/00011_01_ErdosRenyiN6p4_slice_4.h5
Using 5 Taylor terms and 3 Scaling & Squaring terms
Building graph:
Propagators initialized.
Operators weight initialized.
Intermediate propagation variables initialized.
Intermediate propagators initialized.
Vectors initialized.
Training loss initialized.
Optimizer initialized.
Utilities initialized.
Graph built!
Initialized
Error = :1.16e-01; Runtime: 1.3s; Iterations = 0, grads =   9.708e+00, unitary_metric = 1.00012
Error = :2.59e-02; Runtime: 12.4s; Iterations = 20, grads =   1.979e+00, unitary_metric = 1.00010
Error = :9.89e-03; Runtime: 21.3s; Iterations = 40, grads =   8.535e-01, unitary_metric = 1.00009
Error = :6.50e-04; Runtime: 25.7s; Iterations = 50, grads =   4.804e-02, unitary_metric = 1.00009
data saved at: /project/ftchong/qoc/yongshan/00011_01_ErdosRenyiN6p4_slice_4.h5


trying total_time: 22.5 for unitary of size (8, 8)
data saved at: /project/ftchong/qoc/yongshan/00012_01_ErdosRenyiN6p4_slice_4.h5
Using 5 Taylor terms and 3 Scaling & Squaring terms
Building graph:
Propagators initialized.
Operators weight initialized.
Intermediate propagation variables initialized.
Intermediate propagators initialized.
Vectors initialized.
Training loss initialized.
Optimizer initialized.
Utilities initialized.
Graph built!
Initialized
Error = :2.37e-01; Runtime: 0.6s; Iterations = 0, grads =   8.242e+00, unitary_metric = 1.00002
Error = :1.43e-01; Runtime: 5.9s; Iterations = 20, grads =   5.523e+00, unitary_metric = 1.00004
Error = :3.12e-03; Runtime: 10.1s; Iterations = 40, grads =   1.350e-01, unitary_metric = 1.00006
Error = :8.43e-04; Runtime: 12.8s; Iterations = 53, grads =   3.939e-02, unitary_metric = 1.00005
data saved at: /project/ftchong/qoc/yongshan/00012_01_ErdosRenyiN6p4_slice_4.h5


trying total_time: 11.25 for unitary of size (8, 8)
data saved at: /project/ftchong/qoc/yongshan/00013_01_ErdosRenyiN6p4_slice_4.h5
Using 4 Taylor terms and 3 Scaling & Squaring terms
Building graph:
Propagators initialized.
Operators weight initialized.
Intermediate propagation variables initialized.
Intermediate propagators initialized.
Vectors initialized.
Training loss initialized.
Optimizer initialized.
Utilities initialized.
Graph built!
Initialized
Error = :2.57e-01; Runtime: 0.3s; Iterations = 0, grads =   4.440e+00, unitary_metric = 1.00002
Error = :2.31e-02; Runtime: 2.8s; Iterations = 20, grads =   5.432e-01, unitary_metric = 1.00001
Error = :3.11e-03; Runtime: 4.7s; Iterations = 40, grads =   7.471e-02, unitary_metric = 1.00001
Error = :5.72e-04; Runtime: 5.7s; Iterations = 51, grads =   1.482e-02, unitary_metric = 1.00001
data saved at: /project/ftchong/qoc/yongshan/00013_01_ErdosRenyiN6p4_slice_4.h5


trying total_time: 5.6 for unitary of size (8, 8)
data saved at: /project/ftchong/qoc/yongshan/00014_01_ErdosRenyiN6p4_slice_4.h5
Using 4 Taylor terms and 3 Scaling & Squaring terms
Building graph:
Propagators initialized.
Operators weight initialized.
Intermediate propagation variables initialized.
Intermediate propagators initialized.
Vectors initialized.
Training loss initialized.
Optimizer initialized.
Utilities initialized.
Graph built!
Initialized
Error = :7.38e-02; Runtime: 0.2s; Iterations = 0, grads =   8.049e-01, unitary_metric = 1.00001
Error = :1.83e-03; Runtime: 1.4s; Iterations = 20, grads =   2.045e-02, unitary_metric = 1.00000
Error = :9.31e-04; Runtime: 1.7s; Iterations = 25, grads =   1.016e-02, unitary_metric = 1.00000
data saved at: /project/ftchong/qoc/yongshan/00014_01_ErdosRenyiN6p4_slice_4.h5


trying total_time: 2.8 for unitary of size (8, 8)
data saved at: /project/ftchong/qoc/yongshan/00015_01_ErdosRenyiN6p4_slice_4.h5
Using 4 Taylor terms and 3 Scaling & Squaring terms
Building graph:
Propagators initialized.
Operators weight initialized.
Intermediate propagation variables initialized.
Intermediate propagators initialized.
Vectors initialized.
Training loss initialized.
Optimizer initialized.
Utilities initialized.
Graph built!
Initialized
Error = :5.00e-02; Runtime: 0.1s; Iterations = 0, grads =   2.560e-01, unitary_metric = 1.00000
Error = :7.41e-04; Runtime: 0.8s; Iterations = 20, grads =   2.615e-03, unitary_metric = 1.00000
data saved at: /project/ftchong/qoc/yongshan/00015_01_ErdosRenyiN6p4_slice_4.h5


trying total_time: 1.4 for unitary of size (8, 8)
data saved at: /project/ftchong/qoc/yongshan/00016_01_ErdosRenyiN6p4_slice_4.h5
Using 4 Taylor terms and 3 Scaling & Squaring terms
Building graph:
Propagators initialized.
Operators weight initialized.
Intermediate propagation variables initialized.
Intermediate propagators initialized.
Vectors initialized.
Training loss initialized.
Optimizer initialized.
Utilities initialized.
Graph built!
Initialized
Error = :1.70e-01; Runtime: 0.1s; Iterations = 0, grads =   4.077e-01, unitary_metric = 1.00000
Error = :1.31e-03; Runtime: 0.4s; Iterations = 20, grads =   3.763e-03, unitary_metric = 1.00000
Error = :5.16e-04; Runtime: 0.6s; Iterations = 33, grads =   1.456e-03, unitary_metric = 1.00000
data saved at: /project/ftchong/qoc/yongshan/00016_01_ErdosRenyiN6p4_slice_4.h5


trying total_time: 0.7 for unitary of size (8, 8)
data saved at: /project/ftchong/qoc/yongshan/00017_01_ErdosRenyiN6p4_slice_4.h5
Using 6 Taylor terms and 1 Scaling & Squaring terms
Building graph:
Propagators initialized.
Operators weight initialized.
Intermediate propagation variables initialized.
Intermediate propagators initialized.
Vectors initialized.
Training loss initialized.
Optimizer initialized.
Utilities initialized.
Graph built!
Initialized
Error = :1.60e-01; Runtime: 0.1s; Iterations = 0, grads =   1.862e-01, unitary_metric = 1.00000
Error = :8.56e-03; Runtime: 0.3s; Iterations = 20, grads =   1.241e-02, unitary_metric = 1.00000
Error = :6.57e-04; Runtime: 0.4s; Iterations = 32, grads =   9.107e-04, unitary_metric = 1.00000
data saved at: /project/ftchong/qoc/yongshan/00017_01_ErdosRenyiN6p4_slice_4.h5


trying total_time: 0.35 for unitary of size (8, 8)
data saved at: /project/ftchong/qoc/yongshan/00018_01_ErdosRenyiN6p4_slice_4.h5
Using 6 Taylor terms and 1 Scaling & Squaring terms
Building graph:
Propagators initialized.
Operators weight initialized.
Intermediate propagation variables initialized.
Intermediate propagators initialized.
Vectors initialized.
Training loss initialized.
Optimizer initialized.
Utilities initialized.
Graph built!
Initialized
Error = :1.74e-01; Runtime: 0.0s; Iterations = 0, grads =   8.173e-02, unitary_metric = 1.00000
Error = :1.98e-02; Runtime: 0.2s; Iterations = 20, grads =   1.186e-02, unitary_metric = 1.00000
Error = :8.54e-04; Runtime: 0.3s; Iterations = 32, grads =   4.656e-04, unitary_metric = 1.00000
data saved at: /project/ftchong/qoc/yongshan/00018_01_ErdosRenyiN6p4_slice_4.h5


trying total_time: 0.15 for unitary of size (8, 8)
data saved at: /project/ftchong/qoc/yongshan/00019_01_ErdosRenyiN6p4_slice_4.h5
Using 6 Taylor terms and 1 Scaling & Squaring terms
Building graph:
Propagators initialized.
Operators weight initialized.
Intermediate propagation variables initialized.
Intermediate propagators initialized.
Vectors initialized.
Training loss initialized.
Optimizer initialized.
Utilities initialized.
Graph built!
Initialized
Error = :1.13e-01; Runtime: 0.0s; Iterations = 0, grads =   2.279e-02, unitary_metric = 1.00000
Error = :2.70e-02; Runtime: 0.2s; Iterations = 20, grads =   6.824e-03, unitary_metric = 1.00000
Error = :1.48e-03; Runtime: 0.2s; Iterations = 40, grads =   3.898e-04, unitary_metric = 1.00000
Error = :8.99e-04; Runtime: 0.2s; Iterations = 42, grads =   2.333e-04, unitary_metric = 1.00000
data saved at: /project/ftchong/qoc/yongshan/00019_01_ErdosRenyiN6p4_slice_4.h5




[0.15, 0.15]
TIME FOR SLICE IS:
0.15
