Running Array Job:  100
Experiment FlexibleErdosRenyi N=6 p=8 slice=4


trying total_time: 198.0 for unitary of size (8, 8)
data saved at: /project/ftchong/qoc/yongshan/00000_05_flexErdosRenyiN6p8_slice_4.h5
Using 6 Taylor terms and 3 Scaling & Squaring terms
Building graph:
Propagators initialized.
Operators weight initialized.
Intermediate propagation variables initialized.
Intermediate propagators initialized.
Vectors initialized.
Training loss initialized.
Optimizer initialized.
Utilities initialized.
Graph built!
Initialized
Error = :9.62e-02; Runtime: 9.5s; Iterations = 0, grads =   3.653e+01, unitary_metric = 1.00059
Error = :9.64e-01; Runtime: 104.7s; Iterations = 20, grads =   5.423e+00, unitary_metric = 1.00020
Error = :9.32e-01; Runtime: 184.0s; Iterations = 40, grads =   1.507e+01, unitary_metric = 1.00012
Error = :5.63e-01; Runtime: 263.0s; Iterations = 60, grads =   9.853e+01, unitary_metric = 1.00009
Error = :9.53e-01; Runtime: 342.1s; Iterations = 80, grads =   5.383e+00, unitary_metric = 1.00008
Error = :1.00e+00; Runtime: 421.3s; Iterations = 100, grads =   1.031e-04, unitary_metric = 1.00025
Error = :9.45e-01; Runtime: 507.2s; Iterations = 120, grads =   3.814e+00, unitary_metric = 1.00026
Error = :3.61e-01; Runtime: 586.4s; Iterations = 140, grads =   3.377e+01, unitary_metric = 1.00024
Error = :3.97e-01; Runtime: 665.3s; Iterations = 160, grads =   4.282e+01, unitary_metric = 1.00025
Error = :6.90e-01; Runtime: 743.7s; Iterations = 180, grads =   2.297e+01, unitary_metric = 1.00023
Error = :4.22e-01; Runtime: 822.5s; Iterations = 200, grads =   2.861e+01, unitary_metric = 1.00023
Error = :5.54e-01; Runtime: 907.2s; Iterations = 220, grads =   3.012e+01, unitary_metric = 1.00019
Error = :5.18e-01; Runtime: 985.8s; Iterations = 240, grads =   2.649e+01, unitary_metric = 1.00013
Error = :3.69e-01; Runtime: 1064.2s; Iterations = 260, grads =   5.239e+01, unitary_metric = 1.00013
Error = :1.05e-01; Runtime: 1138.9s; Iterations = 280, grads =   2.250e+01, unitary_metric = 1.00011
Error = :8.76e-03; Runtime: 1199.0s; Iterations = 300, grads =   1.031e+00, unitary_metric = 1.00011
Error = :1.09e-02; Runtime: 1266.5s; Iterations = 320, grads =   1.893e+00, unitary_metric = 1.00012
Error = :2.40e-03; Runtime: 1329.0s; Iterations = 340, grads =   4.103e-01, unitary_metric = 1.00012
Error = :7.80e-04; Runtime: 1363.7s; Iterations = 351, grads =   1.549e-01, unitary_metric = 1.00013
data saved at: /project/ftchong/qoc/yongshan/00000_05_flexErdosRenyiN6p8_slice_4.h5


trying total_time: 99.0 for unitary of size (8, 8)
data saved at: /project/ftchong/qoc/yongshan/00001_05_flexErdosRenyiN6p8_slice_4.h5
Using 8 Taylor terms and 1 Scaling & Squaring terms
Building graph:
Propagators initialized.
Operators weight initialized.
Intermediate propagation variables initialized.
Intermediate propagators initialized.
Vectors initialized.
Training loss initialized.
Optimizer initialized.
Utilities initialized.
Graph built!
Initialized
Error = :1.65e-01; Runtime: 3.6s; Iterations = 0, grads =   2.901e+01, unitary_metric = 1.00002
Error = :1.00e+00; Runtime: 37.0s; Iterations = 20, grads =   1.458e-03, unitary_metric = 0.99998
Error = :6.83e-01; Runtime: 64.1s; Iterations = 40, grads =   2.904e+01, unitary_metric = 0.99997
Error = :7.64e-01; Runtime: 91.1s; Iterations = 60, grads =   9.163e+00, unitary_metric = 0.99997
Error = :1.50e-01; Runtime: 118.2s; Iterations = 80, grads =   1.986e+01, unitary_metric = 0.99998
Error = :5.93e-02; Runtime: 145.2s; Iterations = 100, grads =   8.940e+00, unitary_metric = 0.99997
Error = :1.09e-02; Runtime: 175.0s; Iterations = 120, grads =   2.015e+00, unitary_metric = 0.99997
Error = :9.15e-04; Runtime: 177.7s; Iterations = 122, grads =   4.678e-02, unitary_metric = 0.99997
data saved at: /project/ftchong/qoc/yongshan/00001_05_flexErdosRenyiN6p8_slice_4.h5


trying total_time: 49.5 for unitary of size (8, 8)
data saved at: /project/ftchong/qoc/yongshan/00002_05_flexErdosRenyiN6p8_slice_4.h5
Using 8 Taylor terms and 1 Scaling & Squaring terms
Building graph:
Propagators initialized.
Operators weight initialized.
Intermediate propagation variables initialized.
Intermediate propagators initialized.
Vectors initialized.
Training loss initialized.
Optimizer initialized.
Utilities initialized.
Graph built!
Initialized
Error = :1.62e-01; Runtime: 1.8s; Iterations = 0, grads =   1.404e+01, unitary_metric = 1.00000
Error = :2.22e-01; Runtime: 16.9s; Iterations = 20, grads =   1.740e+01, unitary_metric = 1.00000
Error = :3.36e-02; Runtime: 29.1s; Iterations = 40, grads =   3.333e+00, unitary_metric = 1.00000
Error = :2.87e-03; Runtime: 41.4s; Iterations = 60, grads =   2.874e-01, unitary_metric = 1.00000
Error = :6.39e-04; Runtime: 42.6s; Iterations = 62, grads =   5.681e-02, unitary_metric = 1.00000
data saved at: /project/ftchong/qoc/yongshan/00002_05_flexErdosRenyiN6p8_slice_4.h5


trying total_time: 24.75 for unitary of size (8, 8)
data saved at: /project/ftchong/qoc/yongshan/00003_05_flexErdosRenyiN6p8_slice_4.h5
Using 5 Taylor terms and 3 Scaling & Squaring terms
Building graph:
Propagators initialized.
Operators weight initialized.
Intermediate propagation variables initialized.
Intermediate propagators initialized.
Vectors initialized.
Training loss initialized.
Optimizer initialized.
Utilities initialized.
Graph built!
Initialized
Error = :2.38e-01; Runtime: 0.9s; Iterations = 0, grads =   8.865e+00, unitary_metric = 1.00007
Error = :5.15e-02; Runtime: 8.0s; Iterations = 20, grads =   2.580e+00, unitary_metric = 1.00006
Error = :5.46e-03; Runtime: 13.4s; Iterations = 40, grads =   2.800e-01, unitary_metric = 1.00006
Error = :1.83e-04; Runtime: 18.6s; Iterations = 59, grads =   1.179e-02, unitary_metric = 1.00006
data saved at: /project/ftchong/qoc/yongshan/00003_05_flexErdosRenyiN6p8_slice_4.h5


trying total_time: 12.35 for unitary of size (8, 8)
data saved at: /project/ftchong/qoc/yongshan/00004_05_flexErdosRenyiN6p8_slice_4.h5
Using 5 Taylor terms and 3 Scaling & Squaring terms
Building graph:
Propagators initialized.
Operators weight initialized.
Intermediate propagation variables initialized.
Intermediate propagators initialized.
Vectors initialized.
Training loss initialized.
Optimizer initialized.
Utilities initialized.
Graph built!
Initialized
Error = :1.60e-01; Runtime: 0.4s; Iterations = 0, grads =   3.497e+00, unitary_metric = 1.00002
Error = :1.45e-02; Runtime: 3.8s; Iterations = 20, grads =   3.891e-01, unitary_metric = 1.00002
Error = :3.15e-03; Runtime: 6.4s; Iterations = 40, grads =   8.451e-02, unitary_metric = 1.00002
Error = :7.86e-04; Runtime: 7.5s; Iterations = 49, grads =   2.155e-02, unitary_metric = 1.00001
data saved at: /project/ftchong/qoc/yongshan/00004_05_flexErdosRenyiN6p8_slice_4.h5


trying total_time: 6.15 for unitary of size (8, 8)
data saved at: /project/ftchong/qoc/yongshan/00005_05_flexErdosRenyiN6p8_slice_4.h5
Using 4 Taylor terms and 3 Scaling & Squaring terms
Building graph:
Propagators initialized.
Operators weight initialized.
Intermediate propagation variables initialized.
Intermediate propagators initialized.
Vectors initialized.
Training loss initialized.
Optimizer initialized.
Utilities initialized.
Graph built!
Initialized
Error = :2.26e-01; Runtime: 0.2s; Iterations = 0, grads =   2.259e+00, unitary_metric = 1.00001
Error = :1.61e-03; Runtime: 1.9s; Iterations = 20, grads =   2.135e-02, unitary_metric = 1.00000
Error = :7.52e-04; Runtime: 2.3s; Iterations = 27, grads =   9.601e-03, unitary_metric = 1.00000
data saved at: /project/ftchong/qoc/yongshan/00005_05_flexErdosRenyiN6p8_slice_4.h5


trying total_time: 3.05 for unitary of size (8, 8)
data saved at: /project/ftchong/qoc/yongshan/00006_05_flexErdosRenyiN6p8_slice_4.h5
Using 4 Taylor terms and 3 Scaling & Squaring terms
Building graph:
Propagators initialized.
Operators weight initialized.
Intermediate propagation variables initialized.
Intermediate propagators initialized.
Vectors initialized.
Training loss initialized.
Optimizer initialized.
Utilities initialized.
Graph built!
Initialized
Error = :2.06e-01; Runtime: 0.1s; Iterations = 0, grads =   1.015e+00, unitary_metric = 1.00000
Error = :7.66e-03; Runtime: 1.0s; Iterations = 20, grads =   5.046e-02, unitary_metric = 1.00000
Error = :8.28e-04; Runtime: 1.1s; Iterations = 25, grads =   5.400e-03, unitary_metric = 1.00000
data saved at: /project/ftchong/qoc/yongshan/00006_05_flexErdosRenyiN6p8_slice_4.h5


trying total_time: 1.5 for unitary of size (8, 8)
data saved at: /project/ftchong/qoc/yongshan/00007_05_flexErdosRenyiN6p8_slice_4.h5
Using 4 Taylor terms and 3 Scaling & Squaring terms
Building graph:
Propagators initialized.
Operators weight initialized.
Intermediate propagation variables initialized.
Intermediate propagators initialized.
Vectors initialized.
Training loss initialized.
Optimizer initialized.
Utilities initialized.
Graph built!
Initialized
Error = :4.01e-02; Runtime: 0.1s; Iterations = 0, grads =   1.143e-01, unitary_metric = 1.00000
Error = :2.69e-04; Runtime: 0.5s; Iterations = 16, grads =   4.544e-04, unitary_metric = 1.00000
data saved at: /project/ftchong/qoc/yongshan/00007_05_flexErdosRenyiN6p8_slice_4.h5


trying total_time: 0.75 for unitary of size (8, 8)
data saved at: /project/ftchong/qoc/yongshan/00008_05_flexErdosRenyiN6p8_slice_4.h5
Using 6 Taylor terms and 1 Scaling & Squaring terms
Building graph:
Propagators initialized.
Operators weight initialized.
Intermediate propagation variables initialized.
Intermediate propagators initialized.
Vectors initialized.
Training loss initialized.
Optimizer initialized.
Utilities initialized.
Graph built!
Initialized
Error = :1.23e-01; Runtime: 0.1s; Iterations = 0, grads =   1.577e-01, unitary_metric = 1.00000
Error = :4.86e-03; Runtime: 0.4s; Iterations = 20, grads =   7.113e-03, unitary_metric = 1.00000
Error = :9.37e-04; Runtime: 0.5s; Iterations = 38, grads =   1.414e-03, unitary_metric = 1.00000
data saved at: /project/ftchong/qoc/yongshan/00008_05_flexErdosRenyiN6p8_slice_4.h5


trying total_time: 0.35 for unitary of size (8, 8)
data saved at: /project/ftchong/qoc/yongshan/00009_05_flexErdosRenyiN6p8_slice_4.h5
Using 6 Taylor terms and 1 Scaling & Squaring terms
Building graph:
Propagators initialized.
Operators weight initialized.
Intermediate propagation variables initialized.
Intermediate propagators initialized.
Vectors initialized.
Training loss initialized.
Optimizer initialized.
Utilities initialized.
Graph built!
Initialized
Error = :1.92e-02; Runtime: 0.0s; Iterations = 0, grads =   1.206e-02, unitary_metric = 1.00000
Error = :8.65e-04; Runtime: 0.2s; Iterations = 17, grads =   5.657e-04, unitary_metric = 1.00000
data saved at: /project/ftchong/qoc/yongshan/00009_05_flexErdosRenyiN6p8_slice_4.h5


trying total_time: 0.15 for unitary of size (8, 8)
data saved at: /project/ftchong/qoc/yongshan/00010_05_flexErdosRenyiN6p8_slice_4.h5
Using 6 Taylor terms and 1 Scaling & Squaring terms
Building graph:
Propagators initialized.
Operators weight initialized.
Intermediate propagation variables initialized.
Intermediate propagators initialized.
Vectors initialized.
Training loss initialized.
Optimizer initialized.
Utilities initialized.
Graph built!
Initialized
Error = :2.22e-02; Runtime: 0.0s; Iterations = 0, grads =   6.189e-03, unitary_metric = 1.00000
Error = :8.11e-04; Runtime: 0.2s; Iterations = 19, grads =   2.383e-04, unitary_metric = 1.00000
data saved at: /project/ftchong/qoc/yongshan/00010_05_flexErdosRenyiN6p8_slice_4.h5


trying total_time: 198.0 for unitary of size (8, 8)
data saved at: /project/ftchong/qoc/yongshan/00011_05_flexErdosRenyiN6p8_slice_4.h5
Using 6 Taylor terms and 3 Scaling & Squaring terms
Building graph:
Propagators initialized.
Operators weight initialized.
Intermediate propagation variables initialized.
Intermediate propagators initialized.
Vectors initialized.
Training loss initialized.
Optimizer initialized.
Utilities initialized.
Graph built!
Initialized
Error = :3.13e-01; Runtime: 7.7s; Iterations = 0, grads =   9.110e+01, unitary_metric = 1.00075
Error = :6.00e-01; Runtime: 84.4s; Iterations = 20, grads =   8.019e+01, unitary_metric = 1.00029
Error = :8.38e-01; Runtime: 148.3s; Iterations = 40, grads =   2.922e+01, unitary_metric = 1.00029
Error = :9.94e-01; Runtime: 212.0s; Iterations = 60, grads =   2.304e-01, unitary_metric = 1.00037
Error = :5.38e-01; Runtime: 275.7s; Iterations = 80, grads =   1.532e+01, unitary_metric = 1.00022
Error = :4.75e-01; Runtime: 338.9s; Iterations = 100, grads =   8.027e+00, unitary_metric = 1.00027
Error = :8.96e-01; Runtime: 407.9s; Iterations = 120, grads =   3.953e+00, unitary_metric = 1.00025
Error = :2.32e-01; Runtime: 471.4s; Iterations = 140, grads =   2.133e+01, unitary_metric = 1.00020
Error = :3.58e-02; Runtime: 535.3s; Iterations = 160, grads =   4.188e+00, unitary_metric = 1.00020
Error = :6.74e-03; Runtime: 599.3s; Iterations = 180, grads =   8.937e-01, unitary_metric = 1.00018
Error = :5.70e-02; Runtime: 662.9s; Iterations = 200, grads =   8.169e+00, unitary_metric = 1.00018
Error = :3.81e-02; Runtime: 731.8s; Iterations = 220, grads =   5.466e+00, unitary_metric = 1.00019
Error = :1.54e-02; Runtime: 795.6s; Iterations = 240, grads =   1.278e+00, unitary_metric = 1.00018
Error = :1.52e-02; Runtime: 859.5s; Iterations = 260, grads =   2.310e+00, unitary_metric = 1.00018
Error = :9.11e-03; Runtime: 923.4s; Iterations = 280, grads =   1.421e+00, unitary_metric = 1.00019
Error = :9.85e-03; Runtime: 987.3s; Iterations = 300, grads =   1.373e+00, unitary_metric = 1.00017
Error = :1.43e-02; Runtime: 1056.0s; Iterations = 320, grads =   2.550e+00, unitary_metric = 1.00017
Error = :9.01e-04; Runtime: 1087.6s; Iterations = 330, grads =   1.391e-01, unitary_metric = 1.00017
data saved at: /project/ftchong/qoc/yongshan/00011_05_flexErdosRenyiN6p8_slice_4.h5


trying total_time: 99.0 for unitary of size (8, 8)
data saved at: /project/ftchong/qoc/yongshan/00012_05_flexErdosRenyiN6p8_slice_4.h5
Using 8 Taylor terms and 1 Scaling & Squaring terms
Building graph:
Propagators initialized.
Operators weight initialized.
Intermediate propagation variables initialized.
Intermediate propagators initialized.
Vectors initialized.
Training loss initialized.
Optimizer initialized.
Utilities initialized.
Graph built!
Initialized
Error = :3.98e-01; Runtime: 3.7s; Iterations = 0, grads =   4.444e+01, unitary_metric = 1.00002
Error = :3.48e-01; Runtime: 37.5s; Iterations = 20, grads =   3.668e+01, unitary_metric = 1.00000
Error = :7.88e-02; Runtime: 64.8s; Iterations = 40, grads =   8.570e+00, unitary_metric = 1.00000
Error = :1.00e-02; Runtime: 92.0s; Iterations = 60, grads =   1.364e+00, unitary_metric = 1.00000
Error = :4.16e-04; Runtime: 116.6s; Iterations = 78, grads =   3.714e-02, unitary_metric = 1.00000
data saved at: /project/ftchong/qoc/yongshan/00012_05_flexErdosRenyiN6p8_slice_4.h5


trying total_time: 49.5 for unitary of size (8, 8)
data saved at: /project/ftchong/qoc/yongshan/00013_05_flexErdosRenyiN6p8_slice_4.h5
Using 8 Taylor terms and 1 Scaling & Squaring terms
Building graph:
Propagators initialized.
Operators weight initialized.
Intermediate propagation variables initialized.
Intermediate propagators initialized.
Vectors initialized.
Training loss initialized.
Optimizer initialized.
Utilities initialized.
Graph built!
Initialized
Error = :8.30e-02; Runtime: 1.9s; Iterations = 0, grads =   8.077e+00, unitary_metric = 1.00000
Error = :2.49e-01; Runtime: 17.2s; Iterations = 20, grads =   1.928e+01, unitary_metric = 1.00000
Error = :2.16e-02; Runtime: 29.4s; Iterations = 40, grads =   1.936e+00, unitary_metric = 1.00000
Error = :8.15e-03; Runtime: 41.6s; Iterations = 60, grads =   8.014e-01, unitary_metric = 1.00000
Error = :8.88e-04; Runtime: 44.1s; Iterations = 64, grads =   7.660e-02, unitary_metric = 0.99999
data saved at: /project/ftchong/qoc/yongshan/00013_05_flexErdosRenyiN6p8_slice_4.h5


trying total_time: 24.75 for unitary of size (8, 8)
data saved at: /project/ftchong/qoc/yongshan/00014_05_flexErdosRenyiN6p8_slice_4.h5
Using 5 Taylor terms and 3 Scaling & Squaring terms
Building graph:
Propagators initialized.
Operators weight initialized.
Intermediate propagation variables initialized.
Intermediate propagators initialized.
Vectors initialized.
Training loss initialized.
Optimizer initialized.
Utilities initialized.
Graph built!
Initialized
Error = :1.20e-01; Runtime: 0.9s; Iterations = 0, grads =   5.588e+00, unitary_metric = 1.00005
Error = :4.41e-02; Runtime: 7.8s; Iterations = 20, grads =   2.097e+00, unitary_metric = 1.00005
Error = :7.65e-03; Runtime: 13.2s; Iterations = 40, grads =   3.968e-01, unitary_metric = 1.00005
Error = :4.27e-04; Runtime: 17.6s; Iterations = 56, grads =   2.292e-02, unitary_metric = 1.00004
data saved at: /project/ftchong/qoc/yongshan/00014_05_flexErdosRenyiN6p8_slice_4.h5


trying total_time: 12.35 for unitary of size (8, 8)
data saved at: /project/ftchong/qoc/yongshan/00015_05_flexErdosRenyiN6p8_slice_4.h5
Using 5 Taylor terms and 3 Scaling & Squaring terms
Building graph:
Propagators initialized.
Operators weight initialized.
Intermediate propagation variables initialized.
Intermediate propagators initialized.
Vectors initialized.
Training loss initialized.
Optimizer initialized.
Utilities initialized.
Graph built!
Initialized
Error = :2.05e-01; Runtime: 0.4s; Iterations = 0, grads =   4.270e+00, unitary_metric = 1.00002
Error = :1.31e-02; Runtime: 3.9s; Iterations = 20, grads =   3.383e-01, unitary_metric = 1.00001
Error = :1.35e-03; Runtime: 6.5s; Iterations = 40, grads =   3.476e-02, unitary_metric = 1.00001
Error = :9.08e-04; Runtime: 7.0s; Iterations = 44, grads =   2.331e-02, unitary_metric = 1.00001
data saved at: /project/ftchong/qoc/yongshan/00015_05_flexErdosRenyiN6p8_slice_4.h5


trying total_time: 6.15 for unitary of size (8, 8)
data saved at: /project/ftchong/qoc/yongshan/00016_05_flexErdosRenyiN6p8_slice_4.h5
Using 4 Taylor terms and 3 Scaling & Squaring terms
Building graph:
Propagators initialized.
Operators weight initialized.
Intermediate propagation variables initialized.
Intermediate propagators initialized.
Vectors initialized.
Training loss initialized.
Optimizer initialized.
Utilities initialized.
Graph built!
Initialized
Error = :1.65e-01; Runtime: 0.2s; Iterations = 0, grads =   1.786e+00, unitary_metric = 1.00001
Error = :5.13e-03; Runtime: 1.8s; Iterations = 20, grads =   6.535e-02, unitary_metric = 1.00000
Error = :6.96e-04; Runtime: 2.2s; Iterations = 25, grads =   7.523e-03, unitary_metric = 1.00000
data saved at: /project/ftchong/qoc/yongshan/00016_05_flexErdosRenyiN6p8_slice_4.h5


trying total_time: 3.05 for unitary of size (8, 8)
data saved at: /project/ftchong/qoc/yongshan/00017_05_flexErdosRenyiN6p8_slice_4.h5
Using 4 Taylor terms and 3 Scaling & Squaring terms
Building graph:
Propagators initialized.
Operators weight initialized.
Intermediate propagation variables initialized.
Intermediate propagators initialized.
Vectors initialized.
Training loss initialized.
Optimizer initialized.
Utilities initialized.
Graph built!
Initialized
Error = :1.87e-01; Runtime: 0.1s; Iterations = 0, grads =   9.628e-01, unitary_metric = 1.00000
Error = :9.42e-04; Runtime: 1.0s; Iterations = 20, grads =   5.694e-03, unitary_metric = 1.00000
data saved at: /project/ftchong/qoc/yongshan/00017_05_flexErdosRenyiN6p8_slice_4.h5


trying total_time: 1.5 for unitary of size (8, 8)
data saved at: /project/ftchong/qoc/yongshan/00018_05_flexErdosRenyiN6p8_slice_4.h5
Using 4 Taylor terms and 3 Scaling & Squaring terms
Building graph:
Propagators initialized.
Operators weight initialized.
Intermediate propagation variables initialized.
Intermediate propagators initialized.
Vectors initialized.
Training loss initialized.
Optimizer initialized.
Utilities initialized.
Graph built!
Initialized
Error = :1.20e-01; Runtime: 0.1s; Iterations = 0, grads =   3.263e-01, unitary_metric = 1.00000
Error = :9.68e-04; Runtime: 0.5s; Iterations = 18, grads =   2.303e-03, unitary_metric = 1.00000
data saved at: /project/ftchong/qoc/yongshan/00018_05_flexErdosRenyiN6p8_slice_4.h5


trying total_time: 0.75 for unitary of size (8, 8)
data saved at: /project/ftchong/qoc/yongshan/00019_05_flexErdosRenyiN6p8_slice_4.h5
Using 6 Taylor terms and 1 Scaling & Squaring terms
Building graph:
Propagators initialized.
Operators weight initialized.
Intermediate propagation variables initialized.
Intermediate propagators initialized.
Vectors initialized.
Training loss initialized.
Optimizer initialized.
Utilities initialized.
Graph built!
Initialized
Error = :1.02e-01; Runtime: 0.1s; Iterations = 0, grads =   1.262e-01, unitary_metric = 1.00000
Error = :6.04e-03; Runtime: 0.4s; Iterations = 20, grads =   9.050e-03, unitary_metric = 1.00000
Error = :5.20e-04; Runtime: 0.4s; Iterations = 25, grads =   7.449e-04, unitary_metric = 1.00000
data saved at: /project/ftchong/qoc/yongshan/00019_05_flexErdosRenyiN6p8_slice_4.h5


trying total_time: 0.35 for unitary of size (8, 8)
data saved at: /project/ftchong/qoc/yongshan/00020_05_flexErdosRenyiN6p8_slice_4.h5
Using 6 Taylor terms and 1 Scaling & Squaring terms
Building graph:
Propagators initialized.
Operators weight initialized.
Intermediate propagation variables initialized.
Intermediate propagators initialized.
Vectors initialized.
Training loss initialized.
Optimizer initialized.
Utilities initialized.
Graph built!
Initialized
Error = :2.91e-02; Runtime: 0.1s; Iterations = 0, grads =   1.474e-02, unitary_metric = 1.00000
Error = :1.07e-03; Runtime: 0.3s; Iterations = 20, grads =   5.029e-04, unitary_metric = 1.00000
Error = :7.79e-04; Runtime: 0.3s; Iterations = 21, grads =   3.552e-04, unitary_metric = 1.00000
data saved at: /project/ftchong/qoc/yongshan/00020_05_flexErdosRenyiN6p8_slice_4.h5


trying total_time: 0.15 for unitary of size (8, 8)
data saved at: /project/ftchong/qoc/yongshan/00021_05_flexErdosRenyiN6p8_slice_4.h5
Using 6 Taylor terms and 1 Scaling & Squaring terms
Building graph:
Propagators initialized.
Operators weight initialized.
Intermediate propagation variables initialized.
Intermediate propagators initialized.
Vectors initialized.
Training loss initialized.
Optimizer initialized.
Utilities initialized.
Graph built!
Initialized
Error = :5.89e-02; Runtime: 0.0s; Iterations = 0, grads =   1.228e-02, unitary_metric = 1.00000
Error = :7.03e-03; Runtime: 0.2s; Iterations = 20, grads =   1.180e-03, unitary_metric = 1.00000
Error = :9.32e-04; Runtime: 0.2s; Iterations = 39, grads =   9.925e-05, unitary_metric = 1.00000
data saved at: /project/ftchong/qoc/yongshan/00021_05_flexErdosRenyiN6p8_slice_4.h5




[0.15, 0.15]
TIME FOR SLICE IS:
0.15
