Running Block:  200


trying total_time: 40.0 for unitary of size (16, 16)
data saved at: /project/ftchong/qoc/pranav/00000_01_beh2_slice_200.h5
Using 5 Taylor terms and 4 Scaling & Squaring terms
Building graph:
Propagators initialized.
Operators weight initialized.
Intermediate propagation variables initialized.
Intermediate propagators initialized.
Vectors initialized.
Training loss initialized.
Optimizer initialized.
Utilities initialized.
Graph built!
Initialized
Error = :8.39e-01; Runtime: 1.3s; Iterations = 0, grads =   8.940e-01, unitary_metric = 1.00033
Error = :6.75e-01; Runtime: 18.3s; Iterations = 20, grads =   2.064e+00, unitary_metric = 1.00028
Error = :3.81e-01; Runtime: 32.8s; Iterations = 40, grads =   1.316e+00, unitary_metric = 1.00024
Error = :1.48e-02; Runtime: 47.2s; Iterations = 60, grads =   1.714e-01, unitary_metric = 1.00018
Error = :3.83e-03; Runtime: 61.8s; Iterations = 80, grads =   1.198e-01, unitary_metric = 1.00019
Error = :1.27e-03; Runtime: 76.3s; Iterations = 100, grads =   9.250e-02, unitary_metric = 1.00020
Error = :6.17e-04; Runtime: 86.0s; Iterations = 112, grads =   5.869e-02, unitary_metric = 1.00020
data saved at: /project/ftchong/qoc/pranav/00000_01_beh2_slice_200.h5


trying total_time: 20.0 for unitary of size (16, 16)
data saved at: /project/ftchong/qoc/pranav/00001_01_beh2_slice_200.h5
Using 7 Taylor terms and 2 Scaling & Squaring terms
Building graph:
Propagators initialized.
Operators weight initialized.
Intermediate propagation variables initialized.
Intermediate propagators initialized.
Vectors initialized.
Training loss initialized.
Optimizer initialized.
Utilities initialized.
Graph built!
Initialized
Error = :8.03e-01; Runtime: 0.7s; Iterations = 0, grads =   4.101e-01, unitary_metric = 1.00002
Error = :5.19e-01; Runtime: 8.9s; Iterations = 20, grads =   2.552e-01, unitary_metric = 1.00000
Error = :5.04e-01; Runtime: 16.0s; Iterations = 40, grads =   6.081e-02, unitary_metric = 1.00001
Error = :5.00e-01; Runtime: 23.1s; Iterations = 60, grads =   2.646e-03, unitary_metric = 1.00001
Error = :5.00e-01; Runtime: 30.2s; Iterations = 80, grads =   1.293e-03, unitary_metric = 1.00001
Error = :4.90e-01; Runtime: 37.3s; Iterations = 100, grads =   1.353e-03, unitary_metric = 1.00000
Error = :1.43e-02; Runtime: 44.9s; Iterations = 120, grads =   3.050e-02, unitary_metric = 1.00000
Error = :2.12e-03; Runtime: 52.0s; Iterations = 140, grads =   2.381e-03, unitary_metric = 1.00000
Error = :9.96e-04; Runtime: 56.3s; Iterations = 152, grads =   8.614e-04, unitary_metric = 1.00000
data saved at: /project/ftchong/qoc/pranav/00001_01_beh2_slice_200.h5


trying total_time: 10.0 for unitary of size (16, 16)
data saved at: /project/ftchong/qoc/pranav/00002_01_beh2_slice_200.h5
Using 7 Taylor terms and 2 Scaling & Squaring terms
Building graph:
Propagators initialized.
Operators weight initialized.
Intermediate propagation variables initialized.
Intermediate propagators initialized.
Vectors initialized.
Training loss initialized.
Optimizer initialized.
Utilities initialized.
Graph built!
Initialized
Error = :8.53e-01; Runtime: 0.3s; Iterations = 0, grads =   2.695e-01, unitary_metric = 1.00000
Error = :5.23e-01; Runtime: 4.5s; Iterations = 20, grads =   5.085e-02, unitary_metric = 1.00000
Error = :5.04e-01; Runtime: 8.0s; Iterations = 40, grads =   3.608e-03, unitary_metric = 1.00000
Error = :5.00e-01; Runtime: 11.5s; Iterations = 60, grads =   1.091e-03, unitary_metric = 1.00000
Error = :5.00e-01; Runtime: 15.0s; Iterations = 80, grads =   1.735e-04, unitary_metric = 1.00000
Error = :5.00e-01; Runtime: 18.4s; Iterations = 100, grads =   2.426e-05, unitary_metric = 1.00000
Error = :5.00e-01; Runtime: 22.2s; Iterations = 120, grads =   1.775e-06, unitary_metric = 1.00000
Error = :5.00e-01; Runtime: 25.6s; Iterations = 140, grads =   5.105e-07, unitary_metric = 1.00000
Error = :5.00e-01; Runtime: 29.1s; Iterations = 160, grads =   3.016e-08, unitary_metric = 1.00000
Error = :5.00e-01; Runtime: 32.6s; Iterations = 180, grads =   3.160e-09, unitary_metric = 1.00000
Error = :5.00e-01; Runtime: 36.0s; Iterations = 200, grads =   1.138e-09, unitary_metric = 1.00000
Error = :5.00e-01; Runtime: 39.8s; Iterations = 220, grads =   9.096e-11, unitary_metric = 1.00000
Error = :5.00e-01; Runtime: 43.3s; Iterations = 240, grads =   4.285e-11, unitary_metric = 1.00000
Error = :5.00e-01; Runtime: 46.7s; Iterations = 260, grads =   1.101e-11, unitary_metric = 1.00000
Error = :5.00e-01; Runtime: 50.2s; Iterations = 280, grads =   1.600e-11, unitary_metric = 1.00000
Error = :5.00e-01; Runtime: 53.6s; Iterations = 300, grads =   6.851e-12, unitary_metric = 1.00000
Error = :5.00e-01; Runtime: 57.4s; Iterations = 320, grads =   6.629e-12, unitary_metric = 1.00000
Error = :5.00e-01; Runtime: 60.9s; Iterations = 340, grads =   9.658e-12, unitary_metric = 1.00000
Error = :5.00e-01; Runtime: 64.4s; Iterations = 360, grads =   8.075e-12, unitary_metric = 1.00000
Error = :5.00e-01; Runtime: 67.8s; Iterations = 380, grads =   4.975e-12, unitary_metric = 1.00000
Error = :5.00e-01; Runtime: 71.3s; Iterations = 400, grads =   5.119e-12, unitary_metric = 1.00000
Error = :5.00e-01; Runtime: 75.1s; Iterations = 420, grads =   7.516e-12, unitary_metric = 1.00000
Error = :5.00e-01; Runtime: 78.5s; Iterations = 440, grads =   2.251e-11, unitary_metric = 1.00000
Error = :5.00e-01; Runtime: 82.0s; Iterations = 460, grads =   1.841e-11, unitary_metric = 1.00000
Error = :5.00e-01; Runtime: 85.4s; Iterations = 480, grads =   1.188e-09, unitary_metric = 1.00000
Error = :5.00e-01; Runtime: 88.9s; Iterations = 500, grads =   1.136e-06, unitary_metric = 1.00000
Error = :5.00e-01; Runtime: 92.7s; Iterations = 520, grads =   4.172e-08, unitary_metric = 1.00000
Error = :5.00e-01; Runtime: 96.2s; Iterations = 540, grads =   1.813e-08, unitary_metric = 1.00000
Error = :5.00e-01; Runtime: 99.6s; Iterations = 560, grads =   2.999e-09, unitary_metric = 1.00000
Error = :5.00e-01; Runtime: 103.1s; Iterations = 580, grads =   1.220e-09, unitary_metric = 1.00000
Error = :5.00e-01; Runtime: 106.5s; Iterations = 600, grads =   1.389e-10, unitary_metric = 1.00000
Error = :5.00e-01; Runtime: 110.2s; Iterations = 620, grads =   2.882e-07, unitary_metric = 1.00000
Error = :5.00e-01; Runtime: 113.7s; Iterations = 640, grads =   7.525e-09, unitary_metric = 1.00000
Error = :5.00e-01; Runtime: 117.1s; Iterations = 660, grads =   4.041e-09, unitary_metric = 1.00000
Error = :5.00e-01; Runtime: 120.6s; Iterations = 680, grads =   3.741e-11, unitary_metric = 1.00000
Error = :5.00e-01; Runtime: 124.1s; Iterations = 700, grads =   9.904e-11, unitary_metric = 1.00000
Error = :5.00e-01; Runtime: 127.8s; Iterations = 720, grads =   8.032e-11, unitary_metric = 1.00000
Error = :5.00e-01; Runtime: 131.3s; Iterations = 740, grads =   9.063e-11, unitary_metric = 1.00000
Error = :5.00e-01; Runtime: 134.8s; Iterations = 760, grads =   1.480e-10, unitary_metric = 1.00000
Error = :5.00e-01; Runtime: 138.2s; Iterations = 780, grads =   1.046e-10, unitary_metric = 1.00000
Error = :5.00e-01; Runtime: 141.7s; Iterations = 800, grads =   4.068e-09, unitary_metric = 0.99999
Error = :5.00e-01; Runtime: 145.5s; Iterations = 820, grads =   1.086e-05, unitary_metric = 1.00000
Error = :5.00e-01; Runtime: 149.0s; Iterations = 840, grads =   2.448e-03, unitary_metric = 1.00000
Error = :5.00e-01; Runtime: 152.4s; Iterations = 860, grads =   2.576e-06, unitary_metric = 0.99999
Error = :5.00e-01; Runtime: 155.9s; Iterations = 880, grads =   2.059e-05, unitary_metric = 1.00000
Error = :5.00e-01; Runtime: 159.3s; Iterations = 900, grads =   4.428e-06, unitary_metric = 1.00000
Error = :5.00e-01; Runtime: 163.0s; Iterations = 920, grads =   5.112e-07, unitary_metric = 1.00000
Error = :5.00e-01; Runtime: 166.5s; Iterations = 940, grads =   2.227e-07, unitary_metric = 1.00000
Error = :5.00e-01; Runtime: 169.9s; Iterations = 960, grads =   1.357e-06, unitary_metric = 0.99999
Error = :5.00e-01; Runtime: 173.4s; Iterations = 980, grads =   1.054e-03, unitary_metric = 1.00000
Error = :5.00e-01; Runtime: 176.8s; Iterations = 1000, grads =   1.289e-04, unitary_metric = 1.00000
Error = :4.98e-01; Runtime: 180.6s; Iterations = 1020, grads =   6.577e-05, unitary_metric = 0.99999
Error = :1.96e-01; Runtime: 184.1s; Iterations = 1040, grads =   1.666e-01, unitary_metric = 0.99999
Error = :1.91e-02; Runtime: 187.5s; Iterations = 1060, grads =   1.321e-01, unitary_metric = 0.99999
Error = :1.80e-03; Runtime: 191.0s; Iterations = 1080, grads =   1.343e-02, unitary_metric = 0.99999
Error = :8.66e-04; Runtime: 192.4s; Iterations = 1088, grads =   3.824e-03, unitary_metric = 0.99999
data saved at: /project/ftchong/qoc/pranav/00002_01_beh2_slice_200.h5


trying total_time: 5.0 for unitary of size (16, 16)
data saved at: /project/ftchong/qoc/pranav/00003_01_beh2_slice_200.h5
Using 7 Taylor terms and 2 Scaling & Squaring terms
Building graph:
Propagators initialized.
Operators weight initialized.
Intermediate propagation variables initialized.
Intermediate propagators initialized.
Vectors initialized.
Training loss initialized.
Optimizer initialized.
Utilities initialized.
Graph built!
Initialized
Error = :7.85e-01; Runtime: 0.2s; Iterations = 0, grads =   7.334e-02, unitary_metric = 1.00000
Error = :6.11e-01; Runtime: 2.2s; Iterations = 20, grads =   9.336e-03, unitary_metric = 1.00000
Error = :5.25e-01; Runtime: 3.9s; Iterations = 40, grads =   1.368e-03, unitary_metric = 1.00000
Error = :5.02e-01; Runtime: 5.7s; Iterations = 60, grads =   1.884e-04, unitary_metric = 1.00000
Error = :5.00e-01; Runtime: 7.4s; Iterations = 80, grads =   2.943e-05, unitary_metric = 1.00000
Error = :5.00e-01; Runtime: 9.1s; Iterations = 100, grads =   4.642e-06, unitary_metric = 1.00000
Error = :5.00e-01; Runtime: 11.0s; Iterations = 120, grads =   4.508e-07, unitary_metric = 1.00000
Error = :5.00e-01; Runtime: 12.7s; Iterations = 140, grads =   9.055e-08, unitary_metric = 1.00000
Error = :5.00e-01; Runtime: 14.4s; Iterations = 160, grads =   4.148e-09, unitary_metric = 1.00000
Error = :5.00e-01; Runtime: 16.1s; Iterations = 180, grads =   8.922e-10, unitary_metric = 1.00000
Error = :5.00e-01; Runtime: 17.9s; Iterations = 200, grads =   1.487e-10, unitary_metric = 1.00000
Error = :5.00e-01; Runtime: 19.7s; Iterations = 220, grads =   4.908e-11, unitary_metric = 1.00000
Error = :5.00e-01; Runtime: 21.5s; Iterations = 240, grads =   3.385e-11, unitary_metric = 1.00000
Error = :5.00e-01; Runtime: 23.2s; Iterations = 260, grads =   2.611e-11, unitary_metric = 1.00000
Error = :5.00e-01; Runtime: 24.9s; Iterations = 280, grads =   2.138e-11, unitary_metric = 1.00000
Error = :5.00e-01; Runtime: 26.6s; Iterations = 300, grads =   2.076e-11, unitary_metric = 1.00000
Error = :5.00e-01; Runtime: 28.5s; Iterations = 320, grads =   2.100e-11, unitary_metric = 1.00000
Error = :5.00e-01; Runtime: 30.2s; Iterations = 340, grads =   1.765e-11, unitary_metric = 1.00000
Error = :5.00e-01; Runtime: 32.0s; Iterations = 360, grads =   1.519e-11, unitary_metric = 1.00000
Error = :5.00e-01; Runtime: 33.7s; Iterations = 380, grads =   1.688e-11, unitary_metric = 1.00000
Error = :5.00e-01; Runtime: 35.4s; Iterations = 400, grads =   2.091e-11, unitary_metric = 0.99999
Error = :5.00e-01; Runtime: 37.3s; Iterations = 420, grads =   3.316e-11, unitary_metric = 1.00000
Error = :5.00e-01; Runtime: 39.0s; Iterations = 440, grads =   1.694e-11, unitary_metric = 1.00000
Error = :5.00e-01; Runtime: 40.7s; Iterations = 460, grads =   2.190e-11, unitary_metric = 1.00000
Error = :5.00e-01; Runtime: 42.4s; Iterations = 480, grads =   2.143e-11, unitary_metric = 0.99999
Error = :5.00e-01; Runtime: 44.2s; Iterations = 500, grads =   2.468e-11, unitary_metric = 0.99999
Error = :5.00e-01; Runtime: 46.0s; Iterations = 520, grads =   2.518e-11, unitary_metric = 1.00000
Error = :5.00e-01; Runtime: 47.7s; Iterations = 540, grads =   2.995e-10, unitary_metric = 0.99999
Error = :5.00e-01; Runtime: 49.5s; Iterations = 560, grads =   1.059e-07, unitary_metric = 1.00000
Error = :5.00e-01; Runtime: 51.2s; Iterations = 580, grads =   2.183e-08, unitary_metric = 0.99999
Error = :5.00e-01; Runtime: 52.9s; Iterations = 600, grads =   3.020e-09, unitary_metric = 0.99999
Error = :5.00e-01; Runtime: 54.8s; Iterations = 620, grads =   6.920e-10, unitary_metric = 0.99999
Error = :5.00e-01; Runtime: 56.5s; Iterations = 640, grads =   1.030e-10, unitary_metric = 0.99999
Error = :5.00e-01; Runtime: 58.2s; Iterations = 660, grads =   1.608e-10, unitary_metric = 0.99999
Error = :5.00e-01; Runtime: 59.9s; Iterations = 680, grads =   2.129e-10, unitary_metric = 1.00000
Error = :5.00e-01; Runtime: 61.6s; Iterations = 700, grads =   3.404e-10, unitary_metric = 0.99999
Error = :5.00e-01; Runtime: 63.6s; Iterations = 720, grads =   5.474e-10, unitary_metric = 1.00000
Error = :5.00e-01; Runtime: 65.3s; Iterations = 740, grads =   9.526e-10, unitary_metric = 1.00000
Error = :5.00e-01; Runtime: 67.0s; Iterations = 760, grads =   1.947e-09, unitary_metric = 1.00000
Error = :5.00e-01; Runtime: 68.7s; Iterations = 780, grads =   4.604e-09, unitary_metric = 0.99999
Error = :5.00e-01; Runtime: 70.5s; Iterations = 800, grads =   1.567e-08, unitary_metric = 0.99999
Error = :5.00e-01; Runtime: 72.3s; Iterations = 820, grads =   7.005e-08, unitary_metric = 1.00000
Error = :5.00e-01; Runtime: 74.0s; Iterations = 840, grads =   8.168e-07, unitary_metric = 1.00000
Error = :4.92e-01; Runtime: 75.8s; Iterations = 860, grads =   2.376e-04, unitary_metric = 0.99999
Error = :2.20e-01; Runtime: 77.5s; Iterations = 880, grads =   1.099e-01, unitary_metric = 0.99999
Error = :7.69e-02; Runtime: 79.2s; Iterations = 900, grads =   1.467e-02, unitary_metric = 0.99999
Error = :4.32e-02; Runtime: 81.1s; Iterations = 920, grads =   1.126e-03, unitary_metric = 0.99999
Error = :3.32e-02; Runtime: 82.8s; Iterations = 940, grads =   8.034e-05, unitary_metric = 0.99999
Error = :2.93e-02; Runtime: 84.5s; Iterations = 960, grads =   1.501e-05, unitary_metric = 0.99999
Error = :2.73e-02; Runtime: 86.2s; Iterations = 980, grads =   7.244e-06, unitary_metric = 0.99999
Error = :2.58e-02; Runtime: 87.9s; Iterations = 1000, grads =   5.225e-06, unitary_metric = 0.99999
Error = :2.47e-02; Runtime: 89.8s; Iterations = 1020, grads =   4.004e-06, unitary_metric = 0.99999
Error = :2.37e-02; Runtime: 91.5s; Iterations = 1040, grads =   2.999e-06, unitary_metric = 0.99999
Error = :2.30e-02; Runtime: 93.2s; Iterations = 1060, grads =   2.320e-06, unitary_metric = 0.99999
Error = :2.25e-02; Runtime: 95.0s; Iterations = 1080, grads =   1.875e-06, unitary_metric = 0.99999
Error = :2.20e-02; Runtime: 96.7s; Iterations = 1100, grads =   1.556e-06, unitary_metric = 0.99999
Error = :2.16e-02; Runtime: 98.6s; Iterations = 1120, grads =   1.316e-06, unitary_metric = 0.99999
Error = :2.13e-02; Runtime: 100.3s; Iterations = 1140, grads =   1.128e-06, unitary_metric = 0.99998
Error = :2.10e-02; Runtime: 102.0s; Iterations = 1160, grads =   9.777e-07, unitary_metric = 0.99998
Error = :2.07e-02; Runtime: 103.7s; Iterations = 1180, grads =   8.556e-07, unitary_metric = 0.99998
Error = :2.05e-02; Runtime: 105.4s; Iterations = 1200, grads =   7.551e-07, unitary_metric = 0.99999
Error = :2.03e-02; Runtime: 107.3s; Iterations = 1220, grads =   6.713e-07, unitary_metric = 0.99998
Error = :2.01e-02; Runtime: 109.0s; Iterations = 1240, grads =   6.011e-07, unitary_metric = 0.99998
Error = :1.99e-02; Runtime: 110.7s; Iterations = 1260, grads =   5.419e-07, unitary_metric = 0.99998
Error = :1.97e-02; Runtime: 112.4s; Iterations = 1280, grads =   5.869e-07, unitary_metric = 0.99998
Error = :1.96e-02; Runtime: 114.2s; Iterations = 1300, grads =   4.491e-07, unitary_metric = 0.99999
Error = :1.95e-02; Runtime: 116.0s; Iterations = 1320, grads =   4.138e-07, unitary_metric = 0.99998
Error = :1.94e-02; Runtime: 117.7s; Iterations = 1340, grads =   3.810e-07, unitary_metric = 0.99998
Error = :1.92e-02; Runtime: 119.5s; Iterations = 1360, grads =   3.534e-07, unitary_metric = 0.99998
Error = :1.91e-02; Runtime: 121.2s; Iterations = 1380, grads =   3.300e-07, unitary_metric = 0.99998
Error = :1.90e-02; Runtime: 122.9s; Iterations = 1400, grads =   3.092e-07, unitary_metric = 0.99998
Error = :1.89e-02; Runtime: 124.9s; Iterations = 1420, grads =   2.975e-07, unitary_metric = 0.99998
Error = :1.89e-02; Runtime: 126.6s; Iterations = 1440, grads =   6.643e-07, unitary_metric = 0.99998
Error = :1.88e-02; Runtime: 128.3s; Iterations = 1460, grads =   3.378e-04, unitary_metric = 0.99998
Error = :1.87e-02; Runtime: 130.0s; Iterations = 1480, grads =   5.222e-05, unitary_metric = 0.99998
Error = :1.86e-02; Runtime: 131.8s; Iterations = 1500, grads =   1.041e-05, unitary_metric = 0.99998
Error = :1.85e-02; Runtime: 133.6s; Iterations = 1520, grads =   2.126e-06, unitary_metric = 0.99998
Error = :1.85e-02; Runtime: 135.4s; Iterations = 1540, grads =   6.290e-07, unitary_metric = 0.99998
Error = :1.84e-02; Runtime: 137.1s; Iterations = 1560, grads =   2.563e-07, unitary_metric = 0.99998
Error = :1.83e-02; Runtime: 138.8s; Iterations = 1580, grads =   2.226e-07, unitary_metric = 0.99998
Error = :1.83e-02; Runtime: 140.5s; Iterations = 1600, grads =   2.035e-07, unitary_metric = 0.99998
Error = :1.82e-02; Runtime: 142.5s; Iterations = 1620, grads =   3.497e-07, unitary_metric = 0.99998
Error = :1.82e-02; Runtime: 144.3s; Iterations = 1640, grads =   3.267e-04, unitary_metric = 0.99998
Error = :1.81e-02; Runtime: 146.0s; Iterations = 1660, grads =   3.668e-05, unitary_metric = 0.99998
Error = :1.80e-02; Runtime: 147.7s; Iterations = 1680, grads =   1.483e-05, unitary_metric = 0.99998
Error = :1.80e-02; Runtime: 149.4s; Iterations = 1700, grads =   3.159e-04, unitary_metric = 0.99998
Error = :1.79e-02; Runtime: 151.3s; Iterations = 1720, grads =   2.276e-05, unitary_metric = 0.99998
Error = :1.78e-02; Runtime: 153.0s; Iterations = 1740, grads =   1.295e-06, unitary_metric = 0.99998
Error = :1.77e-02; Runtime: 154.7s; Iterations = 1760, grads =   5.736e-07, unitary_metric = 0.99998
Error = :1.77e-02; Runtime: 156.4s; Iterations = 1780, grads =   3.161e-07, unitary_metric = 0.99998
Error = :1.76e-02; Runtime: 158.1s; Iterations = 1800, grads =   1.841e-07, unitary_metric = 0.99998
Error = :1.76e-02; Runtime: 160.0s; Iterations = 1820, grads =   1.775e-07, unitary_metric = 0.99999
Error = :1.75e-02; Runtime: 161.7s; Iterations = 1840, grads =   1.768e-07, unitary_metric = 0.99998
Error = :1.74e-02; Runtime: 163.5s; Iterations = 1860, grads =   1.803e-07, unitary_metric = 0.99999
Error = :1.74e-02; Runtime: 165.2s; Iterations = 1880, grads =   1.146e-06, unitary_metric = 0.99998
Error = :1.74e-02; Runtime: 166.9s; Iterations = 1900, grads =   6.699e-04, unitary_metric = 0.99998
Error = :1.73e-02; Runtime: 168.8s; Iterations = 1920, grads =   9.973e-05, unitary_metric = 0.99998
Error = :1.72e-02; Runtime: 170.5s; Iterations = 1940, grads =   1.274e-06, unitary_metric = 0.99999
Error = :1.72e-02; Runtime: 172.2s; Iterations = 1960, grads =   1.839e-06, unitary_metric = 0.99998
Error = :1.71e-02; Runtime: 173.9s; Iterations = 1980, grads =   2.543e-07, unitary_metric = 0.99998
Error = :1.71e-02; Runtime: 175.6s; Iterations = 2000, grads =   1.632e-07, unitary_metric = 0.99998
Error = :1.70e-02; Runtime: 177.5s; Iterations = 2020, grads =   1.574e-07, unitary_metric = 0.99998
Error = :1.70e-02; Runtime: 179.2s; Iterations = 2040, grads =   2.058e-07, unitary_metric = 0.99998
Error = :1.69e-02; Runtime: 180.9s; Iterations = 2060, grads =   6.035e-06, unitary_metric = 0.99998
Error = :1.69e-02; Runtime: 182.6s; Iterations = 2080, grads =   2.047e-05, unitary_metric = 0.99998
Error = :1.69e-02; Runtime: 184.4s; Iterations = 2100, grads =   7.497e-06, unitary_metric = 0.99998
Error = :1.69e-02; Runtime: 186.5s; Iterations = 2120, grads =   8.875e-07, unitary_metric = 0.99998
Error = :1.69e-02; Runtime: 188.2s; Iterations = 2140, grads =   1.923e-07, unitary_metric = 0.99999
Error = :1.69e-02; Runtime: 190.2s; Iterations = 2160, grads =   2.587e-06, unitary_metric = 0.99999
Error = :1.70e-02; Runtime: 191.8s; Iterations = 2180, grads =   4.821e-04, unitary_metric = 0.99999
Error = :1.69e-02; Runtime: 193.6s; Iterations = 2200, grads =   2.452e-05, unitary_metric = 0.99999
Error = :1.68e-02; Runtime: 195.4s; Iterations = 2220, grads =   1.292e-06, unitary_metric = 0.99999
Error = :1.68e-02; Runtime: 197.1s; Iterations = 2240, grads =   1.567e-06, unitary_metric = 0.99998
Error = :1.67e-02; Runtime: 198.9s; Iterations = 2260, grads =   4.350e-07, unitary_metric = 0.99998
Error = :1.66e-02; Runtime: 200.6s; Iterations = 2280, grads =   4.117e-07, unitary_metric = 0.99998
Error = :1.65e-02; Runtime: 202.3s; Iterations = 2300, grads =   1.080e-05, unitary_metric = 0.99998
Error = :1.64e-02; Runtime: 204.2s; Iterations = 2320, grads =   1.102e-05, unitary_metric = 0.99998
Error = :1.64e-02; Runtime: 205.9s; Iterations = 2340, grads =   1.643e-06, unitary_metric = 0.99998
Error = :1.63e-02; Runtime: 207.6s; Iterations = 2360, grads =   3.080e-07, unitary_metric = 0.99998
Error = :1.63e-02; Runtime: 209.4s; Iterations = 2380, grads =   1.876e-07, unitary_metric = 0.99998
Error = :1.62e-02; Runtime: 211.1s; Iterations = 2400, grads =   1.868e-07, unitary_metric = 0.99998
Error = :1.62e-02; Runtime: 212.9s; Iterations = 2420, grads =   1.633e-07, unitary_metric = 0.99999
Error = :1.62e-02; Runtime: 214.7s; Iterations = 2440, grads =   1.560e-07, unitary_metric = 0.99998
Error = :1.61e-02; Runtime: 216.4s; Iterations = 2460, grads =   1.880e-07, unitary_metric = 0.99998
Error = :1.61e-02; Runtime: 218.1s; Iterations = 2480, grads =   1.919e-05, unitary_metric = 0.99998
Error = :1.61e-02; Runtime: 219.8s; Iterations = 2500, grads =   1.112e-04, unitary_metric = 0.99998
Error = :1.60e-02; Runtime: 221.8s; Iterations = 2520, grads =   1.923e-05, unitary_metric = 0.99998
Error = :1.60e-02; Runtime: 223.5s; Iterations = 2540, grads =   4.864e-05, unitary_metric = 0.99998
Error = :1.60e-02; Runtime: 225.2s; Iterations = 2560, grads =   4.952e-06, unitary_metric = 0.99998
Error = :1.59e-02; Runtime: 226.9s; Iterations = 2580, grads =   2.258e-07, unitary_metric = 0.99998
Error = :1.59e-02; Runtime: 228.7s; Iterations = 2600, grads =   1.284e-07, unitary_metric = 0.99998
Error = :1.59e-02; Runtime: 230.5s; Iterations = 2620, grads =   1.432e-07, unitary_metric = 0.99998
Error = :1.59e-02; Runtime: 232.2s; Iterations = 2640, grads =   1.142e-07, unitary_metric = 0.99998
Error = :1.58e-02; Runtime: 234.0s; Iterations = 2660, grads =   1.449e-07, unitary_metric = 0.99998
Error = :1.58e-02; Runtime: 235.7s; Iterations = 2680, grads =   3.344e-06, unitary_metric = 0.99998
Error = :1.58e-02; Runtime: 237.4s; Iterations = 2700, grads =   3.953e-05, unitary_metric = 0.99998
Error = :1.58e-02; Runtime: 239.3s; Iterations = 2720, grads =   5.530e-06, unitary_metric = 0.99998
Error = :1.57e-02; Runtime: 241.1s; Iterations = 2740, grads =   1.666e-07, unitary_metric = 0.99998
Error = :1.57e-02; Runtime: 242.8s; Iterations = 2760, grads =   5.965e-06, unitary_metric = 0.99998
Error = :1.57e-02; Runtime: 244.5s; Iterations = 2780, grads =   1.356e-04, unitary_metric = 0.99998
Error = :1.57e-02; Runtime: 246.2s; Iterations = 2800, grads =   1.940e-05, unitary_metric = 0.99998
Error = :1.57e-02; Runtime: 248.1s; Iterations = 2820, grads =   2.854e-06, unitary_metric = 0.99998
Error = :1.57e-02; Runtime: 249.8s; Iterations = 2840, grads =   4.245e-07, unitary_metric = 0.99998
Error = :1.56e-02; Runtime: 251.5s; Iterations = 2860, grads =   8.555e-08, unitary_metric = 0.99998
Error = :1.56e-02; Runtime: 253.2s; Iterations = 2880, grads =   7.098e-07, unitary_metric = 0.99998
Error = :1.56e-02; Runtime: 255.0s; Iterations = 2900, grads =   1.236e-04, unitary_metric = 0.99998
Error = :1.56e-02; Runtime: 256.9s; Iterations = 2920, grads =   2.729e-06, unitary_metric = 0.99998
Error = :1.56e-02; Runtime: 258.6s; Iterations = 2940, grads =   4.418e-07, unitary_metric = 0.99999
Error = :1.56e-02; Runtime: 260.4s; Iterations = 2960, grads =   2.109e-07, unitary_metric = 0.99999
Error = :1.56e-02; Runtime: 262.1s; Iterations = 2980, grads =   9.292e-06, unitary_metric = 0.99998
Error = :1.56e-02; Runtime: 263.8s; Iterations = 3000, grads =   4.683e-05, unitary_metric = 0.99998
Error = :1.56e-02; Runtime: 265.7s; Iterations = 3020, grads =   1.390e-05, unitary_metric = 0.99998
Error = :1.56e-02; Runtime: 267.4s; Iterations = 3040, grads =   9.019e-07, unitary_metric = 0.99999
Error = :1.55e-02; Runtime: 269.2s; Iterations = 3060, grads =   1.509e-07, unitary_metric = 0.99998
Error = :1.55e-02; Runtime: 270.9s; Iterations = 3080, grads =   4.877e-08, unitary_metric = 0.99998
Error = :1.55e-02; Runtime: 272.6s; Iterations = 3100, grads =   4.411e-08, unitary_metric = 0.99998
Error = :1.55e-02; Runtime: 274.5s; Iterations = 3120, grads =   5.752e-08, unitary_metric = 0.99998
Error = :1.55e-02; Runtime: 276.2s; Iterations = 3140, grads =   4.460e-06, unitary_metric = 0.99999
Error = :1.55e-02; Runtime: 277.9s; Iterations = 3160, grads =   4.283e-06, unitary_metric = 0.99999
Error = :1.55e-02; Runtime: 279.6s; Iterations = 3180, grads =   8.231e-05, unitary_metric = 0.99998
Error = :1.55e-02; Runtime: 281.4s; Iterations = 3200, grads =   2.834e-05, unitary_metric = 0.99998
Error = :1.55e-02; Runtime: 283.2s; Iterations = 3220, grads =   7.115e-07, unitary_metric = 0.99999
Error = :1.55e-02; Runtime: 285.0s; Iterations = 3240, grads =   5.631e-07, unitary_metric = 0.99999
Error = :1.55e-02; Runtime: 286.7s; Iterations = 3260, grads =   5.615e-08, unitary_metric = 0.99998
Error = :1.55e-02; Runtime: 288.4s; Iterations = 3280, grads =   3.381e-08, unitary_metric = 0.99998
Error = :1.55e-02; Runtime: 290.1s; Iterations = 3300, grads =   3.357e-08, unitary_metric = 0.99999
Error = :1.55e-02; Runtime: 292.0s; Iterations = 3320, grads =   3.022e-08, unitary_metric = 0.99998
Error = :1.55e-02; Runtime: 293.7s; Iterations = 3340, grads =   3.798e-08, unitary_metric = 0.99999
Error = :1.55e-02; Runtime: 295.4s; Iterations = 3360, grads =   6.609e-07, unitary_metric = 0.99999
Error = :1.55e-02; Runtime: 297.2s; Iterations = 3380, grads =   2.331e-04, unitary_metric = 0.99998
Error = :1.55e-02; Runtime: 298.9s; Iterations = 3400, grads =   3.994e-05, unitary_metric = 0.99998
Error = :1.55e-02; Runtime: 300.8s; Iterations = 3420, grads =   1.340e-05, unitary_metric = 0.99998
Error = :1.55e-02; Runtime: 302.5s; Iterations = 3440, grads =   8.259e-07, unitary_metric = 0.99999
Error = :1.55e-02; Runtime: 304.2s; Iterations = 3460, grads =   3.550e-08, unitary_metric = 0.99998
Error = :1.55e-02; Runtime: 306.0s; Iterations = 3480, grads =   5.325e-08, unitary_metric = 0.99998
Error = :1.55e-02; Runtime: 307.7s; Iterations = 3500, grads =   3.259e-08, unitary_metric = 0.99999
Error = :1.55e-02; Runtime: 309.6s; Iterations = 3520, grads =   2.547e-08, unitary_metric = 0.99998
Error = :1.55e-02; Runtime: 311.3s; Iterations = 3540, grads =   1.118e-07, unitary_metric = 0.99999
Error = :1.55e-02; Runtime: 313.0s; Iterations = 3560, grads =   1.009e-07, unitary_metric = 0.99998
Error = :1.54e-02; Runtime: 314.8s; Iterations = 3580, grads =   2.438e-08, unitary_metric = 0.99999
Error = :1.54e-02; Runtime: 316.5s; Iterations = 3600, grads =   2.345e-08, unitary_metric = 0.99999
Error = :1.54e-02; Runtime: 318.5s; Iterations = 3620, grads =   2.305e-08, unitary_metric = 0.99998
Error = :1.54e-02; Runtime: 320.2s; Iterations = 3640, grads =   8.796e-08, unitary_metric = 0.99999
Error = :1.54e-02; Runtime: 321.9s; Iterations = 3660, grads =   2.934e-05, unitary_metric = 0.99999
Error = :1.55e-02; Runtime: 323.7s; Iterations = 3680, grads =   6.639e-05, unitary_metric = 0.99999
Error = :1.54e-02; Runtime: 325.4s; Iterations = 3700, grads =   3.558e-06, unitary_metric = 0.99999
Error = :1.54e-02; Runtime: 327.3s; Iterations = 3720, grads =   4.587e-07, unitary_metric = 0.99999
Error = :1.54e-02; Runtime: 329.0s; Iterations = 3740, grads =   9.512e-08, unitary_metric = 0.99999
Error = :1.54e-02; Runtime: 330.7s; Iterations = 3760, grads =   7.437e-08, unitary_metric = 0.99998
Error = :1.54e-02; Runtime: 332.4s; Iterations = 3780, grads =   3.166e-08, unitary_metric = 0.99998
Error = :1.54e-02; Runtime: 334.1s; Iterations = 3800, grads =   7.486e-08, unitary_metric = 0.99999
Error = :1.54e-02; Runtime: 336.0s; Iterations = 3820, grads =   2.282e-08, unitary_metric = 0.99999
Error = :1.54e-02; Runtime: 338.0s; Iterations = 3840, grads =   1.993e-08, unitary_metric = 0.99999
Error = :1.54e-02; Runtime: 339.8s; Iterations = 3860, grads =   1.969e-08, unitary_metric = 0.99999
Error = :1.54e-02; Runtime: 341.5s; Iterations = 3880, grads =   2.012e-08, unitary_metric = 0.99999
Error = :1.54e-02; Runtime: 343.2s; Iterations = 3900, grads =   2.396e-08, unitary_metric = 0.99999
Error = :1.54e-02; Runtime: 345.1s; Iterations = 3920, grads =   4.052e-07, unitary_metric = 0.99998
Error = :1.55e-02; Runtime: 346.8s; Iterations = 3940, grads =   9.662e-05, unitary_metric = 0.99999
Error = :1.54e-02; Runtime: 348.5s; Iterations = 3960, grads =   4.159e-05, unitary_metric = 0.99998
Error = :1.54e-02; Runtime: 350.2s; Iterations = 3980, grads =   2.990e-06, unitary_metric = 0.99999
Error = :1.54e-02; Runtime: 352.0s; Iterations = 4000, grads =   8.658e-07, unitary_metric = 0.99999
Error = :1.54e-02; Runtime: 353.8s; Iterations = 4020, grads =   5.341e-08, unitary_metric = 0.99999
Error = :1.54e-02; Runtime: 355.6s; Iterations = 4040, grads =   3.990e-08, unitary_metric = 0.99999
Error = :1.54e-02; Runtime: 357.3s; Iterations = 4060, grads =   5.142e-08, unitary_metric = 0.99999
Error = :1.54e-02; Runtime: 359.0s; Iterations = 4080, grads =   3.440e-08, unitary_metric = 0.99999
Error = :1.54e-02; Runtime: 360.7s; Iterations = 4100, grads =   2.985e-08, unitary_metric = 0.99999
Error = :1.54e-02; Runtime: 362.6s; Iterations = 4120, grads =   4.002e-08, unitary_metric = 0.99999
Error = :1.54e-02; Runtime: 364.3s; Iterations = 4140, grads =   1.195e-06, unitary_metric = 0.99999
Error = :1.54e-02; Runtime: 366.0s; Iterations = 4160, grads =   3.797e-05, unitary_metric = 0.99999
Error = :1.54e-02; Runtime: 367.8s; Iterations = 4180, grads =   2.437e-05, unitary_metric = 0.99999
Error = :1.54e-02; Runtime: 369.5s; Iterations = 4200, grads =   5.913e-06, unitary_metric = 0.99999
Error = :1.54e-02; Runtime: 371.3s; Iterations = 4220, grads =   1.919e-06, unitary_metric = 0.99999
Error = :1.54e-02; Runtime: 373.1s; Iterations = 4240, grads =   4.129e-08, unitary_metric = 0.99999
Error = :1.54e-02; Runtime: 374.8s; Iterations = 4260, grads =   3.816e-08, unitary_metric = 0.99999
Error = :1.54e-02; Runtime: 376.5s; Iterations = 4280, grads =   2.303e-08, unitary_metric = 0.99998
Error = :1.54e-02; Runtime: 378.2s; Iterations = 4300, grads =   2.761e-08, unitary_metric = 0.99999
Error = :1.54e-02; Runtime: 380.1s; Iterations = 4320, grads =   3.820e-08, unitary_metric = 0.99998
Error = :1.54e-02; Runtime: 381.8s; Iterations = 4340, grads =   6.841e-07, unitary_metric = 0.99999
Error = :1.54e-02; Runtime: 383.5s; Iterations = 4360, grads =   6.832e-05, unitary_metric = 0.99999
Error = :1.54e-02; Runtime: 385.3s; Iterations = 4380, grads =   4.275e-06, unitary_metric = 0.99999
Error = :1.54e-02; Runtime: 387.0s; Iterations = 4400, grads =   5.045e-06, unitary_metric = 0.99999
Error = :1.54e-02; Runtime: 388.9s; Iterations = 4420, grads =   2.453e-06, unitary_metric = 0.99998
Error = :1.54e-02; Runtime: 390.6s; Iterations = 4440, grads =   4.151e-08, unitary_metric = 0.99998
Error = :1.54e-02; Runtime: 392.3s; Iterations = 4460, grads =   5.593e-08, unitary_metric = 0.99999
Error = :1.54e-02; Runtime: 394.1s; Iterations = 4480, grads =   1.846e-08, unitary_metric = 0.99999
Error = :1.54e-02; Runtime: 395.8s; Iterations = 4500, grads =   1.587e-08, unitary_metric = 0.99999
Error = :1.54e-02; Runtime: 397.8s; Iterations = 4520, grads =   1.558e-08, unitary_metric = 0.99999
Error = :1.54e-02; Runtime: 399.5s; Iterations = 4540, grads =   1.535e-08, unitary_metric = 0.99999
Error = :1.54e-02; Runtime: 401.2s; Iterations = 4560, grads =   2.157e-08, unitary_metric = 0.99998
Error = :1.54e-02; Runtime: 402.9s; Iterations = 4580, grads =   2.527e-06, unitary_metric = 0.99998
Error = :1.54e-02; Runtime: 404.6s; Iterations = 4600, grads =   3.145e-06, unitary_metric = 0.99999
Error = :1.54e-02; Runtime: 406.5s; Iterations = 4620, grads =   4.460e-06, unitary_metric = 0.99999
Error = :1.54e-02; Runtime: 408.2s; Iterations = 4640, grads =   1.249e-06, unitary_metric = 0.99998
Error = :1.54e-02; Runtime: 410.0s; Iterations = 4660, grads =   3.354e-05, unitary_metric = 0.99999
Error = :1.54e-02; Runtime: 411.7s; Iterations = 4680, grads =   2.911e-05, unitary_metric = 0.99999
Error = :1.54e-02; Runtime: 413.4s; Iterations = 4700, grads =   2.060e-06, unitary_metric = 0.99998
Error = :1.54e-02; Runtime: 415.3s; Iterations = 4720, grads =   1.330e-08, unitary_metric = 0.99998
Error = :1.54e-02; Runtime: 417.0s; Iterations = 4740, grads =   8.112e-08, unitary_metric = 0.99998
Error = :1.54e-02; Runtime: 418.8s; Iterations = 4760, grads =   1.223e-08, unitary_metric = 0.99999
Error = :1.54e-02; Runtime: 420.5s; Iterations = 4780, grads =   1.421e-08, unitary_metric = 0.99998
Error = :1.54e-02; Runtime: 422.2s; Iterations = 4800, grads =   1.389e-08, unitary_metric = 0.99998
Error = :1.54e-02; Runtime: 424.1s; Iterations = 4820, grads =   6.154e-08, unitary_metric = 0.99999
Error = :1.54e-02; Runtime: 425.8s; Iterations = 4840, grads =   2.176e-08, unitary_metric = 0.99998
Error = :1.54e-02; Runtime: 427.5s; Iterations = 4860, grads =   2.099e-07, unitary_metric = 0.99998
Error = :1.54e-02; Runtime: 429.2s; Iterations = 4880, grads =   2.280e-05, unitary_metric = 0.99999
Error = :1.54e-02; Runtime: 431.0s; Iterations = 4900, grads =   6.025e-05, unitary_metric = 0.99999
Error = :1.54e-02; Runtime: 432.9s; Iterations = 4920, grads =   8.516e-06, unitary_metric = 0.99998
Error = :1.54e-02; Runtime: 434.6s; Iterations = 4940, grads =   6.595e-07, unitary_metric = 0.99998
Error = :1.54e-02; Runtime: 436.3s; Iterations = 4960, grads =   2.008e-07, unitary_metric = 0.99999
Error = :1.54e-02; Runtime: 438.0s; Iterations = 4980, grads =   3.230e-08, unitary_metric = 0.99998
Error = :1.54e-02; Runtime: 439.7s; Iterations = 5000, grads =   1.619e-08, unitary_metric = 0.99998
Error = :1.54e-02; Runtime: 441.6s; Iterations = 5020, grads =   2.619e-08, unitary_metric = 0.99998
Error = :1.54e-02; Runtime: 443.3s; Iterations = 5040, grads =   1.394e-08, unitary_metric = 0.99998
Error = :1.54e-02; Runtime: 445.0s; Iterations = 5060, grads =   1.388e-08, unitary_metric = 0.99998
Error = :1.54e-02; Runtime: 446.8s; Iterations = 5080, grads =   1.149e-07, unitary_metric = 0.99999
Error = :1.54e-02; Runtime: 448.5s; Iterations = 5100, grads =   9.997e-06, unitary_metric = 0.99999
Error = :1.54e-02; Runtime: 450.4s; Iterations = 5120, grads =   4.139e-06, unitary_metric = 0.99999
Error = :1.54e-02; Runtime: 452.1s; Iterations = 5140, grads =   8.533e-07, unitary_metric = 0.99999
Error = :1.54e-02; Runtime: 453.8s; Iterations = 5160, grads =   5.202e-05, unitary_metric = 0.99999
Error = :1.54e-02; Runtime: 455.5s; Iterations = 5180, grads =   4.118e-07, unitary_metric = 0.99998
Error = :1.54e-02; Runtime: 457.2s; Iterations = 5200, grads =   2.825e-06, unitary_metric = 0.99999
Error = :1.54e-02; Runtime: 459.1s; Iterations = 5220, grads =   3.297e-07, unitary_metric = 0.99999
Error = :1.54e-02; Runtime: 460.8s; Iterations = 5240, grads =   1.799e-08, unitary_metric = 0.99999
Error = :1.54e-02; Runtime: 462.6s; Iterations = 5260, grads =   1.463e-08, unitary_metric = 0.99998
Error = :1.54e-02; Runtime: 464.3s; Iterations = 5280, grads =   1.900e-08, unitary_metric = 0.99998
Error = :1.54e-02; Runtime: 466.0s; Iterations = 5300, grads =   1.290e-07, unitary_metric = 0.99999
Error = :1.54e-02; Runtime: 467.9s; Iterations = 5320, grads =   1.178e-05, unitary_metric = 0.99999
Error = :1.54e-02; Runtime: 469.6s; Iterations = 5340, grads =   7.070e-06, unitary_metric = 0.99999
Error = :1.54e-02; Runtime: 471.3s; Iterations = 5360, grads =   2.171e-07, unitary_metric = 0.99999
Error = :1.54e-02; Runtime: 473.0s; Iterations = 5380, grads =   3.223e-07, unitary_metric = 0.99999
Error = :1.54e-02; Runtime: 474.7s; Iterations = 5400, grads =   2.404e-08, unitary_metric = 0.99999
Error = :1.54e-02; Runtime: 476.6s; Iterations = 5420, grads =   2.219e-08, unitary_metric = 0.99999
Error = :1.54e-02; Runtime: 478.4s; Iterations = 5440, grads =   3.097e-08, unitary_metric = 0.99998
Error = :1.54e-02; Runtime: 480.1s; Iterations = 5460, grads =   2.838e-07, unitary_metric = 0.99999
Error = :1.55e-02; Runtime: 481.8s; Iterations = 5480, grads =   5.124e-05, unitary_metric = 0.99999
Error = :1.55e-02; Runtime: 483.5s; Iterations = 5500, grads =   1.788e-06, unitary_metric = 0.99998
Error = :1.55e-02; Runtime: 485.4s; Iterations = 5520, grads =   5.105e-07, unitary_metric = 0.99998
Error = :1.55e-02; Runtime: 487.1s; Iterations = 5540, grads =   1.705e-05, unitary_metric = 0.99999
Error = :1.55e-02; Runtime: 488.8s; Iterations = 5560, grads =   1.342e-05, unitary_metric = 0.99998
Error = :1.55e-02; Runtime: 490.6s; Iterations = 5580, grads =   8.337e-07, unitary_metric = 0.99999
Error = :1.55e-02; Runtime: 492.3s; Iterations = 5600, grads =   1.256e-07, unitary_metric = 0.99999
Error = :1.55e-02; Runtime: 494.2s; Iterations = 5620, grads =   4.728e-08, unitary_metric = 0.99998
Error = :1.55e-02; Runtime: 495.9s; Iterations = 5640, grads =   4.181e-08, unitary_metric = 0.99999
Error = :1.55e-02; Runtime: 497.6s; Iterations = 5660, grads =   4.391e-08, unitary_metric = 0.99998
Error = :1.55e-02; Runtime: 499.3s; Iterations = 5680, grads =   6.763e-08, unitary_metric = 0.99998
Error = :1.55e-02; Runtime: 501.0s; Iterations = 5700, grads =   2.131e-07, unitary_metric = 0.99998
Error = :1.55e-02; Runtime: 502.9s; Iterations = 5720, grads =   1.592e-05, unitary_metric = 0.99999
Error = :1.55e-02; Runtime: 504.6s; Iterations = 5740, grads =   2.058e-05, unitary_metric = 0.99999
Error = :1.55e-02; Runtime: 506.3s; Iterations = 5760, grads =   2.848e-06, unitary_metric = 0.99999
Error = :1.55e-02; Runtime: 508.1s; Iterations = 5780, grads =   4.459e-07, unitary_metric = 0.99999
Error = :1.55e-02; Runtime: 509.8s; Iterations = 5800, grads =   6.641e-06, unitary_metric = 0.99999
Error = :1.55e-02; Runtime: 511.7s; Iterations = 5820, grads =   9.001e-07, unitary_metric = 0.99999
Error = :1.55e-02; Runtime: 513.4s; Iterations = 5840, grads =   8.530e-07, unitary_metric = 0.99999
Error = :1.55e-02; Runtime: 515.1s; Iterations = 5860, grads =   1.285e-07, unitary_metric = 0.99999
Error = :1.55e-02; Runtime: 516.9s; Iterations = 5880, grads =   9.734e-08, unitary_metric = 0.99999
Error = :1.55e-02; Runtime: 518.6s; Iterations = 5900, grads =   6.717e-07, unitary_metric = 0.99999
Error = :1.55e-02; Runtime: 520.4s; Iterations = 5920, grads =   6.947e-06, unitary_metric = 0.99999
Error = :1.55e-02; Runtime: 522.2s; Iterations = 5940, grads =   2.640e-06, unitary_metric = 0.99999
Error = :1.55e-02; Runtime: 523.9s; Iterations = 5960, grads =   3.671e-05, unitary_metric = 0.99999
Error = :1.55e-02; Runtime: 525.6s; Iterations = 5980, grads =   5.509e-06, unitary_metric = 0.99998
Error = :1.54e-02; Runtime: 527.3s; Iterations = 6000, grads =   6.036e-07, unitary_metric = 0.99999
data saved at: /project/ftchong/qoc/pranav/00003_01_beh2_slice_200.h5


trying total_time: 7.5 for unitary of size (16, 16)
data saved at: /project/ftchong/qoc/pranav/00004_01_beh2_slice_200.h5
Using 7 Taylor terms and 2 Scaling & Squaring terms
Building graph:
Propagators initialized.
Operators weight initialized.
Intermediate propagation variables initialized.
Intermediate propagators initialized.
Vectors initialized.
Training loss initialized.
Optimizer initialized.
Utilities initialized.
Graph built!
Initialized
Error = :7.62e-01; Runtime: 0.3s; Iterations = 0, grads =   4.394e-02, unitary_metric = 1.00000
Error = :5.57e-01; Runtime: 3.3s; Iterations = 20, grads =   2.350e-02, unitary_metric = 1.00000
Error = :5.01e-01; Runtime: 5.9s; Iterations = 40, grads =   4.282e-03, unitary_metric = 1.00000
Error = :5.01e-01; Runtime: 8.4s; Iterations = 60, grads =   3.707e-04, unitary_metric = 1.00000
Error = :5.00e-01; Runtime: 11.0s; Iterations = 80, grads =   4.321e-05, unitary_metric = 1.00000
Error = :5.00e-01; Runtime: 13.6s; Iterations = 100, grads =   1.295e-05, unitary_metric = 1.00000
Error = :5.00e-01; Runtime: 16.5s; Iterations = 120, grads =   6.095e-07, unitary_metric = 1.00000
Error = :5.00e-01; Runtime: 19.1s; Iterations = 140, grads =   1.440e-07, unitary_metric = 1.00000
Error = :5.00e-01; Runtime: 21.7s; Iterations = 160, grads =   1.378e-08, unitary_metric = 1.00000
Error = :5.00e-01; Runtime: 24.3s; Iterations = 180, grads =   4.988e-09, unitary_metric = 1.00000
Error = :5.00e-01; Runtime: 26.9s; Iterations = 200, grads =   1.329e-09, unitary_metric = 1.00000
Error = :5.00e-01; Runtime: 29.7s; Iterations = 220, grads =   8.474e-10, unitary_metric = 1.00000
Error = :5.00e-01; Runtime: 32.2s; Iterations = 240, grads =   7.007e-10, unitary_metric = 1.00000
Error = :5.00e-01; Runtime: 34.8s; Iterations = 260, grads =   5.854e-10, unitary_metric = 1.00000
Error = :5.00e-01; Runtime: 37.4s; Iterations = 280, grads =   4.820e-10, unitary_metric = 1.00000
Error = :5.00e-01; Runtime: 40.0s; Iterations = 300, grads =   4.051e-10, unitary_metric = 1.00000
Error = :5.00e-01; Runtime: 42.8s; Iterations = 320, grads =   3.222e-10, unitary_metric = 1.00000
Error = :5.00e-01; Runtime: 45.4s; Iterations = 340, grads =   2.640e-10, unitary_metric = 1.00000
Error = :5.00e-01; Runtime: 48.0s; Iterations = 360, grads =   1.934e-10, unitary_metric = 1.00000
Error = :5.00e-01; Runtime: 50.5s; Iterations = 380, grads =   1.671e-10, unitary_metric = 1.00000
Error = :5.00e-01; Runtime: 53.1s; Iterations = 400, grads =   1.375e-10, unitary_metric = 1.00000
Error = :5.00e-01; Runtime: 55.9s; Iterations = 420, grads =   1.602e-10, unitary_metric = 1.00000
Error = :5.00e-01; Runtime: 58.5s; Iterations = 440, grads =   2.030e-10, unitary_metric = 1.00000
Error = :5.00e-01; Runtime: 61.1s; Iterations = 460, grads =   3.966e-10, unitary_metric = 1.00000
Error = :5.00e-01; Runtime: 63.6s; Iterations = 480, grads =   9.702e-10, unitary_metric = 1.00000
Error = :5.00e-01; Runtime: 66.2s; Iterations = 500, grads =   3.128e-09, unitary_metric = 1.00000
Error = :5.00e-01; Runtime: 69.0s; Iterations = 520, grads =   1.413e-08, unitary_metric = 1.00000
Error = :5.00e-01; Runtime: 71.5s; Iterations = 540, grads =   1.194e-07, unitary_metric = 1.00000
Error = :5.00e-01; Runtime: 74.1s; Iterations = 560, grads =   4.755e-06, unitary_metric = 1.00000
Error = :3.79e-01; Runtime: 76.7s; Iterations = 580, grads =   5.615e-03, unitary_metric = 0.99999
Error = :3.08e-02; Runtime: 79.2s; Iterations = 600, grads =   7.152e-02, unitary_metric = 0.99999
Error = :5.51e-03; Runtime: 82.0s; Iterations = 620, grads =   3.054e-02, unitary_metric = 0.99999
Error = :9.23e-04; Runtime: 84.2s; Iterations = 637, grads =   4.615e-03, unitary_metric = 0.99999
data saved at: /project/ftchong/qoc/pranav/00004_01_beh2_slice_200.h5


trying total_time: 6.25 for unitary of size (16, 16)
data saved at: /project/ftchong/qoc/pranav/00005_01_beh2_slice_200.h5
Using 7 Taylor terms and 2 Scaling & Squaring terms
Building graph:
Propagators initialized.
Operators weight initialized.
Intermediate propagation variables initialized.
Intermediate propagators initialized.
Vectors initialized.
Training loss initialized.
Optimizer initialized.
Utilities initialized.
Graph built!
Initialized
Error = :7.72e-01; Runtime: 0.2s; Iterations = 0, grads =   8.290e-02, unitary_metric = 1.00000
Error = :5.76e-01; Runtime: 2.8s; Iterations = 20, grads =   1.664e-02, unitary_metric = 1.00000
Error = :5.05e-01; Runtime: 4.9s; Iterations = 40, grads =   2.017e-03, unitary_metric = 1.00000
Error = :5.00e-01; Runtime: 7.1s; Iterations = 60, grads =   4.501e-04, unitary_metric = 0.99999
Error = :5.00e-01; Runtime: 9.2s; Iterations = 80, grads =   1.775e-05, unitary_metric = 0.99999
Error = :5.00e-01; Runtime: 11.3s; Iterations = 100, grads =   2.675e-06, unitary_metric = 1.00000
Error = :5.00e-01; Runtime: 13.7s; Iterations = 120, grads =   3.271e-07, unitary_metric = 1.00000
Error = :5.00e-01; Runtime: 15.8s; Iterations = 140, grads =   1.071e-07, unitary_metric = 1.00000
Error = :5.00e-01; Runtime: 18.0s; Iterations = 160, grads =   1.781e-08, unitary_metric = 1.00000
Error = :5.00e-01; Runtime: 20.1s; Iterations = 180, grads =   1.668e-09, unitary_metric = 1.00000
Error = :5.00e-01; Runtime: 22.3s; Iterations = 200, grads =   4.284e-10, unitary_metric = 1.00000
Error = :5.00e-01; Runtime: 24.6s; Iterations = 220, grads =   1.951e-10, unitary_metric = 1.00000
Error = :5.00e-01; Runtime: 26.8s; Iterations = 240, grads =   1.705e-10, unitary_metric = 1.00000
Error = :5.00e-01; Runtime: 28.9s; Iterations = 260, grads =   1.611e-10, unitary_metric = 1.00000
Error = :5.00e-01; Runtime: 31.1s; Iterations = 280, grads =   1.528e-10, unitary_metric = 1.00000
Error = :5.00e-01; Runtime: 33.2s; Iterations = 300, grads =   1.425e-10, unitary_metric = 1.00000
Error = :5.00e-01; Runtime: 35.6s; Iterations = 320, grads =   1.360e-10, unitary_metric = 1.00000
Error = :5.00e-01; Runtime: 37.7s; Iterations = 340, grads =   1.313e-10, unitary_metric = 1.00000
Error = :5.00e-01; Runtime: 39.9s; Iterations = 360, grads =   1.262e-10, unitary_metric = 1.00000
Error = :5.00e-01; Runtime: 42.0s; Iterations = 380, grads =   1.169e-10, unitary_metric = 1.00000
Error = :5.00e-01; Runtime: 44.2s; Iterations = 400, grads =   1.152e-10, unitary_metric = 1.00000
Error = :5.00e-01; Runtime: 46.5s; Iterations = 420, grads =   1.182e-10, unitary_metric = 1.00000
Error = :5.00e-01; Runtime: 48.7s; Iterations = 440, grads =   1.112e-10, unitary_metric = 1.00000
Error = :5.00e-01; Runtime: 50.8s; Iterations = 460, grads =   1.093e-10, unitary_metric = 1.00000
Error = :5.00e-01; Runtime: 53.0s; Iterations = 480, grads =   1.096e-10, unitary_metric = 1.00000
Error = :5.00e-01; Runtime: 55.1s; Iterations = 500, grads =   1.102e-10, unitary_metric = 1.00000
Error = :5.00e-01; Runtime: 57.5s; Iterations = 520, grads =   1.138e-10, unitary_metric = 1.00000
Error = :5.00e-01; Runtime: 59.7s; Iterations = 540, grads =   1.233e-10, unitary_metric = 1.00000
Error = :5.00e-01; Runtime: 61.8s; Iterations = 560, grads =   1.316e-10, unitary_metric = 1.00000
Error = :5.00e-01; Runtime: 64.0s; Iterations = 580, grads =   1.530e-10, unitary_metric = 1.00000
Error = :5.00e-01; Runtime: 66.1s; Iterations = 600, grads =   1.681e-10, unitary_metric = 1.00000
Error = :5.00e-01; Runtime: 68.5s; Iterations = 620, grads =   2.183e-10, unitary_metric = 1.00000
Error = :5.00e-01; Runtime: 70.6s; Iterations = 640, grads =   2.939e-10, unitary_metric = 1.00000
Error = :5.00e-01; Runtime: 72.8s; Iterations = 660, grads =   4.023e-10, unitary_metric = 1.00000
Error = :5.00e-01; Runtime: 74.9s; Iterations = 680, grads =   6.201e-10, unitary_metric = 1.00000
Error = :5.00e-01; Runtime: 77.1s; Iterations = 700, grads =   1.000e-09, unitary_metric = 1.00000
Error = :5.00e-01; Runtime: 79.6s; Iterations = 720, grads =   1.861e-09, unitary_metric = 1.00000
Error = :5.00e-01; Runtime: 81.7s; Iterations = 740, grads =   3.705e-09, unitary_metric = 1.00000
Error = :5.00e-01; Runtime: 83.9s; Iterations = 760, grads =   8.896e-09, unitary_metric = 1.00000
Error = :5.00e-01; Runtime: 86.0s; Iterations = 780, grads =   2.699e-08, unitary_metric = 1.00000
Error = :5.00e-01; Runtime: 88.2s; Iterations = 800, grads =   1.275e-07, unitary_metric = 1.00000
Error = :5.00e-01; Runtime: 90.5s; Iterations = 820, grads =   1.615e-06, unitary_metric = 1.00000
Error = :4.87e-01; Runtime: 92.7s; Iterations = 840, grads =   6.235e-04, unitary_metric = 0.99999
Error = :1.61e-01; Runtime: 94.9s; Iterations = 860, grads =   2.157e-01, unitary_metric = 0.99999
Error = :1.11e-02; Runtime: 97.1s; Iterations = 880, grads =   4.142e-02, unitary_metric = 0.99999
Error = :1.93e-03; Runtime: 99.3s; Iterations = 900, grads =   7.551e-03, unitary_metric = 0.99999
Error = :9.15e-04; Runtime: 100.1s; Iterations = 906, grads =   3.973e-04, unitary_metric = 0.99999
data saved at: /project/ftchong/qoc/pranav/00005_01_beh2_slice_200.h5


trying total_time: 5.6 for unitary of size (16, 16)
data saved at: /project/ftchong/qoc/pranav/00006_01_beh2_slice_200.h5
Using 7 Taylor terms and 2 Scaling & Squaring terms
Building graph:
Propagators initialized.
Operators weight initialized.
Intermediate propagation variables initialized.
Intermediate propagators initialized.
Vectors initialized.
Training loss initialized.
Optimizer initialized.
Utilities initialized.
Graph built!
Initialized
Error = :7.68e-01; Runtime: 0.2s; Iterations = 0, grads =   6.154e-02, unitary_metric = 1.00000
Error = :5.92e-01; Runtime: 2.5s; Iterations = 20, grads =   1.418e-02, unitary_metric = 1.00000
Error = :5.13e-01; Runtime: 4.4s; Iterations = 40, grads =   3.086e-03, unitary_metric = 1.00000
Error = :5.00e-01; Runtime: 6.3s; Iterations = 60, grads =   1.135e-04, unitary_metric = 1.00000
Error = :5.00e-01; Runtime: 8.3s; Iterations = 80, grads =   2.851e-05, unitary_metric = 1.00000
Error = :5.00e-01; Runtime: 10.2s; Iterations = 100, grads =   4.756e-06, unitary_metric = 1.00000
Error = :5.00e-01; Runtime: 12.3s; Iterations = 120, grads =   1.818e-07, unitary_metric = 1.00000
Error = :5.00e-01; Runtime: 14.3s; Iterations = 140, grads =   5.522e-08, unitary_metric = 1.00000
Error = :5.00e-01; Runtime: 16.2s; Iterations = 160, grads =   1.294e-08, unitary_metric = 1.00000
Error = :5.00e-01; Runtime: 18.1s; Iterations = 180, grads =   6.798e-10, unitary_metric = 1.00000
Error = :5.00e-01; Runtime: 20.1s; Iterations = 200, grads =   1.774e-10, unitary_metric = 1.00000
Error = :5.00e-01; Runtime: 22.2s; Iterations = 220, grads =   5.509e-11, unitary_metric = 1.00000
Error = :5.00e-01; Runtime: 24.1s; Iterations = 240, grads =   1.500e-11, unitary_metric = 1.00000
Error = :5.00e-01; Runtime: 26.0s; Iterations = 260, grads =   1.133e-11, unitary_metric = 1.00000
Error = :5.00e-01; Runtime: 28.0s; Iterations = 280, grads =   1.036e-11, unitary_metric = 1.00000
Error = :5.00e-01; Runtime: 29.9s; Iterations = 300, grads =   1.081e-11, unitary_metric = 1.00000
Error = :5.00e-01; Runtime: 32.1s; Iterations = 320, grads =   1.055e-11, unitary_metric = 1.00000
Error = :5.00e-01; Runtime: 34.1s; Iterations = 340, grads =   1.260e-11, unitary_metric = 1.00000
Error = :5.00e-01; Runtime: 36.0s; Iterations = 360, grads =   1.309e-11, unitary_metric = 1.00000
Error = :5.00e-01; Runtime: 37.9s; Iterations = 380, grads =   1.498e-11, unitary_metric = 1.00000
Error = :5.00e-01; Runtime: 39.9s; Iterations = 400, grads =   1.710e-11, unitary_metric = 1.00000
Error = :5.00e-01; Runtime: 42.0s; Iterations = 420, grads =   2.184e-11, unitary_metric = 1.00000
Error = :5.00e-01; Runtime: 44.0s; Iterations = 440, grads =   2.629e-11, unitary_metric = 1.00000
Error = :5.00e-01; Runtime: 45.9s; Iterations = 460, grads =   3.835e-11, unitary_metric = 1.00000
Error = :5.00e-01; Runtime: 47.9s; Iterations = 480, grads =   5.256e-11, unitary_metric = 1.00000
Error = :5.00e-01; Runtime: 49.8s; Iterations = 500, grads =   6.655e-11, unitary_metric = 1.00000
Error = :5.00e-01; Runtime: 51.9s; Iterations = 520, grads =   1.007e-10, unitary_metric = 1.00000
Error = :5.00e-01; Runtime: 53.8s; Iterations = 540, grads =   1.521e-10, unitary_metric = 1.00000
Error = :5.00e-01; Runtime: 55.7s; Iterations = 560, grads =   2.552e-10, unitary_metric = 1.00000
Error = :5.00e-01; Runtime: 57.7s; Iterations = 580, grads =   4.622e-10, unitary_metric = 1.00000
Error = :5.00e-01; Runtime: 59.6s; Iterations = 600, grads =   9.071e-10, unitary_metric = 1.00000
Error = :5.00e-01; Runtime: 61.7s; Iterations = 620, grads =   2.129e-09, unitary_metric = 1.00000
Error = :5.00e-01; Runtime: 63.7s; Iterations = 640, grads =   6.075e-09, unitary_metric = 1.00000
Error = :5.00e-01; Runtime: 65.6s; Iterations = 660, grads =   2.433e-08, unitary_metric = 1.00000
Error = :5.00e-01; Runtime: 67.5s; Iterations = 680, grads =   1.810e-07, unitary_metric = 1.00000
Error = :4.99e-01; Runtime: 69.5s; Iterations = 700, grads =   6.627e-06, unitary_metric = 0.99999
Error = :3.97e-01; Runtime: 71.6s; Iterations = 720, grads =   2.427e-03, unitary_metric = 0.99999
Error = :1.61e-01; Runtime: 73.5s; Iterations = 740, grads =   1.505e-03, unitary_metric = 0.99999
Error = :5.54e-02; Runtime: 75.4s; Iterations = 760, grads =   6.511e-02, unitary_metric = 0.99999
Error = :2.03e-02; Runtime: 77.4s; Iterations = 780, grads =   4.423e-03, unitary_metric = 0.99999
Error = :1.07e-02; Runtime: 79.3s; Iterations = 800, grads =   5.150e-04, unitary_metric = 0.99999
Error = :7.00e-03; Runtime: 81.4s; Iterations = 820, grads =   6.802e-05, unitary_metric = 0.99999
Error = :5.18e-03; Runtime: 83.4s; Iterations = 840, grads =   1.292e-05, unitary_metric = 0.99999
Error = :4.10e-03; Runtime: 85.3s; Iterations = 860, grads =   4.042e-06, unitary_metric = 0.99999
Error = :3.39e-03; Runtime: 87.2s; Iterations = 880, grads =   2.555e-06, unitary_metric = 0.99999
Error = :2.88e-03; Runtime: 89.2s; Iterations = 900, grads =   1.810e-06, unitary_metric = 0.99999
Error = :2.51e-03; Runtime: 91.4s; Iterations = 920, grads =   1.374e-06, unitary_metric = 0.99999
Error = :2.22e-03; Runtime: 93.3s; Iterations = 940, grads =   1.080e-06, unitary_metric = 0.99999
Error = :2.00e-03; Runtime: 95.2s; Iterations = 960, grads =   8.703e-07, unitary_metric = 0.99999
Error = :1.81e-03; Runtime: 97.2s; Iterations = 980, grads =   7.158e-07, unitary_metric = 0.99999
Error = :1.66e-03; Runtime: 99.1s; Iterations = 1000, grads =   5.989e-07, unitary_metric = 0.99998
Error = :1.53e-03; Runtime: 101.2s; Iterations = 1020, grads =   5.085e-07, unitary_metric = 0.99998
Error = :1.42e-03; Runtime: 103.1s; Iterations = 1040, grads =   4.372e-07, unitary_metric = 0.99998
Error = :1.32e-03; Runtime: 105.1s; Iterations = 1060, grads =   3.801e-07, unitary_metric = 0.99998
Error = :1.23e-03; Runtime: 107.0s; Iterations = 1080, grads =   3.338e-07, unitary_metric = 0.99998
Error = :1.16e-03; Runtime: 108.9s; Iterations = 1100, grads =   2.957e-07, unitary_metric = 0.99998
Error = :1.09e-03; Runtime: 111.1s; Iterations = 1120, grads =   2.641e-07, unitary_metric = 0.99998
Error = :1.02e-03; Runtime: 113.0s; Iterations = 1140, grads =   2.374e-07, unitary_metric = 0.99998
Error = :9.97e-04; Runtime: 113.9s; Iterations = 1149, grads =   2.269e-07, unitary_metric = 0.99998
data saved at: /project/ftchong/qoc/pranav/00006_01_beh2_slice_200.h5


trying total_time: 5.3 for unitary of size (16, 16)
data saved at: /project/ftchong/qoc/pranav/00007_01_beh2_slice_200.h5
Using 7 Taylor terms and 2 Scaling & Squaring terms
Building graph:
Propagators initialized.
Operators weight initialized.
Intermediate propagation variables initialized.
Intermediate propagators initialized.
Vectors initialized.
Training loss initialized.
Optimizer initialized.
Utilities initialized.
Graph built!
Initialized
Error = :7.87e-01; Runtime: 0.2s; Iterations = 0, grads =   8.149e-02, unitary_metric = 1.00000
Error = :6.02e-01; Runtime: 2.3s; Iterations = 20, grads =   1.401e-02, unitary_metric = 1.00000
Error = :5.18e-01; Runtime: 4.2s; Iterations = 40, grads =   2.732e-03, unitary_metric = 1.00000
Error = :5.01e-01; Runtime: 6.0s; Iterations = 60, grads =   4.363e-04, unitary_metric = 1.00000
Error = :5.00e-01; Runtime: 7.8s; Iterations = 80, grads =   5.670e-05, unitary_metric = 1.00000
Error = :5.00e-01; Runtime: 9.7s; Iterations = 100, grads =   5.520e-06, unitary_metric = 1.00000
Error = :5.00e-01; Runtime: 11.7s; Iterations = 120, grads =   5.474e-07, unitary_metric = 1.00000
Error = :5.00e-01; Runtime: 13.6s; Iterations = 140, grads =   6.978e-08, unitary_metric = 1.00000
Error = :5.00e-01; Runtime: 15.4s; Iterations = 160, grads =   5.271e-09, unitary_metric = 1.00000
Error = :5.00e-01; Runtime: 17.2s; Iterations = 180, grads =   1.512e-09, unitary_metric = 1.00000
Error = :5.00e-01; Runtime: 19.1s; Iterations = 200, grads =   1.478e-10, unitary_metric = 1.00000
Error = :5.00e-01; Runtime: 21.0s; Iterations = 220, grads =   4.821e-11, unitary_metric = 1.00000
Error = :5.00e-01; Runtime: 22.9s; Iterations = 240, grads =   2.258e-11, unitary_metric = 1.00000
Error = :5.00e-01; Runtime: 24.7s; Iterations = 260, grads =   1.987e-11, unitary_metric = 1.00000
Error = :5.00e-01; Runtime: 26.5s; Iterations = 280, grads =   1.849e-11, unitary_metric = 1.00000
Error = :5.00e-01; Runtime: 28.4s; Iterations = 300, grads =   1.710e-11, unitary_metric = 1.00000
Error = :5.00e-01; Runtime: 30.4s; Iterations = 320, grads =   1.682e-11, unitary_metric = 1.00000
Error = :5.00e-01; Runtime: 32.2s; Iterations = 340, grads =   1.563e-11, unitary_metric = 1.00000
Error = :5.00e-01; Runtime: 34.0s; Iterations = 360, grads =   1.572e-11, unitary_metric = 1.00000
Error = :5.00e-01; Runtime: 35.9s; Iterations = 380, grads =   1.546e-11, unitary_metric = 1.00000
Error = :5.00e-01; Runtime: 37.7s; Iterations = 400, grads =   1.402e-11, unitary_metric = 1.00000
Error = :5.00e-01; Runtime: 39.7s; Iterations = 420, grads =   1.453e-11, unitary_metric = 1.00000
Error = :5.00e-01; Runtime: 41.6s; Iterations = 440, grads =   1.429e-11, unitary_metric = 1.00000
Error = :5.00e-01; Runtime: 43.4s; Iterations = 460, grads =   1.457e-11, unitary_metric = 1.00000
Error = :5.00e-01; Runtime: 45.2s; Iterations = 480, grads =   1.358e-11, unitary_metric = 1.00000
Error = :5.00e-01; Runtime: 47.0s; Iterations = 500, grads =   1.756e-11, unitary_metric = 1.00000
Error = :5.00e-01; Runtime: 49.0s; Iterations = 520, grads =   1.989e-11, unitary_metric = 1.00000
Error = :5.00e-01; Runtime: 50.9s; Iterations = 540, grads =   2.074e-11, unitary_metric = 1.00000
Error = :5.00e-01; Runtime: 52.7s; Iterations = 560, grads =   1.455e-11, unitary_metric = 1.00000
Error = :5.00e-01; Runtime: 54.5s; Iterations = 580, grads =   1.603e-11, unitary_metric = 1.00000
Error = :5.00e-01; Runtime: 56.4s; Iterations = 600, grads =   1.468e-11, unitary_metric = 1.00000
Error = :5.00e-01; Runtime: 58.4s; Iterations = 620, grads =   1.291e-11, unitary_metric = 1.00000
Error = :5.00e-01; Runtime: 60.3s; Iterations = 640, grads =   9.562e-12, unitary_metric = 1.00000
Error = :5.00e-01; Runtime: 62.1s; Iterations = 660, grads =   1.058e-11, unitary_metric = 1.00000
Error = :5.00e-01; Runtime: 64.0s; Iterations = 680, grads =   1.121e-11, unitary_metric = 1.00000
Error = :5.00e-01; Runtime: 65.9s; Iterations = 700, grads =   1.071e-11, unitary_metric = 1.00000
Error = :5.00e-01; Runtime: 67.8s; Iterations = 720, grads =   1.370e-11, unitary_metric = 1.00000
Error = :5.00e-01; Runtime: 69.7s; Iterations = 740, grads =   1.325e-11, unitary_metric = 1.00000
Error = :5.00e-01; Runtime: 71.5s; Iterations = 760, grads =   5.050e-10, unitary_metric = 1.00000
Error = :5.00e-01; Runtime: 73.3s; Iterations = 780, grads =   2.755e-07, unitary_metric = 1.00000
Error = :5.00e-01; Runtime: 75.2s; Iterations = 800, grads =   3.161e-08, unitary_metric = 1.00000
Error = :5.00e-01; Runtime: 77.2s; Iterations = 820, grads =   1.491e-09, unitary_metric = 1.00000
Error = :5.00e-01; Runtime: 79.0s; Iterations = 840, grads =   1.274e-10, unitary_metric = 1.00000
Error = :5.00e-01; Runtime: 80.8s; Iterations = 860, grads =   3.291e-09, unitary_metric = 1.00000
Error = :5.00e-01; Runtime: 82.7s; Iterations = 880, grads =   2.014e-10, unitary_metric = 1.00000
Error = :5.00e-01; Runtime: 84.5s; Iterations = 900, grads =   9.204e-10, unitary_metric = 1.00000
Error = :5.00e-01; Runtime: 86.5s; Iterations = 920, grads =   4.535e-08, unitary_metric = 1.00000
Error = :5.00e-01; Runtime: 88.3s; Iterations = 940, grads =   8.436e-09, unitary_metric = 1.00000
Error = :5.00e-01; Runtime: 90.2s; Iterations = 960, grads =   4.328e-08, unitary_metric = 1.00000
Error = :5.00e-01; Runtime: 92.0s; Iterations = 980, grads =   1.143e-06, unitary_metric = 1.00000
Error = :5.00e-01; Runtime: 93.8s; Iterations = 1000, grads =   7.341e-04, unitary_metric = 1.00000
Error = :5.00e-01; Runtime: 95.8s; Iterations = 1020, grads =   1.780e-09, unitary_metric = 1.00000
Error = :5.00e-01; Runtime: 97.7s; Iterations = 1040, grads =   6.588e-06, unitary_metric = 1.00000
Error = :5.00e-01; Runtime: 99.5s; Iterations = 1060, grads =   5.834e-07, unitary_metric = 1.00000
Error = :5.00e-01; Runtime: 101.4s; Iterations = 1080, grads =   1.990e-07, unitary_metric = 1.00000
Error = :5.00e-01; Runtime: 103.2s; Iterations = 1100, grads =   1.252e-07, unitary_metric = 1.00000
Error = :5.00e-01; Runtime: 105.2s; Iterations = 1120, grads =   1.850e-09, unitary_metric = 1.00000
Error = :5.00e-01; Runtime: 107.0s; Iterations = 1140, grads =   7.560e-08, unitary_metric = 1.00000
Error = :5.00e-01; Runtime: 108.9s; Iterations = 1160, grads =   8.309e-08, unitary_metric = 1.00000
Error = :5.00e-01; Runtime: 110.7s; Iterations = 1180, grads =   6.492e-06, unitary_metric = 1.00000
Error = :5.00e-01; Runtime: 112.5s; Iterations = 1200, grads =   6.245e-06, unitary_metric = 1.00000
Error = :5.00e-01; Runtime: 114.5s; Iterations = 1220, grads =   2.614e-05, unitary_metric = 1.00000
Error = :5.00e-01; Runtime: 116.3s; Iterations = 1240, grads =   4.923e-06, unitary_metric = 1.00000
Error = :5.00e-01; Runtime: 118.2s; Iterations = 1260, grads =   1.712e-07, unitary_metric = 1.00000
Error = :5.00e-01; Runtime: 120.0s; Iterations = 1280, grads =   3.680e-09, unitary_metric = 1.00000
Error = :5.00e-01; Runtime: 121.8s; Iterations = 1300, grads =   1.904e-10, unitary_metric = 1.00000
Error = :5.00e-01; Runtime: 123.9s; Iterations = 1320, grads =   9.390e-10, unitary_metric = 1.00000
Error = :5.00e-01; Runtime: 125.7s; Iterations = 1340, grads =   4.054e-11, unitary_metric = 1.00000
Error = :5.00e-01; Runtime: 127.5s; Iterations = 1360, grads =   6.313e-10, unitary_metric = 1.00000
Error = :5.00e-01; Runtime: 129.4s; Iterations = 1380, grads =   1.642e-07, unitary_metric = 1.00000
Error = :5.00e-01; Runtime: 131.2s; Iterations = 1400, grads =   6.166e-06, unitary_metric = 1.00000
Error = :5.00e-01; Runtime: 133.2s; Iterations = 1420, grads =   3.888e-06, unitary_metric = 1.00000
Error = :5.00e-01; Runtime: 135.0s; Iterations = 1440, grads =   2.788e-05, unitary_metric = 1.00000
Error = :5.00e-01; Runtime: 136.8s; Iterations = 1460, grads =   3.536e-06, unitary_metric = 1.00000
Error = :5.00e-01; Runtime: 138.7s; Iterations = 1480, grads =   2.315e-07, unitary_metric = 1.00000
Error = :5.00e-01; Runtime: 140.5s; Iterations = 1500, grads =   4.636e-09, unitary_metric = 1.00000
Error = :5.00e-01; Runtime: 142.5s; Iterations = 1520, grads =   1.976e-09, unitary_metric = 1.00000
Error = :5.00e-01; Runtime: 144.4s; Iterations = 1540, grads =   4.058e-11, unitary_metric = 1.00000
Error = :5.00e-01; Runtime: 146.2s; Iterations = 1560, grads =   8.367e-11, unitary_metric = 1.00000
Error = :5.00e-01; Runtime: 148.0s; Iterations = 1580, grads =   1.470e-08, unitary_metric = 1.00000
Error = :5.00e-01; Runtime: 149.9s; Iterations = 1600, grads =   1.975e-06, unitary_metric = 1.00000
Error = :5.00e-01; Runtime: 151.9s; Iterations = 1620, grads =   1.059e-04, unitary_metric = 1.00000
Error = :5.00e-01; Runtime: 153.7s; Iterations = 1640, grads =   1.164e-05, unitary_metric = 1.00000
Error = :5.00e-01; Runtime: 155.5s; Iterations = 1660, grads =   4.499e-04, unitary_metric = 1.00000
Error = :5.00e-01; Runtime: 157.3s; Iterations = 1680, grads =   5.002e-07, unitary_metric = 1.00000
Error = :5.00e-01; Runtime: 159.2s; Iterations = 1700, grads =   5.109e-06, unitary_metric = 1.00000
Error = :5.00e-01; Runtime: 161.2s; Iterations = 1720, grads =   1.483e-07, unitary_metric = 1.00000
Error = :5.00e-01; Runtime: 163.0s; Iterations = 1740, grads =   1.181e-07, unitary_metric = 1.00000
Error = :5.00e-01; Runtime: 164.9s; Iterations = 1760, grads =   6.458e-08, unitary_metric = 1.00000
Error = :5.00e-01; Runtime: 166.7s; Iterations = 1780, grads =   7.023e-09, unitary_metric = 1.00000
Error = :5.00e-01; Runtime: 168.5s; Iterations = 1800, grads =   2.453e-10, unitary_metric = 1.00000
Error = :5.00e-01; Runtime: 170.5s; Iterations = 1820, grads =   3.326e-09, unitary_metric = 1.00000
Error = :5.00e-01; Runtime: 172.4s; Iterations = 1840, grads =   1.986e-08, unitary_metric = 1.00000
Error = :5.00e-01; Runtime: 174.2s; Iterations = 1860, grads =   1.898e-05, unitary_metric = 1.00000
Error = :5.00e-01; Runtime: 176.0s; Iterations = 1880, grads =   7.823e-05, unitary_metric = 1.00000
Error = :5.00e-01; Runtime: 177.9s; Iterations = 1900, grads =   1.254e-05, unitary_metric = 1.00000
Error = :5.00e-01; Runtime: 179.9s; Iterations = 1920, grads =   3.608e-04, unitary_metric = 1.00000
Error = :5.00e-01; Runtime: 181.7s; Iterations = 1940, grads =   4.753e-05, unitary_metric = 1.00000
Error = :5.00e-01; Runtime: 183.5s; Iterations = 1960, grads =   4.332e-07, unitary_metric = 1.00000
Error = :5.00e-01; Runtime: 185.4s; Iterations = 1980, grads =   8.388e-07, unitary_metric = 1.00000
Error = :5.00e-01; Runtime: 187.3s; Iterations = 2000, grads =   7.637e-08, unitary_metric = 1.00000
Error = :5.00e-01; Runtime: 189.3s; Iterations = 2020, grads =   7.354e-09, unitary_metric = 1.00000
Error = :5.00e-01; Runtime: 191.1s; Iterations = 2040, grads =   1.681e-08, unitary_metric = 1.00000
Error = :5.00e-01; Runtime: 193.0s; Iterations = 2060, grads =   8.616e-08, unitary_metric = 1.00000
Error = :5.00e-01; Runtime: 194.8s; Iterations = 2080, grads =   1.615e-08, unitary_metric = 1.00000
Error = :5.00e-01; Runtime: 196.7s; Iterations = 2100, grads =   2.996e-09, unitary_metric = 1.00000
Error = :5.00e-01; Runtime: 198.6s; Iterations = 2120, grads =   1.945e-09, unitary_metric = 1.00000
Error = :5.00e-01; Runtime: 200.5s; Iterations = 2140, grads =   3.227e-08, unitary_metric = 1.00000
Error = :5.00e-01; Runtime: 202.3s; Iterations = 2160, grads =   1.159e-05, unitary_metric = 1.00000
Error = :5.00e-01; Runtime: 204.1s; Iterations = 2180, grads =   6.168e-05, unitary_metric = 1.00000
Error = :5.00e-01; Runtime: 206.0s; Iterations = 2200, grads =   7.494e-06, unitary_metric = 1.00000
Error = :4.97e-01; Runtime: 208.0s; Iterations = 2220, grads =   5.708e-05, unitary_metric = 1.00000
Error = :3.05e-01; Runtime: 209.8s; Iterations = 2240, grads =   5.640e-02, unitary_metric = 0.99999
Error = :1.09e-01; Runtime: 211.6s; Iterations = 2260, grads =   3.698e-03, unitary_metric = 0.99999
Error = :4.73e-02; Runtime: 213.5s; Iterations = 2280, grads =   5.347e-04, unitary_metric = 0.99999
Error = :3.11e-02; Runtime: 215.3s; Iterations = 2300, grads =   1.664e-04, unitary_metric = 0.99999
Error = :2.48e-02; Runtime: 217.3s; Iterations = 2320, grads =   3.129e-05, unitary_metric = 0.99999
Error = :2.16e-02; Runtime: 219.1s; Iterations = 2340, grads =   1.176e-05, unitary_metric = 0.99999
Error = :1.95e-02; Runtime: 221.0s; Iterations = 2360, grads =   7.225e-06, unitary_metric = 0.99999
Error = :1.80e-02; Runtime: 222.8s; Iterations = 2380, grads =   5.169e-06, unitary_metric = 0.99999
Error = :1.69e-02; Runtime: 224.6s; Iterations = 2400, grads =   3.970e-06, unitary_metric = 0.99999
Error = :1.60e-02; Runtime: 226.6s; Iterations = 2420, grads =   3.178e-06, unitary_metric = 0.99999
Error = :1.53e-02; Runtime: 228.5s; Iterations = 2440, grads =   2.608e-06, unitary_metric = 0.99999
Error = :1.47e-02; Runtime: 230.3s; Iterations = 2460, grads =   2.177e-06, unitary_metric = 0.99999
Error = :1.41e-02; Runtime: 232.1s; Iterations = 2480, grads =   1.842e-06, unitary_metric = 0.99999
Error = :1.37e-02; Runtime: 233.9s; Iterations = 2500, grads =   1.577e-06, unitary_metric = 0.99999
Error = :1.33e-02; Runtime: 235.9s; Iterations = 2520, grads =   1.367e-06, unitary_metric = 0.99999
Error = :1.30e-02; Runtime: 237.8s; Iterations = 2540, grads =   1.203e-06, unitary_metric = 0.99999
Error = :1.27e-02; Runtime: 239.6s; Iterations = 2560, grads =   1.071e-06, unitary_metric = 0.99999
Error = :1.24e-02; Runtime: 241.4s; Iterations = 2580, grads =   9.637e-07, unitary_metric = 0.99999
Error = :1.21e-02; Runtime: 243.3s; Iterations = 2600, grads =   8.800e-07, unitary_metric = 0.99999
Error = :1.19e-02; Runtime: 245.3s; Iterations = 2620, grads =   8.019e-07, unitary_metric = 0.99999
Error = :1.17e-02; Runtime: 247.1s; Iterations = 2640, grads =   7.420e-07, unitary_metric = 0.99999
Error = :1.16e-02; Runtime: 248.9s; Iterations = 2660, grads =   6.952e-07, unitary_metric = 0.99999
Error = :1.14e-02; Runtime: 250.8s; Iterations = 2680, grads =   6.595e-07, unitary_metric = 0.99999
Error = :1.13e-02; Runtime: 252.6s; Iterations = 2700, grads =   6.333e-07, unitary_metric = 0.99999
Error = :1.11e-02; Runtime: 254.6s; Iterations = 2720, grads =   6.156e-07, unitary_metric = 0.99999
Error = :1.10e-02; Runtime: 256.4s; Iterations = 2740, grads =   6.043e-07, unitary_metric = 0.99999
Error = :1.09e-02; Runtime: 258.3s; Iterations = 2760, grads =   5.982e-07, unitary_metric = 0.99999
Error = :1.08e-02; Runtime: 260.1s; Iterations = 2780, grads =   5.949e-07, unitary_metric = 0.99999
Error = :1.07e-02; Runtime: 261.9s; Iterations = 2800, grads =   5.921e-07, unitary_metric = 0.99999
Error = :1.06e-02; Runtime: 263.9s; Iterations = 2820, grads =   5.872e-07, unitary_metric = 0.99999
Error = :1.05e-02; Runtime: 265.7s; Iterations = 2840, grads =   5.783e-07, unitary_metric = 0.99999
Error = :1.04e-02; Runtime: 267.6s; Iterations = 2860, grads =   5.636e-07, unitary_metric = 0.99999
Error = :1.03e-02; Runtime: 269.4s; Iterations = 2880, grads =   5.422e-07, unitary_metric = 0.99999
Error = :1.02e-02; Runtime: 271.2s; Iterations = 2900, grads =   5.149e-07, unitary_metric = 0.99999
Error = :1.01e-02; Runtime: 273.3s; Iterations = 2920, grads =   4.850e-07, unitary_metric = 0.99999
Error = :9.98e-03; Runtime: 275.1s; Iterations = 2940, grads =   4.603e-07, unitary_metric = 0.99999
Error = :9.91e-03; Runtime: 276.9s; Iterations = 2960, grads =   4.503e-07, unitary_metric = 0.99999
Error = :9.86e-03; Runtime: 278.8s; Iterations = 2980, grads =   4.704e-07, unitary_metric = 0.99999
Error = :9.82e-03; Runtime: 280.6s; Iterations = 3000, grads =   5.272e-07, unitary_metric = 0.99999
Error = :9.76e-03; Runtime: 282.6s; Iterations = 3020, grads =   6.096e-07, unitary_metric = 0.99999
Error = :9.69e-03; Runtime: 284.4s; Iterations = 3040, grads =   6.837e-07, unitary_metric = 0.99999
Error = :9.58e-03; Runtime: 286.3s; Iterations = 3060, grads =   7.125e-07, unitary_metric = 0.99999
Error = :9.47e-03; Runtime: 288.1s; Iterations = 3080, grads =   6.838e-07, unitary_metric = 0.99999
Error = :9.35e-03; Runtime: 289.9s; Iterations = 3100, grads =   6.146e-07, unitary_metric = 0.99999
Error = :9.25e-03; Runtime: 291.9s; Iterations = 3120, grads =   5.326e-07, unitary_metric = 0.99999
Error = :9.16e-03; Runtime: 293.7s; Iterations = 3140, grads =   4.573e-07, unitary_metric = 0.99999
Error = :9.08e-03; Runtime: 295.6s; Iterations = 3160, grads =   3.959e-07, unitary_metric = 0.99999
Error = :9.02e-03; Runtime: 297.4s; Iterations = 3180, grads =   3.482e-07, unitary_metric = 0.99999
Error = :8.96e-03; Runtime: 299.2s; Iterations = 3200, grads =   3.115e-07, unitary_metric = 0.99999
Error = :8.91e-03; Runtime: 301.2s; Iterations = 3220, grads =   2.825e-07, unitary_metric = 0.99999
Error = :8.86e-03; Runtime: 303.1s; Iterations = 3240, grads =   2.591e-07, unitary_metric = 0.99999
Error = :8.81e-03; Runtime: 304.9s; Iterations = 3260, grads =   2.419e-07, unitary_metric = 0.99999
Error = :8.78e-03; Runtime: 306.7s; Iterations = 3280, grads =   2.234e-07, unitary_metric = 0.99999
Error = :8.74e-03; Runtime: 308.6s; Iterations = 3300, grads =   2.091e-07, unitary_metric = 0.99999
Error = :8.70e-03; Runtime: 310.6s; Iterations = 3320, grads =   1.968e-07, unitary_metric = 0.99999
Error = :8.66e-03; Runtime: 312.4s; Iterations = 3340, grads =   1.859e-07, unitary_metric = 0.99999
Error = :8.63e-03; Runtime: 314.2s; Iterations = 3360, grads =   1.763e-07, unitary_metric = 0.99999
Error = :8.60e-03; Runtime: 316.1s; Iterations = 3380, grads =   1.677e-07, unitary_metric = 0.99999
Error = :8.57e-03; Runtime: 317.9s; Iterations = 3400, grads =   1.598e-07, unitary_metric = 0.99999
Error = :8.54e-03; Runtime: 319.9s; Iterations = 3420, grads =   1.527e-07, unitary_metric = 0.99999
Error = :8.51e-03; Runtime: 321.7s; Iterations = 3440, grads =   1.462e-07, unitary_metric = 0.99999
Error = :8.48e-03; Runtime: 323.6s; Iterations = 3460, grads =   1.401e-07, unitary_metric = 0.99999
Error = :8.45e-03; Runtime: 325.4s; Iterations = 3480, grads =   1.344e-07, unitary_metric = 0.99999
Error = :8.42e-03; Runtime: 327.2s; Iterations = 3500, grads =   1.291e-07, unitary_metric = 0.99999
Error = :8.40e-03; Runtime: 329.2s; Iterations = 3520, grads =   1.240e-07, unitary_metric = 0.99999
Error = :8.38e-03; Runtime: 331.0s; Iterations = 3540, grads =   1.193e-07, unitary_metric = 0.99999
Error = :8.35e-03; Runtime: 332.9s; Iterations = 3560, grads =   1.147e-07, unitary_metric = 0.99999
Error = :8.33e-03; Runtime: 334.7s; Iterations = 3580, grads =   1.119e-07, unitary_metric = 0.99999
Error = :8.31e-03; Runtime: 336.5s; Iterations = 3600, grads =   1.066e-07, unitary_metric = 0.99999
Error = :8.29e-03; Runtime: 338.5s; Iterations = 3620, grads =   1.025e-07, unitary_metric = 0.99999
Error = :8.27e-03; Runtime: 340.4s; Iterations = 3640, grads =   9.885e-08, unitary_metric = 0.99999
Error = :8.25e-03; Runtime: 342.2s; Iterations = 3660, grads =   9.542e-08, unitary_metric = 0.99999
Error = :8.23e-03; Runtime: 344.0s; Iterations = 3680, grads =   9.210e-08, unitary_metric = 0.99999
Error = :8.22e-03; Runtime: 345.9s; Iterations = 3700, grads =   8.900e-08, unitary_metric = 0.99999
Error = :8.20e-03; Runtime: 347.9s; Iterations = 3720, grads =   8.606e-08, unitary_metric = 0.99999
Error = :8.18e-03; Runtime: 349.7s; Iterations = 3740, grads =   8.328e-08, unitary_metric = 0.99999
Error = :8.16e-03; Runtime: 351.6s; Iterations = 3760, grads =   8.066e-08, unitary_metric = 0.99999
Error = :8.15e-03; Runtime: 353.4s; Iterations = 3780, grads =   7.812e-08, unitary_metric = 0.99999
Error = :8.13e-03; Runtime: 355.2s; Iterations = 3800, grads =   7.568e-08, unitary_metric = 0.99999
Error = :8.12e-03; Runtime: 357.2s; Iterations = 3820, grads =   7.342e-08, unitary_metric = 0.99999
Error = :8.10e-03; Runtime: 359.0s; Iterations = 3840, grads =   7.119e-08, unitary_metric = 0.99999
Error = :8.09e-03; Runtime: 360.9s; Iterations = 3860, grads =   6.910e-08, unitary_metric = 0.99999
Error = :8.07e-03; Runtime: 362.7s; Iterations = 3880, grads =   6.721e-08, unitary_metric = 0.99999
Error = :8.06e-03; Runtime: 364.5s; Iterations = 3900, grads =   6.586e-08, unitary_metric = 0.99999
Error = :8.04e-03; Runtime: 366.6s; Iterations = 3920, grads =   9.843e-08, unitary_metric = 0.99999
Error = :8.03e-03; Runtime: 368.4s; Iterations = 3940, grads =   7.404e-08, unitary_metric = 0.99999
Error = :8.01e-03; Runtime: 370.2s; Iterations = 3960, grads =   6.175e-08, unitary_metric = 0.99999
Error = :8.00e-03; Runtime: 372.0s; Iterations = 3980, grads =   5.817e-08, unitary_metric = 0.99999
Error = :7.99e-03; Runtime: 373.9s; Iterations = 4000, grads =   5.640e-08, unitary_metric = 0.99999
Error = :7.98e-03; Runtime: 375.9s; Iterations = 4020, grads =   5.483e-08, unitary_metric = 0.99999
Error = :7.96e-03; Runtime: 377.7s; Iterations = 4040, grads =   5.331e-08, unitary_metric = 0.99999
Error = :7.95e-03; Runtime: 379.5s; Iterations = 4060, grads =   5.185e-08, unitary_metric = 0.99999
Error = :7.94e-03; Runtime: 381.4s; Iterations = 4080, grads =   5.048e-08, unitary_metric = 0.99999
Error = :7.93e-03; Runtime: 383.2s; Iterations = 4100, grads =   5.155e-08, unitary_metric = 0.99999
Error = :7.92e-03; Runtime: 385.2s; Iterations = 4120, grads =   4.820e-08, unitary_metric = 0.99999
Error = :7.90e-03; Runtime: 387.0s; Iterations = 4140, grads =   8.931e-08, unitary_metric = 0.99999
Error = :7.89e-03; Runtime: 388.8s; Iterations = 4160, grads =   4.914e-08, unitary_metric = 0.99999
Error = :7.88e-03; Runtime: 390.7s; Iterations = 4180, grads =   4.517e-08, unitary_metric = 0.99999
Error = :7.87e-03; Runtime: 392.5s; Iterations = 4200, grads =   4.281e-08, unitary_metric = 0.99999
Error = :7.86e-03; Runtime: 394.5s; Iterations = 4220, grads =   4.182e-08, unitary_metric = 0.99999
Error = :7.86e-03; Runtime: 396.3s; Iterations = 4240, grads =   4.074e-08, unitary_metric = 0.99999
Error = :7.85e-03; Runtime: 398.1s; Iterations = 4260, grads =   3.955e-08, unitary_metric = 0.99999
Error = :7.84e-03; Runtime: 400.0s; Iterations = 4280, grads =   3.855e-08, unitary_metric = 0.99999
Error = :7.83e-03; Runtime: 401.8s; Iterations = 4300, grads =   3.751e-08, unitary_metric = 0.99999
Error = :7.82e-03; Runtime: 403.8s; Iterations = 4320, grads =   3.689e-08, unitary_metric = 0.99999
Error = :7.82e-03; Runtime: 405.6s; Iterations = 4340, grads =   7.148e-08, unitary_metric = 0.99999
Error = :7.81e-03; Runtime: 407.5s; Iterations = 4360, grads =   3.916e-08, unitary_metric = 0.99999
Error = :7.80e-03; Runtime: 409.3s; Iterations = 4380, grads =   3.486e-08, unitary_metric = 0.99999
Error = :7.80e-03; Runtime: 411.1s; Iterations = 4400, grads =   3.305e-08, unitary_metric = 0.99999
Error = :7.79e-03; Runtime: 413.2s; Iterations = 4420, grads =   3.236e-08, unitary_metric = 0.99999
Error = :7.79e-03; Runtime: 415.0s; Iterations = 4440, grads =   3.126e-08, unitary_metric = 0.99999
Error = :7.78e-03; Runtime: 416.8s; Iterations = 4460, grads =   3.019e-08, unitary_metric = 0.99999
Error = :7.78e-03; Runtime: 418.6s; Iterations = 4480, grads =   2.932e-08, unitary_metric = 0.99999
Error = :7.77e-03; Runtime: 420.5s; Iterations = 4500, grads =   2.851e-08, unitary_metric = 0.99999
Error = :7.77e-03; Runtime: 422.5s; Iterations = 4520, grads =   2.789e-08, unitary_metric = 0.99999
Error = :7.76e-03; Runtime: 424.3s; Iterations = 4540, grads =   4.223e-08, unitary_metric = 0.99999
Error = :7.76e-03; Runtime: 426.2s; Iterations = 4560, grads =   3.476e-08, unitary_metric = 0.99999
Error = :7.75e-03; Runtime: 428.0s; Iterations = 4580, grads =   2.552e-08, unitary_metric = 0.99999
Error = :7.75e-03; Runtime: 429.9s; Iterations = 4600, grads =   2.501e-08, unitary_metric = 0.99999
Error = :7.74e-03; Runtime: 431.9s; Iterations = 4620, grads =   2.418e-08, unitary_metric = 0.99999
Error = :7.74e-03; Runtime: 433.7s; Iterations = 4640, grads =   2.354e-08, unitary_metric = 0.99999
Error = :7.74e-03; Runtime: 435.5s; Iterations = 4660, grads =   2.327e-08, unitary_metric = 0.99999
Error = :7.73e-03; Runtime: 437.4s; Iterations = 4680, grads =   7.742e-08, unitary_metric = 0.99999
Error = :7.73e-03; Runtime: 439.2s; Iterations = 4700, grads =   2.544e-08, unitary_metric = 0.99999
Error = :7.72e-03; Runtime: 441.2s; Iterations = 4720, grads =   2.107e-08, unitary_metric = 0.99999
Error = :7.72e-03; Runtime: 443.0s; Iterations = 4740, grads =   3.904e-08, unitary_metric = 0.99999
Error = :7.72e-03; Runtime: 444.8s; Iterations = 4760, grads =   3.851e-08, unitary_metric = 0.99999
Error = :7.72e-03; Runtime: 446.7s; Iterations = 4780, grads =   1.442e-06, unitary_metric = 0.99999
Error = :7.71e-03; Runtime: 448.5s; Iterations = 4800, grads =   5.560e-08, unitary_metric = 0.99999
Error = :7.71e-03; Runtime: 450.5s; Iterations = 4820, grads =   2.208e-07, unitary_metric = 0.99999
Error = :7.71e-03; Runtime: 452.3s; Iterations = 4840, grads =   1.066e-07, unitary_metric = 0.99999
Error = :7.70e-03; Runtime: 454.2s; Iterations = 4860, grads =   2.744e-08, unitary_metric = 0.99999
Error = :7.70e-03; Runtime: 456.0s; Iterations = 4880, grads =   1.653e-08, unitary_metric = 0.99999
Error = :7.70e-03; Runtime: 457.8s; Iterations = 4900, grads =   1.585e-08, unitary_metric = 0.99999
Error = :7.70e-03; Runtime: 459.8s; Iterations = 4920, grads =   1.541e-08, unitary_metric = 0.99999
Error = :7.70e-03; Runtime: 461.7s; Iterations = 4940, grads =   1.767e-08, unitary_metric = 0.99998
Error = :7.70e-03; Runtime: 463.5s; Iterations = 4960, grads =   4.008e-08, unitary_metric = 0.99999
Error = :7.70e-03; Runtime: 465.3s; Iterations = 4980, grads =   4.088e-08, unitary_metric = 0.99998
Error = :7.70e-03; Runtime: 467.2s; Iterations = 5000, grads =   2.955e-08, unitary_metric = 0.99998
Error = :7.70e-03; Runtime: 469.2s; Iterations = 5020, grads =   3.926e-07, unitary_metric = 0.99998
Error = :7.70e-03; Runtime: 471.0s; Iterations = 5040, grads =   7.812e-06, unitary_metric = 0.99998
Error = :7.70e-03; Runtime: 472.8s; Iterations = 5060, grads =   1.239e-07, unitary_metric = 0.99999
Error = :7.70e-03; Runtime: 474.7s; Iterations = 5080, grads =   8.945e-08, unitary_metric = 0.99999
Error = :7.70e-03; Runtime: 476.5s; Iterations = 5100, grads =   3.218e-08, unitary_metric = 0.99998
Error = :7.70e-03; Runtime: 478.5s; Iterations = 5120, grads =   1.525e-08, unitary_metric = 0.99998
Error = :7.71e-03; Runtime: 480.3s; Iterations = 5140, grads =   1.546e-08, unitary_metric = 0.99999
Error = :7.71e-03; Runtime: 482.2s; Iterations = 5160, grads =   4.517e-08, unitary_metric = 0.99999
Error = :7.71e-03; Runtime: 484.0s; Iterations = 5180, grads =   1.897e-08, unitary_metric = 0.99999
Error = :7.72e-03; Runtime: 485.8s; Iterations = 5200, grads =   6.055e-08, unitary_metric = 0.99999
Error = :7.73e-03; Runtime: 487.8s; Iterations = 5220, grads =   4.087e-06, unitary_metric = 0.99999
Error = :7.73e-03; Runtime: 489.6s; Iterations = 5240, grads =   2.253e-06, unitary_metric = 0.99999
Error = :7.74e-03; Runtime: 491.5s; Iterations = 5260, grads =   2.116e-08, unitary_metric = 0.99999
Error = :7.75e-03; Runtime: 493.3s; Iterations = 5280, grads =   8.815e-08, unitary_metric = 0.99999
Error = :7.75e-03; Runtime: 495.1s; Iterations = 5300, grads =   2.840e-06, unitary_metric = 0.99998
Error = :7.76e-03; Runtime: 497.1s; Iterations = 5320, grads =   4.180e-05, unitary_metric = 0.99999
Error = :7.77e-03; Runtime: 499.0s; Iterations = 5340, grads =   7.501e-06, unitary_metric = 0.99999
Error = :7.77e-03; Runtime: 500.8s; Iterations = 5360, grads =   9.834e-07, unitary_metric = 0.99999
Error = :7.78e-03; Runtime: 502.6s; Iterations = 5380, grads =   7.830e-08, unitary_metric = 0.99999
Error = :7.78e-03; Runtime: 504.5s; Iterations = 5400, grads =   7.940e-08, unitary_metric = 0.99999
Error = :7.78e-03; Runtime: 506.5s; Iterations = 5420, grads =   1.816e-06, unitary_metric = 0.99999
Error = :7.78e-03; Runtime: 508.3s; Iterations = 5440, grads =   7.943e-08, unitary_metric = 0.99999
Error = :7.78e-03; Runtime: 510.1s; Iterations = 5460, grads =   3.902e-07, unitary_metric = 0.99998
Error = :7.78e-03; Runtime: 511.9s; Iterations = 5480, grads =   8.475e-08, unitary_metric = 0.99999
Error = :7.77e-03; Runtime: 513.8s; Iterations = 5500, grads =   3.900e-08, unitary_metric = 0.99999
Error = :7.77e-03; Runtime: 515.8s; Iterations = 5520, grads =   4.136e-08, unitary_metric = 0.99999
Error = :7.77e-03; Runtime: 517.6s; Iterations = 5540, grads =   1.013e-06, unitary_metric = 0.99998
Error = :7.77e-03; Runtime: 519.5s; Iterations = 5560, grads =   8.949e-05, unitary_metric = 0.99998
Error = :7.75e-03; Runtime: 521.3s; Iterations = 5580, grads =   1.035e-05, unitary_metric = 0.99999
Error = :7.75e-03; Runtime: 523.1s; Iterations = 5600, grads =   8.420e-06, unitary_metric = 0.99999
Error = :7.74e-03; Runtime: 525.1s; Iterations = 5620, grads =   8.252e-07, unitary_metric = 0.99999
Error = :7.73e-03; Runtime: 526.9s; Iterations = 5640, grads =   5.005e-08, unitary_metric = 0.99999
Error = :7.73e-03; Runtime: 528.8s; Iterations = 5660, grads =   2.691e-08, unitary_metric = 0.99999
Error = :7.72e-03; Runtime: 530.6s; Iterations = 5680, grads =   2.462e-08, unitary_metric = 0.99999
Error = :7.72e-03; Runtime: 532.4s; Iterations = 5700, grads =   2.460e-08, unitary_metric = 0.99999
Error = :7.71e-03; Runtime: 534.4s; Iterations = 5720, grads =   2.887e-08, unitary_metric = 0.99999
Error = :7.71e-03; Runtime: 536.3s; Iterations = 5740, grads =   6.968e-08, unitary_metric = 0.99999
Error = :7.70e-03; Runtime: 538.1s; Iterations = 5760, grads =   4.042e-06, unitary_metric = 0.99999
Error = :7.70e-03; Runtime: 539.9s; Iterations = 5780, grads =   2.399e-06, unitary_metric = 0.99999
Error = :7.70e-03; Runtime: 541.8s; Iterations = 5800, grads =   2.526e-05, unitary_metric = 0.99999
Error = :7.69e-03; Runtime: 543.8s; Iterations = 5820, grads =   2.416e-05, unitary_metric = 0.99999
Error = :7.69e-03; Runtime: 545.6s; Iterations = 5840, grads =   1.906e-05, unitary_metric = 0.99999
Error = :7.68e-03; Runtime: 547.5s; Iterations = 5860, grads =   2.392e-06, unitary_metric = 0.99999
Error = :7.68e-03; Runtime: 549.3s; Iterations = 5880, grads =   3.093e-07, unitary_metric = 0.99999
Error = :7.68e-03; Runtime: 551.1s; Iterations = 5900, grads =   2.435e-08, unitary_metric = 0.99999
Error = :7.67e-03; Runtime: 553.1s; Iterations = 5920, grads =   1.836e-08, unitary_metric = 0.99999
Error = :7.67e-03; Runtime: 554.9s; Iterations = 5940, grads =   2.487e-08, unitary_metric = 0.99999
Error = :7.67e-03; Runtime: 556.8s; Iterations = 5960, grads =   2.861e-07, unitary_metric = 0.99999
Error = :7.67e-03; Runtime: 558.6s; Iterations = 5980, grads =   2.017e-05, unitary_metric = 0.99999
Error = :7.66e-03; Runtime: 560.4s; Iterations = 6000, grads =   1.874e-06, unitary_metric = 0.99999
data saved at: /project/ftchong/qoc/pranav/00007_01_beh2_slice_200.h5


trying total_time: 10.0 for unitary of size (4, 4)
data saved at: /project/ftchong/qoc/pranav/00008_01_beh2_slice_200.h5
Using 6 Taylor terms and 1 Scaling & Squaring terms
Building graph:
Propagators initialized.
Operators weight initialized.
Intermediate propagation variables initialized.
Intermediate propagators initialized.
Vectors initialized.
Training loss initialized.
Optimizer initialized.
Utilities initialized.
Graph built!
Initialized
Error = :1.39e-01; Runtime: 0.3s; Iterations = 0, grads =   2.406e+00, unitary_metric = 1.00000
Error = :6.27e-03; Runtime: 2.1s; Iterations = 20, grads =   1.243e-01, unitary_metric = 1.00000
Error = :7.36e-04; Runtime: 2.7s; Iterations = 29, grads =   1.327e-02, unitary_metric = 1.00000
data saved at: /project/ftchong/qoc/pranav/00008_01_beh2_slice_200.h5


trying total_time: 5.0 for unitary of size (4, 4)
data saved at: /project/ftchong/qoc/pranav/00009_01_beh2_slice_200.h5
Using 6 Taylor terms and 1 Scaling & Squaring terms
Building graph:
Propagators initialized.
Operators weight initialized.
Intermediate propagation variables initialized.
Intermediate propagators initialized.
Vectors initialized.
Training loss initialized.
Optimizer initialized.
Utilities initialized.
Graph built!
Initialized
Error = :1.41e-01; Runtime: 0.1s; Iterations = 0, grads =   1.287e+00, unitary_metric = 1.00000
Error = :1.27e-03; Runtime: 1.1s; Iterations = 20, grads =   1.347e-02, unitary_metric = 1.00000
Error = :6.49e-05; Runtime: 1.5s; Iterations = 33, grads =   5.847e-04, unitary_metric = 1.00000
data saved at: /project/ftchong/qoc/pranav/00009_01_beh2_slice_200.h5


trying total_time: 2.5 for unitary of size (4, 4)
data saved at: /project/ftchong/qoc/pranav/00010_01_beh2_slice_200.h5
Using 6 Taylor terms and 1 Scaling & Squaring terms
Building graph:
Propagators initialized.
Operators weight initialized.
Intermediate propagation variables initialized.
Intermediate propagators initialized.
Vectors initialized.
Training loss initialized.
Optimizer initialized.
Utilities initialized.
Graph built!
Initialized
Error = :2.15e-02; Runtime: 0.1s; Iterations = 0, grads =   1.034e-01, unitary_metric = 1.00000
Error = :8.62e-04; Runtime: 0.3s; Iterations = 5, grads =   2.884e-03, unitary_metric = 1.00000
data saved at: /project/ftchong/qoc/pranav/00010_01_beh2_slice_200.h5


trying total_time: 1.25 for unitary of size (4, 4)
data saved at: /project/ftchong/qoc/pranav/00011_01_beh2_slice_200.h5
Using 6 Taylor terms and 1 Scaling & Squaring terms
Building graph:
Propagators initialized.
Operators weight initialized.
Intermediate propagation variables initialized.
Intermediate propagators initialized.
Vectors initialized.
Training loss initialized.
Optimizer initialized.
Utilities initialized.
Graph built!
Initialized
Error = :2.10e-02; Runtime: 0.1s; Iterations = 0, grads =   5.372e-02, unitary_metric = 1.00000
Error = :4.70e-04; Runtime: 0.2s; Iterations = 2, grads =   1.045e-03, unitary_metric = 1.00000
data saved at: /project/ftchong/qoc/pranav/00011_01_beh2_slice_200.h5


trying total_time: 0.6 for unitary of size (4, 4)
data saved at: /project/ftchong/qoc/pranav/00012_01_beh2_slice_200.h5
Using 7 Taylor terms and 0 Scaling & Squaring terms
Building graph:
Propagators initialized.
Operators weight initialized.
Intermediate propagation variables initialized.
Intermediate propagators initialized.
Vectors initialized.
Training loss initialized.
Optimizer initialized.
Utilities initialized.
Graph built!
Initialized
Error = :6.39e-02; Runtime: 0.0s; Iterations = 0, grads =   7.037e-02, unitary_metric = 1.00000
Error = :4.40e-03; Runtime: 0.2s; Iterations = 20, grads =   5.213e-03, unitary_metric = 1.00000
Error = :6.03e-04; Runtime: 0.3s; Iterations = 25, grads =   6.862e-04, unitary_metric = 1.00000
data saved at: /project/ftchong/qoc/pranav/00012_01_beh2_slice_200.h5


trying total_time: 0.3 for unitary of size (4, 4)
data saved at: /project/ftchong/qoc/pranav/00013_01_beh2_slice_200.h5
Using 5 Taylor terms and 1 Scaling & Squaring terms
Building graph:
Propagators initialized.
Operators weight initialized.
Intermediate propagation variables initialized.
Intermediate propagators initialized.
Vectors initialized.
Training loss initialized.
Optimizer initialized.
Utilities initialized.
Graph built!
Initialized
Error = :5.67e-02; Runtime: 0.0s; Iterations = 0, grads =   2.976e-02, unitary_metric = 1.00000
Error = :8.73e-04; Runtime: 0.1s; Iterations = 14, grads =   3.347e-04, unitary_metric = 1.00000
data saved at: /project/ftchong/qoc/pranav/00013_01_beh2_slice_200.h5




[5.3, 0.3]
TIME FOR SLICE IS:
5.3
