Running Block:  250


trying total_time: 40.0 for unitary of size (16, 16)
data saved at: /project/ftchong/qoc/pranav/00000_31_nah_slice_250.h5
Using 5 Taylor terms and 4 Scaling & Squaring terms
Building graph:
Propagators initialized.
Operators weight initialized.
Intermediate propagation variables initialized.
Intermediate propagators initialized.
Vectors initialized.
Training loss initialized.
Optimizer initialized.
Utilities initialized.
Graph built!
Initialized
Error = :9.90e-01; Runtime: 1.3s; Iterations = 0, grads =   5.652e-03, unitary_metric = 1.00046
Error = :8.78e-01; Runtime: 18.8s; Iterations = 20, grads =   5.061e-02, unitary_metric = 1.00034
Error = :7.45e-01; Runtime: 33.6s; Iterations = 40, grads =   1.205e-02, unitary_metric = 1.00024
Error = :5.24e-01; Runtime: 48.3s; Iterations = 60, grads =   2.195e-01, unitary_metric = 1.00024
Error = :5.04e-01; Runtime: 64.0s; Iterations = 80, grads =   2.275e-02, unitary_metric = 1.00023
Error = :5.01e-01; Runtime: 80.1s; Iterations = 100, grads =   4.101e-03, unitary_metric = 1.00023
Error = :5.00e-01; Runtime: 96.6s; Iterations = 120, grads =   3.402e-04, unitary_metric = 1.00022
Error = :5.00e-01; Runtime: 112.1s; Iterations = 140, grads =   1.149e-04, unitary_metric = 1.00023
Error = :5.00e-01; Runtime: 127.2s; Iterations = 160, grads =   2.214e-03, unitary_metric = 1.00022
Error = :4.97e-01; Runtime: 142.1s; Iterations = 180, grads =   6.714e-02, unitary_metric = 1.00021
Error = :1.06e-01; Runtime: 156.9s; Iterations = 200, grads =   2.198e+00, unitary_metric = 1.00016
Error = :1.70e-02; Runtime: 173.1s; Iterations = 220, grads =   2.951e-01, unitary_metric = 1.00017
Error = :1.77e-03; Runtime: 188.0s; Iterations = 240, grads =   2.121e-02, unitary_metric = 1.00016
Error = :6.92e-04; Runtime: 192.5s; Iterations = 246, grads =   6.886e-03, unitary_metric = 1.00016
data saved at: /project/ftchong/qoc/pranav/00000_31_nah_slice_250.h5


trying total_time: 20.0 for unitary of size (16, 16)
data saved at: /project/ftchong/qoc/pranav/00001_31_nah_slice_250.h5
Using 7 Taylor terms and 2 Scaling & Squaring terms
Building graph:
Propagators initialized.
Operators weight initialized.
Intermediate propagation variables initialized.
Intermediate propagators initialized.
Vectors initialized.
Training loss initialized.
Optimizer initialized.
Utilities initialized.
Graph built!
Initialized
Error = :9.86e-01; Runtime: 0.7s; Iterations = 0, grads =   1.192e-03, unitary_metric = 1.00000
Error = :9.41e-01; Runtime: 9.1s; Iterations = 20, grads =   1.507e-03, unitary_metric = 1.00000
Error = :8.91e-01; Runtime: 16.5s; Iterations = 40, grads =   1.699e-03, unitary_metric = 0.99999
Error = :7.57e-01; Runtime: 23.9s; Iterations = 60, grads =   4.994e-03, unitary_metric = 0.99998
Error = :7.31e-01; Runtime: 31.1s; Iterations = 80, grads =   1.687e-03, unitary_metric = 0.99998
Error = :4.15e-01; Runtime: 38.4s; Iterations = 100, grads =   2.798e-02, unitary_metric = 0.99998
Error = :2.65e-02; Runtime: 46.2s; Iterations = 120, grads =   3.120e-02, unitary_metric = 0.99997
Error = :3.61e-03; Runtime: 54.2s; Iterations = 140, grads =   3.869e-03, unitary_metric = 0.99997
Error = :9.64e-04; Runtime: 61.1s; Iterations = 157, grads =   6.669e-04, unitary_metric = 0.99997
data saved at: /project/ftchong/qoc/pranav/00001_31_nah_slice_250.h5


trying total_time: 10.0 for unitary of size (16, 16)
data saved at: /project/ftchong/qoc/pranav/00002_31_nah_slice_250.h5
Using 7 Taylor terms and 2 Scaling & Squaring terms
Building graph:
Propagators initialized.
Operators weight initialized.
Intermediate propagation variables initialized.
Intermediate propagators initialized.
Vectors initialized.
Training loss initialized.
Optimizer initialized.
Utilities initialized.
Graph built!
Initialized
Error = :9.91e-01; Runtime: 0.4s; Iterations = 0, grads =   1.287e-03, unitary_metric = 1.00000
Error = :9.49e-01; Runtime: 4.8s; Iterations = 20, grads =   1.142e-03, unitary_metric = 1.00000
Error = :9.38e-01; Runtime: 8.6s; Iterations = 40, grads =   3.060e-04, unitary_metric = 1.00000
Error = :9.38e-01; Runtime: 12.3s; Iterations = 60, grads =   4.520e-05, unitary_metric = 1.00000
Error = :9.35e-01; Runtime: 16.0s; Iterations = 80, grads =   4.487e-05, unitary_metric = 1.00000
Error = :8.79e-01; Runtime: 19.6s; Iterations = 100, grads =   1.293e-04, unitary_metric = 0.99999
Error = :8.75e-01; Runtime: 23.6s; Iterations = 120, grads =   3.201e-05, unitary_metric = 0.99999
Error = :8.27e-01; Runtime: 27.2s; Iterations = 140, grads =   2.329e-04, unitary_metric = 0.99999
Error = :6.12e-01; Runtime: 30.8s; Iterations = 160, grads =   4.487e-03, unitary_metric = 0.99997
Error = :5.12e-01; Runtime: 34.4s; Iterations = 180, grads =   9.822e-04, unitary_metric = 0.99998
Error = :5.02e-01; Runtime: 38.1s; Iterations = 200, grads =   7.878e-04, unitary_metric = 0.99997
Error = :5.00e-01; Runtime: 42.2s; Iterations = 220, grads =   1.683e-05, unitary_metric = 0.99997
Error = :4.92e-01; Runtime: 46.0s; Iterations = 240, grads =   9.226e-05, unitary_metric = 0.99997
Error = :3.75e-01; Runtime: 49.7s; Iterations = 260, grads =   5.865e-02, unitary_metric = 0.99997
Error = :2.20e-01; Runtime: 53.5s; Iterations = 280, grads =   1.018e-02, unitary_metric = 0.99997
Error = :1.37e-01; Runtime: 57.1s; Iterations = 300, grads =   1.318e-03, unitary_metric = 0.99997
Error = :1.05e-01; Runtime: 61.0s; Iterations = 320, grads =   1.272e-04, unitary_metric = 0.99997
Error = :8.84e-02; Runtime: 64.5s; Iterations = 340, grads =   5.504e-05, unitary_metric = 0.99996
Error = :7.66e-02; Runtime: 68.0s; Iterations = 360, grads =   3.228e-05, unitary_metric = 0.99996
Error = :6.84e-02; Runtime: 71.6s; Iterations = 380, grads =   2.221e-05, unitary_metric = 0.99996
Error = :6.29e-02; Runtime: 75.1s; Iterations = 400, grads =   1.520e-05, unitary_metric = 0.99996
Error = :5.88e-02; Runtime: 78.9s; Iterations = 420, grads =   1.072e-05, unitary_metric = 0.99997
Error = :5.56e-02; Runtime: 82.5s; Iterations = 440, grads =   7.555e-06, unitary_metric = 0.99996
Error = :5.32e-02; Runtime: 86.1s; Iterations = 460, grads =   5.567e-06, unitary_metric = 0.99996
Error = :5.13e-02; Runtime: 89.6s; Iterations = 480, grads =   4.163e-06, unitary_metric = 0.99996
Error = :4.99e-02; Runtime: 93.4s; Iterations = 500, grads =   3.149e-06, unitary_metric = 0.99996
Error = :4.88e-02; Runtime: 97.4s; Iterations = 520, grads =   2.460e-06, unitary_metric = 0.99996
Error = :4.79e-02; Runtime: 100.9s; Iterations = 540, grads =   2.209e-06, unitary_metric = 0.99996
Error = :4.93e-02; Runtime: 104.5s; Iterations = 560, grads =   1.868e-02, unitary_metric = 0.99996
Error = :4.69e-02; Runtime: 108.0s; Iterations = 580, grads =   3.117e-03, unitary_metric = 0.99996
Error = :4.60e-02; Runtime: 111.5s; Iterations = 600, grads =   1.477e-04, unitary_metric = 0.99996
Error = :4.56e-02; Runtime: 115.3s; Iterations = 620, grads =   4.247e-05, unitary_metric = 0.99996
Error = :4.52e-02; Runtime: 118.9s; Iterations = 640, grads =   1.415e-06, unitary_metric = 0.99996
Error = :4.48e-02; Runtime: 122.4s; Iterations = 660, grads =   1.818e-06, unitary_metric = 0.99996
Error = :4.46e-02; Runtime: 125.9s; Iterations = 680, grads =   9.658e-07, unitary_metric = 0.99996
Error = :4.43e-02; Runtime: 129.4s; Iterations = 700, grads =   7.688e-07, unitary_metric = 0.99996
Error = :4.40e-02; Runtime: 133.3s; Iterations = 720, grads =   6.956e-07, unitary_metric = 0.99996
Error = :4.38e-02; Runtime: 136.8s; Iterations = 740, grads =   6.475e-07, unitary_metric = 0.99996
Error = :4.36e-02; Runtime: 140.3s; Iterations = 760, grads =   3.904e-05, unitary_metric = 0.99996
Error = :4.38e-02; Runtime: 143.8s; Iterations = 780, grads =   3.369e-03, unitary_metric = 0.99996
Error = :4.34e-02; Runtime: 147.3s; Iterations = 800, grads =   9.308e-04, unitary_metric = 0.99996
Error = :4.31e-02; Runtime: 151.1s; Iterations = 820, grads =   7.623e-05, unitary_metric = 0.99996
Error = :4.30e-02; Runtime: 154.6s; Iterations = 840, grads =   7.420e-06, unitary_metric = 0.99996
Error = :4.29e-02; Runtime: 158.2s; Iterations = 860, grads =   1.848e-06, unitary_metric = 0.99996
Error = :4.27e-02; Runtime: 161.7s; Iterations = 880, grads =   5.178e-07, unitary_metric = 0.99996
Error = :4.26e-02; Runtime: 165.4s; Iterations = 900, grads =   1.594e-06, unitary_metric = 0.99996
Error = :4.27e-02; Runtime: 169.6s; Iterations = 920, grads =   1.384e-03, unitary_metric = 0.99996
Error = :4.26e-02; Runtime: 173.4s; Iterations = 940, grads =   1.122e-03, unitary_metric = 0.99996
Error = :4.24e-02; Runtime: 177.3s; Iterations = 960, grads =   4.848e-05, unitary_metric = 0.99996
Error = :4.23e-02; Runtime: 181.1s; Iterations = 980, grads =   1.850e-05, unitary_metric = 0.99996
Error = :4.22e-02; Runtime: 185.0s; Iterations = 1000, grads =   9.749e-07, unitary_metric = 0.99996
Error = :4.21e-02; Runtime: 189.4s; Iterations = 1020, grads =   2.567e-06, unitary_metric = 0.99996
Error = :4.21e-02; Runtime: 193.3s; Iterations = 1040, grads =   2.642e-04, unitary_metric = 0.99996
Error = :4.21e-02; Runtime: 197.3s; Iterations = 1060, grads =   9.311e-04, unitary_metric = 0.99996
Error = :4.20e-02; Runtime: 201.0s; Iterations = 1080, grads =   9.319e-05, unitary_metric = 0.99996
Error = :4.19e-02; Runtime: 204.8s; Iterations = 1100, grads =   3.119e-05, unitary_metric = 0.99996
Error = :4.19e-02; Runtime: 208.7s; Iterations = 1120, grads =   5.039e-06, unitary_metric = 0.99996
Error = :4.18e-02; Runtime: 212.4s; Iterations = 1140, grads =   2.007e-05, unitary_metric = 0.99996
Error = :4.22e-02; Runtime: 216.1s; Iterations = 1160, grads =   3.889e-03, unitary_metric = 0.99996
Error = :4.18e-02; Runtime: 219.7s; Iterations = 1180, grads =   4.724e-06, unitary_metric = 0.99996
Error = :4.17e-02; Runtime: 223.2s; Iterations = 1200, grads =   1.141e-05, unitary_metric = 0.99996
Error = :4.17e-02; Runtime: 227.3s; Iterations = 1220, grads =   8.730e-06, unitary_metric = 0.99996
Error = :4.16e-02; Runtime: 231.2s; Iterations = 1240, grads =   1.522e-06, unitary_metric = 0.99996
Error = :4.16e-02; Runtime: 235.1s; Iterations = 1260, grads =   2.466e-07, unitary_metric = 0.99996
Error = :4.15e-02; Runtime: 238.9s; Iterations = 1280, grads =   1.630e-06, unitary_metric = 0.99996
Error = :4.15e-02; Runtime: 242.8s; Iterations = 1300, grads =   4.954e-04, unitary_metric = 0.99996
Error = :4.18e-02; Runtime: 246.9s; Iterations = 1320, grads =   3.374e-03, unitary_metric = 0.99996
Error = :4.14e-02; Runtime: 250.7s; Iterations = 1340, grads =   3.866e-06, unitary_metric = 0.99996
Error = :4.14e-02; Runtime: 254.5s; Iterations = 1360, grads =   4.876e-05, unitary_metric = 0.99996
Error = :4.14e-02; Runtime: 258.2s; Iterations = 1380, grads =   8.083e-06, unitary_metric = 0.99996
Error = :4.14e-02; Runtime: 261.8s; Iterations = 1400, grads =   1.372e-06, unitary_metric = 0.99996
Error = :4.14e-02; Runtime: 265.8s; Iterations = 1420, grads =   2.857e-07, unitary_metric = 0.99996
Error = :4.14e-02; Runtime: 269.5s; Iterations = 1440, grads =   3.346e-07, unitary_metric = 0.99996
Error = :4.13e-02; Runtime: 273.0s; Iterations = 1460, grads =   3.351e-07, unitary_metric = 0.99996
Error = :4.13e-02; Runtime: 276.9s; Iterations = 1480, grads =   3.816e-07, unitary_metric = 0.99996
Error = :4.12e-02; Runtime: 280.7s; Iterations = 1500, grads =   1.341e-05, unitary_metric = 0.99996
Error = :4.22e-02; Runtime: 284.9s; Iterations = 1520, grads =   9.265e-03, unitary_metric = 0.99996
Error = :4.12e-02; Runtime: 288.8s; Iterations = 1540, grads =   2.193e-04, unitary_metric = 0.99996
Error = :4.12e-02; Runtime: 292.7s; Iterations = 1560, grads =   9.301e-05, unitary_metric = 0.99996
Error = :4.11e-02; Runtime: 296.5s; Iterations = 1580, grads =   8.534e-06, unitary_metric = 0.99996
Error = :4.11e-02; Runtime: 300.3s; Iterations = 1600, grads =   1.014e-06, unitary_metric = 0.99996
Error = :4.11e-02; Runtime: 304.3s; Iterations = 1620, grads =   4.444e-07, unitary_metric = 0.99996
Error = :4.11e-02; Runtime: 307.9s; Iterations = 1640, grads =   4.609e-07, unitary_metric = 0.99996
Error = :4.10e-02; Runtime: 311.6s; Iterations = 1660, grads =   4.098e-07, unitary_metric = 0.99996
Error = :4.10e-02; Runtime: 315.2s; Iterations = 1680, grads =   3.802e-07, unitary_metric = 0.99996
Error = :4.09e-02; Runtime: 318.8s; Iterations = 1700, grads =   3.473e-07, unitary_metric = 0.99996
Error = :4.09e-02; Runtime: 322.7s; Iterations = 1720, grads =   1.779e-06, unitary_metric = 0.99996
Error = :4.10e-02; Runtime: 326.6s; Iterations = 1740, grads =   1.872e-03, unitary_metric = 0.99996
Error = :4.08e-02; Runtime: 330.4s; Iterations = 1760, grads =   5.261e-04, unitary_metric = 0.99996
Error = :4.08e-02; Runtime: 334.3s; Iterations = 1780, grads =   1.110e-04, unitary_metric = 0.99996
Error = :4.07e-02; Runtime: 338.1s; Iterations = 1800, grads =   2.260e-05, unitary_metric = 0.99996
Error = :4.07e-02; Runtime: 342.4s; Iterations = 1820, grads =   1.768e-06, unitary_metric = 0.99996
Error = :4.07e-02; Runtime: 346.2s; Iterations = 1840, grads =   4.337e-07, unitary_metric = 0.99996
Error = :4.06e-02; Runtime: 350.0s; Iterations = 1860, grads =   2.226e-07, unitary_metric = 0.99996
Error = :4.06e-02; Runtime: 353.8s; Iterations = 1880, grads =   1.693e-07, unitary_metric = 0.99996
Error = :4.06e-02; Runtime: 357.4s; Iterations = 1900, grads =   1.602e-07, unitary_metric = 0.99996
Error = :4.06e-02; Runtime: 361.4s; Iterations = 1920, grads =   1.494e-07, unitary_metric = 0.99996
Error = :4.06e-02; Runtime: 365.0s; Iterations = 1940, grads =   1.599e-07, unitary_metric = 0.99996
Error = :4.06e-02; Runtime: 368.6s; Iterations = 1960, grads =   1.342e-05, unitary_metric = 0.99996
Error = :4.13e-02; Runtime: 372.3s; Iterations = 1980, grads =   6.364e-03, unitary_metric = 0.99996
Error = :4.06e-02; Runtime: 376.3s; Iterations = 2000, grads =   7.900e-05, unitary_metric = 0.99996
Error = :4.06e-02; Runtime: 380.6s; Iterations = 2020, grads =   6.955e-05, unitary_metric = 0.99996
Error = :4.06e-02; Runtime: 384.7s; Iterations = 2040, grads =   8.430e-06, unitary_metric = 0.99996
Error = :4.05e-02; Runtime: 389.3s; Iterations = 2060, grads =   1.508e-06, unitary_metric = 0.99996
Error = :4.05e-02; Runtime: 393.9s; Iterations = 2080, grads =   1.981e-07, unitary_metric = 0.99996
Error = :4.05e-02; Runtime: 397.9s; Iterations = 2100, grads =   1.313e-07, unitary_metric = 0.99996
Error = :4.05e-02; Runtime: 402.1s; Iterations = 2120, grads =   1.267e-07, unitary_metric = 0.99996
Error = :4.05e-02; Runtime: 405.8s; Iterations = 2140, grads =   1.242e-07, unitary_metric = 0.99996
Error = :4.05e-02; Runtime: 409.5s; Iterations = 2160, grads =   1.232e-07, unitary_metric = 0.99996
Error = :4.05e-02; Runtime: 413.1s; Iterations = 2180, grads =   1.232e-07, unitary_metric = 0.99996
Error = :4.05e-02; Runtime: 416.7s; Iterations = 2200, grads =   1.190e-07, unitary_metric = 0.99996
Error = :4.05e-02; Runtime: 421.0s; Iterations = 2220, grads =   1.311e-07, unitary_metric = 0.99995
Error = :4.05e-02; Runtime: 425.0s; Iterations = 2240, grads =   2.457e-06, unitary_metric = 0.99996
Error = :4.07e-02; Runtime: 429.0s; Iterations = 2260, grads =   1.776e-03, unitary_metric = 0.99996
Error = :4.05e-02; Runtime: 433.0s; Iterations = 2280, grads =   1.407e-04, unitary_metric = 0.99996
Error = :4.05e-02; Runtime: 437.6s; Iterations = 2300, grads =   3.152e-05, unitary_metric = 0.99996
Error = :4.04e-02; Runtime: 442.4s; Iterations = 2320, grads =   9.253e-06, unitary_metric = 0.99996
Error = :4.04e-02; Runtime: 446.3s; Iterations = 2340, grads =   5.760e-07, unitary_metric = 0.99996
Error = :4.04e-02; Runtime: 450.2s; Iterations = 2360, grads =   1.515e-07, unitary_metric = 0.99996
Error = :4.04e-02; Runtime: 453.9s; Iterations = 2380, grads =   1.178e-07, unitary_metric = 0.99996
Error = :4.04e-02; Runtime: 457.8s; Iterations = 2400, grads =   7.998e-08, unitary_metric = 0.99996
Error = :4.04e-02; Runtime: 462.1s; Iterations = 2420, grads =   7.529e-08, unitary_metric = 0.99996
Error = :4.04e-02; Runtime: 465.9s; Iterations = 2440, grads =   7.166e-08, unitary_metric = 0.99996
Error = :4.04e-02; Runtime: 470.1s; Iterations = 2460, grads =   7.704e-08, unitary_metric = 0.99996
Error = :4.04e-02; Runtime: 474.8s; Iterations = 2480, grads =   8.201e-07, unitary_metric = 0.99996
Error = :4.04e-02; Runtime: 479.4s; Iterations = 2500, grads =   3.789e-04, unitary_metric = 0.99996
Error = :4.05e-02; Runtime: 483.9s; Iterations = 2520, grads =   1.211e-03, unitary_metric = 0.99996
Error = :4.04e-02; Runtime: 487.8s; Iterations = 2540, grads =   1.051e-04, unitary_metric = 0.99996
Error = :4.04e-02; Runtime: 491.5s; Iterations = 2560, grads =   1.649e-06, unitary_metric = 0.99996
Error = :4.04e-02; Runtime: 495.1s; Iterations = 2580, grads =   2.786e-07, unitary_metric = 0.99996
Error = :4.04e-02; Runtime: 498.7s; Iterations = 2600, grads =   1.203e-07, unitary_metric = 0.99996
Error = :4.04e-02; Runtime: 502.6s; Iterations = 2620, grads =   9.628e-08, unitary_metric = 0.99996
Error = :4.04e-02; Runtime: 506.4s; Iterations = 2640, grads =   6.124e-08, unitary_metric = 0.99996
Error = :4.04e-02; Runtime: 510.5s; Iterations = 2660, grads =   5.787e-08, unitary_metric = 0.99996
Error = :4.04e-02; Runtime: 514.4s; Iterations = 2680, grads =   5.738e-08, unitary_metric = 0.99996
Error = :4.04e-02; Runtime: 518.2s; Iterations = 2700, grads =   5.958e-08, unitary_metric = 0.99996
Error = :4.04e-02; Runtime: 522.4s; Iterations = 2720, grads =   7.403e-08, unitary_metric = 0.99996
Error = :4.04e-02; Runtime: 526.2s; Iterations = 2740, grads =   7.443e-07, unitary_metric = 0.99996
Error = :4.04e-02; Runtime: 530.0s; Iterations = 2760, grads =   2.612e-04, unitary_metric = 0.99996
Error = :4.05e-02; Runtime: 533.7s; Iterations = 2780, grads =   7.683e-04, unitary_metric = 0.99996
Error = :4.04e-02; Runtime: 537.3s; Iterations = 2800, grads =   1.338e-04, unitary_metric = 0.99996
Error = :4.04e-02; Runtime: 541.3s; Iterations = 2820, grads =   1.569e-05, unitary_metric = 0.99996
Error = :4.04e-02; Runtime: 545.0s; Iterations = 2840, grads =   1.941e-06, unitary_metric = 0.99996
Error = :4.04e-02; Runtime: 548.6s; Iterations = 2860, grads =   3.552e-07, unitary_metric = 0.99996
Error = :4.04e-02; Runtime: 552.2s; Iterations = 2880, grads =   7.414e-08, unitary_metric = 0.99996
Error = :4.04e-02; Runtime: 555.8s; Iterations = 2900, grads =   6.279e-08, unitary_metric = 0.99996
Error = :4.04e-02; Runtime: 559.7s; Iterations = 2920, grads =   5.736e-08, unitary_metric = 0.99996
Error = :4.04e-02; Runtime: 563.4s; Iterations = 2940, grads =   5.588e-08, unitary_metric = 0.99996
Error = :4.04e-02; Runtime: 567.0s; Iterations = 2960, grads =   5.421e-08, unitary_metric = 0.99996
Error = :4.04e-02; Runtime: 570.6s; Iterations = 2980, grads =   8.450e-08, unitary_metric = 0.99996
Error = :4.04e-02; Runtime: 574.2s; Iterations = 3000, grads =   2.843e-06, unitary_metric = 0.99996
Error = :4.05e-02; Runtime: 578.1s; Iterations = 3020, grads =   8.640e-04, unitary_metric = 0.99996
Error = :4.05e-02; Runtime: 581.8s; Iterations = 3040, grads =   3.412e-04, unitary_metric = 0.99996
Error = :4.04e-02; Runtime: 585.4s; Iterations = 3060, grads =   3.484e-05, unitary_metric = 0.99996
Error = :4.04e-02; Runtime: 589.0s; Iterations = 3080, grads =   5.076e-06, unitary_metric = 0.99996
Error = :4.04e-02; Runtime: 592.6s; Iterations = 3100, grads =   1.196e-06, unitary_metric = 0.99996
Error = :4.04e-02; Runtime: 596.5s; Iterations = 3120, grads =   8.740e-08, unitary_metric = 0.99996
Error = :4.04e-02; Runtime: 600.1s; Iterations = 3140, grads =   5.974e-08, unitary_metric = 0.99996
Error = :4.04e-02; Runtime: 603.7s; Iterations = 3160, grads =   4.067e-08, unitary_metric = 0.99996
Error = :4.04e-02; Runtime: 607.3s; Iterations = 3180, grads =   4.096e-08, unitary_metric = 0.99996
Error = :4.04e-02; Runtime: 610.9s; Iterations = 3200, grads =   4.594e-08, unitary_metric = 0.99996
Error = :4.04e-02; Runtime: 614.8s; Iterations = 3220, grads =   9.008e-08, unitary_metric = 0.99996
Error = :4.04e-02; Runtime: 618.4s; Iterations = 3240, grads =   1.685e-06, unitary_metric = 0.99996
Error = :4.05e-02; Runtime: 622.0s; Iterations = 3260, grads =   3.523e-04, unitary_metric = 0.99996
Error = :4.05e-02; Runtime: 625.7s; Iterations = 3280, grads =   4.889e-04, unitary_metric = 0.99996
Error = :4.05e-02; Runtime: 629.3s; Iterations = 3300, grads =   5.702e-05, unitary_metric = 0.99996
Error = :4.05e-02; Runtime: 633.2s; Iterations = 3320, grads =   5.673e-06, unitary_metric = 0.99996
Error = :4.05e-02; Runtime: 636.8s; Iterations = 3340, grads =   4.207e-08, unitary_metric = 0.99996
Error = :4.05e-02; Runtime: 640.4s; Iterations = 3360, grads =   1.859e-07, unitary_metric = 0.99996
Error = :4.05e-02; Runtime: 644.0s; Iterations = 3380, grads =   3.278e-08, unitary_metric = 0.99996
Error = :4.05e-02; Runtime: 647.7s; Iterations = 3400, grads =   3.665e-08, unitary_metric = 0.99996
Error = :4.05e-02; Runtime: 651.7s; Iterations = 3420, grads =   3.124e-08, unitary_metric = 0.99996
Error = :4.05e-02; Runtime: 655.4s; Iterations = 3440, grads =   3.095e-08, unitary_metric = 0.99996
Error = :4.05e-02; Runtime: 659.1s; Iterations = 3460, grads =   3.160e-08, unitary_metric = 0.99996
Error = :4.05e-02; Runtime: 662.7s; Iterations = 3480, grads =   6.842e-08, unitary_metric = 0.99996
Error = :4.05e-02; Runtime: 666.4s; Iterations = 3500, grads =   1.005e-05, unitary_metric = 0.99996
Error = :4.07e-02; Runtime: 670.4s; Iterations = 3520, grads =   1.930e-03, unitary_metric = 0.99996
Error = :4.05e-02; Runtime: 674.0s; Iterations = 3540, grads =   2.058e-04, unitary_metric = 0.99996
Error = :4.05e-02; Runtime: 677.5s; Iterations = 3560, grads =   1.733e-05, unitary_metric = 0.99996
Error = :4.05e-02; Runtime: 681.1s; Iterations = 3580, grads =   9.469e-07, unitary_metric = 0.99996
Error = :4.05e-02; Runtime: 684.6s; Iterations = 3600, grads =   1.923e-07, unitary_metric = 0.99996
Error = :4.05e-02; Runtime: 688.5s; Iterations = 3620, grads =   8.398e-08, unitary_metric = 0.99996
Error = :4.05e-02; Runtime: 692.0s; Iterations = 3640, grads =   3.073e-08, unitary_metric = 0.99996
Error = :4.05e-02; Runtime: 695.5s; Iterations = 3660, grads =   2.704e-08, unitary_metric = 0.99996
Error = :4.05e-02; Runtime: 699.0s; Iterations = 3680, grads =   2.676e-08, unitary_metric = 0.99996
Error = :4.05e-02; Runtime: 702.5s; Iterations = 3700, grads =   2.609e-08, unitary_metric = 0.99996
Error = :4.05e-02; Runtime: 706.3s; Iterations = 3720, grads =   2.600e-08, unitary_metric = 0.99996
Error = :4.05e-02; Runtime: 710.2s; Iterations = 3740, grads =   2.584e-08, unitary_metric = 0.99996
Error = :4.05e-02; Runtime: 714.1s; Iterations = 3760, grads =   3.225e-08, unitary_metric = 0.99996
Error = :4.06e-02; Runtime: 718.1s; Iterations = 3780, grads =   8.933e-07, unitary_metric = 0.99996
Error = :4.06e-02; Runtime: 721.9s; Iterations = 3800, grads =   4.918e-04, unitary_metric = 0.99996
Error = :4.06e-02; Runtime: 726.2s; Iterations = 3820, grads =   1.653e-04, unitary_metric = 0.99996
Error = :4.06e-02; Runtime: 730.0s; Iterations = 3840, grads =   3.937e-06, unitary_metric = 0.99996
Error = :4.06e-02; Runtime: 733.8s; Iterations = 3860, grads =   4.268e-06, unitary_metric = 0.99996
Error = :4.06e-02; Runtime: 737.4s; Iterations = 3880, grads =   7.227e-07, unitary_metric = 0.99996
Error = :4.06e-02; Runtime: 741.1s; Iterations = 3900, grads =   1.062e-07, unitary_metric = 0.99996
Error = :4.06e-02; Runtime: 745.4s; Iterations = 3920, grads =   2.609e-08, unitary_metric = 0.99996
Error = :4.06e-02; Runtime: 749.4s; Iterations = 3940, grads =   2.578e-08, unitary_metric = 0.99996
Error = :4.06e-02; Runtime: 753.4s; Iterations = 3960, grads =   2.467e-08, unitary_metric = 0.99996
Error = :4.06e-02; Runtime: 757.2s; Iterations = 3980, grads =   2.519e-08, unitary_metric = 0.99996
Error = :4.06e-02; Runtime: 761.2s; Iterations = 4000, grads =   2.572e-08, unitary_metric = 0.99996
Error = :4.06e-02; Runtime: 765.4s; Iterations = 4020, grads =   2.423e-08, unitary_metric = 0.99996
Error = :4.06e-02; Runtime: 769.2s; Iterations = 4040, grads =   2.601e-08, unitary_metric = 0.99996
Error = :4.06e-02; Runtime: 772.8s; Iterations = 4060, grads =   2.447e-08, unitary_metric = 0.99996
Error = :4.06e-02; Runtime: 776.5s; Iterations = 4080, grads =   2.722e-07, unitary_metric = 0.99996
Error = :4.06e-02; Runtime: 780.1s; Iterations = 4100, grads =   1.475e-04, unitary_metric = 0.99996
Error = :4.07e-02; Runtime: 784.1s; Iterations = 4120, grads =   5.076e-04, unitary_metric = 0.99996
Error = :4.06e-02; Runtime: 787.7s; Iterations = 4140, grads =   1.323e-05, unitary_metric = 0.99996
Error = :4.06e-02; Runtime: 791.3s; Iterations = 4160, grads =   3.168e-06, unitary_metric = 0.99996
Error = :4.06e-02; Runtime: 795.0s; Iterations = 4180, grads =   1.002e-06, unitary_metric = 0.99996
Error = :4.06e-02; Runtime: 798.6s; Iterations = 4200, grads =   1.375e-07, unitary_metric = 0.99996
Error = :4.07e-02; Runtime: 802.5s; Iterations = 4220, grads =   4.433e-08, unitary_metric = 0.99996
Error = :4.07e-02; Runtime: 806.1s; Iterations = 4240, grads =   3.549e-08, unitary_metric = 0.99996
Error = :4.07e-02; Runtime: 809.7s; Iterations = 4260, grads =   3.878e-08, unitary_metric = 0.99996
Error = :4.07e-02; Runtime: 813.4s; Iterations = 4280, grads =   4.400e-08, unitary_metric = 0.99996
Error = :4.07e-02; Runtime: 817.0s; Iterations = 4300, grads =   4.961e-08, unitary_metric = 0.99996
Error = :4.08e-02; Runtime: 820.9s; Iterations = 4320, grads =   5.527e-08, unitary_metric = 0.99996
Error = :4.08e-02; Runtime: 824.5s; Iterations = 4340, grads =   5.867e-08, unitary_metric = 0.99996
Error = :4.08e-02; Runtime: 828.2s; Iterations = 4360, grads =   6.344e-08, unitary_metric = 0.99996
Error = :4.08e-02; Runtime: 831.8s; Iterations = 4380, grads =   7.322e-08, unitary_metric = 0.99996
Error = :4.08e-02; Runtime: 835.4s; Iterations = 4400, grads =   3.949e-07, unitary_metric = 0.99996
Error = :4.08e-02; Runtime: 839.3s; Iterations = 4420, grads =   8.588e-05, unitary_metric = 0.99996
Error = :4.08e-02; Runtime: 843.0s; Iterations = 4440, grads =   1.892e-04, unitary_metric = 0.99996
Error = :4.08e-02; Runtime: 846.6s; Iterations = 4460, grads =   3.804e-05, unitary_metric = 0.99996
Error = :4.08e-02; Runtime: 850.2s; Iterations = 4480, grads =   5.654e-06, unitary_metric = 0.99996
Error = :4.08e-02; Runtime: 854.0s; Iterations = 4500, grads =   7.770e-07, unitary_metric = 0.99996
Error = :4.08e-02; Runtime: 858.2s; Iterations = 4520, grads =   1.057e-07, unitary_metric = 0.99996
Error = :4.08e-02; Runtime: 862.0s; Iterations = 4540, grads =   6.892e-08, unitary_metric = 0.99996
Error = :4.08e-02; Runtime: 865.9s; Iterations = 4560, grads =   6.639e-08, unitary_metric = 0.99996
Error = :4.08e-02; Runtime: 869.7s; Iterations = 4580, grads =   6.106e-08, unitary_metric = 0.99996
Error = :4.08e-02; Runtime: 873.6s; Iterations = 4600, grads =   5.883e-08, unitary_metric = 0.99996
Error = :4.08e-02; Runtime: 877.8s; Iterations = 4620, grads =   5.613e-08, unitary_metric = 0.99996
Error = :4.08e-02; Runtime: 881.6s; Iterations = 4640, grads =   5.587e-08, unitary_metric = 0.99996
Error = :4.08e-02; Runtime: 885.2s; Iterations = 4660, grads =   1.181e-07, unitary_metric = 0.99996
Error = :4.08e-02; Runtime: 888.8s; Iterations = 4680, grads =   5.578e-06, unitary_metric = 0.99996
Error = :4.09e-02; Runtime: 892.8s; Iterations = 4700, grads =   7.109e-04, unitary_metric = 0.99996
Error = :4.08e-02; Runtime: 897.0s; Iterations = 4720, grads =   3.172e-05, unitary_metric = 0.99996
Error = :4.08e-02; Runtime: 901.0s; Iterations = 4740, grads =   2.636e-06, unitary_metric = 0.99996
Error = :4.08e-02; Runtime: 904.9s; Iterations = 4760, grads =   4.548e-08, unitary_metric = 0.99996
Error = :4.08e-02; Runtime: 909.3s; Iterations = 4780, grads =   1.637e-07, unitary_metric = 0.99996
Error = :4.08e-02; Runtime: 913.8s; Iterations = 4800, grads =   5.112e-08, unitary_metric = 0.99996
Error = :4.08e-02; Runtime: 918.0s; Iterations = 4820, grads =   4.331e-08, unitary_metric = 0.99996
Error = :4.08e-02; Runtime: 921.8s; Iterations = 4840, grads =   3.952e-08, unitary_metric = 0.99996
Error = :4.08e-02; Runtime: 925.6s; Iterations = 4860, grads =   3.924e-08, unitary_metric = 0.99996
Error = :4.08e-02; Runtime: 929.4s; Iterations = 4880, grads =   3.683e-08, unitary_metric = 0.99996
Error = :4.08e-02; Runtime: 933.1s; Iterations = 4900, grads =   4.329e-08, unitary_metric = 0.99996
Error = :4.08e-02; Runtime: 937.1s; Iterations = 4920, grads =   3.397e-07, unitary_metric = 0.99996
Error = :4.08e-02; Runtime: 940.8s; Iterations = 4940, grads =   7.571e-05, unitary_metric = 0.99996
Error = :4.08e-02; Runtime: 944.8s; Iterations = 4960, grads =   1.529e-04, unitary_metric = 0.99996
Error = :4.07e-02; Runtime: 948.7s; Iterations = 4980, grads =   2.450e-05, unitary_metric = 0.99996
Error = :4.07e-02; Runtime: 952.7s; Iterations = 5000, grads =   3.440e-06, unitary_metric = 0.99996
Error = :4.07e-02; Runtime: 957.7s; Iterations = 5020, grads =   3.699e-07, unitary_metric = 0.99996
Error = :4.07e-02; Runtime: 962.4s; Iterations = 5040, grads =   3.428e-08, unitary_metric = 0.99996
Error = :4.07e-02; Runtime: 966.5s; Iterations = 5060, grads =   3.957e-08, unitary_metric = 0.99996
Error = :4.07e-02; Runtime: 970.5s; Iterations = 5080, grads =   2.972e-08, unitary_metric = 0.99996
Error = :4.07e-02; Runtime: 974.2s; Iterations = 5100, grads =   2.925e-08, unitary_metric = 0.99996
Error = :4.07e-02; Runtime: 978.4s; Iterations = 5120, grads =   2.880e-08, unitary_metric = 0.99996
Error = :4.07e-02; Runtime: 982.1s; Iterations = 5140, grads =   2.893e-08, unitary_metric = 0.99996
Error = :4.07e-02; Runtime: 985.8s; Iterations = 5160, grads =   3.297e-08, unitary_metric = 0.99996
Error = :4.07e-02; Runtime: 989.8s; Iterations = 5180, grads =   6.876e-08, unitary_metric = 0.99996
Error = :4.07e-02; Runtime: 993.6s; Iterations = 5200, grads =   5.434e-06, unitary_metric = 0.99996
Error = :4.08e-02; Runtime: 998.0s; Iterations = 5220, grads =   5.279e-04, unitary_metric = 0.99996
Error = :4.07e-02; Runtime: 1001.9s; Iterations = 5240, grads =   5.845e-05, unitary_metric = 0.99996
Error = :4.07e-02; Runtime: 1005.8s; Iterations = 5260, grads =   7.409e-06, unitary_metric = 0.99996
Error = :4.07e-02; Runtime: 1009.6s; Iterations = 5280, grads =   9.822e-07, unitary_metric = 0.99996
Error = :4.07e-02; Runtime: 1013.3s; Iterations = 5300, grads =   1.130e-07, unitary_metric = 0.99996
Error = :4.07e-02; Runtime: 1017.4s; Iterations = 5320, grads =   2.819e-08, unitary_metric = 0.99996
Error = :4.07e-02; Runtime: 1021.0s; Iterations = 5340, grads =   2.891e-08, unitary_metric = 0.99996
Error = :4.07e-02; Runtime: 1024.6s; Iterations = 5360, grads =   2.709e-08, unitary_metric = 0.99996
Error = :4.07e-02; Runtime: 1028.3s; Iterations = 5380, grads =   2.688e-08, unitary_metric = 0.99996
Error = :4.08e-02; Runtime: 1031.9s; Iterations = 5400, grads =   2.659e-08, unitary_metric = 0.99996
Error = :4.08e-02; Runtime: 1035.9s; Iterations = 5420, grads =   2.733e-08, unitary_metric = 0.99996
Error = :4.08e-02; Runtime: 1039.5s; Iterations = 5440, grads =   3.044e-08, unitary_metric = 0.99996
Error = :4.08e-02; Runtime: 1043.1s; Iterations = 5460, grads =   3.365e-07, unitary_metric = 0.99996
Error = :4.08e-02; Runtime: 1046.7s; Iterations = 5480, grads =   9.386e-05, unitary_metric = 0.99996
Error = :4.08e-02; Runtime: 1050.4s; Iterations = 5500, grads =   1.390e-04, unitary_metric = 0.99996
Error = :4.08e-02; Runtime: 1054.3s; Iterations = 5520, grads =   1.552e-05, unitary_metric = 0.99996
Error = :4.08e-02; Runtime: 1057.9s; Iterations = 5540, grads =   1.739e-06, unitary_metric = 0.99996
Error = :4.08e-02; Runtime: 1061.5s; Iterations = 5560, grads =   2.847e-07, unitary_metric = 0.99996
Error = :4.08e-02; Runtime: 1065.2s; Iterations = 5580, grads =   5.858e-08, unitary_metric = 0.99996
Error = :4.08e-02; Runtime: 1068.8s; Iterations = 5600, grads =   2.400e-08, unitary_metric = 0.99996
Error = :4.08e-02; Runtime: 1072.7s; Iterations = 5620, grads =   2.405e-08, unitary_metric = 0.99996
Error = :4.08e-02; Runtime: 1076.4s; Iterations = 5640, grads =   2.333e-08, unitary_metric = 0.99996
Error = :4.08e-02; Runtime: 1080.0s; Iterations = 5660, grads =   2.399e-08, unitary_metric = 0.99996
Error = :4.08e-02; Runtime: 1083.6s; Iterations = 5680, grads =   2.403e-08, unitary_metric = 0.99996
Error = :4.08e-02; Runtime: 1087.2s; Iterations = 5700, grads =   2.303e-08, unitary_metric = 0.99996
Error = :4.08e-02; Runtime: 1091.2s; Iterations = 5720, grads =   2.471e-08, unitary_metric = 0.99996
Error = :4.08e-02; Runtime: 1094.8s; Iterations = 5740, grads =   1.925e-07, unitary_metric = 0.99996
Error = :4.08e-02; Runtime: 1098.4s; Iterations = 5760, grads =   5.741e-05, unitary_metric = 0.99996
Error = :4.08e-02; Runtime: 1102.1s; Iterations = 5780, grads =   1.320e-04, unitary_metric = 0.99996
Error = :4.08e-02; Runtime: 1105.8s; Iterations = 5800, grads =   1.490e-05, unitary_metric = 0.99996
Error = :4.08e-02; Runtime: 1109.7s; Iterations = 5820, grads =   1.082e-06, unitary_metric = 0.99996
Error = :4.08e-02; Runtime: 1113.3s; Iterations = 5840, grads =   1.269e-07, unitary_metric = 0.99996
Error = :4.08e-02; Runtime: 1117.0s; Iterations = 5860, grads =   4.882e-08, unitary_metric = 0.99996
Error = :4.08e-02; Runtime: 1120.7s; Iterations = 5880, grads =   2.527e-08, unitary_metric = 0.99996
Error = :4.08e-02; Runtime: 1124.4s; Iterations = 5900, grads =   2.122e-08, unitary_metric = 0.99996
Error = :4.08e-02; Runtime: 1128.5s; Iterations = 5920, grads =   2.106e-08, unitary_metric = 0.99996
Error = :4.08e-02; Runtime: 1132.1s; Iterations = 5940, grads =   2.101e-08, unitary_metric = 0.99996
Error = :4.08e-02; Runtime: 1135.7s; Iterations = 5960, grads =   2.061e-08, unitary_metric = 0.99996
Error = :4.08e-02; Runtime: 1139.3s; Iterations = 5980, grads =   2.055e-08, unitary_metric = 0.99995
Error = :4.08e-02; Runtime: 1142.9s; Iterations = 6000, grads =   2.234e-08, unitary_metric = 0.99996
data saved at: /project/ftchong/qoc/pranav/00002_31_nah_slice_250.h5


trying total_time: 15.0 for unitary of size (16, 16)
data saved at: /project/ftchong/qoc/pranav/00003_31_nah_slice_250.h5
Using 7 Taylor terms and 2 Scaling & Squaring terms
Building graph:
Propagators initialized.
Operators weight initialized.
Intermediate propagation variables initialized.
Intermediate propagators initialized.
Vectors initialized.
Training loss initialized.
Optimizer initialized.
Utilities initialized.
Graph built!
Initialized
Error = :9.90e-01; Runtime: 0.5s; Iterations = 0, grads =   2.738e-03, unitary_metric = 1.00000
Error = :9.43e-01; Runtime: 6.7s; Iterations = 20, grads =   2.239e-03, unitary_metric = 1.00000
Error = :9.38e-01; Runtime: 12.0s; Iterations = 40, grads =   3.925e-04, unitary_metric = 1.00000
Error = :9.37e-01; Runtime: 17.4s; Iterations = 60, grads =   4.693e-05, unitary_metric = 1.00000
Error = :8.87e-01; Runtime: 23.2s; Iterations = 80, grads =   5.389e-04, unitary_metric = 1.00000
Error = :8.76e-01; Runtime: 29.2s; Iterations = 100, grads =   2.822e-04, unitary_metric = 1.00000
Error = :8.75e-01; Runtime: 36.4s; Iterations = 120, grads =   5.583e-05, unitary_metric = 0.99999
Error = :8.72e-01; Runtime: 43.5s; Iterations = 140, grads =   5.676e-05, unitary_metric = 1.00000
Error = :7.63e-01; Runtime: 49.5s; Iterations = 160, grads =   1.052e-03, unitary_metric = 0.99999
Error = :6.70e-01; Runtime: 55.4s; Iterations = 180, grads =   4.437e-03, unitary_metric = 0.99999
Error = :5.10e-01; Runtime: 61.7s; Iterations = 200, grads =   1.559e-02, unitary_metric = 0.99998
Error = :3.01e-01; Runtime: 68.5s; Iterations = 220, grads =   1.521e-02, unitary_metric = 0.99998
Error = :2.51e-02; Runtime: 74.5s; Iterations = 240, grads =   4.745e-02, unitary_metric = 0.99997
Error = :2.43e-03; Runtime: 80.3s; Iterations = 260, grads =   5.891e-03, unitary_metric = 0.99998
Error = :9.95e-04; Runtime: 84.0s; Iterations = 273, grads =   2.842e-04, unitary_metric = 0.99998
data saved at: /project/ftchong/qoc/pranav/00003_31_nah_slice_250.h5


trying total_time: 12.5 for unitary of size (16, 16)
data saved at: /project/ftchong/qoc/pranav/00004_31_nah_slice_250.h5
Using 7 Taylor terms and 2 Scaling & Squaring terms
Building graph:
Propagators initialized.
Operators weight initialized.
Intermediate propagation variables initialized.
Intermediate propagators initialized.
Vectors initialized.
Training loss initialized.
Optimizer initialized.
Utilities initialized.
Graph built!
Initialized
Error = :9.92e-01; Runtime: 0.5s; Iterations = 0, grads =   1.735e-03, unitary_metric = 1.00000
Error = :9.42e-01; Runtime: 6.2s; Iterations = 20, grads =   1.672e-03, unitary_metric = 1.00000
Error = :9.38e-01; Runtime: 11.0s; Iterations = 40, grads =   1.651e-04, unitary_metric = 1.00000
Error = :9.37e-01; Runtime: 15.6s; Iterations = 60, grads =   4.915e-05, unitary_metric = 1.00000
Error = :9.11e-01; Runtime: 20.4s; Iterations = 80, grads =   2.945e-04, unitary_metric = 0.99999
Error = :7.64e-01; Runtime: 25.3s; Iterations = 100, grads =   1.696e-03, unitary_metric = 0.99999
Error = :6.14e-01; Runtime: 30.4s; Iterations = 120, grads =   2.436e-03, unitary_metric = 0.99998
Error = :5.06e-01; Runtime: 35.0s; Iterations = 140, grads =   9.116e-03, unitary_metric = 0.99998
Error = :5.01e-01; Runtime: 39.7s; Iterations = 160, grads =   6.388e-04, unitary_metric = 0.99998
Error = :4.98e-01; Runtime: 44.5s; Iterations = 180, grads =   1.088e-04, unitary_metric = 0.99998
Error = :4.76e-01; Runtime: 49.1s; Iterations = 200, grads =   6.715e-04, unitary_metric = 0.99998
Error = :1.58e-01; Runtime: 54.1s; Iterations = 220, grads =   3.517e-02, unitary_metric = 0.99998
Error = :3.19e-02; Runtime: 58.8s; Iterations = 240, grads =   3.402e-03, unitary_metric = 0.99997
Error = :1.27e-02; Runtime: 63.5s; Iterations = 260, grads =   7.579e-04, unitary_metric = 0.99997
Error = :6.49e-03; Runtime: 68.1s; Iterations = 280, grads =   9.791e-05, unitary_metric = 0.99998
Error = :3.60e-03; Runtime: 72.8s; Iterations = 300, grads =   2.139e-05, unitary_metric = 0.99998
Error = :2.17e-03; Runtime: 77.9s; Iterations = 320, grads =   3.557e-06, unitary_metric = 0.99997
Error = :1.42e-03; Runtime: 82.5s; Iterations = 340, grads =   1.867e-06, unitary_metric = 0.99997
Error = :9.97e-04; Runtime: 87.2s; Iterations = 360, grads =   9.597e-07, unitary_metric = 0.99997
data saved at: /project/ftchong/qoc/pranav/00004_31_nah_slice_250.h5


trying total_time: 11.25 for unitary of size (16, 16)
data saved at: /project/ftchong/qoc/pranav/00005_31_nah_slice_250.h5
Using 7 Taylor terms and 2 Scaling & Squaring terms
Building graph:
Propagators initialized.
Operators weight initialized.
Intermediate propagation variables initialized.
Intermediate propagators initialized.
Vectors initialized.
Training loss initialized.
Optimizer initialized.
Utilities initialized.
Graph built!
Initialized
Error = :9.95e-01; Runtime: 0.4s; Iterations = 0, grads =   1.548e-03, unitary_metric = 1.00000
Error = :9.46e-01; Runtime: 5.5s; Iterations = 20, grads =   3.443e-04, unitary_metric = 0.99999
Error = :9.28e-01; Runtime: 9.9s; Iterations = 40, grads =   3.870e-04, unitary_metric = 1.00000
Error = :8.79e-01; Runtime: 14.2s; Iterations = 60, grads =   1.286e-04, unitary_metric = 0.99999
Error = :8.75e-01; Runtime: 18.6s; Iterations = 80, grads =   2.519e-04, unitary_metric = 0.99999
Error = :8.75e-01; Runtime: 23.5s; Iterations = 100, grads =   3.763e-04, unitary_metric = 0.99999
Error = :8.74e-01; Runtime: 28.7s; Iterations = 120, grads =   1.396e-04, unitary_metric = 0.99999
Error = :8.12e-01; Runtime: 33.2s; Iterations = 140, grads =   3.849e-03, unitary_metric = 0.99999
Error = :6.55e-01; Runtime: 37.6s; Iterations = 160, grads =   1.963e-03, unitary_metric = 0.99998
Error = :3.99e-01; Runtime: 42.1s; Iterations = 180, grads =   6.016e-02, unitary_metric = 0.99998
Error = :1.06e-01; Runtime: 46.4s; Iterations = 200, grads =   9.994e-03, unitary_metric = 0.99998
Error = :5.75e-02; Runtime: 51.3s; Iterations = 220, grads =   2.793e-04, unitary_metric = 0.99998
Error = :4.14e-02; Runtime: 55.6s; Iterations = 240, grads =   3.580e-04, unitary_metric = 0.99997
Error = :3.09e-02; Runtime: 60.1s; Iterations = 260, grads =   9.245e-05, unitary_metric = 0.99997
Error = :2.33e-02; Runtime: 64.6s; Iterations = 280, grads =   6.184e-04, unitary_metric = 0.99997
Error = :1.83e-02; Runtime: 69.0s; Iterations = 300, grads =   2.253e-05, unitary_metric = 0.99997
Error = :1.55e-02; Runtime: 73.7s; Iterations = 320, grads =   1.514e-03, unitary_metric = 0.99997
Error = :1.33e-02; Runtime: 78.0s; Iterations = 340, grads =   5.499e-04, unitary_metric = 0.99997
Error = :1.18e-02; Runtime: 82.2s; Iterations = 360, grads =   5.747e-04, unitary_metric = 0.99997
Error = :1.06e-02; Runtime: 86.5s; Iterations = 380, grads =   3.091e-05, unitary_metric = 0.99997
Error = :1.01e-02; Runtime: 90.7s; Iterations = 400, grads =   4.951e-03, unitary_metric = 0.99997
Error = :8.99e-03; Runtime: 95.3s; Iterations = 420, grads =   4.421e-04, unitary_metric = 0.99997
Error = :8.30e-03; Runtime: 99.8s; Iterations = 440, grads =   1.455e-04, unitary_metric = 0.99997
Error = :7.80e-03; Runtime: 104.2s; Iterations = 460, grads =   6.224e-04, unitary_metric = 0.99997
Error = :7.66e-03; Runtime: 108.7s; Iterations = 480, grads =   3.906e-03, unitary_metric = 0.99997
Error = :6.95e-03; Runtime: 113.2s; Iterations = 500, grads =   5.341e-04, unitary_metric = 0.99997
Error = :6.58e-03; Runtime: 117.9s; Iterations = 520, grads =   1.313e-04, unitary_metric = 0.99996
Error = :6.29e-03; Runtime: 122.4s; Iterations = 540, grads =   5.601e-05, unitary_metric = 0.99997
Error = :7.09e-03; Runtime: 126.6s; Iterations = 560, grads =   1.052e-02, unitary_metric = 0.99997
Error = :5.99e-03; Runtime: 130.7s; Iterations = 580, grads =   1.781e-03, unitary_metric = 0.99996
Error = :5.66e-03; Runtime: 134.9s; Iterations = 600, grads =   2.511e-04, unitary_metric = 0.99997
Error = :5.46e-03; Runtime: 139.5s; Iterations = 620, grads =   3.166e-06, unitary_metric = 0.99997
Error = :5.31e-03; Runtime: 143.7s; Iterations = 640, grads =   1.324e-04, unitary_metric = 0.99997
Error = :5.65e-03; Runtime: 147.9s; Iterations = 660, grads =   5.397e-03, unitary_metric = 0.99997
Error = :5.08e-03; Runtime: 152.1s; Iterations = 680, grads =   4.758e-04, unitary_metric = 0.99997
Error = :4.92e-03; Runtime: 156.7s; Iterations = 700, grads =   1.460e-04, unitary_metric = 0.99997
Error = :4.80e-03; Runtime: 161.5s; Iterations = 720, grads =   4.130e-05, unitary_metric = 0.99997
Error = :4.72e-03; Runtime: 166.0s; Iterations = 740, grads =   3.706e-04, unitary_metric = 0.99997
Error = :4.62e-03; Runtime: 171.1s; Iterations = 760, grads =   3.554e-04, unitary_metric = 0.99997
Error = :4.51e-03; Runtime: 176.0s; Iterations = 780, grads =   1.931e-04, unitary_metric = 0.99997
Error = :4.40e-03; Runtime: 180.4s; Iterations = 800, grads =   1.716e-05, unitary_metric = 0.99997
Error = :4.31e-03; Runtime: 185.1s; Iterations = 820, grads =   4.204e-06, unitary_metric = 0.99997
Error = :4.24e-03; Runtime: 189.3s; Iterations = 840, grads =   5.875e-05, unitary_metric = 0.99996
Error = :5.10e-03; Runtime: 193.4s; Iterations = 860, grads =   9.311e-03, unitary_metric = 0.99997
Error = :4.17e-03; Runtime: 197.6s; Iterations = 880, grads =   1.005e-03, unitary_metric = 0.99997
Error = :4.01e-03; Runtime: 201.7s; Iterations = 900, grads =   6.289e-05, unitary_metric = 0.99997
Error = :3.94e-03; Runtime: 206.6s; Iterations = 920, grads =   2.514e-05, unitary_metric = 0.99997
Error = :3.88e-03; Runtime: 211.2s; Iterations = 940, grads =   1.072e-05, unitary_metric = 0.99997
Error = :3.84e-03; Runtime: 215.7s; Iterations = 960, grads =   1.602e-04, unitary_metric = 0.99996
Error = :4.04e-03; Runtime: 220.1s; Iterations = 980, grads =   2.846e-03, unitary_metric = 0.99996
Error = :3.75e-03; Runtime: 224.5s; Iterations = 1000, grads =   1.580e-04, unitary_metric = 0.99996
Error = :3.69e-03; Runtime: 229.2s; Iterations = 1020, grads =   3.800e-05, unitary_metric = 0.99997
Error = :3.65e-03; Runtime: 233.4s; Iterations = 1040, grads =   1.618e-05, unitary_metric = 0.99997
Error = :3.61e-03; Runtime: 237.6s; Iterations = 1060, grads =   4.086e-06, unitary_metric = 0.99997
Error = :3.58e-03; Runtime: 241.8s; Iterations = 1080, grads =   6.012e-06, unitary_metric = 0.99996
Error = :3.68e-03; Runtime: 246.0s; Iterations = 1100, grads =   1.333e-03, unitary_metric = 0.99997
Error = :3.82e-03; Runtime: 250.7s; Iterations = 1120, grads =   3.121e-03, unitary_metric = 0.99996
Error = :3.50e-03; Runtime: 254.9s; Iterations = 1140, grads =   1.106e-04, unitary_metric = 0.99997
Error = :3.46e-03; Runtime: 259.1s; Iterations = 1160, grads =   5.799e-06, unitary_metric = 0.99996
Error = :3.43e-03; Runtime: 263.6s; Iterations = 1180, grads =   6.026e-06, unitary_metric = 0.99996
Error = :3.40e-03; Runtime: 268.2s; Iterations = 1200, grads =   2.386e-07, unitary_metric = 0.99996
Error = :3.37e-03; Runtime: 273.2s; Iterations = 1220, grads =   3.019e-07, unitary_metric = 0.99996
Error = :3.34e-03; Runtime: 277.8s; Iterations = 1240, grads =   1.739e-07, unitary_metric = 0.99996
Error = :3.31e-03; Runtime: 282.2s; Iterations = 1260, grads =   3.370e-07, unitary_metric = 0.99996
Error = :3.38e-03; Runtime: 286.5s; Iterations = 1280, grads =   9.153e-04, unitary_metric = 0.99996
Error = :3.27e-03; Runtime: 290.8s; Iterations = 1300, grads =   1.610e-04, unitary_metric = 0.99996
Error = :3.27e-03; Runtime: 295.4s; Iterations = 1320, grads =   3.796e-04, unitary_metric = 0.99996
Error = :3.21e-03; Runtime: 299.9s; Iterations = 1340, grads =   7.631e-05, unitary_metric = 0.99996
Error = :3.18e-03; Runtime: 304.6s; Iterations = 1360, grads =   7.851e-06, unitary_metric = 0.99996
Error = :3.15e-03; Runtime: 309.1s; Iterations = 1380, grads =   8.444e-07, unitary_metric = 0.99996
Error = :3.12e-03; Runtime: 313.9s; Iterations = 1400, grads =   2.391e-07, unitary_metric = 0.99997
Error = :3.10e-03; Runtime: 319.7s; Iterations = 1420, grads =   1.523e-07, unitary_metric = 0.99996
Error = :3.07e-03; Runtime: 324.2s; Iterations = 1440, grads =   1.400e-07, unitary_metric = 0.99997
Error = :3.04e-03; Runtime: 328.8s; Iterations = 1460, grads =   1.319e-07, unitary_metric = 0.99997
Error = :3.02e-03; Runtime: 333.4s; Iterations = 1480, grads =   1.268e-07, unitary_metric = 0.99997
Error = :2.99e-03; Runtime: 337.7s; Iterations = 1500, grads =   1.231e-07, unitary_metric = 0.99996
Error = :2.97e-03; Runtime: 342.2s; Iterations = 1520, grads =   1.187e-07, unitary_metric = 0.99996
Error = :2.94e-03; Runtime: 346.5s; Iterations = 1540, grads =   1.141e-07, unitary_metric = 0.99996
Error = :2.92e-03; Runtime: 350.8s; Iterations = 1560, grads =   3.719e-07, unitary_metric = 0.99996
Error = :2.93e-03; Runtime: 355.0s; Iterations = 1580, grads =   2.811e-04, unitary_metric = 0.99996
Error = :3.17e-03; Runtime: 359.2s; Iterations = 1600, grads =   2.907e-03, unitary_metric = 0.99996
Error = :2.87e-03; Runtime: 364.3s; Iterations = 1620, grads =   1.270e-04, unitary_metric = 0.99997
Error = :2.85e-03; Runtime: 368.9s; Iterations = 1640, grads =   5.994e-05, unitary_metric = 0.99996
Error = :2.83e-03; Runtime: 373.3s; Iterations = 1660, grads =   6.992e-06, unitary_metric = 0.99996
Error = :2.81e-03; Runtime: 377.9s; Iterations = 1680, grads =   5.158e-07, unitary_metric = 0.99996
Error = :2.79e-03; Runtime: 382.3s; Iterations = 1700, grads =   1.506e-07, unitary_metric = 0.99996
Error = :2.78e-03; Runtime: 387.0s; Iterations = 1720, grads =   1.035e-07, unitary_metric = 0.99996
Error = :2.77e-03; Runtime: 391.2s; Iterations = 1740, grads =   7.831e-08, unitary_metric = 0.99996
Error = :2.75e-03; Runtime: 395.6s; Iterations = 1760, grads =   7.613e-08, unitary_metric = 0.99996
Error = :2.74e-03; Runtime: 400.1s; Iterations = 1780, grads =   7.860e-08, unitary_metric = 0.99996
Error = :2.73e-03; Runtime: 404.6s; Iterations = 1800, grads =   1.496e-07, unitary_metric = 0.99996
Error = :2.72e-03; Runtime: 409.5s; Iterations = 1820, grads =   1.536e-05, unitary_metric = 0.99996
Error = :3.59e-03; Runtime: 413.9s; Iterations = 1840, grads =   8.703e-03, unitary_metric = 0.99996
Error = :2.79e-03; Runtime: 418.3s; Iterations = 1860, grads =   9.805e-04, unitary_metric = 0.99996
Error = :2.69e-03; Runtime: 422.7s; Iterations = 1880, grads =   5.200e-06, unitary_metric = 0.99996
Error = :2.68e-03; Runtime: 426.9s; Iterations = 1900, grads =   1.413e-05, unitary_metric = 0.99996
Error = :2.67e-03; Runtime: 431.5s; Iterations = 1920, grads =   2.554e-06, unitary_metric = 0.99996
Error = :2.66e-03; Runtime: 435.7s; Iterations = 1940, grads =   3.867e-07, unitary_metric = 0.99996
Error = :2.65e-03; Runtime: 440.0s; Iterations = 1960, grads =   9.144e-08, unitary_metric = 0.99996
Error = :2.64e-03; Runtime: 444.2s; Iterations = 1980, grads =   9.661e-08, unitary_metric = 0.99996
Error = :2.62e-03; Runtime: 449.0s; Iterations = 2000, grads =   1.033e-07, unitary_metric = 0.99996
Error = :2.61e-03; Runtime: 453.9s; Iterations = 2020, grads =   1.128e-07, unitary_metric = 0.99996
Error = :2.59e-03; Runtime: 458.5s; Iterations = 2040, grads =   1.212e-07, unitary_metric = 0.99996
Error = :2.57e-03; Runtime: 463.0s; Iterations = 2060, grads =   1.802e-07, unitary_metric = 0.99996
Error = :2.54e-03; Runtime: 467.6s; Iterations = 2080, grads =   1.397e-05, unitary_metric = 0.99997
Error = :3.24e-03; Runtime: 472.0s; Iterations = 2100, grads =   7.179e-03, unitary_metric = 0.99997
Error = :2.59e-03; Runtime: 476.6s; Iterations = 2120, grads =   9.328e-04, unitary_metric = 0.99996
Error = :2.47e-03; Runtime: 480.9s; Iterations = 2140, grads =   2.549e-06, unitary_metric = 0.99996
Error = :2.46e-03; Runtime: 485.3s; Iterations = 2160, grads =   7.773e-06, unitary_metric = 0.99996
Error = :2.43e-03; Runtime: 489.6s; Iterations = 2180, grads =   1.860e-06, unitary_metric = 0.99996
Error = :2.42e-03; Runtime: 494.2s; Iterations = 2200, grads =   2.760e-07, unitary_metric = 0.99996
Error = :2.40e-03; Runtime: 499.1s; Iterations = 2220, grads =   7.145e-08, unitary_metric = 0.99996
Error = :2.38e-03; Runtime: 503.6s; Iterations = 2240, grads =   7.214e-08, unitary_metric = 0.99996
Error = :2.37e-03; Runtime: 508.1s; Iterations = 2260, grads =   6.522e-08, unitary_metric = 0.99996
Error = :2.35e-03; Runtime: 512.6s; Iterations = 2280, grads =   6.273e-08, unitary_metric = 0.99996
Error = :2.34e-03; Runtime: 517.0s; Iterations = 2300, grads =   6.159e-08, unitary_metric = 0.99996
Error = :2.33e-03; Runtime: 521.7s; Iterations = 2320, grads =   5.848e-08, unitary_metric = 0.99996
Error = :2.31e-03; Runtime: 526.0s; Iterations = 2340, grads =   6.020e-08, unitary_metric = 0.99996
Error = :2.30e-03; Runtime: 530.7s; Iterations = 2360, grads =   3.910e-06, unitary_metric = 0.99996
Error = :3.13e-03; Runtime: 535.4s; Iterations = 2380, grads =   8.473e-03, unitary_metric = 0.99996
Error = :2.29e-03; Runtime: 539.9s; Iterations = 2400, grads =   1.778e-04, unitary_metric = 0.99996
Error = :2.27e-03; Runtime: 544.9s; Iterations = 2420, grads =   5.587e-05, unitary_metric = 0.99996
Error = :2.26e-03; Runtime: 549.3s; Iterations = 2440, grads =   1.562e-05, unitary_metric = 0.99996
Error = :2.25e-03; Runtime: 553.8s; Iterations = 2460, grads =   2.301e-06, unitary_metric = 0.99996
Error = :2.23e-03; Runtime: 558.4s; Iterations = 2480, grads =   4.974e-08, unitary_metric = 0.99996
Error = :2.22e-03; Runtime: 562.9s; Iterations = 2500, grads =   8.441e-08, unitary_metric = 0.99996
Error = :2.21e-03; Runtime: 567.9s; Iterations = 2520, grads =   4.617e-08, unitary_metric = 0.99996
Error = :2.20e-03; Runtime: 572.3s; Iterations = 2540, grads =   4.398e-08, unitary_metric = 0.99996
Error = :2.19e-03; Runtime: 576.7s; Iterations = 2560, grads =   4.301e-08, unitary_metric = 0.99996
Error = :2.18e-03; Runtime: 580.9s; Iterations = 2580, grads =   4.215e-08, unitary_metric = 0.99996
Error = :2.17e-03; Runtime: 585.1s; Iterations = 2600, grads =   4.144e-08, unitary_metric = 0.99996
Error = :2.16e-03; Runtime: 589.7s; Iterations = 2620, grads =   4.055e-08, unitary_metric = 0.99996
Error = :2.15e-03; Runtime: 593.9s; Iterations = 2640, grads =   3.972e-08, unitary_metric = 0.99996
Error = :2.15e-03; Runtime: 598.1s; Iterations = 2660, grads =   3.944e-08, unitary_metric = 0.99996
Error = :2.14e-03; Runtime: 602.3s; Iterations = 2680, grads =   3.946e-08, unitary_metric = 0.99996
Error = :2.13e-03; Runtime: 607.0s; Iterations = 2700, grads =   6.737e-08, unitary_metric = 0.99996
Error = :2.12e-03; Runtime: 611.7s; Iterations = 2720, grads =   5.040e-06, unitary_metric = 0.99996
Error = :2.39e-03; Runtime: 616.2s; Iterations = 2740, grads =   2.884e-03, unitary_metric = 0.99996
Error = :2.12e-03; Runtime: 620.7s; Iterations = 2760, grads =   1.553e-04, unitary_metric = 0.99996
Error = :2.11e-03; Runtime: 625.1s; Iterations = 2780, grads =   9.319e-05, unitary_metric = 0.99996
Error = :2.09e-03; Runtime: 629.5s; Iterations = 2800, grads =   9.161e-06, unitary_metric = 0.99996
Error = :2.08e-03; Runtime: 634.2s; Iterations = 2820, grads =   9.268e-07, unitary_metric = 0.99996
Error = :2.08e-03; Runtime: 638.4s; Iterations = 2840, grads =   2.235e-07, unitary_metric = 0.99996
Error = :2.07e-03; Runtime: 642.7s; Iterations = 2860, grads =   5.733e-08, unitary_metric = 0.99996
Error = :2.06e-03; Runtime: 647.0s; Iterations = 2880, grads =   3.258e-08, unitary_metric = 0.99996
Error = :2.06e-03; Runtime: 651.5s; Iterations = 2900, grads =   3.263e-08, unitary_metric = 0.99996
Error = :2.05e-03; Runtime: 656.5s; Iterations = 2920, grads =   3.152e-08, unitary_metric = 0.99996
Error = :2.04e-03; Runtime: 660.9s; Iterations = 2940, grads =   3.169e-08, unitary_metric = 0.99996
Error = :2.04e-03; Runtime: 665.4s; Iterations = 2960, grads =   3.128e-08, unitary_metric = 0.99996
Error = :2.03e-03; Runtime: 669.8s; Iterations = 2980, grads =   3.100e-08, unitary_metric = 0.99996
Error = :2.02e-03; Runtime: 674.5s; Iterations = 3000, grads =   1.904e-07, unitary_metric = 0.99996
Error = :2.04e-03; Runtime: 679.5s; Iterations = 3020, grads =   1.855e-04, unitary_metric = 0.99996
Error = :2.19e-03; Runtime: 684.0s; Iterations = 3040, grads =   1.722e-03, unitary_metric = 0.99996
Error = :2.01e-03; Runtime: 688.9s; Iterations = 3060, grads =   1.172e-05, unitary_metric = 0.99996
Error = :2.01e-03; Runtime: 694.2s; Iterations = 3080, grads =   2.496e-05, unitary_metric = 0.99996
Error = :2.00e-03; Runtime: 698.6s; Iterations = 3100, grads =   1.358e-06, unitary_metric = 0.99996
Error = :2.00e-03; Runtime: 703.6s; Iterations = 3120, grads =   4.614e-07, unitary_metric = 0.99996
Error = :2.00e-03; Runtime: 708.1s; Iterations = 3140, grads =   4.662e-08, unitary_metric = 0.99996
Error = :1.99e-03; Runtime: 713.2s; Iterations = 3160, grads =   2.956e-08, unitary_metric = 0.99996
Error = :1.99e-03; Runtime: 717.8s; Iterations = 3180, grads =   2.960e-08, unitary_metric = 0.99996
Error = :1.98e-03; Runtime: 722.4s; Iterations = 3200, grads =   3.036e-08, unitary_metric = 0.99996
Error = :1.98e-03; Runtime: 727.5s; Iterations = 3220, grads =   2.996e-08, unitary_metric = 0.99996
Error = :1.98e-03; Runtime: 732.0s; Iterations = 3240, grads =   3.052e-08, unitary_metric = 0.99996
Error = :1.97e-03; Runtime: 736.5s; Iterations = 3260, grads =   3.126e-08, unitary_metric = 0.99996
Error = :1.97e-03; Runtime: 741.1s; Iterations = 3280, grads =   3.176e-08, unitary_metric = 0.99996
Error = :1.97e-03; Runtime: 745.9s; Iterations = 3300, grads =   3.376e-08, unitary_metric = 0.99996
Error = :1.97e-03; Runtime: 751.8s; Iterations = 3320, grads =   3.354e-08, unitary_metric = 0.99996
Error = :1.96e-03; Runtime: 757.2s; Iterations = 3340, grads =   3.696e-08, unitary_metric = 0.99996
Error = :1.96e-03; Runtime: 761.9s; Iterations = 3360, grads =   1.555e-06, unitary_metric = 0.99996
Error = :2.15e-03; Runtime: 766.2s; Iterations = 3380, grads =   1.977e-03, unitary_metric = 0.99996
Error = :1.99e-03; Runtime: 770.4s; Iterations = 3400, grads =   4.173e-04, unitary_metric = 0.99996
Error = :1.95e-03; Runtime: 775.4s; Iterations = 3420, grads =   1.337e-05, unitary_metric = 0.99996
Error = :1.94e-03; Runtime: 779.9s; Iterations = 3440, grads =   1.136e-05, unitary_metric = 0.99996
Error = :1.94e-03; Runtime: 784.4s; Iterations = 3460, grads =   2.339e-07, unitary_metric = 0.99996
Error = :1.93e-03; Runtime: 788.9s; Iterations = 3480, grads =   1.044e-07, unitary_metric = 0.99996
Error = :1.92e-03; Runtime: 793.4s; Iterations = 3500, grads =   6.235e-08, unitary_metric = 0.99996
Error = :1.92e-03; Runtime: 798.2s; Iterations = 3520, grads =   3.940e-08, unitary_metric = 0.99996
Error = :1.91e-03; Runtime: 802.5s; Iterations = 3540, grads =   3.460e-08, unitary_metric = 0.99996
Error = :1.90e-03; Runtime: 806.8s; Iterations = 3560, grads =   3.403e-08, unitary_metric = 0.99996
Error = :1.90e-03; Runtime: 811.0s; Iterations = 3580, grads =   3.262e-08, unitary_metric = 0.99996
Error = :1.89e-03; Runtime: 815.2s; Iterations = 3600, grads =   3.163e-08, unitary_metric = 0.99996
Error = :1.88e-03; Runtime: 819.8s; Iterations = 3620, grads =   3.090e-08, unitary_metric = 0.99996
Error = :1.87e-03; Runtime: 824.0s; Iterations = 3640, grads =   3.080e-08, unitary_metric = 0.99996
Error = :1.87e-03; Runtime: 828.2s; Iterations = 3660, grads =   3.034e-08, unitary_metric = 0.99996
Error = :1.86e-03; Runtime: 832.5s; Iterations = 3680, grads =   3.034e-08, unitary_metric = 0.99996
Error = :1.85e-03; Runtime: 836.8s; Iterations = 3700, grads =   1.409e-07, unitary_metric = 0.99996
Error = :1.85e-03; Runtime: 841.5s; Iterations = 3720, grads =   6.525e-05, unitary_metric = 0.99996
Error = :1.85e-03; Runtime: 845.9s; Iterations = 3740, grads =   9.658e-05, unitary_metric = 0.99996
Error = :1.85e-03; Runtime: 850.1s; Iterations = 3760, grads =   1.405e-04, unitary_metric = 0.99996
Error = :1.83e-03; Runtime: 854.3s; Iterations = 3780, grads =   6.110e-06, unitary_metric = 0.99996
Error = :1.83e-03; Runtime: 858.5s; Iterations = 3800, grads =   3.427e-07, unitary_metric = 0.99996
Error = :1.82e-03; Runtime: 863.2s; Iterations = 3820, grads =   1.717e-07, unitary_metric = 0.99996
Error = :1.81e-03; Runtime: 867.4s; Iterations = 3840, grads =   4.258e-08, unitary_metric = 0.99996
Error = :1.81e-03; Runtime: 871.6s; Iterations = 3860, grads =   2.501e-08, unitary_metric = 0.99996
Error = :1.80e-03; Runtime: 875.8s; Iterations = 3880, grads =   2.314e-08, unitary_metric = 0.99996
Error = :1.80e-03; Runtime: 880.1s; Iterations = 3900, grads =   2.296e-08, unitary_metric = 0.99996
Error = :1.79e-03; Runtime: 884.7s; Iterations = 3920, grads =   2.235e-08, unitary_metric = 0.99996
Error = :1.79e-03; Runtime: 888.8s; Iterations = 3940, grads =   2.245e-08, unitary_metric = 0.99996
Error = :1.78e-03; Runtime: 893.4s; Iterations = 3960, grads =   2.224e-08, unitary_metric = 0.99996
Error = :1.78e-03; Runtime: 898.0s; Iterations = 3980, grads =   2.154e-08, unitary_metric = 0.99996
Error = :1.77e-03; Runtime: 902.5s; Iterations = 4000, grads =   3.694e-08, unitary_metric = 0.99996
Error = :1.77e-03; Runtime: 907.4s; Iterations = 4020, grads =   1.198e-06, unitary_metric = 0.99996
Error = :1.81e-03; Runtime: 911.9s; Iterations = 4040, grads =   5.075e-04, unitary_metric = 0.99996
Error = :1.78e-03; Runtime: 916.3s; Iterations = 4060, grads =   2.326e-04, unitary_metric = 0.99996
Error = :1.75e-03; Runtime: 920.8s; Iterations = 4080, grads =   3.874e-06, unitary_metric = 0.99996
Error = :1.75e-03; Runtime: 925.0s; Iterations = 4100, grads =   5.072e-07, unitary_metric = 0.99996
Error = :1.74e-03; Runtime: 930.0s; Iterations = 4120, grads =   8.229e-08, unitary_metric = 0.99996
Error = :1.74e-03; Runtime: 934.4s; Iterations = 4140, grads =   2.735e-08, unitary_metric = 0.99996
Error = :1.73e-03; Runtime: 938.9s; Iterations = 4160, grads =   3.107e-08, unitary_metric = 0.99996
Error = :1.73e-03; Runtime: 943.4s; Iterations = 4180, grads =   1.897e-08, unitary_metric = 0.99996
Error = :1.72e-03; Runtime: 947.9s; Iterations = 4200, grads =   1.903e-08, unitary_metric = 0.99996
Error = :1.72e-03; Runtime: 952.9s; Iterations = 4220, grads =   1.849e-08, unitary_metric = 0.99996
Error = :1.72e-03; Runtime: 957.6s; Iterations = 4240, grads =   1.807e-08, unitary_metric = 0.99996
Error = :1.71e-03; Runtime: 962.1s; Iterations = 4260, grads =   1.807e-08, unitary_metric = 0.99996
Error = :1.71e-03; Runtime: 967.1s; Iterations = 4280, grads =   1.903e-08, unitary_metric = 0.99996
Error = :1.70e-03; Runtime: 972.4s; Iterations = 4300, grads =   7.309e-08, unitary_metric = 0.99996
Error = :1.70e-03; Runtime: 977.6s; Iterations = 4320, grads =   2.198e-05, unitary_metric = 0.99996
Error = :1.73e-03; Runtime: 982.2s; Iterations = 4340, grads =   3.051e-04, unitary_metric = 0.99996
Error = :1.69e-03; Runtime: 986.4s; Iterations = 4360, grads =   8.391e-06, unitary_metric = 0.99996
Error = :1.69e-03; Runtime: 990.9s; Iterations = 4380, grads =   1.467e-05, unitary_metric = 0.99996
Error = :1.68e-03; Runtime: 995.4s; Iterations = 4400, grads =   1.690e-06, unitary_metric = 0.99996
Error = :1.68e-03; Runtime: 1000.5s; Iterations = 4420, grads =   1.767e-07, unitary_metric = 0.99996
Error = :1.67e-03; Runtime: 1005.7s; Iterations = 4440, grads =   4.138e-08, unitary_metric = 0.99996
Error = :1.67e-03; Runtime: 1010.8s; Iterations = 4460, grads =   1.967e-08, unitary_metric = 0.99996
Error = :1.67e-03; Runtime: 1015.3s; Iterations = 4480, grads =   1.626e-08, unitary_metric = 0.99996
Error = :1.66e-03; Runtime: 1019.7s; Iterations = 4500, grads =   1.589e-08, unitary_metric = 0.99996
Error = :1.66e-03; Runtime: 1024.3s; Iterations = 4520, grads =   1.569e-08, unitary_metric = 0.99996
Error = :1.65e-03; Runtime: 1028.6s; Iterations = 4540, grads =   1.612e-08, unitary_metric = 0.99996
Error = :1.65e-03; Runtime: 1032.9s; Iterations = 4560, grads =   1.704e-08, unitary_metric = 0.99996
Error = :1.65e-03; Runtime: 1037.3s; Iterations = 4580, grads =   1.589e-08, unitary_metric = 0.99996
Error = :1.64e-03; Runtime: 1042.1s; Iterations = 4600, grads =   3.501e-08, unitary_metric = 0.99996
Error = :1.64e-03; Runtime: 1047.0s; Iterations = 4620, grads =   1.953e-06, unitary_metric = 0.99996
Error = :1.70e-03; Runtime: 1051.7s; Iterations = 4640, grads =   6.729e-04, unitary_metric = 0.99996
Error = :1.63e-03; Runtime: 1056.3s; Iterations = 4660, grads =   1.269e-06, unitary_metric = 0.99996
Error = :1.63e-03; Runtime: 1060.7s; Iterations = 4680, grads =   3.706e-06, unitary_metric = 0.99996
Error = :1.63e-03; Runtime: 1065.1s; Iterations = 4700, grads =   1.203e-06, unitary_metric = 0.99996
Error = :1.62e-03; Runtime: 1069.8s; Iterations = 4720, grads =   9.550e-08, unitary_metric = 0.99996
Error = :1.62e-03; Runtime: 1074.1s; Iterations = 4740, grads =   1.537e-08, unitary_metric = 0.99996
Error = :1.61e-03; Runtime: 1078.4s; Iterations = 4760, grads =   2.048e-08, unitary_metric = 0.99996
Error = :1.61e-03; Runtime: 1082.6s; Iterations = 4780, grads =   1.401e-08, unitary_metric = 0.99996
Error = :1.61e-03; Runtime: 1087.1s; Iterations = 4800, grads =   1.410e-08, unitary_metric = 0.99996
Error = :1.61e-03; Runtime: 1092.1s; Iterations = 4820, grads =   1.385e-08, unitary_metric = 0.99996
Error = :1.60e-03; Runtime: 1096.5s; Iterations = 4840, grads =   1.375e-08, unitary_metric = 0.99996
Error = :1.60e-03; Runtime: 1101.0s; Iterations = 4860, grads =   1.392e-08, unitary_metric = 0.99996
Error = :1.60e-03; Runtime: 1105.3s; Iterations = 4880, grads =   1.403e-08, unitary_metric = 0.99996
Error = :1.59e-03; Runtime: 1109.7s; Iterations = 4900, grads =   1.262e-07, unitary_metric = 0.99996
Error = :1.60e-03; Runtime: 1114.3s; Iterations = 4920, grads =   5.169e-05, unitary_metric = 0.99996
Error = :1.61e-03; Runtime: 1118.5s; Iterations = 4940, grads =   1.884e-04, unitary_metric = 0.99996
Error = :1.59e-03; Runtime: 1122.8s; Iterations = 4960, grads =   5.510e-05, unitary_metric = 0.99996
Error = :1.58e-03; Runtime: 1127.1s; Iterations = 4980, grads =   1.300e-06, unitary_metric = 0.99996
Error = :1.58e-03; Runtime: 1131.3s; Iterations = 5000, grads =   8.448e-08, unitary_metric = 0.99996
Error = :1.58e-03; Runtime: 1135.9s; Iterations = 5020, grads =   4.210e-08, unitary_metric = 0.99996
Error = :1.57e-03; Runtime: 1140.6s; Iterations = 5040, grads =   1.586e-08, unitary_metric = 0.99996
Error = :1.57e-03; Runtime: 1145.6s; Iterations = 5060, grads =   1.246e-08, unitary_metric = 0.99996
Error = :1.57e-03; Runtime: 1151.2s; Iterations = 5080, grads =   1.352e-08, unitary_metric = 0.99996
Error = :1.57e-03; Runtime: 1156.5s; Iterations = 5100, grads =   1.230e-08, unitary_metric = 0.99996
Error = :1.56e-03; Runtime: 1161.4s; Iterations = 5120, grads =   1.262e-08, unitary_metric = 0.99996
Error = :1.56e-03; Runtime: 1165.8s; Iterations = 5140, grads =   1.207e-08, unitary_metric = 0.99996
Error = :1.55e-03; Runtime: 1170.5s; Iterations = 5160, grads =   1.232e-08, unitary_metric = 0.99996
Error = :1.55e-03; Runtime: 1175.0s; Iterations = 5180, grads =   1.215e-08, unitary_metric = 0.99996
Error = :1.55e-03; Runtime: 1179.5s; Iterations = 5200, grads =   1.393e-08, unitary_metric = 0.99996
Error = :1.55e-03; Runtime: 1184.4s; Iterations = 5220, grads =   8.906e-08, unitary_metric = 0.99996
Error = :1.55e-03; Runtime: 1189.0s; Iterations = 5240, grads =   2.369e-05, unitary_metric = 0.99996
Error = :1.54e-03; Runtime: 1193.3s; Iterations = 5260, grads =   3.456e-06, unitary_metric = 0.99996
Error = :1.54e-03; Runtime: 1197.6s; Iterations = 5280, grads =   1.207e-05, unitary_metric = 0.99996
Error = :1.54e-03; Runtime: 1201.9s; Iterations = 5300, grads =   5.639e-06, unitary_metric = 0.99996
Error = :1.53e-03; Runtime: 1206.6s; Iterations = 5320, grads =   8.374e-07, unitary_metric = 0.99996
Error = :1.53e-03; Runtime: 1210.9s; Iterations = 5340, grads =   1.213e-07, unitary_metric = 0.99996
Error = :1.53e-03; Runtime: 1215.2s; Iterations = 5360, grads =   2.340e-08, unitary_metric = 0.99996
Error = :1.53e-03; Runtime: 1219.4s; Iterations = 5380, grads =   1.141e-08, unitary_metric = 0.99996
Error = :1.53e-03; Runtime: 1223.7s; Iterations = 5400, grads =   1.134e-08, unitary_metric = 0.99996
Error = :1.52e-03; Runtime: 1228.3s; Iterations = 5420, grads =   1.143e-08, unitary_metric = 0.99996
Error = :1.52e-03; Runtime: 1232.6s; Iterations = 5440, grads =   1.138e-08, unitary_metric = 0.99996
Error = :1.52e-03; Runtime: 1236.9s; Iterations = 5460, grads =   1.109e-08, unitary_metric = 0.99996
Error = :1.52e-03; Runtime: 1241.1s; Iterations = 5480, grads =   1.128e-08, unitary_metric = 0.99996
Error = :1.52e-03; Runtime: 1245.3s; Iterations = 5500, grads =   2.363e-08, unitary_metric = 0.99996
Error = :1.51e-03; Runtime: 1249.8s; Iterations = 5520, grads =   1.399e-07, unitary_metric = 0.99996
Error = :1.51e-03; Runtime: 1253.9s; Iterations = 5540, grads =   2.537e-05, unitary_metric = 0.99996
Error = :1.51e-03; Runtime: 1258.1s; Iterations = 5560, grads =   6.031e-07, unitary_metric = 0.99996
Error = :1.51e-03; Runtime: 1262.2s; Iterations = 5580, grads =   1.689e-06, unitary_metric = 0.99996
Error = :1.50e-03; Runtime: 1266.4s; Iterations = 5600, grads =   8.881e-07, unitary_metric = 0.99996
Error = :1.50e-03; Runtime: 1270.8s; Iterations = 5620, grads =   7.097e-08, unitary_metric = 0.99996
Error = :1.50e-03; Runtime: 1275.0s; Iterations = 5640, grads =   1.607e-08, unitary_metric = 0.99996
Error = :1.50e-03; Runtime: 1279.1s; Iterations = 5660, grads =   2.258e-08, unitary_metric = 0.99996
Error = :1.50e-03; Runtime: 1283.3s; Iterations = 5680, grads =   1.095e-08, unitary_metric = 0.99996
Error = :1.50e-03; Runtime: 1287.4s; Iterations = 5700, grads =   1.071e-08, unitary_metric = 0.99996
Error = :1.49e-03; Runtime: 1292.3s; Iterations = 5720, grads =   1.272e-08, unitary_metric = 0.99996
Error = :1.49e-03; Runtime: 1296.7s; Iterations = 5740, grads =   1.149e-08, unitary_metric = 0.99996
Error = :1.49e-03; Runtime: 1301.2s; Iterations = 5760, grads =   1.682e-08, unitary_metric = 0.99996
Error = :1.49e-03; Runtime: 1305.5s; Iterations = 5780, grads =   1.485e-08, unitary_metric = 0.99996
Error = :1.49e-03; Runtime: 1309.8s; Iterations = 5800, grads =   1.633e-07, unitary_metric = 0.99996
Error = :1.49e-03; Runtime: 1314.5s; Iterations = 5820, grads =   3.648e-05, unitary_metric = 0.99996
Error = :1.49e-03; Runtime: 1318.9s; Iterations = 5840, grads =   4.301e-05, unitary_metric = 0.99996
Error = :1.49e-03; Runtime: 1323.3s; Iterations = 5860, grads =   8.126e-06, unitary_metric = 0.99996
Error = :1.49e-03; Runtime: 1327.6s; Iterations = 5880, grads =   1.331e-06, unitary_metric = 0.99996
Error = :1.48e-03; Runtime: 1332.0s; Iterations = 5900, grads =   6.642e-08, unitary_metric = 0.99996
Error = :1.48e-03; Runtime: 1336.8s; Iterations = 5920, grads =   1.899e-08, unitary_metric = 0.99996
Error = :1.48e-03; Runtime: 1341.1s; Iterations = 5940, grads =   1.710e-08, unitary_metric = 0.99996
Error = :1.48e-03; Runtime: 1345.2s; Iterations = 5960, grads =   1.218e-08, unitary_metric = 0.99996
Error = :1.48e-03; Runtime: 1349.3s; Iterations = 5980, grads =   1.189e-08, unitary_metric = 0.99996
Error = :1.48e-03; Runtime: 1354.0s; Iterations = 6000, grads =   1.197e-08, unitary_metric = 0.99996
data saved at: /project/ftchong/qoc/pranav/00005_31_nah_slice_250.h5


trying total_time: 11.85 for unitary of size (16, 16)
data saved at: /project/ftchong/qoc/pranav/00006_31_nah_slice_250.h5
Using 7 Taylor terms and 2 Scaling & Squaring terms
Building graph:
Propagators initialized.
Operators weight initialized.
Intermediate propagation variables initialized.
Intermediate propagators initialized.
Vectors initialized.
Training loss initialized.
Optimizer initialized.
Utilities initialized.
Graph built!
Initialized
Error = :9.93e-01; Runtime: 0.4s; Iterations = 0, grads =   1.178e-03, unitary_metric = 1.00001
Error = :9.52e-01; Runtime: 5.9s; Iterations = 20, grads =   1.538e-03, unitary_metric = 1.00000
Error = :9.39e-01; Runtime: 10.6s; Iterations = 40, grads =   1.118e-04, unitary_metric = 1.00000
Error = :9.38e-01; Runtime: 15.1s; Iterations = 60, grads =   2.434e-05, unitary_metric = 1.00000
Error = :9.37e-01; Runtime: 19.5s; Iterations = 80, grads =   5.259e-06, unitary_metric = 1.00000
Error = :9.37e-01; Runtime: 24.0s; Iterations = 100, grads =   2.121e-06, unitary_metric = 1.00000
Error = :9.19e-01; Runtime: 28.7s; Iterations = 120, grads =   2.630e-04, unitary_metric = 0.99999
Error = :8.77e-01; Runtime: 33.2s; Iterations = 140, grads =   1.441e-03, unitary_metric = 1.00000
Error = :8.75e-01; Runtime: 37.6s; Iterations = 160, grads =   2.441e-04, unitary_metric = 0.99999
Error = :8.75e-01; Runtime: 42.1s; Iterations = 180, grads =   1.255e-05, unitary_metric = 1.00000
Error = :8.75e-01; Runtime: 46.5s; Iterations = 200, grads =   5.389e-07, unitary_metric = 1.00000
Error = :8.75e-01; Runtime: 51.3s; Iterations = 220, grads =   1.749e-05, unitary_metric = 0.99999
Error = :8.36e-01; Runtime: 55.7s; Iterations = 240, grads =   6.423e-04, unitary_metric = 0.99999
Error = :7.38e-01; Runtime: 60.2s; Iterations = 260, grads =   5.206e-03, unitary_metric = 0.99998
Error = :5.57e-01; Runtime: 64.6s; Iterations = 280, grads =   4.939e-03, unitary_metric = 0.99998
Error = :4.93e-01; Runtime: 69.1s; Iterations = 300, grads =   2.702e-03, unitary_metric = 0.99998
Error = :4.18e-01; Runtime: 73.8s; Iterations = 320, grads =   1.155e-02, unitary_metric = 0.99998
Error = :1.80e-01; Runtime: 78.4s; Iterations = 340, grads =   2.562e-03, unitary_metric = 0.99998
Error = :9.93e-02; Runtime: 83.4s; Iterations = 360, grads =   1.870e-03, unitary_metric = 0.99997
Error = :5.16e-02; Runtime: 88.1s; Iterations = 380, grads =   5.402e-03, unitary_metric = 0.99997
Error = :2.68e-02; Runtime: 92.9s; Iterations = 400, grads =   8.124e-04, unitary_metric = 0.99997
Error = :1.53e-02; Runtime: 98.2s; Iterations = 420, grads =   7.979e-05, unitary_metric = 0.99997
Error = :9.73e-03; Runtime: 102.9s; Iterations = 440, grads =   2.297e-03, unitary_metric = 0.99996
Error = :6.37e-03; Runtime: 107.4s; Iterations = 460, grads =   8.548e-04, unitary_metric = 0.99997
Error = :4.43e-03; Runtime: 111.8s; Iterations = 480, grads =   2.183e-04, unitary_metric = 0.99996
Error = :3.93e-03; Runtime: 116.2s; Iterations = 500, grads =   7.082e-03, unitary_metric = 0.99997
Error = :2.59e-03; Runtime: 120.9s; Iterations = 520, grads =   1.357e-03, unitary_metric = 0.99996
Error = :1.94e-03; Runtime: 125.4s; Iterations = 540, grads =   2.659e-04, unitary_metric = 0.99996
Error = :1.57e-03; Runtime: 130.1s; Iterations = 560, grads =   4.906e-04, unitary_metric = 0.99996
Error = :1.88e-03; Runtime: 134.8s; Iterations = 580, grads =   6.687e-03, unitary_metric = 0.99996
Error = :1.12e-03; Runtime: 139.5s; Iterations = 600, grads =   1.248e-03, unitary_metric = 0.99997
Error = :9.96e-04; Runtime: 141.2s; Iterations = 605, grads =   3.221e-04, unitary_metric = 0.99996
data saved at: /project/ftchong/qoc/pranav/00006_31_nah_slice_250.h5


trying total_time: 11.55 for unitary of size (16, 16)
data saved at: /project/ftchong/qoc/pranav/00007_31_nah_slice_250.h5
Using 7 Taylor terms and 2 Scaling & Squaring terms
Building graph:
Propagators initialized.
Operators weight initialized.
Intermediate propagation variables initialized.
Intermediate propagators initialized.
Vectors initialized.
Training loss initialized.
Optimizer initialized.
Utilities initialized.
Graph built!
Initialized
Error = :9.99e-01; Runtime: 0.4s; Iterations = 0, grads =   3.930e-04, unitary_metric = 1.00001
Error = :9.43e-01; Runtime: 5.7s; Iterations = 20, grads =   1.754e-03, unitary_metric = 1.00000
Error = :9.39e-01; Runtime: 10.1s; Iterations = 40, grads =   3.065e-04, unitary_metric = 1.00000
Error = :9.36e-01; Runtime: 14.4s; Iterations = 60, grads =   4.691e-05, unitary_metric = 1.00000
Error = :8.84e-01; Runtime: 18.7s; Iterations = 80, grads =   6.955e-03, unitary_metric = 0.99999
Error = :8.75e-01; Runtime: 23.0s; Iterations = 100, grads =   4.203e-04, unitary_metric = 0.99999
Error = :8.60e-01; Runtime: 27.6s; Iterations = 120, grads =   2.185e-04, unitary_metric = 0.99999
Error = :5.45e-01; Runtime: 32.0s; Iterations = 140, grads =   2.667e-02, unitary_metric = 0.99998
Error = :5.05e-01; Runtime: 36.4s; Iterations = 160, grads =   2.602e-03, unitary_metric = 0.99999
Error = :5.01e-01; Runtime: 40.8s; Iterations = 180, grads =   2.113e-04, unitary_metric = 0.99998
Error = :5.00e-01; Runtime: 45.2s; Iterations = 200, grads =   4.731e-05, unitary_metric = 0.99999
Error = :5.00e-01; Runtime: 49.8s; Iterations = 220, grads =   4.714e-06, unitary_metric = 0.99998
Error = :5.00e-01; Runtime: 54.0s; Iterations = 240, grads =   2.225e-05, unitary_metric = 0.99999
Error = :5.00e-01; Runtime: 58.1s; Iterations = 260, grads =   1.694e-05, unitary_metric = 0.99998
Error = :5.00e-01; Runtime: 62.3s; Iterations = 280, grads =   9.682e-05, unitary_metric = 0.99998
Error = :5.00e-01; Runtime: 66.4s; Iterations = 300, grads =   6.833e-06, unitary_metric = 0.99998
Error = :5.00e-01; Runtime: 70.8s; Iterations = 320, grads =   2.510e-06, unitary_metric = 0.99998
Error = :4.99e-01; Runtime: 74.9s; Iterations = 340, grads =   2.262e-06, unitary_metric = 0.99998
Error = :4.98e-01; Runtime: 79.0s; Iterations = 360, grads =   1.143e-05, unitary_metric = 0.99999
Error = :4.75e-01; Runtime: 83.1s; Iterations = 380, grads =   5.413e-04, unitary_metric = 0.99998
Error = :4.12e-02; Runtime: 87.2s; Iterations = 400, grads =   9.507e-02, unitary_metric = 0.99998
Error = :1.17e-02; Runtime: 91.7s; Iterations = 420, grads =   3.921e-02, unitary_metric = 0.99998
Error = :1.56e-03; Runtime: 95.8s; Iterations = 440, grads =   3.097e-03, unitary_metric = 0.99998
Error = :9.82e-04; Runtime: 96.9s; Iterations = 445, grads =   9.663e-04, unitary_metric = 0.99997
data saved at: /project/ftchong/qoc/pranav/00007_31_nah_slice_250.h5


trying total_time: 40.0 for unitary of size (16, 16)
data saved at: /project/ftchong/qoc/pranav/00008_31_nah_slice_250.h5
Using 5 Taylor terms and 4 Scaling & Squaring terms
Building graph:
Propagators initialized.
Operators weight initialized.
Intermediate propagation variables initialized.
Intermediate propagators initialized.
Vectors initialized.
Training loss initialized.
Optimizer initialized.
Utilities initialized.
Graph built!
Initialized
Error = :1.43e-01; Runtime: 1.3s; Iterations = 0, grads =   9.736e+00, unitary_metric = 1.00025
Error = :3.88e-01; Runtime: 18.5s; Iterations = 20, grads =   1.848e+01, unitary_metric = 1.00027
Error = :3.28e-02; Runtime: 33.4s; Iterations = 40, grads =   2.541e+00, unitary_metric = 1.00027
Error = :8.42e-03; Runtime: 48.3s; Iterations = 60, grads =   6.764e-01, unitary_metric = 1.00027
Error = :6.79e-04; Runtime: 53.5s; Iterations = 67, grads =   6.449e-02, unitary_metric = 1.00026
data saved at: /project/ftchong/qoc/pranav/00008_31_nah_slice_250.h5


trying total_time: 20.0 for unitary of size (16, 16)
data saved at: /project/ftchong/qoc/pranav/00009_31_nah_slice_250.h5
Using 7 Taylor terms and 2 Scaling & Squaring terms
Building graph:
Propagators initialized.
Operators weight initialized.
Intermediate propagation variables initialized.
Intermediate propagators initialized.
Vectors initialized.
Training loss initialized.
Optimizer initialized.
Utilities initialized.
Graph built!
Initialized
Error = :1.01e-01; Runtime: 0.7s; Iterations = 0, grads =   3.681e+00, unitary_metric = 1.00000
Error = :2.90e-01; Runtime: 9.1s; Iterations = 20, grads =   7.639e+00, unitary_metric = 1.00002
Error = :3.05e-02; Runtime: 16.4s; Iterations = 40, grads =   1.190e+00, unitary_metric = 1.00001
Error = :1.30e-03; Runtime: 23.6s; Iterations = 60, grads =   4.501e-02, unitary_metric = 1.00001
Error = :6.61e-04; Runtime: 28.0s; Iterations = 72, grads =   2.663e-02, unitary_metric = 1.00001
data saved at: /project/ftchong/qoc/pranav/00009_31_nah_slice_250.h5


trying total_time: 10.0 for unitary of size (16, 16)
data saved at: /project/ftchong/qoc/pranav/00010_31_nah_slice_250.h5
Using 7 Taylor terms and 2 Scaling & Squaring terms
Building graph:
Propagators initialized.
Operators weight initialized.
Intermediate propagation variables initialized.
Intermediate propagators initialized.
Vectors initialized.
Training loss initialized.
Optimizer initialized.
Utilities initialized.
Graph built!
Initialized
Error = :3.77e-02; Runtime: 0.4s; Iterations = 0, grads =   6.617e-01, unitary_metric = 1.00000
Error = :8.56e-03; Runtime: 4.5s; Iterations = 20, grads =   1.769e-01, unitary_metric = 1.00000
Error = :2.62e-03; Runtime: 8.0s; Iterations = 40, grads =   5.609e-02, unitary_metric = 1.00000
Error = :8.04e-04; Runtime: 9.6s; Iterations = 49, grads =   1.700e-02, unitary_metric = 1.00000
data saved at: /project/ftchong/qoc/pranav/00010_31_nah_slice_250.h5


trying total_time: 5.0 for unitary of size (16, 16)
data saved at: /project/ftchong/qoc/pranav/00011_31_nah_slice_250.h5
Using 7 Taylor terms and 2 Scaling & Squaring terms
Building graph:
Propagators initialized.
Operators weight initialized.
Intermediate propagation variables initialized.
Intermediate propagators initialized.
Vectors initialized.
Training loss initialized.
Optimizer initialized.
Utilities initialized.
Graph built!
Initialized
Error = :1.36e-01; Runtime: 0.3s; Iterations = 0, grads =   1.209e+00, unitary_metric = 1.00000
Error = :9.23e-03; Runtime: 2.4s; Iterations = 20, grads =   9.865e-02, unitary_metric = 1.00000
Error = :1.37e-03; Runtime: 4.2s; Iterations = 40, grads =   1.460e-02, unitary_metric = 1.00000
Error = :8.43e-04; Runtime: 4.5s; Iterations = 43, grads =   9.146e-03, unitary_metric = 1.00000
data saved at: /project/ftchong/qoc/pranav/00011_31_nah_slice_250.h5


trying total_time: 2.5 for unitary of size (16, 16)
data saved at: /project/ftchong/qoc/pranav/00012_31_nah_slice_250.h5
Using 8 Taylor terms and 1 Scaling & Squaring terms
Building graph:
Propagators initialized.
Operators weight initialized.
Intermediate propagation variables initialized.
Intermediate propagators initialized.
Vectors initialized.
Training loss initialized.
Optimizer initialized.
Utilities initialized.
Graph built!
Initialized
Error = :1.33e-01; Runtime: 0.1s; Iterations = 0, grads =   5.918e-01, unitary_metric = 1.00000
Error = :9.71e-04; Runtime: 1.1s; Iterations = 17, grads =   4.543e-03, unitary_metric = 1.00000
data saved at: /project/ftchong/qoc/pranav/00012_31_nah_slice_250.h5


trying total_time: 1.25 for unitary of size (16, 16)
data saved at: /project/ftchong/qoc/pranav/00013_31_nah_slice_250.h5
Using 6 Taylor terms and 2 Scaling & Squaring terms
Building graph:
Propagators initialized.
Operators weight initialized.
Intermediate propagation variables initialized.
Intermediate propagators initialized.
Vectors initialized.
Training loss initialized.
Optimizer initialized.
Utilities initialized.
Graph built!
Initialized
Error = :2.35e-01; Runtime: 0.1s; Iterations = 0, grads =   4.313e-01, unitary_metric = 1.00000
Error = :4.58e-03; Runtime: 0.7s; Iterations = 20, grads =   1.204e-02, unitary_metric = 1.00000
Error = :1.46e-03; Runtime: 1.1s; Iterations = 40, grads =   3.776e-03, unitary_metric = 1.00000
Error = :6.35e-04; Runtime: 1.2s; Iterations = 42, grads =   1.617e-03, unitary_metric = 1.00000
data saved at: /project/ftchong/qoc/pranav/00013_31_nah_slice_250.h5


trying total_time: 0.6 for unitary of size (16, 16)
data saved at: /project/ftchong/qoc/pranav/00014_31_nah_slice_250.h5
Using 6 Taylor terms and 2 Scaling & Squaring terms
Building graph:
Propagators initialized.
Operators weight initialized.
Intermediate propagation variables initialized.
Intermediate propagators initialized.
Vectors initialized.
Training loss initialized.
Optimizer initialized.
Utilities initialized.
Graph built!
Initialized
Error = :3.79e-01; Runtime: 0.1s; Iterations = 0, grads =   2.464e-01, unitary_metric = 1.00000
Error = :1.14e-02; Runtime: 0.4s; Iterations = 20, grads =   1.404e-02, unitary_metric = 1.00000
Error = :3.87e-03; Runtime: 0.6s; Iterations = 40, grads =   4.762e-03, unitary_metric = 1.00000
Error = :7.88e-04; Runtime: 0.7s; Iterations = 45, grads =   9.260e-04, unitary_metric = 1.00000
data saved at: /project/ftchong/qoc/pranav/00014_31_nah_slice_250.h5


trying total_time: 0.3 for unitary of size (16, 16)
data saved at: /project/ftchong/qoc/pranav/00015_31_nah_slice_250.h5
Using 7 Taylor terms and 1 Scaling & Squaring terms
Building graph:
Propagators initialized.
Operators weight initialized.
Intermediate propagation variables initialized.
Intermediate propagators initialized.
Vectors initialized.
Training loss initialized.
Optimizer initialized.
Utilities initialized.
Graph built!
Initialized
Error = :2.25e-01; Runtime: 0.1s; Iterations = 0, grads =   8.746e-02, unitary_metric = 1.00000
Error = :1.87e-02; Runtime: 0.3s; Iterations = 20, grads =   1.009e-02, unitary_metric = 1.00000
Error = :9.97e-04; Runtime: 0.4s; Iterations = 38, grads =   5.951e-04, unitary_metric = 1.00000
data saved at: /project/ftchong/qoc/pranav/00015_31_nah_slice_250.h5




[11.55, 0.3]
TIME FOR SLICE IS:
11.55
