Running Block:  81


trying total_time: 10.0 for unitary of size (4, 4)
data saved at: /project/ftchong/qoc/pranav/00000_29_lih_slice_81.h5
Using 6 Taylor terms and 1 Scaling & Squaring terms
Building graph:
Propagators initialized.
Operators weight initialized.
Intermediate propagation variables initialized.
Intermediate propagators initialized.
Vectors initialized.
Training loss initialized.
Optimizer initialized.
Utilities initialized.
Graph built!
Initialized
Error = :9.14e-02; Runtime: 0.3s; Iterations = 0, grads =   1.811e+00, unitary_metric = 1.00000
Error = :2.40e-02; Runtime: 2.1s; Iterations = 20, grads =   5.153e-01, unitary_metric = 1.00000
Error = :8.96e-04; Runtime: 2.3s; Iterations = 23, grads =   1.603e-02, unitary_metric = 1.00000
data saved at: /project/ftchong/qoc/pranav/00000_29_lih_slice_81.h5


trying total_time: 5.0 for unitary of size (4, 4)
data saved at: /project/ftchong/qoc/pranav/00001_29_lih_slice_81.h5
Using 6 Taylor terms and 1 Scaling & Squaring terms
Building graph:
Propagators initialized.
Operators weight initialized.
Intermediate propagation variables initialized.
Intermediate propagators initialized.
Vectors initialized.
Training loss initialized.
Optimizer initialized.
Utilities initialized.
Graph built!
Initialized
Error = :1.54e-02; Runtime: 0.1s; Iterations = 0, grads =   1.435e-01, unitary_metric = 1.00000
Error = :7.67e-04; Runtime: 0.7s; Iterations = 7, grads =   4.541e-03, unitary_metric = 1.00000
data saved at: /project/ftchong/qoc/pranav/00001_29_lih_slice_81.h5


trying total_time: 2.5 for unitary of size (4, 4)
data saved at: /project/ftchong/qoc/pranav/00002_29_lih_slice_81.h5
Using 6 Taylor terms and 1 Scaling & Squaring terms
Building graph:
Propagators initialized.
Operators weight initialized.
Intermediate propagation variables initialized.
Intermediate propagators initialized.
Vectors initialized.
Training loss initialized.
Optimizer initialized.
Utilities initialized.
Graph built!
Initialized
Error = :4.40e-02; Runtime: 0.1s; Iterations = 0, grads =   2.193e-01, unitary_metric = 1.00000
Error = :7.27e-04; Runtime: 0.5s; Iterations = 16, grads =   3.273e-03, unitary_metric = 1.00000
data saved at: /project/ftchong/qoc/pranav/00002_29_lih_slice_81.h5


trying total_time: 1.25 for unitary of size (4, 4)
data saved at: /project/ftchong/qoc/pranav/00003_29_lih_slice_81.h5
Using 6 Taylor terms and 1 Scaling & Squaring terms
Building graph:
Propagators initialized.
Operators weight initialized.
Intermediate propagation variables initialized.
Intermediate propagators initialized.
Vectors initialized.
Training loss initialized.
Optimizer initialized.
Utilities initialized.
Graph built!
Initialized
Error = :2.32e-01; Runtime: 0.1s; Iterations = 0, grads =   4.398e-01, unitary_metric = 1.00000
Error = :1.83e-03; Runtime: 0.3s; Iterations = 20, grads =   4.704e-03, unitary_metric = 1.00000
Error = :8.55e-04; Runtime: 0.5s; Iterations = 34, grads =   2.235e-03, unitary_metric = 1.00000
data saved at: /project/ftchong/qoc/pranav/00003_29_lih_slice_81.h5


trying total_time: 0.6 for unitary of size (4, 4)
data saved at: /project/ftchong/qoc/pranav/00004_29_lih_slice_81.h5
Using 7 Taylor terms and 0 Scaling & Squaring terms
Building graph:
Propagators initialized.
Operators weight initialized.
Intermediate propagation variables initialized.
Intermediate propagators initialized.
Vectors initialized.
Training loss initialized.
Optimizer initialized.
Utilities initialized.
Graph built!
Initialized
Error = :6.51e-02; Runtime: 0.0s; Iterations = 0, grads =   7.269e-02, unitary_metric = 1.00000
Error = :6.26e-04; Runtime: 0.2s; Iterations = 9, grads =   7.050e-04, unitary_metric = 1.00000
data saved at: /project/ftchong/qoc/pranav/00004_29_lih_slice_81.h5


trying total_time: 0.3 for unitary of size (4, 4)
data saved at: /project/ftchong/qoc/pranav/00005_29_lih_slice_81.h5
Using 5 Taylor terms and 1 Scaling & Squaring terms
Building graph:
Propagators initialized.
Operators weight initialized.
Intermediate propagation variables initialized.
Intermediate propagators initialized.
Vectors initialized.
Training loss initialized.
Optimizer initialized.
Utilities initialized.
Graph built!
Initialized
Error = :1.09e-01; Runtime: 0.0s; Iterations = 0, grads =   5.488e-02, unitary_metric = 1.00000
Error = :8.03e-03; Runtime: 0.2s; Iterations = 20, grads =   4.690e-03, unitary_metric = 1.00000
Error = :7.33e-04; Runtime: 0.3s; Iterations = 27, grads =   4.215e-04, unitary_metric = 1.00000
data saved at: /project/ftchong/qoc/pranav/00005_29_lih_slice_81.h5


trying total_time: 40.0 for unitary of size (16, 16)
data saved at: /project/ftchong/qoc/pranav/00006_29_lih_slice_81.h5
Using 5 Taylor terms and 4 Scaling & Squaring terms
Building graph:
Propagators initialized.
Operators weight initialized.
Intermediate propagation variables initialized.
Intermediate propagators initialized.
Vectors initialized.
Training loss initialized.
Optimizer initialized.
Utilities initialized.
Graph built!
Initialized
Error = :7.75e-01; Runtime: 1.4s; Iterations = 0, grads =   5.024e-01, unitary_metric = 1.00030
Error = :6.69e-01; Runtime: 17.7s; Iterations = 20, grads =   2.120e+00, unitary_metric = 1.00030
Error = :3.78e-02; Runtime: 31.7s; Iterations = 40, grads =   8.994e-01, unitary_metric = 1.00022
Error = :5.82e-03; Runtime: 45.7s; Iterations = 60, grads =   2.135e-01, unitary_metric = 1.00021
Error = :9.97e-04; Runtime: 55.6s; Iterations = 74, grads =   2.299e-02, unitary_metric = 1.00021
data saved at: /project/ftchong/qoc/pranav/00006_29_lih_slice_81.h5


trying total_time: 20.0 for unitary of size (16, 16)
data saved at: /project/ftchong/qoc/pranav/00007_29_lih_slice_81.h5
Using 7 Taylor terms and 2 Scaling & Squaring terms
Building graph:
Propagators initialized.
Operators weight initialized.
Intermediate propagation variables initialized.
Intermediate propagators initialized.
Vectors initialized.
Training loss initialized.
Optimizer initialized.
Utilities initialized.
Graph built!
Initialized
Error = :7.94e-01; Runtime: 0.7s; Iterations = 0, grads =   4.572e-01, unitary_metric = 1.00001
Error = :5.23e-01; Runtime: 8.6s; Iterations = 20, grads =   4.208e-01, unitary_metric = 1.00001
Error = :1.93e-02; Runtime: 15.5s; Iterations = 40, grads =   2.537e-01, unitary_metric = 1.00000
Error = :2.39e-03; Runtime: 22.4s; Iterations = 60, grads =   3.502e-02, unitary_metric = 0.99999
Error = :4.35e-04; Runtime: 25.8s; Iterations = 70, grads =   4.120e-03, unitary_metric = 1.00000
data saved at: /project/ftchong/qoc/pranav/00007_29_lih_slice_81.h5


trying total_time: 10.0 for unitary of size (16, 16)
data saved at: /project/ftchong/qoc/pranav/00008_29_lih_slice_81.h5
Using 7 Taylor terms and 2 Scaling & Squaring terms
Building graph:
Propagators initialized.
Operators weight initialized.
Intermediate propagation variables initialized.
Intermediate propagators initialized.
Vectors initialized.
Training loss initialized.
Optimizer initialized.
Utilities initialized.
Graph built!
Initialized
Error = :7.54e-01; Runtime: 0.3s; Iterations = 0, grads =   2.126e-02, unitary_metric = 1.00000
Error = :5.15e-01; Runtime: 4.3s; Iterations = 20, grads =   6.618e-02, unitary_metric = 1.00000
Error = :3.38e-01; Runtime: 7.7s; Iterations = 40, grads =   4.143e-02, unitary_metric = 1.00000
Error = :8.92e-03; Runtime: 11.0s; Iterations = 60, grads =   7.028e-03, unitary_metric = 0.99999
Error = :6.36e-04; Runtime: 13.9s; Iterations = 77, grads =   1.318e-03, unitary_metric = 1.00000
data saved at: /project/ftchong/qoc/pranav/00008_29_lih_slice_81.h5


trying total_time: 5.0 for unitary of size (16, 16)
data saved at: /project/ftchong/qoc/pranav/00009_29_lih_slice_81.h5
Using 7 Taylor terms and 2 Scaling & Squaring terms
Building graph:
Propagators initialized.
Operators weight initialized.
Intermediate propagation variables initialized.
Intermediate propagators initialized.
Vectors initialized.
Training loss initialized.
Optimizer initialized.
Utilities initialized.
Graph built!
Initialized
Error = :7.82e-01; Runtime: 0.2s; Iterations = 0, grads =   5.757e-02, unitary_metric = 1.00000
Error = :5.31e-01; Runtime: 2.2s; Iterations = 20, grads =   3.434e-02, unitary_metric = 1.00000
Error = :4.97e-01; Runtime: 3.8s; Iterations = 40, grads =   4.241e-03, unitary_metric = 1.00000
Error = :3.68e-01; Runtime: 5.5s; Iterations = 60, grads =   7.048e-03, unitary_metric = 1.00000
Error = :4.74e-02; Runtime: 7.2s; Iterations = 80, grads =   1.042e-03, unitary_metric = 0.99999
Error = :1.15e-03; Runtime: 8.8s; Iterations = 100, grads =   6.312e-05, unitary_metric = 0.99999
Error = :9.19e-04; Runtime: 9.1s; Iterations = 101, grads =   5.165e-05, unitary_metric = 0.99999
data saved at: /project/ftchong/qoc/pranav/00009_29_lih_slice_81.h5


trying total_time: 2.5 for unitary of size (16, 16)
data saved at: /project/ftchong/qoc/pranav/00010_29_lih_slice_81.h5
Using 8 Taylor terms and 1 Scaling & Squaring terms
Building graph:
Propagators initialized.
Operators weight initialized.
Intermediate propagation variables initialized.
Intermediate propagators initialized.
Vectors initialized.
Training loss initialized.
Optimizer initialized.
Utilities initialized.
Graph built!
Initialized
Error = :7.95e-01; Runtime: 0.1s; Iterations = 0, grads =   4.868e-02, unitary_metric = 1.00000
Error = :6.10e-01; Runtime: 1.2s; Iterations = 20, grads =   1.053e-02, unitary_metric = 1.00000
Error = :5.20e-01; Runtime: 2.0s; Iterations = 40, grads =   1.295e-03, unitary_metric = 1.00000
Error = :4.87e-01; Runtime: 2.9s; Iterations = 60, grads =   2.600e-04, unitary_metric = 1.00000
Error = :4.16e-01; Runtime: 3.7s; Iterations = 80, grads =   1.483e-03, unitary_metric = 1.00000
Error = :2.68e-01; Runtime: 4.6s; Iterations = 100, grads =   1.150e-03, unitary_metric = 1.00000
Error = :1.92e-01; Runtime: 5.6s; Iterations = 120, grads =   2.797e-04, unitary_metric = 1.00000
Error = :1.68e-01; Runtime: 6.4s; Iterations = 140, grads =   1.361e-04, unitary_metric = 1.00000
Error = :1.59e-01; Runtime: 7.3s; Iterations = 160, grads =   7.718e-05, unitary_metric = 1.00000
Error = :1.54e-01; Runtime: 8.1s; Iterations = 180, grads =   4.673e-05, unitary_metric = 1.00000
Error = :1.51e-01; Runtime: 9.0s; Iterations = 200, grads =   2.923e-05, unitary_metric = 1.00000
Error = :1.50e-01; Runtime: 9.9s; Iterations = 220, grads =   1.939e-05, unitary_metric = 1.00000
Error = :1.49e-01; Runtime: 10.8s; Iterations = 240, grads =   1.357e-05, unitary_metric = 1.00000
Error = :1.48e-01; Runtime: 11.6s; Iterations = 260, grads =   9.875e-06, unitary_metric = 1.00000
Error = :1.48e-01; Runtime: 12.5s; Iterations = 280, grads =   7.465e-06, unitary_metric = 1.00000
Error = :1.48e-01; Runtime: 13.3s; Iterations = 300, grads =   6.103e-06, unitary_metric = 1.00000
Error = :1.48e-01; Runtime: 14.4s; Iterations = 320, grads =   6.055e-06, unitary_metric = 1.00000
Error = :1.47e-01; Runtime: 15.2s; Iterations = 340, grads =   7.445e-06, unitary_metric = 1.00000
Error = :1.47e-01; Runtime: 16.1s; Iterations = 360, grads =   8.788e-06, unitary_metric = 1.00000
Error = :1.46e-01; Runtime: 16.9s; Iterations = 380, grads =   7.925e-06, unitary_metric = 1.00000
Error = :1.46e-01; Runtime: 17.8s; Iterations = 400, grads =   5.526e-06, unitary_metric = 1.00000
Error = :1.45e-01; Runtime: 18.7s; Iterations = 420, grads =   3.662e-06, unitary_metric = 1.00000
Error = :1.45e-01; Runtime: 19.6s; Iterations = 440, grads =   2.711e-06, unitary_metric = 1.00000
Error = :1.45e-01; Runtime: 20.4s; Iterations = 460, grads =   2.389e-06, unitary_metric = 1.00000
Error = :1.45e-01; Runtime: 21.3s; Iterations = 480, grads =   2.515e-06, unitary_metric = 1.00000
Error = :1.45e-01; Runtime: 22.1s; Iterations = 500, grads =   2.353e-05, unitary_metric = 1.00000
Error = :1.45e-01; Runtime: 23.1s; Iterations = 520, grads =   1.253e-04, unitary_metric = 1.00000
Error = :1.45e-01; Runtime: 23.9s; Iterations = 540, grads =   1.758e-05, unitary_metric = 1.00000
Error = :1.45e-01; Runtime: 24.8s; Iterations = 560, grads =   4.135e-06, unitary_metric = 1.00000
Error = :1.45e-01; Runtime: 25.6s; Iterations = 580, grads =   3.129e-06, unitary_metric = 1.00000
Error = :1.45e-01; Runtime: 26.5s; Iterations = 600, grads =   2.246e-06, unitary_metric = 1.00000
Error = :1.44e-01; Runtime: 27.5s; Iterations = 620, grads =   1.484e-06, unitary_metric = 1.00000
Error = :1.44e-01; Runtime: 28.3s; Iterations = 640, grads =   9.784e-07, unitary_metric = 1.00000
Error = :1.44e-01; Runtime: 29.2s; Iterations = 660, grads =   7.035e-07, unitary_metric = 1.00000
Error = :1.44e-01; Runtime: 30.0s; Iterations = 680, grads =   5.399e-07, unitary_metric = 1.00000
Error = :1.44e-01; Runtime: 30.9s; Iterations = 700, grads =   3.874e-07, unitary_metric = 1.00000
Error = :1.44e-01; Runtime: 31.8s; Iterations = 720, grads =   3.080e-07, unitary_metric = 1.00000
Error = :1.44e-01; Runtime: 32.7s; Iterations = 740, grads =   2.518e-07, unitary_metric = 1.00000
Error = :1.44e-01; Runtime: 33.5s; Iterations = 760, grads =   2.121e-07, unitary_metric = 1.00000
Error = :1.44e-01; Runtime: 34.4s; Iterations = 780, grads =   1.856e-07, unitary_metric = 1.00000
Error = :1.44e-01; Runtime: 35.2s; Iterations = 800, grads =   7.312e-06, unitary_metric = 1.00000
Error = :1.44e-01; Runtime: 36.2s; Iterations = 820, grads =   1.814e-06, unitary_metric = 1.00000
Error = :1.44e-01; Runtime: 37.0s; Iterations = 840, grads =   1.550e-05, unitary_metric = 1.00000
Error = :1.44e-01; Runtime: 37.9s; Iterations = 860, grads =   1.228e-07, unitary_metric = 1.00000
Error = :1.44e-01; Runtime: 38.7s; Iterations = 880, grads =   2.588e-07, unitary_metric = 1.00000
Error = :1.44e-01; Runtime: 39.6s; Iterations = 900, grads =   1.249e-07, unitary_metric = 1.00000
Error = :1.44e-01; Runtime: 40.5s; Iterations = 920, grads =   1.003e-07, unitary_metric = 1.00000
Error = :1.44e-01; Runtime: 41.4s; Iterations = 940, grads =   1.228e-06, unitary_metric = 1.00000
Error = :1.44e-01; Runtime: 42.2s; Iterations = 960, grads =   7.689e-05, unitary_metric = 1.00000
Error = :1.44e-01; Runtime: 43.1s; Iterations = 980, grads =   1.966e-05, unitary_metric = 1.00000
Error = :1.44e-01; Runtime: 43.9s; Iterations = 1000, grads =   1.249e-07, unitary_metric = 1.00000
Error = :1.44e-01; Runtime: 44.9s; Iterations = 1020, grads =   1.488e-07, unitary_metric = 1.00000
Error = :1.44e-01; Runtime: 45.8s; Iterations = 1040, grads =   1.407e-07, unitary_metric = 1.00000
Error = :1.44e-01; Runtime: 46.6s; Iterations = 1060, grads =   2.486e-04, unitary_metric = 1.00000
Error = :1.44e-01; Runtime: 47.5s; Iterations = 1080, grads =   1.180e-05, unitary_metric = 1.00000
Error = :1.44e-01; Runtime: 48.3s; Iterations = 1100, grads =   5.376e-06, unitary_metric = 1.00000
Error = :1.44e-01; Runtime: 49.3s; Iterations = 1120, grads =   6.106e-07, unitary_metric = 1.00000
Error = :1.44e-01; Runtime: 50.1s; Iterations = 1140, grads =   1.425e-07, unitary_metric = 1.00000
Error = :1.44e-01; Runtime: 51.0s; Iterations = 1160, grads =   7.008e-08, unitary_metric = 1.00000
Error = :1.44e-01; Runtime: 51.9s; Iterations = 1180, grads =   5.928e-08, unitary_metric = 1.00000
Error = :1.44e-01; Runtime: 52.7s; Iterations = 1200, grads =   6.726e-07, unitary_metric = 1.00000
Error = :1.44e-01; Runtime: 53.7s; Iterations = 1220, grads =   5.585e-05, unitary_metric = 1.00000
Error = :1.44e-01; Runtime: 54.5s; Iterations = 1240, grads =   1.386e-05, unitary_metric = 1.00000
Error = :1.44e-01; Runtime: 55.4s; Iterations = 1260, grads =   2.079e-06, unitary_metric = 1.00000
Error = :1.44e-01; Runtime: 56.2s; Iterations = 1280, grads =   3.485e-07, unitary_metric = 1.00000
Error = :1.44e-01; Runtime: 57.1s; Iterations = 1300, grads =   4.868e-08, unitary_metric = 1.00000
Error = :1.44e-01; Runtime: 58.0s; Iterations = 1320, grads =   1.436e-06, unitary_metric = 1.00000
Error = :1.44e-01; Runtime: 58.9s; Iterations = 1340, grads =   1.053e-05, unitary_metric = 1.00000
Error = :1.44e-01; Runtime: 59.7s; Iterations = 1360, grads =   1.550e-07, unitary_metric = 1.00000
Error = :1.44e-01; Runtime: 60.6s; Iterations = 1380, grads =   4.226e-08, unitary_metric = 1.00000
Error = :1.44e-01; Runtime: 61.4s; Iterations = 1400, grads =   1.028e-07, unitary_metric = 1.00000
Error = :1.44e-01; Runtime: 62.4s; Iterations = 1420, grads =   7.434e-08, unitary_metric = 1.00000
Error = :1.44e-01; Runtime: 63.2s; Iterations = 1440, grads =   2.960e-07, unitary_metric = 1.00000
Error = :1.44e-01; Runtime: 64.1s; Iterations = 1460, grads =   9.535e-05, unitary_metric = 1.00000
Error = :1.44e-01; Runtime: 65.0s; Iterations = 1480, grads =   1.259e-05, unitary_metric = 1.00000
Error = :1.44e-01; Runtime: 65.8s; Iterations = 1500, grads =   2.322e-06, unitary_metric = 1.00000
Error = :1.44e-01; Runtime: 66.8s; Iterations = 1520, grads =   2.083e-07, unitary_metric = 1.00000
Error = :1.44e-01; Runtime: 67.6s; Iterations = 1540, grads =   7.100e-08, unitary_metric = 1.00000
Error = :1.44e-01; Runtime: 68.5s; Iterations = 1560, grads =   3.641e-08, unitary_metric = 1.00000
Error = :1.44e-01; Runtime: 69.3s; Iterations = 1580, grads =   4.073e-08, unitary_metric = 1.00000
Error = :1.44e-01; Runtime: 70.2s; Iterations = 1600, grads =   6.831e-06, unitary_metric = 1.00000
Error = :1.44e-01; Runtime: 71.1s; Iterations = 1620, grads =   5.807e-05, unitary_metric = 1.00000
Error = :1.44e-01; Runtime: 72.0s; Iterations = 1640, grads =   2.798e-06, unitary_metric = 1.00000
Error = :1.44e-01; Runtime: 72.8s; Iterations = 1660, grads =   7.573e-06, unitary_metric = 1.00000
Error = :1.44e-01; Runtime: 73.7s; Iterations = 1680, grads =   5.334e-05, unitary_metric = 1.00000
Error = :1.44e-01; Runtime: 74.6s; Iterations = 1700, grads =   3.228e-06, unitary_metric = 1.00000
Error = :1.44e-01; Runtime: 75.5s; Iterations = 1720, grads =   9.461e-08, unitary_metric = 1.00000
Error = :1.44e-01; Runtime: 76.4s; Iterations = 1740, grads =   1.248e-07, unitary_metric = 1.00000
Error = :1.44e-01; Runtime: 77.2s; Iterations = 1760, grads =   3.139e-08, unitary_metric = 1.00000
Error = :1.44e-01; Runtime: 78.1s; Iterations = 1780, grads =   2.370e-08, unitary_metric = 1.00000
Error = :1.44e-01; Runtime: 78.9s; Iterations = 1800, grads =   2.293e-08, unitary_metric = 1.00000
Error = :1.44e-01; Runtime: 79.9s; Iterations = 1820, grads =   2.398e-08, unitary_metric = 1.00000
Error = :1.44e-01; Runtime: 80.7s; Iterations = 1840, grads =   5.316e-08, unitary_metric = 1.00000
Error = :1.44e-01; Runtime: 81.6s; Iterations = 1860, grads =   6.835e-06, unitary_metric = 1.00000
Error = :1.44e-01; Runtime: 82.4s; Iterations = 1880, grads =   2.082e-05, unitary_metric = 1.00000
Error = :1.44e-01; Runtime: 83.3s; Iterations = 1900, grads =   4.257e-06, unitary_metric = 1.00000
Error = :1.44e-01; Runtime: 84.2s; Iterations = 1920, grads =   6.505e-07, unitary_metric = 1.00000
Error = :1.44e-01; Runtime: 85.1s; Iterations = 1940, grads =   7.465e-05, unitary_metric = 1.00000
Error = :1.44e-01; Runtime: 85.9s; Iterations = 1960, grads =   1.290e-05, unitary_metric = 1.00000
Error = :1.44e-01; Runtime: 86.8s; Iterations = 1980, grads =   8.509e-07, unitary_metric = 1.00000
Error = :1.44e-01; Runtime: 87.6s; Iterations = 2000, grads =   6.623e-08, unitary_metric = 1.00000
Error = :1.44e-01; Runtime: 88.7s; Iterations = 2020, grads =   4.556e-08, unitary_metric = 1.00000
Error = :1.44e-01; Runtime: 89.6s; Iterations = 2040, grads =   2.508e-08, unitary_metric = 1.00000
Error = :1.44e-01; Runtime: 90.4s; Iterations = 2060, grads =   5.156e-08, unitary_metric = 1.00000
Error = :1.44e-01; Runtime: 91.3s; Iterations = 2080, grads =   9.471e-06, unitary_metric = 1.00000
Error = :1.44e-01; Runtime: 92.1s; Iterations = 2100, grads =   2.901e-05, unitary_metric = 1.00000
Error = :1.44e-01; Runtime: 93.1s; Iterations = 2120, grads =   8.078e-07, unitary_metric = 1.00000
Error = :1.44e-01; Runtime: 93.9s; Iterations = 2140, grads =   8.518e-08, unitary_metric = 1.00000
Error = :1.44e-01; Runtime: 94.8s; Iterations = 2160, grads =   5.496e-08, unitary_metric = 1.00000
Error = :1.44e-01; Runtime: 95.6s; Iterations = 2180, grads =   1.097e-06, unitary_metric = 1.00000
Error = :1.44e-01; Runtime: 96.5s; Iterations = 2200, grads =   3.089e-05, unitary_metric = 1.00000
Error = :1.44e-01; Runtime: 97.4s; Iterations = 2220, grads =   1.365e-06, unitary_metric = 1.00000
Error = :1.44e-01; Runtime: 98.3s; Iterations = 2240, grads =   1.580e-08, unitary_metric = 1.00000
Error = :1.44e-01; Runtime: 99.1s; Iterations = 2260, grads =   1.470e-08, unitary_metric = 1.00000
Error = :1.44e-01; Runtime: 100.0s; Iterations = 2280, grads =   1.874e-08, unitary_metric = 1.00000
Error = :1.44e-01; Runtime: 100.8s; Iterations = 2300, grads =   1.634e-08, unitary_metric = 1.00000
Error = :1.44e-01; Runtime: 101.8s; Iterations = 2320, grads =   1.885e-07, unitary_metric = 1.00000
Error = :1.44e-01; Runtime: 102.6s; Iterations = 2340, grads =   7.151e-05, unitary_metric = 1.00000
Error = :1.44e-01; Runtime: 103.6s; Iterations = 2360, grads =   9.707e-06, unitary_metric = 1.00000
Error = :1.44e-01; Runtime: 104.4s; Iterations = 2380, grads =   7.361e-07, unitary_metric = 1.00000
Error = :1.44e-01; Runtime: 105.3s; Iterations = 2400, grads =   2.268e-08, unitary_metric = 1.00000
Error = :1.44e-01; Runtime: 106.2s; Iterations = 2420, grads =   2.526e-06, unitary_metric = 1.00000
Error = :1.44e-01; Runtime: 107.1s; Iterations = 2440, grads =   4.989e-06, unitary_metric = 1.00000
Error = :1.44e-01; Runtime: 107.9s; Iterations = 2460, grads =   3.912e-06, unitary_metric = 1.00000
Error = :1.44e-01; Runtime: 108.8s; Iterations = 2480, grads =   2.820e-07, unitary_metric = 1.00000
Error = :1.44e-01; Runtime: 109.6s; Iterations = 2500, grads =   1.547e-08, unitary_metric = 1.00000
Error = :1.44e-01; Runtime: 110.6s; Iterations = 2520, grads =   1.110e-08, unitary_metric = 1.00000
Error = :1.44e-01; Runtime: 111.5s; Iterations = 2540, grads =   1.104e-08, unitary_metric = 1.00000
Error = :1.44e-01; Runtime: 112.3s; Iterations = 2560, grads =   1.085e-08, unitary_metric = 1.00000
Error = :1.44e-01; Runtime: 113.2s; Iterations = 2580, grads =   4.634e-08, unitary_metric = 1.00000
Error = :1.44e-01; Runtime: 114.0s; Iterations = 2600, grads =   1.869e-05, unitary_metric = 1.00000
Error = :1.44e-01; Runtime: 115.0s; Iterations = 2620, grads =   3.480e-06, unitary_metric = 1.00000
Error = :1.44e-01; Runtime: 115.8s; Iterations = 2640, grads =   5.189e-07, unitary_metric = 1.00000
Error = :1.44e-01; Runtime: 116.7s; Iterations = 2660, grads =   2.631e-07, unitary_metric = 1.00000
Error = :1.44e-01; Runtime: 117.5s; Iterations = 2680, grads =   1.725e-06, unitary_metric = 1.00000
Error = :1.44e-01; Runtime: 118.4s; Iterations = 2700, grads =   4.217e-06, unitary_metric = 1.00000
Error = :1.44e-01; Runtime: 119.4s; Iterations = 2720, grads =   8.656e-07, unitary_metric = 1.00000
Error = :1.44e-01; Runtime: 120.2s; Iterations = 2740, grads =   2.018e-07, unitary_metric = 1.00000
Error = :1.44e-01; Runtime: 121.1s; Iterations = 2760, grads =   6.716e-08, unitary_metric = 1.00000
Error = :1.44e-01; Runtime: 121.9s; Iterations = 2780, grads =   1.008e-08, unitary_metric = 1.00000
Error = :1.44e-01; Runtime: 122.8s; Iterations = 2800, grads =   1.010e-08, unitary_metric = 1.00000
Error = :1.44e-01; Runtime: 123.7s; Iterations = 2820, grads =   9.150e-09, unitary_metric = 1.00000
Error = :1.44e-01; Runtime: 124.6s; Iterations = 2840, grads =   9.497e-09, unitary_metric = 1.00000
Error = :1.44e-01; Runtime: 125.4s; Iterations = 2860, grads =   7.765e-08, unitary_metric = 1.00000
Error = :1.44e-01; Runtime: 126.3s; Iterations = 2880, grads =   3.208e-05, unitary_metric = 1.00000
Error = :1.44e-01; Runtime: 127.1s; Iterations = 2900, grads =   3.420e-06, unitary_metric = 1.00000
Error = :1.44e-01; Runtime: 128.1s; Iterations = 2920, grads =   1.046e-06, unitary_metric = 1.00000
Error = :1.44e-01; Runtime: 128.9s; Iterations = 2940, grads =   2.788e-07, unitary_metric = 1.00000
Error = :1.44e-01; Runtime: 129.8s; Iterations = 2960, grads =   1.250e-07, unitary_metric = 1.00000
Error = :1.44e-01; Runtime: 130.6s; Iterations = 2980, grads =   4.872e-08, unitary_metric = 1.00000
Error = :1.44e-01; Runtime: 131.5s; Iterations = 3000, grads =   1.118e-08, unitary_metric = 1.00000
Error = :1.44e-01; Runtime: 132.5s; Iterations = 3020, grads =   9.061e-09, unitary_metric = 1.00000
Error = :1.44e-01; Runtime: 133.3s; Iterations = 3040, grads =   8.044e-09, unitary_metric = 1.00000
Error = :1.44e-01; Runtime: 134.2s; Iterations = 3060, grads =   7.828e-09, unitary_metric = 1.00000
Error = :1.44e-01; Runtime: 135.0s; Iterations = 3080, grads =   7.906e-09, unitary_metric = 1.00000
Error = :1.44e-01; Runtime: 135.9s; Iterations = 3100, grads =   7.753e-09, unitary_metric = 1.00000
Error = :1.44e-01; Runtime: 136.8s; Iterations = 3120, grads =   1.401e-08, unitary_metric = 1.00000
Error = :1.45e-01; Runtime: 137.7s; Iterations = 3140, grads =   9.384e-07, unitary_metric = 1.00000
Error = :1.45e-01; Runtime: 138.5s; Iterations = 3160, grads =   3.443e-05, unitary_metric = 1.00000
Error = :1.45e-01; Runtime: 139.4s; Iterations = 3180, grads =   7.560e-06, unitary_metric = 1.00000
Error = :1.45e-01; Runtime: 140.3s; Iterations = 3200, grads =   4.049e-07, unitary_metric = 1.00000
Error = :1.45e-01; Runtime: 141.2s; Iterations = 3220, grads =   1.279e-07, unitary_metric = 1.00000
Error = :1.45e-01; Runtime: 142.1s; Iterations = 3240, grads =   1.476e-08, unitary_metric = 1.00000
Error = :1.45e-01; Runtime: 142.9s; Iterations = 3260, grads =   8.011e-09, unitary_metric = 1.00000
Error = :1.45e-01; Runtime: 143.8s; Iterations = 3280, grads =   8.329e-09, unitary_metric = 1.00000
Error = :1.45e-01; Runtime: 144.6s; Iterations = 3300, grads =   7.679e-09, unitary_metric = 1.00000
Error = :1.45e-01; Runtime: 145.6s; Iterations = 3320, grads =   7.004e-09, unitary_metric = 1.00000
Error = :1.45e-01; Runtime: 146.4s; Iterations = 3340, grads =   6.827e-09, unitary_metric = 1.00000
Error = :1.45e-01; Runtime: 147.3s; Iterations = 3360, grads =   7.168e-09, unitary_metric = 1.00000
Error = :1.45e-01; Runtime: 148.1s; Iterations = 3380, grads =   3.247e-08, unitary_metric = 1.00000
Error = :1.45e-01; Runtime: 149.0s; Iterations = 3400, grads =   5.220e-06, unitary_metric = 1.00000
Error = :1.45e-01; Runtime: 149.9s; Iterations = 3420, grads =   8.365e-06, unitary_metric = 1.00000
Error = :1.45e-01; Runtime: 150.8s; Iterations = 3440, grads =   1.089e-06, unitary_metric = 1.00000
Error = :1.45e-01; Runtime: 151.6s; Iterations = 3460, grads =   1.433e-07, unitary_metric = 1.00000
Error = :1.45e-01; Runtime: 152.5s; Iterations = 3480, grads =   5.893e-07, unitary_metric = 1.00000
Error = :1.45e-01; Runtime: 153.3s; Iterations = 3500, grads =   1.207e-05, unitary_metric = 1.00000
Error = :1.45e-01; Runtime: 154.3s; Iterations = 3520, grads =   1.442e-06, unitary_metric = 1.00000
Error = :1.45e-01; Runtime: 155.1s; Iterations = 3540, grads =   1.714e-07, unitary_metric = 1.00000
Error = :1.45e-01; Runtime: 156.0s; Iterations = 3560, grads =   3.816e-08, unitary_metric = 1.00000
Error = :1.45e-01; Runtime: 156.9s; Iterations = 3580, grads =   1.079e-08, unitary_metric = 1.00000
Error = :1.45e-01; Runtime: 157.7s; Iterations = 3600, grads =   6.473e-09, unitary_metric = 1.00000
Error = :1.45e-01; Runtime: 158.7s; Iterations = 3620, grads =   7.164e-09, unitary_metric = 1.00000
Error = :1.45e-01; Runtime: 159.5s; Iterations = 3640, grads =   2.472e-07, unitary_metric = 1.00000
Error = :1.45e-01; Runtime: 160.4s; Iterations = 3660, grads =   2.560e-05, unitary_metric = 1.00000
Error = :1.45e-01; Runtime: 161.2s; Iterations = 3680, grads =   2.737e-06, unitary_metric = 1.00000
Error = :1.45e-01; Runtime: 162.1s; Iterations = 3700, grads =   2.327e-07, unitary_metric = 1.00000
Error = :1.45e-01; Runtime: 163.0s; Iterations = 3720, grads =   2.374e-07, unitary_metric = 1.00000
Error = :1.45e-01; Runtime: 163.9s; Iterations = 3740, grads =   2.075e-05, unitary_metric = 1.00000
Error = :1.45e-01; Runtime: 164.7s; Iterations = 3760, grads =   6.312e-07, unitary_metric = 1.00000
Error = :1.45e-01; Runtime: 165.6s; Iterations = 3780, grads =   1.310e-08, unitary_metric = 1.00000
Error = :1.45e-01; Runtime: 166.4s; Iterations = 3800, grads =   2.448e-08, unitary_metric = 1.00000
Error = :1.45e-01; Runtime: 167.4s; Iterations = 3820, grads =   1.083e-08, unitary_metric = 1.00000
Error = :1.45e-01; Runtime: 168.2s; Iterations = 3840, grads =   5.941e-09, unitary_metric = 1.00000
Error = :1.45e-01; Runtime: 169.1s; Iterations = 3860, grads =   5.234e-09, unitary_metric = 1.00000
Error = :1.45e-01; Runtime: 169.9s; Iterations = 3880, grads =   5.177e-09, unitary_metric = 1.00000
Error = :1.45e-01; Runtime: 170.8s; Iterations = 3900, grads =   8.436e-09, unitary_metric = 1.00000
Error = :1.45e-01; Runtime: 171.7s; Iterations = 3920, grads =   9.663e-07, unitary_metric = 1.00000
Error = :1.45e-01; Runtime: 172.6s; Iterations = 3940, grads =   2.110e-07, unitary_metric = 1.00000
Error = :1.45e-01; Runtime: 173.4s; Iterations = 3960, grads =   3.320e-06, unitary_metric = 1.00000
Error = :1.45e-01; Runtime: 174.3s; Iterations = 3980, grads =   4.773e-06, unitary_metric = 1.00000
Error = :1.45e-01; Runtime: 175.1s; Iterations = 4000, grads =   5.765e-07, unitary_metric = 1.00000
Error = :1.45e-01; Runtime: 176.1s; Iterations = 4020, grads =   5.877e-08, unitary_metric = 1.00000
Error = :1.45e-01; Runtime: 176.9s; Iterations = 4040, grads =   4.805e-09, unitary_metric = 1.00000
Error = :1.45e-01; Runtime: 177.8s; Iterations = 4060, grads =   6.080e-09, unitary_metric = 1.00000
Error = :1.45e-01; Runtime: 178.7s; Iterations = 4080, grads =   4.767e-09, unitary_metric = 1.00000
Error = :1.45e-01; Runtime: 179.5s; Iterations = 4100, grads =   4.480e-09, unitary_metric = 1.00000
Error = :1.45e-01; Runtime: 180.5s; Iterations = 4120, grads =   4.481e-09, unitary_metric = 1.00000
Error = :1.45e-01; Runtime: 181.4s; Iterations = 4140, grads =   4.362e-09, unitary_metric = 1.00000
Error = :1.45e-01; Runtime: 182.2s; Iterations = 4160, grads =   9.941e-09, unitary_metric = 1.00000
Error = :1.45e-01; Runtime: 183.1s; Iterations = 4180, grads =   1.637e-08, unitary_metric = 1.00000
Error = :1.45e-01; Runtime: 183.9s; Iterations = 4200, grads =   1.690e-06, unitary_metric = 1.00000
Error = :1.45e-01; Runtime: 184.9s; Iterations = 4220, grads =   3.754e-06, unitary_metric = 1.00000
Error = :1.45e-01; Runtime: 185.8s; Iterations = 4240, grads =   8.605e-07, unitary_metric = 1.00000
Error = :1.45e-01; Runtime: 186.6s; Iterations = 4260, grads =   1.498e-07, unitary_metric = 1.00000
Error = :1.45e-01; Runtime: 187.5s; Iterations = 4280, grads =   1.813e-08, unitary_metric = 1.00000
Error = :1.45e-01; Runtime: 188.3s; Iterations = 4300, grads =   6.614e-09, unitary_metric = 1.00000
Error = :1.45e-01; Runtime: 189.3s; Iterations = 4320, grads =   4.091e-09, unitary_metric = 1.00000
Error = :1.45e-01; Runtime: 190.1s; Iterations = 4340, grads =   4.321e-09, unitary_metric = 1.00000
Error = :1.45e-01; Runtime: 191.0s; Iterations = 4360, grads =   3.811e-09, unitary_metric = 1.00000
Error = :1.45e-01; Runtime: 191.8s; Iterations = 4380, grads =   3.708e-09, unitary_metric = 1.00000
Error = :1.45e-01; Runtime: 192.7s; Iterations = 4400, grads =   5.258e-09, unitary_metric = 1.00000
Error = :1.45e-01; Runtime: 193.7s; Iterations = 4420, grads =   8.530e-08, unitary_metric = 1.00000
Error = :1.45e-01; Runtime: 194.5s; Iterations = 4440, grads =   7.672e-06, unitary_metric = 1.00000
Error = :1.45e-01; Runtime: 195.4s; Iterations = 4460, grads =   5.681e-06, unitary_metric = 1.00000
Error = :1.45e-01; Runtime: 196.2s; Iterations = 4480, grads =   3.457e-06, unitary_metric = 1.00000
Error = :1.45e-01; Runtime: 197.1s; Iterations = 4500, grads =   4.201e-07, unitary_metric = 1.00000
Error = :1.45e-01; Runtime: 198.0s; Iterations = 4520, grads =   6.601e-08, unitary_metric = 1.00000
Error = :1.45e-01; Runtime: 198.9s; Iterations = 4540, grads =   7.778e-09, unitary_metric = 1.00000
Error = :1.45e-01; Runtime: 199.7s; Iterations = 4560, grads =   3.500e-09, unitary_metric = 1.00000
Error = :1.45e-01; Runtime: 200.6s; Iterations = 4580, grads =   3.506e-09, unitary_metric = 1.00000
Error = :1.45e-01; Runtime: 201.4s; Iterations = 4600, grads =   3.391e-09, unitary_metric = 1.00000
Error = :1.45e-01; Runtime: 202.4s; Iterations = 4620, grads =   3.210e-09, unitary_metric = 1.00000
Error = :1.45e-01; Runtime: 203.2s; Iterations = 4640, grads =   1.096e-08, unitary_metric = 1.00000
Error = :1.45e-01; Runtime: 204.1s; Iterations = 4660, grads =   4.288e-06, unitary_metric = 1.00000
Error = :1.45e-01; Runtime: 204.9s; Iterations = 4680, grads =   1.665e-06, unitary_metric = 1.00000
Error = :1.45e-01; Runtime: 205.8s; Iterations = 4700, grads =   4.591e-07, unitary_metric = 1.00000
Error = :1.45e-01; Runtime: 206.8s; Iterations = 4720, grads =   3.214e-06, unitary_metric = 1.00000
Error = :1.45e-01; Runtime: 207.6s; Iterations = 4740, grads =   6.594e-07, unitary_metric = 1.00000
Error = :1.45e-01; Runtime: 208.5s; Iterations = 4760, grads =   1.087e-07, unitary_metric = 1.00000
Error = :1.45e-01; Runtime: 209.3s; Iterations = 4780, grads =   1.535e-08, unitary_metric = 1.00000
Error = :1.45e-01; Runtime: 210.2s; Iterations = 4800, grads =   2.853e-09, unitary_metric = 1.00000
Error = :1.45e-01; Runtime: 211.1s; Iterations = 4820, grads =   3.078e-09, unitary_metric = 1.00000
Error = :1.45e-01; Runtime: 212.0s; Iterations = 4840, grads =   2.879e-09, unitary_metric = 1.00000
Error = :1.45e-01; Runtime: 212.8s; Iterations = 4860, grads =   2.873e-09, unitary_metric = 1.00000
Error = :1.45e-01; Runtime: 213.7s; Iterations = 4880, grads =   2.729e-09, unitary_metric = 1.00000
Error = :1.45e-01; Runtime: 214.5s; Iterations = 4900, grads =   3.353e-09, unitary_metric = 1.00000
Error = :1.45e-01; Runtime: 215.5s; Iterations = 4920, grads =   2.361e-08, unitary_metric = 1.00000
Error = :1.45e-01; Runtime: 216.3s; Iterations = 4940, grads =   1.543e-06, unitary_metric = 1.00000
Error = :1.45e-01; Runtime: 217.2s; Iterations = 4960, grads =   3.376e-06, unitary_metric = 1.00000
Error = :1.45e-01; Runtime: 218.0s; Iterations = 4980, grads =   1.557e-06, unitary_metric = 1.00000
Error = :1.45e-01; Runtime: 218.9s; Iterations = 5000, grads =   5.021e-08, unitary_metric = 1.00000
Error = :1.45e-01; Runtime: 219.9s; Iterations = 5020, grads =   3.709e-08, unitary_metric = 1.00000
Error = :1.45e-01; Runtime: 220.7s; Iterations = 5040, grads =   2.870e-09, unitary_metric = 1.00000
Error = :1.45e-01; Runtime: 221.5s; Iterations = 5060, grads =   2.803e-09, unitary_metric = 1.00000
Error = :1.45e-01; Runtime: 222.4s; Iterations = 5080, grads =   3.964e-09, unitary_metric = 1.00000
Error = :1.45e-01; Runtime: 223.2s; Iterations = 5100, grads =   3.137e-09, unitary_metric = 1.00000
Error = :1.45e-01; Runtime: 224.2s; Iterations = 5120, grads =   5.985e-09, unitary_metric = 1.00000
Error = :1.45e-01; Runtime: 225.1s; Iterations = 5140, grads =   1.913e-07, unitary_metric = 1.00000
Error = :1.45e-01; Runtime: 225.9s; Iterations = 5160, grads =   1.156e-05, unitary_metric = 1.00000
Error = :1.45e-01; Runtime: 226.8s; Iterations = 5180, grads =   1.238e-06, unitary_metric = 1.00000
Error = :1.45e-01; Runtime: 227.6s; Iterations = 5200, grads =   1.611e-07, unitary_metric = 1.00000
Error = :1.45e-01; Runtime: 228.6s; Iterations = 5220, grads =   6.806e-09, unitary_metric = 1.00000
Error = :1.45e-01; Runtime: 229.4s; Iterations = 5240, grads =   7.088e-09, unitary_metric = 1.00000
Error = :1.45e-01; Runtime: 230.3s; Iterations = 5260, grads =   3.030e-09, unitary_metric = 1.00000
Error = :1.45e-01; Runtime: 231.1s; Iterations = 5280, grads =   3.726e-09, unitary_metric = 1.00000
Error = :1.45e-01; Runtime: 232.0s; Iterations = 5300, grads =   2.332e-09, unitary_metric = 1.00000
Error = :1.45e-01; Runtime: 233.0s; Iterations = 5320, grads =   2.585e-09, unitary_metric = 1.00000
Error = :1.45e-01; Runtime: 233.8s; Iterations = 5340, grads =   2.802e-09, unitary_metric = 1.00000
Error = :1.45e-01; Runtime: 234.7s; Iterations = 5360, grads =   2.783e-08, unitary_metric = 1.00000
Error = :1.45e-01; Runtime: 235.5s; Iterations = 5380, grads =   5.570e-06, unitary_metric = 1.00000
Error = :1.45e-01; Runtime: 236.4s; Iterations = 5400, grads =   2.783e-06, unitary_metric = 1.00000
Error = :1.45e-01; Runtime: 237.3s; Iterations = 5420, grads =   2.002e-07, unitary_metric = 1.00000
Error = :1.45e-01; Runtime: 238.2s; Iterations = 5440, grads =   1.888e-08, unitary_metric = 1.00000
Error = :1.45e-01; Runtime: 239.0s; Iterations = 5460, grads =   5.094e-09, unitary_metric = 1.00000
Error = :1.45e-01; Runtime: 239.9s; Iterations = 5480, grads =   2.824e-09, unitary_metric = 1.00000
Error = :1.45e-01; Runtime: 240.7s; Iterations = 5500, grads =   2.754e-09, unitary_metric = 1.00000
Error = :1.45e-01; Runtime: 241.7s; Iterations = 5520, grads =   2.326e-09, unitary_metric = 1.00000
Error = :1.45e-01; Runtime: 242.5s; Iterations = 5540, grads =   2.513e-09, unitary_metric = 1.00000
Error = :1.45e-01; Runtime: 243.4s; Iterations = 5560, grads =   2.302e-09, unitary_metric = 1.00000
Error = :1.45e-01; Runtime: 244.2s; Iterations = 5580, grads =   3.099e-09, unitary_metric = 1.00000
Error = :1.45e-01; Runtime: 245.1s; Iterations = 5600, grads =   1.148e-07, unitary_metric = 1.00000
Error = :1.45e-01; Runtime: 246.0s; Iterations = 5620, grads =   4.572e-06, unitary_metric = 1.00000
Error = :1.45e-01; Runtime: 246.9s; Iterations = 5640, grads =   5.853e-07, unitary_metric = 1.00000
Error = :1.45e-01; Runtime: 247.7s; Iterations = 5660, grads =   2.481e-07, unitary_metric = 1.00000
Error = :1.45e-01; Runtime: 248.6s; Iterations = 5680, grads =   2.521e-06, unitary_metric = 1.00000
Error = :1.45e-01; Runtime: 249.4s; Iterations = 5700, grads =   4.379e-07, unitary_metric = 1.00000
Error = :1.45e-01; Runtime: 250.4s; Iterations = 5720, grads =   3.573e-08, unitary_metric = 1.00000
Error = :1.45e-01; Runtime: 251.2s; Iterations = 5740, grads =   2.957e-09, unitary_metric = 1.00000
Error = :1.45e-01; Runtime: 252.1s; Iterations = 5760, grads =   3.643e-09, unitary_metric = 1.00000
Error = :1.45e-01; Runtime: 252.9s; Iterations = 5780, grads =   3.149e-09, unitary_metric = 1.00000
Error = :1.45e-01; Runtime: 253.8s; Iterations = 5800, grads =   2.671e-09, unitary_metric = 1.00000
Error = :1.45e-01; Runtime: 254.8s; Iterations = 5820, grads =   1.056e-08, unitary_metric = 1.00000
Error = :1.45e-01; Runtime: 255.7s; Iterations = 5840, grads =   4.412e-07, unitary_metric = 1.00000
Error = :1.45e-01; Runtime: 256.5s; Iterations = 5860, grads =   1.515e-07, unitary_metric = 1.00000
Error = :1.45e-01; Runtime: 257.4s; Iterations = 5880, grads =   5.852e-07, unitary_metric = 1.00000
Error = :1.45e-01; Runtime: 258.2s; Iterations = 5900, grads =   2.735e-07, unitary_metric = 1.00000
Error = :1.45e-01; Runtime: 259.2s; Iterations = 5920, grads =   2.006e-07, unitary_metric = 1.00000
Error = :1.45e-01; Runtime: 260.0s; Iterations = 5940, grads =   5.286e-09, unitary_metric = 1.00000
Error = :1.45e-01; Runtime: 260.9s; Iterations = 5960, grads =   3.108e-09, unitary_metric = 1.00000
Error = :1.45e-01; Runtime: 261.7s; Iterations = 5980, grads =   2.163e-09, unitary_metric = 1.00000
Error = :1.45e-01; Runtime: 262.6s; Iterations = 6000, grads =   3.380e-09, unitary_metric = 1.00000
data saved at: /project/ftchong/qoc/pranav/00010_29_lih_slice_81.h5


trying total_time: 3.75 for unitary of size (16, 16)
data saved at: /project/ftchong/qoc/pranav/00011_29_lih_slice_81.h5
Using 7 Taylor terms and 2 Scaling & Squaring terms
Building graph:
Propagators initialized.
Operators weight initialized.
Intermediate propagation variables initialized.
Intermediate propagators initialized.
Vectors initialized.
Training loss initialized.
Optimizer initialized.
Utilities initialized.
Graph built!
Initialized
Error = :7.94e-01; Runtime: 0.1s; Iterations = 0, grads =   6.955e-02, unitary_metric = 1.00000
Error = :5.90e-01; Runtime: 1.7s; Iterations = 20, grads =   1.601e-02, unitary_metric = 1.00000
Error = :4.97e-01; Runtime: 2.9s; Iterations = 40, grads =   2.638e-03, unitary_metric = 1.00000
Error = :4.19e-01; Runtime: 4.2s; Iterations = 60, grads =   3.514e-03, unitary_metric = 1.00000
Error = :1.46e-01; Runtime: 5.5s; Iterations = 80, grads =   1.770e-03, unitary_metric = 1.00000
Error = :4.18e-02; Runtime: 6.7s; Iterations = 100, grads =   2.913e-04, unitary_metric = 0.99999
Error = :1.73e-02; Runtime: 8.1s; Iterations = 120, grads =   6.450e-05, unitary_metric = 0.99999
Error = :1.05e-02; Runtime: 9.4s; Iterations = 140, grads =   2.455e-05, unitary_metric = 0.99999
Error = :7.74e-03; Runtime: 10.6s; Iterations = 160, grads =   1.364e-05, unitary_metric = 0.99999
Error = :6.19e-03; Runtime: 11.9s; Iterations = 180, grads =   8.561e-06, unitary_metric = 0.99999
Error = :5.20e-03; Runtime: 13.1s; Iterations = 200, grads =   5.848e-06, unitary_metric = 1.00000
Error = :4.52e-03; Runtime: 14.6s; Iterations = 220, grads =   4.240e-06, unitary_metric = 0.99999
Error = :4.03e-03; Runtime: 15.8s; Iterations = 240, grads =   3.218e-06, unitary_metric = 1.00000
Error = :3.65e-03; Runtime: 17.1s; Iterations = 260, grads =   2.526e-06, unitary_metric = 1.00000
Error = :3.37e-03; Runtime: 18.4s; Iterations = 280, grads =   2.590e-06, unitary_metric = 1.00000
Error = :3.13e-03; Runtime: 19.6s; Iterations = 300, grads =   1.757e-06, unitary_metric = 1.00000
Error = :2.94e-03; Runtime: 21.0s; Iterations = 320, grads =   1.431e-06, unitary_metric = 1.00000
Error = :2.78e-03; Runtime: 22.2s; Iterations = 340, grads =   1.220e-06, unitary_metric = 0.99999
Error = :2.64e-03; Runtime: 23.5s; Iterations = 360, grads =   1.062e-06, unitary_metric = 0.99999
Error = :2.52e-03; Runtime: 24.7s; Iterations = 380, grads =   9.358e-07, unitary_metric = 0.99999
Error = :2.41e-03; Runtime: 26.0s; Iterations = 400, grads =   8.329e-07, unitary_metric = 0.99999
Error = :2.32e-03; Runtime: 27.4s; Iterations = 420, grads =   7.518e-07, unitary_metric = 0.99999
Error = :2.23e-03; Runtime: 28.7s; Iterations = 440, grads =   6.738e-07, unitary_metric = 0.99999
Error = :2.15e-03; Runtime: 29.9s; Iterations = 460, grads =   6.073e-07, unitary_metric = 0.99999
Error = :2.08e-03; Runtime: 31.2s; Iterations = 480, grads =   5.504e-07, unitary_metric = 0.99999
Error = :2.02e-03; Runtime: 32.4s; Iterations = 500, grads =   4.996e-07, unitary_metric = 0.99999
Error = :1.96e-03; Runtime: 33.8s; Iterations = 520, grads =   4.547e-07, unitary_metric = 0.99999
Error = :1.91e-03; Runtime: 35.1s; Iterations = 540, grads =   4.146e-07, unitary_metric = 0.99999
Error = :1.87e-03; Runtime: 36.3s; Iterations = 560, grads =   7.092e-07, unitary_metric = 0.99999
Error = :1.82e-03; Runtime: 37.6s; Iterations = 580, grads =   3.822e-07, unitary_metric = 0.99999
Error = :1.79e-03; Runtime: 38.8s; Iterations = 600, grads =   5.933e-07, unitary_metric = 0.99999
Error = :1.75e-03; Runtime: 40.2s; Iterations = 620, grads =   3.362e-07, unitary_metric = 0.99999
Error = :1.72e-03; Runtime: 41.4s; Iterations = 640, grads =   2.711e-07, unitary_metric = 0.99999
Error = :1.69e-03; Runtime: 42.7s; Iterations = 660, grads =   2.516e-07, unitary_metric = 0.99999
Error = :1.66e-03; Runtime: 44.0s; Iterations = 680, grads =   2.324e-07, unitary_metric = 0.99999
Error = :1.64e-03; Runtime: 45.2s; Iterations = 700, grads =   2.159e-07, unitary_metric = 0.99999
Error = :1.62e-03; Runtime: 46.6s; Iterations = 720, grads =   2.019e-07, unitary_metric = 0.99999
Error = :1.60e-03; Runtime: 47.9s; Iterations = 740, grads =   2.019e-07, unitary_metric = 0.99999
Error = :1.58e-03; Runtime: 49.1s; Iterations = 760, grads =   1.769e-07, unitary_metric = 0.99999
Error = :1.57e-03; Runtime: 50.4s; Iterations = 780, grads =   1.647e-07, unitary_metric = 0.99999
Error = :1.55e-03; Runtime: 51.6s; Iterations = 800, grads =   1.548e-07, unitary_metric = 0.99999
Error = :1.54e-03; Runtime: 53.0s; Iterations = 820, grads =   1.522e-07, unitary_metric = 0.99999
Error = :1.53e-03; Runtime: 54.3s; Iterations = 840, grads =   1.393e-07, unitary_metric = 0.99999
Error = :1.53e-03; Runtime: 55.5s; Iterations = 860, grads =   2.909e-07, unitary_metric = 0.99999
Error = :1.52e-03; Runtime: 56.8s; Iterations = 880, grads =   2.996e-07, unitary_metric = 0.99999
Error = :1.51e-03; Runtime: 58.0s; Iterations = 900, grads =   1.393e-07, unitary_metric = 0.99999
Error = :1.52e-03; Runtime: 59.4s; Iterations = 920, grads =   9.530e-07, unitary_metric = 0.99999
Error = :1.54e-03; Runtime: 60.7s; Iterations = 940, grads =   1.882e-04, unitary_metric = 0.99999
Error = :1.56e-03; Runtime: 61.9s; Iterations = 960, grads =   3.487e-04, unitary_metric = 0.99999
Error = :1.52e-03; Runtime: 63.2s; Iterations = 980, grads =   8.044e-06, unitary_metric = 0.99999
Error = :1.52e-03; Runtime: 64.5s; Iterations = 1000, grads =   1.129e-06, unitary_metric = 0.99999
Error = :1.52e-03; Runtime: 65.8s; Iterations = 1020, grads =   3.916e-07, unitary_metric = 0.99999
Error = :1.52e-03; Runtime: 67.1s; Iterations = 1040, grads =   1.530e-07, unitary_metric = 0.99999
Error = :1.52e-03; Runtime: 68.3s; Iterations = 1060, grads =   1.777e-07, unitary_metric = 0.99999
Error = :1.51e-03; Runtime: 69.5s; Iterations = 1080, grads =   2.560e-07, unitary_metric = 0.99999
Error = :1.54e-03; Runtime: 70.8s; Iterations = 1100, grads =   2.179e-04, unitary_metric = 0.99999
Error = :1.49e-03; Runtime: 72.2s; Iterations = 1120, grads =   4.945e-05, unitary_metric = 0.99999
Error = :1.47e-03; Runtime: 73.4s; Iterations = 1140, grads =   4.860e-06, unitary_metric = 0.99999
Error = :1.45e-03; Runtime: 74.7s; Iterations = 1160, grads =   1.113e-06, unitary_metric = 0.99999
Error = :1.43e-03; Runtime: 75.9s; Iterations = 1180, grads =   2.482e-06, unitary_metric = 0.99999
Error = :1.52e-03; Runtime: 77.2s; Iterations = 1200, grads =   8.169e-04, unitary_metric = 0.99999
Error = :1.41e-03; Runtime: 78.6s; Iterations = 1220, grads =   1.474e-05, unitary_metric = 0.99999
Error = :1.39e-03; Runtime: 79.8s; Iterations = 1240, grads =   3.742e-06, unitary_metric = 0.99999
Error = :1.38e-03; Runtime: 81.1s; Iterations = 1260, grads =   1.291e-06, unitary_metric = 0.99999
Error = :1.36e-03; Runtime: 82.3s; Iterations = 1280, grads =   3.341e-07, unitary_metric = 0.99999
Error = :1.34e-03; Runtime: 83.6s; Iterations = 1300, grads =   1.904e-07, unitary_metric = 0.99999
Error = :1.32e-03; Runtime: 85.0s; Iterations = 1320, grads =   3.646e-07, unitary_metric = 0.99999
Error = :1.35e-03; Runtime: 86.2s; Iterations = 1340, grads =   2.279e-04, unitary_metric = 0.99999
Error = :1.29e-03; Runtime: 87.5s; Iterations = 1360, grads =   4.870e-05, unitary_metric = 0.99999
Error = :1.27e-03; Runtime: 88.7s; Iterations = 1380, grads =   4.869e-06, unitary_metric = 0.99999
Error = :1.26e-03; Runtime: 89.9s; Iterations = 1400, grads =   5.347e-05, unitary_metric = 0.99999
Error = :1.27e-03; Runtime: 91.4s; Iterations = 1420, grads =   1.995e-04, unitary_metric = 0.99999
Error = :1.23e-03; Runtime: 92.7s; Iterations = 1440, grads =   1.155e-05, unitary_metric = 0.99999
Error = :1.22e-03; Runtime: 93.9s; Iterations = 1460, grads =   1.058e-07, unitary_metric = 0.99999
Error = :1.21e-03; Runtime: 95.2s; Iterations = 1480, grads =   7.941e-08, unitary_metric = 0.99999
Error = :1.20e-03; Runtime: 96.4s; Iterations = 1500, grads =   1.128e-07, unitary_metric = 0.99999
Error = :1.19e-03; Runtime: 97.8s; Iterations = 1520, grads =   5.345e-08, unitary_metric = 0.99999
Error = :1.19e-03; Runtime: 99.1s; Iterations = 1540, grads =   6.361e-08, unitary_metric = 0.99999
Error = :1.18e-03; Runtime: 100.3s; Iterations = 1560, grads =   2.814e-06, unitary_metric = 0.99999
Error = :1.18e-03; Runtime: 101.6s; Iterations = 1580, grads =   2.706e-05, unitary_metric = 0.99999
Error = :1.25e-03; Runtime: 102.8s; Iterations = 1600, grads =   7.098e-04, unitary_metric = 0.99999
Error = :1.17e-03; Runtime: 104.2s; Iterations = 1620, grads =   3.390e-05, unitary_metric = 0.99999
Error = :1.16e-03; Runtime: 105.5s; Iterations = 1640, grads =   2.102e-05, unitary_metric = 0.99999
Error = :1.15e-03; Runtime: 106.7s; Iterations = 1660, grads =   7.465e-06, unitary_metric = 0.99999
Error = :1.15e-03; Runtime: 108.0s; Iterations = 1680, grads =   5.128e-07, unitary_metric = 0.99999
Error = :1.14e-03; Runtime: 109.2s; Iterations = 1700, grads =   1.138e-07, unitary_metric = 0.99999
Error = :1.14e-03; Runtime: 110.6s; Iterations = 1720, grads =   3.128e-08, unitary_metric = 0.99999
Error = :1.13e-03; Runtime: 111.9s; Iterations = 1740, grads =   3.253e-08, unitary_metric = 0.99999
Error = :1.13e-03; Runtime: 113.1s; Iterations = 1760, grads =   2.642e-08, unitary_metric = 0.99999
Error = :1.13e-03; Runtime: 114.4s; Iterations = 1780, grads =   4.046e-08, unitary_metric = 0.99999
Error = :1.13e-03; Runtime: 115.6s; Iterations = 1800, grads =   1.394e-05, unitary_metric = 0.99999
Error = :1.14e-03; Runtime: 117.0s; Iterations = 1820, grads =   8.574e-05, unitary_metric = 0.99999
Error = :1.12e-03; Runtime: 118.3s; Iterations = 1840, grads =   8.243e-06, unitary_metric = 0.99999
Error = :1.12e-03; Runtime: 119.5s; Iterations = 1860, grads =   1.076e-05, unitary_metric = 0.99999
Error = :1.12e-03; Runtime: 120.8s; Iterations = 1880, grads =   1.837e-05, unitary_metric = 0.99999
Error = :1.11e-03; Runtime: 122.1s; Iterations = 1900, grads =   3.837e-05, unitary_metric = 0.99999
Error = :1.11e-03; Runtime: 123.4s; Iterations = 1920, grads =   2.073e-05, unitary_metric = 0.99999
Error = :1.10e-03; Runtime: 124.7s; Iterations = 1940, grads =   3.810e-06, unitary_metric = 0.99999
Error = :1.10e-03; Runtime: 125.9s; Iterations = 1960, grads =   2.293e-07, unitary_metric = 0.99999
Error = :1.10e-03; Runtime: 127.2s; Iterations = 1980, grads =   4.232e-08, unitary_metric = 0.99999
Error = :1.10e-03; Runtime: 128.4s; Iterations = 2000, grads =   2.162e-08, unitary_metric = 0.99999
Error = :1.09e-03; Runtime: 129.8s; Iterations = 2020, grads =   1.510e-08, unitary_metric = 0.99999
Error = :1.09e-03; Runtime: 131.0s; Iterations = 2040, grads =   1.536e-08, unitary_metric = 0.99999
Error = :1.09e-03; Runtime: 132.3s; Iterations = 2060, grads =   6.400e-08, unitary_metric = 0.99999
Error = :1.09e-03; Runtime: 133.5s; Iterations = 2080, grads =   9.405e-06, unitary_metric = 0.99999
Error = :1.09e-03; Runtime: 134.8s; Iterations = 2100, grads =   1.814e-05, unitary_metric = 0.99999
Error = :1.12e-03; Runtime: 136.2s; Iterations = 2120, grads =   2.619e-04, unitary_metric = 0.99999
Error = :1.14e-03; Runtime: 137.5s; Iterations = 2140, grads =   4.186e-04, unitary_metric = 0.99999
Error = :1.08e-03; Runtime: 138.7s; Iterations = 2160, grads =   2.542e-05, unitary_metric = 0.99999
Error = :1.08e-03; Runtime: 140.0s; Iterations = 2180, grads =   1.684e-06, unitary_metric = 0.99999
Error = :1.08e-03; Runtime: 141.2s; Iterations = 2200, grads =   7.110e-07, unitary_metric = 0.99999
Error = :1.08e-03; Runtime: 142.6s; Iterations = 2220, grads =   1.240e-07, unitary_metric = 0.99999
Error = :1.07e-03; Runtime: 143.9s; Iterations = 2240, grads =   2.607e-08, unitary_metric = 0.99999
Error = :1.07e-03; Runtime: 145.2s; Iterations = 2260, grads =   1.012e-08, unitary_metric = 0.99999
Error = :1.07e-03; Runtime: 146.4s; Iterations = 2280, grads =   1.352e-08, unitary_metric = 0.99999
Error = :1.07e-03; Runtime: 147.7s; Iterations = 2300, grads =   9.305e-07, unitary_metric = 0.99999
Error = :1.09e-03; Runtime: 149.0s; Iterations = 2320, grads =   1.109e-04, unitary_metric = 0.99999
Error = :1.08e-03; Runtime: 150.3s; Iterations = 2340, grads =   7.846e-05, unitary_metric = 0.99999
Error = :1.07e-03; Runtime: 151.5s; Iterations = 2360, grads =   6.027e-05, unitary_metric = 0.99999
Error = :1.07e-03; Runtime: 152.8s; Iterations = 2380, grads =   3.039e-06, unitary_metric = 0.99999
Error = :1.08e-03; Runtime: 154.0s; Iterations = 2400, grads =   9.382e-05, unitary_metric = 0.99999
Error = :1.06e-03; Runtime: 155.4s; Iterations = 2420, grads =   5.764e-06, unitary_metric = 0.99999
Error = :1.06e-03; Runtime: 156.7s; Iterations = 2440, grads =   1.185e-05, unitary_metric = 0.99999
Error = :1.06e-03; Runtime: 157.9s; Iterations = 2460, grads =   7.035e-08, unitary_metric = 0.99999
Error = :1.06e-03; Runtime: 159.1s; Iterations = 2480, grads =   1.373e-07, unitary_metric = 0.99999
Error = :1.06e-03; Runtime: 160.4s; Iterations = 2500, grads =   3.069e-08, unitary_metric = 0.99999
Error = :1.06e-03; Runtime: 161.9s; Iterations = 2520, grads =   1.171e-08, unitary_metric = 0.99999
Error = :1.06e-03; Runtime: 163.1s; Iterations = 2540, grads =   3.850e-08, unitary_metric = 0.99999
Error = :1.06e-03; Runtime: 164.4s; Iterations = 2560, grads =   2.786e-06, unitary_metric = 0.99999
Error = :1.08e-03; Runtime: 165.6s; Iterations = 2580, grads =   2.131e-04, unitary_metric = 0.99999
Error = :1.06e-03; Runtime: 166.9s; Iterations = 2600, grads =   2.507e-05, unitary_metric = 0.99999
Error = :1.05e-03; Runtime: 168.3s; Iterations = 2620, grads =   3.086e-06, unitary_metric = 0.99999
Error = :1.05e-03; Runtime: 169.6s; Iterations = 2640, grads =   3.440e-07, unitary_metric = 0.99999
Error = :1.05e-03; Runtime: 170.8s; Iterations = 2660, grads =   4.628e-08, unitary_metric = 0.99999
Error = :1.05e-03; Runtime: 172.1s; Iterations = 2680, grads =   6.999e-07, unitary_metric = 0.99999
Error = :1.08e-03; Runtime: 173.3s; Iterations = 2700, grads =   2.014e-04, unitary_metric = 0.99999
Error = :1.05e-03; Runtime: 174.7s; Iterations = 2720, grads =   1.048e-05, unitary_metric = 0.99999
Error = :1.05e-03; Runtime: 175.9s; Iterations = 2740, grads =   4.095e-06, unitary_metric = 0.99999
Error = :1.05e-03; Runtime: 177.2s; Iterations = 2760, grads =   6.255e-07, unitary_metric = 0.99999
Error = :1.05e-03; Runtime: 178.4s; Iterations = 2780, grads =   3.226e-07, unitary_metric = 0.99999
Error = :1.06e-03; Runtime: 179.7s; Iterations = 2800, grads =   7.204e-05, unitary_metric = 0.99999
Error = :1.06e-03; Runtime: 181.1s; Iterations = 2820, grads =   7.915e-05, unitary_metric = 0.99999
Error = :1.05e-03; Runtime: 182.3s; Iterations = 2840, grads =   7.921e-06, unitary_metric = 0.99999
Error = :1.04e-03; Runtime: 183.6s; Iterations = 2860, grads =   8.139e-07, unitary_metric = 0.99999
Error = :1.04e-03; Runtime: 184.8s; Iterations = 2880, grads =   6.433e-08, unitary_metric = 0.99999
Error = :1.04e-03; Runtime: 186.1s; Iterations = 2900, grads =   3.888e-08, unitary_metric = 0.99999
Error = :1.04e-03; Runtime: 187.5s; Iterations = 2920, grads =   3.019e-08, unitary_metric = 0.99999
Error = :1.04e-03; Runtime: 188.7s; Iterations = 2940, grads =   5.170e-06, unitary_metric = 0.99999
Error = :1.04e-03; Runtime: 190.0s; Iterations = 2960, grads =   2.712e-05, unitary_metric = 0.99999
Error = :1.04e-03; Runtime: 191.2s; Iterations = 2980, grads =   9.398e-07, unitary_metric = 0.99999
Error = :1.04e-03; Runtime: 192.5s; Iterations = 3000, grads =   6.270e-09, unitary_metric = 0.99999
Error = :1.04e-03; Runtime: 193.8s; Iterations = 3020, grads =   2.951e-07, unitary_metric = 0.99999
Error = :1.06e-03; Runtime: 195.1s; Iterations = 3040, grads =   9.337e-05, unitary_metric = 0.99999
Error = :1.04e-03; Runtime: 196.3s; Iterations = 3060, grads =   4.757e-05, unitary_metric = 0.99999
Error = :1.04e-03; Runtime: 197.6s; Iterations = 3080, grads =   2.356e-06, unitary_metric = 0.99999
Error = :1.04e-03; Runtime: 198.8s; Iterations = 3100, grads =   1.521e-08, unitary_metric = 0.99999
Error = :1.04e-03; Runtime: 200.2s; Iterations = 3120, grads =   6.733e-09, unitary_metric = 0.99999
Error = :1.04e-03; Runtime: 201.4s; Iterations = 3140, grads =   1.713e-08, unitary_metric = 0.99999
Error = :1.04e-03; Runtime: 202.7s; Iterations = 3160, grads =   6.346e-09, unitary_metric = 0.99999
Error = :1.04e-03; Runtime: 204.0s; Iterations = 3180, grads =   3.645e-09, unitary_metric = 0.99999
Error = :1.04e-03; Runtime: 205.2s; Iterations = 3200, grads =   4.163e-07, unitary_metric = 0.99999
Error = :1.07e-03; Runtime: 206.6s; Iterations = 3220, grads =   2.505e-04, unitary_metric = 0.99999
Error = :1.04e-03; Runtime: 207.9s; Iterations = 3240, grads =   2.408e-05, unitary_metric = 0.99999
Error = :1.03e-03; Runtime: 209.1s; Iterations = 3260, grads =   1.312e-06, unitary_metric = 0.99999
Error = :1.03e-03; Runtime: 210.4s; Iterations = 3280, grads =   3.898e-07, unitary_metric = 0.99999
Error = :1.03e-03; Runtime: 211.6s; Iterations = 3300, grads =   2.739e-06, unitary_metric = 0.99999
Error = :1.05e-03; Runtime: 213.0s; Iterations = 3320, grads =   1.346e-04, unitary_metric = 0.99999
Error = :1.03e-03; Runtime: 214.2s; Iterations = 3340, grads =   6.813e-06, unitary_metric = 0.99999
Error = :1.03e-03; Runtime: 215.5s; Iterations = 3360, grads =   1.537e-06, unitary_metric = 0.99999
Error = :1.03e-03; Runtime: 216.7s; Iterations = 3380, grads =   3.156e-07, unitary_metric = 0.99999
Error = :1.03e-03; Runtime: 218.0s; Iterations = 3400, grads =   3.638e-08, unitary_metric = 0.99999
Error = :1.03e-03; Runtime: 219.3s; Iterations = 3420, grads =   7.043e-09, unitary_metric = 0.99999
Error = :1.03e-03; Runtime: 220.6s; Iterations = 3440, grads =   1.849e-09, unitary_metric = 0.99999
Error = :1.03e-03; Runtime: 221.9s; Iterations = 3460, grads =   2.129e-09, unitary_metric = 0.99999
Error = :1.03e-03; Runtime: 223.1s; Iterations = 3480, grads =   3.404e-09, unitary_metric = 0.99999
Error = :1.03e-03; Runtime: 224.4s; Iterations = 3500, grads =   1.228e-08, unitary_metric = 0.99999
Error = :1.03e-03; Runtime: 225.7s; Iterations = 3520, grads =   6.962e-07, unitary_metric = 0.99999
Error = :1.05e-03; Runtime: 227.0s; Iterations = 3540, grads =   1.014e-04, unitary_metric = 0.99999
Error = :1.04e-03; Runtime: 228.2s; Iterations = 3560, grads =   2.946e-05, unitary_metric = 0.99999
Error = :1.03e-03; Runtime: 229.5s; Iterations = 3580, grads =   9.535e-06, unitary_metric = 0.99999
Error = :1.03e-03; Runtime: 230.8s; Iterations = 3600, grads =   5.480e-06, unitary_metric = 0.99999
Error = :1.03e-03; Runtime: 232.1s; Iterations = 3620, grads =   4.329e-06, unitary_metric = 0.99999
Error = :1.03e-03; Runtime: 233.4s; Iterations = 3640, grads =   7.515e-07, unitary_metric = 0.99999
Error = :1.03e-03; Runtime: 234.6s; Iterations = 3660, grads =   1.095e-08, unitary_metric = 0.99999
Error = :1.03e-03; Runtime: 235.9s; Iterations = 3680, grads =   1.613e-08, unitary_metric = 0.99999
Error = :1.04e-03; Runtime: 237.1s; Iterations = 3700, grads =   6.290e-09, unitary_metric = 0.99999
Error = :1.04e-03; Runtime: 238.5s; Iterations = 3720, grads =   4.906e-09, unitary_metric = 0.99999
Error = :1.04e-03; Runtime: 239.8s; Iterations = 3740, grads =   5.475e-08, unitary_metric = 0.99999
Error = :1.04e-03; Runtime: 241.0s; Iterations = 3760, grads =   8.974e-06, unitary_metric = 0.99999
Error = :1.04e-03; Runtime: 242.3s; Iterations = 3780, grads =   3.474e-06, unitary_metric = 0.99999
Error = :1.04e-03; Runtime: 243.5s; Iterations = 3800, grads =   1.285e-05, unitary_metric = 0.99999
Error = :1.04e-03; Runtime: 244.9s; Iterations = 3820, grads =   2.268e-05, unitary_metric = 0.99999
Error = :1.04e-03; Runtime: 246.2s; Iterations = 3840, grads =   3.476e-06, unitary_metric = 0.99999
Error = :1.04e-03; Runtime: 247.4s; Iterations = 3860, grads =   4.684e-07, unitary_metric = 0.99999
Error = :1.04e-03; Runtime: 248.7s; Iterations = 3880, grads =   2.806e-08, unitary_metric = 0.99999
Error = :1.04e-03; Runtime: 249.9s; Iterations = 3900, grads =   4.967e-09, unitary_metric = 0.99999
Error = :1.04e-03; Runtime: 251.3s; Iterations = 3920, grads =   1.557e-07, unitary_metric = 0.99999
Error = :1.05e-03; Runtime: 252.5s; Iterations = 3940, grads =   1.430e-05, unitary_metric = 0.99999
Error = :1.05e-03; Runtime: 253.8s; Iterations = 3960, grads =   1.333e-07, unitary_metric = 0.99999
Error = :1.05e-03; Runtime: 255.0s; Iterations = 3980, grads =   2.881e-08, unitary_metric = 0.99999
Error = :1.05e-03; Runtime: 256.3s; Iterations = 4000, grads =   1.154e-06, unitary_metric = 0.99999
Error = :1.07e-03; Runtime: 257.7s; Iterations = 4020, grads =   1.205e-04, unitary_metric = 0.99999
Error = :1.06e-03; Runtime: 258.9s; Iterations = 4040, grads =   9.134e-06, unitary_metric = 0.99999
Error = :1.06e-03; Runtime: 260.2s; Iterations = 4060, grads =   5.321e-05, unitary_metric = 0.99999
Error = :1.06e-03; Runtime: 261.4s; Iterations = 4080, grads =   4.759e-06, unitary_metric = 0.99999
Error = :1.06e-03; Runtime: 262.7s; Iterations = 4100, grads =   7.199e-08, unitary_metric = 0.99999
Error = :1.07e-03; Runtime: 264.1s; Iterations = 4120, grads =   9.276e-08, unitary_metric = 0.99999
Error = :1.07e-03; Runtime: 265.4s; Iterations = 4140, grads =   1.137e-06, unitary_metric = 0.99999
Error = :1.07e-03; Runtime: 266.6s; Iterations = 4160, grads =   4.879e-08, unitary_metric = 0.99999
Error = :1.08e-03; Runtime: 267.9s; Iterations = 4180, grads =   4.507e-07, unitary_metric = 0.99999
Error = :1.08e-03; Runtime: 269.1s; Iterations = 4200, grads =   6.763e-08, unitary_metric = 0.99999
Error = :1.08e-03; Runtime: 270.5s; Iterations = 4220, grads =   2.891e-08, unitary_metric = 0.99999
Error = :1.09e-03; Runtime: 271.7s; Iterations = 4240, grads =   8.709e-07, unitary_metric = 0.99999
Error = :1.11e-03; Runtime: 273.0s; Iterations = 4260, grads =   1.236e-04, unitary_metric = 0.99999
Error = :1.10e-03; Runtime: 274.2s; Iterations = 4280, grads =   2.047e-05, unitary_metric = 0.99999
Error = :1.10e-03; Runtime: 275.5s; Iterations = 4300, grads =   2.276e-06, unitary_metric = 0.99999
Error = :1.10e-03; Runtime: 276.9s; Iterations = 4320, grads =   4.616e-07, unitary_metric = 0.99999
Error = :1.11e-03; Runtime: 278.1s; Iterations = 4340, grads =   8.941e-06, unitary_metric = 0.99999
Error = :1.11e-03; Runtime: 279.4s; Iterations = 4360, grads =   1.355e-07, unitary_metric = 0.99999
Error = :1.11e-03; Runtime: 280.6s; Iterations = 4380, grads =   7.987e-08, unitary_metric = 0.99999
Error = :1.11e-03; Runtime: 281.9s; Iterations = 4400, grads =   3.132e-08, unitary_metric = 0.99999
Error = :1.11e-03; Runtime: 283.3s; Iterations = 4420, grads =   4.642e-07, unitary_metric = 0.99999
Error = :1.11e-03; Runtime: 284.5s; Iterations = 4440, grads =   2.133e-05, unitary_metric = 0.99999
Error = :1.11e-03; Runtime: 285.8s; Iterations = 4460, grads =   4.455e-05, unitary_metric = 0.99999
Error = :1.10e-03; Runtime: 287.0s; Iterations = 4480, grads =   1.202e-07, unitary_metric = 0.99999
Error = :1.10e-03; Runtime: 288.2s; Iterations = 4500, grads =   8.130e-07, unitary_metric = 0.99999
Error = :1.10e-03; Runtime: 289.6s; Iterations = 4520, grads =   1.656e-05, unitary_metric = 0.99999
Error = :1.09e-03; Runtime: 290.9s; Iterations = 4540, grads =   1.827e-05, unitary_metric = 0.99999
Error = :1.08e-03; Runtime: 292.1s; Iterations = 4560, grads =   2.221e-06, unitary_metric = 0.99999
Error = :1.08e-03; Runtime: 293.4s; Iterations = 4580, grads =   3.428e-07, unitary_metric = 0.99999
Error = :1.08e-03; Runtime: 294.6s; Iterations = 4600, grads =   5.898e-08, unitary_metric = 0.99999
Error = :1.08e-03; Runtime: 296.1s; Iterations = 4620, grads =   4.526e-07, unitary_metric = 0.99999
Error = :1.08e-03; Runtime: 297.4s; Iterations = 4640, grads =   2.371e-05, unitary_metric = 0.99999
Error = :1.07e-03; Runtime: 298.6s; Iterations = 4660, grads =   3.944e-06, unitary_metric = 0.99999
Error = :1.07e-03; Runtime: 299.9s; Iterations = 4680, grads =   5.314e-07, unitary_metric = 0.99999
Error = :1.06e-03; Runtime: 301.2s; Iterations = 4700, grads =   2.744e-07, unitary_metric = 0.99999
Error = :1.06e-03; Runtime: 302.5s; Iterations = 4720, grads =   1.010e-08, unitary_metric = 0.99999
Error = :1.06e-03; Runtime: 303.8s; Iterations = 4740, grads =   1.302e-08, unitary_metric = 0.99999
Error = :1.06e-03; Runtime: 305.0s; Iterations = 4760, grads =   5.458e-07, unitary_metric = 0.99999
Error = :1.06e-03; Runtime: 306.2s; Iterations = 4780, grads =   9.095e-06, unitary_metric = 0.99999
Error = :1.06e-03; Runtime: 307.5s; Iterations = 4800, grads =   2.004e-05, unitary_metric = 0.99999
Error = :1.06e-03; Runtime: 308.9s; Iterations = 4820, grads =   1.008e-05, unitary_metric = 0.99999
Error = :1.05e-03; Runtime: 310.1s; Iterations = 4840, grads =   5.525e-06, unitary_metric = 0.99999
Error = :1.05e-03; Runtime: 311.4s; Iterations = 4860, grads =   4.287e-06, unitary_metric = 0.99999
Error = :1.05e-03; Runtime: 312.6s; Iterations = 4880, grads =   2.339e-06, unitary_metric = 0.99999
Error = :1.05e-03; Runtime: 313.9s; Iterations = 4900, grads =   3.322e-07, unitary_metric = 0.99999
Error = :1.05e-03; Runtime: 315.3s; Iterations = 4920, grads =   5.038e-09, unitary_metric = 0.99999
Error = :1.04e-03; Runtime: 316.5s; Iterations = 4940, grads =   1.090e-08, unitary_metric = 0.99999
Error = :1.04e-03; Runtime: 317.8s; Iterations = 4960, grads =   5.652e-09, unitary_metric = 0.99999
Error = :1.04e-03; Runtime: 319.0s; Iterations = 4980, grads =   1.191e-08, unitary_metric = 0.99999
Error = :1.04e-03; Runtime: 320.3s; Iterations = 5000, grads =   5.301e-07, unitary_metric = 0.99999
Error = :1.04e-03; Runtime: 321.7s; Iterations = 5020, grads =   7.766e-06, unitary_metric = 0.99999
Error = :1.04e-03; Runtime: 322.9s; Iterations = 5040, grads =   6.054e-06, unitary_metric = 0.99999
Error = :1.04e-03; Runtime: 324.2s; Iterations = 5060, grads =   3.555e-05, unitary_metric = 0.99999
Error = :1.04e-03; Runtime: 325.4s; Iterations = 5080, grads =   3.821e-06, unitary_metric = 0.99999
Error = :1.04e-03; Runtime: 326.6s; Iterations = 5100, grads =   7.382e-07, unitary_metric = 0.99999
Error = :1.04e-03; Runtime: 328.0s; Iterations = 5120, grads =   1.971e-07, unitary_metric = 0.99999
Error = :1.04e-03; Runtime: 329.3s; Iterations = 5140, grads =   2.069e-08, unitary_metric = 0.99999
Error = :1.04e-03; Runtime: 330.5s; Iterations = 5160, grads =   8.296e-09, unitary_metric = 0.99999
Error = :1.03e-03; Runtime: 331.8s; Iterations = 5180, grads =   4.736e-09, unitary_metric = 0.99999
Error = :1.03e-03; Runtime: 333.0s; Iterations = 5200, grads =   1.321e-08, unitary_metric = 0.99999
Error = :1.03e-03; Runtime: 334.4s; Iterations = 5220, grads =   6.627e-07, unitary_metric = 0.99999
Error = :1.03e-03; Runtime: 335.7s; Iterations = 5240, grads =   3.052e-06, unitary_metric = 0.99999
Error = :1.03e-03; Runtime: 336.9s; Iterations = 5260, grads =   1.802e-05, unitary_metric = 0.99999
Error = :1.03e-03; Runtime: 338.2s; Iterations = 5280, grads =   1.639e-05, unitary_metric = 0.99999
Error = :1.03e-03; Runtime: 339.4s; Iterations = 5300, grads =   1.030e-05, unitary_metric = 0.99999
Error = :1.03e-03; Runtime: 340.8s; Iterations = 5320, grads =   1.134e-06, unitary_metric = 0.99999
Error = :1.03e-03; Runtime: 342.0s; Iterations = 5340, grads =   5.761e-08, unitary_metric = 0.99999
Error = :1.03e-03; Runtime: 343.3s; Iterations = 5360, grads =   7.999e-09, unitary_metric = 0.99999
Error = :1.03e-03; Runtime: 344.5s; Iterations = 5380, grads =   6.922e-09, unitary_metric = 0.99999
Error = :1.03e-03; Runtime: 345.8s; Iterations = 5400, grads =   2.273e-08, unitary_metric = 0.99999
Error = :1.03e-03; Runtime: 347.2s; Iterations = 5420, grads =   4.853e-07, unitary_metric = 0.99999
Error = :1.03e-03; Runtime: 348.4s; Iterations = 5440, grads =   6.176e-06, unitary_metric = 0.99999
Error = :1.03e-03; Runtime: 349.7s; Iterations = 5460, grads =   1.959e-06, unitary_metric = 0.99999
Error = :1.03e-03; Runtime: 350.9s; Iterations = 5480, grads =   1.559e-07, unitary_metric = 0.99999
Error = :1.03e-03; Runtime: 352.2s; Iterations = 5500, grads =   1.343e-05, unitary_metric = 0.99999
Error = :1.03e-03; Runtime: 353.6s; Iterations = 5520, grads =   2.472e-05, unitary_metric = 0.99999
Error = :1.03e-03; Runtime: 354.8s; Iterations = 5540, grads =   2.519e-06, unitary_metric = 0.99999
Error = :1.02e-03; Runtime: 356.1s; Iterations = 5560, grads =   4.637e-07, unitary_metric = 0.99999
Error = :1.02e-03; Runtime: 357.3s; Iterations = 5580, grads =   1.652e-07, unitary_metric = 0.99999
Error = :1.02e-03; Runtime: 358.6s; Iterations = 5600, grads =   3.101e-06, unitary_metric = 0.99999
Error = :1.02e-03; Runtime: 360.0s; Iterations = 5620, grads =   3.105e-06, unitary_metric = 0.99999
Error = :1.02e-03; Runtime: 361.2s; Iterations = 5640, grads =   1.374e-06, unitary_metric = 0.99999
Error = :1.02e-03; Runtime: 362.5s; Iterations = 5660, grads =   5.577e-08, unitary_metric = 0.99999
Error = :1.02e-03; Runtime: 363.7s; Iterations = 5680, grads =   3.790e-08, unitary_metric = 0.99999
Error = :1.02e-03; Runtime: 364.9s; Iterations = 5700, grads =   3.225e-08, unitary_metric = 0.99999
Error = :1.02e-03; Runtime: 366.3s; Iterations = 5720, grads =   2.310e-06, unitary_metric = 0.99999
Error = :1.02e-03; Runtime: 367.6s; Iterations = 5740, grads =   3.170e-07, unitary_metric = 0.99999
Error = :1.02e-03; Runtime: 368.8s; Iterations = 5760, grads =   2.356e-05, unitary_metric = 0.99999
Error = :1.02e-03; Runtime: 370.1s; Iterations = 5780, grads =   2.244e-06, unitary_metric = 0.99999
Error = :1.02e-03; Runtime: 371.3s; Iterations = 5800, grads =   7.166e-07, unitary_metric = 0.99999
Error = :1.02e-03; Runtime: 372.8s; Iterations = 5820, grads =   4.963e-06, unitary_metric = 0.99999
Error = :1.02e-03; Runtime: 374.0s; Iterations = 5840, grads =   1.326e-06, unitary_metric = 0.99999
Error = :1.02e-03; Runtime: 375.3s; Iterations = 5860, grads =   1.469e-07, unitary_metric = 0.99999
Error = :1.02e-03; Runtime: 376.5s; Iterations = 5880, grads =   2.997e-08, unitary_metric = 0.99999
Error = :1.02e-03; Runtime: 377.8s; Iterations = 5900, grads =   6.711e-09, unitary_metric = 0.99999
Error = :1.02e-03; Runtime: 379.1s; Iterations = 5920, grads =   1.589e-08, unitary_metric = 0.99999
Error = :1.02e-03; Runtime: 380.4s; Iterations = 5940, grads =   7.047e-07, unitary_metric = 0.99999
Error = :1.02e-03; Runtime: 381.6s; Iterations = 5960, grads =   1.395e-05, unitary_metric = 0.99999
Error = :1.02e-03; Runtime: 382.9s; Iterations = 5980, grads =   1.413e-05, unitary_metric = 0.99999
Error = :1.02e-03; Runtime: 384.1s; Iterations = 6000, grads =   1.589e-06, unitary_metric = 0.99999
data saved at: /project/ftchong/qoc/pranav/00011_29_lih_slice_81.h5


trying total_time: 4.35 for unitary of size (16, 16)
data saved at: /project/ftchong/qoc/pranav/00012_29_lih_slice_81.h5
Using 7 Taylor terms and 2 Scaling & Squaring terms
Building graph:
Propagators initialized.
Operators weight initialized.
Intermediate propagation variables initialized.
Intermediate propagators initialized.
Vectors initialized.
Training loss initialized.
Optimizer initialized.
Utilities initialized.
Graph built!
Initialized
Error = :8.12e-01; Runtime: 0.2s; Iterations = 0, grads =   9.393e-02, unitary_metric = 1.00000
Error = :5.50e-01; Runtime: 1.9s; Iterations = 20, grads =   2.472e-02, unitary_metric = 1.00000
Error = :4.79e-01; Runtime: 3.3s; Iterations = 40, grads =   5.058e-03, unitary_metric = 0.99999
Error = :2.99e-01; Runtime: 4.8s; Iterations = 60, grads =   7.216e-03, unitary_metric = 1.00000
Error = :5.67e-02; Runtime: 6.2s; Iterations = 80, grads =   8.411e-04, unitary_metric = 1.00000
Error = :9.19e-03; Runtime: 7.7s; Iterations = 100, grads =   1.308e-04, unitary_metric = 1.00000
Error = :1.75e-03; Runtime: 9.3s; Iterations = 120, grads =   1.557e-05, unitary_metric = 0.99999
Error = :9.71e-04; Runtime: 9.9s; Iterations = 128, grads =   7.718e-06, unitary_metric = 0.99999
data saved at: /project/ftchong/qoc/pranav/00012_29_lih_slice_81.h5


trying total_time: 4.05 for unitary of size (16, 16)
data saved at: /project/ftchong/qoc/pranav/00013_29_lih_slice_81.h5
Using 7 Taylor terms and 2 Scaling & Squaring terms
Building graph:
Propagators initialized.
Operators weight initialized.
Intermediate propagation variables initialized.
Intermediate propagators initialized.
Vectors initialized.
Training loss initialized.
Optimizer initialized.
Utilities initialized.
Graph built!
Initialized
Error = :7.76e-01; Runtime: 0.1s; Iterations = 0, grads =   5.378e-02, unitary_metric = 1.00000
Error = :5.35e-01; Runtime: 1.8s; Iterations = 20, grads =   1.206e-02, unitary_metric = 1.00000
Error = :4.77e-01; Runtime: 3.1s; Iterations = 40, grads =   3.965e-03, unitary_metric = 0.99999
Error = :2.86e-01; Runtime: 4.4s; Iterations = 60, grads =   7.163e-03, unitary_metric = 0.99999
Error = :6.63e-02; Runtime: 5.8s; Iterations = 80, grads =   8.626e-04, unitary_metric = 0.99999
Error = :1.55e-02; Runtime: 7.1s; Iterations = 100, grads =   1.484e-04, unitary_metric = 0.99999
Error = :5.10e-03; Runtime: 8.6s; Iterations = 120, grads =   3.037e-05, unitary_metric = 0.99999
Error = :2.27e-03; Runtime: 9.9s; Iterations = 140, grads =   1.111e-05, unitary_metric = 0.99999
Error = :1.21e-03; Runtime: 11.3s; Iterations = 160, grads =   4.971e-06, unitary_metric = 0.99999
Error = :9.90e-04; Runtime: 11.8s; Iterations = 167, grads =   3.905e-06, unitary_metric = 0.99999
data saved at: /project/ftchong/qoc/pranav/00013_29_lih_slice_81.h5


trying total_time: 10.0 for unitary of size (4, 4)
data saved at: /project/ftchong/qoc/pranav/00014_29_lih_slice_81.h5
Using 6 Taylor terms and 1 Scaling & Squaring terms
Building graph:
Propagators initialized.
Operators weight initialized.
Intermediate propagation variables initialized.
Intermediate propagators initialized.
Vectors initialized.
Training loss initialized.
Optimizer initialized.
Utilities initialized.
Graph built!
Initialized
Error = :2.98e-02; Runtime: 0.2s; Iterations = 0, grads =   6.003e-01, unitary_metric = 1.00000
Error = :1.53e-02; Runtime: 2.0s; Iterations = 20, grads =   3.237e-01, unitary_metric = 1.00000
Error = :9.62e-04; Runtime: 2.9s; Iterations = 33, grads =   2.045e-02, unitary_metric = 1.00000
data saved at: /project/ftchong/qoc/pranav/00014_29_lih_slice_81.h5


trying total_time: 5.0 for unitary of size (4, 4)
data saved at: /project/ftchong/qoc/pranav/00015_29_lih_slice_81.h5
Using 6 Taylor terms and 1 Scaling & Squaring terms
Building graph:
Propagators initialized.
Operators weight initialized.
Intermediate propagation variables initialized.
Intermediate propagators initialized.
Vectors initialized.
Training loss initialized.
Optimizer initialized.
Utilities initialized.
Graph built!
Initialized
Error = :1.52e-01; Runtime: 0.1s; Iterations = 0, grads =   1.412e+00, unitary_metric = 1.00000
Error = :7.76e-03; Runtime: 1.1s; Iterations = 20, grads =   8.434e-02, unitary_metric = 1.00000
Error = :1.17e-04; Runtime: 1.1s; Iterations = 22, grads =   1.019e-03, unitary_metric = 1.00000
data saved at: /project/ftchong/qoc/pranav/00015_29_lih_slice_81.h5


trying total_time: 2.5 for unitary of size (4, 4)
data saved at: /project/ftchong/qoc/pranav/00016_29_lih_slice_81.h5
Using 6 Taylor terms and 1 Scaling & Squaring terms
Building graph:
Propagators initialized.
Operators weight initialized.
Intermediate propagation variables initialized.
Intermediate propagators initialized.
Vectors initialized.
Training loss initialized.
Optimizer initialized.
Utilities initialized.
Graph built!
Initialized
Error = :3.99e-03; Runtime: 0.1s; Iterations = 0, grads =   1.351e-02, unitary_metric = 1.00000
Error = :2.97e-04; Runtime: 0.4s; Iterations = 7, grads =   1.033e-03, unitary_metric = 1.00000
data saved at: /project/ftchong/qoc/pranav/00016_29_lih_slice_81.h5


trying total_time: 1.25 for unitary of size (4, 4)
data saved at: /project/ftchong/qoc/pranav/00017_29_lih_slice_81.h5
Using 6 Taylor terms and 1 Scaling & Squaring terms
Building graph:
Propagators initialized.
Operators weight initialized.
Intermediate propagation variables initialized.
Intermediate propagators initialized.
Vectors initialized.
Training loss initialized.
Optimizer initialized.
Utilities initialized.
Graph built!
Initialized
Error = :1.26e-01; Runtime: 0.1s; Iterations = 0, grads =   2.919e-01, unitary_metric = 1.00000
Error = :5.99e-04; Runtime: 0.3s; Iterations = 20, grads =   1.529e-03, unitary_metric = 1.00000
data saved at: /project/ftchong/qoc/pranav/00017_29_lih_slice_81.h5


trying total_time: 0.6 for unitary of size (4, 4)
data saved at: /project/ftchong/qoc/pranav/00018_29_lih_slice_81.h5
Using 7 Taylor terms and 0 Scaling & Squaring terms
Building graph:
Propagators initialized.
Operators weight initialized.
Intermediate propagation variables initialized.
Intermediate propagators initialized.
Vectors initialized.
Training loss initialized.
Optimizer initialized.
Utilities initialized.
Graph built!
Initialized
Error = :6.66e-02; Runtime: 0.0s; Iterations = 0, grads =   6.867e-02, unitary_metric = 1.00000
Error = :9.64e-04; Runtime: 0.2s; Iterations = 10, grads =   8.656e-05, unitary_metric = 1.00000
data saved at: /project/ftchong/qoc/pranav/00018_29_lih_slice_81.h5


trying total_time: 0.3 for unitary of size (4, 4)
data saved at: /project/ftchong/qoc/pranav/00019_29_lih_slice_81.h5
Using 5 Taylor terms and 1 Scaling & Squaring terms
Building graph:
Propagators initialized.
Operators weight initialized.
Intermediate propagation variables initialized.
Intermediate propagators initialized.
Vectors initialized.
Training loss initialized.
Optimizer initialized.
Utilities initialized.
Graph built!
Initialized
Error = :2.42e-01; Runtime: 0.0s; Iterations = 0, grads =   9.262e-02, unitary_metric = 1.00000
Error = :2.83e-02; Runtime: 0.2s; Iterations = 20, grads =   1.584e-02, unitary_metric = 1.00000
Error = :8.30e-04; Runtime: 0.2s; Iterations = 31, grads =   4.636e-04, unitary_metric = 1.00000
data saved at: /project/ftchong/qoc/pranav/00019_29_lih_slice_81.h5




[0.3, 4.05, 0.3]
TIME FOR SLICE IS:
4.05
