Running Block:  301


trying total_time: 10.0 for unitary of size (4, 4)
data saved at: /project/ftchong/qoc/pranav/00000_31_nah_slice_301.h5
Using 6 Taylor terms and 1 Scaling & Squaring terms
Building graph:
Propagators initialized.
Operators weight initialized.
Intermediate propagation variables initialized.
Intermediate propagators initialized.
Vectors initialized.
Training loss initialized.
Optimizer initialized.
Utilities initialized.
Graph built!
Initialized
Error = :3.33e-01; Runtime: 0.2s; Iterations = 0, grads =   4.458e+00, unitary_metric = 1.00000
Error = :1.42e-02; Runtime: 2.0s; Iterations = 20, grads =   3.026e-01, unitary_metric = 1.00000
Error = :2.87e-04; Runtime: 3.2s; Iterations = 38, grads =   5.087e-03, unitary_metric = 1.00000
data saved at: /project/ftchong/qoc/pranav/00000_31_nah_slice_301.h5


trying total_time: 5.0 for unitary of size (4, 4)
data saved at: /project/ftchong/qoc/pranav/00001_31_nah_slice_301.h5
Using 6 Taylor terms and 1 Scaling & Squaring terms
Building graph:
Propagators initialized.
Operators weight initialized.
Intermediate propagation variables initialized.
Intermediate propagators initialized.
Vectors initialized.
Training loss initialized.
Optimizer initialized.
Utilities initialized.
Graph built!
Initialized
Error = :5.58e-02; Runtime: 0.1s; Iterations = 0, grads =   5.696e-01, unitary_metric = 1.00000
Error = :7.81e-03; Runtime: 1.1s; Iterations = 20, grads =   8.364e-02, unitary_metric = 1.00000
Error = :6.50e-04; Runtime: 1.2s; Iterations = 23, grads =   6.665e-03, unitary_metric = 1.00000
data saved at: /project/ftchong/qoc/pranav/00001_31_nah_slice_301.h5


trying total_time: 2.5 for unitary of size (4, 4)
data saved at: /project/ftchong/qoc/pranav/00002_31_nah_slice_301.h5
Using 6 Taylor terms and 1 Scaling & Squaring terms
Building graph:
Propagators initialized.
Operators weight initialized.
Intermediate propagation variables initialized.
Intermediate propagators initialized.
Vectors initialized.
Training loss initialized.
Optimizer initialized.
Utilities initialized.
Graph built!
Initialized
Error = :3.49e-02; Runtime: 0.1s; Iterations = 0, grads =   1.818e-01, unitary_metric = 1.00000
Error = :9.83e-04; Runtime: 0.3s; Iterations = 1, grads =   3.038e-03, unitary_metric = 1.00000
data saved at: /project/ftchong/qoc/pranav/00002_31_nah_slice_301.h5


trying total_time: 1.25 for unitary of size (4, 4)
data saved at: /project/ftchong/qoc/pranav/00003_31_nah_slice_301.h5
Using 6 Taylor terms and 1 Scaling & Squaring terms
Building graph:
Propagators initialized.
Operators weight initialized.
Intermediate propagation variables initialized.
Intermediate propagators initialized.
Vectors initialized.
Training loss initialized.
Optimizer initialized.
Utilities initialized.
Graph built!
Initialized
Error = :1.57e-01; Runtime: 0.1s; Iterations = 0, grads =   3.478e-01, unitary_metric = 1.00000
Error = :6.22e-04; Runtime: 0.2s; Iterations = 7, grads =   1.315e-03, unitary_metric = 1.00000
data saved at: /project/ftchong/qoc/pranav/00003_31_nah_slice_301.h5


trying total_time: 0.6 for unitary of size (4, 4)
data saved at: /project/ftchong/qoc/pranav/00004_31_nah_slice_301.h5
Using 7 Taylor terms and 0 Scaling & Squaring terms
Building graph:
Propagators initialized.
Operators weight initialized.
Intermediate propagation variables initialized.
Intermediate propagators initialized.
Vectors initialized.
Training loss initialized.
Optimizer initialized.
Utilities initialized.
Graph built!
Initialized
Error = :2.99e-02; Runtime: 0.0s; Iterations = 0, grads =   3.520e-02, unitary_metric = 1.00000
Error = :9.29e-04; Runtime: 0.2s; Iterations = 4, grads =   4.728e-04, unitary_metric = 1.00000
data saved at: /project/ftchong/qoc/pranav/00004_31_nah_slice_301.h5


trying total_time: 0.3 for unitary of size (4, 4)
data saved at: /project/ftchong/qoc/pranav/00005_31_nah_slice_301.h5
Using 5 Taylor terms and 1 Scaling & Squaring terms
Building graph:
Propagators initialized.
Operators weight initialized.
Intermediate propagation variables initialized.
Intermediate propagators initialized.
Vectors initialized.
Training loss initialized.
Optimizer initialized.
Utilities initialized.
Graph built!
Initialized
Error = :6.57e-03; Runtime: 0.0s; Iterations = 0, grads =   2.827e-03, unitary_metric = 1.00000
Error = :9.40e-04; Runtime: 0.1s; Iterations = 12, grads =   2.140e-04, unitary_metric = 1.00000
data saved at: /project/ftchong/qoc/pranav/00005_31_nah_slice_301.h5


trying total_time: 40.0 for unitary of size (16, 16)
data saved at: /project/ftchong/qoc/pranav/00006_31_nah_slice_301.h5
Using 5 Taylor terms and 4 Scaling & Squaring terms
Building graph:
Propagators initialized.
Operators weight initialized.
Intermediate propagation variables initialized.
Intermediate propagators initialized.
Vectors initialized.
Training loss initialized.
Optimizer initialized.
Utilities initialized.
Graph built!
Initialized
Error = :9.48e-01; Runtime: 1.3s; Iterations = 0, grads =   4.436e-02, unitary_metric = 1.00033
Error = :6.60e-01; Runtime: 18.3s; Iterations = 20, grads =   3.067e+00, unitary_metric = 1.00029
Error = :7.08e-02; Runtime: 33.1s; Iterations = 40, grads =   2.284e+00, unitary_metric = 1.00025
Error = :8.93e-03; Runtime: 47.9s; Iterations = 60, grads =   3.533e-01, unitary_metric = 1.00024
Error = :1.63e-03; Runtime: 62.7s; Iterations = 80, grads =   6.904e-02, unitary_metric = 1.00025
Error = :3.85e-03; Runtime: 77.5s; Iterations = 100, grads =   2.304e-01, unitary_metric = 1.00026
Error = :8.47e-04; Runtime: 82.2s; Iterations = 105, grads =   4.900e-02, unitary_metric = 1.00025
data saved at: /project/ftchong/qoc/pranav/00006_31_nah_slice_301.h5


trying total_time: 20.0 for unitary of size (16, 16)
data saved at: /project/ftchong/qoc/pranav/00007_31_nah_slice_301.h5
Using 7 Taylor terms and 2 Scaling & Squaring terms
Building graph:
Propagators initialized.
Operators weight initialized.
Intermediate propagation variables initialized.
Intermediate propagators initialized.
Vectors initialized.
Training loss initialized.
Optimizer initialized.
Utilities initialized.
Graph built!
Initialized
Error = :9.36e-01; Runtime: 0.7s; Iterations = 0, grads =   1.577e-02, unitary_metric = 1.00001
Error = :6.59e-01; Runtime: 8.9s; Iterations = 20, grads =   1.192e-01, unitary_metric = 1.00001
Error = :4.40e-01; Runtime: 16.2s; Iterations = 40, grads =   6.549e-02, unitary_metric = 1.00000
Error = :1.46e-02; Runtime: 23.4s; Iterations = 60, grads =   2.598e-02, unitary_metric = 1.00000
Error = :3.23e-03; Runtime: 30.6s; Iterations = 80, grads =   1.761e-02, unitary_metric = 0.99999
Error = :9.64e-04; Runtime: 35.6s; Iterations = 94, grads =   8.872e-04, unitary_metric = 0.99999
data saved at: /project/ftchong/qoc/pranav/00007_31_nah_slice_301.h5


trying total_time: 10.0 for unitary of size (16, 16)
data saved at: /project/ftchong/qoc/pranav/00008_31_nah_slice_301.h5
Using 7 Taylor terms and 2 Scaling & Squaring terms
Building graph:
Propagators initialized.
Operators weight initialized.
Intermediate propagation variables initialized.
Intermediate propagators initialized.
Vectors initialized.
Training loss initialized.
Optimizer initialized.
Utilities initialized.
Graph built!
Initialized
Error = :9.49e-01; Runtime: 0.3s; Iterations = 0, grads =   9.852e-03, unitary_metric = 1.00000
Error = :7.34e-01; Runtime: 4.4s; Iterations = 20, grads =   1.312e-02, unitary_metric = 1.00000
Error = :5.52e-01; Runtime: 7.8s; Iterations = 40, grads =   4.608e-03, unitary_metric = 0.99999
Error = :4.62e-01; Runtime: 11.3s; Iterations = 60, grads =   3.359e-03, unitary_metric = 0.99999
Error = :1.18e-01; Runtime: 14.7s; Iterations = 80, grads =   1.190e-02, unitary_metric = 0.99999
Error = :2.04e-03; Runtime: 18.2s; Iterations = 100, grads =   1.776e-02, unitary_metric = 0.99999
Error = :1.29e-03; Runtime: 21.9s; Iterations = 120, grads =   4.018e-03, unitary_metric = 0.99999
Error = :8.74e-04; Runtime: 22.1s; Iterations = 121, grads =   1.548e-03, unitary_metric = 0.99999
data saved at: /project/ftchong/qoc/pranav/00008_31_nah_slice_301.h5


trying total_time: 5.0 for unitary of size (16, 16)
data saved at: /project/ftchong/qoc/pranav/00009_31_nah_slice_301.h5
Using 7 Taylor terms and 2 Scaling & Squaring terms
Building graph:
Propagators initialized.
Operators weight initialized.
Intermediate propagation variables initialized.
Intermediate propagators initialized.
Vectors initialized.
Training loss initialized.
Optimizer initialized.
Utilities initialized.
Graph built!
Initialized
Error = :9.53e-01; Runtime: 0.2s; Iterations = 0, grads =   7.616e-03, unitary_metric = 1.00000
Error = :7.76e-01; Runtime: 2.3s; Iterations = 20, grads =   2.830e-03, unitary_metric = 1.00000
Error = :6.44e-01; Runtime: 4.0s; Iterations = 40, grads =   2.130e-03, unitary_metric = 0.99999
Error = :5.42e-01; Runtime: 5.8s; Iterations = 60, grads =   6.366e-04, unitary_metric = 0.99999
Error = :4.66e-01; Runtime: 7.5s; Iterations = 80, grads =   8.132e-04, unitary_metric = 0.99999
Error = :3.15e-01; Runtime: 9.2s; Iterations = 100, grads =   9.713e-04, unitary_metric = 0.99999
Error = :1.67e-01; Runtime: 11.2s; Iterations = 120, grads =   7.543e-04, unitary_metric = 0.99999
Error = :9.15e-02; Runtime: 12.9s; Iterations = 140, grads =   4.285e-04, unitary_metric = 0.99999
Error = :5.66e-02; Runtime: 14.6s; Iterations = 160, grads =   1.884e-04, unitary_metric = 0.99999
Error = :3.97e-02; Runtime: 16.4s; Iterations = 180, grads =   5.283e-05, unitary_metric = 0.99998
Error = :3.17e-02; Runtime: 18.1s; Iterations = 200, grads =   2.187e-05, unitary_metric = 0.99999
Error = :2.75e-02; Runtime: 20.0s; Iterations = 220, grads =   1.272e-05, unitary_metric = 0.99999
Error = :2.49e-02; Runtime: 21.8s; Iterations = 240, grads =   8.915e-06, unitary_metric = 0.99999
Error = :2.30e-02; Runtime: 23.5s; Iterations = 260, grads =   1.132e-05, unitary_metric = 0.99998
Error = :2.15e-02; Runtime: 25.3s; Iterations = 280, grads =   3.629e-04, unitary_metric = 0.99998
Error = :2.04e-02; Runtime: 27.0s; Iterations = 300, grads =   3.556e-04, unitary_metric = 0.99999
Error = :1.96e-02; Runtime: 28.9s; Iterations = 320, grads =   3.879e-05, unitary_metric = 0.99998
Error = :1.89e-02; Runtime: 30.7s; Iterations = 340, grads =   1.009e-05, unitary_metric = 0.99998
Error = :1.85e-02; Runtime: 32.4s; Iterations = 360, grads =   3.287e-06, unitary_metric = 0.99998
Error = :1.81e-02; Runtime: 34.1s; Iterations = 380, grads =   1.847e-06, unitary_metric = 0.99998
Error = :1.78e-02; Runtime: 35.9s; Iterations = 400, grads =   1.364e-06, unitary_metric = 0.99998
Error = :1.76e-02; Runtime: 37.8s; Iterations = 420, grads =   1.025e-06, unitary_metric = 0.99998
Error = :1.74e-02; Runtime: 39.5s; Iterations = 440, grads =   9.184e-07, unitary_metric = 0.99998
Error = :1.72e-02; Runtime: 41.2s; Iterations = 460, grads =   2.485e-04, unitary_metric = 0.99998
Error = :1.70e-02; Runtime: 43.0s; Iterations = 480, grads =   6.003e-06, unitary_metric = 0.99998
Error = :1.70e-02; Runtime: 44.7s; Iterations = 500, grads =   6.352e-04, unitary_metric = 0.99998
Error = :1.67e-02; Runtime: 46.6s; Iterations = 520, grads =   6.064e-05, unitary_metric = 0.99998
Error = :1.66e-02; Runtime: 48.4s; Iterations = 540, grads =   1.088e-05, unitary_metric = 0.99998
Error = :1.67e-02; Runtime: 50.1s; Iterations = 560, grads =   1.308e-03, unitary_metric = 0.99998
Error = :1.64e-02; Runtime: 51.8s; Iterations = 580, grads =   1.373e-06, unitary_metric = 0.99998
Error = :1.64e-02; Runtime: 53.6s; Iterations = 600, grads =   2.412e-05, unitary_metric = 0.99998
Error = :1.63e-02; Runtime: 55.5s; Iterations = 620, grads =   4.283e-06, unitary_metric = 0.99998
Error = :1.62e-02; Runtime: 57.2s; Iterations = 640, grads =   5.854e-07, unitary_metric = 0.99998
Error = :1.61e-02; Runtime: 58.9s; Iterations = 660, grads =   3.515e-07, unitary_metric = 0.99998
Error = :1.61e-02; Runtime: 60.7s; Iterations = 680, grads =   2.879e-04, unitary_metric = 0.99998
Error = :1.60e-02; Runtime: 62.4s; Iterations = 700, grads =   4.399e-05, unitary_metric = 0.99998
Error = :1.60e-02; Runtime: 64.4s; Iterations = 720, grads =   3.250e-04, unitary_metric = 0.99998
Error = :1.59e-02; Runtime: 66.1s; Iterations = 740, grads =   2.635e-05, unitary_metric = 0.99998
Error = :1.58e-02; Runtime: 67.8s; Iterations = 760, grads =   4.331e-06, unitary_metric = 0.99998
Error = :1.58e-02; Runtime: 69.6s; Iterations = 780, grads =   4.824e-07, unitary_metric = 0.99998
Error = :1.57e-02; Runtime: 71.3s; Iterations = 800, grads =   3.254e-07, unitary_metric = 0.99998
Error = :1.58e-02; Runtime: 73.2s; Iterations = 820, grads =   7.256e-04, unitary_metric = 0.99998
Error = :1.57e-02; Runtime: 74.9s; Iterations = 840, grads =   2.404e-04, unitary_metric = 0.99998
Error = :1.56e-02; Runtime: 76.7s; Iterations = 860, grads =   2.884e-05, unitary_metric = 0.99998
Error = :1.56e-02; Runtime: 78.4s; Iterations = 880, grads =   2.165e-06, unitary_metric = 0.99998
Error = :1.55e-02; Runtime: 80.1s; Iterations = 900, grads =   2.181e-05, unitary_metric = 0.99999
Error = :1.55e-02; Runtime: 82.0s; Iterations = 920, grads =   2.518e-04, unitary_metric = 0.99998
Error = :1.55e-02; Runtime: 83.8s; Iterations = 940, grads =   8.184e-04, unitary_metric = 0.99998
Error = :1.54e-02; Runtime: 85.5s; Iterations = 960, grads =   1.168e-05, unitary_metric = 0.99998
Error = :1.53e-02; Runtime: 87.3s; Iterations = 980, grads =   1.858e-05, unitary_metric = 0.99998
Error = :1.53e-02; Runtime: 89.0s; Iterations = 1000, grads =   3.022e-06, unitary_metric = 0.99998
Error = :1.52e-02; Runtime: 90.9s; Iterations = 1020, grads =   4.278e-07, unitary_metric = 0.99998
Error = :1.52e-02; Runtime: 92.7s; Iterations = 1040, grads =   1.651e-07, unitary_metric = 0.99998
Error = :1.52e-02; Runtime: 94.4s; Iterations = 1060, grads =   1.615e-07, unitary_metric = 0.99998
Error = :1.51e-02; Runtime: 96.1s; Iterations = 1080, grads =   1.558e-07, unitary_metric = 0.99998
Error = :1.51e-02; Runtime: 97.9s; Iterations = 1100, grads =   1.602e-07, unitary_metric = 0.99998
Error = :1.50e-02; Runtime: 99.8s; Iterations = 1120, grads =   1.933e-05, unitary_metric = 0.99998
Error = :1.51e-02; Runtime: 101.5s; Iterations = 1140, grads =   5.937e-04, unitary_metric = 0.99999
Error = :1.50e-02; Runtime: 103.3s; Iterations = 1160, grads =   5.884e-04, unitary_metric = 0.99999
Error = :1.49e-02; Runtime: 105.0s; Iterations = 1180, grads =   1.580e-04, unitary_metric = 0.99998
Error = :1.49e-02; Runtime: 106.7s; Iterations = 1200, grads =   2.348e-05, unitary_metric = 0.99999
Error = :1.49e-02; Runtime: 108.7s; Iterations = 1220, grads =   5.474e-06, unitary_metric = 0.99999
Error = :1.48e-02; Runtime: 110.4s; Iterations = 1240, grads =   6.137e-07, unitary_metric = 0.99999
Error = :1.48e-02; Runtime: 112.2s; Iterations = 1260, grads =   3.999e-07, unitary_metric = 0.99999
Error = :1.48e-02; Runtime: 113.9s; Iterations = 1280, grads =   1.030e-06, unitary_metric = 0.99998
Error = :1.47e-02; Runtime: 115.7s; Iterations = 1300, grads =   2.725e-04, unitary_metric = 0.99998
Error = :1.47e-02; Runtime: 117.6s; Iterations = 1320, grads =   2.092e-04, unitary_metric = 0.99998
Error = :1.47e-02; Runtime: 119.3s; Iterations = 1340, grads =   4.576e-06, unitary_metric = 0.99999
Error = :1.47e-02; Runtime: 121.0s; Iterations = 1360, grads =   4.522e-04, unitary_metric = 0.99998
Error = :1.46e-02; Runtime: 122.8s; Iterations = 1380, grads =   4.520e-05, unitary_metric = 0.99999
Error = :1.46e-02; Runtime: 124.5s; Iterations = 1400, grads =   1.065e-06, unitary_metric = 0.99998
Error = :1.45e-02; Runtime: 126.4s; Iterations = 1420, grads =   8.049e-07, unitary_metric = 0.99999
Error = :1.45e-02; Runtime: 128.2s; Iterations = 1440, grads =   1.798e-07, unitary_metric = 0.99999
Error = :1.45e-02; Runtime: 129.9s; Iterations = 1460, grads =   1.434e-07, unitary_metric = 0.99998
Error = :1.45e-02; Runtime: 131.6s; Iterations = 1480, grads =   5.700e-06, unitary_metric = 0.99998
Error = :1.46e-02; Runtime: 133.4s; Iterations = 1500, grads =   1.446e-03, unitary_metric = 0.99998
Error = :1.44e-02; Runtime: 135.3s; Iterations = 1520, grads =   1.904e-05, unitary_metric = 0.99998
Error = :1.44e-02; Runtime: 137.0s; Iterations = 1540, grads =   2.678e-05, unitary_metric = 0.99999
Error = :1.44e-02; Runtime: 138.7s; Iterations = 1560, grads =   3.490e-06, unitary_metric = 0.99999
Error = :1.43e-02; Runtime: 140.5s; Iterations = 1580, grads =   3.716e-05, unitary_metric = 0.99999
Error = :1.43e-02; Runtime: 142.2s; Iterations = 1600, grads =   6.769e-05, unitary_metric = 0.99998
Error = :1.43e-02; Runtime: 144.1s; Iterations = 1620, grads =   8.420e-06, unitary_metric = 0.99998
Error = :1.43e-02; Runtime: 145.9s; Iterations = 1640, grads =   1.171e-06, unitary_metric = 0.99998
Error = :1.43e-02; Runtime: 147.6s; Iterations = 1660, grads =   1.061e-07, unitary_metric = 0.99998
Error = :1.42e-02; Runtime: 149.4s; Iterations = 1680, grads =   8.312e-08, unitary_metric = 0.99999
Error = :1.42e-02; Runtime: 151.1s; Iterations = 1700, grads =   5.886e-08, unitary_metric = 0.99998
Error = :1.42e-02; Runtime: 153.0s; Iterations = 1720, grads =   4.551e-07, unitary_metric = 0.99999
Error = :1.43e-02; Runtime: 154.7s; Iterations = 1740, grads =   8.566e-04, unitary_metric = 0.99999
Error = :1.42e-02; Runtime: 156.5s; Iterations = 1760, grads =   3.228e-04, unitary_metric = 0.99998
Error = :1.42e-02; Runtime: 158.2s; Iterations = 1780, grads =   6.745e-05, unitary_metric = 0.99998
Error = :1.42e-02; Runtime: 160.0s; Iterations = 1800, grads =   4.502e-04, unitary_metric = 0.99998
Error = :1.41e-02; Runtime: 161.9s; Iterations = 1820, grads =   6.975e-05, unitary_metric = 0.99999
Error = :1.41e-02; Runtime: 163.7s; Iterations = 1840, grads =   1.107e-05, unitary_metric = 0.99998
Error = :1.41e-02; Runtime: 165.4s; Iterations = 1860, grads =   6.836e-07, unitary_metric = 0.99999
Error = :1.42e-02; Runtime: 167.1s; Iterations = 1880, grads =   1.223e-07, unitary_metric = 0.99999
Error = :1.42e-02; Runtime: 168.9s; Iterations = 1900, grads =   8.728e-08, unitary_metric = 0.99998
Error = :1.43e-02; Runtime: 170.8s; Iterations = 1920, grads =   1.194e-07, unitary_metric = 0.99998
Error = :1.43e-02; Runtime: 172.6s; Iterations = 1940, grads =   1.694e-07, unitary_metric = 0.99998
Error = :1.43e-02; Runtime: 174.3s; Iterations = 1960, grads =   2.046e-07, unitary_metric = 0.99998
Error = :1.43e-02; Runtime: 176.0s; Iterations = 1980, grads =   2.202e-07, unitary_metric = 0.99998
Error = :1.42e-02; Runtime: 177.8s; Iterations = 2000, grads =   2.844e-06, unitary_metric = 0.99998
Error = :1.42e-02; Runtime: 179.7s; Iterations = 2020, grads =   1.240e-04, unitary_metric = 0.99998
Error = :1.41e-02; Runtime: 181.4s; Iterations = 2040, grads =   2.548e-04, unitary_metric = 0.99998
Error = :1.41e-02; Runtime: 183.2s; Iterations = 2060, grads =   1.018e-04, unitary_metric = 0.99998
Error = :1.41e-02; Runtime: 184.9s; Iterations = 2080, grads =   6.284e-05, unitary_metric = 0.99998
Error = :1.41e-02; Runtime: 186.6s; Iterations = 2100, grads =   5.507e-05, unitary_metric = 0.99998
Error = :1.40e-02; Runtime: 188.6s; Iterations = 2120, grads =   6.327e-06, unitary_metric = 0.99998
Error = :1.40e-02; Runtime: 190.3s; Iterations = 2140, grads =   1.043e-06, unitary_metric = 0.99998
Error = :1.40e-02; Runtime: 192.0s; Iterations = 2160, grads =   1.745e-07, unitary_metric = 0.99998
Error = :1.40e-02; Runtime: 193.8s; Iterations = 2180, grads =   1.219e-07, unitary_metric = 0.99998
Error = :1.40e-02; Runtime: 195.5s; Iterations = 2200, grads =   1.371e-07, unitary_metric = 0.99998
Error = :1.40e-02; Runtime: 197.4s; Iterations = 2220, grads =   1.647e-07, unitary_metric = 0.99999
Error = :1.40e-02; Runtime: 199.2s; Iterations = 2240, grads =   1.942e-07, unitary_metric = 0.99999
Error = :1.40e-02; Runtime: 200.9s; Iterations = 2260, grads =   5.782e-06, unitary_metric = 0.99998
Error = :1.40e-02; Runtime: 202.6s; Iterations = 2280, grads =   2.918e-04, unitary_metric = 0.99999
Error = :1.40e-02; Runtime: 204.4s; Iterations = 2300, grads =   2.179e-04, unitary_metric = 0.99998
Error = :1.39e-02; Runtime: 206.3s; Iterations = 2320, grads =   5.728e-05, unitary_metric = 0.99998
Error = :1.39e-02; Runtime: 208.1s; Iterations = 2340, grads =   4.149e-06, unitary_metric = 0.99998
Error = :1.39e-02; Runtime: 209.8s; Iterations = 2360, grads =   4.915e-07, unitary_metric = 0.99999
Error = :1.39e-02; Runtime: 211.5s; Iterations = 2380, grads =   1.106e-07, unitary_metric = 0.99998
Error = :1.39e-02; Runtime: 213.3s; Iterations = 2400, grads =   5.622e-08, unitary_metric = 0.99998
Error = :1.38e-02; Runtime: 215.2s; Iterations = 2420, grads =   4.624e-08, unitary_metric = 0.99999
Error = :1.38e-02; Runtime: 217.0s; Iterations = 2440, grads =   4.144e-08, unitary_metric = 0.99998
Error = :1.38e-02; Runtime: 218.7s; Iterations = 2460, grads =   5.351e-08, unitary_metric = 0.99999
Error = :1.38e-02; Runtime: 220.5s; Iterations = 2480, grads =   5.284e-06, unitary_metric = 0.99999
Error = :1.38e-02; Runtime: 222.2s; Iterations = 2500, grads =   3.515e-05, unitary_metric = 0.99999
Error = :1.38e-02; Runtime: 224.2s; Iterations = 2520, grads =   3.366e-06, unitary_metric = 0.99999
Error = :1.38e-02; Runtime: 226.0s; Iterations = 2540, grads =   1.040e-05, unitary_metric = 0.99998
Error = :1.38e-02; Runtime: 227.7s; Iterations = 2560, grads =   1.091e-05, unitary_metric = 0.99998
Error = :1.38e-02; Runtime: 229.5s; Iterations = 2580, grads =   2.695e-05, unitary_metric = 0.99999
Error = :1.38e-02; Runtime: 231.2s; Iterations = 2600, grads =   2.354e-04, unitary_metric = 0.99998
Error = :1.37e-02; Runtime: 233.1s; Iterations = 2620, grads =   1.446e-06, unitary_metric = 0.99998
Error = :1.37e-02; Runtime: 234.8s; Iterations = 2640, grads =   4.821e-06, unitary_metric = 0.99998
Error = :1.37e-02; Runtime: 236.6s; Iterations = 2660, grads =   5.984e-07, unitary_metric = 0.99998
Error = :1.37e-02; Runtime: 238.3s; Iterations = 2680, grads =   1.002e-07, unitary_metric = 0.99998
Error = :1.37e-02; Runtime: 240.1s; Iterations = 2700, grads =   3.988e-06, unitary_metric = 0.99998
Error = :1.37e-02; Runtime: 242.0s; Iterations = 2720, grads =   3.297e-05, unitary_metric = 0.99998
Error = :1.37e-02; Runtime: 243.7s; Iterations = 2740, grads =   7.214e-06, unitary_metric = 0.99998
Error = :1.37e-02; Runtime: 245.5s; Iterations = 2760, grads =   5.496e-06, unitary_metric = 0.99998
Error = :1.37e-02; Runtime: 247.2s; Iterations = 2780, grads =   1.530e-06, unitary_metric = 0.99999
Error = :1.37e-02; Runtime: 249.0s; Iterations = 2800, grads =   2.209e-07, unitary_metric = 0.99998
Error = :1.37e-02; Runtime: 250.9s; Iterations = 2820, grads =   5.241e-08, unitary_metric = 0.99998
Error = :1.37e-02; Runtime: 252.6s; Iterations = 2840, grads =   7.174e-08, unitary_metric = 0.99998
Error = :1.37e-02; Runtime: 254.3s; Iterations = 2860, grads =   9.729e-06, unitary_metric = 0.99998
Error = :1.37e-02; Runtime: 256.1s; Iterations = 2880, grads =   2.653e-05, unitary_metric = 0.99998
Error = :1.37e-02; Runtime: 257.8s; Iterations = 2900, grads =   3.617e-06, unitary_metric = 0.99998
Error = :1.37e-02; Runtime: 259.7s; Iterations = 2920, grads =   1.356e-05, unitary_metric = 0.99998
Error = :1.37e-02; Runtime: 261.4s; Iterations = 2940, grads =   3.197e-05, unitary_metric = 0.99998
Error = :1.36e-02; Runtime: 263.2s; Iterations = 2960, grads =   1.804e-07, unitary_metric = 0.99998
Error = :1.36e-02; Runtime: 264.9s; Iterations = 2980, grads =   7.034e-06, unitary_metric = 0.99998
Error = :1.36e-02; Runtime: 266.7s; Iterations = 3000, grads =   2.649e-05, unitary_metric = 0.99998
Error = :1.36e-02; Runtime: 268.7s; Iterations = 3020, grads =   8.214e-06, unitary_metric = 0.99998
Error = :1.36e-02; Runtime: 270.4s; Iterations = 3040, grads =   1.271e-06, unitary_metric = 0.99998
Error = :1.36e-02; Runtime: 272.2s; Iterations = 3060, grads =   5.347e-06, unitary_metric = 0.99998
Error = :1.36e-02; Runtime: 273.9s; Iterations = 3080, grads =   6.122e-06, unitary_metric = 0.99998
Error = :1.36e-02; Runtime: 275.7s; Iterations = 3100, grads =   1.744e-06, unitary_metric = 0.99998
Error = :1.36e-02; Runtime: 277.6s; Iterations = 3120, grads =   3.557e-07, unitary_metric = 0.99998
Error = :1.36e-02; Runtime: 279.3s; Iterations = 3140, grads =   8.096e-08, unitary_metric = 0.99999
Error = :1.36e-02; Runtime: 281.1s; Iterations = 3160, grads =   7.792e-08, unitary_metric = 0.99998
Error = :1.36e-02; Runtime: 282.9s; Iterations = 3180, grads =   1.121e-05, unitary_metric = 0.99998
Error = :1.36e-02; Runtime: 284.6s; Iterations = 3200, grads =   9.927e-05, unitary_metric = 0.99998
Error = :1.36e-02; Runtime: 286.5s; Iterations = 3220, grads =   1.054e-05, unitary_metric = 0.99998
Error = :1.36e-02; Runtime: 288.3s; Iterations = 3240, grads =   7.161e-06, unitary_metric = 0.99998
Error = :1.36e-02; Runtime: 290.0s; Iterations = 3260, grads =   1.658e-06, unitary_metric = 0.99998
Error = :1.36e-02; Runtime: 291.8s; Iterations = 3280, grads =   8.962e-08, unitary_metric = 0.99998
Error = :1.36e-02; Runtime: 293.5s; Iterations = 3300, grads =   3.125e-08, unitary_metric = 0.99998
Error = :1.36e-02; Runtime: 295.4s; Iterations = 3320, grads =   2.740e-08, unitary_metric = 0.99999
Error = :1.36e-02; Runtime: 297.1s; Iterations = 3340, grads =   2.518e-08, unitary_metric = 0.99999
Error = :1.36e-02; Runtime: 298.9s; Iterations = 3360, grads =   2.444e-08, unitary_metric = 0.99998
Error = :1.36e-02; Runtime: 300.6s; Iterations = 3380, grads =   2.571e-08, unitary_metric = 0.99998
Error = :1.35e-02; Runtime: 302.3s; Iterations = 3400, grads =   2.805e-08, unitary_metric = 0.99998
Error = :1.35e-02; Runtime: 304.4s; Iterations = 3420, grads =   2.240e-07, unitary_metric = 0.99998
Error = :1.36e-02; Runtime: 306.1s; Iterations = 3440, grads =   3.789e-05, unitary_metric = 0.99998
Error = :1.35e-02; Runtime: 307.9s; Iterations = 3460, grads =   9.346e-06, unitary_metric = 0.99998
Error = :1.36e-02; Runtime: 309.6s; Iterations = 3480, grads =   2.380e-04, unitary_metric = 0.99998
Error = :1.35e-02; Runtime: 311.3s; Iterations = 3500, grads =   5.651e-05, unitary_metric = 0.99998
Error = :1.35e-02; Runtime: 313.2s; Iterations = 3520, grads =   7.469e-06, unitary_metric = 0.99998
Error = :1.35e-02; Runtime: 314.9s; Iterations = 3540, grads =   1.134e-06, unitary_metric = 0.99998
Error = :1.35e-02; Runtime: 316.7s; Iterations = 3560, grads =   8.613e-08, unitary_metric = 0.99998
Error = :1.35e-02; Runtime: 318.4s; Iterations = 3580, grads =   2.930e-08, unitary_metric = 0.99998
Error = :1.35e-02; Runtime: 320.1s; Iterations = 3600, grads =   2.284e-08, unitary_metric = 0.99998
Error = :1.35e-02; Runtime: 322.0s; Iterations = 3620, grads =   4.301e-08, unitary_metric = 0.99998
Error = :1.35e-02; Runtime: 323.8s; Iterations = 3640, grads =   3.582e-06, unitary_metric = 0.99998
Error = :1.35e-02; Runtime: 325.5s; Iterations = 3660, grads =   4.559e-07, unitary_metric = 0.99998
Error = :1.35e-02; Runtime: 327.3s; Iterations = 3680, grads =   1.396e-05, unitary_metric = 0.99998
Error = :1.35e-02; Runtime: 329.0s; Iterations = 3700, grads =   2.035e-05, unitary_metric = 0.99998
Error = :1.35e-02; Runtime: 330.9s; Iterations = 3720, grads =   2.394e-06, unitary_metric = 0.99998
Error = :1.35e-02; Runtime: 332.6s; Iterations = 3740, grads =   2.052e-07, unitary_metric = 0.99999
Error = :1.35e-02; Runtime: 334.4s; Iterations = 3760, grads =   2.140e-08, unitary_metric = 0.99999
Error = :1.35e-02; Runtime: 336.1s; Iterations = 3780, grads =   4.525e-08, unitary_metric = 0.99998
Error = :1.35e-02; Runtime: 337.8s; Iterations = 3800, grads =   1.371e-05, unitary_metric = 0.99998
Error = :1.35e-02; Runtime: 339.8s; Iterations = 3820, grads =   7.212e-05, unitary_metric = 0.99998
Error = :1.35e-02; Runtime: 341.5s; Iterations = 3840, grads =   1.389e-05, unitary_metric = 0.99998
Error = :1.35e-02; Runtime: 343.2s; Iterations = 3860, grads =   3.039e-07, unitary_metric = 0.99998
Error = :1.35e-02; Runtime: 345.0s; Iterations = 3880, grads =   3.269e-07, unitary_metric = 0.99998
Error = :1.35e-02; Runtime: 346.7s; Iterations = 3900, grads =   1.195e-06, unitary_metric = 0.99999
Error = :1.35e-02; Runtime: 348.6s; Iterations = 3920, grads =   1.045e-04, unitary_metric = 0.99998
Error = :1.35e-02; Runtime: 350.3s; Iterations = 3940, grads =   5.259e-06, unitary_metric = 0.99998
Error = :1.35e-02; Runtime: 352.0s; Iterations = 3960, grads =   9.205e-07, unitary_metric = 0.99999
Error = :1.35e-02; Runtime: 353.8s; Iterations = 3980, grads =   6.257e-08, unitary_metric = 0.99999
Error = :1.35e-02; Runtime: 355.5s; Iterations = 4000, grads =   2.808e-08, unitary_metric = 0.99999
Error = :1.35e-02; Runtime: 357.4s; Iterations = 4020, grads =   1.632e-08, unitary_metric = 0.99999
Error = :1.35e-02; Runtime: 359.1s; Iterations = 4040, grads =   1.392e-08, unitary_metric = 0.99998
Error = :1.35e-02; Runtime: 360.9s; Iterations = 4060, grads =   1.406e-08, unitary_metric = 0.99998
Error = :1.35e-02; Runtime: 362.6s; Iterations = 4080, grads =   2.746e-08, unitary_metric = 0.99999
Error = :1.35e-02; Runtime: 364.3s; Iterations = 4100, grads =   2.969e-07, unitary_metric = 0.99999
Error = :1.35e-02; Runtime: 366.2s; Iterations = 4120, grads =   4.415e-05, unitary_metric = 0.99999
Error = :1.35e-02; Runtime: 368.0s; Iterations = 4140, grads =   1.922e-05, unitary_metric = 0.99998
Error = :1.35e-02; Runtime: 369.7s; Iterations = 4160, grads =   1.516e-06, unitary_metric = 0.99998
Error = :1.35e-02; Runtime: 371.5s; Iterations = 4180, grads =   6.870e-07, unitary_metric = 0.99998
Error = :1.35e-02; Runtime: 373.2s; Iterations = 4200, grads =   1.480e-07, unitary_metric = 0.99999
Error = :1.35e-02; Runtime: 375.2s; Iterations = 4220, grads =   9.614e-07, unitary_metric = 0.99999
Error = :1.35e-02; Runtime: 377.0s; Iterations = 4240, grads =   1.074e-05, unitary_metric = 0.99999
Error = :1.35e-02; Runtime: 378.7s; Iterations = 4260, grads =   2.046e-08, unitary_metric = 0.99999
Error = :1.35e-02; Runtime: 380.5s; Iterations = 4280, grads =   2.725e-07, unitary_metric = 0.99999
Error = :1.35e-02; Runtime: 382.2s; Iterations = 4300, grads =   6.863e-08, unitary_metric = 0.99999
Error = :1.35e-02; Runtime: 384.2s; Iterations = 4320, grads =   4.755e-08, unitary_metric = 0.99999
Error = :1.35e-02; Runtime: 385.9s; Iterations = 4340, grads =   4.140e-06, unitary_metric = 0.99999
Error = :1.36e-02; Runtime: 387.7s; Iterations = 4360, grads =   1.347e-04, unitary_metric = 0.99999
Error = :1.35e-02; Runtime: 389.4s; Iterations = 4380, grads =   1.750e-05, unitary_metric = 0.99999
Error = :1.35e-02; Runtime: 391.2s; Iterations = 4400, grads =   2.379e-06, unitary_metric = 0.99998
Error = :1.35e-02; Runtime: 393.1s; Iterations = 4420, grads =   2.555e-07, unitary_metric = 0.99999
Error = :1.36e-02; Runtime: 394.8s; Iterations = 4440, grads =   1.033e-08, unitary_metric = 0.99999
Error = :1.35e-02; Runtime: 396.6s; Iterations = 4460, grads =   1.240e-08, unitary_metric = 0.99999
Error = :1.36e-02; Runtime: 398.3s; Iterations = 4480, grads =   9.939e-09, unitary_metric = 0.99998
Error = :1.36e-02; Runtime: 400.1s; Iterations = 4500, grads =   9.638e-09, unitary_metric = 0.99999
Error = :1.36e-02; Runtime: 402.0s; Iterations = 4520, grads =   1.679e-08, unitary_metric = 0.99999
Error = :1.36e-02; Runtime: 403.7s; Iterations = 4540, grads =   2.017e-06, unitary_metric = 0.99999
Error = :1.36e-02; Runtime: 405.5s; Iterations = 4560, grads =   8.011e-07, unitary_metric = 0.99999
Error = :1.36e-02; Runtime: 407.2s; Iterations = 4580, grads =   3.368e-06, unitary_metric = 0.99999
Error = :1.36e-02; Runtime: 409.0s; Iterations = 4600, grads =   1.332e-04, unitary_metric = 0.99999
Error = :1.36e-02; Runtime: 410.9s; Iterations = 4620, grads =   1.044e-05, unitary_metric = 0.99998
Error = :1.36e-02; Runtime: 412.6s; Iterations = 4640, grads =   1.128e-06, unitary_metric = 0.99998
Error = :1.36e-02; Runtime: 414.3s; Iterations = 4660, grads =   1.104e-08, unitary_metric = 0.99998
Error = :1.36e-02; Runtime: 416.1s; Iterations = 4680, grads =   3.920e-08, unitary_metric = 0.99998
Error = :1.36e-02; Runtime: 417.8s; Iterations = 4700, grads =   7.666e-09, unitary_metric = 0.99998
Error = :1.36e-02; Runtime: 419.7s; Iterations = 4720, grads =   7.674e-09, unitary_metric = 0.99998
Error = :1.36e-02; Runtime: 421.5s; Iterations = 4740, grads =   7.635e-09, unitary_metric = 0.99999
Error = :1.36e-02; Runtime: 423.2s; Iterations = 4760, grads =   8.465e-09, unitary_metric = 0.99998
Error = :1.36e-02; Runtime: 425.0s; Iterations = 4780, grads =   2.284e-07, unitary_metric = 0.99998
Error = :1.36e-02; Runtime: 426.7s; Iterations = 4800, grads =   4.784e-05, unitary_metric = 0.99999
Error = :1.36e-02; Runtime: 428.6s; Iterations = 4820, grads =   1.060e-05, unitary_metric = 0.99998
Error = :1.36e-02; Runtime: 430.4s; Iterations = 4840, grads =   1.781e-05, unitary_metric = 0.99999
Error = :1.36e-02; Runtime: 432.1s; Iterations = 4860, grads =   2.173e-06, unitary_metric = 0.99999
Error = :1.36e-02; Runtime: 433.9s; Iterations = 4880, grads =   2.764e-07, unitary_metric = 0.99999
Error = :1.36e-02; Runtime: 435.6s; Iterations = 4900, grads =   9.415e-08, unitary_metric = 0.99998
Error = :1.36e-02; Runtime: 437.5s; Iterations = 4920, grads =   2.611e-08, unitary_metric = 0.99998
Error = :1.36e-02; Runtime: 439.3s; Iterations = 4940, grads =   7.338e-09, unitary_metric = 0.99998
Error = :1.36e-02; Runtime: 441.0s; Iterations = 4960, grads =   7.454e-09, unitary_metric = 0.99998
Error = :1.36e-02; Runtime: 442.7s; Iterations = 4980, grads =   6.599e-09, unitary_metric = 0.99998
Error = :1.36e-02; Runtime: 444.5s; Iterations = 5000, grads =   6.434e-09, unitary_metric = 0.99998
Error = :1.36e-02; Runtime: 446.4s; Iterations = 5020, grads =   6.746e-09, unitary_metric = 0.99998
Error = :1.36e-02; Runtime: 448.1s; Iterations = 5040, grads =   1.853e-08, unitary_metric = 0.99998
Error = :1.36e-02; Runtime: 449.8s; Iterations = 5060, grads =   7.083e-07, unitary_metric = 0.99998
Error = :1.36e-02; Runtime: 451.6s; Iterations = 5080, grads =   2.037e-05, unitary_metric = 0.99998
Error = :1.36e-02; Runtime: 453.3s; Iterations = 5100, grads =   8.625e-05, unitary_metric = 0.99998
Error = :1.36e-02; Runtime: 455.2s; Iterations = 5120, grads =   1.295e-05, unitary_metric = 0.99998
Error = :1.36e-02; Runtime: 457.0s; Iterations = 5140, grads =   1.190e-06, unitary_metric = 0.99999
Error = :1.36e-02; Runtime: 458.7s; Iterations = 5160, grads =   1.246e-07, unitary_metric = 0.99998
Error = :1.36e-02; Runtime: 460.5s; Iterations = 5180, grads =   3.302e-08, unitary_metric = 0.99998
Error = :1.36e-02; Runtime: 462.2s; Iterations = 5200, grads =   7.483e-09, unitary_metric = 0.99998
Error = :1.36e-02; Runtime: 464.2s; Iterations = 5220, grads =   6.640e-09, unitary_metric = 0.99998
Error = :1.36e-02; Runtime: 465.9s; Iterations = 5240, grads =   6.027e-09, unitary_metric = 0.99998
Error = :1.36e-02; Runtime: 467.6s; Iterations = 5260, grads =   3.132e-08, unitary_metric = 0.99998
Error = :1.36e-02; Runtime: 469.4s; Iterations = 5280, grads =   3.471e-06, unitary_metric = 0.99998
Error = :1.36e-02; Runtime: 471.1s; Iterations = 5300, grads =   2.798e-06, unitary_metric = 0.99998
Error = :1.36e-02; Runtime: 473.0s; Iterations = 5320, grads =   1.206e-06, unitary_metric = 0.99998
Error = :1.36e-02; Runtime: 474.8s; Iterations = 5340, grads =   2.502e-07, unitary_metric = 0.99998
Error = :1.36e-02; Runtime: 476.5s; Iterations = 5360, grads =   1.279e-05, unitary_metric = 0.99999
Error = :1.36e-02; Runtime: 478.3s; Iterations = 5380, grads =   2.578e-05, unitary_metric = 0.99998
Error = :1.36e-02; Runtime: 480.0s; Iterations = 5400, grads =   3.654e-06, unitary_metric = 0.99998
Error = :1.36e-02; Runtime: 482.0s; Iterations = 5420, grads =   5.002e-07, unitary_metric = 0.99998
Error = :1.36e-02; Runtime: 483.7s; Iterations = 5440, grads =   6.913e-08, unitary_metric = 0.99998
Error = :1.36e-02; Runtime: 485.5s; Iterations = 5460, grads =   1.001e-08, unitary_metric = 0.99998
Error = :1.36e-02; Runtime: 487.2s; Iterations = 5480, grads =   5.617e-09, unitary_metric = 0.99998
Error = :1.36e-02; Runtime: 489.0s; Iterations = 5500, grads =   2.195e-08, unitary_metric = 0.99998
Error = :1.36e-02; Runtime: 490.9s; Iterations = 5520, grads =   7.602e-06, unitary_metric = 0.99998
Error = :1.36e-02; Runtime: 492.6s; Iterations = 5540, grads =   5.229e-06, unitary_metric = 0.99998
Error = :1.36e-02; Runtime: 494.4s; Iterations = 5560, grads =   8.070e-07, unitary_metric = 0.99998
Error = :1.36e-02; Runtime: 496.1s; Iterations = 5580, grads =   4.202e-06, unitary_metric = 0.99998
Error = :1.36e-02; Runtime: 497.8s; Iterations = 5600, grads =   1.378e-06, unitary_metric = 0.99998
Error = :1.36e-02; Runtime: 499.8s; Iterations = 5620, grads =   2.418e-05, unitary_metric = 0.99998
Error = :1.36e-02; Runtime: 501.5s; Iterations = 5640, grads =   9.499e-06, unitary_metric = 0.99998
Error = :1.36e-02; Runtime: 503.2s; Iterations = 5660, grads =   6.169e-09, unitary_metric = 0.99998
Error = :1.36e-02; Runtime: 505.0s; Iterations = 5680, grads =   1.725e-07, unitary_metric = 0.99998
Error = :1.36e-02; Runtime: 506.7s; Iterations = 5700, grads =   2.451e-08, unitary_metric = 0.99998
Error = :1.36e-02; Runtime: 508.6s; Iterations = 5720, grads =   9.067e-09, unitary_metric = 0.99998
Error = :1.36e-02; Runtime: 510.4s; Iterations = 5740, grads =   5.852e-09, unitary_metric = 0.99999
Error = :1.36e-02; Runtime: 512.1s; Iterations = 5760, grads =   1.502e-08, unitary_metric = 0.99998
Error = :1.36e-02; Runtime: 513.9s; Iterations = 5780, grads =   5.572e-07, unitary_metric = 0.99998
Error = :1.36e-02; Runtime: 515.6s; Iterations = 5800, grads =   2.173e-05, unitary_metric = 0.99998
Error = :1.36e-02; Runtime: 517.6s; Iterations = 5820, grads =   1.161e-05, unitary_metric = 0.99999
Error = :1.36e-02; Runtime: 519.3s; Iterations = 5840, grads =   3.315e-06, unitary_metric = 0.99999
Error = :1.36e-02; Runtime: 521.1s; Iterations = 5860, grads =   5.630e-07, unitary_metric = 0.99998
Error = :1.36e-02; Runtime: 522.8s; Iterations = 5880, grads =   3.891e-08, unitary_metric = 0.99998
Error = :1.36e-02; Runtime: 524.6s; Iterations = 5900, grads =   8.850e-09, unitary_metric = 0.99999
Error = :1.36e-02; Runtime: 526.5s; Iterations = 5920, grads =   4.312e-09, unitary_metric = 0.99998
Error = :1.36e-02; Runtime: 528.2s; Iterations = 5940, grads =   5.500e-09, unitary_metric = 0.99998
Error = :1.36e-02; Runtime: 529.9s; Iterations = 5960, grads =   2.192e-08, unitary_metric = 0.99998
Error = :1.36e-02; Runtime: 531.7s; Iterations = 5980, grads =   1.996e-06, unitary_metric = 0.99998
Error = :1.36e-02; Runtime: 533.4s; Iterations = 6000, grads =   8.077e-07, unitary_metric = 0.99998
data saved at: /project/ftchong/qoc/pranav/00009_31_nah_slice_301.h5


trying total_time: 7.5 for unitary of size (16, 16)
data saved at: /project/ftchong/qoc/pranav/00010_31_nah_slice_301.h5
Using 7 Taylor terms and 2 Scaling & Squaring terms
Building graph:
Propagators initialized.
Operators weight initialized.
Intermediate propagation variables initialized.
Intermediate propagators initialized.
Vectors initialized.
Training loss initialized.
Optimizer initialized.
Utilities initialized.
Graph built!
Initialized
Error = :9.52e-01; Runtime: 0.3s; Iterations = 0, grads =   1.098e-02, unitary_metric = 1.00000
Error = :7.34e-01; Runtime: 3.3s; Iterations = 20, grads =   1.086e-02, unitary_metric = 1.00000
Error = :5.91e-01; Runtime: 5.9s; Iterations = 40, grads =   2.517e-03, unitary_metric = 0.99999
Error = :4.86e-01; Runtime: 8.5s; Iterations = 60, grads =   1.497e-03, unitary_metric = 0.99999
Error = :2.49e-01; Runtime: 11.1s; Iterations = 80, grads =   3.066e-03, unitary_metric = 0.99999
Error = :5.27e-02; Runtime: 13.8s; Iterations = 100, grads =   6.156e-03, unitary_metric = 0.99999
Error = :3.69e-03; Runtime: 16.6s; Iterations = 120, grads =   1.234e-03, unitary_metric = 0.99999
Error = :9.43e-04; Runtime: 17.9s; Iterations = 130, grads =   3.739e-04, unitary_metric = 0.99999
data saved at: /project/ftchong/qoc/pranav/00010_31_nah_slice_301.h5


trying total_time: 6.25 for unitary of size (16, 16)
data saved at: /project/ftchong/qoc/pranav/00011_31_nah_slice_301.h5
Using 7 Taylor terms and 2 Scaling & Squaring terms
Building graph:
Propagators initialized.
Operators weight initialized.
Intermediate propagation variables initialized.
Intermediate propagators initialized.
Vectors initialized.
Training loss initialized.
Optimizer initialized.
Utilities initialized.
Graph built!
Initialized
Error = :9.45e-01; Runtime: 0.2s; Iterations = 0, grads =   3.344e-03, unitary_metric = 1.00000
Error = :7.52e-01; Runtime: 2.8s; Iterations = 20, grads =   2.444e-03, unitary_metric = 0.99999
Error = :6.24e-01; Runtime: 4.9s; Iterations = 40, grads =   2.095e-03, unitary_metric = 1.00000
Error = :5.18e-01; Runtime: 7.1s; Iterations = 60, grads =   2.193e-03, unitary_metric = 0.99999
Error = :4.28e-01; Runtime: 9.2s; Iterations = 80, grads =   1.550e-03, unitary_metric = 0.99999
Error = :2.13e-01; Runtime: 11.4s; Iterations = 100, grads =   2.528e-03, unitary_metric = 0.99999
Error = :6.91e-02; Runtime: 13.9s; Iterations = 120, grads =   5.826e-03, unitary_metric = 0.99999
Error = :1.68e-02; Runtime: 16.1s; Iterations = 140, grads =   1.170e-03, unitary_metric = 0.99999
Error = :4.35e-03; Runtime: 18.2s; Iterations = 160, grads =   2.713e-04, unitary_metric = 0.99999
Error = :1.44e-03; Runtime: 20.4s; Iterations = 180, grads =   4.713e-05, unitary_metric = 0.99999
Error = :9.82e-04; Runtime: 21.2s; Iterations = 188, grads =   4.214e-05, unitary_metric = 0.99999
data saved at: /project/ftchong/qoc/pranav/00011_31_nah_slice_301.h5


trying total_time: 5.6 for unitary of size (16, 16)
data saved at: /project/ftchong/qoc/pranav/00012_31_nah_slice_301.h5
Using 7 Taylor terms and 2 Scaling & Squaring terms
Building graph:
Propagators initialized.
Operators weight initialized.
Intermediate propagation variables initialized.
Intermediate propagators initialized.
Vectors initialized.
Training loss initialized.
Optimizer initialized.
Utilities initialized.
Graph built!
Initialized
Error = :9.46e-01; Runtime: 0.2s; Iterations = 0, grads =   5.007e-03, unitary_metric = 1.00000
Error = :7.84e-01; Runtime: 2.5s; Iterations = 20, grads =   4.715e-03, unitary_metric = 1.00000
Error = :6.87e-01; Runtime: 4.5s; Iterations = 40, grads =   1.325e-03, unitary_metric = 0.99999
Error = :5.66e-01; Runtime: 6.4s; Iterations = 60, grads =   6.685e-04, unitary_metric = 0.99999
Error = :4.66e-01; Runtime: 8.3s; Iterations = 80, grads =   1.271e-03, unitary_metric = 0.99999
Error = :2.42e-01; Runtime: 10.3s; Iterations = 100, grads =   4.091e-03, unitary_metric = 0.99999
Error = :7.28e-02; Runtime: 12.5s; Iterations = 120, grads =   1.805e-03, unitary_metric = 0.99999
Error = :2.36e-02; Runtime: 14.4s; Iterations = 140, grads =   1.921e-04, unitary_metric = 0.99999
Error = :1.04e-02; Runtime: 16.4s; Iterations = 160, grads =   9.255e-05, unitary_metric = 0.99999
Error = :5.77e-03; Runtime: 18.3s; Iterations = 180, grads =   2.004e-05, unitary_metric = 0.99999
Error = :3.66e-03; Runtime: 20.3s; Iterations = 200, grads =   8.896e-06, unitary_metric = 0.99999
Error = :2.50e-03; Runtime: 22.4s; Iterations = 220, grads =   4.550e-06, unitary_metric = 0.99999
Error = :1.79e-03; Runtime: 24.4s; Iterations = 240, grads =   5.989e-06, unitary_metric = 0.99999
Error = :1.46e-03; Runtime: 26.3s; Iterations = 260, grads =   1.009e-03, unitary_metric = 0.99999
Error = :1.02e-03; Runtime: 28.3s; Iterations = 280, grads =   1.628e-04, unitary_metric = 0.99999
Error = :9.96e-04; Runtime: 28.4s; Iterations = 281, grads =   9.716e-05, unitary_metric = 0.99999
data saved at: /project/ftchong/qoc/pranav/00012_31_nah_slice_301.h5


trying total_time: 5.3 for unitary of size (16, 16)
data saved at: /project/ftchong/qoc/pranav/00013_31_nah_slice_301.h5
Using 7 Taylor terms and 2 Scaling & Squaring terms
Building graph:
Propagators initialized.
Operators weight initialized.
Intermediate propagation variables initialized.
Intermediate propagators initialized.
Vectors initialized.
Training loss initialized.
Optimizer initialized.
Utilities initialized.
Graph built!
Initialized
Error = :9.47e-01; Runtime: 0.2s; Iterations = 0, grads =   6.324e-03, unitary_metric = 1.00000
Error = :7.69e-01; Runtime: 2.4s; Iterations = 20, grads =   3.121e-03, unitary_metric = 1.00000
Error = :6.71e-01; Runtime: 4.2s; Iterations = 40, grads =   1.747e-03, unitary_metric = 0.99999
Error = :5.58e-01; Runtime: 6.2s; Iterations = 60, grads =   7.711e-04, unitary_metric = 0.99999
Error = :4.46e-01; Runtime: 8.1s; Iterations = 80, grads =   7.205e-04, unitary_metric = 0.99999
Error = :3.50e-01; Runtime: 9.9s; Iterations = 100, grads =   4.674e-04, unitary_metric = 0.99999
Error = :2.78e-01; Runtime: 12.0s; Iterations = 120, grads =   6.757e-04, unitary_metric = 0.99999
Error = :2.13e-01; Runtime: 13.8s; Iterations = 140, grads =   5.187e-04, unitary_metric = 0.99999
Error = :1.44e-01; Runtime: 15.7s; Iterations = 160, grads =   3.523e-04, unitary_metric = 0.99999
Error = :8.69e-02; Runtime: 17.5s; Iterations = 180, grads =   2.587e-04, unitary_metric = 0.99999
Error = :5.18e-02; Runtime: 19.4s; Iterations = 200, grads =   3.210e-03, unitary_metric = 0.99999
Error = :3.30e-02; Runtime: 21.4s; Iterations = 220, grads =   2.997e-04, unitary_metric = 0.99999
Error = :2.37e-02; Runtime: 23.2s; Iterations = 240, grads =   9.868e-05, unitary_metric = 0.99999
Error = :1.89e-02; Runtime: 25.1s; Iterations = 260, grads =   2.268e-05, unitary_metric = 0.99999
Error = :1.62e-02; Runtime: 26.9s; Iterations = 280, grads =   5.160e-05, unitary_metric = 0.99999
Error = :1.46e-02; Runtime: 28.8s; Iterations = 300, grads =   4.073e-04, unitary_metric = 0.99999
Error = :1.34e-02; Runtime: 30.8s; Iterations = 320, grads =   7.223e-06, unitary_metric = 0.99999
Error = :1.27e-02; Runtime: 32.6s; Iterations = 340, grads =   1.040e-05, unitary_metric = 0.99999
Error = :1.21e-02; Runtime: 34.5s; Iterations = 360, grads =   2.198e-06, unitary_metric = 0.99999
Error = :1.17e-02; Runtime: 36.3s; Iterations = 380, grads =   1.851e-06, unitary_metric = 0.99999
Error = :1.14e-02; Runtime: 38.2s; Iterations = 400, grads =   1.076e-04, unitary_metric = 0.99999
Error = :1.12e-02; Runtime: 40.2s; Iterations = 420, grads =   1.087e-03, unitary_metric = 0.99999
Error = :1.10e-02; Runtime: 42.1s; Iterations = 440, grads =   5.934e-04, unitary_metric = 0.99999
Error = :1.07e-02; Runtime: 43.9s; Iterations = 460, grads =   4.658e-05, unitary_metric = 0.99999
Error = :1.06e-02; Runtime: 45.7s; Iterations = 480, grads =   3.157e-06, unitary_metric = 0.99999
Error = :1.05e-02; Runtime: 47.6s; Iterations = 500, grads =   8.205e-07, unitary_metric = 0.99999
Error = :1.04e-02; Runtime: 49.6s; Iterations = 520, grads =   1.644e-06, unitary_metric = 0.99999
Error = :1.03e-02; Runtime: 51.5s; Iterations = 540, grads =   6.352e-04, unitary_metric = 0.99999
Error = :1.01e-02; Runtime: 53.3s; Iterations = 560, grads =   1.994e-06, unitary_metric = 0.99999
Error = :1.00e-02; Runtime: 55.2s; Iterations = 580, grads =   4.136e-05, unitary_metric = 0.99999
Error = :9.90e-03; Runtime: 57.1s; Iterations = 600, grads =   4.850e-06, unitary_metric = 0.99999
Error = :9.81e-03; Runtime: 59.1s; Iterations = 620, grads =   3.451e-06, unitary_metric = 0.99998
Error = :9.73e-03; Runtime: 61.0s; Iterations = 640, grads =   2.044e-05, unitary_metric = 0.99998
Error = :9.70e-03; Runtime: 62.8s; Iterations = 660, grads =   4.162e-05, unitary_metric = 0.99999
Error = :9.73e-03; Runtime: 64.7s; Iterations = 680, grads =   1.995e-04, unitary_metric = 0.99999
Error = :9.69e-03; Runtime: 66.6s; Iterations = 700, grads =   9.262e-06, unitary_metric = 0.99999
Error = :9.68e-03; Runtime: 68.6s; Iterations = 720, grads =   1.604e-05, unitary_metric = 0.99999
Error = :9.65e-03; Runtime: 70.5s; Iterations = 740, grads =   1.439e-04, unitary_metric = 0.99999
Error = :9.56e-03; Runtime: 72.3s; Iterations = 760, grads =   9.020e-06, unitary_metric = 0.99999
Error = :9.48e-03; Runtime: 74.1s; Iterations = 780, grads =   1.080e-05, unitary_metric = 0.99999
Error = :9.42e-03; Runtime: 76.0s; Iterations = 800, grads =   1.700e-06, unitary_metric = 0.99999
Error = :9.38e-03; Runtime: 78.0s; Iterations = 820, grads =   2.685e-07, unitary_metric = 0.99999
Error = :9.36e-03; Runtime: 79.9s; Iterations = 840, grads =   2.916e-07, unitary_metric = 0.99999
Error = :9.34e-03; Runtime: 81.7s; Iterations = 860, grads =   1.669e-06, unitary_metric = 0.99998
Error = :9.35e-03; Runtime: 83.6s; Iterations = 880, grads =   1.705e-04, unitary_metric = 0.99999
Error = :9.61e-03; Runtime: 85.5s; Iterations = 900, grads =   3.949e-03, unitary_metric = 0.99999
Error = :9.21e-03; Runtime: 87.5s; Iterations = 920, grads =   8.255e-05, unitary_metric = 0.99999
Error = :9.15e-03; Runtime: 89.3s; Iterations = 940, grads =   1.836e-05, unitary_metric = 0.99999
Error = :9.09e-03; Runtime: 91.2s; Iterations = 960, grads =   6.815e-06, unitary_metric = 0.99999
Error = :9.03e-03; Runtime: 93.1s; Iterations = 980, grads =   1.002e-06, unitary_metric = 0.99999
Error = :8.98e-03; Runtime: 94.9s; Iterations = 1000, grads =   3.260e-07, unitary_metric = 0.99999
Error = :8.93e-03; Runtime: 96.9s; Iterations = 1020, grads =   2.913e-06, unitary_metric = 0.99999
Error = :8.92e-03; Runtime: 98.6s; Iterations = 1040, grads =   2.912e-04, unitary_metric = 0.99999
Error = :8.84e-03; Runtime: 100.4s; Iterations = 1060, grads =   2.209e-05, unitary_metric = 0.99999
Error = :8.80e-03; Runtime: 102.1s; Iterations = 1080, grads =   2.158e-06, unitary_metric = 0.99998
Error = :8.81e-03; Runtime: 103.9s; Iterations = 1100, grads =   1.777e-04, unitary_metric = 0.99998
Error = :8.74e-03; Runtime: 105.9s; Iterations = 1120, grads =   2.516e-05, unitary_metric = 0.99999
Error = :8.71e-03; Runtime: 107.7s; Iterations = 1140, grads =   5.997e-07, unitary_metric = 0.99999
Error = :8.68e-03; Runtime: 109.4s; Iterations = 1160, grads =   3.774e-05, unitary_metric = 0.99999
Error = :8.65e-03; Runtime: 111.2s; Iterations = 1180, grads =   8.249e-05, unitary_metric = 0.99999
Error = :8.62e-03; Runtime: 113.0s; Iterations = 1200, grads =   1.226e-04, unitary_metric = 0.99999
Error = :8.58e-03; Runtime: 114.9s; Iterations = 1220, grads =   3.075e-06, unitary_metric = 0.99999
Error = :8.56e-03; Runtime: 116.7s; Iterations = 1240, grads =   2.293e-06, unitary_metric = 0.99999
Error = :8.55e-03; Runtime: 118.7s; Iterations = 1260, grads =   5.100e-07, unitary_metric = 0.99998
Error = :8.59e-03; Runtime: 120.6s; Iterations = 1280, grads =   3.050e-04, unitary_metric = 0.99999
Error = :8.57e-03; Runtime: 122.5s; Iterations = 1300, grads =   1.962e-04, unitary_metric = 0.99999
Error = :8.58e-03; Runtime: 124.6s; Iterations = 1320, grads =   1.551e-04, unitary_metric = 0.99999
Error = :8.56e-03; Runtime: 126.5s; Iterations = 1340, grads =   1.752e-05, unitary_metric = 0.99999
Error = :8.56e-03; Runtime: 128.5s; Iterations = 1360, grads =   1.369e-06, unitary_metric = 0.99999
Error = :8.66e-03; Runtime: 130.4s; Iterations = 1380, grads =   1.077e-03, unitary_metric = 0.99999
Error = :8.62e-03; Runtime: 132.2s; Iterations = 1400, grads =   5.339e-04, unitary_metric = 0.99999
Error = :8.59e-03; Runtime: 134.3s; Iterations = 1420, grads =   4.605e-05, unitary_metric = 0.99999
Error = :8.59e-03; Runtime: 136.2s; Iterations = 1440, grads =   5.016e-06, unitary_metric = 0.99999
Error = :8.59e-03; Runtime: 138.1s; Iterations = 1460, grads =   1.097e-06, unitary_metric = 0.99999
Error = :8.58e-03; Runtime: 140.0s; Iterations = 1480, grads =   2.157e-07, unitary_metric = 0.99999
Error = :8.56e-03; Runtime: 141.8s; Iterations = 1500, grads =   1.546e-07, unitary_metric = 0.99999
Error = :8.53e-03; Runtime: 143.9s; Iterations = 1520, grads =   1.553e-07, unitary_metric = 0.99999
Error = :8.50e-03; Runtime: 145.8s; Iterations = 1540, grads =   5.359e-06, unitary_metric = 0.99999
Error = :8.48e-03; Runtime: 147.6s; Iterations = 1560, grads =   1.010e-04, unitary_metric = 0.99999
Error = :8.47e-03; Runtime: 149.5s; Iterations = 1580, grads =   1.554e-04, unitary_metric = 0.99999
Error = :8.40e-03; Runtime: 151.4s; Iterations = 1600, grads =   3.602e-06, unitary_metric = 0.99999
Error = :8.38e-03; Runtime: 153.4s; Iterations = 1620, grads =   2.529e-06, unitary_metric = 0.99999
Error = :8.35e-03; Runtime: 155.2s; Iterations = 1640, grads =   2.017e-07, unitary_metric = 0.99999
Error = :8.34e-03; Runtime: 157.1s; Iterations = 1660, grads =   1.386e-05, unitary_metric = 0.99999
Error = :8.35e-03; Runtime: 159.0s; Iterations = 1680, grads =   3.465e-04, unitary_metric = 0.99999
Error = :8.31e-03; Runtime: 160.9s; Iterations = 1700, grads =   6.234e-05, unitary_metric = 0.99999
Error = :8.29e-03; Runtime: 162.9s; Iterations = 1720, grads =   1.060e-05, unitary_metric = 0.99999
Error = :8.28e-03; Runtime: 164.8s; Iterations = 1740, grads =   3.548e-08, unitary_metric = 0.99999
Error = :8.27e-03; Runtime: 166.7s; Iterations = 1760, grads =   6.677e-08, unitary_metric = 0.99999
Error = :8.26e-03; Runtime: 168.5s; Iterations = 1780, grads =   5.141e-08, unitary_metric = 0.99999
Error = :8.25e-03; Runtime: 170.4s; Iterations = 1800, grads =   1.507e-05, unitary_metric = 0.99998
Error = :8.27e-03; Runtime: 172.4s; Iterations = 1820, grads =   1.728e-04, unitary_metric = 0.99999
Error = :8.24e-03; Runtime: 174.3s; Iterations = 1840, grads =   5.514e-06, unitary_metric = 0.99999
Error = :8.23e-03; Runtime: 176.2s; Iterations = 1860, grads =   6.432e-06, unitary_metric = 0.99999
Error = :8.23e-03; Runtime: 178.0s; Iterations = 1880, grads =   1.115e-06, unitary_metric = 0.99998
Error = :8.22e-03; Runtime: 179.9s; Iterations = 1900, grads =   3.242e-06, unitary_metric = 0.99998
Error = :8.36e-03; Runtime: 181.9s; Iterations = 1920, grads =   1.582e-03, unitary_metric = 0.99998
Error = :8.23e-03; Runtime: 183.8s; Iterations = 1940, grads =   1.164e-04, unitary_metric = 0.99998
Error = :8.22e-03; Runtime: 185.6s; Iterations = 1960, grads =   1.141e-05, unitary_metric = 0.99998
Error = :8.22e-03; Runtime: 187.5s; Iterations = 1980, grads =   2.505e-06, unitary_metric = 0.99998
Error = :8.22e-03; Runtime: 189.3s; Iterations = 2000, grads =   5.527e-08, unitary_metric = 0.99999
Error = :8.23e-03; Runtime: 191.4s; Iterations = 2020, grads =   2.015e-08, unitary_metric = 0.99999
Error = :8.23e-03; Runtime: 193.3s; Iterations = 2040, grads =   2.282e-08, unitary_metric = 0.99998
Error = :8.23e-03; Runtime: 195.1s; Iterations = 2060, grads =   6.636e-07, unitary_metric = 0.99999
Error = :8.30e-03; Runtime: 197.0s; Iterations = 2080, grads =   2.191e-04, unitary_metric = 0.99998
Error = :8.26e-03; Runtime: 198.9s; Iterations = 2100, grads =   5.041e-05, unitary_metric = 0.99999
Error = :8.26e-03; Runtime: 200.9s; Iterations = 2120, grads =   3.787e-05, unitary_metric = 0.99999
Error = :8.26e-03; Runtime: 202.8s; Iterations = 2140, grads =   2.818e-07, unitary_metric = 0.99999
Error = :8.27e-03; Runtime: 204.7s; Iterations = 2160, grads =   7.247e-07, unitary_metric = 0.99999
Error = :8.27e-03; Runtime: 206.6s; Iterations = 2180, grads =   2.617e-07, unitary_metric = 0.99999
Error = :8.32e-03; Runtime: 208.5s; Iterations = 2200, grads =   4.683e-04, unitary_metric = 0.99999
Error = :8.30e-03; Runtime: 210.6s; Iterations = 2220, grads =   2.242e-04, unitary_metric = 0.99999
Error = :8.28e-03; Runtime: 212.4s; Iterations = 2240, grads =   1.501e-05, unitary_metric = 0.99999
Error = :8.28e-03; Runtime: 214.3s; Iterations = 2260, grads =   2.120e-07, unitary_metric = 0.99999
Error = :8.28e-03; Runtime: 216.2s; Iterations = 2280, grads =   2.605e-07, unitary_metric = 0.99999
Error = :8.28e-03; Runtime: 218.0s; Iterations = 2300, grads =   1.111e-07, unitary_metric = 0.99999
Error = :8.29e-03; Runtime: 220.0s; Iterations = 2320, grads =   1.455e-08, unitary_metric = 0.99999
Error = :8.29e-03; Runtime: 221.9s; Iterations = 2340, grads =   3.920e-08, unitary_metric = 0.99999
Error = :8.29e-03; Runtime: 223.7s; Iterations = 2360, grads =   2.986e-06, unitary_metric = 0.99999
Error = :8.36e-03; Runtime: 225.6s; Iterations = 2380, grads =   4.052e-04, unitary_metric = 0.99998
Error = :8.30e-03; Runtime: 227.4s; Iterations = 2400, grads =   3.720e-05, unitary_metric = 0.99999
Error = :8.30e-03; Runtime: 229.5s; Iterations = 2420, grads =   5.065e-06, unitary_metric = 0.99999
Error = :8.30e-03; Runtime: 231.3s; Iterations = 2440, grads =   6.225e-07, unitary_metric = 0.99999
Error = :8.31e-03; Runtime: 233.2s; Iterations = 2460, grads =   1.226e-07, unitary_metric = 0.99999
Error = :8.31e-03; Runtime: 235.1s; Iterations = 2480, grads =   2.633e-08, unitary_metric = 0.99999
Error = :8.32e-03; Runtime: 236.9s; Iterations = 2500, grads =   1.363e-08, unitary_metric = 0.99998
Error = :8.33e-03; Runtime: 238.9s; Iterations = 2520, grads =   2.429e-08, unitary_metric = 0.99999
Error = :8.34e-03; Runtime: 240.8s; Iterations = 2540, grads =   2.836e-06, unitary_metric = 0.99999
Error = :8.45e-03; Runtime: 242.7s; Iterations = 2560, grads =   9.747e-04, unitary_metric = 0.99999
Error = :8.38e-03; Runtime: 244.5s; Iterations = 2580, grads =   8.866e-05, unitary_metric = 0.99999
Error = :8.39e-03; Runtime: 246.4s; Iterations = 2600, grads =   5.779e-07, unitary_metric = 0.99999
Error = :8.45e-03; Runtime: 248.4s; Iterations = 2620, grads =   2.190e-04, unitary_metric = 0.99999
Error = :8.45e-03; Runtime: 250.3s; Iterations = 2640, grads =   2.369e-05, unitary_metric = 0.99998
Error = :8.47e-03; Runtime: 252.1s; Iterations = 2660, grads =   6.873e-06, unitary_metric = 0.99999
Error = :8.50e-03; Runtime: 254.0s; Iterations = 2680, grads =   9.915e-08, unitary_metric = 0.99999
Error = :8.54e-03; Runtime: 255.9s; Iterations = 2700, grads =   8.371e-08, unitary_metric = 0.99999
Error = :8.57e-03; Runtime: 257.9s; Iterations = 2720, grads =   6.087e-08, unitary_metric = 0.99999
Error = :8.61e-03; Runtime: 259.8s; Iterations = 2740, grads =   5.520e-08, unitary_metric = 0.99999
Error = :8.65e-03; Runtime: 261.6s; Iterations = 2760, grads =   6.347e-08, unitary_metric = 0.99999
Error = :8.68e-03; Runtime: 263.5s; Iterations = 2780, grads =   7.229e-08, unitary_metric = 0.99999
Error = :8.72e-03; Runtime: 265.3s; Iterations = 2800, grads =   1.066e-07, unitary_metric = 0.99998
Error = :8.75e-03; Runtime: 267.3s; Iterations = 2820, grads =   2.721e-06, unitary_metric = 0.99999
Error = :8.83e-03; Runtime: 269.2s; Iterations = 2840, grads =   5.647e-04, unitary_metric = 0.99998
Error = :8.81e-03; Runtime: 271.1s; Iterations = 2860, grads =   3.522e-05, unitary_metric = 0.99998
Error = :8.85e-03; Runtime: 272.9s; Iterations = 2880, grads =   1.091e-04, unitary_metric = 0.99999
Error = :8.86e-03; Runtime: 274.8s; Iterations = 2900, grads =   4.586e-05, unitary_metric = 0.99999
Error = :8.87e-03; Runtime: 276.8s; Iterations = 2920, grads =   3.755e-06, unitary_metric = 0.99999
Error = :8.88e-03; Runtime: 278.7s; Iterations = 2940, grads =   3.108e-07, unitary_metric = 0.99999
Error = :8.88e-03; Runtime: 280.5s; Iterations = 2960, grads =   2.716e-07, unitary_metric = 0.99999
Error = :8.86e-03; Runtime: 282.4s; Iterations = 2980, grads =   1.060e-07, unitary_metric = 0.99999
Error = :8.85e-03; Runtime: 284.2s; Iterations = 3000, grads =   9.118e-08, unitary_metric = 0.99999
Error = :8.82e-03; Runtime: 286.2s; Iterations = 3020, grads =   8.716e-08, unitary_metric = 0.99999
Error = :8.80e-03; Runtime: 288.1s; Iterations = 3040, grads =   1.339e-07, unitary_metric = 0.99999
Error = :8.78e-03; Runtime: 289.9s; Iterations = 3060, grads =   3.742e-06, unitary_metric = 0.99999
Error = :8.81e-03; Runtime: 291.8s; Iterations = 3080, grads =   4.748e-04, unitary_metric = 0.99999
Error = :8.76e-03; Runtime: 293.6s; Iterations = 3100, grads =   6.230e-05, unitary_metric = 0.99999
Error = :8.74e-03; Runtime: 295.6s; Iterations = 3120, grads =   6.314e-06, unitary_metric = 0.99999
Error = :8.73e-03; Runtime: 297.5s; Iterations = 3140, grads =   1.543e-06, unitary_metric = 0.99999
Error = :8.73e-03; Runtime: 299.3s; Iterations = 3160, grads =   3.803e-05, unitary_metric = 0.99999
Error = :8.70e-03; Runtime: 301.2s; Iterations = 3180, grads =   4.598e-07, unitary_metric = 0.99999
Error = :8.70e-03; Runtime: 303.0s; Iterations = 3200, grads =   6.247e-07, unitary_metric = 0.99998
Error = :8.69e-03; Runtime: 305.0s; Iterations = 3220, grads =   7.952e-08, unitary_metric = 0.99999
Error = :8.68e-03; Runtime: 306.9s; Iterations = 3240, grads =   3.725e-08, unitary_metric = 0.99999
Error = :8.67e-03; Runtime: 308.7s; Iterations = 3260, grads =   3.641e-08, unitary_metric = 0.99999
Error = :8.67e-03; Runtime: 310.6s; Iterations = 3280, grads =   1.210e-07, unitary_metric = 0.99999
Error = :8.66e-03; Runtime: 312.4s; Iterations = 3300, grads =   1.801e-05, unitary_metric = 0.99999
Error = :8.68e-03; Runtime: 314.4s; Iterations = 3320, grads =   1.717e-04, unitary_metric = 0.99999
Error = :8.66e-03; Runtime: 316.2s; Iterations = 3340, grads =   4.945e-05, unitary_metric = 0.99999
Error = :8.64e-03; Runtime: 318.1s; Iterations = 3360, grads =   1.431e-05, unitary_metric = 0.99999
Error = :8.63e-03; Runtime: 319.9s; Iterations = 3380, grads =   1.346e-06, unitary_metric = 0.99998
Error = :8.62e-03; Runtime: 321.8s; Iterations = 3400, grads =   2.164e-07, unitary_metric = 0.99999
Error = :8.61e-03; Runtime: 323.9s; Iterations = 3420, grads =   1.070e-07, unitary_metric = 0.99999
Error = :8.60e-03; Runtime: 325.7s; Iterations = 3440, grads =   1.125e-07, unitary_metric = 0.99999
Error = :8.58e-03; Runtime: 327.6s; Iterations = 3460, grads =   1.193e-07, unitary_metric = 0.99998
Error = :8.56e-03; Runtime: 329.5s; Iterations = 3480, grads =   1.276e-07, unitary_metric = 0.99998
Error = :8.54e-03; Runtime: 331.3s; Iterations = 3500, grads =   1.276e-07, unitary_metric = 0.99999
Error = :8.52e-03; Runtime: 333.3s; Iterations = 3520, grads =   1.251e-07, unitary_metric = 0.99999
Error = :8.49e-03; Runtime: 335.2s; Iterations = 3540, grads =   1.339e-07, unitary_metric = 0.99998
Error = :8.47e-03; Runtime: 337.1s; Iterations = 3560, grads =   1.632e-06, unitary_metric = 0.99999
Error = :8.49e-03; Runtime: 338.9s; Iterations = 3580, grads =   2.829e-04, unitary_metric = 0.99999
Error = :8.44e-03; Runtime: 340.8s; Iterations = 3600, grads =   6.107e-05, unitary_metric = 0.99998
Error = :8.42e-03; Runtime: 342.8s; Iterations = 3620, grads =   7.546e-06, unitary_metric = 0.99998
Error = :8.40e-03; Runtime: 344.6s; Iterations = 3640, grads =   1.228e-06, unitary_metric = 0.99999
Error = :8.39e-03; Runtime: 346.5s; Iterations = 3660, grads =   2.920e-07, unitary_metric = 0.99998
Error = :8.38e-03; Runtime: 348.4s; Iterations = 3680, grads =   6.738e-08, unitary_metric = 0.99999
Error = :8.37e-03; Runtime: 350.2s; Iterations = 3700, grads =   4.126e-08, unitary_metric = 0.99998
Error = :8.37e-03; Runtime: 352.2s; Iterations = 3720, grads =   3.444e-08, unitary_metric = 0.99999
Error = :8.36e-03; Runtime: 354.1s; Iterations = 3740, grads =   2.947e-08, unitary_metric = 0.99998
Error = :8.36e-03; Runtime: 355.9s; Iterations = 3760, grads =   2.567e-08, unitary_metric = 0.99998
Error = :8.35e-03; Runtime: 357.8s; Iterations = 3780, grads =   2.313e-08, unitary_metric = 0.99998
Error = :8.35e-03; Runtime: 359.6s; Iterations = 3800, grads =   2.513e-08, unitary_metric = 0.99998
Error = :8.35e-03; Runtime: 361.6s; Iterations = 3820, grads =   3.481e-07, unitary_metric = 0.99998
Error = :8.36e-03; Runtime: 363.5s; Iterations = 3840, grads =   1.285e-04, unitary_metric = 0.99999
Error = :8.38e-03; Runtime: 365.3s; Iterations = 3860, grads =   1.722e-04, unitary_metric = 0.99998
Error = :8.35e-03; Runtime: 367.2s; Iterations = 3880, grads =   1.565e-05, unitary_metric = 0.99998
Error = :8.35e-03; Runtime: 369.0s; Iterations = 3900, grads =   2.363e-06, unitary_metric = 0.99998
Error = :8.35e-03; Runtime: 371.1s; Iterations = 3920, grads =   2.930e-07, unitary_metric = 0.99999
Error = :8.35e-03; Runtime: 372.9s; Iterations = 3940, grads =   3.168e-08, unitary_metric = 0.99999
Error = :8.35e-03; Runtime: 374.7s; Iterations = 3960, grads =   1.615e-08, unitary_metric = 0.99999
Error = :8.36e-03; Runtime: 376.6s; Iterations = 3980, grads =   1.411e-08, unitary_metric = 0.99999
Error = :8.36e-03; Runtime: 378.4s; Iterations = 4000, grads =   1.258e-08, unitary_metric = 0.99998
Error = :8.36e-03; Runtime: 380.4s; Iterations = 4020, grads =   1.251e-08, unitary_metric = 0.99999
Error = :8.36e-03; Runtime: 382.3s; Iterations = 4040, grads =   1.369e-08, unitary_metric = 0.99999
Error = :8.37e-03; Runtime: 384.2s; Iterations = 4060, grads =   1.520e-08, unitary_metric = 0.99998
Error = :8.37e-03; Runtime: 386.0s; Iterations = 4080, grads =   4.111e-08, unitary_metric = 0.99998
Error = :8.37e-03; Runtime: 387.9s; Iterations = 4100, grads =   3.709e-06, unitary_metric = 0.99998
Error = :8.38e-03; Runtime: 389.9s; Iterations = 4120, grads =   1.500e-05, unitary_metric = 0.99998
Error = :8.38e-03; Runtime: 391.8s; Iterations = 4140, grads =   2.365e-05, unitary_metric = 0.99998
Error = :8.39e-03; Runtime: 393.6s; Iterations = 4160, grads =   3.256e-06, unitary_metric = 0.99998
Error = :8.39e-03; Runtime: 395.5s; Iterations = 4180, grads =   1.989e-06, unitary_metric = 0.99998
Error = :8.39e-03; Runtime: 397.3s; Iterations = 4200, grads =   3.251e-07, unitary_metric = 0.99998
Error = :8.40e-03; Runtime: 399.3s; Iterations = 4220, grads =   5.790e-08, unitary_metric = 0.99998
Error = :8.40e-03; Runtime: 401.2s; Iterations = 4240, grads =   1.557e-08, unitary_metric = 0.99998
Error = :8.41e-03; Runtime: 403.0s; Iterations = 4260, grads =   1.357e-08, unitary_metric = 0.99998
Error = :8.41e-03; Runtime: 404.9s; Iterations = 4280, grads =   1.455e-08, unitary_metric = 0.99999
Error = :8.42e-03; Runtime: 406.7s; Iterations = 4300, grads =   1.395e-08, unitary_metric = 0.99998
Error = :8.43e-03; Runtime: 408.7s; Iterations = 4320, grads =   1.538e-08, unitary_metric = 0.99998
Error = :8.44e-03; Runtime: 410.6s; Iterations = 4340, grads =   9.574e-08, unitary_metric = 0.99998
Error = :8.45e-03; Runtime: 412.4s; Iterations = 4360, grads =   3.428e-05, unitary_metric = 0.99998
Error = :8.46e-03; Runtime: 414.3s; Iterations = 4380, grads =   1.040e-05, unitary_metric = 0.99998
Error = :8.47e-03; Runtime: 416.1s; Iterations = 4400, grads =   1.112e-05, unitary_metric = 0.99998
Error = :8.48e-03; Runtime: 418.1s; Iterations = 4420, grads =   3.226e-05, unitary_metric = 0.99999
Error = :8.49e-03; Runtime: 420.0s; Iterations = 4440, grads =   1.037e-05, unitary_metric = 0.99999
Error = :8.51e-03; Runtime: 421.8s; Iterations = 4460, grads =   4.869e-07, unitary_metric = 0.99999
Error = :8.52e-03; Runtime: 423.7s; Iterations = 4480, grads =   1.223e-07, unitary_metric = 0.99998
Error = :8.54e-03; Runtime: 425.5s; Iterations = 4500, grads =   3.109e-08, unitary_metric = 0.99999
Error = :8.55e-03; Runtime: 427.5s; Iterations = 4520, grads =   3.586e-08, unitary_metric = 0.99998
Error = :8.57e-03; Runtime: 429.4s; Iterations = 4540, grads =   3.992e-08, unitary_metric = 0.99999
Error = :8.58e-03; Runtime: 431.2s; Iterations = 4560, grads =   4.394e-08, unitary_metric = 0.99999
Error = :8.60e-03; Runtime: 433.1s; Iterations = 4580, grads =   5.100e-08, unitary_metric = 0.99999
Error = :8.61e-03; Runtime: 434.9s; Iterations = 4600, grads =   1.636e-07, unitary_metric = 0.99999
Error = :8.63e-03; Runtime: 437.0s; Iterations = 4620, grads =   2.252e-05, unitary_metric = 0.99999
Error = :8.64e-03; Runtime: 438.8s; Iterations = 4640, grads =   4.862e-05, unitary_metric = 0.99998
Error = :8.64e-03; Runtime: 440.7s; Iterations = 4660, grads =   1.812e-05, unitary_metric = 0.99999
Error = :8.65e-03; Runtime: 442.5s; Iterations = 4680, grads =   2.576e-06, unitary_metric = 0.99999
Error = :8.65e-03; Runtime: 444.4s; Iterations = 4700, grads =   3.202e-07, unitary_metric = 0.99999
Error = :8.65e-03; Runtime: 446.4s; Iterations = 4720, grads =   8.689e-08, unitary_metric = 0.99999
Error = :8.64e-03; Runtime: 448.2s; Iterations = 4740, grads =   8.168e-08, unitary_metric = 0.99999
Error = :8.64e-03; Runtime: 450.1s; Iterations = 4760, grads =   7.407e-08, unitary_metric = 0.99998
Error = :8.64e-03; Runtime: 451.9s; Iterations = 4780, grads =   6.956e-08, unitary_metric = 0.99998
Error = :8.63e-03; Runtime: 453.7s; Iterations = 4800, grads =   6.484e-08, unitary_metric = 0.99999
Error = :8.62e-03; Runtime: 455.8s; Iterations = 4820, grads =   6.165e-08, unitary_metric = 0.99999
Error = :8.62e-03; Runtime: 457.6s; Iterations = 4840, grads =   5.519e-08, unitary_metric = 0.99999
Error = :8.61e-03; Runtime: 459.4s; Iterations = 4860, grads =   2.372e-07, unitary_metric = 0.99999
Error = :8.61e-03; Runtime: 461.3s; Iterations = 4880, grads =   3.732e-05, unitary_metric = 0.99999
Error = :8.61e-03; Runtime: 463.1s; Iterations = 4900, grads =   7.466e-05, unitary_metric = 0.99999
Error = :8.60e-03; Runtime: 465.1s; Iterations = 4920, grads =   5.879e-06, unitary_metric = 0.99999
Error = :8.59e-03; Runtime: 467.0s; Iterations = 4940, grads =   7.487e-06, unitary_metric = 0.99999
Error = :8.59e-03; Runtime: 468.8s; Iterations = 4960, grads =   5.458e-07, unitary_metric = 0.99999
Error = :8.58e-03; Runtime: 470.7s; Iterations = 4980, grads =   1.056e-07, unitary_metric = 0.99999
Error = :8.58e-03; Runtime: 472.5s; Iterations = 5000, grads =   2.750e-08, unitary_metric = 0.99999
Error = :8.58e-03; Runtime: 474.5s; Iterations = 5020, grads =   2.103e-08, unitary_metric = 0.99999
Error = :8.58e-03; Runtime: 476.4s; Iterations = 5040, grads =   1.694e-08, unitary_metric = 0.99999
Error = :8.58e-03; Runtime: 478.2s; Iterations = 5060, grads =   1.815e-08, unitary_metric = 0.99999
Error = :8.57e-03; Runtime: 480.1s; Iterations = 5080, grads =   1.455e-08, unitary_metric = 0.99999
Error = :8.57e-03; Runtime: 481.9s; Iterations = 5100, grads =   2.814e-08, unitary_metric = 0.99999
Error = :8.57e-03; Runtime: 483.9s; Iterations = 5120, grads =   1.654e-06, unitary_metric = 0.99999
Error = :8.59e-03; Runtime: 485.8s; Iterations = 5140, grads =   1.713e-04, unitary_metric = 0.99999
Error = :8.57e-03; Runtime: 487.6s; Iterations = 5160, grads =   1.242e-05, unitary_metric = 0.99999
Error = :8.57e-03; Runtime: 489.5s; Iterations = 5180, grads =   1.748e-06, unitary_metric = 0.99999
Error = :8.56e-03; Runtime: 491.3s; Iterations = 5200, grads =   3.003e-07, unitary_metric = 0.99998
Error = :8.56e-03; Runtime: 493.3s; Iterations = 5220, grads =   1.848e-08, unitary_metric = 0.99998
Error = :8.56e-03; Runtime: 495.2s; Iterations = 5240, grads =   1.370e-08, unitary_metric = 0.99999
Error = :8.56e-03; Runtime: 497.0s; Iterations = 5260, grads =   9.454e-09, unitary_metric = 0.99999
Error = :8.56e-03; Runtime: 498.9s; Iterations = 5280, grads =   9.306e-09, unitary_metric = 0.99999
Error = :8.56e-03; Runtime: 500.7s; Iterations = 5300, grads =   8.187e-09, unitary_metric = 0.99998
Error = :8.56e-03; Runtime: 502.7s; Iterations = 5320, grads =   1.062e-08, unitary_metric = 0.99998
Error = :8.56e-03; Runtime: 504.6s; Iterations = 5340, grads =   5.095e-08, unitary_metric = 0.99999
Error = :8.56e-03; Runtime: 506.4s; Iterations = 5360, grads =   3.698e-06, unitary_metric = 0.99998
Error = :8.56e-03; Runtime: 508.3s; Iterations = 5380, grads =   2.696e-06, unitary_metric = 0.99998
Error = :8.56e-03; Runtime: 510.1s; Iterations = 5400, grads =   7.975e-05, unitary_metric = 0.99998
Error = :8.56e-03; Runtime: 512.1s; Iterations = 5420, grads =   9.407e-06, unitary_metric = 0.99998
Error = :8.56e-03; Runtime: 514.0s; Iterations = 5440, grads =   1.114e-06, unitary_metric = 0.99998
Error = :8.55e-03; Runtime: 515.8s; Iterations = 5460, grads =   9.046e-08, unitary_metric = 0.99998
Error = :8.55e-03; Runtime: 517.7s; Iterations = 5480, grads =   9.974e-09, unitary_metric = 0.99998
Error = :8.55e-03; Runtime: 519.5s; Iterations = 5500, grads =   9.292e-09, unitary_metric = 0.99998
Error = :8.55e-03; Runtime: 521.5s; Iterations = 5520, grads =   6.339e-09, unitary_metric = 0.99998
Error = :8.55e-03; Runtime: 523.4s; Iterations = 5540, grads =   6.764e-09, unitary_metric = 0.99998
Error = :8.55e-03; Runtime: 525.2s; Iterations = 5560, grads =   1.087e-08, unitary_metric = 0.99998
Error = :8.55e-03; Runtime: 527.1s; Iterations = 5580, grads =   5.832e-07, unitary_metric = 0.99998
Error = :8.55e-03; Runtime: 528.9s; Iterations = 5600, grads =   2.151e-05, unitary_metric = 0.99998
Error = :8.55e-03; Runtime: 530.9s; Iterations = 5620, grads =   5.937e-06, unitary_metric = 0.99998
Error = :8.55e-03; Runtime: 532.8s; Iterations = 5640, grads =   1.546e-05, unitary_metric = 0.99998
Error = :8.54e-03; Runtime: 534.6s; Iterations = 5660, grads =   2.441e-05, unitary_metric = 0.99998
Error = :8.54e-03; Runtime: 536.5s; Iterations = 5680, grads =   3.403e-06, unitary_metric = 0.99998
Error = :8.53e-03; Runtime: 538.3s; Iterations = 5700, grads =   4.409e-07, unitary_metric = 0.99998
Error = :8.53e-03; Runtime: 540.3s; Iterations = 5720, grads =   4.993e-08, unitary_metric = 0.99998
Error = :8.52e-03; Runtime: 542.2s; Iterations = 5740, grads =   9.716e-09, unitary_metric = 0.99998
Error = :8.52e-03; Runtime: 544.0s; Iterations = 5760, grads =   1.016e-08, unitary_metric = 0.99998
Error = :8.51e-03; Runtime: 546.0s; Iterations = 5780, grads =   9.173e-09, unitary_metric = 0.99998
Error = :8.51e-03; Runtime: 547.9s; Iterations = 5800, grads =   1.029e-08, unitary_metric = 0.99998
Error = :8.50e-03; Runtime: 549.9s; Iterations = 5820, grads =   1.271e-08, unitary_metric = 0.99998
Error = :8.50e-03; Runtime: 551.7s; Iterations = 5840, grads =   1.050e-07, unitary_metric = 0.99998
Error = :8.50e-03; Runtime: 553.5s; Iterations = 5860, grads =   1.088e-05, unitary_metric = 0.99998
Error = :8.50e-03; Runtime: 555.4s; Iterations = 5880, grads =   1.257e-05, unitary_metric = 0.99998
Error = :8.49e-03; Runtime: 557.2s; Iterations = 5900, grads =   1.044e-05, unitary_metric = 0.99998
Error = :8.49e-03; Runtime: 559.2s; Iterations = 5920, grads =   9.872e-06, unitary_metric = 0.99998
Error = :8.49e-03; Runtime: 561.1s; Iterations = 5940, grads =   2.344e-07, unitary_metric = 0.99998
Error = :8.49e-03; Runtime: 562.9s; Iterations = 5960, grads =   5.463e-08, unitary_metric = 0.99998
Error = :8.49e-03; Runtime: 564.8s; Iterations = 5980, grads =   4.878e-08, unitary_metric = 0.99998
Error = :8.49e-03; Runtime: 566.6s; Iterations = 6000, grads =   4.898e-09, unitary_metric = 0.99998
data saved at: /project/ftchong/qoc/pranav/00013_31_nah_slice_301.h5


trying total_time: 10.0 for unitary of size (4, 4)
data saved at: /project/ftchong/qoc/pranav/00014_31_nah_slice_301.h5
Using 6 Taylor terms and 1 Scaling & Squaring terms
Building graph:
Propagators initialized.
Operators weight initialized.
Intermediate propagation variables initialized.
Intermediate propagators initialized.
Vectors initialized.
Training loss initialized.
Optimizer initialized.
Utilities initialized.
Graph built!
Initialized
Error = :4.85e-02; Runtime: 0.3s; Iterations = 0, grads =   9.964e-01, unitary_metric = 1.00000
Error = :1.25e-02; Runtime: 2.1s; Iterations = 20, grads =   2.680e-01, unitary_metric = 1.00000
Error = :1.74e-03; Runtime: 3.4s; Iterations = 40, grads =   3.785e-02, unitary_metric = 1.00000
Error = :7.29e-04; Runtime: 3.5s; Iterations = 42, grads =   1.548e-02, unitary_metric = 1.00000
data saved at: /project/ftchong/qoc/pranav/00014_31_nah_slice_301.h5


trying total_time: 5.0 for unitary of size (4, 4)
data saved at: /project/ftchong/qoc/pranav/00015_31_nah_slice_301.h5
Using 6 Taylor terms and 1 Scaling & Squaring terms
Building graph:
Propagators initialized.
Operators weight initialized.
Intermediate propagation variables initialized.
Intermediate propagators initialized.
Vectors initialized.
Training loss initialized.
Optimizer initialized.
Utilities initialized.
Graph built!
Initialized
Error = :1.49e-01; Runtime: 0.1s; Iterations = 0, grads =   1.363e+00, unitary_metric = 1.00000
Error = :2.39e-03; Runtime: 1.1s; Iterations = 20, grads =   2.522e-02, unitary_metric = 1.00000
Error = :1.33e-04; Runtime: 1.1s; Iterations = 21, grads =   1.051e-03, unitary_metric = 1.00000
data saved at: /project/ftchong/qoc/pranav/00015_31_nah_slice_301.h5


trying total_time: 2.5 for unitary of size (4, 4)
data saved at: /project/ftchong/qoc/pranav/00016_31_nah_slice_301.h5
Using 6 Taylor terms and 1 Scaling & Squaring terms
Building graph:
Propagators initialized.
Operators weight initialized.
Intermediate propagation variables initialized.
Intermediate propagators initialized.
Vectors initialized.
Training loss initialized.
Optimizer initialized.
Utilities initialized.
Graph built!
Initialized
Error = :2.74e-02; Runtime: 0.1s; Iterations = 0, grads =   1.364e-01, unitary_metric = 1.00000
Error = :4.77e-04; Runtime: 0.4s; Iterations = 7, grads =   1.689e-03, unitary_metric = 1.00000
data saved at: /project/ftchong/qoc/pranav/00016_31_nah_slice_301.h5


trying total_time: 1.25 for unitary of size (4, 4)
data saved at: /project/ftchong/qoc/pranav/00017_31_nah_slice_301.h5
Using 6 Taylor terms and 1 Scaling & Squaring terms
Building graph:
Propagators initialized.
Operators weight initialized.
Intermediate propagation variables initialized.
Intermediate propagators initialized.
Vectors initialized.
Training loss initialized.
Optimizer initialized.
Utilities initialized.
Graph built!
Initialized
Error = :1.47e-02; Runtime: 0.1s; Iterations = 0, grads =   3.562e-02, unitary_metric = 1.00000
Error = :5.14e-04; Runtime: 0.2s; Iterations = 2, grads =   5.933e-04, unitary_metric = 1.00000
data saved at: /project/ftchong/qoc/pranav/00017_31_nah_slice_301.h5


trying total_time: 0.6 for unitary of size (4, 4)
data saved at: /project/ftchong/qoc/pranav/00018_31_nah_slice_301.h5
Using 7 Taylor terms and 0 Scaling & Squaring terms
Building graph:
Propagators initialized.
Operators weight initialized.
Intermediate propagation variables initialized.
Intermediate propagators initialized.
Vectors initialized.
Training loss initialized.
Optimizer initialized.
Utilities initialized.
Graph built!
Initialized
Error = :1.16e-02; Runtime: 0.0s; Iterations = 0, grads =   1.164e-02, unitary_metric = 1.00000
Error = :9.35e-04; Runtime: 0.2s; Iterations = 9, grads =   9.096e-04, unitary_metric = 1.00000
data saved at: /project/ftchong/qoc/pranav/00018_31_nah_slice_301.h5


trying total_time: 0.3 for unitary of size (4, 4)
data saved at: /project/ftchong/qoc/pranav/00019_31_nah_slice_301.h5
Using 5 Taylor terms and 1 Scaling & Squaring terms
Building graph:
Propagators initialized.
Operators weight initialized.
Intermediate propagation variables initialized.
Intermediate propagators initialized.
Vectors initialized.
Training loss initialized.
Optimizer initialized.
Utilities initialized.
Graph built!
Initialized
Error = :1.17e-01; Runtime: 0.0s; Iterations = 0, grads =   3.762e-02, unitary_metric = 1.00000
Error = :1.89e-02; Runtime: 0.2s; Iterations = 20, grads =   7.202e-03, unitary_metric = 1.00000
Error = :9.16e-04; Runtime: 0.2s; Iterations = 35, grads =   3.816e-04, unitary_metric = 1.00000
data saved at: /project/ftchong/qoc/pranav/00019_31_nah_slice_301.h5




[0.3, 5.3, 0.3]
TIME FOR SLICE IS:
5.3
