Running Block:  165


trying total_time: 10.0 for unitary of size (4, 4)
data saved at: /project/ftchong/qoc/pranav/00018_30_lih_slice_165.h5
Using 6 Taylor terms and 1 Scaling & Squaring terms
Building graph:
Propagators initialized.
Operators weight initialized.
Intermediate propagation variables initialized.
Intermediate propagators initialized.
Vectors initialized.
Training loss initialized.
Optimizer initialized.
Utilities initialized.
Graph built!
Initialized
Error = :1.28e-01; Runtime: 0.4s; Iterations = 0, grads =   2.388e+00, unitary_metric = 1.00000
Error = :8.76e-03; Runtime: 2.2s; Iterations = 20, grads =   1.885e-01, unitary_metric = 1.00000
Error = :5.53e-04; Runtime: 3.0s; Iterations = 32, grads =   1.077e-02, unitary_metric = 1.00000
data saved at: /project/ftchong/qoc/pranav/00018_30_lih_slice_165.h5


trying total_time: 5.0 for unitary of size (4, 4)
data saved at: /project/ftchong/qoc/pranav/00019_30_lih_slice_165.h5
Using 6 Taylor terms and 1 Scaling & Squaring terms
Building graph:
Propagators initialized.
Operators weight initialized.
Intermediate propagation variables initialized.
Intermediate propagators initialized.
Vectors initialized.
Training loss initialized.
Optimizer initialized.
Utilities initialized.
Graph built!
Initialized
Error = :2.95e-01; Runtime: 0.2s; Iterations = 0, grads =   2.052e+00, unitary_metric = 1.00000
Error = :7.07e-03; Runtime: 1.1s; Iterations = 20, grads =   7.419e-02, unitary_metric = 1.00000
Error = :6.93e-04; Runtime: 1.6s; Iterations = 35, grads =   7.045e-03, unitary_metric = 1.00000
data saved at: /project/ftchong/qoc/pranav/00019_30_lih_slice_165.h5


trying total_time: 2.5 for unitary of size (4, 4)
data saved at: /project/ftchong/qoc/pranav/00020_30_lih_slice_165.h5
Using 6 Taylor terms and 1 Scaling & Squaring terms
Building graph:
Propagators initialized.
Operators weight initialized.
Intermediate propagation variables initialized.
Intermediate propagators initialized.
Vectors initialized.
Training loss initialized.
Optimizer initialized.
Utilities initialized.
Graph built!
Initialized
Error = :8.49e-02; Runtime: 0.1s; Iterations = 0, grads =   4.158e-01, unitary_metric = 1.00000
Error = :4.50e-04; Runtime: 0.6s; Iterations = 18, grads =   2.208e-03, unitary_metric = 1.00000
data saved at: /project/ftchong/qoc/pranav/00020_30_lih_slice_165.h5


trying total_time: 1.25 for unitary of size (4, 4)
data saved at: /project/ftchong/qoc/pranav/00021_30_lih_slice_165.h5
Using 6 Taylor terms and 1 Scaling & Squaring terms
Building graph:
Propagators initialized.
Operators weight initialized.
Intermediate propagation variables initialized.
Intermediate propagators initialized.
Vectors initialized.
Training loss initialized.
Optimizer initialized.
Utilities initialized.
Graph built!
Initialized
Error = :7.70e-02; Runtime: 0.1s; Iterations = 0, grads =   1.736e-01, unitary_metric = 1.00000
Error = :4.97e-04; Runtime: 0.3s; Iterations = 13, grads =   5.421e-04, unitary_metric = 1.00000
data saved at: /project/ftchong/qoc/pranav/00021_30_lih_slice_165.h5


trying total_time: 0.6 for unitary of size (4, 4)
data saved at: /project/ftchong/qoc/pranav/00022_30_lih_slice_165.h5
Using 7 Taylor terms and 0 Scaling & Squaring terms
Building graph:
Propagators initialized.
Operators weight initialized.
Intermediate propagation variables initialized.
Intermediate propagators initialized.
Vectors initialized.
Training loss initialized.
Optimizer initialized.
Utilities initialized.
Graph built!
Initialized
Error = :3.60e-02; Runtime: 0.1s; Iterations = 0, grads =   4.051e-02, unitary_metric = 1.00000
Error = :7.90e-04; Runtime: 0.2s; Iterations = 7, grads =   2.201e-04, unitary_metric = 1.00000
data saved at: /project/ftchong/qoc/pranav/00022_30_lih_slice_165.h5


trying total_time: 0.3 for unitary of size (4, 4)
data saved at: /project/ftchong/qoc/pranav/00023_30_lih_slice_165.h5
Using 5 Taylor terms and 1 Scaling & Squaring terms
Building graph:
Propagators initialized.
Operators weight initialized.
Intermediate propagation variables initialized.
Intermediate propagators initialized.
Vectors initialized.
Training loss initialized.
Optimizer initialized.
Utilities initialized.
Graph built!
Initialized
Error = :3.16e-02; Runtime: 0.0s; Iterations = 0, grads =   1.928e-02, unitary_metric = 1.00000
Error = :6.65e-04; Runtime: 0.2s; Iterations = 12, grads =   3.674e-04, unitary_metric = 1.00000
data saved at: /project/ftchong/qoc/pranav/00023_30_lih_slice_165.h5


trying total_time: 40.0 for unitary of size (16, 16)
data saved at: /project/ftchong/qoc/pranav/00024_30_lih_slice_165.h5
Using 5 Taylor terms and 4 Scaling & Squaring terms
Building graph:
Propagators initialized.
Operators weight initialized.
Intermediate propagation variables initialized.
Intermediate propagators initialized.
Vectors initialized.
Training loss initialized.
Optimizer initialized.
Utilities initialized.
Graph built!
Initialized
Error = :9.38e-01; Runtime: 1.4s; Iterations = 0, grads =   2.498e-02, unitary_metric = 1.00027
Error = :5.50e-01; Runtime: 19.0s; Iterations = 20, grads =   2.334e+00, unitary_metric = 1.00032
Error = :3.53e-02; Runtime: 34.0s; Iterations = 40, grads =   3.813e-01, unitary_metric = 1.00024
Error = :6.36e-03; Runtime: 49.1s; Iterations = 60, grads =   1.595e-01, unitary_metric = 1.00026
Error = :3.52e-03; Runtime: 64.1s; Iterations = 80, grads =   1.521e-01, unitary_metric = 1.00023
Error = :7.44e-04; Runtime: 67.9s; Iterations = 85, grads =   2.198e-02, unitary_metric = 1.00022
data saved at: /project/ftchong/qoc/pranav/00024_30_lih_slice_165.h5


trying total_time: 20.0 for unitary of size (16, 16)
data saved at: /project/ftchong/qoc/pranav/00025_30_lih_slice_165.h5
Using 7 Taylor terms and 2 Scaling & Squaring terms
Building graph:
Propagators initialized.
Operators weight initialized.
Intermediate propagation variables initialized.
Intermediate propagators initialized.
Vectors initialized.
Training loss initialized.
Optimizer initialized.
Utilities initialized.
Graph built!
Initialized
Error = :9.40e-01; Runtime: 0.6s; Iterations = 0, grads =   6.681e-03, unitary_metric = 1.00000
Error = :5.32e-01; Runtime: 9.2s; Iterations = 20, grads =   3.162e-01, unitary_metric = 1.00001
Error = :2.47e-01; Runtime: 16.5s; Iterations = 40, grads =   5.455e-02, unitary_metric = 1.00000
Error = :1.80e-02; Runtime: 23.9s; Iterations = 60, grads =   2.715e-02, unitary_metric = 0.99999
Error = :1.54e-03; Runtime: 31.4s; Iterations = 80, grads =   4.786e-03, unitary_metric = 1.00000
Error = :9.36e-04; Runtime: 32.5s; Iterations = 83, grads =   1.189e-02, unitary_metric = 1.00000
data saved at: /project/ftchong/qoc/pranav/00025_30_lih_slice_165.h5


trying total_time: 10.0 for unitary of size (16, 16)
data saved at: /project/ftchong/qoc/pranav/00026_30_lih_slice_165.h5
Using 7 Taylor terms and 2 Scaling & Squaring terms
Building graph:
Propagators initialized.
Operators weight initialized.
Intermediate propagation variables initialized.
Intermediate propagators initialized.
Vectors initialized.
Training loss initialized.
Optimizer initialized.
Utilities initialized.
Graph built!
Initialized
Error = :9.40e-01; Runtime: 0.4s; Iterations = 0, grads =   2.543e-03, unitary_metric = 1.00000
Error = :7.12e-01; Runtime: 4.6s; Iterations = 20, grads =   1.052e-02, unitary_metric = 1.00000
Error = :5.25e-01; Runtime: 8.1s; Iterations = 40, grads =   8.064e-03, unitary_metric = 0.99999
Error = :3.96e-01; Runtime: 11.7s; Iterations = 60, grads =   8.743e-03, unitary_metric = 0.99999
Error = :3.17e-02; Runtime: 15.3s; Iterations = 80, grads =   2.892e-03, unitary_metric = 0.99999
Error = :5.13e-03; Runtime: 18.9s; Iterations = 100, grads =   3.823e-04, unitary_metric = 0.99999
Error = :2.30e-03; Runtime: 22.7s; Iterations = 120, grads =   2.950e-02, unitary_metric = 0.99999
Error = :9.79e-04; Runtime: 23.3s; Iterations = 123, grads =   4.112e-03, unitary_metric = 0.99999
data saved at: /project/ftchong/qoc/pranav/00026_30_lih_slice_165.h5


trying total_time: 5.0 for unitary of size (16, 16)
data saved at: /project/ftchong/qoc/pranav/00027_30_lih_slice_165.h5
Using 7 Taylor terms and 2 Scaling & Squaring terms
Building graph:
Propagators initialized.
Operators weight initialized.
Intermediate propagation variables initialized.
Intermediate propagators initialized.
Vectors initialized.
Training loss initialized.
Optimizer initialized.
Utilities initialized.
Graph built!
Initialized
Error = :9.42e-01; Runtime: 0.2s; Iterations = 0, grads =   2.834e-03, unitary_metric = 1.00000
Error = :7.68e-01; Runtime: 2.4s; Iterations = 20, grads =   4.573e-03, unitary_metric = 0.99999
Error = :6.55e-01; Runtime: 4.2s; Iterations = 40, grads =   1.115e-03, unitary_metric = 0.99999
Error = :5.45e-01; Runtime: 5.9s; Iterations = 60, grads =   7.472e-04, unitary_metric = 0.99999
Error = :4.23e-01; Runtime: 7.7s; Iterations = 80, grads =   9.122e-04, unitary_metric = 0.99999
Error = :2.88e-01; Runtime: 9.5s; Iterations = 100, grads =   7.738e-04, unitary_metric = 0.99999
Error = :1.82e-01; Runtime: 11.4s; Iterations = 120, grads =   6.568e-04, unitary_metric = 0.99999
Error = :1.21e-01; Runtime: 13.2s; Iterations = 140, grads =   3.454e-03, unitary_metric = 0.99999
Error = :8.13e-02; Runtime: 15.0s; Iterations = 160, grads =   5.010e-04, unitary_metric = 0.99999
Error = :5.91e-02; Runtime: 16.8s; Iterations = 180, grads =   9.667e-05, unitary_metric = 0.99999
Error = :4.75e-02; Runtime: 18.6s; Iterations = 200, grads =   3.723e-05, unitary_metric = 0.99999
Error = :4.04e-02; Runtime: 20.5s; Iterations = 220, grads =   2.379e-05, unitary_metric = 0.99999
Error = :3.56e-02; Runtime: 22.3s; Iterations = 240, grads =   9.054e-04, unitary_metric = 0.99999
Error = :3.20e-02; Runtime: 24.1s; Iterations = 260, grads =   1.225e-05, unitary_metric = 0.99999
Error = :2.93e-02; Runtime: 25.9s; Iterations = 280, grads =   5.969e-05, unitary_metric = 0.99999
Error = :2.78e-02; Runtime: 27.7s; Iterations = 300, grads =   3.078e-03, unitary_metric = 0.99999
Error = :2.58e-02; Runtime: 29.7s; Iterations = 320, grads =   2.379e-04, unitary_metric = 0.99999
Error = :2.45e-02; Runtime: 31.5s; Iterations = 340, grads =   1.367e-05, unitary_metric = 0.99999
Error = :2.34e-02; Runtime: 33.3s; Iterations = 360, grads =   7.628e-06, unitary_metric = 0.99999
Error = :2.25e-02; Runtime: 35.1s; Iterations = 380, grads =   9.771e-06, unitary_metric = 0.99999
Error = :2.18e-02; Runtime: 36.8s; Iterations = 400, grads =   7.969e-05, unitary_metric = 0.99999
Error = :2.12e-02; Runtime: 38.8s; Iterations = 420, grads =   2.503e-04, unitary_metric = 0.99999
Error = :2.07e-02; Runtime: 40.6s; Iterations = 440, grads =   6.820e-06, unitary_metric = 0.99999
Error = :2.03e-02; Runtime: 42.4s; Iterations = 460, grads =   2.151e-06, unitary_metric = 0.99999
Error = :2.00e-02; Runtime: 44.1s; Iterations = 480, grads =   2.459e-06, unitary_metric = 0.99999
Error = :1.97e-02; Runtime: 45.9s; Iterations = 500, grads =   1.409e-06, unitary_metric = 0.99999
Error = :1.93e-02; Runtime: 47.9s; Iterations = 520, grads =   2.740e-06, unitary_metric = 0.99999
Error = :1.98e-02; Runtime: 49.7s; Iterations = 540, grads =   6.537e-03, unitary_metric = 0.99999
Error = :1.88e-02; Runtime: 51.5s; Iterations = 560, grads =   6.514e-04, unitary_metric = 0.99999
Error = :1.84e-02; Runtime: 53.3s; Iterations = 580, grads =   9.252e-05, unitary_metric = 0.99999
Error = :1.81e-02; Runtime: 55.1s; Iterations = 600, grads =   1.323e-05, unitary_metric = 0.99999
Error = :1.79e-02; Runtime: 57.0s; Iterations = 620, grads =   2.223e-06, unitary_metric = 0.99999
Error = :1.77e-02; Runtime: 58.8s; Iterations = 640, grads =   1.148e-06, unitary_metric = 0.99999
Error = :1.75e-02; Runtime: 60.6s; Iterations = 660, grads =   1.012e-06, unitary_metric = 0.99999
Error = :1.73e-02; Runtime: 62.4s; Iterations = 680, grads =   4.316e-05, unitary_metric = 0.99999
Error = :1.72e-02; Runtime: 64.2s; Iterations = 700, grads =   1.541e-04, unitary_metric = 0.99999
Error = :1.70e-02; Runtime: 66.2s; Iterations = 720, grads =   2.279e-05, unitary_metric = 0.99999
Error = :1.68e-02; Runtime: 68.0s; Iterations = 740, grads =   2.145e-04, unitary_metric = 0.99999
Error = :1.67e-02; Runtime: 69.8s; Iterations = 760, grads =   2.469e-05, unitary_metric = 0.99999
Error = :1.65e-02; Runtime: 71.6s; Iterations = 780, grads =   4.080e-06, unitary_metric = 0.99999
Error = :1.64e-02; Runtime: 73.4s; Iterations = 800, grads =   1.179e-04, unitary_metric = 0.99999
Error = :1.63e-02; Runtime: 75.4s; Iterations = 820, grads =   1.138e-04, unitary_metric = 0.99999
Error = :1.62e-02; Runtime: 77.2s; Iterations = 840, grads =   3.470e-05, unitary_metric = 0.99999
Error = :1.61e-02; Runtime: 79.0s; Iterations = 860, grads =   2.075e-06, unitary_metric = 0.99999
Error = :1.60e-02; Runtime: 80.8s; Iterations = 880, grads =   5.871e-07, unitary_metric = 0.99999
Error = :1.59e-02; Runtime: 82.6s; Iterations = 900, grads =   5.566e-07, unitary_metric = 0.99999
Error = :1.58e-02; Runtime: 84.5s; Iterations = 920, grads =   4.880e-04, unitary_metric = 0.99999
Error = :1.58e-02; Runtime: 86.3s; Iterations = 940, grads =   7.956e-04, unitary_metric = 0.99999
Error = :1.56e-02; Runtime: 88.1s; Iterations = 960, grads =   9.889e-06, unitary_metric = 0.99999
Error = :1.55e-02; Runtime: 89.9s; Iterations = 980, grads =   5.675e-05, unitary_metric = 0.99999
Error = :1.54e-02; Runtime: 91.7s; Iterations = 1000, grads =   1.130e-05, unitary_metric = 0.99999
Error = :1.53e-02; Runtime: 93.7s; Iterations = 1020, grads =   4.871e-06, unitary_metric = 0.99998
Error = :1.53e-02; Runtime: 95.4s; Iterations = 1040, grads =   2.375e-04, unitary_metric = 0.99999
Error = :1.52e-02; Runtime: 97.2s; Iterations = 1060, grads =   2.328e-04, unitary_metric = 0.99999
Error = :1.50e-02; Runtime: 99.0s; Iterations = 1080, grads =   8.858e-07, unitary_metric = 0.99999
Error = :1.49e-02; Runtime: 100.7s; Iterations = 1100, grads =   3.854e-06, unitary_metric = 0.99999
Error = :1.49e-02; Runtime: 102.7s; Iterations = 1120, grads =   8.355e-07, unitary_metric = 0.99999
Error = :1.48e-02; Runtime: 104.4s; Iterations = 1140, grads =   3.750e-07, unitary_metric = 0.99999
Error = :1.47e-02; Runtime: 106.2s; Iterations = 1160, grads =   2.533e-05, unitary_metric = 0.99999
Error = :1.46e-02; Runtime: 107.9s; Iterations = 1180, grads =   9.219e-05, unitary_metric = 0.99999
Error = :1.45e-02; Runtime: 109.7s; Iterations = 1200, grads =   9.157e-05, unitary_metric = 0.99999
Error = :1.45e-02; Runtime: 111.6s; Iterations = 1220, grads =   1.793e-05, unitary_metric = 0.99999
Error = :1.44e-02; Runtime: 113.4s; Iterations = 1240, grads =   5.837e-07, unitary_metric = 0.99999
Error = :1.43e-02; Runtime: 115.2s; Iterations = 1260, grads =   2.183e-07, unitary_metric = 0.99999
Error = :1.43e-02; Runtime: 116.9s; Iterations = 1280, grads =   1.991e-07, unitary_metric = 0.99999
Error = :1.42e-02; Runtime: 118.7s; Iterations = 1300, grads =   2.054e-07, unitary_metric = 0.99999
Error = :1.42e-02; Runtime: 120.7s; Iterations = 1320, grads =   2.226e-05, unitary_metric = 0.99999
Error = :1.42e-02; Runtime: 122.5s; Iterations = 1340, grads =   2.840e-04, unitary_metric = 0.99999
Error = :1.41e-02; Runtime: 124.3s; Iterations = 1360, grads =   4.084e-05, unitary_metric = 0.99999
Error = :1.40e-02; Runtime: 126.1s; Iterations = 1380, grads =   9.888e-06, unitary_metric = 0.99999
Error = :1.40e-02; Runtime: 127.9s; Iterations = 1400, grads =   2.234e-04, unitary_metric = 0.99999
Error = :1.39e-02; Runtime: 129.8s; Iterations = 1420, grads =   9.490e-05, unitary_metric = 0.99999
Error = :1.39e-02; Runtime: 131.6s; Iterations = 1440, grads =   1.627e-05, unitary_metric = 0.99999
Error = :1.39e-02; Runtime: 133.4s; Iterations = 1460, grads =   3.287e-06, unitary_metric = 0.99999
Error = :1.38e-02; Runtime: 135.2s; Iterations = 1480, grads =   8.292e-06, unitary_metric = 0.99999
Error = :1.38e-02; Runtime: 137.0s; Iterations = 1500, grads =   4.592e-05, unitary_metric = 0.99999
Error = :1.38e-02; Runtime: 138.9s; Iterations = 1520, grads =   1.441e-05, unitary_metric = 0.99999
Error = :1.37e-02; Runtime: 140.7s; Iterations = 1540, grads =   1.555e-06, unitary_metric = 0.99999
Error = :1.37e-02; Runtime: 142.5s; Iterations = 1560, grads =   2.138e-07, unitary_metric = 0.99999
Error = :1.37e-02; Runtime: 144.3s; Iterations = 1580, grads =   1.090e-07, unitary_metric = 0.99998
Error = :1.36e-02; Runtime: 146.1s; Iterations = 1600, grads =   1.067e-07, unitary_metric = 0.99999
Error = :1.36e-02; Runtime: 148.0s; Iterations = 1620, grads =   1.687e-06, unitary_metric = 0.99999
Error = :1.36e-02; Runtime: 149.8s; Iterations = 1640, grads =   3.763e-04, unitary_metric = 0.99998
Error = :1.36e-02; Runtime: 151.5s; Iterations = 1660, grads =   1.944e-04, unitary_metric = 0.99999
Error = :1.36e-02; Runtime: 153.4s; Iterations = 1680, grads =   9.334e-04, unitary_metric = 0.99999
Error = :1.35e-02; Runtime: 155.2s; Iterations = 1700, grads =   1.426e-04, unitary_metric = 0.99999
Error = :1.35e-02; Runtime: 157.1s; Iterations = 1720, grads =   6.888e-06, unitary_metric = 0.99999
Error = :1.35e-02; Runtime: 159.0s; Iterations = 1740, grads =   5.143e-07, unitary_metric = 0.99999
Error = :1.35e-02; Runtime: 160.8s; Iterations = 1760, grads =   3.587e-07, unitary_metric = 0.99999
Error = :1.35e-02; Runtime: 162.6s; Iterations = 1780, grads =   9.190e-08, unitary_metric = 0.99999
Error = :1.34e-02; Runtime: 164.4s; Iterations = 1800, grads =   6.890e-08, unitary_metric = 0.99999
Error = :1.34e-02; Runtime: 166.4s; Iterations = 1820, grads =   6.556e-08, unitary_metric = 0.99999
Error = :1.34e-02; Runtime: 168.2s; Iterations = 1840, grads =   1.032e-07, unitary_metric = 0.99999
Error = :1.34e-02; Runtime: 170.0s; Iterations = 1860, grads =   2.535e-05, unitary_metric = 0.99999
Error = :1.34e-02; Runtime: 171.8s; Iterations = 1880, grads =   8.916e-05, unitary_metric = 0.99999
Error = :1.34e-02; Runtime: 173.6s; Iterations = 1900, grads =   3.146e-06, unitary_metric = 0.99999
Error = :1.34e-02; Runtime: 175.6s; Iterations = 1920, grads =   1.544e-05, unitary_metric = 0.99999
Error = :1.34e-02; Runtime: 177.4s; Iterations = 1940, grads =   1.525e-06, unitary_metric = 0.99999
Error = :1.34e-02; Runtime: 179.2s; Iterations = 1960, grads =   4.077e-05, unitary_metric = 0.99999
Error = :1.34e-02; Runtime: 181.0s; Iterations = 1980, grads =   4.868e-04, unitary_metric = 0.99999
Error = :1.34e-02; Runtime: 182.9s; Iterations = 2000, grads =   2.354e-06, unitary_metric = 0.99999
Error = :1.34e-02; Runtime: 184.8s; Iterations = 2020, grads =   4.402e-06, unitary_metric = 0.99999
Error = :1.34e-02; Runtime: 186.7s; Iterations = 2040, grads =   7.449e-07, unitary_metric = 0.99999
Error = :1.34e-02; Runtime: 188.5s; Iterations = 2060, grads =   1.277e-07, unitary_metric = 0.99999
Error = :1.34e-02; Runtime: 190.3s; Iterations = 2080, grads =   4.008e-08, unitary_metric = 0.99999
Error = :1.34e-02; Runtime: 192.1s; Iterations = 2100, grads =   4.106e-08, unitary_metric = 0.99999
Error = :1.34e-02; Runtime: 194.1s; Iterations = 2120, grads =   4.861e-08, unitary_metric = 0.99999
Error = :1.34e-02; Runtime: 195.9s; Iterations = 2140, grads =   2.824e-06, unitary_metric = 0.99999
Error = :1.34e-02; Runtime: 197.7s; Iterations = 2160, grads =   7.462e-06, unitary_metric = 0.99999
Error = :1.34e-02; Runtime: 199.4s; Iterations = 2180, grads =   7.359e-05, unitary_metric = 0.99999
Error = :1.34e-02; Runtime: 201.2s; Iterations = 2200, grads =   1.111e-05, unitary_metric = 0.99999
Error = :1.34e-02; Runtime: 203.1s; Iterations = 2220, grads =   1.714e-06, unitary_metric = 0.99999
Error = :1.34e-02; Runtime: 204.9s; Iterations = 2240, grads =   3.337e-07, unitary_metric = 0.99999
Error = :1.34e-02; Runtime: 206.7s; Iterations = 2260, grads =   2.044e-05, unitary_metric = 0.99999
Error = :1.34e-02; Runtime: 208.4s; Iterations = 2280, grads =   5.802e-06, unitary_metric = 0.99999
Error = :1.34e-02; Runtime: 210.2s; Iterations = 2300, grads =   4.828e-05, unitary_metric = 0.99999
Error = :1.34e-02; Runtime: 212.2s; Iterations = 2320, grads =   3.680e-06, unitary_metric = 0.99999
Error = :1.34e-02; Runtime: 213.9s; Iterations = 2340, grads =   6.000e-08, unitary_metric = 0.99999
Error = :1.34e-02; Runtime: 215.7s; Iterations = 2360, grads =   4.705e-08, unitary_metric = 0.99999
Error = :1.34e-02; Runtime: 217.5s; Iterations = 2380, grads =   4.196e-08, unitary_metric = 0.99999
Error = :1.33e-02; Runtime: 219.3s; Iterations = 2400, grads =   4.349e-08, unitary_metric = 0.99999
Error = :1.33e-02; Runtime: 221.2s; Iterations = 2420, grads =   2.050e-06, unitary_metric = 0.99999
Error = :1.33e-02; Runtime: 223.0s; Iterations = 2440, grads =   1.029e-05, unitary_metric = 0.99999
Error = :1.33e-02; Runtime: 224.7s; Iterations = 2460, grads =   4.325e-06, unitary_metric = 0.99999
Error = :1.33e-02; Runtime: 226.5s; Iterations = 2480, grads =   1.698e-06, unitary_metric = 0.99999
Error = :1.33e-02; Runtime: 228.2s; Iterations = 2500, grads =   1.770e-04, unitary_metric = 0.99998
Error = :1.33e-02; Runtime: 230.2s; Iterations = 2520, grads =   1.074e-05, unitary_metric = 0.99999
Error = :1.33e-02; Runtime: 231.9s; Iterations = 2540, grads =   4.395e-05, unitary_metric = 0.99999
Error = :1.33e-02; Runtime: 233.7s; Iterations = 2560, grads =   2.875e-04, unitary_metric = 0.99999
Error = :1.33e-02; Runtime: 235.5s; Iterations = 2580, grads =   4.336e-06, unitary_metric = 0.99999
Error = :1.33e-02; Runtime: 237.2s; Iterations = 2600, grads =   4.648e-06, unitary_metric = 0.99999
Error = :1.33e-02; Runtime: 239.2s; Iterations = 2620, grads =   2.431e-07, unitary_metric = 0.99999
Error = :1.33e-02; Runtime: 240.9s; Iterations = 2640, grads =   2.830e-08, unitary_metric = 0.99999
Error = :1.33e-02; Runtime: 242.7s; Iterations = 2660, grads =   2.961e-08, unitary_metric = 0.99999
Error = :1.33e-02; Runtime: 244.4s; Iterations = 2680, grads =   2.601e-08, unitary_metric = 0.99999
Error = :1.33e-02; Runtime: 246.2s; Iterations = 2700, grads =   6.125e-08, unitary_metric = 0.99999
Error = :1.33e-02; Runtime: 248.2s; Iterations = 2720, grads =   3.980e-06, unitary_metric = 0.99999
Error = :1.34e-02; Runtime: 250.0s; Iterations = 2740, grads =   1.022e-05, unitary_metric = 0.99999
Error = :1.34e-02; Runtime: 251.8s; Iterations = 2760, grads =   1.568e-04, unitary_metric = 0.99999
Error = :1.34e-02; Runtime: 253.5s; Iterations = 2780, grads =   4.219e-06, unitary_metric = 0.99998
Error = :1.34e-02; Runtime: 255.3s; Iterations = 2800, grads =   2.149e-06, unitary_metric = 0.99999
Error = :1.34e-02; Runtime: 257.3s; Iterations = 2820, grads =   3.482e-07, unitary_metric = 0.99999
Error = :1.34e-02; Runtime: 259.1s; Iterations = 2840, grads =   2.350e-07, unitary_metric = 0.99999
Error = :1.34e-02; Runtime: 260.9s; Iterations = 2860, grads =   1.354e-04, unitary_metric = 0.99999
Error = :1.34e-02; Runtime: 262.7s; Iterations = 2880, grads =   5.871e-05, unitary_metric = 0.99999
Error = :1.34e-02; Runtime: 264.5s; Iterations = 2900, grads =   8.694e-06, unitary_metric = 0.99999
Error = :1.34e-02; Runtime: 266.4s; Iterations = 2920, grads =   2.366e-06, unitary_metric = 0.99999
Error = :1.35e-02; Runtime: 268.2s; Iterations = 2940, grads =   3.817e-06, unitary_metric = 0.99999
Error = :1.35e-02; Runtime: 270.0s; Iterations = 2960, grads =   8.602e-06, unitary_metric = 0.99999
Error = :1.35e-02; Runtime: 271.7s; Iterations = 2980, grads =   4.728e-06, unitary_metric = 0.99999
Error = :1.35e-02; Runtime: 273.5s; Iterations = 3000, grads =   8.580e-05, unitary_metric = 0.99999
Error = :1.35e-02; Runtime: 275.5s; Iterations = 3020, grads =   7.146e-06, unitary_metric = 0.99999
Error = :1.35e-02; Runtime: 277.2s; Iterations = 3040, grads =   1.799e-06, unitary_metric = 0.99999
Error = :1.35e-02; Runtime: 279.0s; Iterations = 3060, grads =   4.517e-07, unitary_metric = 0.99999
Error = :1.35e-02; Runtime: 280.8s; Iterations = 3080, grads =   5.108e-08, unitary_metric = 0.99999
Error = :1.35e-02; Runtime: 282.5s; Iterations = 3100, grads =   4.154e-08, unitary_metric = 0.99999
Error = :1.35e-02; Runtime: 284.5s; Iterations = 3120, grads =   3.614e-08, unitary_metric = 0.99999
Error = :1.35e-02; Runtime: 286.2s; Iterations = 3140, grads =   5.549e-08, unitary_metric = 0.99999
Error = :1.35e-02; Runtime: 288.0s; Iterations = 3160, grads =   7.691e-06, unitary_metric = 0.99999
Error = :1.36e-02; Runtime: 289.7s; Iterations = 3180, grads =   6.704e-05, unitary_metric = 0.99999
Error = :1.35e-02; Runtime: 291.5s; Iterations = 3200, grads =   3.338e-05, unitary_metric = 0.99999
Error = :1.35e-02; Runtime: 293.5s; Iterations = 3220, grads =   7.393e-06, unitary_metric = 0.99999
Error = :1.35e-02; Runtime: 295.3s; Iterations = 3240, grads =   1.244e-04, unitary_metric = 0.99999
Error = :1.35e-02; Runtime: 297.1s; Iterations = 3260, grads =   2.319e-05, unitary_metric = 0.99999
Error = :1.35e-02; Runtime: 298.8s; Iterations = 3280, grads =   9.919e-07, unitary_metric = 0.99999
Error = :1.35e-02; Runtime: 300.6s; Iterations = 3300, grads =   4.254e-07, unitary_metric = 0.99999
Error = :1.35e-02; Runtime: 302.5s; Iterations = 3320, grads =   7.394e-08, unitary_metric = 0.99999
Error = :1.35e-02; Runtime: 304.3s; Iterations = 3340, grads =   2.621e-08, unitary_metric = 0.99999
Error = :1.35e-02; Runtime: 306.0s; Iterations = 3360, grads =   2.624e-08, unitary_metric = 0.99999
Error = :1.35e-02; Runtime: 307.8s; Iterations = 3380, grads =   2.482e-08, unitary_metric = 0.99999
Error = :1.35e-02; Runtime: 309.6s; Iterations = 3400, grads =   2.603e-08, unitary_metric = 0.99999
Error = :1.35e-02; Runtime: 312.0s; Iterations = 3420, grads =   3.308e-08, unitary_metric = 0.99999
Error = :1.35e-02; Runtime: 313.8s; Iterations = 3440, grads =   1.506e-06, unitary_metric = 0.99999
Error = :1.35e-02; Runtime: 315.6s; Iterations = 3460, grads =   8.219e-05, unitary_metric = 0.99998
Error = :1.35e-02; Runtime: 317.4s; Iterations = 3480, grads =   8.342e-05, unitary_metric = 0.99999
Error = :1.35e-02; Runtime: 319.2s; Iterations = 3500, grads =   1.083e-05, unitary_metric = 0.99999
Error = :1.35e-02; Runtime: 321.1s; Iterations = 3520, grads =   1.233e-06, unitary_metric = 0.99999
Error = :1.35e-02; Runtime: 322.9s; Iterations = 3540, grads =   7.209e-08, unitary_metric = 0.99999
Error = :1.35e-02; Runtime: 324.7s; Iterations = 3560, grads =   2.308e-06, unitary_metric = 0.99999
Error = :1.35e-02; Runtime: 326.5s; Iterations = 3580, grads =   3.566e-05, unitary_metric = 0.99999
Error = :1.34e-02; Runtime: 328.3s; Iterations = 3600, grads =   2.487e-06, unitary_metric = 0.99999
Error = :1.34e-02; Runtime: 330.3s; Iterations = 3620, grads =   8.314e-08, unitary_metric = 0.99999
Error = :1.34e-02; Runtime: 332.1s; Iterations = 3640, grads =   3.156e-08, unitary_metric = 0.99999
Error = :1.34e-02; Runtime: 333.9s; Iterations = 3660, grads =   3.055e-08, unitary_metric = 0.99999
Error = :1.34e-02; Runtime: 335.6s; Iterations = 3680, grads =   4.158e-08, unitary_metric = 0.99999
Error = :1.34e-02; Runtime: 337.4s; Iterations = 3700, grads =   4.228e-06, unitary_metric = 0.99999
Error = :1.35e-02; Runtime: 339.4s; Iterations = 3720, grads =   1.374e-04, unitary_metric = 0.99999
Error = :1.34e-02; Runtime: 341.1s; Iterations = 3740, grads =   4.741e-05, unitary_metric = 0.99999
Error = :1.34e-02; Runtime: 342.9s; Iterations = 3760, grads =   5.244e-06, unitary_metric = 0.99999
Error = :1.34e-02; Runtime: 344.7s; Iterations = 3780, grads =   7.465e-07, unitary_metric = 0.99999
Error = :1.34e-02; Runtime: 346.4s; Iterations = 3800, grads =   6.652e-08, unitary_metric = 0.99999
Error = :1.34e-02; Runtime: 348.5s; Iterations = 3820, grads =   3.732e-08, unitary_metric = 0.99999
Error = :1.34e-02; Runtime: 350.3s; Iterations = 3840, grads =   7.167e-06, unitary_metric = 0.99999
Error = :1.34e-02; Runtime: 352.1s; Iterations = 3860, grads =   3.170e-05, unitary_metric = 0.99999
Error = :1.34e-02; Runtime: 353.8s; Iterations = 3880, grads =   4.327e-06, unitary_metric = 0.99999
Error = :1.34e-02; Runtime: 355.6s; Iterations = 3900, grads =   1.727e-08, unitary_metric = 0.99999
Error = :1.34e-02; Runtime: 357.6s; Iterations = 3920, grads =   6.043e-08, unitary_metric = 0.99999
Error = :1.34e-02; Runtime: 359.4s; Iterations = 3940, grads =   6.020e-08, unitary_metric = 0.99999
Error = :1.34e-02; Runtime: 361.2s; Iterations = 3960, grads =   7.335e-06, unitary_metric = 0.99999
Error = :1.34e-02; Runtime: 363.0s; Iterations = 3980, grads =   1.233e-05, unitary_metric = 0.99999
Error = :1.34e-02; Runtime: 364.8s; Iterations = 4000, grads =   8.553e-05, unitary_metric = 0.99999
Error = :1.34e-02; Runtime: 366.7s; Iterations = 4020, grads =   2.059e-05, unitary_metric = 0.99999
Error = :1.34e-02; Runtime: 368.5s; Iterations = 4040, grads =   4.357e-07, unitary_metric = 0.99999
Error = :1.34e-02; Runtime: 370.3s; Iterations = 4060, grads =   6.054e-07, unitary_metric = 0.99999
Error = :1.34e-02; Runtime: 372.0s; Iterations = 4080, grads =   1.247e-07, unitary_metric = 0.99999
Error = :1.34e-02; Runtime: 373.8s; Iterations = 4100, grads =   2.991e-08, unitary_metric = 0.99999
Error = :1.34e-02; Runtime: 375.7s; Iterations = 4120, grads =   4.910e-08, unitary_metric = 0.99999
Error = :1.34e-02; Runtime: 377.5s; Iterations = 4140, grads =   4.066e-06, unitary_metric = 0.99999
Error = :1.34e-02; Runtime: 379.3s; Iterations = 4160, grads =   4.851e-07, unitary_metric = 0.99999
Error = :1.34e-02; Runtime: 381.0s; Iterations = 4180, grads =   1.237e-06, unitary_metric = 0.99999
Error = :1.34e-02; Runtime: 382.8s; Iterations = 4200, grads =   2.527e-05, unitary_metric = 0.99999
Error = :1.34e-02; Runtime: 384.8s; Iterations = 4220, grads =   1.637e-06, unitary_metric = 0.99999
Error = :1.34e-02; Runtime: 386.6s; Iterations = 4240, grads =   6.386e-07, unitary_metric = 0.99999
Error = :1.34e-02; Runtime: 388.4s; Iterations = 4260, grads =   9.360e-08, unitary_metric = 0.99999
Error = :1.34e-02; Runtime: 390.2s; Iterations = 4280, grads =   8.342e-06, unitary_metric = 0.99999
Error = :1.34e-02; Runtime: 392.0s; Iterations = 4300, grads =   7.517e-06, unitary_metric = 0.99999
Error = :1.34e-02; Runtime: 393.9s; Iterations = 4320, grads =   4.173e-06, unitary_metric = 0.99999
Error = :1.34e-02; Runtime: 395.7s; Iterations = 4340, grads =   1.097e-06, unitary_metric = 0.99999
Error = :1.34e-02; Runtime: 397.5s; Iterations = 4360, grads =   2.491e-07, unitary_metric = 0.99999
Error = :1.34e-02; Runtime: 399.3s; Iterations = 4380, grads =   2.674e-05, unitary_metric = 0.99999
Error = :1.34e-02; Runtime: 401.1s; Iterations = 4400, grads =   6.899e-06, unitary_metric = 0.99999
Error = :1.34e-02; Runtime: 403.0s; Iterations = 4420, grads =   3.708e-05, unitary_metric = 0.99999
Error = :1.34e-02; Runtime: 404.8s; Iterations = 4440, grads =   2.586e-06, unitary_metric = 0.99999
Error = :1.34e-02; Runtime: 406.6s; Iterations = 4460, grads =   7.160e-07, unitary_metric = 0.99999
Error = :1.34e-02; Runtime: 408.4s; Iterations = 4480, grads =   1.203e-07, unitary_metric = 0.99999
Error = :1.34e-02; Runtime: 410.2s; Iterations = 4500, grads =   3.489e-07, unitary_metric = 0.99999
Error = :1.34e-02; Runtime: 412.2s; Iterations = 4520, grads =   5.963e-05, unitary_metric = 0.99999
Error = :1.34e-02; Runtime: 414.0s; Iterations = 4540, grads =   2.406e-05, unitary_metric = 0.99999
Error = :1.34e-02; Runtime: 415.7s; Iterations = 4560, grads =   3.665e-06, unitary_metric = 0.99999
Error = :1.34e-02; Runtime: 417.5s; Iterations = 4580, grads =   4.719e-07, unitary_metric = 0.99999
Error = :1.34e-02; Runtime: 419.3s; Iterations = 4600, grads =   2.429e-08, unitary_metric = 0.99999
Error = :1.34e-02; Runtime: 421.2s; Iterations = 4620, grads =   2.222e-07, unitary_metric = 0.99999
Error = :1.34e-02; Runtime: 423.0s; Iterations = 4640, grads =   3.871e-05, unitary_metric = 0.99999
Error = :1.34e-02; Runtime: 424.8s; Iterations = 4660, grads =   4.745e-08, unitary_metric = 0.99999
Error = :1.34e-02; Runtime: 426.6s; Iterations = 4680, grads =   1.092e-07, unitary_metric = 0.99999
Error = :1.34e-02; Runtime: 428.4s; Iterations = 4700, grads =   5.724e-06, unitary_metric = 0.99999
Error = :1.34e-02; Runtime: 430.4s; Iterations = 4720, grads =   2.483e-06, unitary_metric = 0.99999
Error = :1.34e-02; Runtime: 432.2s; Iterations = 4740, grads =   6.039e-07, unitary_metric = 0.99999
Error = :1.34e-02; Runtime: 434.1s; Iterations = 4760, grads =   7.355e-05, unitary_metric = 0.99999
Error = :1.34e-02; Runtime: 435.9s; Iterations = 4780, grads =   6.575e-06, unitary_metric = 0.99999
Error = :1.34e-02; Runtime: 437.7s; Iterations = 4800, grads =   1.301e-06, unitary_metric = 0.99999
Error = :1.34e-02; Runtime: 439.6s; Iterations = 4820, grads =   3.443e-07, unitary_metric = 0.99999
Error = :1.34e-02; Runtime: 441.4s; Iterations = 4840, grads =   4.805e-08, unitary_metric = 0.99999
Error = :1.34e-02; Runtime: 443.2s; Iterations = 4860, grads =   1.598e-08, unitary_metric = 0.99999
Error = :1.34e-02; Runtime: 445.0s; Iterations = 4880, grads =   1.621e-07, unitary_metric = 0.99999
Error = :1.35e-02; Runtime: 446.8s; Iterations = 4900, grads =   4.928e-05, unitary_metric = 0.99999
Error = :1.34e-02; Runtime: 448.8s; Iterations = 4920, grads =   4.764e-06, unitary_metric = 0.99999
Error = :1.34e-02; Runtime: 450.5s; Iterations = 4940, grads =   1.185e-06, unitary_metric = 0.99999
Error = :1.34e-02; Runtime: 452.3s; Iterations = 4960, grads =   2.260e-07, unitary_metric = 0.99999
Error = :1.35e-02; Runtime: 454.1s; Iterations = 4980, grads =   1.646e-07, unitary_metric = 0.99999
Error = :1.35e-02; Runtime: 455.9s; Iterations = 5000, grads =   2.556e-05, unitary_metric = 0.99999
Error = :1.35e-02; Runtime: 457.8s; Iterations = 5020, grads =   2.802e-05, unitary_metric = 0.99999
Error = :1.35e-02; Runtime: 459.6s; Iterations = 5040, grads =   3.274e-06, unitary_metric = 0.99999
Error = :1.35e-02; Runtime: 461.4s; Iterations = 5060, grads =   3.244e-07, unitary_metric = 0.99999
Error = :1.36e-02; Runtime: 463.2s; Iterations = 5080, grads =   6.361e-08, unitary_metric = 0.99998
Error = :1.36e-02; Runtime: 464.9s; Iterations = 5100, grads =   9.834e-08, unitary_metric = 0.99999
Error = :1.36e-02; Runtime: 466.9s; Iterations = 5120, grads =   1.417e-07, unitary_metric = 0.99999
Error = :1.37e-02; Runtime: 468.7s; Iterations = 5140, grads =   2.323e-06, unitary_metric = 0.99999
Error = :1.37e-02; Runtime: 470.4s; Iterations = 5160, grads =   1.254e-06, unitary_metric = 0.99999
Error = :1.37e-02; Runtime: 472.2s; Iterations = 5180, grads =   2.716e-07, unitary_metric = 0.99999
Error = :1.36e-02; Runtime: 473.9s; Iterations = 5200, grads =   5.047e-06, unitary_metric = 0.99999
Error = :1.36e-02; Runtime: 475.9s; Iterations = 5220, grads =   5.808e-06, unitary_metric = 0.99999
Error = :1.36e-02; Runtime: 477.7s; Iterations = 5240, grads =   2.786e-06, unitary_metric = 0.99999
Error = :1.36e-02; Runtime: 479.5s; Iterations = 5260, grads =   3.361e-05, unitary_metric = 0.99999
Error = :1.35e-02; Runtime: 481.2s; Iterations = 5280, grads =   4.596e-06, unitary_metric = 0.99999
Error = :1.35e-02; Runtime: 483.0s; Iterations = 5300, grads =   7.760e-07, unitary_metric = 0.99999
Error = :1.35e-02; Runtime: 484.9s; Iterations = 5320, grads =   3.012e-07, unitary_metric = 0.99998
Error = :1.35e-02; Runtime: 486.7s; Iterations = 5340, grads =   1.761e-07, unitary_metric = 0.99998
Error = :1.34e-02; Runtime: 488.5s; Iterations = 5360, grads =   1.665e-07, unitary_metric = 0.99998
Error = :1.34e-02; Runtime: 490.3s; Iterations = 5380, grads =   2.470e-06, unitary_metric = 0.99998
Error = :1.34e-02; Runtime: 492.1s; Iterations = 5400, grads =   1.436e-06, unitary_metric = 0.99998
Error = :1.34e-02; Runtime: 494.4s; Iterations = 5420, grads =   4.973e-07, unitary_metric = 0.99999
Error = :1.34e-02; Runtime: 496.2s; Iterations = 5440, grads =   1.470e-05, unitary_metric = 0.99999
Error = :1.34e-02; Runtime: 498.0s; Iterations = 5460, grads =   1.811e-06, unitary_metric = 0.99999
Error = :1.34e-02; Runtime: 499.7s; Iterations = 5480, grads =   1.749e-06, unitary_metric = 0.99998
Error = :1.34e-02; Runtime: 501.5s; Iterations = 5500, grads =   4.157e-05, unitary_metric = 0.99998
Error = :1.33e-02; Runtime: 503.4s; Iterations = 5520, grads =   1.936e-07, unitary_metric = 0.99998
Error = :1.33e-02; Runtime: 505.2s; Iterations = 5540, grads =   6.259e-07, unitary_metric = 0.99999
Error = :1.33e-02; Runtime: 507.0s; Iterations = 5560, grads =   9.083e-08, unitary_metric = 0.99999
Error = :1.33e-02; Runtime: 508.7s; Iterations = 5580, grads =   5.389e-08, unitary_metric = 0.99999
Error = :1.33e-02; Runtime: 510.5s; Iterations = 5600, grads =   1.806e-06, unitary_metric = 0.99998
Error = :1.33e-02; Runtime: 512.4s; Iterations = 5620, grads =   2.340e-05, unitary_metric = 0.99999
Error = :1.33e-02; Runtime: 514.2s; Iterations = 5640, grads =   1.509e-06, unitary_metric = 0.99998
Error = :1.33e-02; Runtime: 515.9s; Iterations = 5660, grads =   8.958e-08, unitary_metric = 0.99999
Error = :1.33e-02; Runtime: 517.7s; Iterations = 5680, grads =   4.016e-06, unitary_metric = 0.99999
Error = :1.33e-02; Runtime: 519.5s; Iterations = 5700, grads =   4.134e-06, unitary_metric = 0.99998
Error = :1.33e-02; Runtime: 521.4s; Iterations = 5720, grads =   2.680e-06, unitary_metric = 0.99999
Error = :1.33e-02; Runtime: 523.2s; Iterations = 5740, grads =   5.883e-07, unitary_metric = 0.99998
Error = :1.33e-02; Runtime: 524.9s; Iterations = 5760, grads =   9.336e-08, unitary_metric = 0.99999
Error = :1.33e-02; Runtime: 526.7s; Iterations = 5780, grads =   2.439e-08, unitary_metric = 0.99999
Error = :1.33e-02; Runtime: 528.5s; Iterations = 5800, grads =   1.483e-07, unitary_metric = 0.99998
Error = :1.33e-02; Runtime: 530.4s; Iterations = 5820, grads =   1.181e-05, unitary_metric = 0.99999
Error = :1.33e-02; Runtime: 532.2s; Iterations = 5840, grads =   3.557e-06, unitary_metric = 0.99999
Error = :1.33e-02; Runtime: 533.9s; Iterations = 5860, grads =   7.387e-07, unitary_metric = 0.99999
Error = :1.33e-02; Runtime: 535.7s; Iterations = 5880, grads =   3.990e-07, unitary_metric = 0.99999
Error = :1.33e-02; Runtime: 537.4s; Iterations = 5900, grads =   4.976e-08, unitary_metric = 0.99998
Error = :1.33e-02; Runtime: 539.4s; Iterations = 5920, grads =   2.465e-08, unitary_metric = 0.99998
Error = :1.33e-02; Runtime: 541.1s; Iterations = 5940, grads =   9.791e-08, unitary_metric = 0.99999
Error = :1.33e-02; Runtime: 542.9s; Iterations = 5960, grads =   6.714e-06, unitary_metric = 0.99999
Error = :1.33e-02; Runtime: 544.7s; Iterations = 5980, grads =   1.284e-06, unitary_metric = 0.99999
Error = :1.33e-02; Runtime: 546.5s; Iterations = 6000, grads =   9.471e-07, unitary_metric = 0.99998
data saved at: /project/ftchong/qoc/pranav/00027_30_lih_slice_165.h5


trying total_time: 7.5 for unitary of size (16, 16)
data saved at: /project/ftchong/qoc/pranav/00028_30_lih_slice_165.h5
Using 7 Taylor terms and 2 Scaling & Squaring terms
Building graph:
Propagators initialized.
Operators weight initialized.
Intermediate propagation variables initialized.
Intermediate propagators initialized.
Vectors initialized.
Training loss initialized.
Optimizer initialized.
Utilities initialized.
Graph built!
Initialized
Error = :9.40e-01; Runtime: 0.3s; Iterations = 0, grads =   8.798e-03, unitary_metric = 1.00000
Error = :7.29e-01; Runtime: 3.4s; Iterations = 20, grads =   1.107e-02, unitary_metric = 1.00000
Error = :5.70e-01; Runtime: 6.0s; Iterations = 40, grads =   3.112e-03, unitary_metric = 0.99999
Error = :5.01e-01; Runtime: 8.7s; Iterations = 60, grads =   4.470e-04, unitary_metric = 0.99999
Error = :3.72e-01; Runtime: 11.3s; Iterations = 80, grads =   2.366e-03, unitary_metric = 0.99999
Error = :8.57e-02; Runtime: 14.0s; Iterations = 100, grads =   2.052e-03, unitary_metric = 0.99999
Error = :2.82e-03; Runtime: 16.8s; Iterations = 120, grads =   1.269e-02, unitary_metric = 0.99999
Error = :7.93e-04; Runtime: 17.4s; Iterations = 124, grads =   1.099e-03, unitary_metric = 0.99999
data saved at: /project/ftchong/qoc/pranav/00028_30_lih_slice_165.h5


trying total_time: 6.25 for unitary of size (16, 16)
data saved at: /project/ftchong/qoc/pranav/00029_30_lih_slice_165.h5
Using 7 Taylor terms and 2 Scaling & Squaring terms
Building graph:
Propagators initialized.
Operators weight initialized.
Intermediate propagation variables initialized.
Intermediate propagators initialized.
Vectors initialized.
Training loss initialized.
Optimizer initialized.
Utilities initialized.
Graph built!
Initialized
Error = :9.38e-01; Runtime: 0.2s; Iterations = 0, grads =   1.985e-03, unitary_metric = 1.00001
Error = :7.59e-01; Runtime: 2.8s; Iterations = 20, grads =   6.851e-03, unitary_metric = 1.00000
Error = :6.20e-01; Runtime: 5.0s; Iterations = 40, grads =   2.786e-03, unitary_metric = 0.99999
Error = :5.12e-01; Runtime: 7.2s; Iterations = 60, grads =   8.040e-04, unitary_metric = 0.99999
Error = :3.33e-01; Runtime: 9.5s; Iterations = 80, grads =   2.337e-03, unitary_metric = 0.99999
Error = :1.13e-01; Runtime: 11.7s; Iterations = 100, grads =   1.427e-03, unitary_metric = 0.99999
Error = :2.66e-02; Runtime: 14.2s; Iterations = 120, grads =   4.316e-03, unitary_metric = 0.99999
Error = :6.80e-03; Runtime: 16.4s; Iterations = 140, grads =   1.191e-03, unitary_metric = 0.99999
Error = :2.02e-03; Runtime: 18.6s; Iterations = 160, grads =   6.901e-05, unitary_metric = 0.99999
Error = :9.64e-04; Runtime: 20.2s; Iterations = 174, grads =   3.611e-05, unitary_metric = 0.99999
data saved at: /project/ftchong/qoc/pranav/00029_30_lih_slice_165.h5


trying total_time: 5.6 for unitary of size (16, 16)
data saved at: /project/ftchong/qoc/pranav/00030_30_lih_slice_165.h5
Using 7 Taylor terms and 2 Scaling & Squaring terms
Building graph:
Propagators initialized.
Operators weight initialized.
Intermediate propagation variables initialized.
Intermediate propagators initialized.
Vectors initialized.
Training loss initialized.
Optimizer initialized.
Utilities initialized.
Graph built!
Initialized
Error = :9.38e-01; Runtime: 0.2s; Iterations = 0, grads =   1.544e-03, unitary_metric = 1.00000
Error = :7.63e-01; Runtime: 2.5s; Iterations = 20, grads =   3.362e-03, unitary_metric = 0.99999
Error = :6.55e-01; Runtime: 4.5s; Iterations = 40, grads =   1.844e-03, unitary_metric = 0.99999
Error = :4.87e-01; Runtime: 6.5s; Iterations = 60, grads =   1.404e-03, unitary_metric = 0.99999
Error = :2.94e-01; Runtime: 8.4s; Iterations = 80, grads =   1.341e-03, unitary_metric = 0.99999
Error = :1.36e-01; Runtime: 10.4s; Iterations = 100, grads =   3.655e-03, unitary_metric = 0.99999
Error = :5.46e-02; Runtime: 12.6s; Iterations = 120, grads =   3.172e-03, unitary_metric = 0.99999
Error = :2.60e-02; Runtime: 14.6s; Iterations = 140, grads =   5.028e-04, unitary_metric = 0.99999
Error = :1.52e-02; Runtime: 16.6s; Iterations = 160, grads =   5.995e-05, unitary_metric = 0.99999
Error = :1.02e-02; Runtime: 18.6s; Iterations = 180, grads =   1.601e-05, unitary_metric = 0.99999
Error = :7.33e-03; Runtime: 20.6s; Iterations = 200, grads =   3.178e-04, unitary_metric = 0.99999
Error = :5.76e-03; Runtime: 22.8s; Iterations = 220, grads =   3.223e-03, unitary_metric = 0.99999
Error = :4.24e-03; Runtime: 24.7s; Iterations = 240, grads =   5.354e-05, unitary_metric = 0.99999
Error = :3.34e-03; Runtime: 26.7s; Iterations = 260, grads =   5.935e-05, unitary_metric = 0.99999
Error = :2.67e-03; Runtime: 28.7s; Iterations = 280, grads =   1.096e-05, unitary_metric = 0.99999
Error = :2.16e-03; Runtime: 30.7s; Iterations = 300, grads =   3.331e-05, unitary_metric = 0.99999
Error = :1.85e-03; Runtime: 32.9s; Iterations = 320, grads =   4.126e-04, unitary_metric = 0.99999
Error = :1.62e-03; Runtime: 34.8s; Iterations = 340, grads =   1.694e-03, unitary_metric = 0.99999
Error = :1.24e-03; Runtime: 36.8s; Iterations = 360, grads =   1.607e-05, unitary_metric = 0.99999
Error = :1.06e-03; Runtime: 38.8s; Iterations = 380, grads =   1.118e-04, unitary_metric = 0.99999
Error = :9.98e-04; Runtime: 39.5s; Iterations = 387, grads =   6.435e-05, unitary_metric = 0.99999
data saved at: /project/ftchong/qoc/pranav/00030_30_lih_slice_165.h5


trying total_time: 5.3 for unitary of size (16, 16)
data saved at: /project/ftchong/qoc/pranav/00031_30_lih_slice_165.h5
Using 7 Taylor terms and 2 Scaling & Squaring terms
Building graph:
Propagators initialized.
Operators weight initialized.
Intermediate propagation variables initialized.
Intermediate propagators initialized.
Vectors initialized.
Training loss initialized.
Optimizer initialized.
Utilities initialized.
Graph built!
Initialized
Error = :9.36e-01; Runtime: 0.2s; Iterations = 0, grads =   1.044e-03, unitary_metric = 1.00000
Error = :7.51e-01; Runtime: 2.4s; Iterations = 20, grads =   6.229e-03, unitary_metric = 0.99999
Error = :6.22e-01; Runtime: 4.3s; Iterations = 40, grads =   1.931e-03, unitary_metric = 0.99999
Error = :5.32e-01; Runtime: 6.2s; Iterations = 60, grads =   5.258e-04, unitary_metric = 0.99999
Error = :4.99e-01; Runtime: 8.0s; Iterations = 80, grads =   1.601e-04, unitary_metric = 0.99999
Error = :4.26e-01; Runtime: 9.9s; Iterations = 100, grads =   9.139e-04, unitary_metric = 0.99999
Error = :2.49e-01; Runtime: 12.0s; Iterations = 120, grads =   6.116e-03, unitary_metric = 0.99999
Error = :1.00e-01; Runtime: 13.9s; Iterations = 140, grads =   2.009e-03, unitary_metric = 0.99999
Error = :3.97e-02; Runtime: 15.7s; Iterations = 160, grads =   4.298e-04, unitary_metric = 0.99999
Error = :2.14e-02; Runtime: 17.6s; Iterations = 180, grads =   3.853e-05, unitary_metric = 0.99999
Error = :1.45e-02; Runtime: 19.5s; Iterations = 200, grads =   2.568e-05, unitary_metric = 0.99999
Error = :1.11e-02; Runtime: 21.5s; Iterations = 220, grads =   9.554e-05, unitary_metric = 0.99999
Error = :9.13e-03; Runtime: 23.4s; Iterations = 240, grads =   5.941e-05, unitary_metric = 0.99999
Error = :7.83e-03; Runtime: 25.3s; Iterations = 260, grads =   2.230e-05, unitary_metric = 0.99999
Error = :6.94e-03; Runtime: 27.1s; Iterations = 280, grads =   6.898e-06, unitary_metric = 0.99999
Error = :6.31e-03; Runtime: 29.0s; Iterations = 300, grads =   3.216e-06, unitary_metric = 0.99999
Error = :5.83e-03; Runtime: 31.1s; Iterations = 320, grads =   2.006e-06, unitary_metric = 0.99999
Error = :5.45e-03; Runtime: 32.9s; Iterations = 340, grads =   1.462e-06, unitary_metric = 0.99999
Error = :5.16e-03; Runtime: 34.8s; Iterations = 360, grads =   3.494e-04, unitary_metric = 0.99999
Error = :4.96e-03; Runtime: 36.7s; Iterations = 380, grads =   1.305e-03, unitary_metric = 0.99999
Error = :4.60e-03; Runtime: 38.5s; Iterations = 400, grads =   7.507e-06, unitary_metric = 0.99999
Error = :4.38e-03; Runtime: 40.6s; Iterations = 420, grads =   3.151e-05, unitary_metric = 0.99999
Error = :4.68e-03; Runtime: 42.4s; Iterations = 440, grads =   3.130e-03, unitary_metric = 0.99999
Error = :4.04e-03; Runtime: 44.3s; Iterations = 460, grads =   2.022e-04, unitary_metric = 0.99999
Error = :3.86e-03; Runtime: 46.2s; Iterations = 480, grads =   2.073e-05, unitary_metric = 0.99999
Error = :3.72e-03; Runtime: 48.1s; Iterations = 500, grads =   6.283e-06, unitary_metric = 0.99999
Error = :3.59e-03; Runtime: 50.1s; Iterations = 520, grads =   1.108e-06, unitary_metric = 0.99999
Error = :3.47e-03; Runtime: 52.0s; Iterations = 540, grads =   3.943e-07, unitary_metric = 0.99998
Error = :3.37e-03; Runtime: 53.9s; Iterations = 560, grads =   1.430e-06, unitary_metric = 0.99998
Error = :3.70e-03; Runtime: 55.7s; Iterations = 580, grads =   4.886e-03, unitary_metric = 0.99998
Error = :3.24e-03; Runtime: 57.6s; Iterations = 600, grads =   5.181e-04, unitary_metric = 0.99999
Error = :3.13e-03; Runtime: 59.7s; Iterations = 620, grads =   5.131e-05, unitary_metric = 0.99999
Error = :3.06e-03; Runtime: 61.6s; Iterations = 640, grads =   2.253e-07, unitary_metric = 0.99999
Error = :3.01e-03; Runtime: 63.4s; Iterations = 660, grads =   2.386e-05, unitary_metric = 0.99998
Error = :3.03e-03; Runtime: 65.3s; Iterations = 680, grads =   4.309e-04, unitary_metric = 0.99999
Error = :2.91e-03; Runtime: 67.2s; Iterations = 700, grads =   6.475e-05, unitary_metric = 0.99999
Error = :2.86e-03; Runtime: 69.2s; Iterations = 720, grads =   9.427e-06, unitary_metric = 0.99999
Error = :2.81e-03; Runtime: 71.1s; Iterations = 740, grads =   2.200e-06, unitary_metric = 0.99999
Error = :2.77e-03; Runtime: 73.0s; Iterations = 760, grads =   3.514e-07, unitary_metric = 0.99999
Error = :2.73e-03; Runtime: 74.8s; Iterations = 780, grads =   1.384e-05, unitary_metric = 0.99999
Error = :2.72e-03; Runtime: 76.7s; Iterations = 800, grads =   2.974e-04, unitary_metric = 0.99999
Error = :2.67e-03; Runtime: 78.8s; Iterations = 820, grads =   1.408e-04, unitary_metric = 0.99999
Error = :2.63e-03; Runtime: 80.6s; Iterations = 840, grads =   3.428e-05, unitary_metric = 0.99998
Error = :2.59e-03; Runtime: 82.5s; Iterations = 860, grads =   2.361e-05, unitary_metric = 0.99999
Error = :2.58e-03; Runtime: 84.4s; Iterations = 880, grads =   1.427e-04, unitary_metric = 0.99998
Error = :2.53e-03; Runtime: 86.3s; Iterations = 900, grads =   5.490e-06, unitary_metric = 0.99998
Error = :2.50e-03; Runtime: 88.3s; Iterations = 920, grads =   1.983e-05, unitary_metric = 0.99999
Error = :2.47e-03; Runtime: 90.2s; Iterations = 940, grads =   2.551e-06, unitary_metric = 0.99998
Error = :2.44e-03; Runtime: 92.0s; Iterations = 960, grads =   1.080e-06, unitary_metric = 0.99999
Error = :2.61e-03; Runtime: 93.9s; Iterations = 980, grads =   2.267e-03, unitary_metric = 0.99998
Error = :2.39e-03; Runtime: 95.8s; Iterations = 1000, grads =   3.020e-06, unitary_metric = 0.99998
Error = :2.37e-03; Runtime: 97.9s; Iterations = 1020, grads =   7.597e-05, unitary_metric = 0.99998
Error = :2.34e-03; Runtime: 99.8s; Iterations = 1040, grads =   8.857e-06, unitary_metric = 0.99998
Error = :2.31e-03; Runtime: 101.7s; Iterations = 1060, grads =   2.325e-05, unitary_metric = 0.99998
Error = :2.34e-03; Runtime: 103.5s; Iterations = 1080, grads =   3.869e-04, unitary_metric = 0.99998
Error = :2.28e-03; Runtime: 105.4s; Iterations = 1100, grads =   7.503e-05, unitary_metric = 0.99998
Error = :2.25e-03; Runtime: 107.5s; Iterations = 1120, grads =   5.040e-05, unitary_metric = 0.99998
Error = :2.22e-03; Runtime: 109.4s; Iterations = 1140, grads =   6.451e-06, unitary_metric = 0.99998
Error = :2.19e-03; Runtime: 111.3s; Iterations = 1160, grads =   2.057e-07, unitary_metric = 0.99998
Error = :2.17e-03; Runtime: 113.2s; Iterations = 1180, grads =   1.629e-07, unitary_metric = 0.99998
Error = :2.15e-03; Runtime: 115.0s; Iterations = 1200, grads =   7.089e-08, unitary_metric = 0.99998
Error = :2.13e-03; Runtime: 117.1s; Iterations = 1220, grads =   1.123e-07, unitary_metric = 0.99998
Error = :2.12e-03; Runtime: 119.0s; Iterations = 1240, grads =   1.176e-04, unitary_metric = 0.99999
Error = :2.13e-03; Runtime: 120.9s; Iterations = 1260, grads =   4.553e-04, unitary_metric = 0.99998
Error = :2.07e-03; Runtime: 122.7s; Iterations = 1280, grads =   2.268e-05, unitary_metric = 0.99998
Error = :2.12e-03; Runtime: 124.6s; Iterations = 1300, grads =   4.739e-04, unitary_metric = 0.99998
Error = :2.05e-03; Runtime: 126.7s; Iterations = 1320, grads =   1.220e-04, unitary_metric = 0.99998
Error = :2.01e-03; Runtime: 128.6s; Iterations = 1340, grads =   7.255e-06, unitary_metric = 0.99999
Error = :2.01e-03; Runtime: 130.5s; Iterations = 1360, grads =   4.074e-05, unitary_metric = 0.99998
Error = :1.99e-03; Runtime: 132.4s; Iterations = 1380, grads =   3.736e-05, unitary_metric = 0.99998
Error = :1.96e-03; Runtime: 134.3s; Iterations = 1400, grads =   4.169e-06, unitary_metric = 0.99999
Error = :1.95e-03; Runtime: 136.4s; Iterations = 1420, grads =   8.718e-06, unitary_metric = 0.99998
Error = :1.94e-03; Runtime: 138.2s; Iterations = 1440, grads =   5.945e-05, unitary_metric = 0.99999
Error = :1.92e-03; Runtime: 140.1s; Iterations = 1460, grads =   8.631e-06, unitary_metric = 0.99998
Error = :1.90e-03; Runtime: 142.0s; Iterations = 1480, grads =   8.506e-08, unitary_metric = 0.99999
Error = :1.89e-03; Runtime: 143.9s; Iterations = 1500, grads =   2.523e-06, unitary_metric = 0.99999
Error = :1.91e-03; Runtime: 145.9s; Iterations = 1520, grads =   2.013e-04, unitary_metric = 0.99999
Error = :1.87e-03; Runtime: 147.8s; Iterations = 1540, grads =   9.437e-05, unitary_metric = 0.99999
Error = :1.85e-03; Runtime: 149.7s; Iterations = 1560, grads =   3.955e-05, unitary_metric = 0.99998
Error = :1.84e-03; Runtime: 151.6s; Iterations = 1580, grads =   1.472e-05, unitary_metric = 0.99998
Error = :1.82e-03; Runtime: 153.4s; Iterations = 1600, grads =   1.951e-06, unitary_metric = 0.99998
Error = :1.81e-03; Runtime: 155.5s; Iterations = 1620, grads =   3.841e-06, unitary_metric = 0.99998
Error = :1.84e-03; Runtime: 157.4s; Iterations = 1640, grads =   2.205e-04, unitary_metric = 0.99999
Error = :1.80e-03; Runtime: 159.2s; Iterations = 1660, grads =   3.105e-05, unitary_metric = 0.99999
Error = :1.78e-03; Runtime: 161.1s; Iterations = 1680, grads =   2.516e-06, unitary_metric = 0.99998
Error = :1.77e-03; Runtime: 163.0s; Iterations = 1700, grads =   1.747e-07, unitary_metric = 0.99999
Error = :1.77e-03; Runtime: 165.0s; Iterations = 1720, grads =   6.100e-07, unitary_metric = 0.99999
Error = :1.80e-03; Runtime: 166.9s; Iterations = 1740, grads =   2.250e-04, unitary_metric = 0.99998
Error = :1.76e-03; Runtime: 168.8s; Iterations = 1760, grads =   5.544e-06, unitary_metric = 0.99998
Error = :1.76e-03; Runtime: 170.6s; Iterations = 1780, grads =   2.475e-05, unitary_metric = 0.99998
Error = :1.75e-03; Runtime: 172.5s; Iterations = 1800, grads =   2.265e-05, unitary_metric = 0.99998
Error = :1.74e-03; Runtime: 174.6s; Iterations = 1820, grads =   1.192e-05, unitary_metric = 0.99998
Error = :1.74e-03; Runtime: 176.5s; Iterations = 1840, grads =   3.451e-05, unitary_metric = 0.99998
Error = :1.74e-03; Runtime: 178.3s; Iterations = 1860, grads =   8.046e-05, unitary_metric = 0.99998
Error = :1.73e-03; Runtime: 180.2s; Iterations = 1880, grads =   8.656e-05, unitary_metric = 0.99998
Error = :1.71e-03; Runtime: 182.1s; Iterations = 1900, grads =   6.222e-08, unitary_metric = 0.99998
Error = :1.70e-03; Runtime: 184.1s; Iterations = 1920, grads =   2.142e-06, unitary_metric = 0.99998
Error = :1.75e-03; Runtime: 186.0s; Iterations = 1940, grads =   3.325e-04, unitary_metric = 0.99998
Error = :1.69e-03; Runtime: 187.9s; Iterations = 1960, grads =   9.157e-05, unitary_metric = 0.99998
Error = :1.67e-03; Runtime: 189.7s; Iterations = 1980, grads =   9.756e-05, unitary_metric = 0.99998
Error = :1.64e-03; Runtime: 191.6s; Iterations = 2000, grads =   1.195e-05, unitary_metric = 0.99998
Error = :1.62e-03; Runtime: 193.6s; Iterations = 2020, grads =   1.585e-06, unitary_metric = 0.99998
Error = :1.61e-03; Runtime: 195.5s; Iterations = 2040, grads =   2.638e-07, unitary_metric = 0.99998
Error = :1.60e-03; Runtime: 197.4s; Iterations = 2060, grads =   4.416e-08, unitary_metric = 0.99998
Error = :1.59e-03; Runtime: 199.3s; Iterations = 2080, grads =   8.389e-07, unitary_metric = 0.99998
Error = :1.60e-03; Runtime: 201.1s; Iterations = 2100, grads =   3.288e-04, unitary_metric = 0.99999
Error = :1.57e-03; Runtime: 203.2s; Iterations = 2120, grads =   7.436e-05, unitary_metric = 0.99999
Error = :1.55e-03; Runtime: 205.1s; Iterations = 2140, grads =   3.785e-06, unitary_metric = 0.99998
Error = :1.55e-03; Runtime: 206.9s; Iterations = 2160, grads =   1.428e-05, unitary_metric = 0.99998
Error = :1.57e-03; Runtime: 208.8s; Iterations = 2180, grads =   2.231e-04, unitary_metric = 0.99998
Error = :1.53e-03; Runtime: 210.7s; Iterations = 2200, grads =   2.004e-05, unitary_metric = 0.99998
Error = :1.52e-03; Runtime: 212.7s; Iterations = 2220, grads =   4.903e-06, unitary_metric = 0.99999
Error = :1.51e-03; Runtime: 214.6s; Iterations = 2240, grads =   8.461e-07, unitary_metric = 0.99999
Error = :1.50e-03; Runtime: 216.5s; Iterations = 2260, grads =   1.104e-07, unitary_metric = 0.99999
Error = :1.49e-03; Runtime: 218.4s; Iterations = 2280, grads =   2.827e-08, unitary_metric = 0.99998
Error = :1.49e-03; Runtime: 220.2s; Iterations = 2300, grads =   2.669e-08, unitary_metric = 0.99998
Error = :1.48e-03; Runtime: 222.3s; Iterations = 2320, grads =   3.315e-07, unitary_metric = 0.99998
Error = :1.48e-03; Runtime: 224.1s; Iterations = 2340, grads =   1.088e-04, unitary_metric = 0.99998
Error = :1.49e-03; Runtime: 226.0s; Iterations = 2360, grads =   3.023e-04, unitary_metric = 0.99998
Error = :1.46e-03; Runtime: 227.9s; Iterations = 2380, grads =   2.416e-05, unitary_metric = 0.99998
Error = :1.47e-03; Runtime: 229.8s; Iterations = 2400, grads =   7.383e-05, unitary_metric = 0.99998
Error = :1.47e-03; Runtime: 231.8s; Iterations = 2420, grads =   1.374e-04, unitary_metric = 0.99999
Error = :1.44e-03; Runtime: 233.7s; Iterations = 2440, grads =   1.534e-05, unitary_metric = 0.99998
Error = :1.43e-03; Runtime: 235.6s; Iterations = 2460, grads =   1.217e-06, unitary_metric = 0.99998
Error = :1.43e-03; Runtime: 237.4s; Iterations = 2480, grads =   6.035e-07, unitary_metric = 0.99998
Error = :1.42e-03; Runtime: 239.3s; Iterations = 2500, grads =   1.073e-07, unitary_metric = 0.99998
Error = :1.42e-03; Runtime: 241.4s; Iterations = 2520, grads =   1.852e-08, unitary_metric = 0.99999
Error = :1.41e-03; Runtime: 243.3s; Iterations = 2540, grads =   2.838e-08, unitary_metric = 0.99998
Error = :1.41e-03; Runtime: 245.1s; Iterations = 2560, grads =   5.355e-08, unitary_metric = 0.99998
Error = :1.41e-03; Runtime: 247.0s; Iterations = 2580, grads =   5.207e-06, unitary_metric = 0.99998
Error = :1.47e-03; Runtime: 248.9s; Iterations = 2600, grads =   7.903e-04, unitary_metric = 0.99998
Error = :1.41e-03; Runtime: 250.9s; Iterations = 2620, grads =   1.333e-04, unitary_metric = 0.99998
Error = :1.39e-03; Runtime: 252.8s; Iterations = 2640, grads =   1.030e-05, unitary_metric = 0.99998
Error = :1.39e-03; Runtime: 254.7s; Iterations = 2660, grads =   1.033e-05, unitary_metric = 0.99998
Error = :1.39e-03; Runtime: 256.6s; Iterations = 2680, grads =   1.392e-05, unitary_metric = 0.99998
Error = :1.38e-03; Runtime: 258.4s; Iterations = 2700, grads =   8.143e-06, unitary_metric = 0.99998
Error = :1.38e-03; Runtime: 260.5s; Iterations = 2720, grads =   1.035e-06, unitary_metric = 0.99998
Error = :1.38e-03; Runtime: 262.4s; Iterations = 2740, grads =   3.250e-08, unitary_metric = 0.99998
Error = :1.37e-03; Runtime: 264.3s; Iterations = 2760, grads =   3.538e-08, unitary_metric = 0.99998
Error = :1.37e-03; Runtime: 266.1s; Iterations = 2780, grads =   6.721e-08, unitary_metric = 0.99998
Error = :1.37e-03; Runtime: 268.0s; Iterations = 2800, grads =   5.434e-06, unitary_metric = 0.99998
Error = :1.37e-03; Runtime: 270.1s; Iterations = 2820, grads =   2.382e-05, unitary_metric = 0.99998
Error = :1.37e-03; Runtime: 271.9s; Iterations = 2840, grads =   8.065e-06, unitary_metric = 0.99998
Error = :1.40e-03; Runtime: 273.8s; Iterations = 2860, grads =   3.751e-04, unitary_metric = 0.99999
Error = :1.38e-03; Runtime: 275.7s; Iterations = 2880, grads =   8.025e-05, unitary_metric = 0.99999
Error = :1.37e-03; Runtime: 277.6s; Iterations = 2900, grads =   7.902e-06, unitary_metric = 0.99998
Error = :1.37e-03; Runtime: 279.7s; Iterations = 2920, grads =   3.230e-06, unitary_metric = 0.99998
Error = :1.37e-03; Runtime: 281.6s; Iterations = 2940, grads =   7.951e-08, unitary_metric = 0.99998
Error = :1.37e-03; Runtime: 283.4s; Iterations = 2960, grads =   9.944e-08, unitary_metric = 0.99999
Error = :1.37e-03; Runtime: 285.3s; Iterations = 2980, grads =   6.266e-06, unitary_metric = 0.99999
Error = :1.36e-03; Runtime: 287.2s; Iterations = 3000, grads =   2.737e-06, unitary_metric = 0.99999
Error = :1.36e-03; Runtime: 289.2s; Iterations = 3020, grads =   2.101e-06, unitary_metric = 0.99999
Error = :1.36e-03; Runtime: 291.1s; Iterations = 3040, grads =   1.820e-06, unitary_metric = 0.99998
Error = :1.37e-03; Runtime: 293.0s; Iterations = 3060, grads =   1.065e-04, unitary_metric = 0.99999
Error = :1.35e-03; Runtime: 294.8s; Iterations = 3080, grads =   3.460e-08, unitary_metric = 0.99998
Error = :1.34e-03; Runtime: 296.7s; Iterations = 3100, grads =   1.225e-06, unitary_metric = 0.99998
Error = :1.33e-03; Runtime: 298.8s; Iterations = 3120, grads =   1.594e-07, unitary_metric = 0.99998
Error = :1.33e-03; Runtime: 300.6s; Iterations = 3140, grads =   5.106e-08, unitary_metric = 0.99998
Error = :1.32e-03; Runtime: 302.5s; Iterations = 3160, grads =   2.483e-08, unitary_metric = 0.99998
Error = :1.31e-03; Runtime: 304.4s; Iterations = 3180, grads =   2.653e-08, unitary_metric = 0.99998
Error = :1.30e-03; Runtime: 306.2s; Iterations = 3200, grads =   3.069e-07, unitary_metric = 0.99998
Error = :1.32e-03; Runtime: 308.3s; Iterations = 3220, grads =   3.147e-04, unitary_metric = 0.99998
Error = :1.31e-03; Runtime: 310.2s; Iterations = 3240, grads =   1.408e-04, unitary_metric = 0.99999
Error = :1.29e-03; Runtime: 312.1s; Iterations = 3260, grads =   8.022e-05, unitary_metric = 0.99999
Error = :1.27e-03; Runtime: 313.9s; Iterations = 3280, grads =   5.983e-06, unitary_metric = 0.99998
Error = :1.27e-03; Runtime: 315.8s; Iterations = 3300, grads =   2.876e-07, unitary_metric = 0.99998
Error = :1.26e-03; Runtime: 317.8s; Iterations = 3320, grads =   4.242e-08, unitary_metric = 0.99999
Error = :1.26e-03; Runtime: 319.7s; Iterations = 3340, grads =   3.829e-08, unitary_metric = 0.99998
Error = :1.25e-03; Runtime: 321.6s; Iterations = 3360, grads =   2.025e-08, unitary_metric = 0.99998
Error = :1.25e-03; Runtime: 323.5s; Iterations = 3380, grads =   1.410e-08, unitary_metric = 0.99998
Error = :1.25e-03; Runtime: 325.3s; Iterations = 3400, grads =   9.032e-08, unitary_metric = 0.99998
Error = :1.25e-03; Runtime: 327.4s; Iterations = 3420, grads =   1.421e-05, unitary_metric = 0.99998
Error = :1.24e-03; Runtime: 329.3s; Iterations = 3440, grads =   1.873e-05, unitary_metric = 0.99998
Error = :1.24e-03; Runtime: 331.2s; Iterations = 3460, grads =   1.450e-06, unitary_metric = 0.99998
Error = :1.23e-03; Runtime: 333.1s; Iterations = 3480, grads =   1.744e-08, unitary_metric = 0.99998
Error = :1.23e-03; Runtime: 335.0s; Iterations = 3500, grads =   5.156e-07, unitary_metric = 0.99998
Error = :1.25e-03; Runtime: 337.0s; Iterations = 3520, grads =   1.038e-04, unitary_metric = 0.99998
Error = :1.23e-03; Runtime: 338.9s; Iterations = 3540, grads =   4.763e-06, unitary_metric = 0.99998
Error = :1.23e-03; Runtime: 340.8s; Iterations = 3560, grads =   1.079e-04, unitary_metric = 0.99998
Error = :1.23e-03; Runtime: 342.7s; Iterations = 3580, grads =   7.938e-05, unitary_metric = 0.99998
Error = :1.22e-03; Runtime: 344.5s; Iterations = 3600, grads =   8.835e-06, unitary_metric = 0.99998
Error = :1.22e-03; Runtime: 346.6s; Iterations = 3620, grads =   7.217e-06, unitary_metric = 0.99998
Error = :1.22e-03; Runtime: 348.5s; Iterations = 3640, grads =   1.389e-06, unitary_metric = 0.99998
Error = :1.22e-03; Runtime: 350.3s; Iterations = 3660, grads =   1.218e-06, unitary_metric = 0.99998
Error = :1.22e-03; Runtime: 352.2s; Iterations = 3680, grads =   4.784e-07, unitary_metric = 0.99998
Error = :1.21e-03; Runtime: 354.1s; Iterations = 3700, grads =   1.245e-08, unitary_metric = 0.99998
Error = :1.21e-03; Runtime: 356.1s; Iterations = 3720, grads =   2.004e-08, unitary_metric = 0.99998
Error = :1.21e-03; Runtime: 358.0s; Iterations = 3740, grads =   4.102e-08, unitary_metric = 0.99998
Error = :1.21e-03; Runtime: 359.9s; Iterations = 3760, grads =   1.668e-06, unitary_metric = 0.99998
Error = :1.22e-03; Runtime: 361.8s; Iterations = 3780, grads =   5.858e-05, unitary_metric = 0.99998
Error = :1.21e-03; Runtime: 363.7s; Iterations = 3800, grads =   1.060e-05, unitary_metric = 0.99998
Error = :1.23e-03; Runtime: 365.7s; Iterations = 3820, grads =   2.324e-04, unitary_metric = 0.99998
Error = :1.21e-03; Runtime: 367.6s; Iterations = 3840, grads =   3.997e-05, unitary_metric = 0.99998
Error = :1.21e-03; Runtime: 369.4s; Iterations = 3860, grads =   3.490e-06, unitary_metric = 0.99998
Error = :1.20e-03; Runtime: 371.3s; Iterations = 3880, grads =   5.595e-07, unitary_metric = 0.99998
Error = :1.20e-03; Runtime: 373.2s; Iterations = 3900, grads =   8.356e-08, unitary_metric = 0.99998
Error = :1.20e-03; Runtime: 375.3s; Iterations = 3920, grads =   1.382e-08, unitary_metric = 0.99998
Error = :1.20e-03; Runtime: 377.1s; Iterations = 3940, grads =   1.071e-08, unitary_metric = 0.99998
Error = :1.20e-03; Runtime: 379.0s; Iterations = 3960, grads =   7.724e-09, unitary_metric = 0.99998
Error = :1.20e-03; Runtime: 380.9s; Iterations = 3980, grads =   5.622e-08, unitary_metric = 0.99998
Error = :1.20e-03; Runtime: 382.8s; Iterations = 4000, grads =   1.551e-05, unitary_metric = 0.99998
Error = :1.21e-03; Runtime: 384.8s; Iterations = 4020, grads =   3.097e-05, unitary_metric = 0.99998
Error = :1.20e-03; Runtime: 386.7s; Iterations = 4040, grads =   3.831e-06, unitary_metric = 0.99998
Error = :1.21e-03; Runtime: 388.6s; Iterations = 4060, grads =   5.888e-05, unitary_metric = 0.99998
Error = :1.21e-03; Runtime: 390.5s; Iterations = 4080, grads =   5.541e-05, unitary_metric = 0.99998
Error = :1.20e-03; Runtime: 392.4s; Iterations = 4100, grads =   4.424e-06, unitary_metric = 0.99998
Error = :1.20e-03; Runtime: 394.4s; Iterations = 4120, grads =   2.368e-08, unitary_metric = 0.99998
Error = :1.20e-03; Runtime: 396.3s; Iterations = 4140, grads =   1.060e-07, unitary_metric = 0.99998
Error = :1.20e-03; Runtime: 398.2s; Iterations = 4160, grads =   9.863e-09, unitary_metric = 0.99998
Error = :1.20e-03; Runtime: 400.1s; Iterations = 4180, grads =   9.071e-09, unitary_metric = 0.99998
Error = :1.20e-03; Runtime: 401.9s; Iterations = 4200, grads =   7.738e-09, unitary_metric = 0.99998
Error = :1.20e-03; Runtime: 404.0s; Iterations = 4220, grads =   1.555e-08, unitary_metric = 0.99998
Error = :1.20e-03; Runtime: 405.8s; Iterations = 4240, grads =   5.374e-07, unitary_metric = 0.99998
Error = :1.21e-03; Runtime: 407.7s; Iterations = 4260, grads =   4.767e-05, unitary_metric = 0.99998
Error = :1.21e-03; Runtime: 409.6s; Iterations = 4280, grads =   7.800e-05, unitary_metric = 0.99998
Error = :1.19e-03; Runtime: 411.5s; Iterations = 4300, grads =   2.131e-05, unitary_metric = 0.99998
Error = :1.19e-03; Runtime: 413.6s; Iterations = 4320, grads =   4.803e-07, unitary_metric = 0.99998
Error = :1.19e-03; Runtime: 415.4s; Iterations = 4340, grads =   1.984e-07, unitary_metric = 0.99998
Error = :1.19e-03; Runtime: 417.3s; Iterations = 4360, grads =   1.659e-07, unitary_metric = 0.99998
Error = :1.19e-03; Runtime: 419.2s; Iterations = 4380, grads =   1.251e-08, unitary_metric = 0.99998
Error = :1.19e-03; Runtime: 421.1s; Iterations = 4400, grads =   1.469e-08, unitary_metric = 0.99998
Error = :1.19e-03; Runtime: 423.1s; Iterations = 4420, grads =   9.456e-09, unitary_metric = 0.99998
Error = :1.19e-03; Runtime: 425.0s; Iterations = 4440, grads =   8.295e-09, unitary_metric = 0.99998
Error = :1.19e-03; Runtime: 426.9s; Iterations = 4460, grads =   1.156e-08, unitary_metric = 0.99998
Error = :1.18e-03; Runtime: 428.7s; Iterations = 4480, grads =   6.005e-07, unitary_metric = 0.99998
Error = :1.19e-03; Runtime: 430.6s; Iterations = 4500, grads =   4.792e-05, unitary_metric = 0.99998
Error = :1.18e-03; Runtime: 432.7s; Iterations = 4520, grads =   2.752e-05, unitary_metric = 0.99998
Error = :1.18e-03; Runtime: 434.5s; Iterations = 4540, grads =   5.411e-05, unitary_metric = 0.99998
Error = :1.18e-03; Runtime: 436.4s; Iterations = 4560, grads =   8.540e-06, unitary_metric = 0.99998
Error = :1.17e-03; Runtime: 438.3s; Iterations = 4580, grads =   1.133e-06, unitary_metric = 0.99998
Error = :1.17e-03; Runtime: 440.2s; Iterations = 4600, grads =   1.514e-07, unitary_metric = 0.99998
Error = :1.17e-03; Runtime: 442.3s; Iterations = 4620, grads =   1.801e-08, unitary_metric = 0.99998
Error = :1.17e-03; Runtime: 444.1s; Iterations = 4640, grads =   7.113e-09, unitary_metric = 0.99998
Error = :1.17e-03; Runtime: 446.0s; Iterations = 4660, grads =   8.234e-09, unitary_metric = 0.99998
Error = :1.17e-03; Runtime: 447.9s; Iterations = 4680, grads =   7.352e-09, unitary_metric = 0.99998
Error = :1.16e-03; Runtime: 449.8s; Iterations = 4700, grads =   7.664e-09, unitary_metric = 0.99998
Error = :1.16e-03; Runtime: 451.9s; Iterations = 4720, grads =   1.589e-08, unitary_metric = 0.99998
Error = :1.16e-03; Runtime: 453.7s; Iterations = 4740, grads =   5.299e-08, unitary_metric = 0.99998
Error = :1.16e-03; Runtime: 455.6s; Iterations = 4760, grads =   3.808e-06, unitary_metric = 0.99998
Error = :1.16e-03; Runtime: 457.5s; Iterations = 4780, grads =   1.805e-06, unitary_metric = 0.99998
Error = :1.16e-03; Runtime: 459.4s; Iterations = 4800, grads =   4.973e-05, unitary_metric = 0.99998
Error = :1.16e-03; Runtime: 461.4s; Iterations = 4820, grads =   3.652e-05, unitary_metric = 0.99998
Error = :1.15e-03; Runtime: 463.3s; Iterations = 4840, grads =   1.092e-06, unitary_metric = 0.99998
Error = :1.15e-03; Runtime: 465.2s; Iterations = 4860, grads =   6.185e-08, unitary_metric = 0.99998
Error = :1.15e-03; Runtime: 467.1s; Iterations = 4880, grads =   9.385e-09, unitary_metric = 0.99998
Error = :1.15e-03; Runtime: 468.9s; Iterations = 4900, grads =   6.448e-09, unitary_metric = 0.99998
Error = :1.15e-03; Runtime: 471.0s; Iterations = 4920, grads =   7.007e-09, unitary_metric = 0.99998
Error = :1.14e-03; Runtime: 472.9s; Iterations = 4940, grads =   6.346e-09, unitary_metric = 0.99998
Error = :1.14e-03; Runtime: 474.7s; Iterations = 4960, grads =   1.681e-08, unitary_metric = 0.99998
Error = :1.14e-03; Runtime: 476.6s; Iterations = 4980, grads =   4.397e-06, unitary_metric = 0.99998
Error = :1.14e-03; Runtime: 478.5s; Iterations = 5000, grads =   1.212e-05, unitary_metric = 0.99998
Error = :1.14e-03; Runtime: 480.5s; Iterations = 5020, grads =   8.418e-06, unitary_metric = 0.99998
Error = :1.14e-03; Runtime: 482.4s; Iterations = 5040, grads =   4.234e-07, unitary_metric = 0.99998
Error = :1.13e-03; Runtime: 484.3s; Iterations = 5060, grads =   2.581e-07, unitary_metric = 0.99998
Error = :1.13e-03; Runtime: 486.2s; Iterations = 5080, grads =   2.449e-06, unitary_metric = 0.99998
Error = :1.14e-03; Runtime: 488.0s; Iterations = 5100, grads =   6.619e-05, unitary_metric = 0.99998
Error = :1.13e-03; Runtime: 490.1s; Iterations = 5120, grads =   7.549e-06, unitary_metric = 0.99998
Error = :1.13e-03; Runtime: 492.0s; Iterations = 5140, grads =   7.905e-07, unitary_metric = 0.99998
Error = :1.13e-03; Runtime: 493.9s; Iterations = 5160, grads =   2.934e-06, unitary_metric = 0.99998
Error = :1.13e-03; Runtime: 495.7s; Iterations = 5180, grads =   7.252e-08, unitary_metric = 0.99998
Error = :1.12e-03; Runtime: 497.6s; Iterations = 5200, grads =   7.396e-07, unitary_metric = 0.99998
Error = :1.12e-03; Runtime: 499.6s; Iterations = 5220, grads =   1.802e-07, unitary_metric = 0.99998
Error = :1.12e-03; Runtime: 501.5s; Iterations = 5240, grads =   1.174e-06, unitary_metric = 0.99998
Error = :1.12e-03; Runtime: 503.4s; Iterations = 5260, grads =   1.123e-05, unitary_metric = 0.99998
Error = :1.12e-03; Runtime: 505.3s; Iterations = 5280, grads =   6.182e-07, unitary_metric = 0.99998
Error = :1.12e-03; Runtime: 507.1s; Iterations = 5300, grads =   1.480e-07, unitary_metric = 0.99998
Error = :1.12e-03; Runtime: 509.3s; Iterations = 5320, grads =   1.504e-08, unitary_metric = 0.99998
Error = :1.12e-03; Runtime: 511.2s; Iterations = 5340, grads =   6.883e-07, unitary_metric = 0.99998
Error = :1.12e-03; Runtime: 513.0s; Iterations = 5360, grads =   1.024e-04, unitary_metric = 0.99998
Error = :1.11e-03; Runtime: 514.9s; Iterations = 5380, grads =   3.816e-06, unitary_metric = 0.99998
Error = :1.11e-03; Runtime: 516.8s; Iterations = 5400, grads =   7.640e-07, unitary_metric = 0.99998
Error = :1.11e-03; Runtime: 518.8s; Iterations = 5420, grads =   7.710e-07, unitary_metric = 0.99998
Error = :1.11e-03; Runtime: 520.7s; Iterations = 5440, grads =   1.663e-05, unitary_metric = 0.99998
Error = :1.11e-03; Runtime: 522.6s; Iterations = 5460, grads =   7.045e-08, unitary_metric = 0.99998
Error = :1.11e-03; Runtime: 524.4s; Iterations = 5480, grads =   2.185e-07, unitary_metric = 0.99998
Error = :1.11e-03; Runtime: 526.3s; Iterations = 5500, grads =   4.179e-09, unitary_metric = 0.99998
Error = :1.11e-03; Runtime: 528.4s; Iterations = 5520, grads =   6.629e-09, unitary_metric = 0.99998
Error = :1.10e-03; Runtime: 530.2s; Iterations = 5540, grads =   5.516e-09, unitary_metric = 0.99998
Error = :1.10e-03; Runtime: 532.1s; Iterations = 5560, grads =   2.795e-08, unitary_metric = 0.99998
Error = :1.10e-03; Runtime: 534.0s; Iterations = 5580, grads =   5.159e-07, unitary_metric = 0.99998
Error = :1.11e-03; Runtime: 535.8s; Iterations = 5600, grads =   5.444e-05, unitary_metric = 0.99998
Error = :1.10e-03; Runtime: 537.9s; Iterations = 5620, grads =   1.551e-05, unitary_metric = 0.99998
Error = :1.10e-03; Runtime: 539.8s; Iterations = 5640, grads =   1.217e-05, unitary_metric = 0.99998
Error = :1.10e-03; Runtime: 541.6s; Iterations = 5660, grads =   1.689e-06, unitary_metric = 0.99998
Error = :1.10e-03; Runtime: 543.5s; Iterations = 5680, grads =   2.906e-07, unitary_metric = 0.99998
Error = :1.10e-03; Runtime: 545.4s; Iterations = 5700, grads =   4.107e-08, unitary_metric = 0.99998
Error = :1.09e-03; Runtime: 547.4s; Iterations = 5720, grads =   4.688e-09, unitary_metric = 0.99998
Error = :1.09e-03; Runtime: 549.3s; Iterations = 5740, grads =   5.386e-09, unitary_metric = 0.99998
Error = :1.09e-03; Runtime: 551.2s; Iterations = 5760, grads =   8.049e-09, unitary_metric = 0.99998
Error = :1.09e-03; Runtime: 553.1s; Iterations = 5780, grads =   2.586e-08, unitary_metric = 0.99998
Error = :1.09e-03; Runtime: 554.9s; Iterations = 5800, grads =   1.553e-06, unitary_metric = 0.99998
Error = :1.10e-03; Runtime: 557.0s; Iterations = 5820, grads =   7.289e-05, unitary_metric = 0.99998
Error = :1.09e-03; Runtime: 558.8s; Iterations = 5840, grads =   5.453e-06, unitary_metric = 0.99998
Error = :1.09e-03; Runtime: 560.7s; Iterations = 5860, grads =   3.188e-06, unitary_metric = 0.99998
Error = :1.09e-03; Runtime: 562.6s; Iterations = 5880, grads =   5.259e-08, unitary_metric = 0.99998
Error = :1.09e-03; Runtime: 564.5s; Iterations = 5900, grads =   3.231e-07, unitary_metric = 0.99998
Error = :1.09e-03; Runtime: 566.5s; Iterations = 5920, grads =   7.209e-08, unitary_metric = 0.99998
Error = :1.08e-03; Runtime: 568.4s; Iterations = 5940, grads =   1.210e-08, unitary_metric = 0.99998
Error = :1.08e-03; Runtime: 570.3s; Iterations = 5960, grads =   4.325e-09, unitary_metric = 0.99998
Error = :1.08e-03; Runtime: 572.1s; Iterations = 5980, grads =   4.260e-09, unitary_metric = 0.99998
Error = :1.08e-03; Runtime: 574.0s; Iterations = 6000, grads =   2.854e-08, unitary_metric = 0.99998
data saved at: /project/ftchong/qoc/pranav/00031_30_lih_slice_165.h5


trying total_time: 10.0 for unitary of size (4, 4)
data saved at: /project/ftchong/qoc/pranav/00032_30_lih_slice_165.h5
Using 6 Taylor terms and 1 Scaling & Squaring terms
Building graph:
Propagators initialized.
Operators weight initialized.
Intermediate propagation variables initialized.
Intermediate propagators initialized.
Vectors initialized.
Training loss initialized.
Optimizer initialized.
Utilities initialized.
Graph built!
Initialized
Error = :2.36e-02; Runtime: 0.3s; Iterations = 0, grads =   4.792e-01, unitary_metric = 1.00000
Error = :1.76e-02; Runtime: 2.1s; Iterations = 20, grads =   3.738e-01, unitary_metric = 1.00000
Error = :6.07e-04; Runtime: 3.0s; Iterations = 33, grads =   1.198e-02, unitary_metric = 1.00000
data saved at: /project/ftchong/qoc/pranav/00032_30_lih_slice_165.h5


trying total_time: 5.0 for unitary of size (4, 4)
data saved at: /project/ftchong/qoc/pranav/00033_30_lih_slice_165.h5
Using 6 Taylor terms and 1 Scaling & Squaring terms
Building graph:
Propagators initialized.
Operators weight initialized.
Intermediate propagation variables initialized.
Intermediate propagators initialized.
Vectors initialized.
Training loss initialized.
Optimizer initialized.
Utilities initialized.
Graph built!
Initialized
Error = :3.61e-01; Runtime: 0.1s; Iterations = 0, grads =   2.257e+00, unitary_metric = 1.00000
Error = :1.60e-02; Runtime: 1.1s; Iterations = 20, grads =   1.723e-01, unitary_metric = 1.00000
Error = :6.84e-04; Runtime: 1.8s; Iterations = 39, grads =   7.298e-03, unitary_metric = 1.00000
data saved at: /project/ftchong/qoc/pranav/00033_30_lih_slice_165.h5


trying total_time: 2.5 for unitary of size (4, 4)
data saved at: /project/ftchong/qoc/pranav/00034_30_lih_slice_165.h5
Using 6 Taylor terms and 1 Scaling & Squaring terms
Building graph:
Propagators initialized.
Operators weight initialized.
Intermediate propagation variables initialized.
Intermediate propagators initialized.
Vectors initialized.
Training loss initialized.
Optimizer initialized.
Utilities initialized.
Graph built!
Initialized
Error = :2.76e-01; Runtime: 0.1s; Iterations = 0, grads =   1.054e+00, unitary_metric = 1.00000
Error = :1.30e-02; Runtime: 0.6s; Iterations = 20, grads =   6.927e-02, unitary_metric = 1.00000
Error = :3.22e-04; Runtime: 0.8s; Iterations = 28, grads =   1.647e-03, unitary_metric = 1.00000
data saved at: /project/ftchong/qoc/pranav/00034_30_lih_slice_165.h5


trying total_time: 1.25 for unitary of size (4, 4)
data saved at: /project/ftchong/qoc/pranav/00035_30_lih_slice_165.h5
Using 6 Taylor terms and 1 Scaling & Squaring terms
Building graph:
Propagators initialized.
Operators weight initialized.
Intermediate propagation variables initialized.
Intermediate propagators initialized.
Vectors initialized.
Training loss initialized.
Optimizer initialized.
Utilities initialized.
Graph built!
Initialized
Error = :1.94e-01; Runtime: 0.1s; Iterations = 0, grads =   4.050e-01, unitary_metric = 1.00000
Error = :6.37e-04; Runtime: 0.3s; Iterations = 8, grads =   9.205e-04, unitary_metric = 1.00000
data saved at: /project/ftchong/qoc/pranav/00035_30_lih_slice_165.h5


trying total_time: 0.6 for unitary of size (4, 4)
data saved at: /project/ftchong/qoc/pranav/00036_30_lih_slice_165.h5
Using 7 Taylor terms and 0 Scaling & Squaring terms
Building graph:
Propagators initialized.
Operators weight initialized.
Intermediate propagation variables initialized.
Intermediate propagators initialized.
Vectors initialized.
Training loss initialized.
Optimizer initialized.
Utilities initialized.
Graph built!
Initialized
Error = :2.31e-02; Runtime: 0.0s; Iterations = 0, grads =   2.446e-02, unitary_metric = 1.00000
Error = :5.32e-04; Runtime: 0.2s; Iterations = 13, grads =   4.111e-04, unitary_metric = 1.00000
data saved at: /project/ftchong/qoc/pranav/00036_30_lih_slice_165.h5


trying total_time: 0.3 for unitary of size (4, 4)
data saved at: /project/ftchong/qoc/pranav/00037_30_lih_slice_165.h5
Using 5 Taylor terms and 1 Scaling & Squaring terms
Building graph:
Propagators initialized.
Operators weight initialized.
Intermediate propagation variables initialized.
Intermediate propagators initialized.
Vectors initialized.
Training loss initialized.
Optimizer initialized.
Utilities initialized.
Graph built!
Initialized
Error = :6.19e-02; Runtime: 0.0s; Iterations = 0, grads =   3.352e-02, unitary_metric = 1.00000
Error = :1.40e-03; Runtime: 0.2s; Iterations = 20, grads =   8.335e-04, unitary_metric = 1.00000
Error = :9.69e-04; Runtime: 0.2s; Iterations = 35, grads =   5.791e-04, unitary_metric = 1.00000
data saved at: /project/ftchong/qoc/pranav/00037_30_lih_slice_165.h5




[0.3, 5.3, 0.3]
TIME FOR SLICE IS:
5.3
