Running Block:  169


trying total_time: 10.0 for unitary of size (4, 4)
data saved at: /project/ftchong/qoc/pranav/00000_31_nah_slice_169.h5
Using 6 Taylor terms and 1 Scaling & Squaring terms
Building graph:
Propagators initialized.
Operators weight initialized.
Intermediate propagation variables initialized.
Intermediate propagators initialized.
Vectors initialized.
Training loss initialized.
Optimizer initialized.
Utilities initialized.
Graph built!
Initialized
Error = :4.72e-02; Runtime: 0.2s; Iterations = 0, grads =   9.647e-01, unitary_metric = 1.00000
Error = :9.87e-04; Runtime: 1.4s; Iterations = 11, grads =   2.027e-02, unitary_metric = 1.00000
data saved at: /project/ftchong/qoc/pranav/00000_31_nah_slice_169.h5


trying total_time: 5.0 for unitary of size (4, 4)
data saved at: /project/ftchong/qoc/pranav/00001_31_nah_slice_169.h5
Using 6 Taylor terms and 1 Scaling & Squaring terms
Building graph:
Propagators initialized.
Operators weight initialized.
Intermediate propagation variables initialized.
Intermediate propagators initialized.
Vectors initialized.
Training loss initialized.
Optimizer initialized.
Utilities initialized.
Graph built!
Initialized
Error = :1.29e-02; Runtime: 0.1s; Iterations = 0, grads =   9.463e-02, unitary_metric = 1.00000
Error = :5.20e-04; Runtime: 0.8s; Iterations = 11, grads =   1.669e-04, unitary_metric = 1.00000
data saved at: /project/ftchong/qoc/pranav/00001_31_nah_slice_169.h5


trying total_time: 2.5 for unitary of size (4, 4)
data saved at: /project/ftchong/qoc/pranav/00002_31_nah_slice_169.h5
Using 6 Taylor terms and 1 Scaling & Squaring terms
Building graph:
Propagators initialized.
Operators weight initialized.
Intermediate propagation variables initialized.
Intermediate propagators initialized.
Vectors initialized.
Training loss initialized.
Optimizer initialized.
Utilities initialized.
Graph built!
Initialized
Error = :9.58e-02; Runtime: 0.1s; Iterations = 0, grads =   4.634e-01, unitary_metric = 1.00000
Error = :2.35e-04; Runtime: 0.4s; Iterations = 11, grads =   2.642e-04, unitary_metric = 1.00000
data saved at: /project/ftchong/qoc/pranav/00002_31_nah_slice_169.h5


trying total_time: 1.25 for unitary of size (4, 4)
data saved at: /project/ftchong/qoc/pranav/00003_31_nah_slice_169.h5
Using 6 Taylor terms and 1 Scaling & Squaring terms
Building graph:
Propagators initialized.
Operators weight initialized.
Intermediate propagation variables initialized.
Intermediate propagators initialized.
Vectors initialized.
Training loss initialized.
Optimizer initialized.
Utilities initialized.
Graph built!
Initialized
Error = :2.11e-01; Runtime: 0.1s; Iterations = 0, grads =   4.255e-01, unitary_metric = 1.00000
Error = :8.95e-04; Runtime: 0.3s; Iterations = 9, grads =   1.512e-03, unitary_metric = 1.00000
data saved at: /project/ftchong/qoc/pranav/00003_31_nah_slice_169.h5


trying total_time: 0.6 for unitary of size (4, 4)
data saved at: /project/ftchong/qoc/pranav/00004_31_nah_slice_169.h5
Using 7 Taylor terms and 0 Scaling & Squaring terms
Building graph:
Propagators initialized.
Operators weight initialized.
Intermediate propagation variables initialized.
Intermediate propagators initialized.
Vectors initialized.
Training loss initialized.
Optimizer initialized.
Utilities initialized.
Graph built!
Initialized
Error = :3.43e-01; Runtime: 0.1s; Iterations = 0, grads =   2.615e-01, unitary_metric = 1.00000
Error = :8.68e-03; Runtime: 0.2s; Iterations = 20, grads =   1.087e-02, unitary_metric = 1.00000
Error = :2.24e-04; Runtime: 0.3s; Iterations = 24, grads =   2.814e-04, unitary_metric = 1.00000
data saved at: /project/ftchong/qoc/pranav/00004_31_nah_slice_169.h5


trying total_time: 0.3 for unitary of size (4, 4)
data saved at: /project/ftchong/qoc/pranav/00005_31_nah_slice_169.h5
Using 5 Taylor terms and 1 Scaling & Squaring terms
Building graph:
Propagators initialized.
Operators weight initialized.
Intermediate propagation variables initialized.
Intermediate propagators initialized.
Vectors initialized.
Training loss initialized.
Optimizer initialized.
Utilities initialized.
Graph built!
Initialized
Error = :2.77e-03; Runtime: 0.0s; Iterations = 0, grads =   1.488e-03, unitary_metric = 1.00000
Error = :7.29e-04; Runtime: 0.1s; Iterations = 2, grads =   3.786e-04, unitary_metric = 1.00000
data saved at: /project/ftchong/qoc/pranav/00005_31_nah_slice_169.h5


trying total_time: 40.0 for unitary of size (16, 16)
data saved at: /project/ftchong/qoc/pranav/00006_31_nah_slice_169.h5
Using 5 Taylor terms and 4 Scaling & Squaring terms
Building graph:
Propagators initialized.
Operators weight initialized.
Intermediate propagation variables initialized.
Intermediate propagators initialized.
Vectors initialized.
Training loss initialized.
Optimizer initialized.
Utilities initialized.
Graph built!
Initialized
Error = :9.34e-01; Runtime: 1.3s; Iterations = 0, grads =   3.370e-01, unitary_metric = 1.00027
Error = :6.50e-01; Runtime: 19.0s; Iterations = 20, grads =   2.853e+00, unitary_metric = 1.00030
Error = :4.65e-02; Runtime: 34.1s; Iterations = 40, grads =   3.336e-01, unitary_metric = 1.00024
Error = :4.41e-03; Runtime: 49.4s; Iterations = 60, grads =   3.751e-02, unitary_metric = 1.00024
Error = :9.95e-04; Runtime: 60.6s; Iterations = 75, grads =   3.231e-02, unitary_metric = 1.00023
data saved at: /project/ftchong/qoc/pranav/00006_31_nah_slice_169.h5


trying total_time: 20.0 for unitary of size (16, 16)
data saved at: /project/ftchong/qoc/pranav/00007_31_nah_slice_169.h5
Using 7 Taylor terms and 2 Scaling & Squaring terms
Building graph:
Propagators initialized.
Operators weight initialized.
Intermediate propagation variables initialized.
Intermediate propagators initialized.
Vectors initialized.
Training loss initialized.
Optimizer initialized.
Utilities initialized.
Graph built!
Initialized
Error = :9.10e-01; Runtime: 0.6s; Iterations = 0, grads =   1.380e-01, unitary_metric = 1.00001
Error = :5.55e-01; Runtime: 9.1s; Iterations = 20, grads =   2.797e-01, unitary_metric = 1.00000
Error = :4.96e-01; Runtime: 16.5s; Iterations = 40, grads =   3.185e-02, unitary_metric = 1.00000
Error = :8.09e-02; Runtime: 23.9s; Iterations = 60, grads =   2.373e-02, unitary_metric = 1.00000
Error = :1.06e-02; Runtime: 31.3s; Iterations = 80, grads =   4.562e-03, unitary_metric = 1.00000
Error = :3.27e-03; Runtime: 38.7s; Iterations = 100, grads =   5.349e-02, unitary_metric = 1.00000
Error = :8.78e-04; Runtime: 42.5s; Iterations = 109, grads =   2.582e-03, unitary_metric = 1.00000
data saved at: /project/ftchong/qoc/pranav/00007_31_nah_slice_169.h5


trying total_time: 10.0 for unitary of size (16, 16)
data saved at: /project/ftchong/qoc/pranav/00008_31_nah_slice_169.h5
Using 7 Taylor terms and 2 Scaling & Squaring terms
Building graph:
Propagators initialized.
Operators weight initialized.
Intermediate propagation variables initialized.
Intermediate propagators initialized.
Vectors initialized.
Training loss initialized.
Optimizer initialized.
Utilities initialized.
Graph built!
Initialized
Error = :9.18e-01; Runtime: 0.3s; Iterations = 0, grads =   8.257e-02, unitary_metric = 1.00000
Error = :7.63e-01; Runtime: 4.4s; Iterations = 20, grads =   2.231e-02, unitary_metric = 1.00000
Error = :7.53e-01; Runtime: 7.9s; Iterations = 40, grads =   4.798e-03, unitary_metric = 1.00000
Error = :7.50e-01; Runtime: 11.5s; Iterations = 60, grads =   4.304e-04, unitary_metric = 1.00000
Error = :7.22e-01; Runtime: 15.0s; Iterations = 80, grads =   1.816e-03, unitary_metric = 1.00000
Error = :5.12e-01; Runtime: 18.6s; Iterations = 100, grads =   1.138e-03, unitary_metric = 0.99999
Error = :5.02e-01; Runtime: 22.4s; Iterations = 120, grads =   1.057e-04, unitary_metric = 0.99999
Error = :5.00e-01; Runtime: 25.9s; Iterations = 140, grads =   1.688e-03, unitary_metric = 0.99999
Error = :5.00e-01; Runtime: 29.5s; Iterations = 160, grads =   2.066e-05, unitary_metric = 0.99999
Error = :5.00e-01; Runtime: 33.0s; Iterations = 180, grads =   1.366e-05, unitary_metric = 0.99999
Error = :5.00e-01; Runtime: 36.6s; Iterations = 200, grads =   6.085e-06, unitary_metric = 0.99999
Error = :4.99e-01; Runtime: 40.4s; Iterations = 220, grads =   3.588e-06, unitary_metric = 0.99999
Error = :4.97e-01; Runtime: 44.0s; Iterations = 240, grads =   1.976e-05, unitary_metric = 0.99999
Error = :4.91e-01; Runtime: 47.5s; Iterations = 260, grads =   2.372e-04, unitary_metric = 0.99999
Error = :4.64e-01; Runtime: 51.1s; Iterations = 280, grads =   2.124e-04, unitary_metric = 0.99999
Error = :3.55e-01; Runtime: 54.6s; Iterations = 300, grads =   8.015e-04, unitary_metric = 0.99999
Error = :1.56e-01; Runtime: 58.5s; Iterations = 320, grads =   8.069e-02, unitary_metric = 0.99999
Error = :5.67e-02; Runtime: 62.0s; Iterations = 340, grads =   1.244e-02, unitary_metric = 0.99998
Error = :2.93e-02; Runtime: 65.5s; Iterations = 360, grads =   8.620e-04, unitary_metric = 0.99998
Error = :2.07e-02; Runtime: 69.1s; Iterations = 380, grads =   1.944e-04, unitary_metric = 0.99998
Error = :1.66e-02; Runtime: 72.6s; Iterations = 400, grads =   2.126e-05, unitary_metric = 0.99998
Error = :1.41e-02; Runtime: 76.4s; Iterations = 420, grads =   9.725e-06, unitary_metric = 0.99998
Error = :1.24e-02; Runtime: 79.9s; Iterations = 440, grads =   6.039e-06, unitary_metric = 0.99998
Error = :1.11e-02; Runtime: 83.4s; Iterations = 460, grads =   4.431e-06, unitary_metric = 0.99998
Error = :1.01e-02; Runtime: 87.0s; Iterations = 480, grads =   3.626e-06, unitary_metric = 0.99998
Error = :9.20e-03; Runtime: 90.5s; Iterations = 500, grads =   3.040e-06, unitary_metric = 0.99998
Error = :8.47e-03; Runtime: 94.4s; Iterations = 520, grads =   2.579e-06, unitary_metric = 0.99998
Error = :7.83e-03; Runtime: 98.0s; Iterations = 540, grads =   3.664e-06, unitary_metric = 0.99998
Error = :7.61e-03; Runtime: 101.5s; Iterations = 560, grads =   2.341e-03, unitary_metric = 0.99998
Error = :6.94e-03; Runtime: 105.1s; Iterations = 580, grads =   1.355e-03, unitary_metric = 0.99998
Error = :6.35e-03; Runtime: 108.6s; Iterations = 600, grads =   6.009e-05, unitary_metric = 0.99999
Error = :5.95e-03; Runtime: 112.4s; Iterations = 620, grads =   1.805e-05, unitary_metric = 0.99998
Error = :5.60e-03; Runtime: 115.9s; Iterations = 640, grads =   8.437e-06, unitary_metric = 0.99998
Error = :5.26e-03; Runtime: 119.5s; Iterations = 660, grads =   5.577e-05, unitary_metric = 0.99998
Error = :4.98e-03; Runtime: 123.0s; Iterations = 680, grads =   1.383e-04, unitary_metric = 0.99998
Error = :4.70e-03; Runtime: 126.5s; Iterations = 700, grads =   2.125e-06, unitary_metric = 0.99998
Error = :4.46e-03; Runtime: 130.3s; Iterations = 720, grads =   5.040e-06, unitary_metric = 0.99998
Error = :5.57e-03; Runtime: 133.8s; Iterations = 740, grads =   1.248e-02, unitary_metric = 0.99998
Error = :4.11e-03; Runtime: 137.4s; Iterations = 760, grads =   3.252e-04, unitary_metric = 0.99998
Error = :4.01e-03; Runtime: 140.9s; Iterations = 780, grads =   9.103e-04, unitary_metric = 0.99998
Error = :3.84e-03; Runtime: 144.4s; Iterations = 800, grads =   6.850e-04, unitary_metric = 0.99998
Error = :3.65e-03; Runtime: 148.2s; Iterations = 820, grads =   8.632e-05, unitary_metric = 0.99998
Error = :3.52e-03; Runtime: 151.8s; Iterations = 840, grads =   2.063e-06, unitary_metric = 0.99998
Error = :3.40e-03; Runtime: 155.3s; Iterations = 860, grads =   2.587e-06, unitary_metric = 0.99998
Error = :3.30e-03; Runtime: 158.8s; Iterations = 880, grads =   6.427e-07, unitary_metric = 0.99998
Error = :3.21e-03; Runtime: 162.3s; Iterations = 900, grads =   3.497e-07, unitary_metric = 0.99998
Error = :3.12e-03; Runtime: 166.1s; Iterations = 920, grads =   3.092e-07, unitary_metric = 0.99998
Error = :3.04e-03; Runtime: 169.6s; Iterations = 940, grads =   4.555e-07, unitary_metric = 0.99998
Error = :3.06e-03; Runtime: 173.1s; Iterations = 960, grads =   8.581e-04, unitary_metric = 0.99998
Error = :3.78e-03; Runtime: 176.6s; Iterations = 980, grads =   8.530e-03, unitary_metric = 0.99998
Error = :2.85e-03; Runtime: 180.2s; Iterations = 1000, grads =   2.023e-04, unitary_metric = 0.99998
Error = :3.18e-03; Runtime: 184.0s; Iterations = 1020, grads =   8.786e-03, unitary_metric = 0.99998
Error = :2.90e-03; Runtime: 187.5s; Iterations = 1040, grads =   3.898e-03, unitary_metric = 0.99998
Error = :2.70e-03; Runtime: 191.0s; Iterations = 1060, grads =   4.894e-04, unitary_metric = 0.99998
Error = :2.63e-03; Runtime: 194.5s; Iterations = 1080, grads =   2.503e-05, unitary_metric = 0.99998
Error = :2.59e-03; Runtime: 198.0s; Iterations = 1100, grads =   5.695e-06, unitary_metric = 0.99998
Error = :2.55e-03; Runtime: 201.8s; Iterations = 1120, grads =   2.320e-07, unitary_metric = 0.99998
Error = :2.52e-03; Runtime: 205.3s; Iterations = 1140, grads =   2.261e-07, unitary_metric = 0.99998
Error = :2.49e-03; Runtime: 208.8s; Iterations = 1160, grads =   2.188e-07, unitary_metric = 0.99998
Error = :2.45e-03; Runtime: 212.4s; Iterations = 1180, grads =   2.129e-07, unitary_metric = 0.99998
Error = :2.42e-03; Runtime: 215.9s; Iterations = 1200, grads =   2.331e-07, unitary_metric = 0.99998
Error = :2.38e-03; Runtime: 219.7s; Iterations = 1220, grads =   6.805e-06, unitary_metric = 0.99998
Error = :3.69e-03; Runtime: 223.2s; Iterations = 1240, grads =   1.740e-02, unitary_metric = 0.99998
Error = :2.54e-03; Runtime: 226.7s; Iterations = 1260, grads =   4.264e-03, unitary_metric = 0.99998
Error = :2.30e-03; Runtime: 230.3s; Iterations = 1280, grads =   5.852e-04, unitary_metric = 0.99998
Error = :2.22e-03; Runtime: 233.8s; Iterations = 1300, grads =   4.425e-05, unitary_metric = 0.99998
Error = :2.18e-03; Runtime: 237.7s; Iterations = 1320, grads =   9.489e-06, unitary_metric = 0.99998
Error = :2.15e-03; Runtime: 241.3s; Iterations = 1340, grads =   4.379e-07, unitary_metric = 0.99998
Error = :2.11e-03; Runtime: 244.8s; Iterations = 1360, grads =   1.678e-07, unitary_metric = 0.99998
Error = :2.09e-03; Runtime: 248.4s; Iterations = 1380, grads =   1.461e-07, unitary_metric = 0.99998
Error = :2.06e-03; Runtime: 252.0s; Iterations = 1400, grads =   1.333e-07, unitary_metric = 0.99998
Error = :2.04e-03; Runtime: 255.9s; Iterations = 1420, grads =   1.190e-07, unitary_metric = 0.99998
Error = :2.02e-03; Runtime: 259.4s; Iterations = 1440, grads =   1.248e-07, unitary_metric = 0.99998
Error = :2.02e-03; Runtime: 262.9s; Iterations = 1460, grads =   3.467e-06, unitary_metric = 0.99998
Error = :2.13e-03; Runtime: 266.5s; Iterations = 1480, grads =   2.015e-03, unitary_metric = 0.99998
Error = :2.09e-03; Runtime: 270.0s; Iterations = 1500, grads =   2.126e-03, unitary_metric = 0.99998
Error = :2.01e-03; Runtime: 273.9s; Iterations = 1520, grads =   4.928e-04, unitary_metric = 0.99998
Error = :2.10e-03; Runtime: 277.4s; Iterations = 1540, grads =   1.218e-03, unitary_metric = 0.99998
Error = :1.97e-03; Runtime: 280.9s; Iterations = 1560, grads =   6.283e-05, unitary_metric = 0.99998
Error = :1.95e-03; Runtime: 284.5s; Iterations = 1580, grads =   3.288e-06, unitary_metric = 0.99998
Error = :1.93e-03; Runtime: 288.0s; Iterations = 1600, grads =   2.554e-06, unitary_metric = 0.99998
Error = :1.91e-03; Runtime: 291.8s; Iterations = 1620, grads =   7.275e-07, unitary_metric = 0.99998
Error = :1.89e-03; Runtime: 295.3s; Iterations = 1640, grads =   2.824e-07, unitary_metric = 0.99998
Error = :1.86e-03; Runtime: 298.8s; Iterations = 1660, grads =   2.098e-07, unitary_metric = 0.99998
Error = :1.84e-03; Runtime: 302.4s; Iterations = 1680, grads =   6.522e-06, unitary_metric = 0.99998
Error = :1.84e-03; Runtime: 305.9s; Iterations = 1700, grads =   5.693e-04, unitary_metric = 0.99998
Error = :1.79e-03; Runtime: 309.7s; Iterations = 1720, grads =   1.110e-04, unitary_metric = 0.99998
Error = :1.85e-03; Runtime: 313.2s; Iterations = 1740, grads =   7.608e-04, unitary_metric = 0.99998
Error = :1.76e-03; Runtime: 316.7s; Iterations = 1760, grads =   6.000e-05, unitary_metric = 0.99998
Error = :1.74e-03; Runtime: 320.2s; Iterations = 1780, grads =   6.796e-06, unitary_metric = 0.99998
Error = :1.72e-03; Runtime: 323.8s; Iterations = 1800, grads =   1.467e-06, unitary_metric = 0.99998
Error = :1.70e-03; Runtime: 327.5s; Iterations = 1820, grads =   5.085e-07, unitary_metric = 0.99998
Error = :1.69e-03; Runtime: 331.1s; Iterations = 1840, grads =   2.175e-07, unitary_metric = 0.99998
Error = :1.68e-03; Runtime: 334.6s; Iterations = 1860, grads =   2.030e-06, unitary_metric = 0.99998
Error = :1.70e-03; Runtime: 338.1s; Iterations = 1880, grads =   8.543e-04, unitary_metric = 0.99998
Error = :1.80e-03; Runtime: 341.7s; Iterations = 1900, grads =   3.155e-03, unitary_metric = 0.99998
Error = :1.76e-03; Runtime: 345.5s; Iterations = 1920, grads =   1.214e-03, unitary_metric = 0.99998
Error = :1.64e-03; Runtime: 349.0s; Iterations = 1940, grads =   1.723e-04, unitary_metric = 0.99998
Error = :1.67e-03; Runtime: 352.6s; Iterations = 1960, grads =   4.948e-04, unitary_metric = 0.99998
Error = :1.61e-03; Runtime: 356.1s; Iterations = 1980, grads =   6.377e-05, unitary_metric = 0.99998
Error = :1.59e-03; Runtime: 359.6s; Iterations = 2000, grads =   4.391e-06, unitary_metric = 0.99998
Error = :1.58e-03; Runtime: 363.5s; Iterations = 2020, grads =   4.753e-07, unitary_metric = 0.99998
Error = :1.57e-03; Runtime: 367.0s; Iterations = 2040, grads =   1.627e-07, unitary_metric = 0.99998
Error = :1.57e-03; Runtime: 370.5s; Iterations = 2060, grads =   7.080e-08, unitary_metric = 0.99998
Error = :1.55e-03; Runtime: 374.1s; Iterations = 2080, grads =   4.484e-08, unitary_metric = 0.99998
Error = :1.55e-03; Runtime: 377.6s; Iterations = 2100, grads =   4.315e-08, unitary_metric = 0.99998
Error = :1.54e-03; Runtime: 381.5s; Iterations = 2120, grads =   6.726e-07, unitary_metric = 0.99998
Error = :1.58e-03; Runtime: 385.0s; Iterations = 2140, grads =   9.876e-04, unitary_metric = 0.99998
Error = :1.57e-03; Runtime: 388.6s; Iterations = 2160, grads =   1.079e-03, unitary_metric = 0.99998
Error = :1.53e-03; Runtime: 392.1s; Iterations = 2180, grads =   3.695e-04, unitary_metric = 0.99998
Error = :1.86e-03; Runtime: 395.7s; Iterations = 2200, grads =   3.450e-03, unitary_metric = 0.99998
Error = :1.52e-03; Runtime: 399.5s; Iterations = 2220, grads =   1.559e-04, unitary_metric = 0.99998
Error = :1.50e-03; Runtime: 403.0s; Iterations = 2240, grads =   7.550e-05, unitary_metric = 0.99998
Error = :1.49e-03; Runtime: 406.6s; Iterations = 2260, grads =   5.000e-06, unitary_metric = 0.99998
Error = :1.48e-03; Runtime: 410.1s; Iterations = 2280, grads =   9.326e-07, unitary_metric = 0.99998
Error = :1.47e-03; Runtime: 413.6s; Iterations = 2300, grads =   2.216e-07, unitary_metric = 0.99998
Error = :1.47e-03; Runtime: 417.7s; Iterations = 2320, grads =   3.899e-08, unitary_metric = 0.99998
Error = :1.46e-03; Runtime: 421.2s; Iterations = 2340, grads =   3.158e-08, unitary_metric = 0.99998
Error = :1.45e-03; Runtime: 424.8s; Iterations = 2360, grads =   2.983e-08, unitary_metric = 0.99998
Error = :1.45e-03; Runtime: 428.3s; Iterations = 2380, grads =   3.850e-08, unitary_metric = 0.99998
Error = :1.44e-03; Runtime: 431.8s; Iterations = 2400, grads =   2.833e-08, unitary_metric = 0.99998
Error = :1.43e-03; Runtime: 435.7s; Iterations = 2420, grads =   4.427e-08, unitary_metric = 0.99998
Error = :1.43e-03; Runtime: 439.2s; Iterations = 2440, grads =   2.250e-06, unitary_metric = 0.99998
Error = :1.57e-03; Runtime: 442.8s; Iterations = 2460, grads =   1.371e-03, unitary_metric = 0.99998
Error = :1.76e-03; Runtime: 446.3s; Iterations = 2480, grads =   7.362e-03, unitary_metric = 0.99998
Error = :1.55e-03; Runtime: 449.9s; Iterations = 2500, grads =   1.525e-03, unitary_metric = 0.99998
Error = :1.42e-03; Runtime: 453.7s; Iterations = 2520, grads =   1.461e-04, unitary_metric = 0.99998
Error = :1.40e-03; Runtime: 457.3s; Iterations = 2540, grads =   2.638e-05, unitary_metric = 0.99998
Error = :1.40e-03; Runtime: 460.8s; Iterations = 2560, grads =   1.590e-06, unitary_metric = 0.99998
Error = :1.39e-03; Runtime: 464.3s; Iterations = 2580, grads =   1.873e-07, unitary_metric = 0.99998
Error = :1.39e-03; Runtime: 467.9s; Iterations = 2600, grads =   6.720e-08, unitary_metric = 0.99998
Error = :1.38e-03; Runtime: 471.7s; Iterations = 2620, grads =   2.887e-08, unitary_metric = 0.99998
Error = :1.38e-03; Runtime: 475.2s; Iterations = 2640, grads =   2.417e-08, unitary_metric = 0.99998
Error = :1.38e-03; Runtime: 478.8s; Iterations = 2660, grads =   1.801e-08, unitary_metric = 0.99998
Error = :1.37e-03; Runtime: 482.4s; Iterations = 2680, grads =   2.250e-08, unitary_metric = 0.99998
Error = :1.37e-03; Runtime: 485.9s; Iterations = 2700, grads =   4.550e-08, unitary_metric = 0.99998
Error = :1.37e-03; Runtime: 489.7s; Iterations = 2720, grads =   1.371e-06, unitary_metric = 0.99998
Error = :1.41e-03; Runtime: 493.2s; Iterations = 2740, grads =   4.346e-04, unitary_metric = 0.99998
Error = :1.39e-03; Runtime: 496.8s; Iterations = 2760, grads =   4.152e-04, unitary_metric = 0.99998
Error = :1.44e-03; Runtime: 500.3s; Iterations = 2780, grads =   7.970e-04, unitary_metric = 0.99998
Error = :1.37e-03; Runtime: 503.9s; Iterations = 2800, grads =   3.993e-04, unitary_metric = 0.99998
Error = :1.35e-03; Runtime: 507.7s; Iterations = 2820, grads =   2.048e-06, unitary_metric = 0.99998
Error = :1.35e-03; Runtime: 511.3s; Iterations = 2840, grads =   4.397e-06, unitary_metric = 0.99998
Error = :1.34e-03; Runtime: 514.8s; Iterations = 2860, grads =   9.000e-07, unitary_metric = 0.99998
Error = :1.34e-03; Runtime: 518.4s; Iterations = 2880, grads =   1.198e-07, unitary_metric = 0.99998
Error = :1.33e-03; Runtime: 521.9s; Iterations = 2900, grads =   3.115e-08, unitary_metric = 0.99998
Error = :1.33e-03; Runtime: 525.7s; Iterations = 2920, grads =   1.838e-08, unitary_metric = 0.99998
Error = :1.33e-03; Runtime: 529.1s; Iterations = 2940, grads =   3.404e-08, unitary_metric = 0.99998
Error = :1.33e-03; Runtime: 532.5s; Iterations = 2960, grads =   1.935e-07, unitary_metric = 0.99998
Error = :1.32e-03; Runtime: 535.9s; Iterations = 2980, grads =   1.736e-05, unitary_metric = 0.99998
Error = :1.41e-03; Runtime: 539.3s; Iterations = 3000, grads =   8.930e-04, unitary_metric = 0.99998
Error = :1.33e-03; Runtime: 543.0s; Iterations = 3020, grads =   1.137e-04, unitary_metric = 0.99998
Error = :1.35e-03; Runtime: 546.3s; Iterations = 3040, grads =   3.482e-04, unitary_metric = 0.99998
Error = :1.32e-03; Runtime: 549.7s; Iterations = 3060, grads =   4.936e-05, unitary_metric = 0.99998
Error = :1.50e-03; Runtime: 553.1s; Iterations = 3080, grads =   4.085e-03, unitary_metric = 0.99998
Error = :1.33e-03; Runtime: 556.9s; Iterations = 3100, grads =   4.681e-04, unitary_metric = 0.99998
Error = :1.31e-03; Runtime: 560.9s; Iterations = 3120, grads =   4.502e-05, unitary_metric = 0.99998
Error = :1.30e-03; Runtime: 564.6s; Iterations = 3140, grads =   3.018e-06, unitary_metric = 0.99998
Error = :1.30e-03; Runtime: 568.3s; Iterations = 3160, grads =   5.137e-07, unitary_metric = 0.99998
Error = :1.30e-03; Runtime: 571.9s; Iterations = 3180, grads =   1.564e-07, unitary_metric = 0.99998
Error = :1.30e-03; Runtime: 575.6s; Iterations = 3200, grads =   1.857e-08, unitary_metric = 0.99998
Error = :1.29e-03; Runtime: 579.5s; Iterations = 3220, grads =   1.177e-08, unitary_metric = 0.99998
Error = :1.29e-03; Runtime: 583.1s; Iterations = 3240, grads =   5.665e-07, unitary_metric = 0.99998
Error = :1.39e-03; Runtime: 586.7s; Iterations = 3260, grads =   9.474e-04, unitary_metric = 0.99998
Error = :1.35e-03; Runtime: 590.3s; Iterations = 3280, grads =   5.687e-04, unitary_metric = 0.99998
Error = :1.29e-03; Runtime: 593.9s; Iterations = 3300, grads =   1.414e-05, unitary_metric = 0.99998
Error = :1.29e-03; Runtime: 597.8s; Iterations = 3320, grads =   3.922e-06, unitary_metric = 0.99998
Error = :1.29e-03; Runtime: 601.4s; Iterations = 3340, grads =   4.225e-05, unitary_metric = 0.99998
Error = :1.35e-03; Runtime: 604.9s; Iterations = 3360, grads =   1.471e-03, unitary_metric = 0.99998
Error = :1.28e-03; Runtime: 608.5s; Iterations = 3380, grads =   2.323e-05, unitary_metric = 0.99998
Error = :1.28e-03; Runtime: 612.0s; Iterations = 3400, grads =   8.043e-06, unitary_metric = 0.99998
Error = :1.28e-03; Runtime: 615.9s; Iterations = 3420, grads =   3.154e-06, unitary_metric = 0.99998
Error = :1.27e-03; Runtime: 619.5s; Iterations = 3440, grads =   6.663e-07, unitary_metric = 0.99998
Error = :1.27e-03; Runtime: 623.0s; Iterations = 3460, grads =   5.560e-08, unitary_metric = 0.99998
Error = :1.27e-03; Runtime: 626.6s; Iterations = 3480, grads =   1.389e-08, unitary_metric = 0.99998
Error = :1.27e-03; Runtime: 630.1s; Iterations = 3500, grads =   9.980e-09, unitary_metric = 0.99998
Error = :1.27e-03; Runtime: 634.0s; Iterations = 3520, grads =   8.150e-09, unitary_metric = 0.99998
Error = :1.27e-03; Runtime: 637.5s; Iterations = 3540, grads =   1.207e-08, unitary_metric = 0.99998
Error = :1.26e-03; Runtime: 641.1s; Iterations = 3560, grads =   1.550e-08, unitary_metric = 0.99998
Error = :1.26e-03; Runtime: 644.7s; Iterations = 3580, grads =   2.140e-08, unitary_metric = 0.99998
Error = :1.26e-03; Runtime: 648.2s; Iterations = 3600, grads =   4.334e-07, unitary_metric = 0.99998
Error = :1.28e-03; Runtime: 652.0s; Iterations = 3620, grads =   1.782e-04, unitary_metric = 0.99998
Error = :1.37e-03; Runtime: 655.6s; Iterations = 3640, grads =   2.069e-03, unitary_metric = 0.99998
Error = :1.28e-03; Runtime: 659.1s; Iterations = 3660, grads =   3.434e-04, unitary_metric = 0.99998
Error = :1.26e-03; Runtime: 662.7s; Iterations = 3680, grads =   2.757e-05, unitary_metric = 0.99998
Error = :1.25e-03; Runtime: 666.2s; Iterations = 3700, grads =   4.717e-06, unitary_metric = 0.99998
Error = :1.25e-03; Runtime: 670.0s; Iterations = 3720, grads =   2.050e-07, unitary_metric = 0.99998
Error = :1.25e-03; Runtime: 673.6s; Iterations = 3740, grads =   1.219e-07, unitary_metric = 0.99998
Error = :1.25e-03; Runtime: 677.2s; Iterations = 3760, grads =   1.643e-08, unitary_metric = 0.99998
Error = :1.25e-03; Runtime: 680.7s; Iterations = 3780, grads =   1.659e-08, unitary_metric = 0.99998
Error = :1.25e-03; Runtime: 684.3s; Iterations = 3800, grads =   9.804e-09, unitary_metric = 0.99998
Error = :1.24e-03; Runtime: 688.2s; Iterations = 3820, grads =   1.485e-08, unitary_metric = 0.99998
Error = :1.24e-03; Runtime: 691.6s; Iterations = 3840, grads =   6.392e-08, unitary_metric = 0.99998
Error = :1.24e-03; Runtime: 695.0s; Iterations = 3860, grads =   3.358e-06, unitary_metric = 0.99998
Error = :1.28e-03; Runtime: 698.5s; Iterations = 3880, grads =   8.322e-04, unitary_metric = 0.99998
Error = :1.25e-03; Runtime: 701.9s; Iterations = 3900, grads =   2.240e-04, unitary_metric = 0.99998
Error = :1.26e-03; Runtime: 705.9s; Iterations = 3920, grads =   2.241e-04, unitary_metric = 0.99998
Error = :1.25e-03; Runtime: 709.6s; Iterations = 3940, grads =   1.420e-04, unitary_metric = 0.99998
Error = :1.24e-03; Runtime: 713.4s; Iterations = 3960, grads =   2.458e-05, unitary_metric = 0.99998
Error = :1.24e-03; Runtime: 717.2s; Iterations = 3980, grads =   2.770e-05, unitary_metric = 0.99998
Error = :1.25e-03; Runtime: 720.9s; Iterations = 4000, grads =   1.646e-04, unitary_metric = 0.99998
Error = :1.23e-03; Runtime: 724.8s; Iterations = 4020, grads =   3.038e-06, unitary_metric = 0.99998
Error = :1.23e-03; Runtime: 728.5s; Iterations = 4040, grads =   2.669e-06, unitary_metric = 0.99998
Error = :1.23e-03; Runtime: 732.1s; Iterations = 4060, grads =   1.162e-07, unitary_metric = 0.99998
Error = :1.23e-03; Runtime: 735.7s; Iterations = 4080, grads =   1.553e-08, unitary_metric = 0.99998
Error = :1.23e-03; Runtime: 739.3s; Iterations = 4100, grads =   4.476e-08, unitary_metric = 0.99998
Error = :1.23e-03; Runtime: 743.1s; Iterations = 4120, grads =   3.233e-06, unitary_metric = 0.99998
Error = :1.28e-03; Runtime: 746.7s; Iterations = 4140, grads =   1.121e-03, unitary_metric = 0.99998
Error = :1.23e-03; Runtime: 750.3s; Iterations = 4160, grads =   8.602e-05, unitary_metric = 0.99998
Error = :1.23e-03; Runtime: 753.9s; Iterations = 4180, grads =   8.478e-05, unitary_metric = 0.99998
Error = :1.22e-03; Runtime: 757.4s; Iterations = 4200, grads =   3.098e-06, unitary_metric = 0.99998
Error = :1.22e-03; Runtime: 761.4s; Iterations = 4220, grads =   1.192e-06, unitary_metric = 0.99998
Error = :1.22e-03; Runtime: 765.2s; Iterations = 4240, grads =   3.118e-07, unitary_metric = 0.99998
Error = :1.22e-03; Runtime: 768.8s; Iterations = 4260, grads =   4.358e-08, unitary_metric = 0.99998
Error = :1.22e-03; Runtime: 772.4s; Iterations = 4280, grads =   1.546e-08, unitary_metric = 0.99998
Error = :1.22e-03; Runtime: 775.9s; Iterations = 4300, grads =   2.661e-07, unitary_metric = 0.99998
Error = :1.22e-03; Runtime: 779.8s; Iterations = 4320, grads =   4.202e-05, unitary_metric = 0.99998
Error = :1.22e-03; Runtime: 783.4s; Iterations = 4340, grads =   5.518e-05, unitary_metric = 0.99998
Error = :1.22e-03; Runtime: 787.0s; Iterations = 4360, grads =   4.530e-05, unitary_metric = 0.99998
Error = :1.22e-03; Runtime: 790.5s; Iterations = 4380, grads =   1.625e-05, unitary_metric = 0.99998
Error = :1.22e-03; Runtime: 794.1s; Iterations = 4400, grads =   3.286e-05, unitary_metric = 0.99998
Error = :1.25e-03; Runtime: 798.0s; Iterations = 4420, grads =   7.583e-04, unitary_metric = 0.99998
Error = :1.22e-03; Runtime: 801.5s; Iterations = 4440, grads =   1.065e-04, unitary_metric = 0.99998
Error = :1.22e-03; Runtime: 805.1s; Iterations = 4460, grads =   1.320e-05, unitary_metric = 0.99998
Error = :1.21e-03; Runtime: 808.7s; Iterations = 4480, grads =   8.032e-07, unitary_metric = 0.99998
Error = :1.22e-03; Runtime: 812.3s; Iterations = 4500, grads =   3.229e-07, unitary_metric = 0.99998
Error = :1.22e-03; Runtime: 816.1s; Iterations = 4520, grads =   2.261e-05, unitary_metric = 0.99998
Error = :1.22e-03; Runtime: 819.7s; Iterations = 4540, grads =   2.363e-05, unitary_metric = 0.99998
Error = :1.23e-03; Runtime: 823.3s; Iterations = 4560, grads =   1.555e-04, unitary_metric = 0.99998
Error = :1.22e-03; Runtime: 827.0s; Iterations = 4580, grads =   8.856e-06, unitary_metric = 0.99998
Error = :1.22e-03; Runtime: 830.6s; Iterations = 4600, grads =   4.744e-07, unitary_metric = 0.99998
Error = :1.22e-03; Runtime: 834.4s; Iterations = 4620, grads =   4.079e-07, unitary_metric = 0.99998
Error = :1.22e-03; Runtime: 838.0s; Iterations = 4640, grads =   1.810e-06, unitary_metric = 0.99998
Error = :1.25e-03; Runtime: 841.6s; Iterations = 4660, grads =   6.611e-04, unitary_metric = 0.99998
Error = :1.23e-03; Runtime: 845.2s; Iterations = 4680, grads =   1.930e-05, unitary_metric = 0.99998
Error = :1.23e-03; Runtime: 848.7s; Iterations = 4700, grads =   2.285e-06, unitary_metric = 0.99998
Error = :1.23e-03; Runtime: 852.6s; Iterations = 4720, grads =   1.750e-06, unitary_metric = 0.99998
Error = :1.24e-03; Runtime: 856.1s; Iterations = 4740, grads =   9.359e-05, unitary_metric = 0.99998
Error = :1.25e-03; Runtime: 859.7s; Iterations = 4760, grads =   1.514e-04, unitary_metric = 0.99998
Error = :1.24e-03; Runtime: 863.2s; Iterations = 4780, grads =   9.472e-06, unitary_metric = 0.99998
Error = :1.25e-03; Runtime: 866.8s; Iterations = 4800, grads =   7.841e-07, unitary_metric = 0.99998
Error = :1.25e-03; Runtime: 870.6s; Iterations = 4820, grads =   2.931e-07, unitary_metric = 0.99998
Error = :1.26e-03; Runtime: 874.1s; Iterations = 4840, grads =   6.361e-08, unitary_metric = 0.99998
Error = :1.27e-03; Runtime: 877.7s; Iterations = 4860, grads =   2.033e-08, unitary_metric = 0.99998
Error = :1.28e-03; Runtime: 881.2s; Iterations = 4880, grads =   1.732e-08, unitary_metric = 0.99998
Error = :1.28e-03; Runtime: 884.8s; Iterations = 4900, grads =   5.334e-08, unitary_metric = 0.99998
Error = :1.29e-03; Runtime: 888.6s; Iterations = 4920, grads =   3.039e-06, unitary_metric = 0.99998
Error = :1.33e-03; Runtime: 892.1s; Iterations = 4940, grads =   5.859e-04, unitary_metric = 0.99998
Error = :1.33e-03; Runtime: 895.7s; Iterations = 4960, grads =   2.184e-04, unitary_metric = 0.99998
Error = :1.33e-03; Runtime: 899.2s; Iterations = 4980, grads =   8.630e-05, unitary_metric = 0.99998
Error = :1.33e-03; Runtime: 902.8s; Iterations = 5000, grads =   1.088e-05, unitary_metric = 0.99998
Error = :1.33e-03; Runtime: 906.6s; Iterations = 5020, grads =   1.013e-06, unitary_metric = 0.99998
Error = :1.34e-03; Runtime: 910.1s; Iterations = 5040, grads =   1.736e-07, unitary_metric = 0.99998
Error = :1.35e-03; Runtime: 913.6s; Iterations = 5060, grads =   8.916e-08, unitary_metric = 0.99998
Error = :1.35e-03; Runtime: 917.2s; Iterations = 5080, grads =   4.902e-08, unitary_metric = 0.99998
Error = :1.36e-03; Runtime: 920.8s; Iterations = 5100, grads =   5.416e-08, unitary_metric = 0.99998
Error = :1.36e-03; Runtime: 924.6s; Iterations = 5120, grads =   4.968e-08, unitary_metric = 0.99998
Error = :1.36e-03; Runtime: 928.2s; Iterations = 5140, grads =   5.655e-08, unitary_metric = 0.99998
Error = :1.36e-03; Runtime: 931.7s; Iterations = 5160, grads =   1.150e-07, unitary_metric = 0.99998
Error = :1.36e-03; Runtime: 935.3s; Iterations = 5180, grads =   8.172e-06, unitary_metric = 0.99998
Error = :1.39e-03; Runtime: 938.8s; Iterations = 5200, grads =   8.895e-04, unitary_metric = 0.99998
Error = :1.36e-03; Runtime: 942.6s; Iterations = 5220, grads =   1.492e-04, unitary_metric = 0.99998
Error = :1.34e-03; Runtime: 946.2s; Iterations = 5240, grads =   1.413e-05, unitary_metric = 0.99998
Error = :1.34e-03; Runtime: 949.8s; Iterations = 5260, grads =   1.782e-06, unitary_metric = 0.99998
Error = :1.33e-03; Runtime: 953.3s; Iterations = 5280, grads =   1.033e-07, unitary_metric = 0.99998
Error = :1.33e-03; Runtime: 956.9s; Iterations = 5300, grads =   9.557e-08, unitary_metric = 0.99998
Error = :1.32e-03; Runtime: 960.8s; Iterations = 5320, grads =   5.380e-08, unitary_metric = 0.99998
Error = :1.31e-03; Runtime: 964.3s; Iterations = 5340, grads =   3.948e-08, unitary_metric = 0.99998
Error = :1.31e-03; Runtime: 967.9s; Iterations = 5360, grads =   3.844e-08, unitary_metric = 0.99998
Error = :1.30e-03; Runtime: 971.4s; Iterations = 5380, grads =   3.837e-08, unitary_metric = 0.99998
Error = :1.30e-03; Runtime: 975.0s; Iterations = 5400, grads =   2.245e-07, unitary_metric = 0.99998
Error = :1.30e-03; Runtime: 978.9s; Iterations = 5420, grads =   4.696e-05, unitary_metric = 0.99998
Error = :1.30e-03; Runtime: 982.4s; Iterations = 5440, grads =   9.183e-05, unitary_metric = 0.99998
Error = :1.29e-03; Runtime: 986.0s; Iterations = 5460, grads =   2.891e-05, unitary_metric = 0.99998
Error = :1.30e-03; Runtime: 989.5s; Iterations = 5480, grads =   4.187e-04, unitary_metric = 0.99998
Error = :1.27e-03; Runtime: 993.1s; Iterations = 5500, grads =   2.706e-05, unitary_metric = 0.99998
Error = :1.27e-03; Runtime: 996.9s; Iterations = 5520, grads =   4.371e-08, unitary_metric = 0.99998
Error = :1.27e-03; Runtime: 1000.6s; Iterations = 5540, grads =   8.075e-07, unitary_metric = 0.99998
Error = :1.26e-03; Runtime: 1004.2s; Iterations = 5560, grads =   2.306e-08, unitary_metric = 0.99998
Error = :1.26e-03; Runtime: 1007.7s; Iterations = 5580, grads =   2.749e-08, unitary_metric = 0.99998
Error = :1.26e-03; Runtime: 1011.3s; Iterations = 5600, grads =   5.200e-08, unitary_metric = 0.99998
Error = :1.25e-03; Runtime: 1015.1s; Iterations = 5620, grads =   1.592e-07, unitary_metric = 0.99998
Error = :1.25e-03; Runtime: 1018.6s; Iterations = 5640, grads =   8.024e-06, unitary_metric = 0.99998
Error = :1.25e-03; Runtime: 1022.1s; Iterations = 5660, grads =   1.141e-06, unitary_metric = 0.99998
Error = :1.25e-03; Runtime: 1025.6s; Iterations = 5680, grads =   5.673e-05, unitary_metric = 0.99998
Error = :1.25e-03; Runtime: 1029.2s; Iterations = 5700, grads =   2.687e-04, unitary_metric = 0.99998
Error = :1.24e-03; Runtime: 1033.0s; Iterations = 5720, grads =   3.941e-05, unitary_metric = 0.99998
Error = :1.23e-03; Runtime: 1036.5s; Iterations = 5740, grads =   5.278e-06, unitary_metric = 0.99998
Error = :1.23e-03; Runtime: 1040.0s; Iterations = 5760, grads =   7.290e-07, unitary_metric = 0.99998
Error = :1.23e-03; Runtime: 1043.6s; Iterations = 5780, grads =   2.699e-08, unitary_metric = 0.99998
Error = :1.23e-03; Runtime: 1047.1s; Iterations = 5800, grads =   7.713e-08, unitary_metric = 0.99998
Error = :1.22e-03; Runtime: 1050.9s; Iterations = 5820, grads =   5.241e-07, unitary_metric = 0.99998
Error = :1.23e-03; Runtime: 1054.4s; Iterations = 5840, grads =   3.545e-05, unitary_metric = 0.99998
Error = :1.22e-03; Runtime: 1058.0s; Iterations = 5860, grads =   1.246e-05, unitary_metric = 0.99998
Error = :1.22e-03; Runtime: 1061.5s; Iterations = 5880, grads =   3.681e-06, unitary_metric = 0.99998
Error = :1.22e-03; Runtime: 1065.0s; Iterations = 5900, grads =   5.962e-05, unitary_metric = 0.99998
Error = :1.21e-03; Runtime: 1068.8s; Iterations = 5920, grads =   1.249e-05, unitary_metric = 0.99998
Error = :1.22e-03; Runtime: 1072.3s; Iterations = 5940, grads =   2.435e-04, unitary_metric = 0.99998
Error = :1.21e-03; Runtime: 1075.8s; Iterations = 5960, grads =   4.297e-05, unitary_metric = 0.99998
Error = :1.21e-03; Runtime: 1079.4s; Iterations = 5980, grads =   6.168e-06, unitary_metric = 0.99998
Error = :1.20e-03; Runtime: 1082.9s; Iterations = 6000, grads =   1.448e-06, unitary_metric = 0.99998
data saved at: /project/ftchong/qoc/pranav/00008_31_nah_slice_169.h5


trying total_time: 15.0 for unitary of size (16, 16)
data saved at: /project/ftchong/qoc/pranav/00009_31_nah_slice_169.h5
Using 7 Taylor terms and 2 Scaling & Squaring terms
Building graph:
Propagators initialized.
Operators weight initialized.
Intermediate propagation variables initialized.
Intermediate propagators initialized.
Vectors initialized.
Training loss initialized.
Optimizer initialized.
Utilities initialized.
Graph built!
Initialized
Error = :9.42e-01; Runtime: 0.5s; Iterations = 0, grads =   1.160e-01, unitary_metric = 1.00000
Error = :6.97e-01; Runtime: 6.8s; Iterations = 20, grads =   8.781e-02, unitary_metric = 1.00000
Error = :5.08e-01; Runtime: 12.3s; Iterations = 40, grads =   7.290e-03, unitary_metric = 1.00000
Error = :3.01e-01; Runtime: 17.7s; Iterations = 60, grads =   1.075e-02, unitary_metric = 1.00000
Error = :1.44e-02; Runtime: 23.2s; Iterations = 80, grads =   7.894e-02, unitary_metric = 1.00000
Error = :1.76e-03; Runtime: 28.6s; Iterations = 100, grads =   7.837e-04, unitary_metric = 0.99999
Error = :9.12e-04; Runtime: 32.0s; Iterations = 111, grads =   6.882e-04, unitary_metric = 0.99999
data saved at: /project/ftchong/qoc/pranav/00009_31_nah_slice_169.h5


trying total_time: 12.5 for unitary of size (16, 16)
data saved at: /project/ftchong/qoc/pranav/00010_31_nah_slice_169.h5
Using 7 Taylor terms and 2 Scaling & Squaring terms
Building graph:
Propagators initialized.
Operators weight initialized.
Intermediate propagation variables initialized.
Intermediate propagators initialized.
Vectors initialized.
Training loss initialized.
Optimizer initialized.
Utilities initialized.
Graph built!
Initialized
Error = :9.46e-01; Runtime: 0.4s; Iterations = 0, grads =   9.757e-02, unitary_metric = 1.00001
Error = :7.53e-01; Runtime: 5.6s; Iterations = 20, grads =   1.062e-02, unitary_metric = 1.00000
Error = :7.50e-01; Runtime: 10.1s; Iterations = 40, grads =   1.593e-03, unitary_metric = 1.00000
Error = :7.30e-01; Runtime: 14.6s; Iterations = 60, grads =   4.257e-03, unitary_metric = 1.00000
Error = :5.09e-01; Runtime: 19.0s; Iterations = 80, grads =   3.019e-03, unitary_metric = 1.00000
Error = :4.95e-01; Runtime: 23.5s; Iterations = 100, grads =   5.360e-04, unitary_metric = 0.99999
Error = :3.07e-01; Runtime: 28.2s; Iterations = 120, grads =   8.275e-03, unitary_metric = 0.99999
Error = :2.07e-02; Runtime: 32.7s; Iterations = 140, grads =   2.863e-01, unitary_metric = 0.99999
Error = :2.46e-03; Runtime: 37.2s; Iterations = 160, grads =   1.421e-03, unitary_metric = 0.99999
Error = :8.16e-04; Runtime: 39.4s; Iterations = 170, grads =   4.315e-03, unitary_metric = 0.99999
data saved at: /project/ftchong/qoc/pranav/00010_31_nah_slice_169.h5


trying total_time: 11.25 for unitary of size (16, 16)
data saved at: /project/ftchong/qoc/pranav/00011_31_nah_slice_169.h5
Using 7 Taylor terms and 2 Scaling & Squaring terms
Building graph:
Propagators initialized.
Operators weight initialized.
Intermediate propagation variables initialized.
Intermediate propagators initialized.
Vectors initialized.
Training loss initialized.
Optimizer initialized.
Utilities initialized.
Graph built!
Initialized
Error = :9.41e-01; Runtime: 0.4s; Iterations = 0, grads =   9.902e-02, unitary_metric = 1.00001
Error = :7.56e-01; Runtime: 5.0s; Iterations = 20, grads =   1.330e-02, unitary_metric = 1.00000
Error = :7.51e-01; Runtime: 9.0s; Iterations = 40, grads =   2.819e-03, unitary_metric = 1.00000
Error = :5.59e-01; Runtime: 13.1s; Iterations = 60, grads =   7.907e-03, unitary_metric = 1.00000
Error = :5.05e-01; Runtime: 17.1s; Iterations = 80, grads =   1.355e-03, unitary_metric = 1.00000
Error = :5.00e-01; Runtime: 21.1s; Iterations = 100, grads =   1.400e-04, unitary_metric = 1.00000
Error = :4.69e-01; Runtime: 25.4s; Iterations = 120, grads =   1.842e-03, unitary_metric = 1.00000
Error = :1.28e-02; Runtime: 29.4s; Iterations = 140, grads =   3.756e-03, unitary_metric = 0.99999
Error = :6.78e-03; Runtime: 33.4s; Iterations = 160, grads =   4.785e-02, unitary_metric = 0.99999
Error = :8.37e-04; Runtime: 36.4s; Iterations = 175, grads =   1.091e-03, unitary_metric = 0.99999
data saved at: /project/ftchong/qoc/pranav/00011_31_nah_slice_169.h5


trying total_time: 10.6 for unitary of size (16, 16)
data saved at: /project/ftchong/qoc/pranav/00012_31_nah_slice_169.h5
Using 7 Taylor terms and 2 Scaling & Squaring terms
Building graph:
Propagators initialized.
Operators weight initialized.
Intermediate propagation variables initialized.
Intermediate propagators initialized.
Vectors initialized.
Training loss initialized.
Optimizer initialized.
Utilities initialized.
Graph built!
Initialized
Error = :9.23e-01; Runtime: 0.4s; Iterations = 0, grads =   8.698e-02, unitary_metric = 1.00000
Error = :7.58e-01; Runtime: 4.8s; Iterations = 20, grads =   7.485e-03, unitary_metric = 1.00000
Error = :7.53e-01; Runtime: 8.5s; Iterations = 40, grads =   3.150e-03, unitary_metric = 1.00000
Error = :7.50e-01; Runtime: 12.3s; Iterations = 60, grads =   3.257e-04, unitary_metric = 1.00000
Error = :7.42e-01; Runtime: 16.1s; Iterations = 80, grads =   4.537e-04, unitary_metric = 1.00000
Error = :5.46e-01; Runtime: 19.8s; Iterations = 100, grads =   6.106e-03, unitary_metric = 0.99999
Error = :5.03e-01; Runtime: 23.9s; Iterations = 120, grads =   3.003e-04, unitary_metric = 0.99999
Error = :5.00e-01; Runtime: 27.6s; Iterations = 140, grads =   1.298e-04, unitary_metric = 0.99999
Error = :5.00e-01; Runtime: 31.4s; Iterations = 160, grads =   4.708e-04, unitary_metric = 0.99999
Error = :5.00e-01; Runtime: 35.2s; Iterations = 180, grads =   1.624e-06, unitary_metric = 0.99999
Error = :5.00e-01; Runtime: 39.0s; Iterations = 200, grads =   1.872e-07, unitary_metric = 0.99999
Error = :5.00e-01; Runtime: 43.0s; Iterations = 220, grads =   4.183e-04, unitary_metric = 0.99999
Error = :5.00e-01; Runtime: 46.8s; Iterations = 240, grads =   8.867e-06, unitary_metric = 0.99999
Error = :5.00e-01; Runtime: 50.5s; Iterations = 260, grads =   3.759e-05, unitary_metric = 0.99999
Error = :5.00e-01; Runtime: 54.3s; Iterations = 280, grads =   9.444e-04, unitary_metric = 0.99999
Error = :5.00e-01; Runtime: 58.0s; Iterations = 300, grads =   3.731e-04, unitary_metric = 0.99999
Error = :5.00e-01; Runtime: 62.0s; Iterations = 320, grads =   1.317e-03, unitary_metric = 0.99999
Error = :5.00e-01; Runtime: 65.8s; Iterations = 340, grads =   1.166e-05, unitary_metric = 0.99999
Error = :5.00e-01; Runtime: 69.5s; Iterations = 360, grads =   6.882e-04, unitary_metric = 0.99999
Error = :5.00e-01; Runtime: 73.3s; Iterations = 380, grads =   5.101e-04, unitary_metric = 1.00000
Error = :5.00e-01; Runtime: 77.1s; Iterations = 400, grads =   6.460e-05, unitary_metric = 1.00000
Error = :5.00e-01; Runtime: 81.2s; Iterations = 420, grads =   7.286e-06, unitary_metric = 0.99999
Error = :4.99e-01; Runtime: 85.0s; Iterations = 440, grads =   1.708e-06, unitary_metric = 0.99999
Error = :4.99e-01; Runtime: 88.8s; Iterations = 460, grads =   3.717e-06, unitary_metric = 0.99999
Error = :4.97e-01; Runtime: 92.5s; Iterations = 480, grads =   1.212e-02, unitary_metric = 0.99999
Error = :4.76e-01; Runtime: 96.3s; Iterations = 500, grads =   5.643e-04, unitary_metric = 1.00000
Error = :3.12e-01; Runtime: 100.4s; Iterations = 520, grads =   1.324e-01, unitary_metric = 0.99999
Error = :4.01e-02; Runtime: 104.2s; Iterations = 540, grads =   2.556e-02, unitary_metric = 0.99999
Error = :1.16e-02; Runtime: 107.9s; Iterations = 560, grads =   1.609e-02, unitary_metric = 0.99999
Error = :5.25e-03; Runtime: 111.7s; Iterations = 580, grads =   2.801e-03, unitary_metric = 0.99998
Error = :2.91e-03; Runtime: 115.4s; Iterations = 600, grads =   2.216e-04, unitary_metric = 0.99999
Error = :1.72e-03; Runtime: 119.5s; Iterations = 620, grads =   2.281e-05, unitary_metric = 0.99998
Error = :1.01e-03; Runtime: 123.2s; Iterations = 640, grads =   7.516e-06, unitary_metric = 0.99998
Error = :9.89e-04; Runtime: 123.4s; Iterations = 641, grads =   6.946e-06, unitary_metric = 0.99998
data saved at: /project/ftchong/qoc/pranav/00012_31_nah_slice_169.h5


trying total_time: 10.3 for unitary of size (16, 16)
data saved at: /project/ftchong/qoc/pranav/00013_31_nah_slice_169.h5
Using 7 Taylor terms and 2 Scaling & Squaring terms
Building graph:
Propagators initialized.
Operators weight initialized.
Intermediate propagation variables initialized.
Intermediate propagators initialized.
Vectors initialized.
Training loss initialized.
Optimizer initialized.
Utilities initialized.
Graph built!
Initialized
Error = :9.85e-01; Runtime: 0.3s; Iterations = 0, grads =   3.451e-02, unitary_metric = 1.00001
Error = :7.68e-01; Runtime: 4.6s; Iterations = 20, grads =   4.039e-02, unitary_metric = 1.00000
Error = :7.52e-01; Runtime: 8.3s; Iterations = 40, grads =   3.082e-03, unitary_metric = 1.00000
Error = :7.02e-01; Runtime: 12.0s; Iterations = 60, grads =   3.458e-03, unitary_metric = 1.00000
Error = :5.32e-01; Runtime: 15.6s; Iterations = 80, grads =   1.432e-03, unitary_metric = 0.99999
Error = :5.02e-01; Runtime: 19.3s; Iterations = 100, grads =   1.547e-04, unitary_metric = 1.00000
Error = :5.00e-01; Runtime: 23.2s; Iterations = 120, grads =   9.477e-06, unitary_metric = 0.99999
Error = :5.00e-01; Runtime: 26.9s; Iterations = 140, grads =   4.240e-06, unitary_metric = 0.99999
Error = :5.00e-01; Runtime: 30.5s; Iterations = 160, grads =   3.981e-05, unitary_metric = 0.99999
Error = :5.00e-01; Runtime: 34.2s; Iterations = 180, grads =   5.353e-05, unitary_metric = 1.00000
Error = :5.00e-01; Runtime: 37.9s; Iterations = 200, grads =   4.090e-07, unitary_metric = 0.99999
Error = :5.00e-01; Runtime: 41.8s; Iterations = 220, grads =   4.220e-03, unitary_metric = 1.00000
Error = :5.00e-01; Runtime: 45.5s; Iterations = 240, grads =   7.226e-04, unitary_metric = 1.00000
Error = :5.00e-01; Runtime: 49.3s; Iterations = 260, grads =   2.342e-04, unitary_metric = 1.00000
Error = :5.00e-01; Runtime: 53.0s; Iterations = 280, grads =   5.894e-05, unitary_metric = 0.99999
Error = :5.00e-01; Runtime: 56.6s; Iterations = 300, grads =   1.055e-05, unitary_metric = 1.00000
Error = :5.00e-01; Runtime: 60.6s; Iterations = 320, grads =   1.118e-07, unitary_metric = 0.99999
Error = :5.00e-01; Runtime: 64.3s; Iterations = 340, grads =   1.505e-04, unitary_metric = 0.99999
Error = :5.00e-01; Runtime: 68.2s; Iterations = 360, grads =   3.659e-04, unitary_metric = 0.99999
Error = :5.00e-01; Runtime: 71.9s; Iterations = 380, grads =   2.204e-05, unitary_metric = 1.00000
Error = :5.00e-01; Runtime: 75.6s; Iterations = 400, grads =   8.074e-06, unitary_metric = 1.00000
Error = :5.00e-01; Runtime: 79.7s; Iterations = 420, grads =   1.618e-06, unitary_metric = 0.99999
Error = :5.00e-01; Runtime: 83.4s; Iterations = 440, grads =   1.546e-06, unitary_metric = 0.99999
Error = :5.00e-01; Runtime: 87.1s; Iterations = 460, grads =   3.157e-03, unitary_metric = 0.99999
Error = :5.00e-01; Runtime: 90.7s; Iterations = 480, grads =   3.205e-03, unitary_metric = 1.00000
Error = :5.00e-01; Runtime: 94.4s; Iterations = 500, grads =   1.993e-03, unitary_metric = 1.00000
Error = :5.00e-01; Runtime: 98.4s; Iterations = 520, grads =   1.459e-04, unitary_metric = 0.99999
Error = :5.00e-01; Runtime: 102.1s; Iterations = 540, grads =   1.659e-05, unitary_metric = 1.00000
Error = :5.00e-01; Runtime: 105.7s; Iterations = 560, grads =   1.241e-05, unitary_metric = 0.99999
Error = :5.00e-01; Runtime: 109.4s; Iterations = 580, grads =   3.131e-05, unitary_metric = 1.00000
Error = :5.00e-01; Runtime: 113.1s; Iterations = 600, grads =   6.956e-04, unitary_metric = 1.00000
Error = :5.00e-01; Runtime: 117.0s; Iterations = 620, grads =   9.465e-05, unitary_metric = 0.99999
Error = :5.00e-01; Runtime: 120.7s; Iterations = 640, grads =   2.740e-03, unitary_metric = 0.99999
Error = :5.00e-01; Runtime: 124.4s; Iterations = 660, grads =   3.132e-04, unitary_metric = 0.99999
Error = :5.00e-01; Runtime: 128.1s; Iterations = 680, grads =   2.427e-05, unitary_metric = 0.99999
Error = :5.00e-01; Runtime: 131.8s; Iterations = 700, grads =   3.967e-06, unitary_metric = 0.99999
Error = :5.00e-01; Runtime: 135.8s; Iterations = 720, grads =   2.519e-06, unitary_metric = 1.00000
Error = :5.00e-01; Runtime: 139.5s; Iterations = 740, grads =   3.993e-03, unitary_metric = 0.99999
Error = :5.00e-01; Runtime: 143.2s; Iterations = 760, grads =   1.995e-04, unitary_metric = 0.99999
Error = :5.00e-01; Runtime: 146.9s; Iterations = 780, grads =   1.330e-03, unitary_metric = 0.99999
Error = :5.00e-01; Runtime: 150.6s; Iterations = 800, grads =   1.050e-04, unitary_metric = 0.99999
Error = :5.00e-01; Runtime: 154.5s; Iterations = 820, grads =   1.741e-05, unitary_metric = 0.99999
Error = :5.00e-01; Runtime: 158.2s; Iterations = 840, grads =   1.343e-05, unitary_metric = 0.99999
Error = :5.00e-01; Runtime: 161.9s; Iterations = 860, grads =   3.819e-04, unitary_metric = 0.99999
Error = :5.00e-01; Runtime: 165.6s; Iterations = 880, grads =   4.000e-04, unitary_metric = 1.00000
Error = :5.00e-01; Runtime: 169.2s; Iterations = 900, grads =   1.084e-04, unitary_metric = 0.99999
Error = :5.00e-01; Runtime: 173.2s; Iterations = 920, grads =   1.726e-05, unitary_metric = 0.99999
Error = :4.99e-01; Runtime: 176.9s; Iterations = 940, grads =   3.881e-05, unitary_metric = 0.99999
Error = :4.94e-01; Runtime: 180.6s; Iterations = 960, grads =   1.733e-04, unitary_metric = 0.99999
Error = :4.47e-01; Runtime: 184.2s; Iterations = 980, grads =   1.311e-03, unitary_metric = 0.99999
Error = :2.67e-01; Runtime: 187.9s; Iterations = 1000, grads =   4.345e-02, unitary_metric = 0.99999
Error = :3.16e-02; Runtime: 191.9s; Iterations = 1020, grads =   9.881e-03, unitary_metric = 0.99999
Error = :8.68e-03; Runtime: 195.5s; Iterations = 1040, grads =   5.195e-03, unitary_metric = 0.99998
Error = :4.45e-03; Runtime: 199.2s; Iterations = 1060, grads =   3.875e-04, unitary_metric = 0.99998
Error = :3.16e-03; Runtime: 202.9s; Iterations = 1080, grads =   3.516e-05, unitary_metric = 0.99998
Error = :2.48e-03; Runtime: 206.6s; Iterations = 1100, grads =   3.759e-06, unitary_metric = 0.99998
Error = :2.05e-03; Runtime: 210.6s; Iterations = 1120, grads =   2.291e-06, unitary_metric = 0.99998
Error = :1.74e-03; Runtime: 214.2s; Iterations = 1140, grads =   1.357e-06, unitary_metric = 0.99998
Error = :1.51e-03; Runtime: 217.9s; Iterations = 1160, grads =   1.052e-06, unitary_metric = 0.99998
Error = :1.33e-03; Runtime: 221.6s; Iterations = 1180, grads =   8.548e-07, unitary_metric = 0.99998
Error = :1.18e-03; Runtime: 225.3s; Iterations = 1200, grads =   7.079e-07, unitary_metric = 0.99998
Error = :1.06e-03; Runtime: 229.3s; Iterations = 1220, grads =   5.951e-07, unitary_metric = 0.99998
Error = :9.97e-04; Runtime: 231.3s; Iterations = 1231, grads =   5.435e-07, unitary_metric = 0.99998
data saved at: /project/ftchong/qoc/pranav/00013_31_nah_slice_169.h5


trying total_time: 10.0 for unitary of size (4, 4)
data saved at: /project/ftchong/qoc/pranav/00014_31_nah_slice_169.h5
Using 6 Taylor terms and 1 Scaling & Squaring terms
Building graph:
Propagators initialized.
Operators weight initialized.
Intermediate propagation variables initialized.
Intermediate propagators initialized.
Vectors initialized.
Training loss initialized.
Optimizer initialized.
Utilities initialized.
Graph built!
Initialized
Error = :2.11e-02; Runtime: 0.3s; Iterations = 0, grads =   4.309e-01, unitary_metric = 1.00000
Error = :1.80e-02; Runtime: 2.1s; Iterations = 20, grads =   3.860e-01, unitary_metric = 1.00000
Error = :7.89e-04; Runtime: 3.0s; Iterations = 33, grads =   1.496e-02, unitary_metric = 1.00000
data saved at: /project/ftchong/qoc/pranav/00014_31_nah_slice_169.h5


trying total_time: 5.0 for unitary of size (4, 4)
data saved at: /project/ftchong/qoc/pranav/00015_31_nah_slice_169.h5
Using 6 Taylor terms and 1 Scaling & Squaring terms
Building graph:
Propagators initialized.
Operators weight initialized.
Intermediate propagation variables initialized.
Intermediate propagators initialized.
Vectors initialized.
Training loss initialized.
Optimizer initialized.
Utilities initialized.
Graph built!
Initialized
Error = :3.76e-02; Runtime: 0.1s; Iterations = 0, grads =   3.803e-01, unitary_metric = 1.00000
Error = :3.50e-03; Runtime: 1.1s; Iterations = 20, grads =   3.708e-02, unitary_metric = 1.00000
Error = :2.79e-04; Runtime: 1.4s; Iterations = 30, grads =   2.638e-03, unitary_metric = 1.00000
data saved at: /project/ftchong/qoc/pranav/00015_31_nah_slice_169.h5


trying total_time: 2.5 for unitary of size (4, 4)
data saved at: /project/ftchong/qoc/pranav/00016_31_nah_slice_169.h5
Using 6 Taylor terms and 1 Scaling & Squaring terms
Building graph:
Propagators initialized.
Operators weight initialized.
Intermediate propagation variables initialized.
Intermediate propagators initialized.
Vectors initialized.
Training loss initialized.
Optimizer initialized.
Utilities initialized.
Graph built!
Initialized
Error = :3.00e-01; Runtime: 0.1s; Iterations = 0, grads =   1.120e+00, unitary_metric = 1.00000
Error = :4.35e-04; Runtime: 0.3s; Iterations = 5, grads =   1.357e-03, unitary_metric = 1.00000
data saved at: /project/ftchong/qoc/pranav/00016_31_nah_slice_169.h5


trying total_time: 1.25 for unitary of size (4, 4)
data saved at: /project/ftchong/qoc/pranav/00017_31_nah_slice_169.h5
Using 6 Taylor terms and 1 Scaling & Squaring terms
Building graph:
Propagators initialized.
Operators weight initialized.
Intermediate propagation variables initialized.
Intermediate propagators initialized.
Vectors initialized.
Training loss initialized.
Optimizer initialized.
Utilities initialized.
Graph built!
Initialized
Error = :6.29e-02; Runtime: 0.1s; Iterations = 0, grads =   1.504e-01, unitary_metric = 1.00000
Error = :8.56e-04; Runtime: 0.3s; Iterations = 15, grads =   1.649e-03, unitary_metric = 1.00000
data saved at: /project/ftchong/qoc/pranav/00017_31_nah_slice_169.h5


trying total_time: 0.6 for unitary of size (4, 4)
data saved at: /project/ftchong/qoc/pranav/00018_31_nah_slice_169.h5
Using 7 Taylor terms and 0 Scaling & Squaring terms
Building graph:
Propagators initialized.
Operators weight initialized.
Intermediate propagation variables initialized.
Intermediate propagators initialized.
Vectors initialized.
Training loss initialized.
Optimizer initialized.
Utilities initialized.
Graph built!
Initialized
Error = :2.00e-02; Runtime: 0.0s; Iterations = 0, grads =   2.072e-02, unitary_metric = 1.00000
Error = :9.71e-04; Runtime: 0.2s; Iterations = 14, grads =   1.112e-03, unitary_metric = 1.00000
data saved at: /project/ftchong/qoc/pranav/00018_31_nah_slice_169.h5


trying total_time: 0.3 for unitary of size (4, 4)
data saved at: /project/ftchong/qoc/pranav/00019_31_nah_slice_169.h5
Using 5 Taylor terms and 1 Scaling & Squaring terms
Building graph:
Propagators initialized.
Operators weight initialized.
Intermediate propagation variables initialized.
Intermediate propagators initialized.
Vectors initialized.
Training loss initialized.
Optimizer initialized.
Utilities initialized.
Graph built!
Initialized
Error = :1.44e-01; Runtime: 0.0s; Iterations = 0, grads =   6.301e-02, unitary_metric = 1.00000
Error = :1.22e-02; Runtime: 0.2s; Iterations = 20, grads =   6.528e-03, unitary_metric = 1.00000
Error = :9.98e-04; Runtime: 0.2s; Iterations = 31, grads =   5.937e-04, unitary_metric = 1.00000
data saved at: /project/ftchong/qoc/pranav/00019_31_nah_slice_169.h5




[0.3, 10.3, 0.3]
TIME FOR SLICE IS:
10.3
