Running Block:  298


trying total_time: 40.0 for unitary of size (16, 16)
data saved at: /project/ftchong/qoc/pranav/00000_29_lih_slice_298.h5
Using 5 Taylor terms and 4 Scaling & Squaring terms
Building graph:
Propagators initialized.
Operators weight initialized.
Intermediate propagation variables initialized.
Intermediate propagators initialized.
Vectors initialized.
Training loss initialized.
Optimizer initialized.
Utilities initialized.
Graph built!
Initialized
Error = :2.37e-01; Runtime: 1.3s; Iterations = 0, grads =   1.592e+01, unitary_metric = 1.00019
Error = :9.38e-02; Runtime: 18.0s; Iterations = 20, grads =   6.676e+00, unitary_metric = 1.00027
Error = :4.31e-03; Runtime: 32.4s; Iterations = 40, grads =   3.105e-01, unitary_metric = 1.00027
Error = :9.34e-04; Runtime: 45.3s; Iterations = 58, grads =   9.216e-02, unitary_metric = 1.00027
data saved at: /project/ftchong/qoc/pranav/00000_29_lih_slice_298.h5


trying total_time: 20.0 for unitary of size (16, 16)
data saved at: /project/ftchong/qoc/pranav/00001_29_lih_slice_298.h5
Using 7 Taylor terms and 2 Scaling & Squaring terms
Building graph:
Propagators initialized.
Operators weight initialized.
Intermediate propagation variables initialized.
Intermediate propagators initialized.
Vectors initialized.
Training loss initialized.
Optimizer initialized.
Utilities initialized.
Graph built!
Initialized
Error = :1.31e-01; Runtime: 0.6s; Iterations = 0, grads =   4.712e+00, unitary_metric = 1.00001
Error = :1.57e-01; Runtime: 8.8s; Iterations = 20, grads =   5.242e+00, unitary_metric = 1.00001
Error = :1.77e-02; Runtime: 15.8s; Iterations = 40, grads =   7.406e-01, unitary_metric = 1.00001
Error = :6.52e-04; Runtime: 19.4s; Iterations = 50, grads =   2.178e-02, unitary_metric = 1.00001
data saved at: /project/ftchong/qoc/pranav/00001_29_lih_slice_298.h5


trying total_time: 10.0 for unitary of size (16, 16)
data saved at: /project/ftchong/qoc/pranav/00002_29_lih_slice_298.h5
Using 7 Taylor terms and 2 Scaling & Squaring terms
Building graph:
Propagators initialized.
Operators weight initialized.
Intermediate propagation variables initialized.
Intermediate propagators initialized.
Vectors initialized.
Training loss initialized.
Optimizer initialized.
Utilities initialized.
Graph built!
Initialized
Error = :4.64e-02; Runtime: 0.3s; Iterations = 0, grads =   9.091e-01, unitary_metric = 1.00000
Error = :2.36e-03; Runtime: 4.4s; Iterations = 20, grads =   5.048e-02, unitary_metric = 1.00000
Error = :4.04e-03; Runtime: 7.8s; Iterations = 40, grads =   8.759e-02, unitary_metric = 1.00000
Error = :9.27e-04; Runtime: 8.2s; Iterations = 42, grads =   1.930e-02, unitary_metric = 1.00000
data saved at: /project/ftchong/qoc/pranav/00002_29_lih_slice_298.h5


trying total_time: 5.0 for unitary of size (16, 16)
data saved at: /project/ftchong/qoc/pranav/00003_29_lih_slice_298.h5
Using 7 Taylor terms and 2 Scaling & Squaring terms
Building graph:
Propagators initialized.
Operators weight initialized.
Intermediate propagation variables initialized.
Intermediate propagators initialized.
Vectors initialized.
Training loss initialized.
Optimizer initialized.
Utilities initialized.
Graph built!
Initialized
Error = :2.49e-01; Runtime: 0.2s; Iterations = 0, grads =   1.901e+00, unitary_metric = 1.00000
Error = :1.28e-02; Runtime: 2.2s; Iterations = 20, grads =   1.374e-01, unitary_metric = 1.00000
Error = :9.28e-04; Runtime: 3.7s; Iterations = 37, grads =   9.965e-03, unitary_metric = 1.00000
data saved at: /project/ftchong/qoc/pranav/00003_29_lih_slice_298.h5


trying total_time: 2.5 for unitary of size (16, 16)
data saved at: /project/ftchong/qoc/pranav/00004_29_lih_slice_298.h5
Using 8 Taylor terms and 1 Scaling & Squaring terms
Building graph:
Propagators initialized.
Operators weight initialized.
Intermediate propagation variables initialized.
Intermediate propagators initialized.
Vectors initialized.
Training loss initialized.
Optimizer initialized.
Utilities initialized.
Graph built!
Initialized
Error = :1.20e-01; Runtime: 0.1s; Iterations = 0, grads =   5.237e-01, unitary_metric = 1.00000
Error = :1.97e-03; Runtime: 1.2s; Iterations = 20, grads =   8.617e-03, unitary_metric = 1.00000
Error = :7.58e-04; Runtime: 1.6s; Iterations = 28, grads =   3.150e-03, unitary_metric = 1.00000
data saved at: /project/ftchong/qoc/pranav/00004_29_lih_slice_298.h5


trying total_time: 1.25 for unitary of size (16, 16)
data saved at: /project/ftchong/qoc/pranav/00005_29_lih_slice_298.h5
Using 6 Taylor terms and 2 Scaling & Squaring terms
Building graph:
Propagators initialized.
Operators weight initialized.
Intermediate propagation variables initialized.
Intermediate propagators initialized.
Vectors initialized.
Training loss initialized.
Optimizer initialized.
Utilities initialized.
Graph built!
Initialized
Error = :4.81e-01; Runtime: 0.1s; Iterations = 0, grads =   5.469e-01, unitary_metric = 1.00000
Error = :3.15e-02; Runtime: 0.7s; Iterations = 20, grads =   8.168e-02, unitary_metric = 1.00000
Error = :1.77e-03; Runtime: 1.1s; Iterations = 40, grads =   4.680e-03, unitary_metric = 1.00000
Error = :9.54e-04; Runtime: 1.2s; Iterations = 43, grads =   2.507e-03, unitary_metric = 1.00000
data saved at: /project/ftchong/qoc/pranav/00005_29_lih_slice_298.h5


trying total_time: 0.6 for unitary of size (16, 16)
data saved at: /project/ftchong/qoc/pranav/00006_29_lih_slice_298.h5
Using 6 Taylor terms and 2 Scaling & Squaring terms
Building graph:
Propagators initialized.
Operators weight initialized.
Intermediate propagation variables initialized.
Intermediate propagators initialized.
Vectors initialized.
Training loss initialized.
Optimizer initialized.
Utilities initialized.
Graph built!
Initialized
Error = :1.28e-01; Runtime: 0.1s; Iterations = 0, grads =   1.312e-01, unitary_metric = 1.00000
Error = :8.88e-04; Runtime: 0.3s; Iterations = 14, grads =   9.631e-04, unitary_metric = 1.00000
data saved at: /project/ftchong/qoc/pranav/00006_29_lih_slice_298.h5


trying total_time: 0.3 for unitary of size (16, 16)
data saved at: /project/ftchong/qoc/pranav/00007_29_lih_slice_298.h5
Using 7 Taylor terms and 1 Scaling & Squaring terms
Building graph:
Propagators initialized.
Operators weight initialized.
Intermediate propagation variables initialized.
Intermediate propagators initialized.
Vectors initialized.
Training loss initialized.
Optimizer initialized.
Utilities initialized.
Graph built!
Initialized
Error = :1.68e-01; Runtime: 0.1s; Iterations = 0, grads =   7.023e-02, unitary_metric = 1.00000
Error = :1.05e-02; Runtime: 0.3s; Iterations = 20, grads =   5.693e-03, unitary_metric = 1.00000
Error = :9.98e-04; Runtime: 0.4s; Iterations = 38, grads =   5.361e-04, unitary_metric = 1.00000
data saved at: /project/ftchong/qoc/pranav/00007_29_lih_slice_298.h5


trying total_time: 5.0 for unitary of size (2, 2)
data saved at: /project/ftchong/qoc/pranav/00008_29_lih_slice_298.h5
Using 6 Taylor terms and 0 Scaling & Squaring terms
Building graph:
Propagators initialized.
Operators weight initialized.
Intermediate propagation variables initialized.
Intermediate propagators initialized.
Vectors initialized.
Training loss initialized.
Optimizer initialized.
Utilities initialized.
Graph built!
Initialized
Error = :8.27e-03; Runtime: 0.1s; Iterations = 0, grads =   8.610e-02, unitary_metric = 1.00000
Error = :8.93e-04; Runtime: 0.6s; Iterations = 7, grads =   9.133e-03, unitary_metric = 1.00000
data saved at: /project/ftchong/qoc/pranav/00008_29_lih_slice_298.h5


trying total_time: 2.5 for unitary of size (2, 2)
data saved at: /project/ftchong/qoc/pranav/00009_29_lih_slice_298.h5
Using 4 Taylor terms and 1 Scaling & Squaring terms
Building graph:
Propagators initialized.
Operators weight initialized.
Intermediate propagation variables initialized.
Intermediate propagators initialized.
Vectors initialized.
Training loss initialized.
Optimizer initialized.
Utilities initialized.
Graph built!
Initialized
Error = :2.53e-02; Runtime: 0.1s; Iterations = 0, grads =   1.294e-01, unitary_metric = 1.00000
Error = :9.04e-04; Runtime: 0.3s; Iterations = 6, grads =   3.392e-03, unitary_metric = 1.00000
data saved at: /project/ftchong/qoc/pranav/00009_29_lih_slice_298.h5


trying total_time: 1.25 for unitary of size (2, 2)
data saved at: /project/ftchong/qoc/pranav/00010_29_lih_slice_298.h5
Using 4 Taylor terms and 1 Scaling & Squaring terms
Building graph:
Propagators initialized.
Operators weight initialized.
Intermediate propagation variables initialized.
Intermediate propagators initialized.
Vectors initialized.
Training loss initialized.
Optimizer initialized.
Utilities initialized.
Graph built!
Initialized
Error = :1.36e-01; Runtime: 0.1s; Iterations = 0, grads =   3.068e-01, unitary_metric = 1.00000
Error = :9.33e-05; Runtime: 0.2s; Iterations = 7, grads =   4.514e-06, unitary_metric = 1.00000
data saved at: /project/ftchong/qoc/pranav/00010_29_lih_slice_298.h5


trying total_time: 0.6 for unitary of size (2, 2)
data saved at: /project/ftchong/qoc/pranav/00011_29_lih_slice_298.h5
Using 4 Taylor terms and 1 Scaling & Squaring terms
Building graph:
Propagators initialized.
Operators weight initialized.
Intermediate propagation variables initialized.
Intermediate propagators initialized.
Vectors initialized.
Training loss initialized.
Optimizer initialized.
Utilities initialized.
Graph built!
Initialized
Error = :1.60e-02; Runtime: 0.0s; Iterations = 0, grads =   1.746e-02, unitary_metric = 1.00000
Error = :9.71e-04; Runtime: 0.1s; Iterations = 4, grads =   3.234e-04, unitary_metric = 1.00000
data saved at: /project/ftchong/qoc/pranav/00011_29_lih_slice_298.h5


trying total_time: 0.3 for unitary of size (2, 2)
data saved at: /project/ftchong/qoc/pranav/00012_29_lih_slice_298.h5
Using 5 Taylor terms and 0 Scaling & Squaring terms
Building graph:
Propagators initialized.
Operators weight initialized.
Intermediate propagation variables initialized.
Intermediate propagators initialized.
Vectors initialized.
Training loss initialized.
Optimizer initialized.
Utilities initialized.
Graph built!
Initialized
Error = :1.03e-02; Runtime: 0.0s; Iterations = 0, grads =   4.960e-03, unitary_metric = 1.00000
Error = :9.59e-04; Runtime: 0.1s; Iterations = 17, grads =   3.969e-04, unitary_metric = 1.00000
data saved at: /project/ftchong/qoc/pranav/00012_29_lih_slice_298.h5


trying total_time: 20.0 for unitary of size (8, 8)
data saved at: /project/ftchong/qoc/pranav/00013_29_lih_slice_298.h5
Using 5 Taylor terms and 3 Scaling & Squaring terms
Building graph:
Propagators initialized.
Operators weight initialized.
Intermediate propagation variables initialized.
Intermediate propagators initialized.
Vectors initialized.
Training loss initialized.
Optimizer initialized.
Utilities initialized.
Graph built!
Initialized
Error = :9.52e-01; Runtime: 0.6s; Iterations = 0, grads =   7.113e-01, unitary_metric = 1.00004
Error = :1.24e-01; Runtime: 5.5s; Iterations = 20, grads =   7.921e-01, unitary_metric = 1.00003
Error = :1.02e-01; Runtime: 9.5s; Iterations = 40, grads =   1.238e-01, unitary_metric = 1.00003
Error = :9.68e-02; Runtime: 13.4s; Iterations = 60, grads =   3.769e-02, unitary_metric = 1.00003
Error = :9.52e-02; Runtime: 17.3s; Iterations = 80, grads =   4.690e-03, unitary_metric = 1.00003
Error = :9.26e-02; Runtime: 21.3s; Iterations = 100, grads =   4.473e-04, unitary_metric = 1.00002
Error = :3.86e-02; Runtime: 25.7s; Iterations = 120, grads =   4.883e-03, unitary_metric = 1.00001
Error = :3.19e-03; Runtime: 29.7s; Iterations = 140, grads =   1.345e-03, unitary_metric = 1.00000
Error = :8.41e-04; Runtime: 31.2s; Iterations = 148, grads =   2.277e-04, unitary_metric = 1.00001
data saved at: /project/ftchong/qoc/pranav/00013_29_lih_slice_298.h5


trying total_time: 10.0 for unitary of size (8, 8)
data saved at: /project/ftchong/qoc/pranav/00014_29_lih_slice_298.h5
Using 4 Taylor terms and 3 Scaling & Squaring terms
Building graph:
Propagators initialized.
Operators weight initialized.
Intermediate propagation variables initialized.
Intermediate propagators initialized.
Vectors initialized.
Training loss initialized.
Optimizer initialized.
Utilities initialized.
Graph built!
Initialized
Error = :1.00e+00; Runtime: 0.3s; Iterations = 0, grads =   2.727e-04, unitary_metric = 1.00001
Error = :1.19e-01; Runtime: 2.6s; Iterations = 20, grads =   3.199e-01, unitary_metric = 1.00002
Error = :9.67e-02; Runtime: 4.4s; Iterations = 40, grads =   1.640e-02, unitary_metric = 1.00001
Error = :9.60e-02; Runtime: 6.2s; Iterations = 60, grads =   6.853e-03, unitary_metric = 1.00001
Error = :9.55e-02; Runtime: 8.1s; Iterations = 80, grads =   6.298e-04, unitary_metric = 1.00001
Error = :9.53e-02; Runtime: 9.9s; Iterations = 100, grads =   3.426e-05, unitary_metric = 1.00001
Error = :9.50e-02; Runtime: 11.9s; Iterations = 120, grads =   2.874e-05, unitary_metric = 1.00001
Error = :9.09e-02; Runtime: 13.7s; Iterations = 140, grads =   2.791e-04, unitary_metric = 1.00000
Error = :2.31e-02; Runtime: 15.5s; Iterations = 160, grads =   2.520e-03, unitary_metric = 1.00000
Error = :9.95e-04; Runtime: 17.2s; Iterations = 178, grads =   6.459e-04, unitary_metric = 0.99999
data saved at: /project/ftchong/qoc/pranav/00014_29_lih_slice_298.h5


trying total_time: 5.0 for unitary of size (8, 8)
data saved at: /project/ftchong/qoc/pranav/00015_29_lih_slice_298.h5
Using 4 Taylor terms and 3 Scaling & Squaring terms
Building graph:
Propagators initialized.
Operators weight initialized.
Intermediate propagation variables initialized.
Intermediate propagators initialized.
Vectors initialized.
Training loss initialized.
Optimizer initialized.
Utilities initialized.
Graph built!
Initialized
Error = :9.93e-01; Runtime: 0.1s; Iterations = 0, grads =   3.108e-02, unitary_metric = 1.00000
Error = :2.61e-01; Runtime: 1.4s; Iterations = 20, grads =   2.370e-01, unitary_metric = 1.00000
Error = :1.00e-01; Runtime: 2.3s; Iterations = 40, grads =   2.569e-02, unitary_metric = 1.00000
Error = :9.67e-02; Runtime: 3.2s; Iterations = 60, grads =   2.007e-03, unitary_metric = 1.00000
Error = :9.50e-02; Runtime: 4.1s; Iterations = 80, grads =   1.735e-04, unitary_metric = 1.00000
Error = :8.95e-02; Runtime: 5.0s; Iterations = 100, grads =   2.844e-04, unitary_metric = 1.00000
Error = :5.61e-02; Runtime: 6.1s; Iterations = 120, grads =   1.859e-03, unitary_metric = 0.99999
Error = :1.54e-02; Runtime: 7.0s; Iterations = 140, grads =   5.016e-04, unitary_metric = 0.99999
Error = :1.84e-03; Runtime: 7.9s; Iterations = 160, grads =   1.003e-04, unitary_metric = 1.00000
Error = :9.27e-04; Runtime: 8.1s; Iterations = 165, grads =   4.711e-05, unitary_metric = 0.99999
data saved at: /project/ftchong/qoc/pranav/00015_29_lih_slice_298.h5


trying total_time: 2.5 for unitary of size (8, 8)
data saved at: /project/ftchong/qoc/pranav/00016_29_lih_slice_298.h5
Using 4 Taylor terms and 3 Scaling & Squaring terms
Building graph:
Propagators initialized.
Operators weight initialized.
Intermediate propagation variables initialized.
Intermediate propagators initialized.
Vectors initialized.
Training loss initialized.
Optimizer initialized.
Utilities initialized.
Graph built!
Initialized
Error = :9.97e-01; Runtime: 0.1s; Iterations = 0, grads =   6.409e-03, unitary_metric = 1.00000
Error = :4.35e-01; Runtime: 0.8s; Iterations = 20, grads =   1.685e-01, unitary_metric = 1.00000
Error = :2.12e-01; Runtime: 1.2s; Iterations = 40, grads =   1.196e-02, unitary_metric = 1.00000
Error = :1.17e-01; Runtime: 1.7s; Iterations = 60, grads =   5.494e-03, unitary_metric = 1.00000
Error = :9.55e-02; Runtime: 2.2s; Iterations = 80, grads =   4.480e-04, unitary_metric = 1.00000
Error = :9.31e-02; Runtime: 2.6s; Iterations = 100, grads =   8.226e-05, unitary_metric = 1.00000
Error = :9.06e-02; Runtime: 3.2s; Iterations = 120, grads =   1.013e-04, unitary_metric = 1.00000
Error = :8.64e-02; Runtime: 3.7s; Iterations = 140, grads =   1.921e-04, unitary_metric = 1.00000
Error = :8.00e-02; Runtime: 4.1s; Iterations = 160, grads =   3.126e-04, unitary_metric = 1.00000
Error = :7.10e-02; Runtime: 4.6s; Iterations = 180, grads =   3.559e-04, unitary_metric = 1.00000
Error = :6.12e-02; Runtime: 5.1s; Iterations = 200, grads =   2.796e-04, unitary_metric = 0.99999
Error = :5.24e-02; Runtime: 5.6s; Iterations = 220, grads =   1.960e-04, unitary_metric = 1.00000
Error = :4.56e-02; Runtime: 6.1s; Iterations = 240, grads =   1.347e-04, unitary_metric = 0.99999
Error = :4.05e-02; Runtime: 6.6s; Iterations = 260, grads =   9.232e-05, unitary_metric = 0.99999
Error = :3.68e-02; Runtime: 7.0s; Iterations = 280, grads =   6.636e-05, unitary_metric = 0.99999
Error = :3.40e-02; Runtime: 7.5s; Iterations = 300, grads =   1.966e-04, unitary_metric = 0.99999
Error = :3.18e-02; Runtime: 8.1s; Iterations = 320, grads =   4.441e-05, unitary_metric = 0.99999
Error = :3.00e-02; Runtime: 8.5s; Iterations = 340, grads =   4.391e-05, unitary_metric = 0.99999
Error = :2.85e-02; Runtime: 9.0s; Iterations = 360, grads =   2.766e-05, unitary_metric = 0.99999
Error = :2.72e-02; Runtime: 9.5s; Iterations = 380, grads =   2.176e-05, unitary_metric = 0.99999
Error = :2.62e-02; Runtime: 9.9s; Iterations = 400, grads =   1.871e-05, unitary_metric = 0.99999
Error = :2.53e-02; Runtime: 10.5s; Iterations = 420, grads =   1.643e-05, unitary_metric = 0.99999
Error = :2.45e-02; Runtime: 11.0s; Iterations = 440, grads =   1.454e-05, unitary_metric = 0.99999
Error = :2.38e-02; Runtime: 11.4s; Iterations = 460, grads =   1.286e-05, unitary_metric = 0.99999
Error = :2.32e-02; Runtime: 11.9s; Iterations = 480, grads =   1.130e-05, unitary_metric = 0.99999
Error = :2.26e-02; Runtime: 12.4s; Iterations = 500, grads =   9.829e-06, unitary_metric = 0.99999
Error = :2.21e-02; Runtime: 12.9s; Iterations = 520, grads =   9.896e-06, unitary_metric = 0.99999
Error = :2.17e-02; Runtime: 13.4s; Iterations = 540, grads =   1.864e-05, unitary_metric = 0.99999
Error = :2.13e-02; Runtime: 13.9s; Iterations = 560, grads =   2.954e-05, unitary_metric = 0.99999
Error = :2.10e-02; Runtime: 14.3s; Iterations = 580, grads =   1.098e-05, unitary_metric = 0.99998
Error = :2.07e-02; Runtime: 14.8s; Iterations = 600, grads =   6.089e-06, unitary_metric = 0.99999
Error = :2.04e-02; Runtime: 15.4s; Iterations = 620, grads =   5.827e-06, unitary_metric = 0.99999
Error = :2.01e-02; Runtime: 15.8s; Iterations = 640, grads =   5.318e-06, unitary_metric = 0.99999
Error = :1.98e-02; Runtime: 16.3s; Iterations = 660, grads =   4.407e-06, unitary_metric = 0.99998
Error = :1.96e-02; Runtime: 16.8s; Iterations = 680, grads =   3.626e-06, unitary_metric = 0.99999
Error = :1.94e-02; Runtime: 17.3s; Iterations = 700, grads =   3.178e-06, unitary_metric = 0.99998
Error = :1.92e-02; Runtime: 17.8s; Iterations = 720, grads =   2.886e-06, unitary_metric = 0.99999
Error = :1.90e-02; Runtime: 18.3s; Iterations = 740, grads =   2.645e-06, unitary_metric = 0.99999
Error = :1.88e-02; Runtime: 18.7s; Iterations = 760, grads =   2.436e-06, unitary_metric = 0.99999
Error = :1.87e-02; Runtime: 19.2s; Iterations = 780, grads =   2.257e-06, unitary_metric = 0.99999
Error = :1.86e-02; Runtime: 19.7s; Iterations = 800, grads =   7.046e-06, unitary_metric = 0.99998
Error = :1.85e-02; Runtime: 20.2s; Iterations = 820, grads =   1.581e-04, unitary_metric = 0.99998
Error = :1.83e-02; Runtime: 20.7s; Iterations = 840, grads =   2.280e-06, unitary_metric = 0.99998
Error = :1.82e-02; Runtime: 21.2s; Iterations = 860, grads =   2.908e-06, unitary_metric = 0.99998
Error = :1.81e-02; Runtime: 21.7s; Iterations = 880, grads =   1.790e-06, unitary_metric = 0.99998
Error = :1.81e-02; Runtime: 22.1s; Iterations = 900, grads =   1.487e-06, unitary_metric = 0.99998
Error = :1.80e-02; Runtime: 22.7s; Iterations = 920, grads =   1.406e-06, unitary_metric = 0.99998
Error = :1.79e-02; Runtime: 23.1s; Iterations = 940, grads =   1.321e-06, unitary_metric = 0.99999
Error = :1.78e-02; Runtime: 23.6s; Iterations = 960, grads =   1.269e-06, unitary_metric = 0.99999
Error = :1.77e-02; Runtime: 24.1s; Iterations = 980, grads =   1.185e-06, unitary_metric = 0.99998
Error = :1.77e-02; Runtime: 24.6s; Iterations = 1000, grads =   1.125e-06, unitary_metric = 0.99999
Error = :1.76e-02; Runtime: 25.1s; Iterations = 1020, grads =   1.071e-06, unitary_metric = 0.99998
Error = :1.75e-02; Runtime: 25.6s; Iterations = 1040, grads =   4.295e-06, unitary_metric = 0.99999
Error = :1.75e-02; Runtime: 26.1s; Iterations = 1060, grads =   9.623e-05, unitary_metric = 0.99999
Error = :1.74e-02; Runtime: 26.5s; Iterations = 1080, grads =   2.500e-05, unitary_metric = 0.99998
Error = :1.73e-02; Runtime: 27.0s; Iterations = 1100, grads =   4.261e-06, unitary_metric = 0.99998
Error = :1.73e-02; Runtime: 27.5s; Iterations = 1120, grads =   9.781e-07, unitary_metric = 0.99999
Error = :1.72e-02; Runtime: 28.0s; Iterations = 1140, grads =   8.927e-07, unitary_metric = 0.99998
Error = :1.71e-02; Runtime: 28.5s; Iterations = 1160, grads =   8.063e-07, unitary_metric = 0.99999
Error = :1.71e-02; Runtime: 28.9s; Iterations = 1180, grads =   7.549e-07, unitary_metric = 0.99999
Error = :1.70e-02; Runtime: 29.4s; Iterations = 1200, grads =   7.152e-07, unitary_metric = 0.99998
Error = :1.70e-02; Runtime: 30.0s; Iterations = 1220, grads =   6.774e-07, unitary_metric = 0.99999
Error = :1.69e-02; Runtime: 30.4s; Iterations = 1240, grads =   6.408e-07, unitary_metric = 0.99998
Error = :1.69e-02; Runtime: 30.9s; Iterations = 1260, grads =   6.071e-07, unitary_metric = 0.99999
Error = :1.69e-02; Runtime: 31.4s; Iterations = 1280, grads =   5.760e-07, unitary_metric = 0.99998
Error = :1.68e-02; Runtime: 31.9s; Iterations = 1300, grads =   5.478e-07, unitary_metric = 0.99998
Error = :1.68e-02; Runtime: 32.4s; Iterations = 1320, grads =   5.218e-07, unitary_metric = 0.99999
Error = :1.68e-02; Runtime: 32.9s; Iterations = 1340, grads =   4.985e-07, unitary_metric = 0.99998
Error = :1.67e-02; Runtime: 33.3s; Iterations = 1360, grads =   4.957e-07, unitary_metric = 0.99999
Error = :1.67e-02; Runtime: 33.8s; Iterations = 1380, grads =   8.196e-06, unitary_metric = 0.99998
Error = :1.67e-02; Runtime: 34.3s; Iterations = 1400, grads =   6.728e-05, unitary_metric = 0.99999
Error = :1.66e-02; Runtime: 34.8s; Iterations = 1420, grads =   1.341e-06, unitary_metric = 0.99998
Error = :1.66e-02; Runtime: 35.3s; Iterations = 1440, grads =   1.607e-06, unitary_metric = 0.99999
Error = :1.66e-02; Runtime: 35.8s; Iterations = 1460, grads =   5.203e-07, unitary_metric = 0.99998
Error = :1.66e-02; Runtime: 36.2s; Iterations = 1480, grads =   3.843e-07, unitary_metric = 0.99998
Error = :1.65e-02; Runtime: 36.7s; Iterations = 1500, grads =   3.641e-07, unitary_metric = 0.99998
Error = :1.65e-02; Runtime: 37.3s; Iterations = 1520, grads =   3.473e-07, unitary_metric = 0.99998
Error = :1.65e-02; Runtime: 37.7s; Iterations = 1540, grads =   3.350e-07, unitary_metric = 0.99999
Error = :1.65e-02; Runtime: 38.2s; Iterations = 1560, grads =   3.233e-07, unitary_metric = 0.99999
Error = :1.65e-02; Runtime: 38.7s; Iterations = 1580, grads =   3.139e-07, unitary_metric = 0.99999
Error = :1.64e-02; Runtime: 39.1s; Iterations = 1600, grads =   1.098e-06, unitary_metric = 0.99998
Error = :1.64e-02; Runtime: 39.7s; Iterations = 1620, grads =   1.176e-04, unitary_metric = 0.99998
Error = :1.64e-02; Runtime: 40.2s; Iterations = 1640, grads =   8.203e-06, unitary_metric = 0.99999
Error = :1.64e-02; Runtime: 40.6s; Iterations = 1660, grads =   5.909e-07, unitary_metric = 0.99999
Error = :1.64e-02; Runtime: 41.1s; Iterations = 1680, grads =   5.337e-07, unitary_metric = 0.99998
Error = :1.63e-02; Runtime: 41.6s; Iterations = 1700, grads =   2.817e-07, unitary_metric = 0.99998
Error = :1.63e-02; Runtime: 42.1s; Iterations = 1720, grads =   2.492e-07, unitary_metric = 0.99999
Error = :1.63e-02; Runtime: 42.6s; Iterations = 1740, grads =   2.597e-07, unitary_metric = 0.99999
Error = :1.63e-02; Runtime: 43.1s; Iterations = 1760, grads =   2.327e-07, unitary_metric = 0.99999
Error = :1.63e-02; Runtime: 43.5s; Iterations = 1780, grads =   2.255e-07, unitary_metric = 0.99999
Error = :1.63e-02; Runtime: 44.0s; Iterations = 1800, grads =   2.182e-07, unitary_metric = 0.99998
Error = :1.62e-02; Runtime: 44.5s; Iterations = 1820, grads =   2.116e-07, unitary_metric = 0.99999
Error = :1.62e-02; Runtime: 45.0s; Iterations = 1840, grads =   2.076e-07, unitary_metric = 0.99999
Error = :1.62e-02; Runtime: 45.5s; Iterations = 1860, grads =   8.384e-07, unitary_metric = 0.99999
Error = :1.62e-02; Runtime: 46.0s; Iterations = 1880, grads =   1.315e-04, unitary_metric = 0.99998
Error = :1.62e-02; Runtime: 46.4s; Iterations = 1900, grads =   3.262e-07, unitary_metric = 0.99998
Error = :1.62e-02; Runtime: 47.0s; Iterations = 1920, grads =   2.170e-06, unitary_metric = 0.99998
Error = :1.62e-02; Runtime: 47.4s; Iterations = 1940, grads =   2.267e-07, unitary_metric = 0.99998
Error = :1.61e-02; Runtime: 47.9s; Iterations = 1960, grads =   1.729e-07, unitary_metric = 0.99999
Error = :1.61e-02; Runtime: 48.4s; Iterations = 1980, grads =   1.680e-07, unitary_metric = 0.99998
Error = :1.61e-02; Runtime: 48.8s; Iterations = 2000, grads =   1.626e-07, unitary_metric = 0.99999
Error = :1.61e-02; Runtime: 49.4s; Iterations = 2020, grads =   1.582e-07, unitary_metric = 0.99999
Error = :1.61e-02; Runtime: 49.9s; Iterations = 2040, grads =   1.537e-07, unitary_metric = 0.99999
Error = :1.61e-02; Runtime: 50.3s; Iterations = 2060, grads =   1.605e-07, unitary_metric = 0.99999
Error = :1.61e-02; Runtime: 50.8s; Iterations = 2080, grads =   1.485e-07, unitary_metric = 0.99999
Error = :1.61e-02; Runtime: 51.3s; Iterations = 2100, grads =   1.419e-07, unitary_metric = 0.99999
Error = :1.61e-02; Runtime: 51.8s; Iterations = 2120, grads =   1.378e-07, unitary_metric = 0.99999
Error = :1.60e-02; Runtime: 52.3s; Iterations = 2140, grads =   2.480e-07, unitary_metric = 0.99999
Error = :1.61e-02; Runtime: 52.8s; Iterations = 2160, grads =   2.057e-04, unitary_metric = 0.99998
Error = :1.60e-02; Runtime: 53.2s; Iterations = 2180, grads =   4.500e-06, unitary_metric = 0.99998
Error = :1.60e-02; Runtime: 53.7s; Iterations = 2200, grads =   8.653e-07, unitary_metric = 0.99999
Error = :1.60e-02; Runtime: 54.3s; Iterations = 2220, grads =   1.696e-07, unitary_metric = 0.99999
Error = :1.60e-02; Runtime: 54.7s; Iterations = 2240, grads =   1.176e-07, unitary_metric = 0.99999
Error = :1.60e-02; Runtime: 55.2s; Iterations = 2260, grads =   1.178e-07, unitary_metric = 0.99999
Error = :1.60e-02; Runtime: 55.7s; Iterations = 2280, grads =   1.108e-07, unitary_metric = 0.99998
Error = :1.60e-02; Runtime: 56.1s; Iterations = 2300, grads =   1.077e-07, unitary_metric = 0.99999
Error = :1.60e-02; Runtime: 56.7s; Iterations = 2320, grads =   1.060e-07, unitary_metric = 0.99998
Error = :1.60e-02; Runtime: 57.2s; Iterations = 2340, grads =   1.084e-07, unitary_metric = 0.99999
Error = :1.59e-02; Runtime: 57.6s; Iterations = 2360, grads =   1.007e-07, unitary_metric = 0.99999
Error = :1.59e-02; Runtime: 58.1s; Iterations = 2380, grads =   9.686e-08, unitary_metric = 0.99999
Error = :1.59e-02; Runtime: 58.6s; Iterations = 2400, grads =   9.437e-08, unitary_metric = 0.99999
Error = :1.59e-02; Runtime: 59.1s; Iterations = 2420, grads =   9.193e-08, unitary_metric = 0.99999
Error = :1.59e-02; Runtime: 59.6s; Iterations = 2440, grads =   8.983e-08, unitary_metric = 0.99999
Error = :1.59e-02; Runtime: 60.1s; Iterations = 2460, grads =   8.822e-08, unitary_metric = 0.99999
Error = :1.59e-02; Runtime: 60.5s; Iterations = 2480, grads =   8.716e-08, unitary_metric = 0.99999
Error = :1.59e-02; Runtime: 61.0s; Iterations = 2500, grads =   1.545e-07, unitary_metric = 0.99999
Error = :1.59e-02; Runtime: 61.6s; Iterations = 2520, grads =   3.090e-05, unitary_metric = 0.99999
Error = :1.59e-02; Runtime: 62.0s; Iterations = 2540, grads =   2.639e-06, unitary_metric = 0.99998
Error = :1.59e-02; Runtime: 62.5s; Iterations = 2560, grads =   5.835e-07, unitary_metric = 0.99998
Error = :1.59e-02; Runtime: 63.0s; Iterations = 2580, grads =   3.162e-07, unitary_metric = 0.99998
Error = :1.59e-02; Runtime: 63.4s; Iterations = 2600, grads =   1.122e-07, unitary_metric = 0.99999
Error = :1.59e-02; Runtime: 64.0s; Iterations = 2620, grads =   7.764e-08, unitary_metric = 0.99999
Error = :1.59e-02; Runtime: 64.5s; Iterations = 2640, grads =   7.128e-08, unitary_metric = 0.99998
Error = :1.58e-02; Runtime: 64.9s; Iterations = 2660, grads =   7.024e-08, unitary_metric = 0.99999
Error = :1.58e-02; Runtime: 65.4s; Iterations = 2680, grads =   6.811e-08, unitary_metric = 0.99998
Error = :1.58e-02; Runtime: 65.9s; Iterations = 2700, grads =   6.671e-08, unitary_metric = 0.99999
Error = :1.58e-02; Runtime: 66.4s; Iterations = 2720, grads =   6.597e-08, unitary_metric = 0.99999
Error = :1.58e-02; Runtime: 66.9s; Iterations = 2740, grads =   6.547e-08, unitary_metric = 0.99999
Error = :1.58e-02; Runtime: 67.4s; Iterations = 2760, grads =   1.556e-07, unitary_metric = 0.99998
Error = :1.58e-02; Runtime: 67.8s; Iterations = 2780, grads =   2.979e-05, unitary_metric = 0.99998
Error = :1.58e-02; Runtime: 68.3s; Iterations = 2800, grads =   2.108e-06, unitary_metric = 0.99999
Error = :1.58e-02; Runtime: 68.8s; Iterations = 2820, grads =   6.623e-08, unitary_metric = 0.99998
Error = :1.58e-02; Runtime: 69.3s; Iterations = 2840, grads =   7.232e-08, unitary_metric = 0.99998
Error = :1.58e-02; Runtime: 69.8s; Iterations = 2860, grads =   5.707e-08, unitary_metric = 0.99998
Error = :1.58e-02; Runtime: 70.2s; Iterations = 2880, grads =   6.001e-08, unitary_metric = 0.99998
Error = :1.58e-02; Runtime: 70.7s; Iterations = 2900, grads =   5.551e-08, unitary_metric = 0.99998
Error = :1.58e-02; Runtime: 71.3s; Iterations = 2920, grads =   6.829e-08, unitary_metric = 0.99998
Error = :1.58e-02; Runtime: 71.7s; Iterations = 2940, grads =   5.455e-08, unitary_metric = 0.99999
Error = :1.58e-02; Runtime: 72.2s; Iterations = 2960, grads =   5.382e-08, unitary_metric = 0.99998
Error = :1.58e-02; Runtime: 72.7s; Iterations = 2980, grads =   5.735e-08, unitary_metric = 0.99998
Error = :1.58e-02; Runtime: 73.1s; Iterations = 3000, grads =   1.764e-07, unitary_metric = 0.99998
Error = :1.58e-02; Runtime: 73.7s; Iterations = 3020, grads =   1.542e-05, unitary_metric = 0.99999
Error = :1.58e-02; Runtime: 74.2s; Iterations = 3040, grads =   9.774e-06, unitary_metric = 0.99998
Error = :1.57e-02; Runtime: 74.6s; Iterations = 3060, grads =   1.081e-06, unitary_metric = 0.99998
Error = :1.57e-02; Runtime: 75.1s; Iterations = 3080, grads =   5.668e-08, unitary_metric = 0.99999
Error = :1.57e-02; Runtime: 75.6s; Iterations = 3100, grads =   6.826e-08, unitary_metric = 0.99998
Error = :1.57e-02; Runtime: 76.1s; Iterations = 3120, grads =   4.588e-08, unitary_metric = 0.99999
Error = :1.57e-02; Runtime: 76.6s; Iterations = 3140, grads =   4.517e-08, unitary_metric = 0.99998
Error = :1.57e-02; Runtime: 77.1s; Iterations = 3160, grads =   4.475e-08, unitary_metric = 0.99998
Error = :1.57e-02; Runtime: 77.5s; Iterations = 3180, grads =   5.150e-08, unitary_metric = 0.99999
Error = :1.57e-02; Runtime: 78.0s; Iterations = 3200, grads =   8.066e-08, unitary_metric = 0.99998
Error = :1.57e-02; Runtime: 78.6s; Iterations = 3220, grads =   4.229e-06, unitary_metric = 0.99999
Error = :1.57e-02; Runtime: 79.0s; Iterations = 3240, grads =   2.665e-06, unitary_metric = 0.99999
Error = :1.57e-02; Runtime: 79.5s; Iterations = 3260, grads =   4.400e-08, unitary_metric = 0.99999
Error = :1.57e-02; Runtime: 80.0s; Iterations = 3280, grads =   1.068e-07, unitary_metric = 0.99999
Error = :1.57e-02; Runtime: 80.4s; Iterations = 3300, grads =   6.254e-08, unitary_metric = 0.99999
Error = :1.57e-02; Runtime: 81.0s; Iterations = 3320, grads =   4.078e-08, unitary_metric = 0.99998
Error = :1.57e-02; Runtime: 81.5s; Iterations = 3340, grads =   3.998e-08, unitary_metric = 0.99999
Error = :1.57e-02; Runtime: 81.9s; Iterations = 3360, grads =   4.025e-08, unitary_metric = 0.99999
Error = :1.57e-02; Runtime: 82.4s; Iterations = 3380, grads =   4.130e-08, unitary_metric = 0.99999
Error = :1.57e-02; Runtime: 82.9s; Iterations = 3400, grads =   4.372e-08, unitary_metric = 0.99998
Error = :1.57e-02; Runtime: 83.4s; Iterations = 3420, grads =   5.739e-08, unitary_metric = 0.99999
Error = :1.57e-02; Runtime: 83.9s; Iterations = 3440, grads =   1.518e-06, unitary_metric = 0.99999
Error = :1.57e-02; Runtime: 84.4s; Iterations = 3460, grads =   5.870e-07, unitary_metric = 0.99998
Error = :1.57e-02; Runtime: 84.8s; Iterations = 3480, grads =   7.572e-08, unitary_metric = 0.99999
Error = :1.57e-02; Runtime: 85.3s; Iterations = 3500, grads =   9.250e-08, unitary_metric = 0.99998
Error = :1.57e-02; Runtime: 85.8s; Iterations = 3520, grads =   5.045e-08, unitary_metric = 0.99999
Error = :1.57e-02; Runtime: 86.3s; Iterations = 3540, grads =   4.671e-08, unitary_metric = 0.99999
Error = :1.57e-02; Runtime: 86.8s; Iterations = 3560, grads =   4.507e-08, unitary_metric = 0.99998
Error = :1.57e-02; Runtime: 87.2s; Iterations = 3580, grads =   4.414e-08, unitary_metric = 0.99999
Error = :1.56e-02; Runtime: 87.7s; Iterations = 3600, grads =   4.351e-08, unitary_metric = 0.99999
Error = :1.56e-02; Runtime: 88.3s; Iterations = 3620, grads =   4.446e-08, unitary_metric = 0.99999
Error = :1.56e-02; Runtime: 88.7s; Iterations = 3640, grads =   4.794e-08, unitary_metric = 0.99999
Error = :1.56e-02; Runtime: 89.2s; Iterations = 3660, grads =   4.231e-08, unitary_metric = 0.99999
Error = :1.56e-02; Runtime: 89.7s; Iterations = 3680, grads =   6.113e-08, unitary_metric = 0.99998
Error = :1.56e-02; Runtime: 90.1s; Iterations = 3700, grads =   3.118e-06, unitary_metric = 0.99999
Error = :1.56e-02; Runtime: 90.7s; Iterations = 3720, grads =   3.360e-06, unitary_metric = 0.99998
Error = :1.56e-02; Runtime: 91.2s; Iterations = 3740, grads =   3.051e-07, unitary_metric = 0.99999
Error = :1.56e-02; Runtime: 91.6s; Iterations = 3760, grads =   4.794e-08, unitary_metric = 0.99999
Error = :1.56e-02; Runtime: 92.1s; Iterations = 3780, grads =   4.686e-08, unitary_metric = 0.99999
Error = :1.56e-02; Runtime: 92.6s; Iterations = 3800, grads =   4.287e-08, unitary_metric = 0.99999
Error = :1.56e-02; Runtime: 93.1s; Iterations = 3820, grads =   4.017e-08, unitary_metric = 0.99998
Error = :1.56e-02; Runtime: 93.6s; Iterations = 3840, grads =   3.983e-08, unitary_metric = 0.99998
Error = :1.56e-02; Runtime: 94.1s; Iterations = 3860, grads =   3.961e-08, unitary_metric = 0.99999
Error = :1.56e-02; Runtime: 94.5s; Iterations = 3880, grads =   4.001e-08, unitary_metric = 0.99998
Error = :1.56e-02; Runtime: 95.0s; Iterations = 3900, grads =   4.689e-08, unitary_metric = 0.99998
Error = :1.56e-02; Runtime: 95.5s; Iterations = 3920, grads =   1.477e-07, unitary_metric = 0.99998
Error = :1.56e-02; Runtime: 96.0s; Iterations = 3940, grads =   1.319e-05, unitary_metric = 0.99998
Error = :1.56e-02; Runtime: 96.5s; Iterations = 3960, grads =   2.832e-06, unitary_metric = 0.99998
Error = :1.56e-02; Runtime: 97.0s; Iterations = 3980, grads =   5.595e-07, unitary_metric = 0.99998
Error = :1.56e-02; Runtime: 97.4s; Iterations = 4000, grads =   5.344e-08, unitary_metric = 0.99998
Error = :1.56e-02; Runtime: 98.0s; Iterations = 4020, grads =   4.764e-08, unitary_metric = 0.99998
Error = :1.56e-02; Runtime: 98.5s; Iterations = 4040, grads =   3.916e-08, unitary_metric = 0.99999
Error = :1.56e-02; Runtime: 98.9s; Iterations = 4060, grads =   3.850e-08, unitary_metric = 0.99998
Error = :1.56e-02; Runtime: 99.4s; Iterations = 4080, grads =   3.846e-08, unitary_metric = 0.99998
Error = :1.56e-02; Runtime: 99.9s; Iterations = 4100, grads =   4.149e-08, unitary_metric = 0.99998
Error = :1.56e-02; Runtime: 100.4s; Iterations = 4120, grads =   6.530e-08, unitary_metric = 0.99998
Error = :1.56e-02; Runtime: 100.9s; Iterations = 4140, grads =   1.944e-06, unitary_metric = 0.99998
Error = :1.56e-02; Runtime: 101.3s; Iterations = 4160, grads =   3.864e-08, unitary_metric = 0.99998
Error = :1.56e-02; Runtime: 101.8s; Iterations = 4180, grads =   6.315e-07, unitary_metric = 0.99998
Error = :1.56e-02; Runtime: 102.3s; Iterations = 4200, grads =   1.458e-07, unitary_metric = 0.99999
Error = :1.56e-02; Runtime: 102.8s; Iterations = 4220, grads =   4.216e-08, unitary_metric = 0.99998
Error = :1.56e-02; Runtime: 103.3s; Iterations = 4240, grads =   3.815e-08, unitary_metric = 0.99998
Error = :1.56e-02; Runtime: 103.8s; Iterations = 4260, grads =   3.822e-08, unitary_metric = 0.99998
Error = :1.56e-02; Runtime: 104.2s; Iterations = 4280, grads =   3.875e-08, unitary_metric = 0.99998
Error = :1.56e-02; Runtime: 104.7s; Iterations = 4300, grads =   4.627e-08, unitary_metric = 0.99998
Error = :1.55e-02; Runtime: 105.3s; Iterations = 4320, grads =   1.074e-07, unitary_metric = 0.99998
Error = :1.55e-02; Runtime: 105.7s; Iterations = 4340, grads =   3.892e-06, unitary_metric = 0.99998
Error = :1.55e-02; Runtime: 106.2s; Iterations = 4360, grads =   1.363e-06, unitary_metric = 0.99999
Error = :1.55e-02; Runtime: 106.7s; Iterations = 4380, grads =   3.255e-07, unitary_metric = 0.99998
Error = :1.55e-02; Runtime: 107.1s; Iterations = 4400, grads =   4.713e-08, unitary_metric = 0.99998
Error = :1.55e-02; Runtime: 107.9s; Iterations = 4420, grads =   4.609e-08, unitary_metric = 0.99998
Error = :1.55e-02; Runtime: 108.3s; Iterations = 4440, grads =   4.232e-08, unitary_metric = 0.99998
Error = :1.55e-02; Runtime: 108.8s; Iterations = 4460, grads =   4.039e-08, unitary_metric = 0.99998
Error = :1.55e-02; Runtime: 109.3s; Iterations = 4480, grads =   4.563e-08, unitary_metric = 0.99998
Error = :1.55e-02; Runtime: 109.7s; Iterations = 4500, grads =   2.409e-07, unitary_metric = 0.99998
Error = :1.55e-02; Runtime: 110.3s; Iterations = 4520, grads =   1.157e-05, unitary_metric = 0.99998
Error = :1.55e-02; Runtime: 110.8s; Iterations = 4540, grads =   3.923e-07, unitary_metric = 0.99999
Error = :1.55e-02; Runtime: 111.2s; Iterations = 4560, grads =   2.327e-07, unitary_metric = 0.99999
Error = :1.55e-02; Runtime: 111.7s; Iterations = 4580, grads =   4.097e-08, unitary_metric = 0.99999
Error = :1.55e-02; Runtime: 112.2s; Iterations = 4600, grads =   3.881e-08, unitary_metric = 0.99998
Error = :1.55e-02; Runtime: 112.7s; Iterations = 4620, grads =   3.857e-08, unitary_metric = 0.99998
Error = :1.55e-02; Runtime: 113.2s; Iterations = 4640, grads =   3.970e-08, unitary_metric = 0.99998
Error = :1.55e-02; Runtime: 113.7s; Iterations = 4660, grads =   4.097e-08, unitary_metric = 0.99998
Error = :1.55e-02; Runtime: 114.1s; Iterations = 4680, grads =   5.104e-08, unitary_metric = 0.99998
Error = :1.55e-02; Runtime: 114.6s; Iterations = 4700, grads =   1.025e-06, unitary_metric = 0.99999
Error = :1.55e-02; Runtime: 115.1s; Iterations = 4720, grads =   1.853e-07, unitary_metric = 0.99998
Error = :1.55e-02; Runtime: 115.6s; Iterations = 4740, grads =   4.064e-07, unitary_metric = 0.99998
Error = :1.55e-02; Runtime: 116.1s; Iterations = 4760, grads =   1.350e-07, unitary_metric = 0.99999
Error = :1.55e-02; Runtime: 116.6s; Iterations = 4780, grads =   4.069e-08, unitary_metric = 0.99998
Error = :1.55e-02; Runtime: 117.0s; Iterations = 4800, grads =   4.087e-08, unitary_metric = 0.99998
Error = :1.55e-02; Runtime: 117.6s; Iterations = 4820, grads =   4.013e-08, unitary_metric = 0.99999
Error = :1.55e-02; Runtime: 118.0s; Iterations = 4840, grads =   3.983e-08, unitary_metric = 0.99998
Error = :1.55e-02; Runtime: 118.5s; Iterations = 4860, grads =   3.981e-08, unitary_metric = 0.99998
Error = :1.55e-02; Runtime: 119.0s; Iterations = 4880, grads =   4.074e-08, unitary_metric = 0.99999
Error = :1.55e-02; Runtime: 119.4s; Iterations = 4900, grads =   7.718e-08, unitary_metric = 0.99998
Error = :1.55e-02; Runtime: 120.0s; Iterations = 4920, grads =   3.123e-06, unitary_metric = 0.99999
Error = :1.54e-02; Runtime: 120.5s; Iterations = 4940, grads =   1.771e-06, unitary_metric = 0.99999
Error = :1.54e-02; Runtime: 120.9s; Iterations = 4960, grads =   5.586e-08, unitary_metric = 0.99999
Error = :1.54e-02; Runtime: 121.4s; Iterations = 4980, grads =   8.496e-08, unitary_metric = 0.99999
Error = :1.54e-02; Runtime: 121.9s; Iterations = 5000, grads =   4.211e-08, unitary_metric = 0.99999
Error = :1.54e-02; Runtime: 122.4s; Iterations = 5020, grads =   4.051e-08, unitary_metric = 0.99999
Error = :1.54e-02; Runtime: 122.9s; Iterations = 5040, grads =   4.122e-08, unitary_metric = 0.99998
Error = :1.54e-02; Runtime: 123.4s; Iterations = 5060, grads =   4.098e-08, unitary_metric = 0.99998
Error = :1.54e-02; Runtime: 123.8s; Iterations = 5080, grads =   4.249e-08, unitary_metric = 0.99999
Error = :1.54e-02; Runtime: 124.3s; Iterations = 5100, grads =   6.884e-08, unitary_metric = 0.99999
Error = :1.54e-02; Runtime: 124.8s; Iterations = 5120, grads =   4.481e-06, unitary_metric = 0.99998
Error = :1.54e-02; Runtime: 125.3s; Iterations = 5140, grads =   2.328e-06, unitary_metric = 0.99999
Error = :1.54e-02; Runtime: 125.8s; Iterations = 5160, grads =   3.747e-07, unitary_metric = 0.99998
Error = :1.54e-02; Runtime: 126.2s; Iterations = 5180, grads =   8.504e-08, unitary_metric = 0.99998
Error = :1.54e-02; Runtime: 126.7s; Iterations = 5200, grads =   4.188e-08, unitary_metric = 0.99999
Error = :1.54e-02; Runtime: 127.3s; Iterations = 5220, grads =   4.349e-08, unitary_metric = 0.99998
Error = :1.54e-02; Runtime: 127.7s; Iterations = 5240, grads =   4.264e-08, unitary_metric = 0.99998
Error = :1.54e-02; Runtime: 128.2s; Iterations = 5260, grads =   4.224e-08, unitary_metric = 0.99998
Error = :1.54e-02; Runtime: 128.7s; Iterations = 5280, grads =   4.234e-08, unitary_metric = 0.99998
Error = :1.54e-02; Runtime: 129.1s; Iterations = 5300, grads =   4.342e-08, unitary_metric = 0.99998
Error = :1.54e-02; Runtime: 129.7s; Iterations = 5320, grads =   5.715e-08, unitary_metric = 0.99998
Error = :1.54e-02; Runtime: 130.2s; Iterations = 5340, grads =   4.482e-07, unitary_metric = 0.99998
Error = :1.54e-02; Runtime: 130.6s; Iterations = 5360, grads =   3.255e-06, unitary_metric = 0.99999
Error = :1.54e-02; Runtime: 131.1s; Iterations = 5380, grads =   1.287e-07, unitary_metric = 0.99999
Error = :1.54e-02; Runtime: 131.6s; Iterations = 5400, grads =   1.105e-07, unitary_metric = 0.99998
Error = :1.54e-02; Runtime: 132.1s; Iterations = 5420, grads =   4.461e-08, unitary_metric = 0.99998
Error = :1.53e-02; Runtime: 132.6s; Iterations = 5440, grads =   4.372e-08, unitary_metric = 0.99998
Error = :1.53e-02; Runtime: 133.0s; Iterations = 5460, grads =   4.342e-08, unitary_metric = 0.99999
Error = :1.53e-02; Runtime: 133.5s; Iterations = 5480, grads =   4.348e-08, unitary_metric = 0.99999
Error = :1.53e-02; Runtime: 134.0s; Iterations = 5500, grads =   4.346e-08, unitary_metric = 0.99999
Error = :1.53e-02; Runtime: 134.6s; Iterations = 5520, grads =   1.989e-07, unitary_metric = 0.99998
Error = :1.53e-02; Runtime: 135.1s; Iterations = 5540, grads =   6.883e-06, unitary_metric = 0.99998
Error = :1.53e-02; Runtime: 135.5s; Iterations = 5560, grads =   7.233e-07, unitary_metric = 0.99998
Error = :1.53e-02; Runtime: 136.0s; Iterations = 5580, grads =   9.249e-08, unitary_metric = 0.99999
Error = :1.53e-02; Runtime: 136.5s; Iterations = 5600, grads =   4.385e-08, unitary_metric = 0.99998
Error = :1.53e-02; Runtime: 137.0s; Iterations = 5620, grads =   4.674e-08, unitary_metric = 0.99998
Error = :1.53e-02; Runtime: 137.5s; Iterations = 5640, grads =   4.420e-08, unitary_metric = 0.99998
Error = :1.53e-02; Runtime: 138.0s; Iterations = 5660, grads =   4.418e-08, unitary_metric = 0.99999
Error = :1.53e-02; Runtime: 138.4s; Iterations = 5680, grads =   4.368e-08, unitary_metric = 0.99998
Error = :1.53e-02; Runtime: 138.9s; Iterations = 5700, grads =   4.380e-08, unitary_metric = 0.99998
Error = :1.53e-02; Runtime: 139.5s; Iterations = 5720, grads =   4.382e-08, unitary_metric = 0.99999
Error = :1.53e-02; Runtime: 139.9s; Iterations = 5740, grads =   6.024e-08, unitary_metric = 0.99999
Error = :1.53e-02; Runtime: 140.4s; Iterations = 5760, grads =   1.757e-06, unitary_metric = 0.99999
Error = :1.53e-02; Runtime: 140.9s; Iterations = 5780, grads =   1.375e-06, unitary_metric = 0.99999
Error = :1.53e-02; Runtime: 141.3s; Iterations = 5800, grads =   5.751e-08, unitary_metric = 0.99998
Error = :1.53e-02; Runtime: 141.9s; Iterations = 5820, grads =   6.245e-08, unitary_metric = 0.99999
Error = :1.53e-02; Runtime: 142.4s; Iterations = 5840, grads =   4.803e-08, unitary_metric = 0.99999
Error = :1.53e-02; Runtime: 142.8s; Iterations = 5860, grads =   4.635e-08, unitary_metric = 0.99998
Error = :1.53e-02; Runtime: 143.3s; Iterations = 5880, grads =   4.561e-08, unitary_metric = 0.99999
Error = :1.52e-02; Runtime: 143.8s; Iterations = 5900, grads =   4.452e-08, unitary_metric = 0.99998
Error = :1.52e-02; Runtime: 144.3s; Iterations = 5920, grads =   4.432e-08, unitary_metric = 0.99998
Error = :1.52e-02; Runtime: 144.8s; Iterations = 5940, grads =   4.631e-08, unitary_metric = 0.99998
Error = :1.52e-02; Runtime: 145.3s; Iterations = 5960, grads =   1.552e-07, unitary_metric = 0.99998
Error = :1.52e-02; Runtime: 145.8s; Iterations = 5980, grads =   5.026e-06, unitary_metric = 0.99998
Error = :1.52e-02; Runtime: 146.3s; Iterations = 6000, grads =   2.424e-07, unitary_metric = 0.99998
data saved at: /project/ftchong/qoc/pranav/00016_29_lih_slice_298.h5


trying total_time: 3.75 for unitary of size (8, 8)
data saved at: /project/ftchong/qoc/pranav/00017_29_lih_slice_298.h5
Using 4 Taylor terms and 3 Scaling & Squaring terms
Building graph:
Propagators initialized.
Operators weight initialized.
Intermediate propagation variables initialized.
Intermediate propagators initialized.
Vectors initialized.
Training loss initialized.
Optimizer initialized.
Utilities initialized.
Graph built!
Initialized
Error = :9.91e-01; Runtime: 0.1s; Iterations = 0, grads =   4.385e-03, unitary_metric = 1.00000
Error = :3.25e-01; Runtime: 1.0s; Iterations = 20, grads =   1.020e-01, unitary_metric = 1.00000
Error = :1.11e-01; Runtime: 1.7s; Iterations = 40, grads =   3.657e-02, unitary_metric = 1.00000
Error = :9.89e-02; Runtime: 2.4s; Iterations = 60, grads =   4.787e-03, unitary_metric = 1.00000
Error = :9.56e-02; Runtime: 3.1s; Iterations = 80, grads =   7.091e-04, unitary_metric = 1.00000
Error = :9.55e-02; Runtime: 3.8s; Iterations = 100, grads =   8.049e-05, unitary_metric = 1.00000
Error = :9.54e-02; Runtime: 4.6s; Iterations = 120, grads =   2.086e-04, unitary_metric = 1.00000
Error = :9.53e-02; Runtime: 5.3s; Iterations = 140, grads =   1.292e-05, unitary_metric = 1.00000
Error = :9.52e-02; Runtime: 6.0s; Iterations = 160, grads =   1.060e-05, unitary_metric = 1.00000
Error = :9.48e-02; Runtime: 6.7s; Iterations = 180, grads =   8.361e-06, unitary_metric = 0.99999
Error = :9.38e-02; Runtime: 7.4s; Iterations = 200, grads =   2.306e-04, unitary_metric = 1.00000
Error = :9.10e-02; Runtime: 8.2s; Iterations = 220, grads =   1.232e-04, unitary_metric = 1.00000
Error = :8.14e-02; Runtime: 8.9s; Iterations = 240, grads =   5.635e-04, unitary_metric = 0.99999
Error = :5.42e-02; Runtime: 9.6s; Iterations = 260, grads =   1.122e-03, unitary_metric = 0.99999
Error = :2.59e-02; Runtime: 10.3s; Iterations = 280, grads =   5.106e-04, unitary_metric = 1.00000
Error = :1.25e-02; Runtime: 10.9s; Iterations = 300, grads =   1.887e-04, unitary_metric = 0.99999
Error = :6.99e-03; Runtime: 11.7s; Iterations = 320, grads =   7.722e-05, unitary_metric = 0.99999
Error = :4.67e-03; Runtime: 12.4s; Iterations = 340, grads =   3.134e-05, unitary_metric = 0.99999
Error = :3.48e-03; Runtime: 13.1s; Iterations = 360, grads =   1.956e-05, unitary_metric = 0.99999
Error = :2.74e-03; Runtime: 13.8s; Iterations = 380, grads =   3.652e-04, unitary_metric = 0.99999
Error = :2.12e-03; Runtime: 14.5s; Iterations = 400, grads =   5.498e-05, unitary_metric = 0.99999
Error = :1.65e-03; Runtime: 15.3s; Iterations = 420, grads =   3.038e-05, unitary_metric = 0.99999
Error = :1.27e-03; Runtime: 16.0s; Iterations = 440, grads =   9.226e-06, unitary_metric = 0.99999
Error = :9.95e-04; Runtime: 16.6s; Iterations = 458, grads =   6.526e-06, unitary_metric = 0.99999
data saved at: /project/ftchong/qoc/pranav/00017_29_lih_slice_298.h5


trying total_time: 3.1 for unitary of size (8, 8)
data saved at: /project/ftchong/qoc/pranav/00018_29_lih_slice_298.h5
Using 4 Taylor terms and 3 Scaling & Squaring terms
Building graph:
Propagators initialized.
Operators weight initialized.
Intermediate propagation variables initialized.
Intermediate propagators initialized.
Vectors initialized.
Training loss initialized.
Optimizer initialized.
Utilities initialized.
Graph built!
Initialized
Error = :9.95e-01; Runtime: 0.1s; Iterations = 0, grads =   9.676e-03, unitary_metric = 1.00000
Error = :3.84e-01; Runtime: 0.9s; Iterations = 20, grads =   1.036e-01, unitary_metric = 1.00000
Error = :1.65e-01; Runtime: 1.5s; Iterations = 40, grads =   3.589e-02, unitary_metric = 1.00000
Error = :9.66e-02; Runtime: 2.1s; Iterations = 60, grads =   4.206e-03, unitary_metric = 1.00000
Error = :9.65e-02; Runtime: 2.6s; Iterations = 80, grads =   6.682e-04, unitary_metric = 1.00000
Error = :9.54e-02; Runtime: 3.2s; Iterations = 100, grads =   3.515e-05, unitary_metric = 1.00000
Error = :9.53e-02; Runtime: 3.9s; Iterations = 120, grads =   4.347e-06, unitary_metric = 1.00000
Error = :9.51e-02; Runtime: 4.5s; Iterations = 140, grads =   2.107e-06, unitary_metric = 1.00000
Error = :9.44e-02; Runtime: 5.0s; Iterations = 160, grads =   7.207e-06, unitary_metric = 1.00000
Error = :9.20e-02; Runtime: 5.6s; Iterations = 180, grads =   3.947e-05, unitary_metric = 1.00000
Error = :8.53e-02; Runtime: 6.2s; Iterations = 200, grads =   1.715e-04, unitary_metric = 1.00000
Error = :7.22e-02; Runtime: 6.9s; Iterations = 220, grads =   3.548e-04, unitary_metric = 1.00000
Error = :5.72e-02; Runtime: 7.4s; Iterations = 240, grads =   3.272e-04, unitary_metric = 0.99999
Error = :4.47e-02; Runtime: 8.0s; Iterations = 260, grads =   2.447e-04, unitary_metric = 0.99999
Error = :3.50e-02; Runtime: 8.6s; Iterations = 280, grads =   1.610e-04, unitary_metric = 0.99999
Error = :2.83e-02; Runtime: 9.2s; Iterations = 300, grads =   1.056e-03, unitary_metric = 0.99999
Error = :2.37e-02; Runtime: 9.8s; Iterations = 320, grads =   1.241e-04, unitary_metric = 0.99999
Error = :2.04e-02; Runtime: 10.4s; Iterations = 340, grads =   7.281e-05, unitary_metric = 0.99999
Error = :1.78e-02; Runtime: 11.0s; Iterations = 360, grads =   5.013e-05, unitary_metric = 0.99999
Error = :1.56e-02; Runtime: 11.6s; Iterations = 380, grads =   4.089e-05, unitary_metric = 0.99999
Error = :1.38e-02; Runtime: 12.2s; Iterations = 400, grads =   3.471e-05, unitary_metric = 0.99999
Error = :1.21e-02; Runtime: 12.8s; Iterations = 420, grads =   2.917e-05, unitary_metric = 0.99999
Error = :1.06e-02; Runtime: 13.4s; Iterations = 440, grads =   2.419e-05, unitary_metric = 0.99999
Error = :9.37e-03; Runtime: 14.0s; Iterations = 460, grads =   1.997e-05, unitary_metric = 0.99999
Error = :8.29e-03; Runtime: 14.6s; Iterations = 480, grads =   1.663e-05, unitary_metric = 0.99999
Error = :7.37e-03; Runtime: 15.1s; Iterations = 500, grads =   1.403e-05, unitary_metric = 0.99999
Error = :6.58e-03; Runtime: 15.8s; Iterations = 520, grads =   1.811e-05, unitary_metric = 0.99999
Error = :5.90e-03; Runtime: 16.4s; Iterations = 540, grads =   2.778e-05, unitary_metric = 0.99999
Error = :5.31e-03; Runtime: 17.0s; Iterations = 560, grads =   5.508e-05, unitary_metric = 0.99999
Error = :4.79e-03; Runtime: 17.5s; Iterations = 580, grads =   1.626e-05, unitary_metric = 0.99999
Error = :4.34e-03; Runtime: 18.1s; Iterations = 600, grads =   7.759e-06, unitary_metric = 0.99999
Error = :3.94e-03; Runtime: 18.8s; Iterations = 620, grads =   5.900e-06, unitary_metric = 0.99999
Error = :3.59e-03; Runtime: 19.4s; Iterations = 640, grads =   5.135e-06, unitary_metric = 0.99999
Error = :3.28e-03; Runtime: 19.9s; Iterations = 660, grads =   4.470e-06, unitary_metric = 0.99999
Error = :3.01e-03; Runtime: 20.5s; Iterations = 680, grads =   3.895e-06, unitary_metric = 0.99999
Error = :2.78e-03; Runtime: 21.1s; Iterations = 700, grads =   3.400e-06, unitary_metric = 0.99999
Error = :2.57e-03; Runtime: 21.8s; Iterations = 720, grads =   2.976e-06, unitary_metric = 0.99999
Error = :2.38e-03; Runtime: 22.4s; Iterations = 740, grads =   2.632e-06, unitary_metric = 0.99999
Error = :2.23e-03; Runtime: 22.9s; Iterations = 760, grads =   8.530e-05, unitary_metric = 0.99999
Error = :2.11e-03; Runtime: 23.5s; Iterations = 780, grads =   2.407e-04, unitary_metric = 0.99999
Error = :1.94e-03; Runtime: 24.1s; Iterations = 800, grads =   3.019e-06, unitary_metric = 0.99999
Error = :1.82e-03; Runtime: 24.8s; Iterations = 820, grads =   5.539e-06, unitary_metric = 0.99999
Error = :1.71e-03; Runtime: 25.3s; Iterations = 840, grads =   1.821e-06, unitary_metric = 0.99999
Error = :1.62e-03; Runtime: 25.9s; Iterations = 860, grads =   1.368e-06, unitary_metric = 0.99999
Error = :1.53e-03; Runtime: 26.5s; Iterations = 880, grads =   1.181e-06, unitary_metric = 0.99999
Error = :1.45e-03; Runtime: 27.1s; Iterations = 900, grads =   1.078e-06, unitary_metric = 0.99999
Error = :1.38e-03; Runtime: 27.8s; Iterations = 920, grads =   9.921e-07, unitary_metric = 0.99999
Error = :1.31e-03; Runtime: 28.3s; Iterations = 940, grads =   8.860e-07, unitary_metric = 0.99999
Error = :1.25e-03; Runtime: 28.9s; Iterations = 960, grads =   8.078e-07, unitary_metric = 0.99999
Error = :1.19e-03; Runtime: 29.5s; Iterations = 980, grads =   8.241e-07, unitary_metric = 0.99999
Error = :1.18e-03; Runtime: 30.1s; Iterations = 1000, grads =   2.873e-04, unitary_metric = 0.99999
Error = :1.11e-03; Runtime: 30.8s; Iterations = 1020, grads =   6.807e-05, unitary_metric = 0.99999
Error = :1.05e-03; Runtime: 31.3s; Iterations = 1040, grads =   6.524e-07, unitary_metric = 0.99999
Error = :1.01e-03; Runtime: 31.9s; Iterations = 1060, grads =   1.014e-06, unitary_metric = 0.99999
Error = :1.00e-03; Runtime: 32.0s; Iterations = 1064, grads =   1.308e-06, unitary_metric = 0.99999
data saved at: /project/ftchong/qoc/pranav/00018_29_lih_slice_298.h5


trying total_time: 2.8 for unitary of size (8, 8)
data saved at: /project/ftchong/qoc/pranav/00019_29_lih_slice_298.h5
Using 4 Taylor terms and 3 Scaling & Squaring terms
Building graph:
Propagators initialized.
Operators weight initialized.
Intermediate propagation variables initialized.
Intermediate propagators initialized.
Vectors initialized.
Training loss initialized.
Optimizer initialized.
Utilities initialized.
Graph built!
Initialized
Error = :9.47e-01; Runtime: 0.1s; Iterations = 0, grads =   1.229e-01, unitary_metric = 1.00000
Error = :3.81e-01; Runtime: 0.8s; Iterations = 20, grads =   5.741e-02, unitary_metric = 1.00000
Error = :1.86e-01; Runtime: 1.3s; Iterations = 40, grads =   2.604e-02, unitary_metric = 1.00000
Error = :1.03e-01; Runtime: 1.9s; Iterations = 60, grads =   2.102e-03, unitary_metric = 1.00000
Error = :9.51e-02; Runtime: 2.4s; Iterations = 80, grads =   2.084e-04, unitary_metric = 1.00000
Error = :9.34e-02; Runtime: 2.9s; Iterations = 100, grads =   8.181e-05, unitary_metric = 1.00000
Error = :8.71e-02; Runtime: 3.5s; Iterations = 120, grads =   1.049e-04, unitary_metric = 1.00000
Error = :7.80e-02; Runtime: 4.1s; Iterations = 140, grads =   2.127e-04, unitary_metric = 0.99999
Error = :6.99e-02; Runtime: 4.6s; Iterations = 160, grads =   3.057e-04, unitary_metric = 0.99999
Error = :6.11e-02; Runtime: 5.1s; Iterations = 180, grads =   3.102e-04, unitary_metric = 0.99999
Error = :5.19e-02; Runtime: 5.6s; Iterations = 200, grads =   2.800e-04, unitary_metric = 0.99999
Error = :4.27e-02; Runtime: 6.2s; Iterations = 220, grads =   2.397e-04, unitary_metric = 0.99999
Error = :3.42e-02; Runtime: 6.8s; Iterations = 240, grads =   1.812e-04, unitary_metric = 0.99999
Error = :2.75e-02; Runtime: 7.3s; Iterations = 260, grads =   1.256e-04, unitary_metric = 0.99999
Error = :2.26e-02; Runtime: 7.8s; Iterations = 280, grads =   8.623e-05, unitary_metric = 0.99999
Error = :1.92e-02; Runtime: 8.3s; Iterations = 300, grads =   6.172e-05, unitary_metric = 0.99999
Error = :1.66e-02; Runtime: 9.0s; Iterations = 320, grads =   4.558e-05, unitary_metric = 0.99999
Error = :1.47e-02; Runtime: 9.5s; Iterations = 340, grads =   3.541e-05, unitary_metric = 0.99999
Error = :1.32e-02; Runtime: 10.0s; Iterations = 360, grads =   2.826e-05, unitary_metric = 0.99998
Error = :1.19e-02; Runtime: 10.5s; Iterations = 380, grads =   2.298e-05, unitary_metric = 0.99998
Error = :1.09e-02; Runtime: 11.1s; Iterations = 400, grads =   1.875e-05, unitary_metric = 0.99999
Error = :1.00e-02; Runtime: 11.7s; Iterations = 420, grads =   1.505e-05, unitary_metric = 0.99998
Error = :9.34e-03; Runtime: 12.2s; Iterations = 440, grads =   9.242e-05, unitary_metric = 0.99998
Error = :8.76e-03; Runtime: 12.7s; Iterations = 460, grads =   2.049e-04, unitary_metric = 0.99998
Error = :8.24e-03; Runtime: 13.2s; Iterations = 480, grads =   8.554e-06, unitary_metric = 0.99998
Error = :7.84e-03; Runtime: 13.8s; Iterations = 500, grads =   1.001e-05, unitary_metric = 0.99999
Error = :7.49e-03; Runtime: 14.4s; Iterations = 520, grads =   6.174e-06, unitary_metric = 0.99999
Error = :7.20e-03; Runtime: 14.9s; Iterations = 540, grads =   4.852e-06, unitary_metric = 0.99999
Error = :6.95e-03; Runtime: 15.4s; Iterations = 560, grads =   4.210e-06, unitary_metric = 0.99998
Error = :6.72e-03; Runtime: 15.9s; Iterations = 580, grads =   4.001e-06, unitary_metric = 0.99998
Error = :6.52e-03; Runtime: 16.5s; Iterations = 600, grads =   4.975e-06, unitary_metric = 0.99999
Error = :6.35e-03; Runtime: 17.1s; Iterations = 620, grads =   2.144e-05, unitary_metric = 0.99999
Error = :6.19e-03; Runtime: 17.6s; Iterations = 640, grads =   2.670e-06, unitary_metric = 0.99998
Error = :6.04e-03; Runtime: 18.1s; Iterations = 660, grads =   2.562e-06, unitary_metric = 0.99998
Error = :5.92e-03; Runtime: 18.7s; Iterations = 680, grads =   5.219e-06, unitary_metric = 0.99999
Error = :5.80e-03; Runtime: 19.2s; Iterations = 700, grads =   1.410e-05, unitary_metric = 0.99998
Error = :5.71e-03; Runtime: 19.8s; Iterations = 720, grads =   5.745e-05, unitary_metric = 0.99999
Error = :5.60e-03; Runtime: 20.3s; Iterations = 740, grads =   1.571e-06, unitary_metric = 0.99999
Error = :5.51e-03; Runtime: 20.8s; Iterations = 760, grads =   2.074e-06, unitary_metric = 0.99998
Error = :5.44e-03; Runtime: 21.4s; Iterations = 780, grads =   1.393e-06, unitary_metric = 0.99998
Error = :5.36e-03; Runtime: 21.9s; Iterations = 800, grads =   3.377e-06, unitary_metric = 0.99998
Error = :5.31e-03; Runtime: 22.5s; Iterations = 820, grads =   7.917e-05, unitary_metric = 0.99998
Error = :5.23e-03; Runtime: 23.0s; Iterations = 840, grads =   1.045e-05, unitary_metric = 0.99999
Error = :5.17e-03; Runtime: 23.6s; Iterations = 860, grads =   2.029e-06, unitary_metric = 0.99999
Error = :5.12e-03; Runtime: 24.1s; Iterations = 880, grads =   1.019e-06, unitary_metric = 0.99999
Error = :5.07e-03; Runtime: 24.6s; Iterations = 900, grads =   7.925e-07, unitary_metric = 0.99998
Error = :5.02e-03; Runtime: 25.2s; Iterations = 920, grads =   7.408e-07, unitary_metric = 0.99999
Error = :4.98e-03; Runtime: 25.8s; Iterations = 940, grads =   6.914e-07, unitary_metric = 0.99998
Error = :4.95e-03; Runtime: 26.3s; Iterations = 960, grads =   6.500e-07, unitary_metric = 0.99999
Error = :4.92e-03; Runtime: 26.8s; Iterations = 980, grads =   6.192e-07, unitary_metric = 0.99998
Error = :4.90e-03; Runtime: 27.3s; Iterations = 1000, grads =   2.627e-06, unitary_metric = 0.99998
Error = :4.89e-03; Runtime: 27.9s; Iterations = 1020, grads =   7.104e-06, unitary_metric = 0.99998
Error = :4.89e-03; Runtime: 28.5s; Iterations = 1040, grads =   2.832e-05, unitary_metric = 0.99998
Error = :4.89e-03; Runtime: 29.0s; Iterations = 1060, grads =   4.443e-06, unitary_metric = 0.99999
Error = :4.89e-03; Runtime: 29.5s; Iterations = 1080, grads =   1.595e-06, unitary_metric = 0.99998
Error = :4.87e-03; Runtime: 30.0s; Iterations = 1100, grads =   6.649e-07, unitary_metric = 0.99998
Error = :4.84e-03; Runtime: 30.7s; Iterations = 1120, grads =   5.464e-07, unitary_metric = 0.99998
Error = :4.79e-03; Runtime: 31.2s; Iterations = 1140, grads =   4.824e-07, unitary_metric = 0.99999
Error = :4.75e-03; Runtime: 31.7s; Iterations = 1160, grads =   4.418e-07, unitary_metric = 0.99998
Error = :4.72e-03; Runtime: 32.2s; Iterations = 1180, grads =   4.125e-07, unitary_metric = 0.99998
Error = :4.68e-03; Runtime: 32.8s; Iterations = 1200, grads =   3.859e-07, unitary_metric = 0.99998
Error = :4.65e-03; Runtime: 33.4s; Iterations = 1220, grads =   3.828e-07, unitary_metric = 0.99998
Error = :4.63e-03; Runtime: 33.9s; Iterations = 1240, grads =   2.456e-05, unitary_metric = 0.99998
Error = :4.61e-03; Runtime: 34.4s; Iterations = 1260, grads =   6.718e-05, unitary_metric = 0.99998
Error = :4.57e-03; Runtime: 34.9s; Iterations = 1280, grads =   8.794e-06, unitary_metric = 0.99999
Error = :4.55e-03; Runtime: 35.5s; Iterations = 1300, grads =   3.167e-06, unitary_metric = 0.99999
Error = :4.53e-03; Runtime: 36.1s; Iterations = 1320, grads =   8.390e-07, unitary_metric = 0.99999
Error = :4.51e-03; Runtime: 36.6s; Iterations = 1340, grads =   3.011e-07, unitary_metric = 0.99998
Error = :4.50e-03; Runtime: 37.1s; Iterations = 1360, grads =   2.600e-07, unitary_metric = 0.99999
Error = :4.49e-03; Runtime: 37.6s; Iterations = 1380, grads =   2.502e-07, unitary_metric = 0.99998
Error = :4.49e-03; Runtime: 38.2s; Iterations = 1400, grads =   2.553e-07, unitary_metric = 0.99998
Error = :4.50e-03; Runtime: 38.8s; Iterations = 1420, grads =   2.790e-07, unitary_metric = 0.99999
Error = :4.51e-03; Runtime: 39.3s; Iterations = 1440, grads =   3.136e-07, unitary_metric = 0.99998
Error = :4.50e-03; Runtime: 39.8s; Iterations = 1460, grads =   3.321e-07, unitary_metric = 0.99998
Error = :4.47e-03; Runtime: 40.3s; Iterations = 1480, grads =   3.611e-07, unitary_metric = 0.99998
Error = :4.45e-03; Runtime: 40.9s; Iterations = 1500, grads =   4.998e-05, unitary_metric = 0.99998
Error = :4.42e-03; Runtime: 41.5s; Iterations = 1520, grads =   1.499e-06, unitary_metric = 0.99999
Error = :4.40e-03; Runtime: 42.0s; Iterations = 1540, grads =   7.391e-06, unitary_metric = 0.99998
Error = :4.39e-03; Runtime: 42.5s; Iterations = 1560, grads =   2.068e-05, unitary_metric = 0.99998
Error = :4.36e-03; Runtime: 43.0s; Iterations = 1580, grads =   1.167e-06, unitary_metric = 0.99999
Error = :4.35e-03; Runtime: 43.6s; Iterations = 1600, grads =   2.398e-06, unitary_metric = 0.99998
Error = :4.33e-03; Runtime: 44.2s; Iterations = 1620, grads =   2.472e-07, unitary_metric = 0.99999
Error = :4.32e-03; Runtime: 44.7s; Iterations = 1640, grads =   1.848e-07, unitary_metric = 0.99998
Error = :4.31e-03; Runtime: 45.2s; Iterations = 1660, grads =   1.776e-07, unitary_metric = 0.99998
Error = :4.29e-03; Runtime: 45.7s; Iterations = 1680, grads =   1.708e-07, unitary_metric = 0.99998
Error = :4.28e-03; Runtime: 46.3s; Iterations = 1700, grads =   1.664e-07, unitary_metric = 0.99998
Error = :4.27e-03; Runtime: 46.9s; Iterations = 1720, grads =   1.626e-07, unitary_metric = 0.99998
Error = :4.26e-03; Runtime: 47.4s; Iterations = 1740, grads =   1.597e-07, unitary_metric = 0.99998
Error = :4.25e-03; Runtime: 47.9s; Iterations = 1760, grads =   1.179e-06, unitary_metric = 0.99998
Error = :4.24e-03; Runtime: 48.5s; Iterations = 1780, grads =   5.112e-05, unitary_metric = 0.99999
Error = :4.23e-03; Runtime: 49.0s; Iterations = 1800, grads =   1.581e-05, unitary_metric = 0.99999
Error = :4.22e-03; Runtime: 49.6s; Iterations = 1820, grads =   2.294e-05, unitary_metric = 0.99998
Error = :4.20e-03; Runtime: 50.1s; Iterations = 1840, grads =   4.586e-06, unitary_metric = 0.99998
Error = :4.19e-03; Runtime: 50.6s; Iterations = 1860, grads =   8.659e-07, unitary_metric = 0.99998
Error = :4.18e-03; Runtime: 51.2s; Iterations = 1880, grads =   3.153e-07, unitary_metric = 0.99998
Error = :4.17e-03; Runtime: 51.7s; Iterations = 1900, grads =   1.375e-07, unitary_metric = 0.99998
Error = :4.16e-03; Runtime: 52.3s; Iterations = 1920, grads =   1.365e-07, unitary_metric = 0.99998
Error = :4.15e-03; Runtime: 52.8s; Iterations = 1940, grads =   1.286e-07, unitary_metric = 0.99998
Error = :4.14e-03; Runtime: 53.3s; Iterations = 1960, grads =   1.260e-07, unitary_metric = 0.99998
Error = :4.13e-03; Runtime: 53.9s; Iterations = 1980, grads =   1.233e-07, unitary_metric = 0.99998
Error = :4.12e-03; Runtime: 54.4s; Iterations = 2000, grads =   1.213e-07, unitary_metric = 0.99998
Error = :4.12e-03; Runtime: 55.0s; Iterations = 2020, grads =   1.231e-07, unitary_metric = 0.99998
Error = :4.11e-03; Runtime: 55.5s; Iterations = 2040, grads =   2.701e-06, unitary_metric = 0.99999
Error = :4.10e-03; Runtime: 56.1s; Iterations = 2060, grads =   1.921e-05, unitary_metric = 0.99999
Error = :4.09e-03; Runtime: 56.6s; Iterations = 2080, grads =   1.159e-06, unitary_metric = 0.99998
Error = :4.11e-03; Runtime: 57.1s; Iterations = 2100, grads =   1.670e-04, unitary_metric = 0.99998
Error = :4.08e-03; Runtime: 57.7s; Iterations = 2120, grads =   2.063e-05, unitary_metric = 0.99998
Error = :4.06e-03; Runtime: 58.2s; Iterations = 2140, grads =   1.300e-06, unitary_metric = 0.99998
Error = :4.05e-03; Runtime: 58.8s; Iterations = 2160, grads =   1.298e-07, unitary_metric = 0.99998
Error = :4.05e-03; Runtime: 59.3s; Iterations = 2180, grads =   1.089e-07, unitary_metric = 0.99998
Error = :4.04e-03; Runtime: 59.8s; Iterations = 2200, grads =   1.029e-07, unitary_metric = 0.99998
Error = :4.03e-03; Runtime: 60.4s; Iterations = 2220, grads =   9.787e-08, unitary_metric = 0.99998
Error = :4.03e-03; Runtime: 60.9s; Iterations = 2240, grads =   9.614e-08, unitary_metric = 0.99998
Error = :4.02e-03; Runtime: 61.5s; Iterations = 2260, grads =   9.407e-08, unitary_metric = 0.99998
Error = :4.01e-03; Runtime: 62.0s; Iterations = 2280, grads =   9.345e-08, unitary_metric = 0.99999
Error = :4.00e-03; Runtime: 62.5s; Iterations = 2300, grads =   9.821e-08, unitary_metric = 0.99999
Error = :4.00e-03; Runtime: 63.1s; Iterations = 2320, grads =   7.048e-07, unitary_metric = 0.99998
Error = :4.02e-03; Runtime: 63.6s; Iterations = 2340, grads =   1.370e-04, unitary_metric = 0.99998
Error = :3.99e-03; Runtime: 64.2s; Iterations = 2360, grads =   3.789e-05, unitary_metric = 0.99998
Error = :3.98e-03; Runtime: 64.7s; Iterations = 2380, grads =   1.705e-06, unitary_metric = 0.99998
Error = :3.97e-03; Runtime: 65.2s; Iterations = 2400, grads =   4.880e-07, unitary_metric = 0.99999
Error = :3.97e-03; Runtime: 65.8s; Iterations = 2420, grads =   1.369e-07, unitary_metric = 0.99999
Error = :3.96e-03; Runtime: 66.4s; Iterations = 2440, grads =   9.145e-08, unitary_metric = 0.99998
Error = :3.95e-03; Runtime: 66.9s; Iterations = 2460, grads =   8.017e-08, unitary_metric = 0.99999
Error = :3.95e-03; Runtime: 67.4s; Iterations = 2480, grads =   7.927e-08, unitary_metric = 0.99998
Error = :3.94e-03; Runtime: 67.9s; Iterations = 2500, grads =   7.696e-08, unitary_metric = 0.99998
Error = :3.94e-03; Runtime: 68.5s; Iterations = 2520, grads =   7.602e-08, unitary_metric = 0.99998
Error = :3.93e-03; Runtime: 69.1s; Iterations = 2540, grads =   7.897e-08, unitary_metric = 0.99998
Error = :3.93e-03; Runtime: 69.6s; Iterations = 2560, grads =   4.205e-07, unitary_metric = 0.99998
Error = :3.93e-03; Runtime: 70.1s; Iterations = 2580, grads =   5.630e-05, unitary_metric = 0.99998
Error = :3.92e-03; Runtime: 70.6s; Iterations = 2600, grads =   1.575e-05, unitary_metric = 0.99998
Error = :3.91e-03; Runtime: 71.2s; Iterations = 2620, grads =   2.716e-07, unitary_metric = 0.99999
Error = :3.90e-03; Runtime: 71.8s; Iterations = 2640, grads =   3.738e-07, unitary_metric = 0.99998
Error = :3.90e-03; Runtime: 72.3s; Iterations = 2660, grads =   1.223e-07, unitary_metric = 0.99998
Error = :3.89e-03; Runtime: 72.8s; Iterations = 2680, grads =   7.162e-08, unitary_metric = 0.99998
Error = :3.89e-03; Runtime: 73.4s; Iterations = 2700, grads =   6.648e-08, unitary_metric = 0.99998
Error = :3.88e-03; Runtime: 74.0s; Iterations = 2720, grads =   6.544e-08, unitary_metric = 0.99998
Error = :3.88e-03; Runtime: 74.5s; Iterations = 2740, grads =   6.489e-08, unitary_metric = 0.99998
Error = :3.88e-03; Runtime: 75.0s; Iterations = 2760, grads =   6.363e-08, unitary_metric = 0.99998
Error = :3.87e-03; Runtime: 75.5s; Iterations = 2780, grads =   6.361e-08, unitary_metric = 0.99998
Error = :3.86e-03; Runtime: 76.1s; Iterations = 2800, grads =   6.429e-08, unitary_metric = 0.99998
Error = :3.86e-03; Runtime: 76.7s; Iterations = 2820, grads =   1.910e-07, unitary_metric = 0.99998
Error = :3.86e-03; Runtime: 77.2s; Iterations = 2840, grads =   2.373e-05, unitary_metric = 0.99998
Error = :3.85e-03; Runtime: 77.7s; Iterations = 2860, grads =   1.882e-05, unitary_metric = 0.99999
Error = :3.85e-03; Runtime: 78.3s; Iterations = 2880, grads =   4.499e-06, unitary_metric = 0.99998
Error = :3.84e-03; Runtime: 78.8s; Iterations = 2900, grads =   2.936e-06, unitary_metric = 0.99999
Error = :3.84e-03; Runtime: 79.4s; Iterations = 2920, grads =   3.545e-07, unitary_metric = 0.99998
Error = :3.83e-03; Runtime: 79.9s; Iterations = 2940, grads =   7.846e-08, unitary_metric = 0.99999
Error = :3.83e-03; Runtime: 80.4s; Iterations = 2960, grads =   5.608e-08, unitary_metric = 0.99999
Error = :3.82e-03; Runtime: 81.0s; Iterations = 2980, grads =   5.674e-08, unitary_metric = 0.99999
Error = :3.82e-03; Runtime: 81.5s; Iterations = 3000, grads =   5.586e-08, unitary_metric = 0.99998
Error = :3.81e-03; Runtime: 82.1s; Iterations = 3020, grads =   5.868e-08, unitary_metric = 0.99999
Error = :3.81e-03; Runtime: 82.6s; Iterations = 3040, grads =   1.679e-07, unitary_metric = 0.99998
Error = :3.81e-03; Runtime: 83.2s; Iterations = 3060, grads =   1.379e-05, unitary_metric = 0.99999
Error = :3.80e-03; Runtime: 83.7s; Iterations = 3080, grads =   1.308e-05, unitary_metric = 0.99998
Error = :3.80e-03; Runtime: 84.2s; Iterations = 3100, grads =   4.996e-07, unitary_metric = 0.99999
Error = :3.79e-03; Runtime: 84.8s; Iterations = 3120, grads =   1.308e-07, unitary_metric = 0.99999
Error = :3.79e-03; Runtime: 85.4s; Iterations = 3140, grads =   2.843e-06, unitary_metric = 0.99998
Error = :3.79e-03; Runtime: 85.9s; Iterations = 3160, grads =   4.315e-06, unitary_metric = 0.99999
Error = :3.78e-03; Runtime: 86.4s; Iterations = 3180, grads =   5.551e-07, unitary_metric = 0.99998
Error = :3.78e-03; Runtime: 86.9s; Iterations = 3200, grads =   9.564e-08, unitary_metric = 0.99999
Error = :3.78e-03; Runtime: 87.5s; Iterations = 3220, grads =   5.201e-08, unitary_metric = 0.99999
Error = :3.77e-03; Runtime: 88.1s; Iterations = 3240, grads =   8.816e-08, unitary_metric = 0.99999
Error = :3.77e-03; Runtime: 88.6s; Iterations = 3260, grads =   9.692e-07, unitary_metric = 0.99999
Error = :3.77e-03; Runtime: 89.1s; Iterations = 3280, grads =   4.405e-05, unitary_metric = 0.99999
Error = :3.76e-03; Runtime: 89.6s; Iterations = 3300, grads =   4.820e-06, unitary_metric = 0.99998
Error = :3.76e-03; Runtime: 90.2s; Iterations = 3320, grads =   5.009e-07, unitary_metric = 0.99998
Error = :3.76e-03; Runtime: 90.8s; Iterations = 3340, grads =   1.214e-07, unitary_metric = 0.99998
Error = :3.75e-03; Runtime: 91.3s; Iterations = 3360, grads =   6.098e-08, unitary_metric = 0.99999
Error = :3.75e-03; Runtime: 91.8s; Iterations = 3380, grads =   6.544e-08, unitary_metric = 0.99998
Error = :3.75e-03; Runtime: 92.3s; Iterations = 3400, grads =   3.727e-06, unitary_metric = 0.99999
Error = :3.74e-03; Runtime: 92.9s; Iterations = 3420, grads =   3.666e-06, unitary_metric = 0.99998
Error = :3.74e-03; Runtime: 93.5s; Iterations = 3440, grads =   4.785e-07, unitary_metric = 0.99999
Error = :3.74e-03; Runtime: 94.0s; Iterations = 3460, grads =   8.946e-08, unitary_metric = 0.99998
Error = :3.73e-03; Runtime: 94.5s; Iterations = 3480, grads =   8.586e-08, unitary_metric = 0.99998
Error = :3.73e-03; Runtime: 95.1s; Iterations = 3500, grads =   1.569e-06, unitary_metric = 0.99998
Error = :3.73e-03; Runtime: 95.7s; Iterations = 3520, grads =   2.145e-05, unitary_metric = 0.99998
Error = :3.73e-03; Runtime: 96.2s; Iterations = 3540, grads =   1.038e-06, unitary_metric = 0.99998
Error = :3.72e-03; Runtime: 96.7s; Iterations = 3560, grads =   2.607e-07, unitary_metric = 0.99999
Error = :3.72e-03; Runtime: 97.2s; Iterations = 3580, grads =   4.777e-08, unitary_metric = 0.99998
Error = :3.72e-03; Runtime: 97.8s; Iterations = 3600, grads =   4.606e-08, unitary_metric = 0.99999
Error = :3.72e-03; Runtime: 98.4s; Iterations = 3620, grads =   4.222e-08, unitary_metric = 0.99998
Error = :3.71e-03; Runtime: 98.9s; Iterations = 3640, grads =   1.886e-07, unitary_metric = 0.99998
Error = :3.71e-03; Runtime: 99.4s; Iterations = 3660, grads =   7.354e-06, unitary_metric = 0.99998
Error = :3.71e-03; Runtime: 99.9s; Iterations = 3680, grads =   7.936e-07, unitary_metric = 0.99998
Error = :3.71e-03; Runtime: 100.5s; Iterations = 3700, grads =   3.819e-05, unitary_metric = 0.99999
Error = :3.70e-03; Runtime: 101.1s; Iterations = 3720, grads =   1.673e-06, unitary_metric = 0.99998
Error = :3.70e-03; Runtime: 101.6s; Iterations = 3740, grads =   4.310e-08, unitary_metric = 0.99998
Error = :3.70e-03; Runtime: 102.1s; Iterations = 3760, grads =   8.097e-08, unitary_metric = 0.99998
Error = :3.70e-03; Runtime: 102.7s; Iterations = 3780, grads =   3.648e-08, unitary_metric = 0.99998
Error = :3.69e-03; Runtime: 103.2s; Iterations = 3800, grads =   3.504e-08, unitary_metric = 0.99998
Error = :3.69e-03; Runtime: 103.8s; Iterations = 3820, grads =   3.665e-08, unitary_metric = 0.99998
Error = :3.69e-03; Runtime: 104.3s; Iterations = 3840, grads =   9.332e-08, unitary_metric = 0.99998
Error = :3.69e-03; Runtime: 104.8s; Iterations = 3860, grads =   4.003e-06, unitary_metric = 0.99998
Error = :3.69e-03; Runtime: 105.4s; Iterations = 3880, grads =   1.288e-06, unitary_metric = 0.99998
Error = :3.68e-03; Runtime: 105.9s; Iterations = 3900, grads =   2.761e-06, unitary_metric = 0.99998
Error = :3.68e-03; Runtime: 106.5s; Iterations = 3920, grads =   2.561e-07, unitary_metric = 0.99998
Error = :3.68e-03; Runtime: 107.0s; Iterations = 3940, grads =   1.160e-06, unitary_metric = 0.99998
Error = :3.68e-03; Runtime: 107.6s; Iterations = 3960, grads =   2.422e-07, unitary_metric = 0.99998
Error = :3.67e-03; Runtime: 108.1s; Iterations = 3980, grads =   3.114e-08, unitary_metric = 0.99998
Error = :3.67e-03; Runtime: 108.6s; Iterations = 4000, grads =   2.982e-08, unitary_metric = 0.99998
Error = :3.67e-03; Runtime: 109.2s; Iterations = 4020, grads =   3.121e-08, unitary_metric = 0.99998
Error = :3.67e-03; Runtime: 109.7s; Iterations = 4040, grads =   4.675e-08, unitary_metric = 0.99998
Error = :3.66e-03; Runtime: 110.3s; Iterations = 4060, grads =   1.348e-06, unitary_metric = 0.99999
Error = :3.66e-03; Runtime: 110.8s; Iterations = 4080, grads =   5.022e-07, unitary_metric = 0.99999
Error = :3.65e-03; Runtime: 111.3s; Iterations = 4100, grads =   3.127e-07, unitary_metric = 0.99999
Error = :3.66e-03; Runtime: 111.9s; Iterations = 4120, grads =   2.741e-05, unitary_metric = 0.99998
Error = :3.65e-03; Runtime: 112.5s; Iterations = 4140, grads =   3.529e-08, unitary_metric = 0.99999
Error = :3.65e-03; Runtime: 113.0s; Iterations = 4160, grads =   9.884e-08, unitary_metric = 0.99999
Error = :3.65e-03; Runtime: 113.5s; Iterations = 4180, grads =   9.273e-08, unitary_metric = 0.99999
Error = :3.64e-03; Runtime: 114.0s; Iterations = 4200, grads =   3.285e-08, unitary_metric = 0.99999
Error = :3.64e-03; Runtime: 114.6s; Iterations = 4220, grads =   2.564e-08, unitary_metric = 0.99999
Error = :3.64e-03; Runtime: 115.2s; Iterations = 4240, grads =   2.694e-08, unitary_metric = 0.99999
Error = :3.64e-03; Runtime: 115.7s; Iterations = 4260, grads =   6.100e-08, unitary_metric = 0.99999
Error = :3.64e-03; Runtime: 116.2s; Iterations = 4280, grads =   2.579e-06, unitary_metric = 0.99999
Error = :3.63e-03; Runtime: 116.7s; Iterations = 4300, grads =   1.067e-06, unitary_metric = 0.99999
Error = :3.63e-03; Runtime: 117.4s; Iterations = 4320, grads =   5.497e-08, unitary_metric = 0.99998
Error = :3.63e-03; Runtime: 117.9s; Iterations = 4340, grads =   3.011e-06, unitary_metric = 0.99998
Error = :3.63e-03; Runtime: 118.4s; Iterations = 4360, grads =   1.252e-06, unitary_metric = 0.99999
Error = :3.62e-03; Runtime: 118.9s; Iterations = 4380, grads =   6.176e-08, unitary_metric = 0.99999
Error = :3.62e-03; Runtime: 119.5s; Iterations = 4400, grads =   1.050e-07, unitary_metric = 0.99999
Error = :3.62e-03; Runtime: 120.1s; Iterations = 4420, grads =   3.571e-08, unitary_metric = 0.99999
Error = :3.62e-03; Runtime: 120.6s; Iterations = 4440, grads =   2.475e-08, unitary_metric = 0.99999
Error = :3.62e-03; Runtime: 121.1s; Iterations = 4460, grads =   2.291e-08, unitary_metric = 0.99998
Error = :3.62e-03; Runtime: 121.7s; Iterations = 4480, grads =   1.068e-07, unitary_metric = 0.99999
Error = :3.62e-03; Runtime: 122.2s; Iterations = 4500, grads =   4.377e-06, unitary_metric = 0.99999
Error = :3.61e-03; Runtime: 122.8s; Iterations = 4520, grads =   2.334e-08, unitary_metric = 0.99999
Error = :3.61e-03; Runtime: 123.3s; Iterations = 4540, grads =   1.228e-07, unitary_metric = 0.99999
Error = :3.61e-03; Runtime: 123.8s; Iterations = 4560, grads =   4.871e-06, unitary_metric = 0.99999
Error = :3.61e-03; Runtime: 124.4s; Iterations = 4580, grads =   4.010e-06, unitary_metric = 0.99999
Error = :3.61e-03; Runtime: 124.9s; Iterations = 4600, grads =   4.686e-08, unitary_metric = 0.99998
Error = :3.61e-03; Runtime: 125.5s; Iterations = 4620, grads =   8.319e-08, unitary_metric = 0.99998
Error = :3.61e-03; Runtime: 126.0s; Iterations = 4640, grads =   2.916e-08, unitary_metric = 0.99999
Error = :3.61e-03; Runtime: 126.6s; Iterations = 4660, grads =   2.458e-08, unitary_metric = 0.99999
Error = :3.60e-03; Runtime: 127.1s; Iterations = 4680, grads =   2.224e-08, unitary_metric = 0.99999
Error = :3.60e-03; Runtime: 127.6s; Iterations = 4700, grads =   2.560e-08, unitary_metric = 0.99998
Error = :3.60e-03; Runtime: 128.2s; Iterations = 4720, grads =   3.601e-07, unitary_metric = 0.99998
Error = :3.60e-03; Runtime: 128.8s; Iterations = 4740, grads =   1.956e-07, unitary_metric = 0.99998
Error = :3.60e-03; Runtime: 129.3s; Iterations = 4760, grads =   2.295e-07, unitary_metric = 0.99999
Error = :3.60e-03; Runtime: 129.8s; Iterations = 4780, grads =   2.380e-07, unitary_metric = 0.99998
Error = :3.60e-03; Runtime: 130.3s; Iterations = 4800, grads =   2.580e-05, unitary_metric = 0.99999
Error = :3.60e-03; Runtime: 130.9s; Iterations = 4820, grads =   1.260e-06, unitary_metric = 0.99999
Error = :3.60e-03; Runtime: 131.5s; Iterations = 4840, grads =   5.687e-08, unitary_metric = 0.99999
Error = :3.60e-03; Runtime: 132.0s; Iterations = 4860, grads =   5.930e-08, unitary_metric = 0.99998
Error = :3.59e-03; Runtime: 132.5s; Iterations = 4880, grads =   2.862e-08, unitary_metric = 0.99999
Error = :3.59e-03; Runtime: 133.0s; Iterations = 4900, grads =   2.457e-08, unitary_metric = 0.99999
Error = :3.59e-03; Runtime: 133.7s; Iterations = 4920, grads =   3.088e-08, unitary_metric = 0.99998
Error = :3.59e-03; Runtime: 134.2s; Iterations = 4940, grads =   1.859e-07, unitary_metric = 0.99999
Error = :3.59e-03; Runtime: 134.7s; Iterations = 4960, grads =   1.526e-06, unitary_metric = 0.99999
Error = :3.59e-03; Runtime: 135.2s; Iterations = 4980, grads =   9.156e-08, unitary_metric = 0.99998
Error = :3.58e-03; Runtime: 135.8s; Iterations = 5000, grads =   2.391e-08, unitary_metric = 0.99999
Error = :3.58e-03; Runtime: 136.4s; Iterations = 5020, grads =   2.406e-08, unitary_metric = 0.99998
Error = :3.58e-03; Runtime: 136.9s; Iterations = 5040, grads =   2.493e-08, unitary_metric = 0.99999
Error = :3.58e-03; Runtime: 137.4s; Iterations = 5060, grads =   2.428e-08, unitary_metric = 0.99998
Error = :3.58e-03; Runtime: 138.0s; Iterations = 5080, grads =   2.912e-08, unitary_metric = 0.99998
Error = :3.58e-03; Runtime: 138.5s; Iterations = 5100, grads =   1.377e-06, unitary_metric = 0.99998
Error = :3.58e-03; Runtime: 139.1s; Iterations = 5120, grads =   3.197e-06, unitary_metric = 0.99998
Error = :3.58e-03; Runtime: 139.6s; Iterations = 5140, grads =   1.235e-06, unitary_metric = 0.99998
Error = :3.57e-03; Runtime: 140.1s; Iterations = 5160, grads =   1.569e-07, unitary_metric = 0.99998
Error = :3.57e-03; Runtime: 140.7s; Iterations = 5180, grads =   5.228e-08, unitary_metric = 0.99998
Error = :3.57e-03; Runtime: 141.2s; Iterations = 5200, grads =   2.654e-08, unitary_metric = 0.99998
Error = :3.57e-03; Runtime: 141.8s; Iterations = 5220, grads =   2.449e-08, unitary_metric = 0.99998
Error = :3.57e-03; Runtime: 142.3s; Iterations = 5240, grads =   2.706e-08, unitary_metric = 0.99998
Error = :3.56e-03; Runtime: 142.9s; Iterations = 5260, grads =   2.461e-08, unitary_metric = 0.99999
Error = :3.56e-03; Runtime: 143.4s; Iterations = 5280, grads =   2.448e-08, unitary_metric = 0.99998
Error = :3.56e-03; Runtime: 143.9s; Iterations = 5300, grads =   2.431e-08, unitary_metric = 0.99998
Error = :3.56e-03; Runtime: 144.5s; Iterations = 5320, grads =   3.465e-08, unitary_metric = 0.99998
Error = :3.56e-03; Runtime: 145.1s; Iterations = 5340, grads =   1.153e-06, unitary_metric = 0.99998
Error = :3.56e-03; Runtime: 145.6s; Iterations = 5360, grads =   6.934e-07, unitary_metric = 0.99998
Error = :3.55e-03; Runtime: 146.1s; Iterations = 5380, grads =   2.433e-06, unitary_metric = 0.99998
Error = :3.55e-03; Runtime: 146.6s; Iterations = 5400, grads =   3.557e-06, unitary_metric = 0.99998
Error = :3.55e-03; Runtime: 147.2s; Iterations = 5420, grads =   3.983e-07, unitary_metric = 0.99998
Error = :3.55e-03; Runtime: 147.8s; Iterations = 5440, grads =   5.193e-08, unitary_metric = 0.99998
Error = :3.54e-03; Runtime: 148.3s; Iterations = 5460, grads =   2.285e-08, unitary_metric = 0.99999
Error = :3.54e-03; Runtime: 148.8s; Iterations = 5480, grads =   2.347e-08, unitary_metric = 0.99998
Error = :3.54e-03; Runtime: 149.3s; Iterations = 5500, grads =   2.423e-08, unitary_metric = 0.99999
Error = :3.54e-03; Runtime: 149.9s; Iterations = 5520, grads =   2.310e-08, unitary_metric = 0.99998
Error = :3.54e-03; Runtime: 150.5s; Iterations = 5540, grads =   2.248e-08, unitary_metric = 0.99998
Error = :3.53e-03; Runtime: 151.0s; Iterations = 5560, grads =   4.563e-08, unitary_metric = 0.99998
Error = :3.53e-03; Runtime: 151.5s; Iterations = 5580, grads =   1.672e-06, unitary_metric = 0.99998
Error = :3.53e-03; Runtime: 152.0s; Iterations = 5600, grads =   1.893e-07, unitary_metric = 0.99999
Error = :3.53e-03; Runtime: 152.7s; Iterations = 5620, grads =   7.095e-08, unitary_metric = 0.99998
Error = :3.53e-03; Runtime: 153.2s; Iterations = 5640, grads =   3.089e-06, unitary_metric = 0.99998
Error = :3.53e-03; Runtime: 153.7s; Iterations = 5660, grads =   3.966e-06, unitary_metric = 0.99998
Error = :3.52e-03; Runtime: 154.2s; Iterations = 5680, grads =   1.690e-07, unitary_metric = 0.99999
Error = :3.52e-03; Runtime: 154.8s; Iterations = 5700, grads =   2.076e-08, unitary_metric = 0.99999
Error = :3.52e-03; Runtime: 155.4s; Iterations = 5720, grads =   2.065e-08, unitary_metric = 0.99999
Error = :3.52e-03; Runtime: 155.9s; Iterations = 5740, grads =   1.980e-08, unitary_metric = 0.99999
Error = :3.52e-03; Runtime: 156.4s; Iterations = 5760, grads =   2.159e-08, unitary_metric = 0.99999
Error = :3.52e-03; Runtime: 156.9s; Iterations = 5780, grads =   2.700e-07, unitary_metric = 0.99998
Error = :3.51e-03; Runtime: 157.5s; Iterations = 5800, grads =   5.184e-08, unitary_metric = 0.99998
Error = :3.51e-03; Runtime: 158.1s; Iterations = 5820, grads =   4.957e-08, unitary_metric = 0.99998
Error = :3.51e-03; Runtime: 158.6s; Iterations = 5840, grads =   3.208e-08, unitary_metric = 0.99998
Error = :3.51e-03; Runtime: 159.1s; Iterations = 5860, grads =   1.832e-08, unitary_metric = 0.99999
Error = :3.51e-03; Runtime: 159.6s; Iterations = 5880, grads =   2.346e-08, unitary_metric = 0.99998
Error = :3.51e-03; Runtime: 160.2s; Iterations = 5900, grads =   1.506e-07, unitary_metric = 0.99998
Error = :3.51e-03; Runtime: 160.8s; Iterations = 5920, grads =   4.388e-06, unitary_metric = 0.99998
Error = :3.50e-03; Runtime: 161.3s; Iterations = 5940, grads =   8.797e-07, unitary_metric = 0.99999
Error = :3.50e-03; Runtime: 161.8s; Iterations = 5960, grads =   3.851e-08, unitary_metric = 0.99998
Error = :3.50e-03; Runtime: 162.3s; Iterations = 5980, grads =   2.648e-08, unitary_metric = 0.99998
Error = :3.50e-03; Runtime: 162.9s; Iterations = 6000, grads =   7.126e-07, unitary_metric = 0.99998
data saved at: /project/ftchong/qoc/pranav/00019_29_lih_slice_298.h5




[0.3, 0.3, 2.8]
TIME FOR SLICE IS:
2.8
