Running Block:  229


trying total_time: 10.0 for unitary of size (4, 4)
data saved at: /project/ftchong/qoc/pranav/00000_29_lih_slice_229.h5
Using 6 Taylor terms and 1 Scaling & Squaring terms
Building graph:
Propagators initialized.
Operators weight initialized.
Intermediate propagation variables initialized.
Intermediate propagators initialized.
Vectors initialized.
Training loss initialized.
Optimizer initialized.
Utilities initialized.
Graph built!
Initialized
Error = :1.79e-01; Runtime: 0.3s; Iterations = 0, grads =   3.089e+00, unitary_metric = 1.00000
Error = :7.86e-04; Runtime: 2.0s; Iterations = 19, grads =   9.366e-03, unitary_metric = 1.00000
data saved at: /project/ftchong/qoc/pranav/00000_29_lih_slice_229.h5


trying total_time: 5.0 for unitary of size (4, 4)
data saved at: /project/ftchong/qoc/pranav/00001_29_lih_slice_229.h5
Using 6 Taylor terms and 1 Scaling & Squaring terms
Building graph:
Propagators initialized.
Operators weight initialized.
Intermediate propagation variables initialized.
Intermediate propagators initialized.
Vectors initialized.
Training loss initialized.
Optimizer initialized.
Utilities initialized.
Graph built!
Initialized
Error = :5.82e-02; Runtime: 0.1s; Iterations = 0, grads =   5.937e-01, unitary_metric = 1.00000
Error = :4.97e-04; Runtime: 0.8s; Iterations = 11, grads =   4.164e-03, unitary_metric = 1.00000
data saved at: /project/ftchong/qoc/pranav/00001_29_lih_slice_229.h5


trying total_time: 2.5 for unitary of size (4, 4)
data saved at: /project/ftchong/qoc/pranav/00002_29_lih_slice_229.h5
Using 6 Taylor terms and 1 Scaling & Squaring terms
Building graph:
Propagators initialized.
Operators weight initialized.
Intermediate propagation variables initialized.
Intermediate propagators initialized.
Vectors initialized.
Training loss initialized.
Optimizer initialized.
Utilities initialized.
Graph built!
Initialized
Error = :1.62e-02; Runtime: 0.1s; Iterations = 0, grads =   5.041e-02, unitary_metric = 1.00000
Error = :9.36e-04; Runtime: 0.5s; Iterations = 15, grads =   2.580e-03, unitary_metric = 1.00000
data saved at: /project/ftchong/qoc/pranav/00002_29_lih_slice_229.h5


trying total_time: 1.25 for unitary of size (4, 4)
data saved at: /project/ftchong/qoc/pranav/00003_29_lih_slice_229.h5
Using 6 Taylor terms and 1 Scaling & Squaring terms
Building graph:
Propagators initialized.
Operators weight initialized.
Intermediate propagation variables initialized.
Intermediate propagators initialized.
Vectors initialized.
Training loss initialized.
Optimizer initialized.
Utilities initialized.
Graph built!
Initialized
Error = :3.91e-02; Runtime: 0.1s; Iterations = 0, grads =   9.037e-02, unitary_metric = 1.00000
Error = :5.85e-04; Runtime: 0.3s; Iterations = 12, grads =   4.469e-04, unitary_metric = 1.00000
data saved at: /project/ftchong/qoc/pranav/00003_29_lih_slice_229.h5


trying total_time: 0.6 for unitary of size (4, 4)
data saved at: /project/ftchong/qoc/pranav/00004_29_lih_slice_229.h5
Using 7 Taylor terms and 0 Scaling & Squaring terms
Building graph:
Propagators initialized.
Operators weight initialized.
Intermediate propagation variables initialized.
Intermediate propagators initialized.
Vectors initialized.
Training loss initialized.
Optimizer initialized.
Utilities initialized.
Graph built!
Initialized
Error = :1.20e-01; Runtime: 0.0s; Iterations = 0, grads =   1.304e-01, unitary_metric = 1.00000
Error = :5.88e-03; Runtime: 0.2s; Iterations = 20, grads =   7.460e-03, unitary_metric = 1.00000
Error = :6.80e-04; Runtime: 0.3s; Iterations = 31, grads =   8.487e-04, unitary_metric = 1.00000
data saved at: /project/ftchong/qoc/pranav/00004_29_lih_slice_229.h5


trying total_time: 0.3 for unitary of size (4, 4)
data saved at: /project/ftchong/qoc/pranav/00005_29_lih_slice_229.h5
Using 5 Taylor terms and 1 Scaling & Squaring terms
Building graph:
Propagators initialized.
Operators weight initialized.
Intermediate propagation variables initialized.
Intermediate propagators initialized.
Vectors initialized.
Training loss initialized.
Optimizer initialized.
Utilities initialized.
Graph built!
Initialized
Error = :1.15e-01; Runtime: 0.0s; Iterations = 0, grads =   5.259e-02, unitary_metric = 1.00000
Error = :5.21e-03; Runtime: 0.2s; Iterations = 20, grads =   2.774e-03, unitary_metric = 1.00000
Error = :9.43e-04; Runtime: 0.2s; Iterations = 30, grads =   4.771e-04, unitary_metric = 1.00000
data saved at: /project/ftchong/qoc/pranav/00005_29_lih_slice_229.h5


trying total_time: 40.0 for unitary of size (16, 16)
data saved at: /project/ftchong/qoc/pranav/00006_29_lih_slice_229.h5
Using 5 Taylor terms and 4 Scaling & Squaring terms
Building graph:
Propagators initialized.
Operators weight initialized.
Intermediate propagation variables initialized.
Intermediate propagators initialized.
Vectors initialized.
Training loss initialized.
Optimizer initialized.
Utilities initialized.
Graph built!
Initialized
Error = :8.27e-01; Runtime: 1.4s; Iterations = 0, grads =   1.174e+00, unitary_metric = 1.00020
Error = :6.06e-01; Runtime: 17.1s; Iterations = 20, grads =   3.251e+00, unitary_metric = 1.00030
Error = :6.60e-02; Runtime: 30.6s; Iterations = 40, grads =   2.195e+00, unitary_metric = 1.00024
Error = :9.93e-03; Runtime: 44.0s; Iterations = 60, grads =   3.709e-01, unitary_metric = 1.00024
Error = :9.32e-04; Runtime: 53.4s; Iterations = 74, grads =   3.322e-02, unitary_metric = 1.00024
data saved at: /project/ftchong/qoc/pranav/00006_29_lih_slice_229.h5


trying total_time: 20.0 for unitary of size (16, 16)
data saved at: /project/ftchong/qoc/pranav/00007_29_lih_slice_229.h5
Using 7 Taylor terms and 2 Scaling & Squaring terms
Building graph:
Propagators initialized.
Operators weight initialized.
Intermediate propagation variables initialized.
Intermediate propagators initialized.
Vectors initialized.
Training loss initialized.
Optimizer initialized.
Utilities initialized.
Graph built!
Initialized
Error = :7.85e-01; Runtime: 0.6s; Iterations = 0, grads =   4.547e-01, unitary_metric = 1.00000
Error = :5.40e-01; Runtime: 8.5s; Iterations = 20, grads =   7.059e-01, unitary_metric = 1.00001
Error = :5.96e-02; Runtime: 15.1s; Iterations = 40, grads =   2.858e-01, unitary_metric = 1.00001
Error = :1.59e-02; Runtime: 21.7s; Iterations = 60, grads =   3.060e-02, unitary_metric = 1.00000
Error = :7.68e-04; Runtime: 24.0s; Iterations = 67, grads =   1.971e-02, unitary_metric = 1.00000
data saved at: /project/ftchong/qoc/pranav/00007_29_lih_slice_229.h5


trying total_time: 10.0 for unitary of size (16, 16)
data saved at: /project/ftchong/qoc/pranav/00008_29_lih_slice_229.h5
Using 7 Taylor terms and 2 Scaling & Squaring terms
Building graph:
Propagators initialized.
Operators weight initialized.
Intermediate propagation variables initialized.
Intermediate propagators initialized.
Vectors initialized.
Training loss initialized.
Optimizer initialized.
Utilities initialized.
Graph built!
Initialized
Error = :8.57e-01; Runtime: 0.3s; Iterations = 0, grads =   3.119e-01, unitary_metric = 1.00001
Error = :5.14e-01; Runtime: 4.1s; Iterations = 20, grads =   5.624e-02, unitary_metric = 1.00000
Error = :2.27e-01; Runtime: 7.4s; Iterations = 40, grads =   5.147e-02, unitary_metric = 0.99999
Error = :5.92e-03; Runtime: 10.6s; Iterations = 60, grads =   5.812e-03, unitary_metric = 0.99999
Error = :9.45e-04; Runtime: 12.1s; Iterations = 69, grads =   1.580e-03, unitary_metric = 0.99999
data saved at: /project/ftchong/qoc/pranav/00008_29_lih_slice_229.h5


trying total_time: 5.0 for unitary of size (16, 16)
data saved at: /project/ftchong/qoc/pranav/00009_29_lih_slice_229.h5
Using 7 Taylor terms and 2 Scaling & Squaring terms
Building graph:
Propagators initialized.
Operators weight initialized.
Intermediate propagation variables initialized.
Intermediate propagators initialized.
Vectors initialized.
Training loss initialized.
Optimizer initialized.
Utilities initialized.
Graph built!
Initialized
Error = :7.55e-01; Runtime: 0.2s; Iterations = 0, grads =   4.043e-02, unitary_metric = 1.00000
Error = :5.13e-01; Runtime: 2.1s; Iterations = 20, grads =   2.428e-02, unitary_metric = 1.00000
Error = :4.97e-01; Runtime: 3.7s; Iterations = 40, grads =   1.655e-03, unitary_metric = 1.00000
Error = :4.21e-01; Runtime: 5.4s; Iterations = 60, grads =   4.522e-03, unitary_metric = 1.00000
Error = :8.57e-02; Runtime: 7.0s; Iterations = 80, grads =   2.177e-03, unitary_metric = 0.99999
Error = :1.69e-03; Runtime: 8.6s; Iterations = 100, grads =   6.024e-05, unitary_metric = 1.00000
Error = :9.17e-04; Runtime: 9.1s; Iterations = 104, grads =   2.481e-04, unitary_metric = 0.99999
data saved at: /project/ftchong/qoc/pranav/00009_29_lih_slice_229.h5


trying total_time: 2.5 for unitary of size (16, 16)
data saved at: /project/ftchong/qoc/pranav/00010_29_lih_slice_229.h5
Using 8 Taylor terms and 1 Scaling & Squaring terms
Building graph:
Propagators initialized.
Operators weight initialized.
Intermediate propagation variables initialized.
Intermediate propagators initialized.
Vectors initialized.
Training loss initialized.
Optimizer initialized.
Utilities initialized.
Graph built!
Initialized
Error = :8.24e-01; Runtime: 0.1s; Iterations = 0, grads =   7.060e-02, unitary_metric = 1.00000
Error = :6.13e-01; Runtime: 1.2s; Iterations = 20, grads =   1.565e-02, unitary_metric = 1.00000
Error = :5.12e-01; Runtime: 2.0s; Iterations = 40, grads =   2.508e-03, unitary_metric = 1.00000
Error = :4.45e-01; Runtime: 2.8s; Iterations = 60, grads =   1.400e-03, unitary_metric = 1.00000
Error = :3.12e-01; Runtime: 3.7s; Iterations = 80, grads =   1.920e-03, unitary_metric = 1.00000
Error = :2.04e-01; Runtime: 4.5s; Iterations = 100, grads =   4.944e-04, unitary_metric = 1.00000
Error = :1.72e-01; Runtime: 5.5s; Iterations = 120, grads =   1.537e-04, unitary_metric = 1.00000
Error = :1.62e-01; Runtime: 6.3s; Iterations = 140, grads =   7.865e-05, unitary_metric = 1.00000
Error = :1.59e-01; Runtime: 7.1s; Iterations = 160, grads =   4.880e-05, unitary_metric = 1.00000
Error = :1.57e-01; Runtime: 7.9s; Iterations = 180, grads =   3.514e-05, unitary_metric = 1.00000
Error = :1.55e-01; Runtime: 8.8s; Iterations = 200, grads =   2.618e-05, unitary_metric = 1.00000
Error = :1.54e-01; Runtime: 9.7s; Iterations = 220, grads =   1.889e-05, unitary_metric = 1.00000
Error = :1.53e-01; Runtime: 10.5s; Iterations = 240, grads =   4.767e-04, unitary_metric = 1.00000
Error = :1.52e-01; Runtime: 11.3s; Iterations = 260, grads =   1.168e-05, unitary_metric = 1.00000
Error = :1.52e-01; Runtime: 12.2s; Iterations = 280, grads =   3.181e-04, unitary_metric = 1.00000
Error = :1.52e-01; Runtime: 13.0s; Iterations = 300, grads =   7.472e-05, unitary_metric = 1.00000
Error = :1.51e-01; Runtime: 13.9s; Iterations = 320, grads =   1.614e-05, unitary_metric = 1.00000
Error = :1.51e-01; Runtime: 14.7s; Iterations = 340, grads =   3.402e-06, unitary_metric = 1.00000
Error = :1.51e-01; Runtime: 15.6s; Iterations = 360, grads =   2.965e-06, unitary_metric = 1.00000
Error = :1.51e-01; Runtime: 16.4s; Iterations = 380, grads =   2.879e-06, unitary_metric = 1.00000
Error = :1.52e-01; Runtime: 17.2s; Iterations = 400, grads =   4.219e-06, unitary_metric = 1.00000
Error = :1.52e-01; Runtime: 18.1s; Iterations = 420, grads =   5.756e-06, unitary_metric = 1.00000
Error = :1.52e-01; Runtime: 19.0s; Iterations = 440, grads =   5.321e-06, unitary_metric = 1.00000
Error = :1.51e-01; Runtime: 19.8s; Iterations = 460, grads =   3.548e-06, unitary_metric = 1.00000
Error = :1.51e-01; Runtime: 20.6s; Iterations = 480, grads =   2.252e-06, unitary_metric = 1.00000
Error = :1.51e-01; Runtime: 21.4s; Iterations = 500, grads =   1.599e-06, unitary_metric = 1.00000
Error = :1.51e-01; Runtime: 22.4s; Iterations = 520, grads =   2.375e-06, unitary_metric = 1.00000
Error = :1.51e-01; Runtime: 23.3s; Iterations = 540, grads =   1.303e-04, unitary_metric = 1.00000
Error = :1.51e-01; Runtime: 24.1s; Iterations = 560, grads =   2.122e-05, unitary_metric = 1.00000
Error = :1.51e-01; Runtime: 24.9s; Iterations = 580, grads =   2.154e-05, unitary_metric = 1.00000
Error = :1.51e-01; Runtime: 25.7s; Iterations = 600, grads =   1.551e-05, unitary_metric = 1.00000
Error = :1.50e-01; Runtime: 26.7s; Iterations = 620, grads =   2.160e-06, unitary_metric = 1.00000
Error = :1.50e-01; Runtime: 27.5s; Iterations = 640, grads =   6.345e-07, unitary_metric = 1.00000
Error = :1.50e-01; Runtime: 28.4s; Iterations = 660, grads =   4.606e-07, unitary_metric = 1.00000
Error = :1.50e-01; Runtime: 29.2s; Iterations = 680, grads =   3.361e-07, unitary_metric = 1.00000
Error = :1.50e-01; Runtime: 30.0s; Iterations = 700, grads =   2.747e-07, unitary_metric = 1.00000
Error = :1.51e-01; Runtime: 31.0s; Iterations = 720, grads =   2.343e-07, unitary_metric = 1.00000
Error = :1.51e-01; Runtime: 31.8s; Iterations = 740, grads =   2.133e-07, unitary_metric = 1.00000
Error = :1.51e-01; Runtime: 32.6s; Iterations = 760, grads =   2.149e-07, unitary_metric = 1.00000
Error = :1.51e-01; Runtime: 33.4s; Iterations = 780, grads =   2.449e-07, unitary_metric = 1.00000
Error = :1.51e-01; Runtime: 34.2s; Iterations = 800, grads =   3.558e-07, unitary_metric = 1.00000
Error = :1.51e-01; Runtime: 35.2s; Iterations = 820, grads =   6.343e-07, unitary_metric = 1.00000
Error = :1.52e-01; Runtime: 36.0s; Iterations = 840, grads =   3.810e-04, unitary_metric = 1.00000
Error = :1.52e-01; Runtime: 36.8s; Iterations = 860, grads =   2.835e-05, unitary_metric = 1.00000
Error = :1.52e-01; Runtime: 37.6s; Iterations = 880, grads =   5.604e-06, unitary_metric = 1.00000
Error = :1.52e-01; Runtime: 38.5s; Iterations = 900, grads =   5.444e-07, unitary_metric = 1.00000
Error = :1.52e-01; Runtime: 39.4s; Iterations = 920, grads =   2.782e-07, unitary_metric = 1.00000
Error = :1.52e-01; Runtime: 40.2s; Iterations = 940, grads =   2.414e-07, unitary_metric = 1.00000
Error = :1.52e-01; Runtime: 41.1s; Iterations = 960, grads =   1.861e-07, unitary_metric = 1.00000
Error = :1.52e-01; Runtime: 42.0s; Iterations = 980, grads =   1.594e-07, unitary_metric = 1.00000
Error = :1.52e-01; Runtime: 42.8s; Iterations = 1000, grads =   1.400e-07, unitary_metric = 1.00000
Error = :1.52e-01; Runtime: 43.8s; Iterations = 1020, grads =   1.246e-07, unitary_metric = 1.00000
Error = :1.52e-01; Runtime: 44.6s; Iterations = 1040, grads =   1.201e-07, unitary_metric = 1.00000
Error = :1.52e-01; Runtime: 45.4s; Iterations = 1060, grads =   2.890e-05, unitary_metric = 1.00000
Error = :1.52e-01; Runtime: 46.3s; Iterations = 1080, grads =   2.068e-04, unitary_metric = 1.00000
Error = :1.52e-01; Runtime: 47.1s; Iterations = 1100, grads =   1.414e-05, unitary_metric = 1.00000
Error = :1.52e-01; Runtime: 48.1s; Iterations = 1120, grads =   2.536e-07, unitary_metric = 1.00000
Error = :1.52e-01; Runtime: 48.9s; Iterations = 1140, grads =   1.928e-07, unitary_metric = 1.00000
Error = :1.52e-01; Runtime: 49.8s; Iterations = 1160, grads =   2.779e-07, unitary_metric = 1.00000
Error = :1.52e-01; Runtime: 50.6s; Iterations = 1180, grads =   6.725e-07, unitary_metric = 1.00000
Error = :1.52e-01; Runtime: 51.4s; Iterations = 1200, grads =   1.472e-06, unitary_metric = 1.00000
Error = :1.52e-01; Runtime: 52.4s; Iterations = 1220, grads =   2.449e-06, unitary_metric = 1.00000
Error = :1.52e-01; Runtime: 53.2s; Iterations = 1240, grads =   2.755e-06, unitary_metric = 1.00000
Error = :1.52e-01; Runtime: 54.0s; Iterations = 1260, grads =   2.099e-06, unitary_metric = 1.00000
Error = :1.51e-01; Runtime: 54.8s; Iterations = 1280, grads =   1.163e-06, unitary_metric = 1.00000
Error = :1.51e-01; Runtime: 55.6s; Iterations = 1300, grads =   5.630e-07, unitary_metric = 1.00000
Error = :1.51e-01; Runtime: 56.6s; Iterations = 1320, grads =   7.902e-07, unitary_metric = 1.00000
Error = :1.51e-01; Runtime: 57.4s; Iterations = 1340, grads =   4.185e-04, unitary_metric = 1.00000
Error = :1.51e-01; Runtime: 58.2s; Iterations = 1360, grads =   1.243e-05, unitary_metric = 1.00000
Error = :1.51e-01; Runtime: 59.0s; Iterations = 1380, grads =   7.413e-07, unitary_metric = 1.00000
Error = :1.51e-01; Runtime: 59.9s; Iterations = 1400, grads =   3.648e-07, unitary_metric = 1.00000
Error = :1.51e-01; Runtime: 60.8s; Iterations = 1420, grads =   1.167e-07, unitary_metric = 1.00000
Error = :1.51e-01; Runtime: 61.6s; Iterations = 1440, grads =   6.110e-08, unitary_metric = 1.00000
Error = :1.51e-01; Runtime: 62.4s; Iterations = 1460, grads =   4.934e-08, unitary_metric = 1.00000
Error = :1.51e-01; Runtime: 63.3s; Iterations = 1480, grads =   4.183e-08, unitary_metric = 1.00000
Error = :1.51e-01; Runtime: 64.1s; Iterations = 1500, grads =   3.671e-08, unitary_metric = 1.00000
Error = :1.51e-01; Runtime: 65.0s; Iterations = 1520, grads =   3.283e-08, unitary_metric = 1.00000
Error = :1.51e-01; Runtime: 65.9s; Iterations = 1540, grads =   2.967e-08, unitary_metric = 1.00000
Error = :1.51e-01; Runtime: 66.7s; Iterations = 1560, grads =   2.733e-08, unitary_metric = 1.00000
Error = :1.51e-01; Runtime: 67.5s; Iterations = 1580, grads =   2.139e-07, unitary_metric = 1.00000
Error = :1.51e-01; Runtime: 68.4s; Iterations = 1600, grads =   1.954e-04, unitary_metric = 1.00000
Error = :1.51e-01; Runtime: 69.3s; Iterations = 1620, grads =   1.660e-05, unitary_metric = 1.00000
Error = :1.51e-01; Runtime: 70.1s; Iterations = 1640, grads =   6.212e-06, unitary_metric = 1.00000
Error = :1.51e-01; Runtime: 70.9s; Iterations = 1660, grads =   1.394e-06, unitary_metric = 1.00000
Error = :1.51e-01; Runtime: 71.8s; Iterations = 1680, grads =   1.982e-07, unitary_metric = 1.00000
Error = :1.51e-01; Runtime: 72.7s; Iterations = 1700, grads =   2.090e-08, unitary_metric = 1.00000
Error = :1.51e-01; Runtime: 73.6s; Iterations = 1720, grads =   1.873e-08, unitary_metric = 1.00000
Error = :1.51e-01; Runtime: 74.4s; Iterations = 1740, grads =   1.633e-08, unitary_metric = 1.00000
Error = :1.51e-01; Runtime: 75.2s; Iterations = 1760, grads =   1.530e-08, unitary_metric = 1.00000
Error = :1.51e-01; Runtime: 76.0s; Iterations = 1780, grads =   1.468e-08, unitary_metric = 1.00000
Error = :1.51e-01; Runtime: 76.9s; Iterations = 1800, grads =   1.415e-08, unitary_metric = 1.00000
Error = :1.51e-01; Runtime: 77.8s; Iterations = 1820, grads =   1.371e-08, unitary_metric = 1.00000
Error = :1.51e-01; Runtime: 78.6s; Iterations = 1840, grads =   1.334e-08, unitary_metric = 1.00000
Error = :1.51e-01; Runtime: 79.4s; Iterations = 1860, grads =   1.353e-08, unitary_metric = 1.00000
Error = :1.51e-01; Runtime: 80.3s; Iterations = 1880, grads =   6.894e-08, unitary_metric = 1.00000
Error = :1.51e-01; Runtime: 81.2s; Iterations = 1900, grads =   3.734e-05, unitary_metric = 1.00000
Error = :1.51e-01; Runtime: 82.2s; Iterations = 1920, grads =   2.274e-05, unitary_metric = 1.00000
Error = :1.51e-01; Runtime: 83.0s; Iterations = 1940, grads =   6.522e-06, unitary_metric = 1.00000
Error = :1.51e-01; Runtime: 83.9s; Iterations = 1960, grads =   3.447e-07, unitary_metric = 1.00000
Error = :1.51e-01; Runtime: 84.7s; Iterations = 1980, grads =   1.192e-07, unitary_metric = 1.00000
Error = :1.51e-01; Runtime: 85.6s; Iterations = 2000, grads =   2.141e-08, unitary_metric = 1.00000
Error = :1.51e-01; Runtime: 86.5s; Iterations = 2020, grads =   1.152e-08, unitary_metric = 1.00000
Error = :1.51e-01; Runtime: 87.4s; Iterations = 2040, grads =   1.022e-08, unitary_metric = 1.00000
Error = :1.51e-01; Runtime: 88.2s; Iterations = 2060, grads =   9.570e-09, unitary_metric = 1.00000
Error = :1.51e-01; Runtime: 89.0s; Iterations = 2080, grads =   9.501e-09, unitary_metric = 1.00000
Error = :1.51e-01; Runtime: 89.8s; Iterations = 2100, grads =   9.225e-09, unitary_metric = 1.00000
Error = :1.51e-01; Runtime: 90.8s; Iterations = 2120, grads =   1.032e-08, unitary_metric = 1.00000
Error = :1.51e-01; Runtime: 91.6s; Iterations = 2140, grads =   1.907e-07, unitary_metric = 1.00000
Error = :1.51e-01; Runtime: 92.4s; Iterations = 2160, grads =   6.823e-05, unitary_metric = 1.00000
Error = :1.51e-01; Runtime: 93.2s; Iterations = 2180, grads =   1.736e-05, unitary_metric = 1.00000
Error = :1.51e-01; Runtime: 94.1s; Iterations = 2200, grads =   2.200e-06, unitary_metric = 1.00000
Error = :1.51e-01; Runtime: 95.0s; Iterations = 2220, grads =   8.221e-07, unitary_metric = 1.00000
Error = :1.51e-01; Runtime: 95.8s; Iterations = 2240, grads =   1.271e-07, unitary_metric = 1.00000
Error = :1.51e-01; Runtime: 96.6s; Iterations = 2260, grads =   2.507e-08, unitary_metric = 1.00000
Error = :1.51e-01; Runtime: 97.5s; Iterations = 2280, grads =   8.413e-09, unitary_metric = 1.00000
Error = :1.51e-01; Runtime: 98.3s; Iterations = 2300, grads =   7.287e-09, unitary_metric = 1.00000
Error = :1.51e-01; Runtime: 99.2s; Iterations = 2320, grads =   7.153e-09, unitary_metric = 1.00000
Error = :1.51e-01; Runtime: 100.0s; Iterations = 2340, grads =   6.838e-09, unitary_metric = 1.00000
Error = :1.51e-01; Runtime: 100.8s; Iterations = 2360, grads =   6.740e-09, unitary_metric = 1.00000
Error = :1.51e-01; Runtime: 101.7s; Iterations = 2380, grads =   7.393e-09, unitary_metric = 1.00000
Error = :1.51e-01; Runtime: 102.5s; Iterations = 2400, grads =   1.705e-07, unitary_metric = 1.00000
Error = :1.51e-01; Runtime: 103.4s; Iterations = 2420, grads =   1.183e-04, unitary_metric = 1.00000
Error = :1.51e-01; Runtime: 104.3s; Iterations = 2440, grads =   9.878e-06, unitary_metric = 1.00000
Error = :1.51e-01; Runtime: 105.1s; Iterations = 2460, grads =   1.632e-06, unitary_metric = 1.00000
Error = :1.51e-01; Runtime: 105.9s; Iterations = 2480, grads =   1.763e-07, unitary_metric = 1.00000
Error = :1.51e-01; Runtime: 106.8s; Iterations = 2500, grads =   5.478e-08, unitary_metric = 1.00000
Error = :1.51e-01; Runtime: 107.7s; Iterations = 2520, grads =   8.404e-09, unitary_metric = 1.00000
Error = :1.51e-01; Runtime: 108.6s; Iterations = 2540, grads =   5.578e-09, unitary_metric = 1.00000
Error = :1.51e-01; Runtime: 109.4s; Iterations = 2560, grads =   5.479e-09, unitary_metric = 1.00000
Error = :1.51e-01; Runtime: 110.3s; Iterations = 2580, grads =   5.556e-09, unitary_metric = 1.00000
Error = :1.51e-01; Runtime: 111.1s; Iterations = 2600, grads =   5.774e-09, unitary_metric = 1.00000
Error = :1.51e-01; Runtime: 112.0s; Iterations = 2620, grads =   5.317e-09, unitary_metric = 1.00000
Error = :1.51e-01; Runtime: 112.8s; Iterations = 2640, grads =   7.811e-09, unitary_metric = 1.00000
Error = :1.51e-01; Runtime: 113.7s; Iterations = 2660, grads =   2.569e-07, unitary_metric = 1.00000
Error = :1.51e-01; Runtime: 114.6s; Iterations = 2680, grads =   4.798e-05, unitary_metric = 1.00000
Error = :1.51e-01; Runtime: 115.4s; Iterations = 2700, grads =   3.545e-06, unitary_metric = 1.00000
Error = :1.51e-01; Runtime: 116.4s; Iterations = 2720, grads =   1.247e-06, unitary_metric = 1.00000
Error = :1.51e-01; Runtime: 117.3s; Iterations = 2740, grads =   3.701e-05, unitary_metric = 1.00000
Error = :1.51e-01; Runtime: 118.1s; Iterations = 2760, grads =   4.330e-06, unitary_metric = 1.00000
Error = :1.51e-01; Runtime: 119.0s; Iterations = 2780, grads =   5.419e-07, unitary_metric = 1.00000
Error = :1.51e-01; Runtime: 119.8s; Iterations = 2800, grads =   7.767e-08, unitary_metric = 1.00000
Error = :1.51e-01; Runtime: 120.7s; Iterations = 2820, grads =   7.820e-09, unitary_metric = 1.00000
Error = :1.51e-01; Runtime: 121.6s; Iterations = 2840, grads =   5.272e-09, unitary_metric = 1.00000
Error = :1.51e-01; Runtime: 122.4s; Iterations = 2860, grads =   4.469e-09, unitary_metric = 1.00000
Error = :1.51e-01; Runtime: 123.2s; Iterations = 2880, grads =   8.272e-09, unitary_metric = 1.00000
Error = :1.51e-01; Runtime: 124.0s; Iterations = 2900, grads =   4.204e-07, unitary_metric = 1.00000
Error = :1.51e-01; Runtime: 125.0s; Iterations = 2920, grads =   3.846e-05, unitary_metric = 1.00000
Error = :1.51e-01; Runtime: 125.8s; Iterations = 2940, grads =   4.511e-06, unitary_metric = 1.00000
Error = :1.51e-01; Runtime: 126.6s; Iterations = 2960, grads =   2.213e-05, unitary_metric = 1.00000
Error = :1.51e-01; Runtime: 127.4s; Iterations = 2980, grads =   2.309e-06, unitary_metric = 1.00000
Error = :1.51e-01; Runtime: 128.2s; Iterations = 3000, grads =   6.861e-07, unitary_metric = 1.00000
Error = :1.51e-01; Runtime: 129.2s; Iterations = 3020, grads =   5.244e-08, unitary_metric = 1.00000
Error = :1.51e-01; Runtime: 130.0s; Iterations = 3040, grads =   1.278e-08, unitary_metric = 1.00000
Error = :1.51e-01; Runtime: 130.8s; Iterations = 3060, grads =   3.891e-09, unitary_metric = 1.00000
Error = :1.51e-01; Runtime: 131.7s; Iterations = 3080, grads =   3.899e-09, unitary_metric = 1.00000
Error = :1.51e-01; Runtime: 132.5s; Iterations = 3100, grads =   4.805e-09, unitary_metric = 1.00000
Error = :1.51e-01; Runtime: 133.5s; Iterations = 3120, grads =   7.923e-09, unitary_metric = 1.00000
Error = :1.51e-01; Runtime: 134.3s; Iterations = 3140, grads =   1.635e-07, unitary_metric = 1.00000
Error = :1.51e-01; Runtime: 135.1s; Iterations = 3160, grads =   3.417e-05, unitary_metric = 1.00000
Error = :1.51e-01; Runtime: 136.0s; Iterations = 3180, grads =   5.839e-06, unitary_metric = 1.00000
Error = :1.51e-01; Runtime: 136.8s; Iterations = 3200, grads =   8.544e-07, unitary_metric = 1.00000
Error = :1.51e-01; Runtime: 137.8s; Iterations = 3220, grads =   9.590e-08, unitary_metric = 1.00000
Error = :1.51e-01; Runtime: 138.6s; Iterations = 3240, grads =   7.329e-09, unitary_metric = 1.00000
Error = :1.51e-01; Runtime: 139.4s; Iterations = 3260, grads =   7.740e-09, unitary_metric = 1.00000
Error = :1.51e-01; Runtime: 140.3s; Iterations = 3280, grads =   3.601e-09, unitary_metric = 1.00000
Error = :1.51e-01; Runtime: 141.1s; Iterations = 3300, grads =   3.255e-09, unitary_metric = 1.00000
Error = :1.51e-01; Runtime: 142.0s; Iterations = 3320, grads =   3.182e-09, unitary_metric = 1.00000
Error = :1.51e-01; Runtime: 142.9s; Iterations = 3340, grads =   3.548e-09, unitary_metric = 1.00000
Error = :1.51e-01; Runtime: 143.8s; Iterations = 3360, grads =   1.343e-08, unitary_metric = 1.00000
Error = :1.51e-01; Runtime: 144.6s; Iterations = 3380, grads =   2.074e-06, unitary_metric = 1.00000
Error = :1.51e-01; Runtime: 145.4s; Iterations = 3400, grads =   6.771e-06, unitary_metric = 1.00000
Error = :1.51e-01; Runtime: 146.4s; Iterations = 3420, grads =   6.562e-06, unitary_metric = 1.00000
Error = :1.51e-01; Runtime: 147.3s; Iterations = 3440, grads =   6.534e-07, unitary_metric = 1.00000
Error = :1.51e-01; Runtime: 148.1s; Iterations = 3460, grads =   3.613e-08, unitary_metric = 1.00000
Error = :1.51e-01; Runtime: 149.0s; Iterations = 3480, grads =   1.092e-08, unitary_metric = 1.00000
Error = :1.51e-01; Runtime: 149.8s; Iterations = 3500, grads =   6.277e-09, unitary_metric = 1.00000
Error = :1.51e-01; Runtime: 150.8s; Iterations = 3520, grads =   3.680e-09, unitary_metric = 1.00000
Error = :1.51e-01; Runtime: 151.7s; Iterations = 3540, grads =   3.009e-09, unitary_metric = 1.00000
Error = :1.51e-01; Runtime: 152.5s; Iterations = 3560, grads =   2.908e-09, unitary_metric = 1.00000
Error = :1.51e-01; Runtime: 153.3s; Iterations = 3580, grads =   2.911e-09, unitary_metric = 1.00000
Error = :1.51e-01; Runtime: 154.2s; Iterations = 3600, grads =   7.006e-09, unitary_metric = 1.00000
Error = :1.51e-01; Runtime: 155.1s; Iterations = 3620, grads =   5.224e-08, unitary_metric = 1.00000
Error = :1.51e-01; Runtime: 155.9s; Iterations = 3640, grads =   1.172e-05, unitary_metric = 1.00000
Error = :1.51e-01; Runtime: 156.7s; Iterations = 3660, grads =   1.079e-05, unitary_metric = 1.00000
Error = :1.51e-01; Runtime: 157.6s; Iterations = 3680, grads =   6.545e-07, unitary_metric = 1.00000
Error = :1.51e-01; Runtime: 158.4s; Iterations = 3700, grads =   3.513e-08, unitary_metric = 1.00000
Error = :1.51e-01; Runtime: 159.4s; Iterations = 3720, grads =   4.706e-09, unitary_metric = 1.00000
Error = :1.51e-01; Runtime: 160.2s; Iterations = 3740, grads =   4.307e-09, unitary_metric = 1.00000
Error = :1.51e-01; Runtime: 161.0s; Iterations = 3760, grads =   2.853e-09, unitary_metric = 1.00000
Error = :1.51e-01; Runtime: 161.9s; Iterations = 3780, grads =   2.732e-09, unitary_metric = 1.00000
Error = :1.51e-01; Runtime: 162.7s; Iterations = 3800, grads =   8.920e-09, unitary_metric = 1.00000
Error = :1.51e-01; Runtime: 163.6s; Iterations = 3820, grads =   2.872e-09, unitary_metric = 1.00000
Error = :1.51e-01; Runtime: 164.4s; Iterations = 3840, grads =   4.291e-09, unitary_metric = 1.00000
Error = :1.51e-01; Runtime: 165.3s; Iterations = 3860, grads =   9.425e-08, unitary_metric = 1.00000
Error = :1.51e-01; Runtime: 166.1s; Iterations = 3880, grads =   1.556e-05, unitary_metric = 1.00000
Error = :1.51e-01; Runtime: 166.9s; Iterations = 3900, grads =   2.245e-07, unitary_metric = 1.00000
Error = :1.51e-01; Runtime: 167.8s; Iterations = 3920, grads =   1.859e-05, unitary_metric = 1.00000
Error = :1.51e-01; Runtime: 168.7s; Iterations = 3940, grads =   6.756e-07, unitary_metric = 1.00000
Error = :1.51e-01; Runtime: 169.5s; Iterations = 3960, grads =   2.753e-08, unitary_metric = 1.00000
Error = :1.51e-01; Runtime: 170.4s; Iterations = 3980, grads =   8.166e-09, unitary_metric = 1.00000
Error = :1.51e-01; Runtime: 171.2s; Iterations = 4000, grads =   7.938e-09, unitary_metric = 1.00000
Error = :1.51e-01; Runtime: 172.2s; Iterations = 4020, grads =   2.895e-09, unitary_metric = 1.00000
Error = :1.51e-01; Runtime: 173.0s; Iterations = 4040, grads =   2.681e-09, unitary_metric = 1.00000
Error = :1.51e-01; Runtime: 173.8s; Iterations = 4060, grads =   3.254e-09, unitary_metric = 1.00000
Error = :1.51e-01; Runtime: 174.7s; Iterations = 4080, grads =   9.081e-09, unitary_metric = 1.00000
Error = :1.51e-01; Runtime: 175.5s; Iterations = 4100, grads =   3.930e-07, unitary_metric = 1.00000
Error = :1.51e-01; Runtime: 176.5s; Iterations = 4120, grads =   9.887e-06, unitary_metric = 1.00000
Error = :1.51e-01; Runtime: 177.3s; Iterations = 4140, grads =   5.829e-06, unitary_metric = 1.00000
Error = :1.51e-01; Runtime: 178.1s; Iterations = 4160, grads =   3.520e-06, unitary_metric = 1.00000
Error = :1.51e-01; Runtime: 179.0s; Iterations = 4180, grads =   1.886e-07, unitary_metric = 1.00000
Error = :1.51e-01; Runtime: 179.8s; Iterations = 4200, grads =   1.124e-08, unitary_metric = 1.00000
Error = :1.51e-01; Runtime: 180.7s; Iterations = 4220, grads =   9.709e-09, unitary_metric = 1.00000
Error = :1.51e-01; Runtime: 181.5s; Iterations = 4240, grads =   3.195e-09, unitary_metric = 1.00000
Error = :1.51e-01; Runtime: 182.4s; Iterations = 4260, grads =   2.335e-09, unitary_metric = 1.00000
Error = :1.51e-01; Runtime: 183.2s; Iterations = 4280, grads =   2.411e-09, unitary_metric = 1.00000
Error = :1.51e-01; Runtime: 184.0s; Iterations = 4300, grads =   3.973e-09, unitary_metric = 1.00000
Error = :1.51e-01; Runtime: 184.9s; Iterations = 4320, grads =   1.344e-07, unitary_metric = 1.00000
Error = :1.51e-01; Runtime: 185.8s; Iterations = 4340, grads =   1.463e-05, unitary_metric = 1.00000
Error = :1.51e-01; Runtime: 186.6s; Iterations = 4360, grads =   7.085e-07, unitary_metric = 1.00000
Error = :1.51e-01; Runtime: 187.4s; Iterations = 4380, grads =   1.135e-05, unitary_metric = 1.00000
Error = :1.51e-01; Runtime: 188.2s; Iterations = 4400, grads =   1.268e-06, unitary_metric = 1.00000
Error = :1.51e-01; Runtime: 189.2s; Iterations = 4420, grads =   3.581e-07, unitary_metric = 1.00000
Error = :1.51e-01; Runtime: 190.0s; Iterations = 4440, grads =   2.188e-08, unitary_metric = 1.00000
Error = :1.51e-01; Runtime: 190.9s; Iterations = 4460, grads =   1.052e-08, unitary_metric = 1.00000
Error = :1.51e-01; Runtime: 191.7s; Iterations = 4480, grads =   2.415e-09, unitary_metric = 1.00000
Error = :1.51e-01; Runtime: 192.5s; Iterations = 4500, grads =   2.016e-09, unitary_metric = 1.00000
Error = :1.51e-01; Runtime: 193.5s; Iterations = 4520, grads =   4.902e-09, unitary_metric = 1.00000
Error = :1.51e-01; Runtime: 194.3s; Iterations = 4540, grads =   2.201e-09, unitary_metric = 1.00000
Error = :1.51e-01; Runtime: 195.1s; Iterations = 4560, grads =   1.506e-08, unitary_metric = 1.00000
Error = :1.51e-01; Runtime: 195.9s; Iterations = 4580, grads =   4.318e-06, unitary_metric = 1.00000
Error = :1.51e-01; Runtime: 196.8s; Iterations = 4600, grads =   2.703e-06, unitary_metric = 1.00000
Error = :1.51e-01; Runtime: 197.8s; Iterations = 4620, grads =   1.314e-07, unitary_metric = 1.00000
Error = :1.51e-01; Runtime: 198.6s; Iterations = 4640, grads =   7.403e-09, unitary_metric = 1.00000
Error = :1.51e-01; Runtime: 199.4s; Iterations = 4660, grads =   3.693e-09, unitary_metric = 1.00000
Error = :1.51e-01; Runtime: 200.2s; Iterations = 4680, grads =   2.886e-09, unitary_metric = 1.00000
Error = :1.51e-01; Runtime: 201.1s; Iterations = 4700, grads =   1.156e-08, unitary_metric = 1.00000
Error = :1.51e-01; Runtime: 202.0s; Iterations = 4720, grads =   2.570e-06, unitary_metric = 1.00000
Error = :1.51e-01; Runtime: 202.8s; Iterations = 4740, grads =   3.530e-06, unitary_metric = 1.00000
Error = :1.51e-01; Runtime: 203.7s; Iterations = 4760, grads =   4.348e-07, unitary_metric = 1.00000
Error = :1.51e-01; Runtime: 204.5s; Iterations = 4780, grads =   5.941e-08, unitary_metric = 1.00000
Error = :1.51e-01; Runtime: 205.3s; Iterations = 4800, grads =   9.249e-09, unitary_metric = 1.00000
Error = :1.51e-01; Runtime: 206.3s; Iterations = 4820, grads =   2.876e-09, unitary_metric = 1.00000
Error = :1.51e-01; Runtime: 207.1s; Iterations = 4840, grads =   2.553e-09, unitary_metric = 1.00000
Error = :1.51e-01; Runtime: 208.0s; Iterations = 4860, grads =   3.189e-07, unitary_metric = 1.00000
Error = :1.51e-01; Runtime: 208.8s; Iterations = 4880, grads =   2.752e-07, unitary_metric = 1.00000
Error = :1.51e-01; Runtime: 209.6s; Iterations = 4900, grads =   3.538e-07, unitary_metric = 1.00000
Error = :1.51e-01; Runtime: 210.5s; Iterations = 4920, grads =   1.248e-07, unitary_metric = 1.00000
Error = :1.51e-01; Runtime: 211.4s; Iterations = 4940, grads =   1.190e-08, unitary_metric = 1.00000
Error = :1.51e-01; Runtime: 212.2s; Iterations = 4960, grads =   1.962e-08, unitary_metric = 1.00000
Error = :1.51e-01; Runtime: 213.0s; Iterations = 4980, grads =   3.124e-06, unitary_metric = 1.00000
Error = :1.51e-01; Runtime: 213.8s; Iterations = 5000, grads =   2.200e-06, unitary_metric = 1.00000
Error = :1.51e-01; Runtime: 214.7s; Iterations = 5020, grads =   2.862e-07, unitary_metric = 1.00000
Error = :1.51e-01; Runtime: 215.6s; Iterations = 5040, grads =   3.056e-08, unitary_metric = 1.00000
Error = :1.51e-01; Runtime: 216.4s; Iterations = 5060, grads =   1.847e-09, unitary_metric = 1.00000
Error = :1.51e-01; Runtime: 217.2s; Iterations = 5080, grads =   2.022e-09, unitary_metric = 1.00000
Error = :1.51e-01; Runtime: 218.0s; Iterations = 5100, grads =   1.705e-09, unitary_metric = 1.00000
Error = :1.51e-01; Runtime: 218.9s; Iterations = 5120, grads =   2.336e-09, unitary_metric = 1.00000
Error = :1.51e-01; Runtime: 219.8s; Iterations = 5140, grads =   1.087e-08, unitary_metric = 1.00000
Error = :1.51e-01; Runtime: 220.6s; Iterations = 5160, grads =   6.127e-07, unitary_metric = 1.00000
Error = :1.51e-01; Runtime: 221.4s; Iterations = 5180, grads =   1.173e-07, unitary_metric = 1.00000
Error = :1.51e-01; Runtime: 222.3s; Iterations = 5200, grads =   3.464e-07, unitary_metric = 1.00000
Error = :1.51e-01; Runtime: 223.2s; Iterations = 5220, grads =   3.872e-06, unitary_metric = 1.00000
Error = :1.51e-01; Runtime: 224.1s; Iterations = 5240, grads =   1.082e-06, unitary_metric = 1.00000
Error = :1.51e-01; Runtime: 224.9s; Iterations = 5260, grads =   1.883e-07, unitary_metric = 1.00000
Error = :1.51e-01; Runtime: 225.7s; Iterations = 5280, grads =   1.227e-08, unitary_metric = 1.00000
Error = :1.51e-01; Runtime: 226.6s; Iterations = 5300, grads =   2.823e-09, unitary_metric = 1.00000
Error = :1.51e-01; Runtime: 227.5s; Iterations = 5320, grads =   2.177e-09, unitary_metric = 1.00000
Error = :1.51e-01; Runtime: 228.3s; Iterations = 5340, grads =   2.004e-09, unitary_metric = 1.00000
Error = :1.51e-01; Runtime: 229.1s; Iterations = 5360, grads =   5.832e-09, unitary_metric = 1.00000
Error = :1.51e-01; Runtime: 230.0s; Iterations = 5380, grads =   1.357e-06, unitary_metric = 1.00000
Error = :1.51e-01; Runtime: 230.8s; Iterations = 5400, grads =   2.561e-06, unitary_metric = 1.00000
Error = :1.51e-01; Runtime: 231.7s; Iterations = 5420, grads =   3.328e-07, unitary_metric = 1.00000
Error = :1.51e-01; Runtime: 232.6s; Iterations = 5440, grads =   2.105e-06, unitary_metric = 1.00000
Error = :1.51e-01; Runtime: 233.4s; Iterations = 5460, grads =   1.397e-06, unitary_metric = 1.00000
Error = :1.51e-01; Runtime: 234.2s; Iterations = 5480, grads =   6.775e-08, unitary_metric = 1.00000
Error = :1.51e-01; Runtime: 235.0s; Iterations = 5500, grads =   6.087e-09, unitary_metric = 1.00000
Error = :1.51e-01; Runtime: 236.0s; Iterations = 5520, grads =   3.812e-09, unitary_metric = 1.00000
Error = :1.51e-01; Runtime: 236.8s; Iterations = 5540, grads =   1.689e-09, unitary_metric = 1.00000
Error = :1.51e-01; Runtime: 237.6s; Iterations = 5560, grads =   1.410e-09, unitary_metric = 1.00000
Error = :1.51e-01; Runtime: 238.4s; Iterations = 5580, grads =   1.427e-09, unitary_metric = 1.00000
Error = :1.51e-01; Runtime: 239.2s; Iterations = 5600, grads =   1.420e-09, unitary_metric = 1.00000
Error = :1.51e-01; Runtime: 240.2s; Iterations = 5620, grads =   3.593e-09, unitary_metric = 1.00000
Error = :1.51e-01; Runtime: 241.0s; Iterations = 5640, grads =   1.565e-07, unitary_metric = 1.00000
Error = :1.51e-01; Runtime: 241.8s; Iterations = 5660, grads =   3.177e-06, unitary_metric = 1.00000
Error = :1.51e-01; Runtime: 242.6s; Iterations = 5680, grads =   3.774e-06, unitary_metric = 1.00000
Error = :1.51e-01; Runtime: 243.5s; Iterations = 5700, grads =   3.255e-08, unitary_metric = 1.00000
Error = :1.51e-01; Runtime: 244.4s; Iterations = 5720, grads =   2.606e-07, unitary_metric = 1.00000
Error = :1.51e-01; Runtime: 245.2s; Iterations = 5740, grads =   1.951e-09, unitary_metric = 1.00000
Error = :1.51e-01; Runtime: 246.1s; Iterations = 5760, grads =   4.715e-09, unitary_metric = 1.00000
Error = :1.51e-01; Runtime: 247.0s; Iterations = 5780, grads =   1.797e-09, unitary_metric = 1.00000
Error = :1.51e-01; Runtime: 247.8s; Iterations = 5800, grads =   1.292e-09, unitary_metric = 1.00000
Error = :1.51e-01; Runtime: 248.8s; Iterations = 5820, grads =   1.305e-09, unitary_metric = 1.00000
Error = :1.51e-01; Runtime: 249.7s; Iterations = 5840, grads =   2.360e-09, unitary_metric = 1.00000
Error = :1.51e-01; Runtime: 250.5s; Iterations = 5860, grads =   3.128e-08, unitary_metric = 1.00000
Error = :1.51e-01; Runtime: 251.3s; Iterations = 5880, grads =   4.747e-06, unitary_metric = 1.00000
Error = :1.51e-01; Runtime: 252.2s; Iterations = 5900, grads =   2.385e-08, unitary_metric = 1.00000
Error = :1.51e-01; Runtime: 253.1s; Iterations = 5920, grads =   1.435e-09, unitary_metric = 1.00000
Error = :1.51e-01; Runtime: 253.9s; Iterations = 5940, grads =   5.961e-09, unitary_metric = 1.00000
Error = :1.51e-01; Runtime: 254.7s; Iterations = 5960, grads =   2.755e-09, unitary_metric = 1.00000
Error = :1.51e-01; Runtime: 255.6s; Iterations = 5980, grads =   2.611e-09, unitary_metric = 1.00000
Error = :1.51e-01; Runtime: 256.4s; Iterations = 6000, grads =   5.676e-08, unitary_metric = 1.00000
data saved at: /project/ftchong/qoc/pranav/00010_29_lih_slice_229.h5


trying total_time: 3.75 for unitary of size (16, 16)
data saved at: /project/ftchong/qoc/pranav/00011_29_lih_slice_229.h5
Using 7 Taylor terms and 2 Scaling & Squaring terms
Building graph:
Propagators initialized.
Operators weight initialized.
Intermediate propagation variables initialized.
Intermediate propagators initialized.
Vectors initialized.
Training loss initialized.
Optimizer initialized.
Utilities initialized.
Graph built!
Initialized
Error = :7.77e-01; Runtime: 0.1s; Iterations = 0, grads =   3.896e-02, unitary_metric = 1.00000
Error = :6.06e-01; Runtime: 1.6s; Iterations = 20, grads =   9.287e-03, unitary_metric = 1.00000
Error = :5.02e-01; Runtime: 2.9s; Iterations = 40, grads =   3.882e-03, unitary_metric = 1.00000
Error = :4.95e-01; Runtime: 4.1s; Iterations = 60, grads =   8.531e-04, unitary_metric = 1.00000
Error = :4.28e-01; Runtime: 5.3s; Iterations = 80, grads =   3.112e-03, unitary_metric = 1.00000
Error = :1.50e-01; Runtime: 6.5s; Iterations = 100, grads =   2.785e-03, unitary_metric = 0.99999
Error = :4.37e-02; Runtime: 7.9s; Iterations = 120, grads =   2.638e-04, unitary_metric = 0.99999
Error = :2.11e-02; Runtime: 9.2s; Iterations = 140, grads =   9.965e-05, unitary_metric = 0.99999
Error = :1.36e-02; Runtime: 10.4s; Iterations = 160, grads =   3.580e-05, unitary_metric = 1.00000
Error = :1.03e-02; Runtime: 11.7s; Iterations = 180, grads =   1.954e-05, unitary_metric = 0.99999
Error = :8.66e-03; Runtime: 12.9s; Iterations = 200, grads =   1.382e-03, unitary_metric = 1.00000
Error = :7.31e-03; Runtime: 14.2s; Iterations = 220, grads =   2.083e-04, unitary_metric = 0.99999
Error = :6.44e-03; Runtime: 15.5s; Iterations = 240, grads =   9.987e-05, unitary_metric = 1.00000
Error = :5.80e-03; Runtime: 16.7s; Iterations = 260, grads =   8.635e-06, unitary_metric = 1.00000
Error = :5.32e-03; Runtime: 17.9s; Iterations = 280, grads =   5.385e-06, unitary_metric = 1.00000
Error = :4.93e-03; Runtime: 19.1s; Iterations = 300, grads =   3.745e-06, unitary_metric = 0.99999
Error = :4.62e-03; Runtime: 20.4s; Iterations = 320, grads =   3.090e-06, unitary_metric = 1.00000
Error = :4.36e-03; Runtime: 21.6s; Iterations = 340, grads =   2.619e-06, unitary_metric = 1.00000
Error = :4.15e-03; Runtime: 22.9s; Iterations = 360, grads =   2.245e-06, unitary_metric = 0.99999
Error = :3.97e-03; Runtime: 24.1s; Iterations = 380, grads =   1.944e-06, unitary_metric = 0.99999
Error = :3.81e-03; Runtime: 25.4s; Iterations = 400, grads =   2.181e-06, unitary_metric = 0.99999
Error = :3.68e-03; Runtime: 26.8s; Iterations = 420, grads =   1.545e-06, unitary_metric = 0.99999
Error = :3.57e-03; Runtime: 28.1s; Iterations = 440, grads =   1.333e-06, unitary_metric = 0.99999
Error = :3.47e-03; Runtime: 29.4s; Iterations = 460, grads =   5.431e-06, unitary_metric = 0.99999
Error = :3.40e-03; Runtime: 30.6s; Iterations = 480, grads =   2.109e-05, unitary_metric = 1.00000
Error = :3.34e-03; Runtime: 31.8s; Iterations = 500, grads =   7.965e-05, unitary_metric = 1.00000
Error = :3.28e-03; Runtime: 33.1s; Iterations = 520, grads =   1.976e-05, unitary_metric = 0.99999
Error = :3.23e-03; Runtime: 34.3s; Iterations = 540, grads =   1.866e-06, unitary_metric = 0.99999
Error = :3.18e-03; Runtime: 35.5s; Iterations = 560, grads =   9.564e-07, unitary_metric = 0.99999
Error = :3.14e-03; Runtime: 36.7s; Iterations = 580, grads =   9.640e-07, unitary_metric = 0.99999
Error = :3.08e-03; Runtime: 38.0s; Iterations = 600, grads =   9.366e-07, unitary_metric = 0.99999
Error = :3.01e-03; Runtime: 39.4s; Iterations = 620, grads =   9.310e-07, unitary_metric = 0.99999
Error = :2.94e-03; Runtime: 40.6s; Iterations = 640, grads =   1.506e-06, unitary_metric = 0.99999
Error = :2.86e-03; Runtime: 41.8s; Iterations = 660, grads =   8.956e-07, unitary_metric = 0.99999
Error = :2.79e-03; Runtime: 43.1s; Iterations = 680, grads =   7.479e-07, unitary_metric = 0.99999
Error = :2.73e-03; Runtime: 44.3s; Iterations = 700, grads =   6.761e-07, unitary_metric = 0.99999
Error = :2.70e-03; Runtime: 45.7s; Iterations = 720, grads =   1.154e-04, unitary_metric = 0.99999
Error = :2.67e-03; Runtime: 46.9s; Iterations = 740, grads =   3.762e-04, unitary_metric = 0.99999
Error = :2.60e-03; Runtime: 48.1s; Iterations = 760, grads =   1.788e-04, unitary_metric = 0.99999
Error = :2.54e-03; Runtime: 49.4s; Iterations = 780, grads =   2.185e-05, unitary_metric = 0.99999
Error = :2.50e-03; Runtime: 50.6s; Iterations = 800, grads =   8.874e-07, unitary_metric = 0.99999
Error = :2.46e-03; Runtime: 52.0s; Iterations = 820, grads =   7.846e-07, unitary_metric = 0.99999
Error = :2.43e-03; Runtime: 53.2s; Iterations = 840, grads =   4.036e-07, unitary_metric = 0.99999
Error = :2.40e-03; Runtime: 54.5s; Iterations = 860, grads =   4.021e-07, unitary_metric = 0.99999
Error = :2.37e-03; Runtime: 55.9s; Iterations = 880, grads =   3.301e-07, unitary_metric = 0.99999
Error = :2.34e-03; Runtime: 57.2s; Iterations = 900, grads =   2.806e-07, unitary_metric = 0.99999
Error = :2.31e-03; Runtime: 58.6s; Iterations = 920, grads =   3.217e-07, unitary_metric = 0.99999
Error = :2.28e-03; Runtime: 59.9s; Iterations = 940, grads =   2.361e-07, unitary_metric = 0.99999
Error = :2.26e-03; Runtime: 61.1s; Iterations = 960, grads =   2.279e-07, unitary_metric = 0.99999
Error = :2.24e-03; Runtime: 62.3s; Iterations = 980, grads =   1.021e-06, unitary_metric = 0.99999
Error = :2.51e-03; Runtime: 63.5s; Iterations = 1000, grads =   2.027e-03, unitary_metric = 0.99999
Error = :2.23e-03; Runtime: 64.8s; Iterations = 1020, grads =   1.855e-04, unitary_metric = 0.99999
Error = :2.19e-03; Runtime: 66.0s; Iterations = 1040, grads =   2.209e-05, unitary_metric = 0.99999
Error = :2.17e-03; Runtime: 67.2s; Iterations = 1060, grads =   2.897e-06, unitary_metric = 0.99999
Error = :2.15e-03; Runtime: 68.4s; Iterations = 1080, grads =   4.171e-07, unitary_metric = 0.99999
Error = :2.14e-03; Runtime: 69.6s; Iterations = 1100, grads =   1.764e-05, unitary_metric = 0.99999
Error = :2.19e-03; Runtime: 71.0s; Iterations = 1120, grads =   5.335e-04, unitary_metric = 1.00000
Error = :2.12e-03; Runtime: 72.2s; Iterations = 1140, grads =   3.315e-05, unitary_metric = 0.99999
Error = :2.10e-03; Runtime: 73.5s; Iterations = 1160, grads =   4.734e-07, unitary_metric = 0.99999
Error = :2.09e-03; Runtime: 74.7s; Iterations = 1180, grads =   1.313e-07, unitary_metric = 0.99999
Error = :2.08e-03; Runtime: 75.9s; Iterations = 1200, grads =   1.737e-07, unitary_metric = 0.99999
Error = :2.07e-03; Runtime: 77.2s; Iterations = 1220, grads =   3.434e-07, unitary_metric = 0.99999
Error = :2.11e-03; Runtime: 78.4s; Iterations = 1240, grads =   3.986e-04, unitary_metric = 1.00000
Error = :2.10e-03; Runtime: 79.7s; Iterations = 1260, grads =   3.320e-04, unitary_metric = 0.99999
Error = :2.06e-03; Runtime: 80.9s; Iterations = 1280, grads =   1.013e-04, unitary_metric = 0.99999
Error = :2.04e-03; Runtime: 82.1s; Iterations = 1300, grads =   9.174e-06, unitary_metric = 0.99999
Error = :2.03e-03; Runtime: 83.4s; Iterations = 1320, grads =   1.548e-06, unitary_metric = 1.00000
Error = :2.02e-03; Runtime: 84.6s; Iterations = 1340, grads =   2.594e-07, unitary_metric = 1.00000
Error = :2.02e-03; Runtime: 85.8s; Iterations = 1360, grads =   5.538e-06, unitary_metric = 0.99999
Error = :2.03e-03; Runtime: 87.0s; Iterations = 1380, grads =   1.687e-04, unitary_metric = 0.99999
Error = :2.01e-03; Runtime: 88.2s; Iterations = 1400, grads =   4.118e-05, unitary_metric = 0.99999
Error = :2.00e-03; Runtime: 89.6s; Iterations = 1420, grads =   1.582e-06, unitary_metric = 0.99999
Error = :1.99e-03; Runtime: 90.8s; Iterations = 1440, grads =   4.212e-07, unitary_metric = 0.99999
Error = :1.98e-03; Runtime: 92.0s; Iterations = 1460, grads =   1.516e-07, unitary_metric = 0.99999
Error = :1.98e-03; Runtime: 93.2s; Iterations = 1480, grads =   2.945e-06, unitary_metric = 0.99999
Error = :1.99e-03; Runtime: 94.4s; Iterations = 1500, grads =   1.632e-04, unitary_metric = 0.99999
Error = :1.98e-03; Runtime: 95.8s; Iterations = 1520, grads =   5.624e-05, unitary_metric = 0.99999
Error = :1.97e-03; Runtime: 97.0s; Iterations = 1540, grads =   2.292e-05, unitary_metric = 0.99999
Error = :1.96e-03; Runtime: 98.2s; Iterations = 1560, grads =   1.625e-05, unitary_metric = 0.99999
Error = :1.96e-03; Runtime: 99.4s; Iterations = 1580, grads =   8.618e-05, unitary_metric = 0.99999
Error = :1.96e-03; Runtime: 100.6s; Iterations = 1600, grads =   1.212e-04, unitary_metric = 0.99999
Error = :1.95e-03; Runtime: 102.0s; Iterations = 1620, grads =   1.552e-05, unitary_metric = 1.00000
Error = :1.94e-03; Runtime: 103.2s; Iterations = 1640, grads =   2.006e-06, unitary_metric = 0.99999
Error = :1.94e-03; Runtime: 104.4s; Iterations = 1660, grads =   2.939e-08, unitary_metric = 0.99999
Error = :1.93e-03; Runtime: 105.7s; Iterations = 1680, grads =   7.569e-08, unitary_metric = 0.99999
Error = :1.93e-03; Runtime: 106.9s; Iterations = 1700, grads =   8.040e-08, unitary_metric = 0.99999
Error = :1.92e-03; Runtime: 108.2s; Iterations = 1720, grads =   4.701e-08, unitary_metric = 0.99999
Error = :1.92e-03; Runtime: 109.5s; Iterations = 1740, grads =   4.085e-07, unitary_metric = 0.99999
Error = :1.95e-03; Runtime: 110.7s; Iterations = 1760, grads =   1.943e-04, unitary_metric = 0.99999
Error = :1.93e-03; Runtime: 111.9s; Iterations = 1780, grads =   1.064e-04, unitary_metric = 0.99999
Error = :1.93e-03; Runtime: 113.1s; Iterations = 1800, grads =   1.419e-04, unitary_metric = 1.00000
Error = :1.91e-03; Runtime: 114.5s; Iterations = 1820, grads =   1.576e-05, unitary_metric = 0.99999
Error = :1.90e-03; Runtime: 115.7s; Iterations = 1840, grads =   1.233e-06, unitary_metric = 0.99999
Error = :1.90e-03; Runtime: 116.9s; Iterations = 1860, grads =   1.845e-07, unitary_metric = 0.99999
Error = :1.90e-03; Runtime: 118.1s; Iterations = 1880, grads =   7.087e-08, unitary_metric = 0.99999
Error = :1.89e-03; Runtime: 119.3s; Iterations = 1900, grads =   2.685e-08, unitary_metric = 1.00000
Error = :1.89e-03; Runtime: 120.7s; Iterations = 1920, grads =   1.968e-08, unitary_metric = 0.99999
Error = :1.89e-03; Runtime: 121.9s; Iterations = 1940, grads =   1.716e-08, unitary_metric = 0.99999
Error = :1.89e-03; Runtime: 123.1s; Iterations = 1960, grads =   2.711e-08, unitary_metric = 1.00000
Error = :1.88e-03; Runtime: 124.3s; Iterations = 1980, grads =   1.007e-06, unitary_metric = 1.00000
Error = :1.97e-03; Runtime: 125.5s; Iterations = 2000, grads =   6.085e-04, unitary_metric = 1.00000
Error = :1.89e-03; Runtime: 126.9s; Iterations = 2020, grads =   9.986e-05, unitary_metric = 1.00000
Error = :1.88e-03; Runtime: 128.1s; Iterations = 2040, grads =   6.722e-05, unitary_metric = 1.00000
Error = :1.89e-03; Runtime: 129.4s; Iterations = 2060, grads =   1.040e-04, unitary_metric = 0.99999
Error = :1.87e-03; Runtime: 130.6s; Iterations = 2080, grads =   9.351e-06, unitary_metric = 0.99999
Error = :1.87e-03; Runtime: 131.8s; Iterations = 2100, grads =   9.875e-07, unitary_metric = 0.99999
Error = :1.87e-03; Runtime: 133.2s; Iterations = 2120, grads =   2.331e-07, unitary_metric = 0.99999
Error = :1.86e-03; Runtime: 134.4s; Iterations = 2140, grads =   2.702e-08, unitary_metric = 0.99999
Error = :1.86e-03; Runtime: 135.6s; Iterations = 2160, grads =   1.719e-08, unitary_metric = 0.99999
Error = :1.86e-03; Runtime: 136.8s; Iterations = 2180, grads =   1.739e-08, unitary_metric = 0.99999
Error = :1.86e-03; Runtime: 138.1s; Iterations = 2200, grads =   1.262e-08, unitary_metric = 1.00000
Error = :1.86e-03; Runtime: 139.4s; Iterations = 2220, grads =   1.841e-08, unitary_metric = 0.99999
Error = :1.86e-03; Runtime: 140.6s; Iterations = 2240, grads =   7.948e-07, unitary_metric = 0.99999
Error = :1.89e-03; Runtime: 141.9s; Iterations = 2260, grads =   1.940e-04, unitary_metric = 0.99999
Error = :1.87e-03; Runtime: 143.2s; Iterations = 2280, grads =   1.394e-04, unitary_metric = 0.99999
Error = :1.85e-03; Runtime: 144.4s; Iterations = 2300, grads =   3.528e-05, unitary_metric = 0.99999
Error = :1.85e-03; Runtime: 145.7s; Iterations = 2320, grads =   2.242e-06, unitary_metric = 0.99999
Error = :1.85e-03; Runtime: 147.0s; Iterations = 2340, grads =   2.133e-07, unitary_metric = 0.99999
Error = :1.84e-03; Runtime: 148.2s; Iterations = 2360, grads =   5.016e-08, unitary_metric = 0.99999
Error = :1.84e-03; Runtime: 149.4s; Iterations = 2380, grads =   1.425e-08, unitary_metric = 0.99999
Error = :1.84e-03; Runtime: 150.7s; Iterations = 2400, grads =   9.779e-09, unitary_metric = 0.99999
Error = :1.84e-03; Runtime: 152.0s; Iterations = 2420, grads =   8.926e-09, unitary_metric = 0.99999
Error = :1.84e-03; Runtime: 153.3s; Iterations = 2440, grads =   8.512e-09, unitary_metric = 0.99999
Error = :1.84e-03; Runtime: 154.5s; Iterations = 2460, grads =   8.636e-09, unitary_metric = 0.99999
Error = :1.83e-03; Runtime: 155.7s; Iterations = 2480, grads =   1.019e-08, unitary_metric = 0.99999
Error = :1.83e-03; Runtime: 156.9s; Iterations = 2500, grads =   2.435e-07, unitary_metric = 0.99999
Error = :1.84e-03; Runtime: 158.3s; Iterations = 2520, grads =   4.041e-05, unitary_metric = 0.99999
Error = :1.89e-03; Runtime: 159.5s; Iterations = 2540, grads =   4.822e-04, unitary_metric = 0.99999
Error = :1.84e-03; Runtime: 160.7s; Iterations = 2560, grads =   6.385e-05, unitary_metric = 0.99999
Error = :1.83e-03; Runtime: 162.0s; Iterations = 2580, grads =   9.921e-06, unitary_metric = 0.99999
Error = :1.83e-03; Runtime: 163.2s; Iterations = 2600, grads =   8.231e-07, unitary_metric = 0.99999
Error = :1.82e-03; Runtime: 164.6s; Iterations = 2620, grads =   3.640e-08, unitary_metric = 0.99999
Error = :1.82e-03; Runtime: 165.8s; Iterations = 2640, grads =   2.549e-08, unitary_metric = 0.99999
Error = :1.82e-03; Runtime: 167.0s; Iterations = 2660, grads =   7.622e-09, unitary_metric = 0.99999
Error = :1.82e-03; Runtime: 168.2s; Iterations = 2680, grads =   6.497e-09, unitary_metric = 0.99999
Error = :1.82e-03; Runtime: 169.5s; Iterations = 2700, grads =   7.358e-09, unitary_metric = 0.99999
Error = :1.82e-03; Runtime: 170.9s; Iterations = 2720, grads =   1.460e-08, unitary_metric = 0.99999
Error = :1.82e-03; Runtime: 172.1s; Iterations = 2740, grads =   2.834e-07, unitary_metric = 0.99999
Error = :1.82e-03; Runtime: 173.3s; Iterations = 2760, grads =   5.233e-05, unitary_metric = 0.99999
Error = :1.82e-03; Runtime: 174.5s; Iterations = 2780, grads =   5.888e-05, unitary_metric = 0.99999
Error = :1.81e-03; Runtime: 175.7s; Iterations = 2800, grads =   1.119e-05, unitary_metric = 1.00000
Error = :1.81e-03; Runtime: 177.2s; Iterations = 2820, grads =   1.387e-06, unitary_metric = 1.00000
Error = :1.81e-03; Runtime: 178.4s; Iterations = 2840, grads =   5.719e-08, unitary_metric = 0.99999
Error = :1.81e-03; Runtime: 179.7s; Iterations = 2860, grads =   3.043e-08, unitary_metric = 0.99999
Error = :1.81e-03; Runtime: 180.9s; Iterations = 2880, grads =   8.365e-08, unitary_metric = 0.99999
Error = :1.81e-03; Runtime: 182.2s; Iterations = 2900, grads =   5.960e-05, unitary_metric = 0.99999
Error = :1.81e-03; Runtime: 183.5s; Iterations = 2920, grads =   1.550e-05, unitary_metric = 0.99999
Error = :1.80e-03; Runtime: 184.8s; Iterations = 2940, grads =   6.716e-06, unitary_metric = 0.99999
Error = :1.80e-03; Runtime: 186.0s; Iterations = 2960, grads =   5.439e-07, unitary_metric = 0.99999
Error = :1.80e-03; Runtime: 187.3s; Iterations = 2980, grads =   2.246e-05, unitary_metric = 1.00000
Error = :1.81e-03; Runtime: 188.5s; Iterations = 3000, grads =   3.915e-05, unitary_metric = 0.99999
Error = :1.81e-03; Runtime: 189.9s; Iterations = 3020, grads =   3.978e-05, unitary_metric = 0.99999
Error = :1.80e-03; Runtime: 191.1s; Iterations = 3040, grads =   5.884e-06, unitary_metric = 0.99999
Error = :1.80e-03; Runtime: 192.3s; Iterations = 3060, grads =   6.541e-07, unitary_metric = 0.99999
Error = :1.80e-03; Runtime: 193.6s; Iterations = 3080, grads =   3.472e-08, unitary_metric = 0.99999
Error = :1.79e-03; Runtime: 194.9s; Iterations = 3100, grads =   1.202e-08, unitary_metric = 0.99999
Error = :1.79e-03; Runtime: 196.2s; Iterations = 3120, grads =   5.991e-09, unitary_metric = 0.99999
Error = :1.79e-03; Runtime: 197.4s; Iterations = 3140, grads =   4.502e-09, unitary_metric = 0.99999
Error = :1.79e-03; Runtime: 198.6s; Iterations = 3160, grads =   1.431e-08, unitary_metric = 0.99999
Error = :1.79e-03; Runtime: 199.8s; Iterations = 3180, grads =   1.900e-07, unitary_metric = 1.00000
Error = :1.79e-03; Runtime: 201.1s; Iterations = 3200, grads =   1.771e-05, unitary_metric = 0.99999
Error = :1.81e-03; Runtime: 202.4s; Iterations = 3220, grads =   1.509e-04, unitary_metric = 0.99999
Error = :1.80e-03; Runtime: 203.6s; Iterations = 3240, grads =   4.553e-05, unitary_metric = 0.99999
Error = :1.79e-03; Runtime: 204.9s; Iterations = 3260, grads =   4.868e-06, unitary_metric = 0.99999
Error = :1.79e-03; Runtime: 206.1s; Iterations = 3280, grads =   6.750e-07, unitary_metric = 0.99999
Error = :1.79e-03; Runtime: 207.3s; Iterations = 3300, grads =   1.317e-07, unitary_metric = 0.99999
Error = :1.79e-03; Runtime: 208.7s; Iterations = 3320, grads =   1.520e-08, unitary_metric = 0.99999
Error = :1.79e-03; Runtime: 209.9s; Iterations = 3340, grads =   4.996e-09, unitary_metric = 0.99999
Error = :1.78e-03; Runtime: 211.1s; Iterations = 3360, grads =   4.655e-09, unitary_metric = 0.99999
Error = :1.78e-03; Runtime: 212.3s; Iterations = 3380, grads =   1.482e-08, unitary_metric = 0.99999
Error = :1.78e-03; Runtime: 213.5s; Iterations = 3400, grads =   2.373e-07, unitary_metric = 0.99999
Error = :1.78e-03; Runtime: 214.9s; Iterations = 3420, grads =   2.695e-05, unitary_metric = 0.99999
Error = :1.79e-03; Runtime: 216.1s; Iterations = 3440, grads =   7.573e-05, unitary_metric = 0.99999
Error = :1.78e-03; Runtime: 217.3s; Iterations = 3460, grads =   1.685e-05, unitary_metric = 0.99999
Error = :1.78e-03; Runtime: 218.6s; Iterations = 3480, grads =   2.441e-06, unitary_metric = 0.99999
Error = :1.78e-03; Runtime: 219.8s; Iterations = 3500, grads =   7.843e-07, unitary_metric = 0.99999
Error = :1.78e-03; Runtime: 221.1s; Iterations = 3520, grads =   2.073e-07, unitary_metric = 0.99999
Error = :1.78e-03; Runtime: 222.3s; Iterations = 3540, grads =   2.399e-08, unitary_metric = 0.99999
Error = :1.78e-03; Runtime: 223.6s; Iterations = 3560, grads =   5.017e-09, unitary_metric = 0.99999
Error = :1.78e-03; Runtime: 224.7s; Iterations = 3580, grads =   4.190e-09, unitary_metric = 0.99999
Error = :1.78e-03; Runtime: 225.9s; Iterations = 3600, grads =   8.215e-09, unitary_metric = 0.99999
Error = :1.78e-03; Runtime: 227.3s; Iterations = 3620, grads =   1.435e-07, unitary_metric = 0.99999
Error = :1.78e-03; Runtime: 228.5s; Iterations = 3640, grads =   2.288e-05, unitary_metric = 0.99999
Error = :1.78e-03; Runtime: 229.7s; Iterations = 3660, grads =   2.695e-05, unitary_metric = 0.99999
Error = :1.77e-03; Runtime: 230.9s; Iterations = 3680, grads =   1.167e-05, unitary_metric = 0.99999
Error = :1.77e-03; Runtime: 232.2s; Iterations = 3700, grads =   7.213e-07, unitary_metric = 1.00000
Error = :1.77e-03; Runtime: 233.5s; Iterations = 3720, grads =   5.362e-07, unitary_metric = 0.99999
Error = :1.77e-03; Runtime: 234.7s; Iterations = 3740, grads =   9.859e-08, unitary_metric = 0.99999
Error = :1.77e-03; Runtime: 235.9s; Iterations = 3760, grads =   1.267e-08, unitary_metric = 0.99999
Error = :1.77e-03; Runtime: 237.2s; Iterations = 3780, grads =   3.908e-09, unitary_metric = 0.99999
Error = :1.77e-03; Runtime: 238.4s; Iterations = 3800, grads =   2.654e-09, unitary_metric = 0.99999
Error = :1.77e-03; Runtime: 239.8s; Iterations = 3820, grads =   2.932e-09, unitary_metric = 1.00000
Error = :1.77e-03; Runtime: 241.0s; Iterations = 3840, grads =   8.645e-09, unitary_metric = 0.99999
Error = :1.77e-03; Runtime: 242.2s; Iterations = 3860, grads =   2.256e-07, unitary_metric = 0.99999
Error = :1.77e-03; Runtime: 243.4s; Iterations = 3880, grads =   3.460e-05, unitary_metric = 0.99999
Error = :1.78e-03; Runtime: 244.7s; Iterations = 3900, grads =   7.870e-05, unitary_metric = 0.99999
Error = :1.77e-03; Runtime: 246.0s; Iterations = 3920, grads =   5.819e-06, unitary_metric = 0.99999
Error = :1.77e-03; Runtime: 247.2s; Iterations = 3940, grads =   8.683e-07, unitary_metric = 0.99999
Error = :1.77e-03; Runtime: 248.4s; Iterations = 3960, grads =   7.657e-07, unitary_metric = 0.99999
Error = :1.77e-03; Runtime: 249.7s; Iterations = 3980, grads =   2.398e-05, unitary_metric = 0.99999
Error = :1.77e-03; Runtime: 250.9s; Iterations = 4000, grads =   1.246e-06, unitary_metric = 0.99999
Error = :1.77e-03; Runtime: 252.2s; Iterations = 4020, grads =   2.866e-09, unitary_metric = 0.99999
Error = :1.77e-03; Runtime: 253.4s; Iterations = 4040, grads =   7.840e-09, unitary_metric = 0.99999
Error = :1.77e-03; Runtime: 254.6s; Iterations = 4060, grads =   4.096e-09, unitary_metric = 0.99999
Error = :1.77e-03; Runtime: 255.8s; Iterations = 4080, grads =   8.598e-08, unitary_metric = 0.99999
Error = :1.77e-03; Runtime: 257.1s; Iterations = 4100, grads =   5.057e-06, unitary_metric = 0.99999
Error = :1.77e-03; Runtime: 258.4s; Iterations = 4120, grads =   1.004e-06, unitary_metric = 0.99999
Error = :1.77e-03; Runtime: 259.6s; Iterations = 4140, grads =   3.097e-05, unitary_metric = 0.99999
Error = :1.77e-03; Runtime: 260.8s; Iterations = 4160, grads =   1.644e-05, unitary_metric = 0.99999
Error = :1.77e-03; Runtime: 262.0s; Iterations = 4180, grads =   1.559e-06, unitary_metric = 0.99999
Error = :1.77e-03; Runtime: 263.3s; Iterations = 4200, grads =   2.260e-07, unitary_metric = 0.99999
Error = :1.78e-03; Runtime: 264.6s; Iterations = 4220, grads =   1.648e-07, unitary_metric = 0.99999
Error = :1.78e-03; Runtime: 265.9s; Iterations = 4240, grads =   1.062e-05, unitary_metric = 0.99999
Error = :1.78e-03; Runtime: 267.1s; Iterations = 4260, grads =   5.196e-06, unitary_metric = 0.99999
Error = :1.78e-03; Runtime: 268.3s; Iterations = 4280, grads =   2.279e-07, unitary_metric = 0.99999
Error = :1.79e-03; Runtime: 269.6s; Iterations = 4300, grads =   9.555e-08, unitary_metric = 0.99999
Error = :1.79e-03; Runtime: 270.9s; Iterations = 4320, grads =   4.628e-06, unitary_metric = 0.99999
Error = :1.80e-03; Runtime: 272.1s; Iterations = 4340, grads =   3.948e-07, unitary_metric = 0.99999
Error = :1.80e-03; Runtime: 273.3s; Iterations = 4360, grads =   1.479e-06, unitary_metric = 0.99999
Error = :1.81e-03; Runtime: 274.6s; Iterations = 4380, grads =   1.899e-06, unitary_metric = 0.99999
Error = :1.82e-03; Runtime: 275.8s; Iterations = 4400, grads =   4.265e-05, unitary_metric = 0.99999
Error = :1.83e-03; Runtime: 277.1s; Iterations = 4420, grads =   3.707e-06, unitary_metric = 1.00000
Error = :1.84e-03; Runtime: 278.3s; Iterations = 4440, grads =   1.300e-05, unitary_metric = 0.99999
Error = :1.85e-03; Runtime: 279.5s; Iterations = 4460, grads =   3.310e-06, unitary_metric = 0.99999
Error = :1.86e-03; Runtime: 280.7s; Iterations = 4480, grads =   6.277e-07, unitary_metric = 0.99999
Error = :1.87e-03; Runtime: 281.9s; Iterations = 4500, grads =   7.059e-08, unitary_metric = 0.99999
Error = :1.89e-03; Runtime: 283.2s; Iterations = 4520, grads =   4.608e-08, unitary_metric = 0.99999
Error = :1.89e-03; Runtime: 284.5s; Iterations = 4540, grads =   9.393e-07, unitary_metric = 0.99999
Error = :1.91e-03; Runtime: 285.7s; Iterations = 4560, grads =   5.188e-05, unitary_metric = 0.99999
Error = :1.90e-03; Runtime: 286.9s; Iterations = 4580, grads =   5.772e-06, unitary_metric = 0.99999
Error = :1.90e-03; Runtime: 288.1s; Iterations = 4600, grads =   4.262e-06, unitary_metric = 0.99999
Error = :1.90e-03; Runtime: 289.5s; Iterations = 4620, grads =   7.256e-07, unitary_metric = 0.99999
Error = :1.89e-03; Runtime: 290.8s; Iterations = 4640, grads =   1.803e-06, unitary_metric = 0.99999
Error = :1.88e-03; Runtime: 292.0s; Iterations = 4660, grads =   1.128e-05, unitary_metric = 0.99999
Error = :1.86e-03; Runtime: 293.2s; Iterations = 4680, grads =   5.758e-07, unitary_metric = 0.99999
Error = :1.85e-03; Runtime: 294.5s; Iterations = 4700, grads =   1.655e-07, unitary_metric = 0.99999
Error = :1.83e-03; Runtime: 295.8s; Iterations = 4720, grads =   6.912e-08, unitary_metric = 0.99999
Error = :1.82e-03; Runtime: 297.0s; Iterations = 4740, grads =   6.017e-08, unitary_metric = 0.99999
Error = :1.81e-03; Runtime: 298.2s; Iterations = 4760, grads =   5.259e-08, unitary_metric = 0.99999
Error = :1.80e-03; Runtime: 299.4s; Iterations = 4780, grads =   1.380e-07, unitary_metric = 0.99999
Error = :1.79e-03; Runtime: 300.6s; Iterations = 4800, grads =   2.500e-05, unitary_metric = 0.99999
Error = :1.78e-03; Runtime: 302.0s; Iterations = 4820, grads =   5.460e-06, unitary_metric = 0.99999
Error = :1.78e-03; Runtime: 303.2s; Iterations = 4840, grads =   2.202e-05, unitary_metric = 0.99999
Error = :1.77e-03; Runtime: 304.4s; Iterations = 4860, grads =   8.680e-06, unitary_metric = 0.99999
Error = :1.76e-03; Runtime: 305.6s; Iterations = 4880, grads =   1.078e-06, unitary_metric = 0.99999
Error = :1.76e-03; Runtime: 306.8s; Iterations = 4900, grads =   2.583e-07, unitary_metric = 0.99999
Error = :1.75e-03; Runtime: 308.2s; Iterations = 4920, grads =   6.100e-08, unitary_metric = 0.99999
Error = :1.75e-03; Runtime: 309.4s; Iterations = 4940, grads =   1.874e-08, unitary_metric = 0.99999
Error = :1.74e-03; Runtime: 310.7s; Iterations = 4960, grads =   1.747e-08, unitary_metric = 0.99999
Error = :1.74e-03; Runtime: 311.9s; Iterations = 4980, grads =   1.456e-08, unitary_metric = 0.99999
Error = :1.74e-03; Runtime: 313.1s; Iterations = 5000, grads =   1.749e-08, unitary_metric = 0.99999
Error = :1.73e-03; Runtime: 314.5s; Iterations = 5020, grads =   2.007e-08, unitary_metric = 0.99999
Error = :1.73e-03; Runtime: 315.7s; Iterations = 5040, grads =   2.032e-07, unitary_metric = 0.99999
Error = :1.73e-03; Runtime: 316.9s; Iterations = 5060, grads =   2.609e-05, unitary_metric = 0.99999
Error = :1.73e-03; Runtime: 318.1s; Iterations = 5080, grads =   1.154e-05, unitary_metric = 0.99999
Error = :1.73e-03; Runtime: 319.3s; Iterations = 5100, grads =   3.770e-05, unitary_metric = 0.99999
Error = :1.72e-03; Runtime: 320.7s; Iterations = 5120, grads =   1.592e-06, unitary_metric = 0.99999
Error = :1.72e-03; Runtime: 321.9s; Iterations = 5140, grads =   3.028e-08, unitary_metric = 0.99999
Error = :1.72e-03; Runtime: 323.1s; Iterations = 5160, grads =   5.808e-08, unitary_metric = 0.99999
Error = :1.71e-03; Runtime: 324.4s; Iterations = 5180, grads =   1.095e-08, unitary_metric = 0.99999
Error = :1.71e-03; Runtime: 325.6s; Iterations = 5200, grads =   1.557e-08, unitary_metric = 0.99999
Error = :1.71e-03; Runtime: 326.9s; Iterations = 5220, grads =   1.094e-08, unitary_metric = 0.99999
Error = :1.71e-03; Runtime: 328.1s; Iterations = 5240, grads =   1.875e-08, unitary_metric = 0.99999
Error = :1.71e-03; Runtime: 329.3s; Iterations = 5260, grads =   5.785e-07, unitary_metric = 0.99999
Error = :1.71e-03; Runtime: 330.5s; Iterations = 5280, grads =   4.650e-06, unitary_metric = 0.99999
Error = :1.70e-03; Runtime: 331.8s; Iterations = 5300, grads =   3.868e-06, unitary_metric = 0.99999
Error = :1.71e-03; Runtime: 333.1s; Iterations = 5320, grads =   2.702e-05, unitary_metric = 0.99999
Error = :1.70e-03; Runtime: 334.4s; Iterations = 5340, grads =   3.471e-06, unitary_metric = 1.00000
Error = :1.70e-03; Runtime: 335.6s; Iterations = 5360, grads =   2.250e-07, unitary_metric = 0.99999
Error = :1.70e-03; Runtime: 336.8s; Iterations = 5380, grads =   2.718e-08, unitary_metric = 1.00000
Error = :1.70e-03; Runtime: 338.1s; Iterations = 5400, grads =   1.219e-08, unitary_metric = 0.99999
Error = :1.70e-03; Runtime: 339.5s; Iterations = 5420, grads =   5.675e-09, unitary_metric = 1.00000
Error = :1.70e-03; Runtime: 340.7s; Iterations = 5440, grads =   9.553e-09, unitary_metric = 0.99999
Error = :1.69e-03; Runtime: 341.9s; Iterations = 5460, grads =   2.725e-07, unitary_metric = 0.99999
Error = :1.69e-03; Runtime: 343.2s; Iterations = 5480, grads =   8.891e-06, unitary_metric = 1.00000
Error = :1.69e-03; Runtime: 344.4s; Iterations = 5500, grads =   1.907e-06, unitary_metric = 0.99999
Error = :1.69e-03; Runtime: 345.8s; Iterations = 5520, grads =   7.722e-06, unitary_metric = 0.99999
Error = :1.69e-03; Runtime: 347.0s; Iterations = 5540, grads =   1.973e-06, unitary_metric = 0.99999
Error = :1.69e-03; Runtime: 348.2s; Iterations = 5560, grads =   1.505e-07, unitary_metric = 0.99999
Error = :1.69e-03; Runtime: 349.4s; Iterations = 5580, grads =   1.197e-08, unitary_metric = 0.99999
Error = :1.69e-03; Runtime: 350.6s; Iterations = 5600, grads =   5.230e-08, unitary_metric = 0.99999
Error = :1.69e-03; Runtime: 352.0s; Iterations = 5620, grads =   9.624e-06, unitary_metric = 0.99999
Error = :1.69e-03; Runtime: 353.2s; Iterations = 5640, grads =   7.172e-06, unitary_metric = 0.99999
Error = :1.68e-03; Runtime: 354.4s; Iterations = 5660, grads =   9.213e-07, unitary_metric = 0.99999
Error = :1.68e-03; Runtime: 355.6s; Iterations = 5680, grads =   7.699e-07, unitary_metric = 0.99999
Error = :1.68e-03; Runtime: 356.8s; Iterations = 5700, grads =   9.472e-07, unitary_metric = 0.99999
Error = :1.68e-03; Runtime: 358.2s; Iterations = 5720, grads =   2.717e-06, unitary_metric = 0.99999
Error = :1.68e-03; Runtime: 359.4s; Iterations = 5740, grads =   9.787e-08, unitary_metric = 0.99999
Error = :1.68e-03; Runtime: 360.6s; Iterations = 5760, grads =   3.046e-07, unitary_metric = 0.99999
Error = :1.68e-03; Runtime: 361.8s; Iterations = 5780, grads =   1.657e-07, unitary_metric = 0.99999
Error = :1.68e-03; Runtime: 363.0s; Iterations = 5800, grads =   1.795e-08, unitary_metric = 0.99999
Error = :1.68e-03; Runtime: 364.4s; Iterations = 5820, grads =   6.597e-09, unitary_metric = 0.99999
Error = :1.68e-03; Runtime: 365.6s; Iterations = 5840, grads =   3.474e-09, unitary_metric = 0.99999
Error = :1.68e-03; Runtime: 366.8s; Iterations = 5860, grads =   1.107e-08, unitary_metric = 0.99999
Error = :1.68e-03; Runtime: 368.0s; Iterations = 5880, grads =   3.765e-06, unitary_metric = 0.99999
Error = :1.68e-03; Runtime: 369.2s; Iterations = 5900, grads =   1.581e-05, unitary_metric = 0.99999
Error = :1.67e-03; Runtime: 370.5s; Iterations = 5920, grads =   1.859e-06, unitary_metric = 0.99999
Error = :1.67e-03; Runtime: 371.7s; Iterations = 5940, grads =   4.266e-07, unitary_metric = 0.99999
Error = :1.68e-03; Runtime: 373.0s; Iterations = 5960, grads =   2.298e-05, unitary_metric = 0.99999
Error = :1.67e-03; Runtime: 374.2s; Iterations = 5980, grads =   6.166e-07, unitary_metric = 0.99999
Error = :1.67e-03; Runtime: 375.5s; Iterations = 6000, grads =   2.050e-08, unitary_metric = 0.99999
data saved at: /project/ftchong/qoc/pranav/00011_29_lih_slice_229.h5


trying total_time: 4.35 for unitary of size (16, 16)
data saved at: /project/ftchong/qoc/pranav/00012_29_lih_slice_229.h5
Using 7 Taylor terms and 2 Scaling & Squaring terms
Building graph:
Propagators initialized.
Operators weight initialized.
Intermediate propagation variables initialized.
Intermediate propagators initialized.
Vectors initialized.
Training loss initialized.
Optimizer initialized.
Utilities initialized.
Graph built!
Initialized
Error = :7.48e-01; Runtime: 0.2s; Iterations = 0, grads =   2.547e-02, unitary_metric = 1.00000
Error = :5.19e-01; Runtime: 1.8s; Iterations = 20, grads =   1.833e-02, unitary_metric = 1.00000
Error = :4.67e-01; Runtime: 3.2s; Iterations = 40, grads =   3.055e-03, unitary_metric = 0.99999
Error = :2.41e-01; Runtime: 4.7s; Iterations = 60, grads =   7.671e-03, unitary_metric = 0.99999
Error = :3.79e-02; Runtime: 6.1s; Iterations = 80, grads =   5.766e-04, unitary_metric = 0.99999
Error = :5.42e-03; Runtime: 7.5s; Iterations = 100, grads =   8.147e-05, unitary_metric = 0.99999
Error = :9.86e-04; Runtime: 9.0s; Iterations = 119, grads =   1.364e-05, unitary_metric = 0.99999
data saved at: /project/ftchong/qoc/pranav/00012_29_lih_slice_229.h5


trying total_time: 4.05 for unitary of size (16, 16)
data saved at: /project/ftchong/qoc/pranav/00013_29_lih_slice_229.h5
Using 7 Taylor terms and 2 Scaling & Squaring terms
Building graph:
Propagators initialized.
Operators weight initialized.
Intermediate propagation variables initialized.
Intermediate propagators initialized.
Vectors initialized.
Training loss initialized.
Optimizer initialized.
Utilities initialized.
Graph built!
Initialized
Error = :8.07e-01; Runtime: 0.1s; Iterations = 0, grads =   9.556e-02, unitary_metric = 1.00000
Error = :5.40e-01; Runtime: 1.7s; Iterations = 20, grads =   1.357e-02, unitary_metric = 1.00000
Error = :4.77e-01; Runtime: 3.0s; Iterations = 40, grads =   3.019e-03, unitary_metric = 1.00000
Error = :2.83e-01; Runtime: 4.4s; Iterations = 60, grads =   5.714e-03, unitary_metric = 0.99999
Error = :7.01e-02; Runtime: 5.7s; Iterations = 80, grads =   1.055e-03, unitary_metric = 1.00000
Error = :1.50e-02; Runtime: 7.0s; Iterations = 100, grads =   1.222e-04, unitary_metric = 1.00000
Error = :4.80e-03; Runtime: 8.4s; Iterations = 120, grads =   2.534e-05, unitary_metric = 0.99999
Error = :2.13e-03; Runtime: 9.7s; Iterations = 140, grads =   8.939e-06, unitary_metric = 0.99999
Error = :1.11e-03; Runtime: 11.0s; Iterations = 160, grads =   3.762e-06, unitary_metric = 0.99999
Error = :9.91e-04; Runtime: 11.3s; Iterations = 164, grads =   3.186e-06, unitary_metric = 0.99999
data saved at: /project/ftchong/qoc/pranav/00013_29_lih_slice_229.h5


trying total_time: 10.0 for unitary of size (4, 4)
data saved at: /project/ftchong/qoc/pranav/00014_29_lih_slice_229.h5
Using 6 Taylor terms and 1 Scaling & Squaring terms
Building graph:
Propagators initialized.
Operators weight initialized.
Intermediate propagation variables initialized.
Intermediate propagators initialized.
Vectors initialized.
Training loss initialized.
Optimizer initialized.
Utilities initialized.
Graph built!
Initialized
Error = :2.52e-02; Runtime: 0.3s; Iterations = 0, grads =   4.813e-01, unitary_metric = 1.00000
Error = :1.75e-02; Runtime: 2.1s; Iterations = 20, grads =   3.733e-01, unitary_metric = 1.00000
Error = :5.78e-04; Runtime: 2.9s; Iterations = 33, grads =   1.141e-02, unitary_metric = 1.00000
data saved at: /project/ftchong/qoc/pranav/00014_29_lih_slice_229.h5


trying total_time: 5.0 for unitary of size (4, 4)
data saved at: /project/ftchong/qoc/pranav/00015_29_lih_slice_229.h5
Using 6 Taylor terms and 1 Scaling & Squaring terms
Building graph:
Propagators initialized.
Operators weight initialized.
Intermediate propagation variables initialized.
Intermediate propagators initialized.
Vectors initialized.
Training loss initialized.
Optimizer initialized.
Utilities initialized.
Graph built!
Initialized
Error = :2.16e-01; Runtime: 0.1s; Iterations = 0, grads =   1.744e+00, unitary_metric = 1.00000
Error = :9.39e-03; Runtime: 1.0s; Iterations = 20, grads =   1.001e-01, unitary_metric = 1.00000
Error = :1.05e-04; Runtime: 1.1s; Iterations = 22, grads =   7.431e-04, unitary_metric = 1.00000
data saved at: /project/ftchong/qoc/pranav/00015_29_lih_slice_229.h5


trying total_time: 2.5 for unitary of size (4, 4)
data saved at: /project/ftchong/qoc/pranav/00016_29_lih_slice_229.h5
Using 6 Taylor terms and 1 Scaling & Squaring terms
Building graph:
Propagators initialized.
Operators weight initialized.
Intermediate propagation variables initialized.
Intermediate propagators initialized.
Vectors initialized.
Training loss initialized.
Optimizer initialized.
Utilities initialized.
Graph built!
Initialized
Error = :2.91e-02; Runtime: 0.1s; Iterations = 0, grads =   1.505e-01, unitary_metric = 1.00000
Error = :5.63e-04; Runtime: 0.4s; Iterations = 7, grads =   2.500e-03, unitary_metric = 1.00000
data saved at: /project/ftchong/qoc/pranav/00016_29_lih_slice_229.h5


trying total_time: 1.25 for unitary of size (4, 4)
data saved at: /project/ftchong/qoc/pranav/00017_29_lih_slice_229.h5
Using 6 Taylor terms and 1 Scaling & Squaring terms
Building graph:
Propagators initialized.
Operators weight initialized.
Intermediate propagation variables initialized.
Intermediate propagators initialized.
Vectors initialized.
Training loss initialized.
Optimizer initialized.
Utilities initialized.
Graph built!
Initialized
Error = :9.85e-03; Runtime: 0.1s; Iterations = 0, grads =   2.268e-02, unitary_metric = 1.00000
Error = :7.51e-04; Runtime: 0.2s; Iterations = 2, grads =   1.349e-03, unitary_metric = 1.00000
data saved at: /project/ftchong/qoc/pranav/00017_29_lih_slice_229.h5


trying total_time: 0.6 for unitary of size (4, 4)
data saved at: /project/ftchong/qoc/pranav/00018_29_lih_slice_229.h5
Using 7 Taylor terms and 0 Scaling & Squaring terms
Building graph:
Propagators initialized.
Operators weight initialized.
Intermediate propagation variables initialized.
Intermediate propagators initialized.
Vectors initialized.
Training loss initialized.
Optimizer initialized.
Utilities initialized.
Graph built!
Initialized
Error = :8.61e-02; Runtime: 0.0s; Iterations = 0, grads =   9.632e-02, unitary_metric = 1.00000
Error = :4.31e-04; Runtime: 0.2s; Iterations = 11, grads =   2.063e-04, unitary_metric = 1.00000
data saved at: /project/ftchong/qoc/pranav/00018_29_lih_slice_229.h5


trying total_time: 0.3 for unitary of size (4, 4)
data saved at: /project/ftchong/qoc/pranav/00019_29_lih_slice_229.h5
Using 5 Taylor terms and 1 Scaling & Squaring terms
Building graph:
Propagators initialized.
Operators weight initialized.
Intermediate propagation variables initialized.
Intermediate propagators initialized.
Vectors initialized.
Training loss initialized.
Optimizer initialized.
Utilities initialized.
Graph built!
Initialized
Error = :7.53e-02; Runtime: 0.0s; Iterations = 0, grads =   4.169e-02, unitary_metric = 1.00000
Error = :6.59e-04; Runtime: 0.2s; Iterations = 20, grads =   3.690e-04, unitary_metric = 1.00000
data saved at: /project/ftchong/qoc/pranav/00019_29_lih_slice_229.h5




[0.3, 4.05, 0.3]
TIME FOR SLICE IS:
4.05
