Running Block:  92


trying total_time: 40.0 for unitary of size (16, 16)
data saved at: /project/ftchong/qoc/pranav/00014_30_lih_slice_92.h5
Using 5 Taylor terms and 4 Scaling & Squaring terms
Building graph:
Propagators initialized.
Operators weight initialized.
Intermediate propagation variables initialized.
Intermediate propagators initialized.
Vectors initialized.
Training loss initialized.
Optimizer initialized.
Utilities initialized.
Graph built!
Initialized
Error = :9.88e-01; Runtime: 1.4s; Iterations = 0, grads =   6.209e-03, unitary_metric = 1.00032
Error = :9.97e-01; Runtime: 19.1s; Iterations = 20, grads =   1.055e-02, unitary_metric = 1.00030
Error = :7.46e-01; Runtime: 34.4s; Iterations = 40, grads =   2.498e-01, unitary_metric = 1.00016
Error = :2.64e-01; Runtime: 49.7s; Iterations = 60, grads =   4.868e-01, unitary_metric = 1.00010
Error = :2.67e-02; Runtime: 65.0s; Iterations = 80, grads =   3.652e-01, unitary_metric = 1.00012
Error = :2.60e-03; Runtime: 80.2s; Iterations = 100, grads =   1.097e-02, unitary_metric = 1.00010
Error = :8.65e-04; Runtime: 92.0s; Iterations = 114, grads =   9.083e-03, unitary_metric = 1.00011
data saved at: /project/ftchong/qoc/pranav/00014_30_lih_slice_92.h5


trying total_time: 20.0 for unitary of size (16, 16)
data saved at: /project/ftchong/qoc/pranav/00015_30_lih_slice_92.h5
Using 7 Taylor terms and 2 Scaling & Squaring terms
Building graph:
Propagators initialized.
Operators weight initialized.
Intermediate propagation variables initialized.
Intermediate propagators initialized.
Vectors initialized.
Training loss initialized.
Optimizer initialized.
Utilities initialized.
Graph built!
Initialized
Error = :9.91e-01; Runtime: 0.7s; Iterations = 0, grads =   1.043e-03, unitary_metric = 1.00003
Error = :9.16e-01; Runtime: 9.4s; Iterations = 20, grads =   8.820e-04, unitary_metric = 1.00000
Error = :8.70e-01; Runtime: 17.0s; Iterations = 40, grads =   1.838e-03, unitary_metric = 1.00000
Error = :3.82e-01; Runtime: 24.5s; Iterations = 60, grads =   3.133e-02, unitary_metric = 0.99998
Error = :3.25e-02; Runtime: 32.0s; Iterations = 80, grads =   3.076e-02, unitary_metric = 0.99998
Error = :4.40e-03; Runtime: 39.5s; Iterations = 100, grads =   4.789e-03, unitary_metric = 0.99998
Error = :9.50e-04; Runtime: 47.1s; Iterations = 119, grads =   2.554e-03, unitary_metric = 0.99998
data saved at: /project/ftchong/qoc/pranav/00015_30_lih_slice_92.h5


trying total_time: 10.0 for unitary of size (16, 16)
data saved at: /project/ftchong/qoc/pranav/00016_30_lih_slice_92.h5
Using 7 Taylor terms and 2 Scaling & Squaring terms
Building graph:
Propagators initialized.
Operators weight initialized.
Intermediate propagation variables initialized.
Intermediate propagators initialized.
Vectors initialized.
Training loss initialized.
Optimizer initialized.
Utilities initialized.
Graph built!
Initialized
Error = :9.87e-01; Runtime: 0.4s; Iterations = 0, grads =   8.244e-04, unitary_metric = 1.00000
Error = :9.67e-01; Runtime: 4.6s; Iterations = 20, grads =   4.669e-04, unitary_metric = 1.00000
Error = :9.39e-01; Runtime: 8.2s; Iterations = 40, grads =   3.535e-04, unitary_metric = 0.99999
Error = :9.38e-01; Runtime: 11.9s; Iterations = 60, grads =   2.213e-05, unitary_metric = 1.00000
Error = :9.33e-01; Runtime: 15.5s; Iterations = 80, grads =   4.079e-05, unitary_metric = 0.99999
Error = :8.77e-01; Runtime: 19.2s; Iterations = 100, grads =   2.140e-04, unitary_metric = 0.99999
Error = :7.90e-01; Runtime: 23.1s; Iterations = 120, grads =   2.498e-03, unitary_metric = 0.99999
Error = :7.52e-01; Runtime: 26.7s; Iterations = 140, grads =   4.715e-04, unitary_metric = 0.99999
Error = :7.50e-01; Runtime: 30.4s; Iterations = 160, grads =   6.061e-06, unitary_metric = 0.99998
Error = :7.49e-01; Runtime: 34.0s; Iterations = 180, grads =   3.715e-06, unitary_metric = 0.99998
Error = :7.46e-01; Runtime: 37.7s; Iterations = 200, grads =   2.623e-05, unitary_metric = 0.99998
Error = :6.73e-01; Runtime: 41.7s; Iterations = 220, grads =   9.629e-04, unitary_metric = 0.99998
Error = :5.48e-01; Runtime: 45.3s; Iterations = 240, grads =   3.589e-03, unitary_metric = 0.99998
Error = :5.21e-01; Runtime: 48.9s; Iterations = 260, grads =   3.431e-04, unitary_metric = 0.99998
Error = :5.13e-01; Runtime: 52.6s; Iterations = 280, grads =   3.863e-05, unitary_metric = 0.99998
Error = :5.09e-01; Runtime: 56.2s; Iterations = 300, grads =   2.684e-05, unitary_metric = 0.99997
Error = :5.07e-01; Runtime: 60.2s; Iterations = 320, grads =   6.082e-06, unitary_metric = 0.99997
Error = :5.06e-01; Runtime: 63.8s; Iterations = 340, grads =   3.378e-06, unitary_metric = 0.99997
Error = :5.05e-01; Runtime: 67.4s; Iterations = 360, grads =   2.480e-06, unitary_metric = 0.99997
Error = :5.04e-01; Runtime: 71.1s; Iterations = 380, grads =   2.062e-06, unitary_metric = 0.99997
Error = :5.03e-01; Runtime: 74.7s; Iterations = 400, grads =   2.098e-06, unitary_metric = 0.99997
Error = :5.02e-01; Runtime: 78.6s; Iterations = 420, grads =   3.159e-06, unitary_metric = 0.99997
Error = :5.01e-01; Runtime: 82.2s; Iterations = 440, grads =   9.235e-06, unitary_metric = 0.99997
Error = :4.94e-01; Runtime: 85.9s; Iterations = 460, grads =   6.005e-05, unitary_metric = 0.99997
Error = :4.53e-01; Runtime: 89.5s; Iterations = 480, grads =   2.752e-04, unitary_metric = 0.99997
Error = :3.73e-01; Runtime: 93.1s; Iterations = 500, grads =   5.071e-04, unitary_metric = 0.99996
Error = :3.19e-01; Runtime: 97.0s; Iterations = 520, grads =   1.355e-04, unitary_metric = 0.99996
Error = :3.02e-01; Runtime: 100.7s; Iterations = 540, grads =   6.232e-05, unitary_metric = 0.99996
Error = :2.95e-01; Runtime: 104.3s; Iterations = 560, grads =   1.152e-03, unitary_metric = 0.99996
Error = :2.90e-01; Runtime: 107.9s; Iterations = 580, grads =   6.766e-04, unitary_metric = 0.99996
Error = :2.87e-01; Runtime: 111.6s; Iterations = 600, grads =   2.033e-05, unitary_metric = 0.99996
Error = :2.85e-01; Runtime: 115.5s; Iterations = 620, grads =   9.624e-06, unitary_metric = 0.99996
Error = :2.84e-01; Runtime: 119.1s; Iterations = 640, grads =   8.570e-06, unitary_metric = 0.99996
Error = :2.83e-01; Runtime: 122.7s; Iterations = 660, grads =   7.208e-06, unitary_metric = 0.99996
Error = :2.82e-01; Runtime: 126.3s; Iterations = 680, grads =   7.692e-06, unitary_metric = 0.99996
Error = :2.81e-01; Runtime: 130.0s; Iterations = 700, grads =   7.680e-06, unitary_metric = 0.99996
Error = :2.80e-01; Runtime: 133.9s; Iterations = 720, grads =   7.472e-06, unitary_metric = 0.99996
Error = :2.78e-01; Runtime: 137.5s; Iterations = 740, grads =   6.896e-06, unitary_metric = 0.99996
Error = :2.77e-01; Runtime: 141.1s; Iterations = 760, grads =   1.780e-05, unitary_metric = 0.99996
Error = :2.76e-01; Runtime: 144.7s; Iterations = 780, grads =   7.396e-04, unitary_metric = 0.99996
Error = :2.75e-01; Runtime: 148.3s; Iterations = 800, grads =   5.826e-05, unitary_metric = 0.99996
Error = :2.74e-01; Runtime: 152.2s; Iterations = 820, grads =   1.818e-05, unitary_metric = 0.99996
Error = :2.73e-01; Runtime: 155.9s; Iterations = 840, grads =   9.064e-06, unitary_metric = 0.99996
Error = :2.72e-01; Runtime: 159.5s; Iterations = 860, grads =   1.337e-05, unitary_metric = 0.99996
Error = :2.72e-01; Runtime: 163.1s; Iterations = 880, grads =   3.190e-03, unitary_metric = 0.99996
Error = :2.71e-01; Runtime: 166.7s; Iterations = 900, grads =   5.172e-04, unitary_metric = 0.99996
Error = :2.70e-01; Runtime: 170.7s; Iterations = 920, grads =   6.530e-05, unitary_metric = 0.99996
Error = :2.70e-01; Runtime: 174.3s; Iterations = 940, grads =   1.362e-05, unitary_metric = 0.99996
Error = :2.70e-01; Runtime: 177.9s; Iterations = 960, grads =   1.650e-06, unitary_metric = 0.99996
Error = :2.69e-01; Runtime: 181.6s; Iterations = 980, grads =   2.073e-06, unitary_metric = 0.99996
Error = :2.69e-01; Runtime: 185.2s; Iterations = 1000, grads =   1.100e-05, unitary_metric = 0.99996
Error = :2.69e-01; Runtime: 189.1s; Iterations = 1020, grads =   4.627e-03, unitary_metric = 0.99996
Error = :2.68e-01; Runtime: 192.7s; Iterations = 1040, grads =   1.491e-04, unitary_metric = 0.99996
Error = :2.68e-01; Runtime: 196.3s; Iterations = 1060, grads =   6.510e-05, unitary_metric = 0.99996
Error = :2.68e-01; Runtime: 200.0s; Iterations = 1080, grads =   5.945e-06, unitary_metric = 0.99996
Error = :2.68e-01; Runtime: 203.6s; Iterations = 1100, grads =   1.189e-06, unitary_metric = 0.99996
Error = :2.68e-01; Runtime: 207.5s; Iterations = 1120, grads =   1.192e-06, unitary_metric = 0.99996
Error = :2.68e-01; Runtime: 211.2s; Iterations = 1140, grads =   6.946e-07, unitary_metric = 0.99996
Error = :2.67e-01; Runtime: 214.8s; Iterations = 1160, grads =   6.149e-07, unitary_metric = 0.99996
Error = :2.67e-01; Runtime: 218.4s; Iterations = 1180, grads =   3.427e-06, unitary_metric = 0.99996
Error = :2.68e-01; Runtime: 222.0s; Iterations = 1200, grads =   4.543e-03, unitary_metric = 0.99996
Error = :2.67e-01; Runtime: 225.9s; Iterations = 1220, grads =   3.509e-04, unitary_metric = 0.99996
Error = :2.67e-01; Runtime: 229.6s; Iterations = 1240, grads =   5.212e-05, unitary_metric = 0.99996
Error = :2.67e-01; Runtime: 233.2s; Iterations = 1260, grads =   3.632e-06, unitary_metric = 0.99996
Error = :2.67e-01; Runtime: 236.8s; Iterations = 1280, grads =   1.215e-06, unitary_metric = 0.99996
Error = :2.67e-01; Runtime: 240.5s; Iterations = 1300, grads =   1.262e-06, unitary_metric = 0.99996
Error = :2.67e-01; Runtime: 244.4s; Iterations = 1320, grads =   7.725e-05, unitary_metric = 0.99996
Error = :2.67e-01; Runtime: 248.0s; Iterations = 1340, grads =   2.426e-04, unitary_metric = 0.99996
Error = :2.67e-01; Runtime: 251.6s; Iterations = 1360, grads =   2.208e-04, unitary_metric = 0.99996
Error = :2.67e-01; Runtime: 255.3s; Iterations = 1380, grads =   3.486e-06, unitary_metric = 0.99996
Error = :2.67e-01; Runtime: 258.9s; Iterations = 1400, grads =   5.152e-07, unitary_metric = 0.99996
Error = :2.66e-01; Runtime: 262.8s; Iterations = 1420, grads =   5.679e-07, unitary_metric = 0.99996
Error = :2.66e-01; Runtime: 266.5s; Iterations = 1440, grads =   5.908e-07, unitary_metric = 0.99996
Error = :2.66e-01; Runtime: 270.1s; Iterations = 1460, grads =   5.146e-07, unitary_metric = 0.99996
Error = :2.66e-01; Runtime: 273.7s; Iterations = 1480, grads =   5.150e-07, unitary_metric = 0.99996
Error = :2.66e-01; Runtime: 277.3s; Iterations = 1500, grads =   4.956e-07, unitary_metric = 0.99996
Error = :2.66e-01; Runtime: 281.2s; Iterations = 1520, grads =   8.000e-07, unitary_metric = 0.99996
Error = :2.66e-01; Runtime: 284.9s; Iterations = 1540, grads =   1.203e-03, unitary_metric = 0.99996
Error = :2.66e-01; Runtime: 288.5s; Iterations = 1560, grads =   8.887e-04, unitary_metric = 0.99996
Error = :2.66e-01; Runtime: 292.1s; Iterations = 1580, grads =   1.250e-04, unitary_metric = 0.99996
Error = :2.66e-01; Runtime: 295.8s; Iterations = 1600, grads =   1.648e-05, unitary_metric = 0.99996
Error = :2.66e-01; Runtime: 299.7s; Iterations = 1620, grads =   1.253e-06, unitary_metric = 0.99996
Error = :2.66e-01; Runtime: 303.3s; Iterations = 1640, grads =   3.087e-07, unitary_metric = 0.99996
Error = :2.66e-01; Runtime: 307.0s; Iterations = 1660, grads =   3.037e-07, unitary_metric = 0.99996
Error = :2.66e-01; Runtime: 310.6s; Iterations = 1680, grads =   2.570e-07, unitary_metric = 0.99996
Error = :2.66e-01; Runtime: 314.2s; Iterations = 1700, grads =   2.407e-07, unitary_metric = 0.99996
Error = :2.66e-01; Runtime: 318.2s; Iterations = 1720, grads =   2.283e-07, unitary_metric = 0.99996
Error = :2.65e-01; Runtime: 321.8s; Iterations = 1740, grads =   2.168e-07, unitary_metric = 0.99996
Error = :2.65e-01; Runtime: 325.6s; Iterations = 1760, grads =   2.069e-07, unitary_metric = 0.99996
Error = :2.65e-01; Runtime: 329.2s; Iterations = 1780, grads =   2.389e-07, unitary_metric = 0.99996
Error = :2.65e-01; Runtime: 332.9s; Iterations = 1800, grads =   2.710e-05, unitary_metric = 0.99996
Error = :2.65e-01; Runtime: 336.8s; Iterations = 1820, grads =   3.517e-04, unitary_metric = 0.99996
Error = :2.65e-01; Runtime: 340.5s; Iterations = 1840, grads =   2.072e-05, unitary_metric = 0.99996
Error = :2.65e-01; Runtime: 344.1s; Iterations = 1860, grads =   9.855e-06, unitary_metric = 0.99996
Error = :2.65e-01; Runtime: 347.8s; Iterations = 1880, grads =   1.999e-06, unitary_metric = 0.99996
Error = :2.65e-01; Runtime: 351.4s; Iterations = 1900, grads =   5.444e-06, unitary_metric = 0.99996
Error = :2.65e-01; Runtime: 355.4s; Iterations = 1920, grads =   3.942e-04, unitary_metric = 0.99996
Error = :2.65e-01; Runtime: 359.0s; Iterations = 1940, grads =   3.310e-04, unitary_metric = 0.99996
Error = :2.65e-01; Runtime: 362.7s; Iterations = 1960, grads =   4.738e-06, unitary_metric = 0.99996
Error = :2.65e-01; Runtime: 366.3s; Iterations = 1980, grads =   5.856e-06, unitary_metric = 0.99996
Error = :2.65e-01; Runtime: 370.0s; Iterations = 2000, grads =   1.597e-07, unitary_metric = 0.99996
Error = :2.65e-01; Runtime: 373.9s; Iterations = 2020, grads =   1.348e-07, unitary_metric = 0.99996
Error = :2.65e-01; Runtime: 377.6s; Iterations = 2040, grads =   2.122e-07, unitary_metric = 0.99996
Error = :2.65e-01; Runtime: 381.2s; Iterations = 2060, grads =   8.224e-07, unitary_metric = 0.99996
Error = :2.65e-01; Runtime: 384.9s; Iterations = 2080, grads =   9.328e-05, unitary_metric = 0.99996
Error = :2.65e-01; Runtime: 388.5s; Iterations = 2100, grads =   2.127e-05, unitary_metric = 0.99996
Error = :2.65e-01; Runtime: 392.4s; Iterations = 2120, grads =   3.979e-06, unitary_metric = 0.99996
Error = :2.65e-01; Runtime: 396.1s; Iterations = 2140, grads =   3.077e-07, unitary_metric = 0.99996
Error = :2.65e-01; Runtime: 399.7s; Iterations = 2160, grads =   1.022e-06, unitary_metric = 0.99996
Error = :2.65e-01; Runtime: 403.4s; Iterations = 2180, grads =   3.808e-07, unitary_metric = 0.99996
Error = :2.65e-01; Runtime: 407.0s; Iterations = 2200, grads =   2.680e-07, unitary_metric = 0.99996
Error = :2.65e-01; Runtime: 411.0s; Iterations = 2220, grads =   2.135e-07, unitary_metric = 0.99996
Error = :2.65e-01; Runtime: 414.6s; Iterations = 2240, grads =   1.966e-07, unitary_metric = 0.99996
Error = :2.65e-01; Runtime: 418.3s; Iterations = 2260, grads =   3.859e-07, unitary_metric = 0.99996
Error = :2.65e-01; Runtime: 421.9s; Iterations = 2280, grads =   4.701e-05, unitary_metric = 0.99996
Error = :2.65e-01; Runtime: 425.5s; Iterations = 2300, grads =   8.289e-05, unitary_metric = 0.99996
Error = :2.65e-01; Runtime: 429.5s; Iterations = 2320, grads =   7.055e-05, unitary_metric = 0.99996
Error = :2.65e-01; Runtime: 433.2s; Iterations = 2340, grads =   1.621e-05, unitary_metric = 0.99996
Error = :2.65e-01; Runtime: 436.8s; Iterations = 2360, grads =   1.049e-06, unitary_metric = 0.99996
Error = :2.65e-01; Runtime: 440.5s; Iterations = 2380, grads =   2.153e-07, unitary_metric = 0.99996
Error = :2.65e-01; Runtime: 444.1s; Iterations = 2400, grads =   1.287e-07, unitary_metric = 0.99996
Error = :2.65e-01; Runtime: 448.0s; Iterations = 2420, grads =   9.778e-08, unitary_metric = 0.99996
Error = :2.65e-01; Runtime: 451.7s; Iterations = 2440, grads =   9.278e-08, unitary_metric = 0.99996
Error = :2.65e-01; Runtime: 455.3s; Iterations = 2460, grads =   1.085e-07, unitary_metric = 0.99996
Error = :2.65e-01; Runtime: 459.0s; Iterations = 2480, grads =   4.142e-06, unitary_metric = 0.99996
Error = :2.65e-01; Runtime: 462.6s; Iterations = 2500, grads =   1.043e-03, unitary_metric = 0.99996
Error = :2.65e-01; Runtime: 466.6s; Iterations = 2520, grads =   8.344e-05, unitary_metric = 0.99996
Error = :2.64e-01; Runtime: 470.2s; Iterations = 2540, grads =   6.393e-07, unitary_metric = 0.99996
Error = :2.64e-01; Runtime: 473.9s; Iterations = 2560, grads =   1.215e-06, unitary_metric = 0.99996
Error = :2.64e-01; Runtime: 477.6s; Iterations = 2580, grads =   3.240e-07, unitary_metric = 0.99996
Error = :2.64e-01; Runtime: 481.2s; Iterations = 2600, grads =   1.415e-07, unitary_metric = 0.99996
Error = :2.64e-01; Runtime: 485.1s; Iterations = 2620, grads =   2.421e-07, unitary_metric = 0.99996
Error = :2.64e-01; Runtime: 488.8s; Iterations = 2640, grads =   1.889e-05, unitary_metric = 0.99996
Error = :2.65e-01; Runtime: 492.4s; Iterations = 2660, grads =   7.575e-04, unitary_metric = 0.99996
Error = :2.64e-01; Runtime: 496.1s; Iterations = 2680, grads =   1.022e-04, unitary_metric = 0.99996
Error = :2.64e-01; Runtime: 499.8s; Iterations = 2700, grads =   1.467e-05, unitary_metric = 0.99996
Error = :2.64e-01; Runtime: 503.7s; Iterations = 2720, grads =   2.162e-06, unitary_metric = 0.99996
Error = :2.64e-01; Runtime: 507.4s; Iterations = 2740, grads =   8.438e-08, unitary_metric = 0.99996
Error = :2.64e-01; Runtime: 511.0s; Iterations = 2760, grads =   1.100e-07, unitary_metric = 0.99996
Error = :2.64e-01; Runtime: 514.7s; Iterations = 2780, grads =   5.575e-08, unitary_metric = 0.99996
Error = :2.64e-01; Runtime: 518.4s; Iterations = 2800, grads =   4.496e-08, unitary_metric = 0.99996
Error = :2.64e-01; Runtime: 522.3s; Iterations = 2820, grads =   4.355e-08, unitary_metric = 0.99996
Error = :2.64e-01; Runtime: 525.9s; Iterations = 2840, grads =   4.589e-08, unitary_metric = 0.99996
Error = :2.64e-01; Runtime: 529.6s; Iterations = 2860, grads =   2.028e-07, unitary_metric = 0.99996
Error = :2.64e-01; Runtime: 533.2s; Iterations = 2880, grads =   6.469e-05, unitary_metric = 0.99996
Error = :2.64e-01; Runtime: 536.9s; Iterations = 2900, grads =   2.056e-04, unitary_metric = 0.99996
Error = :2.64e-01; Runtime: 540.8s; Iterations = 2920, grads =   7.066e-05, unitary_metric = 0.99996
Error = :2.64e-01; Runtime: 544.5s; Iterations = 2940, grads =   4.765e-06, unitary_metric = 0.99996
Error = :2.64e-01; Runtime: 548.1s; Iterations = 2960, grads =   1.798e-07, unitary_metric = 0.99996
Error = :2.64e-01; Runtime: 551.8s; Iterations = 2980, grads =   5.595e-08, unitary_metric = 0.99996
Error = :2.64e-01; Runtime: 555.4s; Iterations = 3000, grads =   4.655e-08, unitary_metric = 0.99996
Error = :2.64e-01; Runtime: 559.3s; Iterations = 3020, grads =   3.702e-08, unitary_metric = 0.99996
Error = :2.64e-01; Runtime: 563.0s; Iterations = 3040, grads =   4.103e-08, unitary_metric = 0.99996
Error = :2.64e-01; Runtime: 566.6s; Iterations = 3060, grads =   4.178e-07, unitary_metric = 0.99996
Error = :2.64e-01; Runtime: 570.3s; Iterations = 3080, grads =   6.636e-05, unitary_metric = 0.99996
Error = :2.64e-01; Runtime: 573.9s; Iterations = 3100, grads =   7.130e-05, unitary_metric = 0.99996
Error = :2.64e-01; Runtime: 577.8s; Iterations = 3120, grads =   6.919e-06, unitary_metric = 0.99996
Error = :2.64e-01; Runtime: 581.5s; Iterations = 3140, grads =   5.081e-07, unitary_metric = 0.99996
Error = :2.64e-01; Runtime: 585.1s; Iterations = 3160, grads =   2.235e-07, unitary_metric = 0.99996
Error = :2.64e-01; Runtime: 588.8s; Iterations = 3180, grads =   4.271e-06, unitary_metric = 0.99996
Error = :2.64e-01; Runtime: 592.4s; Iterations = 3200, grads =   4.761e-04, unitary_metric = 0.99996
Error = :2.64e-01; Runtime: 596.3s; Iterations = 3220, grads =   5.440e-05, unitary_metric = 0.99996
Error = :2.64e-01; Runtime: 600.0s; Iterations = 3240, grads =   1.211e-05, unitary_metric = 0.99996
Error = :2.64e-01; Runtime: 603.6s; Iterations = 3260, grads =   1.253e-07, unitary_metric = 0.99996
Error = :2.64e-01; Runtime: 607.3s; Iterations = 3280, grads =   1.682e-07, unitary_metric = 0.99996
Error = :2.64e-01; Runtime: 610.9s; Iterations = 3300, grads =   4.738e-08, unitary_metric = 0.99996
Error = :2.64e-01; Runtime: 614.8s; Iterations = 3320, grads =   2.627e-08, unitary_metric = 0.99996
Error = :2.64e-01; Runtime: 618.5s; Iterations = 3340, grads =   2.775e-08, unitary_metric = 0.99996
Error = :2.64e-01; Runtime: 622.1s; Iterations = 3360, grads =   4.651e-08, unitary_metric = 0.99996
Error = :2.64e-01; Runtime: 625.7s; Iterations = 3380, grads =   2.349e-06, unitary_metric = 0.99996
Error = :2.64e-01; Runtime: 629.3s; Iterations = 3400, grads =   5.902e-04, unitary_metric = 0.99996
Error = :2.64e-01; Runtime: 633.6s; Iterations = 3420, grads =   1.789e-05, unitary_metric = 0.99996
Error = :2.64e-01; Runtime: 637.3s; Iterations = 3440, grads =   7.023e-06, unitary_metric = 0.99996
Error = :2.64e-01; Runtime: 640.9s; Iterations = 3460, grads =   9.253e-07, unitary_metric = 0.99996
Error = :2.64e-01; Runtime: 644.5s; Iterations = 3480, grads =   8.709e-08, unitary_metric = 0.99996
Error = :2.64e-01; Runtime: 648.1s; Iterations = 3500, grads =   2.925e-08, unitary_metric = 0.99996
Error = :2.64e-01; Runtime: 652.0s; Iterations = 3520, grads =   2.370e-08, unitary_metric = 0.99996
Error = :2.64e-01; Runtime: 655.6s; Iterations = 3540, grads =   2.099e-08, unitary_metric = 0.99996
Error = :2.64e-01; Runtime: 659.3s; Iterations = 3560, grads =   2.346e-08, unitary_metric = 0.99996
Error = :2.64e-01; Runtime: 662.9s; Iterations = 3580, grads =   6.112e-08, unitary_metric = 0.99996
Error = :2.64e-01; Runtime: 666.5s; Iterations = 3600, grads =   5.388e-06, unitary_metric = 0.99996
Error = :2.64e-01; Runtime: 670.4s; Iterations = 3620, grads =   1.959e-04, unitary_metric = 0.99996
Error = :2.64e-01; Runtime: 674.0s; Iterations = 3640, grads =   1.223e-05, unitary_metric = 0.99996
Error = :2.64e-01; Runtime: 677.6s; Iterations = 3660, grads =   6.159e-07, unitary_metric = 0.99996
Error = :2.64e-01; Runtime: 681.3s; Iterations = 3680, grads =   1.252e-06, unitary_metric = 0.99996
Error = :2.64e-01; Runtime: 684.9s; Iterations = 3700, grads =   7.003e-06, unitary_metric = 0.99996
Error = :2.64e-01; Runtime: 688.8s; Iterations = 3720, grads =   2.120e-04, unitary_metric = 0.99996
Error = :2.64e-01; Runtime: 692.5s; Iterations = 3740, grads =   4.859e-05, unitary_metric = 0.99996
Error = :2.64e-01; Runtime: 696.1s; Iterations = 3760, grads =   4.191e-06, unitary_metric = 0.99996
Error = :2.64e-01; Runtime: 699.7s; Iterations = 3780, grads =   3.790e-07, unitary_metric = 0.99996
Error = :2.64e-01; Runtime: 703.3s; Iterations = 3800, grads =   1.989e-07, unitary_metric = 0.99996
Error = :2.64e-01; Runtime: 707.2s; Iterations = 3820, grads =   1.671e-08, unitary_metric = 0.99996
Error = :2.64e-01; Runtime: 710.8s; Iterations = 3840, grads =   3.188e-08, unitary_metric = 0.99996
Error = :2.64e-01; Runtime: 714.4s; Iterations = 3860, grads =   1.993e-06, unitary_metric = 0.99996
Error = :2.64e-01; Runtime: 718.1s; Iterations = 3880, grads =   4.028e-04, unitary_metric = 0.99996
Error = :2.64e-01; Runtime: 721.7s; Iterations = 3900, grads =   1.490e-06, unitary_metric = 0.99996
Error = :2.64e-01; Runtime: 725.6s; Iterations = 3920, grads =   4.699e-07, unitary_metric = 0.99996
Error = :2.64e-01; Runtime: 729.2s; Iterations = 3940, grads =   5.161e-07, unitary_metric = 0.99996
Error = :2.64e-01; Runtime: 732.8s; Iterations = 3960, grads =   2.531e-07, unitary_metric = 0.99996
Error = :2.64e-01; Runtime: 736.4s; Iterations = 3980, grads =   1.632e-08, unitary_metric = 0.99996
Error = :2.64e-01; Runtime: 740.0s; Iterations = 4000, grads =   1.790e-08, unitary_metric = 0.99996
Error = :2.64e-01; Runtime: 743.9s; Iterations = 4020, grads =   1.472e-08, unitary_metric = 0.99996
Error = :2.64e-01; Runtime: 747.5s; Iterations = 4040, grads =   1.498e-08, unitary_metric = 0.99996
Error = :2.64e-01; Runtime: 751.1s; Iterations = 4060, grads =   1.691e-08, unitary_metric = 0.99996
Error = :2.64e-01; Runtime: 754.7s; Iterations = 4080, grads =   1.802e-08, unitary_metric = 0.99996
Error = :2.64e-01; Runtime: 758.4s; Iterations = 4100, grads =   4.815e-07, unitary_metric = 0.99996
Error = :2.64e-01; Runtime: 762.3s; Iterations = 4120, grads =   1.258e-04, unitary_metric = 0.99996
Error = :2.64e-01; Runtime: 765.9s; Iterations = 4140, grads =   1.478e-05, unitary_metric = 0.99996
Error = :2.64e-01; Runtime: 769.5s; Iterations = 4160, grads =   9.894e-06, unitary_metric = 0.99996
Error = :2.64e-01; Runtime: 773.1s; Iterations = 4180, grads =   1.312e-06, unitary_metric = 0.99996
Error = :2.64e-01; Runtime: 776.7s; Iterations = 4200, grads =   9.386e-08, unitary_metric = 0.99996
Error = :2.64e-01; Runtime: 780.6s; Iterations = 4220, grads =   2.476e-08, unitary_metric = 0.99996
Error = :2.64e-01; Runtime: 784.3s; Iterations = 4240, grads =   1.663e-08, unitary_metric = 0.99996
Error = :2.64e-01; Runtime: 787.9s; Iterations = 4260, grads =   1.389e-08, unitary_metric = 0.99996
Error = :2.64e-01; Runtime: 791.5s; Iterations = 4280, grads =   1.196e-08, unitary_metric = 0.99996
Error = :2.64e-01; Runtime: 795.1s; Iterations = 4300, grads =   1.545e-08, unitary_metric = 0.99996
Error = :2.64e-01; Runtime: 799.0s; Iterations = 4320, grads =   8.298e-07, unitary_metric = 0.99996
Error = :2.64e-01; Runtime: 802.6s; Iterations = 4340, grads =   2.653e-04, unitary_metric = 0.99996
Error = :2.64e-01; Runtime: 806.3s; Iterations = 4360, grads =   3.164e-06, unitary_metric = 0.99996
Error = :2.64e-01; Runtime: 809.9s; Iterations = 4380, grads =   3.534e-07, unitary_metric = 0.99996
Error = :2.64e-01; Runtime: 813.5s; Iterations = 4400, grads =   4.768e-08, unitary_metric = 0.99996
Error = :2.64e-01; Runtime: 817.4s; Iterations = 4420, grads =   1.811e-08, unitary_metric = 0.99996
Error = :2.64e-01; Runtime: 821.0s; Iterations = 4440, grads =   2.922e-08, unitary_metric = 0.99996
Error = :2.64e-01; Runtime: 824.6s; Iterations = 4460, grads =   1.194e-08, unitary_metric = 0.99996
Error = :2.64e-01; Runtime: 828.2s; Iterations = 4480, grads =   1.071e-08, unitary_metric = 0.99996
Error = :2.64e-01; Runtime: 831.8s; Iterations = 4500, grads =   1.050e-08, unitary_metric = 0.99996
Error = :2.64e-01; Runtime: 835.7s; Iterations = 4520, grads =   1.100e-08, unitary_metric = 0.99996
Error = :2.64e-01; Runtime: 839.3s; Iterations = 4540, grads =   1.390e-08, unitary_metric = 0.99996
Error = :2.64e-01; Runtime: 842.9s; Iterations = 4560, grads =   3.322e-08, unitary_metric = 0.99996
Error = :2.64e-01; Runtime: 846.5s; Iterations = 4580, grads =   9.740e-07, unitary_metric = 0.99996
Error = :2.64e-01; Runtime: 850.1s; Iterations = 4600, grads =   1.173e-04, unitary_metric = 0.99996
Error = :2.64e-01; Runtime: 854.0s; Iterations = 4620, grads =   6.047e-05, unitary_metric = 0.99996
Error = :2.64e-01; Runtime: 857.6s; Iterations = 4640, grads =   5.328e-06, unitary_metric = 0.99996
Error = :2.64e-01; Runtime: 861.2s; Iterations = 4660, grads =   4.828e-08, unitary_metric = 0.99996
Error = :2.64e-01; Runtime: 864.8s; Iterations = 4680, grads =   1.883e-07, unitary_metric = 0.99996
Error = :2.64e-01; Runtime: 868.4s; Iterations = 4700, grads =   2.131e-08, unitary_metric = 0.99996
Error = :2.64e-01; Runtime: 872.3s; Iterations = 4720, grads =   9.374e-09, unitary_metric = 0.99996
Error = :2.64e-01; Runtime: 875.9s; Iterations = 4740, grads =   1.477e-08, unitary_metric = 0.99996
Error = :2.64e-01; Runtime: 879.5s; Iterations = 4760, grads =   9.318e-09, unitary_metric = 0.99996
Error = :2.64e-01; Runtime: 883.1s; Iterations = 4780, grads =   9.811e-09, unitary_metric = 0.99996
Error = :2.64e-01; Runtime: 886.7s; Iterations = 4800, grads =   1.318e-07, unitary_metric = 0.99996
Error = :2.64e-01; Runtime: 890.7s; Iterations = 4820, grads =   4.982e-05, unitary_metric = 0.99996
Error = :2.64e-01; Runtime: 894.3s; Iterations = 4840, grads =   1.057e-06, unitary_metric = 0.99996
Error = :2.64e-01; Runtime: 897.9s; Iterations = 4860, grads =   3.023e-06, unitary_metric = 0.99996
Error = :2.64e-01; Runtime: 901.5s; Iterations = 4880, grads =   1.475e-04, unitary_metric = 0.99996
Error = :2.64e-01; Runtime: 905.2s; Iterations = 4900, grads =   1.958e-05, unitary_metric = 0.99996
Error = :2.64e-01; Runtime: 909.0s; Iterations = 4920, grads =   4.287e-06, unitary_metric = 0.99996
Error = :2.64e-01; Runtime: 912.6s; Iterations = 4940, grads =   1.028e-08, unitary_metric = 0.99996
Error = :2.64e-01; Runtime: 916.2s; Iterations = 4960, grads =   7.959e-08, unitary_metric = 0.99996
Error = :2.64e-01; Runtime: 919.8s; Iterations = 4980, grads =   2.669e-08, unitary_metric = 0.99996
Error = :2.64e-01; Runtime: 923.5s; Iterations = 5000, grads =   1.096e-08, unitary_metric = 0.99996
Error = :2.64e-01; Runtime: 927.3s; Iterations = 5020, grads =   7.996e-09, unitary_metric = 0.99996
Error = :2.64e-01; Runtime: 930.9s; Iterations = 5040, grads =   7.733e-09, unitary_metric = 0.99996
Error = :2.64e-01; Runtime: 934.5s; Iterations = 5060, grads =   1.454e-08, unitary_metric = 0.99996
Error = :2.64e-01; Runtime: 938.1s; Iterations = 5080, grads =   6.029e-07, unitary_metric = 0.99996
Error = :2.64e-01; Runtime: 941.7s; Iterations = 5100, grads =   2.042e-04, unitary_metric = 0.99996
Error = :2.64e-01; Runtime: 945.6s; Iterations = 5120, grads =   3.257e-06, unitary_metric = 0.99996
Error = :2.64e-01; Runtime: 949.2s; Iterations = 5140, grads =   3.203e-06, unitary_metric = 0.99996
Error = :2.64e-01; Runtime: 952.8s; Iterations = 5160, grads =   6.901e-07, unitary_metric = 0.99996
Error = :2.64e-01; Runtime: 956.4s; Iterations = 5180, grads =   9.282e-08, unitary_metric = 0.99996
Error = :2.64e-01; Runtime: 960.0s; Iterations = 5200, grads =   1.032e-08, unitary_metric = 0.99996
Error = :2.64e-01; Runtime: 963.9s; Iterations = 5220, grads =   7.199e-09, unitary_metric = 0.99996
Error = :2.64e-01; Runtime: 967.5s; Iterations = 5240, grads =   7.561e-09, unitary_metric = 0.99996
Error = :2.64e-01; Runtime: 971.1s; Iterations = 5260, grads =   7.206e-09, unitary_metric = 0.99996
Error = :2.64e-01; Runtime: 974.7s; Iterations = 5280, grads =   1.038e-08, unitary_metric = 0.99996
Error = :2.64e-01; Runtime: 978.3s; Iterations = 5300, grads =   7.705e-09, unitary_metric = 0.99996
Error = :2.64e-01; Runtime: 982.4s; Iterations = 5320, grads =   7.337e-09, unitary_metric = 0.99996
Error = :2.64e-01; Runtime: 986.0s; Iterations = 5340, grads =   1.983e-08, unitary_metric = 0.99996
Error = :2.64e-01; Runtime: 989.6s; Iterations = 5360, grads =   4.230e-07, unitary_metric = 0.99996
Error = :2.64e-01; Runtime: 993.2s; Iterations = 5380, grads =   7.335e-05, unitary_metric = 0.99996
Error = :2.64e-01; Runtime: 996.8s; Iterations = 5400, grads =   3.772e-05, unitary_metric = 0.99996
Error = :2.64e-01; Runtime: 1000.7s; Iterations = 5420, grads =   5.105e-06, unitary_metric = 0.99996
Error = :2.64e-01; Runtime: 1004.4s; Iterations = 5440, grads =   5.308e-07, unitary_metric = 0.99996
Error = :2.64e-01; Runtime: 1008.0s; Iterations = 5460, grads =   7.837e-09, unitary_metric = 0.99996
Error = :2.64e-01; Runtime: 1011.6s; Iterations = 5480, grads =   1.846e-08, unitary_metric = 0.99996
Error = :2.64e-01; Runtime: 1015.2s; Iterations = 5500, grads =   6.206e-09, unitary_metric = 0.99996
Error = :2.64e-01; Runtime: 1019.2s; Iterations = 5520, grads =   7.827e-09, unitary_metric = 0.99996
Error = :2.64e-01; Runtime: 1022.8s; Iterations = 5540, grads =   1.727e-08, unitary_metric = 0.99996
Error = :2.64e-01; Runtime: 1026.4s; Iterations = 5560, grads =   8.503e-07, unitary_metric = 0.99996
Error = :2.64e-01; Runtime: 1030.0s; Iterations = 5580, grads =   4.104e-05, unitary_metric = 0.99996
Error = :2.64e-01; Runtime: 1033.6s; Iterations = 5600, grads =   3.519e-06, unitary_metric = 0.99996
Error = :2.64e-01; Runtime: 1037.6s; Iterations = 5620, grads =   5.246e-07, unitary_metric = 0.99996
Error = :2.64e-01; Runtime: 1041.2s; Iterations = 5640, grads =   6.977e-07, unitary_metric = 0.99996
Error = :2.64e-01; Runtime: 1044.8s; Iterations = 5660, grads =   1.482e-05, unitary_metric = 0.99996
Error = :2.64e-01; Runtime: 1048.4s; Iterations = 5680, grads =   6.017e-06, unitary_metric = 0.99996
Error = :2.64e-01; Runtime: 1052.0s; Iterations = 5700, grads =   6.991e-07, unitary_metric = 0.99996
Error = :2.64e-01; Runtime: 1055.9s; Iterations = 5720, grads =   3.965e-07, unitary_metric = 0.99996
Error = :2.64e-01; Runtime: 1059.5s; Iterations = 5740, grads =   2.971e-08, unitary_metric = 0.99996
Error = :2.64e-01; Runtime: 1063.1s; Iterations = 5760, grads =   3.957e-08, unitary_metric = 0.99996
Error = :2.64e-01; Runtime: 1066.7s; Iterations = 5780, grads =   4.314e-08, unitary_metric = 0.99996
Error = :2.64e-01; Runtime: 1070.3s; Iterations = 5800, grads =   1.098e-06, unitary_metric = 0.99996
Error = :2.64e-01; Runtime: 1074.3s; Iterations = 5820, grads =   7.966e-05, unitary_metric = 0.99996
Error = :2.64e-01; Runtime: 1077.9s; Iterations = 5840, grads =   1.179e-05, unitary_metric = 0.99996
Error = :2.64e-01; Runtime: 1081.5s; Iterations = 5860, grads =   1.419e-06, unitary_metric = 0.99996
Error = :2.64e-01; Runtime: 1085.1s; Iterations = 5880, grads =   1.342e-07, unitary_metric = 0.99996
Error = :2.64e-01; Runtime: 1088.7s; Iterations = 5900, grads =   6.738e-09, unitary_metric = 0.99996
Error = :2.64e-01; Runtime: 1092.6s; Iterations = 5920, grads =   5.724e-09, unitary_metric = 0.99996
Error = :2.64e-01; Runtime: 1096.2s; Iterations = 5940, grads =   9.653e-09, unitary_metric = 0.99996
Error = :2.64e-01; Runtime: 1099.8s; Iterations = 5960, grads =   5.932e-09, unitary_metric = 0.99996
Error = :2.64e-01; Runtime: 1103.4s; Iterations = 5980, grads =   4.879e-08, unitary_metric = 0.99996
Error = :2.64e-01; Runtime: 1107.0s; Iterations = 6000, grads =   2.148e-06, unitary_metric = 0.99996
data saved at: /project/ftchong/qoc/pranav/00016_30_lih_slice_92.h5


trying total_time: 15.0 for unitary of size (16, 16)
data saved at: /project/ftchong/qoc/pranav/00017_30_lih_slice_92.h5
Using 7 Taylor terms and 2 Scaling & Squaring terms
Building graph:
Propagators initialized.
Operators weight initialized.
Intermediate propagation variables initialized.
Intermediate propagators initialized.
Vectors initialized.
Training loss initialized.
Optimizer initialized.
Utilities initialized.
Graph built!
Initialized
Error = :9.87e-01; Runtime: 0.5s; Iterations = 0, grads =   1.567e-03, unitary_metric = 1.00000
Error = :9.67e-01; Runtime: 6.9s; Iterations = 20, grads =   2.465e-03, unitary_metric = 1.00000
Error = :8.56e-01; Runtime: 12.4s; Iterations = 40, grads =   3.642e-03, unitary_metric = 0.99999
Error = :4.92e-01; Runtime: 18.0s; Iterations = 60, grads =   1.906e-02, unitary_metric = 0.99999
Error = :2.90e-02; Runtime: 23.5s; Iterations = 80, grads =   1.022e-02, unitary_metric = 0.99998
Error = :3.32e-03; Runtime: 29.0s; Iterations = 100, grads =   4.173e-03, unitary_metric = 0.99998
Error = :9.45e-04; Runtime: 34.2s; Iterations = 117, grads =   2.574e-03, unitary_metric = 0.99998
data saved at: /project/ftchong/qoc/pranav/00017_30_lih_slice_92.h5


trying total_time: 12.5 for unitary of size (16, 16)
data saved at: /project/ftchong/qoc/pranav/00018_30_lih_slice_92.h5
Using 7 Taylor terms and 2 Scaling & Squaring terms
Building graph:
Propagators initialized.
Operators weight initialized.
Intermediate propagation variables initialized.
Intermediate propagators initialized.
Vectors initialized.
Training loss initialized.
Optimizer initialized.
Utilities initialized.
Graph built!
Initialized
Error = :9.86e-01; Runtime: 0.4s; Iterations = 0, grads =   4.631e-04, unitary_metric = 1.00000
Error = :9.68e-01; Runtime: 5.8s; Iterations = 20, grads =   1.972e-04, unitary_metric = 1.00000
Error = :9.49e-01; Runtime: 10.5s; Iterations = 40, grads =   2.174e-04, unitary_metric = 1.00000
Error = :9.28e-01; Runtime: 15.1s; Iterations = 60, grads =   1.583e-04, unitary_metric = 0.99999
Error = :8.73e-01; Runtime: 19.6s; Iterations = 80, grads =   1.094e-04, unitary_metric = 0.99999
Error = :7.63e-01; Runtime: 24.2s; Iterations = 100, grads =   8.925e-04, unitary_metric = 0.99999
Error = :7.52e-01; Runtime: 29.2s; Iterations = 120, grads =   1.511e-04, unitary_metric = 0.99999
Error = :6.94e-01; Runtime: 33.8s; Iterations = 140, grads =   1.675e-03, unitary_metric = 0.99999
Error = :5.19e-01; Runtime: 38.4s; Iterations = 160, grads =   6.540e-03, unitary_metric = 0.99998
Error = :5.02e-01; Runtime: 43.0s; Iterations = 180, grads =   6.697e-04, unitary_metric = 0.99998
Error = :5.00e-01; Runtime: 47.6s; Iterations = 200, grads =   8.456e-05, unitary_metric = 0.99998
Error = :5.00e-01; Runtime: 52.6s; Iterations = 220, grads =   1.121e-03, unitary_metric = 0.99998
Error = :5.00e-01; Runtime: 57.2s; Iterations = 240, grads =   4.288e-04, unitary_metric = 0.99998
Error = :5.00e-01; Runtime: 61.8s; Iterations = 260, grads =   7.083e-06, unitary_metric = 0.99998
Error = :5.00e-01; Runtime: 66.5s; Iterations = 280, grads =   1.961e-05, unitary_metric = 0.99998
Error = :5.00e-01; Runtime: 71.1s; Iterations = 300, grads =   9.384e-04, unitary_metric = 0.99998
Error = :5.00e-01; Runtime: 76.0s; Iterations = 320, grads =   2.160e-04, unitary_metric = 0.99998
Error = :5.00e-01; Runtime: 80.6s; Iterations = 340, grads =   9.660e-04, unitary_metric = 0.99998
Error = :5.00e-01; Runtime: 85.2s; Iterations = 360, grads =   3.661e-05, unitary_metric = 0.99998
Error = :5.00e-01; Runtime: 89.8s; Iterations = 380, grads =   7.895e-04, unitary_metric = 0.99998
Error = :4.99e-01; Runtime: 94.4s; Iterations = 400, grads =   1.569e-03, unitary_metric = 0.99998
Error = :4.89e-01; Runtime: 99.3s; Iterations = 420, grads =   7.150e-04, unitary_metric = 0.99998
Error = :2.80e-01; Runtime: 103.9s; Iterations = 440, grads =   5.205e-02, unitary_metric = 0.99997
Error = :1.29e-01; Runtime: 108.5s; Iterations = 460, grads =   1.275e-02, unitary_metric = 0.99997
Error = :8.35e-02; Runtime: 113.1s; Iterations = 480, grads =   4.478e-03, unitary_metric = 0.99998
Error = :6.58e-02; Runtime: 117.7s; Iterations = 500, grads =   1.770e-03, unitary_metric = 0.99997
Error = :5.71e-02; Runtime: 122.6s; Iterations = 520, grads =   4.310e-03, unitary_metric = 0.99997
Error = :5.22e-02; Runtime: 127.3s; Iterations = 540, grads =   8.421e-03, unitary_metric = 0.99996
Error = :4.84e-02; Runtime: 131.9s; Iterations = 560, grads =   2.295e-04, unitary_metric = 0.99997
Error = :4.63e-02; Runtime: 136.5s; Iterations = 580, grads =   1.357e-03, unitary_metric = 0.99996
Error = :4.50e-02; Runtime: 141.1s; Iterations = 600, grads =   4.421e-03, unitary_metric = 0.99997
Error = :4.35e-02; Runtime: 146.0s; Iterations = 620, grads =   1.707e-03, unitary_metric = 0.99997
Error = :4.24e-02; Runtime: 150.6s; Iterations = 640, grads =   1.209e-03, unitary_metric = 0.99997
Error = :4.18e-02; Runtime: 155.2s; Iterations = 660, grads =   4.700e-03, unitary_metric = 0.99996
Error = :4.07e-02; Runtime: 159.8s; Iterations = 680, grads =   8.626e-04, unitary_metric = 0.99996
Error = :4.04e-02; Runtime: 164.4s; Iterations = 700, grads =   6.637e-03, unitary_metric = 0.99997
Error = :3.94e-02; Runtime: 169.3s; Iterations = 720, grads =   1.179e-03, unitary_metric = 0.99996
Error = :3.88e-02; Runtime: 173.9s; Iterations = 740, grads =   5.484e-04, unitary_metric = 0.99997
Error = :3.92e-02; Runtime: 178.5s; Iterations = 760, grads =   1.282e-02, unitary_metric = 0.99996
Error = :3.79e-02; Runtime: 183.1s; Iterations = 780, grads =   6.118e-04, unitary_metric = 0.99997
Error = :3.74e-02; Runtime: 187.7s; Iterations = 800, grads =   2.824e-04, unitary_metric = 0.99997
Error = :3.71e-02; Runtime: 192.6s; Iterations = 820, grads =   8.834e-06, unitary_metric = 0.99997
Error = :3.67e-02; Runtime: 197.2s; Iterations = 840, grads =   9.130e-05, unitary_metric = 0.99996
Error = :3.82e-02; Runtime: 201.8s; Iterations = 860, grads =   2.245e-02, unitary_metric = 0.99996
Error = :3.62e-02; Runtime: 206.4s; Iterations = 880, grads =   7.366e-04, unitary_metric = 0.99996
Error = :3.59e-02; Runtime: 211.0s; Iterations = 900, grads =   3.102e-04, unitary_metric = 0.99996
Error = :3.56e-02; Runtime: 216.0s; Iterations = 920, grads =   2.739e-05, unitary_metric = 0.99996
Error = :3.54e-02; Runtime: 220.6s; Iterations = 940, grads =   4.972e-06, unitary_metric = 0.99996
Error = :3.52e-02; Runtime: 225.3s; Iterations = 960, grads =   1.285e-06, unitary_metric = 0.99997
Error = :3.49e-02; Runtime: 229.9s; Iterations = 980, grads =   1.090e-06, unitary_metric = 0.99997
Error = :3.47e-02; Runtime: 234.5s; Iterations = 1000, grads =   1.098e-06, unitary_metric = 0.99997
Error = :3.44e-02; Runtime: 239.4s; Iterations = 1020, grads =   4.151e-06, unitary_metric = 0.99997
Error = :3.45e-02; Runtime: 244.0s; Iterations = 1040, grads =   3.856e-03, unitary_metric = 0.99997
Error = :3.43e-02; Runtime: 248.6s; Iterations = 1060, grads =   4.273e-03, unitary_metric = 0.99997
Error = :3.38e-02; Runtime: 253.2s; Iterations = 1080, grads =   3.786e-04, unitary_metric = 0.99997
Error = :3.36e-02; Runtime: 257.8s; Iterations = 1100, grads =   5.477e-05, unitary_metric = 0.99997
Error = :3.34e-02; Runtime: 262.8s; Iterations = 1120, grads =   6.006e-06, unitary_metric = 0.99997
Error = :3.33e-02; Runtime: 267.3s; Iterations = 1140, grads =   2.494e-06, unitary_metric = 0.99997
Error = :3.31e-02; Runtime: 271.9s; Iterations = 1160, grads =   8.056e-07, unitary_metric = 0.99996
Error = :3.29e-02; Runtime: 276.5s; Iterations = 1180, grads =   7.299e-07, unitary_metric = 0.99997
Error = :3.28e-02; Runtime: 281.1s; Iterations = 1200, grads =   7.007e-07, unitary_metric = 0.99997
Error = :3.26e-02; Runtime: 286.0s; Iterations = 1220, grads =   8.884e-06, unitary_metric = 0.99996
Error = :3.41e-02; Runtime: 290.6s; Iterations = 1240, grads =   2.122e-02, unitary_metric = 0.99996
Error = :3.24e-02; Runtime: 295.2s; Iterations = 1260, grads =   1.298e-03, unitary_metric = 0.99996
Error = :3.22e-02; Runtime: 299.8s; Iterations = 1280, grads =   2.081e-04, unitary_metric = 0.99997
Error = :3.20e-02; Runtime: 304.4s; Iterations = 1300, grads =   1.955e-05, unitary_metric = 0.99996
Error = :3.19e-02; Runtime: 309.4s; Iterations = 1320, grads =   5.443e-06, unitary_metric = 0.99996
Error = :3.18e-02; Runtime: 314.0s; Iterations = 1340, grads =   9.368e-07, unitary_metric = 0.99996
Error = :3.16e-02; Runtime: 318.6s; Iterations = 1360, grads =   7.610e-07, unitary_metric = 0.99996
Error = :3.15e-02; Runtime: 323.3s; Iterations = 1380, grads =   6.712e-07, unitary_metric = 0.99996
Error = :3.13e-02; Runtime: 327.9s; Iterations = 1400, grads =   6.364e-07, unitary_metric = 0.99996
Error = :3.12e-02; Runtime: 332.8s; Iterations = 1420, grads =   6.552e-07, unitary_metric = 0.99996
Error = :3.10e-02; Runtime: 337.4s; Iterations = 1440, grads =   4.990e-05, unitary_metric = 0.99996
Error = :3.10e-02; Runtime: 342.1s; Iterations = 1460, grads =   2.032e-03, unitary_metric = 0.99996
Error = :3.08e-02; Runtime: 346.7s; Iterations = 1480, grads =   2.836e-04, unitary_metric = 0.99996
Error = :3.06e-02; Runtime: 351.3s; Iterations = 1500, grads =   5.431e-05, unitary_metric = 0.99996
Error = :3.05e-02; Runtime: 356.3s; Iterations = 1520, grads =   8.327e-05, unitary_metric = 0.99996
Error = :3.05e-02; Runtime: 360.9s; Iterations = 1540, grads =   1.768e-03, unitary_metric = 0.99996
Error = :3.03e-02; Runtime: 365.5s; Iterations = 1560, grads =   4.403e-04, unitary_metric = 0.99996
Error = :3.02e-02; Runtime: 370.1s; Iterations = 1580, grads =   1.087e-04, unitary_metric = 0.99996
Error = :3.01e-02; Runtime: 374.8s; Iterations = 1600, grads =   1.384e-05, unitary_metric = 0.99996
Error = :2.99e-02; Runtime: 379.7s; Iterations = 1620, grads =   3.258e-05, unitary_metric = 0.99996
Error = :2.99e-02; Runtime: 384.4s; Iterations = 1640, grads =   1.145e-03, unitary_metric = 0.99996
Error = :2.98e-02; Runtime: 389.0s; Iterations = 1660, grads =   3.135e-04, unitary_metric = 0.99996
Error = :2.97e-02; Runtime: 393.6s; Iterations = 1680, grads =   1.559e-04, unitary_metric = 0.99996
Error = :2.96e-02; Runtime: 398.3s; Iterations = 1700, grads =   2.887e-05, unitary_metric = 0.99996
Error = :2.95e-02; Runtime: 403.2s; Iterations = 1720, grads =   1.031e-05, unitary_metric = 0.99996
Error = :2.95e-02; Runtime: 407.8s; Iterations = 1740, grads =   2.805e-04, unitary_metric = 0.99996
Error = :2.94e-02; Runtime: 412.5s; Iterations = 1760, grads =   8.251e-05, unitary_metric = 0.99996
Error = :2.97e-02; Runtime: 417.1s; Iterations = 1780, grads =   4.883e-03, unitary_metric = 0.99996
Error = :2.93e-02; Runtime: 421.7s; Iterations = 1800, grads =   2.458e-04, unitary_metric = 0.99996
Error = :2.92e-02; Runtime: 426.7s; Iterations = 1820, grads =   6.385e-05, unitary_metric = 0.99996
Error = :2.91e-02; Runtime: 431.3s; Iterations = 1840, grads =   1.271e-05, unitary_metric = 0.99996
Error = :2.91e-02; Runtime: 435.9s; Iterations = 1860, grads =   1.480e-06, unitary_metric = 0.99996
Error = :2.90e-02; Runtime: 440.6s; Iterations = 1880, grads =   3.049e-06, unitary_metric = 0.99996
Error = :2.90e-02; Runtime: 445.2s; Iterations = 1900, grads =   5.098e-05, unitary_metric = 0.99996
Error = :2.91e-02; Runtime: 450.1s; Iterations = 1920, grads =   1.709e-03, unitary_metric = 0.99996
Error = :2.92e-02; Runtime: 454.7s; Iterations = 1940, grads =   4.435e-03, unitary_metric = 0.99996
Error = :2.88e-02; Runtime: 459.4s; Iterations = 1960, grads =   2.241e-04, unitary_metric = 0.99996
Error = :2.88e-02; Runtime: 464.0s; Iterations = 1980, grads =   1.509e-05, unitary_metric = 0.99996
Error = :2.87e-02; Runtime: 468.6s; Iterations = 2000, grads =   3.127e-06, unitary_metric = 0.99996
Error = :2.87e-02; Runtime: 473.5s; Iterations = 2020, grads =   3.965e-07, unitary_metric = 0.99996
Error = :2.86e-02; Runtime: 478.1s; Iterations = 2040, grads =   3.302e-07, unitary_metric = 0.99996
Error = :2.86e-02; Runtime: 482.8s; Iterations = 2060, grads =   3.125e-07, unitary_metric = 0.99996
Error = :2.85e-02; Runtime: 487.4s; Iterations = 2080, grads =   4.513e-06, unitary_metric = 0.99996
Error = :2.87e-02; Runtime: 492.0s; Iterations = 2100, grads =   1.703e-03, unitary_metric = 0.99996
Error = :2.86e-02; Runtime: 496.9s; Iterations = 2120, grads =   1.733e-03, unitary_metric = 0.99996
Error = :2.84e-02; Runtime: 501.6s; Iterations = 2140, grads =   1.956e-04, unitary_metric = 0.99996
Error = :2.84e-02; Runtime: 506.2s; Iterations = 2160, grads =   1.912e-05, unitary_metric = 0.99996
Error = :2.83e-02; Runtime: 510.9s; Iterations = 2180, grads =   2.821e-06, unitary_metric = 0.99996
Error = :2.83e-02; Runtime: 515.5s; Iterations = 2200, grads =   2.132e-07, unitary_metric = 0.99996
Error = :2.83e-02; Runtime: 520.4s; Iterations = 2220, grads =   2.324e-07, unitary_metric = 0.99996
Error = :2.82e-02; Runtime: 525.0s; Iterations = 2240, grads =   2.137e-07, unitary_metric = 0.99996
Error = :2.82e-02; Runtime: 529.7s; Iterations = 2260, grads =   6.648e-07, unitary_metric = 0.99996
Error = :2.82e-02; Runtime: 534.3s; Iterations = 2280, grads =   1.768e-04, unitary_metric = 0.99996
Error = :2.82e-02; Runtime: 538.9s; Iterations = 2300, grads =   1.640e-03, unitary_metric = 0.99996
Error = :2.81e-02; Runtime: 543.9s; Iterations = 2320, grads =   2.571e-04, unitary_metric = 0.99996
Error = :2.80e-02; Runtime: 548.5s; Iterations = 2340, grads =   1.421e-05, unitary_metric = 0.99996
Error = :2.80e-02; Runtime: 553.1s; Iterations = 2360, grads =   2.286e-06, unitary_metric = 0.99996
Error = :2.80e-02; Runtime: 557.7s; Iterations = 2380, grads =   6.396e-07, unitary_metric = 0.99996
Error = :2.80e-02; Runtime: 562.3s; Iterations = 2400, grads =   1.560e-06, unitary_metric = 0.99996
Error = :2.80e-02; Runtime: 567.3s; Iterations = 2420, grads =   3.085e-04, unitary_metric = 0.99996
Error = :2.79e-02; Runtime: 571.9s; Iterations = 2440, grads =   2.489e-04, unitary_metric = 0.99996
Error = :2.79e-02; Runtime: 576.5s; Iterations = 2460, grads =   3.146e-05, unitary_metric = 0.99996
Error = :2.78e-02; Runtime: 581.2s; Iterations = 2480, grads =   2.552e-05, unitary_metric = 0.99995
Error = :2.78e-02; Runtime: 585.8s; Iterations = 2500, grads =   3.095e-06, unitary_metric = 0.99996
Error = :2.78e-02; Runtime: 590.7s; Iterations = 2520, grads =   5.574e-07, unitary_metric = 0.99996
Error = :2.78e-02; Runtime: 595.3s; Iterations = 2540, grads =   2.575e-07, unitary_metric = 0.99996
Error = :2.77e-02; Runtime: 599.9s; Iterations = 2560, grads =   2.634e-06, unitary_metric = 0.99996
Error = :2.77e-02; Runtime: 604.5s; Iterations = 2580, grads =   4.194e-04, unitary_metric = 0.99995
Error = :2.77e-02; Runtime: 609.2s; Iterations = 2600, grads =   3.951e-04, unitary_metric = 0.99996
Error = :2.77e-02; Runtime: 614.1s; Iterations = 2620, grads =   4.863e-05, unitary_metric = 0.99996
Error = :2.76e-02; Runtime: 618.7s; Iterations = 2640, grads =   6.345e-05, unitary_metric = 0.99996
Error = :2.78e-02; Runtime: 623.4s; Iterations = 2660, grads =   1.893e-03, unitary_metric = 0.99996
Error = :2.76e-02; Runtime: 628.0s; Iterations = 2680, grads =   1.538e-04, unitary_metric = 0.99996
Error = :2.76e-02; Runtime: 632.6s; Iterations = 2700, grads =   9.501e-06, unitary_metric = 0.99995
Error = :2.75e-02; Runtime: 637.6s; Iterations = 2720, grads =   2.055e-06, unitary_metric = 0.99996
Error = :2.75e-02; Runtime: 642.2s; Iterations = 2740, grads =   5.818e-07, unitary_metric = 0.99996
Error = :2.75e-02; Runtime: 646.8s; Iterations = 2760, grads =   1.818e-06, unitary_metric = 0.99995
Error = :2.75e-02; Runtime: 651.4s; Iterations = 2780, grads =   6.383e-05, unitary_metric = 0.99996
Error = :2.76e-02; Runtime: 656.0s; Iterations = 2800, grads =   2.234e-03, unitary_metric = 0.99996
Error = :2.74e-02; Runtime: 660.9s; Iterations = 2820, grads =   5.195e-05, unitary_metric = 0.99996
Error = :2.74e-02; Runtime: 665.5s; Iterations = 2840, grads =   4.943e-05, unitary_metric = 0.99996
Error = :2.74e-02; Runtime: 670.1s; Iterations = 2860, grads =   3.859e-06, unitary_metric = 0.99996
Error = :2.74e-02; Runtime: 674.7s; Iterations = 2880, grads =   4.088e-07, unitary_metric = 0.99996
Error = :2.74e-02; Runtime: 679.4s; Iterations = 2900, grads =   3.128e-07, unitary_metric = 0.99996
Error = :2.73e-02; Runtime: 684.3s; Iterations = 2920, grads =   2.993e-06, unitary_metric = 0.99996
Error = :2.73e-02; Runtime: 688.9s; Iterations = 2940, grads =   3.007e-04, unitary_metric = 0.99995
Error = :2.74e-02; Runtime: 693.5s; Iterations = 2960, grads =   9.092e-04, unitary_metric = 0.99996
Error = :2.73e-02; Runtime: 698.1s; Iterations = 2980, grads =   7.087e-05, unitary_metric = 0.99996
Error = :2.73e-02; Runtime: 702.7s; Iterations = 3000, grads =   1.831e-06, unitary_metric = 0.99996
Error = :2.72e-02; Runtime: 707.7s; Iterations = 3020, grads =   2.673e-06, unitary_metric = 0.99996
Error = :2.72e-02; Runtime: 712.3s; Iterations = 3040, grads =   4.898e-07, unitary_metric = 0.99996
Error = :2.72e-02; Runtime: 716.9s; Iterations = 3060, grads =   1.091e-06, unitary_metric = 0.99996
Error = :2.72e-02; Runtime: 721.5s; Iterations = 3080, grads =   2.622e-05, unitary_metric = 0.99996
Error = :2.73e-02; Runtime: 726.1s; Iterations = 3100, grads =   2.008e-03, unitary_metric = 0.99996
Error = :2.71e-02; Runtime: 731.1s; Iterations = 3120, grads =   1.074e-04, unitary_metric = 0.99996
Error = :2.71e-02; Runtime: 735.7s; Iterations = 3140, grads =   4.558e-05, unitary_metric = 0.99996
Error = :2.71e-02; Runtime: 740.7s; Iterations = 3160, grads =   1.768e-06, unitary_metric = 0.99995
Error = :2.71e-02; Runtime: 745.3s; Iterations = 3180, grads =   2.650e-06, unitary_metric = 0.99996
Error = :2.70e-02; Runtime: 749.9s; Iterations = 3200, grads =   6.598e-05, unitary_metric = 0.99995
Error = :2.70e-02; Runtime: 754.9s; Iterations = 3220, grads =   8.349e-05, unitary_metric = 0.99996
Error = :2.70e-02; Runtime: 759.5s; Iterations = 3240, grads =   2.293e-05, unitary_metric = 0.99995
Error = :2.70e-02; Runtime: 764.1s; Iterations = 3260, grads =   5.316e-06, unitary_metric = 0.99996
Error = :2.70e-02; Runtime: 768.7s; Iterations = 3280, grads =   5.992e-06, unitary_metric = 0.99996
Error = :2.70e-02; Runtime: 773.3s; Iterations = 3300, grads =   4.157e-04, unitary_metric = 0.99996
Error = :2.69e-02; Runtime: 778.2s; Iterations = 3320, grads =   1.689e-04, unitary_metric = 0.99996
Error = :2.69e-02; Runtime: 782.8s; Iterations = 3340, grads =   3.672e-05, unitary_metric = 0.99996
Error = :2.69e-02; Runtime: 787.4s; Iterations = 3360, grads =   8.749e-06, unitary_metric = 0.99996
Error = :2.69e-02; Runtime: 792.0s; Iterations = 3380, grads =   1.823e-05, unitary_metric = 0.99996
Error = :2.69e-02; Runtime: 796.6s; Iterations = 3400, grads =   3.889e-04, unitary_metric = 0.99996
Error = :2.68e-02; Runtime: 801.6s; Iterations = 3420, grads =   4.683e-05, unitary_metric = 0.99995
Error = :2.68e-02; Runtime: 806.2s; Iterations = 3440, grads =   1.234e-06, unitary_metric = 0.99995
Error = :2.68e-02; Runtime: 810.8s; Iterations = 3460, grads =   2.759e-07, unitary_metric = 0.99996
Error = :2.68e-02; Runtime: 815.4s; Iterations = 3480, grads =   8.192e-07, unitary_metric = 0.99996
Error = :2.68e-02; Runtime: 820.0s; Iterations = 3500, grads =   6.300e-05, unitary_metric = 0.99996
Error = :2.68e-02; Runtime: 824.9s; Iterations = 3520, grads =   9.525e-04, unitary_metric = 0.99996
Error = :2.68e-02; Runtime: 829.5s; Iterations = 3540, grads =   1.877e-04, unitary_metric = 0.99996
Error = :2.67e-02; Runtime: 834.1s; Iterations = 3560, grads =   1.962e-05, unitary_metric = 0.99996
Error = :2.67e-02; Runtime: 838.7s; Iterations = 3580, grads =   8.124e-06, unitary_metric = 0.99996
Error = :2.67e-02; Runtime: 843.2s; Iterations = 3600, grads =   4.466e-05, unitary_metric = 0.99995
Error = :2.67e-02; Runtime: 848.2s; Iterations = 3620, grads =   1.295e-04, unitary_metric = 0.99996
Error = :2.67e-02; Runtime: 852.8s; Iterations = 3640, grads =   1.912e-05, unitary_metric = 0.99996
Error = :2.67e-02; Runtime: 857.4s; Iterations = 3660, grads =   3.543e-06, unitary_metric = 0.99995
Error = :2.67e-02; Runtime: 862.0s; Iterations = 3680, grads =   6.001e-07, unitary_metric = 0.99995
Error = :2.66e-02; Runtime: 866.6s; Iterations = 3700, grads =   9.092e-07, unitary_metric = 0.99995
Error = :2.66e-02; Runtime: 871.6s; Iterations = 3720, grads =   3.484e-05, unitary_metric = 0.99995
Error = :2.67e-02; Runtime: 876.2s; Iterations = 3740, grads =   8.387e-04, unitary_metric = 0.99996
Error = :2.66e-02; Runtime: 880.8s; Iterations = 3760, grads =   1.668e-04, unitary_metric = 0.99995
Error = :2.66e-02; Runtime: 885.3s; Iterations = 3780, grads =   1.396e-05, unitary_metric = 0.99995
Error = :2.66e-02; Runtime: 889.9s; Iterations = 3800, grads =   1.637e-06, unitary_metric = 0.99995
Error = :2.66e-02; Runtime: 894.9s; Iterations = 3820, grads =   1.072e-07, unitary_metric = 0.99996
Error = :2.66e-02; Runtime: 899.4s; Iterations = 3840, grads =   8.204e-08, unitary_metric = 0.99995
Error = :2.66e-02; Runtime: 904.0s; Iterations = 3860, grads =   7.387e-08, unitary_metric = 0.99996
Error = :2.66e-02; Runtime: 908.6s; Iterations = 3880, grads =   1.994e-07, unitary_metric = 0.99995
Error = :2.65e-02; Runtime: 913.2s; Iterations = 3900, grads =   6.318e-06, unitary_metric = 0.99995
Error = :2.66e-02; Runtime: 918.2s; Iterations = 3920, grads =   8.978e-04, unitary_metric = 0.99995
Error = :2.65e-02; Runtime: 922.8s; Iterations = 3940, grads =   2.492e-04, unitary_metric = 0.99995
Error = :2.65e-02; Runtime: 927.3s; Iterations = 3960, grads =   4.274e-05, unitary_metric = 0.99995
Error = :2.65e-02; Runtime: 931.9s; Iterations = 3980, grads =   4.034e-06, unitary_metric = 0.99995
Error = :2.65e-02; Runtime: 936.5s; Iterations = 4000, grads =   8.124e-07, unitary_metric = 0.99995
Error = :2.65e-02; Runtime: 941.5s; Iterations = 4020, grads =   2.358e-05, unitary_metric = 0.99995
Error = :2.65e-02; Runtime: 946.1s; Iterations = 4040, grads =   1.519e-04, unitary_metric = 0.99995
Error = :2.65e-02; Runtime: 950.7s; Iterations = 4060, grads =   1.178e-05, unitary_metric = 0.99995
Error = :2.65e-02; Runtime: 955.3s; Iterations = 4080, grads =   2.632e-06, unitary_metric = 0.99995
Error = :2.65e-02; Runtime: 959.9s; Iterations = 4100, grads =   7.427e-08, unitary_metric = 0.99995
Error = :2.64e-02; Runtime: 964.9s; Iterations = 4120, grads =   5.296e-08, unitary_metric = 0.99995
Error = :2.64e-02; Runtime: 969.5s; Iterations = 4140, grads =   1.220e-07, unitary_metric = 0.99996
Error = :2.64e-02; Runtime: 974.1s; Iterations = 4160, grads =   1.113e-05, unitary_metric = 0.99995
Error = :2.66e-02; Runtime: 978.7s; Iterations = 4180, grads =   1.676e-03, unitary_metric = 0.99995
Error = :2.64e-02; Runtime: 983.3s; Iterations = 4200, grads =   1.618e-04, unitary_metric = 0.99995
Error = :2.64e-02; Runtime: 988.2s; Iterations = 4220, grads =   2.475e-05, unitary_metric = 0.99995
Error = :2.64e-02; Runtime: 992.8s; Iterations = 4240, grads =   3.791e-06, unitary_metric = 0.99995
Error = :2.64e-02; Runtime: 997.5s; Iterations = 4260, grads =   6.304e-07, unitary_metric = 0.99995
Error = :2.64e-02; Runtime: 1002.1s; Iterations = 4280, grads =   2.360e-06, unitary_metric = 0.99995
Error = :2.64e-02; Runtime: 1006.7s; Iterations = 4300, grads =   1.576e-04, unitary_metric = 0.99995
Error = :2.64e-02; Runtime: 1011.7s; Iterations = 4320, grads =   6.110e-05, unitary_metric = 0.99995
Error = :2.64e-02; Runtime: 1016.3s; Iterations = 4340, grads =   6.483e-07, unitary_metric = 0.99996
Error = :2.64e-02; Runtime: 1020.9s; Iterations = 4360, grads =   6.326e-07, unitary_metric = 0.99995
Error = :2.64e-02; Runtime: 1025.5s; Iterations = 4380, grads =   1.904e-07, unitary_metric = 0.99995
Error = :2.63e-02; Runtime: 1030.1s; Iterations = 4400, grads =   5.308e-08, unitary_metric = 0.99995
Error = :2.63e-02; Runtime: 1035.1s; Iterations = 4420, grads =   4.154e-08, unitary_metric = 0.99995
Error = :2.63e-02; Runtime: 1039.7s; Iterations = 4440, grads =   1.433e-07, unitary_metric = 0.99995
Error = :2.63e-02; Runtime: 1044.3s; Iterations = 4460, grads =   1.985e-05, unitary_metric = 0.99995
Error = :2.64e-02; Runtime: 1049.0s; Iterations = 4480, grads =   9.010e-04, unitary_metric = 0.99995
Error = :2.63e-02; Runtime: 1053.6s; Iterations = 4500, grads =   1.575e-04, unitary_metric = 0.99995
Error = :2.63e-02; Runtime: 1058.5s; Iterations = 4520, grads =   1.703e-05, unitary_metric = 0.99995
Error = :2.63e-02; Runtime: 1063.2s; Iterations = 4540, grads =   1.366e-06, unitary_metric = 0.99995
Error = :2.63e-02; Runtime: 1067.8s; Iterations = 4560, grads =   3.377e-07, unitary_metric = 0.99995
Error = :2.63e-02; Runtime: 1072.4s; Iterations = 4580, grads =   5.804e-08, unitary_metric = 0.99995
Error = :2.63e-02; Runtime: 1077.1s; Iterations = 4600, grads =   4.603e-08, unitary_metric = 0.99995
Error = :2.63e-02; Runtime: 1082.0s; Iterations = 4620, grads =   4.473e-08, unitary_metric = 0.99995
Error = :2.63e-02; Runtime: 1086.6s; Iterations = 4640, grads =   4.561e-08, unitary_metric = 0.99995
Error = :2.63e-02; Runtime: 1091.2s; Iterations = 4660, grads =   5.165e-08, unitary_metric = 0.99995
Error = :2.63e-02; Runtime: 1095.8s; Iterations = 4680, grads =   1.643e-07, unitary_metric = 0.99995
Error = :2.63e-02; Runtime: 1100.5s; Iterations = 4700, grads =   1.943e-05, unitary_metric = 0.99995
Error = :2.63e-02; Runtime: 1105.5s; Iterations = 4720, grads =   5.105e-05, unitary_metric = 0.99995
Error = :2.63e-02; Runtime: 1110.0s; Iterations = 4740, grads =   1.997e-04, unitary_metric = 0.99995
Error = :2.63e-02; Runtime: 1114.6s; Iterations = 4760, grads =   2.443e-05, unitary_metric = 0.99995
Error = :2.63e-02; Runtime: 1119.2s; Iterations = 4780, grads =   2.518e-06, unitary_metric = 0.99995
Error = :2.63e-02; Runtime: 1123.8s; Iterations = 4800, grads =   4.985e-07, unitary_metric = 0.99995
Error = :2.63e-02; Runtime: 1128.8s; Iterations = 4820, grads =   1.488e-07, unitary_metric = 0.99995
Error = :2.63e-02; Runtime: 1133.4s; Iterations = 4840, grads =   1.074e-06, unitary_metric = 0.99995
Error = :2.63e-02; Runtime: 1138.0s; Iterations = 4860, grads =   9.783e-05, unitary_metric = 0.99995
Error = :2.63e-02; Runtime: 1142.7s; Iterations = 4880, grads =   2.078e-05, unitary_metric = 0.99995
Error = :2.63e-02; Runtime: 1147.3s; Iterations = 4900, grads =   1.613e-05, unitary_metric = 0.99995
Error = :2.63e-02; Runtime: 1152.2s; Iterations = 4920, grads =   6.200e-06, unitary_metric = 0.99995
Error = :2.63e-02; Runtime: 1156.8s; Iterations = 4940, grads =   2.383e-07, unitary_metric = 0.99995
Error = :2.63e-02; Runtime: 1161.5s; Iterations = 4960, grads =   1.959e-07, unitary_metric = 0.99995
Error = :2.62e-02; Runtime: 1166.1s; Iterations = 4980, grads =   1.198e-07, unitary_metric = 0.99995
Error = :2.62e-02; Runtime: 1170.7s; Iterations = 5000, grads =   1.063e-07, unitary_metric = 0.99995
Error = :2.62e-02; Runtime: 1175.6s; Iterations = 5020, grads =   1.686e-07, unitary_metric = 0.99995
Error = :2.62e-02; Runtime: 1180.2s; Iterations = 5040, grads =   1.462e-05, unitary_metric = 0.99995
Error = :2.62e-02; Runtime: 1184.8s; Iterations = 5060, grads =   9.465e-05, unitary_metric = 0.99995
Error = :2.62e-02; Runtime: 1189.4s; Iterations = 5080, grads =   1.391e-05, unitary_metric = 0.99995
Error = :2.62e-02; Runtime: 1194.0s; Iterations = 5100, grads =   1.251e-04, unitary_metric = 0.99995
Error = :2.61e-02; Runtime: 1198.9s; Iterations = 5120, grads =   7.787e-06, unitary_metric = 0.99995
Error = :2.61e-02; Runtime: 1203.5s; Iterations = 5140, grads =   5.442e-07, unitary_metric = 0.99995
Error = :2.61e-02; Runtime: 1208.2s; Iterations = 5160, grads =   1.132e-06, unitary_metric = 0.99995
Error = :2.61e-02; Runtime: 1212.8s; Iterations = 5180, grads =   3.240e-07, unitary_metric = 0.99995
Error = :2.61e-02; Runtime: 1217.4s; Iterations = 5200, grads =   1.334e-06, unitary_metric = 0.99995
Error = :2.61e-02; Runtime: 1222.5s; Iterations = 5220, grads =   8.123e-05, unitary_metric = 0.99995
Error = :2.60e-02; Runtime: 1227.1s; Iterations = 5240, grads =   2.139e-05, unitary_metric = 0.99995
Error = :2.60e-02; Runtime: 1231.8s; Iterations = 5260, grads =   2.368e-05, unitary_metric = 0.99995
Error = :2.60e-02; Runtime: 1236.4s; Iterations = 5280, grads =   2.636e-07, unitary_metric = 0.99995
Error = :2.60e-02; Runtime: 1241.0s; Iterations = 5300, grads =   3.159e-07, unitary_metric = 0.99995
Error = :2.60e-02; Runtime: 1246.0s; Iterations = 5320, grads =   1.292e-07, unitary_metric = 0.99995
Error = :2.60e-02; Runtime: 1250.6s; Iterations = 5340, grads =   1.047e-07, unitary_metric = 0.99995
Error = :2.59e-02; Runtime: 1255.2s; Iterations = 5360, grads =   9.684e-08, unitary_metric = 0.99995
Error = :2.59e-02; Runtime: 1259.8s; Iterations = 5380, grads =   1.025e-07, unitary_metric = 0.99995
Error = :2.59e-02; Runtime: 1264.4s; Iterations = 5400, grads =   4.530e-07, unitary_metric = 0.99995
Error = :2.59e-02; Runtime: 1269.3s; Iterations = 5420, grads =   1.953e-04, unitary_metric = 0.99995
Error = :2.59e-02; Runtime: 1273.9s; Iterations = 5440, grads =   1.796e-04, unitary_metric = 0.99995
Error = :2.58e-02; Runtime: 1278.5s; Iterations = 5460, grads =   3.266e-05, unitary_metric = 0.99995
Error = :2.58e-02; Runtime: 1283.2s; Iterations = 5480, grads =   1.910e-06, unitary_metric = 0.99995
Error = :2.58e-02; Runtime: 1287.8s; Iterations = 5500, grads =   3.376e-07, unitary_metric = 0.99995
Error = :2.58e-02; Runtime: 1292.8s; Iterations = 5520, grads =   1.465e-07, unitary_metric = 0.99995
Error = :2.58e-02; Runtime: 1297.4s; Iterations = 5540, grads =   1.063e-07, unitary_metric = 0.99995
Error = :2.57e-02; Runtime: 1302.0s; Iterations = 5560, grads =   1.110e-07, unitary_metric = 0.99995
Error = :2.57e-02; Runtime: 1306.6s; Iterations = 5580, grads =   1.744e-07, unitary_metric = 0.99995
Error = :2.57e-02; Runtime: 1311.2s; Iterations = 5600, grads =   1.530e-06, unitary_metric = 0.99995
Error = :2.57e-02; Runtime: 1316.2s; Iterations = 5620, grads =   1.189e-04, unitary_metric = 0.99995
Error = :2.56e-02; Runtime: 1320.8s; Iterations = 5640, grads =   5.117e-05, unitary_metric = 0.99995
Error = :2.56e-02; Runtime: 1325.4s; Iterations = 5660, grads =   1.516e-06, unitary_metric = 0.99995
Error = :2.56e-02; Runtime: 1330.1s; Iterations = 5680, grads =   1.164e-06, unitary_metric = 0.99995
Error = :2.56e-02; Runtime: 1334.7s; Iterations = 5700, grads =   1.598e-06, unitary_metric = 0.99995
Error = :2.56e-02; Runtime: 1340.0s; Iterations = 5720, grads =   9.490e-05, unitary_metric = 0.99995
Error = :2.55e-02; Runtime: 1344.7s; Iterations = 5740, grads =   3.763e-05, unitary_metric = 0.99995
Error = :2.55e-02; Runtime: 1349.3s; Iterations = 5760, grads =   5.253e-07, unitary_metric = 0.99995
Error = :2.55e-02; Runtime: 1353.9s; Iterations = 5780, grads =   6.113e-07, unitary_metric = 0.99995
Error = :2.55e-02; Runtime: 1358.5s; Iterations = 5800, grads =   5.226e-07, unitary_metric = 0.99995
Error = :2.55e-02; Runtime: 1363.5s; Iterations = 5820, grads =   1.255e-05, unitary_metric = 0.99995
Error = :2.55e-02; Runtime: 1368.1s; Iterations = 5840, grads =   9.213e-05, unitary_metric = 0.99995
Error = :2.54e-02; Runtime: 1372.8s; Iterations = 5860, grads =   7.953e-06, unitary_metric = 0.99995
Error = :2.54e-02; Runtime: 1377.4s; Iterations = 5880, grads =   2.036e-06, unitary_metric = 0.99995
Error = :2.54e-02; Runtime: 1382.0s; Iterations = 5900, grads =   1.060e-06, unitary_metric = 0.99995
Error = :2.54e-02; Runtime: 1387.0s; Iterations = 5920, grads =   5.805e-05, unitary_metric = 0.99995
Error = :2.54e-02; Runtime: 1391.6s; Iterations = 5940, grads =   2.476e-05, unitary_metric = 0.99995
Error = :2.54e-02; Runtime: 1396.2s; Iterations = 5960, grads =   2.320e-06, unitary_metric = 0.99995
Error = :2.53e-02; Runtime: 1400.8s; Iterations = 5980, grads =   9.575e-07, unitary_metric = 0.99995
Error = :2.53e-02; Runtime: 1405.4s; Iterations = 6000, grads =   1.347e-05, unitary_metric = 0.99995
data saved at: /project/ftchong/qoc/pranav/00018_30_lih_slice_92.h5


trying total_time: 13.75 for unitary of size (16, 16)
data saved at: /project/ftchong/qoc/pranav/00019_30_lih_slice_92.h5
Using 7 Taylor terms and 2 Scaling & Squaring terms
Building graph:
Propagators initialized.
Operators weight initialized.
Intermediate propagation variables initialized.
Intermediate propagators initialized.
Vectors initialized.
Training loss initialized.
Optimizer initialized.
Utilities initialized.
Graph built!
Initialized
Error = :9.84e-01; Runtime: 0.5s; Iterations = 0, grads =   7.838e-04, unitary_metric = 1.00000
Error = :9.70e-01; Runtime: 6.6s; Iterations = 20, grads =   2.913e-03, unitary_metric = 1.00000
Error = :9.46e-01; Runtime: 11.7s; Iterations = 40, grads =   3.027e-04, unitary_metric = 0.99999
Error = :8.59e-01; Runtime: 16.8s; Iterations = 60, grads =   2.655e-03, unitary_metric = 0.99999
Error = :5.09e-01; Runtime: 21.8s; Iterations = 80, grads =   1.001e-02, unitary_metric = 0.99998
Error = :4.96e-02; Runtime: 26.9s; Iterations = 100, grads =   1.232e-01, unitary_metric = 0.99997
Error = :4.27e-03; Runtime: 32.4s; Iterations = 120, grads =   1.520e-02, unitary_metric = 0.99997
Error = :8.91e-04; Runtime: 37.0s; Iterations = 138, grads =   1.186e-03, unitary_metric = 0.99997
data saved at: /project/ftchong/qoc/pranav/00019_30_lih_slice_92.h5


trying total_time: 13.1 for unitary of size (16, 16)
data saved at: /project/ftchong/qoc/pranav/00020_30_lih_slice_92.h5
Using 7 Taylor terms and 2 Scaling & Squaring terms
Building graph:
Propagators initialized.
Operators weight initialized.
Intermediate propagation variables initialized.
Intermediate propagators initialized.
Vectors initialized.
Training loss initialized.
Optimizer initialized.
Utilities initialized.
Graph built!
Initialized
Error = :9.87e-01; Runtime: 0.4s; Iterations = 0, grads =   2.272e-03, unitary_metric = 1.00000
Error = :9.63e-01; Runtime: 6.0s; Iterations = 20, grads =   1.283e-03, unitary_metric = 1.00000
Error = :9.24e-01; Runtime: 10.8s; Iterations = 40, grads =   9.744e-04, unitary_metric = 1.00000
Error = :8.76e-01; Runtime: 15.6s; Iterations = 60, grads =   3.050e-04, unitary_metric = 1.00000
Error = :8.74e-01; Runtime: 20.5s; Iterations = 80, grads =   1.170e-04, unitary_metric = 0.99999
Error = :7.75e-01; Runtime: 25.3s; Iterations = 100, grads =   1.877e-03, unitary_metric = 0.99999
Error = :3.00e-01; Runtime: 30.4s; Iterations = 120, grads =   2.278e-02, unitary_metric = 0.99998
Error = :1.78e-02; Runtime: 35.2s; Iterations = 140, grads =   1.368e-02, unitary_metric = 0.99998
Error = :3.20e-03; Runtime: 40.0s; Iterations = 160, grads =   1.478e-03, unitary_metric = 0.99997
Error = :9.73e-04; Runtime: 44.3s; Iterations = 178, grads =   1.329e-03, unitary_metric = 0.99997
data saved at: /project/ftchong/qoc/pranav/00020_30_lih_slice_92.h5


trying total_time: 12.8 for unitary of size (16, 16)
data saved at: /project/ftchong/qoc/pranav/00021_30_lih_slice_92.h5
Using 7 Taylor terms and 2 Scaling & Squaring terms
Building graph:
Propagators initialized.
Operators weight initialized.
Intermediate propagation variables initialized.
Intermediate propagators initialized.
Vectors initialized.
Training loss initialized.
Optimizer initialized.
Utilities initialized.
Graph built!
Initialized
Error = :9.86e-01; Runtime: 0.4s; Iterations = 0, grads =   7.821e-04, unitary_metric = 1.00001
Error = :9.65e-01; Runtime: 5.9s; Iterations = 20, grads =   1.331e-03, unitary_metric = 1.00000
Error = :9.38e-01; Runtime: 10.6s; Iterations = 40, grads =   6.601e-04, unitary_metric = 0.99999
Error = :9.09e-01; Runtime: 15.4s; Iterations = 60, grads =   1.917e-04, unitary_metric = 0.99999
Error = :8.73e-01; Runtime: 20.1s; Iterations = 80, grads =   1.797e-04, unitary_metric = 0.99999
Error = :7.93e-01; Runtime: 24.9s; Iterations = 100, grads =   3.015e-04, unitary_metric = 0.99999
Error = :7.52e-01; Runtime: 29.9s; Iterations = 120, grads =   3.167e-03, unitary_metric = 0.99998
Error = :7.24e-01; Runtime: 34.6s; Iterations = 140, grads =   5.062e-04, unitary_metric = 0.99998
Error = :5.15e-01; Runtime: 39.4s; Iterations = 160, grads =   1.288e-02, unitary_metric = 0.99998
Error = :4.10e-01; Runtime: 44.1s; Iterations = 180, grads =   5.707e-03, unitary_metric = 0.99998
Error = :1.01e-01; Runtime: 48.8s; Iterations = 200, grads =   3.617e-03, unitary_metric = 0.99997
Error = :4.84e-02; Runtime: 53.9s; Iterations = 220, grads =   4.356e-04, unitary_metric = 0.99997
Error = :2.80e-02; Runtime: 58.6s; Iterations = 240, grads =   1.162e-03, unitary_metric = 0.99997
Error = :1.73e-02; Runtime: 63.3s; Iterations = 260, grads =   3.180e-04, unitary_metric = 0.99996
Error = :1.27e-02; Runtime: 68.1s; Iterations = 280, grads =   1.248e-03, unitary_metric = 0.99996
Error = :1.06e-02; Runtime: 72.8s; Iterations = 300, grads =   4.644e-04, unitary_metric = 0.99995
Error = :9.25e-03; Runtime: 77.8s; Iterations = 320, grads =   3.017e-04, unitary_metric = 0.99996
Error = :8.46e-03; Runtime: 82.6s; Iterations = 340, grads =   2.635e-03, unitary_metric = 0.99996
Error = :7.37e-03; Runtime: 87.3s; Iterations = 360, grads =   5.002e-04, unitary_metric = 0.99996
Error = :6.54e-03; Runtime: 92.0s; Iterations = 380, grads =   4.713e-06, unitary_metric = 0.99996
Error = :6.74e-03; Runtime: 96.7s; Iterations = 400, grads =   1.046e-02, unitary_metric = 0.99995
Error = :5.69e-03; Runtime: 101.7s; Iterations = 420, grads =   5.258e-03, unitary_metric = 0.99995
Error = :4.81e-03; Runtime: 106.5s; Iterations = 440, grads =   9.781e-04, unitary_metric = 0.99995
Error = :4.28e-03; Runtime: 111.2s; Iterations = 460, grads =   3.654e-05, unitary_metric = 0.99995
Error = :3.91e-03; Runtime: 115.9s; Iterations = 480, grads =   1.899e-05, unitary_metric = 0.99995
Error = :3.64e-03; Runtime: 120.6s; Iterations = 500, grads =   3.535e-04, unitary_metric = 0.99995
Error = :3.94e-03; Runtime: 125.7s; Iterations = 520, grads =   5.445e-03, unitary_metric = 0.99995
Error = :3.21e-03; Runtime: 130.4s; Iterations = 540, grads =   5.644e-04, unitary_metric = 0.99995
Error = :2.98e-03; Runtime: 135.1s; Iterations = 560, grads =   1.252e-05, unitary_metric = 0.99995
Error = :2.83e-03; Runtime: 139.8s; Iterations = 580, grads =   1.680e-05, unitary_metric = 0.99995
Error = :2.70e-03; Runtime: 144.5s; Iterations = 600, grads =   3.247e-05, unitary_metric = 0.99995
Error = :4.00e-03; Runtime: 149.7s; Iterations = 620, grads =   1.613e-02, unitary_metric = 0.99995
Error = :2.64e-03; Runtime: 154.4s; Iterations = 640, grads =   1.893e-03, unitary_metric = 0.99995
Error = :2.40e-03; Runtime: 159.1s; Iterations = 660, grads =   1.078e-04, unitary_metric = 0.99995
Error = :2.31e-03; Runtime: 163.8s; Iterations = 680, grads =   2.880e-05, unitary_metric = 0.99995
Error = :2.23e-03; Runtime: 168.6s; Iterations = 700, grads =   4.016e-06, unitary_metric = 0.99995
Error = :2.17e-03; Runtime: 173.6s; Iterations = 720, grads =   3.764e-07, unitary_metric = 0.99995
Error = :2.11e-03; Runtime: 178.4s; Iterations = 740, grads =   1.002e-05, unitary_metric = 0.99995
Error = :4.53e-03; Runtime: 183.1s; Iterations = 760, grads =   2.781e-02, unitary_metric = 0.99995
Error = :2.24e-03; Runtime: 187.8s; Iterations = 780, grads =   2.710e-03, unitary_metric = 0.99995
Error = :1.95e-03; Runtime: 192.5s; Iterations = 800, grads =   4.215e-06, unitary_metric = 0.99995
Error = :1.90e-03; Runtime: 197.6s; Iterations = 820, grads =   1.510e-05, unitary_metric = 0.99995
Error = :2.05e-03; Runtime: 202.4s; Iterations = 840, grads =   1.890e-03, unitary_metric = 0.99995
Error = :1.82e-03; Runtime: 207.1s; Iterations = 860, grads =   1.641e-04, unitary_metric = 0.99995
Error = :1.77e-03; Runtime: 211.8s; Iterations = 880, grads =   7.516e-05, unitary_metric = 0.99995
Error = :1.72e-03; Runtime: 216.5s; Iterations = 900, grads =   7.522e-06, unitary_metric = 0.99995
Error = :1.68e-03; Runtime: 221.6s; Iterations = 920, grads =   1.533e-05, unitary_metric = 0.99995
Error = :1.64e-03; Runtime: 226.3s; Iterations = 940, grads =   1.260e-05, unitary_metric = 0.99995
Error = :1.62e-03; Runtime: 231.0s; Iterations = 960, grads =   2.076e-04, unitary_metric = 0.99995
Error = :1.74e-03; Runtime: 235.8s; Iterations = 980, grads =   2.023e-03, unitary_metric = 0.99995
Error = :1.54e-03; Runtime: 240.5s; Iterations = 1000, grads =   1.029e-04, unitary_metric = 0.99995
Error = :1.54e-03; Runtime: 245.6s; Iterations = 1020, grads =   4.478e-04, unitary_metric = 0.99995
Error = :1.54e-03; Runtime: 250.3s; Iterations = 1040, grads =   9.266e-04, unitary_metric = 0.99995
Error = :1.46e-03; Runtime: 255.0s; Iterations = 1060, grads =   3.004e-04, unitary_metric = 0.99995
Error = :1.45e-03; Runtime: 259.8s; Iterations = 1080, grads =   5.569e-04, unitary_metric = 0.99995
Error = :1.58e-03; Runtime: 264.5s; Iterations = 1100, grads =   2.305e-03, unitary_metric = 0.99995
Error = :1.37e-03; Runtime: 269.7s; Iterations = 1120, grads =   1.260e-04, unitary_metric = 0.99995
Error = :1.33e-03; Runtime: 274.4s; Iterations = 1140, grads =   4.910e-05, unitary_metric = 0.99995
Error = :1.32e-03; Runtime: 279.1s; Iterations = 1160, grads =   9.195e-05, unitary_metric = 0.99995
Error = :1.93e-03; Runtime: 283.8s; Iterations = 1180, grads =   7.126e-03, unitary_metric = 0.99995
Error = :1.28e-03; Runtime: 288.6s; Iterations = 1200, grads =   1.016e-04, unitary_metric = 0.99995
Error = :1.24e-03; Runtime: 293.6s; Iterations = 1220, grads =   3.001e-05, unitary_metric = 0.99995
Error = :1.37e-03; Runtime: 298.3s; Iterations = 1240, grads =   1.383e-03, unitary_metric = 0.99995
Error = :1.34e-03; Runtime: 303.0s; Iterations = 1260, grads =   1.324e-03, unitary_metric = 0.99995
Error = :1.19e-03; Runtime: 307.8s; Iterations = 1280, grads =   6.838e-05, unitary_metric = 0.99995
Error = :1.17e-03; Runtime: 312.5s; Iterations = 1300, grads =   3.176e-06, unitary_metric = 0.99995
Error = :1.15e-03; Runtime: 317.5s; Iterations = 1320, grads =   2.565e-06, unitary_metric = 0.99995
Error = :1.14e-03; Runtime: 322.2s; Iterations = 1340, grads =   3.426e-06, unitary_metric = 0.99995
Error = :1.25e-03; Runtime: 326.9s; Iterations = 1360, grads =   1.487e-03, unitary_metric = 0.99995
Error = :1.30e-03; Runtime: 331.6s; Iterations = 1380, grads =   2.133e-03, unitary_metric = 0.99995
Error = :1.12e-03; Runtime: 336.3s; Iterations = 1400, grads =   2.723e-04, unitary_metric = 0.99995
Error = :1.08e-03; Runtime: 341.4s; Iterations = 1420, grads =   4.441e-05, unitary_metric = 0.99995
Error = :1.06e-03; Runtime: 346.1s; Iterations = 1440, grads =   5.772e-06, unitary_metric = 0.99995
Error = :1.05e-03; Runtime: 350.8s; Iterations = 1460, grads =   1.066e-07, unitary_metric = 0.99995
Error = :1.04e-03; Runtime: 355.5s; Iterations = 1480, grads =   6.009e-07, unitary_metric = 0.99995
Error = :1.05e-03; Runtime: 360.2s; Iterations = 1500, grads =   1.951e-04, unitary_metric = 0.99995
Error = :1.10e-03; Runtime: 365.3s; Iterations = 1520, grads =   8.722e-04, unitary_metric = 0.99995
Error = :1.02e-03; Runtime: 370.0s; Iterations = 1540, grads =   2.248e-04, unitary_metric = 0.99995
Error = :9.99e-04; Runtime: 370.9s; Iterations = 1544, grads =   3.036e-05, unitary_metric = 0.99995
data saved at: /project/ftchong/qoc/pranav/00021_30_lih_slice_92.h5


trying total_time: 40.0 for unitary of size (16, 16)
data saved at: /project/ftchong/qoc/pranav/00022_30_lih_slice_92.h5
Using 5 Taylor terms and 4 Scaling & Squaring terms
Building graph:
Propagators initialized.
Operators weight initialized.
Intermediate propagation variables initialized.
Intermediate propagators initialized.
Vectors initialized.
Training loss initialized.
Optimizer initialized.
Utilities initialized.
Graph built!
Initialized
Error = :1.46e-01; Runtime: 1.9s; Iterations = 0, grads =   1.058e+01, unitary_metric = 1.00020
Error = :1.22e-01; Runtime: 19.5s; Iterations = 20, grads =   7.688e+00, unitary_metric = 1.00030
Error = :1.36e-02; Runtime: 34.8s; Iterations = 40, grads =   1.056e+00, unitary_metric = 1.00029
Error = :4.43e-03; Runtime: 50.1s; Iterations = 60, grads =   3.836e-01, unitary_metric = 1.00029
Error = :7.30e-04; Runtime: 50.9s; Iterations = 61, grads =   6.588e-02, unitary_metric = 1.00029
data saved at: /project/ftchong/qoc/pranav/00022_30_lih_slice_92.h5


trying total_time: 20.0 for unitary of size (16, 16)
data saved at: /project/ftchong/qoc/pranav/00023_30_lih_slice_92.h5
Using 7 Taylor terms and 2 Scaling & Squaring terms
Building graph:
Propagators initialized.
Operators weight initialized.
Intermediate propagation variables initialized.
Intermediate propagators initialized.
Vectors initialized.
Training loss initialized.
Optimizer initialized.
Utilities initialized.
Graph built!
Initialized
Error = :6.93e-02; Runtime: 0.6s; Iterations = 0, grads =   2.622e+00, unitary_metric = 1.00001
Error = :7.91e-02; Runtime: 9.4s; Iterations = 20, grads =   2.623e+00, unitary_metric = 1.00001
Error = :1.85e-02; Runtime: 16.9s; Iterations = 40, grads =   7.206e-01, unitary_metric = 1.00001
Error = :2.56e-03; Runtime: 24.5s; Iterations = 60, grads =   1.060e-01, unitary_metric = 1.00001
Error = :2.53e-04; Runtime: 24.9s; Iterations = 61, grads =   8.787e-03, unitary_metric = 1.00001
data saved at: /project/ftchong/qoc/pranav/00023_30_lih_slice_92.h5


trying total_time: 10.0 for unitary of size (16, 16)
data saved at: /project/ftchong/qoc/pranav/00024_30_lih_slice_92.h5
Using 7 Taylor terms and 2 Scaling & Squaring terms
Building graph:
Propagators initialized.
Operators weight initialized.
Intermediate propagation variables initialized.
Intermediate propagators initialized.
Vectors initialized.
Training loss initialized.
Optimizer initialized.
Utilities initialized.
Graph built!
Initialized
Error = :9.19e-02; Runtime: 0.3s; Iterations = 0, grads =   1.708e+00, unitary_metric = 1.00000
Error = :1.60e-02; Runtime: 4.6s; Iterations = 20, grads =   3.397e-01, unitary_metric = 1.00000
Error = :3.01e-03; Runtime: 8.2s; Iterations = 40, grads =   6.555e-02, unitary_metric = 1.00000
Error = :9.63e-04; Runtime: 9.1s; Iterations = 45, grads =   2.045e-02, unitary_metric = 1.00000
data saved at: /project/ftchong/qoc/pranav/00024_30_lih_slice_92.h5


trying total_time: 5.0 for unitary of size (16, 16)
data saved at: /project/ftchong/qoc/pranav/00025_30_lih_slice_92.h5
Using 7 Taylor terms and 2 Scaling & Squaring terms
Building graph:
Propagators initialized.
Operators weight initialized.
Intermediate propagation variables initialized.
Intermediate propagators initialized.
Vectors initialized.
Training loss initialized.
Optimizer initialized.
Utilities initialized.
Graph built!
Initialized
Error = :2.86e-01; Runtime: 0.2s; Iterations = 0, grads =   2.001e+00, unitary_metric = 1.00000
Error = :1.30e-02; Runtime: 2.4s; Iterations = 20, grads =   1.401e-01, unitary_metric = 1.00000
Error = :9.52e-04; Runtime: 3.3s; Iterations = 30, grads =   9.434e-03, unitary_metric = 1.00000
data saved at: /project/ftchong/qoc/pranav/00025_30_lih_slice_92.h5


trying total_time: 2.5 for unitary of size (16, 16)
data saved at: /project/ftchong/qoc/pranav/00026_30_lih_slice_92.h5
Using 8 Taylor terms and 1 Scaling & Squaring terms
Building graph:
Propagators initialized.
Operators weight initialized.
Intermediate propagation variables initialized.
Intermediate propagators initialized.
Vectors initialized.
Training loss initialized.
Optimizer initialized.
Utilities initialized.
Graph built!
Initialized
Error = :8.53e-02; Runtime: 0.1s; Iterations = 0, grads =   3.943e-01, unitary_metric = 1.00000
Error = :2.95e-03; Runtime: 1.3s; Iterations = 20, grads =   1.522e-02, unitary_metric = 1.00000
Error = :9.82e-04; Runtime: 1.7s; Iterations = 29, grads =   4.877e-03, unitary_metric = 1.00000
data saved at: /project/ftchong/qoc/pranav/00026_30_lih_slice_92.h5


trying total_time: 1.25 for unitary of size (16, 16)
data saved at: /project/ftchong/qoc/pranav/00027_30_lih_slice_92.h5
Using 6 Taylor terms and 2 Scaling & Squaring terms
Building graph:
Propagators initialized.
Operators weight initialized.
Intermediate propagation variables initialized.
Intermediate propagators initialized.
Vectors initialized.
Training loss initialized.
Optimizer initialized.
Utilities initialized.
Graph built!
Initialized
Error = :2.33e-01; Runtime: 0.1s; Iterations = 0, grads =   4.269e-01, unitary_metric = 1.00000
Error = :5.98e-03; Runtime: 0.7s; Iterations = 20, grads =   1.545e-02, unitary_metric = 1.00000
Error = :9.35e-04; Runtime: 1.2s; Iterations = 40, grads =   2.299e-03, unitary_metric = 1.00000
data saved at: /project/ftchong/qoc/pranav/00027_30_lih_slice_92.h5


trying total_time: 0.6 for unitary of size (16, 16)
data saved at: /project/ftchong/qoc/pranav/00028_30_lih_slice_92.h5
Using 6 Taylor terms and 2 Scaling & Squaring terms
Building graph:
Propagators initialized.
Operators weight initialized.
Intermediate propagation variables initialized.
Intermediate propagators initialized.
Vectors initialized.
Training loss initialized.
Optimizer initialized.
Utilities initialized.
Graph built!
Initialized
Error = :2.57e-01; Runtime: 0.1s; Iterations = 0, grads =   2.181e-01, unitary_metric = 1.00000
Error = :1.05e-03; Runtime: 0.4s; Iterations = 20, grads =   1.176e-03, unitary_metric = 1.00000
Error = :7.35e-04; Runtime: 0.4s; Iterations = 21, grads =   7.775e-04, unitary_metric = 1.00000
data saved at: /project/ftchong/qoc/pranav/00028_30_lih_slice_92.h5


trying total_time: 0.3 for unitary of size (16, 16)
data saved at: /project/ftchong/qoc/pranav/00029_30_lih_slice_92.h5
Using 7 Taylor terms and 1 Scaling & Squaring terms
Building graph:
Propagators initialized.
Operators weight initialized.
Intermediate propagation variables initialized.
Intermediate propagators initialized.
Vectors initialized.
Training loss initialized.
Optimizer initialized.
Utilities initialized.
Graph built!
Initialized
Error = :4.43e-01; Runtime: 0.1s; Iterations = 0, grads =   1.068e-01, unitary_metric = 1.00000
Error = :9.62e-02; Runtime: 0.3s; Iterations = 20, grads =   4.921e-02, unitary_metric = 1.00000
Error = :4.28e-03; Runtime: 0.4s; Iterations = 40, grads =   2.482e-03, unitary_metric = 1.00000
Error = :9.79e-04; Runtime: 0.6s; Iterations = 59, grads =   5.760e-04, unitary_metric = 1.00000
data saved at: /project/ftchong/qoc/pranav/00029_30_lih_slice_92.h5




[12.8, 0.3]
TIME FOR SLICE IS:
12.8
