Running Block:  60


trying total_time: 40.0 for unitary of size (16, 16)
data saved at: /project/ftchong/qoc/pranav/00000_31_nah_slice_60.h5
Using 5 Taylor terms and 4 Scaling & Squaring terms
Building graph:
Propagators initialized.
Operators weight initialized.
Intermediate propagation variables initialized.
Intermediate propagators initialized.
Vectors initialized.
Training loss initialized.
Optimizer initialized.
Utilities initialized.
Graph built!
Initialized
Error = :9.45e-01; Runtime: 1.6s; Iterations = 0, grads =   4.612e-02, unitary_metric = 1.00038
Error = :2.35e-01; Runtime: 20.1s; Iterations = 20, grads =   5.142e+00, unitary_metric = 1.00027
Error = :2.55e-02; Runtime: 35.7s; Iterations = 40, grads =   7.903e-01, unitary_metric = 1.00023
Error = :3.40e-03; Runtime: 51.3s; Iterations = 60, grads =   1.844e-01, unitary_metric = 1.00023
Error = :8.22e-04; Runtime: 60.6s; Iterations = 72, grads =   4.281e-02, unitary_metric = 1.00023
data saved at: /project/ftchong/qoc/pranav/00000_31_nah_slice_60.h5


trying total_time: 20.0 for unitary of size (16, 16)
data saved at: /project/ftchong/qoc/pranav/00001_31_nah_slice_60.h5
Using 7 Taylor terms and 2 Scaling & Squaring terms
Building graph:
Propagators initialized.
Operators weight initialized.
Intermediate propagation variables initialized.
Intermediate propagators initialized.
Vectors initialized.
Training loss initialized.
Optimizer initialized.
Utilities initialized.
Graph built!
Initialized
Error = :9.45e-01; Runtime: 0.8s; Iterations = 0, grads =   1.936e-02, unitary_metric = 1.00002
Error = :5.06e-01; Runtime: 9.8s; Iterations = 20, grads =   1.937e-01, unitary_metric = 1.00001
Error = :1.73e-02; Runtime: 17.5s; Iterations = 40, grads =   9.468e-02, unitary_metric = 1.00001
Error = :6.06e-03; Runtime: 25.1s; Iterations = 60, grads =   2.128e-02, unitary_metric = 1.00001
Error = :8.62e-04; Runtime: 30.8s; Iterations = 75, grads =   4.470e-03, unitary_metric = 1.00000
data saved at: /project/ftchong/qoc/pranav/00001_31_nah_slice_60.h5


trying total_time: 10.0 for unitary of size (16, 16)
data saved at: /project/ftchong/qoc/pranav/00002_31_nah_slice_60.h5
Using 7 Taylor terms and 2 Scaling & Squaring terms
Building graph:
Propagators initialized.
Operators weight initialized.
Intermediate propagation variables initialized.
Intermediate propagators initialized.
Vectors initialized.
Training loss initialized.
Optimizer initialized.
Utilities initialized.
Graph built!
Initialized
Error = :9.46e-01; Runtime: 0.4s; Iterations = 0, grads =   1.741e-02, unitary_metric = 1.00001
Error = :6.45e-01; Runtime: 4.9s; Iterations = 20, grads =   1.635e-02, unitary_metric = 1.00000
Error = :1.94e-01; Runtime: 8.6s; Iterations = 40, grads =   1.255e-02, unitary_metric = 1.00000
Error = :1.41e-03; Runtime: 12.4s; Iterations = 60, grads =   1.598e-03, unitary_metric = 1.00000
Error = :2.18e-03; Runtime: 16.1s; Iterations = 80, grads =   3.408e-03, unitary_metric = 1.00000
Error = :9.10e-04; Runtime: 17.1s; Iterations = 85, grads =   5.560e-04, unitary_metric = 1.00000
data saved at: /project/ftchong/qoc/pranav/00002_31_nah_slice_60.h5


trying total_time: 5.0 for unitary of size (16, 16)
data saved at: /project/ftchong/qoc/pranav/00003_31_nah_slice_60.h5
Using 7 Taylor terms and 2 Scaling & Squaring terms
Building graph:
Propagators initialized.
Operators weight initialized.
Intermediate propagation variables initialized.
Intermediate propagators initialized.
Vectors initialized.
Training loss initialized.
Optimizer initialized.
Utilities initialized.
Graph built!
Initialized
Error = :9.42e-01; Runtime: 0.2s; Iterations = 0, grads =   2.880e-03, unitary_metric = 1.00000
Error = :8.25e-01; Runtime: 2.5s; Iterations = 20, grads =   3.160e-03, unitary_metric = 1.00000
Error = :6.19e-01; Runtime: 4.4s; Iterations = 40, grads =   6.004e-03, unitary_metric = 1.00000
Error = :3.14e-01; Runtime: 6.3s; Iterations = 60, grads =   4.896e-03, unitary_metric = 0.99999
Error = :1.09e-01; Runtime: 8.2s; Iterations = 80, grads =   2.185e-03, unitary_metric = 0.99999
Error = :4.42e-02; Runtime: 10.0s; Iterations = 100, grads =   1.474e-03, unitary_metric = 0.99999
Error = :2.39e-02; Runtime: 12.1s; Iterations = 120, grads =   2.146e-04, unitary_metric = 1.00000
Error = :1.61e-02; Runtime: 14.0s; Iterations = 140, grads =   7.708e-03, unitary_metric = 0.99999
Error = :1.14e-02; Runtime: 15.8s; Iterations = 160, grads =   3.511e-03, unitary_metric = 0.99999
Error = :8.63e-03; Runtime: 17.7s; Iterations = 180, grads =   5.623e-05, unitary_metric = 1.00000
Error = :7.04e-03; Runtime: 19.6s; Iterations = 200, grads =   5.677e-05, unitary_metric = 0.99999
Error = :5.95e-03; Runtime: 21.6s; Iterations = 220, grads =   1.009e-05, unitary_metric = 0.99999
Error = :5.17e-03; Runtime: 23.5s; Iterations = 240, grads =   4.888e-06, unitary_metric = 0.99999
Error = :4.60e-03; Runtime: 25.4s; Iterations = 260, grads =   3.190e-06, unitary_metric = 0.99999
Error = :4.28e-03; Runtime: 27.2s; Iterations = 280, grads =   9.300e-04, unitary_metric = 0.99999
Error = :3.98e-03; Runtime: 29.1s; Iterations = 300, grads =   1.519e-03, unitary_metric = 0.99999
Error = :3.55e-03; Runtime: 31.2s; Iterations = 320, grads =   3.518e-05, unitary_metric = 0.99999
Error = :3.33e-03; Runtime: 33.0s; Iterations = 340, grads =   1.983e-05, unitary_metric = 0.99999
Error = :3.14e-03; Runtime: 34.9s; Iterations = 360, grads =   3.318e-06, unitary_metric = 0.99999
Error = :2.99e-03; Runtime: 36.8s; Iterations = 380, grads =   1.179e-06, unitary_metric = 0.99999
Error = :2.86e-03; Runtime: 38.7s; Iterations = 400, grads =   8.191e-07, unitary_metric = 0.99999
Error = :2.75e-03; Runtime: 40.7s; Iterations = 420, grads =   1.511e-06, unitary_metric = 0.99999
Error = :3.50e-03; Runtime: 42.6s; Iterations = 440, grads =   9.196e-03, unitary_metric = 0.99999
Error = :2.71e-03; Runtime: 44.4s; Iterations = 460, grads =   1.418e-03, unitary_metric = 0.99999
Error = :2.52e-03; Runtime: 46.3s; Iterations = 480, grads =   7.968e-05, unitary_metric = 0.99999
Error = :2.45e-03; Runtime: 48.2s; Iterations = 500, grads =   2.231e-05, unitary_metric = 0.99999
Error = :2.75e-03; Runtime: 50.3s; Iterations = 520, grads =   2.614e-03, unitary_metric = 0.99999
Error = :2.39e-03; Runtime: 52.1s; Iterations = 540, grads =   3.358e-04, unitary_metric = 0.99999
Error = :2.31e-03; Runtime: 54.0s; Iterations = 560, grads =   4.116e-05, unitary_metric = 0.99999
Error = :2.26e-03; Runtime: 55.9s; Iterations = 580, grads =   5.614e-07, unitary_metric = 0.99999
Error = :2.23e-03; Runtime: 57.7s; Iterations = 600, grads =   9.228e-07, unitary_metric = 0.99999
Error = :2.20e-03; Runtime: 59.8s; Iterations = 620, grads =   1.026e-06, unitary_metric = 0.99999
Error = :2.17e-03; Runtime: 61.7s; Iterations = 640, grads =   1.160e-05, unitary_metric = 0.99999
Error = :2.17e-03; Runtime: 63.5s; Iterations = 660, grads =   3.518e-04, unitary_metric = 0.99999
Error = :2.12e-03; Runtime: 65.4s; Iterations = 680, grads =   9.292e-05, unitary_metric = 0.99999
Error = :2.12e-03; Runtime: 67.3s; Iterations = 700, grads =   3.121e-04, unitary_metric = 0.99999
Error = :2.09e-03; Runtime: 69.3s; Iterations = 720, grads =   2.175e-04, unitary_metric = 0.99999
Error = :2.10e-03; Runtime: 71.2s; Iterations = 740, grads =   4.064e-04, unitary_metric = 0.99999
Error = :2.04e-03; Runtime: 73.1s; Iterations = 760, grads =   1.265e-04, unitary_metric = 0.99999
Error = :2.01e-03; Runtime: 74.9s; Iterations = 780, grads =   1.977e-06, unitary_metric = 0.99999
Error = :1.99e-03; Runtime: 76.8s; Iterations = 800, grads =   1.106e-06, unitary_metric = 0.99999
Error = :1.97e-03; Runtime: 78.9s; Iterations = 820, grads =   2.924e-07, unitary_metric = 0.99999
Error = :1.95e-03; Runtime: 80.7s; Iterations = 840, grads =   1.110e-07, unitary_metric = 0.99999
Error = :1.94e-03; Runtime: 82.6s; Iterations = 860, grads =   6.766e-08, unitary_metric = 0.99999
Error = :1.92e-03; Runtime: 84.5s; Iterations = 880, grads =   5.892e-08, unitary_metric = 0.99999
Error = :1.91e-03; Runtime: 86.3s; Iterations = 900, grads =   5.641e-08, unitary_metric = 0.99999
Error = :1.89e-03; Runtime: 88.4s; Iterations = 920, grads =   1.080e-06, unitary_metric = 0.99999
Error = :2.26e-03; Runtime: 90.3s; Iterations = 940, grads =   4.118e-03, unitary_metric = 0.99999
Error = :1.87e-03; Runtime: 92.1s; Iterations = 960, grads =   5.855e-05, unitary_metric = 0.99999
Error = :1.86e-03; Runtime: 94.0s; Iterations = 980, grads =   7.750e-05, unitary_metric = 0.99999
Error = :1.88e-03; Runtime: 95.9s; Iterations = 1000, grads =   4.122e-04, unitary_metric = 0.99999
Error = :1.88e-03; Runtime: 97.9s; Iterations = 1020, grads =   6.523e-04, unitary_metric = 0.99999
Error = :1.82e-03; Runtime: 99.8s; Iterations = 1040, grads =   6.942e-05, unitary_metric = 0.99999
Error = :1.80e-03; Runtime: 101.7s; Iterations = 1060, grads =   2.255e-07, unitary_metric = 0.99999
Error = :1.79e-03; Runtime: 103.5s; Iterations = 1080, grads =   5.294e-07, unitary_metric = 0.99999
Error = :1.77e-03; Runtime: 105.4s; Iterations = 1100, grads =   5.880e-08, unitary_metric = 0.99999
Error = :1.76e-03; Runtime: 107.5s; Iterations = 1120, grads =   6.401e-08, unitary_metric = 0.99999
Error = :1.75e-03; Runtime: 109.3s; Iterations = 1140, grads =   3.772e-08, unitary_metric = 0.99999
Error = :1.74e-03; Runtime: 111.2s; Iterations = 1160, grads =   3.170e-08, unitary_metric = 0.99999
Error = :1.73e-03; Runtime: 113.1s; Iterations = 1180, grads =   5.882e-08, unitary_metric = 0.99999
Error = :1.72e-03; Runtime: 114.9s; Iterations = 1200, grads =   5.313e-07, unitary_metric = 0.99999
Error = :1.74e-03; Runtime: 117.2s; Iterations = 1220, grads =   3.064e-04, unitary_metric = 0.99999
Error = :1.90e-03; Runtime: 119.1s; Iterations = 1240, grads =   1.455e-03, unitary_metric = 0.99999
Error = :1.70e-03; Runtime: 120.9s; Iterations = 1260, grads =   7.226e-05, unitary_metric = 0.99999
Error = :1.74e-03; Runtime: 122.8s; Iterations = 1280, grads =   6.000e-04, unitary_metric = 0.99999
Error = :1.69e-03; Runtime: 124.7s; Iterations = 1300, grads =   1.773e-04, unitary_metric = 0.99999
Error = :1.67e-03; Runtime: 126.7s; Iterations = 1320, grads =   2.592e-05, unitary_metric = 0.99999
Error = :1.66e-03; Runtime: 128.6s; Iterations = 1340, grads =   1.452e-06, unitary_metric = 0.99999
Error = :1.65e-03; Runtime: 130.4s; Iterations = 1360, grads =   2.535e-07, unitary_metric = 0.99999
Error = :1.64e-03; Runtime: 132.3s; Iterations = 1380, grads =   4.830e-08, unitary_metric = 0.99999
Error = :1.63e-03; Runtime: 134.2s; Iterations = 1400, grads =   4.229e-08, unitary_metric = 0.99999
Error = :1.63e-03; Runtime: 136.2s; Iterations = 1420, grads =   1.016e-06, unitary_metric = 0.99999
Error = :1.72e-03; Runtime: 138.1s; Iterations = 1440, grads =   1.020e-03, unitary_metric = 0.99999
Error = :1.69e-03; Runtime: 140.0s; Iterations = 1460, grads =   5.996e-04, unitary_metric = 0.99999
Error = :1.63e-03; Runtime: 141.8s; Iterations = 1480, grads =   9.955e-05, unitary_metric = 0.99999
Error = :1.61e-03; Runtime: 143.7s; Iterations = 1500, grads =   2.569e-06, unitary_metric = 0.99999
Error = :1.60e-03; Runtime: 145.8s; Iterations = 1520, grads =   2.635e-06, unitary_metric = 0.99999
Error = :1.79e-03; Runtime: 147.6s; Iterations = 1540, grads =   2.151e-03, unitary_metric = 0.99999
Error = :1.59e-03; Runtime: 149.5s; Iterations = 1560, grads =   4.460e-06, unitary_metric = 0.99999
Error = :1.59e-03; Runtime: 151.4s; Iterations = 1580, grads =   1.084e-05, unitary_metric = 0.99999
Error = :1.58e-03; Runtime: 153.2s; Iterations = 1600, grads =   2.001e-06, unitary_metric = 0.99999
Error = :1.58e-03; Runtime: 155.4s; Iterations = 1620, grads =   7.212e-08, unitary_metric = 0.99999
Error = :1.57e-03; Runtime: 157.2s; Iterations = 1640, grads =   3.673e-08, unitary_metric = 0.99999
Error = :1.57e-03; Runtime: 159.1s; Iterations = 1660, grads =   6.908e-08, unitary_metric = 0.99999
Error = :1.57e-03; Runtime: 161.0s; Iterations = 1680, grads =   3.983e-06, unitary_metric = 0.99999
Error = :1.73e-03; Runtime: 162.8s; Iterations = 1700, grads =   1.740e-03, unitary_metric = 0.99999
Error = :1.57e-03; Runtime: 164.9s; Iterations = 1720, grads =   8.114e-05, unitary_metric = 0.99999
Error = :1.56e-03; Runtime: 166.7s; Iterations = 1740, grads =   3.697e-06, unitary_metric = 0.99999
Error = :1.56e-03; Runtime: 168.6s; Iterations = 1760, grads =   2.696e-06, unitary_metric = 0.99999
Error = :1.55e-03; Runtime: 170.5s; Iterations = 1780, grads =   2.273e-07, unitary_metric = 0.99999
Error = :1.55e-03; Runtime: 172.3s; Iterations = 1800, grads =   1.479e-07, unitary_metric = 0.99999
Error = :1.55e-03; Runtime: 174.4s; Iterations = 1820, grads =   1.459e-08, unitary_metric = 0.99999
Error = :1.55e-03; Runtime: 176.3s; Iterations = 1840, grads =   2.971e-08, unitary_metric = 0.99999
Error = :1.55e-03; Runtime: 178.1s; Iterations = 1860, grads =   2.815e-05, unitary_metric = 0.99999
Error = :1.59e-03; Runtime: 180.0s; Iterations = 1880, grads =   5.726e-04, unitary_metric = 0.99999
Error = :1.54e-03; Runtime: 181.9s; Iterations = 1900, grads =   2.928e-05, unitary_metric = 0.99999
Error = :1.54e-03; Runtime: 184.0s; Iterations = 1920, grads =   7.676e-07, unitary_metric = 0.99999
Error = :1.54e-03; Runtime: 185.9s; Iterations = 1940, grads =   3.127e-07, unitary_metric = 0.99999
Error = :1.53e-03; Runtime: 187.7s; Iterations = 1960, grads =   2.223e-07, unitary_metric = 0.99999
Error = :1.53e-03; Runtime: 189.6s; Iterations = 1980, grads =   1.369e-05, unitary_metric = 0.99999
Error = :1.54e-03; Runtime: 191.4s; Iterations = 2000, grads =   6.930e-05, unitary_metric = 0.99999
Error = :1.63e-03; Runtime: 193.5s; Iterations = 2020, grads =   7.279e-04, unitary_metric = 0.99999
Error = :1.54e-03; Runtime: 195.4s; Iterations = 2040, grads =   1.125e-04, unitary_metric = 0.99999
Error = :1.53e-03; Runtime: 197.2s; Iterations = 2060, grads =   6.230e-06, unitary_metric = 0.99999
Error = :1.52e-03; Runtime: 199.1s; Iterations = 2080, grads =   1.208e-07, unitary_metric = 0.99999
Error = :1.52e-03; Runtime: 201.0s; Iterations = 2100, grads =   8.075e-08, unitary_metric = 0.99999
Error = :1.52e-03; Runtime: 203.0s; Iterations = 2120, grads =   7.062e-09, unitary_metric = 0.99999
Error = :1.52e-03; Runtime: 204.9s; Iterations = 2140, grads =   7.574e-09, unitary_metric = 0.99999
Error = :1.52e-03; Runtime: 206.7s; Iterations = 2160, grads =   9.028e-09, unitary_metric = 0.99999
Error = :1.52e-03; Runtime: 208.6s; Iterations = 2180, grads =   1.413e-06, unitary_metric = 0.99999
Error = :1.62e-03; Runtime: 210.5s; Iterations = 2200, grads =   1.077e-03, unitary_metric = 0.99999
Error = :1.53e-03; Runtime: 212.5s; Iterations = 2220, grads =   1.334e-04, unitary_metric = 0.99999
Error = :1.52e-03; Runtime: 214.4s; Iterations = 2240, grads =   7.691e-06, unitary_metric = 0.99999
Error = :1.52e-03; Runtime: 216.3s; Iterations = 2260, grads =   3.155e-05, unitary_metric = 0.99999
Error = :1.53e-03; Runtime: 218.1s; Iterations = 2280, grads =   1.156e-04, unitary_metric = 0.99999
Error = :1.52e-03; Runtime: 220.0s; Iterations = 2300, grads =   3.464e-05, unitary_metric = 0.99999
Error = :1.56e-03; Runtime: 222.1s; Iterations = 2320, grads =   5.487e-04, unitary_metric = 0.99999
Error = :1.52e-03; Runtime: 223.9s; Iterations = 2340, grads =   5.059e-05, unitary_metric = 0.99999
Error = :1.51e-03; Runtime: 225.8s; Iterations = 2360, grads =   1.839e-05, unitary_metric = 0.99999
Error = :1.51e-03; Runtime: 227.7s; Iterations = 2380, grads =   4.802e-07, unitary_metric = 0.99999
Error = :1.51e-03; Runtime: 229.5s; Iterations = 2400, grads =   4.494e-09, unitary_metric = 0.99999
Error = :1.51e-03; Runtime: 231.6s; Iterations = 2420, grads =   4.924e-09, unitary_metric = 0.99999
Error = :1.51e-03; Runtime: 233.4s; Iterations = 2440, grads =   9.017e-09, unitary_metric = 0.99999
Error = :1.51e-03; Runtime: 235.3s; Iterations = 2460, grads =   1.788e-08, unitary_metric = 0.99999
Error = :1.50e-03; Runtime: 237.2s; Iterations = 2480, grads =   2.258e-06, unitary_metric = 0.99999
Error = :1.58e-03; Runtime: 239.0s; Iterations = 2500, grads =   8.667e-04, unitary_metric = 0.99999
Error = :1.51e-03; Runtime: 241.1s; Iterations = 2520, grads =   8.470e-05, unitary_metric = 0.99999
Error = :1.50e-03; Runtime: 243.0s; Iterations = 2540, grads =   1.326e-06, unitary_metric = 0.99999
Error = :1.63e-03; Runtime: 244.8s; Iterations = 2560, grads =   9.022e-04, unitary_metric = 0.99999
Error = :1.52e-03; Runtime: 246.7s; Iterations = 2580, grads =   1.408e-04, unitary_metric = 0.99999
Error = :1.52e-03; Runtime: 248.6s; Iterations = 2600, grads =   1.635e-04, unitary_metric = 0.99999
Error = :1.50e-03; Runtime: 250.6s; Iterations = 2620, grads =   3.203e-05, unitary_metric = 0.99999
Error = :1.50e-03; Runtime: 252.5s; Iterations = 2640, grads =   3.358e-06, unitary_metric = 0.99999
Error = :1.50e-03; Runtime: 254.3s; Iterations = 2660, grads =   3.768e-07, unitary_metric = 0.99999
Error = :1.50e-03; Runtime: 256.2s; Iterations = 2680, grads =   7.363e-08, unitary_metric = 0.99999
Error = :1.50e-03; Runtime: 258.1s; Iterations = 2700, grads =   8.547e-09, unitary_metric = 0.99999
Error = :1.50e-03; Runtime: 260.1s; Iterations = 2720, grads =   4.570e-09, unitary_metric = 0.99999
Error = :1.50e-03; Runtime: 262.0s; Iterations = 2740, grads =   3.842e-09, unitary_metric = 0.99999
Error = :1.50e-03; Runtime: 263.9s; Iterations = 2760, grads =   1.098e-07, unitary_metric = 0.99999
Error = :1.50e-03; Runtime: 265.8s; Iterations = 2780, grads =   5.334e-05, unitary_metric = 0.99999
Error = :1.52e-03; Runtime: 267.6s; Iterations = 2800, grads =   2.289e-04, unitary_metric = 0.99999
Error = :1.50e-03; Runtime: 269.7s; Iterations = 2820, grads =   8.111e-06, unitary_metric = 0.99999
Error = :1.50e-03; Runtime: 271.5s; Iterations = 2840, grads =   1.258e-05, unitary_metric = 0.99999
Error = :1.50e-03; Runtime: 273.4s; Iterations = 2860, grads =   5.457e-06, unitary_metric = 0.99999
Error = :1.50e-03; Runtime: 275.3s; Iterations = 2880, grads =   3.538e-05, unitary_metric = 0.99999
Error = :1.49e-03; Runtime: 277.1s; Iterations = 2900, grads =   2.428e-06, unitary_metric = 0.99999
Error = :1.49e-03; Runtime: 279.2s; Iterations = 2920, grads =   5.562e-08, unitary_metric = 0.99999
Error = :1.49e-03; Runtime: 281.0s; Iterations = 2940, grads =   9.406e-08, unitary_metric = 0.99999
Error = :1.50e-03; Runtime: 282.9s; Iterations = 2960, grads =   3.496e-05, unitary_metric = 0.99999
Error = :1.52e-03; Runtime: 284.8s; Iterations = 2980, grads =   1.760e-04, unitary_metric = 0.99999
Error = :1.49e-03; Runtime: 286.6s; Iterations = 3000, grads =   1.171e-07, unitary_metric = 0.99999
Error = :1.49e-03; Runtime: 288.7s; Iterations = 3020, grads =   2.688e-06, unitary_metric = 0.99999
Error = :1.49e-03; Runtime: 290.6s; Iterations = 3040, grads =   1.956e-07, unitary_metric = 0.99999
Error = :1.49e-03; Runtime: 292.5s; Iterations = 3060, grads =   4.622e-07, unitary_metric = 0.99999
Error = :1.51e-03; Runtime: 294.3s; Iterations = 3080, grads =   1.974e-04, unitary_metric = 0.99999
Error = :1.49e-03; Runtime: 296.2s; Iterations = 3100, grads =   9.241e-06, unitary_metric = 0.99999
Error = :1.49e-03; Runtime: 298.3s; Iterations = 3120, grads =   4.121e-06, unitary_metric = 0.99999
Error = :1.49e-03; Runtime: 300.1s; Iterations = 3140, grads =   1.708e-06, unitary_metric = 0.99999
Error = :1.50e-03; Runtime: 302.0s; Iterations = 3160, grads =   1.382e-04, unitary_metric = 0.99999
Error = :1.49e-03; Runtime: 303.9s; Iterations = 3180, grads =   1.534e-05, unitary_metric = 0.99999
Error = :1.49e-03; Runtime: 305.7s; Iterations = 3200, grads =   1.499e-05, unitary_metric = 0.99999
Error = :1.49e-03; Runtime: 307.8s; Iterations = 3220, grads =   5.237e-07, unitary_metric = 0.99999
Error = :1.49e-03; Runtime: 309.6s; Iterations = 3240, grads =   7.655e-08, unitary_metric = 0.99999
Error = :1.49e-03; Runtime: 311.5s; Iterations = 3260, grads =   2.394e-07, unitary_metric = 0.99999
Error = :1.49e-03; Runtime: 313.4s; Iterations = 3280, grads =   6.062e-05, unitary_metric = 0.99999
Error = :1.50e-03; Runtime: 315.2s; Iterations = 3300, grads =   7.840e-05, unitary_metric = 0.99999
Error = :1.49e-03; Runtime: 317.3s; Iterations = 3320, grads =   6.887e-06, unitary_metric = 0.99999
Error = :1.49e-03; Runtime: 319.2s; Iterations = 3340, grads =   6.680e-07, unitary_metric = 0.99999
Error = :1.48e-03; Runtime: 321.0s; Iterations = 3360, grads =   1.100e-06, unitary_metric = 0.99999
Error = :1.53e-03; Runtime: 322.9s; Iterations = 3380, grads =   5.500e-04, unitary_metric = 0.99999
Error = :1.49e-03; Runtime: 324.8s; Iterations = 3400, grads =   4.209e-05, unitary_metric = 0.99999
Error = :1.48e-03; Runtime: 326.8s; Iterations = 3420, grads =   4.045e-06, unitary_metric = 0.99999
Error = :1.48e-03; Runtime: 328.7s; Iterations = 3440, grads =   6.140e-07, unitary_metric = 0.99999
Error = :1.48e-03; Runtime: 330.5s; Iterations = 3460, grads =   8.601e-08, unitary_metric = 0.99999
Error = :1.48e-03; Runtime: 332.4s; Iterations = 3480, grads =   2.574e-05, unitary_metric = 0.99999
Error = :1.49e-03; Runtime: 334.3s; Iterations = 3500, grads =   8.844e-05, unitary_metric = 0.99999
Error = :1.48e-03; Runtime: 336.3s; Iterations = 3520, grads =   1.896e-05, unitary_metric = 0.99999
Error = :1.50e-03; Runtime: 338.2s; Iterations = 3540, grads =   1.467e-04, unitary_metric = 0.99999
Error = :1.48e-03; Runtime: 340.0s; Iterations = 3560, grads =   2.412e-06, unitary_metric = 0.99999
Error = :1.48e-03; Runtime: 341.9s; Iterations = 3580, grads =   1.784e-07, unitary_metric = 0.99999
Error = :1.48e-03; Runtime: 343.8s; Iterations = 3600, grads =   1.250e-07, unitary_metric = 0.99999
Error = :1.48e-03; Runtime: 345.9s; Iterations = 3620, grads =   7.864e-08, unitary_metric = 0.99999
Error = :1.48e-03; Runtime: 347.7s; Iterations = 3640, grads =   7.292e-09, unitary_metric = 0.99999
Error = :1.48e-03; Runtime: 349.6s; Iterations = 3660, grads =   3.395e-09, unitary_metric = 0.99999
Error = :1.48e-03; Runtime: 351.5s; Iterations = 3680, grads =   5.185e-09, unitary_metric = 0.99999
Error = :1.48e-03; Runtime: 353.3s; Iterations = 3700, grads =   8.361e-07, unitary_metric = 0.99999
Error = :1.51e-03; Runtime: 355.4s; Iterations = 3720, grads =   3.357e-04, unitary_metric = 0.99999
Error = :1.48e-03; Runtime: 357.2s; Iterations = 3740, grads =   4.407e-05, unitary_metric = 0.99999
Error = :1.48e-03; Runtime: 359.1s; Iterations = 3760, grads =   7.555e-06, unitary_metric = 0.99999
Error = :1.52e-03; Runtime: 361.0s; Iterations = 3780, grads =   3.660e-04, unitary_metric = 0.99999
Error = :1.48e-03; Runtime: 362.9s; Iterations = 3800, grads =   2.643e-05, unitary_metric = 0.99999
Error = :1.48e-03; Runtime: 365.0s; Iterations = 3820, grads =   4.079e-06, unitary_metric = 0.99999
Error = :1.48e-03; Runtime: 366.9s; Iterations = 3840, grads =   8.533e-07, unitary_metric = 0.99999
Error = :1.48e-03; Runtime: 368.7s; Iterations = 3860, grads =   5.238e-08, unitary_metric = 0.99999
Error = :1.48e-03; Runtime: 370.6s; Iterations = 3880, grads =   1.120e-08, unitary_metric = 0.99999
Error = :1.48e-03; Runtime: 372.4s; Iterations = 3900, grads =   2.086e-09, unitary_metric = 0.99999
Error = :1.47e-03; Runtime: 374.5s; Iterations = 3920, grads =   1.374e-09, unitary_metric = 0.99999
Error = :1.48e-03; Runtime: 376.3s; Iterations = 3940, grads =   4.002e-09, unitary_metric = 0.99999
Error = :1.47e-03; Runtime: 378.2s; Iterations = 3960, grads =   1.198e-08, unitary_metric = 0.99999
Error = :1.47e-03; Runtime: 380.1s; Iterations = 3980, grads =   5.691e-07, unitary_metric = 0.99999
Error = :1.48e-03; Runtime: 381.9s; Iterations = 4000, grads =   8.322e-05, unitary_metric = 0.99999
Error = :1.50e-03; Runtime: 384.0s; Iterations = 4020, grads =   2.836e-04, unitary_metric = 0.99999
Error = :1.48e-03; Runtime: 385.9s; Iterations = 4040, grads =   6.524e-05, unitary_metric = 0.99999
Error = :1.47e-03; Runtime: 387.7s; Iterations = 4060, grads =   7.651e-06, unitary_metric = 0.99999
Error = :1.47e-03; Runtime: 389.6s; Iterations = 4080, grads =   2.927e-07, unitary_metric = 0.99999
Error = :1.47e-03; Runtime: 391.5s; Iterations = 4100, grads =   8.077e-08, unitary_metric = 0.99999
Error = :1.47e-03; Runtime: 393.5s; Iterations = 4120, grads =   9.467e-09, unitary_metric = 0.99999
Error = :1.47e-03; Runtime: 395.4s; Iterations = 4140, grads =   2.469e-09, unitary_metric = 0.99999
Error = :1.47e-03; Runtime: 397.3s; Iterations = 4160, grads =   2.820e-09, unitary_metric = 0.99999
Error = :1.47e-03; Runtime: 399.1s; Iterations = 4180, grads =   7.772e-09, unitary_metric = 0.99999
Error = :1.47e-03; Runtime: 401.0s; Iterations = 4200, grads =   8.147e-08, unitary_metric = 0.99999
Error = :1.47e-03; Runtime: 403.0s; Iterations = 4220, grads =   9.468e-06, unitary_metric = 0.99999
Error = :1.47e-03; Runtime: 404.9s; Iterations = 4240, grads =   4.814e-06, unitary_metric = 0.99999
Error = :1.48e-03; Runtime: 406.8s; Iterations = 4260, grads =   8.545e-05, unitary_metric = 0.99999
Error = :1.47e-03; Runtime: 408.6s; Iterations = 4280, grads =   5.140e-05, unitary_metric = 0.99999
Error = :1.47e-03; Runtime: 410.5s; Iterations = 4300, grads =   6.197e-06, unitary_metric = 0.99999
Error = :1.47e-03; Runtime: 412.6s; Iterations = 4320, grads =   8.298e-07, unitary_metric = 0.99999
Error = :1.47e-03; Runtime: 414.5s; Iterations = 4340, grads =   9.455e-08, unitary_metric = 0.99999
Error = :1.47e-03; Runtime: 416.3s; Iterations = 4360, grads =   3.988e-09, unitary_metric = 0.99999
Error = :1.47e-03; Runtime: 418.2s; Iterations = 4380, grads =   3.773e-09, unitary_metric = 0.99999
Error = :1.47e-03; Runtime: 420.1s; Iterations = 4400, grads =   1.139e-09, unitary_metric = 0.99999
Error = :1.47e-03; Runtime: 422.1s; Iterations = 4420, grads =   2.261e-09, unitary_metric = 0.99999
Error = :1.47e-03; Runtime: 424.0s; Iterations = 4440, grads =   1.375e-07, unitary_metric = 0.99999
Error = :1.47e-03; Runtime: 425.8s; Iterations = 4460, grads =   4.365e-05, unitary_metric = 0.99999
Error = :1.47e-03; Runtime: 427.7s; Iterations = 4480, grads =   2.028e-05, unitary_metric = 0.99999
Error = :1.47e-03; Runtime: 429.6s; Iterations = 4500, grads =   2.510e-06, unitary_metric = 0.99999
Error = :1.48e-03; Runtime: 431.7s; Iterations = 4520, grads =   1.499e-04, unitary_metric = 0.99999
Error = :1.47e-03; Runtime: 433.5s; Iterations = 4540, grads =   1.417e-05, unitary_metric = 0.99999
Error = :1.47e-03; Runtime: 435.4s; Iterations = 4560, grads =   1.115e-06, unitary_metric = 0.99999
Error = :1.47e-03; Runtime: 437.2s; Iterations = 4580, grads =   1.125e-07, unitary_metric = 0.99999
Error = :1.46e-03; Runtime: 439.1s; Iterations = 4600, grads =   4.174e-08, unitary_metric = 0.99999
Error = :1.47e-03; Runtime: 441.2s; Iterations = 4620, grads =   2.066e-08, unitary_metric = 0.99999
Error = :1.47e-03; Runtime: 443.0s; Iterations = 4640, grads =   1.095e-09, unitary_metric = 0.99999
Error = :1.47e-03; Runtime: 444.9s; Iterations = 4660, grads =   1.789e-09, unitary_metric = 0.99999
Error = :1.47e-03; Runtime: 446.8s; Iterations = 4680, grads =   1.775e-09, unitary_metric = 0.99999
Error = :1.47e-03; Runtime: 448.6s; Iterations = 4700, grads =   7.690e-09, unitary_metric = 0.99999
Error = :1.47e-03; Runtime: 450.7s; Iterations = 4720, grads =   4.720e-07, unitary_metric = 0.99999
Error = :1.48e-03; Runtime: 452.6s; Iterations = 4740, grads =   1.080e-04, unitary_metric = 0.99999
Error = :1.47e-03; Runtime: 454.5s; Iterations = 4760, grads =   1.311e-05, unitary_metric = 0.99999
Error = :1.48e-03; Runtime: 456.3s; Iterations = 4780, grads =   1.099e-04, unitary_metric = 0.99999
Error = :1.47e-03; Runtime: 458.2s; Iterations = 4800, grads =   1.065e-06, unitary_metric = 0.99999
Error = :1.47e-03; Runtime: 460.2s; Iterations = 4820, grads =   4.536e-07, unitary_metric = 0.99999
Error = :1.47e-03; Runtime: 462.1s; Iterations = 4840, grads =   2.365e-07, unitary_metric = 0.99999
Error = :1.46e-03; Runtime: 463.9s; Iterations = 4860, grads =   5.874e-09, unitary_metric = 0.99999
Error = :1.47e-03; Runtime: 465.8s; Iterations = 4880, grads =   6.149e-09, unitary_metric = 0.99999
Error = :1.47e-03; Runtime: 467.7s; Iterations = 4900, grads =   3.396e-09, unitary_metric = 0.99999
Error = :1.46e-03; Runtime: 469.7s; Iterations = 4920, grads =   1.628e-08, unitary_metric = 0.99999
Error = :1.46e-03; Runtime: 471.6s; Iterations = 4940, grads =   3.240e-09, unitary_metric = 0.99999
Error = :1.47e-03; Runtime: 473.5s; Iterations = 4960, grads =   1.230e-08, unitary_metric = 0.99999
Error = :1.46e-03; Runtime: 475.3s; Iterations = 4980, grads =   1.021e-06, unitary_metric = 0.99999
Error = :1.48e-03; Runtime: 477.2s; Iterations = 5000, grads =   1.336e-04, unitary_metric = 0.99999
Error = :1.47e-03; Runtime: 479.2s; Iterations = 5020, grads =   2.733e-05, unitary_metric = 0.99999
Error = :1.46e-03; Runtime: 481.1s; Iterations = 5040, grads =   2.649e-06, unitary_metric = 0.99999
Error = :1.46e-03; Runtime: 483.0s; Iterations = 5060, grads =   2.560e-07, unitary_metric = 0.99999
Error = :1.46e-03; Runtime: 484.9s; Iterations = 5080, grads =   2.843e-08, unitary_metric = 0.99999
Error = :1.46e-03; Runtime: 486.7s; Iterations = 5100, grads =   2.445e-08, unitary_metric = 0.99999
Error = :1.46e-03; Runtime: 488.8s; Iterations = 5120, grads =   9.250e-09, unitary_metric = 0.99999
Error = :1.46e-03; Runtime: 490.6s; Iterations = 5140, grads =   1.063e-09, unitary_metric = 0.99999
Error = :1.46e-03; Runtime: 492.5s; Iterations = 5160, grads =   8.810e-10, unitary_metric = 0.99999
Error = :1.46e-03; Runtime: 494.4s; Iterations = 5180, grads =   7.335e-10, unitary_metric = 0.99999
Error = :1.46e-03; Runtime: 496.2s; Iterations = 5200, grads =   8.598e-10, unitary_metric = 0.99999
Error = :1.46e-03; Runtime: 498.4s; Iterations = 5220, grads =   4.553e-09, unitary_metric = 0.99999
Error = :1.46e-03; Runtime: 500.2s; Iterations = 5240, grads =   7.169e-07, unitary_metric = 0.99999
Error = :1.48e-03; Runtime: 502.1s; Iterations = 5260, grads =   1.065e-04, unitary_metric = 0.99999
Error = :1.47e-03; Runtime: 504.0s; Iterations = 5280, grads =   5.298e-05, unitary_metric = 0.99999
Error = :1.46e-03; Runtime: 505.9s; Iterations = 5300, grads =   2.688e-05, unitary_metric = 0.99999
Error = :1.46e-03; Runtime: 507.9s; Iterations = 5320, grads =   2.984e-06, unitary_metric = 0.99999
Error = :1.46e-03; Runtime: 509.8s; Iterations = 5340, grads =   3.818e-07, unitary_metric = 0.99999
Error = :1.46e-03; Runtime: 511.6s; Iterations = 5360, grads =   5.845e-08, unitary_metric = 0.99999
Error = :1.46e-03; Runtime: 513.5s; Iterations = 5380, grads =   4.507e-09, unitary_metric = 0.99999
Error = :1.46e-03; Runtime: 515.4s; Iterations = 5400, grads =   1.124e-09, unitary_metric = 0.99999
Error = :1.46e-03; Runtime: 517.4s; Iterations = 5420, grads =   9.149e-10, unitary_metric = 0.99999
Error = :1.46e-03; Runtime: 519.3s; Iterations = 5440, grads =   1.011e-09, unitary_metric = 0.99999
Error = :1.46e-03; Runtime: 521.1s; Iterations = 5460, grads =   2.158e-08, unitary_metric = 0.99999
Error = :1.46e-03; Runtime: 523.0s; Iterations = 5480, grads =   1.890e-09, unitary_metric = 0.99999
Error = :1.46e-03; Runtime: 524.9s; Iterations = 5500, grads =   2.409e-09, unitary_metric = 0.99999
Error = :1.46e-03; Runtime: 526.9s; Iterations = 5520, grads =   1.347e-07, unitary_metric = 0.99999
Error = :1.46e-03; Runtime: 528.8s; Iterations = 5540, grads =   2.684e-05, unitary_metric = 0.99999
Error = :1.47e-03; Runtime: 530.7s; Iterations = 5560, grads =   7.593e-05, unitary_metric = 0.99999
Error = :1.46e-03; Runtime: 532.5s; Iterations = 5580, grads =   3.526e-05, unitary_metric = 0.99999
Error = :1.46e-03; Runtime: 534.4s; Iterations = 5600, grads =   4.072e-07, unitary_metric = 0.99999
Error = :1.46e-03; Runtime: 536.5s; Iterations = 5620, grads =   4.392e-07, unitary_metric = 0.99999
Error = :1.46e-03; Runtime: 538.3s; Iterations = 5640, grads =   6.259e-08, unitary_metric = 0.99999
Error = :1.46e-03; Runtime: 540.2s; Iterations = 5660, grads =   8.044e-09, unitary_metric = 0.99999
Error = :1.46e-03; Runtime: 542.1s; Iterations = 5680, grads =   2.417e-09, unitary_metric = 0.99999
Error = :1.46e-03; Runtime: 543.9s; Iterations = 5700, grads =   1.689e-09, unitary_metric = 0.99999
Error = :1.46e-03; Runtime: 546.0s; Iterations = 5720, grads =   1.474e-09, unitary_metric = 0.99999
Error = :1.46e-03; Runtime: 547.8s; Iterations = 5740, grads =   1.812e-09, unitary_metric = 0.99999
Error = :1.46e-03; Runtime: 549.7s; Iterations = 5760, grads =   1.010e-08, unitary_metric = 0.99999
Error = :1.46e-03; Runtime: 551.6s; Iterations = 5780, grads =   1.564e-06, unitary_metric = 0.99999
Error = :1.46e-03; Runtime: 553.4s; Iterations = 5800, grads =   7.260e-06, unitary_metric = 0.99999
Error = :1.46e-03; Runtime: 555.5s; Iterations = 5820, grads =   2.475e-06, unitary_metric = 0.99999
Error = :1.46e-03; Runtime: 557.4s; Iterations = 5840, grads =   1.573e-05, unitary_metric = 0.99999
Error = :1.46e-03; Runtime: 559.2s; Iterations = 5860, grads =   2.050e-06, unitary_metric = 0.99999
Error = :1.46e-03; Runtime: 561.1s; Iterations = 5880, grads =   2.289e-06, unitary_metric = 0.99999
Error = :1.46e-03; Runtime: 563.0s; Iterations = 5900, grads =   1.033e-05, unitary_metric = 0.99999
Error = :1.46e-03; Runtime: 565.0s; Iterations = 5920, grads =   1.979e-06, unitary_metric = 0.99999
Error = :1.46e-03; Runtime: 566.9s; Iterations = 5940, grads =   3.401e-07, unitary_metric = 0.99999
Error = :1.46e-03; Runtime: 568.7s; Iterations = 5960, grads =   7.698e-08, unitary_metric = 0.99999
Error = :1.46e-03; Runtime: 570.6s; Iterations = 5980, grads =   6.428e-09, unitary_metric = 0.99999
Error = :1.46e-03; Runtime: 572.5s; Iterations = 6000, grads =   1.441e-09, unitary_metric = 0.99999
data saved at: /project/ftchong/qoc/pranav/00003_31_nah_slice_60.h5


trying total_time: 7.5 for unitary of size (16, 16)
data saved at: /project/ftchong/qoc/pranav/00004_31_nah_slice_60.h5
Using 7 Taylor terms and 2 Scaling & Squaring terms
Building graph:
Propagators initialized.
Operators weight initialized.
Intermediate propagation variables initialized.
Intermediate propagators initialized.
Vectors initialized.
Training loss initialized.
Optimizer initialized.
Utilities initialized.
Graph built!
Initialized
Error = :9.40e-01; Runtime: 0.3s; Iterations = 0, grads =   1.742e-03, unitary_metric = 1.00000
Error = :7.45e-01; Runtime: 3.7s; Iterations = 20, grads =   9.113e-03, unitary_metric = 1.00000
Error = :4.56e-01; Runtime: 6.4s; Iterations = 40, grads =   1.419e-02, unitary_metric = 1.00000
Error = :1.03e-01; Runtime: 9.2s; Iterations = 60, grads =   4.026e-03, unitary_metric = 0.99999
Error = :6.05e-03; Runtime: 12.0s; Iterations = 80, grads =   3.537e-03, unitary_metric = 1.00000
Error = :7.92e-04; Runtime: 13.3s; Iterations = 89, grads =   2.183e-03, unitary_metric = 0.99999
data saved at: /project/ftchong/qoc/pranav/00004_31_nah_slice_60.h5


trying total_time: 6.25 for unitary of size (16, 16)
data saved at: /project/ftchong/qoc/pranav/00005_31_nah_slice_60.h5
Using 7 Taylor terms and 2 Scaling & Squaring terms
Building graph:
Propagators initialized.
Operators weight initialized.
Intermediate propagation variables initialized.
Intermediate propagators initialized.
Vectors initialized.
Training loss initialized.
Optimizer initialized.
Utilities initialized.
Graph built!
Initialized
Error = :9.55e-01; Runtime: 0.3s; Iterations = 0, grads =   9.166e-03, unitary_metric = 1.00000
Error = :8.23e-01; Runtime: 3.1s; Iterations = 20, grads =   6.625e-03, unitary_metric = 1.00000
Error = :6.75e-01; Runtime: 5.4s; Iterations = 40, grads =   4.513e-03, unitary_metric = 1.00000
Error = :4.34e-01; Runtime: 7.7s; Iterations = 60, grads =   4.705e-03, unitary_metric = 1.00000
Error = :1.74e-01; Runtime: 10.0s; Iterations = 80, grads =   4.860e-03, unitary_metric = 0.99999
Error = :3.47e-02; Runtime: 12.3s; Iterations = 100, grads =   1.078e-03, unitary_metric = 0.99999
Error = :6.06e-03; Runtime: 14.9s; Iterations = 120, grads =   3.030e-04, unitary_metric = 0.99999
Error = :1.49e-03; Runtime: 17.2s; Iterations = 140, grads =   3.712e-03, unitary_metric = 1.00000
Error = :9.68e-04; Runtime: 17.8s; Iterations = 145, grads =   1.868e-03, unitary_metric = 1.00000
data saved at: /project/ftchong/qoc/pranav/00005_31_nah_slice_60.h5


trying total_time: 5.6 for unitary of size (16, 16)
data saved at: /project/ftchong/qoc/pranav/00006_31_nah_slice_60.h5
Using 7 Taylor terms and 2 Scaling & Squaring terms
Building graph:
Propagators initialized.
Operators weight initialized.
Intermediate propagation variables initialized.
Intermediate propagators initialized.
Vectors initialized.
Training loss initialized.
Optimizer initialized.
Utilities initialized.
Graph built!
Initialized
Error = :9.40e-01; Runtime: 0.3s; Iterations = 0, grads =   1.145e-03, unitary_metric = 1.00000
Error = :7.78e-01; Runtime: 2.8s; Iterations = 20, grads =   6.346e-03, unitary_metric = 1.00000
Error = :5.08e-01; Runtime: 4.9s; Iterations = 40, grads =   6.587e-03, unitary_metric = 0.99999
Error = :2.16e-01; Runtime: 7.0s; Iterations = 60, grads =   3.442e-03, unitary_metric = 1.00000
Error = :6.91e-02; Runtime: 9.1s; Iterations = 80, grads =   9.677e-04, unitary_metric = 0.99999
Error = :2.44e-02; Runtime: 11.2s; Iterations = 100, grads =   2.279e-03, unitary_metric = 1.00000
Error = :1.03e-02; Runtime: 13.5s; Iterations = 120, grads =   1.043e-04, unitary_metric = 0.99999
Error = :5.21e-03; Runtime: 15.6s; Iterations = 140, grads =   7.207e-04, unitary_metric = 0.99999
Error = :3.10e-03; Runtime: 17.7s; Iterations = 160, grads =   2.831e-03, unitary_metric = 0.99999
Error = :2.44e-03; Runtime: 19.8s; Iterations = 180, grads =   7.050e-03, unitary_metric = 0.99999
Error = :1.23e-03; Runtime: 21.9s; Iterations = 200, grads =   1.448e-03, unitary_metric = 0.99999
Error = :9.97e-04; Runtime: 22.5s; Iterations = 204, grads =   1.918e-04, unitary_metric = 0.99999
data saved at: /project/ftchong/qoc/pranav/00006_31_nah_slice_60.h5


trying total_time: 5.3 for unitary of size (16, 16)
data saved at: /project/ftchong/qoc/pranav/00007_31_nah_slice_60.h5
Using 7 Taylor terms and 2 Scaling & Squaring terms
Building graph:
Propagators initialized.
Operators weight initialized.
Intermediate propagation variables initialized.
Intermediate propagators initialized.
Vectors initialized.
Training loss initialized.
Optimizer initialized.
Utilities initialized.
Graph built!
Initialized
Error = :9.47e-01; Runtime: 0.2s; Iterations = 0, grads =   5.564e-03, unitary_metric = 1.00000
Error = :8.44e-01; Runtime: 2.6s; Iterations = 20, grads =   2.167e-03, unitary_metric = 1.00000
Error = :6.88e-01; Runtime: 4.6s; Iterations = 40, grads =   2.326e-03, unitary_metric = 1.00000
Error = :5.28e-01; Runtime: 6.6s; Iterations = 60, grads =   1.876e-03, unitary_metric = 1.00000
Error = :2.84e-01; Runtime: 8.6s; Iterations = 80, grads =   4.747e-03, unitary_metric = 1.00000
Error = :9.95e-02; Runtime: 10.6s; Iterations = 100, grads =   1.244e-03, unitary_metric = 1.00000
Error = :4.12e-02; Runtime: 12.8s; Iterations = 120, grads =   3.656e-03, unitary_metric = 1.00000
Error = :2.06e-02; Runtime: 14.8s; Iterations = 140, grads =   9.274e-04, unitary_metric = 1.00000
Error = :1.21e-02; Runtime: 16.7s; Iterations = 160, grads =   3.427e-04, unitary_metric = 1.00000
Error = :8.08e-03; Runtime: 18.7s; Iterations = 180, grads =   2.130e-03, unitary_metric = 1.00000
Error = :5.54e-03; Runtime: 20.7s; Iterations = 200, grads =   2.694e-04, unitary_metric = 1.00000
Error = :4.05e-03; Runtime: 22.9s; Iterations = 220, grads =   1.031e-04, unitary_metric = 1.00000
Error = :3.66e-03; Runtime: 24.9s; Iterations = 240, grads =   6.013e-03, unitary_metric = 1.00000
Error = :2.51e-03; Runtime: 26.9s; Iterations = 260, grads =   9.621e-04, unitary_metric = 1.00000
Error = :2.38e-03; Runtime: 28.9s; Iterations = 280, grads =   4.823e-03, unitary_metric = 1.00000
Error = :1.62e-03; Runtime: 30.8s; Iterations = 300, grads =   3.493e-05, unitary_metric = 0.99999
Error = :1.36e-03; Runtime: 33.0s; Iterations = 320, grads =   8.180e-05, unitary_metric = 0.99999
Error = :1.16e-03; Runtime: 35.0s; Iterations = 340, grads =   1.374e-05, unitary_metric = 0.99999
Error = :9.97e-04; Runtime: 37.0s; Iterations = 360, grads =   3.743e-06, unitary_metric = 0.99999
data saved at: /project/ftchong/qoc/pranav/00007_31_nah_slice_60.h5


trying total_time: 40.0 for unitary of size (16, 16)
data saved at: /project/ftchong/qoc/pranav/00008_31_nah_slice_60.h5
Using 5 Taylor terms and 4 Scaling & Squaring terms
Building graph:
Propagators initialized.
Operators weight initialized.
Intermediate propagation variables initialized.
Intermediate propagators initialized.
Vectors initialized.
Training loss initialized.
Optimizer initialized.
Utilities initialized.
Graph built!
Initialized
Error = :8.75e-02; Runtime: 1.6s; Iterations = 0, grads =   6.415e+00, unitary_metric = 1.00029
Error = :1.00e+00; Runtime: 20.0s; Iterations = 20, grads =   1.246e-06, unitary_metric = 1.00026
Error = :4.94e-01; Runtime: 35.6s; Iterations = 40, grads =   1.639e+01, unitary_metric = 1.00022
Error = :2.47e-02; Runtime: 51.3s; Iterations = 60, grads =   7.321e-01, unitary_metric = 1.00023
Error = :1.03e-02; Runtime: 66.9s; Iterations = 80, grads =   8.032e-01, unitary_metric = 1.00023
Error = :8.72e-04; Runtime: 75.5s; Iterations = 91, grads =   5.650e-02, unitary_metric = 1.00024
data saved at: /project/ftchong/qoc/pranav/00008_31_nah_slice_60.h5


trying total_time: 20.0 for unitary of size (16, 16)
data saved at: /project/ftchong/qoc/pranav/00009_31_nah_slice_60.h5
Using 7 Taylor terms and 2 Scaling & Squaring terms
Building graph:
Propagators initialized.
Operators weight initialized.
Intermediate propagation variables initialized.
Intermediate propagators initialized.
Vectors initialized.
Training loss initialized.
Optimizer initialized.
Utilities initialized.
Graph built!
Initialized
Error = :1.82e-01; Runtime: 0.8s; Iterations = 0, grads =   6.150e+00, unitary_metric = 1.00001
Error = :1.26e-01; Runtime: 9.9s; Iterations = 20, grads =   4.449e+00, unitary_metric = 1.00001
Error = :2.73e-02; Runtime: 17.5s; Iterations = 40, grads =   1.154e+00, unitary_metric = 1.00001
Error = :1.39e-03; Runtime: 25.2s; Iterations = 60, grads =   5.314e-02, unitary_metric = 1.00001
Error = :6.89e-04; Runtime: 28.3s; Iterations = 68, grads =   2.635e-02, unitary_metric = 1.00001
data saved at: /project/ftchong/qoc/pranav/00009_31_nah_slice_60.h5


trying total_time: 10.0 for unitary of size (16, 16)
data saved at: /project/ftchong/qoc/pranav/00010_31_nah_slice_60.h5
Using 7 Taylor terms and 2 Scaling & Squaring terms
Building graph:
Propagators initialized.
Operators weight initialized.
Intermediate propagation variables initialized.
Intermediate propagators initialized.
Vectors initialized.
Training loss initialized.
Optimizer initialized.
Utilities initialized.
Graph built!
Initialized
Error = :2.35e-01; Runtime: 0.4s; Iterations = 0, grads =   3.525e+00, unitary_metric = 1.00000
Error = :5.70e-03; Runtime: 4.9s; Iterations = 20, grads =   1.135e-01, unitary_metric = 1.00000
Error = :1.55e-03; Runtime: 8.6s; Iterations = 40, grads =   3.334e-02, unitary_metric = 1.00000
Error = :9.68e-04; Runtime: 9.2s; Iterations = 43, grads =   2.124e-02, unitary_metric = 1.00000
data saved at: /project/ftchong/qoc/pranav/00010_31_nah_slice_60.h5


trying total_time: 5.0 for unitary of size (16, 16)
data saved at: /project/ftchong/qoc/pranav/00011_31_nah_slice_60.h5
Using 7 Taylor terms and 2 Scaling & Squaring terms
Building graph:
Propagators initialized.
Operators weight initialized.
Intermediate propagation variables initialized.
Intermediate propagators initialized.
Vectors initialized.
Training loss initialized.
Optimizer initialized.
Utilities initialized.
Graph built!
Initialized
Error = :2.78e-02; Runtime: 0.3s; Iterations = 0, grads =   2.367e-01, unitary_metric = 1.00000
Error = :9.32e-04; Runtime: 1.7s; Iterations = 11, grads =   1.077e-03, unitary_metric = 1.00000
data saved at: /project/ftchong/qoc/pranav/00011_31_nah_slice_60.h5


trying total_time: 2.5 for unitary of size (16, 16)
data saved at: /project/ftchong/qoc/pranav/00012_31_nah_slice_60.h5
Using 8 Taylor terms and 1 Scaling & Squaring terms
Building graph:
Propagators initialized.
Operators weight initialized.
Intermediate propagation variables initialized.
Intermediate propagators initialized.
Vectors initialized.
Training loss initialized.
Optimizer initialized.
Utilities initialized.
Graph built!
Initialized
Error = :1.24e-01; Runtime: 0.1s; Iterations = 0, grads =   5.327e-01, unitary_metric = 1.00000
Error = :2.72e-03; Runtime: 1.4s; Iterations = 20, grads =   1.300e-02, unitary_metric = 1.00000
Error = :7.91e-04; Runtime: 1.7s; Iterations = 26, grads =   3.533e-03, unitary_metric = 1.00000
data saved at: /project/ftchong/qoc/pranav/00012_31_nah_slice_60.h5


trying total_time: 1.25 for unitary of size (16, 16)
data saved at: /project/ftchong/qoc/pranav/00013_31_nah_slice_60.h5
Using 6 Taylor terms and 2 Scaling & Squaring terms
Building graph:
Propagators initialized.
Operators weight initialized.
Intermediate propagation variables initialized.
Intermediate propagators initialized.
Vectors initialized.
Training loss initialized.
Optimizer initialized.
Utilities initialized.
Graph built!
Initialized
Error = :4.32e-02; Runtime: 0.1s; Iterations = 0, grads =   1.001e-01, unitary_metric = 1.00000
Error = :9.23e-04; Runtime: 0.8s; Iterations = 20, grads =   2.053e-03, unitary_metric = 1.00000
data saved at: /project/ftchong/qoc/pranav/00013_31_nah_slice_60.h5


trying total_time: 0.6 for unitary of size (16, 16)
data saved at: /project/ftchong/qoc/pranav/00014_31_nah_slice_60.h5
Using 6 Taylor terms and 2 Scaling & Squaring terms
Building graph:
Propagators initialized.
Operators weight initialized.
Intermediate propagation variables initialized.
Intermediate propagators initialized.
Vectors initialized.
Training loss initialized.
Optimizer initialized.
Utilities initialized.
Graph built!
Initialized
Error = :2.02e-01; Runtime: 0.1s; Iterations = 0, grads =   1.842e-01, unitary_metric = 1.00000
Error = :9.25e-03; Runtime: 0.5s; Iterations = 20, grads =   1.123e-02, unitary_metric = 1.00000
Error = :9.82e-04; Runtime: 0.7s; Iterations = 37, grads =   1.141e-03, unitary_metric = 1.00000
data saved at: /project/ftchong/qoc/pranav/00014_31_nah_slice_60.h5


trying total_time: 0.3 for unitary of size (16, 16)
data saved at: /project/ftchong/qoc/pranav/00015_31_nah_slice_60.h5
Using 7 Taylor terms and 1 Scaling & Squaring terms
Building graph:
Propagators initialized.
Operators weight initialized.
Intermediate propagation variables initialized.
Intermediate propagators initialized.
Vectors initialized.
Training loss initialized.
Optimizer initialized.
Utilities initialized.
Graph built!
Initialized
Error = :4.56e-02; Runtime: 0.1s; Iterations = 0, grads =   2.303e-02, unitary_metric = 1.00000
Error = :2.30e-03; Runtime: 0.3s; Iterations = 20, grads =   1.197e-03, unitary_metric = 1.00000
Error = :9.56e-04; Runtime: 0.4s; Iterations = 28, grads =   4.972e-04, unitary_metric = 1.00000
data saved at: /project/ftchong/qoc/pranav/00015_31_nah_slice_60.h5




[5.3, 0.3]
TIME FOR SLICE IS:
5.3
