Running Block:  231


trying total_time: 10.0 for unitary of size (4, 4)
data saved at: /project/ftchong/qoc/pranav/00000_31_lih_slice_231.h5
Using 6 Taylor terms and 1 Scaling & Squaring terms
Building graph:
Propagators initialized.
Operators weight initialized.
Intermediate propagation variables initialized.
Intermediate propagators initialized.
Vectors initialized.
Training loss initialized.
Optimizer initialized.
Utilities initialized.
Graph built!
Initialized
Error = :2.24e-02; Runtime: 0.3s; Iterations = 0, grads =   4.256e-01, unitary_metric = 1.00000
Error = :5.58e-04; Runtime: 1.5s; Iterations = 11, grads =   3.521e-03, unitary_metric = 1.00000
data saved at: /project/ftchong/qoc/pranav/00000_31_lih_slice_231.h5


trying total_time: 5.0 for unitary of size (4, 4)
data saved at: /project/ftchong/qoc/pranav/00001_31_lih_slice_231.h5
Using 6 Taylor terms and 1 Scaling & Squaring terms
Building graph:
Propagators initialized.
Operators weight initialized.
Intermediate propagation variables initialized.
Intermediate propagators initialized.
Vectors initialized.
Training loss initialized.
Optimizer initialized.
Utilities initialized.
Graph built!
Initialized
Error = :2.28e-01; Runtime: 0.1s; Iterations = 0, grads =   1.837e+00, unitary_metric = 1.00000
Error = :1.21e-02; Runtime: 1.1s; Iterations = 20, grads =   1.313e-01, unitary_metric = 1.00000
Error = :6.43e-04; Runtime: 1.1s; Iterations = 22, grads =   6.634e-03, unitary_metric = 1.00000
data saved at: /project/ftchong/qoc/pranav/00001_31_lih_slice_231.h5


trying total_time: 2.5 for unitary of size (4, 4)
data saved at: /project/ftchong/qoc/pranav/00002_31_lih_slice_231.h5
Using 6 Taylor terms and 1 Scaling & Squaring terms
Building graph:
Propagators initialized.
Operators weight initialized.
Intermediate propagation variables initialized.
Intermediate propagators initialized.
Vectors initialized.
Training loss initialized.
Optimizer initialized.
Utilities initialized.
Graph built!
Initialized
Error = :1.82e-01; Runtime: 0.1s; Iterations = 0, grads =   7.828e-01, unitary_metric = 1.00000
Error = :1.08e-02; Runtime: 0.6s; Iterations = 20, grads =   5.771e-02, unitary_metric = 1.00000
Error = :5.02e-04; Runtime: 0.7s; Iterations = 24, grads =   2.417e-03, unitary_metric = 1.00000
data saved at: /project/ftchong/qoc/pranav/00002_31_lih_slice_231.h5


trying total_time: 1.25 for unitary of size (4, 4)
data saved at: /project/ftchong/qoc/pranav/00003_31_lih_slice_231.h5
Using 6 Taylor terms and 1 Scaling & Squaring terms
Building graph:
Propagators initialized.
Operators weight initialized.
Intermediate propagation variables initialized.
Intermediate propagators initialized.
Vectors initialized.
Training loss initialized.
Optimizer initialized.
Utilities initialized.
Graph built!
Initialized
Error = :1.66e-03; Runtime: 0.1s; Iterations = 0, grads =   5.460e-04, unitary_metric = 1.00000
Error = :8.31e-04; Runtime: 0.2s; Iterations = 2, grads =   1.032e-03, unitary_metric = 1.00000
data saved at: /project/ftchong/qoc/pranav/00003_31_lih_slice_231.h5


trying total_time: 0.6 for unitary of size (4, 4)
data saved at: /project/ftchong/qoc/pranav/00004_31_lih_slice_231.h5
Using 7 Taylor terms and 0 Scaling & Squaring terms
Building graph:
Propagators initialized.
Operators weight initialized.
Intermediate propagation variables initialized.
Intermediate propagators initialized.
Vectors initialized.
Training loss initialized.
Optimizer initialized.
Utilities initialized.
Graph built!
Initialized
Error = :9.57e-02; Runtime: 0.0s; Iterations = 0, grads =   1.008e-01, unitary_metric = 1.00000
Error = :5.46e-03; Runtime: 0.2s; Iterations = 20, grads =   6.415e-03, unitary_metric = 1.00000
Error = :9.44e-04; Runtime: 0.3s; Iterations = 28, grads =   1.145e-03, unitary_metric = 1.00000
data saved at: /project/ftchong/qoc/pranav/00004_31_lih_slice_231.h5


trying total_time: 0.3 for unitary of size (4, 4)
data saved at: /project/ftchong/qoc/pranav/00005_31_lih_slice_231.h5
Using 5 Taylor terms and 1 Scaling & Squaring terms
Building graph:
Propagators initialized.
Operators weight initialized.
Intermediate propagation variables initialized.
Intermediate propagators initialized.
Vectors initialized.
Training loss initialized.
Optimizer initialized.
Utilities initialized.
Graph built!
Initialized
Error = :8.48e-02; Runtime: 0.0s; Iterations = 0, grads =   3.738e-02, unitary_metric = 1.00000
Error = :4.00e-03; Runtime: 0.2s; Iterations = 20, grads =   1.932e-03, unitary_metric = 1.00000
Error = :7.55e-04; Runtime: 0.2s; Iterations = 25, grads =   3.658e-04, unitary_metric = 1.00000
data saved at: /project/ftchong/qoc/pranav/00005_31_lih_slice_231.h5


trying total_time: 40.0 for unitary of size (16, 16)
data saved at: /project/ftchong/qoc/pranav/00006_31_lih_slice_231.h5
Using 5 Taylor terms and 4 Scaling & Squaring terms
Building graph:
Propagators initialized.
Operators weight initialized.
Intermediate propagation variables initialized.
Intermediate propagators initialized.
Vectors initialized.
Training loss initialized.
Optimizer initialized.
Utilities initialized.
Graph built!
Initialized
Error = :7.61e-01; Runtime: 1.3s; Iterations = 0, grads =   2.639e-01, unitary_metric = 1.00027
Error = :6.27e-01; Runtime: 18.6s; Iterations = 20, grads =   3.414e+00, unitary_metric = 1.00035
Error = :8.40e-02; Runtime: 33.4s; Iterations = 40, grads =   1.671e+00, unitary_metric = 1.00030
Error = :5.85e-03; Runtime: 48.2s; Iterations = 60, grads =   1.395e-01, unitary_metric = 1.00029
Error = :8.57e-04; Runtime: 60.7s; Iterations = 77, grads =   1.250e-02, unitary_metric = 1.00030
data saved at: /project/ftchong/qoc/pranav/00006_31_lih_slice_231.h5


trying total_time: 20.0 for unitary of size (16, 16)
data saved at: /project/ftchong/qoc/pranav/00007_31_lih_slice_231.h5
Using 7 Taylor terms and 2 Scaling & Squaring terms
Building graph:
Propagators initialized.
Operators weight initialized.
Intermediate propagation variables initialized.
Intermediate propagators initialized.
Vectors initialized.
Training loss initialized.
Optimizer initialized.
Utilities initialized.
Graph built!
Initialized
Error = :7.52e-01; Runtime: 0.6s; Iterations = 0, grads =   1.037e-01, unitary_metric = 1.00002
Error = :5.00e-01; Runtime: 9.0s; Iterations = 20, grads =   3.353e-02, unitary_metric = 1.00001
Error = :5.49e-02; Runtime: 16.3s; Iterations = 40, grads =   8.269e-02, unitary_metric = 1.00001
Error = :1.25e-02; Runtime: 23.5s; Iterations = 60, grads =   4.013e-02, unitary_metric = 1.00000
Error = :1.03e-03; Runtime: 30.8s; Iterations = 80, grads =   3.158e-03, unitary_metric = 1.00000
Error = :9.32e-04; Runtime: 31.2s; Iterations = 81, grads =   4.301e-03, unitary_metric = 1.00001
data saved at: /project/ftchong/qoc/pranav/00007_31_lih_slice_231.h5


trying total_time: 10.0 for unitary of size (16, 16)
data saved at: /project/ftchong/qoc/pranav/00008_31_lih_slice_231.h5
Using 7 Taylor terms and 2 Scaling & Squaring terms
Building graph:
Propagators initialized.
Operators weight initialized.
Intermediate propagation variables initialized.
Intermediate propagators initialized.
Vectors initialized.
Training loss initialized.
Optimizer initialized.
Utilities initialized.
Graph built!
Initialized
Error = :7.78e-01; Runtime: 0.3s; Iterations = 0, grads =   1.380e-01, unitary_metric = 1.00000
Error = :5.09e-01; Runtime: 4.6s; Iterations = 20, grads =   6.264e-02, unitary_metric = 1.00000
Error = :7.98e-02; Runtime: 8.1s; Iterations = 40, grads =   2.272e-02, unitary_metric = 1.00000
Error = :5.59e-03; Runtime: 11.7s; Iterations = 60, grads =   1.970e-03, unitary_metric = 0.99999
Error = :8.52e-04; Runtime: 12.7s; Iterations = 66, grads =   1.670e-03, unitary_metric = 0.99999
data saved at: /project/ftchong/qoc/pranav/00008_31_lih_slice_231.h5


trying total_time: 5.0 for unitary of size (16, 16)
data saved at: /project/ftchong/qoc/pranav/00009_31_lih_slice_231.h5
Using 7 Taylor terms and 2 Scaling & Squaring terms
Building graph:
Propagators initialized.
Operators weight initialized.
Intermediate propagation variables initialized.
Intermediate propagators initialized.
Vectors initialized.
Training loss initialized.
Optimizer initialized.
Utilities initialized.
Graph built!
Initialized
Error = :7.60e-01; Runtime: 0.2s; Iterations = 0, grads =   4.722e-02, unitary_metric = 1.00000
Error = :5.11e-01; Runtime: 2.3s; Iterations = 20, grads =   9.196e-03, unitary_metric = 1.00000
Error = :3.96e-01; Runtime: 4.0s; Iterations = 40, grads =   6.531e-03, unitary_metric = 1.00000
Error = :8.75e-02; Runtime: 5.8s; Iterations = 60, grads =   2.225e-03, unitary_metric = 0.99999
Error = :4.99e-03; Runtime: 7.6s; Iterations = 80, grads =   1.464e-04, unitary_metric = 0.99999
Error = :9.74e-04; Runtime: 8.3s; Iterations = 88, grads =   8.839e-05, unitary_metric = 0.99999
data saved at: /project/ftchong/qoc/pranav/00009_31_lih_slice_231.h5


trying total_time: 2.5 for unitary of size (16, 16)
data saved at: /project/ftchong/qoc/pranav/00010_31_lih_slice_231.h5
Using 8 Taylor terms and 1 Scaling & Squaring terms
Building graph:
Propagators initialized.
Operators weight initialized.
Intermediate propagation variables initialized.
Intermediate propagators initialized.
Vectors initialized.
Training loss initialized.
Optimizer initialized.
Utilities initialized.
Graph built!
Initialized
Error = :7.70e-01; Runtime: 0.1s; Iterations = 0, grads =   3.092e-02, unitary_metric = 1.00000
Error = :5.96e-01; Runtime: 1.2s; Iterations = 20, grads =   5.927e-03, unitary_metric = 1.00000
Error = :5.17e-01; Runtime: 2.1s; Iterations = 40, grads =   1.096e-03, unitary_metric = 1.00000
Error = :4.86e-01; Runtime: 3.0s; Iterations = 60, grads =   3.588e-04, unitary_metric = 1.00000
Error = :4.07e-01; Runtime: 3.9s; Iterations = 80, grads =   1.629e-03, unitary_metric = 1.00000
Error = :2.63e-01; Runtime: 4.8s; Iterations = 100, grads =   1.015e-03, unitary_metric = 1.00000
Error = :1.95e-01; Runtime: 5.8s; Iterations = 120, grads =   3.023e-04, unitary_metric = 1.00000
Error = :1.74e-01; Runtime: 6.7s; Iterations = 140, grads =   1.320e-04, unitary_metric = 1.00000
Error = :1.66e-01; Runtime: 7.6s; Iterations = 160, grads =   7.579e-05, unitary_metric = 1.00000
Error = :1.61e-01; Runtime: 8.5s; Iterations = 180, grads =   4.976e-05, unitary_metric = 1.00000
Error = :1.58e-01; Runtime: 9.4s; Iterations = 200, grads =   3.341e-05, unitary_metric = 1.00000
Error = :1.56e-01; Runtime: 10.4s; Iterations = 220, grads =   2.206e-05, unitary_metric = 1.00000
Error = :1.55e-01; Runtime: 11.3s; Iterations = 240, grads =   1.460e-05, unitary_metric = 1.00000
Error = :1.55e-01; Runtime: 12.2s; Iterations = 260, grads =   1.033e-05, unitary_metric = 1.00000
Error = :1.54e-01; Runtime: 13.1s; Iterations = 280, grads =   7.981e-06, unitary_metric = 1.00000
Error = :1.54e-01; Runtime: 14.0s; Iterations = 300, grads =   6.325e-06, unitary_metric = 1.00000
Error = :1.54e-01; Runtime: 15.0s; Iterations = 320, grads =   4.803e-06, unitary_metric = 1.00000
Error = :1.53e-01; Runtime: 15.9s; Iterations = 340, grads =   3.423e-06, unitary_metric = 1.00000
Error = :1.53e-01; Runtime: 16.8s; Iterations = 360, grads =   2.517e-06, unitary_metric = 1.00000
Error = :1.53e-01; Runtime: 17.7s; Iterations = 380, grads =   2.621e-06, unitary_metric = 1.00000
Error = :1.52e-01; Runtime: 18.6s; Iterations = 400, grads =   3.177e-06, unitary_metric = 1.00000
Error = :1.52e-01; Runtime: 19.6s; Iterations = 420, grads =   2.940e-06, unitary_metric = 1.00000
Error = :1.52e-01; Runtime: 20.5s; Iterations = 440, grads =   2.079e-06, unitary_metric = 1.00000
Error = :1.51e-01; Runtime: 21.3s; Iterations = 460, grads =   1.282e-06, unitary_metric = 1.00000
Error = :1.51e-01; Runtime: 22.2s; Iterations = 480, grads =   8.064e-07, unitary_metric = 1.00000
Error = :1.51e-01; Runtime: 23.1s; Iterations = 500, grads =   5.655e-07, unitary_metric = 1.00000
Error = :1.51e-01; Runtime: 24.1s; Iterations = 520, grads =   4.379e-07, unitary_metric = 1.00000
Error = :1.51e-01; Runtime: 25.0s; Iterations = 540, grads =   3.598e-07, unitary_metric = 1.00000
Error = :1.51e-01; Runtime: 25.9s; Iterations = 560, grads =   3.047e-07, unitary_metric = 1.00000
Error = :1.51e-01; Runtime: 26.8s; Iterations = 580, grads =   2.627e-07, unitary_metric = 1.00000
Error = :1.51e-01; Runtime: 27.7s; Iterations = 600, grads =   2.292e-07, unitary_metric = 1.00000
Error = :1.51e-01; Runtime: 28.7s; Iterations = 620, grads =   2.019e-07, unitary_metric = 1.00000
Error = :1.51e-01; Runtime: 29.6s; Iterations = 640, grads =   1.892e-07, unitary_metric = 1.00000
Error = :1.51e-01; Runtime: 30.5s; Iterations = 660, grads =   1.620e-07, unitary_metric = 1.00000
Error = :1.51e-01; Runtime: 31.4s; Iterations = 680, grads =   1.459e-07, unitary_metric = 1.00000
Error = :1.51e-01; Runtime: 32.3s; Iterations = 700, grads =   1.339e-07, unitary_metric = 1.00000
Error = :1.51e-01; Runtime: 33.3s; Iterations = 720, grads =   1.252e-07, unitary_metric = 1.00000
Error = :1.51e-01; Runtime: 34.2s; Iterations = 740, grads =   1.207e-07, unitary_metric = 1.00000
Error = :1.51e-01; Runtime: 35.0s; Iterations = 760, grads =   1.227e-07, unitary_metric = 1.00000
Error = :1.51e-01; Runtime: 35.9s; Iterations = 780, grads =   1.364e-07, unitary_metric = 1.00000
Error = :1.51e-01; Runtime: 36.8s; Iterations = 800, grads =   1.751e-07, unitary_metric = 1.00000
Error = :1.51e-01; Runtime: 37.8s; Iterations = 820, grads =   2.724e-07, unitary_metric = 1.00000
Error = :1.51e-01; Runtime: 38.7s; Iterations = 840, grads =   5.137e-07, unitary_metric = 1.00000
Error = :1.52e-01; Runtime: 39.6s; Iterations = 860, grads =   1.086e-06, unitary_metric = 1.00000
Error = :1.52e-01; Runtime: 40.5s; Iterations = 880, grads =   2.184e-06, unitary_metric = 1.00000
Error = :1.52e-01; Runtime: 41.4s; Iterations = 900, grads =   3.322e-06, unitary_metric = 1.00000
Error = :1.52e-01; Runtime: 42.4s; Iterations = 920, grads =   3.216e-06, unitary_metric = 1.00000
Error = :1.51e-01; Runtime: 43.3s; Iterations = 940, grads =   2.057e-06, unitary_metric = 1.00000
Error = :1.51e-01; Runtime: 44.2s; Iterations = 960, grads =   1.184e-06, unitary_metric = 1.00000
Error = :1.51e-01; Runtime: 45.1s; Iterations = 980, grads =   7.543e-07, unitary_metric = 1.00000
Error = :1.51e-01; Runtime: 45.9s; Iterations = 1000, grads =   5.470e-07, unitary_metric = 1.00000
Error = :1.51e-01; Runtime: 47.0s; Iterations = 1020, grads =   4.161e-07, unitary_metric = 1.00000
Error = :1.51e-01; Runtime: 47.8s; Iterations = 1040, grads =   3.232e-07, unitary_metric = 1.00000
Error = :1.51e-01; Runtime: 48.7s; Iterations = 1060, grads =   2.540e-07, unitary_metric = 1.00000
Error = :1.51e-01; Runtime: 49.6s; Iterations = 1080, grads =   2.013e-07, unitary_metric = 1.00000
Error = :1.51e-01; Runtime: 50.5s; Iterations = 1100, grads =   1.606e-07, unitary_metric = 1.00000
Error = :1.51e-01; Runtime: 51.5s; Iterations = 1120, grads =   1.289e-07, unitary_metric = 1.00000
Error = :1.51e-01; Runtime: 52.4s; Iterations = 1140, grads =   1.041e-07, unitary_metric = 1.00000
Error = :1.51e-01; Runtime: 53.3s; Iterations = 1160, grads =   8.462e-08, unitary_metric = 1.00000
Error = :1.51e-01; Runtime: 54.2s; Iterations = 1180, grads =   6.938e-08, unitary_metric = 1.00000
Error = :1.51e-01; Runtime: 55.1s; Iterations = 1200, grads =   5.755e-08, unitary_metric = 1.00000
Error = :1.51e-01; Runtime: 56.1s; Iterations = 1220, grads =   8.001e-08, unitary_metric = 1.00000
Error = :1.51e-01; Runtime: 57.1s; Iterations = 1240, grads =   4.507e-08, unitary_metric = 1.00000
Error = :1.51e-01; Runtime: 58.0s; Iterations = 1260, grads =   3.499e-08, unitary_metric = 1.00000
Error = :1.51e-01; Runtime: 58.9s; Iterations = 1280, grads =   3.031e-08, unitary_metric = 1.00000
Error = :1.51e-01; Runtime: 59.8s; Iterations = 1300, grads =   2.659e-08, unitary_metric = 1.00000
Error = :1.51e-01; Runtime: 60.8s; Iterations = 1320, grads =   2.367e-08, unitary_metric = 1.00000
Error = :1.51e-01; Runtime: 61.7s; Iterations = 1340, grads =   2.134e-08, unitary_metric = 1.00000
Error = :1.51e-01; Runtime: 62.6s; Iterations = 1360, grads =   1.947e-08, unitary_metric = 1.00000
Error = :1.51e-01; Runtime: 63.4s; Iterations = 1380, grads =   1.790e-08, unitary_metric = 1.00000
Error = :1.51e-01; Runtime: 64.3s; Iterations = 1400, grads =   1.666e-08, unitary_metric = 1.00000
Error = :1.51e-01; Runtime: 65.3s; Iterations = 1420, grads =   1.559e-08, unitary_metric = 1.00000
Error = :1.51e-01; Runtime: 66.2s; Iterations = 1440, grads =   3.812e-08, unitary_metric = 1.00000
Error = :1.51e-01; Runtime: 67.1s; Iterations = 1460, grads =   3.823e-08, unitary_metric = 1.00000
Error = :1.51e-01; Runtime: 68.0s; Iterations = 1480, grads =   2.859e-05, unitary_metric = 1.00000
Error = :1.51e-01; Runtime: 68.9s; Iterations = 1500, grads =   5.160e-06, unitary_metric = 1.00000
Error = :1.51e-01; Runtime: 69.9s; Iterations = 1520, grads =   9.314e-08, unitary_metric = 1.00000
Error = :1.51e-01; Runtime: 70.8s; Iterations = 1540, grads =   8.529e-08, unitary_metric = 1.00000
Error = :1.51e-01; Runtime: 71.7s; Iterations = 1560, grads =   1.031e-07, unitary_metric = 1.00000
Error = :1.51e-01; Runtime: 72.6s; Iterations = 1580, grads =   1.268e-08, unitary_metric = 1.00000
Error = :1.51e-01; Runtime: 73.5s; Iterations = 1600, grads =   1.235e-08, unitary_metric = 1.00000
Error = :1.51e-01; Runtime: 74.5s; Iterations = 1620, grads =   1.260e-08, unitary_metric = 1.00000
Error = :1.51e-01; Runtime: 75.4s; Iterations = 1640, grads =   3.114e-07, unitary_metric = 1.00000
Error = :1.51e-01; Runtime: 76.3s; Iterations = 1660, grads =   1.272e-04, unitary_metric = 1.00000
Error = :1.51e-01; Runtime: 77.2s; Iterations = 1680, grads =   1.258e-05, unitary_metric = 1.00000
Error = :1.51e-01; Runtime: 78.1s; Iterations = 1700, grads =   1.613e-07, unitary_metric = 1.00000
Error = :1.51e-01; Runtime: 79.1s; Iterations = 1720, grads =   2.466e-07, unitary_metric = 1.00000
Error = :1.51e-01; Runtime: 80.0s; Iterations = 1740, grads =   7.333e-08, unitary_metric = 1.00000
Error = :1.51e-01; Runtime: 80.8s; Iterations = 1760, grads =   1.228e-05, unitary_metric = 1.00000
Error = :1.51e-01; Runtime: 81.7s; Iterations = 1780, grads =   3.365e-05, unitary_metric = 1.00000
Error = :1.51e-01; Runtime: 82.6s; Iterations = 1800, grads =   4.309e-07, unitary_metric = 1.00000
Error = :1.51e-01; Runtime: 83.6s; Iterations = 1820, grads =   6.227e-07, unitary_metric = 1.00000
Error = :1.51e-01; Runtime: 84.5s; Iterations = 1840, grads =   4.608e-08, unitary_metric = 1.00000
Error = :1.51e-01; Runtime: 85.4s; Iterations = 1860, grads =   1.264e-08, unitary_metric = 1.00000
Error = :1.51e-01; Runtime: 86.3s; Iterations = 1880, grads =   4.461e-07, unitary_metric = 1.00000
Error = :1.51e-01; Runtime: 87.2s; Iterations = 1900, grads =   1.005e-04, unitary_metric = 1.00000
Error = :1.51e-01; Runtime: 88.2s; Iterations = 1920, grads =   2.247e-07, unitary_metric = 1.00000
Error = :1.51e-01; Runtime: 89.1s; Iterations = 1940, grads =   1.467e-06, unitary_metric = 1.00000
Error = :1.51e-01; Runtime: 90.0s; Iterations = 1960, grads =   4.607e-08, unitary_metric = 1.00000
Error = :1.51e-01; Runtime: 90.9s; Iterations = 1980, grads =   7.464e-09, unitary_metric = 1.00000
Error = :1.51e-01; Runtime: 91.7s; Iterations = 2000, grads =   1.430e-07, unitary_metric = 1.00000
Error = :1.51e-01; Runtime: 92.8s; Iterations = 2020, grads =   9.408e-05, unitary_metric = 1.00000
Error = :1.51e-01; Runtime: 93.7s; Iterations = 2040, grads =   1.600e-05, unitary_metric = 1.00000
Error = :1.51e-01; Runtime: 94.6s; Iterations = 2060, grads =   7.292e-08, unitary_metric = 1.00000
Error = :1.51e-01; Runtime: 95.5s; Iterations = 2080, grads =   2.634e-07, unitary_metric = 1.00000
Error = :1.51e-01; Runtime: 96.4s; Iterations = 2100, grads =   1.651e-08, unitary_metric = 1.00000
Error = :1.51e-01; Runtime: 97.3s; Iterations = 2120, grads =   5.222e-09, unitary_metric = 1.00000
Error = :1.51e-01; Runtime: 98.2s; Iterations = 2140, grads =   5.208e-08, unitary_metric = 1.00000
Error = :1.51e-01; Runtime: 99.1s; Iterations = 2160, grads =   3.251e-05, unitary_metric = 1.00000
Error = :1.51e-01; Runtime: 100.0s; Iterations = 2180, grads =   1.546e-07, unitary_metric = 1.00000
Error = :1.51e-01; Runtime: 100.9s; Iterations = 2200, grads =   2.452e-06, unitary_metric = 1.00000
Error = :1.51e-01; Runtime: 101.9s; Iterations = 2220, grads =   4.397e-08, unitary_metric = 1.00000
Error = :1.51e-01; Runtime: 102.8s; Iterations = 2240, grads =   9.876e-09, unitary_metric = 1.00000
Error = :1.51e-01; Runtime: 103.7s; Iterations = 2260, grads =   1.459e-08, unitary_metric = 1.00000
Error = :1.51e-01; Runtime: 104.6s; Iterations = 2280, grads =   1.519e-06, unitary_metric = 1.00000
Error = :1.51e-01; Runtime: 105.5s; Iterations = 2300, grads =   6.237e-06, unitary_metric = 1.00000
Error = :1.51e-01; Runtime: 106.5s; Iterations = 2320, grads =   2.472e-07, unitary_metric = 1.00000
Error = :1.51e-01; Runtime: 107.4s; Iterations = 2340, grads =   3.951e-07, unitary_metric = 1.00000
Error = :1.51e-01; Runtime: 108.3s; Iterations = 2360, grads =   7.326e-08, unitary_metric = 1.00000
Error = :1.51e-01; Runtime: 109.2s; Iterations = 2380, grads =   8.097e-09, unitary_metric = 1.00000
Error = :1.51e-01; Runtime: 110.1s; Iterations = 2400, grads =   2.239e-08, unitary_metric = 1.00000
Error = :1.51e-01; Runtime: 111.1s; Iterations = 2420, grads =   3.809e-06, unitary_metric = 1.00000
Error = :1.51e-01; Runtime: 112.0s; Iterations = 2440, grads =   3.380e-06, unitary_metric = 1.00000
Error = :1.51e-01; Runtime: 112.9s; Iterations = 2460, grads =   7.562e-07, unitary_metric = 1.00000
Error = :1.51e-01; Runtime: 113.8s; Iterations = 2480, grads =   9.388e-08, unitary_metric = 1.00000
Error = :1.51e-01; Runtime: 114.7s; Iterations = 2500, grads =   3.645e-09, unitary_metric = 1.00000
Error = :1.51e-01; Runtime: 115.6s; Iterations = 2520, grads =   5.657e-08, unitary_metric = 1.00000
Error = :1.51e-01; Runtime: 116.5s; Iterations = 2540, grads =   2.719e-05, unitary_metric = 1.00000
Error = :1.51e-01; Runtime: 117.4s; Iterations = 2560, grads =   4.448e-08, unitary_metric = 1.00000
Error = :1.51e-01; Runtime: 118.3s; Iterations = 2580, grads =   1.417e-06, unitary_metric = 1.00000
Error = :1.51e-01; Runtime: 119.2s; Iterations = 2600, grads =   2.017e-07, unitary_metric = 1.00000
Error = :1.51e-01; Runtime: 120.2s; Iterations = 2620, grads =   2.833e-08, unitary_metric = 1.00000
Error = :1.51e-01; Runtime: 121.1s; Iterations = 2640, grads =   1.692e-06, unitary_metric = 1.00000
Error = :1.51e-01; Runtime: 122.0s; Iterations = 2660, grads =   2.438e-06, unitary_metric = 1.00000
Error = :1.51e-01; Runtime: 122.9s; Iterations = 2680, grads =   1.440e-07, unitary_metric = 1.00000
Error = :1.51e-01; Runtime: 123.8s; Iterations = 2700, grads =   1.281e-08, unitary_metric = 1.00000
Error = :1.51e-01; Runtime: 124.8s; Iterations = 2720, grads =   1.928e-08, unitary_metric = 1.00000
Error = :1.51e-01; Runtime: 125.7s; Iterations = 2740, grads =   7.698e-09, unitary_metric = 1.00000
Error = :1.51e-01; Runtime: 126.6s; Iterations = 2760, grads =   9.558e-09, unitary_metric = 1.00000
Error = :1.51e-01; Runtime: 127.5s; Iterations = 2780, grads =   8.302e-08, unitary_metric = 1.00000
Error = :1.51e-01; Runtime: 128.4s; Iterations = 2800, grads =   8.301e-06, unitary_metric = 1.00000
Error = :1.51e-01; Runtime: 129.4s; Iterations = 2820, grads =   7.152e-06, unitary_metric = 1.00000
Error = :1.51e-01; Runtime: 130.3s; Iterations = 2840, grads =   9.566e-08, unitary_metric = 1.00000
Error = :1.51e-01; Runtime: 131.2s; Iterations = 2860, grads =   1.055e-07, unitary_metric = 1.00000
Error = :1.51e-01; Runtime: 132.1s; Iterations = 2880, grads =   3.662e-06, unitary_metric = 1.00000
Error = :1.51e-01; Runtime: 133.0s; Iterations = 2900, grads =   1.158e-05, unitary_metric = 1.00000
Error = :1.51e-01; Runtime: 134.0s; Iterations = 2920, grads =   2.323e-06, unitary_metric = 1.00000
Error = :1.51e-01; Runtime: 134.9s; Iterations = 2940, grads =   1.943e-07, unitary_metric = 1.00000
Error = :1.51e-01; Runtime: 135.8s; Iterations = 2960, grads =   2.059e-08, unitary_metric = 1.00000
Error = :1.51e-01; Runtime: 136.7s; Iterations = 2980, grads =   1.701e-08, unitary_metric = 1.00000
Error = :1.51e-01; Runtime: 137.6s; Iterations = 3000, grads =   2.876e-06, unitary_metric = 1.00000
Error = :1.51e-01; Runtime: 138.6s; Iterations = 3020, grads =   8.437e-06, unitary_metric = 1.00000
Error = :1.51e-01; Runtime: 139.5s; Iterations = 3040, grads =   2.289e-06, unitary_metric = 1.00000
Error = :1.51e-01; Runtime: 140.4s; Iterations = 3060, grads =   2.106e-07, unitary_metric = 1.00000
Error = :1.51e-01; Runtime: 141.3s; Iterations = 3080, grads =   1.692e-08, unitary_metric = 1.00000
Error = :1.51e-01; Runtime: 142.2s; Iterations = 3100, grads =   5.317e-09, unitary_metric = 1.00000
Error = :1.51e-01; Runtime: 143.2s; Iterations = 3120, grads =   3.786e-09, unitary_metric = 1.00000
Error = :1.51e-01; Runtime: 144.1s; Iterations = 3140, grads =   1.760e-07, unitary_metric = 1.00000
Error = :1.51e-01; Runtime: 145.0s; Iterations = 3160, grads =   4.045e-05, unitary_metric = 1.00000
Error = :1.51e-01; Runtime: 145.9s; Iterations = 3180, grads =   4.515e-06, unitary_metric = 1.00000
Error = :1.51e-01; Runtime: 146.8s; Iterations = 3200, grads =   5.943e-07, unitary_metric = 1.00000
Error = :1.51e-01; Runtime: 147.8s; Iterations = 3220, grads =   6.064e-08, unitary_metric = 1.00000
Error = :1.51e-01; Runtime: 148.7s; Iterations = 3240, grads =   1.529e-08, unitary_metric = 1.00000
Error = :1.51e-01; Runtime: 149.6s; Iterations = 3260, grads =   4.027e-07, unitary_metric = 1.00000
Error = :1.51e-01; Runtime: 150.5s; Iterations = 3280, grads =   2.725e-05, unitary_metric = 1.00000
Error = :1.51e-01; Runtime: 151.4s; Iterations = 3300, grads =   2.352e-06, unitary_metric = 1.00000
Error = :1.51e-01; Runtime: 152.4s; Iterations = 3320, grads =   1.994e-07, unitary_metric = 1.00000
Error = :1.51e-01; Runtime: 153.3s; Iterations = 3340, grads =   1.570e-09, unitary_metric = 1.00000
Error = :1.51e-01; Runtime: 154.2s; Iterations = 3360, grads =   8.657e-09, unitary_metric = 1.00000
Error = :1.51e-01; Runtime: 155.1s; Iterations = 3380, grads =   2.102e-09, unitary_metric = 1.00000
Error = :1.51e-01; Runtime: 155.9s; Iterations = 3400, grads =   6.705e-08, unitary_metric = 1.00000
Error = :1.51e-01; Runtime: 157.0s; Iterations = 3420, grads =   1.345e-05, unitary_metric = 1.00000
Error = :1.51e-01; Runtime: 158.0s; Iterations = 3440, grads =   2.692e-06, unitary_metric = 1.00000
Error = :1.51e-01; Runtime: 158.9s; Iterations = 3460, grads =   3.633e-07, unitary_metric = 1.00000
Error = :1.51e-01; Runtime: 159.8s; Iterations = 3480, grads =   1.430e-07, unitary_metric = 1.00000
Error = :1.51e-01; Runtime: 160.7s; Iterations = 3500, grads =   1.401e-05, unitary_metric = 1.00000
Error = :1.51e-01; Runtime: 161.7s; Iterations = 3520, grads =   1.988e-06, unitary_metric = 1.00000
Error = :1.51e-01; Runtime: 162.6s; Iterations = 3540, grads =   2.785e-07, unitary_metric = 1.00000
Error = :1.51e-01; Runtime: 163.5s; Iterations = 3560, grads =   6.546e-08, unitary_metric = 1.00000
Error = :1.51e-01; Runtime: 164.4s; Iterations = 3580, grads =   1.273e-08, unitary_metric = 1.00000
Error = :1.51e-01; Runtime: 165.3s; Iterations = 3600, grads =   9.156e-09, unitary_metric = 1.00000
Error = :1.51e-01; Runtime: 166.3s; Iterations = 3620, grads =   3.766e-08, unitary_metric = 1.00000
Error = :1.51e-01; Runtime: 167.2s; Iterations = 3640, grads =   1.953e-06, unitary_metric = 1.00000
Error = :1.51e-01; Runtime: 168.1s; Iterations = 3660, grads =   2.658e-06, unitary_metric = 1.00000
Error = :1.51e-01; Runtime: 169.0s; Iterations = 3680, grads =   2.127e-06, unitary_metric = 1.00000
Error = :1.51e-01; Runtime: 169.9s; Iterations = 3700, grads =   1.515e-08, unitary_metric = 1.00000
Error = :1.51e-01; Runtime: 171.0s; Iterations = 3720, grads =   1.244e-07, unitary_metric = 1.00000
Error = :1.51e-01; Runtime: 171.9s; Iterations = 3740, grads =   1.660e-05, unitary_metric = 1.00000
Error = :1.51e-01; Runtime: 172.8s; Iterations = 3760, grads =   1.189e-07, unitary_metric = 1.00000
Error = :1.51e-01; Runtime: 173.7s; Iterations = 3780, grads =   3.459e-08, unitary_metric = 1.00000
Error = :1.51e-01; Runtime: 174.6s; Iterations = 3800, grads =   2.588e-08, unitary_metric = 1.00000
Error = :1.51e-01; Runtime: 175.6s; Iterations = 3820, grads =   4.453e-08, unitary_metric = 1.00000
Error = :1.51e-01; Runtime: 176.4s; Iterations = 3840, grads =   8.193e-06, unitary_metric = 1.00000
Error = :1.51e-01; Runtime: 177.3s; Iterations = 3860, grads =   3.482e-06, unitary_metric = 1.00000
Error = :1.51e-01; Runtime: 178.2s; Iterations = 3880, grads =   3.819e-07, unitary_metric = 1.00000
Error = :1.51e-01; Runtime: 179.1s; Iterations = 3900, grads =   6.257e-08, unitary_metric = 1.00000
Error = :1.51e-01; Runtime: 180.1s; Iterations = 3920, grads =   1.113e-08, unitary_metric = 1.00000
Error = :1.51e-01; Runtime: 181.0s; Iterations = 3940, grads =   1.523e-09, unitary_metric = 1.00000
Error = :1.51e-01; Runtime: 181.9s; Iterations = 3960, grads =   4.046e-09, unitary_metric = 1.00000
Error = :1.51e-01; Runtime: 182.8s; Iterations = 3980, grads =   1.204e-07, unitary_metric = 1.00000
Error = :1.51e-01; Runtime: 183.7s; Iterations = 4000, grads =   2.248e-05, unitary_metric = 1.00000
Error = :1.51e-01; Runtime: 184.7s; Iterations = 4020, grads =   2.373e-06, unitary_metric = 1.00000
Error = :1.51e-01; Runtime: 185.6s; Iterations = 4040, grads =   3.574e-07, unitary_metric = 1.00000
Error = :1.51e-01; Runtime: 186.5s; Iterations = 4060, grads =   7.631e-08, unitary_metric = 1.00000
Error = :1.51e-01; Runtime: 187.4s; Iterations = 4080, grads =   2.320e-06, unitary_metric = 1.00000
Error = :1.51e-01; Runtime: 188.3s; Iterations = 4100, grads =   1.974e-06, unitary_metric = 1.00000
Error = :1.51e-01; Runtime: 189.3s; Iterations = 4120, grads =   1.501e-08, unitary_metric = 1.00000
Error = :1.51e-01; Runtime: 190.2s; Iterations = 4140, grads =   2.958e-08, unitary_metric = 1.00000
Error = :1.51e-01; Runtime: 191.1s; Iterations = 4160, grads =   1.194e-08, unitary_metric = 1.00000
Error = :1.51e-01; Runtime: 192.0s; Iterations = 4180, grads =   2.732e-09, unitary_metric = 1.00000
Error = :1.51e-01; Runtime: 192.9s; Iterations = 4200, grads =   1.291e-07, unitary_metric = 1.00000
Error = :1.51e-01; Runtime: 193.8s; Iterations = 4220, grads =   4.367e-06, unitary_metric = 1.00000
Error = :1.51e-01; Runtime: 194.7s; Iterations = 4240, grads =   4.673e-07, unitary_metric = 1.00000
Error = :1.51e-01; Runtime: 195.6s; Iterations = 4260, grads =   4.346e-08, unitary_metric = 1.00000
Error = :1.51e-01; Runtime: 196.5s; Iterations = 4280, grads =   7.360e-09, unitary_metric = 1.00000
Error = :1.51e-01; Runtime: 197.4s; Iterations = 4300, grads =   1.511e-07, unitary_metric = 1.00000
Error = :1.51e-01; Runtime: 198.4s; Iterations = 4320, grads =   1.708e-05, unitary_metric = 1.00000
Error = :1.51e-01; Runtime: 199.3s; Iterations = 4340, grads =   2.891e-06, unitary_metric = 1.00000
Error = :1.51e-01; Runtime: 200.2s; Iterations = 4360, grads =   8.926e-07, unitary_metric = 1.00000
Error = :1.51e-01; Runtime: 201.1s; Iterations = 4380, grads =   4.060e-08, unitary_metric = 1.00000
Error = :1.51e-01; Runtime: 202.0s; Iterations = 4400, grads =   1.644e-08, unitary_metric = 1.00000
Error = :1.51e-01; Runtime: 203.1s; Iterations = 4420, grads =   2.469e-09, unitary_metric = 1.00000
Error = :1.51e-01; Runtime: 204.0s; Iterations = 4440, grads =   8.047e-09, unitary_metric = 1.00000
Error = :1.51e-01; Runtime: 204.8s; Iterations = 4460, grads =   5.072e-07, unitary_metric = 1.00000
Error = :1.51e-01; Runtime: 205.8s; Iterations = 4480, grads =   1.552e-09, unitary_metric = 1.00000
Error = :1.51e-01; Runtime: 206.7s; Iterations = 4500, grads =   1.521e-07, unitary_metric = 1.00000
Error = :1.51e-01; Runtime: 207.7s; Iterations = 4520, grads =   9.233e-07, unitary_metric = 1.00000
Error = :1.51e-01; Runtime: 208.5s; Iterations = 4540, grads =   6.084e-08, unitary_metric = 1.00000
Error = :1.51e-01; Runtime: 209.4s; Iterations = 4560, grads =   1.835e-06, unitary_metric = 1.00000
Error = :1.51e-01; Runtime: 210.3s; Iterations = 4580, grads =   1.883e-07, unitary_metric = 1.00000
Error = :1.51e-01; Runtime: 211.2s; Iterations = 4600, grads =   3.445e-07, unitary_metric = 1.00000
Error = :1.51e-01; Runtime: 212.2s; Iterations = 4620, grads =   3.199e-09, unitary_metric = 1.00000
Error = :1.51e-01; Runtime: 213.1s; Iterations = 4640, grads =   5.622e-09, unitary_metric = 1.00000
Error = :1.51e-01; Runtime: 214.0s; Iterations = 4660, grads =   1.664e-07, unitary_metric = 1.00000
Error = :1.51e-01; Runtime: 214.9s; Iterations = 4680, grads =   1.991e-06, unitary_metric = 1.00000
Error = :1.51e-01; Runtime: 215.8s; Iterations = 4700, grads =   2.677e-07, unitary_metric = 1.00000
Error = :1.51e-01; Runtime: 216.8s; Iterations = 4720, grads =   2.417e-08, unitary_metric = 1.00000
Error = :1.51e-01; Runtime: 217.7s; Iterations = 4740, grads =   2.371e-06, unitary_metric = 1.00000
Error = :1.51e-01; Runtime: 218.6s; Iterations = 4760, grads =   2.584e-06, unitary_metric = 1.00000
Error = :1.51e-01; Runtime: 219.5s; Iterations = 4780, grads =   2.134e-06, unitary_metric = 1.00000
Error = :1.51e-01; Runtime: 220.4s; Iterations = 4800, grads =   8.047e-07, unitary_metric = 1.00000
Error = :1.51e-01; Runtime: 221.4s; Iterations = 4820, grads =   6.316e-08, unitary_metric = 1.00000
Error = :1.51e-01; Runtime: 222.3s; Iterations = 4840, grads =   5.786e-09, unitary_metric = 1.00000
Error = :1.51e-01; Runtime: 223.2s; Iterations = 4860, grads =   9.926e-08, unitary_metric = 1.00000
Error = :1.51e-01; Runtime: 224.1s; Iterations = 4880, grads =   2.788e-06, unitary_metric = 1.00000
Error = :1.51e-01; Runtime: 225.0s; Iterations = 4900, grads =   2.227e-07, unitary_metric = 1.00000
Error = :1.51e-01; Runtime: 226.0s; Iterations = 4920, grads =   4.077e-09, unitary_metric = 1.00000
Error = :1.51e-01; Runtime: 226.9s; Iterations = 4940, grads =   3.713e-07, unitary_metric = 1.00000
Error = :1.51e-01; Runtime: 227.8s; Iterations = 4960, grads =   2.172e-06, unitary_metric = 1.00000
Error = :1.51e-01; Runtime: 228.7s; Iterations = 4980, grads =   6.012e-07, unitary_metric = 1.00000
Error = :1.51e-01; Runtime: 229.6s; Iterations = 5000, grads =   6.083e-08, unitary_metric = 1.00000
Error = :1.51e-01; Runtime: 230.6s; Iterations = 5020, grads =   1.881e-09, unitary_metric = 1.00000
Error = :1.51e-01; Runtime: 231.5s; Iterations = 5040, grads =   3.574e-08, unitary_metric = 1.00000
Error = :1.51e-01; Runtime: 232.4s; Iterations = 5060, grads =   4.377e-06, unitary_metric = 1.00000
Error = :1.51e-01; Runtime: 233.3s; Iterations = 5080, grads =   1.498e-06, unitary_metric = 1.00000
Error = :1.51e-01; Runtime: 234.2s; Iterations = 5100, grads =   1.951e-07, unitary_metric = 1.00000
Error = :1.51e-01; Runtime: 235.2s; Iterations = 5120, grads =   1.757e-08, unitary_metric = 1.00000
Error = :1.51e-01; Runtime: 236.1s; Iterations = 5140, grads =   1.597e-08, unitary_metric = 1.00000
Error = :1.51e-01; Runtime: 237.0s; Iterations = 5160, grads =   1.253e-07, unitary_metric = 1.00000
Error = :1.51e-01; Runtime: 237.9s; Iterations = 5180, grads =   7.369e-06, unitary_metric = 1.00000
Error = :1.51e-01; Runtime: 238.8s; Iterations = 5200, grads =   5.916e-07, unitary_metric = 1.00000
Error = :1.51e-01; Runtime: 239.8s; Iterations = 5220, grads =   3.810e-08, unitary_metric = 1.00000
Error = :1.51e-01; Runtime: 240.7s; Iterations = 5240, grads =   7.762e-10, unitary_metric = 1.00000
Error = :1.51e-01; Runtime: 241.6s; Iterations = 5260, grads =   2.822e-09, unitary_metric = 1.00000
Error = :1.51e-01; Runtime: 242.4s; Iterations = 5280, grads =   4.952e-09, unitary_metric = 1.00000
Error = :1.51e-01; Runtime: 243.3s; Iterations = 5300, grads =   3.012e-06, unitary_metric = 1.00000
Error = :1.51e-01; Runtime: 244.3s; Iterations = 5320, grads =   1.689e-06, unitary_metric = 1.00000
Error = :1.51e-01; Runtime: 245.2s; Iterations = 5340, grads =   9.356e-07, unitary_metric = 1.00000
Error = :1.51e-01; Runtime: 246.1s; Iterations = 5360, grads =   5.791e-08, unitary_metric = 1.00000
Error = :1.51e-01; Runtime: 247.0s; Iterations = 5380, grads =   4.180e-08, unitary_metric = 1.00000
Error = :1.51e-01; Runtime: 247.9s; Iterations = 5400, grads =   2.991e-06, unitary_metric = 1.00000
Error = :1.51e-01; Runtime: 248.9s; Iterations = 5420, grads =   1.041e-06, unitary_metric = 1.00000
Error = :1.51e-01; Runtime: 249.8s; Iterations = 5440, grads =   3.703e-08, unitary_metric = 1.00000
Error = :1.51e-01; Runtime: 250.7s; Iterations = 5460, grads =   1.356e-08, unitary_metric = 1.00000
Error = :1.51e-01; Runtime: 251.6s; Iterations = 5480, grads =   5.579e-10, unitary_metric = 1.00000
Error = :1.51e-01; Runtime: 252.5s; Iterations = 5500, grads =   1.074e-09, unitary_metric = 1.00000
Error = :1.51e-01; Runtime: 253.5s; Iterations = 5520, grads =   1.858e-08, unitary_metric = 1.00000
Error = :1.51e-01; Runtime: 254.4s; Iterations = 5540, grads =   2.841e-06, unitary_metric = 1.00000
Error = :1.51e-01; Runtime: 255.3s; Iterations = 5560, grads =   5.738e-08, unitary_metric = 1.00000
Error = :1.51e-01; Runtime: 256.2s; Iterations = 5580, grads =   1.170e-07, unitary_metric = 1.00000
Error = :1.51e-01; Runtime: 257.1s; Iterations = 5600, grads =   4.577e-06, unitary_metric = 1.00000
Error = :1.51e-01; Runtime: 258.1s; Iterations = 5620, grads =   9.184e-08, unitary_metric = 1.00000
Error = :1.51e-01; Runtime: 259.0s; Iterations = 5640, grads =   4.651e-06, unitary_metric = 1.00000
Error = :1.51e-01; Runtime: 259.8s; Iterations = 5660, grads =   5.358e-08, unitary_metric = 1.00000
Error = :1.51e-01; Runtime: 260.7s; Iterations = 5680, grads =   8.511e-08, unitary_metric = 1.00000
Error = :1.51e-01; Runtime: 261.6s; Iterations = 5700, grads =   5.525e-09, unitary_metric = 1.00000
Error = :1.51e-01; Runtime: 262.6s; Iterations = 5720, grads =   2.644e-09, unitary_metric = 1.00000
Error = :1.51e-01; Runtime: 263.5s; Iterations = 5740, grads =   1.038e-09, unitary_metric = 1.00000
Error = :1.51e-01; Runtime: 264.4s; Iterations = 5760, grads =   4.253e-09, unitary_metric = 1.00000
Error = :1.51e-01; Runtime: 265.3s; Iterations = 5780, grads =   2.637e-07, unitary_metric = 1.00000
Error = :1.51e-01; Runtime: 266.2s; Iterations = 5800, grads =   3.914e-06, unitary_metric = 1.00000
Error = :1.51e-01; Runtime: 267.2s; Iterations = 5820, grads =   4.052e-08, unitary_metric = 1.00000
Error = :1.51e-01; Runtime: 268.1s; Iterations = 5840, grads =   3.738e-08, unitary_metric = 1.00000
Error = :1.51e-01; Runtime: 269.0s; Iterations = 5860, grads =   3.184e-08, unitary_metric = 1.00000
Error = :1.51e-01; Runtime: 269.9s; Iterations = 5880, grads =   9.304e-06, unitary_metric = 1.00000
Error = :1.51e-01; Runtime: 270.8s; Iterations = 5900, grads =   6.765e-08, unitary_metric = 1.00000
Error = :1.51e-01; Runtime: 271.8s; Iterations = 5920, grads =   1.264e-07, unitary_metric = 1.00000
Error = :1.51e-01; Runtime: 272.7s; Iterations = 5940, grads =   1.125e-09, unitary_metric = 1.00000
Error = :1.51e-01; Runtime: 273.6s; Iterations = 5960, grads =   1.595e-08, unitary_metric = 1.00000
Error = :1.51e-01; Runtime: 274.5s; Iterations = 5980, grads =   5.001e-07, unitary_metric = 1.00000
Error = :1.51e-01; Runtime: 275.4s; Iterations = 6000, grads =   1.730e-08, unitary_metric = 1.00000
data saved at: /project/ftchong/qoc/pranav/00010_31_lih_slice_231.h5


trying total_time: 3.75 for unitary of size (16, 16)
data saved at: /project/ftchong/qoc/pranav/00011_31_lih_slice_231.h5
Using 7 Taylor terms and 2 Scaling & Squaring terms
Building graph:
Propagators initialized.
Operators weight initialized.
Intermediate propagation variables initialized.
Intermediate propagators initialized.
Vectors initialized.
Training loss initialized.
Optimizer initialized.
Utilities initialized.
Graph built!
Initialized
Error = :7.99e-01; Runtime: 0.2s; Iterations = 0, grads =   8.254e-02, unitary_metric = 1.00000
Error = :5.54e-01; Runtime: 1.8s; Iterations = 20, grads =   1.783e-02, unitary_metric = 1.00000
Error = :4.77e-01; Runtime: 3.1s; Iterations = 40, grads =   4.714e-03, unitary_metric = 1.00000
Error = :3.06e-01; Runtime: 4.4s; Iterations = 60, grads =   4.468e-03, unitary_metric = 0.99999
Error = :8.79e-02; Runtime: 5.7s; Iterations = 80, grads =   8.637e-04, unitary_metric = 0.99999
Error = :2.97e-02; Runtime: 7.0s; Iterations = 100, grads =   1.722e-04, unitary_metric = 0.99999
Error = :1.48e-02; Runtime: 8.5s; Iterations = 120, grads =   4.669e-05, unitary_metric = 0.99999
Error = :9.83e-03; Runtime: 9.8s; Iterations = 140, grads =   2.191e-05, unitary_metric = 0.99999
Error = :7.46e-03; Runtime: 11.1s; Iterations = 160, grads =   1.281e-05, unitary_metric = 0.99999
Error = :6.08e-03; Runtime: 12.4s; Iterations = 180, grads =   8.337e-06, unitary_metric = 0.99999
Error = :5.17e-03; Runtime: 13.7s; Iterations = 200, grads =   5.836e-06, unitary_metric = 0.99999
Error = :4.53e-03; Runtime: 15.3s; Iterations = 220, grads =   4.327e-06, unitary_metric = 0.99999
Error = :4.06e-03; Runtime: 16.6s; Iterations = 240, grads =   3.335e-06, unitary_metric = 0.99999
Error = :3.70e-03; Runtime: 17.9s; Iterations = 260, grads =   2.650e-06, unitary_metric = 0.99999
Error = :3.42e-03; Runtime: 19.3s; Iterations = 280, grads =   2.157e-06, unitary_metric = 0.99999
Error = :3.19e-03; Runtime: 20.6s; Iterations = 300, grads =   1.791e-06, unitary_metric = 0.99999
Error = :3.00e-03; Runtime: 22.0s; Iterations = 320, grads =   1.519e-06, unitary_metric = 0.99999
Error = :2.85e-03; Runtime: 23.3s; Iterations = 340, grads =   1.301e-06, unitary_metric = 0.99999
Error = :2.72e-03; Runtime: 24.7s; Iterations = 360, grads =   1.121e-06, unitary_metric = 0.99999
Error = :2.61e-03; Runtime: 26.0s; Iterations = 380, grads =   9.813e-07, unitary_metric = 0.99999
Error = :2.51e-03; Runtime: 27.3s; Iterations = 400, grads =   8.669e-07, unitary_metric = 0.99999
Error = :2.43e-03; Runtime: 28.8s; Iterations = 420, grads =   7.726e-07, unitary_metric = 0.99999
Error = :2.36e-03; Runtime: 30.1s; Iterations = 440, grads =   6.946e-07, unitary_metric = 0.99999
Error = :2.31e-03; Runtime: 31.4s; Iterations = 460, grads =   1.262e-06, unitary_metric = 0.99999
Error = :2.25e-03; Runtime: 32.7s; Iterations = 480, grads =   6.507e-07, unitary_metric = 0.99999
Error = :2.20e-03; Runtime: 34.0s; Iterations = 500, grads =   7.028e-07, unitary_metric = 0.99999
Error = :2.16e-03; Runtime: 35.5s; Iterations = 520, grads =   4.984e-07, unitary_metric = 0.99999
Error = :2.12e-03; Runtime: 36.8s; Iterations = 540, grads =   4.676e-07, unitary_metric = 0.99999
Error = :2.09e-03; Runtime: 38.1s; Iterations = 560, grads =   4.454e-07, unitary_metric = 0.99999
Error = :2.05e-03; Runtime: 39.4s; Iterations = 580, grads =   6.160e-07, unitary_metric = 0.99999
Error = :2.31e-03; Runtime: 40.7s; Iterations = 600, grads =   2.362e-03, unitary_metric = 0.99999
Error = :2.03e-03; Runtime: 42.2s; Iterations = 620, grads =   2.602e-04, unitary_metric = 0.99999
Error = :1.97e-03; Runtime: 43.5s; Iterations = 640, grads =   1.546e-05, unitary_metric = 0.99999
Error = :1.93e-03; Runtime: 44.8s; Iterations = 660, grads =   2.039e-06, unitary_metric = 0.99999
Error = :1.89e-03; Runtime: 46.2s; Iterations = 680, grads =   9.676e-07, unitary_metric = 0.99999
Error = :1.85e-03; Runtime: 47.5s; Iterations = 700, grads =   3.915e-07, unitary_metric = 0.99999
Error = :1.81e-03; Runtime: 48.9s; Iterations = 720, grads =   3.698e-07, unitary_metric = 0.99999
Error = :1.76e-03; Runtime: 50.3s; Iterations = 740, grads =   3.396e-07, unitary_metric = 0.99999
Error = :1.72e-03; Runtime: 51.6s; Iterations = 760, grads =   4.012e-07, unitary_metric = 0.99999
Error = :1.69e-03; Runtime: 52.9s; Iterations = 780, grads =   3.514e-07, unitary_metric = 0.99999
Error = :1.65e-03; Runtime: 54.2s; Iterations = 800, grads =   2.670e-07, unitary_metric = 0.99999
Error = :1.62e-03; Runtime: 55.7s; Iterations = 820, grads =   2.907e-07, unitary_metric = 0.99999
Error = :1.60e-03; Runtime: 57.0s; Iterations = 840, grads =   8.636e-06, unitary_metric = 0.99999
Error = :1.60e-03; Runtime: 58.3s; Iterations = 860, grads =   1.880e-04, unitary_metric = 0.99999
Error = :1.56e-03; Runtime: 59.6s; Iterations = 880, grads =   2.847e-05, unitary_metric = 0.99999
Error = :1.54e-03; Runtime: 60.9s; Iterations = 900, grads =   3.544e-06, unitary_metric = 0.99999
Error = :1.52e-03; Runtime: 62.4s; Iterations = 920, grads =   2.205e-07, unitary_metric = 0.99999
Error = :1.51e-03; Runtime: 63.7s; Iterations = 940, grads =   2.903e-07, unitary_metric = 0.99999
Error = :1.49e-03; Runtime: 65.0s; Iterations = 960, grads =   1.468e-07, unitary_metric = 0.99999
Error = :1.48e-03; Runtime: 66.4s; Iterations = 980, grads =   1.091e-07, unitary_metric = 0.99999
Error = :1.47e-03; Runtime: 67.7s; Iterations = 1000, grads =   1.007e-07, unitary_metric = 0.99999
Error = :1.45e-03; Runtime: 69.1s; Iterations = 1020, grads =   9.307e-08, unitary_metric = 0.99999
Error = :1.44e-03; Runtime: 70.4s; Iterations = 1040, grads =   8.919e-08, unitary_metric = 0.99999
Error = :1.43e-03; Runtime: 71.7s; Iterations = 1060, grads =   1.497e-05, unitary_metric = 0.99999
Error = :1.58e-03; Runtime: 73.0s; Iterations = 1080, grads =   9.556e-04, unitary_metric = 0.99999
Error = :1.44e-03; Runtime: 74.4s; Iterations = 1100, grads =   1.521e-04, unitary_metric = 0.99999
Error = :1.41e-03; Runtime: 75.8s; Iterations = 1120, grads =   3.279e-07, unitary_metric = 0.99999
Error = :1.40e-03; Runtime: 77.1s; Iterations = 1140, grads =   2.730e-06, unitary_metric = 0.99999
Error = :1.39e-03; Runtime: 78.5s; Iterations = 1160, grads =   2.180e-07, unitary_metric = 0.99999
Error = :1.38e-03; Runtime: 79.8s; Iterations = 1180, grads =   6.418e-08, unitary_metric = 0.99999
Error = :1.38e-03; Runtime: 81.1s; Iterations = 1200, grads =   1.405e-07, unitary_metric = 0.99999
Error = :1.37e-03; Runtime: 82.5s; Iterations = 1220, grads =   4.902e-08, unitary_metric = 0.99999
Error = :1.36e-03; Runtime: 83.9s; Iterations = 1240, grads =   4.729e-08, unitary_metric = 0.99999
Error = :1.36e-03; Runtime: 85.2s; Iterations = 1260, grads =   4.372e-08, unitary_metric = 0.99999
Error = :1.35e-03; Runtime: 86.5s; Iterations = 1280, grads =   5.659e-08, unitary_metric = 0.99999
Error = :1.35e-03; Runtime: 87.8s; Iterations = 1300, grads =   4.077e-08, unitary_metric = 0.99999
Error = :1.34e-03; Runtime: 89.2s; Iterations = 1320, grads =   3.795e-08, unitary_metric = 0.99999
Error = :1.34e-03; Runtime: 90.6s; Iterations = 1340, grads =   3.585e-08, unitary_metric = 0.99999
Error = :1.33e-03; Runtime: 91.9s; Iterations = 1360, grads =   5.452e-08, unitary_metric = 0.99999
Error = :1.33e-03; Runtime: 93.2s; Iterations = 1380, grads =   1.334e-05, unitary_metric = 0.99999
Error = :1.35e-03; Runtime: 94.5s; Iterations = 1400, grads =   1.605e-04, unitary_metric = 0.99999
Error = :1.32e-03; Runtime: 96.0s; Iterations = 1420, grads =   3.128e-05, unitary_metric = 0.99999
Error = :1.32e-03; Runtime: 97.3s; Iterations = 1440, grads =   4.739e-06, unitary_metric = 0.99999
Error = :1.31e-03; Runtime: 98.6s; Iterations = 1460, grads =   1.106e-06, unitary_metric = 0.99999
Error = :1.31e-03; Runtime: 99.9s; Iterations = 1480, grads =   1.303e-07, unitary_metric = 0.99999
Error = :1.30e-03; Runtime: 101.2s; Iterations = 1500, grads =   4.181e-08, unitary_metric = 0.99999
Error = :1.30e-03; Runtime: 102.7s; Iterations = 1520, grads =   2.345e-08, unitary_metric = 0.99999
Error = :1.30e-03; Runtime: 104.0s; Iterations = 1540, grads =   2.246e-08, unitary_metric = 0.99999
Error = :1.29e-03; Runtime: 105.3s; Iterations = 1560, grads =   2.126e-08, unitary_metric = 0.99999
Error = :1.29e-03; Runtime: 106.6s; Iterations = 1580, grads =   2.778e-08, unitary_metric = 0.99999
Error = :1.29e-03; Runtime: 107.9s; Iterations = 1600, grads =   2.343e-08, unitary_metric = 0.99999
Error = :1.29e-03; Runtime: 109.4s; Iterations = 1620, grads =   2.194e-08, unitary_metric = 0.99999
Error = :1.29e-03; Runtime: 110.7s; Iterations = 1640, grads =   3.231e-07, unitary_metric = 0.99999
Error = :1.30e-03; Runtime: 112.0s; Iterations = 1660, grads =   6.949e-05, unitary_metric = 0.99999
Error = :1.31e-03; Runtime: 113.3s; Iterations = 1680, grads =   2.255e-04, unitary_metric = 0.99999
Error = :1.30e-03; Runtime: 114.7s; Iterations = 1700, grads =   1.793e-04, unitary_metric = 0.99999
Error = :1.28e-03; Runtime: 116.1s; Iterations = 1720, grads =   2.454e-05, unitary_metric = 0.99999
Error = :1.27e-03; Runtime: 117.4s; Iterations = 1740, grads =   3.135e-06, unitary_metric = 0.99999
Error = :1.27e-03; Runtime: 118.7s; Iterations = 1760, grads =   4.212e-07, unitary_metric = 0.99999
Error = :1.27e-03; Runtime: 120.1s; Iterations = 1780, grads =   6.901e-08, unitary_metric = 0.99999
Error = :1.27e-03; Runtime: 121.4s; Iterations = 1800, grads =   2.581e-08, unitary_metric = 0.99999
Error = :1.27e-03; Runtime: 122.8s; Iterations = 1820, grads =   1.367e-08, unitary_metric = 0.99999
Error = :1.27e-03; Runtime: 124.1s; Iterations = 1840, grads =   1.279e-08, unitary_metric = 0.99999
Error = :1.27e-03; Runtime: 125.4s; Iterations = 1860, grads =   1.348e-08, unitary_metric = 0.99999
Error = :1.27e-03; Runtime: 126.8s; Iterations = 1880, grads =   1.244e-08, unitary_metric = 0.99999
Error = :1.27e-03; Runtime: 128.1s; Iterations = 1900, grads =   3.245e-08, unitary_metric = 0.99999
Error = :1.27e-03; Runtime: 129.6s; Iterations = 1920, grads =   9.717e-06, unitary_metric = 0.99999
Error = :1.28e-03; Runtime: 130.9s; Iterations = 1940, grads =   6.952e-05, unitary_metric = 0.99999
Error = :1.27e-03; Runtime: 132.2s; Iterations = 1960, grads =   1.625e-06, unitary_metric = 0.99999
Error = :1.27e-03; Runtime: 133.6s; Iterations = 1980, grads =   1.177e-06, unitary_metric = 0.99999
Error = :1.27e-03; Runtime: 134.9s; Iterations = 2000, grads =   2.517e-05, unitary_metric = 0.99999
Error = :1.28e-03; Runtime: 136.3s; Iterations = 2020, grads =   8.506e-05, unitary_metric = 0.99999
Error = :1.27e-03; Runtime: 137.6s; Iterations = 2040, grads =   2.002e-05, unitary_metric = 0.99999
Error = :1.27e-03; Runtime: 138.9s; Iterations = 2060, grads =   1.684e-06, unitary_metric = 0.99999
Error = :1.27e-03; Runtime: 140.3s; Iterations = 2080, grads =   1.927e-07, unitary_metric = 0.99999
Error = :1.28e-03; Runtime: 141.6s; Iterations = 2100, grads =   5.233e-08, unitary_metric = 0.99999
Error = :1.28e-03; Runtime: 143.0s; Iterations = 2120, grads =   1.235e-08, unitary_metric = 0.99999
Error = :1.28e-03; Runtime: 144.4s; Iterations = 2140, grads =   1.509e-07, unitary_metric = 0.99999
Error = :1.29e-03; Runtime: 145.7s; Iterations = 2160, grads =   3.354e-08, unitary_metric = 0.99999
Error = :1.29e-03; Runtime: 147.0s; Iterations = 2180, grads =   1.549e-06, unitary_metric = 0.99999
Error = :1.31e-03; Runtime: 148.3s; Iterations = 2200, grads =   8.104e-05, unitary_metric = 0.99999
Error = :1.30e-03; Runtime: 149.7s; Iterations = 2220, grads =   2.062e-06, unitary_metric = 0.99999
Error = :1.33e-03; Runtime: 151.1s; Iterations = 2240, grads =   1.840e-04, unitary_metric = 0.99999
Error = :1.32e-03; Runtime: 152.4s; Iterations = 2260, grads =   4.515e-07, unitary_metric = 0.99999
Error = :1.32e-03; Runtime: 153.7s; Iterations = 2280, grads =   5.015e-06, unitary_metric = 0.99999
Error = :1.33e-03; Runtime: 155.0s; Iterations = 2300, grads =   1.037e-06, unitary_metric = 0.99999
Error = :1.34e-03; Runtime: 156.5s; Iterations = 2320, grads =   1.472e-07, unitary_metric = 0.99999
Error = :1.35e-03; Runtime: 157.8s; Iterations = 2340, grads =   3.218e-08, unitary_metric = 0.99999
Error = :1.35e-03; Runtime: 159.1s; Iterations = 2360, grads =   2.965e-08, unitary_metric = 0.99999
Error = :1.36e-03; Runtime: 160.5s; Iterations = 2380, grads =   3.374e-08, unitary_metric = 0.99999
Error = :1.37e-03; Runtime: 161.8s; Iterations = 2400, grads =   3.934e-08, unitary_metric = 0.99999
Error = :1.37e-03; Runtime: 163.2s; Iterations = 2420, grads =   1.164e-07, unitary_metric = 0.99999
Error = :1.38e-03; Runtime: 164.6s; Iterations = 2440, grads =   3.096e-05, unitary_metric = 0.99999
Error = :1.37e-03; Runtime: 165.9s; Iterations = 2460, grads =   1.873e-05, unitary_metric = 0.99999
Error = :1.37e-03; Runtime: 167.2s; Iterations = 2480, grads =   6.692e-05, unitary_metric = 0.99999
Error = :1.36e-03; Runtime: 168.5s; Iterations = 2500, grads =   6.146e-05, unitary_metric = 0.99999
Error = :1.35e-03; Runtime: 170.0s; Iterations = 2520, grads =   4.508e-06, unitary_metric = 0.99999
Error = :1.34e-03; Runtime: 171.3s; Iterations = 2540, grads =   4.758e-07, unitary_metric = 0.99999
Error = :1.33e-03; Runtime: 172.6s; Iterations = 2560, grads =   1.645e-07, unitary_metric = 0.99999
Error = :1.32e-03; Runtime: 173.9s; Iterations = 2580, grads =   6.503e-08, unitary_metric = 0.99999
Error = :1.31e-03; Runtime: 175.2s; Iterations = 2600, grads =   4.714e-08, unitary_metric = 0.99999
Error = :1.30e-03; Runtime: 176.7s; Iterations = 2620, grads =   4.574e-08, unitary_metric = 0.99999
Error = :1.29e-03; Runtime: 178.0s; Iterations = 2640, grads =   4.542e-08, unitary_metric = 0.99999
Error = :1.28e-03; Runtime: 179.3s; Iterations = 2660, grads =   4.244e-08, unitary_metric = 0.99999
Error = :1.27e-03; Runtime: 180.7s; Iterations = 2680, grads =   7.652e-08, unitary_metric = 0.99999
Error = :1.27e-03; Runtime: 182.0s; Iterations = 2700, grads =   1.852e-05, unitary_metric = 0.99999
Error = :1.27e-03; Runtime: 183.6s; Iterations = 2720, grads =   1.319e-04, unitary_metric = 0.99999
Error = :1.25e-03; Runtime: 184.9s; Iterations = 2740, grads =   8.560e-06, unitary_metric = 0.99999
Error = :1.24e-03; Runtime: 186.3s; Iterations = 2760, grads =   7.423e-07, unitary_metric = 0.99999
Error = :1.23e-03; Runtime: 187.6s; Iterations = 2780, grads =   2.150e-07, unitary_metric = 0.99999
Error = :1.23e-03; Runtime: 188.9s; Iterations = 2800, grads =   3.419e-08, unitary_metric = 0.99999
Error = :1.22e-03; Runtime: 190.4s; Iterations = 2820, grads =   3.332e-08, unitary_metric = 0.99999
Error = :1.22e-03; Runtime: 191.7s; Iterations = 2840, grads =   2.734e-08, unitary_metric = 0.99999
Error = :1.21e-03; Runtime: 193.0s; Iterations = 2860, grads =   2.263e-08, unitary_metric = 0.99999
Error = :1.21e-03; Runtime: 194.3s; Iterations = 2880, grads =   2.133e-08, unitary_metric = 0.99999
Error = :1.20e-03; Runtime: 195.6s; Iterations = 2900, grads =   2.003e-08, unitary_metric = 0.99999
Error = :1.20e-03; Runtime: 197.1s; Iterations = 2920, grads =   2.559e-08, unitary_metric = 0.99999
Error = :1.20e-03; Runtime: 198.4s; Iterations = 2940, grads =   1.441e-07, unitary_metric = 0.99999
Error = :1.19e-03; Runtime: 199.7s; Iterations = 2960, grads =   1.710e-05, unitary_metric = 0.99999
Error = :1.19e-03; Runtime: 201.0s; Iterations = 2980, grads =   2.067e-05, unitary_metric = 0.99999
Error = :1.19e-03; Runtime: 202.4s; Iterations = 3000, grads =   1.043e-05, unitary_metric = 0.99999
Error = :1.18e-03; Runtime: 203.8s; Iterations = 3020, grads =   1.339e-06, unitary_metric = 0.99999
Error = :1.18e-03; Runtime: 205.1s; Iterations = 3040, grads =   2.346e-07, unitary_metric = 0.99999
Error = :1.18e-03; Runtime: 206.5s; Iterations = 3060, grads =   3.281e-08, unitary_metric = 0.99999
Error = :1.17e-03; Runtime: 207.8s; Iterations = 3080, grads =   2.484e-08, unitary_metric = 0.99999
Error = :1.17e-03; Runtime: 209.1s; Iterations = 3100, grads =   1.464e-08, unitary_metric = 0.99999
Error = :1.17e-03; Runtime: 210.6s; Iterations = 3120, grads =   3.477e-07, unitary_metric = 0.99999
Error = :1.18e-03; Runtime: 211.9s; Iterations = 3140, grads =   1.301e-04, unitary_metric = 0.99999
Error = :1.17e-03; Runtime: 213.2s; Iterations = 3160, grads =   3.372e-06, unitary_metric = 0.99999
Error = :1.16e-03; Runtime: 214.5s; Iterations = 3180, grads =   3.436e-06, unitary_metric = 0.99999
Error = :1.17e-03; Runtime: 215.8s; Iterations = 3200, grads =   3.476e-05, unitary_metric = 0.99999
Error = :1.17e-03; Runtime: 217.3s; Iterations = 3220, grads =   7.189e-05, unitary_metric = 0.99999
Error = :1.16e-03; Runtime: 218.6s; Iterations = 3240, grads =   7.716e-06, unitary_metric = 0.99999
Error = :1.16e-03; Runtime: 219.9s; Iterations = 3260, grads =   8.687e-07, unitary_metric = 0.99999
Error = :1.16e-03; Runtime: 221.2s; Iterations = 3280, grads =   3.896e-08, unitary_metric = 0.99999
Error = :1.16e-03; Runtime: 222.6s; Iterations = 3300, grads =   2.551e-08, unitary_metric = 0.99999
Error = :1.15e-03; Runtime: 224.0s; Iterations = 3320, grads =   1.192e-08, unitary_metric = 0.99999
Error = :1.15e-03; Runtime: 225.4s; Iterations = 3340, grads =   3.751e-08, unitary_metric = 0.99999
Error = :1.15e-03; Runtime: 226.7s; Iterations = 3360, grads =   9.193e-09, unitary_metric = 0.99999
Error = :1.15e-03; Runtime: 228.0s; Iterations = 3380, grads =   9.080e-09, unitary_metric = 0.99999
Error = :1.15e-03; Runtime: 229.3s; Iterations = 3400, grads =   6.141e-08, unitary_metric = 0.99999
Error = :1.15e-03; Runtime: 230.7s; Iterations = 3420, grads =   3.078e-05, unitary_metric = 0.99999
Error = :1.16e-03; Runtime: 232.1s; Iterations = 3440, grads =   6.771e-05, unitary_metric = 0.99999
Error = :1.15e-03; Runtime: 233.4s; Iterations = 3460, grads =   3.799e-07, unitary_metric = 0.99999
Error = :1.14e-03; Runtime: 234.7s; Iterations = 3480, grads =   8.831e-07, unitary_metric = 0.99999
Error = :1.14e-03; Runtime: 236.0s; Iterations = 3500, grads =   1.765e-07, unitary_metric = 0.99999
Error = :1.14e-03; Runtime: 237.5s; Iterations = 3520, grads =   6.156e-07, unitary_metric = 0.99999
Error = :1.16e-03; Runtime: 238.8s; Iterations = 3540, grads =   1.728e-04, unitary_metric = 0.99999
Error = :1.14e-03; Runtime: 240.1s; Iterations = 3560, grads =   1.891e-05, unitary_metric = 0.99999
Error = :1.14e-03; Runtime: 241.4s; Iterations = 3580, grads =   2.972e-07, unitary_metric = 0.99999
Error = :1.14e-03; Runtime: 242.7s; Iterations = 3600, grads =   4.980e-08, unitary_metric = 0.99999
Error = :1.14e-03; Runtime: 244.2s; Iterations = 3620, grads =   2.407e-08, unitary_metric = 0.99999
Error = :1.14e-03; Runtime: 245.5s; Iterations = 3640, grads =   5.813e-09, unitary_metric = 0.99999
Error = :1.14e-03; Runtime: 246.8s; Iterations = 3660, grads =   5.330e-09, unitary_metric = 0.99999
Error = :1.14e-03; Runtime: 248.2s; Iterations = 3680, grads =   9.573e-08, unitary_metric = 0.99999
Error = :1.14e-03; Runtime: 249.5s; Iterations = 3700, grads =   3.418e-06, unitary_metric = 0.99999
Error = :1.14e-03; Runtime: 250.9s; Iterations = 3720, grads =   6.393e-05, unitary_metric = 0.99999
Error = :1.14e-03; Runtime: 252.2s; Iterations = 3740, grads =   6.582e-06, unitary_metric = 0.99999
Error = :1.14e-03; Runtime: 253.6s; Iterations = 3760, grads =   2.096e-06, unitary_metric = 0.99999
Error = :1.14e-03; Runtime: 254.9s; Iterations = 3780, grads =   1.809e-07, unitary_metric = 0.99999
Error = :1.13e-03; Runtime: 256.2s; Iterations = 3800, grads =   7.331e-08, unitary_metric = 0.99999
Error = :1.14e-03; Runtime: 257.7s; Iterations = 3820, grads =   7.257e-06, unitary_metric = 0.99999
Error = :1.13e-03; Runtime: 259.0s; Iterations = 3840, grads =   1.649e-06, unitary_metric = 0.99999
Error = :1.13e-03; Runtime: 260.3s; Iterations = 3860, grads =   7.003e-07, unitary_metric = 0.99999
Error = :1.13e-03; Runtime: 261.6s; Iterations = 3880, grads =   2.851e-06, unitary_metric = 0.99999
Error = :1.13e-03; Runtime: 262.9s; Iterations = 3900, grads =   1.569e-06, unitary_metric = 0.99999
Error = :1.14e-03; Runtime: 264.4s; Iterations = 3920, grads =   2.299e-05, unitary_metric = 0.99999
Error = :1.14e-03; Runtime: 265.7s; Iterations = 3940, grads =   9.444e-05, unitary_metric = 0.99999
Error = :1.13e-03; Runtime: 267.0s; Iterations = 3960, grads =   4.510e-06, unitary_metric = 0.99999
Error = :1.13e-03; Runtime: 268.3s; Iterations = 3980, grads =   5.270e-07, unitary_metric = 0.99999
Error = :1.13e-03; Runtime: 269.6s; Iterations = 4000, grads =   1.961e-08, unitary_metric = 0.99999
Error = :1.13e-03; Runtime: 271.1s; Iterations = 4020, grads =   5.881e-08, unitary_metric = 0.99999
Error = :1.13e-03; Runtime: 272.4s; Iterations = 4040, grads =   1.067e-06, unitary_metric = 0.99999
Error = :1.14e-03; Runtime: 273.7s; Iterations = 4060, grads =   6.075e-05, unitary_metric = 0.99999
Error = :1.13e-03; Runtime: 275.1s; Iterations = 4080, grads =   2.470e-06, unitary_metric = 0.99999
Error = :1.13e-03; Runtime: 276.4s; Iterations = 4100, grads =   1.445e-05, unitary_metric = 0.99999
Error = :1.13e-03; Runtime: 277.8s; Iterations = 4120, grads =   1.330e-06, unitary_metric = 0.99999
Error = :1.13e-03; Runtime: 279.2s; Iterations = 4140, grads =   1.693e-07, unitary_metric = 0.99999
Error = :1.13e-03; Runtime: 280.5s; Iterations = 4160, grads =   4.214e-07, unitary_metric = 0.99999
Error = :1.14e-03; Runtime: 281.8s; Iterations = 4180, grads =   5.723e-05, unitary_metric = 0.99999
Error = :1.13e-03; Runtime: 283.1s; Iterations = 4200, grads =   8.361e-07, unitary_metric = 0.99999
Error = :1.13e-03; Runtime: 284.6s; Iterations = 4220, grads =   6.053e-07, unitary_metric = 0.99999
Error = :1.13e-03; Runtime: 285.8s; Iterations = 4240, grads =   3.661e-06, unitary_metric = 0.99999
Error = :1.13e-03; Runtime: 287.2s; Iterations = 4260, grads =   1.099e-05, unitary_metric = 0.99999
Error = :1.13e-03; Runtime: 288.5s; Iterations = 4280, grads =   5.795e-06, unitary_metric = 0.99999
Error = :1.13e-03; Runtime: 289.8s; Iterations = 4300, grads =   1.457e-06, unitary_metric = 0.99999
Error = :1.13e-03; Runtime: 291.2s; Iterations = 4320, grads =   1.511e-06, unitary_metric = 0.99999
Error = :1.13e-03; Runtime: 292.6s; Iterations = 4340, grads =   8.190e-06, unitary_metric = 0.99999
Error = :1.12e-03; Runtime: 293.9s; Iterations = 4360, grads =   3.705e-08, unitary_metric = 0.99999
Error = :1.12e-03; Runtime: 295.2s; Iterations = 4380, grads =   1.082e-06, unitary_metric = 0.99999
Error = :1.13e-03; Runtime: 296.5s; Iterations = 4400, grads =   4.238e-05, unitary_metric = 0.99999
Error = :1.12e-03; Runtime: 298.0s; Iterations = 4420, grads =   9.183e-07, unitary_metric = 0.99999
Error = :1.12e-03; Runtime: 299.3s; Iterations = 4440, grads =   1.076e-06, unitary_metric = 0.99999
Error = :1.13e-03; Runtime: 300.6s; Iterations = 4460, grads =   5.065e-05, unitary_metric = 0.99999
Error = :1.12e-03; Runtime: 302.0s; Iterations = 4480, grads =   5.296e-07, unitary_metric = 0.99999
Error = :1.13e-03; Runtime: 303.3s; Iterations = 4500, grads =   2.122e-05, unitary_metric = 0.99999
Error = :1.12e-03; Runtime: 304.8s; Iterations = 4520, grads =   5.958e-06, unitary_metric = 0.99999
Error = :1.12e-03; Runtime: 306.1s; Iterations = 4540, grads =   1.153e-06, unitary_metric = 0.99999
Error = :1.12e-03; Runtime: 307.4s; Iterations = 4560, grads =   2.596e-07, unitary_metric = 0.99999
Error = :1.12e-03; Runtime: 308.7s; Iterations = 4580, grads =   2.114e-05, unitary_metric = 0.99999
Error = :1.12e-03; Runtime: 310.0s; Iterations = 4600, grads =   1.197e-05, unitary_metric = 0.99999
Error = :1.12e-03; Runtime: 311.5s; Iterations = 4620, grads =   1.482e-06, unitary_metric = 0.99999
Error = :1.12e-03; Runtime: 312.8s; Iterations = 4640, grads =   6.592e-08, unitary_metric = 0.99999
Error = :1.12e-03; Runtime: 314.1s; Iterations = 4660, grads =   5.781e-08, unitary_metric = 0.99999
Error = :1.12e-03; Runtime: 315.4s; Iterations = 4680, grads =   7.510e-06, unitary_metric = 0.99999
Error = :1.12e-03; Runtime: 316.8s; Iterations = 4700, grads =   1.279e-05, unitary_metric = 0.99999
Error = :1.12e-03; Runtime: 318.2s; Iterations = 4720, grads =   6.135e-06, unitary_metric = 0.99999
Error = :1.12e-03; Runtime: 319.5s; Iterations = 4740, grads =   5.409e-07, unitary_metric = 0.99999
Error = :1.12e-03; Runtime: 320.8s; Iterations = 4760, grads =   1.670e-07, unitary_metric = 0.99999
Error = :1.12e-03; Runtime: 322.1s; Iterations = 4780, grads =   1.734e-07, unitary_metric = 0.99999
Error = :1.12e-03; Runtime: 323.4s; Iterations = 4800, grads =   1.398e-05, unitary_metric = 0.99999
Error = :1.12e-03; Runtime: 324.9s; Iterations = 4820, grads =   9.058e-06, unitary_metric = 0.99999
Error = :1.12e-03; Runtime: 326.2s; Iterations = 4840, grads =   1.166e-07, unitary_metric = 0.99999
Error = :1.12e-03; Runtime: 327.5s; Iterations = 4860, grads =   1.104e-07, unitary_metric = 0.99999
Error = :1.12e-03; Runtime: 328.8s; Iterations = 4880, grads =   4.083e-09, unitary_metric = 0.99999
Error = :1.12e-03; Runtime: 330.2s; Iterations = 4900, grads =   1.434e-08, unitary_metric = 0.99999
Error = :1.12e-03; Runtime: 331.6s; Iterations = 4920, grads =   1.724e-06, unitary_metric = 0.99999
Error = :1.12e-03; Runtime: 332.9s; Iterations = 4940, grads =   3.274e-05, unitary_metric = 0.99999
Error = :1.12e-03; Runtime: 334.2s; Iterations = 4960, grads =   3.243e-06, unitary_metric = 0.99999
Error = :1.12e-03; Runtime: 335.6s; Iterations = 4980, grads =   4.114e-07, unitary_metric = 0.99999
Error = :1.12e-03; Runtime: 336.9s; Iterations = 5000, grads =   1.865e-05, unitary_metric = 0.99999
Error = :1.12e-03; Runtime: 338.3s; Iterations = 5020, grads =   6.022e-06, unitary_metric = 0.99999
Error = :1.12e-03; Runtime: 339.6s; Iterations = 5040, grads =   9.857e-08, unitary_metric = 0.99999
Error = :1.12e-03; Runtime: 341.0s; Iterations = 5060, grads =   1.138e-07, unitary_metric = 0.99999
Error = :1.12e-03; Runtime: 342.2s; Iterations = 5080, grads =   7.171e-09, unitary_metric = 0.99999
Error = :1.12e-03; Runtime: 343.5s; Iterations = 5100, grads =   1.947e-09, unitary_metric = 0.99999
Error = :1.12e-03; Runtime: 344.9s; Iterations = 5120, grads =   2.042e-09, unitary_metric = 0.99999
Error = :1.12e-03; Runtime: 346.2s; Iterations = 5140, grads =   1.106e-08, unitary_metric = 0.99999
Error = :1.12e-03; Runtime: 347.4s; Iterations = 5160, grads =   2.767e-07, unitary_metric = 0.99999
Error = :1.12e-03; Runtime: 348.7s; Iterations = 5180, grads =   1.341e-05, unitary_metric = 0.99999
Error = :1.12e-03; Runtime: 350.0s; Iterations = 5200, grads =   3.550e-06, unitary_metric = 0.99999
Error = :1.12e-03; Runtime: 351.3s; Iterations = 5220, grads =   3.031e-06, unitary_metric = 0.99999
Error = :1.12e-03; Runtime: 352.6s; Iterations = 5240, grads =   1.128e-06, unitary_metric = 0.99999
Error = :1.12e-03; Runtime: 353.8s; Iterations = 5260, grads =   5.643e-08, unitary_metric = 0.99999
Error = :1.11e-03; Runtime: 355.1s; Iterations = 5280, grads =   1.958e-07, unitary_metric = 0.99999
Error = :1.11e-03; Runtime: 356.4s; Iterations = 5300, grads =   1.507e-08, unitary_metric = 0.99999
Error = :1.11e-03; Runtime: 357.7s; Iterations = 5320, grads =   6.557e-09, unitary_metric = 0.99999
Error = :1.11e-03; Runtime: 359.0s; Iterations = 5340, grads =   5.496e-08, unitary_metric = 0.99999
Error = :1.12e-03; Runtime: 360.3s; Iterations = 5360, grads =   6.247e-06, unitary_metric = 0.99999
Error = :1.11e-03; Runtime: 361.5s; Iterations = 5380, grads =   2.204e-06, unitary_metric = 0.99999
Error = :1.11e-03; Runtime: 362.8s; Iterations = 5400, grads =   2.228e-06, unitary_metric = 0.99999
Error = :1.11e-03; Runtime: 364.1s; Iterations = 5420, grads =   2.807e-07, unitary_metric = 0.99999
Error = :1.11e-03; Runtime: 365.4s; Iterations = 5440, grads =   5.640e-06, unitary_metric = 0.99999
Error = :1.11e-03; Runtime: 366.8s; Iterations = 5460, grads =   7.690e-06, unitary_metric = 0.99999
Error = :1.11e-03; Runtime: 368.2s; Iterations = 5480, grads =   2.043e-06, unitary_metric = 0.99999
Error = :1.11e-03; Runtime: 369.6s; Iterations = 5500, grads =   1.200e-07, unitary_metric = 0.99999
Error = :1.11e-03; Runtime: 371.2s; Iterations = 5520, grads =   2.033e-08, unitary_metric = 0.99999
Error = :1.11e-03; Runtime: 372.6s; Iterations = 5540, grads =   3.950e-08, unitary_metric = 0.99999
Error = :1.11e-03; Runtime: 374.0s; Iterations = 5560, grads =   1.958e-06, unitary_metric = 0.99999
Error = :1.11e-03; Runtime: 375.4s; Iterations = 5580, grads =   3.798e-07, unitary_metric = 0.99999
Error = :1.11e-03; Runtime: 376.9s; Iterations = 5600, grads =   2.700e-07, unitary_metric = 0.99999
Error = :1.11e-03; Runtime: 378.4s; Iterations = 5620, grads =   8.658e-09, unitary_metric = 0.99999
Error = :1.11e-03; Runtime: 379.8s; Iterations = 5640, grads =   4.908e-07, unitary_metric = 0.99999
Error = :1.11e-03; Runtime: 381.1s; Iterations = 5660, grads =   6.036e-06, unitary_metric = 0.99999
Error = :1.11e-03; Runtime: 382.5s; Iterations = 5680, grads =   2.200e-05, unitary_metric = 0.99999
Error = :1.11e-03; Runtime: 383.9s; Iterations = 5700, grads =   2.390e-06, unitary_metric = 0.99999
Error = :1.11e-03; Runtime: 385.4s; Iterations = 5720, grads =   2.873e-07, unitary_metric = 0.99999
Error = :1.11e-03; Runtime: 386.7s; Iterations = 5740, grads =   3.067e-08, unitary_metric = 0.99999
Error = :1.11e-03; Runtime: 388.1s; Iterations = 5760, grads =   6.169e-06, unitary_metric = 0.99999
Error = :1.11e-03; Runtime: 389.4s; Iterations = 5780, grads =   5.032e-07, unitary_metric = 0.99999
Error = :1.11e-03; Runtime: 390.7s; Iterations = 5800, grads =   1.655e-09, unitary_metric = 0.99999
Error = :1.11e-03; Runtime: 392.2s; Iterations = 5820, grads =   4.513e-09, unitary_metric = 0.99999
Error = :1.11e-03; Runtime: 393.6s; Iterations = 5840, grads =   3.823e-09, unitary_metric = 0.99999
Error = :1.11e-03; Runtime: 394.9s; Iterations = 5860, grads =   5.135e-08, unitary_metric = 0.99999
Error = :1.11e-03; Runtime: 396.2s; Iterations = 5880, grads =   7.206e-06, unitary_metric = 0.99999
Error = :1.11e-03; Runtime: 397.5s; Iterations = 5900, grads =   1.079e-05, unitary_metric = 0.99999
Error = :1.11e-03; Runtime: 399.0s; Iterations = 5920, grads =   3.085e-06, unitary_metric = 0.99999
Error = :1.11e-03; Runtime: 400.4s; Iterations = 5940, grads =   3.000e-08, unitary_metric = 0.99999
Error = :1.11e-03; Runtime: 401.7s; Iterations = 5960, grads =   9.305e-08, unitary_metric = 0.99999
Error = :1.11e-03; Runtime: 403.0s; Iterations = 5980, grads =   1.180e-08, unitary_metric = 0.99999
Error = :1.11e-03; Runtime: 404.4s; Iterations = 6000, grads =   7.569e-08, unitary_metric = 0.99999
data saved at: /project/ftchong/qoc/pranav/00011_31_lih_slice_231.h5


trying total_time: 4.35 for unitary of size (16, 16)
data saved at: /project/ftchong/qoc/pranav/00012_31_lih_slice_231.h5
Using 7 Taylor terms and 2 Scaling & Squaring terms
Building graph:
Propagators initialized.
Operators weight initialized.
Intermediate propagation variables initialized.
Intermediate propagators initialized.
Vectors initialized.
Training loss initialized.
Optimizer initialized.
Utilities initialized.
Graph built!
Initialized
Error = :7.51e-01; Runtime: 0.3s; Iterations = 0, grads =   1.791e-02, unitary_metric = 1.00000
Error = :5.30e-01; Runtime: 2.1s; Iterations = 20, grads =   5.922e-03, unitary_metric = 1.00000
Error = :4.13e-01; Runtime: 3.7s; Iterations = 40, grads =   2.411e-03, unitary_metric = 1.00000
Error = :1.63e-01; Runtime: 5.2s; Iterations = 60, grads =   2.378e-03, unitary_metric = 0.99999
Error = :2.99e-02; Runtime: 6.7s; Iterations = 80, grads =   3.643e-04, unitary_metric = 0.99999
Error = :4.75e-03; Runtime: 8.3s; Iterations = 100, grads =   4.344e-05, unitary_metric = 0.99999
Error = :9.47e-04; Runtime: 9.9s; Iterations = 119, grads =   6.467e-06, unitary_metric = 0.99999
data saved at: /project/ftchong/qoc/pranav/00012_31_lih_slice_231.h5


trying total_time: 4.05 for unitary of size (16, 16)
data saved at: /project/ftchong/qoc/pranav/00013_31_lih_slice_231.h5
Using 7 Taylor terms and 2 Scaling & Squaring terms
Building graph:
Propagators initialized.
Operators weight initialized.
Intermediate propagation variables initialized.
Intermediate propagators initialized.
Vectors initialized.
Training loss initialized.
Optimizer initialized.
Utilities initialized.
Graph built!
Initialized
Error = :7.72e-01; Runtime: 0.2s; Iterations = 0, grads =   4.319e-02, unitary_metric = 1.00000
Error = :5.70e-01; Runtime: 1.9s; Iterations = 20, grads =   1.809e-02, unitary_metric = 1.00000
Error = :4.87e-01; Runtime: 3.3s; Iterations = 40, grads =   2.057e-03, unitary_metric = 1.00000
Error = :3.59e-01; Runtime: 4.7s; Iterations = 60, grads =   4.989e-03, unitary_metric = 0.99999
Error = :9.16e-02; Runtime: 6.3s; Iterations = 80, grads =   1.190e-03, unitary_metric = 0.99999
Error = :2.10e-02; Runtime: 7.7s; Iterations = 100, grads =   1.785e-04, unitary_metric = 0.99999
Error = :6.13e-03; Runtime: 9.3s; Iterations = 120, grads =   3.689e-05, unitary_metric = 0.99999
Error = :2.60e-03; Runtime: 10.7s; Iterations = 140, grads =   1.086e-05, unitary_metric = 0.99999
Error = :1.38e-03; Runtime: 12.1s; Iterations = 160, grads =   4.973e-06, unitary_metric = 0.99999
Error = :9.95e-04; Runtime: 13.0s; Iterations = 172, grads =   3.297e-06, unitary_metric = 0.99999
data saved at: /project/ftchong/qoc/pranav/00013_31_lih_slice_231.h5


trying total_time: 10.0 for unitary of size (4, 4)
data saved at: /project/ftchong/qoc/pranav/00014_31_lih_slice_231.h5
Using 6 Taylor terms and 1 Scaling & Squaring terms
Building graph:
Propagators initialized.
Operators weight initialized.
Intermediate propagation variables initialized.
Intermediate propagators initialized.
Vectors initialized.
Training loss initialized.
Optimizer initialized.
Utilities initialized.
Graph built!
Initialized
Error = :7.18e-02; Runtime: 0.3s; Iterations = 0, grads =   1.356e+00, unitary_metric = 1.00000
Error = :1.98e-02; Runtime: 2.1s; Iterations = 20, grads =   4.193e-01, unitary_metric = 1.00000
Error = :1.54e-04; Runtime: 2.2s; Iterations = 22, grads =   7.538e-04, unitary_metric = 1.00000
data saved at: /project/ftchong/qoc/pranav/00014_31_lih_slice_231.h5


trying total_time: 5.0 for unitary of size (4, 4)
data saved at: /project/ftchong/qoc/pranav/00015_31_lih_slice_231.h5
Using 6 Taylor terms and 1 Scaling & Squaring terms
Building graph:
Propagators initialized.
Operators weight initialized.
Intermediate propagation variables initialized.
Intermediate propagators initialized.
Vectors initialized.
Training loss initialized.
Optimizer initialized.
Utilities initialized.
Graph built!
Initialized
Error = :5.72e-03; Runtime: 0.1s; Iterations = 0, grads =   6.666e-03, unitary_metric = 1.00000
Error = :7.66e-03; Runtime: 1.1s; Iterations = 20, grads =   8.171e-02, unitary_metric = 1.00000
Error = :7.90e-04; Runtime: 1.4s; Iterations = 29, grads =   7.446e-03, unitary_metric = 1.00000
data saved at: /project/ftchong/qoc/pranav/00015_31_lih_slice_231.h5


trying total_time: 2.5 for unitary of size (4, 4)
data saved at: /project/ftchong/qoc/pranav/00016_31_lih_slice_231.h5
Using 6 Taylor terms and 1 Scaling & Squaring terms
Building graph:
Propagators initialized.
Operators weight initialized.
Intermediate propagation variables initialized.
Intermediate propagators initialized.
Vectors initialized.
Training loss initialized.
Optimizer initialized.
Utilities initialized.
Graph built!
Initialized
Error = :1.66e-02; Runtime: 0.1s; Iterations = 0, grads =   6.858e-02, unitary_metric = 1.00000
Error = :6.23e-04; Runtime: 0.5s; Iterations = 17, grads =   2.658e-03, unitary_metric = 1.00000
data saved at: /project/ftchong/qoc/pranav/00016_31_lih_slice_231.h5


trying total_time: 1.25 for unitary of size (4, 4)
data saved at: /project/ftchong/qoc/pranav/00017_31_lih_slice_231.h5
Using 6 Taylor terms and 1 Scaling & Squaring terms
Building graph:
Propagators initialized.
Operators weight initialized.
Intermediate propagation variables initialized.
Intermediate propagators initialized.
Vectors initialized.
Training loss initialized.
Optimizer initialized.
Utilities initialized.
Graph built!
Initialized
Error = :8.70e-02; Runtime: 0.1s; Iterations = 0, grads =   2.069e-01, unitary_metric = 1.00000
Error = :2.29e-04; Runtime: 0.2s; Iterations = 4, grads =   2.365e-04, unitary_metric = 1.00000
data saved at: /project/ftchong/qoc/pranav/00017_31_lih_slice_231.h5


trying total_time: 0.6 for unitary of size (4, 4)
data saved at: /project/ftchong/qoc/pranav/00018_31_lih_slice_231.h5
Using 7 Taylor terms and 0 Scaling & Squaring terms
Building graph:
Propagators initialized.
Operators weight initialized.
Intermediate propagation variables initialized.
Intermediate propagators initialized.
Vectors initialized.
Training loss initialized.
Optimizer initialized.
Utilities initialized.
Graph built!
Initialized
Error = :5.58e-02; Runtime: 0.0s; Iterations = 0, grads =   6.219e-02, unitary_metric = 1.00000
Error = :9.77e-04; Runtime: 0.2s; Iterations = 8, grads =   7.124e-04, unitary_metric = 1.00000
data saved at: /project/ftchong/qoc/pranav/00018_31_lih_slice_231.h5


trying total_time: 0.3 for unitary of size (4, 4)
data saved at: /project/ftchong/qoc/pranav/00019_31_lih_slice_231.h5
Using 5 Taylor terms and 1 Scaling & Squaring terms
Building graph:
Propagators initialized.
Operators weight initialized.
Intermediate propagation variables initialized.
Intermediate propagators initialized.
Vectors initialized.
Training loss initialized.
Optimizer initialized.
Utilities initialized.
Graph built!
Initialized
Error = :5.30e-02; Runtime: 0.0s; Iterations = 0, grads =   2.723e-02, unitary_metric = 1.00000
Error = :1.20e-03; Runtime: 0.2s; Iterations = 20, grads =   6.024e-04, unitary_metric = 1.00000
Error = :9.60e-04; Runtime: 0.2s; Iterations = 34, grads =   5.052e-04, unitary_metric = 1.00000
data saved at: /project/ftchong/qoc/pranav/00019_31_lih_slice_231.h5




[0.3, 4.05, 0.3]
TIME FOR SLICE IS:
4.05
