Running Block:  9


trying total_time: 10.0 for unitary of size (4, 4)
data saved at: /project/ftchong/qoc/pranav/00000_29_lih_slice_9.h5
Using 6 Taylor terms and 1 Scaling & Squaring terms
Building graph:
Propagators initialized.
Operators weight initialized.
Intermediate propagation variables initialized.
Intermediate propagators initialized.
Vectors initialized.
Training loss initialized.
Optimizer initialized.
Utilities initialized.
Graph built!
Initialized
Error = :2.25e-02; Runtime: 0.3s; Iterations = 0, grads =   4.331e-01, unitary_metric = 1.00000
Error = :8.56e-04; Runtime: 1.6s; Iterations = 11, grads =   4.011e-03, unitary_metric = 1.00000
data saved at: /project/ftchong/qoc/pranav/00000_29_lih_slice_9.h5


trying total_time: 5.0 for unitary of size (4, 4)
data saved at: /project/ftchong/qoc/pranav/00001_29_lih_slice_9.h5
Using 6 Taylor terms and 1 Scaling & Squaring terms
Building graph:
Propagators initialized.
Operators weight initialized.
Intermediate propagation variables initialized.
Intermediate propagators initialized.
Vectors initialized.
Training loss initialized.
Optimizer initialized.
Utilities initialized.
Graph built!
Initialized
Error = :7.66e-02; Runtime: 0.1s; Iterations = 0, grads =   7.500e-01, unitary_metric = 1.00000
Error = :9.28e-04; Runtime: 0.9s; Iterations = 12, grads =   7.469e-03, unitary_metric = 1.00000
data saved at: /project/ftchong/qoc/pranav/00001_29_lih_slice_9.h5


trying total_time: 2.5 for unitary of size (4, 4)
data saved at: /project/ftchong/qoc/pranav/00002_29_lih_slice_9.h5
Using 6 Taylor terms and 1 Scaling & Squaring terms
Building graph:
Propagators initialized.
Operators weight initialized.
Intermediate propagation variables initialized.
Intermediate propagators initialized.
Vectors initialized.
Training loss initialized.
Optimizer initialized.
Utilities initialized.
Graph built!
Initialized
Error = :3.19e-01; Runtime: 0.1s; Iterations = 0, grads =   1.063e+00, unitary_metric = 1.00000
Error = :1.72e-02; Runtime: 0.6s; Iterations = 20, grads =   9.104e-02, unitary_metric = 1.00000
Error = :9.99e-04; Runtime: 0.7s; Iterations = 23, grads =   4.997e-03, unitary_metric = 1.00000
data saved at: /project/ftchong/qoc/pranav/00002_29_lih_slice_9.h5


trying total_time: 1.25 for unitary of size (4, 4)
data saved at: /project/ftchong/qoc/pranav/00003_29_lih_slice_9.h5
Using 6 Taylor terms and 1 Scaling & Squaring terms
Building graph:
Propagators initialized.
Operators weight initialized.
Intermediate propagation variables initialized.
Intermediate propagators initialized.
Vectors initialized.
Training loss initialized.
Optimizer initialized.
Utilities initialized.
Graph built!
Initialized
Error = :9.41e-02; Runtime: 0.1s; Iterations = 0, grads =   2.113e-01, unitary_metric = 1.00000
Error = :3.25e-03; Runtime: 0.4s; Iterations = 20, grads =   8.521e-03, unitary_metric = 1.00000
Error = :6.76e-04; Runtime: 0.4s; Iterations = 28, grads =   1.443e-03, unitary_metric = 1.00000
data saved at: /project/ftchong/qoc/pranav/00003_29_lih_slice_9.h5


trying total_time: 0.6 for unitary of size (4, 4)
data saved at: /project/ftchong/qoc/pranav/00004_29_lih_slice_9.h5
Using 7 Taylor terms and 0 Scaling & Squaring terms
Building graph:
Propagators initialized.
Operators weight initialized.
Intermediate propagation variables initialized.
Intermediate propagators initialized.
Vectors initialized.
Training loss initialized.
Optimizer initialized.
Utilities initialized.
Graph built!
Initialized
Error = :4.72e-01; Runtime: 0.0s; Iterations = 0, grads =   2.612e-01, unitary_metric = 1.00000
Error = :2.09e-02; Runtime: 0.2s; Iterations = 20, grads =   2.564e-02, unitary_metric = 1.00000
Error = :5.76e-03; Runtime: 0.3s; Iterations = 40, grads =   7.240e-03, unitary_metric = 1.00000
Error = :7.19e-04; Runtime: 0.4s; Iterations = 53, grads =   9.003e-04, unitary_metric = 1.00000
data saved at: /project/ftchong/qoc/pranav/00004_29_lih_slice_9.h5


trying total_time: 0.3 for unitary of size (4, 4)
data saved at: /project/ftchong/qoc/pranav/00005_29_lih_slice_9.h5
Using 5 Taylor terms and 1 Scaling & Squaring terms
Building graph:
Propagators initialized.
Operators weight initialized.
Intermediate propagation variables initialized.
Intermediate propagators initialized.
Vectors initialized.
Training loss initialized.
Optimizer initialized.
Utilities initialized.
Graph built!
Initialized
Error = :1.83e-01; Runtime: 0.0s; Iterations = 0, grads =   7.889e-02, unitary_metric = 1.00000
Error = :1.71e-02; Runtime: 0.2s; Iterations = 20, grads =   9.944e-03, unitary_metric = 1.00000
Error = :9.02e-04; Runtime: 0.2s; Iterations = 36, grads =   5.162e-04, unitary_metric = 1.00000
data saved at: /project/ftchong/qoc/pranav/00005_29_lih_slice_9.h5


trying total_time: 40.0 for unitary of size (16, 16)
data saved at: /project/ftchong/qoc/pranav/00006_29_lih_slice_9.h5
Using 5 Taylor terms and 4 Scaling & Squaring terms
Building graph:
Propagators initialized.
Operators weight initialized.
Intermediate propagation variables initialized.
Intermediate propagators initialized.
Vectors initialized.
Training loss initialized.
Optimizer initialized.
Utilities initialized.
Graph built!
Initialized
Error = :7.12e-01; Runtime: 1.3s; Iterations = 0, grads =   4.308e+00, unitary_metric = 1.00030
Error = :1.00e+00; Runtime: 4.3s; Iterations = 1, grads =   8.738e-15, unitary_metric = 1.00028
data saved at: /project/ftchong/qoc/pranav/00006_29_lih_slice_9.h5


trying total_time: 60.0 for unitary of size (16, 16)
data saved at: /project/ftchong/qoc/pranav/00007_29_lih_slice_9.h5
Using 5 Taylor terms and 4 Scaling & Squaring terms
Building graph:
Propagators initialized.
Operators weight initialized.
Intermediate propagation variables initialized.
Intermediate propagators initialized.
Vectors initialized.
Training loss initialized.
Optimizer initialized.
Utilities initialized.
Graph built!
Initialized
Error = :6.51e-01; Runtime: 2.1s; Iterations = 0, grads =   6.807e+00, unitary_metric = 1.00050
Error = :3.79e-01; Runtime: 28.4s; Iterations = 20, grads =   2.375e+01, unitary_metric = 1.00047
Error = :4.39e-02; Runtime: 51.0s; Iterations = 40, grads =   4.913e+00, unitary_metric = 1.00049
Error = :2.83e-03; Runtime: 73.6s; Iterations = 60, grads =   2.203e-01, unitary_metric = 1.00047
Error = :5.67e-04; Runtime: 88.2s; Iterations = 73, grads =   7.697e-02, unitary_metric = 1.00048
data saved at: /project/ftchong/qoc/pranav/00007_29_lih_slice_9.h5


trying total_time: 50.0 for unitary of size (16, 16)
data saved at: /project/ftchong/qoc/pranav/00008_29_lih_slice_9.h5
Using 5 Taylor terms and 4 Scaling & Squaring terms
Building graph:
Propagators initialized.
Operators weight initialized.
Intermediate propagation variables initialized.
Intermediate propagators initialized.
Vectors initialized.
Training loss initialized.
Optimizer initialized.
Utilities initialized.
Graph built!
Initialized
Error = :7.06e-01; Runtime: 1.8s; Iterations = 0, grads =   6.402e+00, unitary_metric = 1.00026
Error = :4.42e-01; Runtime: 23.2s; Iterations = 20, grads =   1.825e+01, unitary_metric = 1.00038
Error = :3.29e-02; Runtime: 41.6s; Iterations = 40, grads =   2.634e+00, unitary_metric = 1.00040
Error = :4.75e-03; Runtime: 60.1s; Iterations = 60, grads =   3.869e-01, unitary_metric = 1.00038
Error = :7.84e-04; Runtime: 65.7s; Iterations = 66, grads =   3.752e-02, unitary_metric = 1.00035
data saved at: /project/ftchong/qoc/pranav/00008_29_lih_slice_9.h5


trying total_time: 45.0 for unitary of size (16, 16)
data saved at: /project/ftchong/qoc/pranav/00009_29_lih_slice_9.h5
Using 5 Taylor terms and 4 Scaling & Squaring terms
Building graph:
Propagators initialized.
Operators weight initialized.
Intermediate propagation variables initialized.
Intermediate propagators initialized.
Vectors initialized.
Training loss initialized.
Optimizer initialized.
Utilities initialized.
Graph built!
Initialized
Error = :8.27e-01; Runtime: 1.6s; Iterations = 0, grads =   5.494e+00, unitary_metric = 1.00031
Error = :5.58e-01; Runtime: 21.0s; Iterations = 20, grads =   1.345e+01, unitary_metric = 1.00041
Error = :7.27e-02; Runtime: 37.5s; Iterations = 40, grads =   4.502e+00, unitary_metric = 1.00034
Error = :1.07e-02; Runtime: 54.1s; Iterations = 60, grads =   7.691e-01, unitary_metric = 1.00034
Error = :7.84e-04; Runtime: 66.6s; Iterations = 75, grads =   6.068e-02, unitary_metric = 1.00033
data saved at: /project/ftchong/qoc/pranav/00009_29_lih_slice_9.h5


trying total_time: 42.5 for unitary of size (16, 16)
data saved at: /project/ftchong/qoc/pranav/00010_29_lih_slice_9.h5
Using 5 Taylor terms and 4 Scaling & Squaring terms
Building graph:
Propagators initialized.
Operators weight initialized.
Intermediate propagation variables initialized.
Intermediate propagators initialized.
Vectors initialized.
Training loss initialized.
Optimizer initialized.
Utilities initialized.
Graph built!
Initialized
Error = :6.68e-01; Runtime: 1.5s; Iterations = 0, grads =   4.861e+00, unitary_metric = 1.00028
Error = :2.24e-01; Runtime: 19.5s; Iterations = 20, grads =   1.172e+01, unitary_metric = 1.00037
Error = :3.49e-02; Runtime: 35.0s; Iterations = 40, grads =   2.696e+00, unitary_metric = 1.00037
Error = :1.80e-03; Runtime: 50.4s; Iterations = 60, grads =   8.157e-02, unitary_metric = 1.00037
Error = :6.70e-04; Runtime: 57.4s; Iterations = 69, grads =   5.014e-02, unitary_metric = 1.00037
data saved at: /project/ftchong/qoc/pranav/00010_29_lih_slice_9.h5


trying total_time: 41.25 for unitary of size (16, 16)
data saved at: /project/ftchong/qoc/pranav/00011_29_lih_slice_9.h5
Using 5 Taylor terms and 4 Scaling & Squaring terms
Building graph:
Propagators initialized.
Operators weight initialized.
Intermediate propagation variables initialized.
Intermediate propagators initialized.
Vectors initialized.
Training loss initialized.
Optimizer initialized.
Utilities initialized.
Graph built!
Initialized
Error = :6.28e-01; Runtime: 1.4s; Iterations = 0, grads =   4.091e+00, unitary_metric = 1.00022
Error = :2.80e-01; Runtime: 18.9s; Iterations = 20, grads =   1.239e+01, unitary_metric = 1.00032
Error = :1.60e-02; Runtime: 33.8s; Iterations = 40, grads =   8.120e-01, unitary_metric = 1.00031
Error = :1.87e-03; Runtime: 49.0s; Iterations = 60, grads =   1.342e-01, unitary_metric = 1.00031
Error = :6.81e-04; Runtime: 56.5s; Iterations = 70, grads =   4.664e-02, unitary_metric = 1.00031
data saved at: /project/ftchong/qoc/pranav/00011_29_lih_slice_9.h5


trying total_time: 40.6 for unitary of size (16, 16)
data saved at: /project/ftchong/qoc/pranav/00012_29_lih_slice_9.h5
Using 5 Taylor terms and 4 Scaling & Squaring terms
Building graph:
Propagators initialized.
Operators weight initialized.
Intermediate propagation variables initialized.
Intermediate propagators initialized.
Vectors initialized.
Training loss initialized.
Optimizer initialized.
Utilities initialized.
Graph built!
Initialized
Error = :7.83e-01; Runtime: 1.4s; Iterations = 0, grads =   4.633e+00, unitary_metric = 1.00024
Error = :1.16e-01; Runtime: 18.7s; Iterations = 20, grads =   5.432e+00, unitary_metric = 1.00031
Error = :2.24e-02; Runtime: 33.5s; Iterations = 40, grads =   1.405e+00, unitary_metric = 1.00029
Error = :1.26e-03; Runtime: 48.3s; Iterations = 60, grads =   1.018e-01, unitary_metric = 1.00029
Error = :8.52e-04; Runtime: 52.7s; Iterations = 66, grads =   3.189e-02, unitary_metric = 1.00029
data saved at: /project/ftchong/qoc/pranav/00012_29_lih_slice_9.h5


trying total_time: 40.3 for unitary of size (16, 16)
data saved at: /project/ftchong/qoc/pranav/00013_29_lih_slice_9.h5
Using 5 Taylor terms and 4 Scaling & Squaring terms
Building graph:
Propagators initialized.
Operators weight initialized.
Intermediate propagation variables initialized.
Intermediate propagators initialized.
Vectors initialized.
Training loss initialized.
Optimizer initialized.
Utilities initialized.
Graph built!
Initialized
Error = :9.15e-01; Runtime: 1.4s; Iterations = 0, grads =   2.838e+00, unitary_metric = 1.00029
Error = :3.20e-01; Runtime: 18.4s; Iterations = 20, grads =   1.142e+01, unitary_metric = 1.00029
Error = :4.80e-02; Runtime: 33.1s; Iterations = 40, grads =   2.860e+00, unitary_metric = 1.00027
Error = :4.57e-03; Runtime: 47.8s; Iterations = 60, grads =   2.795e-01, unitary_metric = 1.00027
Error = :4.15e-04; Runtime: 58.0s; Iterations = 74, grads =   3.979e-02, unitary_metric = 1.00026
data saved at: /project/ftchong/qoc/pranav/00013_29_lih_slice_9.h5


trying total_time: 10.0 for unitary of size (4, 4)
data saved at: /project/ftchong/qoc/pranav/00014_29_lih_slice_9.h5
Using 6 Taylor terms and 1 Scaling & Squaring terms
Building graph:
Propagators initialized.
Operators weight initialized.
Intermediate propagation variables initialized.
Intermediate propagators initialized.
Vectors initialized.
Training loss initialized.
Optimizer initialized.
Utilities initialized.
Graph built!
Initialized
Error = :5.77e-02; Runtime: 0.3s; Iterations = 0, grads =   1.133e+00, unitary_metric = 1.00000
Error = :9.92e-04; Runtime: 1.6s; Iterations = 11, grads =   8.464e-03, unitary_metric = 1.00000
data saved at: /project/ftchong/qoc/pranav/00014_29_lih_slice_9.h5


trying total_time: 5.0 for unitary of size (4, 4)
data saved at: /project/ftchong/qoc/pranav/00015_29_lih_slice_9.h5
Using 6 Taylor terms and 1 Scaling & Squaring terms
Building graph:
Propagators initialized.
Operators weight initialized.
Intermediate propagation variables initialized.
Intermediate propagators initialized.
Vectors initialized.
Training loss initialized.
Optimizer initialized.
Utilities initialized.
Graph built!
Initialized
Error = :1.60e-01; Runtime: 0.1s; Iterations = 0, grads =   1.377e+00, unitary_metric = 1.00000
Error = :3.70e-04; Runtime: 1.1s; Iterations = 20, grads =   8.811e-04, unitary_metric = 1.00000
data saved at: /project/ftchong/qoc/pranav/00015_29_lih_slice_9.h5


trying total_time: 2.5 for unitary of size (4, 4)
data saved at: /project/ftchong/qoc/pranav/00016_29_lih_slice_9.h5
Using 6 Taylor terms and 1 Scaling & Squaring terms
Building graph:
Propagators initialized.
Operators weight initialized.
Intermediate propagation variables initialized.
Intermediate propagators initialized.
Vectors initialized.
Training loss initialized.
Optimizer initialized.
Utilities initialized.
Graph built!
Initialized
Error = :2.52e-02; Runtime: 0.1s; Iterations = 0, grads =   1.257e-01, unitary_metric = 1.00000
Error = :9.06e-04; Runtime: 0.4s; Iterations = 6, grads =   2.499e-03, unitary_metric = 1.00000
data saved at: /project/ftchong/qoc/pranav/00016_29_lih_slice_9.h5


trying total_time: 1.25 for unitary of size (4, 4)
data saved at: /project/ftchong/qoc/pranav/00017_29_lih_slice_9.h5
Using 6 Taylor terms and 1 Scaling & Squaring terms
Building graph:
Propagators initialized.
Operators weight initialized.
Intermediate propagation variables initialized.
Intermediate propagators initialized.
Vectors initialized.
Training loss initialized.
Optimizer initialized.
Utilities initialized.
Graph built!
Initialized
Error = :5.83e-03; Runtime: 0.1s; Iterations = 0, grads =   1.210e-02, unitary_metric = 1.00000
Error = :9.69e-04; Runtime: 0.2s; Iterations = 5, grads =   2.139e-03, unitary_metric = 1.00000
data saved at: /project/ftchong/qoc/pranav/00017_29_lih_slice_9.h5


trying total_time: 0.6 for unitary of size (4, 4)
data saved at: /project/ftchong/qoc/pranav/00018_29_lih_slice_9.h5
Using 7 Taylor terms and 0 Scaling & Squaring terms
Building graph:
Propagators initialized.
Operators weight initialized.
Intermediate propagation variables initialized.
Intermediate propagators initialized.
Vectors initialized.
Training loss initialized.
Optimizer initialized.
Utilities initialized.
Graph built!
Initialized
Error = :5.01e-02; Runtime: 0.0s; Iterations = 0, grads =   5.816e-02, unitary_metric = 1.00000
Error = :2.14e-03; Runtime: 0.2s; Iterations = 20, grads =   2.564e-03, unitary_metric = 1.00000
Error = :7.73e-04; Runtime: 0.3s; Iterations = 22, grads =   8.651e-04, unitary_metric = 1.00000
data saved at: /project/ftchong/qoc/pranav/00018_29_lih_slice_9.h5


trying total_time: 0.3 for unitary of size (4, 4)
data saved at: /project/ftchong/qoc/pranav/00019_29_lih_slice_9.h5
Using 5 Taylor terms and 1 Scaling & Squaring terms
Building graph:
Propagators initialized.
Operators weight initialized.
Intermediate propagation variables initialized.
Intermediate propagators initialized.
Vectors initialized.
Training loss initialized.
Optimizer initialized.
Utilities initialized.
Graph built!
Initialized
Error = :7.16e-02; Runtime: 0.0s; Iterations = 0, grads =   3.700e-02, unitary_metric = 1.00000
Error = :9.49e-04; Runtime: 0.2s; Iterations = 20, grads =   5.311e-04, unitary_metric = 1.00000
data saved at: /project/ftchong/qoc/pranav/00019_29_lih_slice_9.h5




[0.3, 40.3, 0.3]
TIME FOR SLICE IS:
40.3
