Running Block:  63


trying total_time: 10.0 for unitary of size (4, 4)
data saved at: /project/ftchong/qoc/pranav/00018_30_lih_slice_63.h5
Using 6 Taylor terms and 1 Scaling & Squaring terms
Building graph:
Propagators initialized.
Operators weight initialized.
Intermediate propagation variables initialized.
Intermediate propagators initialized.
Vectors initialized.
Training loss initialized.
Optimizer initialized.
Utilities initialized.
Graph built!
Initialized
Error = :1.34e-01; Runtime: 0.3s; Iterations = 0, grads =   2.456e+00, unitary_metric = 1.00000
Error = :5.27e-03; Runtime: 2.1s; Iterations = 20, grads =   1.135e-01, unitary_metric = 1.00000
Error = :4.66e-04; Runtime: 2.7s; Iterations = 29, grads =   8.547e-03, unitary_metric = 1.00000
data saved at: /project/ftchong/qoc/pranav/00018_30_lih_slice_63.h5


trying total_time: 5.0 for unitary of size (4, 4)
data saved at: /project/ftchong/qoc/pranav/00019_30_lih_slice_63.h5
Using 6 Taylor terms and 1 Scaling & Squaring terms
Building graph:
Propagators initialized.
Operators weight initialized.
Intermediate propagation variables initialized.
Intermediate propagators initialized.
Vectors initialized.
Training loss initialized.
Optimizer initialized.
Utilities initialized.
Graph built!
Initialized
Error = :2.19e-01; Runtime: 0.1s; Iterations = 0, grads =   1.802e+00, unitary_metric = 1.00000
Error = :1.18e-02; Runtime: 1.1s; Iterations = 20, grads =   1.275e-01, unitary_metric = 1.00000
Error = :4.18e-04; Runtime: 1.4s; Iterations = 30, grads =   4.404e-03, unitary_metric = 1.00000
data saved at: /project/ftchong/qoc/pranav/00019_30_lih_slice_63.h5


trying total_time: 2.5 for unitary of size (4, 4)
data saved at: /project/ftchong/qoc/pranav/00020_30_lih_slice_63.h5
Using 6 Taylor terms and 1 Scaling & Squaring terms
Building graph:
Propagators initialized.
Operators weight initialized.
Intermediate propagation variables initialized.
Intermediate propagators initialized.
Vectors initialized.
Training loss initialized.
Optimizer initialized.
Utilities initialized.
Graph built!
Initialized
Error = :5.81e-03; Runtime: 0.1s; Iterations = 0, grads =   1.221e-02, unitary_metric = 1.00000
Error = :5.36e-04; Runtime: 0.5s; Iterations = 12, grads =   2.330e-03, unitary_metric = 1.00000
data saved at: /project/ftchong/qoc/pranav/00020_30_lih_slice_63.h5


trying total_time: 1.25 for unitary of size (4, 4)
data saved at: /project/ftchong/qoc/pranav/00021_30_lih_slice_63.h5
Using 6 Taylor terms and 1 Scaling & Squaring terms
Building graph:
Propagators initialized.
Operators weight initialized.
Intermediate propagation variables initialized.
Intermediate propagators initialized.
Vectors initialized.
Training loss initialized.
Optimizer initialized.
Utilities initialized.
Graph built!
Initialized
Error = :9.51e-03; Runtime: 0.1s; Iterations = 0, grads =   1.781e-02, unitary_metric = 1.00000
Error = :5.47e-04; Runtime: 0.2s; Iterations = 6, grads =   1.086e-03, unitary_metric = 1.00000
data saved at: /project/ftchong/qoc/pranav/00021_30_lih_slice_63.h5


trying total_time: 0.6 for unitary of size (4, 4)
data saved at: /project/ftchong/qoc/pranav/00022_30_lih_slice_63.h5
Using 7 Taylor terms and 0 Scaling & Squaring terms
Building graph:
Propagators initialized.
Operators weight initialized.
Intermediate propagation variables initialized.
Intermediate propagators initialized.
Vectors initialized.
Training loss initialized.
Optimizer initialized.
Utilities initialized.
Graph built!
Initialized
Error = :4.80e-02; Runtime: 0.0s; Iterations = 0, grads =   5.306e-02, unitary_metric = 1.00000
Error = :1.36e-03; Runtime: 0.2s; Iterations = 20, grads =   1.601e-03, unitary_metric = 1.00000
Error = :8.77e-04; Runtime: 0.2s; Iterations = 22, grads =   1.022e-03, unitary_metric = 1.00000
data saved at: /project/ftchong/qoc/pranav/00022_30_lih_slice_63.h5


trying total_time: 0.3 for unitary of size (4, 4)
data saved at: /project/ftchong/qoc/pranav/00023_30_lih_slice_63.h5
Using 5 Taylor terms and 1 Scaling & Squaring terms
Building graph:
Propagators initialized.
Operators weight initialized.
Intermediate propagation variables initialized.
Intermediate propagators initialized.
Vectors initialized.
Training loss initialized.
Optimizer initialized.
Utilities initialized.
Graph built!
Initialized
Error = :2.15e-01; Runtime: 0.0s; Iterations = 0, grads =   9.143e-02, unitary_metric = 1.00000
Error = :1.71e-02; Runtime: 0.2s; Iterations = 20, grads =   1.031e-02, unitary_metric = 1.00000
Error = :9.13e-04; Runtime: 0.2s; Iterations = 29, grads =   5.527e-04, unitary_metric = 1.00000
data saved at: /project/ftchong/qoc/pranav/00023_30_lih_slice_63.h5


trying total_time: 40.0 for unitary of size (16, 16)
data saved at: /project/ftchong/qoc/pranav/00024_30_lih_slice_63.h5
Using 5 Taylor terms and 4 Scaling & Squaring terms
Building graph:
Propagators initialized.
Operators weight initialized.
Intermediate propagation variables initialized.
Intermediate propagators initialized.
Vectors initialized.
Training loss initialized.
Optimizer initialized.
Utilities initialized.
Graph built!
Initialized
Error = :8.86e-01; Runtime: 1.4s; Iterations = 0, grads =   1.511e-01, unitary_metric = 1.00037
Error = :1.63e-01; Runtime: 19.1s; Iterations = 20, grads =   6.752e+00, unitary_metric = 1.00030
Error = :2.44e-02; Runtime: 34.5s; Iterations = 40, grads =   1.094e+00, unitary_metric = 1.00028
Error = :1.99e-03; Runtime: 49.9s; Iterations = 60, grads =   4.552e-02, unitary_metric = 1.00026
Error = :4.09e-04; Runtime: 56.8s; Iterations = 69, grads =   2.491e-02, unitary_metric = 1.00026
data saved at: /project/ftchong/qoc/pranav/00024_30_lih_slice_63.h5


trying total_time: 20.0 for unitary of size (16, 16)
data saved at: /project/ftchong/qoc/pranav/00025_30_lih_slice_63.h5
Using 7 Taylor terms and 2 Scaling & Squaring terms
Building graph:
Propagators initialized.
Operators weight initialized.
Intermediate propagation variables initialized.
Intermediate propagators initialized.
Vectors initialized.
Training loss initialized.
Optimizer initialized.
Utilities initialized.
Graph built!
Initialized
Error = :8.84e-01; Runtime: 0.7s; Iterations = 0, grads =   2.707e-02, unitary_metric = 1.00001
Error = :1.02e-01; Runtime: 9.3s; Iterations = 20, grads =   1.203e+00, unitary_metric = 1.00001
Error = :1.01e-02; Runtime: 16.8s; Iterations = 40, grads =   1.836e-01, unitary_metric = 1.00001
Error = :1.14e-03; Runtime: 24.3s; Iterations = 60, grads =   1.774e-02, unitary_metric = 1.00001
Error = :7.94e-04; Runtime: 24.7s; Iterations = 61, grads =   1.790e-02, unitary_metric = 1.00001
data saved at: /project/ftchong/qoc/pranav/00025_30_lih_slice_63.h5


trying total_time: 10.0 for unitary of size (16, 16)
data saved at: /project/ftchong/qoc/pranav/00026_30_lih_slice_63.h5
Using 7 Taylor terms and 2 Scaling & Squaring terms
Building graph:
Propagators initialized.
Operators weight initialized.
Intermediate propagation variables initialized.
Intermediate propagators initialized.
Vectors initialized.
Training loss initialized.
Optimizer initialized.
Utilities initialized.
Graph built!
Initialized
Error = :9.08e-01; Runtime: 0.4s; Iterations = 0, grads =   4.970e-02, unitary_metric = 1.00001
Error = :3.94e-01; Runtime: 4.6s; Iterations = 20, grads =   6.953e-02, unitary_metric = 1.00000
Error = :8.40e-02; Runtime: 8.2s; Iterations = 40, grads =   3.125e-02, unitary_metric = 1.00000
Error = :1.92e-03; Runtime: 11.9s; Iterations = 60, grads =   3.087e-03, unitary_metric = 1.00000
Error = :9.94e-04; Runtime: 15.3s; Iterations = 79, grads =   5.654e-04, unitary_metric = 1.00000
data saved at: /project/ftchong/qoc/pranav/00026_30_lih_slice_63.h5


trying total_time: 5.0 for unitary of size (16, 16)
data saved at: /project/ftchong/qoc/pranav/00027_30_lih_slice_63.h5
Using 7 Taylor terms and 2 Scaling & Squaring terms
Building graph:
Propagators initialized.
Operators weight initialized.
Intermediate propagation variables initialized.
Intermediate propagators initialized.
Vectors initialized.
Training loss initialized.
Optimizer initialized.
Utilities initialized.
Graph built!
Initialized
Error = :8.86e-01; Runtime: 0.2s; Iterations = 0, grads =   1.280e-02, unitary_metric = 1.00000
Error = :5.04e-01; Runtime: 2.4s; Iterations = 20, grads =   1.012e-02, unitary_metric = 1.00000
Error = :2.88e-01; Runtime: 4.2s; Iterations = 40, grads =   4.330e-03, unitary_metric = 1.00000
Error = :1.42e-01; Runtime: 6.0s; Iterations = 60, grads =   2.395e-03, unitary_metric = 0.99999
Error = :4.83e-02; Runtime: 7.8s; Iterations = 80, grads =   7.786e-04, unitary_metric = 1.00000
Error = :7.18e-03; Runtime: 9.6s; Iterations = 100, grads =   1.128e-04, unitary_metric = 0.99999
Error = :8.62e-04; Runtime: 11.1s; Iterations = 114, grads =   1.916e-05, unitary_metric = 0.99999
data saved at: /project/ftchong/qoc/pranav/00027_30_lih_slice_63.h5


trying total_time: 2.5 for unitary of size (16, 16)
data saved at: /project/ftchong/qoc/pranav/00028_30_lih_slice_63.h5
Using 8 Taylor terms and 1 Scaling & Squaring terms
Building graph:
Propagators initialized.
Operators weight initialized.
Intermediate propagation variables initialized.
Intermediate propagators initialized.
Vectors initialized.
Training loss initialized.
Optimizer initialized.
Utilities initialized.
Graph built!
Initialized
Error = :9.03e-01; Runtime: 0.1s; Iterations = 0, grads =   2.064e-02, unitary_metric = 1.00000
Error = :6.73e-01; Runtime: 1.3s; Iterations = 20, grads =   7.096e-03, unitary_metric = 1.00000
Error = :4.47e-01; Runtime: 2.2s; Iterations = 40, grads =   3.826e-03, unitary_metric = 1.00000
Error = :3.00e-01; Runtime: 3.1s; Iterations = 60, grads =   2.236e-03, unitary_metric = 1.00000
Error = :2.03e-01; Runtime: 4.0s; Iterations = 80, grads =   1.136e-03, unitary_metric = 1.00000
Error = :1.45e-01; Runtime: 5.0s; Iterations = 100, grads =   5.571e-04, unitary_metric = 1.00000
Error = :1.14e-01; Runtime: 6.0s; Iterations = 120, grads =   2.750e-04, unitary_metric = 1.00000
Error = :9.72e-02; Runtime: 6.9s; Iterations = 140, grads =   1.418e-04, unitary_metric = 1.00000
Error = :8.78e-02; Runtime: 7.8s; Iterations = 160, grads =   7.687e-05, unitary_metric = 1.00000
Error = :8.24e-02; Runtime: 8.8s; Iterations = 180, grads =   4.350e-05, unitary_metric = 1.00000
Error = :7.90e-02; Runtime: 9.7s; Iterations = 200, grads =   2.557e-05, unitary_metric = 1.00000
Error = :7.70e-02; Runtime: 10.7s; Iterations = 220, grads =   1.567e-05, unitary_metric = 1.00000
Error = :7.56e-02; Runtime: 11.6s; Iterations = 240, grads =   1.006e-05, unitary_metric = 1.00000
Error = :7.47e-02; Runtime: 12.6s; Iterations = 260, grads =   6.793e-06, unitary_metric = 1.00000
Error = :7.40e-02; Runtime: 13.5s; Iterations = 280, grads =   4.815e-06, unitary_metric = 1.00000
Error = :7.35e-02; Runtime: 14.4s; Iterations = 300, grads =   3.582e-06, unitary_metric = 1.00000
Error = :7.32e-02; Runtime: 15.5s; Iterations = 320, grads =   2.768e-06, unitary_metric = 1.00000
Error = :7.29e-02; Runtime: 16.4s; Iterations = 340, grads =   2.316e-06, unitary_metric = 1.00000
Error = :7.27e-02; Runtime: 17.3s; Iterations = 360, grads =   1.817e-06, unitary_metric = 1.00000
Error = :7.25e-02; Runtime: 18.2s; Iterations = 380, grads =   1.532e-06, unitary_metric = 1.00000
Error = :7.24e-02; Runtime: 19.1s; Iterations = 400, grads =   1.330e-06, unitary_metric = 1.00000
Error = :7.23e-02; Runtime: 20.2s; Iterations = 420, grads =   1.208e-04, unitary_metric = 1.00000
Error = :7.23e-02; Runtime: 21.1s; Iterations = 440, grads =   4.475e-05, unitary_metric = 1.00000
Error = :7.23e-02; Runtime: 22.0s; Iterations = 460, grads =   9.031e-05, unitary_metric = 1.00000
Error = :7.22e-02; Runtime: 22.9s; Iterations = 480, grads =   3.422e-06, unitary_metric = 1.00000
Error = :7.22e-02; Runtime: 23.9s; Iterations = 500, grads =   2.624e-06, unitary_metric = 1.00000
Error = :7.21e-02; Runtime: 24.9s; Iterations = 520, grads =   1.823e-06, unitary_metric = 1.00000
Error = :7.19e-02; Runtime: 25.8s; Iterations = 540, grads =   1.601e-06, unitary_metric = 1.00000
Error = :7.17e-02; Runtime: 26.7s; Iterations = 560, grads =   1.277e-06, unitary_metric = 1.00000
Error = :7.15e-02; Runtime: 27.7s; Iterations = 580, grads =   8.995e-07, unitary_metric = 1.00000
Error = :7.14e-02; Runtime: 28.6s; Iterations = 600, grads =   6.013e-07, unitary_metric = 1.00000
Error = :7.13e-02; Runtime: 29.6s; Iterations = 620, grads =   4.209e-07, unitary_metric = 1.00000
Error = :7.12e-02; Runtime: 30.6s; Iterations = 640, grads =   4.204e-07, unitary_metric = 1.00000
Error = :7.11e-02; Runtime: 31.5s; Iterations = 660, grads =   1.049e-06, unitary_metric = 1.00000
Error = :7.11e-02; Runtime: 32.4s; Iterations = 680, grads =   2.403e-04, unitary_metric = 1.00000
Error = :7.10e-02; Runtime: 33.3s; Iterations = 700, grads =   5.809e-06, unitary_metric = 1.00000
Error = :7.10e-02; Runtime: 34.4s; Iterations = 720, grads =   2.455e-05, unitary_metric = 1.00000
Error = :7.09e-02; Runtime: 35.3s; Iterations = 740, grads =   3.009e-06, unitary_metric = 1.00000
Error = :7.09e-02; Runtime: 36.2s; Iterations = 760, grads =   3.112e-07, unitary_metric = 1.00000
Error = :7.09e-02; Runtime: 37.1s; Iterations = 780, grads =   1.486e-07, unitary_metric = 1.00000
Error = :7.09e-02; Runtime: 38.1s; Iterations = 800, grads =   1.210e-07, unitary_metric = 1.00000
Error = :7.08e-02; Runtime: 39.1s; Iterations = 820, grads =   1.094e-07, unitary_metric = 1.00000
Error = :7.08e-02; Runtime: 40.0s; Iterations = 840, grads =   1.001e-07, unitary_metric = 1.00000
Error = :7.08e-02; Runtime: 40.9s; Iterations = 860, grads =   9.216e-08, unitary_metric = 1.00000
Error = :7.08e-02; Runtime: 41.9s; Iterations = 880, grads =   8.513e-08, unitary_metric = 1.00000
Error = :7.07e-02; Runtime: 42.8s; Iterations = 900, grads =   7.876e-08, unitary_metric = 1.00000
Error = :7.07e-02; Runtime: 43.8s; Iterations = 920, grads =   7.311e-08, unitary_metric = 1.00000
Error = :7.07e-02; Runtime: 44.7s; Iterations = 940, grads =   7.858e-08, unitary_metric = 1.00000
Error = :7.07e-02; Runtime: 45.7s; Iterations = 960, grads =   5.292e-06, unitary_metric = 1.00000
Error = :7.07e-02; Runtime: 46.6s; Iterations = 980, grads =   1.696e-04, unitary_metric = 1.00000
Error = :7.07e-02; Runtime: 47.5s; Iterations = 1000, grads =   7.189e-06, unitary_metric = 1.00000
Error = :7.07e-02; Runtime: 48.5s; Iterations = 1020, grads =   1.904e-06, unitary_metric = 1.00000
Error = :7.06e-02; Runtime: 49.5s; Iterations = 1040, grads =   8.634e-08, unitary_metric = 1.00000
Error = :7.06e-02; Runtime: 50.4s; Iterations = 1060, grads =   6.939e-08, unitary_metric = 1.00000
Error = :7.06e-02; Runtime: 51.3s; Iterations = 1080, grads =   4.395e-08, unitary_metric = 1.00000
Error = :7.06e-02; Runtime: 52.2s; Iterations = 1100, grads =   3.902e-08, unitary_metric = 1.00000
Error = :7.06e-02; Runtime: 53.3s; Iterations = 1120, grads =   3.641e-08, unitary_metric = 1.00000
Error = :7.06e-02; Runtime: 54.2s; Iterations = 1140, grads =   3.441e-08, unitary_metric = 1.00000
Error = :7.06e-02; Runtime: 55.1s; Iterations = 1160, grads =   1.069e-07, unitary_metric = 1.00000
Error = :7.06e-02; Runtime: 56.1s; Iterations = 1180, grads =   3.862e-05, unitary_metric = 1.00000
Error = :7.06e-02; Runtime: 57.0s; Iterations = 1200, grads =   3.632e-06, unitary_metric = 1.00000
Error = :7.06e-02; Runtime: 58.0s; Iterations = 1220, grads =   2.934e-07, unitary_metric = 1.00000
Error = :7.06e-02; Runtime: 58.9s; Iterations = 1240, grads =   9.095e-08, unitary_metric = 1.00000
Error = :7.06e-02; Runtime: 59.9s; Iterations = 1260, grads =   1.771e-04, unitary_metric = 1.00000
Error = :7.05e-02; Runtime: 60.8s; Iterations = 1280, grads =   1.368e-05, unitary_metric = 1.00000
Error = :7.05e-02; Runtime: 61.7s; Iterations = 1300, grads =   8.694e-07, unitary_metric = 1.00000
Error = :7.05e-02; Runtime: 62.7s; Iterations = 1320, grads =   2.341e-07, unitary_metric = 1.00000
Error = :7.05e-02; Runtime: 63.7s; Iterations = 1340, grads =   1.030e-07, unitary_metric = 1.00000
Error = :7.05e-02; Runtime: 64.6s; Iterations = 1360, grads =   1.992e-08, unitary_metric = 1.00000
Error = :7.05e-02; Runtime: 65.5s; Iterations = 1380, grads =   1.891e-08, unitary_metric = 1.00000
Error = :7.05e-02; Runtime: 66.5s; Iterations = 1400, grads =   8.191e-08, unitary_metric = 1.00000
Error = :7.05e-02; Runtime: 67.5s; Iterations = 1420, grads =   3.117e-08, unitary_metric = 1.00000
Error = :7.05e-02; Runtime: 68.4s; Iterations = 1440, grads =   5.777e-05, unitary_metric = 1.00000
Error = :7.05e-02; Runtime: 69.3s; Iterations = 1460, grads =   6.995e-06, unitary_metric = 1.00000
Error = :7.05e-02; Runtime: 70.3s; Iterations = 1480, grads =   2.029e-07, unitary_metric = 1.00000
Error = :7.05e-02; Runtime: 71.2s; Iterations = 1500, grads =   1.007e-07, unitary_metric = 1.00000
Error = :7.05e-02; Runtime: 72.2s; Iterations = 1520, grads =   7.750e-06, unitary_metric = 1.00000
Error = :7.05e-02; Runtime: 73.1s; Iterations = 1540, grads =   6.051e-05, unitary_metric = 1.00000
Error = :7.05e-02; Runtime: 74.1s; Iterations = 1560, grads =   5.426e-07, unitary_metric = 1.00000
Error = :7.05e-02; Runtime: 75.0s; Iterations = 1580, grads =   4.742e-05, unitary_metric = 1.00000
Error = :7.05e-02; Runtime: 75.9s; Iterations = 1600, grads =   8.537e-07, unitary_metric = 1.00000
Error = :7.05e-02; Runtime: 77.0s; Iterations = 1620, grads =   7.598e-07, unitary_metric = 1.00000
Error = :7.05e-02; Runtime: 77.9s; Iterations = 1640, grads =   1.130e-08, unitary_metric = 1.00000
Error = :7.05e-02; Runtime: 78.8s; Iterations = 1660, grads =   1.341e-08, unitary_metric = 1.00000
Error = :7.05e-02; Runtime: 79.7s; Iterations = 1680, grads =   9.688e-09, unitary_metric = 1.00000
Error = :7.05e-02; Runtime: 80.7s; Iterations = 1700, grads =   9.088e-09, unitary_metric = 1.00000
Error = :7.05e-02; Runtime: 81.7s; Iterations = 1720, grads =   9.411e-09, unitary_metric = 1.00000
Error = :7.05e-02; Runtime: 82.6s; Iterations = 1740, grads =   3.663e-08, unitary_metric = 1.00000
Error = :7.05e-02; Runtime: 83.5s; Iterations = 1760, grads =   1.781e-05, unitary_metric = 1.00000
Error = :7.05e-02; Runtime: 84.5s; Iterations = 1780, grads =   2.814e-05, unitary_metric = 1.00000
Error = :7.05e-02; Runtime: 85.4s; Iterations = 1800, grads =   9.757e-06, unitary_metric = 1.00000
Error = :7.05e-02; Runtime: 86.4s; Iterations = 1820, grads =   7.092e-05, unitary_metric = 1.00000
Error = :7.05e-02; Runtime: 87.4s; Iterations = 1840, grads =   6.308e-06, unitary_metric = 1.00000
Error = :7.04e-02; Runtime: 88.3s; Iterations = 1860, grads =   1.098e-06, unitary_metric = 1.00000
Error = :7.04e-02; Runtime: 89.2s; Iterations = 1880, grads =   2.344e-08, unitary_metric = 1.00000
Error = :7.04e-02; Runtime: 90.1s; Iterations = 1900, grads =   2.144e-08, unitary_metric = 1.00000
Error = :7.04e-02; Runtime: 91.2s; Iterations = 1920, grads =   1.023e-08, unitary_metric = 1.00000
Error = :7.04e-02; Runtime: 92.1s; Iterations = 1940, grads =   7.196e-09, unitary_metric = 1.00000
Error = :7.04e-02; Runtime: 93.0s; Iterations = 1960, grads =   6.642e-09, unitary_metric = 1.00000
Error = :7.04e-02; Runtime: 93.9s; Iterations = 1980, grads =   7.183e-09, unitary_metric = 1.00000
Error = :7.04e-02; Runtime: 94.9s; Iterations = 2000, grads =   5.996e-08, unitary_metric = 1.00000
Error = :7.04e-02; Runtime: 95.9s; Iterations = 2020, grads =   1.625e-05, unitary_metric = 1.00000
Error = :7.05e-02; Runtime: 96.8s; Iterations = 2040, grads =   1.377e-04, unitary_metric = 1.00000
Error = :7.04e-02; Runtime: 97.8s; Iterations = 2060, grads =   3.906e-06, unitary_metric = 1.00000
Error = :7.04e-02; Runtime: 98.7s; Iterations = 2080, grads =   1.193e-05, unitary_metric = 1.00000
Error = :7.04e-02; Runtime: 99.6s; Iterations = 2100, grads =   7.610e-06, unitary_metric = 1.00000
Error = :7.04e-02; Runtime: 100.7s; Iterations = 2120, grads =   1.019e-06, unitary_metric = 1.00000
Error = :7.04e-02; Runtime: 101.6s; Iterations = 2140, grads =   1.548e-07, unitary_metric = 1.00000
Error = :7.04e-02; Runtime: 102.5s; Iterations = 2160, grads =   8.877e-09, unitary_metric = 1.00000
Error = :7.04e-02; Runtime: 103.4s; Iterations = 2180, grads =   2.674e-08, unitary_metric = 1.00000
Error = :7.04e-02; Runtime: 104.4s; Iterations = 2200, grads =   7.161e-09, unitary_metric = 1.00000
Error = :7.04e-02; Runtime: 105.4s; Iterations = 2220, grads =   5.830e-09, unitary_metric = 1.00000
Error = :7.04e-02; Runtime: 106.3s; Iterations = 2240, grads =   4.521e-08, unitary_metric = 1.00000
Error = :7.04e-02; Runtime: 107.2s; Iterations = 2260, grads =   1.634e-05, unitary_metric = 1.00000
Error = :7.04e-02; Runtime: 108.2s; Iterations = 2280, grads =   1.177e-05, unitary_metric = 1.00000
Error = :7.04e-02; Runtime: 109.1s; Iterations = 2300, grads =   7.083e-06, unitary_metric = 1.00000
Error = :7.04e-02; Runtime: 110.1s; Iterations = 2320, grads =   1.814e-07, unitary_metric = 1.00000
Error = :7.04e-02; Runtime: 111.1s; Iterations = 2340, grads =   5.917e-09, unitary_metric = 1.00000
Error = :7.04e-02; Runtime: 112.0s; Iterations = 2360, grads =   6.551e-09, unitary_metric = 1.00000
Error = :7.04e-02; Runtime: 112.9s; Iterations = 2380, grads =   7.677e-09, unitary_metric = 1.00000
Error = :7.04e-02; Runtime: 113.9s; Iterations = 2400, grads =   3.586e-08, unitary_metric = 1.00000
Error = :7.04e-02; Runtime: 114.9s; Iterations = 2420, grads =   1.097e-05, unitary_metric = 1.00000
Error = :7.04e-02; Runtime: 115.8s; Iterations = 2440, grads =   2.438e-05, unitary_metric = 1.00000
Error = :7.04e-02; Runtime: 116.7s; Iterations = 2460, grads =   1.295e-06, unitary_metric = 1.00000
Error = :7.04e-02; Runtime: 117.7s; Iterations = 2480, grads =   1.010e-08, unitary_metric = 1.00000
Error = :7.04e-02; Runtime: 118.6s; Iterations = 2500, grads =   2.415e-08, unitary_metric = 1.00000
Error = :7.04e-02; Runtime: 119.6s; Iterations = 2520, grads =   5.044e-06, unitary_metric = 1.00000
Error = :7.04e-02; Runtime: 120.6s; Iterations = 2540, grads =   1.777e-06, unitary_metric = 1.00000
Error = :7.04e-02; Runtime: 121.5s; Iterations = 2560, grads =   2.852e-06, unitary_metric = 1.00000
Error = :7.04e-02; Runtime: 122.4s; Iterations = 2580, grads =   6.196e-08, unitary_metric = 1.00000
Error = :7.04e-02; Runtime: 123.3s; Iterations = 2600, grads =   3.765e-08, unitary_metric = 1.00000
Error = :7.04e-02; Runtime: 124.4s; Iterations = 2620, grads =   1.038e-08, unitary_metric = 1.00000
Error = :7.04e-02; Runtime: 125.3s; Iterations = 2640, grads =   5.627e-09, unitary_metric = 1.00000
Error = :7.04e-02; Runtime: 126.2s; Iterations = 2660, grads =   4.923e-08, unitary_metric = 1.00000
Error = :7.04e-02; Runtime: 127.1s; Iterations = 2680, grads =   1.880e-05, unitary_metric = 1.00000
Error = :7.04e-02; Runtime: 128.1s; Iterations = 2700, grads =   7.098e-06, unitary_metric = 1.00000
Error = :7.04e-02; Runtime: 129.1s; Iterations = 2720, grads =   8.237e-08, unitary_metric = 1.00000
Error = :7.04e-02; Runtime: 130.0s; Iterations = 2740, grads =   1.863e-07, unitary_metric = 1.00000
Error = :7.04e-02; Runtime: 131.0s; Iterations = 2760, grads =   6.138e-06, unitary_metric = 1.00000
Error = :7.04e-02; Runtime: 131.9s; Iterations = 2780, grads =   4.169e-08, unitary_metric = 1.00000
Error = :7.04e-02; Runtime: 132.8s; Iterations = 2800, grads =   1.155e-07, unitary_metric = 1.00000
Error = :7.04e-02; Runtime: 133.8s; Iterations = 2820, grads =   1.234e-05, unitary_metric = 1.00000
Error = :7.04e-02; Runtime: 134.8s; Iterations = 2840, grads =   1.504e-06, unitary_metric = 1.00000
Error = :7.04e-02; Runtime: 135.7s; Iterations = 2860, grads =   2.877e-07, unitary_metric = 1.00000
Error = :7.04e-02; Runtime: 136.6s; Iterations = 2880, grads =   7.421e-08, unitary_metric = 1.00000
Error = :7.04e-02; Runtime: 137.5s; Iterations = 2900, grads =   8.503e-09, unitary_metric = 1.00000
Error = :7.04e-02; Runtime: 138.6s; Iterations = 2920, grads =   5.721e-09, unitary_metric = 1.00000
Error = :7.04e-02; Runtime: 139.5s; Iterations = 2940, grads =   5.729e-08, unitary_metric = 1.00000
Error = :7.04e-02; Runtime: 140.4s; Iterations = 2960, grads =   3.405e-05, unitary_metric = 1.00000
Error = :7.04e-02; Runtime: 141.4s; Iterations = 2980, grads =   2.081e-06, unitary_metric = 1.00000
Error = :7.04e-02; Runtime: 142.3s; Iterations = 3000, grads =   1.515e-06, unitary_metric = 1.00000
Error = :7.04e-02; Runtime: 143.4s; Iterations = 3020, grads =   6.924e-06, unitary_metric = 1.00000
Error = :7.04e-02; Runtime: 144.3s; Iterations = 3040, grads =   1.699e-05, unitary_metric = 1.00000
Error = :7.04e-02; Runtime: 145.2s; Iterations = 3060, grads =   8.922e-08, unitary_metric = 1.00000
Error = :7.04e-02; Runtime: 146.1s; Iterations = 3080, grads =   6.510e-09, unitary_metric = 1.00000
Error = :7.04e-02; Runtime: 147.1s; Iterations = 3100, grads =   1.446e-08, unitary_metric = 1.00000
Error = :7.04e-02; Runtime: 148.1s; Iterations = 3120, grads =   1.005e-08, unitary_metric = 1.00000
Error = :7.04e-02; Runtime: 149.0s; Iterations = 3140, grads =   3.784e-09, unitary_metric = 1.00000
Error = :7.04e-02; Runtime: 149.9s; Iterations = 3160, grads =   4.180e-09, unitary_metric = 1.00000
Error = :7.04e-02; Runtime: 150.9s; Iterations = 3180, grads =   3.629e-09, unitary_metric = 1.00000
Error = :7.04e-02; Runtime: 151.9s; Iterations = 3200, grads =   4.696e-09, unitary_metric = 1.00000
Error = :7.04e-02; Runtime: 153.0s; Iterations = 3220, grads =   1.240e-08, unitary_metric = 1.00000
Error = :7.04e-02; Runtime: 153.9s; Iterations = 3240, grads =   8.644e-08, unitary_metric = 1.00000
Error = :7.04e-02; Runtime: 154.8s; Iterations = 3260, grads =   2.738e-05, unitary_metric = 1.00000
Error = :7.04e-02; Runtime: 155.7s; Iterations = 3280, grads =   9.440e-06, unitary_metric = 1.00000
Error = :7.04e-02; Runtime: 156.7s; Iterations = 3300, grads =   5.499e-07, unitary_metric = 1.00000
Error = :7.04e-02; Runtime: 157.7s; Iterations = 3320, grads =   6.236e-08, unitary_metric = 1.00000
Error = :7.04e-02; Runtime: 158.6s; Iterations = 3340, grads =   9.626e-09, unitary_metric = 1.00000
Error = :7.04e-02; Runtime: 159.6s; Iterations = 3360, grads =   3.615e-09, unitary_metric = 1.00000
Error = :7.04e-02; Runtime: 160.5s; Iterations = 3380, grads =   4.234e-09, unitary_metric = 1.00000
Error = :7.04e-02; Runtime: 161.4s; Iterations = 3400, grads =   3.414e-09, unitary_metric = 1.00000
Error = :7.04e-02; Runtime: 162.4s; Iterations = 3420, grads =   3.421e-09, unitary_metric = 1.00000
Error = :7.04e-02; Runtime: 163.4s; Iterations = 3440, grads =   3.607e-09, unitary_metric = 1.00000
Error = :7.04e-02; Runtime: 164.3s; Iterations = 3460, grads =   3.724e-09, unitary_metric = 1.00000
Error = :7.04e-02; Runtime: 165.2s; Iterations = 3480, grads =   6.556e-09, unitary_metric = 1.00000
Error = :7.04e-02; Runtime: 166.2s; Iterations = 3500, grads =   2.988e-07, unitary_metric = 1.00000
Error = :7.05e-02; Runtime: 167.2s; Iterations = 3520, grads =   4.354e-05, unitary_metric = 1.00000
Error = :7.05e-02; Runtime: 168.1s; Iterations = 3540, grads =   2.609e-05, unitary_metric = 1.00000
Error = :7.04e-02; Runtime: 169.0s; Iterations = 3560, grads =   2.361e-06, unitary_metric = 1.00000
Error = :7.04e-02; Runtime: 170.0s; Iterations = 3580, grads =   1.880e-07, unitary_metric = 1.00000
Error = :7.04e-02; Runtime: 170.9s; Iterations = 3600, grads =   2.251e-08, unitary_metric = 1.00000
Error = :7.04e-02; Runtime: 171.9s; Iterations = 3620, grads =   9.834e-09, unitary_metric = 1.00000
Error = :7.05e-02; Runtime: 172.8s; Iterations = 3640, grads =   3.550e-09, unitary_metric = 1.00000
Error = :7.05e-02; Runtime: 173.8s; Iterations = 3660, grads =   3.379e-09, unitary_metric = 1.00000
Error = :7.05e-02; Runtime: 174.7s; Iterations = 3680, grads =   3.943e-09, unitary_metric = 1.00000
Error = :7.05e-02; Runtime: 175.6s; Iterations = 3700, grads =   3.545e-09, unitary_metric = 1.00000
Error = :7.05e-02; Runtime: 176.7s; Iterations = 3720, grads =   1.073e-08, unitary_metric = 1.00000
Error = :7.05e-02; Runtime: 177.6s; Iterations = 3740, grads =   4.360e-07, unitary_metric = 1.00000
Error = :7.05e-02; Runtime: 178.5s; Iterations = 3760, grads =   5.068e-06, unitary_metric = 1.00000
Error = :7.05e-02; Runtime: 179.4s; Iterations = 3780, grads =   3.163e-05, unitary_metric = 1.00000
Error = :7.05e-02; Runtime: 180.4s; Iterations = 3800, grads =   3.119e-06, unitary_metric = 1.00000
Error = :7.05e-02; Runtime: 181.4s; Iterations = 3820, grads =   2.121e-06, unitary_metric = 1.00000
Error = :7.05e-02; Runtime: 182.3s; Iterations = 3840, grads =   2.319e-07, unitary_metric = 1.00000
Error = :7.05e-02; Runtime: 183.3s; Iterations = 3860, grads =   2.614e-08, unitary_metric = 1.00000
Error = :7.05e-02; Runtime: 184.2s; Iterations = 3880, grads =   6.935e-09, unitary_metric = 1.00000
Error = :7.05e-02; Runtime: 185.1s; Iterations = 3900, grads =   4.042e-09, unitary_metric = 1.00000
Error = :7.05e-02; Runtime: 186.1s; Iterations = 3920, grads =   4.148e-09, unitary_metric = 1.00000
Error = :7.05e-02; Runtime: 187.1s; Iterations = 3940, grads =   5.404e-08, unitary_metric = 1.00000
Error = :7.05e-02; Runtime: 188.0s; Iterations = 3960, grads =   6.422e-06, unitary_metric = 1.00000
Error = :7.05e-02; Runtime: 188.9s; Iterations = 3980, grads =   6.351e-07, unitary_metric = 1.00000
Error = :7.05e-02; Runtime: 189.8s; Iterations = 4000, grads =   2.034e-07, unitary_metric = 1.00000
Error = :7.05e-02; Runtime: 190.9s; Iterations = 4020, grads =   2.661e-08, unitary_metric = 1.00000
Error = :7.05e-02; Runtime: 191.8s; Iterations = 4040, grads =   4.553e-08, unitary_metric = 1.00000
Error = :7.05e-02; Runtime: 192.7s; Iterations = 4060, grads =   6.413e-06, unitary_metric = 1.00000
Error = :7.05e-02; Runtime: 193.6s; Iterations = 4080, grads =   1.063e-05, unitary_metric = 1.00000
Error = :7.05e-02; Runtime: 194.6s; Iterations = 4100, grads =   5.094e-06, unitary_metric = 1.00000
Error = :7.05e-02; Runtime: 195.6s; Iterations = 4120, grads =   4.305e-07, unitary_metric = 1.00000
Error = :7.05e-02; Runtime: 196.5s; Iterations = 4140, grads =   2.903e-08, unitary_metric = 1.00000
Error = :7.05e-02; Runtime: 197.5s; Iterations = 4160, grads =   1.821e-07, unitary_metric = 1.00000
Error = :7.05e-02; Runtime: 198.4s; Iterations = 4180, grads =   6.607e-06, unitary_metric = 1.00000
Error = :7.05e-02; Runtime: 199.3s; Iterations = 4200, grads =   2.852e-07, unitary_metric = 1.00000
Error = :7.05e-02; Runtime: 200.4s; Iterations = 4220, grads =   9.379e-09, unitary_metric = 1.00000
Error = :7.05e-02; Runtime: 201.3s; Iterations = 4240, grads =   3.868e-08, unitary_metric = 1.00000
Error = :7.05e-02; Runtime: 202.2s; Iterations = 4260, grads =   1.463e-06, unitary_metric = 1.00000
Error = :7.05e-02; Runtime: 203.2s; Iterations = 4280, grads =   4.703e-07, unitary_metric = 1.00000
Error = :7.05e-02; Runtime: 204.1s; Iterations = 4300, grads =   1.881e-08, unitary_metric = 1.00000
Error = :7.05e-02; Runtime: 205.1s; Iterations = 4320, grads =   2.369e-06, unitary_metric = 1.00000
Error = :7.05e-02; Runtime: 206.0s; Iterations = 4340, grads =   1.714e-06, unitary_metric = 1.00000
Error = :7.05e-02; Runtime: 207.0s; Iterations = 4360, grads =   5.847e-07, unitary_metric = 1.00000
Error = :7.05e-02; Runtime: 207.9s; Iterations = 4380, grads =   1.452e-06, unitary_metric = 1.00000
Error = :7.05e-02; Runtime: 208.8s; Iterations = 4400, grads =   1.828e-06, unitary_metric = 1.00000
Error = :7.05e-02; Runtime: 209.9s; Iterations = 4420, grads =   1.719e-07, unitary_metric = 1.00000
Error = :7.05e-02; Runtime: 210.8s; Iterations = 4440, grads =   3.069e-07, unitary_metric = 1.00000
Error = :7.05e-02; Runtime: 211.7s; Iterations = 4460, grads =   4.016e-08, unitary_metric = 1.00000
Error = :7.05e-02; Runtime: 212.6s; Iterations = 4480, grads =   9.466e-08, unitary_metric = 1.00000
Error = :7.05e-02; Runtime: 213.6s; Iterations = 4500, grads =   8.772e-09, unitary_metric = 1.00000
Error = :7.05e-02; Runtime: 214.6s; Iterations = 4520, grads =   3.224e-09, unitary_metric = 1.00000
Error = :7.05e-02; Runtime: 215.5s; Iterations = 4540, grads =   3.523e-09, unitary_metric = 1.00000
Error = :7.05e-02; Runtime: 216.4s; Iterations = 4560, grads =   2.318e-08, unitary_metric = 1.00000
Error = :7.05e-02; Runtime: 217.4s; Iterations = 4580, grads =   3.425e-06, unitary_metric = 1.00000
Error = :7.05e-02; Runtime: 218.3s; Iterations = 4600, grads =   9.680e-06, unitary_metric = 1.00000
Error = :7.05e-02; Runtime: 219.3s; Iterations = 4620, grads =   1.715e-06, unitary_metric = 1.00000
Error = :7.05e-02; Runtime: 220.3s; Iterations = 4640, grads =   1.910e-06, unitary_metric = 1.00000
Error = :7.05e-02; Runtime: 221.2s; Iterations = 4660, grads =   2.988e-08, unitary_metric = 1.00000
Error = :7.05e-02; Runtime: 222.1s; Iterations = 4680, grads =   2.697e-08, unitary_metric = 1.00000
Error = :7.05e-02; Runtime: 223.0s; Iterations = 4700, grads =   3.773e-09, unitary_metric = 1.00000
Error = :7.05e-02; Runtime: 224.1s; Iterations = 4720, grads =   3.471e-09, unitary_metric = 1.00000
Error = :7.05e-02; Runtime: 225.0s; Iterations = 4740, grads =   3.298e-09, unitary_metric = 1.00000
Error = :7.06e-02; Runtime: 225.9s; Iterations = 4760, grads =   2.920e-09, unitary_metric = 1.00000
Error = :7.06e-02; Runtime: 226.8s; Iterations = 4780, grads =   3.103e-09, unitary_metric = 1.00000
Error = :7.06e-02; Runtime: 227.8s; Iterations = 4800, grads =   3.430e-08, unitary_metric = 1.00000
Error = :7.06e-02; Runtime: 228.8s; Iterations = 4820, grads =   1.494e-05, unitary_metric = 1.00000
Error = :7.06e-02; Runtime: 229.7s; Iterations = 4840, grads =   3.095e-06, unitary_metric = 1.00000
Error = :7.06e-02; Runtime: 230.7s; Iterations = 4860, grads =   1.296e-06, unitary_metric = 1.00000
Error = :7.06e-02; Runtime: 231.6s; Iterations = 4880, grads =   3.770e-07, unitary_metric = 1.00000
Error = :7.06e-02; Runtime: 232.5s; Iterations = 4900, grads =   3.279e-06, unitary_metric = 1.00000
Error = :7.06e-02; Runtime: 233.6s; Iterations = 4920, grads =   4.345e-07, unitary_metric = 1.00000
Error = :7.06e-02; Runtime: 234.5s; Iterations = 4940, grads =   9.565e-08, unitary_metric = 1.00000
Error = :7.06e-02; Runtime: 235.4s; Iterations = 4960, grads =   2.228e-08, unitary_metric = 1.00000
Error = :7.06e-02; Runtime: 236.3s; Iterations = 4980, grads =   2.950e-09, unitary_metric = 1.00000
Error = :7.06e-02; Runtime: 237.3s; Iterations = 5000, grads =   3.268e-09, unitary_metric = 1.00000
Error = :7.06e-02; Runtime: 238.3s; Iterations = 5020, grads =   3.224e-09, unitary_metric = 1.00000
Error = :7.06e-02; Runtime: 239.2s; Iterations = 5040, grads =   2.638e-08, unitary_metric = 1.00000
Error = :7.06e-02; Runtime: 240.1s; Iterations = 5060, grads =   1.672e-06, unitary_metric = 1.00000
Error = :7.06e-02; Runtime: 241.1s; Iterations = 5080, grads =   5.034e-08, unitary_metric = 1.00000
Error = :7.06e-02; Runtime: 242.0s; Iterations = 5100, grads =   9.338e-07, unitary_metric = 1.00000
Error = :7.06e-02; Runtime: 243.1s; Iterations = 5120, grads =   7.496e-06, unitary_metric = 1.00000
Error = :7.06e-02; Runtime: 244.0s; Iterations = 5140, grads =   2.237e-06, unitary_metric = 1.00000
Error = :7.06e-02; Runtime: 245.0s; Iterations = 5160, grads =   4.284e-07, unitary_metric = 1.00000
Error = :7.06e-02; Runtime: 245.9s; Iterations = 5180, grads =   1.467e-08, unitary_metric = 1.00000
Error = :7.06e-02; Runtime: 246.8s; Iterations = 5200, grads =   5.795e-09, unitary_metric = 1.00000
Error = :7.06e-02; Runtime: 247.8s; Iterations = 5220, grads =   2.799e-09, unitary_metric = 1.00000
Error = :7.06e-02; Runtime: 248.8s; Iterations = 5240, grads =   2.580e-09, unitary_metric = 1.00000
Error = :7.06e-02; Runtime: 249.7s; Iterations = 5260, grads =   3.001e-09, unitary_metric = 1.00000
Error = :7.06e-02; Runtime: 250.6s; Iterations = 5280, grads =   4.501e-08, unitary_metric = 1.00000
Error = :7.06e-02; Runtime: 251.5s; Iterations = 5300, grads =   9.404e-06, unitary_metric = 1.00000
Error = :7.06e-02; Runtime: 252.6s; Iterations = 5320, grads =   1.717e-06, unitary_metric = 1.00000
Error = :7.07e-02; Runtime: 253.5s; Iterations = 5340, grads =   1.336e-06, unitary_metric = 1.00000
Error = :7.07e-02; Runtime: 254.4s; Iterations = 5360, grads =   9.393e-07, unitary_metric = 1.00000
Error = :7.07e-02; Runtime: 255.3s; Iterations = 5380, grads =   7.411e-08, unitary_metric = 1.00000
Error = :7.07e-02; Runtime: 256.3s; Iterations = 5400, grads =   2.694e-09, unitary_metric = 1.00000
Error = :7.07e-02; Runtime: 257.3s; Iterations = 5420, grads =   5.241e-09, unitary_metric = 1.00000
Error = :7.07e-02; Runtime: 258.2s; Iterations = 5440, grads =   3.390e-09, unitary_metric = 1.00000
Error = :7.07e-02; Runtime: 259.1s; Iterations = 5460, grads =   2.423e-09, unitary_metric = 1.00000
Error = :7.07e-02; Runtime: 260.1s; Iterations = 5480, grads =   3.410e-09, unitary_metric = 1.00000
Error = :7.07e-02; Runtime: 261.0s; Iterations = 5500, grads =   1.754e-08, unitary_metric = 1.00000
Error = :7.07e-02; Runtime: 262.0s; Iterations = 5520, grads =   1.239e-06, unitary_metric = 1.00000
Error = :7.07e-02; Runtime: 263.0s; Iterations = 5540, grads =   1.058e-06, unitary_metric = 1.00000
Error = :7.07e-02; Runtime: 263.9s; Iterations = 5560, grads =   4.681e-06, unitary_metric = 1.00000
Error = :7.07e-02; Runtime: 264.8s; Iterations = 5580, grads =   9.050e-07, unitary_metric = 1.00000
Error = :7.07e-02; Runtime: 265.7s; Iterations = 5600, grads =   2.136e-07, unitary_metric = 1.00000
Error = :7.07e-02; Runtime: 266.8s; Iterations = 5620, grads =   8.633e-09, unitary_metric = 1.00000
Error = :7.07e-02; Runtime: 267.7s; Iterations = 5640, grads =   4.353e-09, unitary_metric = 1.00000
Error = :7.07e-02; Runtime: 268.6s; Iterations = 5660, grads =   3.298e-09, unitary_metric = 1.00000
Error = :7.07e-02; Runtime: 269.5s; Iterations = 5680, grads =   2.704e-09, unitary_metric = 1.00000
Error = :7.07e-02; Runtime: 270.5s; Iterations = 5700, grads =   8.661e-09, unitary_metric = 1.00000
Error = :7.07e-02; Runtime: 271.5s; Iterations = 5720, grads =   3.466e-07, unitary_metric = 1.00000
Error = :7.07e-02; Runtime: 272.6s; Iterations = 5740, grads =   1.003e-05, unitary_metric = 1.00000
Error = :7.07e-02; Runtime: 273.5s; Iterations = 5760, grads =   1.188e-06, unitary_metric = 1.00000
Error = :7.07e-02; Runtime: 274.4s; Iterations = 5780, grads =   2.813e-08, unitary_metric = 1.00000
Error = :7.07e-02; Runtime: 275.4s; Iterations = 5800, grads =   6.385e-08, unitary_metric = 1.00000
Error = :7.07e-02; Runtime: 276.4s; Iterations = 5820, grads =   2.885e-07, unitary_metric = 1.00000
Error = :7.07e-02; Runtime: 277.3s; Iterations = 5840, grads =   5.864e-08, unitary_metric = 1.00000
Error = :7.08e-02; Runtime: 278.3s; Iterations = 5860, grads =   3.313e-09, unitary_metric = 1.00000
Error = :7.08e-02; Runtime: 279.2s; Iterations = 5880, grads =   4.094e-09, unitary_metric = 1.00000
Error = :7.08e-02; Runtime: 280.1s; Iterations = 5900, grads =   8.947e-09, unitary_metric = 1.00000
Error = :7.08e-02; Runtime: 281.1s; Iterations = 5920, grads =   3.342e-07, unitary_metric = 1.00000
Error = :7.08e-02; Runtime: 282.1s; Iterations = 5940, grads =   2.791e-06, unitary_metric = 1.00000
Error = :7.08e-02; Runtime: 283.0s; Iterations = 5960, grads =   2.600e-06, unitary_metric = 1.00000
Error = :7.08e-02; Runtime: 283.9s; Iterations = 5980, grads =   9.520e-07, unitary_metric = 1.00000
Error = :7.08e-02; Runtime: 284.8s; Iterations = 6000, grads =   3.204e-08, unitary_metric = 1.00000
data saved at: /project/ftchong/qoc/pranav/00028_30_lih_slice_63.h5


trying total_time: 3.75 for unitary of size (16, 16)
data saved at: /project/ftchong/qoc/pranav/00029_30_lih_slice_63.h5
Using 7 Taylor terms and 2 Scaling & Squaring terms
Building graph:
Propagators initialized.
Operators weight initialized.
Intermediate propagation variables initialized.
Intermediate propagators initialized.
Vectors initialized.
Training loss initialized.
Optimizer initialized.
Utilities initialized.
Graph built!
Initialized
Error = :8.96e-01; Runtime: 0.2s; Iterations = 0, grads =   1.956e-02, unitary_metric = 1.00000
Error = :6.30e-01; Runtime: 1.8s; Iterations = 20, grads =   1.036e-02, unitary_metric = 1.00000
Error = :3.32e-01; Runtime: 3.2s; Iterations = 40, grads =   6.220e-03, unitary_metric = 1.00000
Error = :1.60e-01; Runtime: 4.6s; Iterations = 60, grads =   2.393e-03, unitary_metric = 1.00000
Error = :7.23e-02; Runtime: 5.9s; Iterations = 80, grads =   7.830e-04, unitary_metric = 0.99999
Error = :3.35e-02; Runtime: 7.3s; Iterations = 100, grads =   2.912e-04, unitary_metric = 0.99999
Error = :1.65e-02; Runtime: 8.8s; Iterations = 120, grads =   1.205e-04, unitary_metric = 0.99999
Error = :8.81e-03; Runtime: 10.2s; Iterations = 140, grads =   5.414e-05, unitary_metric = 0.99999
Error = :5.03e-03; Runtime: 11.5s; Iterations = 160, grads =   2.655e-05, unitary_metric = 1.00000
Error = :3.04e-03; Runtime: 12.9s; Iterations = 180, grads =   1.404e-05, unitary_metric = 0.99999
Error = :2.03e-03; Runtime: 14.3s; Iterations = 200, grads =   1.043e-03, unitary_metric = 1.00000
Error = :1.27e-03; Runtime: 15.8s; Iterations = 220, grads =   3.726e-04, unitary_metric = 1.00000
Error = :9.95e-04; Runtime: 16.5s; Iterations = 230, grads =   1.551e-05, unitary_metric = 1.00000
data saved at: /project/ftchong/qoc/pranav/00029_30_lih_slice_63.h5


trying total_time: 3.1 for unitary of size (16, 16)
data saved at: /project/ftchong/qoc/pranav/00030_30_lih_slice_63.h5
Using 8 Taylor terms and 1 Scaling & Squaring terms
Building graph:
Propagators initialized.
Operators weight initialized.
Intermediate propagation variables initialized.
Intermediate propagators initialized.
Vectors initialized.
Training loss initialized.
Optimizer initialized.
Utilities initialized.
Graph built!
Initialized
Error = :8.68e-01; Runtime: 0.1s; Iterations = 0, grads =   1.110e-02, unitary_metric = 1.00000
Error = :6.15e-01; Runtime: 1.5s; Iterations = 20, grads =   6.616e-03, unitary_metric = 1.00000
Error = :3.85e-01; Runtime: 2.7s; Iterations = 40, grads =   3.656e-03, unitary_metric = 1.00000
Error = :2.31e-01; Runtime: 3.8s; Iterations = 60, grads =   2.140e-03, unitary_metric = 1.00000
Error = :1.37e-01; Runtime: 5.0s; Iterations = 80, grads =   9.754e-04, unitary_metric = 1.00000
Error = :8.51e-02; Runtime: 6.1s; Iterations = 100, grads =   4.598e-04, unitary_metric = 1.00000
Error = :5.79e-02; Runtime: 7.4s; Iterations = 120, grads =   2.251e-04, unitary_metric = 1.00000
Error = :4.33e-02; Runtime: 8.5s; Iterations = 140, grads =   1.225e-04, unitary_metric = 1.00000
Error = :3.49e-02; Runtime: 9.7s; Iterations = 160, grads =   1.157e-04, unitary_metric = 1.00000
Error = :2.97e-02; Runtime: 10.8s; Iterations = 180, grads =   1.341e-04, unitary_metric = 1.00000
Error = :2.62e-02; Runtime: 11.9s; Iterations = 200, grads =   3.767e-05, unitary_metric = 1.00000
Error = :2.37e-02; Runtime: 13.2s; Iterations = 220, grads =   1.474e-04, unitary_metric = 1.00000
Error = :2.19e-02; Runtime: 14.3s; Iterations = 240, grads =   4.090e-05, unitary_metric = 1.00000
Error = :2.05e-02; Runtime: 15.5s; Iterations = 260, grads =   1.352e-05, unitary_metric = 1.00000
Error = :1.93e-02; Runtime: 16.6s; Iterations = 280, grads =   9.560e-06, unitary_metric = 1.00000
Error = :1.86e-02; Runtime: 17.8s; Iterations = 300, grads =   1.039e-03, unitary_metric = 1.00000
Error = :1.77e-02; Runtime: 19.0s; Iterations = 320, grads =   2.022e-04, unitary_metric = 1.00000
Error = :1.71e-02; Runtime: 20.2s; Iterations = 340, grads =   3.302e-05, unitary_metric = 1.00000
Error = :1.66e-02; Runtime: 21.3s; Iterations = 360, grads =   1.485e-04, unitary_metric = 1.00000
Error = :1.61e-02; Runtime: 22.5s; Iterations = 380, grads =   4.130e-06, unitary_metric = 1.00000
Error = :1.58e-02; Runtime: 23.6s; Iterations = 400, grads =   3.358e-06, unitary_metric = 1.00000
Error = :1.55e-02; Runtime: 24.9s; Iterations = 420, grads =   1.751e-06, unitary_metric = 1.00000
Error = :1.54e-02; Runtime: 26.0s; Iterations = 440, grads =   5.668e-04, unitary_metric = 1.00000
Error = :1.51e-02; Runtime: 27.2s; Iterations = 460, grads =   1.087e-04, unitary_metric = 1.00000
Error = :1.50e-02; Runtime: 28.3s; Iterations = 480, grads =   1.501e-05, unitary_metric = 1.00000
Error = :1.50e-02; Runtime: 29.5s; Iterations = 500, grads =   1.236e-03, unitary_metric = 1.00000
Error = :1.47e-02; Runtime: 30.8s; Iterations = 520, grads =   4.853e-05, unitary_metric = 1.00000
Error = :1.46e-02; Runtime: 31.9s; Iterations = 540, grads =   2.400e-05, unitary_metric = 1.00000
Error = :1.45e-02; Runtime: 33.0s; Iterations = 560, grads =   3.647e-06, unitary_metric = 1.00000
Error = :1.44e-02; Runtime: 34.2s; Iterations = 580, grads =   1.026e-05, unitary_metric = 1.00000
Error = :1.44e-02; Runtime: 35.3s; Iterations = 600, grads =   3.779e-05, unitary_metric = 1.00000
Error = :1.43e-02; Runtime: 36.6s; Iterations = 620, grads =   3.331e-06, unitary_metric = 1.00000
Error = :1.42e-02; Runtime: 37.8s; Iterations = 640, grads =   8.992e-07, unitary_metric = 1.00000
Error = :1.42e-02; Runtime: 38.9s; Iterations = 660, grads =   4.962e-07, unitary_metric = 1.00000
Error = :1.41e-02; Runtime: 40.1s; Iterations = 680, grads =   3.719e-07, unitary_metric = 1.00000
Error = :1.41e-02; Runtime: 41.2s; Iterations = 700, grads =   6.124e-07, unitary_metric = 1.00000
Error = :1.40e-02; Runtime: 42.5s; Iterations = 720, grads =   2.070e-06, unitary_metric = 1.00000
Error = :1.40e-02; Runtime: 43.6s; Iterations = 740, grads =   4.737e-06, unitary_metric = 1.00000
Error = :1.39e-02; Runtime: 44.8s; Iterations = 760, grads =   7.337e-05, unitary_metric = 1.00000
Error = :1.39e-02; Runtime: 45.9s; Iterations = 780, grads =   1.346e-04, unitary_metric = 1.00000
Error = :1.38e-02; Runtime: 47.0s; Iterations = 800, grads =   1.161e-06, unitary_metric = 1.00000
Error = :1.37e-02; Runtime: 48.3s; Iterations = 820, grads =   4.128e-07, unitary_metric = 1.00000
Error = :1.37e-02; Runtime: 49.5s; Iterations = 840, grads =   9.068e-05, unitary_metric = 1.00000
Error = :1.36e-02; Runtime: 50.6s; Iterations = 860, grads =   8.492e-06, unitary_metric = 1.00000
Error = :1.35e-02; Runtime: 51.8s; Iterations = 880, grads =   2.027e-06, unitary_metric = 1.00000
Error = :1.35e-02; Runtime: 52.9s; Iterations = 900, grads =   3.703e-07, unitary_metric = 1.00000
Error = :1.34e-02; Runtime: 54.2s; Iterations = 920, grads =   2.543e-07, unitary_metric = 1.00000
Error = :1.34e-02; Runtime: 55.3s; Iterations = 940, grads =   1.741e-07, unitary_metric = 1.00000
Error = :1.33e-02; Runtime: 56.5s; Iterations = 960, grads =   1.437e-07, unitary_metric = 1.00000
Error = :1.33e-02; Runtime: 57.6s; Iterations = 980, grads =   5.307e-06, unitary_metric = 1.00000
Error = :1.34e-02; Runtime: 58.7s; Iterations = 1000, grads =   6.285e-04, unitary_metric = 1.00000
Error = :1.33e-02; Runtime: 60.0s; Iterations = 1020, grads =   6.450e-05, unitary_metric = 1.00000
Error = :1.32e-02; Runtime: 61.2s; Iterations = 1040, grads =   2.581e-06, unitary_metric = 1.00000
Error = :1.33e-02; Runtime: 62.3s; Iterations = 1060, grads =   3.522e-04, unitary_metric = 1.00000
Error = :1.32e-02; Runtime: 63.5s; Iterations = 1080, grads =   3.947e-05, unitary_metric = 1.00000
Error = :1.32e-02; Runtime: 64.6s; Iterations = 1100, grads =   3.910e-06, unitary_metric = 1.00000
Error = :1.31e-02; Runtime: 65.9s; Iterations = 1120, grads =   2.833e-05, unitary_metric = 1.00000
Error = :1.31e-02; Runtime: 67.0s; Iterations = 1140, grads =   2.566e-06, unitary_metric = 1.00000
Error = :1.31e-02; Runtime: 68.2s; Iterations = 1160, grads =   3.651e-07, unitary_metric = 1.00000
Error = :1.31e-02; Runtime: 69.3s; Iterations = 1180, grads =   1.279e-07, unitary_metric = 1.00000
Error = :1.31e-02; Runtime: 70.5s; Iterations = 1200, grads =   5.936e-08, unitary_metric = 1.00000
Error = :1.31e-02; Runtime: 71.7s; Iterations = 1220, grads =   4.569e-08, unitary_metric = 1.00000
Error = :1.31e-02; Runtime: 72.9s; Iterations = 1240, grads =   2.039e-06, unitary_metric = 1.00000
Error = :1.31e-02; Runtime: 74.0s; Iterations = 1260, grads =   3.662e-05, unitary_metric = 1.00000
Error = :1.30e-02; Runtime: 75.2s; Iterations = 1280, grads =   3.028e-06, unitary_metric = 1.00000
Error = :1.30e-02; Runtime: 76.3s; Iterations = 1300, grads =   7.182e-07, unitary_metric = 1.00000
Error = :1.31e-02; Runtime: 77.6s; Iterations = 1320, grads =   8.186e-04, unitary_metric = 1.00000
Error = :1.30e-02; Runtime: 78.7s; Iterations = 1340, grads =   6.053e-05, unitary_metric = 1.00000
Error = :1.30e-02; Runtime: 79.9s; Iterations = 1360, grads =   1.350e-05, unitary_metric = 1.00000
Error = :1.30e-02; Runtime: 81.0s; Iterations = 1380, grads =   9.493e-05, unitary_metric = 1.00000
Error = :1.30e-02; Runtime: 82.2s; Iterations = 1400, grads =   7.911e-07, unitary_metric = 1.00000
Error = :1.30e-02; Runtime: 83.5s; Iterations = 1420, grads =   4.490e-07, unitary_metric = 1.00000
Error = :1.30e-02; Runtime: 84.6s; Iterations = 1440, grads =   2.114e-07, unitary_metric = 1.00000
Error = :1.29e-02; Runtime: 85.7s; Iterations = 1460, grads =   4.106e-08, unitary_metric = 1.00000
Error = :1.29e-02; Runtime: 86.9s; Iterations = 1480, grads =   8.441e-08, unitary_metric = 1.00000
Error = :1.29e-02; Runtime: 88.0s; Iterations = 1500, grads =   1.420e-07, unitary_metric = 1.00000
Error = :1.30e-02; Runtime: 89.3s; Iterations = 1520, grads =   1.502e-04, unitary_metric = 1.00000
Error = :1.29e-02; Runtime: 90.4s; Iterations = 1540, grads =   2.315e-05, unitary_metric = 1.00000
Error = :1.29e-02; Runtime: 91.6s; Iterations = 1560, grads =   4.177e-06, unitary_metric = 1.00000
Error = :1.29e-02; Runtime: 92.7s; Iterations = 1580, grads =   2.755e-05, unitary_metric = 1.00000
Error = :1.29e-02; Runtime: 93.9s; Iterations = 1600, grads =   2.096e-04, unitary_metric = 1.00000
Error = :1.29e-02; Runtime: 95.2s; Iterations = 1620, grads =   2.054e-05, unitary_metric = 1.00000
Error = :1.29e-02; Runtime: 96.3s; Iterations = 1640, grads =   4.787e-06, unitary_metric = 1.00000
Error = :1.29e-02; Runtime: 97.5s; Iterations = 1660, grads =   1.915e-05, unitary_metric = 1.00000
Error = :1.29e-02; Runtime: 98.6s; Iterations = 1680, grads =   1.779e-07, unitary_metric = 1.00000
Error = :1.29e-02; Runtime: 99.8s; Iterations = 1700, grads =   1.458e-06, unitary_metric = 1.00000
Error = :1.28e-02; Runtime: 101.0s; Iterations = 1720, grads =   1.497e-07, unitary_metric = 1.00000
Error = :1.28e-02; Runtime: 102.2s; Iterations = 1740, grads =   6.209e-08, unitary_metric = 1.00000
Error = :1.28e-02; Runtime: 103.3s; Iterations = 1760, grads =   9.153e-06, unitary_metric = 1.00000
Error = :1.28e-02; Runtime: 104.5s; Iterations = 1780, grads =   2.226e-05, unitary_metric = 1.00000
Error = :1.29e-02; Runtime: 105.6s; Iterations = 1800, grads =   1.282e-04, unitary_metric = 1.00000
Error = :1.28e-02; Runtime: 106.9s; Iterations = 1820, grads =   2.130e-05, unitary_metric = 1.00000
Error = :1.28e-02; Runtime: 108.0s; Iterations = 1840, grads =   1.440e-07, unitary_metric = 1.00000
Error = :1.28e-02; Runtime: 109.2s; Iterations = 1860, grads =   4.375e-07, unitary_metric = 1.00000
Error = :1.28e-02; Runtime: 110.3s; Iterations = 1880, grads =   1.478e-04, unitary_metric = 1.00000
Error = :1.28e-02; Runtime: 111.4s; Iterations = 1900, grads =   2.597e-05, unitary_metric = 1.00000
Error = :1.28e-02; Runtime: 112.7s; Iterations = 1920, grads =   3.678e-06, unitary_metric = 1.00000
Error = :1.28e-02; Runtime: 113.9s; Iterations = 1940, grads =   1.160e-06, unitary_metric = 1.00000
Error = :1.28e-02; Runtime: 115.0s; Iterations = 1960, grads =   3.634e-07, unitary_metric = 1.00000
Error = :1.28e-02; Runtime: 116.2s; Iterations = 1980, grads =   2.034e-07, unitary_metric = 1.00000
Error = :1.28e-02; Runtime: 117.3s; Iterations = 2000, grads =   5.734e-05, unitary_metric = 1.00000
Error = :1.28e-02; Runtime: 118.6s; Iterations = 2020, grads =   1.458e-05, unitary_metric = 1.00000
Error = :1.28e-02; Runtime: 119.7s; Iterations = 2040, grads =   3.110e-05, unitary_metric = 1.00000
Error = :1.28e-02; Runtime: 120.9s; Iterations = 2060, grads =   1.534e-05, unitary_metric = 1.00000
Error = :1.28e-02; Runtime: 122.0s; Iterations = 2080, grads =   7.407e-07, unitary_metric = 1.00000
Error = :1.28e-02; Runtime: 123.2s; Iterations = 2100, grads =   6.838e-08, unitary_metric = 1.00000
Error = :1.28e-02; Runtime: 124.4s; Iterations = 2120, grads =   5.765e-08, unitary_metric = 1.00000
Error = :1.28e-02; Runtime: 125.6s; Iterations = 2140, grads =   5.125e-06, unitary_metric = 1.00000
Error = :1.28e-02; Runtime: 126.7s; Iterations = 2160, grads =   2.821e-05, unitary_metric = 1.00000
Error = :1.28e-02; Runtime: 127.9s; Iterations = 2180, grads =   2.056e-05, unitary_metric = 1.00000
Error = :1.27e-02; Runtime: 129.0s; Iterations = 2200, grads =   2.428e-08, unitary_metric = 1.00000
Error = :1.27e-02; Runtime: 130.3s; Iterations = 2220, grads =   3.435e-07, unitary_metric = 1.00000
Error = :1.27e-02; Runtime: 131.4s; Iterations = 2240, grads =   5.500e-08, unitary_metric = 1.00000
Error = :1.27e-02; Runtime: 132.6s; Iterations = 2260, grads =   1.617e-05, unitary_metric = 1.00000
Error = :1.28e-02; Runtime: 133.7s; Iterations = 2280, grads =   7.403e-05, unitary_metric = 1.00000
Error = :1.27e-02; Runtime: 134.9s; Iterations = 2300, grads =   1.054e-05, unitary_metric = 1.00000
Error = :1.27e-02; Runtime: 136.1s; Iterations = 2320, grads =   2.129e-07, unitary_metric = 1.00000
Error = :1.27e-02; Runtime: 137.3s; Iterations = 2340, grads =   2.225e-07, unitary_metric = 1.00000
Error = :1.27e-02; Runtime: 138.4s; Iterations = 2360, grads =   5.960e-08, unitary_metric = 1.00000
Error = :1.27e-02; Runtime: 139.6s; Iterations = 2380, grads =   1.208e-08, unitary_metric = 1.00000
Error = :1.27e-02; Runtime: 140.7s; Iterations = 2400, grads =   8.727e-08, unitary_metric = 1.00000
Error = :1.27e-02; Runtime: 142.0s; Iterations = 2420, grads =   2.548e-05, unitary_metric = 1.00000
Error = :1.27e-02; Runtime: 143.1s; Iterations = 2440, grads =   2.197e-06, unitary_metric = 1.00000
Error = :1.28e-02; Runtime: 144.3s; Iterations = 2460, grads =   2.390e-04, unitary_metric = 1.00000
Error = :1.27e-02; Runtime: 145.4s; Iterations = 2480, grads =   6.172e-06, unitary_metric = 1.00000
Error = :1.27e-02; Runtime: 146.6s; Iterations = 2500, grads =   3.197e-06, unitary_metric = 1.00000
Error = :1.27e-02; Runtime: 147.9s; Iterations = 2520, grads =   1.324e-06, unitary_metric = 1.00000
Error = :1.28e-02; Runtime: 149.1s; Iterations = 2540, grads =   1.332e-04, unitary_metric = 1.00000
Error = :1.27e-02; Runtime: 150.2s; Iterations = 2560, grads =   3.393e-05, unitary_metric = 1.00000
Error = :1.27e-02; Runtime: 151.3s; Iterations = 2580, grads =   2.779e-06, unitary_metric = 1.00000
Error = :1.27e-02; Runtime: 152.5s; Iterations = 2600, grads =   2.426e-06, unitary_metric = 1.00000
Error = :1.27e-02; Runtime: 153.7s; Iterations = 2620, grads =   1.081e-07, unitary_metric = 1.00000
Error = :1.27e-02; Runtime: 154.9s; Iterations = 2640, grads =   2.462e-08, unitary_metric = 1.00000
Error = :1.27e-02; Runtime: 156.0s; Iterations = 2660, grads =   6.116e-07, unitary_metric = 1.00000
Error = :1.27e-02; Runtime: 157.2s; Iterations = 2680, grads =   7.501e-06, unitary_metric = 1.00000
Error = :1.27e-02; Runtime: 158.3s; Iterations = 2700, grads =   1.358e-06, unitary_metric = 1.00000
Error = :1.27e-02; Runtime: 159.6s; Iterations = 2720, grads =   2.087e-07, unitary_metric = 1.00000
Error = :1.27e-02; Runtime: 160.7s; Iterations = 2740, grads =   6.360e-08, unitary_metric = 1.00000
Error = :1.27e-02; Runtime: 161.9s; Iterations = 2760, grads =   1.319e-05, unitary_metric = 1.00000
Error = :1.28e-02; Runtime: 163.0s; Iterations = 2780, grads =   4.854e-05, unitary_metric = 1.00000
Error = :1.28e-02; Runtime: 164.2s; Iterations = 2800, grads =   4.395e-05, unitary_metric = 1.00000
Error = :1.28e-02; Runtime: 165.5s; Iterations = 2820, grads =   6.436e-06, unitary_metric = 1.00000
Error = :1.28e-02; Runtime: 166.6s; Iterations = 2840, grads =   1.747e-07, unitary_metric = 1.00000
Error = :1.28e-02; Runtime: 167.8s; Iterations = 2860, grads =   2.208e-06, unitary_metric = 1.00000
Error = :1.28e-02; Runtime: 168.9s; Iterations = 2880, grads =   8.037e-06, unitary_metric = 1.00000
Error = :1.28e-02; Runtime: 170.1s; Iterations = 2900, grads =   1.260e-05, unitary_metric = 1.00000
Error = :1.28e-02; Runtime: 171.3s; Iterations = 2920, grads =   1.623e-06, unitary_metric = 1.00000
Error = :1.28e-02; Runtime: 172.5s; Iterations = 2940, grads =   2.199e-07, unitary_metric = 1.00000
Error = :1.28e-02; Runtime: 173.6s; Iterations = 2960, grads =   4.844e-08, unitary_metric = 1.00000
Error = :1.28e-02; Runtime: 174.8s; Iterations = 2980, grads =   2.618e-08, unitary_metric = 1.00000
Error = :1.28e-02; Runtime: 175.9s; Iterations = 3000, grads =   1.146e-07, unitary_metric = 1.00000
Error = :1.28e-02; Runtime: 177.2s; Iterations = 3020, grads =   2.399e-05, unitary_metric = 1.00000
Error = :1.28e-02; Runtime: 178.3s; Iterations = 3040, grads =   2.588e-05, unitary_metric = 1.00000
Error = :1.28e-02; Runtime: 179.5s; Iterations = 3060, grads =   3.052e-06, unitary_metric = 1.00000
Error = :1.28e-02; Runtime: 180.6s; Iterations = 3080, grads =   2.503e-06, unitary_metric = 1.00000
Error = :1.28e-02; Runtime: 181.8s; Iterations = 3100, grads =   1.583e-05, unitary_metric = 1.00000
Error = :1.28e-02; Runtime: 183.0s; Iterations = 3120, grads =   1.357e-06, unitary_metric = 1.00000
Error = :1.28e-02; Runtime: 184.2s; Iterations = 3140, grads =   6.917e-06, unitary_metric = 1.00000
Error = :1.28e-02; Runtime: 185.3s; Iterations = 3160, grads =   3.695e-06, unitary_metric = 1.00000
Error = :1.28e-02; Runtime: 186.5s; Iterations = 3180, grads =   4.360e-06, unitary_metric = 1.00000
Error = :1.28e-02; Runtime: 187.6s; Iterations = 3200, grads =   6.222e-08, unitary_metric = 1.00000
Error = :1.28e-02; Runtime: 188.9s; Iterations = 3220, grads =   3.769e-08, unitary_metric = 1.00000
Error = :1.28e-02; Runtime: 190.0s; Iterations = 3240, grads =   5.368e-08, unitary_metric = 1.00000
Error = :1.28e-02; Runtime: 191.2s; Iterations = 3260, grads =   8.097e-06, unitary_metric = 1.00000
Error = :1.28e-02; Runtime: 192.3s; Iterations = 3280, grads =   1.866e-05, unitary_metric = 1.00000
Error = :1.28e-02; Runtime: 193.5s; Iterations = 3300, grads =   3.762e-06, unitary_metric = 1.00000
Error = :1.29e-02; Runtime: 194.7s; Iterations = 3320, grads =   5.882e-07, unitary_metric = 1.00000
Error = :1.29e-02; Runtime: 195.9s; Iterations = 3340, grads =   2.255e-06, unitary_metric = 1.00000
Error = :1.29e-02; Runtime: 197.0s; Iterations = 3360, grads =   2.773e-06, unitary_metric = 1.00000
Error = :1.29e-02; Runtime: 198.2s; Iterations = 3380, grads =   2.433e-07, unitary_metric = 1.00000
Error = :1.29e-02; Runtime: 199.5s; Iterations = 3400, grads =   6.293e-08, unitary_metric = 1.00000
Error = :1.29e-02; Runtime: 200.7s; Iterations = 3420, grads =   1.201e-06, unitary_metric = 1.00000
Error = :1.29e-02; Runtime: 201.9s; Iterations = 3440, grads =   2.718e-06, unitary_metric = 1.00000
Error = :1.29e-02; Runtime: 203.0s; Iterations = 3460, grads =   1.378e-05, unitary_metric = 1.00000
Error = :1.29e-02; Runtime: 204.2s; Iterations = 3480, grads =   1.709e-05, unitary_metric = 1.00000
Error = :1.29e-02; Runtime: 205.3s; Iterations = 3500, grads =   1.820e-06, unitary_metric = 1.00000
Error = :1.29e-02; Runtime: 206.6s; Iterations = 3520, grads =   1.381e-05, unitary_metric = 1.00000
Error = :1.29e-02; Runtime: 207.7s; Iterations = 3540, grads =   1.869e-05, unitary_metric = 1.00000
Error = :1.29e-02; Runtime: 209.1s; Iterations = 3560, grads =   3.271e-06, unitary_metric = 1.00000
Error = :1.29e-02; Runtime: 210.2s; Iterations = 3580, grads =   2.607e-06, unitary_metric = 1.00000
Error = :1.28e-02; Runtime: 211.3s; Iterations = 3600, grads =   9.575e-07, unitary_metric = 1.00000
Error = :1.28e-02; Runtime: 212.7s; Iterations = 3620, grads =   2.621e-07, unitary_metric = 1.00000
Error = :1.28e-02; Runtime: 213.8s; Iterations = 3640, grads =   1.633e-07, unitary_metric = 1.00000
Error = :1.28e-02; Runtime: 215.0s; Iterations = 3660, grads =   1.756e-07, unitary_metric = 1.00000
Error = :1.27e-02; Runtime: 216.1s; Iterations = 3680, grads =   5.590e-06, unitary_metric = 1.00000
Error = :1.27e-02; Runtime: 217.3s; Iterations = 3700, grads =   3.077e-05, unitary_metric = 1.00000
Error = :1.27e-02; Runtime: 218.5s; Iterations = 3720, grads =   2.973e-06, unitary_metric = 1.00000
Error = :1.27e-02; Runtime: 219.7s; Iterations = 3740, grads =   5.695e-07, unitary_metric = 1.00000
Error = :1.27e-02; Runtime: 220.8s; Iterations = 3760, grads =   3.280e-05, unitary_metric = 1.00000
Error = :1.27e-02; Runtime: 222.0s; Iterations = 3780, grads =   3.309e-06, unitary_metric = 1.00000
Error = :1.27e-02; Runtime: 223.1s; Iterations = 3800, grads =   1.686e-06, unitary_metric = 1.00000
Error = :1.26e-02; Runtime: 224.4s; Iterations = 3820, grads =   2.688e-06, unitary_metric = 1.00000
Error = :1.26e-02; Runtime: 225.5s; Iterations = 3840, grads =   5.811e-07, unitary_metric = 1.00000
Error = :1.26e-02; Runtime: 226.7s; Iterations = 3860, grads =   9.825e-08, unitary_metric = 1.00000
Error = :1.26e-02; Runtime: 227.8s; Iterations = 3880, grads =   3.856e-08, unitary_metric = 1.00000
Error = :1.26e-02; Runtime: 229.0s; Iterations = 3900, grads =   2.094e-06, unitary_metric = 1.00000
Error = :1.26e-02; Runtime: 230.3s; Iterations = 3920, grads =   1.810e-06, unitary_metric = 1.00000
Error = :1.26e-02; Runtime: 231.4s; Iterations = 3940, grads =   9.510e-08, unitary_metric = 1.00000
Error = :1.26e-02; Runtime: 232.6s; Iterations = 3960, grads =   3.051e-06, unitary_metric = 1.00000
Error = :1.26e-02; Runtime: 233.7s; Iterations = 3980, grads =   4.059e-06, unitary_metric = 1.00000
Error = :1.26e-02; Runtime: 234.9s; Iterations = 4000, grads =   9.693e-06, unitary_metric = 1.00000
Error = :1.26e-02; Runtime: 236.1s; Iterations = 4020, grads =   2.904e-06, unitary_metric = 1.00000
Error = :1.26e-02; Runtime: 237.3s; Iterations = 4040, grads =   4.498e-07, unitary_metric = 1.00000
Error = :1.26e-02; Runtime: 238.4s; Iterations = 4060, grads =   5.333e-06, unitary_metric = 1.00000
Error = :1.26e-02; Runtime: 239.6s; Iterations = 4080, grads =   2.011e-07, unitary_metric = 1.00000
Error = :1.26e-02; Runtime: 240.7s; Iterations = 4100, grads =   9.215e-08, unitary_metric = 1.00000
Error = :1.26e-02; Runtime: 242.0s; Iterations = 4120, grads =   1.734e-08, unitary_metric = 1.00000
Error = :1.26e-02; Runtime: 243.1s; Iterations = 4140, grads =   1.559e-07, unitary_metric = 1.00000
Error = :1.26e-02; Runtime: 244.3s; Iterations = 4160, grads =   1.902e-05, unitary_metric = 1.00000
Error = :1.26e-02; Runtime: 245.4s; Iterations = 4180, grads =   7.430e-06, unitary_metric = 1.00000
Error = :1.26e-02; Runtime: 246.6s; Iterations = 4200, grads =   1.369e-06, unitary_metric = 1.00000
Error = :1.26e-02; Runtime: 247.8s; Iterations = 4220, grads =   4.924e-05, unitary_metric = 1.00000
Error = :1.26e-02; Runtime: 249.0s; Iterations = 4240, grads =   8.324e-06, unitary_metric = 1.00000
Error = :1.26e-02; Runtime: 250.1s; Iterations = 4260, grads =   1.959e-06, unitary_metric = 1.00000
Error = :1.26e-02; Runtime: 251.3s; Iterations = 4280, grads =   2.826e-07, unitary_metric = 1.00000
Error = :1.26e-02; Runtime: 252.4s; Iterations = 4300, grads =   3.083e-08, unitary_metric = 1.00000
Error = :1.26e-02; Runtime: 253.7s; Iterations = 4320, grads =   6.312e-09, unitary_metric = 1.00000
Error = :1.26e-02; Runtime: 254.9s; Iterations = 4340, grads =   4.639e-09, unitary_metric = 1.00000
Error = :1.26e-02; Runtime: 256.0s; Iterations = 4360, grads =   3.417e-08, unitary_metric = 1.00000
Error = :1.26e-02; Runtime: 257.1s; Iterations = 4380, grads =   9.892e-06, unitary_metric = 1.00000
Error = :1.26e-02; Runtime: 258.3s; Iterations = 4400, grads =   1.120e-05, unitary_metric = 1.00000
Error = :1.26e-02; Runtime: 259.5s; Iterations = 4420, grads =   9.447e-07, unitary_metric = 1.00000
Error = :1.26e-02; Runtime: 260.7s; Iterations = 4440, grads =   1.953e-06, unitary_metric = 1.00000
Error = :1.26e-02; Runtime: 261.8s; Iterations = 4460, grads =   1.099e-06, unitary_metric = 1.00000
Error = :1.26e-02; Runtime: 263.0s; Iterations = 4480, grads =   2.313e-05, unitary_metric = 1.00000
Error = :1.26e-02; Runtime: 264.1s; Iterations = 4500, grads =   1.371e-06, unitary_metric = 1.00000
Error = :1.26e-02; Runtime: 265.4s; Iterations = 4520, grads =   4.122e-07, unitary_metric = 1.00000
Error = :1.26e-02; Runtime: 266.6s; Iterations = 4540, grads =   9.959e-08, unitary_metric = 1.00000
Error = :1.26e-02; Runtime: 267.7s; Iterations = 4560, grads =   6.563e-09, unitary_metric = 1.00000
Error = :1.26e-02; Runtime: 268.8s; Iterations = 4580, grads =   3.752e-09, unitary_metric = 1.00000
Error = :1.26e-02; Runtime: 270.0s; Iterations = 4600, grads =   2.846e-09, unitary_metric = 1.00000
Error = :1.26e-02; Runtime: 271.3s; Iterations = 4620, grads =   1.441e-08, unitary_metric = 1.00000
Error = :1.26e-02; Runtime: 272.4s; Iterations = 4640, grads =   1.484e-06, unitary_metric = 1.00000
Error = :1.26e-02; Runtime: 273.6s; Iterations = 4660, grads =   3.305e-05, unitary_metric = 1.00000
Error = :1.26e-02; Runtime: 274.7s; Iterations = 4680, grads =   3.609e-06, unitary_metric = 1.00000
Error = :1.26e-02; Runtime: 275.9s; Iterations = 4700, grads =   2.628e-06, unitary_metric = 1.00000
Error = :1.26e-02; Runtime: 277.1s; Iterations = 4720, grads =   3.742e-06, unitary_metric = 1.00000
Error = :1.26e-02; Runtime: 278.3s; Iterations = 4740, grads =   1.557e-06, unitary_metric = 1.00000
Error = :1.26e-02; Runtime: 279.4s; Iterations = 4760, grads =   1.890e-07, unitary_metric = 1.00000
Error = :1.26e-02; Runtime: 280.6s; Iterations = 4780, grads =   2.491e-09, unitary_metric = 1.00000
Error = :1.26e-02; Runtime: 281.7s; Iterations = 4800, grads =   6.777e-09, unitary_metric = 1.00000
Error = :1.26e-02; Runtime: 283.0s; Iterations = 4820, grads =   3.362e-09, unitary_metric = 1.00000
Error = :1.26e-02; Runtime: 284.1s; Iterations = 4840, grads =   2.505e-09, unitary_metric = 1.00000
Error = :1.26e-02; Runtime: 285.3s; Iterations = 4860, grads =   3.626e-09, unitary_metric = 1.00000
Error = :1.26e-02; Runtime: 286.4s; Iterations = 4880, grads =   2.411e-07, unitary_metric = 1.00000
Error = :1.26e-02; Runtime: 287.6s; Iterations = 4900, grads =   8.840e-06, unitary_metric = 1.00000
Error = :1.26e-02; Runtime: 288.8s; Iterations = 4920, grads =   5.252e-06, unitary_metric = 1.00000
Error = :1.26e-02; Runtime: 290.0s; Iterations = 4940, grads =   2.419e-06, unitary_metric = 1.00000
Error = :1.26e-02; Runtime: 291.1s; Iterations = 4960, grads =   2.795e-07, unitary_metric = 1.00000
Error = :1.26e-02; Runtime: 292.3s; Iterations = 4980, grads =   1.248e-07, unitary_metric = 1.00000
Error = :1.26e-02; Runtime: 293.4s; Iterations = 5000, grads =   2.065e-08, unitary_metric = 1.00000
Error = :1.26e-02; Runtime: 294.7s; Iterations = 5020, grads =   2.603e-09, unitary_metric = 1.00000
Error = :1.26e-02; Runtime: 295.8s; Iterations = 5040, grads =   1.840e-09, unitary_metric = 1.00000
Error = :1.26e-02; Runtime: 297.0s; Iterations = 5060, grads =   2.242e-09, unitary_metric = 1.00000
Error = :1.26e-02; Runtime: 298.1s; Iterations = 5080, grads =   2.535e-09, unitary_metric = 1.00000
Error = :1.26e-02; Runtime: 299.3s; Iterations = 5100, grads =   5.455e-09, unitary_metric = 1.00000
Error = :1.26e-02; Runtime: 300.6s; Iterations = 5120, grads =   8.222e-08, unitary_metric = 1.00000
Error = :1.26e-02; Runtime: 301.7s; Iterations = 5140, grads =   7.986e-06, unitary_metric = 1.00000
Error = :1.26e-02; Runtime: 302.8s; Iterations = 5160, grads =   3.455e-05, unitary_metric = 1.00000
Error = :1.26e-02; Runtime: 304.0s; Iterations = 5180, grads =   1.293e-06, unitary_metric = 1.00000
Error = :1.26e-02; Runtime: 305.1s; Iterations = 5200, grads =   8.686e-08, unitary_metric = 1.00000
Error = :1.26e-02; Runtime: 306.4s; Iterations = 5220, grads =   1.036e-08, unitary_metric = 1.00000
Error = :1.26e-02; Runtime: 307.5s; Iterations = 5240, grads =   8.068e-09, unitary_metric = 1.00000
Error = :1.26e-02; Runtime: 308.7s; Iterations = 5260, grads =   3.111e-09, unitary_metric = 1.00000
Error = :1.26e-02; Runtime: 309.8s; Iterations = 5280, grads =   1.781e-09, unitary_metric = 1.00000
Error = :1.26e-02; Runtime: 311.0s; Iterations = 5300, grads =   1.058e-08, unitary_metric = 1.00000
Error = :1.26e-02; Runtime: 312.2s; Iterations = 5320, grads =   8.988e-07, unitary_metric = 1.00000
Error = :1.26e-02; Runtime: 313.4s; Iterations = 5340, grads =   7.006e-07, unitary_metric = 1.00000
Error = :1.26e-02; Runtime: 314.5s; Iterations = 5360, grads =   4.735e-08, unitary_metric = 1.00000
Error = :1.26e-02; Runtime: 315.7s; Iterations = 5380, grads =   2.483e-06, unitary_metric = 1.00000
Error = :1.26e-02; Runtime: 316.8s; Iterations = 5400, grads =   8.083e-06, unitary_metric = 1.00000
Error = :1.26e-02; Runtime: 318.1s; Iterations = 5420, grads =   1.938e-05, unitary_metric = 1.00000
Error = :1.26e-02; Runtime: 319.2s; Iterations = 5440, grads =   2.040e-06, unitary_metric = 1.00000
Error = :1.26e-02; Runtime: 320.4s; Iterations = 5460, grads =   7.151e-08, unitary_metric = 1.00000
Error = :1.26e-02; Runtime: 321.5s; Iterations = 5480, grads =   1.771e-08, unitary_metric = 1.00000
Error = :1.26e-02; Runtime: 322.7s; Iterations = 5500, grads =   6.255e-09, unitary_metric = 1.00000
Error = :1.26e-02; Runtime: 323.9s; Iterations = 5520, grads =   4.219e-09, unitary_metric = 1.00000
Error = :1.26e-02; Runtime: 325.1s; Iterations = 5540, grads =   3.785e-09, unitary_metric = 1.00000
Error = :1.26e-02; Runtime: 326.2s; Iterations = 5560, grads =   1.031e-06, unitary_metric = 1.00000
Error = :1.26e-02; Runtime: 327.4s; Iterations = 5580, grads =   4.917e-07, unitary_metric = 1.00000
Error = :1.26e-02; Runtime: 328.5s; Iterations = 5600, grads =   1.106e-06, unitary_metric = 1.00000
Error = :1.26e-02; Runtime: 329.8s; Iterations = 5620, grads =   3.491e-06, unitary_metric = 1.00000
Error = :1.26e-02; Runtime: 330.9s; Iterations = 5640, grads =   3.775e-07, unitary_metric = 1.00000
Error = :1.26e-02; Runtime: 332.1s; Iterations = 5660, grads =   1.475e-05, unitary_metric = 1.00000
Error = :1.26e-02; Runtime: 333.2s; Iterations = 5680, grads =   4.624e-07, unitary_metric = 1.00000
Error = :1.26e-02; Runtime: 334.4s; Iterations = 5700, grads =   4.895e-09, unitary_metric = 1.00000
Error = :1.26e-02; Runtime: 335.6s; Iterations = 5720, grads =   1.266e-08, unitary_metric = 1.00000
Error = :1.26e-02; Runtime: 336.8s; Iterations = 5740, grads =   5.292e-09, unitary_metric = 1.00000
Error = :1.26e-02; Runtime: 337.9s; Iterations = 5760, grads =   3.632e-07, unitary_metric = 1.00000
Error = :1.26e-02; Runtime: 339.1s; Iterations = 5780, grads =   3.833e-06, unitary_metric = 1.00000
Error = :1.26e-02; Runtime: 340.2s; Iterations = 5800, grads =   2.730e-08, unitary_metric = 1.00000
Error = :1.26e-02; Runtime: 341.5s; Iterations = 5820, grads =   3.938e-08, unitary_metric = 1.00000
Error = :1.26e-02; Runtime: 342.6s; Iterations = 5840, grads =   1.206e-08, unitary_metric = 1.00000
Error = :1.26e-02; Runtime: 343.8s; Iterations = 5860, grads =   1.813e-08, unitary_metric = 1.00000
Error = :1.26e-02; Runtime: 344.9s; Iterations = 5880, grads =   1.138e-06, unitary_metric = 1.00000
Error = :1.26e-02; Runtime: 346.1s; Iterations = 5900, grads =   5.649e-06, unitary_metric = 1.00000
Error = :1.26e-02; Runtime: 347.3s; Iterations = 5920, grads =   4.752e-06, unitary_metric = 1.00000
Error = :1.26e-02; Runtime: 348.5s; Iterations = 5940, grads =   4.872e-08, unitary_metric = 1.00000
Error = :1.26e-02; Runtime: 349.6s; Iterations = 5960, grads =   3.412e-08, unitary_metric = 1.00000
Error = :1.26e-02; Runtime: 350.8s; Iterations = 5980, grads =   1.362e-08, unitary_metric = 1.00000
Error = :1.26e-02; Runtime: 351.9s; Iterations = 6000, grads =   9.674e-09, unitary_metric = 1.00000
data saved at: /project/ftchong/qoc/pranav/00030_30_lih_slice_63.h5


trying total_time: 3.4 for unitary of size (16, 16)
data saved at: /project/ftchong/qoc/pranav/00031_30_lih_slice_63.h5
Using 8 Taylor terms and 1 Scaling & Squaring terms
Building graph:
Propagators initialized.
Operators weight initialized.
Intermediate propagation variables initialized.
Intermediate propagators initialized.
Vectors initialized.
Training loss initialized.
Optimizer initialized.
Utilities initialized.
Graph built!
Initialized
Error = :8.88e-01; Runtime: 0.2s; Iterations = 0, grads =   1.180e-02, unitary_metric = 1.00000
Error = :6.38e-01; Runtime: 1.7s; Iterations = 20, grads =   7.072e-03, unitary_metric = 1.00000
Error = :3.87e-01; Runtime: 2.9s; Iterations = 40, grads =   3.819e-03, unitary_metric = 1.00000
Error = :2.15e-01; Runtime: 4.2s; Iterations = 60, grads =   2.648e-03, unitary_metric = 1.00000
Error = :9.98e-02; Runtime: 5.4s; Iterations = 80, grads =   1.091e-03, unitary_metric = 1.00000
Error = :4.69e-02; Runtime: 6.7s; Iterations = 100, grads =   8.428e-04, unitary_metric = 1.00000
Error = :2.50e-02; Runtime: 8.1s; Iterations = 120, grads =   2.453e-04, unitary_metric = 1.00000
Error = :1.51e-02; Runtime: 9.3s; Iterations = 140, grads =   1.031e-04, unitary_metric = 1.00000
Error = :9.96e-03; Runtime: 10.6s; Iterations = 160, grads =   4.393e-05, unitary_metric = 1.00000
Error = :7.01e-03; Runtime: 11.8s; Iterations = 180, grads =   2.400e-05, unitary_metric = 1.00000
Error = :5.20e-03; Runtime: 13.1s; Iterations = 200, grads =   2.440e-04, unitary_metric = 1.00000
Error = :3.93e-03; Runtime: 14.5s; Iterations = 220, grads =   1.479e-05, unitary_metric = 1.00000
Error = :3.09e-03; Runtime: 15.7s; Iterations = 240, grads =   4.854e-05, unitary_metric = 1.00000
Error = :2.52e-03; Runtime: 17.0s; Iterations = 260, grads =   4.250e-04, unitary_metric = 1.00000
Error = :2.02e-03; Runtime: 18.2s; Iterations = 280, grads =   9.218e-05, unitary_metric = 1.00000
Error = :1.66e-03; Runtime: 19.5s; Iterations = 300, grads =   5.023e-05, unitary_metric = 1.00000
Error = :1.38e-03; Runtime: 20.9s; Iterations = 320, grads =   1.350e-05, unitary_metric = 1.00000
Error = :1.16e-03; Runtime: 22.1s; Iterations = 340, grads =   1.658e-05, unitary_metric = 1.00000
Error = :9.96e-04; Runtime: 23.3s; Iterations = 359, grads =   3.608e-06, unitary_metric = 1.00000
data saved at: /project/ftchong/qoc/pranav/00031_30_lih_slice_63.h5


trying total_time: 10.0 for unitary of size (4, 4)
data saved at: /project/ftchong/qoc/pranav/00032_30_lih_slice_63.h5
Using 6 Taylor terms and 1 Scaling & Squaring terms
Building graph:
Propagators initialized.
Operators weight initialized.
Intermediate propagation variables initialized.
Intermediate propagators initialized.
Vectors initialized.
Training loss initialized.
Optimizer initialized.
Utilities initialized.
Graph built!
Initialized
Error = :3.07e-01; Runtime: 0.3s; Iterations = 0, grads =   4.502e+00, unitary_metric = 1.00000
Error = :2.13e-02; Runtime: 2.1s; Iterations = 20, grads =   4.540e-01, unitary_metric = 1.00000
Error = :5.12e-04; Runtime: 2.3s; Iterations = 23, grads =   8.748e-03, unitary_metric = 1.00000
data saved at: /project/ftchong/qoc/pranav/00032_30_lih_slice_63.h5


trying total_time: 5.0 for unitary of size (4, 4)
data saved at: /project/ftchong/qoc/pranav/00033_30_lih_slice_63.h5
Using 6 Taylor terms and 1 Scaling & Squaring terms
Building graph:
Propagators initialized.
Operators weight initialized.
Intermediate propagation variables initialized.
Intermediate propagators initialized.
Vectors initialized.
Training loss initialized.
Optimizer initialized.
Utilities initialized.
Graph built!
Initialized
Error = :1.06e-01; Runtime: 0.1s; Iterations = 0, grads =   1.002e+00, unitary_metric = 1.00000
Error = :4.90e-03; Runtime: 1.1s; Iterations = 20, grads =   5.235e-02, unitary_metric = 1.00000
Error = :8.20e-04; Runtime: 1.4s; Iterations = 29, grads =   8.708e-03, unitary_metric = 1.00000
data saved at: /project/ftchong/qoc/pranav/00033_30_lih_slice_63.h5


trying total_time: 2.5 for unitary of size (4, 4)
data saved at: /project/ftchong/qoc/pranav/00034_30_lih_slice_63.h5
Using 6 Taylor terms and 1 Scaling & Squaring terms
Building graph:
Propagators initialized.
Operators weight initialized.
Intermediate propagation variables initialized.
Intermediate propagators initialized.
Vectors initialized.
Training loss initialized.
Optimizer initialized.
Utilities initialized.
Graph built!
Initialized
Error = :1.23e-01; Runtime: 0.1s; Iterations = 0, grads =   5.737e-01, unitary_metric = 1.00000
Error = :4.32e-04; Runtime: 0.6s; Iterations = 20, grads =   2.241e-03, unitary_metric = 1.00000
data saved at: /project/ftchong/qoc/pranav/00034_30_lih_slice_63.h5


trying total_time: 1.25 for unitary of size (4, 4)
data saved at: /project/ftchong/qoc/pranav/00035_30_lih_slice_63.h5
Using 6 Taylor terms and 1 Scaling & Squaring terms
Building graph:
Propagators initialized.
Operators weight initialized.
Intermediate propagation variables initialized.
Intermediate propagators initialized.
Vectors initialized.
Training loss initialized.
Optimizer initialized.
Utilities initialized.
Graph built!
Initialized
Error = :5.52e-03; Runtime: 0.1s; Iterations = 0, grads =   9.732e-03, unitary_metric = 1.00000
Error = :7.09e-04; Runtime: 0.2s; Iterations = 5, grads =   1.732e-03, unitary_metric = 1.00000
data saved at: /project/ftchong/qoc/pranav/00035_30_lih_slice_63.h5


trying total_time: 0.6 for unitary of size (4, 4)
data saved at: /project/ftchong/qoc/pranav/00036_30_lih_slice_63.h5
Using 7 Taylor terms and 0 Scaling & Squaring terms
Building graph:
Propagators initialized.
Operators weight initialized.
Intermediate propagation variables initialized.
Intermediate propagators initialized.
Vectors initialized.
Training loss initialized.
Optimizer initialized.
Utilities initialized.
Graph built!
Initialized
Error = :5.19e-02; Runtime: 0.0s; Iterations = 0, grads =   5.990e-02, unitary_metric = 1.00000
Error = :9.31e-04; Runtime: 0.2s; Iterations = 8, grads =   1.093e-03, unitary_metric = 1.00000
data saved at: /project/ftchong/qoc/pranav/00036_30_lih_slice_63.h5


trying total_time: 0.3 for unitary of size (4, 4)
data saved at: /project/ftchong/qoc/pranav/00037_30_lih_slice_63.h5
Using 5 Taylor terms and 1 Scaling & Squaring terms
Building graph:
Propagators initialized.
Operators weight initialized.
Intermediate propagation variables initialized.
Intermediate propagators initialized.
Vectors initialized.
Training loss initialized.
Optimizer initialized.
Utilities initialized.
Graph built!
Initialized
Error = :2.40e-02; Runtime: 0.0s; Iterations = 0, grads =   1.170e-02, unitary_metric = 1.00000
Error = :1.25e-03; Runtime: 0.2s; Iterations = 20, grads =   6.417e-04, unitary_metric = 1.00000
Error = :9.78e-04; Runtime: 0.2s; Iterations = 22, grads =   4.978e-04, unitary_metric = 1.00000
data saved at: /project/ftchong/qoc/pranav/00037_30_lih_slice_63.h5




[0.3, 3.4, 0.3]
TIME FOR SLICE IS:
3.4
