Running Block:  153


trying total_time: 10.0 for unitary of size (4, 4)
data saved at: /project/ftchong/qoc/pranav/00018_30_lih_slice_153.h5
Using 6 Taylor terms and 1 Scaling & Squaring terms
Building graph:
Propagators initialized.
Operators weight initialized.
Intermediate propagation variables initialized.
Intermediate propagators initialized.
Vectors initialized.
Training loss initialized.
Optimizer initialized.
Utilities initialized.
Graph built!
Initialized
Error = :1.42e-02; Runtime: 0.3s; Iterations = 0, grads =   2.248e-01, unitary_metric = 1.00000
Error = :1.87e-02; Runtime: 2.1s; Iterations = 20, grads =   3.972e-01, unitary_metric = 1.00000
Error = :3.38e-04; Runtime: 3.2s; Iterations = 38, grads =   6.770e-03, unitary_metric = 1.00000
data saved at: /project/ftchong/qoc/pranav/00018_30_lih_slice_153.h5


trying total_time: 5.0 for unitary of size (4, 4)
data saved at: /project/ftchong/qoc/pranav/00019_30_lih_slice_153.h5
Using 6 Taylor terms and 1 Scaling & Squaring terms
Building graph:
Propagators initialized.
Operators weight initialized.
Intermediate propagation variables initialized.
Intermediate propagators initialized.
Vectors initialized.
Training loss initialized.
Optimizer initialized.
Utilities initialized.
Graph built!
Initialized
Error = :7.67e-02; Runtime: 0.1s; Iterations = 0, grads =   7.676e-01, unitary_metric = 1.00000
Error = :5.37e-03; Runtime: 1.1s; Iterations = 20, grads =   5.815e-02, unitary_metric = 1.00000
Error = :4.24e-04; Runtime: 1.4s; Iterations = 30, grads =   4.593e-03, unitary_metric = 1.00000
data saved at: /project/ftchong/qoc/pranav/00019_30_lih_slice_153.h5


trying total_time: 2.5 for unitary of size (4, 4)
data saved at: /project/ftchong/qoc/pranav/00020_30_lih_slice_153.h5
Using 6 Taylor terms and 1 Scaling & Squaring terms
Building graph:
Propagators initialized.
Operators weight initialized.
Intermediate propagation variables initialized.
Intermediate propagators initialized.
Vectors initialized.
Training loss initialized.
Optimizer initialized.
Utilities initialized.
Graph built!
Initialized
Error = :1.05e-01; Runtime: 0.1s; Iterations = 0, grads =   4.884e-01, unitary_metric = 1.00000
Error = :3.68e-04; Runtime: 0.6s; Iterations = 19, grads =   1.402e-03, unitary_metric = 1.00000
data saved at: /project/ftchong/qoc/pranav/00020_30_lih_slice_153.h5


trying total_time: 1.25 for unitary of size (4, 4)
data saved at: /project/ftchong/qoc/pranav/00021_30_lih_slice_153.h5
Using 6 Taylor terms and 1 Scaling & Squaring terms
Building graph:
Propagators initialized.
Operators weight initialized.
Intermediate propagation variables initialized.
Intermediate propagators initialized.
Vectors initialized.
Training loss initialized.
Optimizer initialized.
Utilities initialized.
Graph built!
Initialized
Error = :9.31e-02; Runtime: 0.1s; Iterations = 0, grads =   2.187e-01, unitary_metric = 1.00000
Error = :5.90e-04; Runtime: 0.3s; Iterations = 17, grads =   1.508e-03, unitary_metric = 1.00000
data saved at: /project/ftchong/qoc/pranav/00021_30_lih_slice_153.h5


trying total_time: 0.6 for unitary of size (4, 4)
data saved at: /project/ftchong/qoc/pranav/00022_30_lih_slice_153.h5
Using 7 Taylor terms and 0 Scaling & Squaring terms
Building graph:
Propagators initialized.
Operators weight initialized.
Intermediate propagation variables initialized.
Intermediate propagators initialized.
Vectors initialized.
Training loss initialized.
Optimizer initialized.
Utilities initialized.
Graph built!
Initialized
Error = :4.06e-01; Runtime: 0.0s; Iterations = 0, grads =   2.529e-01, unitary_metric = 1.00000
Error = :2.63e-02; Runtime: 0.2s; Iterations = 20, grads =   2.968e-02, unitary_metric = 1.00000
Error = :6.00e-04; Runtime: 0.3s; Iterations = 27, grads =   6.660e-04, unitary_metric = 1.00000
data saved at: /project/ftchong/qoc/pranav/00022_30_lih_slice_153.h5


trying total_time: 0.3 for unitary of size (4, 4)
data saved at: /project/ftchong/qoc/pranav/00023_30_lih_slice_153.h5
Using 5 Taylor terms and 1 Scaling & Squaring terms
Building graph:
Propagators initialized.
Operators weight initialized.
Intermediate propagation variables initialized.
Intermediate propagators initialized.
Vectors initialized.
Training loss initialized.
Optimizer initialized.
Utilities initialized.
Graph built!
Initialized
Error = :7.36e-03; Runtime: 0.0s; Iterations = 0, grads =   3.284e-03, unitary_metric = 1.00000
Error = :8.92e-04; Runtime: 0.1s; Iterations = 5, grads =   1.360e-04, unitary_metric = 1.00000
data saved at: /project/ftchong/qoc/pranav/00023_30_lih_slice_153.h5


trying total_time: 40.0 for unitary of size (16, 16)
data saved at: /project/ftchong/qoc/pranav/00024_30_lih_slice_153.h5
Using 5 Taylor terms and 4 Scaling & Squaring terms
Building graph:
Propagators initialized.
Operators weight initialized.
Intermediate propagation variables initialized.
Intermediate propagators initialized.
Vectors initialized.
Training loss initialized.
Optimizer initialized.
Utilities initialized.
Graph built!
Initialized
Error = :9.37e-01; Runtime: 1.3s; Iterations = 0, grads =   2.089e-02, unitary_metric = 1.00040
Error = :6.07e-01; Runtime: 18.4s; Iterations = 20, grads =   1.278e+00, unitary_metric = 1.00030
Error = :9.90e-02; Runtime: 33.3s; Iterations = 40, grads =   5.663e-01, unitary_metric = 1.00023
Error = :1.29e-02; Runtime: 48.3s; Iterations = 60, grads =   2.484e-01, unitary_metric = 1.00024
Error = :4.24e-03; Runtime: 64.1s; Iterations = 80, grads =   2.174e-01, unitary_metric = 1.00024
Error = :1.63e-03; Runtime: 79.0s; Iterations = 100, grads =   1.007e-01, unitary_metric = 1.00024
Error = :8.67e-04; Runtime: 83.9s; Iterations = 105, grads =   5.395e-02, unitary_metric = 1.00025
data saved at: /project/ftchong/qoc/pranav/00024_30_lih_slice_153.h5


trying total_time: 20.0 for unitary of size (16, 16)
data saved at: /project/ftchong/qoc/pranav/00025_30_lih_slice_153.h5
Using 7 Taylor terms and 2 Scaling & Squaring terms
Building graph:
Propagators initialized.
Operators weight initialized.
Intermediate propagation variables initialized.
Intermediate propagators initialized.
Vectors initialized.
Training loss initialized.
Optimizer initialized.
Utilities initialized.
Graph built!
Initialized
Error = :9.57e-01; Runtime: 0.7s; Iterations = 0, grads =   4.021e-02, unitary_metric = 1.00001
Error = :5.87e-01; Runtime: 9.1s; Iterations = 20, grads =   1.039e-01, unitary_metric = 1.00001
Error = :4.49e-01; Runtime: 16.4s; Iterations = 40, grads =   1.073e-02, unitary_metric = 1.00000
Error = :1.23e-02; Runtime: 23.8s; Iterations = 60, grads =   7.403e-02, unitary_metric = 1.00000
Error = :2.95e-03; Runtime: 31.1s; Iterations = 80, grads =   4.847e-03, unitary_metric = 1.00000
Error = :1.47e-03; Runtime: 38.4s; Iterations = 100, grads =   4.050e-02, unitary_metric = 1.00000
Error = :3.01e-04; Runtime: 41.5s; Iterations = 107, grads =   2.036e-03, unitary_metric = 1.00000
data saved at: /project/ftchong/qoc/pranav/00025_30_lih_slice_153.h5


trying total_time: 10.0 for unitary of size (16, 16)
data saved at: /project/ftchong/qoc/pranav/00026_30_lih_slice_153.h5
Using 7 Taylor terms and 2 Scaling & Squaring terms
Building graph:
Propagators initialized.
Operators weight initialized.
Intermediate propagation variables initialized.
Intermediate propagators initialized.
Vectors initialized.
Training loss initialized.
Optimizer initialized.
Utilities initialized.
Graph built!
Initialized
Error = :9.45e-01; Runtime: 0.4s; Iterations = 0, grads =   1.256e-02, unitary_metric = 1.00000
Error = :6.66e-01; Runtime: 4.5s; Iterations = 20, grads =   1.585e-02, unitary_metric = 1.00000
Error = :5.06e-01; Runtime: 8.1s; Iterations = 40, grads =   3.663e-03, unitary_metric = 0.99999
Error = :3.70e-01; Runtime: 11.6s; Iterations = 60, grads =   5.469e-03, unitary_metric = 0.99999
Error = :5.91e-02; Runtime: 15.2s; Iterations = 80, grads =   3.094e-03, unitary_metric = 0.99999
Error = :2.08e-03; Runtime: 18.7s; Iterations = 100, grads =   1.130e-02, unitary_metric = 0.99999
Error = :9.62e-04; Runtime: 22.4s; Iterations = 119, grads =   9.184e-05, unitary_metric = 0.99999
data saved at: /project/ftchong/qoc/pranav/00026_30_lih_slice_153.h5


trying total_time: 5.0 for unitary of size (16, 16)
data saved at: /project/ftchong/qoc/pranav/00027_30_lih_slice_153.h5
Using 7 Taylor terms and 2 Scaling & Squaring terms
Building graph:
Propagators initialized.
Operators weight initialized.
Intermediate propagation variables initialized.
Intermediate propagators initialized.
Vectors initialized.
Training loss initialized.
Optimizer initialized.
Utilities initialized.
Graph built!
Initialized
Error = :9.38e-01; Runtime: 0.2s; Iterations = 0, grads =   2.151e-03, unitary_metric = 1.00000
Error = :7.63e-01; Runtime: 2.3s; Iterations = 20, grads =   1.871e-03, unitary_metric = 1.00000
Error = :6.44e-01; Runtime: 4.1s; Iterations = 40, grads =   1.293e-03, unitary_metric = 0.99999
Error = :5.38e-01; Runtime: 5.9s; Iterations = 60, grads =   6.908e-04, unitary_metric = 0.99999
Error = :4.19e-01; Runtime: 7.7s; Iterations = 80, grads =   8.243e-04, unitary_metric = 0.99999
Error = :2.89e-01; Runtime: 9.4s; Iterations = 100, grads =   8.146e-04, unitary_metric = 0.99999
Error = :1.76e-01; Runtime: 11.4s; Iterations = 120, grads =   3.658e-03, unitary_metric = 0.99999
Error = :1.07e-01; Runtime: 13.2s; Iterations = 140, grads =   6.694e-04, unitary_metric = 0.99999
Error = :7.51e-02; Runtime: 15.0s; Iterations = 160, grads =   1.609e-04, unitary_metric = 0.99999
Error = :5.88e-02; Runtime: 16.8s; Iterations = 180, grads =   8.119e-05, unitary_metric = 0.99999
Error = :4.86e-02; Runtime: 18.6s; Iterations = 200, grads =   3.263e-05, unitary_metric = 0.99999
Error = :4.14e-02; Runtime: 20.5s; Iterations = 220, grads =   2.446e-05, unitary_metric = 0.99999
Error = :3.70e-02; Runtime: 22.3s; Iterations = 240, grads =   1.787e-03, unitary_metric = 0.99999
Error = :3.41e-02; Runtime: 24.1s; Iterations = 260, grads =   6.227e-04, unitary_metric = 0.99999
Error = :3.21e-02; Runtime: 25.9s; Iterations = 280, grads =   1.120e-04, unitary_metric = 0.99999
Error = :3.06e-02; Runtime: 27.6s; Iterations = 300, grads =   1.304e-05, unitary_metric = 0.99999
Error = :2.95e-02; Runtime: 29.6s; Iterations = 320, grads =   6.162e-06, unitary_metric = 0.99999
Error = :2.86e-02; Runtime: 31.4s; Iterations = 340, grads =   3.368e-06, unitary_metric = 0.99999
Error = :2.77e-02; Runtime: 33.2s; Iterations = 360, grads =   3.524e-06, unitary_metric = 0.99999
Error = :2.74e-02; Runtime: 34.9s; Iterations = 380, grads =   4.145e-03, unitary_metric = 0.99999
Error = :2.63e-02; Runtime: 36.7s; Iterations = 400, grads =   2.949e-04, unitary_metric = 0.99999
Error = :2.55e-02; Runtime: 38.6s; Iterations = 420, grads =   4.525e-05, unitary_metric = 0.99999
Error = :2.49e-02; Runtime: 40.4s; Iterations = 440, grads =   1.203e-04, unitary_metric = 0.99999
Error = :2.42e-02; Runtime: 42.2s; Iterations = 460, grads =   2.456e-05, unitary_metric = 0.99999
Error = :2.35e-02; Runtime: 43.9s; Iterations = 480, grads =   8.664e-06, unitary_metric = 0.99998
Error = :2.29e-02; Runtime: 45.7s; Iterations = 500, grads =   2.538e-06, unitary_metric = 0.99999
Error = :2.23e-02; Runtime: 47.6s; Iterations = 520, grads =   4.082e-06, unitary_metric = 0.99999
Error = :2.18e-02; Runtime: 49.4s; Iterations = 540, grads =   2.297e-04, unitary_metric = 0.99999
Error = :2.13e-02; Runtime: 51.2s; Iterations = 560, grads =   6.824e-04, unitary_metric = 0.99999
Error = :2.08e-02; Runtime: 52.9s; Iterations = 580, grads =   5.401e-05, unitary_metric = 0.99999
Error = :2.03e-02; Runtime: 54.8s; Iterations = 600, grads =   2.805e-06, unitary_metric = 0.99999
Error = :1.99e-02; Runtime: 56.8s; Iterations = 620, grads =   3.882e-05, unitary_metric = 0.99999
Error = :1.96e-02; Runtime: 58.5s; Iterations = 640, grads =   7.984e-06, unitary_metric = 0.99999
Error = :1.94e-02; Runtime: 60.3s; Iterations = 660, grads =   2.256e-04, unitary_metric = 0.99999
Error = :1.92e-02; Runtime: 62.1s; Iterations = 680, grads =   4.496e-05, unitary_metric = 0.99999
Error = :1.89e-02; Runtime: 63.8s; Iterations = 700, grads =   5.673e-06, unitary_metric = 0.99999
Error = :1.86e-02; Runtime: 65.8s; Iterations = 720, grads =   1.701e-06, unitary_metric = 0.99999
Error = :1.83e-02; Runtime: 67.5s; Iterations = 740, grads =   1.351e-06, unitary_metric = 0.99999
Error = :1.82e-02; Runtime: 69.3s; Iterations = 760, grads =   7.777e-04, unitary_metric = 0.99999
Error = :1.83e-02; Runtime: 71.0s; Iterations = 780, grads =   4.144e-03, unitary_metric = 0.99999
Error = :1.78e-02; Runtime: 72.8s; Iterations = 800, grads =   9.027e-05, unitary_metric = 0.99999
Error = :1.76e-02; Runtime: 74.7s; Iterations = 820, grads =   6.978e-05, unitary_metric = 0.99999
Error = :1.75e-02; Runtime: 76.5s; Iterations = 840, grads =   4.703e-06, unitary_metric = 0.99999
Error = :1.74e-02; Runtime: 78.2s; Iterations = 860, grads =   1.078e-04, unitary_metric = 0.99999
Error = :1.73e-02; Runtime: 80.0s; Iterations = 880, grads =   8.100e-06, unitary_metric = 0.99999
Error = :1.72e-02; Runtime: 81.7s; Iterations = 900, grads =   1.353e-06, unitary_metric = 0.99999
Error = :1.71e-02; Runtime: 83.6s; Iterations = 920, grads =   6.418e-07, unitary_metric = 0.99999
Error = :1.70e-02; Runtime: 85.4s; Iterations = 940, grads =   8.339e-07, unitary_metric = 0.99999
Error = :1.70e-02; Runtime: 87.1s; Iterations = 960, grads =   2.499e-04, unitary_metric = 0.99999
Error = :1.69e-02; Runtime: 88.9s; Iterations = 980, grads =   5.115e-05, unitary_metric = 0.99999
Error = :1.69e-02; Runtime: 90.7s; Iterations = 1000, grads =   5.278e-05, unitary_metric = 0.99999
Error = :1.68e-02; Runtime: 92.6s; Iterations = 1020, grads =   1.268e-05, unitary_metric = 0.99999
Error = :1.68e-02; Runtime: 94.4s; Iterations = 1040, grads =   8.949e-05, unitary_metric = 0.99999
Error = :1.67e-02; Runtime: 96.1s; Iterations = 1060, grads =   1.892e-05, unitary_metric = 0.99999
Error = :1.67e-02; Runtime: 97.9s; Iterations = 1080, grads =   9.018e-07, unitary_metric = 0.99999
Error = :1.67e-02; Runtime: 99.6s; Iterations = 1100, grads =   9.014e-07, unitary_metric = 0.99999
Error = :1.67e-02; Runtime: 101.5s; Iterations = 1120, grads =   3.046e-04, unitary_metric = 0.99999
Error = :1.66e-02; Runtime: 103.3s; Iterations = 1140, grads =   4.649e-05, unitary_metric = 0.99999
Error = :1.66e-02; Runtime: 105.0s; Iterations = 1160, grads =   2.066e-06, unitary_metric = 0.99999
Error = :1.66e-02; Runtime: 106.8s; Iterations = 1180, grads =   5.304e-06, unitary_metric = 0.99999
Error = :1.67e-02; Runtime: 108.5s; Iterations = 1200, grads =   1.237e-03, unitary_metric = 0.99999
Error = :1.66e-02; Runtime: 110.5s; Iterations = 1220, grads =   3.226e-04, unitary_metric = 0.99999
Error = :1.65e-02; Runtime: 112.2s; Iterations = 1240, grads =   4.535e-05, unitary_metric = 0.99999
Error = :1.65e-02; Runtime: 114.0s; Iterations = 1260, grads =   6.165e-06, unitary_metric = 0.99999
Error = :1.65e-02; Runtime: 115.7s; Iterations = 1280, grads =   7.720e-07, unitary_metric = 0.99999
Error = :1.65e-02; Runtime: 117.5s; Iterations = 1300, grads =   1.230e-05, unitary_metric = 0.99999
Error = :1.65e-02; Runtime: 119.4s; Iterations = 1320, grads =   5.379e-05, unitary_metric = 0.99999
Error = :1.64e-02; Runtime: 121.2s; Iterations = 1340, grads =   2.306e-05, unitary_metric = 0.99999
Error = :1.64e-02; Runtime: 122.9s; Iterations = 1360, grads =   4.442e-06, unitary_metric = 0.99999
Error = :1.66e-02; Runtime: 124.7s; Iterations = 1380, grads =   2.644e-03, unitary_metric = 0.99999
Error = :1.64e-02; Runtime: 126.4s; Iterations = 1400, grads =   1.408e-04, unitary_metric = 0.99999
Error = :1.64e-02; Runtime: 128.4s; Iterations = 1420, grads =   2.737e-05, unitary_metric = 0.99999
Error = :1.64e-02; Runtime: 130.1s; Iterations = 1440, grads =   3.798e-06, unitary_metric = 0.99999
Error = :1.64e-02; Runtime: 131.9s; Iterations = 1460, grads =   3.884e-05, unitary_metric = 0.99999
Error = :1.64e-02; Runtime: 133.6s; Iterations = 1480, grads =   1.995e-04, unitary_metric = 0.99999
Error = :1.65e-02; Runtime: 135.4s; Iterations = 1500, grads =   4.863e-05, unitary_metric = 0.99999
Error = :1.65e-02; Runtime: 137.3s; Iterations = 1520, grads =   1.500e-05, unitary_metric = 0.99999
Error = :1.65e-02; Runtime: 139.1s; Iterations = 1540, grads =   1.065e-05, unitary_metric = 0.99999
Error = :1.65e-02; Runtime: 140.8s; Iterations = 1560, grads =   1.496e-06, unitary_metric = 0.99999
Error = :1.64e-02; Runtime: 142.6s; Iterations = 1580, grads =   3.333e-06, unitary_metric = 0.99999
Error = :1.64e-02; Runtime: 144.3s; Iterations = 1600, grads =   4.080e-05, unitary_metric = 0.99999
Error = :1.63e-02; Runtime: 146.3s; Iterations = 1620, grads =   4.848e-06, unitary_metric = 0.99999
Error = :1.63e-02; Runtime: 148.0s; Iterations = 1640, grads =   6.142e-07, unitary_metric = 0.99999
Error = :1.63e-02; Runtime: 149.8s; Iterations = 1660, grads =   1.257e-05, unitary_metric = 0.99999
Error = :1.62e-02; Runtime: 151.6s; Iterations = 1680, grads =   3.012e-05, unitary_metric = 0.99999
Error = :1.62e-02; Runtime: 153.3s; Iterations = 1700, grads =   1.664e-04, unitary_metric = 0.99999
Error = :1.62e-02; Runtime: 155.2s; Iterations = 1720, grads =   1.501e-05, unitary_metric = 0.99999
Error = :1.62e-02; Runtime: 157.0s; Iterations = 1740, grads =   3.381e-06, unitary_metric = 0.99999
Error = :1.62e-02; Runtime: 158.7s; Iterations = 1760, grads =   3.768e-04, unitary_metric = 0.99999
Error = :1.61e-02; Runtime: 160.5s; Iterations = 1780, grads =   4.202e-05, unitary_metric = 0.99999
Error = :1.61e-02; Runtime: 162.2s; Iterations = 1800, grads =   8.271e-06, unitary_metric = 0.99999
Error = :1.61e-02; Runtime: 164.1s; Iterations = 1820, grads =   3.449e-05, unitary_metric = 0.99999
Error = :1.61e-02; Runtime: 165.9s; Iterations = 1840, grads =   3.613e-07, unitary_metric = 0.99999
Error = :1.61e-02; Runtime: 167.6s; Iterations = 1860, grads =   5.539e-07, unitary_metric = 0.99999
Error = :1.61e-02; Runtime: 169.4s; Iterations = 1880, grads =   6.440e-08, unitary_metric = 0.99999
Error = :1.61e-02; Runtime: 171.1s; Iterations = 1900, grads =   1.004e-07, unitary_metric = 0.99999
Error = :1.61e-02; Runtime: 173.1s; Iterations = 1920, grads =   1.007e-06, unitary_metric = 0.99999
Error = :1.61e-02; Runtime: 174.8s; Iterations = 1940, grads =   8.516e-05, unitary_metric = 0.99999
Error = :1.62e-02; Runtime: 176.5s; Iterations = 1960, grads =   1.489e-03, unitary_metric = 0.99999
Error = :1.60e-02; Runtime: 178.3s; Iterations = 1980, grads =   6.143e-05, unitary_metric = 0.99999
Error = :1.60e-02; Runtime: 180.1s; Iterations = 2000, grads =   1.400e-05, unitary_metric = 0.99999
Error = :1.60e-02; Runtime: 182.0s; Iterations = 2020, grads =   2.061e-06, unitary_metric = 0.99999
Error = :1.60e-02; Runtime: 183.7s; Iterations = 2040, grads =   6.501e-08, unitary_metric = 0.99999
Error = :1.60e-02; Runtime: 185.5s; Iterations = 2060, grads =   6.066e-08, unitary_metric = 0.99999
Error = :1.60e-02; Runtime: 187.2s; Iterations = 2080, grads =   3.352e-07, unitary_metric = 0.99999
Error = :1.60e-02; Runtime: 189.0s; Iterations = 2100, grads =   6.918e-05, unitary_metric = 0.99999
Error = :1.60e-02; Runtime: 190.9s; Iterations = 2120, grads =   1.004e-05, unitary_metric = 0.99999
Error = :1.60e-02; Runtime: 192.7s; Iterations = 2140, grads =   1.445e-06, unitary_metric = 0.99999
Error = :1.60e-02; Runtime: 194.4s; Iterations = 2160, grads =   1.752e-07, unitary_metric = 0.99999
Error = :1.60e-02; Runtime: 196.2s; Iterations = 2180, grads =   2.016e-05, unitary_metric = 0.99999
Error = :1.60e-02; Runtime: 197.9s; Iterations = 2200, grads =   1.815e-04, unitary_metric = 0.99999
Error = :1.61e-02; Runtime: 199.8s; Iterations = 2220, grads =   3.542e-04, unitary_metric = 0.99999
Error = :1.60e-02; Runtime: 201.6s; Iterations = 2240, grads =   4.420e-05, unitary_metric = 0.99999
Error = :1.60e-02; Runtime: 203.3s; Iterations = 2260, grads =   6.254e-06, unitary_metric = 0.99999
Error = :1.60e-02; Runtime: 205.1s; Iterations = 2280, grads =   8.979e-07, unitary_metric = 0.99999
Error = :1.61e-02; Runtime: 206.8s; Iterations = 2300, grads =   3.322e-06, unitary_metric = 0.99999
Error = :1.61e-02; Runtime: 208.8s; Iterations = 2320, grads =   9.347e-06, unitary_metric = 0.99999
Error = :1.61e-02; Runtime: 210.5s; Iterations = 2340, grads =   1.788e-06, unitary_metric = 0.99999
Error = :1.61e-02; Runtime: 212.3s; Iterations = 2360, grads =   3.754e-07, unitary_metric = 0.99999
Error = :1.62e-02; Runtime: 214.0s; Iterations = 2380, grads =   1.366e-07, unitary_metric = 0.99999
Error = :1.62e-02; Runtime: 215.8s; Iterations = 2400, grads =   2.459e-07, unitary_metric = 0.99999
Error = :1.63e-02; Runtime: 217.7s; Iterations = 2420, grads =   4.928e-05, unitary_metric = 0.99999
Error = :1.63e-02; Runtime: 219.4s; Iterations = 2440, grads =   1.714e-04, unitary_metric = 0.99999
Error = :1.63e-02; Runtime: 221.2s; Iterations = 2460, grads =   3.475e-05, unitary_metric = 0.99999
Error = :1.62e-02; Runtime: 222.9s; Iterations = 2480, grads =   3.947e-06, unitary_metric = 0.99999
Error = :1.62e-02; Runtime: 224.7s; Iterations = 2500, grads =   2.039e-04, unitary_metric = 0.99999
Error = :1.62e-02; Runtime: 226.6s; Iterations = 2520, grads =   1.272e-05, unitary_metric = 0.99999
Error = :1.62e-02; Runtime: 228.3s; Iterations = 2540, grads =   1.506e-06, unitary_metric = 0.99999
Error = :1.61e-02; Runtime: 230.1s; Iterations = 2560, grads =   5.806e-06, unitary_metric = 0.99999
Error = :1.61e-02; Runtime: 231.8s; Iterations = 2580, grads =   2.577e-06, unitary_metric = 0.99999
Error = :1.61e-02; Runtime: 233.6s; Iterations = 2600, grads =   3.478e-07, unitary_metric = 0.99999
Error = :1.61e-02; Runtime: 235.5s; Iterations = 2620, grads =   8.941e-08, unitary_metric = 0.99999
Error = :1.61e-02; Runtime: 237.3s; Iterations = 2640, grads =   1.210e-07, unitary_metric = 0.99999
Error = :1.61e-02; Runtime: 239.0s; Iterations = 2660, grads =   2.005e-06, unitary_metric = 0.99999
Error = :1.61e-02; Runtime: 240.8s; Iterations = 2680, grads =   4.961e-04, unitary_metric = 0.99999
Error = :1.60e-02; Runtime: 242.6s; Iterations = 2700, grads =   3.361e-05, unitary_metric = 0.99999
Error = :1.60e-02; Runtime: 244.5s; Iterations = 2720, grads =   5.505e-06, unitary_metric = 0.99999
Error = :1.60e-02; Runtime: 246.3s; Iterations = 2740, grads =   1.264e-06, unitary_metric = 0.99999
Error = :1.60e-02; Runtime: 248.1s; Iterations = 2760, grads =   5.112e-07, unitary_metric = 0.99999
Error = :1.60e-02; Runtime: 249.8s; Iterations = 2780, grads =   6.999e-06, unitary_metric = 0.99999
Error = :1.60e-02; Runtime: 251.6s; Iterations = 2800, grads =   1.918e-05, unitary_metric = 0.99999
Error = :1.60e-02; Runtime: 253.5s; Iterations = 2820, grads =   3.900e-06, unitary_metric = 0.99999
Error = :1.60e-02; Runtime: 255.2s; Iterations = 2840, grads =   5.175e-07, unitary_metric = 0.99999
Error = :1.60e-02; Runtime: 257.0s; Iterations = 2860, grads =   9.393e-08, unitary_metric = 0.99999
Error = :1.60e-02; Runtime: 258.7s; Iterations = 2880, grads =   3.878e-07, unitary_metric = 0.99999
Error = :1.60e-02; Runtime: 260.5s; Iterations = 2900, grads =   5.450e-05, unitary_metric = 0.99999
Error = :1.60e-02; Runtime: 262.4s; Iterations = 2920, grads =   1.460e-04, unitary_metric = 0.99999
Error = :1.60e-02; Runtime: 264.1s; Iterations = 2940, grads =   2.354e-05, unitary_metric = 0.99999
Error = :1.60e-02; Runtime: 265.9s; Iterations = 2960, grads =   3.308e-06, unitary_metric = 0.99999
Error = :1.60e-02; Runtime: 267.6s; Iterations = 2980, grads =   1.893e-07, unitary_metric = 0.99999
Error = :1.60e-02; Runtime: 269.4s; Iterations = 3000, grads =   8.581e-08, unitary_metric = 0.99999
Error = :1.60e-02; Runtime: 271.3s; Iterations = 3020, grads =   2.241e-08, unitary_metric = 0.99999
Error = :1.60e-02; Runtime: 273.0s; Iterations = 3040, grads =   2.005e-08, unitary_metric = 0.99999
Error = :1.60e-02; Runtime: 274.8s; Iterations = 3060, grads =   1.895e-07, unitary_metric = 0.99999
Error = :1.60e-02; Runtime: 276.5s; Iterations = 3080, grads =   5.986e-05, unitary_metric = 0.99999
Error = :1.60e-02; Runtime: 278.3s; Iterations = 3100, grads =   4.224e-06, unitary_metric = 0.99999
Error = :1.60e-02; Runtime: 280.2s; Iterations = 3120, grads =   1.715e-04, unitary_metric = 0.99999
Error = :1.60e-02; Runtime: 282.0s; Iterations = 3140, grads =   8.179e-05, unitary_metric = 0.99999
Error = :1.60e-02; Runtime: 283.7s; Iterations = 3160, grads =   7.858e-06, unitary_metric = 0.99999
Error = :1.60e-02; Runtime: 285.5s; Iterations = 3180, grads =   5.538e-07, unitary_metric = 0.99999
Error = :1.60e-02; Runtime: 287.2s; Iterations = 3200, grads =   8.096e-08, unitary_metric = 0.99999
Error = :1.60e-02; Runtime: 289.2s; Iterations = 3220, grads =   5.138e-08, unitary_metric = 0.99999
Error = :1.60e-02; Runtime: 290.9s; Iterations = 3240, grads =   2.022e-08, unitary_metric = 0.99999
Error = :1.60e-02; Runtime: 292.7s; Iterations = 3260, grads =   1.667e-08, unitary_metric = 0.99999
Error = :1.60e-02; Runtime: 294.4s; Iterations = 3280, grads =   1.306e-08, unitary_metric = 0.99999
Error = :1.60e-02; Runtime: 296.2s; Iterations = 3300, grads =   1.353e-08, unitary_metric = 0.99999
Error = :1.60e-02; Runtime: 298.1s; Iterations = 3320, grads =   1.385e-07, unitary_metric = 0.99999
Error = :1.60e-02; Runtime: 299.9s; Iterations = 3340, grads =   4.938e-05, unitary_metric = 0.99999
Error = :1.61e-02; Runtime: 301.6s; Iterations = 3360, grads =   3.600e-04, unitary_metric = 0.99999
Error = :1.60e-02; Runtime: 303.4s; Iterations = 3380, grads =   4.482e-05, unitary_metric = 0.99999
Error = :1.60e-02; Runtime: 305.1s; Iterations = 3400, grads =   6.668e-06, unitary_metric = 0.99999
Error = :1.60e-02; Runtime: 307.1s; Iterations = 3420, grads =   5.720e-07, unitary_metric = 0.99999
Error = :1.60e-02; Runtime: 308.8s; Iterations = 3440, grads =   1.289e-07, unitary_metric = 0.99999
Error = :1.60e-02; Runtime: 310.6s; Iterations = 3460, grads =   1.552e-08, unitary_metric = 0.99999
Error = :1.60e-02; Runtime: 312.3s; Iterations = 3480, grads =   1.086e-08, unitary_metric = 0.99999
Error = :1.60e-02; Runtime: 314.1s; Iterations = 3500, grads =   1.100e-08, unitary_metric = 0.99999
Error = :1.61e-02; Runtime: 316.0s; Iterations = 3520, grads =   1.147e-08, unitary_metric = 0.99999
Error = :1.61e-02; Runtime: 317.7s; Iterations = 3540, grads =   1.122e-08, unitary_metric = 0.99999
Error = :1.61e-02; Runtime: 319.5s; Iterations = 3560, grads =   1.225e-08, unitary_metric = 0.99999
Error = :1.61e-02; Runtime: 321.2s; Iterations = 3580, grads =   2.006e-07, unitary_metric = 0.99999
Error = :1.61e-02; Runtime: 323.0s; Iterations = 3600, grads =   4.406e-05, unitary_metric = 0.99999
Error = :1.61e-02; Runtime: 324.9s; Iterations = 3620, grads =   7.968e-06, unitary_metric = 0.99999
Error = :1.61e-02; Runtime: 326.7s; Iterations = 3640, grads =   1.623e-04, unitary_metric = 0.99999
Error = :1.61e-02; Runtime: 328.5s; Iterations = 3660, grads =   2.395e-05, unitary_metric = 0.99999
Error = :1.61e-02; Runtime: 330.2s; Iterations = 3680, grads =   1.835e-06, unitary_metric = 0.99999
Error = :1.61e-02; Runtime: 332.0s; Iterations = 3700, grads =   4.237e-07, unitary_metric = 0.99999
Error = :1.62e-02; Runtime: 333.9s; Iterations = 3720, grads =   8.661e-08, unitary_metric = 0.99999
Error = :1.62e-02; Runtime: 335.6s; Iterations = 3740, grads =   1.944e-08, unitary_metric = 0.99999
Error = :1.62e-02; Runtime: 337.4s; Iterations = 3760, grads =   2.001e-08, unitary_metric = 0.99999
Error = :1.63e-02; Runtime: 339.2s; Iterations = 3780, grads =   2.524e-08, unitary_metric = 0.99999
Error = :1.63e-02; Runtime: 340.9s; Iterations = 3800, grads =   3.462e-08, unitary_metric = 0.99999
Error = :1.63e-02; Runtime: 342.8s; Iterations = 3820, grads =   4.896e-08, unitary_metric = 0.99999
Error = :1.64e-02; Runtime: 344.6s; Iterations = 3840, grads =   6.939e-08, unitary_metric = 0.99999
Error = :1.64e-02; Runtime: 346.4s; Iterations = 3860, grads =   1.946e-07, unitary_metric = 0.99999
Error = :1.65e-02; Runtime: 348.1s; Iterations = 3880, grads =   1.318e-05, unitary_metric = 0.99999
Error = :1.65e-02; Runtime: 349.9s; Iterations = 3900, grads =   2.219e-06, unitary_metric = 0.99999
Error = :1.65e-02; Runtime: 351.8s; Iterations = 3920, grads =   1.350e-05, unitary_metric = 0.99999
Error = :1.65e-02; Runtime: 353.5s; Iterations = 3940, grads =   2.073e-05, unitary_metric = 0.99999
Error = :1.65e-02; Runtime: 355.3s; Iterations = 3960, grads =   1.542e-05, unitary_metric = 0.99999
Error = :1.64e-02; Runtime: 357.0s; Iterations = 3980, grads =   5.050e-06, unitary_metric = 0.99999
Error = :1.64e-02; Runtime: 358.8s; Iterations = 4000, grads =   7.379e-06, unitary_metric = 0.99999
Error = :1.64e-02; Runtime: 360.7s; Iterations = 4020, grads =   1.303e-06, unitary_metric = 0.99999
Error = :1.64e-02; Runtime: 362.5s; Iterations = 4040, grads =   4.810e-07, unitary_metric = 0.99999
Error = :1.63e-02; Runtime: 364.2s; Iterations = 4060, grads =   1.595e-05, unitary_metric = 0.99999
Error = :1.63e-02; Runtime: 366.0s; Iterations = 4080, grads =   5.687e-07, unitary_metric = 0.99999
Error = :1.63e-02; Runtime: 367.7s; Iterations = 4100, grads =   5.717e-08, unitary_metric = 0.99999
Error = :1.63e-02; Runtime: 369.7s; Iterations = 4120, grads =   8.327e-08, unitary_metric = 0.99999
Error = :1.63e-02; Runtime: 371.4s; Iterations = 4140, grads =   3.215e-07, unitary_metric = 0.99999
Error = :1.63e-02; Runtime: 373.1s; Iterations = 4160, grads =   4.463e-05, unitary_metric = 0.99999
Error = :1.63e-02; Runtime: 374.9s; Iterations = 4180, grads =   1.224e-04, unitary_metric = 0.99999
Error = :1.63e-02; Runtime: 376.6s; Iterations = 4200, grads =   6.888e-06, unitary_metric = 0.99999
Error = :1.63e-02; Runtime: 378.5s; Iterations = 4220, grads =   4.211e-06, unitary_metric = 0.99999
Error = :1.63e-02; Runtime: 380.3s; Iterations = 4240, grads =   5.099e-07, unitary_metric = 0.99999
Error = :1.63e-02; Runtime: 382.0s; Iterations = 4260, grads =   4.671e-08, unitary_metric = 0.99999
Error = :1.63e-02; Runtime: 383.8s; Iterations = 4280, grads =   3.226e-08, unitary_metric = 0.99999
Error = :1.63e-02; Runtime: 385.6s; Iterations = 4300, grads =   2.346e-08, unitary_metric = 0.99999
Error = :1.63e-02; Runtime: 387.5s; Iterations = 4320, grads =   3.084e-08, unitary_metric = 0.99999
Error = :1.63e-02; Runtime: 389.2s; Iterations = 4340, grads =   2.317e-07, unitary_metric = 0.99999
Error = :1.63e-02; Runtime: 391.0s; Iterations = 4360, grads =   1.028e-05, unitary_metric = 0.99999
Error = :1.62e-02; Runtime: 392.8s; Iterations = 4380, grads =   5.266e-06, unitary_metric = 0.99999
Error = :1.62e-02; Runtime: 394.5s; Iterations = 4400, grads =   2.309e-06, unitary_metric = 0.99999
Error = :1.63e-02; Runtime: 396.4s; Iterations = 4420, grads =   1.202e-04, unitary_metric = 0.99999
Error = :1.62e-02; Runtime: 398.2s; Iterations = 4440, grads =   1.439e-05, unitary_metric = 0.99999
Error = :1.62e-02; Runtime: 399.9s; Iterations = 4460, grads =   1.658e-06, unitary_metric = 0.99999
Error = :1.62e-02; Runtime: 401.7s; Iterations = 4480, grads =   4.687e-07, unitary_metric = 0.99999
Error = :1.63e-02; Runtime: 403.5s; Iterations = 4500, grads =   5.763e-06, unitary_metric = 0.99999
Error = :1.63e-02; Runtime: 405.4s; Iterations = 4520, grads =   1.222e-06, unitary_metric = 0.99999
Error = :1.63e-02; Runtime: 407.2s; Iterations = 4540, grads =   1.984e-07, unitary_metric = 0.99999
Error = :1.63e-02; Runtime: 408.9s; Iterations = 4560, grads =   4.102e-08, unitary_metric = 0.99999
Error = :1.63e-02; Runtime: 410.7s; Iterations = 4580, grads =   2.560e-07, unitary_metric = 0.99999
Error = :1.63e-02; Runtime: 412.4s; Iterations = 4600, grads =   3.320e-05, unitary_metric = 0.99999
Error = :1.64e-02; Runtime: 414.4s; Iterations = 4620, grads =   1.876e-06, unitary_metric = 0.99999
Error = :1.64e-02; Runtime: 416.1s; Iterations = 4640, grads =   2.275e-06, unitary_metric = 0.99999
Error = :1.64e-02; Runtime: 417.9s; Iterations = 4660, grads =   8.971e-07, unitary_metric = 0.99999
Error = :1.65e-02; Runtime: 419.7s; Iterations = 4680, grads =   1.326e-04, unitary_metric = 0.99999
Error = :1.65e-02; Runtime: 421.4s; Iterations = 4700, grads =   2.118e-05, unitary_metric = 0.99999
Error = :1.65e-02; Runtime: 423.4s; Iterations = 4720, grads =   1.758e-06, unitary_metric = 0.99999
Error = :1.65e-02; Runtime: 425.2s; Iterations = 4740, grads =   3.251e-07, unitary_metric = 0.99999
Error = :1.65e-02; Runtime: 426.9s; Iterations = 4760, grads =   1.457e-07, unitary_metric = 0.99999
Error = :1.65e-02; Runtime: 428.7s; Iterations = 4780, grads =   8.322e-08, unitary_metric = 0.99999
Error = :1.65e-02; Runtime: 430.5s; Iterations = 4800, grads =   7.555e-08, unitary_metric = 0.99999
Error = :1.64e-02; Runtime: 432.4s; Iterations = 4820, grads =   1.228e-07, unitary_metric = 0.99999
Error = :1.64e-02; Runtime: 434.1s; Iterations = 4840, grads =   2.321e-05, unitary_metric = 0.99999
Error = :1.64e-02; Runtime: 435.9s; Iterations = 4860, grads =   2.802e-06, unitary_metric = 0.99999
Error = :1.64e-02; Runtime: 437.7s; Iterations = 4880, grads =   1.182e-06, unitary_metric = 0.99999
Error = :1.64e-02; Runtime: 439.4s; Iterations = 4900, grads =   2.364e-07, unitary_metric = 0.99999
Error = :1.64e-02; Runtime: 441.4s; Iterations = 4920, grads =   5.958e-08, unitary_metric = 0.99999
Error = :1.64e-02; Runtime: 443.2s; Iterations = 4940, grads =   3.149e-08, unitary_metric = 0.99999
Error = :1.64e-02; Runtime: 444.9s; Iterations = 4960, grads =   2.787e-08, unitary_metric = 0.99999
Error = :1.64e-02; Runtime: 446.7s; Iterations = 4980, grads =   3.349e-08, unitary_metric = 0.99999
Error = :1.63e-02; Runtime: 448.5s; Iterations = 5000, grads =   6.943e-07, unitary_metric = 0.99999
Error = :1.64e-02; Runtime: 450.4s; Iterations = 5020, grads =   9.944e-05, unitary_metric = 0.99999
Error = :1.63e-02; Runtime: 452.2s; Iterations = 5040, grads =   2.909e-06, unitary_metric = 0.99999
Error = :1.63e-02; Runtime: 454.0s; Iterations = 5060, grads =   2.479e-06, unitary_metric = 0.99999
Error = :1.63e-02; Runtime: 455.7s; Iterations = 5080, grads =   5.109e-07, unitary_metric = 0.99999
Error = :1.63e-02; Runtime: 457.5s; Iterations = 5100, grads =   8.521e-08, unitary_metric = 0.99999
Error = :1.63e-02; Runtime: 459.4s; Iterations = 5120, grads =   1.258e-06, unitary_metric = 0.99999
Error = :1.63e-02; Runtime: 461.2s; Iterations = 5140, grads =   1.269e-05, unitary_metric = 0.99999
Error = :1.63e-02; Runtime: 462.9s; Iterations = 5160, grads =   1.441e-06, unitary_metric = 0.99999
Error = :1.63e-02; Runtime: 464.7s; Iterations = 5180, grads =   3.150e-08, unitary_metric = 0.99999
Error = :1.63e-02; Runtime: 466.4s; Iterations = 5200, grads =   4.203e-08, unitary_metric = 0.99999
Error = :1.63e-02; Runtime: 468.4s; Iterations = 5220, grads =   2.276e-08, unitary_metric = 0.99999
Error = :1.63e-02; Runtime: 470.1s; Iterations = 5240, grads =   3.629e-07, unitary_metric = 0.99999
Error = :1.63e-02; Runtime: 471.9s; Iterations = 5260, grads =   4.264e-06, unitary_metric = 0.99999
Error = :1.63e-02; Runtime: 473.6s; Iterations = 5280, grads =   1.173e-04, unitary_metric = 0.99999
Error = :1.63e-02; Runtime: 475.4s; Iterations = 5300, grads =   1.401e-05, unitary_metric = 0.99999
Error = :1.63e-02; Runtime: 477.3s; Iterations = 5320, grads =   5.262e-06, unitary_metric = 0.99999
Error = :1.63e-02; Runtime: 479.0s; Iterations = 5340, grads =   1.026e-06, unitary_metric = 0.99999
Error = :1.63e-02; Runtime: 480.8s; Iterations = 5360, grads =   4.895e-07, unitary_metric = 0.99999
Error = :1.63e-02; Runtime: 482.5s; Iterations = 5380, grads =   1.181e-07, unitary_metric = 0.99999
Error = :1.63e-02; Runtime: 484.3s; Iterations = 5400, grads =   3.070e-08, unitary_metric = 0.99999
Error = :1.64e-02; Runtime: 486.4s; Iterations = 5420, grads =   3.230e-07, unitary_metric = 0.99999
Error = :1.64e-02; Runtime: 488.2s; Iterations = 5440, grads =   4.978e-06, unitary_metric = 0.99999
Error = :1.64e-02; Runtime: 489.9s; Iterations = 5460, grads =   1.632e-07, unitary_metric = 0.99999
Error = :1.64e-02; Runtime: 491.7s; Iterations = 5480, grads =   6.840e-08, unitary_metric = 0.99999
Error = :1.64e-02; Runtime: 493.4s; Iterations = 5500, grads =   3.162e-08, unitary_metric = 0.99999
Error = :1.64e-02; Runtime: 495.3s; Iterations = 5520, grads =   5.395e-08, unitary_metric = 0.99999
Error = :1.64e-02; Runtime: 497.1s; Iterations = 5540, grads =   6.077e-06, unitary_metric = 0.99999
Error = :1.64e-02; Runtime: 498.8s; Iterations = 5560, grads =   2.948e-05, unitary_metric = 0.99999
Error = :1.64e-02; Runtime: 500.6s; Iterations = 5580, grads =   7.711e-06, unitary_metric = 0.99999
Error = :1.65e-02; Runtime: 502.3s; Iterations = 5600, grads =   5.479e-07, unitary_metric = 0.99999
Error = :1.65e-02; Runtime: 504.3s; Iterations = 5620, grads =   2.157e-07, unitary_metric = 0.99999
Error = :1.65e-02; Runtime: 506.0s; Iterations = 5640, grads =   7.770e-07, unitary_metric = 0.99999
Error = :1.65e-02; Runtime: 507.8s; Iterations = 5660, grads =   1.053e-06, unitary_metric = 0.99999
Error = :1.65e-02; Runtime: 509.5s; Iterations = 5680, grads =   2.018e-07, unitary_metric = 0.99999
Error = :1.65e-02; Runtime: 511.3s; Iterations = 5700, grads =   2.169e-07, unitary_metric = 0.99999
Error = :1.65e-02; Runtime: 513.2s; Iterations = 5720, grads =   3.651e-06, unitary_metric = 0.99999
Error = :1.65e-02; Runtime: 514.9s; Iterations = 5740, grads =   1.172e-05, unitary_metric = 0.99999
Error = :1.65e-02; Runtime: 516.7s; Iterations = 5760, grads =   3.722e-07, unitary_metric = 0.99999
Error = :1.65e-02; Runtime: 518.4s; Iterations = 5780, grads =   5.822e-07, unitary_metric = 0.99999
Error = :1.65e-02; Runtime: 520.2s; Iterations = 5800, grads =   4.318e-06, unitary_metric = 0.99999
Error = :1.65e-02; Runtime: 522.1s; Iterations = 5820, grads =   2.732e-07, unitary_metric = 0.99999
Error = :1.65e-02; Runtime: 523.9s; Iterations = 5840, grads =   4.948e-06, unitary_metric = 0.99999
Error = :1.65e-02; Runtime: 525.6s; Iterations = 5860, grads =   1.943e-06, unitary_metric = 0.99999
Error = :1.65e-02; Runtime: 527.4s; Iterations = 5880, grads =   2.941e-07, unitary_metric = 0.99999
Error = :1.65e-02; Runtime: 529.1s; Iterations = 5900, grads =   1.710e-06, unitary_metric = 0.99999
Error = :1.65e-02; Runtime: 531.1s; Iterations = 5920, grads =   8.145e-06, unitary_metric = 0.99999
Error = :1.65e-02; Runtime: 532.8s; Iterations = 5940, grads =   1.028e-07, unitary_metric = 0.99999
Error = :1.65e-02; Runtime: 534.5s; Iterations = 5960, grads =   9.820e-07, unitary_metric = 0.99999
Error = :1.65e-02; Runtime: 536.3s; Iterations = 5980, grads =   4.622e-07, unitary_metric = 0.99999
Error = :1.65e-02; Runtime: 538.0s; Iterations = 6000, grads =   2.566e-07, unitary_metric = 0.99999
data saved at: /project/ftchong/qoc/pranav/00027_30_lih_slice_153.h5


trying total_time: 7.5 for unitary of size (16, 16)
data saved at: /project/ftchong/qoc/pranav/00028_30_lih_slice_153.h5
Using 7 Taylor terms and 2 Scaling & Squaring terms
Building graph:
Propagators initialized.
Operators weight initialized.
Intermediate propagation variables initialized.
Intermediate propagators initialized.
Vectors initialized.
Training loss initialized.
Optimizer initialized.
Utilities initialized.
Graph built!
Initialized
Error = :9.44e-01; Runtime: 0.3s; Iterations = 0, grads =   5.664e-03, unitary_metric = 1.00000
Error = :7.67e-01; Runtime: 3.3s; Iterations = 20, grads =   9.444e-03, unitary_metric = 1.00000
Error = :6.44e-01; Runtime: 5.9s; Iterations = 40, grads =   4.318e-03, unitary_metric = 0.99999
Error = :5.25e-01; Runtime: 8.6s; Iterations = 60, grads =   9.777e-04, unitary_metric = 0.99999
Error = :4.41e-01; Runtime: 11.2s; Iterations = 80, grads =   3.915e-03, unitary_metric = 0.99999
Error = :1.93e-01; Runtime: 13.8s; Iterations = 100, grads =   2.554e-03, unitary_metric = 0.99999
Error = :5.46e-02; Runtime: 16.6s; Iterations = 120, grads =   6.750e-03, unitary_metric = 0.99999
Error = :9.40e-03; Runtime: 19.3s; Iterations = 140, grads =   3.871e-03, unitary_metric = 0.99999
Error = :7.98e-04; Runtime: 21.9s; Iterations = 160, grads =   1.904e-05, unitary_metric = 0.99999
data saved at: /project/ftchong/qoc/pranav/00028_30_lih_slice_153.h5


trying total_time: 6.25 for unitary of size (16, 16)
data saved at: /project/ftchong/qoc/pranav/00029_30_lih_slice_153.h5
Using 7 Taylor terms and 2 Scaling & Squaring terms
Building graph:
Propagators initialized.
Operators weight initialized.
Intermediate propagation variables initialized.
Intermediate propagators initialized.
Vectors initialized.
Training loss initialized.
Optimizer initialized.
Utilities initialized.
Graph built!
Initialized
Error = :9.52e-01; Runtime: 0.2s; Iterations = 0, grads =   9.718e-03, unitary_metric = 1.00000
Error = :7.76e-01; Runtime: 2.8s; Iterations = 20, grads =   1.083e-02, unitary_metric = 1.00000
Error = :6.74e-01; Runtime: 5.0s; Iterations = 40, grads =   2.565e-03, unitary_metric = 0.99999
Error = :5.47e-01; Runtime: 7.2s; Iterations = 60, grads =   1.100e-03, unitary_metric = 0.99999
Error = :3.92e-01; Runtime: 9.4s; Iterations = 80, grads =   1.712e-03, unitary_metric = 0.99999
Error = :1.98e-01; Runtime: 11.6s; Iterations = 100, grads =   2.346e-03, unitary_metric = 0.99999
Error = :6.65e-02; Runtime: 14.0s; Iterations = 120, grads =   5.076e-04, unitary_metric = 0.99999
Error = :2.27e-02; Runtime: 16.2s; Iterations = 140, grads =   6.194e-03, unitary_metric = 0.99999
Error = :1.01e-02; Runtime: 18.4s; Iterations = 160, grads =   1.221e-03, unitary_metric = 0.99999
Error = :6.14e-03; Runtime: 20.7s; Iterations = 180, grads =   4.881e-03, unitary_metric = 0.99999
Error = :3.46e-03; Runtime: 22.9s; Iterations = 200, grads =   6.814e-04, unitary_metric = 0.99999
Error = :2.13e-03; Runtime: 25.3s; Iterations = 220, grads =   3.983e-05, unitary_metric = 0.99999
Error = :1.36e-03; Runtime: 27.5s; Iterations = 240, grads =   3.186e-05, unitary_metric = 0.99999
Error = :9.57e-04; Runtime: 29.2s; Iterations = 256, grads =   7.458e-05, unitary_metric = 0.99999
data saved at: /project/ftchong/qoc/pranav/00029_30_lih_slice_153.h5


trying total_time: 5.6 for unitary of size (16, 16)
data saved at: /project/ftchong/qoc/pranav/00030_30_lih_slice_153.h5
Using 7 Taylor terms and 2 Scaling & Squaring terms
Building graph:
Propagators initialized.
Operators weight initialized.
Intermediate propagation variables initialized.
Intermediate propagators initialized.
Vectors initialized.
Training loss initialized.
Optimizer initialized.
Utilities initialized.
Graph built!
Initialized
Error = :9.32e-01; Runtime: 0.2s; Iterations = 0, grads =   2.882e-03, unitary_metric = 1.00000
Error = :7.45e-01; Runtime: 2.5s; Iterations = 20, grads =   3.230e-03, unitary_metric = 1.00000
Error = :6.24e-01; Runtime: 4.5s; Iterations = 40, grads =   1.369e-03, unitary_metric = 0.99999
Error = :5.46e-01; Runtime: 6.4s; Iterations = 60, grads =   5.331e-04, unitary_metric = 0.99999
Error = :5.06e-01; Runtime: 8.4s; Iterations = 80, grads =   3.080e-04, unitary_metric = 0.99999
Error = :4.10e-01; Runtime: 10.4s; Iterations = 100, grads =   1.174e-03, unitary_metric = 0.99999
Error = :1.67e-01; Runtime: 12.5s; Iterations = 120, grads =   1.057e-03, unitary_metric = 0.99999
Error = :4.82e-02; Runtime: 14.5s; Iterations = 140, grads =   2.165e-02, unitary_metric = 0.99998
Error = :1.63e-02; Runtime: 16.4s; Iterations = 160, grads =   1.679e-03, unitary_metric = 0.99999
Error = :7.76e-03; Runtime: 18.4s; Iterations = 180, grads =   1.747e-04, unitary_metric = 0.99999
Error = :4.50e-03; Runtime: 20.4s; Iterations = 200, grads =   6.901e-05, unitary_metric = 0.99998
Error = :2.91e-03; Runtime: 22.5s; Iterations = 220, grads =   6.774e-05, unitary_metric = 0.99999
Error = :2.01e-03; Runtime: 24.5s; Iterations = 240, grads =   8.529e-05, unitary_metric = 0.99999
Error = :1.46e-03; Runtime: 26.4s; Iterations = 260, grads =   1.657e-04, unitary_metric = 0.99999
Error = :1.08e-03; Runtime: 28.4s; Iterations = 280, grads =   7.689e-05, unitary_metric = 0.99999
Error = :9.93e-04; Runtime: 29.0s; Iterations = 286, grads =   8.692e-05, unitary_metric = 0.99999
data saved at: /project/ftchong/qoc/pranav/00030_30_lih_slice_153.h5


trying total_time: 5.3 for unitary of size (16, 16)
data saved at: /project/ftchong/qoc/pranav/00031_30_lih_slice_153.h5
Using 7 Taylor terms and 2 Scaling & Squaring terms
Building graph:
Propagators initialized.
Operators weight initialized.
Intermediate propagation variables initialized.
Intermediate propagators initialized.
Vectors initialized.
Training loss initialized.
Optimizer initialized.
Utilities initialized.
Graph built!
Initialized
Error = :9.48e-01; Runtime: 0.2s; Iterations = 0, grads =   6.475e-03, unitary_metric = 1.00000
Error = :7.84e-01; Runtime: 2.4s; Iterations = 20, grads =   4.214e-03, unitary_metric = 1.00000
Error = :6.53e-01; Runtime: 4.3s; Iterations = 40, grads =   2.360e-03, unitary_metric = 0.99999
Error = :5.42e-01; Runtime: 6.1s; Iterations = 60, grads =   5.525e-04, unitary_metric = 0.99999
Error = :4.40e-01; Runtime: 8.0s; Iterations = 80, grads =   7.982e-04, unitary_metric = 0.99999
Error = :3.14e-01; Runtime: 9.8s; Iterations = 100, grads =   7.699e-04, unitary_metric = 0.99999
Error = :2.13e-01; Runtime: 11.9s; Iterations = 120, grads =   6.041e-04, unitary_metric = 0.99999
Error = :1.37e-01; Runtime: 13.7s; Iterations = 140, grads =   3.993e-04, unitary_metric = 0.99999
Error = :8.27e-02; Runtime: 15.6s; Iterations = 160, grads =   1.871e-04, unitary_metric = 0.99999
Error = :5.05e-02; Runtime: 17.5s; Iterations = 180, grads =   4.341e-03, unitary_metric = 0.99999
Error = :3.33e-02; Runtime: 19.3s; Iterations = 200, grads =   8.978e-04, unitary_metric = 0.99999
Error = :2.44e-02; Runtime: 21.4s; Iterations = 220, grads =   2.753e-04, unitary_metric = 0.99999
Error = :1.91e-02; Runtime: 23.2s; Iterations = 240, grads =   6.522e-05, unitary_metric = 0.99999
Error = :1.55e-02; Runtime: 25.1s; Iterations = 260, grads =   1.510e-05, unitary_metric = 0.99999
Error = :1.30e-02; Runtime: 26.9s; Iterations = 280, grads =   7.672e-06, unitary_metric = 0.99999
Error = :1.13e-02; Runtime: 28.8s; Iterations = 300, grads =   5.115e-06, unitary_metric = 0.99999
Error = :1.02e-02; Runtime: 30.9s; Iterations = 320, grads =   3.788e-06, unitary_metric = 0.99999
Error = :9.72e-03; Runtime: 32.7s; Iterations = 340, grads =   2.789e-03, unitary_metric = 0.99999
Error = :8.74e-03; Runtime: 34.6s; Iterations = 360, grads =   2.247e-04, unitary_metric = 0.99999
Error = :8.26e-03; Runtime: 36.4s; Iterations = 380, grads =   2.332e-04, unitary_metric = 0.99999
Error = :8.70e-03; Runtime: 38.3s; Iterations = 400, grads =   1.009e-02, unitary_metric = 0.99999
Error = :7.50e-03; Runtime: 40.3s; Iterations = 420, grads =   2.331e-06, unitary_metric = 0.99999
Error = :7.22e-03; Runtime: 42.2s; Iterations = 440, grads =   4.676e-06, unitary_metric = 0.99999
Error = :6.98e-03; Runtime: 44.1s; Iterations = 460, grads =   1.452e-05, unitary_metric = 0.99999
Error = :6.77e-03; Runtime: 45.9s; Iterations = 480, grads =   7.552e-07, unitary_metric = 0.99999
Error = :6.59e-03; Runtime: 47.8s; Iterations = 500, grads =   1.206e-06, unitary_metric = 0.99999
Error = :6.45e-03; Runtime: 49.8s; Iterations = 520, grads =   1.008e-04, unitary_metric = 0.99999
Error = :6.30e-03; Runtime: 51.7s; Iterations = 540, grads =   9.473e-05, unitary_metric = 0.99999
Error = :6.18e-03; Runtime: 53.5s; Iterations = 560, grads =   1.425e-04, unitary_metric = 0.99999
Error = :6.05e-03; Runtime: 55.4s; Iterations = 580, grads =   5.262e-05, unitary_metric = 0.99999
Error = :5.94e-03; Runtime: 57.2s; Iterations = 600, grads =   7.611e-06, unitary_metric = 0.99999
Error = :5.84e-03; Runtime: 59.3s; Iterations = 620, grads =   4.767e-07, unitary_metric = 0.99999
Error = :5.76e-03; Runtime: 61.2s; Iterations = 640, grads =   1.512e-04, unitary_metric = 0.99999
Error = :5.74e-03; Runtime: 63.1s; Iterations = 660, grads =   1.043e-03, unitary_metric = 0.99999
Error = :5.56e-03; Runtime: 64.9s; Iterations = 680, grads =   1.481e-05, unitary_metric = 0.99999
Error = :5.47e-03; Runtime: 66.8s; Iterations = 700, grads =   1.382e-05, unitary_metric = 0.99999
Error = :5.36e-03; Runtime: 68.8s; Iterations = 720, grads =   1.086e-06, unitary_metric = 0.99999
Error = :5.26e-03; Runtime: 70.7s; Iterations = 740, grads =   6.034e-07, unitary_metric = 0.99999
Error = :5.18e-03; Runtime: 72.5s; Iterations = 760, grads =   1.484e-04, unitary_metric = 0.99999
Error = :5.18e-03; Runtime: 74.4s; Iterations = 780, grads =   8.053e-04, unitary_metric = 0.99999
Error = :5.00e-03; Runtime: 76.3s; Iterations = 800, grads =   2.299e-04, unitary_metric = 0.99999
Error = :4.88e-03; Runtime: 78.3s; Iterations = 820, grads =   3.091e-05, unitary_metric = 0.99999
Error = :4.79e-03; Runtime: 80.2s; Iterations = 840, grads =   1.411e-06, unitary_metric = 0.99999
Error = :4.72e-03; Runtime: 82.0s; Iterations = 860, grads =   3.431e-05, unitary_metric = 0.99999
Error = :4.74e-03; Runtime: 83.9s; Iterations = 880, grads =   1.116e-03, unitary_metric = 0.99999
Error = :4.59e-03; Runtime: 85.7s; Iterations = 900, grads =   1.548e-04, unitary_metric = 0.99999
Error = :4.51e-03; Runtime: 87.8s; Iterations = 920, grads =   1.864e-05, unitary_metric = 0.99999
Error = :4.45e-03; Runtime: 89.6s; Iterations = 940, grads =   3.020e-07, unitary_metric = 0.99999
Error = :4.42e-03; Runtime: 91.5s; Iterations = 960, grads =   1.929e-04, unitary_metric = 0.99999
Error = :4.38e-03; Runtime: 93.3s; Iterations = 980, grads =   3.184e-04, unitary_metric = 0.99999
Error = :4.30e-03; Runtime: 95.2s; Iterations = 1000, grads =   6.973e-05, unitary_metric = 0.99999
Error = :4.23e-03; Runtime: 97.2s; Iterations = 1020, grads =   1.207e-05, unitary_metric = 0.99999
Error = :4.18e-03; Runtime: 99.1s; Iterations = 1040, grads =   3.152e-06, unitary_metric = 0.99999
Error = :4.14e-03; Runtime: 101.0s; Iterations = 1060, grads =   1.719e-06, unitary_metric = 0.99999
Error = :4.36e-03; Runtime: 102.8s; Iterations = 1080, grads =   3.167e-03, unitary_metric = 0.99999
Error = :4.05e-03; Runtime: 104.7s; Iterations = 1100, grads =   2.539e-05, unitary_metric = 0.99999
Error = :4.01e-03; Runtime: 106.7s; Iterations = 1120, grads =   1.360e-05, unitary_metric = 0.99999
Error = :4.02e-03; Runtime: 108.5s; Iterations = 1140, grads =   3.799e-04, unitary_metric = 0.99999
Error = :3.95e-03; Runtime: 110.4s; Iterations = 1160, grads =   1.089e-04, unitary_metric = 0.99999
Error = :3.97e-03; Runtime: 112.3s; Iterations = 1180, grads =   4.358e-04, unitary_metric = 0.99999
Error = :3.86e-03; Runtime: 114.1s; Iterations = 1200, grads =   5.331e-06, unitary_metric = 0.99999
Error = :3.82e-03; Runtime: 116.2s; Iterations = 1220, grads =   4.696e-06, unitary_metric = 0.99999
Error = :3.79e-03; Runtime: 118.0s; Iterations = 1240, grads =   4.636e-07, unitary_metric = 0.99999
Error = :3.77e-03; Runtime: 119.9s; Iterations = 1260, grads =   5.068e-07, unitary_metric = 0.99999
Error = :3.73e-03; Runtime: 121.7s; Iterations = 1280, grads =   7.400e-07, unitary_metric = 0.99999
Error = :3.72e-03; Runtime: 123.6s; Iterations = 1300, grads =   5.603e-05, unitary_metric = 0.99999
Error = :3.70e-03; Runtime: 125.6s; Iterations = 1320, grads =   1.588e-04, unitary_metric = 0.99999
Error = :3.99e-03; Runtime: 127.5s; Iterations = 1340, grads =   3.937e-03, unitary_metric = 0.99999
Error = :3.65e-03; Runtime: 129.3s; Iterations = 1360, grads =   3.524e-04, unitary_metric = 0.99999
Error = :3.59e-03; Runtime: 131.2s; Iterations = 1380, grads =   5.017e-07, unitary_metric = 0.99999
Error = :3.56e-03; Runtime: 133.1s; Iterations = 1400, grads =   4.793e-06, unitary_metric = 0.99999
Error = :3.52e-03; Runtime: 135.1s; Iterations = 1420, grads =   9.830e-07, unitary_metric = 0.99999
Error = :3.49e-03; Runtime: 137.0s; Iterations = 1440, grads =   2.428e-07, unitary_metric = 0.99999
Error = :3.46e-03; Runtime: 138.8s; Iterations = 1460, grads =   1.155e-06, unitary_metric = 0.99999
Error = :3.46e-03; Runtime: 140.7s; Iterations = 1480, grads =   2.361e-04, unitary_metric = 0.99999
Error = :3.43e-03; Runtime: 142.5s; Iterations = 1500, grads =   2.986e-04, unitary_metric = 0.99999
Error = :3.35e-03; Runtime: 144.6s; Iterations = 1520, grads =   1.683e-05, unitary_metric = 0.99999
Error = :3.32e-03; Runtime: 146.4s; Iterations = 1540, grads =   6.609e-06, unitary_metric = 0.99999
Error = :3.29e-03; Runtime: 148.3s; Iterations = 1560, grads =   1.142e-06, unitary_metric = 0.99999
Error = :3.26e-03; Runtime: 150.1s; Iterations = 1580, grads =   2.275e-07, unitary_metric = 0.99999
Error = :3.24e-03; Runtime: 152.0s; Iterations = 1600, grads =   8.118e-08, unitary_metric = 0.99999
Error = :3.21e-03; Runtime: 154.0s; Iterations = 1620, grads =   8.263e-08, unitary_metric = 0.99999
Error = :3.19e-03; Runtime: 155.8s; Iterations = 1640, grads =   9.812e-08, unitary_metric = 0.99999
Error = :3.17e-03; Runtime: 157.7s; Iterations = 1660, grads =   3.430e-07, unitary_metric = 0.99999
Error = :3.25e-03; Runtime: 159.5s; Iterations = 1680, grads =   1.144e-03, unitary_metric = 0.99999
Error = :3.24e-03; Runtime: 161.4s; Iterations = 1700, grads =   7.677e-04, unitary_metric = 0.99999
Error = :3.13e-03; Runtime: 163.4s; Iterations = 1720, grads =   6.636e-05, unitary_metric = 0.99999
Error = :3.11e-03; Runtime: 165.3s; Iterations = 1740, grads =   1.685e-05, unitary_metric = 0.99999
Error = :3.10e-03; Runtime: 167.1s; Iterations = 1760, grads =   1.471e-06, unitary_metric = 0.99999
Error = :3.09e-03; Runtime: 169.0s; Iterations = 1780, grads =   1.926e-07, unitary_metric = 0.99999
Error = :3.08e-03; Runtime: 170.8s; Iterations = 1800, grads =   6.112e-08, unitary_metric = 0.99999
Error = :3.07e-03; Runtime: 172.9s; Iterations = 1820, grads =   4.834e-08, unitary_metric = 0.99999
Error = :3.07e-03; Runtime: 174.7s; Iterations = 1840, grads =   1.216e-07, unitary_metric = 0.99999
Error = :3.06e-03; Runtime: 176.6s; Iterations = 1860, grads =   1.646e-07, unitary_metric = 0.99999
Error = :3.06e-03; Runtime: 178.4s; Iterations = 1880, grads =   3.511e-06, unitary_metric = 0.99999
Error = :3.13e-03; Runtime: 180.3s; Iterations = 1900, grads =   3.672e-04, unitary_metric = 0.99999
Error = :3.07e-03; Runtime: 182.3s; Iterations = 1920, grads =   3.615e-05, unitary_metric = 0.99999
Error = :3.10e-03; Runtime: 184.2s; Iterations = 1940, grads =   2.740e-04, unitary_metric = 0.99999
Error = :3.06e-03; Runtime: 186.1s; Iterations = 1960, grads =   4.317e-07, unitary_metric = 0.99999
Error = :3.06e-03; Runtime: 187.9s; Iterations = 1980, grads =   2.727e-06, unitary_metric = 0.99999
Error = :3.05e-03; Runtime: 189.8s; Iterations = 2000, grads =   2.497e-06, unitary_metric = 0.99999
Error = :3.08e-03; Runtime: 191.8s; Iterations = 2020, grads =   4.074e-04, unitary_metric = 0.99999
Error = :3.03e-03; Runtime: 193.7s; Iterations = 2040, grads =   8.231e-05, unitary_metric = 0.99999
Error = :3.00e-03; Runtime: 195.5s; Iterations = 2060, grads =   7.250e-06, unitary_metric = 0.99999
Error = :2.98e-03; Runtime: 197.4s; Iterations = 2080, grads =   2.155e-06, unitary_metric = 0.99999
Error = :2.96e-03; Runtime: 199.3s; Iterations = 2100, grads =   3.028e-05, unitary_metric = 0.99999
Error = :2.96e-03; Runtime: 201.3s; Iterations = 2120, grads =   1.613e-04, unitary_metric = 0.99999
Error = :2.93e-03; Runtime: 203.2s; Iterations = 2140, grads =   7.956e-05, unitary_metric = 0.99999
Error = :2.90e-03; Runtime: 205.0s; Iterations = 2160, grads =   1.071e-05, unitary_metric = 0.99999
Error = :2.88e-03; Runtime: 206.9s; Iterations = 2180, grads =   1.404e-06, unitary_metric = 0.99999
Error = :2.87e-03; Runtime: 208.7s; Iterations = 2200, grads =   1.055e-07, unitary_metric = 0.99999
Error = :2.85e-03; Runtime: 210.8s; Iterations = 2220, grads =   1.130e-06, unitary_metric = 0.99999
Error = :2.93e-03; Runtime: 212.6s; Iterations = 2240, grads =   1.020e-03, unitary_metric = 0.99999
Error = :2.85e-03; Runtime: 214.5s; Iterations = 2260, grads =   2.094e-04, unitary_metric = 0.99999
Error = :2.82e-03; Runtime: 216.4s; Iterations = 2280, grads =   3.044e-06, unitary_metric = 0.99999
Error = :2.81e-03; Runtime: 218.2s; Iterations = 2300, grads =   2.811e-06, unitary_metric = 0.99999
Error = :2.80e-03; Runtime: 220.3s; Iterations = 2320, grads =   2.230e-06, unitary_metric = 0.99999
Error = :2.86e-03; Runtime: 222.1s; Iterations = 2340, grads =   4.658e-04, unitary_metric = 0.99999
Error = :2.78e-03; Runtime: 224.0s; Iterations = 2360, grads =   7.503e-06, unitary_metric = 0.99999
Error = :2.77e-03; Runtime: 225.9s; Iterations = 2380, grads =   8.425e-06, unitary_metric = 0.99999
Error = :2.76e-03; Runtime: 227.7s; Iterations = 2400, grads =   1.200e-06, unitary_metric = 0.99999
Error = :2.76e-03; Runtime: 229.8s; Iterations = 2420, grads =   2.664e-07, unitary_metric = 0.99999
Error = :2.75e-03; Runtime: 231.7s; Iterations = 2440, grads =   6.053e-08, unitary_metric = 0.99999
Error = :2.74e-03; Runtime: 233.5s; Iterations = 2460, grads =   2.690e-08, unitary_metric = 0.99999
Error = :2.74e-03; Runtime: 235.4s; Iterations = 2480, grads =   2.475e-08, unitary_metric = 0.99999
Error = :2.73e-03; Runtime: 237.4s; Iterations = 2500, grads =   3.939e-08, unitary_metric = 0.99999
Error = :2.72e-03; Runtime: 239.6s; Iterations = 2520, grads =   1.776e-06, unitary_metric = 0.99999
Error = :2.77e-03; Runtime: 241.5s; Iterations = 2540, grads =   6.388e-04, unitary_metric = 0.99999
Error = :2.72e-03; Runtime: 243.5s; Iterations = 2560, grads =   4.541e-05, unitary_metric = 0.99999
Error = :2.71e-03; Runtime: 245.5s; Iterations = 2580, grads =   1.604e-05, unitary_metric = 0.99999
Error = :2.70e-03; Runtime: 247.5s; Iterations = 2600, grads =   5.243e-06, unitary_metric = 0.99999
Error = :2.73e-03; Runtime: 249.6s; Iterations = 2620, grads =   1.879e-04, unitary_metric = 0.99999
Error = :2.69e-03; Runtime: 251.5s; Iterations = 2640, grads =   1.439e-05, unitary_metric = 0.99999
Error = :2.69e-03; Runtime: 253.4s; Iterations = 2660, grads =   6.303e-06, unitary_metric = 0.99999
Error = :2.68e-03; Runtime: 255.3s; Iterations = 2680, grads =   2.195e-06, unitary_metric = 0.99999
Error = :2.68e-03; Runtime: 257.2s; Iterations = 2700, grads =   3.761e-07, unitary_metric = 0.99999
Error = :2.67e-03; Runtime: 259.3s; Iterations = 2720, grads =   5.929e-08, unitary_metric = 0.99999
Error = :2.67e-03; Runtime: 261.1s; Iterations = 2740, grads =   1.866e-08, unitary_metric = 0.99999
Error = :2.66e-03; Runtime: 263.0s; Iterations = 2760, grads =   1.001e-07, unitary_metric = 0.99999
Error = :2.66e-03; Runtime: 264.9s; Iterations = 2780, grads =   1.106e-05, unitary_metric = 0.99999
Error = :2.68e-03; Runtime: 266.8s; Iterations = 2800, grads =   2.762e-04, unitary_metric = 0.99999
Error = :2.65e-03; Runtime: 269.0s; Iterations = 2820, grads =   2.820e-05, unitary_metric = 0.99999
Error = :2.65e-03; Runtime: 270.9s; Iterations = 2840, grads =   2.522e-06, unitary_metric = 0.99999
Error = :2.64e-03; Runtime: 272.8s; Iterations = 2860, grads =   7.046e-06, unitary_metric = 0.99999
Error = :2.65e-03; Runtime: 274.6s; Iterations = 2880, grads =   6.934e-05, unitary_metric = 0.99999
Error = :2.64e-03; Runtime: 276.5s; Iterations = 2900, grads =   6.154e-05, unitary_metric = 0.99999
Error = :2.63e-03; Runtime: 278.6s; Iterations = 2920, grads =   8.245e-06, unitary_metric = 0.99999
Error = :2.63e-03; Runtime: 280.4s; Iterations = 2940, grads =   1.005e-06, unitary_metric = 0.99999
Error = :2.63e-03; Runtime: 282.3s; Iterations = 2960, grads =   2.882e-08, unitary_metric = 0.99999
Error = :2.62e-03; Runtime: 284.2s; Iterations = 2980, grads =   2.853e-08, unitary_metric = 0.99999
Error = :2.62e-03; Runtime: 286.0s; Iterations = 3000, grads =   1.896e-08, unitary_metric = 0.99999
Error = :2.62e-03; Runtime: 288.1s; Iterations = 3020, grads =   7.248e-07, unitary_metric = 0.99999
Error = :2.64e-03; Runtime: 289.9s; Iterations = 3040, grads =   3.549e-04, unitary_metric = 0.99999
Error = :2.61e-03; Runtime: 291.8s; Iterations = 3060, grads =   8.309e-06, unitary_metric = 0.99999
Error = :2.61e-03; Runtime: 293.7s; Iterations = 3080, grads =   1.437e-05, unitary_metric = 0.99999
Error = :2.62e-03; Runtime: 295.6s; Iterations = 3100, grads =   9.044e-05, unitary_metric = 0.99999
Error = :2.61e-03; Runtime: 297.6s; Iterations = 3120, grads =   9.264e-05, unitary_metric = 0.99999
Error = :2.60e-03; Runtime: 299.5s; Iterations = 3140, grads =   1.309e-05, unitary_metric = 0.99999
Error = :2.60e-03; Runtime: 301.3s; Iterations = 3160, grads =   2.956e-07, unitary_metric = 0.99999
Error = :2.59e-03; Runtime: 303.2s; Iterations = 3180, grads =   3.102e-07, unitary_metric = 0.99999
Error = :2.59e-03; Runtime: 305.1s; Iterations = 3200, grads =   4.250e-08, unitary_metric = 0.99999
Error = :2.59e-03; Runtime: 307.2s; Iterations = 3220, grads =   1.049e-08, unitary_metric = 0.99999
Error = :2.58e-03; Runtime: 309.0s; Iterations = 3240, grads =   1.189e-08, unitary_metric = 0.99999
Error = :2.58e-03; Runtime: 310.9s; Iterations = 3260, grads =   1.112e-08, unitary_metric = 0.99999
Error = :2.58e-03; Runtime: 312.8s; Iterations = 3280, grads =   1.556e-08, unitary_metric = 0.99999
Error = :2.58e-03; Runtime: 314.7s; Iterations = 3300, grads =   4.656e-07, unitary_metric = 0.99999
Error = :2.60e-03; Runtime: 316.7s; Iterations = 3320, grads =   1.313e-04, unitary_metric = 0.99999
Error = :2.58e-03; Runtime: 318.6s; Iterations = 3340, grads =   1.118e-04, unitary_metric = 0.99999
Error = :2.57e-03; Runtime: 320.4s; Iterations = 3360, grads =   3.974e-05, unitary_metric = 0.99999
Error = :2.57e-03; Runtime: 322.3s; Iterations = 3380, grads =   4.761e-05, unitary_metric = 0.99999
Error = :2.57e-03; Runtime: 324.2s; Iterations = 3400, grads =   3.153e-05, unitary_metric = 0.99999
Error = :2.56e-03; Runtime: 326.2s; Iterations = 3420, grads =   2.823e-06, unitary_metric = 0.99999
Error = :2.56e-03; Runtime: 328.1s; Iterations = 3440, grads =   4.299e-08, unitary_metric = 0.99999
Error = :2.55e-03; Runtime: 330.0s; Iterations = 3460, grads =   6.116e-08, unitary_metric = 0.99999
Error = :2.55e-03; Runtime: 331.8s; Iterations = 3480, grads =   1.305e-08, unitary_metric = 0.99999
Error = :2.55e-03; Runtime: 333.7s; Iterations = 3500, grads =   1.013e-08, unitary_metric = 0.99999
Error = :2.55e-03; Runtime: 335.7s; Iterations = 3520, grads =   9.977e-09, unitary_metric = 0.99999
Error = :2.55e-03; Runtime: 337.6s; Iterations = 3540, grads =   9.022e-09, unitary_metric = 0.99999
Error = :2.54e-03; Runtime: 339.5s; Iterations = 3560, grads =   8.529e-09, unitary_metric = 0.99999
Error = :2.54e-03; Runtime: 341.4s; Iterations = 3580, grads =   1.401e-08, unitary_metric = 0.99999
Error = :2.54e-03; Runtime: 343.2s; Iterations = 3600, grads =   2.611e-06, unitary_metric = 0.99999
Error = :2.55e-03; Runtime: 345.3s; Iterations = 3620, grads =   1.203e-04, unitary_metric = 0.99999
Error = :2.54e-03; Runtime: 347.1s; Iterations = 3640, grads =   1.988e-05, unitary_metric = 0.99999
Error = :2.53e-03; Runtime: 349.0s; Iterations = 3660, grads =   3.801e-06, unitary_metric = 0.99999
Error = :2.54e-03; Runtime: 350.9s; Iterations = 3680, grads =   1.001e-04, unitary_metric = 0.99999
Error = :2.53e-03; Runtime: 352.8s; Iterations = 3700, grads =   6.448e-05, unitary_metric = 0.99999
Error = :2.53e-03; Runtime: 354.8s; Iterations = 3720, grads =   6.801e-06, unitary_metric = 0.99999
Error = :2.52e-03; Runtime: 356.7s; Iterations = 3740, grads =   1.046e-07, unitary_metric = 0.99999
Error = :2.52e-03; Runtime: 358.5s; Iterations = 3760, grads =   1.205e-07, unitary_metric = 0.99999
Error = :2.52e-03; Runtime: 360.4s; Iterations = 3780, grads =   8.597e-09, unitary_metric = 0.99999
Error = :2.52e-03; Runtime: 362.3s; Iterations = 3800, grads =   9.261e-09, unitary_metric = 0.99999
Error = :2.52e-03; Runtime: 364.3s; Iterations = 3820, grads =   8.306e-09, unitary_metric = 0.99999
Error = :2.51e-03; Runtime: 366.2s; Iterations = 3840, grads =   8.486e-09, unitary_metric = 0.99999
Error = :2.51e-03; Runtime: 368.1s; Iterations = 3860, grads =   1.472e-08, unitary_metric = 0.99999
Error = :2.51e-03; Runtime: 370.0s; Iterations = 3880, grads =   3.979e-07, unitary_metric = 0.99999
Error = :2.52e-03; Runtime: 371.9s; Iterations = 3900, grads =   9.126e-05, unitary_metric = 0.99999
Error = :2.52e-03; Runtime: 374.0s; Iterations = 3920, grads =   1.042e-04, unitary_metric = 0.99999
Error = :2.51e-03; Runtime: 375.9s; Iterations = 3940, grads =   1.336e-05, unitary_metric = 0.99999
Error = :2.51e-03; Runtime: 377.8s; Iterations = 3960, grads =   6.916e-05, unitary_metric = 0.99999
Error = :2.50e-03; Runtime: 379.7s; Iterations = 3980, grads =   1.193e-06, unitary_metric = 0.99999
Error = :2.50e-03; Runtime: 381.6s; Iterations = 4000, grads =   8.081e-07, unitary_metric = 0.99999
Error = :2.50e-03; Runtime: 383.6s; Iterations = 4020, grads =   2.197e-07, unitary_metric = 0.99999
Error = :2.49e-03; Runtime: 385.5s; Iterations = 4040, grads =   1.113e-08, unitary_metric = 0.99999
Error = :2.49e-03; Runtime: 387.4s; Iterations = 4060, grads =   1.286e-08, unitary_metric = 0.99999
Error = :2.49e-03; Runtime: 389.8s; Iterations = 4080, grads =   1.288e-08, unitary_metric = 0.99999
Error = :2.49e-03; Runtime: 391.7s; Iterations = 4100, grads =   1.301e-08, unitary_metric = 0.99999
Error = :2.49e-03; Runtime: 393.8s; Iterations = 4120, grads =   1.623e-08, unitary_metric = 0.99999
Error = :2.48e-03; Runtime: 395.8s; Iterations = 4140, grads =   7.771e-07, unitary_metric = 0.99999
Error = :2.50e-03; Runtime: 397.7s; Iterations = 4160, grads =   2.208e-04, unitary_metric = 0.99999
Error = :2.48e-03; Runtime: 399.6s; Iterations = 4180, grads =   2.925e-05, unitary_metric = 0.99999
Error = :2.50e-03; Runtime: 401.5s; Iterations = 4200, grads =   8.706e-05, unitary_metric = 0.99999
Error = :2.48e-03; Runtime: 403.6s; Iterations = 4220, grads =   9.236e-06, unitary_metric = 0.99999
Error = :2.48e-03; Runtime: 405.5s; Iterations = 4240, grads =   1.203e-06, unitary_metric = 0.99999
Error = :2.48e-03; Runtime: 407.3s; Iterations = 4260, grads =   1.353e-07, unitary_metric = 0.99999
Error = :2.47e-03; Runtime: 409.2s; Iterations = 4280, grads =   1.955e-08, unitary_metric = 0.99999
Error = :2.47e-03; Runtime: 411.1s; Iterations = 4300, grads =   1.159e-08, unitary_metric = 0.99999
Error = :2.47e-03; Runtime: 413.2s; Iterations = 4320, grads =   8.566e-09, unitary_metric = 0.99999
Error = :2.47e-03; Runtime: 415.1s; Iterations = 4340, grads =   6.843e-09, unitary_metric = 0.99999
Error = :2.48e-03; Runtime: 416.9s; Iterations = 4360, grads =   1.116e-08, unitary_metric = 0.99999
Error = :2.48e-03; Runtime: 418.8s; Iterations = 4380, grads =   2.119e-08, unitary_metric = 0.99999
Error = :2.48e-03; Runtime: 420.7s; Iterations = 4400, grads =   6.892e-07, unitary_metric = 0.99999
Error = :2.49e-03; Runtime: 422.7s; Iterations = 4420, grads =   6.563e-05, unitary_metric = 0.99999
Error = :2.49e-03; Runtime: 424.6s; Iterations = 4440, grads =   9.284e-05, unitary_metric = 0.99999
Error = :2.50e-03; Runtime: 426.5s; Iterations = 4460, grads =   6.771e-05, unitary_metric = 0.99999
Error = :2.49e-03; Runtime: 428.4s; Iterations = 4480, grads =   1.284e-06, unitary_metric = 0.99999
Error = :2.49e-03; Runtime: 430.2s; Iterations = 4500, grads =   1.732e-07, unitary_metric = 0.99999
Error = :2.50e-03; Runtime: 432.3s; Iterations = 4520, grads =   1.442e-07, unitary_metric = 0.99999
Error = :2.50e-03; Runtime: 434.1s; Iterations = 4540, grads =   3.270e-08, unitary_metric = 0.99999
Error = :2.50e-03; Runtime: 436.0s; Iterations = 4560, grads =   1.575e-08, unitary_metric = 0.99999
Error = :2.51e-03; Runtime: 437.9s; Iterations = 4580, grads =   1.614e-08, unitary_metric = 0.99999
Error = :2.51e-03; Runtime: 439.8s; Iterations = 4600, grads =   1.789e-08, unitary_metric = 0.99999
Error = :2.52e-03; Runtime: 441.8s; Iterations = 4620, grads =   5.143e-08, unitary_metric = 0.99999
Error = :2.52e-03; Runtime: 443.7s; Iterations = 4640, grads =   5.379e-06, unitary_metric = 0.99999
Error = :2.52e-03; Runtime: 445.6s; Iterations = 4660, grads =   5.384e-06, unitary_metric = 0.99999
Error = :2.52e-03; Runtime: 447.5s; Iterations = 4680, grads =   7.447e-06, unitary_metric = 0.99999
Error = :2.52e-03; Runtime: 449.4s; Iterations = 4700, grads =   5.210e-05, unitary_metric = 0.99999
Error = :2.52e-03; Runtime: 451.4s; Iterations = 4720, grads =   1.560e-05, unitary_metric = 0.99999
Error = :2.51e-03; Runtime: 453.3s; Iterations = 4740, grads =   1.485e-06, unitary_metric = 0.99999
Error = :2.51e-03; Runtime: 455.2s; Iterations = 4760, grads =   8.944e-08, unitary_metric = 0.99999
Error = :2.50e-03; Runtime: 457.0s; Iterations = 4780, grads =   5.297e-08, unitary_metric = 0.99999
Error = :2.50e-03; Runtime: 458.9s; Iterations = 4800, grads =   3.188e-08, unitary_metric = 0.99999
Error = :2.49e-03; Runtime: 461.0s; Iterations = 4820, grads =   2.871e-08, unitary_metric = 0.99999
Error = :2.48e-03; Runtime: 462.8s; Iterations = 4840, grads =   2.538e-08, unitary_metric = 0.99999
Error = :2.48e-03; Runtime: 464.7s; Iterations = 4860, grads =   2.816e-08, unitary_metric = 0.99999
Error = :2.47e-03; Runtime: 466.6s; Iterations = 4880, grads =   5.541e-08, unitary_metric = 0.99999
Error = :2.47e-03; Runtime: 468.5s; Iterations = 4900, grads =   3.046e-06, unitary_metric = 0.99999
Error = :2.47e-03; Runtime: 470.5s; Iterations = 4920, grads =   7.037e-05, unitary_metric = 0.99999
Error = :2.45e-03; Runtime: 472.4s; Iterations = 4940, grads =   3.294e-05, unitary_metric = 0.99999
Error = :2.45e-03; Runtime: 474.3s; Iterations = 4960, grads =   4.519e-07, unitary_metric = 0.99999
Error = :2.44e-03; Runtime: 476.2s; Iterations = 4980, grads =   1.273e-07, unitary_metric = 0.99999
Error = :2.44e-03; Runtime: 478.0s; Iterations = 5000, grads =   3.715e-08, unitary_metric = 0.99999
Error = :2.43e-03; Runtime: 480.1s; Iterations = 5020, grads =   1.935e-08, unitary_metric = 0.99999
Error = :2.43e-03; Runtime: 482.0s; Iterations = 5040, grads =   1.685e-08, unitary_metric = 0.99999
Error = :2.42e-03; Runtime: 483.8s; Iterations = 5060, grads =   1.557e-08, unitary_metric = 0.99999
Error = :2.42e-03; Runtime: 485.7s; Iterations = 5080, grads =   1.495e-08, unitary_metric = 0.99999
Error = :2.41e-03; Runtime: 487.5s; Iterations = 5100, grads =   1.438e-08, unitary_metric = 0.99999
Error = :2.41e-03; Runtime: 489.6s; Iterations = 5120, grads =   3.047e-08, unitary_metric = 0.99999
Error = :2.41e-03; Runtime: 491.5s; Iterations = 5140, grads =   3.795e-06, unitary_metric = 0.99999
Error = :2.40e-03; Runtime: 493.3s; Iterations = 5160, grads =   4.961e-06, unitary_metric = 0.99999
Error = :2.40e-03; Runtime: 495.2s; Iterations = 5180, grads =   6.534e-06, unitary_metric = 0.99998
Error = :2.40e-03; Runtime: 497.1s; Iterations = 5200, grads =   1.738e-05, unitary_metric = 0.99999
Error = :2.40e-03; Runtime: 499.1s; Iterations = 5220, grads =   3.290e-06, unitary_metric = 0.99999
Error = :2.39e-03; Runtime: 501.0s; Iterations = 5240, grads =   7.157e-07, unitary_metric = 0.99999
Error = :2.39e-03; Runtime: 502.8s; Iterations = 5260, grads =   5.657e-07, unitary_metric = 0.99999
Error = :2.39e-03; Runtime: 504.7s; Iterations = 5280, grads =   3.533e-08, unitary_metric = 0.99999
Error = :2.38e-03; Runtime: 506.6s; Iterations = 5300, grads =   1.879e-08, unitary_metric = 0.99999
Error = :2.38e-03; Runtime: 508.6s; Iterations = 5320, grads =   1.018e-08, unitary_metric = 0.99999
Error = :2.38e-03; Runtime: 510.4s; Iterations = 5340, grads =   9.809e-09, unitary_metric = 0.99999
Error = :2.38e-03; Runtime: 512.3s; Iterations = 5360, grads =   1.438e-08, unitary_metric = 0.99999
Error = :2.38e-03; Runtime: 514.2s; Iterations = 5380, grads =   3.207e-08, unitary_metric = 0.99999
Error = :2.38e-03; Runtime: 516.0s; Iterations = 5400, grads =   8.510e-07, unitary_metric = 0.99998
Error = :2.38e-03; Runtime: 518.0s; Iterations = 5420, grads =   7.093e-05, unitary_metric = 0.99999
Error = :2.37e-03; Runtime: 519.9s; Iterations = 5440, grads =   2.157e-05, unitary_metric = 0.99999
Error = :2.37e-03; Runtime: 521.7s; Iterations = 5460, grads =   1.747e-06, unitary_metric = 0.99999
Error = :2.37e-03; Runtime: 523.6s; Iterations = 5480, grads =   1.085e-07, unitary_metric = 0.99999
Error = :2.37e-03; Runtime: 525.5s; Iterations = 5500, grads =   7.066e-08, unitary_metric = 0.99999
Error = :2.37e-03; Runtime: 527.5s; Iterations = 5520, grads =   3.095e-08, unitary_metric = 0.99999
Error = :2.37e-03; Runtime: 529.3s; Iterations = 5540, grads =   7.881e-09, unitary_metric = 0.99999
Error = :2.36e-03; Runtime: 531.2s; Iterations = 5560, grads =   8.382e-09, unitary_metric = 0.99999
Error = :2.36e-03; Runtime: 533.0s; Iterations = 5580, grads =   2.132e-08, unitary_metric = 0.99999
Error = :2.36e-03; Runtime: 534.9s; Iterations = 5600, grads =   3.418e-07, unitary_metric = 0.99999
Error = :2.36e-03; Runtime: 536.9s; Iterations = 5620, grads =   1.752e-05, unitary_metric = 0.99999
Error = :2.36e-03; Runtime: 538.8s; Iterations = 5640, grads =   3.208e-06, unitary_metric = 0.99998
Error = :2.36e-03; Runtime: 540.6s; Iterations = 5660, grads =   7.543e-05, unitary_metric = 0.99999
Error = :2.36e-03; Runtime: 542.5s; Iterations = 5680, grads =   7.069e-06, unitary_metric = 0.99999
Error = :2.35e-03; Runtime: 544.3s; Iterations = 5700, grads =   8.789e-07, unitary_metric = 0.99999
Error = :2.35e-03; Runtime: 546.3s; Iterations = 5720, grads =   8.736e-08, unitary_metric = 0.99998
Error = :2.35e-03; Runtime: 548.2s; Iterations = 5740, grads =   2.042e-08, unitary_metric = 0.99999
Error = :2.35e-03; Runtime: 550.1s; Iterations = 5760, grads =   1.029e-08, unitary_metric = 0.99999
Error = :2.35e-03; Runtime: 551.9s; Iterations = 5780, grads =   6.135e-08, unitary_metric = 0.99998
Error = :2.35e-03; Runtime: 553.8s; Iterations = 5800, grads =   4.649e-06, unitary_metric = 0.99999
Error = :2.35e-03; Runtime: 555.8s; Iterations = 5820, grads =   1.942e-06, unitary_metric = 0.99998
Error = :2.35e-03; Runtime: 557.7s; Iterations = 5840, grads =   2.499e-07, unitary_metric = 0.99998
Error = :2.35e-03; Runtime: 559.5s; Iterations = 5860, grads =   6.570e-08, unitary_metric = 0.99999
Error = :2.35e-03; Runtime: 561.4s; Iterations = 5880, grads =   2.718e-07, unitary_metric = 0.99999
Error = :2.35e-03; Runtime: 563.2s; Iterations = 5900, grads =   2.446e-05, unitary_metric = 0.99999
Error = :2.35e-03; Runtime: 565.2s; Iterations = 5920, grads =   3.959e-05, unitary_metric = 0.99998
Error = :2.34e-03; Runtime: 567.1s; Iterations = 5940, grads =   6.797e-08, unitary_metric = 0.99999
Error = :2.34e-03; Runtime: 569.0s; Iterations = 5960, grads =   1.015e-06, unitary_metric = 0.99999
Error = :2.34e-03; Runtime: 570.8s; Iterations = 5980, grads =   9.519e-07, unitary_metric = 0.99999
Error = :2.34e-03; Runtime: 572.7s; Iterations = 6000, grads =   7.927e-06, unitary_metric = 0.99999
data saved at: /project/ftchong/qoc/pranav/00031_30_lih_slice_153.h5


trying total_time: 10.0 for unitary of size (4, 4)
data saved at: /project/ftchong/qoc/pranav/00032_30_lih_slice_153.h5
Using 6 Taylor terms and 1 Scaling & Squaring terms
Building graph:
Propagators initialized.
Operators weight initialized.
Intermediate propagation variables initialized.
Intermediate propagators initialized.
Vectors initialized.
Training loss initialized.
Optimizer initialized.
Utilities initialized.
Graph built!
Initialized
Error = :1.03e-01; Runtime: 0.3s; Iterations = 0, grads =   1.976e+00, unitary_metric = 1.00000
Error = :2.78e-03; Runtime: 2.1s; Iterations = 20, grads =   5.810e-02, unitary_metric = 1.00000
Error = :7.62e-04; Runtime: 3.3s; Iterations = 38, grads =   1.652e-02, unitary_metric = 1.00000
data saved at: /project/ftchong/qoc/pranav/00032_30_lih_slice_153.h5


trying total_time: 5.0 for unitary of size (4, 4)
data saved at: /project/ftchong/qoc/pranav/00033_30_lih_slice_153.h5
Using 6 Taylor terms and 1 Scaling & Squaring terms
Building graph:
Propagators initialized.
Operators weight initialized.
Intermediate propagation variables initialized.
Intermediate propagators initialized.
Vectors initialized.
Training loss initialized.
Optimizer initialized.
Utilities initialized.
Graph built!
Initialized
Error = :8.52e-03; Runtime: 0.1s; Iterations = 0, grads =   5.926e-02, unitary_metric = 1.00000
Error = :7.54e-04; Runtime: 0.8s; Iterations = 11, grads =   3.245e-03, unitary_metric = 1.00000
data saved at: /project/ftchong/qoc/pranav/00033_30_lih_slice_153.h5


trying total_time: 2.5 for unitary of size (4, 4)
data saved at: /project/ftchong/qoc/pranav/00034_30_lih_slice_153.h5
Using 6 Taylor terms and 1 Scaling & Squaring terms
Building graph:
Propagators initialized.
Operators weight initialized.
Intermediate propagation variables initialized.
Intermediate propagators initialized.
Vectors initialized.
Training loss initialized.
Optimizer initialized.
Utilities initialized.
Graph built!
Initialized
Error = :2.42e-03; Runtime: 0.1s; Iterations = 0, grads =   4.808e-03, unitary_metric = 1.00000
Error = :9.46e-04; Runtime: 0.4s; Iterations = 7, grads =   3.960e-03, unitary_metric = 1.00000
data saved at: /project/ftchong/qoc/pranav/00034_30_lih_slice_153.h5


trying total_time: 1.25 for unitary of size (4, 4)
data saved at: /project/ftchong/qoc/pranav/00035_30_lih_slice_153.h5
Using 6 Taylor terms and 1 Scaling & Squaring terms
Building graph:
Propagators initialized.
Operators weight initialized.
Intermediate propagation variables initialized.
Intermediate propagators initialized.
Vectors initialized.
Training loss initialized.
Optimizer initialized.
Utilities initialized.
Graph built!
Initialized
Error = :1.56e-01; Runtime: 0.1s; Iterations = 0, grads =   3.293e-01, unitary_metric = 1.00000
Error = :3.34e-03; Runtime: 0.4s; Iterations = 20, grads =   8.646e-03, unitary_metric = 1.00000
Error = :7.48e-04; Runtime: 0.4s; Iterations = 30, grads =   1.899e-03, unitary_metric = 1.00000
data saved at: /project/ftchong/qoc/pranav/00035_30_lih_slice_153.h5


trying total_time: 0.6 for unitary of size (4, 4)
data saved at: /project/ftchong/qoc/pranav/00036_30_lih_slice_153.h5
Using 7 Taylor terms and 0 Scaling & Squaring terms
Building graph:
Propagators initialized.
Operators weight initialized.
Intermediate propagation variables initialized.
Intermediate propagators initialized.
Vectors initialized.
Training loss initialized.
Optimizer initialized.
Utilities initialized.
Graph built!
Initialized
Error = :1.05e-01; Runtime: 0.0s; Iterations = 0, grads =   1.126e-01, unitary_metric = 1.00000
Error = :5.67e-04; Runtime: 0.2s; Iterations = 12, grads =   3.848e-04, unitary_metric = 1.00000
data saved at: /project/ftchong/qoc/pranav/00036_30_lih_slice_153.h5


trying total_time: 0.3 for unitary of size (4, 4)
data saved at: /project/ftchong/qoc/pranav/00037_30_lih_slice_153.h5
Using 5 Taylor terms and 1 Scaling & Squaring terms
Building graph:
Propagators initialized.
Operators weight initialized.
Intermediate propagation variables initialized.
Intermediate propagators initialized.
Vectors initialized.
Training loss initialized.
Optimizer initialized.
Utilities initialized.
Graph built!
Initialized
Error = :2.08e-03; Runtime: 0.0s; Iterations = 0, grads =   8.081e-04, unitary_metric = 1.00000
Error = :5.85e-04; Runtime: 0.1s; Iterations = 2, grads =   9.188e-05, unitary_metric = 1.00000
data saved at: /project/ftchong/qoc/pranav/00037_30_lih_slice_153.h5




[0.3, 5.3, 0.3]
TIME FOR SLICE IS:
5.3
