Running Block:  241


trying total_time: 10.0 for unitary of size (4, 4)
data saved at: /project/ftchong/qoc/pranav/00000_31_lih_slice_241.h5
Using 6 Taylor terms and 1 Scaling & Squaring terms
Building graph:
Propagators initialized.
Operators weight initialized.
Intermediate propagation variables initialized.
Intermediate propagators initialized.
Vectors initialized.
Training loss initialized.
Optimizer initialized.
Utilities initialized.
Graph built!
Initialized
Error = :1.39e-01; Runtime: 0.3s; Iterations = 0, grads =   2.591e+00, unitary_metric = 1.00000
Error = :3.54e-03; Runtime: 2.1s; Iterations = 20, grads =   7.195e-02, unitary_metric = 1.00000
Error = :8.10e-04; Runtime: 2.7s; Iterations = 30, grads =   1.516e-02, unitary_metric = 1.00000
data saved at: /project/ftchong/qoc/pranav/00000_31_lih_slice_241.h5


trying total_time: 5.0 for unitary of size (4, 4)
data saved at: /project/ftchong/qoc/pranav/00001_31_lih_slice_241.h5
Using 6 Taylor terms and 1 Scaling & Squaring terms
Building graph:
Propagators initialized.
Operators weight initialized.
Intermediate propagation variables initialized.
Intermediate propagators initialized.
Vectors initialized.
Training loss initialized.
Optimizer initialized.
Utilities initialized.
Graph built!
Initialized
Error = :1.58e-01; Runtime: 0.1s; Iterations = 0, grads =   1.409e+00, unitary_metric = 1.00000
Error = :4.68e-04; Runtime: 0.9s; Iterations = 14, grads =   3.027e-03, unitary_metric = 1.00000
data saved at: /project/ftchong/qoc/pranav/00001_31_lih_slice_241.h5


trying total_time: 2.5 for unitary of size (4, 4)
data saved at: /project/ftchong/qoc/pranav/00002_31_lih_slice_241.h5
Using 6 Taylor terms and 1 Scaling & Squaring terms
Building graph:
Propagators initialized.
Operators weight initialized.
Intermediate propagation variables initialized.
Intermediate propagators initialized.
Vectors initialized.
Training loss initialized.
Optimizer initialized.
Utilities initialized.
Graph built!
Initialized
Error = :1.72e-01; Runtime: 0.1s; Iterations = 0, grads =   7.421e-01, unitary_metric = 1.00000
Error = :6.15e-03; Runtime: 0.6s; Iterations = 20, grads =   3.303e-02, unitary_metric = 1.00000
Error = :3.00e-04; Runtime: 0.7s; Iterations = 22, grads =   1.507e-03, unitary_metric = 1.00000
data saved at: /project/ftchong/qoc/pranav/00002_31_lih_slice_241.h5


trying total_time: 1.25 for unitary of size (4, 4)
data saved at: /project/ftchong/qoc/pranav/00003_31_lih_slice_241.h5
Using 6 Taylor terms and 1 Scaling & Squaring terms
Building graph:
Propagators initialized.
Operators weight initialized.
Intermediate propagation variables initialized.
Intermediate propagators initialized.
Vectors initialized.
Training loss initialized.
Optimizer initialized.
Utilities initialized.
Graph built!
Initialized
Error = :1.20e-02; Runtime: 0.1s; Iterations = 0, grads =   2.379e-02, unitary_metric = 1.00000
Error = :3.25e-04; Runtime: 0.2s; Iterations = 7, grads =   1.493e-04, unitary_metric = 1.00000
data saved at: /project/ftchong/qoc/pranav/00003_31_lih_slice_241.h5


trying total_time: 0.6 for unitary of size (4, 4)
data saved at: /project/ftchong/qoc/pranav/00004_31_lih_slice_241.h5
Using 7 Taylor terms and 0 Scaling & Squaring terms
Building graph:
Propagators initialized.
Operators weight initialized.
Intermediate propagation variables initialized.
Intermediate propagators initialized.
Vectors initialized.
Training loss initialized.
Optimizer initialized.
Utilities initialized.
Graph built!
Initialized
Error = :1.14e-02; Runtime: 0.0s; Iterations = 0, grads =   1.165e-02, unitary_metric = 1.00000
Error = :5.81e-04; Runtime: 0.2s; Iterations = 10, grads =   5.162e-04, unitary_metric = 1.00000
data saved at: /project/ftchong/qoc/pranav/00004_31_lih_slice_241.h5


trying total_time: 0.3 for unitary of size (4, 4)
data saved at: /project/ftchong/qoc/pranav/00005_31_lih_slice_241.h5
Using 5 Taylor terms and 1 Scaling & Squaring terms
Building graph:
Propagators initialized.
Operators weight initialized.
Intermediate propagation variables initialized.
Intermediate propagators initialized.
Vectors initialized.
Training loss initialized.
Optimizer initialized.
Utilities initialized.
Graph built!
Initialized
Error = :5.62e-01; Runtime: 0.0s; Iterations = 0, grads =   9.934e-02, unitary_metric = 1.00000
Error = :2.38e-01; Runtime: 0.2s; Iterations = 20, grads =   9.905e-02, unitary_metric = 1.00000
Error = :2.96e-02; Runtime: 0.2s; Iterations = 40, grads =   1.772e-02, unitary_metric = 1.00000
Error = :7.61e-04; Runtime: 0.3s; Iterations = 54, grads =   4.603e-04, unitary_metric = 1.00000
data saved at: /project/ftchong/qoc/pranav/00005_31_lih_slice_241.h5


trying total_time: 40.0 for unitary of size (16, 16)
data saved at: /project/ftchong/qoc/pranav/00006_31_lih_slice_241.h5
Using 5 Taylor terms and 4 Scaling & Squaring terms
Building graph:
Propagators initialized.
Operators weight initialized.
Intermediate propagation variables initialized.
Intermediate propagators initialized.
Vectors initialized.
Training loss initialized.
Optimizer initialized.
Utilities initialized.
Graph built!
Initialized
Error = :9.45e-01; Runtime: 1.3s; Iterations = 0, grads =   3.425e-02, unitary_metric = 1.00034
Error = :5.32e-01; Runtime: 18.4s; Iterations = 20, grads =   1.057e+00, unitary_metric = 1.00031
Error = :7.44e-02; Runtime: 33.3s; Iterations = 40, grads =   1.801e+00, unitary_metric = 1.00028
Error = :6.30e-03; Runtime: 48.2s; Iterations = 60, grads =   1.341e-01, unitary_metric = 1.00027
Error = :1.01e-03; Runtime: 63.1s; Iterations = 80, grads =   2.437e-02, unitary_metric = 1.00026
Error = :7.05e-04; Runtime: 63.8s; Iterations = 81, grads =   1.316e-02, unitary_metric = 1.00026
data saved at: /project/ftchong/qoc/pranav/00006_31_lih_slice_241.h5


trying total_time: 20.0 for unitary of size (16, 16)
data saved at: /project/ftchong/qoc/pranav/00007_31_lih_slice_241.h5
Using 7 Taylor terms and 2 Scaling & Squaring terms
Building graph:
Propagators initialized.
Operators weight initialized.
Intermediate propagation variables initialized.
Intermediate propagators initialized.
Vectors initialized.
Training loss initialized.
Optimizer initialized.
Utilities initialized.
Graph built!
Initialized
Error = :9.41e-01; Runtime: 0.6s; Iterations = 0, grads =   1.173e-02, unitary_metric = 1.00002
Error = :6.36e-01; Runtime: 8.9s; Iterations = 20, grads =   7.553e-02, unitary_metric = 1.00000
Error = :5.11e-01; Runtime: 16.1s; Iterations = 40, grads =   7.748e-03, unitary_metric = 1.00001
Error = :2.43e-01; Runtime: 23.3s; Iterations = 60, grads =   2.992e-02, unitary_metric = 1.00001
Error = :1.38e-02; Runtime: 30.5s; Iterations = 80, grads =   2.203e-02, unitary_metric = 1.00000
Error = :2.47e-03; Runtime: 37.7s; Iterations = 100, grads =   1.631e-02, unitary_metric = 1.00000
Error = :8.91e-04; Runtime: 41.8s; Iterations = 110, grads =   1.118e-03, unitary_metric = 1.00000
data saved at: /project/ftchong/qoc/pranav/00007_31_lih_slice_241.h5


trying total_time: 10.0 for unitary of size (16, 16)
data saved at: /project/ftchong/qoc/pranav/00008_31_lih_slice_241.h5
Using 7 Taylor terms and 2 Scaling & Squaring terms
Building graph:
Propagators initialized.
Operators weight initialized.
Intermediate propagation variables initialized.
Intermediate propagators initialized.
Vectors initialized.
Training loss initialized.
Optimizer initialized.
Utilities initialized.
Graph built!
Initialized
Error = :9.35e-01; Runtime: 0.3s; Iterations = 0, grads =   2.156e-03, unitary_metric = 1.00000
Error = :7.10e-01; Runtime: 4.4s; Iterations = 20, grads =   1.666e-02, unitary_metric = 1.00000
Error = :5.26e-01; Runtime: 7.9s; Iterations = 40, grads =   4.559e-03, unitary_metric = 1.00000
Error = :4.94e-01; Runtime: 11.4s; Iterations = 60, grads =   1.925e-03, unitary_metric = 0.99999
Error = :1.71e-01; Runtime: 14.9s; Iterations = 80, grads =   6.230e-03, unitary_metric = 0.99999
Error = :9.03e-03; Runtime: 18.4s; Iterations = 100, grads =   1.381e-03, unitary_metric = 0.99999
Error = :8.24e-04; Runtime: 22.0s; Iterations = 119, grads =   7.972e-03, unitary_metric = 0.99999
data saved at: /project/ftchong/qoc/pranav/00008_31_lih_slice_241.h5


trying total_time: 5.0 for unitary of size (16, 16)
data saved at: /project/ftchong/qoc/pranav/00009_31_lih_slice_241.h5
Using 7 Taylor terms and 2 Scaling & Squaring terms
Building graph:
Propagators initialized.
Operators weight initialized.
Intermediate propagation variables initialized.
Intermediate propagators initialized.
Vectors initialized.
Training loss initialized.
Optimizer initialized.
Utilities initialized.
Graph built!
Initialized
Error = :9.39e-01; Runtime: 0.2s; Iterations = 0, grads =   4.309e-03, unitary_metric = 1.00000
Error = :7.57e-01; Runtime: 2.3s; Iterations = 20, grads =   2.537e-03, unitary_metric = 0.99999
Error = :6.30e-01; Runtime: 4.0s; Iterations = 40, grads =   1.264e-03, unitary_metric = 0.99999
Error = :5.38e-01; Runtime: 5.8s; Iterations = 60, grads =   4.597e-04, unitary_metric = 0.99999
Error = :4.34e-01; Runtime: 7.5s; Iterations = 80, grads =   7.920e-04, unitary_metric = 0.99999
Error = :2.94e-01; Runtime: 9.3s; Iterations = 100, grads =   8.319e-04, unitary_metric = 0.99999
Error = :1.75e-01; Runtime: 11.2s; Iterations = 120, grads =   4.955e-04, unitary_metric = 0.99999
Error = :1.01e-01; Runtime: 12.9s; Iterations = 140, grads =   3.459e-04, unitary_metric = 0.99999
Error = :6.41e-02; Runtime: 14.7s; Iterations = 160, grads =   7.815e-04, unitary_metric = 0.99999
Error = :4.51e-02; Runtime: 16.5s; Iterations = 180, grads =   1.746e-04, unitary_metric = 0.99998
Error = :3.53e-02; Runtime: 18.2s; Iterations = 200, grads =   3.385e-05, unitary_metric = 0.99999
Error = :2.99e-02; Runtime: 20.1s; Iterations = 220, grads =   1.497e-05, unitary_metric = 0.99999
Error = :2.67e-02; Runtime: 21.9s; Iterations = 240, grads =   9.205e-06, unitary_metric = 0.99999
Error = :2.46e-02; Runtime: 23.6s; Iterations = 260, grads =   6.351e-06, unitary_metric = 0.99999
Error = :2.35e-02; Runtime: 25.4s; Iterations = 280, grads =   2.723e-03, unitary_metric = 0.99999
Error = :2.19e-02; Runtime: 27.2s; Iterations = 300, grads =   2.409e-04, unitary_metric = 0.99999
Error = :2.11e-02; Runtime: 29.1s; Iterations = 320, grads =   1.056e-03, unitary_metric = 0.99999
Error = :2.01e-02; Runtime: 30.8s; Iterations = 340, grads =   1.485e-04, unitary_metric = 0.99999
Error = :1.94e-02; Runtime: 32.6s; Iterations = 360, grads =   1.529e-05, unitary_metric = 0.99999
Error = :1.88e-02; Runtime: 34.3s; Iterations = 380, grads =   7.672e-05, unitary_metric = 0.99999
Error = :1.82e-02; Runtime: 36.1s; Iterations = 400, grads =   3.128e-06, unitary_metric = 0.99999
Error = :1.77e-02; Runtime: 38.0s; Iterations = 420, grads =   2.086e-06, unitary_metric = 0.99999
Error = :1.73e-02; Runtime: 39.7s; Iterations = 440, grads =   4.556e-04, unitary_metric = 0.99999
Error = :1.69e-02; Runtime: 41.5s; Iterations = 460, grads =   7.427e-05, unitary_metric = 0.99999
Error = :1.66e-02; Runtime: 43.2s; Iterations = 480, grads =   3.316e-04, unitary_metric = 0.99999
Error = :1.63e-02; Runtime: 45.0s; Iterations = 500, grads =   1.391e-04, unitary_metric = 0.99999
Error = :1.61e-02; Runtime: 46.9s; Iterations = 520, grads =   2.303e-05, unitary_metric = 0.99999
Error = :1.60e-02; Runtime: 48.7s; Iterations = 540, grads =   5.563e-04, unitary_metric = 0.99999
Error = :1.57e-02; Runtime: 50.4s; Iterations = 560, grads =   5.391e-05, unitary_metric = 0.99999
Error = :1.56e-02; Runtime: 52.2s; Iterations = 580, grads =   1.185e-05, unitary_metric = 0.99999
Error = :1.54e-02; Runtime: 53.9s; Iterations = 600, grads =   1.209e-06, unitary_metric = 0.99999
Error = :1.52e-02; Runtime: 55.9s; Iterations = 620, grads =   1.969e-04, unitary_metric = 0.99999
Error = :1.51e-02; Runtime: 57.6s; Iterations = 640, grads =   1.281e-03, unitary_metric = 0.99998
Error = :1.48e-02; Runtime: 59.4s; Iterations = 660, grads =   1.574e-04, unitary_metric = 0.99999
Error = :1.46e-02; Runtime: 61.1s; Iterations = 680, grads =   8.790e-06, unitary_metric = 0.99999
Error = :1.45e-02; Runtime: 62.9s; Iterations = 700, grads =   2.101e-05, unitary_metric = 0.99999
Error = :1.46e-02; Runtime: 64.8s; Iterations = 720, grads =   1.390e-03, unitary_metric = 0.99999
Error = :1.43e-02; Runtime: 66.6s; Iterations = 740, grads =   9.231e-05, unitary_metric = 0.99999
Error = :1.42e-02; Runtime: 68.3s; Iterations = 760, grads =   2.239e-05, unitary_metric = 0.99999
Error = :1.41e-02; Runtime: 70.0s; Iterations = 780, grads =   3.177e-06, unitary_metric = 0.99999
Error = :1.41e-02; Runtime: 71.8s; Iterations = 800, grads =   7.696e-07, unitary_metric = 0.99999
Error = :1.41e-02; Runtime: 73.7s; Iterations = 820, grads =   2.581e-07, unitary_metric = 0.99999
Error = :1.40e-02; Runtime: 75.5s; Iterations = 840, grads =   1.016e-06, unitary_metric = 0.99999
Error = :1.43e-02; Runtime: 77.2s; Iterations = 860, grads =   3.064e-03, unitary_metric = 0.99999
Error = :1.40e-02; Runtime: 79.0s; Iterations = 880, grads =   2.823e-04, unitary_metric = 0.99999
Error = :1.39e-02; Runtime: 80.7s; Iterations = 900, grads =   5.281e-05, unitary_metric = 0.99999
Error = :1.38e-02; Runtime: 82.6s; Iterations = 920, grads =   3.345e-06, unitary_metric = 0.99999
Error = :1.37e-02; Runtime: 84.3s; Iterations = 940, grads =   8.622e-06, unitary_metric = 0.99999
Error = :1.38e-02; Runtime: 86.1s; Iterations = 960, grads =   5.259e-04, unitary_metric = 0.99999
Error = :1.37e-02; Runtime: 87.8s; Iterations = 980, grads =   1.205e-04, unitary_metric = 0.99999
Error = :1.36e-02; Runtime: 89.6s; Iterations = 1000, grads =   4.720e-05, unitary_metric = 0.99999
Error = :1.36e-02; Runtime: 91.5s; Iterations = 1020, grads =   1.238e-06, unitary_metric = 0.99999
Error = :1.36e-02; Runtime: 93.3s; Iterations = 1040, grads =   3.088e-06, unitary_metric = 0.99999
Error = :1.35e-02; Runtime: 95.0s; Iterations = 1060, grads =   5.480e-07, unitary_metric = 0.99999
Error = :1.34e-02; Runtime: 96.8s; Iterations = 1080, grads =   8.379e-07, unitary_metric = 0.99999
Error = :1.33e-02; Runtime: 98.5s; Iterations = 1100, grads =   1.134e-04, unitary_metric = 0.99999
Error = :1.33e-02; Runtime: 100.5s; Iterations = 1120, grads =   2.280e-04, unitary_metric = 0.99999
Error = :1.32e-02; Runtime: 102.2s; Iterations = 1140, grads =   1.497e-04, unitary_metric = 0.99999
Error = :1.31e-02; Runtime: 104.0s; Iterations = 1160, grads =   2.148e-05, unitary_metric = 0.99999
Error = :1.31e-02; Runtime: 105.7s; Iterations = 1180, grads =   6.184e-07, unitary_metric = 0.99999
Error = :1.31e-02; Runtime: 107.5s; Iterations = 1200, grads =   4.170e-07, unitary_metric = 0.99999
Error = :1.31e-02; Runtime: 109.4s; Iterations = 1220, grads =   1.736e-07, unitary_metric = 0.99999
Error = :1.31e-02; Runtime: 111.2s; Iterations = 1240, grads =   5.044e-07, unitary_metric = 0.99999
Error = :1.31e-02; Runtime: 112.9s; Iterations = 1260, grads =   1.714e-04, unitary_metric = 0.99998
Error = :1.31e-02; Runtime: 114.7s; Iterations = 1280, grads =   2.683e-04, unitary_metric = 0.99999
Error = :1.31e-02; Runtime: 116.4s; Iterations = 1300, grads =   2.633e-05, unitary_metric = 0.99999
Error = :1.31e-02; Runtime: 118.4s; Iterations = 1320, grads =   9.148e-06, unitary_metric = 0.99999
Error = :1.31e-02; Runtime: 120.1s; Iterations = 1340, grads =   1.441e-06, unitary_metric = 0.99999
Error = :1.31e-02; Runtime: 121.9s; Iterations = 1360, grads =   2.269e-07, unitary_metric = 0.99999
Error = :1.31e-02; Runtime: 123.6s; Iterations = 1380, grads =   1.304e-07, unitary_metric = 0.99999
Error = :1.30e-02; Runtime: 125.4s; Iterations = 1400, grads =   1.065e-07, unitary_metric = 0.99999
Error = :1.30e-02; Runtime: 127.4s; Iterations = 1420, grads =   1.284e-07, unitary_metric = 0.99999
Error = :1.30e-02; Runtime: 129.1s; Iterations = 1440, grads =   2.037e-05, unitary_metric = 0.99999
Error = :1.29e-02; Runtime: 130.9s; Iterations = 1460, grads =   1.924e-04, unitary_metric = 0.99999
Error = :1.29e-02; Runtime: 132.6s; Iterations = 1480, grads =   9.124e-06, unitary_metric = 0.99999
Error = :1.29e-02; Runtime: 134.4s; Iterations = 1500, grads =   7.913e-05, unitary_metric = 0.99999
Error = :1.29e-02; Runtime: 136.3s; Iterations = 1520, grads =   3.558e-05, unitary_metric = 0.99999
Error = :1.28e-02; Runtime: 138.0s; Iterations = 1540, grads =   3.620e-07, unitary_metric = 0.99999
Error = :1.28e-02; Runtime: 139.8s; Iterations = 1560, grads =   6.599e-07, unitary_metric = 0.99999
Error = :1.28e-02; Runtime: 141.5s; Iterations = 1580, grads =   1.432e-07, unitary_metric = 0.99999
Error = :1.28e-02; Runtime: 143.3s; Iterations = 1600, grads =   5.833e-08, unitary_metric = 0.99999
Error = :1.28e-02; Runtime: 145.2s; Iterations = 1620, grads =   5.013e-08, unitary_metric = 0.99999
Error = :1.28e-02; Runtime: 147.0s; Iterations = 1640, grads =   4.720e-08, unitary_metric = 0.99999
Error = :1.28e-02; Runtime: 148.8s; Iterations = 1660, grads =   4.564e-08, unitary_metric = 0.99999
Error = :1.27e-02; Runtime: 150.5s; Iterations = 1680, grads =   5.599e-08, unitary_metric = 0.99999
Error = :1.27e-02; Runtime: 152.3s; Iterations = 1700, grads =   2.112e-06, unitary_metric = 0.99999
Error = :1.29e-02; Runtime: 154.2s; Iterations = 1720, grads =   1.437e-03, unitary_metric = 0.99999
Error = :1.27e-02; Runtime: 155.9s; Iterations = 1740, grads =   1.373e-04, unitary_metric = 0.99999
Error = :1.27e-02; Runtime: 157.7s; Iterations = 1760, grads =   1.885e-05, unitary_metric = 0.99998
Error = :1.28e-02; Runtime: 159.4s; Iterations = 1780, grads =   4.949e-04, unitary_metric = 0.99999
Error = :1.27e-02; Runtime: 161.2s; Iterations = 1800, grads =   1.165e-05, unitary_metric = 0.99998
Error = :1.27e-02; Runtime: 163.2s; Iterations = 1820, grads =   8.503e-06, unitary_metric = 0.99999
Error = :1.27e-02; Runtime: 164.9s; Iterations = 1840, grads =   6.426e-07, unitary_metric = 0.99999
Error = :1.27e-02; Runtime: 166.7s; Iterations = 1860, grads =   9.955e-08, unitary_metric = 0.99999
Error = :1.26e-02; Runtime: 168.4s; Iterations = 1880, grads =   4.429e-08, unitary_metric = 0.99999
Error = :1.26e-02; Runtime: 170.2s; Iterations = 1900, grads =   3.174e-08, unitary_metric = 0.99999
Error = :1.26e-02; Runtime: 172.1s; Iterations = 1920, grads =   5.976e-08, unitary_metric = 0.99999
Error = :1.26e-02; Runtime: 173.9s; Iterations = 1940, grads =   3.540e-07, unitary_metric = 0.99999
Error = :1.26e-02; Runtime: 175.6s; Iterations = 1960, grads =   5.561e-05, unitary_metric = 0.99998
Error = :1.26e-02; Runtime: 177.4s; Iterations = 1980, grads =   1.014e-04, unitary_metric = 0.99999
Error = :1.26e-02; Runtime: 179.1s; Iterations = 2000, grads =   3.141e-05, unitary_metric = 0.99999
Error = :1.27e-02; Runtime: 181.0s; Iterations = 2020, grads =   3.771e-04, unitary_metric = 0.99999
Error = :1.26e-02; Runtime: 182.8s; Iterations = 2040, grads =   6.137e-05, unitary_metric = 0.99999
Error = :1.26e-02; Runtime: 184.6s; Iterations = 2060, grads =   1.624e-05, unitary_metric = 0.99998
Error = :1.26e-02; Runtime: 186.3s; Iterations = 2080, grads =   1.960e-06, unitary_metric = 0.99999
Error = :1.26e-02; Runtime: 188.1s; Iterations = 2100, grads =   1.457e-07, unitary_metric = 0.99998
Error = :1.26e-02; Runtime: 190.0s; Iterations = 2120, grads =   5.620e-08, unitary_metric = 0.99999
Error = :1.26e-02; Runtime: 191.7s; Iterations = 2140, grads =   5.741e-08, unitary_metric = 0.99998
Error = :1.26e-02; Runtime: 193.5s; Iterations = 2160, grads =   7.819e-08, unitary_metric = 0.99998
Error = :1.26e-02; Runtime: 195.2s; Iterations = 2180, grads =   2.592e-05, unitary_metric = 0.99998
Error = :1.26e-02; Runtime: 197.0s; Iterations = 2200, grads =   8.722e-05, unitary_metric = 0.99999
Error = :1.26e-02; Runtime: 198.9s; Iterations = 2220, grads =   5.541e-05, unitary_metric = 0.99999
Error = :1.25e-02; Runtime: 200.6s; Iterations = 2240, grads =   2.403e-07, unitary_metric = 0.99999
Error = :1.25e-02; Runtime: 202.4s; Iterations = 2260, grads =   8.023e-06, unitary_metric = 0.99999
Error = :1.26e-02; Runtime: 204.1s; Iterations = 2280, grads =   1.408e-04, unitary_metric = 0.99999
Error = :1.25e-02; Runtime: 205.9s; Iterations = 2300, grads =   1.771e-05, unitary_metric = 0.99999
Error = :1.25e-02; Runtime: 207.8s; Iterations = 2320, grads =   3.025e-06, unitary_metric = 0.99999
Error = :1.25e-02; Runtime: 209.6s; Iterations = 2340, grads =   8.834e-08, unitary_metric = 0.99998
Error = :1.25e-02; Runtime: 211.3s; Iterations = 2360, grads =   6.168e-08, unitary_metric = 0.99999
Error = :1.25e-02; Runtime: 213.0s; Iterations = 2380, grads =   2.916e-08, unitary_metric = 0.99999
Error = :1.25e-02; Runtime: 214.8s; Iterations = 2400, grads =   1.924e-08, unitary_metric = 0.99999
Error = :1.25e-02; Runtime: 216.7s; Iterations = 2420, grads =   1.738e-08, unitary_metric = 0.99999
Error = :1.25e-02; Runtime: 218.5s; Iterations = 2440, grads =   1.756e-08, unitary_metric = 0.99999
Error = :1.25e-02; Runtime: 220.2s; Iterations = 2460, grads =   2.108e-07, unitary_metric = 0.99999
Error = :1.26e-02; Runtime: 222.0s; Iterations = 2480, grads =   2.701e-04, unitary_metric = 0.99999
Error = :1.26e-02; Runtime: 223.7s; Iterations = 2500, grads =   2.428e-05, unitary_metric = 0.99999
Error = :1.26e-02; Runtime: 225.7s; Iterations = 2520, grads =   9.016e-06, unitary_metric = 0.99999
Error = :1.26e-02; Runtime: 227.4s; Iterations = 2540, grads =   6.352e-05, unitary_metric = 0.99998
Error = :1.26e-02; Runtime: 229.2s; Iterations = 2560, grads =   2.821e-05, unitary_metric = 0.99999
Error = :1.26e-02; Runtime: 230.9s; Iterations = 2580, grads =   2.269e-04, unitary_metric = 0.99998
Error = :1.26e-02; Runtime: 232.6s; Iterations = 2600, grads =   2.331e-05, unitary_metric = 0.99998
Error = :1.26e-02; Runtime: 234.5s; Iterations = 2620, grads =   4.167e-06, unitary_metric = 0.99999
Error = :1.26e-02; Runtime: 236.3s; Iterations = 2640, grads =   5.368e-07, unitary_metric = 0.99998
Error = :1.26e-02; Runtime: 238.0s; Iterations = 2660, grads =   1.053e-07, unitary_metric = 0.99999
Error = :1.26e-02; Runtime: 239.8s; Iterations = 2680, grads =   3.668e-08, unitary_metric = 0.99998
Error = :1.26e-02; Runtime: 241.5s; Iterations = 2700, grads =   3.564e-08, unitary_metric = 0.99998
Error = :1.26e-02; Runtime: 243.5s; Iterations = 2720, grads =   3.292e-08, unitary_metric = 0.99998
Error = :1.26e-02; Runtime: 245.2s; Iterations = 2740, grads =   3.257e-08, unitary_metric = 0.99998
Error = :1.26e-02; Runtime: 247.0s; Iterations = 2760, grads =   3.137e-08, unitary_metric = 0.99998
Error = :1.26e-02; Runtime: 248.7s; Iterations = 2780, grads =   3.792e-08, unitary_metric = 0.99998
Error = :1.26e-02; Runtime: 250.5s; Iterations = 2800, grads =   1.568e-06, unitary_metric = 0.99998
Error = :1.26e-02; Runtime: 252.4s; Iterations = 2820, grads =   3.874e-04, unitary_metric = 0.99998
Error = :1.26e-02; Runtime: 254.1s; Iterations = 2840, grads =   6.003e-05, unitary_metric = 0.99998
Error = :1.26e-02; Runtime: 255.9s; Iterations = 2860, grads =   2.543e-05, unitary_metric = 0.99998
Error = :1.26e-02; Runtime: 257.7s; Iterations = 2880, grads =   1.435e-06, unitary_metric = 0.99998
Error = :1.25e-02; Runtime: 259.4s; Iterations = 2900, grads =   2.320e-07, unitary_metric = 0.99998
Error = :1.25e-02; Runtime: 261.4s; Iterations = 2920, grads =   5.928e-08, unitary_metric = 0.99998
Error = :1.25e-02; Runtime: 263.1s; Iterations = 2940, grads =   2.612e-08, unitary_metric = 0.99999
Error = :1.25e-02; Runtime: 264.9s; Iterations = 2960, grads =   2.008e-08, unitary_metric = 0.99999
Error = :1.25e-02; Runtime: 266.6s; Iterations = 2980, grads =   1.977e-08, unitary_metric = 0.99999
Error = :1.25e-02; Runtime: 268.4s; Iterations = 3000, grads =   1.905e-08, unitary_metric = 0.99998
Error = :1.25e-02; Runtime: 270.4s; Iterations = 3020, grads =   1.869e-08, unitary_metric = 0.99999
Error = :1.25e-02; Runtime: 272.2s; Iterations = 3040, grads =   1.884e-08, unitary_metric = 0.99998
Error = :1.25e-02; Runtime: 273.9s; Iterations = 3060, grads =   2.497e-08, unitary_metric = 0.99998
Error = :1.25e-02; Runtime: 275.7s; Iterations = 3080, grads =   4.977e-06, unitary_metric = 0.99998
Error = :1.25e-02; Runtime: 277.5s; Iterations = 3100, grads =   2.584e-05, unitary_metric = 0.99998
Error = :1.25e-02; Runtime: 279.4s; Iterations = 3120, grads =   3.043e-04, unitary_metric = 0.99998
Error = :1.25e-02; Runtime: 281.1s; Iterations = 3140, grads =   2.254e-05, unitary_metric = 0.99998
Error = :1.25e-02; Runtime: 282.9s; Iterations = 3160, grads =   2.629e-06, unitary_metric = 0.99998
Error = :1.25e-02; Runtime: 284.6s; Iterations = 3180, grads =   1.151e-06, unitary_metric = 0.99998
Error = :1.25e-02; Runtime: 286.4s; Iterations = 3200, grads =   5.009e-08, unitary_metric = 0.99998
Error = :1.25e-02; Runtime: 288.4s; Iterations = 3220, grads =   3.712e-08, unitary_metric = 0.99998
Error = :1.25e-02; Runtime: 290.1s; Iterations = 3240, grads =   1.576e-08, unitary_metric = 0.99998
Error = :1.25e-02; Runtime: 291.9s; Iterations = 3260, grads =   1.333e-08, unitary_metric = 0.99998
Error = :1.25e-02; Runtime: 293.6s; Iterations = 3280, grads =   1.308e-08, unitary_metric = 0.99998
Error = :1.25e-02; Runtime: 295.4s; Iterations = 3300, grads =   1.400e-08, unitary_metric = 0.99999
Error = :1.25e-02; Runtime: 297.3s; Iterations = 3320, grads =   1.825e-07, unitary_metric = 0.99998
Error = :1.25e-02; Runtime: 299.0s; Iterations = 3340, grads =   5.733e-05, unitary_metric = 0.99998
Error = :1.25e-02; Runtime: 300.8s; Iterations = 3360, grads =   6.174e-06, unitary_metric = 0.99998
Error = :1.25e-02; Runtime: 302.5s; Iterations = 3380, grads =   1.673e-05, unitary_metric = 0.99998
Error = :1.25e-02; Runtime: 304.3s; Iterations = 3400, grads =   1.063e-05, unitary_metric = 0.99999
Error = :1.25e-02; Runtime: 306.2s; Iterations = 3420, grads =   5.952e-06, unitary_metric = 0.99998
Error = :1.25e-02; Runtime: 308.0s; Iterations = 3440, grads =   4.509e-06, unitary_metric = 0.99998
Error = :1.25e-02; Runtime: 309.7s; Iterations = 3460, grads =   3.003e-08, unitary_metric = 0.99998
Error = :1.25e-02; Runtime: 311.5s; Iterations = 3480, grads =   6.249e-08, unitary_metric = 0.99998
Error = :1.25e-02; Runtime: 313.2s; Iterations = 3500, grads =   1.924e-08, unitary_metric = 0.99998
Error = :1.25e-02; Runtime: 315.1s; Iterations = 3520, grads =   9.897e-09, unitary_metric = 0.99998
Error = :1.25e-02; Runtime: 316.9s; Iterations = 3540, grads =   9.953e-09, unitary_metric = 0.99998
Error = :1.25e-02; Runtime: 318.6s; Iterations = 3560, grads =   1.015e-08, unitary_metric = 0.99998
Error = :1.25e-02; Runtime: 320.4s; Iterations = 3580, grads =   1.106e-08, unitary_metric = 0.99998
Error = :1.25e-02; Runtime: 322.1s; Iterations = 3600, grads =   1.468e-07, unitary_metric = 0.99998
Error = :1.25e-02; Runtime: 324.0s; Iterations = 3620, grads =   8.959e-05, unitary_metric = 0.99998
Error = :1.25e-02; Runtime: 325.8s; Iterations = 3640, grads =   1.589e-04, unitary_metric = 0.99998
Error = :1.25e-02; Runtime: 327.5s; Iterations = 3660, grads =   1.319e-05, unitary_metric = 0.99998
Error = :1.25e-02; Runtime: 329.3s; Iterations = 3680, grads =   2.337e-06, unitary_metric = 0.99998
Error = :1.25e-02; Runtime: 331.0s; Iterations = 3700, grads =   5.082e-07, unitary_metric = 0.99998
Error = :1.25e-02; Runtime: 332.9s; Iterations = 3720, grads =   1.343e-07, unitary_metric = 0.99998
Error = :1.25e-02; Runtime: 334.7s; Iterations = 3740, grads =   1.546e-08, unitary_metric = 0.99998
Error = :1.25e-02; Runtime: 336.4s; Iterations = 3760, grads =   1.272e-08, unitary_metric = 0.99998
Error = :1.25e-02; Runtime: 338.2s; Iterations = 3780, grads =   1.242e-08, unitary_metric = 0.99998
Error = :1.25e-02; Runtime: 339.9s; Iterations = 3800, grads =   1.239e-08, unitary_metric = 0.99998
Error = :1.25e-02; Runtime: 341.9s; Iterations = 3820, grads =   1.157e-08, unitary_metric = 0.99998
Error = :1.25e-02; Runtime: 343.6s; Iterations = 3840, grads =   1.229e-08, unitary_metric = 0.99998
Error = :1.25e-02; Runtime: 345.4s; Iterations = 3860, grads =   2.640e-08, unitary_metric = 0.99998
Error = :1.25e-02; Runtime: 347.1s; Iterations = 3880, grads =   3.027e-06, unitary_metric = 0.99999
Error = :1.25e-02; Runtime: 348.9s; Iterations = 3900, grads =   1.679e-04, unitary_metric = 0.99998
Error = :1.25e-02; Runtime: 350.8s; Iterations = 3920, grads =   6.370e-06, unitary_metric = 0.99998
Error = :1.25e-02; Runtime: 352.6s; Iterations = 3940, grads =   1.538e-06, unitary_metric = 0.99999
Error = :1.25e-02; Runtime: 354.3s; Iterations = 3960, grads =   5.636e-06, unitary_metric = 0.99998
Error = :1.25e-02; Runtime: 356.1s; Iterations = 3980, grads =   4.197e-06, unitary_metric = 0.99998
Error = :1.25e-02; Runtime: 357.8s; Iterations = 4000, grads =   4.151e-05, unitary_metric = 0.99998
Error = :1.25e-02; Runtime: 359.8s; Iterations = 4020, grads =   3.451e-06, unitary_metric = 0.99998
Error = :1.25e-02; Runtime: 361.5s; Iterations = 4040, grads =   1.341e-08, unitary_metric = 0.99998
Error = :1.25e-02; Runtime: 363.3s; Iterations = 4060, grads =   1.068e-07, unitary_metric = 0.99998
Error = :1.25e-02; Runtime: 365.0s; Iterations = 4080, grads =   1.151e-08, unitary_metric = 0.99998
Error = :1.25e-02; Runtime: 366.8s; Iterations = 4100, grads =   9.694e-09, unitary_metric = 0.99998
Error = :1.25e-02; Runtime: 368.7s; Iterations = 4120, grads =   9.850e-09, unitary_metric = 0.99998
Error = :1.25e-02; Runtime: 370.5s; Iterations = 4140, grads =   1.468e-08, unitary_metric = 0.99998
Error = :1.25e-02; Runtime: 372.3s; Iterations = 4160, grads =   2.265e-07, unitary_metric = 0.99998
Error = :1.25e-02; Runtime: 374.0s; Iterations = 4180, grads =   5.417e-05, unitary_metric = 0.99998
Error = :1.25e-02; Runtime: 375.8s; Iterations = 4200, grads =   7.375e-05, unitary_metric = 0.99998
Error = :1.26e-02; Runtime: 377.7s; Iterations = 4220, grads =   1.587e-05, unitary_metric = 0.99999
Error = :1.26e-02; Runtime: 379.4s; Iterations = 4240, grads =   1.716e-06, unitary_metric = 0.99998
Error = :1.26e-02; Runtime: 381.2s; Iterations = 4260, grads =   2.752e-07, unitary_metric = 0.99998
Error = :1.26e-02; Runtime: 382.9s; Iterations = 4280, grads =   5.705e-08, unitary_metric = 0.99998
Error = :1.26e-02; Runtime: 384.7s; Iterations = 4300, grads =   2.037e-08, unitary_metric = 0.99998
Error = :1.27e-02; Runtime: 386.6s; Iterations = 4320, grads =   2.544e-08, unitary_metric = 0.99999
Error = :1.27e-02; Runtime: 388.4s; Iterations = 4340, grads =   3.783e-08, unitary_metric = 0.99999
Error = :1.28e-02; Runtime: 390.1s; Iterations = 4360, grads =   1.382e-07, unitary_metric = 0.99999
Error = :1.28e-02; Runtime: 391.9s; Iterations = 4380, grads =   1.293e-05, unitary_metric = 0.99999
Error = :1.29e-02; Runtime: 393.6s; Iterations = 4400, grads =   9.421e-06, unitary_metric = 0.99999
Error = :1.29e-02; Runtime: 395.5s; Iterations = 4420, grads =   4.049e-06, unitary_metric = 0.99999
Error = :1.29e-02; Runtime: 397.3s; Iterations = 4440, grads =   3.033e-05, unitary_metric = 0.99998
Error = :1.29e-02; Runtime: 399.0s; Iterations = 4460, grads =   4.186e-05, unitary_metric = 0.99999
Error = :1.29e-02; Runtime: 400.8s; Iterations = 4480, grads =   5.228e-06, unitary_metric = 0.99999
Error = :1.29e-02; Runtime: 402.5s; Iterations = 4500, grads =   7.538e-07, unitary_metric = 0.99998
Error = :1.29e-02; Runtime: 404.5s; Iterations = 4520, grads =   1.551e-07, unitary_metric = 0.99998
Error = :1.29e-02; Runtime: 406.2s; Iterations = 4540, grads =   1.174e-07, unitary_metric = 0.99998
Error = :1.29e-02; Runtime: 408.0s; Iterations = 4560, grads =   1.012e-07, unitary_metric = 0.99998
Error = :1.28e-02; Runtime: 409.7s; Iterations = 4580, grads =   8.703e-08, unitary_metric = 0.99998
Error = :1.28e-02; Runtime: 411.5s; Iterations = 4600, grads =   3.057e-07, unitary_metric = 0.99998
Error = :1.28e-02; Runtime: 413.4s; Iterations = 4620, grads =   4.256e-05, unitary_metric = 0.99998
Error = :1.28e-02; Runtime: 415.2s; Iterations = 4640, grads =   3.160e-05, unitary_metric = 0.99998
Error = :1.28e-02; Runtime: 416.9s; Iterations = 4660, grads =   5.753e-08, unitary_metric = 0.99998
Error = :1.28e-02; Runtime: 418.7s; Iterations = 4680, grads =   2.462e-07, unitary_metric = 0.99998
Error = :1.28e-02; Runtime: 420.4s; Iterations = 4700, grads =   4.893e-05, unitary_metric = 0.99998
Error = :1.28e-02; Runtime: 422.3s; Iterations = 4720, grads =   2.325e-05, unitary_metric = 0.99999
Error = :1.28e-02; Runtime: 424.1s; Iterations = 4740, grads =   1.788e-06, unitary_metric = 0.99999
Error = :1.27e-02; Runtime: 425.8s; Iterations = 4760, grads =   2.197e-07, unitary_metric = 0.99998
Error = :1.27e-02; Runtime: 427.6s; Iterations = 4780, grads =   7.364e-08, unitary_metric = 0.99999
Error = :1.27e-02; Runtime: 429.3s; Iterations = 4800, grads =   3.416e-08, unitary_metric = 0.99999
Error = :1.27e-02; Runtime: 431.2s; Iterations = 4820, grads =   3.411e-08, unitary_metric = 0.99998
Error = :1.27e-02; Runtime: 433.0s; Iterations = 4840, grads =   3.926e-07, unitary_metric = 0.99999
Error = :1.27e-02; Runtime: 434.7s; Iterations = 4860, grads =   2.791e-05, unitary_metric = 0.99998
Error = :1.27e-02; Runtime: 436.5s; Iterations = 4880, grads =   1.673e-06, unitary_metric = 0.99998
Error = :1.27e-02; Runtime: 438.2s; Iterations = 4900, grads =   2.154e-05, unitary_metric = 0.99998
Error = :1.27e-02; Runtime: 440.2s; Iterations = 4920, grads =   6.631e-07, unitary_metric = 0.99999
Error = :1.27e-02; Runtime: 442.0s; Iterations = 4940, grads =   4.570e-07, unitary_metric = 0.99998
Error = :1.27e-02; Runtime: 443.7s; Iterations = 4960, grads =   1.720e-06, unitary_metric = 0.99998
Error = :1.27e-02; Runtime: 445.5s; Iterations = 4980, grads =   7.862e-05, unitary_metric = 0.99998
Error = :1.27e-02; Runtime: 447.2s; Iterations = 5000, grads =   7.309e-06, unitary_metric = 0.99998
Error = :1.27e-02; Runtime: 449.1s; Iterations = 5020, grads =   4.273e-07, unitary_metric = 0.99998
Error = :1.27e-02; Runtime: 450.9s; Iterations = 5040, grads =   1.895e-07, unitary_metric = 0.99998
Error = :1.27e-02; Runtime: 452.6s; Iterations = 5060, grads =   1.902e-05, unitary_metric = 0.99998
Error = :1.27e-02; Runtime: 454.3s; Iterations = 5080, grads =   4.139e-06, unitary_metric = 0.99998
Error = :1.27e-02; Runtime: 456.1s; Iterations = 5100, grads =   3.682e-06, unitary_metric = 0.99998
Error = :1.27e-02; Runtime: 458.0s; Iterations = 5120, grads =   2.925e-07, unitary_metric = 0.99998
Error = :1.27e-02; Runtime: 459.7s; Iterations = 5140, grads =   4.755e-07, unitary_metric = 0.99998
Error = :1.27e-02; Runtime: 461.5s; Iterations = 5160, grads =   1.143e-07, unitary_metric = 0.99998
Error = :1.27e-02; Runtime: 463.2s; Iterations = 5180, grads =   3.920e-08, unitary_metric = 0.99998
Error = :1.27e-02; Runtime: 465.0s; Iterations = 5200, grads =   6.703e-08, unitary_metric = 0.99998
Error = :1.27e-02; Runtime: 466.9s; Iterations = 5220, grads =   1.239e-06, unitary_metric = 0.99998
Error = :1.27e-02; Runtime: 468.7s; Iterations = 5240, grads =   6.142e-05, unitary_metric = 0.99998
Error = :1.27e-02; Runtime: 470.4s; Iterations = 5260, grads =   4.993e-07, unitary_metric = 0.99999
Error = :1.27e-02; Runtime: 472.2s; Iterations = 5280, grads =   2.286e-06, unitary_metric = 0.99998
Error = :1.27e-02; Runtime: 474.0s; Iterations = 5300, grads =   2.506e-05, unitary_metric = 0.99999
Error = :1.27e-02; Runtime: 475.9s; Iterations = 5320, grads =   3.914e-07, unitary_metric = 0.99998
Error = :1.27e-02; Runtime: 477.6s; Iterations = 5340, grads =   2.672e-07, unitary_metric = 0.99998
Error = :1.26e-02; Runtime: 479.4s; Iterations = 5360, grads =   8.263e-08, unitary_metric = 0.99998
Error = :1.26e-02; Runtime: 481.1s; Iterations = 5380, grads =   2.120e-08, unitary_metric = 0.99998
Error = :1.26e-02; Runtime: 482.9s; Iterations = 5400, grads =   9.669e-08, unitary_metric = 0.99999
Error = :1.26e-02; Runtime: 484.9s; Iterations = 5420, grads =   5.798e-06, unitary_metric = 0.99999
Error = :1.26e-02; Runtime: 486.6s; Iterations = 5440, grads =   5.838e-07, unitary_metric = 0.99998
Error = :1.26e-02; Runtime: 488.4s; Iterations = 5460, grads =   2.623e-06, unitary_metric = 0.99999
Error = :1.26e-02; Runtime: 490.1s; Iterations = 5480, grads =   3.405e-07, unitary_metric = 0.99998
Error = :1.26e-02; Runtime: 491.9s; Iterations = 5500, grads =   2.705e-08, unitary_metric = 0.99998
Error = :1.26e-02; Runtime: 493.8s; Iterations = 5520, grads =   2.614e-08, unitary_metric = 0.99998
Error = :1.26e-02; Runtime: 495.5s; Iterations = 5540, grads =   1.098e-06, unitary_metric = 0.99999
Error = :1.26e-02; Runtime: 497.3s; Iterations = 5560, grads =   1.850e-06, unitary_metric = 0.99998
Error = :1.26e-02; Runtime: 499.0s; Iterations = 5580, grads =   1.899e-05, unitary_metric = 0.99998
Error = :1.26e-02; Runtime: 500.8s; Iterations = 5600, grads =   2.405e-06, unitary_metric = 0.99998
Error = :1.26e-02; Runtime: 502.7s; Iterations = 5620, grads =   3.638e-07, unitary_metric = 0.99999
Error = :1.26e-02; Runtime: 504.5s; Iterations = 5640, grads =   2.091e-05, unitary_metric = 0.99998
Error = :1.26e-02; Runtime: 506.2s; Iterations = 5660, grads =   1.733e-05, unitary_metric = 0.99999
Error = :1.26e-02; Runtime: 508.0s; Iterations = 5680, grads =   2.182e-06, unitary_metric = 0.99998
Error = :1.26e-02; Runtime: 509.7s; Iterations = 5700, grads =   3.104e-07, unitary_metric = 0.99999
Error = :1.26e-02; Runtime: 511.6s; Iterations = 5720, grads =   3.584e-08, unitary_metric = 0.99998
Error = :1.26e-02; Runtime: 513.4s; Iterations = 5740, grads =   1.606e-08, unitary_metric = 0.99999
Error = :1.26e-02; Runtime: 515.1s; Iterations = 5760, grads =   2.497e-07, unitary_metric = 0.99999
Error = :1.26e-02; Runtime: 516.9s; Iterations = 5780, grads =   1.179e-05, unitary_metric = 0.99999
Error = :1.26e-02; Runtime: 518.6s; Iterations = 5800, grads =   8.747e-06, unitary_metric = 0.99999
Error = :1.26e-02; Runtime: 520.6s; Iterations = 5820, grads =   3.155e-06, unitary_metric = 0.99998
Error = :1.26e-02; Runtime: 522.3s; Iterations = 5840, grads =   1.184e-08, unitary_metric = 0.99998
Error = :1.26e-02; Runtime: 524.1s; Iterations = 5860, grads =   6.881e-08, unitary_metric = 0.99998
Error = :1.26e-02; Runtime: 525.8s; Iterations = 5880, grads =   2.124e-08, unitary_metric = 0.99999
Error = :1.26e-02; Runtime: 527.6s; Iterations = 5900, grads =   9.073e-07, unitary_metric = 0.99999
Error = :1.26e-02; Runtime: 529.5s; Iterations = 5920, grads =   2.981e-05, unitary_metric = 0.99999
Error = :1.26e-02; Runtime: 531.3s; Iterations = 5940, grads =   1.377e-08, unitary_metric = 0.99999
Error = :1.26e-02; Runtime: 533.0s; Iterations = 5960, grads =   7.721e-07, unitary_metric = 0.99998
Error = :1.26e-02; Runtime: 534.7s; Iterations = 5980, grads =   8.616e-06, unitary_metric = 0.99998
Error = :1.26e-02; Runtime: 536.5s; Iterations = 6000, grads =   2.032e-05, unitary_metric = 0.99999
data saved at: /project/ftchong/qoc/pranav/00009_31_lih_slice_241.h5


trying total_time: 7.5 for unitary of size (16, 16)
data saved at: /project/ftchong/qoc/pranav/00010_31_lih_slice_241.h5
Using 7 Taylor terms and 2 Scaling & Squaring terms
Building graph:
Propagators initialized.
Operators weight initialized.
Intermediate propagation variables initialized.
Intermediate propagators initialized.
Vectors initialized.
Training loss initialized.
Optimizer initialized.
Utilities initialized.
Graph built!
Initialized
Error = :9.38e-01; Runtime: 0.3s; Iterations = 0, grads =   7.383e-03, unitary_metric = 1.00000
Error = :7.45e-01; Runtime: 3.3s; Iterations = 20, grads =   1.220e-02, unitary_metric = 1.00000
Error = :5.70e-01; Runtime: 5.9s; Iterations = 40, grads =   4.007e-03, unitary_metric = 1.00000
Error = :4.95e-01; Runtime: 8.5s; Iterations = 60, grads =   1.003e-03, unitary_metric = 0.99999
Error = :3.37e-01; Runtime: 11.1s; Iterations = 80, grads =   3.039e-03, unitary_metric = 0.99999
Error = :8.91e-02; Runtime: 13.7s; Iterations = 100, grads =   4.703e-02, unitary_metric = 0.99999
Error = :7.22e-03; Runtime: 16.6s; Iterations = 120, grads =   7.343e-04, unitary_metric = 0.99999
Error = :8.70e-04; Runtime: 18.1s; Iterations = 132, grads =   1.238e-03, unitary_metric = 0.99999
data saved at: /project/ftchong/qoc/pranav/00010_31_lih_slice_241.h5


trying total_time: 6.25 for unitary of size (16, 16)
data saved at: /project/ftchong/qoc/pranav/00011_31_lih_slice_241.h5
Using 7 Taylor terms and 2 Scaling & Squaring terms
Building graph:
Propagators initialized.
Operators weight initialized.
Intermediate propagation variables initialized.
Intermediate propagators initialized.
Vectors initialized.
Training loss initialized.
Optimizer initialized.
Utilities initialized.
Graph built!
Initialized
Error = :9.44e-01; Runtime: 0.2s; Iterations = 0, grads =   6.749e-03, unitary_metric = 1.00000
Error = :7.65e-01; Runtime: 2.8s; Iterations = 20, grads =   1.914e-03, unitary_metric = 1.00000
Error = :6.50e-01; Runtime: 5.0s; Iterations = 40, grads =   2.436e-03, unitary_metric = 0.99999
Error = :5.10e-01; Runtime: 7.2s; Iterations = 60, grads =   1.116e-03, unitary_metric = 0.99999
Error = :3.56e-01; Runtime: 9.4s; Iterations = 80, grads =   1.008e-03, unitary_metric = 0.99999
Error = :1.96e-01; Runtime: 11.5s; Iterations = 100, grads =   2.256e-03, unitary_metric = 0.99999
Error = :4.28e-02; Runtime: 13.9s; Iterations = 120, grads =   3.658e-03, unitary_metric = 0.99998
Error = :7.15e-03; Runtime: 16.1s; Iterations = 140, grads =   2.357e-04, unitary_metric = 0.99999
Error = :1.98e-03; Runtime: 18.3s; Iterations = 160, grads =   2.544e-05, unitary_metric = 0.99999
Error = :9.75e-04; Runtime: 20.1s; Iterations = 176, grads =   3.673e-04, unitary_metric = 0.99999
data saved at: /project/ftchong/qoc/pranav/00011_31_lih_slice_241.h5


trying total_time: 5.6 for unitary of size (16, 16)
data saved at: /project/ftchong/qoc/pranav/00012_31_lih_slice_241.h5
Using 7 Taylor terms and 2 Scaling & Squaring terms
Building graph:
Propagators initialized.
Operators weight initialized.
Intermediate propagation variables initialized.
Intermediate propagators initialized.
Vectors initialized.
Training loss initialized.
Optimizer initialized.
Utilities initialized.
Graph built!
Initialized
Error = :9.38e-01; Runtime: 0.2s; Iterations = 0, grads =   9.806e-04, unitary_metric = 1.00000
Error = :7.68e-01; Runtime: 2.5s; Iterations = 20, grads =   4.602e-03, unitary_metric = 1.00000
Error = :6.30e-01; Runtime: 4.5s; Iterations = 40, grads =   1.834e-03, unitary_metric = 0.99999
Error = :5.23e-01; Runtime: 6.5s; Iterations = 60, grads =   7.692e-04, unitary_metric = 0.99999
Error = :4.26e-01; Runtime: 8.5s; Iterations = 80, grads =   7.060e-04, unitary_metric = 0.99999
Error = :3.18e-01; Runtime: 10.5s; Iterations = 100, grads =   7.239e-04, unitary_metric = 0.99999
Error = :1.91e-01; Runtime: 12.6s; Iterations = 120, grads =   2.588e-03, unitary_metric = 0.99999
Error = :8.12e-02; Runtime: 14.6s; Iterations = 140, grads =   8.120e-04, unitary_metric = 0.99999
Error = :2.96e-02; Runtime: 16.5s; Iterations = 160, grads =   1.192e-04, unitary_metric = 0.99999
Error = :1.36e-02; Runtime: 18.5s; Iterations = 180, grads =   4.316e-03, unitary_metric = 0.99999
Error = :7.24e-03; Runtime: 20.5s; Iterations = 200, grads =   1.162e-03, unitary_metric = 0.99999
Error = :4.47e-03; Runtime: 22.6s; Iterations = 220, grads =   1.178e-04, unitary_metric = 0.99999
Error = :3.07e-03; Runtime: 24.6s; Iterations = 240, grads =   2.403e-05, unitary_metric = 0.99999
Error = :2.40e-03; Runtime: 26.6s; Iterations = 260, grads =   1.954e-03, unitary_metric = 0.99999
Error = :1.79e-03; Runtime: 28.6s; Iterations = 280, grads =   8.695e-04, unitary_metric = 0.99999
Error = :1.36e-03; Runtime: 30.5s; Iterations = 300, grads =   1.315e-05, unitary_metric = 0.99999
Error = :1.11e-03; Runtime: 32.7s; Iterations = 320, grads =   6.686e-06, unitary_metric = 0.99999
Error = :9.97e-04; Runtime: 33.8s; Iterations = 331, grads =   8.608e-06, unitary_metric = 0.99999
data saved at: /project/ftchong/qoc/pranav/00012_31_lih_slice_241.h5


trying total_time: 5.3 for unitary of size (16, 16)
data saved at: /project/ftchong/qoc/pranav/00013_31_lih_slice_241.h5
Using 7 Taylor terms and 2 Scaling & Squaring terms
Building graph:
Propagators initialized.
Operators weight initialized.
Intermediate propagation variables initialized.
Intermediate propagators initialized.
Vectors initialized.
Training loss initialized.
Optimizer initialized.
Utilities initialized.
Graph built!
Initialized
Error = :9.58e-01; Runtime: 0.2s; Iterations = 0, grads =   8.655e-03, unitary_metric = 1.00000
Error = :7.81e-01; Runtime: 2.4s; Iterations = 20, grads =   6.618e-03, unitary_metric = 1.00000
Error = :6.46e-01; Runtime: 4.2s; Iterations = 40, grads =   2.926e-03, unitary_metric = 1.00000
Error = :5.41e-01; Runtime: 6.1s; Iterations = 60, grads =   7.187e-04, unitary_metric = 0.99999
Error = :4.60e-01; Runtime: 8.0s; Iterations = 80, grads =   1.131e-03, unitary_metric = 0.99999
Error = :2.88e-01; Runtime: 9.8s; Iterations = 100, grads =   1.172e-03, unitary_metric = 0.99999
Error = :1.43e-01; Runtime: 11.9s; Iterations = 120, grads =   5.332e-04, unitary_metric = 0.99999
Error = :7.25e-02; Runtime: 13.8s; Iterations = 140, grads =   4.403e-04, unitary_metric = 0.99999
Error = :4.20e-02; Runtime: 15.7s; Iterations = 160, grads =   1.578e-04, unitary_metric = 0.99999
Error = :2.53e-02; Runtime: 17.5s; Iterations = 180, grads =   4.570e-05, unitary_metric = 0.99999
Error = :1.68e-02; Runtime: 19.4s; Iterations = 200, grads =   2.342e-05, unitary_metric = 0.99999
Error = :1.25e-02; Runtime: 21.4s; Iterations = 220, grads =   1.237e-05, unitary_metric = 0.99999
Error = :1.00e-02; Runtime: 23.2s; Iterations = 240, grads =   1.460e-04, unitary_metric = 0.99999
Error = :8.46e-03; Runtime: 25.1s; Iterations = 260, grads =   8.323e-04, unitary_metric = 0.99999
Error = :7.26e-03; Runtime: 27.0s; Iterations = 280, grads =   3.164e-04, unitary_metric = 0.99999
Error = :6.37e-03; Runtime: 28.8s; Iterations = 300, grads =   4.112e-05, unitary_metric = 0.99999
Error = :5.80e-03; Runtime: 30.9s; Iterations = 320, grads =   6.979e-04, unitary_metric = 0.99999
Error = :5.19e-03; Runtime: 32.8s; Iterations = 340, grads =   1.624e-04, unitary_metric = 0.99999
Error = :4.75e-03; Runtime: 34.6s; Iterations = 360, grads =   1.772e-05, unitary_metric = 0.99999
Error = :4.40e-03; Runtime: 36.5s; Iterations = 380, grads =   3.971e-06, unitary_metric = 0.99999
Error = :4.11e-03; Runtime: 38.3s; Iterations = 400, grads =   1.151e-06, unitary_metric = 0.99999
Error = :3.86e-03; Runtime: 40.4s; Iterations = 420, grads =   8.798e-07, unitary_metric = 0.99999
Error = :3.65e-03; Runtime: 42.2s; Iterations = 440, grads =   7.242e-07, unitary_metric = 0.99999
Error = :3.46e-03; Runtime: 44.1s; Iterations = 460, grads =   6.851e-07, unitary_metric = 0.99999
Error = :3.30e-03; Runtime: 46.0s; Iterations = 480, grads =   8.462e-07, unitary_metric = 0.99999
Error = :3.36e-03; Runtime: 47.8s; Iterations = 500, grads =   2.527e-03, unitary_metric = 0.99999
Error = :3.07e-03; Runtime: 49.9s; Iterations = 520, grads =   9.277e-04, unitary_metric = 0.99999
Error = :3.23e-03; Runtime: 51.7s; Iterations = 540, grads =   2.581e-03, unitary_metric = 0.99998
Error = :2.77e-03; Runtime: 53.6s; Iterations = 560, grads =   2.768e-04, unitary_metric = 0.99999
Error = :2.60e-03; Runtime: 55.4s; Iterations = 580, grads =   1.852e-05, unitary_metric = 0.99999
Error = :2.49e-03; Runtime: 57.3s; Iterations = 600, grads =   2.221e-06, unitary_metric = 0.99998
Error = :2.38e-03; Runtime: 59.3s; Iterations = 620, grads =   6.117e-07, unitary_metric = 0.99999
Error = :2.29e-03; Runtime: 61.2s; Iterations = 640, grads =   3.051e-07, unitary_metric = 0.99998
Error = :2.20e-03; Runtime: 63.1s; Iterations = 660, grads =   2.396e-07, unitary_metric = 0.99999
Error = :2.13e-03; Runtime: 64.9s; Iterations = 680, grads =   8.783e-06, unitary_metric = 0.99998
Error = :2.06e-03; Runtime: 66.8s; Iterations = 700, grads =   9.696e-06, unitary_metric = 0.99999
Error = :2.04e-03; Runtime: 68.8s; Iterations = 720, grads =   4.524e-04, unitary_metric = 0.99999
Error = :2.00e-03; Runtime: 70.6s; Iterations = 740, grads =   6.852e-04, unitary_metric = 0.99999
Error = :1.91e-03; Runtime: 72.5s; Iterations = 760, grads =   1.232e-04, unitary_metric = 0.99999
Error = :1.84e-03; Runtime: 74.4s; Iterations = 780, grads =   1.373e-05, unitary_metric = 0.99999
Error = :1.90e-03; Runtime: 76.2s; Iterations = 800, grads =   7.208e-04, unitary_metric = 0.99999
Error = :1.78e-03; Runtime: 78.3s; Iterations = 820, grads =   1.010e-04, unitary_metric = 0.99998
Error = :1.72e-03; Runtime: 80.1s; Iterations = 840, grads =   6.138e-06, unitary_metric = 0.99999
Error = :1.68e-03; Runtime: 82.0s; Iterations = 860, grads =   1.199e-06, unitary_metric = 0.99999
Error = :1.65e-03; Runtime: 83.8s; Iterations = 880, grads =   1.496e-07, unitary_metric = 0.99999
Error = :1.62e-03; Runtime: 85.7s; Iterations = 900, grads =   9.224e-06, unitary_metric = 0.99999
Error = :1.63e-03; Runtime: 87.7s; Iterations = 920, grads =   2.650e-04, unitary_metric = 0.99999
Error = :1.56e-03; Runtime: 89.6s; Iterations = 940, grads =   4.111e-05, unitary_metric = 0.99999
Error = :1.53e-03; Runtime: 91.4s; Iterations = 960, grads =   8.649e-06, unitary_metric = 0.99999
Error = :1.51e-03; Runtime: 93.3s; Iterations = 980, grads =   6.773e-05, unitary_metric = 0.99999
Error = :1.49e-03; Runtime: 95.2s; Iterations = 1000, grads =   6.354e-05, unitary_metric = 0.99998
Error = :1.45e-03; Runtime: 97.3s; Iterations = 1020, grads =   2.487e-06, unitary_metric = 0.99998
Error = :1.43e-03; Runtime: 99.1s; Iterations = 1040, grads =   3.822e-05, unitary_metric = 0.99998
Error = :1.41e-03; Runtime: 101.0s; Iterations = 1060, grads =   6.416e-05, unitary_metric = 0.99999
Error = :1.40e-03; Runtime: 102.8s; Iterations = 1080, grads =   1.409e-04, unitary_metric = 0.99999
Error = :1.44e-03; Runtime: 104.7s; Iterations = 1100, grads =   3.593e-04, unitary_metric = 0.99999
Error = :1.37e-03; Runtime: 106.7s; Iterations = 1120, grads =   4.364e-05, unitary_metric = 0.99999
Error = :1.34e-03; Runtime: 108.5s; Iterations = 1140, grads =   2.642e-06, unitary_metric = 0.99999
Error = :1.33e-03; Runtime: 110.6s; Iterations = 1160, grads =   5.018e-07, unitary_metric = 0.99999
Error = :1.32e-03; Runtime: 112.5s; Iterations = 1180, grads =   1.823e-07, unitary_metric = 0.99999
Error = :1.31e-03; Runtime: 114.4s; Iterations = 1200, grads =   2.686e-05, unitary_metric = 0.99999
Error = :1.34e-03; Runtime: 116.4s; Iterations = 1220, grads =   3.255e-04, unitary_metric = 0.99999
Error = :1.55e-03; Runtime: 118.2s; Iterations = 1240, grads =   2.657e-03, unitary_metric = 0.99999
Error = :1.28e-03; Runtime: 120.1s; Iterations = 1260, grads =   5.696e-05, unitary_metric = 0.99999
Error = :1.27e-03; Runtime: 122.0s; Iterations = 1280, grads =   3.764e-05, unitary_metric = 0.99998
Error = :1.25e-03; Runtime: 123.8s; Iterations = 1300, grads =   2.170e-06, unitary_metric = 0.99999
Error = :1.25e-03; Runtime: 125.8s; Iterations = 1320, grads =   3.584e-07, unitary_metric = 0.99999
Error = :1.24e-03; Runtime: 127.7s; Iterations = 1340, grads =   1.153e-07, unitary_metric = 0.99999
Error = :1.23e-03; Runtime: 129.6s; Iterations = 1360, grads =   2.863e-08, unitary_metric = 0.99999
Error = :1.22e-03; Runtime: 131.4s; Iterations = 1380, grads =   3.711e-08, unitary_metric = 0.99999
Error = :1.22e-03; Runtime: 133.3s; Iterations = 1400, grads =   2.060e-07, unitary_metric = 0.99999
Error = :1.24e-03; Runtime: 135.4s; Iterations = 1420, grads =   1.646e-04, unitary_metric = 0.99998
Error = :1.21e-03; Runtime: 137.3s; Iterations = 1440, grads =   2.746e-05, unitary_metric = 0.99999
Error = :1.22e-03; Runtime: 139.2s; Iterations = 1460, grads =   1.377e-04, unitary_metric = 0.99999
Error = :1.24e-03; Runtime: 141.0s; Iterations = 1480, grads =   2.676e-04, unitary_metric = 0.99998
Error = :1.20e-03; Runtime: 142.9s; Iterations = 1500, grads =   1.404e-05, unitary_metric = 0.99998
Error = :1.19e-03; Runtime: 145.0s; Iterations = 1520, grads =   1.338e-05, unitary_metric = 0.99999
Error = :1.19e-03; Runtime: 146.8s; Iterations = 1540, grads =   1.995e-06, unitary_metric = 0.99999
Error = :1.19e-03; Runtime: 148.7s; Iterations = 1560, grads =   2.818e-07, unitary_metric = 0.99999
Error = :1.18e-03; Runtime: 150.6s; Iterations = 1580, grads =   2.497e-08, unitary_metric = 0.99999
Error = :1.18e-03; Runtime: 152.5s; Iterations = 1600, grads =   4.361e-08, unitary_metric = 0.99999
Error = :1.18e-03; Runtime: 154.6s; Iterations = 1620, grads =   3.394e-08, unitary_metric = 0.99999
Error = :1.18e-03; Runtime: 156.6s; Iterations = 1640, grads =   2.906e-08, unitary_metric = 0.99999
Error = :1.19e-03; Runtime: 158.5s; Iterations = 1660, grads =   4.188e-06, unitary_metric = 0.99999
Error = :1.23e-03; Runtime: 160.5s; Iterations = 1680, grads =   1.741e-04, unitary_metric = 0.99998
Error = :1.30e-03; Runtime: 162.4s; Iterations = 1700, grads =   6.974e-04, unitary_metric = 0.99998
Error = :1.21e-03; Runtime: 164.5s; Iterations = 1720, grads =   7.139e-05, unitary_metric = 0.99999
Error = :1.25e-03; Runtime: 166.5s; Iterations = 1740, grads =   5.669e-04, unitary_metric = 0.99998
Error = :1.21e-03; Runtime: 168.4s; Iterations = 1760, grads =   2.080e-05, unitary_metric = 0.99998
Error = :1.21e-03; Runtime: 170.3s; Iterations = 1780, grads =   3.268e-07, unitary_metric = 0.99999
Error = :1.22e-03; Runtime: 172.2s; Iterations = 1800, grads =   7.069e-07, unitary_metric = 0.99998
Error = :1.23e-03; Runtime: 174.3s; Iterations = 1820, grads =   3.009e-07, unitary_metric = 0.99998
Error = :1.23e-03; Runtime: 176.2s; Iterations = 1840, grads =   3.918e-08, unitary_metric = 0.99999
Error = :1.23e-03; Runtime: 178.1s; Iterations = 1860, grads =   4.245e-08, unitary_metric = 0.99999
Error = :1.22e-03; Runtime: 180.0s; Iterations = 1880, grads =   4.675e-08, unitary_metric = 0.99999
Error = :1.22e-03; Runtime: 181.9s; Iterations = 1900, grads =   4.335e-08, unitary_metric = 0.99999
Error = :1.21e-03; Runtime: 183.9s; Iterations = 1920, grads =   4.684e-08, unitary_metric = 0.99999
Error = :1.20e-03; Runtime: 185.8s; Iterations = 1940, grads =   4.075e-08, unitary_metric = 0.99999
Error = :1.19e-03; Runtime: 187.8s; Iterations = 1960, grads =   5.816e-08, unitary_metric = 0.99999
Error = :1.18e-03; Runtime: 189.6s; Iterations = 1980, grads =   3.344e-06, unitary_metric = 0.99998
Error = :1.20e-03; Runtime: 191.5s; Iterations = 2000, grads =   1.662e-04, unitary_metric = 0.99998
Error = :1.17e-03; Runtime: 193.6s; Iterations = 2020, grads =   5.755e-05, unitary_metric = 0.99998
Error = :1.20e-03; Runtime: 195.4s; Iterations = 2040, grads =   3.788e-04, unitary_metric = 0.99998
Error = :1.15e-03; Runtime: 197.3s; Iterations = 2060, grads =   9.703e-05, unitary_metric = 0.99998
Error = :1.14e-03; Runtime: 199.2s; Iterations = 2080, grads =   4.165e-05, unitary_metric = 0.99999
Error = :1.13e-03; Runtime: 201.1s; Iterations = 2100, grads =   1.494e-06, unitary_metric = 0.99998
Error = :1.12e-03; Runtime: 203.1s; Iterations = 2120, grads =   2.154e-07, unitary_metric = 0.99998
Error = :1.11e-03; Runtime: 205.0s; Iterations = 2140, grads =   8.477e-08, unitary_metric = 0.99998
Error = :1.11e-03; Runtime: 206.9s; Iterations = 2160, grads =   2.791e-08, unitary_metric = 0.99999
Error = :1.10e-03; Runtime: 208.8s; Iterations = 2180, grads =   2.061e-08, unitary_metric = 0.99999
Error = :1.09e-03; Runtime: 210.7s; Iterations = 2200, grads =   8.900e-08, unitary_metric = 0.99999
Error = :1.10e-03; Runtime: 212.7s; Iterations = 2220, grads =   3.406e-05, unitary_metric = 0.99998
Error = :1.09e-03; Runtime: 214.6s; Iterations = 2240, grads =   6.182e-05, unitary_metric = 0.99999
Error = :1.08e-03; Runtime: 216.4s; Iterations = 2260, grads =   3.120e-07, unitary_metric = 0.99999
Error = :1.07e-03; Runtime: 218.3s; Iterations = 2280, grads =   1.210e-06, unitary_metric = 0.99999
Error = :1.08e-03; Runtime: 220.2s; Iterations = 2300, grads =   2.915e-05, unitary_metric = 0.99999
Error = :1.13e-03; Runtime: 222.2s; Iterations = 2320, grads =   8.053e-04, unitary_metric = 0.99999
Error = :1.10e-03; Runtime: 224.1s; Iterations = 2340, grads =   2.879e-04, unitary_metric = 0.99999
Error = :1.06e-03; Runtime: 226.0s; Iterations = 2360, grads =   1.839e-05, unitary_metric = 0.99999
Error = :1.06e-03; Runtime: 227.8s; Iterations = 2380, grads =   2.899e-06, unitary_metric = 0.99998
Error = :1.05e-03; Runtime: 229.7s; Iterations = 2400, grads =   3.946e-07, unitary_metric = 0.99998
Error = :1.05e-03; Runtime: 231.8s; Iterations = 2420, grads =   3.957e-07, unitary_metric = 0.99998
Error = :1.05e-03; Runtime: 233.6s; Iterations = 2440, grads =   3.503e-05, unitary_metric = 0.99999
Error = :1.05e-03; Runtime: 235.5s; Iterations = 2460, grads =   3.279e-05, unitary_metric = 0.99999
Error = :1.04e-03; Runtime: 237.4s; Iterations = 2480, grads =   4.611e-06, unitary_metric = 0.99999
Error = :1.03e-03; Runtime: 239.2s; Iterations = 2500, grads =   5.844e-07, unitary_metric = 0.99999
Error = :1.05e-03; Runtime: 241.3s; Iterations = 2520, grads =   1.027e-04, unitary_metric = 0.99998
Error = :1.03e-03; Runtime: 243.2s; Iterations = 2540, grads =   3.145e-05, unitary_metric = 0.99999
Error = :1.03e-03; Runtime: 245.0s; Iterations = 2560, grads =   2.990e-05, unitary_metric = 0.99999
Error = :1.03e-03; Runtime: 246.9s; Iterations = 2580, grads =   9.135e-05, unitary_metric = 0.99999
Error = :1.04e-03; Runtime: 248.8s; Iterations = 2600, grads =   2.989e-04, unitary_metric = 0.99999
Error = :1.02e-03; Runtime: 250.8s; Iterations = 2620, grads =   5.315e-06, unitary_metric = 0.99999
Error = :1.01e-03; Runtime: 252.7s; Iterations = 2640, grads =   3.281e-06, unitary_metric = 0.99999
Error = :1.03e-03; Runtime: 254.6s; Iterations = 2660, grads =   8.949e-05, unitary_metric = 0.99998
Error = :1.01e-03; Runtime: 256.5s; Iterations = 2680, grads =   1.943e-05, unitary_metric = 0.99998
Error = :1.01e-03; Runtime: 258.4s; Iterations = 2700, grads =   3.658e-07, unitary_metric = 0.99998
Error = :1.00e-03; Runtime: 260.5s; Iterations = 2720, grads =   5.191e-07, unitary_metric = 0.99998
Error = :1.01e-03; Runtime: 262.4s; Iterations = 2740, grads =   4.937e-05, unitary_metric = 0.99998
Error = :1.01e-03; Runtime: 264.2s; Iterations = 2760, grads =   5.254e-05, unitary_metric = 0.99998
Error = :9.99e-04; Runtime: 264.6s; Iterations = 2764, grads =   2.997e-06, unitary_metric = 0.99999
data saved at: /project/ftchong/qoc/pranav/00013_31_lih_slice_241.h5


trying total_time: 10.0 for unitary of size (4, 4)
data saved at: /project/ftchong/qoc/pranav/00014_31_lih_slice_241.h5
Using 6 Taylor terms and 1 Scaling & Squaring terms
Building graph:
Propagators initialized.
Operators weight initialized.
Intermediate propagation variables initialized.
Intermediate propagators initialized.
Vectors initialized.
Training loss initialized.
Optimizer initialized.
Utilities initialized.
Graph built!
Initialized
Error = :1.39e-01; Runtime: 0.3s; Iterations = 0, grads =   2.598e+00, unitary_metric = 1.00000
Error = :1.63e-02; Runtime: 2.1s; Iterations = 20, grads =   3.494e-01, unitary_metric = 1.00000
Error = :2.04e-03; Runtime: 3.4s; Iterations = 40, grads =   4.466e-02, unitary_metric = 1.00000
Error = :7.98e-04; Runtime: 3.6s; Iterations = 43, grads =   1.697e-02, unitary_metric = 1.00000
data saved at: /project/ftchong/qoc/pranav/00014_31_lih_slice_241.h5


trying total_time: 5.0 for unitary of size (4, 4)
data saved at: /project/ftchong/qoc/pranav/00015_31_lih_slice_241.h5
Using 6 Taylor terms and 1 Scaling & Squaring terms
Building graph:
Propagators initialized.
Operators weight initialized.
Intermediate propagation variables initialized.
Intermediate propagators initialized.
Vectors initialized.
Training loss initialized.
Optimizer initialized.
Utilities initialized.
Graph built!
Initialized
Error = :1.46e-01; Runtime: 0.1s; Iterations = 0, grads =   1.354e+00, unitary_metric = 1.00000
Error = :3.51e-03; Runtime: 1.1s; Iterations = 20, grads =   3.809e-02, unitary_metric = 1.00000
Error = :6.20e-04; Runtime: 1.3s; Iterations = 28, grads =   6.484e-03, unitary_metric = 1.00000
data saved at: /project/ftchong/qoc/pranav/00015_31_lih_slice_241.h5


trying total_time: 2.5 for unitary of size (4, 4)
data saved at: /project/ftchong/qoc/pranav/00016_31_lih_slice_241.h5
Using 6 Taylor terms and 1 Scaling & Squaring terms
Building graph:
Propagators initialized.
Operators weight initialized.
Intermediate propagation variables initialized.
Intermediate propagators initialized.
Vectors initialized.
Training loss initialized.
Optimizer initialized.
Utilities initialized.
Graph built!
Initialized
Error = :3.17e-02; Runtime: 0.1s; Iterations = 0, grads =   1.599e-01, unitary_metric = 1.00000
Error = :1.75e-04; Runtime: 0.5s; Iterations = 13, grads =   1.706e-05, unitary_metric = 1.00000
data saved at: /project/ftchong/qoc/pranav/00016_31_lih_slice_241.h5


trying total_time: 1.25 for unitary of size (4, 4)
data saved at: /project/ftchong/qoc/pranav/00017_31_lih_slice_241.h5
Using 6 Taylor terms and 1 Scaling & Squaring terms
Building graph:
Propagators initialized.
Operators weight initialized.
Intermediate propagation variables initialized.
Intermediate propagators initialized.
Vectors initialized.
Training loss initialized.
Optimizer initialized.
Utilities initialized.
Graph built!
Initialized
Error = :3.49e-02; Runtime: 0.1s; Iterations = 0, grads =   8.959e-02, unitary_metric = 1.00000
Error = :8.26e-04; Runtime: 0.2s; Iterations = 2, grads =   2.179e-03, unitary_metric = 1.00000
data saved at: /project/ftchong/qoc/pranav/00017_31_lih_slice_241.h5


trying total_time: 0.6 for unitary of size (4, 4)
data saved at: /project/ftchong/qoc/pranav/00018_31_lih_slice_241.h5
Using 7 Taylor terms and 0 Scaling & Squaring terms
Building graph:
Propagators initialized.
Operators weight initialized.
Intermediate propagation variables initialized.
Intermediate propagators initialized.
Vectors initialized.
Training loss initialized.
Optimizer initialized.
Utilities initialized.
Graph built!
Initialized
Error = :3.39e-02; Runtime: 0.0s; Iterations = 0, grads =   3.675e-02, unitary_metric = 1.00000
Error = :9.64e-04; Runtime: 0.2s; Iterations = 8, grads =   1.157e-03, unitary_metric = 1.00000
data saved at: /project/ftchong/qoc/pranav/00018_31_lih_slice_241.h5


trying total_time: 0.3 for unitary of size (4, 4)
data saved at: /project/ftchong/qoc/pranav/00019_31_lih_slice_241.h5
Using 5 Taylor terms and 1 Scaling & Squaring terms
Building graph:
Propagators initialized.
Operators weight initialized.
Intermediate propagation variables initialized.
Intermediate propagators initialized.
Vectors initialized.
Training loss initialized.
Optimizer initialized.
Utilities initialized.
Graph built!
Initialized
Error = :6.21e-02; Runtime: 0.0s; Iterations = 0, grads =   3.176e-02, unitary_metric = 1.00000
Error = :9.97e-04; Runtime: 0.2s; Iterations = 19, grads =   5.847e-04, unitary_metric = 1.00000
data saved at: /project/ftchong/qoc/pranav/00019_31_lih_slice_241.h5




[0.3, 5.3, 0.3]
TIME FOR SLICE IS:
5.3
