Running Block:  111


trying total_time: 10.0 for unitary of size (4, 4)
data saved at: /project/ftchong/qoc/pranav/00000_31_nah_slice_111.h5
Using 6 Taylor terms and 1 Scaling & Squaring terms
Building graph:
Propagators initialized.
Operators weight initialized.
Intermediate propagation variables initialized.
Intermediate propagators initialized.
Vectors initialized.
Training loss initialized.
Optimizer initialized.
Utilities initialized.
Graph built!
Initialized
Error = :1.46e-01; Runtime: 0.3s; Iterations = 0, grads =   2.700e+00, unitary_metric = 1.00000
Error = :3.99e-03; Runtime: 2.0s; Iterations = 20, grads =   8.704e-02, unitary_metric = 1.00000
Error = :8.04e-04; Runtime: 2.7s; Iterations = 30, grads =   1.622e-02, unitary_metric = 1.00000
data saved at: /project/ftchong/qoc/pranav/00000_31_nah_slice_111.h5


trying total_time: 5.0 for unitary of size (4, 4)
data saved at: /project/ftchong/qoc/pranav/00001_31_nah_slice_111.h5
Using 6 Taylor terms and 1 Scaling & Squaring terms
Building graph:
Propagators initialized.
Operators weight initialized.
Intermediate propagation variables initialized.
Intermediate propagators initialized.
Vectors initialized.
Training loss initialized.
Optimizer initialized.
Utilities initialized.
Graph built!
Initialized
Error = :1.28e-01; Runtime: 0.1s; Iterations = 0, grads =   1.216e+00, unitary_metric = 1.00000
Error = :1.70e-03; Runtime: 1.1s; Iterations = 20, grads =   1.819e-02, unitary_metric = 1.00000
Error = :1.11e-04; Runtime: 1.1s; Iterations = 21, grads =   1.110e-03, unitary_metric = 1.00000
data saved at: /project/ftchong/qoc/pranav/00001_31_nah_slice_111.h5


trying total_time: 2.5 for unitary of size (4, 4)
data saved at: /project/ftchong/qoc/pranav/00002_31_nah_slice_111.h5
Using 6 Taylor terms and 1 Scaling & Squaring terms
Building graph:
Propagators initialized.
Operators weight initialized.
Intermediate propagation variables initialized.
Intermediate propagators initialized.
Vectors initialized.
Training loss initialized.
Optimizer initialized.
Utilities initialized.
Graph built!
Initialized
Error = :2.05e-01; Runtime: 0.1s; Iterations = 0, grads =   8.754e-01, unitary_metric = 1.00000
Error = :8.83e-05; Runtime: 0.5s; Iterations = 15, grads =   1.398e-04, unitary_metric = 1.00000
data saved at: /project/ftchong/qoc/pranav/00002_31_nah_slice_111.h5


trying total_time: 1.25 for unitary of size (4, 4)
data saved at: /project/ftchong/qoc/pranav/00003_31_nah_slice_111.h5
Using 6 Taylor terms and 1 Scaling & Squaring terms
Building graph:
Propagators initialized.
Operators weight initialized.
Intermediate propagation variables initialized.
Intermediate propagators initialized.
Vectors initialized.
Training loss initialized.
Optimizer initialized.
Utilities initialized.
Graph built!
Initialized
Error = :9.32e-02; Runtime: 0.1s; Iterations = 0, grads =   2.232e-01, unitary_metric = 1.00000
Error = :5.79e-04; Runtime: 0.3s; Iterations = 17, grads =   1.441e-03, unitary_metric = 1.00000
data saved at: /project/ftchong/qoc/pranav/00003_31_nah_slice_111.h5


trying total_time: 0.6 for unitary of size (4, 4)
data saved at: /project/ftchong/qoc/pranav/00004_31_nah_slice_111.h5
Using 7 Taylor terms and 0 Scaling & Squaring terms
Building graph:
Propagators initialized.
Operators weight initialized.
Intermediate propagation variables initialized.
Intermediate propagators initialized.
Vectors initialized.
Training loss initialized.
Optimizer initialized.
Utilities initialized.
Graph built!
Initialized
Error = :3.87e-03; Runtime: 0.0s; Iterations = 0, grads =   1.571e-03, unitary_metric = 1.00000
Error = :6.68e-04; Runtime: 0.2s; Iterations = 6, grads =   2.803e-05, unitary_metric = 1.00000
data saved at: /project/ftchong/qoc/pranav/00004_31_nah_slice_111.h5


trying total_time: 0.3 for unitary of size (4, 4)
data saved at: /project/ftchong/qoc/pranav/00005_31_nah_slice_111.h5
Using 5 Taylor terms and 1 Scaling & Squaring terms
Building graph:
Propagators initialized.
Operators weight initialized.
Intermediate propagation variables initialized.
Intermediate propagators initialized.
Vectors initialized.
Training loss initialized.
Optimizer initialized.
Utilities initialized.
Graph built!
Initialized
Error = :8.11e-03; Runtime: 0.0s; Iterations = 0, grads =   4.199e-03, unitary_metric = 1.00000
Error = :9.68e-04; Runtime: 0.1s; Iterations = 4, grads =   3.386e-04, unitary_metric = 1.00000
data saved at: /project/ftchong/qoc/pranav/00005_31_nah_slice_111.h5


trying total_time: 40.0 for unitary of size (16, 16)
data saved at: /project/ftchong/qoc/pranav/00006_31_nah_slice_111.h5
Using 5 Taylor terms and 4 Scaling & Squaring terms
Building graph:
Propagators initialized.
Operators weight initialized.
Intermediate propagation variables initialized.
Intermediate propagators initialized.
Vectors initialized.
Training loss initialized.
Optimizer initialized.
Utilities initialized.
Graph built!
Initialized
Error = :9.39e-01; Runtime: 1.3s; Iterations = 0, grads =   5.197e-03, unitary_metric = 1.00023
Error = :7.14e-01; Runtime: 18.4s; Iterations = 20, grads =   1.380e+00, unitary_metric = 1.00033
Error = :3.86e-01; Runtime: 33.4s; Iterations = 40, grads =   2.481e-01, unitary_metric = 1.00030
Error = :2.53e-02; Runtime: 48.2s; Iterations = 60, grads =   4.136e-01, unitary_metric = 1.00025
Error = :3.28e-03; Runtime: 63.1s; Iterations = 80, grads =   1.446e-01, unitary_metric = 1.00025
Error = :2.60e-03; Runtime: 77.9s; Iterations = 100, grads =   1.253e-01, unitary_metric = 1.00025
Error = :1.79e-03; Runtime: 93.6s; Iterations = 120, grads =   8.656e-02, unitary_metric = 1.00025
Error = :6.43e-04; Runtime: 94.4s; Iterations = 121, grads =   4.972e-02, unitary_metric = 1.00025
data saved at: /project/ftchong/qoc/pranav/00006_31_nah_slice_111.h5


trying total_time: 20.0 for unitary of size (16, 16)
data saved at: /project/ftchong/qoc/pranav/00007_31_nah_slice_111.h5
Using 7 Taylor terms and 2 Scaling & Squaring terms
Building graph:
Propagators initialized.
Operators weight initialized.
Intermediate propagation variables initialized.
Intermediate propagators initialized.
Vectors initialized.
Training loss initialized.
Optimizer initialized.
Utilities initialized.
Graph built!
Initialized
Error = :9.37e-01; Runtime: 0.6s; Iterations = 0, grads =   4.675e-03, unitary_metric = 1.00001
Error = :5.88e-01; Runtime: 8.9s; Iterations = 20, grads =   7.472e-02, unitary_metric = 1.00001
Error = :5.08e-01; Runtime: 16.1s; Iterations = 40, grads =   1.392e-02, unitary_metric = 1.00000
Error = :4.87e-01; Runtime: 23.3s; Iterations = 60, grads =   7.704e-03, unitary_metric = 1.00000
Error = :6.69e-02; Runtime: 30.5s; Iterations = 80, grads =   3.134e-02, unitary_metric = 0.99999
Error = :1.07e-02; Runtime: 37.7s; Iterations = 100, grads =   5.761e-02, unitary_metric = 1.00000
Error = :1.91e-03; Runtime: 45.4s; Iterations = 120, grads =   1.943e-02, unitary_metric = 1.00000
Error = :8.77e-04; Runtime: 47.2s; Iterations = 125, grads =   1.081e-02, unitary_metric = 1.00000
data saved at: /project/ftchong/qoc/pranav/00007_31_nah_slice_111.h5


trying total_time: 10.0 for unitary of size (16, 16)
data saved at: /project/ftchong/qoc/pranav/00008_31_nah_slice_111.h5
Using 7 Taylor terms and 2 Scaling & Squaring terms
Building graph:
Propagators initialized.
Operators weight initialized.
Intermediate propagation variables initialized.
Intermediate propagators initialized.
Vectors initialized.
Training loss initialized.
Optimizer initialized.
Utilities initialized.
Graph built!
Initialized
Error = :9.39e-01; Runtime: 0.3s; Iterations = 0, grads =   6.196e-03, unitary_metric = 1.00000
Error = :7.24e-01; Runtime: 4.4s; Iterations = 20, grads =   1.044e-02, unitary_metric = 1.00000
Error = :5.09e-01; Runtime: 7.8s; Iterations = 40, grads =   5.478e-03, unitary_metric = 0.99999
Error = :4.38e-01; Runtime: 11.3s; Iterations = 60, grads =   3.240e-03, unitary_metric = 0.99999
Error = :1.05e-01; Runtime: 14.8s; Iterations = 80, grads =   4.737e-03, unitary_metric = 0.99999
Error = :5.99e-03; Runtime: 18.2s; Iterations = 100, grads =   2.261e-02, unitary_metric = 0.99999
Error = :8.20e-04; Runtime: 21.5s; Iterations = 117, grads =   1.537e-03, unitary_metric = 0.99999
data saved at: /project/ftchong/qoc/pranav/00008_31_nah_slice_111.h5


trying total_time: 5.0 for unitary of size (16, 16)
data saved at: /project/ftchong/qoc/pranav/00009_31_nah_slice_111.h5
Using 7 Taylor terms and 2 Scaling & Squaring terms
Building graph:
Propagators initialized.
Operators weight initialized.
Intermediate propagation variables initialized.
Intermediate propagators initialized.
Vectors initialized.
Training loss initialized.
Optimizer initialized.
Utilities initialized.
Graph built!
Initialized
Error = :9.43e-01; Runtime: 0.2s; Iterations = 0, grads =   5.222e-03, unitary_metric = 1.00000
Error = :7.65e-01; Runtime: 2.3s; Iterations = 20, grads =   4.535e-03, unitary_metric = 1.00000
Error = :6.65e-01; Runtime: 4.0s; Iterations = 40, grads =   1.689e-03, unitary_metric = 0.99999
Error = :5.70e-01; Runtime: 5.8s; Iterations = 60, grads =   6.018e-04, unitary_metric = 0.99999
Error = :5.06e-01; Runtime: 7.5s; Iterations = 80, grads =   5.038e-04, unitary_metric = 0.99999
Error = :3.97e-01; Runtime: 9.3s; Iterations = 100, grads =   6.630e-04, unitary_metric = 0.99999
Error = :3.05e-01; Runtime: 11.2s; Iterations = 120, grads =   6.105e-04, unitary_metric = 0.99999
Error = :2.38e-01; Runtime: 13.0s; Iterations = 140, grads =   4.983e-04, unitary_metric = 0.99999
Error = :1.93e-01; Runtime: 14.7s; Iterations = 160, grads =   1.758e-04, unitary_metric = 0.99999
Error = :1.65e-01; Runtime: 16.5s; Iterations = 180, grads =   8.333e-05, unitary_metric = 0.99999
Error = :1.46e-01; Runtime: 18.2s; Iterations = 200, grads =   2.128e-03, unitary_metric = 0.99999
Error = :1.30e-01; Runtime: 20.1s; Iterations = 220, grads =   9.983e-05, unitary_metric = 0.99999
Error = :1.13e-01; Runtime: 21.8s; Iterations = 240, grads =   1.570e-04, unitary_metric = 0.99999
Error = :9.14e-02; Runtime: 23.6s; Iterations = 260, grads =   1.298e-04, unitary_metric = 0.99999
Error = :6.98e-02; Runtime: 25.3s; Iterations = 280, grads =   1.733e-03, unitary_metric = 0.99999
Error = :5.31e-02; Runtime: 27.1s; Iterations = 300, grads =   8.991e-05, unitary_metric = 0.99999
Error = :4.32e-02; Runtime: 29.0s; Iterations = 320, grads =   7.191e-05, unitary_metric = 0.99999
Error = :3.77e-02; Runtime: 30.7s; Iterations = 340, grads =   6.287e-04, unitary_metric = 0.99999
Error = :3.43e-02; Runtime: 32.5s; Iterations = 360, grads =   3.338e-03, unitary_metric = 0.99999
Error = :3.14e-02; Runtime: 34.2s; Iterations = 380, grads =   3.050e-04, unitary_metric = 0.99999
Error = :2.95e-02; Runtime: 36.0s; Iterations = 400, grads =   3.424e-05, unitary_metric = 0.99999
Error = :2.79e-02; Runtime: 37.9s; Iterations = 420, grads =   8.691e-06, unitary_metric = 0.99999
Error = :2.67e-02; Runtime: 39.6s; Iterations = 440, grads =   4.920e-06, unitary_metric = 0.99999
Error = :2.58e-02; Runtime: 41.4s; Iterations = 460, grads =   3.534e-06, unitary_metric = 0.99999
Error = :2.54e-02; Runtime: 43.1s; Iterations = 480, grads =   3.547e-03, unitary_metric = 0.99999
Error = :2.44e-02; Runtime: 44.9s; Iterations = 500, grads =   1.032e-04, unitary_metric = 0.99999
Error = :2.39e-02; Runtime: 46.8s; Iterations = 520, grads =   9.876e-05, unitary_metric = 0.99999
Error = :2.34e-02; Runtime: 48.5s; Iterations = 540, grads =   3.447e-06, unitary_metric = 0.99998
Error = :2.30e-02; Runtime: 50.3s; Iterations = 560, grads =   1.948e-05, unitary_metric = 0.99999
Error = :2.26e-02; Runtime: 52.0s; Iterations = 580, grads =   8.590e-06, unitary_metric = 0.99999
Error = :2.25e-02; Runtime: 53.8s; Iterations = 600, grads =   9.484e-04, unitary_metric = 0.99999
Error = :2.21e-02; Runtime: 55.7s; Iterations = 620, grads =   9.736e-05, unitary_metric = 0.99999
Error = :2.19e-02; Runtime: 57.4s; Iterations = 640, grads =   1.072e-05, unitary_metric = 0.99999
Error = :2.17e-02; Runtime: 59.1s; Iterations = 660, grads =   9.675e-07, unitary_metric = 0.99999
Error = :2.16e-02; Runtime: 60.9s; Iterations = 680, grads =   1.039e-06, unitary_metric = 0.99999
Error = :2.14e-02; Runtime: 62.6s; Iterations = 700, grads =   9.779e-07, unitary_metric = 0.99999
Error = :2.14e-02; Runtime: 64.5s; Iterations = 720, grads =   1.145e-03, unitary_metric = 0.99999
Error = :2.12e-02; Runtime: 66.3s; Iterations = 740, grads =   1.873e-05, unitary_metric = 0.99999
Error = :2.11e-02; Runtime: 68.0s; Iterations = 760, grads =   9.259e-05, unitary_metric = 0.99999
Error = :2.11e-02; Runtime: 69.7s; Iterations = 780, grads =   4.085e-04, unitary_metric = 0.99999
Error = :2.09e-02; Runtime: 71.5s; Iterations = 800, grads =   7.759e-06, unitary_metric = 0.99999
Error = :2.09e-02; Runtime: 73.4s; Iterations = 820, grads =   1.811e-04, unitary_metric = 0.99999
Error = :2.09e-02; Runtime: 75.1s; Iterations = 840, grads =   2.506e-04, unitary_metric = 0.99999
Error = :2.08e-02; Runtime: 76.8s; Iterations = 860, grads =   3.400e-05, unitary_metric = 0.99999
Error = :2.07e-02; Runtime: 78.6s; Iterations = 880, grads =   4.515e-06, unitary_metric = 0.99999
Error = :2.05e-02; Runtime: 80.3s; Iterations = 900, grads =   1.200e-06, unitary_metric = 0.99999
Error = :2.04e-02; Runtime: 82.2s; Iterations = 920, grads =   9.730e-06, unitary_metric = 0.99999
Error = :2.05e-02; Runtime: 84.0s; Iterations = 940, grads =   1.575e-03, unitary_metric = 0.99999
Error = :2.02e-02; Runtime: 85.7s; Iterations = 960, grads =   4.413e-05, unitary_metric = 0.99999
Error = :2.02e-02; Runtime: 87.4s; Iterations = 980, grads =   5.041e-05, unitary_metric = 0.99999
Error = :2.01e-02; Runtime: 89.2s; Iterations = 1000, grads =   1.727e-05, unitary_metric = 0.99999
Error = :2.00e-02; Runtime: 91.1s; Iterations = 1020, grads =   8.708e-07, unitary_metric = 0.99999
Error = :2.00e-02; Runtime: 92.8s; Iterations = 1040, grads =   2.685e-05, unitary_metric = 0.99999
Error = :2.00e-02; Runtime: 94.5s; Iterations = 1060, grads =   4.799e-05, unitary_metric = 0.99999
Error = :1.99e-02; Runtime: 96.3s; Iterations = 1080, grads =   5.896e-05, unitary_metric = 0.99999
Error = :2.00e-02; Runtime: 98.0s; Iterations = 1100, grads =   1.373e-03, unitary_metric = 0.99999
Error = :1.99e-02; Runtime: 99.9s; Iterations = 1120, grads =   3.382e-04, unitary_metric = 0.99999
Error = :1.98e-02; Runtime: 101.6s; Iterations = 1140, grads =   2.618e-05, unitary_metric = 0.99999
Error = :1.98e-02; Runtime: 103.4s; Iterations = 1160, grads =   1.023e-04, unitary_metric = 0.99999
Error = :1.97e-02; Runtime: 105.1s; Iterations = 1180, grads =   5.361e-06, unitary_metric = 0.99999
Error = :1.97e-02; Runtime: 106.9s; Iterations = 1200, grads =   3.802e-06, unitary_metric = 0.99999
Error = :1.97e-02; Runtime: 108.8s; Iterations = 1220, grads =   5.111e-07, unitary_metric = 0.99999
Error = :1.96e-02; Runtime: 110.5s; Iterations = 1240, grads =   1.596e-07, unitary_metric = 0.99999
Error = :1.96e-02; Runtime: 112.3s; Iterations = 1260, grads =   1.140e-07, unitary_metric = 0.99999
Error = :1.96e-02; Runtime: 114.0s; Iterations = 1280, grads =   3.385e-07, unitary_metric = 0.99999
Error = :1.96e-02; Runtime: 115.8s; Iterations = 1300, grads =   2.186e-04, unitary_metric = 0.99999
Error = :1.96e-02; Runtime: 117.7s; Iterations = 1320, grads =   9.606e-05, unitary_metric = 0.99999
Error = :1.96e-02; Runtime: 119.4s; Iterations = 1340, grads =   3.787e-04, unitary_metric = 0.99999
Error = :1.95e-02; Runtime: 121.1s; Iterations = 1360, grads =   1.327e-04, unitary_metric = 0.99999
Error = :1.95e-02; Runtime: 122.9s; Iterations = 1380, grads =   5.483e-06, unitary_metric = 0.99999
Error = :1.95e-02; Runtime: 124.6s; Iterations = 1400, grads =   3.451e-06, unitary_metric = 0.99999
Error = :1.94e-02; Runtime: 126.5s; Iterations = 1420, grads =   4.293e-07, unitary_metric = 0.99999
Error = :1.94e-02; Runtime: 128.3s; Iterations = 1440, grads =   1.252e-07, unitary_metric = 0.99999
Error = :1.94e-02; Runtime: 130.0s; Iterations = 1460, grads =   7.648e-08, unitary_metric = 0.99999
Error = :1.94e-02; Runtime: 131.7s; Iterations = 1480, grads =   6.030e-08, unitary_metric = 0.99999
Error = :1.93e-02; Runtime: 133.5s; Iterations = 1500, grads =   5.499e-08, unitary_metric = 0.99999
Error = :1.93e-02; Runtime: 135.4s; Iterations = 1520, grads =   1.858e-07, unitary_metric = 0.99999
Error = :1.93e-02; Runtime: 137.1s; Iterations = 1540, grads =   3.492e-04, unitary_metric = 0.99999
Error = :1.93e-02; Runtime: 138.8s; Iterations = 1560, grads =   1.770e-04, unitary_metric = 0.99999
Error = :1.93e-02; Runtime: 140.6s; Iterations = 1580, grads =   1.709e-04, unitary_metric = 0.99999
Error = :1.93e-02; Runtime: 142.3s; Iterations = 1600, grads =   2.141e-05, unitary_metric = 0.99999
Error = :1.92e-02; Runtime: 144.2s; Iterations = 1620, grads =   3.585e-06, unitary_metric = 0.99999
Error = :1.92e-02; Runtime: 146.0s; Iterations = 1640, grads =   5.909e-07, unitary_metric = 0.99999
Error = :1.92e-02; Runtime: 147.7s; Iterations = 1660, grads =   9.962e-08, unitary_metric = 0.99999
Error = :1.92e-02; Runtime: 149.4s; Iterations = 1680, grads =   5.425e-08, unitary_metric = 0.99999
Error = :1.92e-02; Runtime: 151.2s; Iterations = 1700, grads =   4.134e-08, unitary_metric = 0.99999
Error = :1.92e-02; Runtime: 153.1s; Iterations = 1720, grads =   7.330e-08, unitary_metric = 0.99999
Error = :1.91e-02; Runtime: 154.8s; Iterations = 1740, grads =   5.386e-06, unitary_metric = 0.99999
Error = :1.91e-02; Runtime: 156.5s; Iterations = 1760, grads =   2.002e-05, unitary_metric = 0.99999
Error = :1.91e-02; Runtime: 158.3s; Iterations = 1780, grads =   5.850e-06, unitary_metric = 0.99999
Error = :1.91e-02; Runtime: 160.0s; Iterations = 1800, grads =   1.951e-04, unitary_metric = 0.99999
Error = :1.91e-02; Runtime: 161.9s; Iterations = 1820, grads =   5.984e-05, unitary_metric = 0.99999
Error = :1.91e-02; Runtime: 163.7s; Iterations = 1840, grads =   6.472e-04, unitary_metric = 0.99999
Error = :1.91e-02; Runtime: 165.4s; Iterations = 1860, grads =   8.403e-05, unitary_metric = 0.99999
Error = :1.91e-02; Runtime: 167.1s; Iterations = 1880, grads =   2.977e-05, unitary_metric = 0.99999
Error = :1.91e-02; Runtime: 168.9s; Iterations = 1900, grads =   4.765e-06, unitary_metric = 0.99999
Error = :1.90e-02; Runtime: 170.8s; Iterations = 1920, grads =   8.777e-07, unitary_metric = 0.99999
Error = :1.90e-02; Runtime: 172.5s; Iterations = 1940, grads =   4.562e-08, unitary_metric = 0.99999
Error = :1.90e-02; Runtime: 174.2s; Iterations = 1960, grads =   4.250e-08, unitary_metric = 0.99999
Error = :1.90e-02; Runtime: 176.0s; Iterations = 1980, grads =   2.099e-07, unitary_metric = 0.99999
Error = :1.90e-02; Runtime: 177.7s; Iterations = 2000, grads =   9.727e-05, unitary_metric = 0.99999
Error = :1.90e-02; Runtime: 179.6s; Iterations = 2020, grads =   5.219e-05, unitary_metric = 0.99999
Error = :1.90e-02; Runtime: 181.3s; Iterations = 2040, grads =   1.696e-05, unitary_metric = 0.99999
Error = :1.90e-02; Runtime: 183.1s; Iterations = 2060, grads =   3.857e-07, unitary_metric = 0.99999
Error = :1.90e-02; Runtime: 184.8s; Iterations = 2080, grads =   2.729e-07, unitary_metric = 0.99999
Error = :1.90e-02; Runtime: 186.5s; Iterations = 2100, grads =   8.981e-08, unitary_metric = 0.99999
Error = :1.90e-02; Runtime: 188.5s; Iterations = 2120, grads =   1.263e-06, unitary_metric = 0.99999
Error = :1.90e-02; Runtime: 190.2s; Iterations = 2140, grads =   8.410e-05, unitary_metric = 0.99999
Error = :1.90e-02; Runtime: 191.9s; Iterations = 2160, grads =   4.566e-04, unitary_metric = 0.99999
Error = :1.90e-02; Runtime: 193.7s; Iterations = 2180, grads =   1.452e-04, unitary_metric = 0.99999
Error = :1.89e-02; Runtime: 195.4s; Iterations = 2200, grads =   4.977e-07, unitary_metric = 0.99999
Error = :1.89e-02; Runtime: 197.3s; Iterations = 2220, grads =   2.107e-06, unitary_metric = 0.99999
Error = :1.89e-02; Runtime: 199.0s; Iterations = 2240, grads =   3.574e-07, unitary_metric = 0.99999
Error = :1.89e-02; Runtime: 200.8s; Iterations = 2260, grads =   3.078e-06, unitary_metric = 0.99999
Error = :1.89e-02; Runtime: 202.5s; Iterations = 2280, grads =   4.653e-05, unitary_metric = 0.99999
Error = :1.89e-02; Runtime: 204.2s; Iterations = 2300, grads =   1.097e-04, unitary_metric = 0.99999
Error = :1.89e-02; Runtime: 206.2s; Iterations = 2320, grads =   8.051e-06, unitary_metric = 0.99999
Error = :1.89e-02; Runtime: 207.9s; Iterations = 2340, grads =   4.064e-08, unitary_metric = 0.99999
Error = :1.89e-02; Runtime: 209.6s; Iterations = 2360, grads =   8.968e-08, unitary_metric = 0.99999
Error = :1.89e-02; Runtime: 211.4s; Iterations = 2380, grads =   2.479e-07, unitary_metric = 0.99999
Error = :1.89e-02; Runtime: 213.1s; Iterations = 2400, grads =   8.304e-05, unitary_metric = 0.99999
Error = :1.89e-02; Runtime: 215.0s; Iterations = 2420, grads =   7.141e-06, unitary_metric = 0.99999
Error = :1.89e-02; Runtime: 216.8s; Iterations = 2440, grads =   1.842e-06, unitary_metric = 0.99999
Error = :1.89e-02; Runtime: 218.5s; Iterations = 2460, grads =   3.205e-07, unitary_metric = 0.99999
Error = :1.89e-02; Runtime: 220.3s; Iterations = 2480, grads =   2.984e-06, unitary_metric = 0.99999
Error = :1.90e-02; Runtime: 222.0s; Iterations = 2500, grads =   8.882e-04, unitary_metric = 0.99999
Error = :1.89e-02; Runtime: 223.9s; Iterations = 2520, grads =   2.404e-06, unitary_metric = 0.99999
Error = :1.90e-02; Runtime: 225.7s; Iterations = 2540, grads =   1.039e-04, unitary_metric = 0.99999
Error = :1.90e-02; Runtime: 227.3s; Iterations = 2560, grads =   6.998e-05, unitary_metric = 0.99999
Error = :1.90e-02; Runtime: 229.1s; Iterations = 2580, grads =   7.119e-06, unitary_metric = 0.99999
Error = :1.90e-02; Runtime: 230.9s; Iterations = 2600, grads =   9.346e-07, unitary_metric = 0.99999
Error = :1.90e-02; Runtime: 232.9s; Iterations = 2620, grads =   1.594e-07, unitary_metric = 0.99999
Error = :1.90e-02; Runtime: 234.7s; Iterations = 2640, grads =   1.705e-07, unitary_metric = 0.99999
Error = :1.90e-02; Runtime: 236.5s; Iterations = 2660, grads =   3.386e-06, unitary_metric = 0.99999
Error = :1.90e-02; Runtime: 238.4s; Iterations = 2680, grads =   1.603e-05, unitary_metric = 0.99999
Error = :1.90e-02; Runtime: 240.2s; Iterations = 2700, grads =   2.363e-06, unitary_metric = 0.99999
Error = :1.91e-02; Runtime: 242.3s; Iterations = 2720, grads =   9.364e-08, unitary_metric = 0.99999
Error = :1.91e-02; Runtime: 244.1s; Iterations = 2740, grads =   1.960e-07, unitary_metric = 0.99999
Error = :1.91e-02; Runtime: 245.9s; Iterations = 2760, grads =   8.353e-06, unitary_metric = 0.99998
Error = :1.91e-02; Runtime: 247.8s; Iterations = 2780, grads =   1.992e-07, unitary_metric = 0.99999
Error = :1.91e-02; Runtime: 249.5s; Iterations = 2800, grads =   4.624e-06, unitary_metric = 0.99999
Error = :1.91e-02; Runtime: 251.5s; Iterations = 2820, grads =   2.424e-05, unitary_metric = 0.99999
Error = :1.91e-02; Runtime: 253.3s; Iterations = 2840, grads =   2.701e-06, unitary_metric = 0.99999
Error = :1.92e-02; Runtime: 255.1s; Iterations = 2860, grads =   8.557e-04, unitary_metric = 0.99999
Error = :1.91e-02; Runtime: 256.9s; Iterations = 2880, grads =   9.781e-05, unitary_metric = 0.99999
Error = :1.91e-02; Runtime: 258.6s; Iterations = 2900, grads =   5.870e-06, unitary_metric = 0.99999
Error = :1.91e-02; Runtime: 260.6s; Iterations = 2920, grads =   2.955e-07, unitary_metric = 0.99999
Error = :1.91e-02; Runtime: 262.4s; Iterations = 2940, grads =   1.064e-07, unitary_metric = 0.99999
Error = :1.91e-02; Runtime: 264.2s; Iterations = 2960, grads =   8.613e-08, unitary_metric = 0.99999
Error = :1.91e-02; Runtime: 265.9s; Iterations = 2980, grads =   1.468e-07, unitary_metric = 0.99999
Error = :1.90e-02; Runtime: 267.7s; Iterations = 3000, grads =   2.898e-05, unitary_metric = 0.99999
Error = :1.90e-02; Runtime: 269.6s; Iterations = 3020, grads =   9.365e-05, unitary_metric = 0.99999
Error = :1.90e-02; Runtime: 271.4s; Iterations = 3040, grads =   8.297e-08, unitary_metric = 0.99999
Error = :1.90e-02; Runtime: 273.1s; Iterations = 3060, grads =   3.901e-06, unitary_metric = 0.99999
Error = :1.90e-02; Runtime: 274.9s; Iterations = 3080, grads =   6.630e-07, unitary_metric = 0.99999
Error = :1.90e-02; Runtime: 276.6s; Iterations = 3100, grads =   7.781e-08, unitary_metric = 0.99999
Error = :1.90e-02; Runtime: 278.5s; Iterations = 3120, grads =   1.395e-07, unitary_metric = 0.99999
Error = :1.90e-02; Runtime: 280.3s; Iterations = 3140, grads =   2.160e-05, unitary_metric = 0.99999
Error = :1.90e-02; Runtime: 282.0s; Iterations = 3160, grads =   1.843e-06, unitary_metric = 0.99999
Error = :1.90e-02; Runtime: 283.8s; Iterations = 3180, grads =   3.155e-07, unitary_metric = 0.99999
Error = :1.90e-02; Runtime: 285.5s; Iterations = 3200, grads =   9.192e-08, unitary_metric = 0.99999
Error = :1.90e-02; Runtime: 287.5s; Iterations = 3220, grads =   2.825e-08, unitary_metric = 0.99999
Error = :1.90e-02; Runtime: 289.2s; Iterations = 3240, grads =   2.181e-08, unitary_metric = 0.99999
Error = :1.89e-02; Runtime: 291.0s; Iterations = 3260, grads =   1.448e-07, unitary_metric = 0.99999
Error = :1.89e-02; Runtime: 292.7s; Iterations = 3280, grads =   1.264e-05, unitary_metric = 0.99999
Error = :1.90e-02; Runtime: 294.5s; Iterations = 3300, grads =   1.219e-04, unitary_metric = 0.99999
Error = :1.90e-02; Runtime: 296.4s; Iterations = 3320, grads =   3.701e-05, unitary_metric = 0.99999
Error = :1.90e-02; Runtime: 298.1s; Iterations = 3340, grads =   5.828e-06, unitary_metric = 0.99999
Error = :1.90e-02; Runtime: 299.9s; Iterations = 3360, grads =   9.296e-07, unitary_metric = 0.99999
Error = :1.90e-02; Runtime: 301.6s; Iterations = 3380, grads =   1.618e-07, unitary_metric = 0.99999
Error = :1.90e-02; Runtime: 303.4s; Iterations = 3400, grads =   1.856e-07, unitary_metric = 0.99999
Error = :1.90e-02; Runtime: 305.3s; Iterations = 3420, grads =   3.148e-07, unitary_metric = 0.99999
Error = :1.90e-02; Runtime: 307.1s; Iterations = 3440, grads =   9.796e-06, unitary_metric = 0.99999
Error = :1.90e-02; Runtime: 308.8s; Iterations = 3460, grads =   3.757e-06, unitary_metric = 0.99999
Error = :1.89e-02; Runtime: 310.6s; Iterations = 3480, grads =   1.446e-07, unitary_metric = 0.99999
Error = :1.89e-02; Runtime: 312.3s; Iterations = 3500, grads =   2.143e-07, unitary_metric = 0.99999
Error = :1.89e-02; Runtime: 314.3s; Iterations = 3520, grads =   8.523e-06, unitary_metric = 0.99999
Error = :1.89e-02; Runtime: 316.0s; Iterations = 3540, grads =   1.436e-04, unitary_metric = 0.99999
Error = :1.89e-02; Runtime: 317.8s; Iterations = 3560, grads =   8.494e-06, unitary_metric = 0.99999
Error = :1.89e-02; Runtime: 319.5s; Iterations = 3580, grads =   2.968e-06, unitary_metric = 0.99999
Error = :1.88e-02; Runtime: 321.3s; Iterations = 3600, grads =   4.492e-07, unitary_metric = 0.99999
Error = :1.88e-02; Runtime: 323.2s; Iterations = 3620, grads =   4.829e-07, unitary_metric = 0.99999
Error = :1.88e-02; Runtime: 324.9s; Iterations = 3640, grads =   1.317e-05, unitary_metric = 0.99999
Error = :1.88e-02; Runtime: 326.7s; Iterations = 3660, grads =   1.136e-06, unitary_metric = 0.99999
Error = :1.88e-02; Runtime: 328.4s; Iterations = 3680, grads =   9.491e-08, unitary_metric = 0.99999
Error = :1.88e-02; Runtime: 330.2s; Iterations = 3700, grads =   5.598e-08, unitary_metric = 0.99999
Error = :1.88e-02; Runtime: 332.1s; Iterations = 3720, grads =   1.193e-07, unitary_metric = 0.99999
Error = :1.88e-02; Runtime: 333.8s; Iterations = 3740, grads =   5.789e-06, unitary_metric = 0.99999
Error = :1.88e-02; Runtime: 335.6s; Iterations = 3760, grads =   7.253e-05, unitary_metric = 0.99999
Error = :1.88e-02; Runtime: 337.3s; Iterations = 3780, grads =   9.103e-06, unitary_metric = 0.99999
Error = :1.88e-02; Runtime: 339.1s; Iterations = 3800, grads =   3.002e-06, unitary_metric = 0.99999
Error = :1.88e-02; Runtime: 341.0s; Iterations = 3820, grads =   2.541e-04, unitary_metric = 0.99999
Error = :1.88e-02; Runtime: 342.7s; Iterations = 3840, grads =   2.872e-05, unitary_metric = 0.99999
Error = :1.88e-02; Runtime: 344.5s; Iterations = 3860, grads =   5.247e-06, unitary_metric = 0.99999
Error = :1.88e-02; Runtime: 346.2s; Iterations = 3880, grads =   1.001e-06, unitary_metric = 0.99999
Error = :1.88e-02; Runtime: 348.0s; Iterations = 3900, grads =   1.353e-07, unitary_metric = 0.99999
Error = :1.87e-02; Runtime: 349.9s; Iterations = 3920, grads =   2.211e-08, unitary_metric = 0.99999
Error = :1.87e-02; Runtime: 351.6s; Iterations = 3940, grads =   8.947e-08, unitary_metric = 0.99999
Error = :1.87e-02; Runtime: 353.4s; Iterations = 3960, grads =   7.723e-06, unitary_metric = 0.99999
Error = :1.87e-02; Runtime: 355.1s; Iterations = 3980, grads =   1.626e-05, unitary_metric = 0.99999
Error = :1.87e-02; Runtime: 356.9s; Iterations = 4000, grads =   1.466e-05, unitary_metric = 0.99999
Error = :1.87e-02; Runtime: 358.8s; Iterations = 4020, grads =   1.383e-06, unitary_metric = 0.99999
Error = :1.87e-02; Runtime: 360.5s; Iterations = 4040, grads =   7.320e-08, unitary_metric = 0.99999
Error = :1.87e-02; Runtime: 362.3s; Iterations = 4060, grads =   2.379e-07, unitary_metric = 0.99998
Error = :1.87e-02; Runtime: 364.0s; Iterations = 4080, grads =   1.317e-05, unitary_metric = 0.99998
Error = :1.87e-02; Runtime: 365.8s; Iterations = 4100, grads =   2.349e-04, unitary_metric = 0.99998
Error = :1.87e-02; Runtime: 367.7s; Iterations = 4120, grads =   5.457e-05, unitary_metric = 0.99999
Error = :1.87e-02; Runtime: 369.5s; Iterations = 4140, grads =   6.756e-07, unitary_metric = 0.99999
Error = :1.87e-02; Runtime: 371.2s; Iterations = 4160, grads =   5.932e-07, unitary_metric = 0.99999
Error = :1.87e-02; Runtime: 373.0s; Iterations = 4180, grads =   5.842e-08, unitary_metric = 0.99999
Error = :1.87e-02; Runtime: 374.7s; Iterations = 4200, grads =   8.664e-07, unitary_metric = 0.99999
Error = :1.87e-02; Runtime: 376.6s; Iterations = 4220, grads =   3.238e-05, unitary_metric = 0.99999
Error = :1.87e-02; Runtime: 378.4s; Iterations = 4240, grads =   1.548e-05, unitary_metric = 0.99999
Error = :1.87e-02; Runtime: 380.1s; Iterations = 4260, grads =   1.710e-06, unitary_metric = 0.99999
Error = :1.87e-02; Runtime: 381.8s; Iterations = 4280, grads =   6.115e-08, unitary_metric = 0.99999
Error = :1.87e-02; Runtime: 383.6s; Iterations = 4300, grads =   5.561e-08, unitary_metric = 0.99999
Error = :1.87e-02; Runtime: 385.5s; Iterations = 4320, grads =   8.599e-07, unitary_metric = 0.99999
Error = :1.87e-02; Runtime: 387.3s; Iterations = 4340, grads =   2.399e-06, unitary_metric = 0.99999
Error = :1.87e-02; Runtime: 389.1s; Iterations = 4360, grads =   2.998e-07, unitary_metric = 0.99999
Error = :1.86e-02; Runtime: 390.8s; Iterations = 4380, grads =   6.627e-08, unitary_metric = 0.99999
Error = :1.86e-02; Runtime: 392.6s; Iterations = 4400, grads =   1.675e-08, unitary_metric = 0.99999
Error = :1.86e-02; Runtime: 394.5s; Iterations = 4420, grads =   2.312e-07, unitary_metric = 0.99999
Error = :1.86e-02; Runtime: 396.2s; Iterations = 4440, grads =   2.919e-05, unitary_metric = 0.99999
Error = :1.86e-02; Runtime: 398.0s; Iterations = 4460, grads =   3.402e-05, unitary_metric = 0.99999
Error = :1.86e-02; Runtime: 399.7s; Iterations = 4480, grads =   4.913e-05, unitary_metric = 0.99999
Error = :1.86e-02; Runtime: 401.5s; Iterations = 4500, grads =   7.306e-06, unitary_metric = 0.99999
Error = :1.86e-02; Runtime: 403.4s; Iterations = 4520, grads =   9.024e-07, unitary_metric = 0.99999
Error = :1.86e-02; Runtime: 405.1s; Iterations = 4540, grads =   4.350e-07, unitary_metric = 0.99999
Error = :1.86e-02; Runtime: 406.9s; Iterations = 4560, grads =   4.334e-06, unitary_metric = 0.99999
Error = :1.86e-02; Runtime: 408.6s; Iterations = 4580, grads =   6.389e-07, unitary_metric = 0.99998
Error = :1.86e-02; Runtime: 410.3s; Iterations = 4600, grads =   1.029e-07, unitary_metric = 0.99999
Error = :1.86e-02; Runtime: 412.2s; Iterations = 4620, grads =   2.293e-08, unitary_metric = 0.99999
Error = :1.86e-02; Runtime: 414.0s; Iterations = 4640, grads =   8.876e-08, unitary_metric = 0.99999
Error = :1.86e-02; Runtime: 415.7s; Iterations = 4660, grads =   1.532e-05, unitary_metric = 0.99999
Error = :1.86e-02; Runtime: 417.4s; Iterations = 4680, grads =   3.048e-05, unitary_metric = 0.99999
Error = :1.86e-02; Runtime: 419.2s; Iterations = 4700, grads =   2.790e-06, unitary_metric = 0.99999
Error = :1.86e-02; Runtime: 421.1s; Iterations = 4720, grads =   1.110e-05, unitary_metric = 0.99999
Error = :1.86e-02; Runtime: 422.9s; Iterations = 4740, grads =   7.931e-06, unitary_metric = 0.99999
Error = :1.86e-02; Runtime: 424.6s; Iterations = 4760, grads =   6.955e-07, unitary_metric = 0.99999
Error = :1.86e-02; Runtime: 426.3s; Iterations = 4780, grads =   1.706e-06, unitary_metric = 0.99999
Error = :1.86e-02; Runtime: 428.1s; Iterations = 4800, grads =   7.016e-07, unitary_metric = 0.99999
Error = :1.86e-02; Runtime: 430.0s; Iterations = 4820, grads =   1.501e-07, unitary_metric = 0.99999
Error = :1.85e-02; Runtime: 431.7s; Iterations = 4840, grads =   4.749e-08, unitary_metric = 0.99999
Error = :1.85e-02; Runtime: 433.5s; Iterations = 4860, grads =   1.582e-08, unitary_metric = 0.99999
Error = :1.85e-02; Runtime: 435.2s; Iterations = 4880, grads =   2.872e-07, unitary_metric = 0.99999
Error = :1.85e-02; Runtime: 436.9s; Iterations = 4900, grads =   2.703e-05, unitary_metric = 0.99999
Error = :1.85e-02; Runtime: 438.8s; Iterations = 4920, grads =   2.171e-06, unitary_metric = 0.99999
Error = :1.85e-02; Runtime: 440.6s; Iterations = 4940, grads =   6.604e-06, unitary_metric = 0.99999
Error = :1.85e-02; Runtime: 442.3s; Iterations = 4960, grads =   3.690e-06, unitary_metric = 0.99999
Error = :1.85e-02; Runtime: 444.0s; Iterations = 4980, grads =   9.674e-05, unitary_metric = 0.99999
Error = :1.85e-02; Runtime: 445.8s; Iterations = 5000, grads =   8.762e-07, unitary_metric = 0.99999
Error = :1.85e-02; Runtime: 447.7s; Iterations = 5020, grads =   3.008e-07, unitary_metric = 0.99999
Error = :1.85e-02; Runtime: 449.4s; Iterations = 5040, grads =   3.399e-06, unitary_metric = 0.99999
Error = :1.85e-02; Runtime: 451.2s; Iterations = 5060, grads =   4.533e-07, unitary_metric = 0.99998
Error = :1.85e-02; Runtime: 452.9s; Iterations = 5080, grads =   1.219e-07, unitary_metric = 0.99999
Error = :1.85e-02; Runtime: 454.6s; Iterations = 5100, grads =   6.631e-06, unitary_metric = 0.99999
Error = :1.85e-02; Runtime: 456.5s; Iterations = 5120, grads =   3.840e-06, unitary_metric = 0.99999
Error = :1.85e-02; Runtime: 458.3s; Iterations = 5140, grads =   1.378e-07, unitary_metric = 0.99999
Error = :1.85e-02; Runtime: 460.0s; Iterations = 5160, grads =   9.368e-06, unitary_metric = 0.99998
Error = :1.85e-02; Runtime: 461.7s; Iterations = 5180, grads =   7.055e-07, unitary_metric = 0.99999
Error = :1.85e-02; Runtime: 463.5s; Iterations = 5200, grads =   6.386e-07, unitary_metric = 0.99999
Error = :1.85e-02; Runtime: 465.4s; Iterations = 5220, grads =   5.637e-05, unitary_metric = 0.99999
Error = :1.85e-02; Runtime: 467.2s; Iterations = 5240, grads =   4.390e-06, unitary_metric = 0.99999
Error = :1.85e-02; Runtime: 468.9s; Iterations = 5260, grads =   3.864e-06, unitary_metric = 0.99999
Error = :1.85e-02; Runtime: 470.7s; Iterations = 5280, grads =   1.226e-06, unitary_metric = 0.99998
Error = :1.85e-02; Runtime: 472.4s; Iterations = 5300, grads =   2.516e-06, unitary_metric = 0.99998
Error = :1.85e-02; Runtime: 474.3s; Iterations = 5320, grads =   3.100e-08, unitary_metric = 0.99998
Error = :1.85e-02; Runtime: 476.0s; Iterations = 5340, grads =   4.729e-07, unitary_metric = 0.99999
Error = :1.85e-02; Runtime: 477.8s; Iterations = 5360, grads =   1.865e-07, unitary_metric = 0.99998
Error = :1.85e-02; Runtime: 479.5s; Iterations = 5380, grads =   7.400e-08, unitary_metric = 0.99999
Error = :1.85e-02; Runtime: 481.2s; Iterations = 5400, grads =   3.603e-06, unitary_metric = 0.99999
Error = :1.85e-02; Runtime: 483.2s; Iterations = 5420, grads =   1.500e-06, unitary_metric = 0.99998
Error = :1.85e-02; Runtime: 484.9s; Iterations = 5440, grads =   4.172e-07, unitary_metric = 0.99998
Error = :1.85e-02; Runtime: 486.7s; Iterations = 5460, grads =   1.168e-04, unitary_metric = 0.99999
Error = :1.85e-02; Runtime: 488.4s; Iterations = 5480, grads =   1.154e-05, unitary_metric = 0.99998
Error = :1.85e-02; Runtime: 490.2s; Iterations = 5500, grads =   2.879e-06, unitary_metric = 0.99999
Error = :1.85e-02; Runtime: 492.1s; Iterations = 5520, grads =   1.045e-05, unitary_metric = 0.99999
Error = :1.85e-02; Runtime: 493.8s; Iterations = 5540, grads =   3.575e-06, unitary_metric = 0.99999
Error = :1.85e-02; Runtime: 495.6s; Iterations = 5560, grads =   8.053e-08, unitary_metric = 0.99998
Error = :1.85e-02; Runtime: 497.3s; Iterations = 5580, grads =   1.426e-06, unitary_metric = 0.99998
Error = :1.85e-02; Runtime: 499.1s; Iterations = 5600, grads =   1.027e-07, unitary_metric = 0.99998
Error = :1.85e-02; Runtime: 501.2s; Iterations = 5620, grads =   2.562e-07, unitary_metric = 0.99999
Error = :1.85e-02; Runtime: 503.0s; Iterations = 5640, grads =   3.103e-08, unitary_metric = 0.99999
Error = :1.85e-02; Runtime: 504.8s; Iterations = 5660, grads =   6.903e-09, unitary_metric = 0.99998
Error = :1.85e-02; Runtime: 506.7s; Iterations = 5680, grads =   4.547e-08, unitary_metric = 0.99999
Error = :1.85e-02; Runtime: 508.5s; Iterations = 5700, grads =   6.380e-06, unitary_metric = 0.99998
Error = :1.85e-02; Runtime: 510.5s; Iterations = 5720, grads =   7.186e-06, unitary_metric = 0.99998
Error = :1.85e-02; Runtime: 512.2s; Iterations = 5740, grads =   6.653e-07, unitary_metric = 0.99998
Error = :1.85e-02; Runtime: 514.1s; Iterations = 5760, grads =   3.686e-06, unitary_metric = 0.99999
Error = :1.85e-02; Runtime: 515.9s; Iterations = 5780, grads =   2.431e-05, unitary_metric = 0.99998
Error = :1.85e-02; Runtime: 517.6s; Iterations = 5800, grads =   4.441e-06, unitary_metric = 0.99998
Error = :1.85e-02; Runtime: 519.6s; Iterations = 5820, grads =   6.104e-07, unitary_metric = 0.99998
Error = :1.85e-02; Runtime: 521.4s; Iterations = 5840, grads =   2.887e-08, unitary_metric = 0.99999
Error = :1.85e-02; Runtime: 523.1s; Iterations = 5860, grads =   9.082e-09, unitary_metric = 0.99999
Error = :1.85e-02; Runtime: 524.9s; Iterations = 5880, grads =   4.255e-09, unitary_metric = 0.99999
Error = :1.85e-02; Runtime: 526.7s; Iterations = 5900, grads =   1.940e-07, unitary_metric = 0.99999
Error = :1.85e-02; Runtime: 528.6s; Iterations = 5920, grads =   5.290e-06, unitary_metric = 0.99998
Error = :1.85e-02; Runtime: 530.3s; Iterations = 5940, grads =   6.882e-07, unitary_metric = 0.99998
Error = :1.85e-02; Runtime: 532.1s; Iterations = 5960, grads =   2.573e-05, unitary_metric = 0.99999
Error = :1.85e-02; Runtime: 533.8s; Iterations = 5980, grads =   2.554e-06, unitary_metric = 0.99999
Error = :1.85e-02; Runtime: 535.6s; Iterations = 6000, grads =   3.612e-06, unitary_metric = 0.99999
data saved at: /project/ftchong/qoc/pranav/00009_31_nah_slice_111.h5


trying total_time: 7.5 for unitary of size (16, 16)
data saved at: /project/ftchong/qoc/pranav/00010_31_nah_slice_111.h5
Using 7 Taylor terms and 2 Scaling & Squaring terms
Building graph:
Propagators initialized.
Operators weight initialized.
Intermediate propagation variables initialized.
Intermediate propagators initialized.
Vectors initialized.
Training loss initialized.
Optimizer initialized.
Utilities initialized.
Graph built!
Initialized
Error = :9.38e-01; Runtime: 0.3s; Iterations = 0, grads =   1.662e-03, unitary_metric = 1.00000
Error = :7.40e-01; Runtime: 3.3s; Iterations = 20, grads =   4.098e-03, unitary_metric = 1.00000
Error = :5.91e-01; Runtime: 5.9s; Iterations = 40, grads =   2.714e-03, unitary_metric = 0.99999
Error = :5.00e-01; Runtime: 8.6s; Iterations = 60, grads =   2.138e-04, unitary_metric = 0.99999
Error = :3.64e-01; Runtime: 11.2s; Iterations = 80, grads =   3.000e-03, unitary_metric = 0.99999
Error = :6.57e-02; Runtime: 13.8s; Iterations = 100, grads =   3.551e-02, unitary_metric = 0.99999
Error = :1.84e-03; Runtime: 16.7s; Iterations = 120, grads =   4.406e-03, unitary_metric = 0.99999
Error = :7.80e-04; Runtime: 17.2s; Iterations = 124, grads =   6.606e-04, unitary_metric = 0.99999
data saved at: /project/ftchong/qoc/pranav/00010_31_nah_slice_111.h5


trying total_time: 6.25 for unitary of size (16, 16)
data saved at: /project/ftchong/qoc/pranav/00011_31_nah_slice_111.h5
Using 7 Taylor terms and 2 Scaling & Squaring terms
Building graph:
Propagators initialized.
Operators weight initialized.
Intermediate propagation variables initialized.
Intermediate propagators initialized.
Vectors initialized.
Training loss initialized.
Optimizer initialized.
Utilities initialized.
Graph built!
Initialized
Error = :9.46e-01; Runtime: 0.2s; Iterations = 0, grads =   2.652e-03, unitary_metric = 1.00000
Error = :7.82e-01; Runtime: 2.8s; Iterations = 20, grads =   5.932e-03, unitary_metric = 1.00000
Error = :6.21e-01; Runtime: 5.0s; Iterations = 40, grads =   2.075e-03, unitary_metric = 0.99999
Error = :5.00e-01; Runtime: 7.2s; Iterations = 60, grads =   1.142e-03, unitary_metric = 0.99999
Error = :3.48e-01; Runtime: 9.4s; Iterations = 80, grads =   2.160e-03, unitary_metric = 0.99999
Error = :1.82e-01; Runtime: 11.6s; Iterations = 100, grads =   6.479e-03, unitary_metric = 0.99999
Error = :6.92e-02; Runtime: 14.0s; Iterations = 120, grads =   3.343e-03, unitary_metric = 0.99999
Error = :2.61e-02; Runtime: 16.2s; Iterations = 140, grads =   5.788e-04, unitary_metric = 0.99999
Error = :1.34e-02; Runtime: 18.4s; Iterations = 160, grads =   1.360e-04, unitary_metric = 0.99999
Error = :8.26e-03; Runtime: 20.6s; Iterations = 180, grads =   4.812e-05, unitary_metric = 0.99999
Error = :5.28e-03; Runtime: 22.8s; Iterations = 200, grads =   7.332e-04, unitary_metric = 0.99999
Error = :2.90e-03; Runtime: 25.2s; Iterations = 220, grads =   6.973e-06, unitary_metric = 0.99999
Error = :1.32e-03; Runtime: 27.4s; Iterations = 240, grads =   3.678e-06, unitary_metric = 0.99999
Error = :9.61e-04; Runtime: 28.1s; Iterations = 247, grads =   8.338e-06, unitary_metric = 0.99999
data saved at: /project/ftchong/qoc/pranav/00011_31_nah_slice_111.h5


trying total_time: 5.6 for unitary of size (16, 16)
data saved at: /project/ftchong/qoc/pranav/00012_31_nah_slice_111.h5
Using 7 Taylor terms and 2 Scaling & Squaring terms
Building graph:
Propagators initialized.
Operators weight initialized.
Intermediate propagation variables initialized.
Intermediate propagators initialized.
Vectors initialized.
Training loss initialized.
Optimizer initialized.
Utilities initialized.
Graph built!
Initialized
Error = :9.43e-01; Runtime: 0.2s; Iterations = 0, grads =   4.121e-03, unitary_metric = 1.00000
Error = :7.76e-01; Runtime: 2.7s; Iterations = 20, grads =   6.790e-03, unitary_metric = 1.00000
Error = :6.83e-01; Runtime: 4.7s; Iterations = 40, grads =   2.608e-03, unitary_metric = 1.00000
Error = :5.70e-01; Runtime: 6.6s; Iterations = 60, grads =   9.634e-04, unitary_metric = 0.99999
Error = :4.90e-01; Runtime: 8.6s; Iterations = 80, grads =   1.048e-03, unitary_metric = 0.99999
Error = :3.03e-01; Runtime: 10.5s; Iterations = 100, grads =   6.253e-03, unitary_metric = 0.99999
Error = :1.45e-01; Runtime: 12.7s; Iterations = 120, grads =   1.017e-03, unitary_metric = 0.99999
Error = :6.04e-02; Runtime: 14.6s; Iterations = 140, grads =   4.641e-04, unitary_metric = 0.99999
Error = :2.64e-02; Runtime: 16.6s; Iterations = 160, grads =   1.397e-04, unitary_metric = 0.99999
Error = :1.50e-02; Runtime: 18.5s; Iterations = 180, grads =   4.670e-03, unitary_metric = 0.99998
Error = :9.59e-03; Runtime: 20.5s; Iterations = 200, grads =   2.114e-04, unitary_metric = 0.99999
Error = :6.96e-03; Runtime: 22.6s; Iterations = 220, grads =   8.690e-06, unitary_metric = 0.99999
Error = :5.55e-03; Runtime: 24.6s; Iterations = 240, grads =   1.043e-03, unitary_metric = 0.99999
Error = :4.37e-03; Runtime: 26.5s; Iterations = 260, grads =   1.111e-04, unitary_metric = 0.99999
Error = :3.82e-03; Runtime: 28.5s; Iterations = 280, grads =   2.627e-03, unitary_metric = 0.99999
Error = :3.03e-03; Runtime: 30.5s; Iterations = 300, grads =   4.758e-05, unitary_metric = 0.99999
Error = :2.56e-03; Runtime: 32.7s; Iterations = 320, grads =   4.725e-05, unitary_metric = 0.99999
Error = :2.17e-03; Runtime: 34.6s; Iterations = 340, grads =   1.058e-05, unitary_metric = 0.99999
Error = :1.85e-03; Runtime: 36.6s; Iterations = 360, grads =   1.583e-06, unitary_metric = 0.99999
Error = :1.58e-03; Runtime: 38.6s; Iterations = 380, grads =   1.835e-05, unitary_metric = 0.99999
Error = :1.37e-03; Runtime: 40.6s; Iterations = 400, grads =   2.225e-04, unitary_metric = 0.99999
Error = :1.19e-03; Runtime: 42.7s; Iterations = 420, grads =   3.077e-04, unitary_metric = 0.99998
Error = :1.00e-03; Runtime: 44.7s; Iterations = 440, grads =   2.084e-05, unitary_metric = 0.99999
Error = :9.98e-04; Runtime: 44.8s; Iterations = 441, grads =   5.106e-05, unitary_metric = 0.99999
data saved at: /project/ftchong/qoc/pranav/00012_31_nah_slice_111.h5


trying total_time: 5.3 for unitary of size (16, 16)
data saved at: /project/ftchong/qoc/pranav/00013_31_nah_slice_111.h5
Using 7 Taylor terms and 2 Scaling & Squaring terms
Building graph:
Propagators initialized.
Operators weight initialized.
Intermediate propagation variables initialized.
Intermediate propagators initialized.
Vectors initialized.
Training loss initialized.
Optimizer initialized.
Utilities initialized.
Graph built!
Initialized
Error = :9.45e-01; Runtime: 0.2s; Iterations = 0, grads =   5.357e-03, unitary_metric = 1.00000
Error = :7.71e-01; Runtime: 2.4s; Iterations = 20, grads =   3.634e-03, unitary_metric = 1.00000
Error = :6.35e-01; Runtime: 4.2s; Iterations = 40, grads =   2.457e-03, unitary_metric = 0.99999
Error = :5.19e-01; Runtime: 6.1s; Iterations = 60, grads =   6.971e-04, unitary_metric = 0.99999
Error = :3.97e-01; Runtime: 8.0s; Iterations = 80, grads =   9.717e-04, unitary_metric = 0.99999
Error = :2.68e-01; Runtime: 9.8s; Iterations = 100, grads =   7.990e-04, unitary_metric = 0.99999
Error = :1.67e-01; Runtime: 11.9s; Iterations = 120, grads =   4.488e-04, unitary_metric = 0.99999
Error = :9.60e-02; Runtime: 13.8s; Iterations = 140, grads =   9.391e-03, unitary_metric = 0.99999
Error = :5.38e-02; Runtime: 15.6s; Iterations = 160, grads =   9.260e-04, unitary_metric = 0.99999
Error = :3.34e-02; Runtime: 17.5s; Iterations = 180, grads =   1.627e-04, unitary_metric = 0.99999
Error = :2.35e-02; Runtime: 19.4s; Iterations = 200, grads =   5.258e-05, unitary_metric = 0.99999
Error = :1.82e-02; Runtime: 21.4s; Iterations = 220, grads =   1.423e-04, unitary_metric = 0.99999
Error = :1.49e-02; Runtime: 23.2s; Iterations = 240, grads =   1.365e-05, unitary_metric = 0.99999
Error = :1.27e-02; Runtime: 25.1s; Iterations = 260, grads =   1.807e-05, unitary_metric = 0.99999
Error = :1.12e-02; Runtime: 27.0s; Iterations = 280, grads =   1.148e-05, unitary_metric = 0.99999
Error = :1.03e-02; Runtime: 28.8s; Iterations = 300, grads =   2.017e-03, unitary_metric = 0.99999
Error = :9.28e-03; Runtime: 30.9s; Iterations = 320, grads =   6.096e-04, unitary_metric = 0.99999
Error = :8.50e-03; Runtime: 32.7s; Iterations = 340, grads =   1.797e-04, unitary_metric = 0.99999
Error = :7.88e-03; Runtime: 34.6s; Iterations = 360, grads =   2.930e-05, unitary_metric = 0.99999
Error = :7.38e-03; Runtime: 36.4s; Iterations = 380, grads =   6.169e-06, unitary_metric = 0.99999
Error = :6.97e-03; Runtime: 38.3s; Iterations = 400, grads =   2.001e-06, unitary_metric = 0.99999
Error = :6.62e-03; Runtime: 40.3s; Iterations = 420, grads =   1.657e-06, unitary_metric = 0.99999
Error = :6.33e-03; Runtime: 42.2s; Iterations = 440, grads =   1.374e-06, unitary_metric = 0.99999
Error = :6.14e-03; Runtime: 44.0s; Iterations = 460, grads =   3.455e-04, unitary_metric = 0.99999
Error = :5.84e-03; Runtime: 45.9s; Iterations = 480, grads =   2.567e-06, unitary_metric = 0.99999
Error = :6.24e-03; Runtime: 47.7s; Iterations = 500, grads =   6.199e-03, unitary_metric = 0.99999
Error = :5.49e-03; Runtime: 49.8s; Iterations = 520, grads =   4.221e-04, unitary_metric = 0.99999
Error = :5.25e-03; Runtime: 51.6s; Iterations = 540, grads =   1.676e-05, unitary_metric = 0.99999
Error = :5.08e-03; Runtime: 53.5s; Iterations = 560, grads =   1.692e-05, unitary_metric = 0.99999
Error = :4.92e-03; Runtime: 55.3s; Iterations = 580, grads =   8.487e-07, unitary_metric = 0.99999
Error = :4.79e-03; Runtime: 57.2s; Iterations = 600, grads =   6.050e-07, unitary_metric = 0.99999
Error = :4.67e-03; Runtime: 59.2s; Iterations = 620, grads =   6.138e-07, unitary_metric = 0.99999
Error = :4.57e-03; Runtime: 61.1s; Iterations = 640, grads =   3.478e-05, unitary_metric = 0.99999
Error = :4.47e-03; Runtime: 62.9s; Iterations = 660, grads =   1.381e-05, unitary_metric = 0.99999
Error = :4.39e-03; Runtime: 64.8s; Iterations = 680, grads =   5.260e-05, unitary_metric = 0.99999
Error = :4.37e-03; Runtime: 66.7s; Iterations = 700, grads =   8.089e-04, unitary_metric = 0.99999
Error = :4.29e-03; Runtime: 68.7s; Iterations = 720, grads =   8.222e-04, unitary_metric = 0.99999
Error = :4.15e-03; Runtime: 70.5s; Iterations = 740, grads =   1.016e-06, unitary_metric = 0.99999
Error = :4.08e-03; Runtime: 72.4s; Iterations = 760, grads =   3.901e-06, unitary_metric = 0.99998
Error = :4.01e-03; Runtime: 74.2s; Iterations = 780, grads =   2.797e-07, unitary_metric = 0.99999
Error = :3.95e-03; Runtime: 76.1s; Iterations = 800, grads =   5.077e-07, unitary_metric = 0.99999
Error = :3.90e-03; Runtime: 78.1s; Iterations = 820, grads =   2.437e-07, unitary_metric = 0.99999
Error = :3.84e-03; Runtime: 80.0s; Iterations = 840, grads =   1.380e-06, unitary_metric = 0.99999
Error = :3.98e-03; Runtime: 81.8s; Iterations = 860, grads =   1.360e-03, unitary_metric = 0.99999
Error = :3.96e-03; Runtime: 83.7s; Iterations = 880, grads =   1.031e-03, unitary_metric = 0.99999
Error = :3.73e-03; Runtime: 85.6s; Iterations = 900, grads =   3.268e-04, unitary_metric = 0.99999
Error = :3.67e-03; Runtime: 87.6s; Iterations = 920, grads =   1.632e-04, unitary_metric = 0.99999
Error = :3.61e-03; Runtime: 89.5s; Iterations = 940, grads =   8.776e-05, unitary_metric = 0.99999
Error = :3.56e-03; Runtime: 91.3s; Iterations = 960, grads =   1.343e-05, unitary_metric = 0.99999
Error = :3.51e-03; Runtime: 93.2s; Iterations = 980, grads =   7.256e-07, unitary_metric = 0.99999
Error = :3.47e-03; Runtime: 95.1s; Iterations = 1000, grads =   3.348e-07, unitary_metric = 0.99999
Error = :3.43e-03; Runtime: 97.1s; Iterations = 1020, grads =   1.369e-07, unitary_metric = 0.99999
Error = :3.39e-03; Runtime: 99.0s; Iterations = 1040, grads =   1.281e-07, unitary_metric = 0.99999
Error = :3.35e-03; Runtime: 100.9s; Iterations = 1060, grads =   1.168e-07, unitary_metric = 0.99999
Error = :3.31e-03; Runtime: 102.7s; Iterations = 1080, grads =   3.374e-06, unitary_metric = 0.99999
Error = :3.33e-03; Runtime: 104.6s; Iterations = 1100, grads =   3.524e-04, unitary_metric = 0.99999
Error = :3.40e-03; Runtime: 106.6s; Iterations = 1120, grads =   1.244e-03, unitary_metric = 0.99999
Error = :3.24e-03; Runtime: 108.5s; Iterations = 1140, grads =   1.528e-04, unitary_metric = 0.99999
Error = :3.20e-03; Runtime: 110.3s; Iterations = 1160, grads =   4.700e-05, unitary_metric = 0.99999
Error = :3.17e-03; Runtime: 112.1s; Iterations = 1180, grads =   8.587e-07, unitary_metric = 0.99999
Error = :3.15e-03; Runtime: 114.0s; Iterations = 1200, grads =   2.015e-07, unitary_metric = 0.99999
Error = :3.13e-03; Runtime: 116.0s; Iterations = 1220, grads =   1.825e-07, unitary_metric = 0.99999
Error = :3.10e-03; Runtime: 117.8s; Iterations = 1240, grads =   7.126e-08, unitary_metric = 0.99999
Error = :3.09e-03; Runtime: 119.7s; Iterations = 1260, grads =   4.278e-07, unitary_metric = 0.99999
Error = :3.14e-03; Runtime: 121.5s; Iterations = 1280, grads =   3.182e-04, unitary_metric = 0.99999
Error = :3.06e-03; Runtime: 123.4s; Iterations = 1300, grads =   2.713e-05, unitary_metric = 0.99999
Error = :3.29e-03; Runtime: 125.4s; Iterations = 1320, grads =   2.906e-03, unitary_metric = 0.99999
Error = :3.02e-03; Runtime: 127.3s; Iterations = 1340, grads =   1.552e-05, unitary_metric = 0.99999
Error = :3.01e-03; Runtime: 129.1s; Iterations = 1360, grads =   1.066e-05, unitary_metric = 0.99999
Error = :2.99e-03; Runtime: 131.0s; Iterations = 1380, grads =   8.881e-07, unitary_metric = 0.99999
Error = :2.98e-03; Runtime: 132.8s; Iterations = 1400, grads =   1.273e-07, unitary_metric = 0.99999
Error = :2.97e-03; Runtime: 134.9s; Iterations = 1420, grads =   9.272e-06, unitary_metric = 0.99999
Error = :3.04e-03; Runtime: 136.7s; Iterations = 1440, grads =   6.095e-04, unitary_metric = 0.99999
Error = :2.95e-03; Runtime: 138.6s; Iterations = 1460, grads =   6.644e-05, unitary_metric = 0.99999
Error = :2.94e-03; Runtime: 140.4s; Iterations = 1480, grads =   3.205e-05, unitary_metric = 0.99999
Error = :2.92e-03; Runtime: 142.3s; Iterations = 1500, grads =   3.238e-06, unitary_metric = 0.99999
Error = :2.91e-03; Runtime: 144.3s; Iterations = 1520, grads =   1.403e-06, unitary_metric = 0.99999
Error = :2.90e-03; Runtime: 146.2s; Iterations = 1540, grads =   1.173e-07, unitary_metric = 0.99999
Error = :2.89e-03; Runtime: 148.0s; Iterations = 1560, grads =   5.766e-08, unitary_metric = 0.99999
Error = :2.88e-03; Runtime: 149.9s; Iterations = 1580, grads =   4.655e-07, unitary_metric = 0.99999
Error = :2.92e-03; Runtime: 151.7s; Iterations = 1600, grads =   5.024e-04, unitary_metric = 0.99999
Error = :2.89e-03; Runtime: 153.7s; Iterations = 1620, grads =   1.586e-04, unitary_metric = 0.99999
Error = :2.86e-03; Runtime: 155.6s; Iterations = 1640, grads =   5.193e-05, unitary_metric = 0.99999
Error = :2.85e-03; Runtime: 157.4s; Iterations = 1660, grads =   1.143e-05, unitary_metric = 0.99999
Error = :2.84e-03; Runtime: 159.3s; Iterations = 1680, grads =   9.062e-07, unitary_metric = 0.99999
Error = :2.83e-03; Runtime: 161.1s; Iterations = 1700, grads =   1.941e-07, unitary_metric = 0.99999
Error = :2.82e-03; Runtime: 163.1s; Iterations = 1720, grads =   5.686e-08, unitary_metric = 0.99999
Error = :2.81e-03; Runtime: 165.0s; Iterations = 1740, grads =   4.623e-08, unitary_metric = 0.99999
Error = :2.81e-03; Runtime: 166.8s; Iterations = 1760, grads =   1.332e-06, unitary_metric = 0.99999
Error = :2.89e-03; Runtime: 168.7s; Iterations = 1780, grads =   6.422e-04, unitary_metric = 0.99999
Error = :2.80e-03; Runtime: 170.5s; Iterations = 1800, grads =   4.930e-05, unitary_metric = 0.99999
Error = :2.83e-03; Runtime: 172.6s; Iterations = 1820, grads =   1.937e-04, unitary_metric = 0.99999
Error = :2.78e-03; Runtime: 174.4s; Iterations = 1840, grads =   1.131e-05, unitary_metric = 0.99999
Error = :2.78e-03; Runtime: 176.3s; Iterations = 1860, grads =   3.185e-05, unitary_metric = 0.99999
Error = :2.77e-03; Runtime: 178.1s; Iterations = 1880, grads =   4.539e-05, unitary_metric = 0.99999
Error = :2.77e-03; Runtime: 180.0s; Iterations = 1900, grads =   8.972e-05, unitary_metric = 0.99999
Error = :2.76e-03; Runtime: 182.0s; Iterations = 1920, grads =   2.699e-07, unitary_metric = 0.99999
Error = :2.75e-03; Runtime: 183.9s; Iterations = 1940, grads =   7.617e-07, unitary_metric = 0.99999
Error = :2.74e-03; Runtime: 185.7s; Iterations = 1960, grads =   2.026e-07, unitary_metric = 0.99999
Error = :2.74e-03; Runtime: 187.5s; Iterations = 1980, grads =   1.382e-07, unitary_metric = 0.99999
Error = :2.74e-03; Runtime: 189.4s; Iterations = 2000, grads =   1.727e-05, unitary_metric = 0.99999
Error = :2.73e-03; Runtime: 191.5s; Iterations = 2020, grads =   1.741e-05, unitary_metric = 0.99999
Error = :2.72e-03; Runtime: 193.4s; Iterations = 2040, grads =   6.042e-06, unitary_metric = 0.99999
Error = :2.72e-03; Runtime: 195.2s; Iterations = 2060, grads =   3.511e-05, unitary_metric = 0.99999
Error = :2.71e-03; Runtime: 197.0s; Iterations = 2080, grads =   2.540e-06, unitary_metric = 0.99999
Error = :2.71e-03; Runtime: 198.9s; Iterations = 2100, grads =   1.723e-06, unitary_metric = 0.99999
Error = :2.72e-03; Runtime: 200.9s; Iterations = 2120, grads =   1.841e-04, unitary_metric = 0.99999
Error = :2.72e-03; Runtime: 202.7s; Iterations = 2140, grads =   2.652e-04, unitary_metric = 0.99999
Error = :2.70e-03; Runtime: 204.6s; Iterations = 2160, grads =   7.653e-07, unitary_metric = 0.99999
Error = :2.69e-03; Runtime: 206.4s; Iterations = 2180, grads =   1.702e-06, unitary_metric = 0.99999
Error = :2.69e-03; Runtime: 208.3s; Iterations = 2200, grads =   5.769e-07, unitary_metric = 0.99999
Error = :2.69e-03; Runtime: 210.3s; Iterations = 2220, grads =   3.228e-05, unitary_metric = 0.99999
Error = :2.69e-03; Runtime: 212.1s; Iterations = 2240, grads =   4.436e-05, unitary_metric = 0.99999
Error = :2.68e-03; Runtime: 214.0s; Iterations = 2260, grads =   5.290e-06, unitary_metric = 0.99999
Error = :2.67e-03; Runtime: 215.8s; Iterations = 2280, grads =   7.101e-07, unitary_metric = 0.99999
Error = :2.67e-03; Runtime: 217.7s; Iterations = 2300, grads =   3.514e-08, unitary_metric = 0.99999
Error = :2.66e-03; Runtime: 219.7s; Iterations = 2320, grads =   2.961e-08, unitary_metric = 0.99999
Error = :2.66e-03; Runtime: 221.5s; Iterations = 2340, grads =   1.968e-08, unitary_metric = 0.99999
Error = :2.66e-03; Runtime: 223.4s; Iterations = 2360, grads =   5.102e-08, unitary_metric = 0.99999
Error = :2.66e-03; Runtime: 225.2s; Iterations = 2380, grads =   3.565e-05, unitary_metric = 0.99999
Error = :2.69e-03; Runtime: 227.1s; Iterations = 2400, grads =   4.278e-04, unitary_metric = 0.99998
Error = :2.69e-03; Runtime: 229.2s; Iterations = 2420, grads =   3.243e-04, unitary_metric = 0.99998
Error = :2.65e-03; Runtime: 231.0s; Iterations = 2440, grads =   4.050e-05, unitary_metric = 0.99999
Error = :2.67e-03; Runtime: 232.9s; Iterations = 2460, grads =   1.259e-04, unitary_metric = 0.99999
Error = :2.64e-03; Runtime: 234.7s; Iterations = 2480, grads =   1.436e-06, unitary_metric = 0.99998
Error = :2.63e-03; Runtime: 236.5s; Iterations = 2500, grads =   2.886e-07, unitary_metric = 0.99999
Error = :2.63e-03; Runtime: 238.6s; Iterations = 2520, grads =   2.359e-07, unitary_metric = 0.99999
Error = :2.63e-03; Runtime: 240.4s; Iterations = 2540, grads =   2.730e-08, unitary_metric = 0.99999
Error = :2.62e-03; Runtime: 242.3s; Iterations = 2560, grads =   1.954e-08, unitary_metric = 0.99999
Error = :2.62e-03; Runtime: 244.1s; Iterations = 2580, grads =   1.440e-08, unitary_metric = 0.99999
Error = :2.62e-03; Runtime: 246.0s; Iterations = 2600, grads =   1.441e-08, unitary_metric = 0.99998
Error = :2.62e-03; Runtime: 248.0s; Iterations = 2620, grads =   2.837e-08, unitary_metric = 0.99998
Error = :2.61e-03; Runtime: 249.8s; Iterations = 2640, grads =   1.426e-06, unitary_metric = 0.99999
Error = :2.64e-03; Runtime: 251.7s; Iterations = 2660, grads =   2.365e-04, unitary_metric = 0.99999
Error = :2.63e-03; Runtime: 253.5s; Iterations = 2680, grads =   1.175e-04, unitary_metric = 0.99998
Error = :2.60e-03; Runtime: 255.3s; Iterations = 2700, grads =   3.160e-06, unitary_metric = 0.99999
Error = :2.62e-03; Runtime: 257.4s; Iterations = 2720, grads =   1.599e-04, unitary_metric = 0.99998
Error = :2.61e-03; Runtime: 259.3s; Iterations = 2740, grads =   1.043e-04, unitary_metric = 0.99999
Error = :2.60e-03; Runtime: 261.1s; Iterations = 2760, grads =   1.006e-05, unitary_metric = 0.99998
Error = :2.59e-03; Runtime: 263.0s; Iterations = 2780, grads =   3.145e-06, unitary_metric = 0.99999
Error = :2.59e-03; Runtime: 264.8s; Iterations = 2800, grads =   9.417e-08, unitary_metric = 0.99998
Error = :2.59e-03; Runtime: 266.8s; Iterations = 2820, grads =   1.011e-08, unitary_metric = 0.99999
Error = :2.59e-03; Runtime: 268.7s; Iterations = 2840, grads =   9.689e-09, unitary_metric = 0.99999
Error = :2.58e-03; Runtime: 270.5s; Iterations = 2860, grads =   2.617e-08, unitary_metric = 0.99999
Error = :2.58e-03; Runtime: 272.4s; Iterations = 2880, grads =   4.976e-06, unitary_metric = 0.99999
Error = :2.58e-03; Runtime: 274.2s; Iterations = 2900, grads =   3.140e-05, unitary_metric = 0.99999
Error = :2.58e-03; Runtime: 276.2s; Iterations = 2920, grads =   3.815e-06, unitary_metric = 0.99998
Error = :2.58e-03; Runtime: 278.1s; Iterations = 2940, grads =   1.839e-06, unitary_metric = 0.99998
Error = :2.57e-03; Runtime: 279.9s; Iterations = 2960, grads =   4.078e-07, unitary_metric = 0.99998
Error = :2.57e-03; Runtime: 281.8s; Iterations = 2980, grads =   9.595e-08, unitary_metric = 0.99999
Error = :2.57e-03; Runtime: 283.6s; Iterations = 3000, grads =   3.348e-06, unitary_metric = 0.99999
Error = :2.61e-03; Runtime: 285.6s; Iterations = 3020, grads =   5.252e-04, unitary_metric = 0.99999
Error = :2.57e-03; Runtime: 287.4s; Iterations = 3040, grads =   4.233e-05, unitary_metric = 0.99999
Error = :2.57e-03; Runtime: 289.3s; Iterations = 3060, grads =   6.329e-06, unitary_metric = 0.99999
Error = :2.56e-03; Runtime: 291.1s; Iterations = 3080, grads =   6.085e-07, unitary_metric = 0.99999
Error = :2.56e-03; Runtime: 293.0s; Iterations = 3100, grads =   1.087e-08, unitary_metric = 0.99998
Error = :2.56e-03; Runtime: 295.0s; Iterations = 3120, grads =   3.906e-08, unitary_metric = 0.99999
Error = :2.56e-03; Runtime: 296.8s; Iterations = 3140, grads =   1.109e-06, unitary_metric = 0.99999
Error = :2.58e-03; Runtime: 298.7s; Iterations = 3160, grads =   1.786e-04, unitary_metric = 0.99999
Error = :2.56e-03; Runtime: 300.5s; Iterations = 3180, grads =   1.632e-05, unitary_metric = 0.99999
Error = :2.56e-03; Runtime: 302.4s; Iterations = 3200, grads =   7.167e-06, unitary_metric = 0.99999
Error = :2.56e-03; Runtime: 304.4s; Iterations = 3220, grads =   6.941e-07, unitary_metric = 0.99999
Error = :2.56e-03; Runtime: 306.3s; Iterations = 3240, grads =   3.578e-06, unitary_metric = 0.99999
Error = :2.60e-03; Runtime: 308.1s; Iterations = 3260, grads =   4.153e-04, unitary_metric = 0.99999
Error = :2.56e-03; Runtime: 310.0s; Iterations = 3280, grads =   2.611e-05, unitary_metric = 0.99999
Error = :2.57e-03; Runtime: 311.8s; Iterations = 3300, grads =   2.615e-06, unitary_metric = 0.99999
Error = :2.57e-03; Runtime: 313.8s; Iterations = 3320, grads =   4.180e-08, unitary_metric = 0.99999
Error = :2.57e-03; Runtime: 315.7s; Iterations = 3340, grads =   7.557e-08, unitary_metric = 0.99999
Error = :2.58e-03; Runtime: 317.6s; Iterations = 3360, grads =   4.509e-08, unitary_metric = 0.99999
Error = :2.59e-03; Runtime: 319.4s; Iterations = 3380, grads =   1.615e-06, unitary_metric = 0.99999
Error = :2.61e-03; Runtime: 321.3s; Iterations = 3400, grads =   1.217e-04, unitary_metric = 0.99999
Error = :2.60e-03; Runtime: 323.3s; Iterations = 3420, grads =   3.605e-06, unitary_metric = 0.99998
Error = :2.61e-03; Runtime: 325.2s; Iterations = 3440, grads =   1.820e-07, unitary_metric = 0.99999
Error = :2.62e-03; Runtime: 327.0s; Iterations = 3460, grads =   2.195e-05, unitary_metric = 0.99999
Error = :2.62e-03; Runtime: 328.9s; Iterations = 3480, grads =   5.545e-06, unitary_metric = 0.99998
Error = :2.63e-03; Runtime: 330.8s; Iterations = 3500, grads =   1.479e-06, unitary_metric = 0.99999
Error = :2.69e-03; Runtime: 332.8s; Iterations = 3520, grads =   6.755e-04, unitary_metric = 0.99999
Error = :2.63e-03; Runtime: 334.7s; Iterations = 3540, grads =   3.429e-06, unitary_metric = 0.99999
Error = :2.63e-03; Runtime: 336.5s; Iterations = 3560, grads =   7.772e-06, unitary_metric = 0.99999
Error = :2.63e-03; Runtime: 338.4s; Iterations = 3580, grads =   5.458e-07, unitary_metric = 0.99999
Error = :2.62e-03; Runtime: 340.2s; Iterations = 3600, grads =   2.299e-07, unitary_metric = 0.99999
Error = :2.62e-03; Runtime: 342.3s; Iterations = 3620, grads =   4.666e-05, unitary_metric = 0.99999
Error = :2.61e-03; Runtime: 344.1s; Iterations = 3640, grads =   1.742e-05, unitary_metric = 0.99999
Error = :2.61e-03; Runtime: 346.0s; Iterations = 3660, grads =   3.569e-05, unitary_metric = 0.99999
Error = :2.60e-03; Runtime: 347.8s; Iterations = 3680, grads =   1.673e-07, unitary_metric = 0.99998
Error = :2.59e-03; Runtime: 349.7s; Iterations = 3700, grads =   3.729e-08, unitary_metric = 0.99998
Error = :2.59e-03; Runtime: 351.7s; Iterations = 3720, grads =   4.397e-08, unitary_metric = 0.99998
Error = :2.58e-03; Runtime: 353.6s; Iterations = 3740, grads =   4.005e-08, unitary_metric = 0.99998
Error = :2.58e-03; Runtime: 355.4s; Iterations = 3760, grads =   2.654e-08, unitary_metric = 0.99999
Error = :2.57e-03; Runtime: 357.3s; Iterations = 3780, grads =   9.920e-08, unitary_metric = 0.99999
Error = :2.57e-03; Runtime: 359.1s; Iterations = 3800, grads =   4.948e-06, unitary_metric = 0.99999
Error = :2.56e-03; Runtime: 361.1s; Iterations = 3820, grads =   2.597e-06, unitary_metric = 0.99999
Error = :2.56e-03; Runtime: 363.0s; Iterations = 3840, grads =   5.481e-07, unitary_metric = 0.99998
Error = :2.56e-03; Runtime: 364.9s; Iterations = 3860, grads =   1.984e-06, unitary_metric = 0.99999
Error = :2.58e-03; Runtime: 366.7s; Iterations = 3880, grads =   2.951e-04, unitary_metric = 0.99999
Error = :2.56e-03; Runtime: 368.6s; Iterations = 3900, grads =   1.025e-04, unitary_metric = 0.99999
Error = :2.55e-03; Runtime: 370.6s; Iterations = 3920, grads =   1.346e-05, unitary_metric = 0.99999
Error = :2.54e-03; Runtime: 372.5s; Iterations = 3940, grads =   2.254e-06, unitary_metric = 0.99999
Error = :2.54e-03; Runtime: 374.3s; Iterations = 3960, grads =   1.661e-07, unitary_metric = 0.99999
Error = :2.54e-03; Runtime: 376.2s; Iterations = 3980, grads =   5.264e-08, unitary_metric = 0.99999
Error = :2.53e-03; Runtime: 378.0s; Iterations = 4000, grads =   1.666e-08, unitary_metric = 0.99999
Error = :2.53e-03; Runtime: 380.1s; Iterations = 4020, grads =   2.015e-08, unitary_metric = 0.99999
Error = :2.53e-03; Runtime: 381.9s; Iterations = 4040, grads =   1.252e-07, unitary_metric = 0.99999
Error = :2.53e-03; Runtime: 383.8s; Iterations = 4060, grads =   1.062e-05, unitary_metric = 0.99999
Error = :2.53e-03; Runtime: 385.6s; Iterations = 4080, grads =   6.916e-06, unitary_metric = 0.99999
Error = :2.52e-03; Runtime: 387.5s; Iterations = 4100, grads =   1.004e-06, unitary_metric = 0.99999
Error = :2.53e-03; Runtime: 389.5s; Iterations = 4120, grads =   6.805e-05, unitary_metric = 0.99999
Error = :2.54e-03; Runtime: 391.3s; Iterations = 4140, grads =   2.416e-04, unitary_metric = 0.99998
Error = :2.52e-03; Runtime: 393.2s; Iterations = 4160, grads =   2.465e-05, unitary_metric = 0.99998
Error = :2.51e-03; Runtime: 395.1s; Iterations = 4180, grads =   1.545e-06, unitary_metric = 0.99999
Error = :2.51e-03; Runtime: 396.9s; Iterations = 4200, grads =   1.618e-07, unitary_metric = 0.99998
Error = :2.51e-03; Runtime: 398.9s; Iterations = 4220, grads =   5.747e-07, unitary_metric = 0.99999
Error = :2.51e-03; Runtime: 400.8s; Iterations = 4240, grads =   1.310e-05, unitary_metric = 0.99998
Error = :2.51e-03; Runtime: 402.6s; Iterations = 4260, grads =   5.053e-06, unitary_metric = 0.99998
Error = :2.51e-03; Runtime: 404.5s; Iterations = 4280, grads =   6.092e-07, unitary_metric = 0.99998
Error = :2.50e-03; Runtime: 406.3s; Iterations = 4300, grads =   1.046e-07, unitary_metric = 0.99999
Error = :2.50e-03; Runtime: 408.3s; Iterations = 4320, grads =   1.010e-06, unitary_metric = 0.99998
Error = :2.51e-03; Runtime: 410.2s; Iterations = 4340, grads =   6.575e-05, unitary_metric = 0.99999
Error = :2.50e-03; Runtime: 412.0s; Iterations = 4360, grads =   5.532e-06, unitary_metric = 0.99998
Error = :2.50e-03; Runtime: 413.9s; Iterations = 4380, grads =   1.233e-05, unitary_metric = 0.99998
Error = :2.50e-03; Runtime: 415.7s; Iterations = 4400, grads =   1.829e-05, unitary_metric = 0.99998
Error = :2.50e-03; Runtime: 417.7s; Iterations = 4420, grads =   4.294e-06, unitary_metric = 0.99999
Error = :2.50e-03; Runtime: 419.6s; Iterations = 4440, grads =   6.608e-08, unitary_metric = 0.99998
Error = :2.50e-03; Runtime: 421.4s; Iterations = 4460, grads =   2.973e-07, unitary_metric = 0.99998
Error = :2.49e-03; Runtime: 423.3s; Iterations = 4480, grads =   1.472e-07, unitary_metric = 0.99998
Error = :2.50e-03; Runtime: 425.1s; Iterations = 4500, grads =   2.499e-08, unitary_metric = 0.99998
Error = :2.49e-03; Runtime: 427.1s; Iterations = 4520, grads =   3.480e-07, unitary_metric = 0.99998
Error = :2.50e-03; Runtime: 429.0s; Iterations = 4540, grads =   2.032e-05, unitary_metric = 0.99998
Error = :2.49e-03; Runtime: 430.8s; Iterations = 4560, grads =   1.809e-07, unitary_metric = 0.99998
Error = :2.49e-03; Runtime: 432.7s; Iterations = 4580, grads =   1.194e-07, unitary_metric = 0.99998
Error = :2.49e-03; Runtime: 434.5s; Iterations = 4600, grads =   1.867e-06, unitary_metric = 0.99998
Error = :2.49e-03; Runtime: 436.6s; Iterations = 4620, grads =   1.986e-05, unitary_metric = 0.99998
Error = :2.49e-03; Runtime: 438.4s; Iterations = 4640, grads =   1.139e-05, unitary_metric = 0.99999
Error = :2.49e-03; Runtime: 440.3s; Iterations = 4660, grads =   1.778e-06, unitary_metric = 0.99998
Error = :2.49e-03; Runtime: 442.1s; Iterations = 4680, grads =   1.367e-07, unitary_metric = 0.99998
Error = :2.49e-03; Runtime: 444.0s; Iterations = 4700, grads =   4.082e-06, unitary_metric = 0.99998
Error = :2.49e-03; Runtime: 446.0s; Iterations = 4720, grads =   3.342e-06, unitary_metric = 0.99998
Error = :2.49e-03; Runtime: 447.8s; Iterations = 4740, grads =   2.657e-07, unitary_metric = 0.99998
Error = :2.49e-03; Runtime: 449.7s; Iterations = 4760, grads =   2.147e-07, unitary_metric = 0.99999
Error = :2.49e-03; Runtime: 451.5s; Iterations = 4780, grads =   5.537e-08, unitary_metric = 0.99999
Error = :2.49e-03; Runtime: 453.4s; Iterations = 4800, grads =   2.257e-08, unitary_metric = 0.99998
Error = :2.50e-03; Runtime: 455.4s; Iterations = 4820, grads =   6.005e-08, unitary_metric = 0.99998
Error = :2.50e-03; Runtime: 457.3s; Iterations = 4840, grads =   5.451e-06, unitary_metric = 0.99999
Error = :2.50e-03; Runtime: 459.1s; Iterations = 4860, grads =   2.412e-06, unitary_metric = 0.99998
Error = :2.50e-03; Runtime: 461.0s; Iterations = 4880, grads =   1.371e-07, unitary_metric = 0.99998
Error = :2.51e-03; Runtime: 462.8s; Iterations = 4900, grads =   6.989e-06, unitary_metric = 0.99998
Error = :2.52e-03; Runtime: 464.8s; Iterations = 4920, grads =   1.356e-04, unitary_metric = 0.99998
Error = :2.51e-03; Runtime: 466.7s; Iterations = 4940, grads =   1.285e-05, unitary_metric = 0.99999
Error = :2.51e-03; Runtime: 468.5s; Iterations = 4960, grads =   1.547e-06, unitary_metric = 0.99998
Error = :2.52e-03; Runtime: 470.4s; Iterations = 4980, grads =   1.989e-07, unitary_metric = 0.99998
Error = :2.52e-03; Runtime: 472.2s; Iterations = 5000, grads =   1.700e-06, unitary_metric = 0.99998
Error = :2.53e-03; Runtime: 474.2s; Iterations = 5020, grads =   4.419e-07, unitary_metric = 0.99998
Error = :2.53e-03; Runtime: 476.1s; Iterations = 5040, grads =   1.035e-06, unitary_metric = 0.99998
Error = :2.54e-03; Runtime: 477.9s; Iterations = 5060, grads =   2.341e-06, unitary_metric = 0.99998
Error = :2.54e-03; Runtime: 479.8s; Iterations = 5080, grads =   4.000e-06, unitary_metric = 0.99998
Error = :2.55e-03; Runtime: 481.6s; Iterations = 5100, grads =   2.085e-06, unitary_metric = 0.99999
Error = :2.56e-03; Runtime: 483.7s; Iterations = 5120, grads =   3.070e-07, unitary_metric = 0.99998
Error = :2.56e-03; Runtime: 485.5s; Iterations = 5140, grads =   1.447e-07, unitary_metric = 0.99998
Error = :2.57e-03; Runtime: 487.4s; Iterations = 5160, grads =   2.246e-05, unitary_metric = 0.99998
Error = :2.58e-03; Runtime: 489.2s; Iterations = 5180, grads =   2.743e-05, unitary_metric = 0.99998
Error = :2.58e-03; Runtime: 491.1s; Iterations = 5200, grads =   6.954e-06, unitary_metric = 0.99999
Error = :2.59e-03; Runtime: 493.1s; Iterations = 5220, grads =   4.472e-07, unitary_metric = 0.99998
Error = :2.59e-03; Runtime: 495.0s; Iterations = 5240, grads =   6.216e-08, unitary_metric = 0.99998
Error = :2.60e-03; Runtime: 496.8s; Iterations = 5260, grads =   6.434e-08, unitary_metric = 0.99998
Error = :2.60e-03; Runtime: 498.7s; Iterations = 5280, grads =   4.507e-06, unitary_metric = 0.99998
Error = :2.60e-03; Runtime: 500.5s; Iterations = 5300, grads =   2.707e-06, unitary_metric = 0.99998
Error = :2.60e-03; Runtime: 502.6s; Iterations = 5320, grads =   3.770e-08, unitary_metric = 0.99998
Error = :2.60e-03; Runtime: 504.5s; Iterations = 5340, grads =   5.282e-07, unitary_metric = 0.99998
Error = :2.60e-03; Runtime: 506.3s; Iterations = 5360, grads =   6.953e-06, unitary_metric = 0.99998
Error = :2.59e-03; Runtime: 508.2s; Iterations = 5380, grads =   5.115e-07, unitary_metric = 0.99998
Error = :2.60e-03; Runtime: 510.0s; Iterations = 5400, grads =   5.832e-05, unitary_metric = 0.99998
Error = :2.59e-03; Runtime: 512.0s; Iterations = 5420, grads =   6.065e-06, unitary_metric = 0.99998
Error = :2.58e-03; Runtime: 513.9s; Iterations = 5440, grads =   1.576e-06, unitary_metric = 0.99998
Error = :2.58e-03; Runtime: 515.7s; Iterations = 5460, grads =   2.858e-07, unitary_metric = 0.99998
Error = :2.58e-03; Runtime: 517.6s; Iterations = 5480, grads =   3.068e-08, unitary_metric = 0.99998
Error = :2.57e-03; Runtime: 519.4s; Iterations = 5500, grads =   1.238e-06, unitary_metric = 0.99998
Error = :2.57e-03; Runtime: 521.5s; Iterations = 5520, grads =   1.357e-05, unitary_metric = 0.99998
Error = :2.57e-03; Runtime: 523.4s; Iterations = 5540, grads =   3.718e-06, unitary_metric = 0.99998
Error = :2.56e-03; Runtime: 525.2s; Iterations = 5560, grads =   1.843e-07, unitary_metric = 0.99998
Error = :2.56e-03; Runtime: 527.1s; Iterations = 5580, grads =   2.180e-08, unitary_metric = 0.99998
Error = :2.56e-03; Runtime: 528.9s; Iterations = 5600, grads =   5.348e-08, unitary_metric = 0.99998
Error = :2.55e-03; Runtime: 530.9s; Iterations = 5620, grads =   2.533e-06, unitary_metric = 0.99998
Error = :2.55e-03; Runtime: 532.8s; Iterations = 5640, grads =   2.940e-05, unitary_metric = 0.99998
Error = :2.55e-03; Runtime: 534.6s; Iterations = 5660, grads =   6.428e-06, unitary_metric = 0.99998
Error = :2.55e-03; Runtime: 536.5s; Iterations = 5680, grads =   3.758e-06, unitary_metric = 0.99998
Error = :2.54e-03; Runtime: 538.3s; Iterations = 5700, grads =   1.995e-07, unitary_metric = 0.99998
Error = :2.54e-03; Runtime: 540.3s; Iterations = 5720, grads =   3.892e-07, unitary_metric = 0.99998
Error = :2.54e-03; Runtime: 542.2s; Iterations = 5740, grads =   2.816e-05, unitary_metric = 0.99998
Error = :2.53e-03; Runtime: 544.0s; Iterations = 5760, grads =   2.297e-06, unitary_metric = 0.99999
Error = :2.53e-03; Runtime: 545.9s; Iterations = 5780, grads =   6.055e-07, unitary_metric = 0.99999
Error = :2.53e-03; Runtime: 547.7s; Iterations = 5800, grads =   4.313e-06, unitary_metric = 0.99999
Error = :2.53e-03; Runtime: 549.8s; Iterations = 5820, grads =   2.392e-07, unitary_metric = 0.99999
Error = :2.52e-03; Runtime: 551.7s; Iterations = 5840, grads =   1.020e-06, unitary_metric = 0.99999
Error = :2.53e-03; Runtime: 553.5s; Iterations = 5860, grads =   4.933e-05, unitary_metric = 0.99999
Error = :2.52e-03; Runtime: 555.4s; Iterations = 5880, grads =   2.689e-06, unitary_metric = 0.99999
Error = :2.52e-03; Runtime: 557.3s; Iterations = 5900, grads =   1.232e-06, unitary_metric = 0.99998
Error = :2.52e-03; Runtime: 559.3s; Iterations = 5920, grads =   9.750e-08, unitary_metric = 0.99999
Error = :2.51e-03; Runtime: 561.1s; Iterations = 5940, grads =   2.927e-07, unitary_metric = 0.99999
Error = :2.51e-03; Runtime: 563.0s; Iterations = 5960, grads =   8.645e-07, unitary_metric = 0.99999
Error = :2.51e-03; Runtime: 564.8s; Iterations = 5980, grads =   1.709e-05, unitary_metric = 0.99999
Error = :2.51e-03; Runtime: 566.7s; Iterations = 6000, grads =   2.146e-06, unitary_metric = 0.99998
data saved at: /project/ftchong/qoc/pranav/00013_31_nah_slice_111.h5


trying total_time: 10.0 for unitary of size (4, 4)
data saved at: /project/ftchong/qoc/pranav/00014_31_nah_slice_111.h5
Using 6 Taylor terms and 1 Scaling & Squaring terms
Building graph:
Propagators initialized.
Operators weight initialized.
Intermediate propagation variables initialized.
Intermediate propagators initialized.
Vectors initialized.
Training loss initialized.
Optimizer initialized.
Utilities initialized.
Graph built!
Initialized
Error = :8.07e-02; Runtime: 0.3s; Iterations = 0, grads =   1.614e+00, unitary_metric = 1.00000
Error = :2.33e-02; Runtime: 2.1s; Iterations = 20, grads =   4.949e-01, unitary_metric = 1.00000
Error = :6.17e-04; Runtime: 2.9s; Iterations = 32, grads =   1.290e-02, unitary_metric = 1.00000
data saved at: /project/ftchong/qoc/pranav/00014_31_nah_slice_111.h5


trying total_time: 5.0 for unitary of size (4, 4)
data saved at: /project/ftchong/qoc/pranav/00015_31_nah_slice_111.h5
Using 6 Taylor terms and 1 Scaling & Squaring terms
Building graph:
Propagators initialized.
Operators weight initialized.
Intermediate propagation variables initialized.
Intermediate propagators initialized.
Vectors initialized.
Training loss initialized.
Optimizer initialized.
Utilities initialized.
Graph built!
Initialized
Error = :1.10e-02; Runtime: 0.1s; Iterations = 0, grads =   1.063e-01, unitary_metric = 1.00000
Error = :4.17e-03; Runtime: 1.1s; Iterations = 20, grads =   4.488e-02, unitary_metric = 1.00000
Error = :7.84e-04; Runtime: 1.2s; Iterations = 24, grads =   7.955e-03, unitary_metric = 1.00000
data saved at: /project/ftchong/qoc/pranav/00015_31_nah_slice_111.h5


trying total_time: 2.5 for unitary of size (4, 4)
data saved at: /project/ftchong/qoc/pranav/00016_31_nah_slice_111.h5
Using 6 Taylor terms and 1 Scaling & Squaring terms
Building graph:
Propagators initialized.
Operators weight initialized.
Intermediate propagation variables initialized.
Intermediate propagators initialized.
Vectors initialized.
Training loss initialized.
Optimizer initialized.
Utilities initialized.
Graph built!
Initialized
Error = :1.23e-01; Runtime: 0.1s; Iterations = 0, grads =   5.621e-01, unitary_metric = 1.00000
Error = :2.00e-03; Runtime: 0.6s; Iterations = 20, grads =   1.073e-02, unitary_metric = 1.00000
Error = :3.34e-04; Runtime: 0.7s; Iterations = 28, grads =   1.760e-03, unitary_metric = 1.00000
data saved at: /project/ftchong/qoc/pranav/00016_31_nah_slice_111.h5


trying total_time: 1.25 for unitary of size (4, 4)
data saved at: /project/ftchong/qoc/pranav/00017_31_nah_slice_111.h5
Using 6 Taylor terms and 1 Scaling & Squaring terms
Building graph:
Propagators initialized.
Operators weight initialized.
Intermediate propagation variables initialized.
Intermediate propagators initialized.
Vectors initialized.
Training loss initialized.
Optimizer initialized.
Utilities initialized.
Graph built!
Initialized
Error = :5.88e-02; Runtime: 0.1s; Iterations = 0, grads =   1.431e-01, unitary_metric = 1.00000
Error = :5.33e-04; Runtime: 0.3s; Iterations = 15, grads =   1.239e-03, unitary_metric = 1.00000
data saved at: /project/ftchong/qoc/pranav/00017_31_nah_slice_111.h5


trying total_time: 0.6 for unitary of size (4, 4)
data saved at: /project/ftchong/qoc/pranav/00018_31_nah_slice_111.h5
Using 7 Taylor terms and 0 Scaling & Squaring terms
Building graph:
Propagators initialized.
Operators weight initialized.
Intermediate propagation variables initialized.
Intermediate propagators initialized.
Vectors initialized.
Training loss initialized.
Optimizer initialized.
Utilities initialized.
Graph built!
Initialized
Error = :1.43e-01; Runtime: 0.1s; Iterations = 0, grads =   1.421e-01, unitary_metric = 1.00000
Error = :8.63e-03; Runtime: 0.2s; Iterations = 20, grads =   1.053e-02, unitary_metric = 1.00000
Error = :9.93e-04; Runtime: 0.3s; Iterations = 33, grads =   1.172e-03, unitary_metric = 1.00000
data saved at: /project/ftchong/qoc/pranav/00018_31_nah_slice_111.h5


trying total_time: 0.3 for unitary of size (4, 4)
data saved at: /project/ftchong/qoc/pranav/00019_31_nah_slice_111.h5
Using 5 Taylor terms and 1 Scaling & Squaring terms
Building graph:
Propagators initialized.
Operators weight initialized.
Intermediate propagation variables initialized.
Intermediate propagators initialized.
Vectors initialized.
Training loss initialized.
Optimizer initialized.
Utilities initialized.
Graph built!
Initialized
Error = :1.28e-02; Runtime: 0.0s; Iterations = 0, grads =   7.553e-03, unitary_metric = 1.00000
Error = :5.40e-04; Runtime: 0.1s; Iterations = 5, grads =   2.596e-04, unitary_metric = 1.00000
data saved at: /project/ftchong/qoc/pranav/00019_31_nah_slice_111.h5




[0.3, 5.3, 0.3]
TIME FOR SLICE IS:
5.3
