Running Block:  269


trying total_time: 10.0 for unitary of size (4, 4)
data saved at: /project/ftchong/qoc/pranav/00000_31_nah_slice_269.h5
Using 6 Taylor terms and 1 Scaling & Squaring terms
Building graph:
Propagators initialized.
Operators weight initialized.
Intermediate propagation variables initialized.
Intermediate propagators initialized.
Vectors initialized.
Training loss initialized.
Optimizer initialized.
Utilities initialized.
Graph built!
Initialized
Error = :2.00e-01; Runtime: 0.2s; Iterations = 0, grads =   3.460e+00, unitary_metric = 1.00000
Error = :7.39e-03; Runtime: 2.0s; Iterations = 20, grads =   1.612e-01, unitary_metric = 1.00000
Error = :2.15e-04; Runtime: 2.1s; Iterations = 21, grads =   1.509e-03, unitary_metric = 1.00000
data saved at: /project/ftchong/qoc/pranav/00000_31_nah_slice_269.h5


trying total_time: 5.0 for unitary of size (4, 4)
data saved at: /project/ftchong/qoc/pranav/00001_31_nah_slice_269.h5
Using 6 Taylor terms and 1 Scaling & Squaring terms
Building graph:
Propagators initialized.
Operators weight initialized.
Intermediate propagation variables initialized.
Intermediate propagators initialized.
Vectors initialized.
Training loss initialized.
Optimizer initialized.
Utilities initialized.
Graph built!
Initialized
Error = :3.74e-01; Runtime: 0.1s; Iterations = 0, grads =   2.507e+00, unitary_metric = 1.00000
Error = :2.09e-03; Runtime: 1.1s; Iterations = 20, grads =   2.073e-02, unitary_metric = 1.00000
Error = :6.01e-04; Runtime: 1.3s; Iterations = 28, grads =   5.737e-03, unitary_metric = 1.00000
data saved at: /project/ftchong/qoc/pranav/00001_31_nah_slice_269.h5


trying total_time: 2.5 for unitary of size (4, 4)
data saved at: /project/ftchong/qoc/pranav/00002_31_nah_slice_269.h5
Using 6 Taylor terms and 1 Scaling & Squaring terms
Building graph:
Propagators initialized.
Operators weight initialized.
Intermediate propagation variables initialized.
Intermediate propagators initialized.
Vectors initialized.
Training loss initialized.
Optimizer initialized.
Utilities initialized.
Graph built!
Initialized
Error = :3.12e-03; Runtime: 0.1s; Iterations = 0, grads =   1.562e-02, unitary_metric = 1.00000
Error = :1.03e-04; Runtime: 0.4s; Iterations = 7, grads =   2.031e-04, unitary_metric = 1.00000
data saved at: /project/ftchong/qoc/pranav/00002_31_nah_slice_269.h5


trying total_time: 1.25 for unitary of size (4, 4)
data saved at: /project/ftchong/qoc/pranav/00003_31_nah_slice_269.h5
Using 6 Taylor terms and 1 Scaling & Squaring terms
Building graph:
Propagators initialized.
Operators weight initialized.
Intermediate propagation variables initialized.
Intermediate propagators initialized.
Vectors initialized.
Training loss initialized.
Optimizer initialized.
Utilities initialized.
Graph built!
Initialized
Error = :8.45e-02; Runtime: 0.1s; Iterations = 0, grads =   1.998e-01, unitary_metric = 1.00000
Error = :7.48e-04; Runtime: 0.3s; Iterations = 17, grads =   1.796e-03, unitary_metric = 1.00000
data saved at: /project/ftchong/qoc/pranav/00003_31_nah_slice_269.h5


trying total_time: 0.6 for unitary of size (4, 4)
data saved at: /project/ftchong/qoc/pranav/00004_31_nah_slice_269.h5
Using 7 Taylor terms and 0 Scaling & Squaring terms
Building graph:
Propagators initialized.
Operators weight initialized.
Intermediate propagation variables initialized.
Intermediate propagators initialized.
Vectors initialized.
Training loss initialized.
Optimizer initialized.
Utilities initialized.
Graph built!
Initialized
Error = :1.55e-01; Runtime: 0.0s; Iterations = 0, grads =   1.558e-01, unitary_metric = 1.00000
Error = :5.64e-04; Runtime: 0.2s; Iterations = 15, grads =   5.214e-04, unitary_metric = 1.00000
data saved at: /project/ftchong/qoc/pranav/00004_31_nah_slice_269.h5


trying total_time: 0.3 for unitary of size (4, 4)
data saved at: /project/ftchong/qoc/pranav/00005_31_nah_slice_269.h5
Using 5 Taylor terms and 1 Scaling & Squaring terms
Building graph:
Propagators initialized.
Operators weight initialized.
Intermediate propagation variables initialized.
Intermediate propagators initialized.
Vectors initialized.
Training loss initialized.
Optimizer initialized.
Utilities initialized.
Graph built!
Initialized
Error = :6.06e-02; Runtime: 0.0s; Iterations = 0, grads =   3.067e-02, unitary_metric = 1.00000
Error = :4.04e-04; Runtime: 0.1s; Iterations = 14, grads =   2.200e-04, unitary_metric = 1.00000
data saved at: /project/ftchong/qoc/pranav/00005_31_nah_slice_269.h5


trying total_time: 40.0 for unitary of size (16, 16)
data saved at: /project/ftchong/qoc/pranav/00006_31_nah_slice_269.h5
Using 5 Taylor terms and 4 Scaling & Squaring terms
Building graph:
Propagators initialized.
Operators weight initialized.
Intermediate propagation variables initialized.
Intermediate propagators initialized.
Vectors initialized.
Training loss initialized.
Optimizer initialized.
Utilities initialized.
Graph built!
Initialized
Error = :9.40e-01; Runtime: 1.3s; Iterations = 0, grads =   1.019e-02, unitary_metric = 1.00024
Error = :2.90e-01; Runtime: 18.5s; Iterations = 20, grads =   7.125e-01, unitary_metric = 1.00033
Error = :2.88e-02; Runtime: 33.6s; Iterations = 40, grads =   5.717e-01, unitary_metric = 1.00026
Error = :3.15e-03; Runtime: 48.7s; Iterations = 60, grads =   2.140e-02, unitary_metric = 1.00027
Error = :9.55e-04; Runtime: 56.9s; Iterations = 71, grads =   4.089e-02, unitary_metric = 1.00026
data saved at: /project/ftchong/qoc/pranav/00006_31_nah_slice_269.h5


trying total_time: 20.0 for unitary of size (16, 16)
data saved at: /project/ftchong/qoc/pranav/00007_31_nah_slice_269.h5
Using 7 Taylor terms and 2 Scaling & Squaring terms
Building graph:
Propagators initialized.
Operators weight initialized.
Intermediate propagation variables initialized.
Intermediate propagators initialized.
Vectors initialized.
Training loss initialized.
Optimizer initialized.
Utilities initialized.
Graph built!
Initialized
Error = :9.40e-01; Runtime: 0.6s; Iterations = 0, grads =   6.948e-03, unitary_metric = 1.00001
Error = :6.26e-01; Runtime: 9.0s; Iterations = 20, grads =   1.405e-01, unitary_metric = 1.00001
Error = :5.08e-01; Runtime: 16.2s; Iterations = 40, grads =   4.162e-02, unitary_metric = 1.00001
Error = :4.99e-01; Runtime: 23.5s; Iterations = 60, grads =   6.694e-03, unitary_metric = 1.00000
Error = :4.39e-01; Runtime: 30.7s; Iterations = 80, grads =   1.164e-02, unitary_metric = 1.00000
Error = :2.85e-02; Runtime: 37.9s; Iterations = 100, grads =   4.323e-01, unitary_metric = 1.00000
Error = :5.89e-03; Runtime: 45.6s; Iterations = 120, grads =   6.603e-02, unitary_metric = 1.00000
Error = :9.46e-04; Runtime: 51.9s; Iterations = 137, grads =   1.143e-02, unitary_metric = 1.00000
data saved at: /project/ftchong/qoc/pranav/00007_31_nah_slice_269.h5


trying total_time: 10.0 for unitary of size (16, 16)
data saved at: /project/ftchong/qoc/pranav/00008_31_nah_slice_269.h5
Using 7 Taylor terms and 2 Scaling & Squaring terms
Building graph:
Propagators initialized.
Operators weight initialized.
Intermediate propagation variables initialized.
Intermediate propagators initialized.
Vectors initialized.
Training loss initialized.
Optimizer initialized.
Utilities initialized.
Graph built!
Initialized
Error = :9.49e-01; Runtime: 0.3s; Iterations = 0, grads =   5.429e-03, unitary_metric = 1.00001
Error = :7.39e-01; Runtime: 4.4s; Iterations = 20, grads =   8.469e-03, unitary_metric = 1.00000
Error = :5.54e-01; Runtime: 7.9s; Iterations = 40, grads =   8.063e-03, unitary_metric = 1.00000
Error = :5.00e-01; Runtime: 11.5s; Iterations = 60, grads =   1.084e-03, unitary_metric = 0.99999
Error = :4.83e-01; Runtime: 15.1s; Iterations = 80, grads =   1.090e-03, unitary_metric = 0.99999
Error = :9.07e-02; Runtime: 18.7s; Iterations = 100, grads =   8.672e-02, unitary_metric = 0.99999
Error = :9.33e-03; Runtime: 22.6s; Iterations = 120, grads =   1.483e-03, unitary_metric = 0.99999
Error = :1.14e-03; Runtime: 26.2s; Iterations = 140, grads =   2.707e-03, unitary_metric = 0.99999
Error = :7.42e-04; Runtime: 26.7s; Iterations = 143, grads =   3.915e-04, unitary_metric = 0.99999
data saved at: /project/ftchong/qoc/pranav/00008_31_nah_slice_269.h5


trying total_time: 5.0 for unitary of size (16, 16)
data saved at: /project/ftchong/qoc/pranav/00009_31_nah_slice_269.h5
Using 7 Taylor terms and 2 Scaling & Squaring terms
Building graph:
Propagators initialized.
Operators weight initialized.
Intermediate propagation variables initialized.
Intermediate propagators initialized.
Vectors initialized.
Training loss initialized.
Optimizer initialized.
Utilities initialized.
Graph built!
Initialized
Error = :9.43e-01; Runtime: 0.2s; Iterations = 0, grads =   3.611e-03, unitary_metric = 1.00000
Error = :7.73e-01; Runtime: 2.3s; Iterations = 20, grads =   2.185e-03, unitary_metric = 1.00000
Error = :6.64e-01; Runtime: 4.1s; Iterations = 40, grads =   1.456e-03, unitary_metric = 0.99999
Error = :5.53e-01; Runtime: 5.8s; Iterations = 60, grads =   7.931e-04, unitary_metric = 0.99999
Error = :4.16e-01; Runtime: 7.6s; Iterations = 80, grads =   6.878e-04, unitary_metric = 0.99999
Error = :3.04e-01; Runtime: 9.4s; Iterations = 100, grads =   7.140e-04, unitary_metric = 0.99999
Error = :2.13e-01; Runtime: 11.3s; Iterations = 120, grads =   6.830e-03, unitary_metric = 0.99999
Error = :1.49e-01; Runtime: 13.1s; Iterations = 140, grads =   2.950e-03, unitary_metric = 0.99999
Error = :1.07e-01; Runtime: 14.9s; Iterations = 160, grads =   3.498e-04, unitary_metric = 0.99999
Error = :7.97e-02; Runtime: 16.7s; Iterations = 180, grads =   1.341e-04, unitary_metric = 0.99999
Error = :6.03e-02; Runtime: 18.4s; Iterations = 200, grads =   5.934e-05, unitary_metric = 0.99999
Error = :4.59e-02; Runtime: 20.3s; Iterations = 220, grads =   1.079e-03, unitary_metric = 0.99999
Error = :3.84e-02; Runtime: 22.1s; Iterations = 240, grads =   1.158e-04, unitary_metric = 0.99999
Error = :3.43e-02; Runtime: 23.8s; Iterations = 260, grads =   1.082e-04, unitary_metric = 0.99999
Error = :3.14e-02; Runtime: 25.6s; Iterations = 280, grads =   1.774e-05, unitary_metric = 0.99999
Error = :2.91e-02; Runtime: 27.4s; Iterations = 300, grads =   9.142e-06, unitary_metric = 0.99999
Error = :2.72e-02; Runtime: 29.3s; Iterations = 320, grads =   2.241e-05, unitary_metric = 0.99999
Error = :2.57e-02; Runtime: 31.1s; Iterations = 340, grads =   4.013e-05, unitary_metric = 0.99999
Error = :2.47e-02; Runtime: 32.8s; Iterations = 360, grads =   5.718e-04, unitary_metric = 0.99999
Error = :2.38e-02; Runtime: 34.8s; Iterations = 380, grads =   9.664e-05, unitary_metric = 0.99999
Error = :2.32e-02; Runtime: 36.6s; Iterations = 400, grads =   3.497e-05, unitary_metric = 0.99999
Error = :2.26e-02; Runtime: 38.5s; Iterations = 420, grads =   4.278e-06, unitary_metric = 0.99999
Error = :2.22e-02; Runtime: 40.3s; Iterations = 440, grads =   1.861e-06, unitary_metric = 0.99999
Error = :2.18e-02; Runtime: 42.0s; Iterations = 460, grads =   1.776e-06, unitary_metric = 0.99999
Error = :2.15e-02; Runtime: 43.7s; Iterations = 480, grads =   5.652e-05, unitary_metric = 0.99999
Error = :2.13e-02; Runtime: 45.5s; Iterations = 500, grads =   7.431e-04, unitary_metric = 0.99999
Error = :2.10e-02; Runtime: 47.4s; Iterations = 520, grads =   3.179e-05, unitary_metric = 0.99999
Error = :2.08e-02; Runtime: 49.2s; Iterations = 540, grads =   1.108e-04, unitary_metric = 0.99999
Error = :2.05e-02; Runtime: 50.9s; Iterations = 560, grads =   1.789e-05, unitary_metric = 0.99999
Error = :2.03e-02; Runtime: 52.7s; Iterations = 580, grads =   2.877e-06, unitary_metric = 0.99999
Error = :2.01e-02; Runtime: 54.4s; Iterations = 600, grads =   1.482e-06, unitary_metric = 0.99999
Error = :1.99e-02; Runtime: 56.4s; Iterations = 620, grads =   6.732e-07, unitary_metric = 0.99999
Error = :1.97e-02; Runtime: 58.1s; Iterations = 640, grads =   5.597e-07, unitary_metric = 0.99999
Error = :1.95e-02; Runtime: 59.9s; Iterations = 660, grads =   6.344e-07, unitary_metric = 0.99999
Error = :1.93e-02; Runtime: 61.6s; Iterations = 680, grads =   2.329e-06, unitary_metric = 0.99999
Error = :1.99e-02; Runtime: 63.4s; Iterations = 700, grads =   6.098e-03, unitary_metric = 0.99999
Error = :1.90e-02; Runtime: 65.3s; Iterations = 720, grads =   3.946e-04, unitary_metric = 0.99998
Error = :1.89e-02; Runtime: 67.1s; Iterations = 740, grads =   4.200e-04, unitary_metric = 0.99999
Error = :1.87e-02; Runtime: 68.8s; Iterations = 760, grads =   1.631e-05, unitary_metric = 0.99999
Error = :1.85e-02; Runtime: 70.6s; Iterations = 780, grads =   3.406e-06, unitary_metric = 0.99999
Error = :1.83e-02; Runtime: 72.3s; Iterations = 800, grads =   8.483e-07, unitary_metric = 0.99999
Error = :1.82e-02; Runtime: 74.3s; Iterations = 820, grads =   6.465e-07, unitary_metric = 0.99999
Error = :1.80e-02; Runtime: 76.0s; Iterations = 840, grads =   1.318e-06, unitary_metric = 0.99999
Error = :1.80e-02; Runtime: 77.8s; Iterations = 860, grads =   3.972e-04, unitary_metric = 0.99999
Error = :1.78e-02; Runtime: 79.5s; Iterations = 880, grads =   7.619e-05, unitary_metric = 0.99999
Error = :1.77e-02; Runtime: 81.3s; Iterations = 900, grads =   2.405e-05, unitary_metric = 0.99999
Error = :1.78e-02; Runtime: 83.2s; Iterations = 920, grads =   1.416e-03, unitary_metric = 0.99999
Error = :1.76e-02; Runtime: 85.0s; Iterations = 940, grads =   2.343e-04, unitary_metric = 0.99999
Error = :1.75e-02; Runtime: 86.7s; Iterations = 960, grads =   1.871e-05, unitary_metric = 0.99999
Error = :1.73e-02; Runtime: 88.5s; Iterations = 980, grads =   1.048e-06, unitary_metric = 0.99999
Error = :1.71e-02; Runtime: 90.2s; Iterations = 1000, grads =   1.022e-06, unitary_metric = 0.99999
Error = :1.69e-02; Runtime: 92.2s; Iterations = 1020, grads =   1.362e-06, unitary_metric = 0.99999
Error = :1.69e-02; Runtime: 93.9s; Iterations = 1040, grads =   5.659e-04, unitary_metric = 0.99999
Error = :1.66e-02; Runtime: 95.7s; Iterations = 1060, grads =   6.154e-05, unitary_metric = 0.99999
Error = :1.66e-02; Runtime: 97.4s; Iterations = 1080, grads =   1.588e-04, unitary_metric = 0.99999
Error = :1.65e-02; Runtime: 99.2s; Iterations = 1100, grads =   1.306e-05, unitary_metric = 0.99999
Error = :1.64e-02; Runtime: 101.1s; Iterations = 1120, grads =   2.328e-06, unitary_metric = 0.99999
Error = :1.63e-02; Runtime: 102.9s; Iterations = 1140, grads =   1.115e-06, unitary_metric = 0.99999
Error = :1.62e-02; Runtime: 104.6s; Iterations = 1160, grads =   3.651e-07, unitary_metric = 0.99999
Error = :1.61e-02; Runtime: 106.4s; Iterations = 1180, grads =   3.487e-07, unitary_metric = 0.99999
Error = :1.60e-02; Runtime: 108.1s; Iterations = 1200, grads =   8.495e-06, unitary_metric = 0.99999
Error = :1.59e-02; Runtime: 110.1s; Iterations = 1220, grads =   1.451e-04, unitary_metric = 0.99998
Error = :1.58e-02; Runtime: 111.9s; Iterations = 1240, grads =   4.395e-05, unitary_metric = 0.99998
Error = :1.57e-02; Runtime: 113.6s; Iterations = 1260, grads =   8.347e-05, unitary_metric = 0.99999
Error = :1.56e-02; Runtime: 115.4s; Iterations = 1280, grads =   2.139e-06, unitary_metric = 0.99999
Error = :1.56e-02; Runtime: 117.2s; Iterations = 1300, grads =   1.496e-04, unitary_metric = 0.99999
Error = :1.55e-02; Runtime: 119.1s; Iterations = 1320, grads =   1.154e-05, unitary_metric = 0.99999
Error = :1.54e-02; Runtime: 120.9s; Iterations = 1340, grads =   6.191e-06, unitary_metric = 0.99999
Error = :1.54e-02; Runtime: 122.6s; Iterations = 1360, grads =   3.242e-06, unitary_metric = 0.99999
Error = :1.53e-02; Runtime: 124.3s; Iterations = 1380, grads =   1.781e-07, unitary_metric = 0.99999
Error = :1.53e-02; Runtime: 126.0s; Iterations = 1400, grads =   1.367e-07, unitary_metric = 0.99999
Error = :1.52e-02; Runtime: 127.8s; Iterations = 1420, grads =   1.204e-07, unitary_metric = 0.99999
Error = :1.52e-02; Runtime: 129.6s; Iterations = 1440, grads =   1.282e-07, unitary_metric = 0.99999
Error = :1.51e-02; Runtime: 131.3s; Iterations = 1460, grads =   5.632e-06, unitary_metric = 0.99999
Error = :1.52e-02; Runtime: 133.0s; Iterations = 1480, grads =   1.199e-03, unitary_metric = 0.99999
Error = :1.52e-02; Runtime: 134.7s; Iterations = 1500, grads =   6.618e-04, unitary_metric = 0.99999
Error = :1.50e-02; Runtime: 136.7s; Iterations = 1520, grads =   3.116e-05, unitary_metric = 0.99999
Error = :1.51e-02; Runtime: 138.6s; Iterations = 1540, grads =   5.503e-04, unitary_metric = 0.99999
Error = :1.50e-02; Runtime: 140.4s; Iterations = 1560, grads =   4.218e-06, unitary_metric = 0.99999
Error = :1.49e-02; Runtime: 142.2s; Iterations = 1580, grads =   7.635e-06, unitary_metric = 0.99999
Error = :1.49e-02; Runtime: 144.1s; Iterations = 1600, grads =   5.564e-07, unitary_metric = 0.99999
Error = :1.49e-02; Runtime: 146.1s; Iterations = 1620, grads =   1.020e-07, unitary_metric = 0.99999
Error = :1.49e-02; Runtime: 148.0s; Iterations = 1640, grads =   9.573e-08, unitary_metric = 0.99999
Error = :1.48e-02; Runtime: 149.8s; Iterations = 1660, grads =   1.601e-07, unitary_metric = 0.99999
Error = :1.48e-02; Runtime: 151.6s; Iterations = 1680, grads =   1.952e-07, unitary_metric = 0.99999
Error = :1.48e-02; Runtime: 153.4s; Iterations = 1700, grads =   1.063e-07, unitary_metric = 0.99999
Error = :1.48e-02; Runtime: 155.4s; Iterations = 1720, grads =   9.829e-07, unitary_metric = 0.99998
Error = :1.48e-02; Runtime: 157.2s; Iterations = 1740, grads =   1.224e-03, unitary_metric = 0.99999
Error = :1.48e-02; Runtime: 159.1s; Iterations = 1760, grads =   6.311e-04, unitary_metric = 0.99999
Error = :1.47e-02; Runtime: 160.8s; Iterations = 1780, grads =   1.485e-04, unitary_metric = 0.99999
Error = :1.46e-02; Runtime: 162.6s; Iterations = 1800, grads =   2.148e-05, unitary_metric = 0.99999
Error = :1.46e-02; Runtime: 164.6s; Iterations = 1820, grads =   2.748e-06, unitary_metric = 0.99999
Error = :1.46e-02; Runtime: 166.4s; Iterations = 1840, grads =   5.630e-07, unitary_metric = 0.99999
Error = :1.46e-02; Runtime: 168.2s; Iterations = 1860, grads =   1.527e-07, unitary_metric = 0.99999
Error = :1.45e-02; Runtime: 170.0s; Iterations = 1880, grads =   8.261e-08, unitary_metric = 0.99999
Error = :1.45e-02; Runtime: 171.8s; Iterations = 1900, grads =   5.608e-08, unitary_metric = 0.99999
Error = :1.45e-02; Runtime: 173.7s; Iterations = 1920, grads =   5.799e-08, unitary_metric = 0.99999
Error = :1.45e-02; Runtime: 175.5s; Iterations = 1940, grads =   5.100e-08, unitary_metric = 0.99999
Error = :1.45e-02; Runtime: 177.3s; Iterations = 1960, grads =   4.782e-08, unitary_metric = 0.99999
Error = :1.44e-02; Runtime: 179.1s; Iterations = 1980, grads =   4.641e-08, unitary_metric = 0.99999
Error = :1.44e-02; Runtime: 180.8s; Iterations = 2000, grads =   6.314e-08, unitary_metric = 0.99999
Error = :1.44e-02; Runtime: 182.8s; Iterations = 2020, grads =   6.898e-06, unitary_metric = 0.99999
Error = :1.45e-02; Runtime: 184.5s; Iterations = 2040, grads =   1.130e-03, unitary_metric = 0.99999
Error = :1.44e-02; Runtime: 186.3s; Iterations = 2060, grads =   7.651e-05, unitary_metric = 0.99999
Error = :1.44e-02; Runtime: 188.1s; Iterations = 2080, grads =   5.124e-05, unitary_metric = 0.99999
Error = :1.44e-02; Runtime: 189.8s; Iterations = 2100, grads =   1.402e-05, unitary_metric = 0.99999
Error = :1.43e-02; Runtime: 191.8s; Iterations = 2120, grads =   2.243e-07, unitary_metric = 0.99999
Error = :1.43e-02; Runtime: 193.6s; Iterations = 2140, grads =   9.408e-08, unitary_metric = 0.99999
Error = :1.43e-02; Runtime: 195.3s; Iterations = 2160, grads =   4.335e-08, unitary_metric = 0.99999
Error = :1.43e-02; Runtime: 197.1s; Iterations = 2180, grads =   3.926e-08, unitary_metric = 0.99999
Error = :1.43e-02; Runtime: 198.9s; Iterations = 2200, grads =   3.214e-08, unitary_metric = 0.99999
Error = :1.43e-02; Runtime: 200.8s; Iterations = 2220, grads =   3.047e-08, unitary_metric = 0.99999
Error = :1.43e-02; Runtime: 202.6s; Iterations = 2240, grads =   3.268e-08, unitary_metric = 0.99999
Error = :1.43e-02; Runtime: 204.3s; Iterations = 2260, grads =   3.088e-08, unitary_metric = 0.99999
Error = :1.43e-02; Runtime: 206.1s; Iterations = 2280, grads =   7.756e-08, unitary_metric = 0.99999
Error = :1.43e-02; Runtime: 207.9s; Iterations = 2300, grads =   6.690e-07, unitary_metric = 0.99999
Error = :1.43e-02; Runtime: 209.8s; Iterations = 2320, grads =   1.992e-04, unitary_metric = 0.99999
Error = :1.43e-02; Runtime: 211.6s; Iterations = 2340, grads =   1.223e-04, unitary_metric = 0.99999
Error = :1.43e-02; Runtime: 213.4s; Iterations = 2360, grads =   1.744e-04, unitary_metric = 0.99999
Error = :1.42e-02; Runtime: 215.1s; Iterations = 2380, grads =   1.092e-05, unitary_metric = 0.99999
Error = :1.42e-02; Runtime: 217.1s; Iterations = 2400, grads =   5.848e-07, unitary_metric = 0.99999
Error = :1.42e-02; Runtime: 219.0s; Iterations = 2420, grads =   1.143e-07, unitary_metric = 0.99999
Error = :1.42e-02; Runtime: 220.8s; Iterations = 2440, grads =   3.584e-08, unitary_metric = 0.99999
Error = :1.42e-02; Runtime: 222.6s; Iterations = 2460, grads =   3.079e-08, unitary_metric = 0.99999
Error = :1.42e-02; Runtime: 224.3s; Iterations = 2480, grads =   2.056e-08, unitary_metric = 0.99999
Error = :1.42e-02; Runtime: 226.1s; Iterations = 2500, grads =   1.869e-08, unitary_metric = 0.99999
Error = :1.42e-02; Runtime: 228.1s; Iterations = 2520, grads =   2.093e-08, unitary_metric = 0.99999
Error = :1.42e-02; Runtime: 229.8s; Iterations = 2540, grads =   2.342e-07, unitary_metric = 0.99999
Error = :1.42e-02; Runtime: 231.6s; Iterations = 2560, grads =   7.938e-05, unitary_metric = 0.99999
Error = :1.42e-02; Runtime: 233.3s; Iterations = 2580, grads =   2.184e-04, unitary_metric = 0.99999
Error = :1.42e-02; Runtime: 235.1s; Iterations = 2600, grads =   1.246e-04, unitary_metric = 0.99999
Error = :1.42e-02; Runtime: 237.1s; Iterations = 2620, grads =   1.377e-04, unitary_metric = 0.99999
Error = :1.42e-02; Runtime: 238.8s; Iterations = 2640, grads =   1.023e-05, unitary_metric = 0.99999
Error = :1.42e-02; Runtime: 240.6s; Iterations = 2660, grads =   1.961e-06, unitary_metric = 0.99999
Error = :1.42e-02; Runtime: 242.4s; Iterations = 2680, grads =   2.462e-07, unitary_metric = 0.99999
Error = :1.42e-02; Runtime: 244.2s; Iterations = 2700, grads =   2.586e-08, unitary_metric = 0.99999
Error = :1.42e-02; Runtime: 246.1s; Iterations = 2720, grads =   1.261e-07, unitary_metric = 0.99999
Error = :1.42e-02; Runtime: 247.9s; Iterations = 2740, grads =   3.084e-08, unitary_metric = 0.99999
Error = :1.42e-02; Runtime: 249.7s; Iterations = 2760, grads =   1.679e-08, unitary_metric = 0.99999
Error = :1.42e-02; Runtime: 251.5s; Iterations = 2780, grads =   1.474e-08, unitary_metric = 0.99999
Error = :1.42e-02; Runtime: 253.3s; Iterations = 2800, grads =   1.360e-07, unitary_metric = 0.99999
Error = :1.42e-02; Runtime: 255.2s; Iterations = 2820, grads =   3.919e-05, unitary_metric = 0.99999
Error = :1.42e-02; Runtime: 257.0s; Iterations = 2840, grads =   7.586e-05, unitary_metric = 0.99999
Error = :1.42e-02; Runtime: 258.8s; Iterations = 2860, grads =   2.158e-05, unitary_metric = 0.99999
Error = :1.42e-02; Runtime: 260.5s; Iterations = 2880, grads =   7.242e-05, unitary_metric = 0.99999
Error = :1.42e-02; Runtime: 262.3s; Iterations = 2900, grads =   1.823e-06, unitary_metric = 0.99999
Error = :1.42e-02; Runtime: 264.3s; Iterations = 2920, grads =   8.292e-07, unitary_metric = 0.99999
Error = :1.42e-02; Runtime: 266.0s; Iterations = 2940, grads =   2.589e-07, unitary_metric = 0.99999
Error = :1.42e-02; Runtime: 267.8s; Iterations = 2960, grads =   1.837e-08, unitary_metric = 0.99999
Error = :1.42e-02; Runtime: 269.6s; Iterations = 2980, grads =   1.440e-08, unitary_metric = 0.99999
Error = :1.42e-02; Runtime: 271.3s; Iterations = 3000, grads =   1.075e-08, unitary_metric = 0.99999
Error = :1.42e-02; Runtime: 273.3s; Iterations = 3020, grads =   6.735e-08, unitary_metric = 0.99999
Error = :1.42e-02; Runtime: 275.1s; Iterations = 3040, grads =   2.576e-08, unitary_metric = 0.99999
Error = :1.42e-02; Runtime: 276.8s; Iterations = 3060, grads =   1.700e-08, unitary_metric = 0.99999
Error = :1.42e-02; Runtime: 278.6s; Iterations = 3080, grads =   2.999e-07, unitary_metric = 0.99999
Error = :1.42e-02; Runtime: 280.4s; Iterations = 3100, grads =   1.135e-04, unitary_metric = 0.99999
Error = :1.42e-02; Runtime: 282.3s; Iterations = 3120, grads =   1.517e-04, unitary_metric = 0.99999
Error = :1.42e-02; Runtime: 284.1s; Iterations = 3140, grads =   2.028e-05, unitary_metric = 0.99999
Error = :1.42e-02; Runtime: 285.9s; Iterations = 3160, grads =   2.245e-06, unitary_metric = 0.99999
Error = :1.42e-02; Runtime: 287.7s; Iterations = 3180, grads =   1.437e-07, unitary_metric = 0.99999
Error = :1.42e-02; Runtime: 289.4s; Iterations = 3200, grads =   2.951e-08, unitary_metric = 0.99999
Error = :1.42e-02; Runtime: 291.4s; Iterations = 3220, grads =   1.651e-08, unitary_metric = 0.99999
Error = :1.42e-02; Runtime: 293.2s; Iterations = 3240, grads =   8.501e-09, unitary_metric = 0.99999
Error = :1.42e-02; Runtime: 295.0s; Iterations = 3260, grads =   1.431e-08, unitary_metric = 0.99999
Error = :1.42e-02; Runtime: 296.8s; Iterations = 3280, grads =   1.902e-08, unitary_metric = 0.99999
Error = :1.42e-02; Runtime: 298.5s; Iterations = 3300, grads =   1.536e-08, unitary_metric = 0.99999
Error = :1.42e-02; Runtime: 300.5s; Iterations = 3320, grads =   9.932e-08, unitary_metric = 0.99999
Error = :1.42e-02; Runtime: 302.3s; Iterations = 3340, grads =   1.057e-05, unitary_metric = 0.99999
Error = :1.42e-02; Runtime: 304.1s; Iterations = 3360, grads =   5.308e-05, unitary_metric = 0.99999
Error = :1.42e-02; Runtime: 305.9s; Iterations = 3380, grads =   7.198e-05, unitary_metric = 0.99999
Error = :1.42e-02; Runtime: 307.7s; Iterations = 3400, grads =   1.050e-05, unitary_metric = 0.99999
Error = :1.42e-02; Runtime: 309.6s; Iterations = 3420, grads =   4.148e-06, unitary_metric = 0.99999
Error = :1.42e-02; Runtime: 311.4s; Iterations = 3440, grads =   5.957e-07, unitary_metric = 0.99999
Error = :1.42e-02; Runtime: 313.2s; Iterations = 3460, grads =   6.619e-08, unitary_metric = 0.99999
Error = :1.42e-02; Runtime: 315.0s; Iterations = 3480, grads =   1.400e-08, unitary_metric = 0.99999
Error = :1.42e-02; Runtime: 316.8s; Iterations = 3500, grads =   1.913e-08, unitary_metric = 0.99999
Error = :1.42e-02; Runtime: 318.7s; Iterations = 3520, grads =   6.530e-09, unitary_metric = 0.99999
Error = :1.42e-02; Runtime: 320.5s; Iterations = 3540, grads =   1.191e-07, unitary_metric = 0.99999
Error = :1.42e-02; Runtime: 322.3s; Iterations = 3560, grads =   7.430e-07, unitary_metric = 0.99999
Error = :1.42e-02; Runtime: 324.0s; Iterations = 3580, grads =   9.935e-05, unitary_metric = 0.99999
Error = :1.42e-02; Runtime: 325.8s; Iterations = 3600, grads =   5.021e-05, unitary_metric = 0.99999
Error = :1.42e-02; Runtime: 327.8s; Iterations = 3620, grads =   6.342e-06, unitary_metric = 0.99999
Error = :1.42e-02; Runtime: 329.5s; Iterations = 3640, grads =   2.301e-05, unitary_metric = 0.99999
Error = :1.42e-02; Runtime: 331.3s; Iterations = 3660, grads =   1.572e-05, unitary_metric = 0.99999
Error = :1.42e-02; Runtime: 333.1s; Iterations = 3680, grads =   2.302e-06, unitary_metric = 0.99999
Error = :1.41e-02; Runtime: 334.8s; Iterations = 3700, grads =   6.251e-07, unitary_metric = 0.99999
Error = :1.41e-02; Runtime: 336.8s; Iterations = 3720, grads =   1.167e-07, unitary_metric = 0.99999
Error = :1.41e-02; Runtime: 338.6s; Iterations = 3740, grads =   6.741e-09, unitary_metric = 0.99999
Error = :1.41e-02; Runtime: 340.4s; Iterations = 3760, grads =   6.238e-09, unitary_metric = 0.99999
Error = :1.42e-02; Runtime: 342.1s; Iterations = 3780, grads =   1.265e-08, unitary_metric = 0.99999
Error = :1.41e-02; Runtime: 343.9s; Iterations = 3800, grads =   2.501e-06, unitary_metric = 0.99999
Error = :1.42e-02; Runtime: 345.8s; Iterations = 3820, grads =   2.153e-04, unitary_metric = 0.99999
Error = :1.41e-02; Runtime: 347.6s; Iterations = 3840, grads =   3.318e-06, unitary_metric = 0.99999
Error = :1.41e-02; Runtime: 349.4s; Iterations = 3860, grads =   9.107e-06, unitary_metric = 0.99999
Error = :1.41e-02; Runtime: 351.1s; Iterations = 3880, grads =   9.153e-07, unitary_metric = 0.99999
Error = :1.41e-02; Runtime: 352.9s; Iterations = 3900, grads =   1.796e-06, unitary_metric = 0.99999
Error = :1.42e-02; Runtime: 354.8s; Iterations = 3920, grads =   4.346e-05, unitary_metric = 0.99999
Error = :1.41e-02; Runtime: 356.6s; Iterations = 3940, grads =   4.817e-06, unitary_metric = 0.99999
Error = :1.41e-02; Runtime: 358.3s; Iterations = 3960, grads =   5.190e-07, unitary_metric = 0.99999
Error = :1.41e-02; Runtime: 360.1s; Iterations = 3980, grads =   7.882e-08, unitary_metric = 0.99999
Error = :1.41e-02; Runtime: 361.8s; Iterations = 4000, grads =   1.499e-08, unitary_metric = 0.99999
Error = :1.41e-02; Runtime: 363.7s; Iterations = 4020, grads =   6.655e-09, unitary_metric = 0.99999
Error = :1.41e-02; Runtime: 365.5s; Iterations = 4040, grads =   1.129e-08, unitary_metric = 0.99999
Error = :1.41e-02; Runtime: 367.3s; Iterations = 4060, grads =   3.481e-07, unitary_metric = 0.99999
Error = :1.42e-02; Runtime: 369.0s; Iterations = 4080, grads =   5.341e-05, unitary_metric = 0.99999
Error = :1.41e-02; Runtime: 370.8s; Iterations = 4100, grads =   7.574e-07, unitary_metric = 0.99999
Error = :1.41e-02; Runtime: 372.8s; Iterations = 4120, grads =   5.440e-06, unitary_metric = 0.99999
Error = :1.41e-02; Runtime: 374.5s; Iterations = 4140, grads =   8.135e-06, unitary_metric = 0.99999
Error = :1.41e-02; Runtime: 376.3s; Iterations = 4160, grads =   8.196e-06, unitary_metric = 0.99999
Error = :1.41e-02; Runtime: 378.1s; Iterations = 4180, grads =   4.069e-06, unitary_metric = 0.99999
Error = :1.41e-02; Runtime: 379.9s; Iterations = 4200, grads =   2.144e-06, unitary_metric = 0.99999
Error = :1.42e-02; Runtime: 381.8s; Iterations = 4220, grads =   1.234e-06, unitary_metric = 0.99999
Error = :1.42e-02; Runtime: 383.6s; Iterations = 4240, grads =   2.870e-07, unitary_metric = 0.99999
Error = :1.41e-02; Runtime: 385.4s; Iterations = 4260, grads =   2.787e-08, unitary_metric = 0.99999
Error = :1.42e-02; Runtime: 387.1s; Iterations = 4280, grads =   2.404e-08, unitary_metric = 0.99999
Error = :1.42e-02; Runtime: 388.9s; Iterations = 4300, grads =   1.763e-06, unitary_metric = 0.99999
Error = :1.42e-02; Runtime: 390.8s; Iterations = 4320, grads =   1.969e-05, unitary_metric = 0.99999
Error = :1.42e-02; Runtime: 392.6s; Iterations = 4340, grads =   3.280e-06, unitary_metric = 0.99999
Error = :1.42e-02; Runtime: 394.4s; Iterations = 4360, grads =   5.693e-07, unitary_metric = 0.99999
Error = :1.42e-02; Runtime: 396.1s; Iterations = 4380, grads =   8.788e-08, unitary_metric = 0.99999
Error = :1.42e-02; Runtime: 397.9s; Iterations = 4400, grads =   5.401e-08, unitary_metric = 0.99999
Error = :1.42e-02; Runtime: 399.8s; Iterations = 4420, grads =   4.722e-06, unitary_metric = 0.99999
Error = :1.42e-02; Runtime: 401.6s; Iterations = 4440, grads =   1.145e-04, unitary_metric = 0.99999
Error = :1.42e-02; Runtime: 403.4s; Iterations = 4460, grads =   1.149e-06, unitary_metric = 0.99999
Error = :1.42e-02; Runtime: 405.1s; Iterations = 4480, grads =   5.483e-07, unitary_metric = 0.99999
Error = :1.42e-02; Runtime: 406.9s; Iterations = 4500, grads =   2.513e-07, unitary_metric = 0.99999
Error = :1.42e-02; Runtime: 408.8s; Iterations = 4520, grads =   1.153e-07, unitary_metric = 0.99999
Error = :1.42e-02; Runtime: 410.6s; Iterations = 4540, grads =   4.467e-06, unitary_metric = 0.99999
Error = :1.42e-02; Runtime: 412.4s; Iterations = 4560, grads =   2.851e-08, unitary_metric = 0.99999
Error = :1.42e-02; Runtime: 414.1s; Iterations = 4580, grads =   1.543e-06, unitary_metric = 0.99999
Error = :1.42e-02; Runtime: 415.9s; Iterations = 4600, grads =   2.282e-07, unitary_metric = 0.99999
Error = :1.42e-02; Runtime: 417.8s; Iterations = 4620, grads =   3.347e-08, unitary_metric = 0.99999
Error = :1.42e-02; Runtime: 419.6s; Iterations = 4640, grads =   5.335e-07, unitary_metric = 0.99999
Error = :1.42e-02; Runtime: 421.3s; Iterations = 4660, grads =   2.198e-05, unitary_metric = 0.99999
Error = :1.42e-02; Runtime: 423.1s; Iterations = 4680, grads =   1.081e-04, unitary_metric = 0.99999
Error = :1.42e-02; Runtime: 424.9s; Iterations = 4700, grads =   7.882e-07, unitary_metric = 0.99999
Error = :1.42e-02; Runtime: 426.8s; Iterations = 4720, grads =   5.562e-07, unitary_metric = 0.99999
Error = :1.42e-02; Runtime: 428.6s; Iterations = 4740, grads =   7.152e-06, unitary_metric = 0.99999
Error = :1.42e-02; Runtime: 430.4s; Iterations = 4760, grads =   2.720e-06, unitary_metric = 0.99999
Error = :1.42e-02; Runtime: 432.1s; Iterations = 4780, grads =   4.469e-07, unitary_metric = 0.99999
Error = :1.42e-02; Runtime: 433.9s; Iterations = 4800, grads =   1.706e-07, unitary_metric = 0.99999
Error = :1.42e-02; Runtime: 435.8s; Iterations = 4820, grads =   1.752e-08, unitary_metric = 0.99999
Error = :1.42e-02; Runtime: 437.6s; Iterations = 4840, grads =   7.213e-09, unitary_metric = 0.99999
Error = :1.42e-02; Runtime: 439.4s; Iterations = 4860, grads =   4.044e-08, unitary_metric = 0.99999
Error = :1.42e-02; Runtime: 441.1s; Iterations = 4880, grads =   3.389e-06, unitary_metric = 0.99999
Error = :1.42e-02; Runtime: 442.9s; Iterations = 4900, grads =   5.714e-05, unitary_metric = 0.99999
Error = :1.42e-02; Runtime: 444.9s; Iterations = 4920, grads =   7.906e-06, unitary_metric = 0.99999
Error = :1.42e-02; Runtime: 446.7s; Iterations = 4940, grads =   2.000e-05, unitary_metric = 0.99999
Error = :1.41e-02; Runtime: 448.5s; Iterations = 4960, grads =   5.609e-06, unitary_metric = 0.99999
Error = :1.41e-02; Runtime: 450.3s; Iterations = 4980, grads =   8.362e-07, unitary_metric = 0.99999
Error = :1.41e-02; Runtime: 452.0s; Iterations = 5000, grads =   8.120e-09, unitary_metric = 0.99999
Error = :1.41e-02; Runtime: 454.0s; Iterations = 5020, grads =   1.814e-08, unitary_metric = 0.99999
Error = :1.41e-02; Runtime: 455.7s; Iterations = 5040, grads =   4.054e-09, unitary_metric = 0.99999
Error = :1.41e-02; Runtime: 457.5s; Iterations = 5060, grads =   3.347e-09, unitary_metric = 0.99999
Error = :1.41e-02; Runtime: 459.3s; Iterations = 5080, grads =   3.148e-09, unitary_metric = 0.99999
Error = :1.41e-02; Runtime: 461.1s; Iterations = 5100, grads =   5.316e-09, unitary_metric = 0.99999
Error = :1.41e-02; Runtime: 463.0s; Iterations = 5120, grads =   6.450e-07, unitary_metric = 0.99999
Error = :1.42e-02; Runtime: 464.8s; Iterations = 5140, grads =   1.224e-04, unitary_metric = 0.99999
Error = :1.42e-02; Runtime: 466.5s; Iterations = 5160, grads =   4.729e-05, unitary_metric = 0.99999
Error = :1.41e-02; Runtime: 468.4s; Iterations = 5180, grads =   3.980e-06, unitary_metric = 0.99999
Error = :1.41e-02; Runtime: 470.1s; Iterations = 5200, grads =   5.972e-07, unitary_metric = 0.99999
Error = :1.41e-02; Runtime: 472.1s; Iterations = 5220, grads =   7.956e-08, unitary_metric = 0.99999
Error = :1.41e-02; Runtime: 473.8s; Iterations = 5240, grads =   2.283e-08, unitary_metric = 0.99999
Error = :1.41e-02; Runtime: 475.6s; Iterations = 5260, grads =   4.149e-09, unitary_metric = 0.99999
Error = :1.41e-02; Runtime: 477.4s; Iterations = 5280, grads =   3.235e-09, unitary_metric = 0.99999
Error = :1.41e-02; Runtime: 479.2s; Iterations = 5300, grads =   1.842e-08, unitary_metric = 0.99999
Error = :1.41e-02; Runtime: 481.1s; Iterations = 5320, grads =   4.868e-09, unitary_metric = 0.99999
Error = :1.41e-02; Runtime: 482.9s; Iterations = 5340, grads =   3.491e-09, unitary_metric = 0.99999
Error = :1.41e-02; Runtime: 484.6s; Iterations = 5360, grads =   1.922e-08, unitary_metric = 0.99999
Error = :1.41e-02; Runtime: 486.4s; Iterations = 5380, grads =   1.971e-06, unitary_metric = 0.99999
Error = :1.41e-02; Runtime: 488.2s; Iterations = 5400, grads =   2.128e-06, unitary_metric = 0.99999
Error = :1.41e-02; Runtime: 490.2s; Iterations = 5420, grads =   7.629e-06, unitary_metric = 0.99999
Error = :1.42e-02; Runtime: 492.0s; Iterations = 5440, grads =   2.979e-05, unitary_metric = 0.99999
Error = :1.41e-02; Runtime: 493.7s; Iterations = 5460, grads =   4.245e-06, unitary_metric = 0.99999
Error = :1.41e-02; Runtime: 495.5s; Iterations = 5480, grads =   3.867e-06, unitary_metric = 0.99999
Error = :1.41e-02; Runtime: 497.2s; Iterations = 5500, grads =   1.511e-08, unitary_metric = 0.99999
Error = :1.41e-02; Runtime: 499.1s; Iterations = 5520, grads =   6.105e-08, unitary_metric = 0.99999
Error = :1.41e-02; Runtime: 500.9s; Iterations = 5540, grads =   8.329e-09, unitary_metric = 0.99999
Error = :1.41e-02; Runtime: 502.7s; Iterations = 5560, grads =   2.614e-09, unitary_metric = 0.99999
Error = :1.41e-02; Runtime: 504.4s; Iterations = 5580, grads =   3.120e-09, unitary_metric = 0.99999
Error = :1.41e-02; Runtime: 506.2s; Iterations = 5600, grads =   1.346e-08, unitary_metric = 0.99999
Error = :1.41e-02; Runtime: 508.1s; Iterations = 5620, grads =   1.564e-06, unitary_metric = 0.99999
Error = :1.41e-02; Runtime: 509.9s; Iterations = 5640, grads =   1.592e-05, unitary_metric = 0.99999
Error = :1.41e-02; Runtime: 511.7s; Iterations = 5660, grads =   2.052e-06, unitary_metric = 0.99999
Error = :1.41e-02; Runtime: 513.4s; Iterations = 5680, grads =   2.854e-07, unitary_metric = 0.99999
Error = :1.41e-02; Runtime: 515.2s; Iterations = 5700, grads =   5.556e-08, unitary_metric = 0.99999
Error = :1.41e-02; Runtime: 517.1s; Iterations = 5720, grads =   9.222e-09, unitary_metric = 0.99999
Error = :1.41e-02; Runtime: 518.9s; Iterations = 5740, grads =   4.165e-09, unitary_metric = 0.99999
Error = :1.42e-02; Runtime: 520.6s; Iterations = 5760, grads =   1.498e-08, unitary_metric = 0.99999
Error = :1.42e-02; Runtime: 522.4s; Iterations = 5780, grads =   8.894e-07, unitary_metric = 0.99999
Error = :1.42e-02; Runtime: 524.1s; Iterations = 5800, grads =   5.340e-05, unitary_metric = 0.99999
Error = :1.42e-02; Runtime: 526.1s; Iterations = 5820, grads =   5.249e-06, unitary_metric = 0.99999
Error = :1.42e-02; Runtime: 527.8s; Iterations = 5840, grads =   5.356e-07, unitary_metric = 0.99999
Error = :1.42e-02; Runtime: 529.6s; Iterations = 5860, grads =   4.882e-08, unitary_metric = 0.99999
Error = :1.42e-02; Runtime: 531.4s; Iterations = 5880, grads =   8.281e-07, unitary_metric = 0.99999
Error = :1.42e-02; Runtime: 533.1s; Iterations = 5900, grads =   1.899e-05, unitary_metric = 0.99999
Error = :1.42e-02; Runtime: 535.0s; Iterations = 5920, grads =   2.319e-06, unitary_metric = 0.99999
Error = :1.42e-02; Runtime: 536.8s; Iterations = 5940, grads =   3.090e-07, unitary_metric = 0.99999
Error = :1.42e-02; Runtime: 538.5s; Iterations = 5960, grads =   7.234e-08, unitary_metric = 0.99999
Error = :1.41e-02; Runtime: 540.3s; Iterations = 5980, grads =   6.169e-08, unitary_metric = 0.99999
Error = :1.41e-02; Runtime: 542.1s; Iterations = 6000, grads =   5.837e-08, unitary_metric = 0.99999
data saved at: /project/ftchong/qoc/pranav/00009_31_nah_slice_269.h5


trying total_time: 7.5 for unitary of size (16, 16)
data saved at: /project/ftchong/qoc/pranav/00010_31_nah_slice_269.h5
Using 7 Taylor terms and 2 Scaling & Squaring terms
Building graph:
Propagators initialized.
Operators weight initialized.
Intermediate propagation variables initialized.
Intermediate propagators initialized.
Vectors initialized.
Training loss initialized.
Optimizer initialized.
Utilities initialized.
Graph built!
Initialized
Error = :9.47e-01; Runtime: 0.3s; Iterations = 0, grads =   8.943e-03, unitary_metric = 1.00000
Error = :7.35e-01; Runtime: 3.3s; Iterations = 20, grads =   7.415e-03, unitary_metric = 1.00000
Error = :5.88e-01; Runtime: 5.9s; Iterations = 40, grads =   1.946e-03, unitary_metric = 0.99999
Error = :5.06e-01; Runtime: 8.6s; Iterations = 60, grads =   5.152e-04, unitary_metric = 0.99999
Error = :4.77e-01; Runtime: 11.2s; Iterations = 80, grads =   9.245e-04, unitary_metric = 0.99999
Error = :2.14e-01; Runtime: 13.8s; Iterations = 100, grads =   2.690e-03, unitary_metric = 0.99999
Error = :3.00e-02; Runtime: 16.7s; Iterations = 120, grads =   1.666e-03, unitary_metric = 0.99999
Error = :2.10e-03; Runtime: 19.3s; Iterations = 140, grads =   3.871e-03, unitary_metric = 0.99998
Error = :7.73e-04; Runtime: 20.1s; Iterations = 146, grads =   9.623e-04, unitary_metric = 0.99999
data saved at: /project/ftchong/qoc/pranav/00010_31_nah_slice_269.h5


trying total_time: 6.25 for unitary of size (16, 16)
data saved at: /project/ftchong/qoc/pranav/00011_31_nah_slice_269.h5
Using 7 Taylor terms and 2 Scaling & Squaring terms
Building graph:
Propagators initialized.
Operators weight initialized.
Intermediate propagation variables initialized.
Intermediate propagators initialized.
Vectors initialized.
Training loss initialized.
Optimizer initialized.
Utilities initialized.
Graph built!
Initialized
Error = :9.39e-01; Runtime: 0.2s; Iterations = 0, grads =   2.831e-03, unitary_metric = 1.00000
Error = :7.26e-01; Runtime: 2.8s; Iterations = 20, grads =   3.005e-03, unitary_metric = 1.00000
Error = :5.76e-01; Runtime: 5.1s; Iterations = 40, grads =   1.968e-03, unitary_metric = 1.00000
Error = :4.43e-01; Runtime: 7.3s; Iterations = 60, grads =   1.260e-03, unitary_metric = 0.99999
Error = :2.70e-01; Runtime: 9.6s; Iterations = 80, grads =   1.565e-03, unitary_metric = 0.99999
Error = :1.27e-01; Runtime: 11.8s; Iterations = 100, grads =   6.286e-03, unitary_metric = 0.99999
Error = :5.50e-02; Runtime: 14.2s; Iterations = 120, grads =   3.083e-04, unitary_metric = 0.99999
Error = :2.37e-02; Runtime: 16.4s; Iterations = 140, grads =   6.317e-04, unitary_metric = 0.99999
Error = :1.02e-02; Runtime: 18.6s; Iterations = 160, grads =   1.382e-04, unitary_metric = 0.99999
Error = :4.39e-03; Runtime: 20.8s; Iterations = 180, grads =   1.824e-05, unitary_metric = 0.99999
Error = :1.89e-03; Runtime: 23.1s; Iterations = 200, grads =   1.993e-05, unitary_metric = 0.99999
Error = :9.95e-04; Runtime: 25.1s; Iterations = 216, grads =   6.211e-06, unitary_metric = 0.99999
data saved at: /project/ftchong/qoc/pranav/00011_31_nah_slice_269.h5


trying total_time: 5.6 for unitary of size (16, 16)
data saved at: /project/ftchong/qoc/pranav/00012_31_nah_slice_269.h5
Using 7 Taylor terms and 2 Scaling & Squaring terms
Building graph:
Propagators initialized.
Operators weight initialized.
Intermediate propagation variables initialized.
Intermediate propagators initialized.
Vectors initialized.
Training loss initialized.
Optimizer initialized.
Utilities initialized.
Graph built!
Initialized
Error = :9.40e-01; Runtime: 0.2s; Iterations = 0, grads =   1.097e-03, unitary_metric = 1.00000
Error = :7.61e-01; Runtime: 2.5s; Iterations = 20, grads =   4.112e-03, unitary_metric = 1.00000
Error = :6.12e-01; Runtime: 4.5s; Iterations = 40, grads =   2.769e-03, unitary_metric = 0.99999
Error = :5.17e-01; Runtime: 6.5s; Iterations = 60, grads =   4.308e-04, unitary_metric = 0.99999
Error = :4.03e-01; Runtime: 8.5s; Iterations = 80, grads =   1.884e-03, unitary_metric = 0.99999
Error = :1.93e-01; Runtime: 10.5s; Iterations = 100, grads =   7.837e-03, unitary_metric = 0.99999
Error = :7.13e-02; Runtime: 12.6s; Iterations = 120, grads =   2.502e-03, unitary_metric = 0.99999
Error = :3.27e-02; Runtime: 14.6s; Iterations = 140, grads =   3.007e-04, unitary_metric = 0.99999
Error = :1.73e-02; Runtime: 16.6s; Iterations = 160, grads =   1.253e-04, unitary_metric = 0.99999
Error = :9.96e-03; Runtime: 18.5s; Iterations = 180, grads =   1.752e-05, unitary_metric = 0.99998
Error = :6.50e-03; Runtime: 20.5s; Iterations = 200, grads =   1.241e-05, unitary_metric = 0.99999
Error = :4.60e-03; Runtime: 22.7s; Iterations = 220, grads =   5.911e-06, unitary_metric = 0.99999
Error = :3.45e-03; Runtime: 24.7s; Iterations = 240, grads =   3.591e-06, unitary_metric = 0.99999
Error = :2.69e-03; Runtime: 26.7s; Iterations = 260, grads =   2.465e-06, unitary_metric = 0.99999
Error = :2.74e-03; Runtime: 28.7s; Iterations = 280, grads =   7.144e-03, unitary_metric = 0.99999
Error = :1.80e-03; Runtime: 30.7s; Iterations = 300, grads =   2.918e-04, unitary_metric = 0.99999
Error = :1.48e-03; Runtime: 32.8s; Iterations = 320, grads =   1.080e-04, unitary_metric = 0.99999
Error = :1.24e-03; Runtime: 34.8s; Iterations = 340, grads =   2.822e-06, unitary_metric = 0.99999
Error = :1.05e-03; Runtime: 36.8s; Iterations = 360, grads =   6.307e-07, unitary_metric = 0.99999
Error = :9.94e-04; Runtime: 37.5s; Iterations = 367, grads =   2.360e-06, unitary_metric = 0.99999
data saved at: /project/ftchong/qoc/pranav/00012_31_nah_slice_269.h5


trying total_time: 5.3 for unitary of size (16, 16)
data saved at: /project/ftchong/qoc/pranav/00013_31_nah_slice_269.h5
Using 7 Taylor terms and 2 Scaling & Squaring terms
Building graph:
Propagators initialized.
Operators weight initialized.
Intermediate propagation variables initialized.
Intermediate propagators initialized.
Vectors initialized.
Training loss initialized.
Optimizer initialized.
Utilities initialized.
Graph built!
Initialized
Error = :9.46e-01; Runtime: 0.2s; Iterations = 0, grads =   5.846e-03, unitary_metric = 1.00000
Error = :7.72e-01; Runtime: 2.4s; Iterations = 20, grads =   4.627e-03, unitary_metric = 1.00000
Error = :6.76e-01; Runtime: 4.3s; Iterations = 40, grads =   1.707e-03, unitary_metric = 0.99999
Error = :5.62e-01; Runtime: 6.1s; Iterations = 60, grads =   8.450e-04, unitary_metric = 0.99999
Error = :4.52e-01; Runtime: 8.0s; Iterations = 80, grads =   8.960e-04, unitary_metric = 0.99999
Error = :3.18e-01; Runtime: 9.9s; Iterations = 100, grads =   6.862e-04, unitary_metric = 0.99999
Error = :2.05e-01; Runtime: 12.0s; Iterations = 120, grads =   5.298e-04, unitary_metric = 0.99999
Error = :1.18e-01; Runtime: 13.9s; Iterations = 140, grads =   2.998e-04, unitary_metric = 0.99999
Error = :6.79e-02; Runtime: 15.8s; Iterations = 160, grads =   7.917e-04, unitary_metric = 0.99999
Error = :4.54e-02; Runtime: 17.7s; Iterations = 180, grads =   2.238e-03, unitary_metric = 0.99999
Error = :3.50e-02; Runtime: 19.6s; Iterations = 200, grads =   6.811e-04, unitary_metric = 0.99999
Error = :2.89e-02; Runtime: 21.6s; Iterations = 220, grads =   6.348e-05, unitary_metric = 0.99999
Error = :2.49e-02; Runtime: 23.5s; Iterations = 240, grads =   2.368e-05, unitary_metric = 0.99999
Error = :2.20e-02; Runtime: 25.4s; Iterations = 260, grads =   1.000e-05, unitary_metric = 0.99999
Error = :1.99e-02; Runtime: 27.3s; Iterations = 280, grads =   6.562e-06, unitary_metric = 0.99999
Error = :1.82e-02; Runtime: 29.2s; Iterations = 300, grads =   4.957e-06, unitary_metric = 0.99999
Error = :1.69e-02; Runtime: 31.2s; Iterations = 320, grads =   3.998e-06, unitary_metric = 0.99999
Error = :1.59e-02; Runtime: 33.1s; Iterations = 340, grads =   3.597e-04, unitary_metric = 0.99999
Error = :1.50e-02; Runtime: 35.0s; Iterations = 360, grads =   2.986e-04, unitary_metric = 0.99999
Error = :1.51e-02; Runtime: 36.9s; Iterations = 380, grads =   1.057e-02, unitary_metric = 0.99999
Error = :1.35e-02; Runtime: 38.7s; Iterations = 400, grads =   1.911e-04, unitary_metric = 0.99999
Error = :1.30e-02; Runtime: 40.8s; Iterations = 420, grads =   8.051e-04, unitary_metric = 0.99999
Error = :1.23e-02; Runtime: 42.6s; Iterations = 440, grads =   7.418e-05, unitary_metric = 0.99999
Error = :1.18e-02; Runtime: 44.5s; Iterations = 460, grads =   1.166e-05, unitary_metric = 0.99999
Error = :1.14e-02; Runtime: 46.4s; Iterations = 480, grads =   2.756e-06, unitary_metric = 0.99999
Error = :1.09e-02; Runtime: 48.3s; Iterations = 500, grads =   1.460e-06, unitary_metric = 0.99999
Error = :1.05e-02; Runtime: 50.5s; Iterations = 520, grads =   1.403e-06, unitary_metric = 0.99999
Error = :1.01e-02; Runtime: 52.4s; Iterations = 540, grads =   1.425e-06, unitary_metric = 0.99999
Error = :9.70e-03; Runtime: 54.2s; Iterations = 560, grads =   1.525e-06, unitary_metric = 0.99999
Error = :9.29e-03; Runtime: 56.1s; Iterations = 580, grads =   1.283e-06, unitary_metric = 0.99999
Error = :8.90e-03; Runtime: 58.0s; Iterations = 600, grads =   1.134e-06, unitary_metric = 0.99999
Error = :8.58e-03; Runtime: 60.0s; Iterations = 620, grads =   2.105e-04, unitary_metric = 0.99999
Error = :8.24e-03; Runtime: 61.9s; Iterations = 640, grads =   2.150e-04, unitary_metric = 0.99999
Error = :8.14e-03; Runtime: 63.8s; Iterations = 660, grads =   2.336e-03, unitary_metric = 0.99999
Error = :7.67e-03; Runtime: 65.8s; Iterations = 680, grads =   2.479e-04, unitary_metric = 0.99998
Error = :7.40e-03; Runtime: 67.6s; Iterations = 700, grads =   1.256e-05, unitary_metric = 0.99999
Error = :7.18e-03; Runtime: 69.7s; Iterations = 720, grads =   3.498e-06, unitary_metric = 0.99999
Error = :6.98e-03; Runtime: 71.5s; Iterations = 740, grads =   1.130e-06, unitary_metric = 0.99999
Error = :6.79e-03; Runtime: 73.4s; Iterations = 760, grads =   6.252e-07, unitary_metric = 0.99999
Error = :6.61e-03; Runtime: 75.3s; Iterations = 780, grads =   7.687e-07, unitary_metric = 0.99999
Error = :6.47e-03; Runtime: 77.2s; Iterations = 800, grads =   1.567e-04, unitary_metric = 0.99999
Error = :6.34e-03; Runtime: 79.2s; Iterations = 820, grads =   2.754e-04, unitary_metric = 0.99999
Error = :6.22e-03; Runtime: 81.1s; Iterations = 840, grads =   2.959e-04, unitary_metric = 0.99999
Error = :6.03e-03; Runtime: 83.0s; Iterations = 860, grads =   6.864e-06, unitary_metric = 0.99999
Error = :5.91e-03; Runtime: 84.8s; Iterations = 880, grads =   2.640e-06, unitary_metric = 0.99999
Error = :5.80e-03; Runtime: 86.7s; Iterations = 900, grads =   1.495e-06, unitary_metric = 0.99998
Error = :5.70e-03; Runtime: 88.7s; Iterations = 920, grads =   6.998e-07, unitary_metric = 0.99998
Error = :5.61e-03; Runtime: 90.6s; Iterations = 940, grads =   2.345e-06, unitary_metric = 0.99999
Error = :5.62e-03; Runtime: 92.5s; Iterations = 960, grads =   4.671e-04, unitary_metric = 0.99998
Error = :5.51e-03; Runtime: 94.3s; Iterations = 980, grads =   5.504e-04, unitary_metric = 0.99998
Error = :5.39e-03; Runtime: 96.2s; Iterations = 1000, grads =   7.337e-05, unitary_metric = 0.99999
Error = :5.33e-03; Runtime: 98.2s; Iterations = 1020, grads =   1.784e-04, unitary_metric = 0.99999
Error = :5.26e-03; Runtime: 100.1s; Iterations = 1040, grads =   2.267e-04, unitary_metric = 0.99999
Error = :5.14e-03; Runtime: 102.0s; Iterations = 1060, grads =   4.576e-05, unitary_metric = 0.99999
Error = :5.03e-03; Runtime: 103.9s; Iterations = 1080, grads =   4.161e-06, unitary_metric = 0.99999
Error = :4.93e-03; Runtime: 105.7s; Iterations = 1100, grads =   2.487e-06, unitary_metric = 0.99999
Error = :4.89e-03; Runtime: 107.8s; Iterations = 1120, grads =   2.952e-04, unitary_metric = 0.99999
Error = :4.73e-03; Runtime: 109.6s; Iterations = 1140, grads =   2.896e-06, unitary_metric = 0.99999
Error = :4.64e-03; Runtime: 111.5s; Iterations = 1160, grads =   5.115e-06, unitary_metric = 0.99999
Error = :4.55e-03; Runtime: 113.4s; Iterations = 1180, grads =   8.704e-07, unitary_metric = 0.99999
Error = :4.47e-03; Runtime: 115.2s; Iterations = 1200, grads =   3.427e-07, unitary_metric = 0.99999
Error = :4.40e-03; Runtime: 117.3s; Iterations = 1220, grads =   3.351e-05, unitary_metric = 0.99999
Error = :4.40e-03; Runtime: 119.1s; Iterations = 1240, grads =   7.255e-04, unitary_metric = 0.99999
Error = :4.27e-03; Runtime: 121.0s; Iterations = 1260, grads =   3.721e-05, unitary_metric = 0.99999
Error = :4.24e-03; Runtime: 122.9s; Iterations = 1280, grads =   2.330e-04, unitary_metric = 0.99998
Error = :4.16e-03; Runtime: 124.8s; Iterations = 1300, grads =   8.516e-05, unitary_metric = 0.99998
Error = :4.15e-03; Runtime: 126.8s; Iterations = 1320, grads =   2.125e-04, unitary_metric = 0.99998
Error = :4.05e-03; Runtime: 128.7s; Iterations = 1340, grads =   5.722e-06, unitary_metric = 0.99998
Error = :4.00e-03; Runtime: 130.6s; Iterations = 1360, grads =   1.337e-06, unitary_metric = 0.99998
Error = :3.96e-03; Runtime: 132.5s; Iterations = 1380, grads =   4.696e-07, unitary_metric = 0.99999
Error = :3.92e-03; Runtime: 134.3s; Iterations = 1400, grads =   1.878e-07, unitary_metric = 0.99999
Error = :3.88e-03; Runtime: 136.3s; Iterations = 1420, grads =   1.190e-07, unitary_metric = 0.99999
Error = :3.84e-03; Runtime: 138.2s; Iterations = 1440, grads =   1.116e-07, unitary_metric = 0.99999
Error = :3.81e-03; Runtime: 140.1s; Iterations = 1460, grads =   6.672e-07, unitary_metric = 0.99999
Error = :3.85e-03; Runtime: 141.9s; Iterations = 1480, grads =   7.679e-04, unitary_metric = 0.99999
Error = :3.78e-03; Runtime: 143.8s; Iterations = 1500, grads =   2.922e-04, unitary_metric = 0.99999
Error = :3.77e-03; Runtime: 145.8s; Iterations = 1520, grads =   1.904e-04, unitary_metric = 0.99999
Error = :3.77e-03; Runtime: 147.7s; Iterations = 1540, grads =   5.669e-04, unitary_metric = 0.99998
Error = :3.68e-03; Runtime: 149.5s; Iterations = 1560, grads =   8.257e-05, unitary_metric = 0.99998
Error = :3.65e-03; Runtime: 151.4s; Iterations = 1580, grads =   6.998e-06, unitary_metric = 0.99999
Error = :3.62e-03; Runtime: 153.3s; Iterations = 1600, grads =   1.171e-07, unitary_metric = 0.99999
Error = :3.60e-03; Runtime: 155.3s; Iterations = 1620, grads =   2.532e-07, unitary_metric = 0.99998
Error = :3.57e-03; Runtime: 157.2s; Iterations = 1640, grads =   1.058e-07, unitary_metric = 0.99999
Error = :3.55e-03; Runtime: 159.1s; Iterations = 1660, grads =   7.245e-08, unitary_metric = 0.99999
Error = :3.53e-03; Runtime: 160.9s; Iterations = 1680, grads =   8.116e-08, unitary_metric = 0.99999
Error = :3.51e-03; Runtime: 162.8s; Iterations = 1700, grads =   6.333e-08, unitary_metric = 0.99999
Error = :3.49e-03; Runtime: 164.8s; Iterations = 1720, grads =   1.554e-07, unitary_metric = 0.99999
Error = :3.48e-03; Runtime: 166.7s; Iterations = 1740, grads =   8.705e-05, unitary_metric = 0.99999
Error = :3.52e-03; Runtime: 168.6s; Iterations = 1760, grads =   7.103e-04, unitary_metric = 0.99998
Error = :3.46e-03; Runtime: 170.4s; Iterations = 1780, grads =   1.058e-04, unitary_metric = 0.99999
Error = :3.43e-03; Runtime: 172.3s; Iterations = 1800, grads =   1.695e-05, unitary_metric = 0.99999
Error = :3.41e-03; Runtime: 174.4s; Iterations = 1820, grads =   2.087e-05, unitary_metric = 0.99999
Error = :3.40e-03; Runtime: 176.2s; Iterations = 1840, grads =   1.306e-05, unitary_metric = 0.99999
Error = :3.38e-03; Runtime: 178.1s; Iterations = 1860, grads =   4.830e-06, unitary_metric = 0.99998
Error = :3.37e-03; Runtime: 180.0s; Iterations = 1880, grads =   6.405e-07, unitary_metric = 0.99999
Error = :3.36e-03; Runtime: 181.9s; Iterations = 1900, grads =   1.972e-07, unitary_metric = 0.99999
Error = :3.35e-03; Runtime: 184.1s; Iterations = 1920, grads =   6.491e-08, unitary_metric = 0.99998
Error = :3.34e-03; Runtime: 185.9s; Iterations = 1940, grads =   6.476e-08, unitary_metric = 0.99999
Error = :3.33e-03; Runtime: 187.8s; Iterations = 1960, grads =   6.713e-08, unitary_metric = 0.99999
Error = :3.32e-03; Runtime: 189.7s; Iterations = 1980, grads =   8.264e-08, unitary_metric = 0.99999
Error = :3.31e-03; Runtime: 191.6s; Iterations = 2000, grads =   3.635e-06, unitary_metric = 0.99999
Error = :3.30e-03; Runtime: 193.6s; Iterations = 2020, grads =   5.257e-06, unitary_metric = 0.99999
Error = :3.39e-03; Runtime: 195.5s; Iterations = 2040, grads =   1.126e-03, unitary_metric = 0.99998
Error = :3.32e-03; Runtime: 197.3s; Iterations = 2060, grads =   4.518e-04, unitary_metric = 0.99998
Error = :3.26e-03; Runtime: 199.2s; Iterations = 2080, grads =   3.731e-05, unitary_metric = 0.99999
Error = :3.24e-03; Runtime: 201.1s; Iterations = 2100, grads =   2.938e-06, unitary_metric = 0.99999
Error = :3.23e-03; Runtime: 203.1s; Iterations = 2120, grads =   5.672e-07, unitary_metric = 0.99999
Error = :3.21e-03; Runtime: 205.0s; Iterations = 2140, grads =   1.752e-07, unitary_metric = 0.99999
Error = :3.19e-03; Runtime: 206.8s; Iterations = 2160, grads =   6.943e-08, unitary_metric = 0.99998
Error = :3.18e-03; Runtime: 208.7s; Iterations = 2180, grads =   5.564e-08, unitary_metric = 0.99999
Error = :3.16e-03; Runtime: 210.6s; Iterations = 2200, grads =   8.999e-08, unitary_metric = 0.99998
Error = :3.15e-03; Runtime: 212.6s; Iterations = 2220, grads =   5.320e-06, unitary_metric = 0.99999
Error = :3.14e-03; Runtime: 214.5s; Iterations = 2240, grads =   8.029e-06, unitary_metric = 0.99999
Error = :3.13e-03; Runtime: 216.3s; Iterations = 2260, grads =   7.180e-07, unitary_metric = 0.99999
Error = :3.12e-03; Runtime: 218.2s; Iterations = 2280, grads =   3.573e-07, unitary_metric = 0.99998
Error = :3.12e-03; Runtime: 220.1s; Iterations = 2300, grads =   8.510e-05, unitary_metric = 0.99998
Error = :3.10e-03; Runtime: 222.1s; Iterations = 2320, grads =   5.726e-05, unitary_metric = 0.99999
Error = :3.09e-03; Runtime: 224.0s; Iterations = 2340, grads =   1.715e-07, unitary_metric = 0.99999
Error = :3.08e-03; Runtime: 225.9s; Iterations = 2360, grads =   2.389e-05, unitary_metric = 0.99999
Error = :3.07e-03; Runtime: 227.7s; Iterations = 2380, grads =   1.194e-05, unitary_metric = 0.99998
Error = :3.07e-03; Runtime: 229.6s; Iterations = 2400, grads =   7.861e-05, unitary_metric = 0.99998
Error = :3.06e-03; Runtime: 231.6s; Iterations = 2420, grads =   1.425e-06, unitary_metric = 0.99999
Error = :3.05e-03; Runtime: 233.5s; Iterations = 2440, grads =   7.012e-07, unitary_metric = 0.99999
Error = :3.04e-03; Runtime: 235.4s; Iterations = 2460, grads =   2.957e-07, unitary_metric = 0.99999
Error = :3.04e-03; Runtime: 237.3s; Iterations = 2480, grads =   1.377e-05, unitary_metric = 0.99999
Error = :3.04e-03; Runtime: 239.1s; Iterations = 2500, grads =   2.135e-05, unitary_metric = 0.99998
Error = :3.02e-03; Runtime: 241.2s; Iterations = 2520, grads =   1.322e-06, unitary_metric = 0.99999
Error = :3.02e-03; Runtime: 243.1s; Iterations = 2540, grads =   3.020e-06, unitary_metric = 0.99999
Error = :3.05e-03; Runtime: 245.0s; Iterations = 2560, grads =   2.379e-04, unitary_metric = 0.99999
Error = :3.01e-03; Runtime: 246.8s; Iterations = 2580, grads =   2.574e-05, unitary_metric = 0.99998
Error = :3.01e-03; Runtime: 248.7s; Iterations = 2600, grads =   2.506e-06, unitary_metric = 0.99998
Error = :3.00e-03; Runtime: 250.8s; Iterations = 2620, grads =   4.979e-07, unitary_metric = 0.99999
Error = :3.00e-03; Runtime: 252.6s; Iterations = 2640, grads =   1.573e-06, unitary_metric = 0.99999
Error = :3.00e-03; Runtime: 254.5s; Iterations = 2660, grads =   3.829e-05, unitary_metric = 0.99998
Error = :3.10e-03; Runtime: 256.4s; Iterations = 2680, grads =   1.222e-03, unitary_metric = 0.99998
Error = :2.99e-03; Runtime: 258.3s; Iterations = 2700, grads =   2.666e-05, unitary_metric = 0.99998
Error = :2.99e-03; Runtime: 260.3s; Iterations = 2720, grads =   1.525e-05, unitary_metric = 0.99998
Error = :2.98e-03; Runtime: 262.2s; Iterations = 2740, grads =   1.846e-06, unitary_metric = 0.99998
Error = :2.98e-03; Runtime: 264.1s; Iterations = 2760, grads =   4.852e-08, unitary_metric = 0.99998
Error = :2.98e-03; Runtime: 265.9s; Iterations = 2780, grads =   6.558e-07, unitary_metric = 0.99998
Error = :3.01e-03; Runtime: 267.8s; Iterations = 2800, grads =   2.490e-04, unitary_metric = 0.99999
Error = :2.98e-03; Runtime: 269.9s; Iterations = 2820, grads =   3.173e-05, unitary_metric = 0.99998
Error = :2.97e-03; Runtime: 271.7s; Iterations = 2840, grads =   4.128e-06, unitary_metric = 0.99998
Error = :2.97e-03; Runtime: 273.6s; Iterations = 2860, grads =   2.751e-06, unitary_metric = 0.99999
Error = :2.97e-03; Runtime: 275.5s; Iterations = 2880, grads =   8.720e-06, unitary_metric = 0.99998
Error = :2.97e-03; Runtime: 277.4s; Iterations = 2900, grads =   2.813e-06, unitary_metric = 0.99999
Error = :2.97e-03; Runtime: 279.5s; Iterations = 2920, grads =   2.636e-07, unitary_metric = 0.99999
Error = :2.96e-03; Runtime: 281.4s; Iterations = 2940, grads =   8.353e-08, unitary_metric = 0.99999
Error = :2.96e-03; Runtime: 283.3s; Iterations = 2960, grads =   5.025e-08, unitary_metric = 0.99999
Error = :2.96e-03; Runtime: 285.1s; Iterations = 2980, grads =   2.106e-06, unitary_metric = 0.99998
Error = :2.96e-03; Runtime: 287.0s; Iterations = 3000, grads =   3.854e-06, unitary_metric = 0.99999
Error = :2.96e-03; Runtime: 289.0s; Iterations = 3020, grads =   5.773e-06, unitary_metric = 0.99998
Error = :3.01e-03; Runtime: 290.9s; Iterations = 3040, grads =   5.072e-04, unitary_metric = 0.99998
Error = :2.96e-03; Runtime: 292.8s; Iterations = 3060, grads =   2.705e-05, unitary_metric = 0.99998
Error = :2.96e-03; Runtime: 294.6s; Iterations = 3080, grads =   2.055e-06, unitary_metric = 0.99998
Error = :2.96e-03; Runtime: 296.5s; Iterations = 3100, grads =   1.232e-06, unitary_metric = 0.99998
Error = :2.96e-03; Runtime: 298.5s; Iterations = 3120, grads =   3.482e-07, unitary_metric = 0.99998
Error = :2.96e-03; Runtime: 300.4s; Iterations = 3140, grads =   1.692e-07, unitary_metric = 0.99998
Error = :2.96e-03; Runtime: 302.3s; Iterations = 3160, grads =   3.364e-07, unitary_metric = 0.99998
Error = :2.99e-03; Runtime: 304.2s; Iterations = 3180, grads =   1.008e-04, unitary_metric = 0.99999
Error = :2.96e-03; Runtime: 306.1s; Iterations = 3200, grads =   3.358e-07, unitary_metric = 0.99998
Error = :2.97e-03; Runtime: 308.1s; Iterations = 3220, grads =   9.060e-07, unitary_metric = 0.99998
Error = :2.97e-03; Runtime: 310.0s; Iterations = 3240, grads =   8.626e-08, unitary_metric = 0.99998
Error = :2.97e-03; Runtime: 311.9s; Iterations = 3260, grads =   9.330e-08, unitary_metric = 0.99999
Error = :2.97e-03; Runtime: 313.7s; Iterations = 3280, grads =   4.187e-06, unitary_metric = 0.99998
Error = :2.98e-03; Runtime: 315.6s; Iterations = 3300, grads =   7.103e-05, unitary_metric = 0.99998
Error = :3.00e-03; Runtime: 317.6s; Iterations = 3320, grads =   3.886e-04, unitary_metric = 0.99999
Error = :2.97e-03; Runtime: 319.5s; Iterations = 3340, grads =   1.120e-05, unitary_metric = 0.99999
Error = :2.98e-03; Runtime: 321.4s; Iterations = 3360, grads =   8.692e-07, unitary_metric = 0.99999
Error = :2.98e-03; Runtime: 323.2s; Iterations = 3380, grads =   5.300e-08, unitary_metric = 0.99999
Error = :2.98e-03; Runtime: 325.1s; Iterations = 3400, grads =   1.185e-07, unitary_metric = 0.99998
Error = :2.99e-03; Runtime: 327.2s; Iterations = 3420, grads =   1.497e-08, unitary_metric = 0.99998
Error = :2.99e-03; Runtime: 329.1s; Iterations = 3440, grads =   1.824e-08, unitary_metric = 0.99998
Error = :2.99e-03; Runtime: 330.9s; Iterations = 3460, grads =   1.742e-08, unitary_metric = 0.99998
Error = :3.00e-03; Runtime: 332.8s; Iterations = 3480, grads =   3.594e-07, unitary_metric = 0.99998
Error = :3.01e-03; Runtime: 334.7s; Iterations = 3500, grads =   4.005e-05, unitary_metric = 0.99998
Error = :3.01e-03; Runtime: 336.8s; Iterations = 3520, grads =   7.794e-06, unitary_metric = 0.99998
Error = :3.01e-03; Runtime: 338.6s; Iterations = 3540, grads =   2.472e-05, unitary_metric = 0.99999
Error = :3.02e-03; Runtime: 340.5s; Iterations = 3560, grads =   3.560e-06, unitary_metric = 0.99998
Error = :3.02e-03; Runtime: 342.4s; Iterations = 3580, grads =   5.081e-06, unitary_metric = 0.99998
Error = :3.03e-03; Runtime: 344.3s; Iterations = 3600, grads =   1.912e-06, unitary_metric = 0.99998
Error = :3.04e-03; Runtime: 346.3s; Iterations = 3620, grads =   2.638e-07, unitary_metric = 0.99998
Error = :3.04e-03; Runtime: 348.2s; Iterations = 3640, grads =   2.955e-08, unitary_metric = 0.99999
Error = :3.05e-03; Runtime: 350.0s; Iterations = 3660, grads =   2.384e-08, unitary_metric = 0.99998
Error = :3.06e-03; Runtime: 351.9s; Iterations = 3680, grads =   2.426e-08, unitary_metric = 0.99998
Error = :3.07e-03; Runtime: 353.8s; Iterations = 3700, grads =   9.165e-08, unitary_metric = 0.99998
Error = :3.07e-03; Runtime: 355.8s; Iterations = 3720, grads =   8.604e-06, unitary_metric = 0.99998
Error = :3.08e-03; Runtime: 357.7s; Iterations = 3740, grads =   1.478e-05, unitary_metric = 0.99998
Error = :3.09e-03; Runtime: 359.5s; Iterations = 3760, grads =   7.087e-05, unitary_metric = 0.99998
Error = :3.09e-03; Runtime: 361.4s; Iterations = 3780, grads =   3.088e-05, unitary_metric = 0.99998
Error = :3.09e-03; Runtime: 363.3s; Iterations = 3800, grads =   5.388e-06, unitary_metric = 0.99998
Error = :3.09e-03; Runtime: 365.3s; Iterations = 3820, grads =   1.952e-06, unitary_metric = 0.99998
Error = :3.09e-03; Runtime: 367.2s; Iterations = 3840, grads =   9.209e-08, unitary_metric = 0.99998
Error = :3.09e-03; Runtime: 369.0s; Iterations = 3860, grads =   1.501e-07, unitary_metric = 0.99998
Error = :3.10e-03; Runtime: 370.9s; Iterations = 3880, grads =   1.551e-05, unitary_metric = 0.99998
Error = :3.09e-03; Runtime: 372.8s; Iterations = 3900, grads =   1.080e-06, unitary_metric = 0.99998
Error = :3.08e-03; Runtime: 374.9s; Iterations = 3920, grads =   4.446e-07, unitary_metric = 0.99998
Error = :3.08e-03; Runtime: 376.8s; Iterations = 3940, grads =   2.140e-07, unitary_metric = 0.99999
Error = :3.08e-03; Runtime: 378.7s; Iterations = 3960, grads =   1.881e-06, unitary_metric = 0.99998
Error = :3.08e-03; Runtime: 380.5s; Iterations = 3980, grads =   1.372e-04, unitary_metric = 0.99998
Error = :3.07e-03; Runtime: 382.4s; Iterations = 4000, grads =   4.589e-05, unitary_metric = 0.99998
Error = :3.06e-03; Runtime: 384.5s; Iterations = 4020, grads =   3.989e-06, unitary_metric = 0.99998
Error = :3.05e-03; Runtime: 386.3s; Iterations = 4040, grads =   2.589e-07, unitary_metric = 0.99998
Error = :3.05e-03; Runtime: 388.2s; Iterations = 4060, grads =   9.825e-08, unitary_metric = 0.99998
Error = :3.04e-03; Runtime: 390.1s; Iterations = 4080, grads =   6.737e-08, unitary_metric = 0.99998
Error = :3.03e-03; Runtime: 391.9s; Iterations = 4100, grads =   3.754e-08, unitary_metric = 0.99998
Error = :3.03e-03; Runtime: 394.0s; Iterations = 4120, grads =   8.752e-08, unitary_metric = 0.99998
Error = :3.02e-03; Runtime: 395.8s; Iterations = 4140, grads =   2.759e-06, unitary_metric = 0.99998
Error = :3.02e-03; Runtime: 397.7s; Iterations = 4160, grads =   1.129e-06, unitary_metric = 0.99998
Error = :3.02e-03; Runtime: 399.6s; Iterations = 4180, grads =   1.894e-05, unitary_metric = 0.99998
Error = :3.01e-03; Runtime: 401.5s; Iterations = 4200, grads =   3.377e-06, unitary_metric = 0.99998
Error = :3.01e-03; Runtime: 403.5s; Iterations = 4220, grads =   7.353e-07, unitary_metric = 0.99998
Error = :3.01e-03; Runtime: 405.4s; Iterations = 4240, grads =   5.842e-05, unitary_metric = 0.99998
Error = :3.00e-03; Runtime: 407.2s; Iterations = 4260, grads =   5.592e-05, unitary_metric = 0.99998
Error = :2.99e-03; Runtime: 409.1s; Iterations = 4280, grads =   7.055e-06, unitary_metric = 0.99998
Error = :2.99e-03; Runtime: 411.0s; Iterations = 4300, grads =   1.672e-06, unitary_metric = 0.99998
Error = :2.98e-03; Runtime: 413.1s; Iterations = 4320, grads =   2.753e-07, unitary_metric = 0.99998
Error = :2.98e-03; Runtime: 414.9s; Iterations = 4340, grads =   4.576e-07, unitary_metric = 0.99998
Error = :2.98e-03; Runtime: 416.8s; Iterations = 4360, grads =   2.745e-07, unitary_metric = 0.99998
Error = :2.97e-03; Runtime: 418.7s; Iterations = 4380, grads =   4.847e-08, unitary_metric = 0.99998
Error = :2.97e-03; Runtime: 420.5s; Iterations = 4400, grads =   1.080e-06, unitary_metric = 0.99998
Error = :2.97e-03; Runtime: 422.7s; Iterations = 4420, grads =   2.838e-06, unitary_metric = 0.99998
Error = :2.97e-03; Runtime: 424.6s; Iterations = 4440, grads =   5.427e-05, unitary_metric = 0.99998
Error = :2.96e-03; Runtime: 426.5s; Iterations = 4460, grads =   2.947e-06, unitary_metric = 0.99998
Error = :2.97e-03; Runtime: 428.3s; Iterations = 4480, grads =   1.009e-04, unitary_metric = 0.99998
Error = :2.95e-03; Runtime: 430.2s; Iterations = 4500, grads =   1.655e-05, unitary_metric = 0.99998
Error = :2.95e-03; Runtime: 432.2s; Iterations = 4520, grads =   3.613e-06, unitary_metric = 0.99998
Error = :2.95e-03; Runtime: 434.1s; Iterations = 4540, grads =   3.029e-07, unitary_metric = 0.99998
Error = :2.95e-03; Runtime: 436.0s; Iterations = 4560, grads =   3.107e-07, unitary_metric = 0.99998
Error = :2.94e-03; Runtime: 437.8s; Iterations = 4580, grads =   1.777e-07, unitary_metric = 0.99998
Error = :2.94e-03; Runtime: 439.7s; Iterations = 4600, grads =   3.775e-07, unitary_metric = 0.99998
Error = :2.94e-03; Runtime: 441.8s; Iterations = 4620, grads =   1.373e-05, unitary_metric = 0.99998
Error = :2.94e-03; Runtime: 443.7s; Iterations = 4640, grads =   5.143e-06, unitary_metric = 0.99998
Error = :2.94e-03; Runtime: 445.5s; Iterations = 4660, grads =   4.190e-05, unitary_metric = 0.99998
Error = :2.93e-03; Runtime: 447.4s; Iterations = 4680, grads =   6.129e-06, unitary_metric = 0.99998
Error = :2.94e-03; Runtime: 449.2s; Iterations = 4700, grads =   1.563e-04, unitary_metric = 0.99998
Error = :2.93e-03; Runtime: 451.3s; Iterations = 4720, grads =   1.818e-05, unitary_metric = 0.99998
Error = :2.93e-03; Runtime: 453.1s; Iterations = 4740, grads =   2.894e-06, unitary_metric = 0.99998
Error = :2.93e-03; Runtime: 455.0s; Iterations = 4760, grads =   7.165e-07, unitary_metric = 0.99998
Error = :2.92e-03; Runtime: 456.9s; Iterations = 4780, grads =   1.984e-07, unitary_metric = 0.99998
Error = :2.92e-03; Runtime: 458.8s; Iterations = 4800, grads =   1.137e-07, unitary_metric = 0.99998
Error = :2.92e-03; Runtime: 460.9s; Iterations = 4820, grads =   8.727e-08, unitary_metric = 0.99998
Error = :2.92e-03; Runtime: 462.8s; Iterations = 4840, grads =   2.743e-07, unitary_metric = 0.99998
Error = :2.92e-03; Runtime: 464.6s; Iterations = 4860, grads =   1.291e-05, unitary_metric = 0.99998
Error = :2.92e-03; Runtime: 466.5s; Iterations = 4880, grads =   6.579e-07, unitary_metric = 0.99998
Error = :2.92e-03; Runtime: 468.4s; Iterations = 4900, grads =   1.705e-06, unitary_metric = 0.99998
Error = :2.92e-03; Runtime: 470.4s; Iterations = 4920, grads =   9.331e-08, unitary_metric = 0.99998
Error = :2.92e-03; Runtime: 472.3s; Iterations = 4940, grads =   3.946e-06, unitary_metric = 0.99998
Error = :2.92e-03; Runtime: 474.2s; Iterations = 4960, grads =   4.053e-05, unitary_metric = 0.99998
Error = :2.92e-03; Runtime: 476.0s; Iterations = 4980, grads =   7.349e-06, unitary_metric = 0.99998
Error = :2.91e-03; Runtime: 477.9s; Iterations = 5000, grads =   1.157e-06, unitary_metric = 0.99998
Error = :2.91e-03; Runtime: 479.9s; Iterations = 5020, grads =   3.282e-07, unitary_metric = 0.99998
Error = :2.91e-03; Runtime: 481.8s; Iterations = 5040, grads =   9.718e-06, unitary_metric = 0.99998
Error = :2.92e-03; Runtime: 483.7s; Iterations = 5060, grads =   3.353e-05, unitary_metric = 0.99998
Error = :2.91e-03; Runtime: 485.6s; Iterations = 5080, grads =   5.514e-07, unitary_metric = 0.99998
Error = :2.91e-03; Runtime: 487.4s; Iterations = 5100, grads =   2.393e-07, unitary_metric = 0.99998
Error = :2.91e-03; Runtime: 489.5s; Iterations = 5120, grads =   5.822e-08, unitary_metric = 0.99998
Error = :2.91e-03; Runtime: 491.3s; Iterations = 5140, grads =   2.048e-08, unitary_metric = 0.99998
Error = :2.91e-03; Runtime: 493.2s; Iterations = 5160, grads =   8.569e-08, unitary_metric = 0.99998
Error = :2.91e-03; Runtime: 495.1s; Iterations = 5180, grads =   4.729e-06, unitary_metric = 0.99998
Error = :2.91e-03; Runtime: 497.0s; Iterations = 5200, grads =   2.042e-05, unitary_metric = 0.99998
Error = :2.91e-03; Runtime: 499.0s; Iterations = 5220, grads =   9.593e-06, unitary_metric = 0.99998
Error = :2.91e-03; Runtime: 500.9s; Iterations = 5240, grads =   1.922e-06, unitary_metric = 0.99998
Error = :2.91e-03; Runtime: 502.8s; Iterations = 5260, grads =   2.361e-05, unitary_metric = 0.99998
Error = :2.91e-03; Runtime: 504.6s; Iterations = 5280, grads =   3.078e-06, unitary_metric = 0.99998
Error = :2.91e-03; Runtime: 506.5s; Iterations = 5300, grads =   7.532e-07, unitary_metric = 0.99998
Error = :2.91e-03; Runtime: 508.6s; Iterations = 5320, grads =   1.153e-07, unitary_metric = 0.99998
Error = :2.91e-03; Runtime: 510.5s; Iterations = 5340, grads =   6.087e-09, unitary_metric = 0.99998
Error = :2.91e-03; Runtime: 512.3s; Iterations = 5360, grads =   2.406e-08, unitary_metric = 0.99998
Error = :2.91e-03; Runtime: 514.2s; Iterations = 5380, grads =   5.147e-07, unitary_metric = 0.99998
Error = :2.91e-03; Runtime: 516.1s; Iterations = 5400, grads =   2.667e-05, unitary_metric = 0.99998
Error = :2.91e-03; Runtime: 518.1s; Iterations = 5420, grads =   2.123e-05, unitary_metric = 0.99998
Error = :2.91e-03; Runtime: 520.0s; Iterations = 5440, grads =   1.501e-06, unitary_metric = 0.99998
Error = :2.91e-03; Runtime: 521.9s; Iterations = 5460, grads =   6.104e-07, unitary_metric = 0.99998
Error = :2.91e-03; Runtime: 523.7s; Iterations = 5480, grads =   1.837e-05, unitary_metric = 0.99998
Error = :2.91e-03; Runtime: 525.6s; Iterations = 5500, grads =   1.679e-06, unitary_metric = 0.99998
Error = :2.91e-03; Runtime: 527.7s; Iterations = 5520, grads =   5.326e-08, unitary_metric = 0.99998
Error = :2.91e-03; Runtime: 529.5s; Iterations = 5540, grads =   6.291e-07, unitary_metric = 0.99998
Error = :2.91e-03; Runtime: 531.4s; Iterations = 5560, grads =   3.620e-06, unitary_metric = 0.99998
Error = :2.91e-03; Runtime: 533.3s; Iterations = 5580, grads =   5.145e-08, unitary_metric = 0.99998
Error = :2.91e-03; Runtime: 535.2s; Iterations = 5600, grads =   3.329e-08, unitary_metric = 0.99998
Error = :2.91e-03; Runtime: 537.2s; Iterations = 5620, grads =   1.234e-06, unitary_metric = 0.99998
Error = :2.92e-03; Runtime: 539.1s; Iterations = 5640, grads =   7.032e-05, unitary_metric = 0.99998
Error = :2.91e-03; Runtime: 540.9s; Iterations = 5660, grads =   1.517e-05, unitary_metric = 0.99998
Error = :2.91e-03; Runtime: 542.8s; Iterations = 5680, grads =   4.842e-06, unitary_metric = 0.99998
Error = :2.91e-03; Runtime: 544.7s; Iterations = 5700, grads =   2.629e-06, unitary_metric = 0.99998
Error = :2.91e-03; Runtime: 546.7s; Iterations = 5720, grads =   9.891e-07, unitary_metric = 0.99998
Error = :2.91e-03; Runtime: 548.6s; Iterations = 5740, grads =   4.957e-07, unitary_metric = 0.99998
Error = :2.91e-03; Runtime: 550.5s; Iterations = 5760, grads =   5.165e-07, unitary_metric = 0.99999
Error = :2.91e-03; Runtime: 552.3s; Iterations = 5780, grads =   6.754e-08, unitary_metric = 0.99998
Error = :2.91e-03; Runtime: 554.2s; Iterations = 5800, grads =   1.539e-07, unitary_metric = 0.99998
Error = :2.91e-03; Runtime: 556.2s; Iterations = 5820, grads =   4.396e-08, unitary_metric = 0.99998
Error = :2.91e-03; Runtime: 558.1s; Iterations = 5840, grads =   7.633e-07, unitary_metric = 0.99998
Error = :2.91e-03; Runtime: 560.0s; Iterations = 5860, grads =   5.262e-05, unitary_metric = 0.99998
Error = :2.91e-03; Runtime: 561.8s; Iterations = 5880, grads =   5.242e-06, unitary_metric = 0.99998
Error = :2.91e-03; Runtime: 563.7s; Iterations = 5900, grads =   2.394e-05, unitary_metric = 0.99998
Error = :2.91e-03; Runtime: 565.7s; Iterations = 5920, grads =   2.196e-06, unitary_metric = 0.99999
Error = :2.91e-03; Runtime: 567.6s; Iterations = 5940, grads =   2.268e-07, unitary_metric = 0.99998
Error = :2.91e-03; Runtime: 569.4s; Iterations = 5960, grads =   1.028e-07, unitary_metric = 0.99998
Error = :2.91e-03; Runtime: 571.3s; Iterations = 5980, grads =   1.796e-07, unitary_metric = 0.99998
Error = :2.91e-03; Runtime: 573.1s; Iterations = 6000, grads =   3.139e-07, unitary_metric = 0.99998
data saved at: /project/ftchong/qoc/pranav/00013_31_nah_slice_269.h5


trying total_time: 10.0 for unitary of size (4, 4)
data saved at: /project/ftchong/qoc/pranav/00014_31_nah_slice_269.h5
Using 6 Taylor terms and 1 Scaling & Squaring terms
Building graph:
Propagators initialized.
Operators weight initialized.
Intermediate propagation variables initialized.
Intermediate propagators initialized.
Vectors initialized.
Training loss initialized.
Optimizer initialized.
Utilities initialized.
Graph built!
Initialized
Error = :2.02e-01; Runtime: 0.3s; Iterations = 0, grads =   3.392e+00, unitary_metric = 1.00000
Error = :2.36e-02; Runtime: 2.1s; Iterations = 20, grads =   4.988e-01, unitary_metric = 1.00000
Error = :2.50e-03; Runtime: 3.4s; Iterations = 40, grads =   5.406e-02, unitary_metric = 1.00000
Error = :8.15e-04; Runtime: 3.9s; Iterations = 48, grads =   1.725e-02, unitary_metric = 1.00000
data saved at: /project/ftchong/qoc/pranav/00014_31_nah_slice_269.h5


trying total_time: 5.0 for unitary of size (4, 4)
data saved at: /project/ftchong/qoc/pranav/00015_31_nah_slice_269.h5
Using 6 Taylor terms and 1 Scaling & Squaring terms
Building graph:
Propagators initialized.
Operators weight initialized.
Intermediate propagation variables initialized.
Intermediate propagators initialized.
Vectors initialized.
Training loss initialized.
Optimizer initialized.
Utilities initialized.
Graph built!
Initialized
Error = :1.05e-01; Runtime: 0.1s; Iterations = 0, grads =   1.008e+00, unitary_metric = 1.00000
Error = :2.00e-04; Runtime: 1.0s; Iterations = 18, grads =   1.062e-03, unitary_metric = 1.00000
data saved at: /project/ftchong/qoc/pranav/00015_31_nah_slice_269.h5


trying total_time: 2.5 for unitary of size (4, 4)
data saved at: /project/ftchong/qoc/pranav/00016_31_nah_slice_269.h5
Using 6 Taylor terms and 1 Scaling & Squaring terms
Building graph:
Propagators initialized.
Operators weight initialized.
Intermediate propagation variables initialized.
Intermediate propagators initialized.
Vectors initialized.
Training loss initialized.
Optimizer initialized.
Utilities initialized.
Graph built!
Initialized
Error = :5.53e-02; Runtime: 0.1s; Iterations = 0, grads =   2.785e-01, unitary_metric = 1.00000
Error = :7.21e-04; Runtime: 0.4s; Iterations = 9, grads =   3.685e-03, unitary_metric = 1.00000
data saved at: /project/ftchong/qoc/pranav/00016_31_nah_slice_269.h5


trying total_time: 1.25 for unitary of size (4, 4)
data saved at: /project/ftchong/qoc/pranav/00017_31_nah_slice_269.h5
Using 6 Taylor terms and 1 Scaling & Squaring terms
Building graph:
Propagators initialized.
Operators weight initialized.
Intermediate propagation variables initialized.
Intermediate propagators initialized.
Vectors initialized.
Training loss initialized.
Optimizer initialized.
Utilities initialized.
Graph built!
Initialized
Error = :2.49e-02; Runtime: 0.1s; Iterations = 0, grads =   6.179e-02, unitary_metric = 1.00000
Error = :8.12e-04; Runtime: 0.3s; Iterations = 11, grads =   1.602e-03, unitary_metric = 1.00000
data saved at: /project/ftchong/qoc/pranav/00017_31_nah_slice_269.h5


trying total_time: 0.6 for unitary of size (4, 4)
data saved at: /project/ftchong/qoc/pranav/00018_31_nah_slice_269.h5
Using 7 Taylor terms and 0 Scaling & Squaring terms
Building graph:
Propagators initialized.
Operators weight initialized.
Intermediate propagation variables initialized.
Intermediate propagators initialized.
Vectors initialized.
Training loss initialized.
Optimizer initialized.
Utilities initialized.
Graph built!
Initialized
Error = :8.57e-02; Runtime: 0.0s; Iterations = 0, grads =   8.651e-02, unitary_metric = 1.00000
Error = :3.78e-03; Runtime: 0.2s; Iterations = 20, grads =   4.471e-03, unitary_metric = 1.00000
Error = :6.00e-04; Runtime: 0.2s; Iterations = 23, grads =   6.716e-04, unitary_metric = 1.00000
data saved at: /project/ftchong/qoc/pranav/00018_31_nah_slice_269.h5


trying total_time: 0.3 for unitary of size (4, 4)
data saved at: /project/ftchong/qoc/pranav/00019_31_nah_slice_269.h5
Using 5 Taylor terms and 1 Scaling & Squaring terms
Building graph:
Propagators initialized.
Operators weight initialized.
Intermediate propagation variables initialized.
Intermediate propagators initialized.
Vectors initialized.
Training loss initialized.
Optimizer initialized.
Utilities initialized.
Graph built!
Initialized
Error = :2.65e-02; Runtime: 0.0s; Iterations = 0, grads =   1.245e-02, unitary_metric = 1.00000
Error = :6.63e-04; Runtime: 0.1s; Iterations = 12, grads =   2.418e-04, unitary_metric = 1.00000
data saved at: /project/ftchong/qoc/pranav/00019_31_nah_slice_269.h5




[0.3, 5.3, 0.3]
TIME FOR SLICE IS:
5.3
