Running Block:  126


trying total_time: 40.0 for unitary of size (16, 16)
data saved at: /project/ftchong/qoc/pranav/00000_31_nah_slice_126.h5
Using 5 Taylor terms and 4 Scaling & Squaring terms
Building graph:
Propagators initialized.
Operators weight initialized.
Intermediate propagation variables initialized.
Intermediate propagators initialized.
Vectors initialized.
Training loss initialized.
Optimizer initialized.
Utilities initialized.
Graph built!
Initialized
Error = :4.55e-01; Runtime: 1.3s; Iterations = 0, grads =   2.091e+01, unitary_metric = 1.00031
Error = :2.44e-01; Runtime: 18.8s; Iterations = 20, grads =   1.280e+01, unitary_metric = 1.00032
Error = :4.50e-02; Runtime: 33.3s; Iterations = 40, grads =   3.221e+00, unitary_metric = 1.00030
Error = :7.99e-03; Runtime: 47.6s; Iterations = 60, grads =   6.546e-01, unitary_metric = 1.00030
Error = :8.02e-04; Runtime: 54.7s; Iterations = 70, grads =   8.753e-02, unitary_metric = 1.00030
data saved at: /project/ftchong/qoc/pranav/00000_31_nah_slice_126.h5


trying total_time: 20.0 for unitary of size (16, 16)
data saved at: /project/ftchong/qoc/pranav/00001_31_nah_slice_126.h5
Using 7 Taylor terms and 2 Scaling & Squaring terms
Building graph:
Propagators initialized.
Operators weight initialized.
Intermediate propagation variables initialized.
Intermediate propagators initialized.
Vectors initialized.
Training loss initialized.
Optimizer initialized.
Utilities initialized.
Graph built!
Initialized
Error = :2.86e-01; Runtime: 0.6s; Iterations = 0, grads =   8.018e+00, unitary_metric = 1.00001
Error = :3.17e-02; Runtime: 9.4s; Iterations = 20, grads =   9.110e-01, unitary_metric = 1.00001
Error = :4.29e-02; Runtime: 17.0s; Iterations = 40, grads =   1.762e+00, unitary_metric = 1.00001
Error = :6.12e-03; Runtime: 24.3s; Iterations = 60, grads =   2.614e-01, unitary_metric = 1.00001
Error = :6.09e-04; Runtime: 26.5s; Iterations = 66, grads =   2.284e-02, unitary_metric = 1.00001
data saved at: /project/ftchong/qoc/pranav/00001_31_nah_slice_126.h5


trying total_time: 10.0 for unitary of size (16, 16)
data saved at: /project/ftchong/qoc/pranav/00002_31_nah_slice_126.h5
Using 7 Taylor terms and 2 Scaling & Squaring terms
Building graph:
Propagators initialized.
Operators weight initialized.
Intermediate propagation variables initialized.
Intermediate propagators initialized.
Vectors initialized.
Training loss initialized.
Optimizer initialized.
Utilities initialized.
Graph built!
Initialized
Error = :1.77e-01; Runtime: 0.3s; Iterations = 0, grads =   2.996e+00, unitary_metric = 1.00000
Error = :2.56e-02; Runtime: 4.6s; Iterations = 20, grads =   5.399e-01, unitary_metric = 1.00000
Error = :1.45e-03; Runtime: 8.2s; Iterations = 40, grads =   3.123e-02, unitary_metric = 1.00000
Error = :6.86e-04; Runtime: 8.3s; Iterations = 41, grads =   1.397e-02, unitary_metric = 1.00000
data saved at: /project/ftchong/qoc/pranav/00002_31_nah_slice_126.h5


trying total_time: 5.0 for unitary of size (16, 16)
data saved at: /project/ftchong/qoc/pranav/00003_31_nah_slice_126.h5
Using 7 Taylor terms and 2 Scaling & Squaring terms
Building graph:
Propagators initialized.
Operators weight initialized.
Intermediate propagation variables initialized.
Intermediate propagators initialized.
Vectors initialized.
Training loss initialized.
Optimizer initialized.
Utilities initialized.
Graph built!
Initialized
Error = :2.54e-01; Runtime: 0.2s; Iterations = 0, grads =   1.892e+00, unitary_metric = 1.00000
Error = :1.04e-02; Runtime: 2.3s; Iterations = 20, grads =   1.110e-01, unitary_metric = 1.00000
Error = :9.90e-04; Runtime: 3.6s; Iterations = 35, grads =   1.054e-02, unitary_metric = 1.00000
data saved at: /project/ftchong/qoc/pranav/00003_31_nah_slice_126.h5


trying total_time: 2.5 for unitary of size (16, 16)
data saved at: /project/ftchong/qoc/pranav/00004_31_nah_slice_126.h5
Using 8 Taylor terms and 1 Scaling & Squaring terms
Building graph:
Propagators initialized.
Operators weight initialized.
Intermediate propagation variables initialized.
Intermediate propagators initialized.
Vectors initialized.
Training loss initialized.
Optimizer initialized.
Utilities initialized.
Graph built!
Initialized
Error = :1.06e-01; Runtime: 0.1s; Iterations = 0, grads =   4.971e-01, unitary_metric = 1.00000
Error = :1.55e-03; Runtime: 1.2s; Iterations = 20, grads =   7.835e-03, unitary_metric = 1.00000
Error = :7.75e-04; Runtime: 1.6s; Iterations = 28, grads =   4.006e-03, unitary_metric = 1.00000
data saved at: /project/ftchong/qoc/pranav/00004_31_nah_slice_126.h5


trying total_time: 1.25 for unitary of size (16, 16)
data saved at: /project/ftchong/qoc/pranav/00005_31_nah_slice_126.h5
Using 6 Taylor terms and 2 Scaling & Squaring terms
Building graph:
Propagators initialized.
Operators weight initialized.
Intermediate propagation variables initialized.
Intermediate propagators initialized.
Vectors initialized.
Training loss initialized.
Optimizer initialized.
Utilities initialized.
Graph built!
Initialized
Error = :1.31e-01; Runtime: 0.1s; Iterations = 0, grads =   2.865e-01, unitary_metric = 1.00000
Error = :5.95e-03; Runtime: 0.7s; Iterations = 20, grads =   1.553e-02, unitary_metric = 1.00000
Error = :8.97e-04; Runtime: 0.8s; Iterations = 27, grads =   2.199e-03, unitary_metric = 1.00000
data saved at: /project/ftchong/qoc/pranav/00005_31_nah_slice_126.h5


trying total_time: 0.6 for unitary of size (16, 16)
data saved at: /project/ftchong/qoc/pranav/00006_31_nah_slice_126.h5
Using 6 Taylor terms and 2 Scaling & Squaring terms
Building graph:
Propagators initialized.
Operators weight initialized.
Intermediate propagation variables initialized.
Intermediate propagators initialized.
Vectors initialized.
Training loss initialized.
Optimizer initialized.
Utilities initialized.
Graph built!
Initialized
Error = :1.96e-01; Runtime: 0.1s; Iterations = 0, grads =   1.824e-01, unitary_metric = 1.00000
Error = :6.79e-03; Runtime: 0.4s; Iterations = 20, grads =   8.264e-03, unitary_metric = 1.00000
Error = :7.63e-04; Runtime: 0.6s; Iterations = 38, grads =   9.128e-04, unitary_metric = 1.00000
data saved at: /project/ftchong/qoc/pranav/00006_31_nah_slice_126.h5


trying total_time: 0.3 for unitary of size (16, 16)
data saved at: /project/ftchong/qoc/pranav/00007_31_nah_slice_126.h5
Using 7 Taylor terms and 1 Scaling & Squaring terms
Building graph:
Propagators initialized.
Operators weight initialized.
Intermediate propagation variables initialized.
Intermediate propagators initialized.
Vectors initialized.
Training loss initialized.
Optimizer initialized.
Utilities initialized.
Graph built!
Initialized
Error = :1.34e-01; Runtime: 0.1s; Iterations = 0, grads =   5.617e-02, unitary_metric = 1.00000
Error = :3.07e-03; Runtime: 0.3s; Iterations = 20, grads =   1.344e-03, unitary_metric = 1.00000
Error = :1.35e-03; Runtime: 0.4s; Iterations = 40, grads =   6.830e-04, unitary_metric = 1.00000
Error = :9.13e-04; Runtime: 0.4s; Iterations = 42, grads =   4.486e-04, unitary_metric = 1.00000
data saved at: /project/ftchong/qoc/pranav/00007_31_nah_slice_126.h5


trying total_time: 40.0 for unitary of size (16, 16)
data saved at: /project/ftchong/qoc/pranav/00008_31_nah_slice_126.h5
Using 5 Taylor terms and 4 Scaling & Squaring terms
Building graph:
Propagators initialized.
Operators weight initialized.
Intermediate propagation variables initialized.
Intermediate propagators initialized.
Vectors initialized.
Training loss initialized.
Optimizer initialized.
Utilities initialized.
Graph built!
Initialized
Error = :9.43e-01; Runtime: 1.4s; Iterations = 0, grads =   1.283e-01, unitary_metric = 1.00035
Error = :5.61e-01; Runtime: 18.6s; Iterations = 20, grads =   1.163e+00, unitary_metric = 1.00026
Error = :3.09e-02; Runtime: 33.5s; Iterations = 40, grads =   8.864e-01, unitary_metric = 1.00024
Error = :7.99e-03; Runtime: 48.4s; Iterations = 60, grads =   2.172e-01, unitary_metric = 1.00025
Error = :3.68e-03; Runtime: 63.3s; Iterations = 80, grads =   2.126e-01, unitary_metric = 1.00024
Error = :3.55e-04; Runtime: 75.9s; Iterations = 97, grads =   2.290e-02, unitary_metric = 1.00025
data saved at: /project/ftchong/qoc/pranav/00008_31_nah_slice_126.h5


trying total_time: 20.0 for unitary of size (16, 16)
data saved at: /project/ftchong/qoc/pranav/00009_31_nah_slice_126.h5
Using 7 Taylor terms and 2 Scaling & Squaring terms
Building graph:
Propagators initialized.
Operators weight initialized.
Intermediate propagation variables initialized.
Intermediate propagators initialized.
Vectors initialized.
Training loss initialized.
Optimizer initialized.
Utilities initialized.
Graph built!
Initialized
Error = :9.53e-01; Runtime: 0.7s; Iterations = 0, grads =   6.045e-02, unitary_metric = 1.00001
Error = :6.78e-01; Runtime: 9.1s; Iterations = 20, grads =   6.706e-02, unitary_metric = 1.00001
Error = :3.65e-01; Runtime: 16.4s; Iterations = 40, grads =   6.095e-02, unitary_metric = 1.00000
Error = :3.29e-01; Runtime: 23.7s; Iterations = 60, grads =   1.094e-02, unitary_metric = 1.00000
Error = :1.17e-01; Runtime: 31.0s; Iterations = 80, grads =   1.498e-02, unitary_metric = 1.00000
Error = :1.53e-02; Runtime: 38.2s; Iterations = 100, grads =   1.433e-01, unitary_metric = 1.00000
Error = :7.00e-04; Runtime: 44.2s; Iterations = 115, grads =   5.570e-03, unitary_metric = 1.00000
data saved at: /project/ftchong/qoc/pranav/00009_31_nah_slice_126.h5


trying total_time: 10.0 for unitary of size (16, 16)
data saved at: /project/ftchong/qoc/pranav/00010_31_nah_slice_126.h5
Using 7 Taylor terms and 2 Scaling & Squaring terms
Building graph:
Propagators initialized.
Operators weight initialized.
Intermediate propagation variables initialized.
Intermediate propagators initialized.
Vectors initialized.
Training loss initialized.
Optimizer initialized.
Utilities initialized.
Graph built!
Initialized
Error = :9.81e-01; Runtime: 0.3s; Iterations = 0, grads =   1.242e-02, unitary_metric = 1.00001
Error = :6.88e-01; Runtime: 4.4s; Iterations = 20, grads =   3.723e-02, unitary_metric = 1.00000
Error = :3.80e-01; Runtime: 7.9s; Iterations = 40, grads =   1.712e-02, unitary_metric = 0.99999
Error = :3.34e-01; Runtime: 11.5s; Iterations = 60, grads =   1.234e-03, unitary_metric = 0.99999
Error = :2.47e-01; Runtime: 14.9s; Iterations = 80, grads =   2.563e-03, unitary_metric = 0.99999
Error = :6.19e-02; Runtime: 18.5s; Iterations = 100, grads =   1.113e-01, unitary_metric = 0.99999
Error = :3.06e-03; Runtime: 22.2s; Iterations = 120, grads =   1.631e-02, unitary_metric = 0.99999
Error = :7.74e-04; Runtime: 24.0s; Iterations = 130, grads =   3.928e-03, unitary_metric = 0.99999
data saved at: /project/ftchong/qoc/pranav/00010_31_nah_slice_126.h5


trying total_time: 5.0 for unitary of size (16, 16)
data saved at: /project/ftchong/qoc/pranav/00011_31_nah_slice_126.h5
Using 7 Taylor terms and 2 Scaling & Squaring terms
Building graph:
Propagators initialized.
Operators weight initialized.
Intermediate propagation variables initialized.
Intermediate propagators initialized.
Vectors initialized.
Training loss initialized.
Optimizer initialized.
Utilities initialized.
Graph built!
Initialized
Error = :9.31e-01; Runtime: 0.2s; Iterations = 0, grads =   1.316e-02, unitary_metric = 1.00000
Error = :7.05e-01; Runtime: 2.3s; Iterations = 20, grads =   7.165e-03, unitary_metric = 1.00000
Error = :6.25e-01; Runtime: 4.0s; Iterations = 40, grads =   2.128e-03, unitary_metric = 1.00000
Error = :4.11e-01; Runtime: 5.8s; Iterations = 60, grads =   1.034e-03, unitary_metric = 0.99999
Error = :3.45e-01; Runtime: 7.5s; Iterations = 80, grads =   1.164e-04, unitary_metric = 0.99999
Error = :3.39e-01; Runtime: 9.3s; Iterations = 100, grads =   1.542e-05, unitary_metric = 0.99999
Error = :3.34e-01; Runtime: 11.2s; Iterations = 120, grads =   5.538e-05, unitary_metric = 0.99999
Error = :3.10e-01; Runtime: 13.0s; Iterations = 140, grads =   1.772e-03, unitary_metric = 0.99999
Error = :2.46e-01; Runtime: 14.8s; Iterations = 160, grads =   3.637e-04, unitary_metric = 0.99999
Error = :1.78e-01; Runtime: 16.5s; Iterations = 180, grads =   3.086e-04, unitary_metric = 0.99999
Error = :1.39e-01; Runtime: 18.3s; Iterations = 200, grads =   3.122e-03, unitary_metric = 0.99999
Error = :1.16e-01; Runtime: 20.2s; Iterations = 220, grads =   3.604e-04, unitary_metric = 0.99999
Error = :9.92e-02; Runtime: 21.9s; Iterations = 240, grads =   1.252e-04, unitary_metric = 0.99999
Error = :8.51e-02; Runtime: 23.7s; Iterations = 260, grads =   4.325e-05, unitary_metric = 0.99999
Error = :7.45e-02; Runtime: 25.4s; Iterations = 280, grads =   3.396e-05, unitary_metric = 0.99999
Error = :6.79e-02; Runtime: 27.2s; Iterations = 300, grads =   4.372e-03, unitary_metric = 0.99999
Error = :6.27e-02; Runtime: 29.1s; Iterations = 320, grads =   2.593e-04, unitary_metric = 0.99999
Error = :5.90e-02; Runtime: 30.9s; Iterations = 340, grads =   2.799e-05, unitary_metric = 0.99999
Error = :5.61e-02; Runtime: 32.6s; Iterations = 360, grads =   1.841e-05, unitary_metric = 0.99999
Error = :5.38e-02; Runtime: 34.4s; Iterations = 380, grads =   6.746e-06, unitary_metric = 0.99999
Error = :5.19e-02; Runtime: 36.1s; Iterations = 400, grads =   5.618e-06, unitary_metric = 0.99999
Error = :5.03e-02; Runtime: 38.0s; Iterations = 420, grads =   2.124e-05, unitary_metric = 0.99999
Error = :4.91e-02; Runtime: 39.8s; Iterations = 440, grads =   9.137e-04, unitary_metric = 0.99999
Error = :4.79e-02; Runtime: 41.5s; Iterations = 460, grads =   1.401e-04, unitary_metric = 0.99999
Error = :4.69e-02; Runtime: 43.2s; Iterations = 480, grads =   3.505e-05, unitary_metric = 0.99999
Error = :4.61e-02; Runtime: 45.0s; Iterations = 500, grads =   2.840e-06, unitary_metric = 0.99999
Error = :4.54e-02; Runtime: 46.9s; Iterations = 520, grads =   5.097e-06, unitary_metric = 0.99999
Error = :4.48e-02; Runtime: 48.6s; Iterations = 540, grads =   2.305e-04, unitary_metric = 0.99999
Error = :4.42e-02; Runtime: 50.4s; Iterations = 560, grads =   3.193e-06, unitary_metric = 0.99999
Error = :4.37e-02; Runtime: 52.1s; Iterations = 580, grads =   3.098e-06, unitary_metric = 0.99999
Error = :4.32e-02; Runtime: 53.9s; Iterations = 600, grads =   1.004e-05, unitary_metric = 0.99998
Error = :4.29e-02; Runtime: 55.8s; Iterations = 620, grads =   2.611e-03, unitary_metric = 0.99999
Error = :4.20e-02; Runtime: 57.5s; Iterations = 640, grads =   2.063e-04, unitary_metric = 0.99999
Error = :4.14e-02; Runtime: 59.3s; Iterations = 660, grads =   9.015e-06, unitary_metric = 0.99999
Error = :4.12e-02; Runtime: 61.0s; Iterations = 680, grads =   1.802e-03, unitary_metric = 0.99999
Error = :4.06e-02; Runtime: 62.8s; Iterations = 700, grads =   9.097e-05, unitary_metric = 0.99999
Error = :4.02e-02; Runtime: 64.7s; Iterations = 720, grads =   1.146e-05, unitary_metric = 0.99999
Error = :3.99e-02; Runtime: 66.4s; Iterations = 740, grads =   2.362e-06, unitary_metric = 0.99999
Error = :3.97e-02; Runtime: 68.1s; Iterations = 760, grads =   1.144e-06, unitary_metric = 0.99999
Error = :3.94e-02; Runtime: 69.9s; Iterations = 780, grads =   8.732e-07, unitary_metric = 0.99999
Error = :3.92e-02; Runtime: 71.6s; Iterations = 800, grads =   8.192e-07, unitary_metric = 0.99999
Error = :3.90e-02; Runtime: 73.5s; Iterations = 820, grads =   1.879e-06, unitary_metric = 0.99999
Error = :3.88e-02; Runtime: 75.3s; Iterations = 840, grads =   3.804e-06, unitary_metric = 0.99999
Error = :3.88e-02; Runtime: 77.0s; Iterations = 860, grads =   2.473e-03, unitary_metric = 0.99999
Error = :3.84e-02; Runtime: 78.8s; Iterations = 880, grads =   2.505e-04, unitary_metric = 0.99999
Error = :3.82e-02; Runtime: 80.5s; Iterations = 900, grads =   4.916e-05, unitary_metric = 0.99999
Error = :3.81e-02; Runtime: 82.5s; Iterations = 920, grads =   5.044e-06, unitary_metric = 0.99999
Error = :3.79e-02; Runtime: 84.2s; Iterations = 940, grads =   9.725e-07, unitary_metric = 0.99999
Error = :3.78e-02; Runtime: 85.9s; Iterations = 960, grads =   3.685e-07, unitary_metric = 0.99999
Error = :3.77e-02; Runtime: 87.7s; Iterations = 980, grads =   3.056e-07, unitary_metric = 0.99999
Error = :3.76e-02; Runtime: 89.4s; Iterations = 1000, grads =   2.987e-07, unitary_metric = 0.99999
Error = :3.75e-02; Runtime: 91.3s; Iterations = 1020, grads =   7.323e-07, unitary_metric = 0.99999
Error = :3.77e-02; Runtime: 93.1s; Iterations = 1040, grads =   2.052e-03, unitary_metric = 0.99999
Error = :3.74e-02; Runtime: 94.8s; Iterations = 1060, grads =   1.457e-05, unitary_metric = 0.99999
Error = :3.74e-02; Runtime: 96.6s; Iterations = 1080, grads =   7.299e-04, unitary_metric = 0.99999
Error = :3.73e-02; Runtime: 98.3s; Iterations = 1100, grads =   2.462e-04, unitary_metric = 0.99998
Error = :3.72e-02; Runtime: 100.2s; Iterations = 1120, grads =   1.674e-05, unitary_metric = 0.99999
Error = :3.71e-02; Runtime: 102.0s; Iterations = 1140, grads =   4.954e-06, unitary_metric = 0.99999
Error = :3.71e-02; Runtime: 103.7s; Iterations = 1160, grads =   6.337e-07, unitary_metric = 0.99999
Error = :3.70e-02; Runtime: 105.5s; Iterations = 1180, grads =   1.369e-07, unitary_metric = 0.99998
Error = :3.70e-02; Runtime: 107.2s; Iterations = 1200, grads =   1.436e-07, unitary_metric = 0.99998
Error = :3.69e-02; Runtime: 109.2s; Iterations = 1220, grads =   1.178e-07, unitary_metric = 0.99998
Error = :3.69e-02; Runtime: 111.0s; Iterations = 1240, grads =   1.082e-07, unitary_metric = 0.99998
Error = :3.69e-02; Runtime: 112.7s; Iterations = 1260, grads =   1.019e-07, unitary_metric = 0.99998
Error = :3.68e-02; Runtime: 114.5s; Iterations = 1280, grads =   1.197e-06, unitary_metric = 0.99998
Error = :3.69e-02; Runtime: 116.3s; Iterations = 1300, grads =   1.307e-03, unitary_metric = 0.99998
Error = :3.68e-02; Runtime: 118.2s; Iterations = 1320, grads =   2.764e-04, unitary_metric = 0.99999
Error = :3.69e-02; Runtime: 120.0s; Iterations = 1340, grads =   8.351e-04, unitary_metric = 0.99998
Error = :3.67e-02; Runtime: 121.8s; Iterations = 1360, grads =   1.266e-04, unitary_metric = 0.99998
Error = :3.67e-02; Runtime: 123.5s; Iterations = 1380, grads =   5.908e-06, unitary_metric = 0.99998
Error = :3.67e-02; Runtime: 125.3s; Iterations = 1400, grads =   2.511e-06, unitary_metric = 0.99999
Error = :3.67e-02; Runtime: 127.2s; Iterations = 1420, grads =   1.476e-07, unitary_metric = 0.99998
Error = :3.67e-02; Runtime: 129.0s; Iterations = 1440, grads =   9.360e-08, unitary_metric = 0.99998
Error = :3.66e-02; Runtime: 130.8s; Iterations = 1460, grads =   1.027e-07, unitary_metric = 0.99998
Error = :3.66e-02; Runtime: 132.5s; Iterations = 1480, grads =   1.182e-07, unitary_metric = 0.99998
Error = :3.66e-02; Runtime: 134.3s; Iterations = 1500, grads =   2.503e-06, unitary_metric = 0.99998
Error = :3.68e-02; Runtime: 136.3s; Iterations = 1520, grads =   1.292e-03, unitary_metric = 0.99998
Error = :3.66e-02; Runtime: 138.1s; Iterations = 1540, grads =   1.763e-04, unitary_metric = 0.99998
Error = :3.66e-02; Runtime: 139.8s; Iterations = 1560, grads =   4.410e-06, unitary_metric = 0.99999
Error = :3.68e-02; Runtime: 141.6s; Iterations = 1580, grads =   9.065e-04, unitary_metric = 0.99999
Error = :3.66e-02; Runtime: 143.4s; Iterations = 1600, grads =   2.493e-06, unitary_metric = 0.99999
Error = :3.65e-02; Runtime: 145.3s; Iterations = 1620, grads =   1.094e-05, unitary_metric = 0.99999
Error = :3.64e-02; Runtime: 147.1s; Iterations = 1640, grads =   6.544e-07, unitary_metric = 0.99999
Error = :3.63e-02; Runtime: 148.8s; Iterations = 1660, grads =   5.726e-07, unitary_metric = 0.99998
Error = :3.63e-02; Runtime: 150.6s; Iterations = 1680, grads =   3.765e-07, unitary_metric = 0.99999
Error = :3.62e-02; Runtime: 152.3s; Iterations = 1700, grads =   3.053e-07, unitary_metric = 0.99998
Error = :3.61e-02; Runtime: 154.2s; Iterations = 1720, grads =   9.965e-07, unitary_metric = 0.99998
Error = :3.61e-02; Runtime: 156.0s; Iterations = 1740, grads =   1.054e-03, unitary_metric = 0.99999
Error = :3.60e-02; Runtime: 157.8s; Iterations = 1760, grads =   2.434e-04, unitary_metric = 0.99999
Error = :3.60e-02; Runtime: 159.5s; Iterations = 1780, grads =   2.561e-05, unitary_metric = 0.99998
Error = :3.59e-02; Runtime: 161.3s; Iterations = 1800, grads =   1.146e-06, unitary_metric = 0.99999
Error = :3.60e-02; Runtime: 163.2s; Iterations = 1820, grads =   6.948e-04, unitary_metric = 0.99999
Error = :3.59e-02; Runtime: 164.9s; Iterations = 1840, grads =   1.030e-04, unitary_metric = 0.99999
Error = :3.59e-02; Runtime: 166.7s; Iterations = 1860, grads =   3.565e-06, unitary_metric = 0.99999
Error = :3.58e-02; Runtime: 168.4s; Iterations = 1880, grads =   6.505e-07, unitary_metric = 0.99999
Error = :3.58e-02; Runtime: 170.2s; Iterations = 1900, grads =   1.298e-07, unitary_metric = 0.99999
Error = :3.58e-02; Runtime: 172.1s; Iterations = 1920, grads =   5.244e-08, unitary_metric = 0.99998
Error = :3.58e-02; Runtime: 173.8s; Iterations = 1940, grads =   4.284e-08, unitary_metric = 0.99999
Error = :3.58e-02; Runtime: 175.6s; Iterations = 1960, grads =   3.816e-08, unitary_metric = 0.99998
Error = :3.58e-02; Runtime: 177.3s; Iterations = 1980, grads =   4.071e-08, unitary_metric = 0.99998
Error = :3.58e-02; Runtime: 179.1s; Iterations = 2000, grads =   1.652e-07, unitary_metric = 0.99999
Error = :3.58e-02; Runtime: 181.0s; Iterations = 2020, grads =   6.126e-05, unitary_metric = 0.99999
Error = :3.58e-02; Runtime: 182.7s; Iterations = 2040, grads =   3.530e-04, unitary_metric = 0.99999
Error = :3.58e-02; Runtime: 184.5s; Iterations = 2060, grads =   5.607e-04, unitary_metric = 0.99999
Error = :3.57e-02; Runtime: 186.2s; Iterations = 2080, grads =   5.926e-05, unitary_metric = 0.99999
Error = :3.57e-02; Runtime: 188.0s; Iterations = 2100, grads =   3.605e-06, unitary_metric = 0.99999
Error = :3.57e-02; Runtime: 189.9s; Iterations = 2120, grads =   3.608e-07, unitary_metric = 0.99999
Error = :3.57e-02; Runtime: 191.6s; Iterations = 2140, grads =   1.003e-07, unitary_metric = 0.99999
Error = :3.57e-02; Runtime: 193.4s; Iterations = 2160, grads =   4.222e-08, unitary_metric = 0.99999
Error = :3.57e-02; Runtime: 195.1s; Iterations = 2180, grads =   2.953e-08, unitary_metric = 0.99999
Error = :3.57e-02; Runtime: 196.9s; Iterations = 2200, grads =   3.281e-08, unitary_metric = 0.99999
Error = :3.57e-02; Runtime: 198.8s; Iterations = 2220, grads =   4.124e-08, unitary_metric = 0.99999
Error = :3.57e-02; Runtime: 200.5s; Iterations = 2240, grads =   5.268e-08, unitary_metric = 0.99999
Error = :3.57e-02; Runtime: 202.3s; Iterations = 2260, grads =   8.551e-08, unitary_metric = 0.99998
Error = :3.58e-02; Runtime: 204.0s; Iterations = 2280, grads =   4.596e-06, unitary_metric = 0.99999
Error = :3.59e-02; Runtime: 205.8s; Iterations = 2300, grads =   8.380e-04, unitary_metric = 0.99998
Error = :3.58e-02; Runtime: 207.7s; Iterations = 2320, grads =   1.800e-05, unitary_metric = 0.99998
Error = :3.57e-02; Runtime: 209.4s; Iterations = 2340, grads =   2.434e-05, unitary_metric = 0.99998
Error = :3.57e-02; Runtime: 211.2s; Iterations = 2360, grads =   1.744e-06, unitary_metric = 0.99999
Error = :3.56e-02; Runtime: 212.9s; Iterations = 2380, grads =   5.549e-07, unitary_metric = 0.99998
Error = :3.56e-02; Runtime: 214.7s; Iterations = 2400, grads =   2.437e-07, unitary_metric = 0.99999
Error = :3.55e-02; Runtime: 216.6s; Iterations = 2420, grads =   2.043e-07, unitary_metric = 0.99999
Error = :3.54e-02; Runtime: 218.3s; Iterations = 2440, grads =   1.670e-07, unitary_metric = 0.99999
Error = :3.54e-02; Runtime: 220.1s; Iterations = 2460, grads =   1.381e-07, unitary_metric = 0.99999
Error = :3.54e-02; Runtime: 221.8s; Iterations = 2480, grads =   1.169e-07, unitary_metric = 0.99999
Error = :3.53e-02; Runtime: 223.6s; Iterations = 2500, grads =   1.003e-07, unitary_metric = 0.99999
Error = :3.53e-02; Runtime: 225.5s; Iterations = 2520, grads =   9.161e-08, unitary_metric = 0.99999
Error = :3.53e-02; Runtime: 227.2s; Iterations = 2540, grads =   2.228e-07, unitary_metric = 0.99998
Error = :3.53e-02; Runtime: 229.0s; Iterations = 2560, grads =   4.239e-05, unitary_metric = 0.99998
Error = :3.53e-02; Runtime: 230.7s; Iterations = 2580, grads =   1.108e-04, unitary_metric = 0.99998
Error = :3.52e-02; Runtime: 232.5s; Iterations = 2600, grads =   5.933e-05, unitary_metric = 0.99998
Error = :3.52e-02; Runtime: 234.4s; Iterations = 2620, grads =   8.937e-06, unitary_metric = 0.99998
Error = :3.52e-02; Runtime: 236.1s; Iterations = 2640, grads =   6.462e-07, unitary_metric = 0.99998
Error = :3.52e-02; Runtime: 237.9s; Iterations = 2660, grads =   1.775e-07, unitary_metric = 0.99998
Error = :3.52e-02; Runtime: 239.6s; Iterations = 2680, grads =   7.816e-08, unitary_metric = 0.99998
Error = :3.52e-02; Runtime: 241.4s; Iterations = 2700, grads =   3.875e-08, unitary_metric = 0.99998
Error = :3.52e-02; Runtime: 243.3s; Iterations = 2720, grads =   3.612e-08, unitary_metric = 0.99998
Error = :3.51e-02; Runtime: 245.1s; Iterations = 2740, grads =   3.648e-08, unitary_metric = 0.99998
Error = :3.51e-02; Runtime: 246.8s; Iterations = 2760, grads =   3.231e-08, unitary_metric = 0.99998
Error = :3.51e-02; Runtime: 248.5s; Iterations = 2780, grads =   3.529e-08, unitary_metric = 0.99998
Error = :3.51e-02; Runtime: 250.3s; Iterations = 2800, grads =   2.002e-06, unitary_metric = 0.99998
Error = :3.52e-02; Runtime: 252.2s; Iterations = 2820, grads =   7.659e-04, unitary_metric = 0.99999
Error = :3.51e-02; Runtime: 253.9s; Iterations = 2840, grads =   7.635e-05, unitary_metric = 0.99998
Error = :3.51e-02; Runtime: 255.7s; Iterations = 2860, grads =   1.278e-05, unitary_metric = 0.99999
Error = :3.51e-02; Runtime: 257.4s; Iterations = 2880, grads =   9.346e-07, unitary_metric = 0.99998
Error = :3.51e-02; Runtime: 259.2s; Iterations = 2900, grads =   9.551e-08, unitary_metric = 0.99999
Error = :3.51e-02; Runtime: 261.1s; Iterations = 2920, grads =   3.863e-08, unitary_metric = 0.99998
Error = :3.51e-02; Runtime: 262.9s; Iterations = 2940, grads =   2.341e-08, unitary_metric = 0.99998
Error = :3.51e-02; Runtime: 264.6s; Iterations = 2960, grads =   1.988e-08, unitary_metric = 0.99999
Error = :3.51e-02; Runtime: 266.4s; Iterations = 2980, grads =   1.824e-08, unitary_metric = 0.99999
Error = :3.51e-02; Runtime: 268.1s; Iterations = 3000, grads =   1.779e-08, unitary_metric = 0.99998
Error = :3.50e-02; Runtime: 270.1s; Iterations = 3020, grads =   1.800e-08, unitary_metric = 0.99999
Error = :3.50e-02; Runtime: 271.9s; Iterations = 3040, grads =   3.526e-08, unitary_metric = 0.99999
Error = :3.50e-02; Runtime: 273.6s; Iterations = 3060, grads =   2.349e-06, unitary_metric = 0.99999
Error = :3.51e-02; Runtime: 275.4s; Iterations = 3080, grads =   3.756e-04, unitary_metric = 0.99999
Error = :3.50e-02; Runtime: 277.1s; Iterations = 3100, grads =   4.873e-05, unitary_metric = 0.99999
Error = :3.50e-02; Runtime: 279.0s; Iterations = 3120, grads =   3.941e-06, unitary_metric = 0.99999
Error = :3.50e-02; Runtime: 280.8s; Iterations = 3140, grads =   1.790e-07, unitary_metric = 0.99999
Error = :3.50e-02; Runtime: 282.5s; Iterations = 3160, grads =   1.922e-07, unitary_metric = 0.99999
Error = :3.50e-02; Runtime: 284.3s; Iterations = 3180, grads =   3.104e-08, unitary_metric = 0.99999
Error = :3.50e-02; Runtime: 286.0s; Iterations = 3200, grads =   1.915e-08, unitary_metric = 0.99998
Error = :3.50e-02; Runtime: 287.9s; Iterations = 3220, grads =   1.434e-08, unitary_metric = 0.99998
Error = :3.50e-02; Runtime: 289.7s; Iterations = 3240, grads =   1.328e-08, unitary_metric = 0.99999
Error = :3.50e-02; Runtime: 291.4s; Iterations = 3260, grads =   1.527e-08, unitary_metric = 0.99999
Error = :3.50e-02; Runtime: 293.1s; Iterations = 3280, grads =   1.017e-07, unitary_metric = 0.99999
Error = :3.50e-02; Runtime: 294.9s; Iterations = 3300, grads =   2.207e-05, unitary_metric = 0.99999
Error = :3.50e-02; Runtime: 296.8s; Iterations = 3320, grads =   3.193e-05, unitary_metric = 0.99998
Error = :3.51e-02; Runtime: 298.5s; Iterations = 3340, grads =   4.013e-04, unitary_metric = 0.99998
Error = :3.50e-02; Runtime: 300.3s; Iterations = 3360, grads =   8.816e-06, unitary_metric = 0.99999
Error = :3.50e-02; Runtime: 302.0s; Iterations = 3380, grads =   5.081e-06, unitary_metric = 0.99999
Error = :3.50e-02; Runtime: 303.8s; Iterations = 3400, grads =   2.366e-07, unitary_metric = 0.99999
Error = :3.50e-02; Runtime: 305.7s; Iterations = 3420, grads =   6.778e-08, unitary_metric = 0.99998
Error = :3.50e-02; Runtime: 307.4s; Iterations = 3440, grads =   1.271e-08, unitary_metric = 0.99998
Error = :3.50e-02; Runtime: 309.2s; Iterations = 3460, grads =   1.225e-08, unitary_metric = 0.99998
Error = :3.50e-02; Runtime: 310.9s; Iterations = 3480, grads =   1.144e-08, unitary_metric = 0.99998
Error = :3.49e-02; Runtime: 312.7s; Iterations = 3500, grads =   1.124e-08, unitary_metric = 0.99998
Error = :3.49e-02; Runtime: 314.6s; Iterations = 3520, grads =   1.520e-08, unitary_metric = 0.99999
Error = :3.49e-02; Runtime: 316.3s; Iterations = 3540, grads =   1.319e-07, unitary_metric = 0.99998
Error = :3.49e-02; Runtime: 318.1s; Iterations = 3560, grads =   1.826e-05, unitary_metric = 0.99998
Error = :3.49e-02; Runtime: 319.8s; Iterations = 3580, grads =   5.771e-06, unitary_metric = 0.99998
Error = :3.49e-02; Runtime: 321.6s; Iterations = 3600, grads =   4.110e-07, unitary_metric = 0.99999
Error = :3.49e-02; Runtime: 323.5s; Iterations = 3620, grads =   1.103e-08, unitary_metric = 0.99999
Error = :3.49e-02; Runtime: 325.2s; Iterations = 3640, grads =   7.366e-08, unitary_metric = 0.99999
Error = :3.49e-02; Runtime: 327.0s; Iterations = 3660, grads =   5.606e-08, unitary_metric = 0.99999
Error = :3.49e-02; Runtime: 328.7s; Iterations = 3680, grads =   1.669e-06, unitary_metric = 0.99998
Error = :3.49e-02; Runtime: 330.5s; Iterations = 3700, grads =   1.431e-04, unitary_metric = 0.99998
Error = :3.49e-02; Runtime: 332.4s; Iterations = 3720, grads =   1.349e-05, unitary_metric = 0.99999
Error = :3.49e-02; Runtime: 334.1s; Iterations = 3740, grads =   1.277e-06, unitary_metric = 0.99999
Error = :3.49e-02; Runtime: 335.9s; Iterations = 3760, grads =   4.073e-08, unitary_metric = 0.99999
Error = :3.49e-02; Runtime: 337.6s; Iterations = 3780, grads =   2.928e-08, unitary_metric = 0.99999
Error = :3.49e-02; Runtime: 339.4s; Iterations = 3800, grads =   6.384e-07, unitary_metric = 0.99999
Error = :3.49e-02; Runtime: 341.3s; Iterations = 3820, grads =   2.227e-04, unitary_metric = 0.99998
Error = :3.49e-02; Runtime: 343.1s; Iterations = 3840, grads =   1.327e-05, unitary_metric = 0.99998
Error = :3.49e-02; Runtime: 344.8s; Iterations = 3860, grads =   5.077e-06, unitary_metric = 0.99999
Error = :3.49e-02; Runtime: 346.6s; Iterations = 3880, grads =   7.226e-07, unitary_metric = 0.99998
Error = :3.49e-02; Runtime: 348.3s; Iterations = 3900, grads =   1.074e-07, unitary_metric = 0.99999
Error = :3.49e-02; Runtime: 350.2s; Iterations = 3920, grads =   1.769e-07, unitary_metric = 0.99998
Error = :3.49e-02; Runtime: 352.0s; Iterations = 3940, grads =   5.019e-05, unitary_metric = 0.99999
Error = :3.49e-02; Runtime: 353.8s; Iterations = 3960, grads =   2.273e-05, unitary_metric = 0.99999
Error = :3.49e-02; Runtime: 355.5s; Iterations = 3980, grads =   1.060e-06, unitary_metric = 0.99999
Error = :3.49e-02; Runtime: 357.3s; Iterations = 4000, grads =   6.451e-08, unitary_metric = 0.99999
Error = :3.49e-02; Runtime: 359.2s; Iterations = 4020, grads =   2.477e-08, unitary_metric = 0.99998
Error = :3.49e-02; Runtime: 360.9s; Iterations = 4040, grads =   1.819e-08, unitary_metric = 0.99999
Error = :3.49e-02; Runtime: 362.7s; Iterations = 4060, grads =   2.536e-08, unitary_metric = 0.99998
Error = :3.49e-02; Runtime: 364.4s; Iterations = 4080, grads =   1.018e-06, unitary_metric = 0.99999
Error = :3.49e-02; Runtime: 366.2s; Iterations = 4100, grads =   1.618e-04, unitary_metric = 0.99999
Error = :3.49e-02; Runtime: 368.4s; Iterations = 4120, grads =   7.330e-07, unitary_metric = 0.99999
Error = :3.49e-02; Runtime: 370.1s; Iterations = 4140, grads =   7.947e-09, unitary_metric = 0.99999
Error = :3.49e-02; Runtime: 371.9s; Iterations = 4160, grads =   1.178e-07, unitary_metric = 0.99999
Error = :3.49e-02; Runtime: 373.6s; Iterations = 4180, grads =   8.271e-08, unitary_metric = 0.99999
Error = :3.49e-02; Runtime: 375.4s; Iterations = 4200, grads =   9.945e-07, unitary_metric = 0.99999
Error = :3.49e-02; Runtime: 377.3s; Iterations = 4220, grads =   1.061e-04, unitary_metric = 0.99998
Error = :3.49e-02; Runtime: 379.1s; Iterations = 4240, grads =   4.634e-06, unitary_metric = 0.99999
Error = :3.49e-02; Runtime: 380.8s; Iterations = 4260, grads =   2.525e-07, unitary_metric = 0.99999
Error = :3.49e-02; Runtime: 382.6s; Iterations = 4280, grads =   1.696e-08, unitary_metric = 0.99999
Error = :3.49e-02; Runtime: 384.3s; Iterations = 4300, grads =   3.315e-08, unitary_metric = 0.99999
Error = :3.49e-02; Runtime: 386.3s; Iterations = 4320, grads =   7.182e-08, unitary_metric = 0.99998
Error = :3.49e-02; Runtime: 388.0s; Iterations = 4340, grads =   1.997e-05, unitary_metric = 0.99998
Error = :3.49e-02; Runtime: 389.8s; Iterations = 4360, grads =   5.222e-05, unitary_metric = 0.99998
Error = :3.49e-02; Runtime: 391.6s; Iterations = 4380, grads =   8.063e-06, unitary_metric = 0.99998
Error = :3.49e-02; Runtime: 393.3s; Iterations = 4400, grads =   8.370e-07, unitary_metric = 0.99999
Error = :3.49e-02; Runtime: 395.2s; Iterations = 4420, grads =   1.108e-07, unitary_metric = 0.99999
Error = :3.49e-02; Runtime: 397.0s; Iterations = 4440, grads =   5.135e-07, unitary_metric = 0.99999
Error = :3.49e-02; Runtime: 398.7s; Iterations = 4460, grads =   6.332e-05, unitary_metric = 0.99999
Error = :3.49e-02; Runtime: 400.5s; Iterations = 4480, grads =   2.666e-06, unitary_metric = 0.99999
Error = :3.49e-02; Runtime: 402.2s; Iterations = 4500, grads =   1.247e-06, unitary_metric = 0.99999
Error = :3.49e-02; Runtime: 404.2s; Iterations = 4520, grads =   2.104e-07, unitary_metric = 0.99999
Error = :3.49e-02; Runtime: 405.9s; Iterations = 4540, grads =   6.063e-09, unitary_metric = 0.99999
Error = :3.49e-02; Runtime: 407.7s; Iterations = 4560, grads =   8.983e-09, unitary_metric = 0.99999
Error = :3.49e-02; Runtime: 409.4s; Iterations = 4580, grads =   9.136e-09, unitary_metric = 0.99999
Error = :3.49e-02; Runtime: 411.2s; Iterations = 4600, grads =   1.213e-07, unitary_metric = 0.99999
Error = :3.49e-02; Runtime: 413.1s; Iterations = 4620, grads =   2.339e-05, unitary_metric = 0.99999
Error = :3.49e-02; Runtime: 414.8s; Iterations = 4640, grads =   3.439e-05, unitary_metric = 0.99999
Error = :3.49e-02; Runtime: 416.6s; Iterations = 4660, grads =   4.106e-06, unitary_metric = 0.99999
Error = :3.49e-02; Runtime: 418.3s; Iterations = 4680, grads =   2.690e-06, unitary_metric = 0.99999
Error = :3.49e-02; Runtime: 420.0s; Iterations = 4700, grads =   2.834e-05, unitary_metric = 0.99998
Error = :3.49e-02; Runtime: 421.9s; Iterations = 4720, grads =   5.526e-06, unitary_metric = 0.99999
Error = :3.49e-02; Runtime: 423.7s; Iterations = 4740, grads =   7.153e-07, unitary_metric = 0.99999
Error = :3.49e-02; Runtime: 425.4s; Iterations = 4760, grads =   2.906e-08, unitary_metric = 0.99999
Error = :3.49e-02; Runtime: 427.2s; Iterations = 4780, grads =   1.111e-08, unitary_metric = 0.99999
Error = :3.49e-02; Runtime: 428.9s; Iterations = 4800, grads =   6.116e-09, unitary_metric = 0.99999
Error = :3.49e-02; Runtime: 430.8s; Iterations = 4820, grads =   8.162e-09, unitary_metric = 0.99999
Error = :3.49e-02; Runtime: 432.6s; Iterations = 4840, grads =   2.806e-08, unitary_metric = 0.99999
Error = :3.49e-02; Runtime: 434.3s; Iterations = 4860, grads =   1.862e-06, unitary_metric = 0.99999
Error = :3.49e-02; Runtime: 436.1s; Iterations = 4880, grads =   8.222e-05, unitary_metric = 0.99999
Error = :3.49e-02; Runtime: 437.8s; Iterations = 4900, grads =   1.017e-05, unitary_metric = 0.99999
Error = :3.49e-02; Runtime: 439.7s; Iterations = 4920, grads =   1.949e-06, unitary_metric = 0.99999
Error = :3.49e-02; Runtime: 441.5s; Iterations = 4940, grads =   6.207e-05, unitary_metric = 0.99999
Error = :3.49e-02; Runtime: 443.2s; Iterations = 4960, grads =   2.357e-06, unitary_metric = 0.99999
Error = :3.49e-02; Runtime: 445.0s; Iterations = 4980, grads =   5.627e-08, unitary_metric = 0.99999
Error = :3.49e-02; Runtime: 446.7s; Iterations = 5000, grads =   3.867e-08, unitary_metric = 0.99999
Error = :3.49e-02; Runtime: 448.6s; Iterations = 5020, grads =   2.596e-08, unitary_metric = 0.99999
Error = :3.49e-02; Runtime: 450.4s; Iterations = 5040, grads =   6.782e-09, unitary_metric = 0.99999
Error = :3.49e-02; Runtime: 452.1s; Iterations = 5060, grads =   6.145e-09, unitary_metric = 0.99999
Error = :3.49e-02; Runtime: 453.9s; Iterations = 5080, grads =   1.946e-08, unitary_metric = 0.99999
Error = :3.49e-02; Runtime: 455.6s; Iterations = 5100, grads =   6.344e-07, unitary_metric = 0.99999
Error = :3.49e-02; Runtime: 457.5s; Iterations = 5120, grads =   7.996e-05, unitary_metric = 0.99999
Error = :3.49e-02; Runtime: 459.2s; Iterations = 5140, grads =   1.360e-07, unitary_metric = 0.99999
Error = :3.49e-02; Runtime: 461.0s; Iterations = 5160, grads =   2.764e-07, unitary_metric = 0.99999
Error = :3.49e-02; Runtime: 462.7s; Iterations = 5180, grads =   2.689e-05, unitary_metric = 0.99999
Error = :3.49e-02; Runtime: 464.5s; Iterations = 5200, grads =   7.463e-06, unitary_metric = 0.99999
Error = :3.49e-02; Runtime: 466.4s; Iterations = 5220, grads =   1.220e-06, unitary_metric = 0.99999
Error = :3.49e-02; Runtime: 468.1s; Iterations = 5240, grads =   1.975e-07, unitary_metric = 0.99999
Error = :3.49e-02; Runtime: 469.9s; Iterations = 5260, grads =   1.580e-08, unitary_metric = 0.99999
Error = :3.49e-02; Runtime: 471.6s; Iterations = 5280, grads =   7.672e-09, unitary_metric = 0.99999
Error = :3.49e-02; Runtime: 473.4s; Iterations = 5300, grads =   1.199e-08, unitary_metric = 0.99999
Error = :3.49e-02; Runtime: 475.3s; Iterations = 5320, grads =   1.523e-07, unitary_metric = 0.99999
Error = :3.49e-02; Runtime: 477.0s; Iterations = 5340, grads =   1.182e-05, unitary_metric = 0.99999
Error = :3.49e-02; Runtime: 478.8s; Iterations = 5360, grads =   7.422e-06, unitary_metric = 0.99999
Error = :3.49e-02; Runtime: 480.5s; Iterations = 5380, grads =   1.009e-07, unitary_metric = 0.99999
Error = :3.49e-02; Runtime: 482.3s; Iterations = 5400, grads =   3.369e-07, unitary_metric = 0.99999
Error = :3.49e-02; Runtime: 484.2s; Iterations = 5420, grads =   6.517e-07, unitary_metric = 0.99999
Error = :3.49e-02; Runtime: 485.9s; Iterations = 5440, grads =   4.301e-05, unitary_metric = 0.99999
Error = :3.49e-02; Runtime: 487.7s; Iterations = 5460, grads =   3.808e-06, unitary_metric = 0.99999
Error = :3.49e-02; Runtime: 489.4s; Iterations = 5480, grads =   3.577e-07, unitary_metric = 0.99999
Error = :3.49e-02; Runtime: 491.2s; Iterations = 5500, grads =   1.118e-08, unitary_metric = 0.99999
Error = :3.49e-02; Runtime: 493.1s; Iterations = 5520, grads =   1.458e-08, unitary_metric = 0.99999
Error = :3.49e-02; Runtime: 494.8s; Iterations = 5540, grads =   3.975e-08, unitary_metric = 0.99999
Error = :3.49e-02; Runtime: 496.6s; Iterations = 5560, grads =   7.674e-06, unitary_metric = 0.99999
Error = :3.49e-02; Runtime: 498.3s; Iterations = 5580, grads =   1.577e-05, unitary_metric = 0.99999
Error = :3.49e-02; Runtime: 500.1s; Iterations = 5600, grads =   2.905e-06, unitary_metric = 0.99999
Error = :3.49e-02; Runtime: 502.0s; Iterations = 5620, grads =   4.416e-07, unitary_metric = 0.99999
Error = :3.49e-02; Runtime: 503.8s; Iterations = 5640, grads =   6.342e-08, unitary_metric = 0.99999
Error = :3.49e-02; Runtime: 505.5s; Iterations = 5660, grads =   1.108e-08, unitary_metric = 0.99999
Error = :3.49e-02; Runtime: 507.3s; Iterations = 5680, grads =   1.013e-07, unitary_metric = 0.99999
Error = :3.49e-02; Runtime: 509.1s; Iterations = 5700, grads =   3.882e-05, unitary_metric = 0.99999
Error = :3.49e-02; Runtime: 511.0s; Iterations = 5720, grads =   1.834e-06, unitary_metric = 0.99999
Error = :3.49e-02; Runtime: 512.7s; Iterations = 5740, grads =   1.015e-06, unitary_metric = 0.99999
Error = :3.49e-02; Runtime: 514.5s; Iterations = 5760, grads =   1.312e-07, unitary_metric = 0.99999
Error = :3.49e-02; Runtime: 516.2s; Iterations = 5780, grads =   2.313e-08, unitary_metric = 0.99999
Error = :3.49e-02; Runtime: 518.0s; Iterations = 5800, grads =   1.098e-08, unitary_metric = 0.99999
Error = :3.49e-02; Runtime: 520.0s; Iterations = 5820, grads =   1.596e-08, unitary_metric = 0.99999
Error = :3.49e-02; Runtime: 521.8s; Iterations = 5840, grads =   1.631e-06, unitary_metric = 0.99999
Error = :3.49e-02; Runtime: 523.5s; Iterations = 5860, grads =   3.196e-06, unitary_metric = 0.99999
Error = :3.49e-02; Runtime: 525.3s; Iterations = 5880, grads =   1.217e-06, unitary_metric = 0.99999
Error = :3.49e-02; Runtime: 527.0s; Iterations = 5900, grads =   6.444e-07, unitary_metric = 0.99999
Error = :3.49e-02; Runtime: 528.9s; Iterations = 5920, grads =   8.369e-08, unitary_metric = 0.99999
Error = :3.49e-02; Runtime: 530.7s; Iterations = 5940, grads =   1.418e-08, unitary_metric = 0.99999
Error = :3.49e-02; Runtime: 532.4s; Iterations = 5960, grads =   1.406e-08, unitary_metric = 0.99999
Error = :3.49e-02; Runtime: 534.2s; Iterations = 5980, grads =   2.313e-07, unitary_metric = 0.99999
Error = :3.49e-02; Runtime: 535.9s; Iterations = 6000, grads =   2.351e-05, unitary_metric = 0.99999
data saved at: /project/ftchong/qoc/pranav/00011_31_nah_slice_126.h5


trying total_time: 7.5 for unitary of size (16, 16)
data saved at: /project/ftchong/qoc/pranav/00012_31_nah_slice_126.h5
Using 7 Taylor terms and 2 Scaling & Squaring terms
Building graph:
Propagators initialized.
Operators weight initialized.
Intermediate propagation variables initialized.
Intermediate propagators initialized.
Vectors initialized.
Training loss initialized.
Optimizer initialized.
Utilities initialized.
Graph built!
Initialized
Error = :9.31e-01; Runtime: 0.3s; Iterations = 0, grads =   1.870e-02, unitary_metric = 1.00000
Error = :6.74e-01; Runtime: 3.3s; Iterations = 20, grads =   6.869e-03, unitary_metric = 1.00000
Error = :6.17e-01; Runtime: 6.0s; Iterations = 40, grads =   4.183e-03, unitary_metric = 0.99999
Error = :3.61e-01; Runtime: 8.6s; Iterations = 60, grads =   1.788e-03, unitary_metric = 0.99999
Error = :3.13e-01; Runtime: 11.2s; Iterations = 80, grads =   1.037e-03, unitary_metric = 0.99999
Error = :1.74e-01; Runtime: 13.9s; Iterations = 100, grads =   2.781e-02, unitary_metric = 0.99999
Error = :3.50e-02; Runtime: 16.7s; Iterations = 120, grads =   5.788e-04, unitary_metric = 0.99998
Error = :4.13e-03; Runtime: 19.3s; Iterations = 140, grads =   5.285e-04, unitary_metric = 0.99999
Error = :1.09e-03; Runtime: 22.0s; Iterations = 160, grads =   1.432e-03, unitary_metric = 0.99999
Error = :9.26e-04; Runtime: 22.1s; Iterations = 161, grads =   3.423e-04, unitary_metric = 0.99999
data saved at: /project/ftchong/qoc/pranav/00012_31_nah_slice_126.h5


trying total_time: 6.25 for unitary of size (16, 16)
data saved at: /project/ftchong/qoc/pranav/00013_31_nah_slice_126.h5
Using 7 Taylor terms and 2 Scaling & Squaring terms
Building graph:
Propagators initialized.
Operators weight initialized.
Intermediate propagation variables initialized.
Intermediate propagators initialized.
Vectors initialized.
Training loss initialized.
Optimizer initialized.
Utilities initialized.
Graph built!
Initialized
Error = :9.46e-01; Runtime: 0.2s; Iterations = 0, grads =   1.762e-02, unitary_metric = 1.00000
Error = :6.92e-01; Runtime: 2.8s; Iterations = 20, grads =   9.797e-03, unitary_metric = 1.00000
Error = :6.62e-01; Runtime: 5.0s; Iterations = 40, grads =   2.015e-03, unitary_metric = 1.00000
Error = :4.30e-01; Runtime: 7.2s; Iterations = 60, grads =   2.588e-03, unitary_metric = 0.99999
Error = :3.40e-01; Runtime: 9.4s; Iterations = 80, grads =   1.309e-04, unitary_metric = 0.99999
Error = :3.39e-01; Runtime: 11.6s; Iterations = 100, grads =   4.298e-05, unitary_metric = 0.99999
Error = :3.36e-01; Runtime: 14.0s; Iterations = 120, grads =   3.816e-05, unitary_metric = 0.99999
Error = :3.21e-01; Runtime: 16.2s; Iterations = 140, grads =   1.922e-04, unitary_metric = 0.99999
Error = :2.54e-01; Runtime: 18.4s; Iterations = 160, grads =   6.636e-04, unitary_metric = 0.99999
Error = :1.08e-01; Runtime: 20.6s; Iterations = 180, grads =   1.522e-02, unitary_metric = 0.99999
Error = :3.27e-02; Runtime: 22.8s; Iterations = 200, grads =   6.351e-04, unitary_metric = 0.99999
Error = :1.38e-02; Runtime: 25.2s; Iterations = 220, grads =   1.593e-04, unitary_metric = 0.99999
Error = :7.69e-03; Runtime: 27.3s; Iterations = 240, grads =   3.844e-05, unitary_metric = 0.99999
Error = :4.82e-03; Runtime: 29.5s; Iterations = 260, grads =   1.095e-05, unitary_metric = 0.99999
Error = :3.26e-03; Runtime: 31.7s; Iterations = 280, grads =   3.791e-06, unitary_metric = 0.99999
Error = :2.34e-03; Runtime: 33.9s; Iterations = 300, grads =   2.558e-06, unitary_metric = 0.99999
Error = :1.75e-03; Runtime: 36.3s; Iterations = 320, grads =   1.585e-06, unitary_metric = 0.99999
Error = :1.35e-03; Runtime: 38.5s; Iterations = 340, grads =   1.062e-06, unitary_metric = 0.99999
Error = :1.07e-03; Runtime: 40.8s; Iterations = 360, grads =   1.641e-06, unitary_metric = 0.99999
Error = :9.99e-04; Runtime: 41.4s; Iterations = 366, grads =   7.192e-07, unitary_metric = 0.99999
data saved at: /project/ftchong/qoc/pranav/00013_31_nah_slice_126.h5


trying total_time: 5.6 for unitary of size (16, 16)
data saved at: /project/ftchong/qoc/pranav/00014_31_nah_slice_126.h5
Using 7 Taylor terms and 2 Scaling & Squaring terms
Building graph:
Propagators initialized.
Operators weight initialized.
Intermediate propagation variables initialized.
Intermediate propagators initialized.
Vectors initialized.
Training loss initialized.
Optimizer initialized.
Utilities initialized.
Graph built!
Initialized
Error = :9.55e-01; Runtime: 0.4s; Iterations = 0, grads =   2.098e-02, unitary_metric = 1.00000
Error = :7.33e-01; Runtime: 2.7s; Iterations = 20, grads =   1.431e-02, unitary_metric = 1.00000
Error = :6.31e-01; Runtime: 4.7s; Iterations = 40, grads =   1.577e-03, unitary_metric = 1.00000
Error = :4.03e-01; Runtime: 6.6s; Iterations = 60, grads =   1.550e-03, unitary_metric = 0.99999
Error = :3.40e-01; Runtime: 8.6s; Iterations = 80, grads =   1.746e-04, unitary_metric = 0.99999
Error = :3.38e-01; Runtime: 10.6s; Iterations = 100, grads =   4.115e-05, unitary_metric = 0.99999
Error = :3.30e-01; Runtime: 12.7s; Iterations = 120, grads =   2.215e-03, unitary_metric = 0.99999
Error = :2.96e-01; Runtime: 14.7s; Iterations = 140, grads =   2.247e-03, unitary_metric = 0.99999
Error = :2.11e-01; Runtime: 16.7s; Iterations = 160, grads =   9.226e-04, unitary_metric = 0.99999
Error = :1.08e-01; Runtime: 18.6s; Iterations = 180, grads =   4.534e-04, unitary_metric = 0.99999
Error = :5.85e-02; Runtime: 20.6s; Iterations = 200, grads =   2.545e-04, unitary_metric = 0.99999
Error = :3.70e-02; Runtime: 22.7s; Iterations = 220, grads =   1.254e-03, unitary_metric = 0.99999
Error = :2.71e-02; Runtime: 24.7s; Iterations = 240, grads =   1.671e-04, unitary_metric = 0.99999
Error = :2.18e-02; Runtime: 26.7s; Iterations = 260, grads =   3.541e-05, unitary_metric = 0.99999
Error = :1.86e-02; Runtime: 28.7s; Iterations = 280, grads =   9.634e-06, unitary_metric = 0.99999
Error = :1.64e-02; Runtime: 30.6s; Iterations = 300, grads =   6.655e-06, unitary_metric = 0.99999
Error = :1.49e-02; Runtime: 32.9s; Iterations = 320, grads =   8.595e-04, unitary_metric = 0.99999
Error = :1.40e-02; Runtime: 34.9s; Iterations = 340, grads =   2.373e-03, unitary_metric = 0.99999
Error = :1.30e-02; Runtime: 36.8s; Iterations = 360, grads =   1.298e-04, unitary_metric = 0.99999
Error = :1.23e-02; Runtime: 38.8s; Iterations = 380, grads =   5.052e-05, unitary_metric = 0.99999
Error = :1.17e-02; Runtime: 40.7s; Iterations = 400, grads =   7.742e-06, unitary_metric = 0.99999
Error = :1.13e-02; Runtime: 42.9s; Iterations = 420, grads =   1.610e-06, unitary_metric = 0.99998
Error = :1.09e-02; Runtime: 44.8s; Iterations = 440, grads =   1.436e-06, unitary_metric = 0.99998
Error = :1.05e-02; Runtime: 46.8s; Iterations = 460, grads =   1.938e-06, unitary_metric = 0.99999
Error = :1.04e-02; Runtime: 48.8s; Iterations = 480, grads =   9.678e-04, unitary_metric = 0.99999
Error = :9.98e-03; Runtime: 50.8s; Iterations = 500, grads =   6.156e-04, unitary_metric = 0.99999
Error = :9.67e-03; Runtime: 52.9s; Iterations = 520, grads =   7.430e-05, unitary_metric = 0.99999
Error = :9.41e-03; Runtime: 54.9s; Iterations = 540, grads =   3.042e-05, unitary_metric = 0.99999
Error = :9.16e-03; Runtime: 56.9s; Iterations = 560, grads =   1.834e-06, unitary_metric = 0.99999
Error = :8.92e-03; Runtime: 58.8s; Iterations = 580, grads =   1.275e-06, unitary_metric = 0.99999
Error = :8.66e-03; Runtime: 60.8s; Iterations = 600, grads =   1.206e-06, unitary_metric = 0.99999
Error = :8.40e-03; Runtime: 63.0s; Iterations = 620, grads =   8.480e-07, unitary_metric = 0.99999
Error = :8.15e-03; Runtime: 64.9s; Iterations = 640, grads =   4.063e-06, unitary_metric = 0.99999
Error = :8.02e-03; Runtime: 66.9s; Iterations = 660, grads =   6.346e-04, unitary_metric = 0.99999
Error = :7.73e-03; Runtime: 68.9s; Iterations = 680, grads =   2.127e-04, unitary_metric = 0.99999
Error = :7.52e-03; Runtime: 70.8s; Iterations = 700, grads =   8.887e-05, unitary_metric = 0.99999
Error = :7.34e-03; Runtime: 73.0s; Iterations = 720, grads =   1.200e-05, unitary_metric = 0.99999
Error = :7.18e-03; Runtime: 75.0s; Iterations = 740, grads =   1.184e-06, unitary_metric = 0.99999
Error = :7.03e-03; Runtime: 76.9s; Iterations = 760, grads =   5.594e-07, unitary_metric = 0.99999
Error = :6.90e-03; Runtime: 78.9s; Iterations = 780, grads =   1.559e-06, unitary_metric = 0.99998
Error = :6.76e-03; Runtime: 80.8s; Iterations = 800, grads =   5.935e-07, unitary_metric = 0.99999
Error = :6.68e-03; Runtime: 83.0s; Iterations = 820, grads =   2.397e-04, unitary_metric = 0.99999
Error = :6.53e-03; Runtime: 85.0s; Iterations = 840, grads =   4.207e-05, unitary_metric = 0.99999
Error = :6.42e-03; Runtime: 86.9s; Iterations = 860, grads =   1.314e-05, unitary_metric = 0.99999
Error = :6.31e-03; Runtime: 88.9s; Iterations = 880, grads =   3.123e-06, unitary_metric = 0.99998
Error = :6.21e-03; Runtime: 90.9s; Iterations = 900, grads =   8.808e-07, unitary_metric = 0.99999
Error = :6.11e-03; Runtime: 93.0s; Iterations = 920, grads =   6.511e-06, unitary_metric = 0.99998
Error = :6.12e-03; Runtime: 95.0s; Iterations = 940, grads =   1.233e-03, unitary_metric = 0.99999
Error = :5.93e-03; Runtime: 96.9s; Iterations = 960, grads =   1.245e-06, unitary_metric = 0.99998
Error = :5.84e-03; Runtime: 98.9s; Iterations = 980, grads =   3.198e-05, unitary_metric = 0.99999
Error = :5.76e-03; Runtime: 100.9s; Iterations = 1000, grads =   1.011e-05, unitary_metric = 0.99998
Error = :5.70e-03; Runtime: 103.0s; Iterations = 1020, grads =   1.376e-04, unitary_metric = 0.99999
Error = :5.61e-03; Runtime: 105.0s; Iterations = 1040, grads =   4.689e-05, unitary_metric = 0.99998
Error = :5.52e-03; Runtime: 106.9s; Iterations = 1060, grads =   8.237e-06, unitary_metric = 0.99999
Error = :5.45e-03; Runtime: 108.9s; Iterations = 1080, grads =   1.842e-06, unitary_metric = 0.99999
Error = :5.37e-03; Runtime: 110.9s; Iterations = 1100, grads =   2.276e-07, unitary_metric = 0.99998
Error = :5.30e-03; Runtime: 113.0s; Iterations = 1120, grads =   2.189e-07, unitary_metric = 0.99998
Error = :5.23e-03; Runtime: 115.0s; Iterations = 1140, grads =   2.000e-07, unitary_metric = 0.99999
Error = :5.17e-03; Runtime: 116.9s; Iterations = 1160, grads =   5.135e-07, unitary_metric = 0.99998
Error = :5.18e-03; Runtime: 118.9s; Iterations = 1180, grads =   9.328e-04, unitary_metric = 0.99998
Error = :5.11e-03; Runtime: 120.9s; Iterations = 1200, grads =   8.087e-04, unitary_metric = 0.99998
Error = :4.98e-03; Runtime: 123.0s; Iterations = 1220, grads =   9.231e-05, unitary_metric = 0.99998
Error = :4.92e-03; Runtime: 125.0s; Iterations = 1240, grads =   1.174e-05, unitary_metric = 0.99998
Error = :4.86e-03; Runtime: 126.9s; Iterations = 1260, grads =   2.167e-05, unitary_metric = 0.99999
Error = :4.90e-03; Runtime: 128.9s; Iterations = 1280, grads =   5.308e-04, unitary_metric = 0.99999
Error = :4.75e-03; Runtime: 130.9s; Iterations = 1300, grads =   5.862e-05, unitary_metric = 0.99998
Error = :4.69e-03; Runtime: 133.0s; Iterations = 1320, grads =   7.307e-06, unitary_metric = 0.99998
Error = :4.63e-03; Runtime: 135.0s; Iterations = 1340, grads =   4.344e-07, unitary_metric = 0.99998
Error = :4.58e-03; Runtime: 137.0s; Iterations = 1360, grads =   2.672e-07, unitary_metric = 0.99998
Error = :4.53e-03; Runtime: 138.9s; Iterations = 1380, grads =   1.493e-07, unitary_metric = 0.99998
Error = :4.48e-03; Runtime: 140.9s; Iterations = 1400, grads =   1.460e-07, unitary_metric = 0.99998
Error = :4.43e-03; Runtime: 143.0s; Iterations = 1420, grads =   2.041e-07, unitary_metric = 0.99998
Error = :4.39e-03; Runtime: 145.0s; Iterations = 1440, grads =   4.871e-05, unitary_metric = 0.99999
Error = :4.40e-03; Runtime: 147.0s; Iterations = 1460, grads =   7.887e-04, unitary_metric = 0.99998
Error = :4.29e-03; Runtime: 148.9s; Iterations = 1480, grads =   6.028e-06, unitary_metric = 0.99998
Error = :4.24e-03; Runtime: 150.9s; Iterations = 1500, grads =   5.293e-06, unitary_metric = 0.99998
Error = :4.20e-03; Runtime: 153.1s; Iterations = 1520, grads =   2.579e-06, unitary_metric = 0.99998
Error = :4.17e-03; Runtime: 155.1s; Iterations = 1540, grads =   8.605e-05, unitary_metric = 0.99998
Error = :4.18e-03; Runtime: 157.0s; Iterations = 1560, grads =   4.712e-04, unitary_metric = 0.99998
Error = :4.07e-03; Runtime: 159.0s; Iterations = 1580, grads =   2.772e-05, unitary_metric = 0.99998
Error = :4.03e-03; Runtime: 161.0s; Iterations = 1600, grads =   5.211e-06, unitary_metric = 0.99998
Error = :3.99e-03; Runtime: 163.1s; Iterations = 1620, grads =   3.217e-07, unitary_metric = 0.99998
Error = :3.95e-03; Runtime: 165.1s; Iterations = 1640, grads =   1.263e-07, unitary_metric = 0.99998
Error = :3.91e-03; Runtime: 167.0s; Iterations = 1660, grads =   1.252e-07, unitary_metric = 0.99998
Error = :3.87e-03; Runtime: 169.0s; Iterations = 1680, grads =   1.797e-07, unitary_metric = 0.99998
Error = :3.83e-03; Runtime: 171.0s; Iterations = 1700, grads =   2.350e-05, unitary_metric = 0.99998
Error = :3.80e-03; Runtime: 173.1s; Iterations = 1720, grads =   1.606e-05, unitary_metric = 0.99998
Error = :3.77e-03; Runtime: 175.1s; Iterations = 1740, grads =   1.459e-04, unitary_metric = 0.99998
Error = :3.72e-03; Runtime: 177.1s; Iterations = 1760, grads =   2.346e-06, unitary_metric = 0.99998
Error = :3.80e-03; Runtime: 179.0s; Iterations = 1780, grads =   6.011e-04, unitary_metric = 0.99998
Error = :3.65e-03; Runtime: 181.0s; Iterations = 1800, grads =   8.802e-06, unitary_metric = 0.99998
Error = :3.62e-03; Runtime: 183.1s; Iterations = 1820, grads =   8.837e-06, unitary_metric = 0.99998
Error = :3.58e-03; Runtime: 185.1s; Iterations = 1840, grads =   1.907e-07, unitary_metric = 0.99998
Error = :3.55e-03; Runtime: 187.0s; Iterations = 1860, grads =   3.499e-07, unitary_metric = 0.99998
Error = :3.52e-03; Runtime: 189.0s; Iterations = 1880, grads =   1.183e-07, unitary_metric = 0.99998
Error = :3.48e-03; Runtime: 190.9s; Iterations = 1900, grads =   1.078e-07, unitary_metric = 0.99998
Error = :3.45e-03; Runtime: 193.1s; Iterations = 1920, grads =   1.022e-07, unitary_metric = 0.99998
Error = :3.42e-03; Runtime: 195.1s; Iterations = 1940, grads =   4.293e-07, unitary_metric = 0.99998
Error = :3.41e-03; Runtime: 197.1s; Iterations = 1960, grads =   1.660e-04, unitary_metric = 0.99998
Error = :3.39e-03; Runtime: 199.0s; Iterations = 1980, grads =   2.148e-04, unitary_metric = 0.99998
Error = :3.33e-03; Runtime: 201.0s; Iterations = 2000, grads =   9.096e-05, unitary_metric = 0.99998
Error = :3.29e-03; Runtime: 203.1s; Iterations = 2020, grads =   8.009e-06, unitary_metric = 0.99998
Error = :3.26e-03; Runtime: 205.1s; Iterations = 2040, grads =   4.997e-07, unitary_metric = 0.99998
Error = :3.23e-03; Runtime: 207.1s; Iterations = 2060, grads =   1.173e-07, unitary_metric = 0.99998
Error = :3.20e-03; Runtime: 209.0s; Iterations = 2080, grads =   8.957e-08, unitary_metric = 0.99998
Error = :3.18e-03; Runtime: 211.0s; Iterations = 2100, grads =   8.209e-08, unitary_metric = 0.99998
Error = :3.15e-03; Runtime: 213.2s; Iterations = 2120, grads =   7.440e-08, unitary_metric = 0.99998
Error = :3.12e-03; Runtime: 215.1s; Iterations = 2140, grads =   7.641e-08, unitary_metric = 0.99999
Error = :3.09e-03; Runtime: 217.1s; Iterations = 2160, grads =   1.286e-07, unitary_metric = 0.99999
Error = :3.08e-03; Runtime: 219.1s; Iterations = 2180, grads =   7.642e-05, unitary_metric = 0.99999
Error = :3.08e-03; Runtime: 221.0s; Iterations = 2200, grads =   2.497e-04, unitary_metric = 0.99999
Error = :3.05e-03; Runtime: 223.2s; Iterations = 2220, grads =   3.916e-04, unitary_metric = 0.99999
Error = :3.00e-03; Runtime: 225.2s; Iterations = 2240, grads =   5.494e-05, unitary_metric = 0.99998
Error = :2.97e-03; Runtime: 227.1s; Iterations = 2260, grads =   1.213e-05, unitary_metric = 0.99998
Error = :2.94e-03; Runtime: 229.1s; Iterations = 2280, grads =   4.629e-06, unitary_metric = 0.99999
Error = :2.92e-03; Runtime: 231.1s; Iterations = 2300, grads =   7.389e-07, unitary_metric = 0.99998
Error = :2.90e-03; Runtime: 233.3s; Iterations = 2320, grads =   1.456e-07, unitary_metric = 0.99998
Error = :2.88e-03; Runtime: 235.2s; Iterations = 2340, grads =   5.578e-08, unitary_metric = 0.99998
Error = :2.86e-03; Runtime: 237.2s; Iterations = 2360, grads =   5.640e-08, unitary_metric = 0.99998
Error = :2.84e-03; Runtime: 239.5s; Iterations = 2380, grads =   5.431e-08, unitary_metric = 0.99998
Error = :2.82e-03; Runtime: 241.4s; Iterations = 2400, grads =   5.356e-08, unitary_metric = 0.99998
Error = :2.80e-03; Runtime: 243.6s; Iterations = 2420, grads =   8.019e-08, unitary_metric = 0.99998
Error = :2.78e-03; Runtime: 245.6s; Iterations = 2440, grads =   1.242e-05, unitary_metric = 0.99998
Error = :2.77e-03; Runtime: 247.6s; Iterations = 2460, grads =   4.840e-05, unitary_metric = 0.99999
Error = :2.81e-03; Runtime: 249.5s; Iterations = 2480, grads =   8.123e-04, unitary_metric = 0.99999
Error = :2.73e-03; Runtime: 251.5s; Iterations = 2500, grads =   8.279e-05, unitary_metric = 0.99999
Error = :2.71e-03; Runtime: 253.6s; Iterations = 2520, grads =   7.027e-06, unitary_metric = 0.99998
Error = :2.69e-03; Runtime: 255.6s; Iterations = 2540, grads =   1.078e-06, unitary_metric = 0.99999
Error = :2.68e-03; Runtime: 257.6s; Iterations = 2560, grads =   2.731e-07, unitary_metric = 0.99998
Error = :2.66e-03; Runtime: 259.6s; Iterations = 2580, grads =   4.563e-08, unitary_metric = 0.99998
Error = :2.65e-03; Runtime: 261.5s; Iterations = 2600, grads =   4.431e-08, unitary_metric = 0.99998
Error = :2.63e-03; Runtime: 263.7s; Iterations = 2620, grads =   4.017e-08, unitary_metric = 0.99998
Error = :2.62e-03; Runtime: 265.7s; Iterations = 2640, grads =   3.940e-08, unitary_metric = 0.99998
Error = :2.61e-03; Runtime: 267.6s; Iterations = 2660, grads =   4.128e-08, unitary_metric = 0.99999
Error = :2.60e-03; Runtime: 269.6s; Iterations = 2680, grads =   8.190e-08, unitary_metric = 0.99998
Error = :2.59e-03; Runtime: 271.6s; Iterations = 2700, grads =   6.794e-06, unitary_metric = 0.99998
Error = :2.69e-03; Runtime: 273.7s; Iterations = 2720, grads =   1.083e-03, unitary_metric = 0.99998
Error = :2.57e-03; Runtime: 275.7s; Iterations = 2740, grads =   6.634e-05, unitary_metric = 0.99998
Error = :2.56e-03; Runtime: 277.7s; Iterations = 2760, grads =   2.532e-06, unitary_metric = 0.99998
Error = :2.55e-03; Runtime: 279.7s; Iterations = 2780, grads =   2.728e-07, unitary_metric = 0.99998
Error = :2.54e-03; Runtime: 281.6s; Iterations = 2800, grads =   6.656e-08, unitary_metric = 0.99998
Error = :2.53e-03; Runtime: 283.8s; Iterations = 2820, grads =   8.876e-08, unitary_metric = 0.99999
Error = :2.52e-03; Runtime: 285.8s; Iterations = 2840, grads =   7.207e-08, unitary_metric = 0.99998
Error = :2.50e-03; Runtime: 287.7s; Iterations = 2860, grads =   7.518e-08, unitary_metric = 0.99999
Error = :2.48e-03; Runtime: 289.7s; Iterations = 2880, grads =   8.271e-08, unitary_metric = 0.99998
Error = :2.46e-03; Runtime: 291.7s; Iterations = 2900, grads =   8.967e-08, unitary_metric = 0.99998
Error = :2.44e-03; Runtime: 293.8s; Iterations = 2920, grads =   9.444e-08, unitary_metric = 0.99998
Error = :2.41e-03; Runtime: 295.8s; Iterations = 2940, grads =   1.705e-07, unitary_metric = 0.99998
Error = :2.38e-03; Runtime: 297.8s; Iterations = 2960, grads =   6.830e-06, unitary_metric = 0.99998
Error = :2.44e-03; Runtime: 299.8s; Iterations = 2980, grads =   8.886e-04, unitary_metric = 0.99998
Error = :2.33e-03; Runtime: 301.7s; Iterations = 3000, grads =   7.469e-05, unitary_metric = 0.99998
Error = :2.30e-03; Runtime: 303.8s; Iterations = 3020, grads =   1.305e-05, unitary_metric = 0.99998
Error = :2.27e-03; Runtime: 305.8s; Iterations = 3040, grads =   2.071e-06, unitary_metric = 0.99999
Error = :2.25e-03; Runtime: 307.8s; Iterations = 3060, grads =   1.411e-07, unitary_metric = 0.99998
Error = :2.24e-03; Runtime: 309.7s; Iterations = 3080, grads =   6.446e-08, unitary_metric = 0.99998
Error = :2.22e-03; Runtime: 311.7s; Iterations = 3100, grads =   4.581e-08, unitary_metric = 0.99998
Error = :2.20e-03; Runtime: 313.8s; Iterations = 3120, grads =   3.888e-08, unitary_metric = 0.99998
Error = :2.19e-03; Runtime: 315.8s; Iterations = 3140, grads =   3.549e-08, unitary_metric = 0.99999
Error = :2.18e-03; Runtime: 317.8s; Iterations = 3160, grads =   3.311e-08, unitary_metric = 0.99999
Error = :2.17e-03; Runtime: 319.7s; Iterations = 3180, grads =   1.121e-07, unitary_metric = 0.99998
Error = :2.16e-03; Runtime: 321.7s; Iterations = 3200, grads =   1.628e-05, unitary_metric = 0.99998
Error = :2.14e-03; Runtime: 323.9s; Iterations = 3220, grads =   3.136e-06, unitary_metric = 0.99999
Error = :2.20e-03; Runtime: 325.8s; Iterations = 3240, grads =   7.971e-04, unitary_metric = 0.99999
Error = :2.13e-03; Runtime: 327.8s; Iterations = 3260, grads =   9.330e-05, unitary_metric = 0.99999
Error = :2.12e-03; Runtime: 329.8s; Iterations = 3280, grads =   2.306e-06, unitary_metric = 0.99998
Error = :2.11e-03; Runtime: 331.7s; Iterations = 3300, grads =   1.612e-06, unitary_metric = 0.99999
Error = :2.10e-03; Runtime: 333.9s; Iterations = 3320, grads =   3.774e-08, unitary_metric = 0.99998
Error = :2.09e-03; Runtime: 335.9s; Iterations = 3340, grads =   2.603e-08, unitary_metric = 0.99999
Error = :2.09e-03; Runtime: 337.8s; Iterations = 3360, grads =   2.071e-08, unitary_metric = 0.99999
Error = :2.08e-03; Runtime: 339.8s; Iterations = 3380, grads =   1.884e-08, unitary_metric = 0.99999
Error = :2.07e-03; Runtime: 341.8s; Iterations = 3400, grads =   1.813e-08, unitary_metric = 0.99999
Error = :2.07e-03; Runtime: 343.9s; Iterations = 3420, grads =   1.796e-08, unitary_metric = 0.99999
Error = :2.06e-03; Runtime: 345.9s; Iterations = 3440, grads =   5.820e-08, unitary_metric = 0.99999
Error = :2.06e-03; Runtime: 347.9s; Iterations = 3460, grads =   1.046e-05, unitary_metric = 0.99998
Error = :2.05e-03; Runtime: 349.8s; Iterations = 3480, grads =   1.744e-08, unitary_metric = 0.99999
Error = :2.04e-03; Runtime: 351.8s; Iterations = 3500, grads =   4.759e-06, unitary_metric = 0.99999
Error = :2.04e-03; Runtime: 353.9s; Iterations = 3520, grads =   1.905e-06, unitary_metric = 0.99998
Error = :2.03e-03; Runtime: 355.9s; Iterations = 3540, grads =   1.874e-06, unitary_metric = 0.99999
Error = :2.05e-03; Runtime: 357.9s; Iterations = 3560, grads =   3.106e-04, unitary_metric = 0.99999
Error = :2.02e-03; Runtime: 359.8s; Iterations = 3580, grads =   1.990e-07, unitary_metric = 0.99999
Error = :2.02e-03; Runtime: 361.8s; Iterations = 3600, grads =   9.511e-08, unitary_metric = 0.99999
Error = :2.01e-03; Runtime: 363.9s; Iterations = 3620, grads =   2.453e-07, unitary_metric = 0.99999
Error = :2.01e-03; Runtime: 365.9s; Iterations = 3640, grads =   1.525e-07, unitary_metric = 0.99999
Error = :2.00e-03; Runtime: 367.9s; Iterations = 3660, grads =   1.581e-08, unitary_metric = 0.99999
Error = :2.00e-03; Runtime: 369.9s; Iterations = 3680, grads =   1.572e-08, unitary_metric = 0.99999
Error = :2.00e-03; Runtime: 371.8s; Iterations = 3700, grads =   3.529e-08, unitary_metric = 0.99999
Error = :1.99e-03; Runtime: 374.0s; Iterations = 3720, grads =   1.069e-06, unitary_metric = 0.99999
Error = :2.01e-03; Runtime: 375.9s; Iterations = 3740, grads =   1.609e-04, unitary_metric = 0.99999
Error = :1.98e-03; Runtime: 377.9s; Iterations = 3760, grads =   4.648e-07, unitary_metric = 0.99999
Error = :1.98e-03; Runtime: 379.9s; Iterations = 3780, grads =   1.118e-06, unitary_metric = 0.99999
Error = :1.98e-03; Runtime: 381.8s; Iterations = 3800, grads =   1.133e-04, unitary_metric = 0.99999
Error = :1.98e-03; Runtime: 384.0s; Iterations = 3820, grads =   7.373e-05, unitary_metric = 0.99999
Error = :1.97e-03; Runtime: 385.9s; Iterations = 3840, grads =   5.824e-06, unitary_metric = 0.99999
Error = :1.97e-03; Runtime: 387.9s; Iterations = 3860, grads =   6.233e-07, unitary_metric = 0.99999
Error = :1.96e-03; Runtime: 389.9s; Iterations = 3880, grads =   1.565e-07, unitary_metric = 0.99999
Error = :1.96e-03; Runtime: 391.8s; Iterations = 3900, grads =   3.618e-08, unitary_metric = 0.99999
Error = :1.96e-03; Runtime: 394.1s; Iterations = 3920, grads =   9.363e-09, unitary_metric = 0.99999
Error = :1.95e-03; Runtime: 396.0s; Iterations = 3940, grads =   9.518e-09, unitary_metric = 0.99999
Error = :1.95e-03; Runtime: 398.0s; Iterations = 3960, grads =   1.109e-08, unitary_metric = 0.99999
Error = :1.95e-03; Runtime: 400.0s; Iterations = 3980, grads =   1.613e-06, unitary_metric = 0.99999
Error = :1.96e-03; Runtime: 402.1s; Iterations = 4000, grads =   1.072e-04, unitary_metric = 0.99998
Error = :1.94e-03; Runtime: 404.3s; Iterations = 4020, grads =   2.264e-05, unitary_metric = 0.99999
Error = :1.94e-03; Runtime: 406.3s; Iterations = 4040, grads =   1.081e-07, unitary_metric = 0.99999
Error = :1.94e-03; Runtime: 408.3s; Iterations = 4060, grads =   6.966e-07, unitary_metric = 0.99998
Error = :1.96e-03; Runtime: 410.3s; Iterations = 4080, grads =   2.605e-04, unitary_metric = 0.99998
Error = :1.93e-03; Runtime: 412.2s; Iterations = 4100, grads =   3.012e-05, unitary_metric = 0.99998
Error = :1.93e-03; Runtime: 414.4s; Iterations = 4120, grads =   6.978e-06, unitary_metric = 0.99998
Error = :1.93e-03; Runtime: 416.3s; Iterations = 4140, grads =   3.136e-08, unitary_metric = 0.99998
Error = :1.92e-03; Runtime: 418.3s; Iterations = 4160, grads =   1.183e-07, unitary_metric = 0.99998
Error = :1.92e-03; Runtime: 420.3s; Iterations = 4180, grads =   2.571e-08, unitary_metric = 0.99998
Error = :1.92e-03; Runtime: 422.2s; Iterations = 4200, grads =   1.038e-08, unitary_metric = 0.99998
Error = :1.92e-03; Runtime: 424.4s; Iterations = 4220, grads =   7.800e-09, unitary_metric = 0.99998
Error = :1.91e-03; Runtime: 426.4s; Iterations = 4240, grads =   7.449e-09, unitary_metric = 0.99999
Error = :1.91e-03; Runtime: 428.3s; Iterations = 4260, grads =   7.374e-09, unitary_metric = 0.99998
Error = :1.91e-03; Runtime: 430.3s; Iterations = 4280, grads =   7.719e-09, unitary_metric = 0.99998
Error = :1.91e-03; Runtime: 432.3s; Iterations = 4300, grads =   7.621e-09, unitary_metric = 0.99998
Error = :1.90e-03; Runtime: 434.4s; Iterations = 4320, grads =   8.553e-09, unitary_metric = 0.99998
Error = :1.90e-03; Runtime: 436.4s; Iterations = 4340, grads =   1.190e-07, unitary_metric = 0.99998
Error = :1.91e-03; Runtime: 438.3s; Iterations = 4360, grads =   5.720e-05, unitary_metric = 0.99998
Error = :1.90e-03; Runtime: 440.3s; Iterations = 4380, grads =   1.344e-05, unitary_metric = 0.99998
Error = :1.90e-03; Runtime: 442.3s; Iterations = 4400, grads =   6.232e-05, unitary_metric = 0.99998
Error = :1.90e-03; Runtime: 444.4s; Iterations = 4420, grads =   6.218e-05, unitary_metric = 0.99998
Error = :1.89e-03; Runtime: 446.4s; Iterations = 4440, grads =   7.527e-06, unitary_metric = 0.99998
Error = :1.89e-03; Runtime: 448.3s; Iterations = 4460, grads =   1.052e-06, unitary_metric = 0.99998
Error = :1.88e-03; Runtime: 450.3s; Iterations = 4480, grads =   1.160e-07, unitary_metric = 0.99998
Error = :1.88e-03; Runtime: 452.3s; Iterations = 4500, grads =   7.919e-09, unitary_metric = 0.99998
Error = :1.88e-03; Runtime: 454.4s; Iterations = 4520, grads =   1.045e-08, unitary_metric = 0.99998
Error = :1.88e-03; Runtime: 456.4s; Iterations = 4540, grads =   6.943e-09, unitary_metric = 0.99998
Error = :1.87e-03; Runtime: 458.4s; Iterations = 4560, grads =   7.192e-09, unitary_metric = 0.99998
Error = :1.87e-03; Runtime: 460.3s; Iterations = 4580, grads =   7.173e-09, unitary_metric = 0.99998
Error = :1.87e-03; Runtime: 462.3s; Iterations = 4600, grads =   2.567e-08, unitary_metric = 0.99998
Error = :1.87e-03; Runtime: 464.5s; Iterations = 4620, grads =   1.517e-06, unitary_metric = 0.99998
Error = :1.88e-03; Runtime: 466.4s; Iterations = 4640, grads =   9.793e-05, unitary_metric = 0.99998
Error = :1.87e-03; Runtime: 468.4s; Iterations = 4660, grads =   7.394e-05, unitary_metric = 0.99998
Error = :1.86e-03; Runtime: 470.4s; Iterations = 4680, grads =   4.282e-05, unitary_metric = 0.99998
Error = :1.86e-03; Runtime: 472.3s; Iterations = 4700, grads =   2.650e-06, unitary_metric = 0.99998
Error = :1.86e-03; Runtime: 474.5s; Iterations = 4720, grads =   2.202e-07, unitary_metric = 0.99998
Error = :1.85e-03; Runtime: 476.4s; Iterations = 4740, grads =   4.989e-08, unitary_metric = 0.99998
Error = :1.85e-03; Runtime: 478.4s; Iterations = 4760, grads =   1.658e-08, unitary_metric = 0.99998
Error = :1.85e-03; Runtime: 480.4s; Iterations = 4780, grads =   7.287e-09, unitary_metric = 0.99998
Error = :1.84e-03; Runtime: 482.3s; Iterations = 4800, grads =   1.025e-08, unitary_metric = 0.99998
Error = :1.84e-03; Runtime: 484.5s; Iterations = 4820, grads =   3.603e-08, unitary_metric = 0.99998
Error = :1.84e-03; Runtime: 486.4s; Iterations = 4840, grads =   1.941e-06, unitary_metric = 0.99998
Error = :1.85e-03; Runtime: 488.4s; Iterations = 4860, grads =   6.235e-05, unitary_metric = 0.99998
Error = :1.84e-03; Runtime: 490.4s; Iterations = 4880, grads =   6.388e-06, unitary_metric = 0.99998
Error = :1.83e-03; Runtime: 492.3s; Iterations = 4900, grads =   1.383e-07, unitary_metric = 0.99998
Error = :1.83e-03; Runtime: 494.5s; Iterations = 4920, grads =   8.343e-08, unitary_metric = 0.99998
Error = :1.83e-03; Runtime: 496.5s; Iterations = 4940, grads =   2.093e-08, unitary_metric = 0.99998
Error = :1.83e-03; Runtime: 498.4s; Iterations = 4960, grads =   1.452e-05, unitary_metric = 0.99998
Error = :1.83e-03; Runtime: 500.4s; Iterations = 4980, grads =   1.115e-04, unitary_metric = 0.99998
Error = :1.82e-03; Runtime: 502.4s; Iterations = 5000, grads =   8.084e-06, unitary_metric = 0.99998
Error = :1.82e-03; Runtime: 504.6s; Iterations = 5020, grads =   4.807e-08, unitary_metric = 0.99998
Error = :1.82e-03; Runtime: 506.6s; Iterations = 5040, grads =   1.488e-07, unitary_metric = 0.99998
Error = :1.82e-03; Runtime: 508.6s; Iterations = 5060, grads =   5.082e-06, unitary_metric = 0.99998
Error = :1.82e-03; Runtime: 510.5s; Iterations = 5080, grads =   5.931e-06, unitary_metric = 0.99998
Error = :1.81e-03; Runtime: 512.5s; Iterations = 5100, grads =   3.274e-06, unitary_metric = 0.99998
Error = :1.81e-03; Runtime: 514.6s; Iterations = 5120, grads =   6.560e-07, unitary_metric = 0.99998
Error = :1.81e-03; Runtime: 516.6s; Iterations = 5140, grads =   9.714e-08, unitary_metric = 0.99998
Error = :1.81e-03; Runtime: 518.6s; Iterations = 5160, grads =   1.345e-08, unitary_metric = 0.99998
Error = :1.80e-03; Runtime: 520.5s; Iterations = 5180, grads =   6.180e-09, unitary_metric = 0.99998
Error = :1.80e-03; Runtime: 522.5s; Iterations = 5200, grads =   6.241e-09, unitary_metric = 0.99998
Error = :1.80e-03; Runtime: 524.6s; Iterations = 5220, grads =   7.697e-09, unitary_metric = 0.99998
Error = :1.80e-03; Runtime: 526.6s; Iterations = 5240, grads =   6.271e-09, unitary_metric = 0.99998
Error = :1.80e-03; Runtime: 528.6s; Iterations = 5260, grads =   6.154e-09, unitary_metric = 0.99999
Error = :1.79e-03; Runtime: 530.5s; Iterations = 5280, grads =   6.125e-09, unitary_metric = 0.99998
Error = :1.79e-03; Runtime: 532.5s; Iterations = 5300, grads =   1.516e-08, unitary_metric = 0.99998
Error = :1.79e-03; Runtime: 534.6s; Iterations = 5320, grads =   1.103e-06, unitary_metric = 0.99999
Error = :1.80e-03; Runtime: 536.6s; Iterations = 5340, grads =   5.521e-05, unitary_metric = 0.99999
Error = :1.79e-03; Runtime: 538.6s; Iterations = 5360, grads =   3.258e-05, unitary_metric = 0.99999
Error = :1.79e-03; Runtime: 540.5s; Iterations = 5380, grads =   3.635e-05, unitary_metric = 0.99999
Error = :1.78e-03; Runtime: 542.5s; Iterations = 5400, grads =   4.480e-06, unitary_metric = 0.99998
Error = :1.78e-03; Runtime: 544.7s; Iterations = 5420, grads =   5.462e-07, unitary_metric = 0.99998
Error = :1.78e-03; Runtime: 546.6s; Iterations = 5440, grads =   4.411e-08, unitary_metric = 0.99998
Error = :1.78e-03; Runtime: 548.6s; Iterations = 5460, grads =   6.735e-09, unitary_metric = 0.99998
Error = :1.78e-03; Runtime: 550.5s; Iterations = 5480, grads =   7.675e-09, unitary_metric = 0.99999
Error = :1.78e-03; Runtime: 552.5s; Iterations = 5500, grads =   6.145e-09, unitary_metric = 0.99998
Error = :1.77e-03; Runtime: 554.6s; Iterations = 5520, grads =   6.005e-09, unitary_metric = 0.99999
Error = :1.77e-03; Runtime: 556.6s; Iterations = 5540, grads =   7.023e-09, unitary_metric = 0.99999
Error = :1.77e-03; Runtime: 558.6s; Iterations = 5560, grads =   1.622e-08, unitary_metric = 0.99999
Error = :1.77e-03; Runtime: 560.5s; Iterations = 5580, grads =   3.108e-06, unitary_metric = 0.99998
Error = :1.77e-03; Runtime: 562.5s; Iterations = 5600, grads =   1.060e-05, unitary_metric = 0.99999
Error = :1.78e-03; Runtime: 564.6s; Iterations = 5620, grads =   8.980e-05, unitary_metric = 0.99998
Error = :1.77e-03; Runtime: 566.6s; Iterations = 5640, grads =   9.794e-07, unitary_metric = 0.99998
Error = :1.77e-03; Runtime: 568.5s; Iterations = 5660, grads =   2.312e-07, unitary_metric = 0.99999
Error = :1.76e-03; Runtime: 570.5s; Iterations = 5680, grads =   2.042e-07, unitary_metric = 0.99999
Error = :1.76e-03; Runtime: 572.5s; Iterations = 5700, grads =   7.254e-09, unitary_metric = 0.99999
Error = :1.76e-03; Runtime: 574.6s; Iterations = 5720, grads =   9.537e-09, unitary_metric = 0.99999
Error = :1.76e-03; Runtime: 576.6s; Iterations = 5740, grads =   7.563e-09, unitary_metric = 0.99999
Error = :1.76e-03; Runtime: 578.5s; Iterations = 5760, grads =   7.857e-09, unitary_metric = 0.99999
Error = :1.76e-03; Runtime: 580.5s; Iterations = 5780, grads =   8.819e-09, unitary_metric = 0.99999
Error = :1.76e-03; Runtime: 582.5s; Iterations = 5800, grads =   1.737e-08, unitary_metric = 0.99999
Error = :1.76e-03; Runtime: 584.6s; Iterations = 5820, grads =   7.980e-07, unitary_metric = 0.99999
Error = :1.77e-03; Runtime: 586.6s; Iterations = 5840, grads =   7.539e-05, unitary_metric = 0.99999
Error = :1.76e-03; Runtime: 588.5s; Iterations = 5860, grads =   5.996e-07, unitary_metric = 0.99999
Error = :1.76e-03; Runtime: 590.5s; Iterations = 5880, grads =   9.255e-07, unitary_metric = 0.99998
Error = :1.77e-03; Runtime: 592.4s; Iterations = 5900, grads =   3.815e-05, unitary_metric = 0.99999
Error = :1.76e-03; Runtime: 594.6s; Iterations = 5920, grads =   1.648e-06, unitary_metric = 0.99999
Error = :1.76e-03; Runtime: 596.5s; Iterations = 5940, grads =   3.247e-08, unitary_metric = 0.99998
Error = :1.77e-03; Runtime: 598.5s; Iterations = 5960, grads =   8.102e-08, unitary_metric = 0.99998
Error = :1.77e-03; Runtime: 600.4s; Iterations = 5980, grads =   1.003e-08, unitary_metric = 0.99998
Error = :1.77e-03; Runtime: 602.4s; Iterations = 6000, grads =   1.038e-08, unitary_metric = 0.99999
data saved at: /project/ftchong/qoc/pranav/00014_31_nah_slice_126.h5


trying total_time: 5.9 for unitary of size (16, 16)
data saved at: /project/ftchong/qoc/pranav/00015_31_nah_slice_126.h5
Using 7 Taylor terms and 2 Scaling & Squaring terms
Building graph:
Propagators initialized.
Operators weight initialized.
Intermediate propagation variables initialized.
Intermediate propagators initialized.
Vectors initialized.
Training loss initialized.
Optimizer initialized.
Utilities initialized.
Graph built!
Initialized
Error = :9.82e-01; Runtime: 0.2s; Iterations = 0, grads =   1.395e-02, unitary_metric = 1.00000
Error = :6.88e-01; Runtime: 2.6s; Iterations = 20, grads =   1.562e-02, unitary_metric = 1.00000
Error = :5.69e-01; Runtime: 4.7s; Iterations = 40, grads =   7.609e-03, unitary_metric = 0.99999
Error = :3.64e-01; Runtime: 6.7s; Iterations = 60, grads =   7.419e-04, unitary_metric = 1.00000
Error = :3.39e-01; Runtime: 8.8s; Iterations = 80, grads =   1.407e-04, unitary_metric = 0.99999
Error = :3.31e-01; Runtime: 10.9s; Iterations = 100, grads =   2.013e-04, unitary_metric = 0.99999
Error = :2.92e-01; Runtime: 13.1s; Iterations = 120, grads =   5.390e-04, unitary_metric = 0.99999
Error = :1.92e-01; Runtime: 15.2s; Iterations = 140, grads =   5.026e-03, unitary_metric = 0.99999
Error = :1.04e-01; Runtime: 17.2s; Iterations = 160, grads =   3.675e-04, unitary_metric = 0.99999
Error = :6.08e-02; Runtime: 19.3s; Iterations = 180, grads =   2.501e-04, unitary_metric = 0.99999
Error = :4.05e-02; Runtime: 21.4s; Iterations = 200, grads =   1.299e-03, unitary_metric = 0.99999
Error = :2.85e-02; Runtime: 23.6s; Iterations = 220, grads =   3.863e-04, unitary_metric = 0.99999
Error = :2.00e-02; Runtime: 25.6s; Iterations = 240, grads =   2.950e-04, unitary_metric = 0.99999
Error = :1.43e-02; Runtime: 27.7s; Iterations = 260, grads =   2.191e-04, unitary_metric = 0.99999
Error = :1.07e-02; Runtime: 29.7s; Iterations = 280, grads =   2.882e-04, unitary_metric = 0.99999
Error = :8.45e-03; Runtime: 31.8s; Iterations = 300, grads =   4.765e-05, unitary_metric = 0.99999
Error = :7.00e-03; Runtime: 34.0s; Iterations = 320, grads =   5.829e-06, unitary_metric = 0.99999
Error = :5.99e-03; Runtime: 36.1s; Iterations = 340, grads =   4.171e-06, unitary_metric = 0.99999
Error = :5.23e-03; Runtime: 38.1s; Iterations = 360, grads =   3.134e-06, unitary_metric = 0.99999
Error = :4.66e-03; Runtime: 40.2s; Iterations = 380, grads =   2.866e-04, unitary_metric = 0.99998
Error = :4.51e-03; Runtime: 42.3s; Iterations = 400, grads =   2.627e-03, unitary_metric = 0.99999
Error = :3.79e-03; Runtime: 44.6s; Iterations = 420, grads =   2.300e-04, unitary_metric = 0.99999
Error = :3.43e-03; Runtime: 46.6s; Iterations = 440, grads =   3.669e-05, unitary_metric = 0.99999
Error = :3.14e-03; Runtime: 48.7s; Iterations = 460, grads =   7.363e-06, unitary_metric = 0.99999
Error = :2.90e-03; Runtime: 50.7s; Iterations = 480, grads =   2.297e-06, unitary_metric = 0.99999
Error = :2.69e-03; Runtime: 52.8s; Iterations = 500, grads =   9.085e-07, unitary_metric = 0.99999
Error = :2.50e-03; Runtime: 55.0s; Iterations = 520, grads =   5.916e-07, unitary_metric = 0.99999
Error = :2.34e-03; Runtime: 57.1s; Iterations = 540, grads =   5.540e-07, unitary_metric = 0.99999
Error = :2.19e-03; Runtime: 59.1s; Iterations = 560, grads =   6.661e-05, unitary_metric = 0.99999
Error = :2.06e-03; Runtime: 61.2s; Iterations = 580, grads =   8.546e-05, unitary_metric = 0.99998
Error = :2.39e-03; Runtime: 63.2s; Iterations = 600, grads =   2.769e-03, unitary_metric = 0.99999
Error = :1.85e-03; Runtime: 65.4s; Iterations = 620, grads =   1.582e-04, unitary_metric = 0.99999
Error = :1.73e-03; Runtime: 67.5s; Iterations = 640, grads =   2.272e-05, unitary_metric = 0.99999
Error = :1.64e-03; Runtime: 69.5s; Iterations = 660, grads =   3.894e-06, unitary_metric = 0.99999
Error = :1.56e-03; Runtime: 71.6s; Iterations = 680, grads =   6.802e-07, unitary_metric = 0.99999
Error = :1.48e-03; Runtime: 73.6s; Iterations = 700, grads =   3.202e-07, unitary_metric = 0.99999
Error = :1.41e-03; Runtime: 75.9s; Iterations = 720, grads =   2.192e-07, unitary_metric = 0.99999
Error = :1.34e-03; Runtime: 77.9s; Iterations = 740, grads =   2.040e-07, unitary_metric = 0.99999
Error = :1.28e-03; Runtime: 80.0s; Iterations = 760, grads =   2.962e-07, unitary_metric = 0.99999
Error = :1.29e-03; Runtime: 82.0s; Iterations = 780, grads =   8.237e-04, unitary_metric = 0.99998
Error = :1.28e-03; Runtime: 84.1s; Iterations = 800, grads =   1.376e-03, unitary_metric = 0.99999
Error = :1.34e-03; Runtime: 86.3s; Iterations = 820, grads =   1.291e-03, unitary_metric = 0.99998
Error = :1.16e-03; Runtime: 88.4s; Iterations = 840, grads =   4.594e-04, unitary_metric = 0.99999
Error = :1.04e-03; Runtime: 90.4s; Iterations = 860, grads =   3.613e-05, unitary_metric = 0.99998
Error = :1.00e-03; Runtime: 92.5s; Iterations = 880, grads =   2.176e-06, unitary_metric = 0.99999
Error = :9.99e-04; Runtime: 92.6s; Iterations = 881, grads =   5.890e-06, unitary_metric = 0.99999
data saved at: /project/ftchong/qoc/pranav/00015_31_nah_slice_126.h5




[0.3, 5.9]
TIME FOR SLICE IS:
5.9
