Running Block:  65


trying total_time: 10.0 for unitary of size (4, 4)
data saved at: /project/ftchong/qoc/pranav/00000_31_nah_slice_65.h5
Using 6 Taylor terms and 1 Scaling & Squaring terms
Building graph:
Propagators initialized.
Operators weight initialized.
Intermediate propagation variables initialized.
Intermediate propagators initialized.
Vectors initialized.
Training loss initialized.
Optimizer initialized.
Utilities initialized.
Graph built!
Initialized
Error = :3.95e-02; Runtime: 0.3s; Iterations = 0, grads =   7.979e-01, unitary_metric = 1.00000
Error = :1.75e-04; Runtime: 1.6s; Iterations = 11, grads =   1.024e-03, unitary_metric = 1.00000
data saved at: /project/ftchong/qoc/pranav/00000_31_nah_slice_65.h5


trying total_time: 5.0 for unitary of size (4, 4)
data saved at: /project/ftchong/qoc/pranav/00001_31_nah_slice_65.h5
Using 6 Taylor terms and 1 Scaling & Squaring terms
Building graph:
Propagators initialized.
Operators weight initialized.
Intermediate propagation variables initialized.
Intermediate propagators initialized.
Vectors initialized.
Training loss initialized.
Optimizer initialized.
Utilities initialized.
Graph built!
Initialized
Error = :9.67e-03; Runtime: 0.1s; Iterations = 0, grads =   8.722e-02, unitary_metric = 1.00000
Error = :1.81e-04; Runtime: 0.8s; Iterations = 11, grads =   2.129e-05, unitary_metric = 1.00000
data saved at: /project/ftchong/qoc/pranav/00001_31_nah_slice_65.h5


trying total_time: 2.5 for unitary of size (4, 4)
data saved at: /project/ftchong/qoc/pranav/00002_31_nah_slice_65.h5
Using 6 Taylor terms and 1 Scaling & Squaring terms
Building graph:
Propagators initialized.
Operators weight initialized.
Intermediate propagation variables initialized.
Intermediate propagators initialized.
Vectors initialized.
Training loss initialized.
Optimizer initialized.
Utilities initialized.
Graph built!
Initialized
Error = :9.05e-03; Runtime: 0.1s; Iterations = 0, grads =   2.866e-02, unitary_metric = 1.00000
Error = :4.91e-04; Runtime: 0.5s; Iterations = 12, grads =   1.357e-03, unitary_metric = 1.00000
data saved at: /project/ftchong/qoc/pranav/00002_31_nah_slice_65.h5


trying total_time: 1.25 for unitary of size (4, 4)
data saved at: /project/ftchong/qoc/pranav/00003_31_nah_slice_65.h5
Using 6 Taylor terms and 1 Scaling & Squaring terms
Building graph:
Propagators initialized.
Operators weight initialized.
Intermediate propagation variables initialized.
Intermediate propagators initialized.
Vectors initialized.
Training loss initialized.
Optimizer initialized.
Utilities initialized.
Graph built!
Initialized
Error = :1.67e-01; Runtime: 0.1s; Iterations = 0, grads =   3.622e-01, unitary_metric = 1.00000
Error = :2.53e-04; Runtime: 0.2s; Iterations = 8, grads =   1.572e-04, unitary_metric = 1.00000
data saved at: /project/ftchong/qoc/pranav/00003_31_nah_slice_65.h5


trying total_time: 0.6 for unitary of size (4, 4)
data saved at: /project/ftchong/qoc/pranav/00004_31_nah_slice_65.h5
Using 7 Taylor terms and 0 Scaling & Squaring terms
Building graph:
Propagators initialized.
Operators weight initialized.
Intermediate propagation variables initialized.
Intermediate propagators initialized.
Vectors initialized.
Training loss initialized.
Optimizer initialized.
Utilities initialized.
Graph built!
Initialized
Error = :1.69e-02; Runtime: 0.0s; Iterations = 0, grads =   1.688e-02, unitary_metric = 1.00000
Error = :6.03e-04; Runtime: 0.2s; Iterations = 14, grads =   6.314e-04, unitary_metric = 1.00000
data saved at: /project/ftchong/qoc/pranav/00004_31_nah_slice_65.h5


trying total_time: 0.3 for unitary of size (4, 4)
data saved at: /project/ftchong/qoc/pranav/00005_31_nah_slice_65.h5
Using 5 Taylor terms and 1 Scaling & Squaring terms
Building graph:
Propagators initialized.
Operators weight initialized.
Intermediate propagation variables initialized.
Intermediate propagators initialized.
Vectors initialized.
Training loss initialized.
Optimizer initialized.
Utilities initialized.
Graph built!
Initialized
Error = :1.08e-03; Runtime: 0.0s; Iterations = 0, grads =   1.878e-04, unitary_metric = 1.00000
Error = :6.89e-04; Runtime: 0.1s; Iterations = 1, grads =   2.849e-05, unitary_metric = 1.00000
data saved at: /project/ftchong/qoc/pranav/00005_31_nah_slice_65.h5


trying total_time: 40.0 for unitary of size (16, 16)
data saved at: /project/ftchong/qoc/pranav/00006_31_nah_slice_65.h5
Using 5 Taylor terms and 4 Scaling & Squaring terms
Building graph:
Propagators initialized.
Operators weight initialized.
Intermediate propagation variables initialized.
Intermediate propagators initialized.
Vectors initialized.
Training loss initialized.
Optimizer initialized.
Utilities initialized.
Graph built!
Initialized
Error = :9.45e-01; Runtime: 1.4s; Iterations = 0, grads =   3.328e-02, unitary_metric = 1.00051
Error = :7.17e-01; Runtime: 18.6s; Iterations = 20, grads =   8.635e-02, unitary_metric = 1.00030
Error = :5.05e-01; Runtime: 33.5s; Iterations = 40, grads =   2.644e-01, unitary_metric = 1.00029
Error = :8.09e-02; Runtime: 48.4s; Iterations = 60, grads =   2.131e+00, unitary_metric = 1.00024
Error = :8.76e-03; Runtime: 63.3s; Iterations = 80, grads =   2.400e-01, unitary_metric = 1.00022
Error = :6.49e-04; Runtime: 75.1s; Iterations = 96, grads =   1.287e-02, unitary_metric = 1.00023
data saved at: /project/ftchong/qoc/pranav/00006_31_nah_slice_65.h5


trying total_time: 20.0 for unitary of size (16, 16)
data saved at: /project/ftchong/qoc/pranav/00007_31_nah_slice_65.h5
Using 7 Taylor terms and 2 Scaling & Squaring terms
Building graph:
Propagators initialized.
Operators weight initialized.
Intermediate propagation variables initialized.
Intermediate propagators initialized.
Vectors initialized.
Training loss initialized.
Optimizer initialized.
Utilities initialized.
Graph built!
Initialized
Error = :9.40e-01; Runtime: 0.6s; Iterations = 0, grads =   3.018e-03, unitary_metric = 1.00001
Error = :6.51e-01; Runtime: 9.0s; Iterations = 20, grads =   1.997e-01, unitary_metric = 1.00001
Error = :3.29e-01; Runtime: 16.2s; Iterations = 40, grads =   5.836e-02, unitary_metric = 1.00000
Error = :1.65e-02; Runtime: 23.5s; Iterations = 60, grads =   4.610e-02, unitary_metric = 0.99999
Error = :5.32e-03; Runtime: 30.7s; Iterations = 80, grads =   7.905e-02, unitary_metric = 0.99999
Error = :8.25e-04; Runtime: 34.6s; Iterations = 91, grads =   2.193e-02, unitary_metric = 1.00000
data saved at: /project/ftchong/qoc/pranav/00007_31_nah_slice_65.h5


trying total_time: 10.0 for unitary of size (16, 16)
data saved at: /project/ftchong/qoc/pranav/00008_31_nah_slice_65.h5
Using 7 Taylor terms and 2 Scaling & Squaring terms
Building graph:
Propagators initialized.
Operators weight initialized.
Intermediate propagation variables initialized.
Intermediate propagators initialized.
Vectors initialized.
Training loss initialized.
Optimizer initialized.
Utilities initialized.
Graph built!
Initialized
Error = :9.45e-01; Runtime: 0.3s; Iterations = 0, grads =   1.022e-02, unitary_metric = 1.00000
Error = :6.97e-01; Runtime: 4.4s; Iterations = 20, grads =   2.041e-02, unitary_metric = 1.00000
Error = :5.18e-01; Runtime: 7.9s; Iterations = 40, grads =   3.239e-03, unitary_metric = 1.00000
Error = :4.30e-01; Runtime: 11.4s; Iterations = 60, grads =   5.901e-03, unitary_metric = 0.99999
Error = :5.62e-02; Runtime: 14.9s; Iterations = 80, grads =   6.219e-02, unitary_metric = 0.99999
Error = :4.16e-03; Runtime: 18.4s; Iterations = 100, grads =   2.179e-03, unitary_metric = 0.99999
Error = :9.48e-04; Runtime: 21.5s; Iterations = 116, grads =   1.924e-03, unitary_metric = 0.99999
data saved at: /project/ftchong/qoc/pranav/00008_31_nah_slice_65.h5


trying total_time: 5.0 for unitary of size (16, 16)
data saved at: /project/ftchong/qoc/pranav/00009_31_nah_slice_65.h5
Using 7 Taylor terms and 2 Scaling & Squaring terms
Building graph:
Propagators initialized.
Operators weight initialized.
Intermediate propagation variables initialized.
Intermediate propagators initialized.
Vectors initialized.
Training loss initialized.
Optimizer initialized.
Utilities initialized.
Graph built!
Initialized
Error = :9.39e-01; Runtime: 0.2s; Iterations = 0, grads =   1.072e-03, unitary_metric = 1.00000
Error = :7.80e-01; Runtime: 2.3s; Iterations = 20, grads =   2.713e-03, unitary_metric = 1.00000
Error = :6.94e-01; Runtime: 4.0s; Iterations = 40, grads =   1.076e-03, unitary_metric = 0.99999
Error = :5.63e-01; Runtime: 5.8s; Iterations = 60, grads =   7.488e-04, unitary_metric = 0.99999
Error = :4.74e-01; Runtime: 7.5s; Iterations = 80, grads =   5.541e-04, unitary_metric = 0.99999
Error = :3.63e-01; Runtime: 9.3s; Iterations = 100, grads =   3.346e-03, unitary_metric = 0.99999
Error = :1.86e-01; Runtime: 11.2s; Iterations = 120, grads =   1.172e-03, unitary_metric = 0.99999
Error = :8.89e-02; Runtime: 12.9s; Iterations = 140, grads =   5.830e-04, unitary_metric = 0.99999
Error = :5.11e-02; Runtime: 14.7s; Iterations = 160, grads =   6.990e-04, unitary_metric = 0.99999
Error = :3.39e-02; Runtime: 16.5s; Iterations = 180, grads =   3.450e-04, unitary_metric = 0.99999
Error = :2.55e-02; Runtime: 18.2s; Iterations = 200, grads =   7.698e-04, unitary_metric = 0.99999
Error = :2.10e-02; Runtime: 20.1s; Iterations = 220, grads =   7.616e-04, unitary_metric = 0.99999
Error = :1.84e-02; Runtime: 21.9s; Iterations = 240, grads =   5.320e-04, unitary_metric = 0.99999
Error = :1.68e-02; Runtime: 23.6s; Iterations = 260, grads =   1.082e-04, unitary_metric = 0.99999
Error = :1.57e-02; Runtime: 25.3s; Iterations = 280, grads =   2.227e-05, unitary_metric = 0.99999
Error = :1.49e-02; Runtime: 27.1s; Iterations = 300, grads =   5.187e-06, unitary_metric = 0.99999
Error = :1.44e-02; Runtime: 29.0s; Iterations = 320, grads =   1.056e-03, unitary_metric = 0.99999
Error = :1.38e-02; Runtime: 30.8s; Iterations = 340, grads =   1.446e-04, unitary_metric = 0.99999
Error = :1.36e-02; Runtime: 32.5s; Iterations = 360, grads =   2.017e-03, unitary_metric = 0.99998
Error = :1.32e-02; Runtime: 34.3s; Iterations = 380, grads =   8.190e-04, unitary_metric = 0.99998
Error = :1.28e-02; Runtime: 36.0s; Iterations = 400, grads =   1.143e-04, unitary_metric = 0.99999
Error = :1.26e-02; Runtime: 37.9s; Iterations = 420, grads =   3.972e-06, unitary_metric = 0.99998
Error = :1.24e-02; Runtime: 39.7s; Iterations = 440, grads =   1.929e-06, unitary_metric = 0.99998
Error = :1.22e-02; Runtime: 41.4s; Iterations = 460, grads =   8.401e-07, unitary_metric = 0.99999
Error = :1.20e-02; Runtime: 43.2s; Iterations = 480, grads =   7.218e-07, unitary_metric = 0.99999
Error = :1.18e-02; Runtime: 44.9s; Iterations = 500, grads =   7.006e-07, unitary_metric = 0.99998
Error = :1.20e-02; Runtime: 46.8s; Iterations = 520, grads =   1.925e-03, unitary_metric = 0.99998
Error = :1.17e-02; Runtime: 48.6s; Iterations = 540, grads =   1.672e-03, unitary_metric = 0.99999
Error = :1.14e-02; Runtime: 50.3s; Iterations = 560, grads =   2.570e-04, unitary_metric = 0.99998
Error = :1.13e-02; Runtime: 52.0s; Iterations = 580, grads =   1.183e-05, unitary_metric = 0.99999
Error = :1.12e-02; Runtime: 53.8s; Iterations = 600, grads =   3.511e-06, unitary_metric = 0.99999
Error = :1.11e-02; Runtime: 55.7s; Iterations = 620, grads =   9.232e-07, unitary_metric = 0.99999
Error = :1.10e-02; Runtime: 57.4s; Iterations = 640, grads =   4.025e-07, unitary_metric = 0.99999
Error = :1.09e-02; Runtime: 59.2s; Iterations = 660, grads =   3.173e-07, unitary_metric = 0.99999
Error = :1.08e-02; Runtime: 60.9s; Iterations = 680, grads =   4.162e-07, unitary_metric = 0.99999
Error = :1.07e-02; Runtime: 62.6s; Iterations = 700, grads =   3.799e-07, unitary_metric = 0.99999
Error = :1.07e-02; Runtime: 64.6s; Iterations = 720, grads =   1.090e-04, unitary_metric = 0.99999
Error = :1.06e-02; Runtime: 66.3s; Iterations = 740, grads =   1.178e-04, unitary_metric = 0.99999
Error = :1.05e-02; Runtime: 68.0s; Iterations = 760, grads =   6.489e-05, unitary_metric = 0.99999
Error = :1.05e-02; Runtime: 69.8s; Iterations = 780, grads =   1.170e-04, unitary_metric = 0.99999
Error = :1.04e-02; Runtime: 71.5s; Iterations = 800, grads =   3.572e-04, unitary_metric = 0.99999
Error = :1.03e-02; Runtime: 73.4s; Iterations = 820, grads =   3.364e-05, unitary_metric = 0.99999
Error = :1.03e-02; Runtime: 75.2s; Iterations = 840, grads =   1.428e-06, unitary_metric = 0.99999
Error = :1.02e-02; Runtime: 76.9s; Iterations = 860, grads =   3.621e-07, unitary_metric = 0.99999
Error = :1.02e-02; Runtime: 78.6s; Iterations = 880, grads =   3.754e-07, unitary_metric = 0.99999
Error = :1.02e-02; Runtime: 80.4s; Iterations = 900, grads =   2.121e-04, unitary_metric = 0.99999
Error = :1.03e-02; Runtime: 82.3s; Iterations = 920, grads =   1.055e-03, unitary_metric = 0.99999
Error = :1.01e-02; Runtime: 84.0s; Iterations = 940, grads =   3.337e-05, unitary_metric = 0.99999
Error = :1.00e-02; Runtime: 85.8s; Iterations = 960, grads =   4.162e-06, unitary_metric = 0.99999
Error = :9.97e-03; Runtime: 87.5s; Iterations = 980, grads =   1.574e-06, unitary_metric = 0.99999
Error = :9.94e-03; Runtime: 89.2s; Iterations = 1000, grads =   3.962e-07, unitary_metric = 0.99999
Error = :9.90e-03; Runtime: 91.2s; Iterations = 1020, grads =   2.442e-05, unitary_metric = 0.99999
Error = :9.90e-03; Runtime: 92.9s; Iterations = 1040, grads =   4.752e-04, unitary_metric = 0.99999
Error = :9.82e-03; Runtime: 94.7s; Iterations = 1060, grads =   2.253e-05, unitary_metric = 0.99999
Error = :9.78e-03; Runtime: 96.4s; Iterations = 1080, grads =   2.949e-07, unitary_metric = 0.99999
Error = :9.73e-03; Runtime: 98.1s; Iterations = 1100, grads =   2.961e-06, unitary_metric = 0.99999
Error = :9.81e-03; Runtime: 100.0s; Iterations = 1120, grads =   8.163e-04, unitary_metric = 0.99999
Error = :9.75e-03; Runtime: 101.8s; Iterations = 1140, grads =   5.626e-04, unitary_metric = 0.99998
Error = :9.61e-03; Runtime: 103.5s; Iterations = 1160, grads =   6.866e-05, unitary_metric = 0.99998
Error = :9.55e-03; Runtime: 105.3s; Iterations = 1180, grads =   5.322e-06, unitary_metric = 0.99999
Error = :9.51e-03; Runtime: 107.0s; Iterations = 1200, grads =   1.269e-06, unitary_metric = 0.99999
Error = :9.47e-03; Runtime: 109.0s; Iterations = 1220, grads =   6.352e-06, unitary_metric = 0.99999
Error = :9.53e-03; Runtime: 110.7s; Iterations = 1240, grads =   9.637e-04, unitary_metric = 0.99999
Error = :9.42e-03; Runtime: 112.4s; Iterations = 1260, grads =   2.324e-05, unitary_metric = 0.99999
Error = :9.39e-03; Runtime: 114.2s; Iterations = 1280, grads =   3.252e-06, unitary_metric = 0.99999
Error = :9.38e-03; Runtime: 115.9s; Iterations = 1300, grads =   7.986e-07, unitary_metric = 0.99999
Error = :9.37e-03; Runtime: 117.8s; Iterations = 1320, grads =   1.050e-06, unitary_metric = 0.99999
Error = :9.53e-03; Runtime: 119.6s; Iterations = 1340, grads =   8.143e-04, unitary_metric = 0.99999
Error = :9.37e-03; Runtime: 121.3s; Iterations = 1360, grads =   9.933e-05, unitary_metric = 0.99999
Error = :9.36e-03; Runtime: 123.1s; Iterations = 1380, grads =   4.798e-05, unitary_metric = 0.99999
Error = :9.35e-03; Runtime: 124.8s; Iterations = 1400, grads =   3.916e-06, unitary_metric = 0.99999
Error = :9.36e-03; Runtime: 126.7s; Iterations = 1420, grads =   6.031e-05, unitary_metric = 0.99999
Error = :9.35e-03; Runtime: 128.5s; Iterations = 1440, grads =   1.191e-05, unitary_metric = 0.99999
Error = :9.34e-03; Runtime: 130.2s; Iterations = 1460, grads =   1.709e-06, unitary_metric = 0.99999
Error = :9.32e-03; Runtime: 132.0s; Iterations = 1480, grads =   2.535e-07, unitary_metric = 0.99998
Error = :9.29e-03; Runtime: 133.7s; Iterations = 1500, grads =   3.556e-07, unitary_metric = 0.99999
Error = :9.28e-03; Runtime: 135.6s; Iterations = 1520, grads =   6.109e-05, unitary_metric = 0.99999
Error = :9.26e-03; Runtime: 137.3s; Iterations = 1540, grads =   1.161e-04, unitary_metric = 0.99999
Error = :9.22e-03; Runtime: 139.1s; Iterations = 1560, grads =   2.639e-06, unitary_metric = 0.99999
Error = :9.20e-03; Runtime: 140.8s; Iterations = 1580, grads =   1.001e-05, unitary_metric = 0.99999
Error = :9.23e-03; Runtime: 142.6s; Iterations = 1600, grads =   3.049e-04, unitary_metric = 0.99999
Error = :9.18e-03; Runtime: 144.5s; Iterations = 1620, grads =   1.330e-04, unitary_metric = 0.99999
Error = :9.16e-03; Runtime: 146.2s; Iterations = 1640, grads =   2.667e-05, unitary_metric = 0.99999
Error = :9.14e-03; Runtime: 148.0s; Iterations = 1660, grads =   6.088e-07, unitary_metric = 0.99999
Error = :9.13e-03; Runtime: 149.7s; Iterations = 1680, grads =   4.127e-07, unitary_metric = 0.99999
Error = :9.12e-03; Runtime: 151.5s; Iterations = 1700, grads =   9.703e-08, unitary_metric = 0.99999
Error = :9.11e-03; Runtime: 153.4s; Iterations = 1720, grads =   1.545e-05, unitary_metric = 0.99999
Error = :9.11e-03; Runtime: 155.1s; Iterations = 1740, grads =   8.996e-05, unitary_metric = 0.99999
Error = :9.09e-03; Runtime: 156.9s; Iterations = 1760, grads =   1.627e-05, unitary_metric = 0.99999
Error = :9.08e-03; Runtime: 158.6s; Iterations = 1780, grads =   3.455e-07, unitary_metric = 0.99999
Error = :9.08e-03; Runtime: 160.4s; Iterations = 1800, grads =   3.577e-07, unitary_metric = 0.99999
Error = :9.07e-03; Runtime: 162.3s; Iterations = 1820, grads =   2.881e-07, unitary_metric = 0.99999
Error = :9.06e-03; Runtime: 164.0s; Iterations = 1840, grads =   8.628e-06, unitary_metric = 0.99999
Error = :9.11e-03; Runtime: 165.8s; Iterations = 1860, grads =   5.971e-04, unitary_metric = 0.99999
Error = :9.06e-03; Runtime: 167.5s; Iterations = 1880, grads =   3.599e-05, unitary_metric = 0.99999
Error = :9.05e-03; Runtime: 169.3s; Iterations = 1900, grads =   8.151e-06, unitary_metric = 0.99999
Error = :9.04e-03; Runtime: 171.2s; Iterations = 1920, grads =   2.361e-06, unitary_metric = 0.99999
Error = :9.03e-03; Runtime: 173.0s; Iterations = 1940, grads =   1.434e-07, unitary_metric = 0.99999
Error = :9.03e-03; Runtime: 174.7s; Iterations = 1960, grads =   5.400e-07, unitary_metric = 0.99998
Error = :9.09e-03; Runtime: 176.5s; Iterations = 1980, grads =   4.116e-04, unitary_metric = 0.99998
Error = :9.03e-03; Runtime: 178.2s; Iterations = 2000, grads =   4.502e-05, unitary_metric = 0.99999
Error = :9.02e-03; Runtime: 180.1s; Iterations = 2020, grads =   2.048e-05, unitary_metric = 0.99999
Error = :9.04e-03; Runtime: 181.9s; Iterations = 2040, grads =   2.744e-04, unitary_metric = 0.99999
Error = :9.01e-03; Runtime: 183.6s; Iterations = 2060, grads =   1.862e-05, unitary_metric = 0.99999
Error = :9.01e-03; Runtime: 185.4s; Iterations = 2080, grads =   9.531e-07, unitary_metric = 0.99999
Error = :9.01e-03; Runtime: 187.1s; Iterations = 2100, grads =   4.177e-07, unitary_metric = 0.99999
Error = :9.01e-03; Runtime: 189.0s; Iterations = 2120, grads =   1.894e-07, unitary_metric = 0.99999
Error = :9.01e-03; Runtime: 190.8s; Iterations = 2140, grads =   8.334e-06, unitary_metric = 0.99999
Error = :9.03e-03; Runtime: 192.5s; Iterations = 2160, grads =   6.430e-05, unitary_metric = 0.99999
Error = :9.02e-03; Runtime: 194.2s; Iterations = 2180, grads =   7.226e-06, unitary_metric = 0.99999
Error = :9.03e-03; Runtime: 196.0s; Iterations = 2200, grads =   2.048e-06, unitary_metric = 0.99999
Error = :9.04e-03; Runtime: 197.9s; Iterations = 2220, grads =   3.629e-07, unitary_metric = 0.99999
Error = :9.06e-03; Runtime: 199.6s; Iterations = 2240, grads =   6.728e-05, unitary_metric = 0.99999
Error = :9.11e-03; Runtime: 201.4s; Iterations = 2260, grads =   3.331e-04, unitary_metric = 0.99999
Error = :9.09e-03; Runtime: 203.1s; Iterations = 2280, grads =   3.590e-05, unitary_metric = 0.99999
Error = :9.11e-03; Runtime: 204.8s; Iterations = 2300, grads =   8.951e-06, unitary_metric = 0.99999
Error = :9.12e-03; Runtime: 206.8s; Iterations = 2320, grads =   1.424e-06, unitary_metric = 0.99999
Error = :9.13e-03; Runtime: 208.5s; Iterations = 2340, grads =   2.327e-07, unitary_metric = 0.99999
Error = :9.14e-03; Runtime: 210.2s; Iterations = 2360, grads =   8.364e-08, unitary_metric = 0.99998
Error = :9.15e-03; Runtime: 212.0s; Iterations = 2380, grads =   7.146e-08, unitary_metric = 0.99998
Error = :9.15e-03; Runtime: 213.7s; Iterations = 2400, grads =   7.227e-08, unitary_metric = 0.99998
Error = :9.16e-03; Runtime: 215.6s; Iterations = 2420, grads =   7.015e-08, unitary_metric = 0.99999
Error = :9.16e-03; Runtime: 217.4s; Iterations = 2440, grads =   8.401e-08, unitary_metric = 0.99998
Error = :9.17e-03; Runtime: 219.1s; Iterations = 2460, grads =   5.741e-07, unitary_metric = 0.99998
Error = :9.19e-03; Runtime: 220.9s; Iterations = 2480, grads =   1.460e-04, unitary_metric = 0.99999
Error = :9.20e-03; Runtime: 222.6s; Iterations = 2500, grads =   2.314e-04, unitary_metric = 0.99998
Error = :9.16e-03; Runtime: 224.5s; Iterations = 2520, grads =   3.726e-05, unitary_metric = 0.99999
Error = :9.14e-03; Runtime: 226.3s; Iterations = 2540, grads =   2.955e-06, unitary_metric = 0.99999
Error = :9.12e-03; Runtime: 228.0s; Iterations = 2560, grads =   4.296e-07, unitary_metric = 0.99998
Error = :9.10e-03; Runtime: 229.8s; Iterations = 2580, grads =   2.357e-07, unitary_metric = 0.99998
Error = :9.08e-03; Runtime: 231.5s; Iterations = 2600, grads =   9.632e-08, unitary_metric = 0.99998
Error = :9.06e-03; Runtime: 233.4s; Iterations = 2620, grads =   5.974e-08, unitary_metric = 0.99999
Error = :9.05e-03; Runtime: 235.1s; Iterations = 2640, grads =   5.373e-08, unitary_metric = 0.99999
Error = :9.03e-03; Runtime: 236.9s; Iterations = 2660, grads =   4.880e-08, unitary_metric = 0.99999
Error = :9.02e-03; Runtime: 238.6s; Iterations = 2680, grads =   4.828e-08, unitary_metric = 0.99998
Error = :9.01e-03; Runtime: 240.4s; Iterations = 2700, grads =   1.933e-07, unitary_metric = 0.99998
Error = :9.00e-03; Runtime: 242.3s; Iterations = 2720, grads =   3.775e-05, unitary_metric = 0.99999
Error = :9.03e-03; Runtime: 244.0s; Iterations = 2740, grads =   3.787e-04, unitary_metric = 0.99998
Error = :8.98e-03; Runtime: 245.8s; Iterations = 2760, grads =   3.284e-05, unitary_metric = 0.99999
Error = :8.97e-03; Runtime: 247.5s; Iterations = 2780, grads =   1.753e-05, unitary_metric = 0.99998
Error = :8.96e-03; Runtime: 249.2s; Iterations = 2800, grads =   1.402e-06, unitary_metric = 0.99998
Error = :8.95e-03; Runtime: 251.2s; Iterations = 2820, grads =   3.220e-07, unitary_metric = 0.99998
Error = :8.94e-03; Runtime: 252.9s; Iterations = 2840, grads =   7.768e-08, unitary_metric = 0.99998
Error = :8.93e-03; Runtime: 254.6s; Iterations = 2860, grads =   3.239e-08, unitary_metric = 0.99998
Error = :8.93e-03; Runtime: 256.4s; Iterations = 2880, grads =   2.808e-08, unitary_metric = 0.99998
Error = :8.92e-03; Runtime: 258.1s; Iterations = 2900, grads =   2.683e-08, unitary_metric = 0.99998
Error = :8.91e-03; Runtime: 260.0s; Iterations = 2920, grads =   2.594e-08, unitary_metric = 0.99998
Error = :8.91e-03; Runtime: 261.8s; Iterations = 2940, grads =   2.529e-08, unitary_metric = 0.99998
Error = :8.90e-03; Runtime: 263.5s; Iterations = 2960, grads =   9.615e-08, unitary_metric = 0.99998
Error = :8.91e-03; Runtime: 265.3s; Iterations = 2980, grads =   4.389e-05, unitary_metric = 0.99998
Error = :8.90e-03; Runtime: 267.0s; Iterations = 3000, grads =   3.432e-05, unitary_metric = 0.99998
Error = :8.89e-03; Runtime: 268.9s; Iterations = 3020, grads =   2.331e-05, unitary_metric = 0.99998
Error = :8.89e-03; Runtime: 270.7s; Iterations = 3040, grads =   4.048e-05, unitary_metric = 0.99998
Error = :8.88e-03; Runtime: 272.4s; Iterations = 3060, grads =   9.167e-06, unitary_metric = 0.99998
Error = :8.87e-03; Runtime: 274.1s; Iterations = 3080, grads =   2.939e-06, unitary_metric = 0.99998
Error = :8.87e-03; Runtime: 275.9s; Iterations = 3100, grads =   1.695e-07, unitary_metric = 0.99999
Error = :8.87e-03; Runtime: 277.8s; Iterations = 3120, grads =   4.668e-08, unitary_metric = 0.99998
Error = :8.86e-03; Runtime: 279.5s; Iterations = 3140, grads =   3.596e-08, unitary_metric = 0.99999
Error = :8.86e-03; Runtime: 281.2s; Iterations = 3160, grads =   4.894e-08, unitary_metric = 0.99998
Error = :8.85e-03; Runtime: 283.0s; Iterations = 3180, grads =   1.001e-06, unitary_metric = 0.99998
Error = :8.87e-03; Runtime: 284.7s; Iterations = 3200, grads =   9.014e-05, unitary_metric = 0.99999
Error = :8.85e-03; Runtime: 286.7s; Iterations = 3220, grads =   1.467e-07, unitary_metric = 0.99998
Error = :8.85e-03; Runtime: 288.4s; Iterations = 3240, grads =   2.039e-06, unitary_metric = 0.99998
Error = :8.86e-03; Runtime: 290.2s; Iterations = 3260, grads =   1.366e-04, unitary_metric = 0.99998
Error = :8.84e-03; Runtime: 291.9s; Iterations = 3280, grads =   5.532e-05, unitary_metric = 0.99999
Error = :8.86e-03; Runtime: 293.6s; Iterations = 3300, grads =   1.260e-04, unitary_metric = 0.99999
Error = :8.83e-03; Runtime: 295.5s; Iterations = 3320, grads =   7.413e-06, unitary_metric = 0.99999
Error = :8.83e-03; Runtime: 297.3s; Iterations = 3340, grads =   2.420e-07, unitary_metric = 0.99999
Error = :8.83e-03; Runtime: 299.0s; Iterations = 3360, grads =   1.079e-07, unitary_metric = 0.99998
Error = :8.83e-03; Runtime: 300.8s; Iterations = 3380, grads =   1.401e-07, unitary_metric = 0.99999
Error = :8.83e-03; Runtime: 302.5s; Iterations = 3400, grads =   2.218e-05, unitary_metric = 0.99998
Error = :8.83e-03; Runtime: 304.4s; Iterations = 3420, grads =   2.951e-05, unitary_metric = 0.99998
Error = :8.82e-03; Runtime: 306.2s; Iterations = 3440, grads =   3.735e-06, unitary_metric = 0.99998
Error = :8.82e-03; Runtime: 307.9s; Iterations = 3460, grads =   7.538e-07, unitary_metric = 0.99999
Error = :8.83e-03; Runtime: 309.6s; Iterations = 3480, grads =   1.679e-04, unitary_metric = 0.99999
Error = :8.81e-03; Runtime: 311.4s; Iterations = 3500, grads =   8.287e-07, unitary_metric = 0.99999
Error = :8.81e-03; Runtime: 313.3s; Iterations = 3520, grads =   6.706e-06, unitary_metric = 0.99999
Error = :8.81e-03; Runtime: 315.0s; Iterations = 3540, grads =   1.269e-06, unitary_metric = 0.99999
Error = :8.81e-03; Runtime: 316.8s; Iterations = 3560, grads =   1.247e-07, unitary_metric = 0.99999
Error = :8.81e-03; Runtime: 318.5s; Iterations = 3580, grads =   2.146e-06, unitary_metric = 0.99999
Error = :8.81e-03; Runtime: 320.2s; Iterations = 3600, grads =   1.994e-05, unitary_metric = 0.99999
Error = :8.80e-03; Runtime: 322.2s; Iterations = 3620, grads =   8.964e-06, unitary_metric = 0.99999
Error = :8.80e-03; Runtime: 323.9s; Iterations = 3640, grads =   1.275e-06, unitary_metric = 0.99999
Error = :8.80e-03; Runtime: 325.6s; Iterations = 3660, grads =   2.191e-06, unitary_metric = 0.99999
Error = :8.80e-03; Runtime: 327.4s; Iterations = 3680, grads =   3.070e-07, unitary_metric = 0.99999
Error = :8.80e-03; Runtime: 329.1s; Iterations = 3700, grads =   4.213e-08, unitary_metric = 0.99999
Error = :8.79e-03; Runtime: 331.1s; Iterations = 3720, grads =   2.067e-08, unitary_metric = 0.99998
Error = :8.79e-03; Runtime: 332.8s; Iterations = 3740, grads =   9.125e-09, unitary_metric = 0.99999
Error = :8.79e-03; Runtime: 334.5s; Iterations = 3760, grads =   1.695e-07, unitary_metric = 0.99999
Error = :8.80e-03; Runtime: 336.3s; Iterations = 3780, grads =   6.886e-05, unitary_metric = 0.99998
Error = :8.81e-03; Runtime: 338.0s; Iterations = 3800, grads =   1.384e-04, unitary_metric = 0.99998
Error = :8.79e-03; Runtime: 340.0s; Iterations = 3820, grads =   3.514e-06, unitary_metric = 0.99999
Error = :8.79e-03; Runtime: 341.7s; Iterations = 3840, grads =   1.344e-05, unitary_metric = 0.99999
Error = :8.79e-03; Runtime: 343.4s; Iterations = 3860, grads =   2.039e-06, unitary_metric = 0.99999
Error = :8.79e-03; Runtime: 345.2s; Iterations = 3880, grads =   1.449e-06, unitary_metric = 0.99998
Error = :8.78e-03; Runtime: 346.9s; Iterations = 3900, grads =   1.268e-07, unitary_metric = 0.99999
Error = :8.78e-03; Runtime: 348.8s; Iterations = 3920, grads =   2.685e-08, unitary_metric = 0.99998
Error = :8.78e-03; Runtime: 350.6s; Iterations = 3940, grads =   1.215e-08, unitary_metric = 0.99998
Error = :8.78e-03; Runtime: 352.3s; Iterations = 3960, grads =   1.040e-08, unitary_metric = 0.99999
Error = :8.78e-03; Runtime: 354.0s; Iterations = 3980, grads =   8.097e-08, unitary_metric = 0.99998
Error = :8.78e-03; Runtime: 355.8s; Iterations = 4000, grads =   8.065e-06, unitary_metric = 0.99998
Error = :8.78e-03; Runtime: 357.7s; Iterations = 4020, grads =   6.743e-06, unitary_metric = 0.99998
Error = :8.78e-03; Runtime: 359.4s; Iterations = 4040, grads =   2.074e-05, unitary_metric = 0.99998
Error = :8.78e-03; Runtime: 361.2s; Iterations = 4060, grads =   4.613e-06, unitary_metric = 0.99998
Error = :8.79e-03; Runtime: 362.9s; Iterations = 4080, grads =   1.764e-04, unitary_metric = 0.99998
Error = :8.77e-03; Runtime: 364.6s; Iterations = 4100, grads =   8.590e-06, unitary_metric = 0.99999
Error = :8.77e-03; Runtime: 366.6s; Iterations = 4120, grads =   5.335e-06, unitary_metric = 0.99998
Error = :8.77e-03; Runtime: 368.3s; Iterations = 4140, grads =   5.601e-07, unitary_metric = 0.99998
Error = :8.77e-03; Runtime: 370.1s; Iterations = 4160, grads =   5.189e-08, unitary_metric = 0.99999
Error = :8.77e-03; Runtime: 371.8s; Iterations = 4180, grads =   1.874e-08, unitary_metric = 0.99999
Error = :8.77e-03; Runtime: 373.5s; Iterations = 4200, grads =   2.592e-07, unitary_metric = 0.99998
Error = :8.78e-03; Runtime: 375.4s; Iterations = 4220, grads =   3.066e-05, unitary_metric = 0.99999
Error = :8.77e-03; Runtime: 377.2s; Iterations = 4240, grads =   4.842e-06, unitary_metric = 0.99999
Error = :8.78e-03; Runtime: 378.9s; Iterations = 4260, grads =   6.496e-05, unitary_metric = 0.99998
Error = :8.77e-03; Runtime: 380.7s; Iterations = 4280, grads =   3.186e-06, unitary_metric = 0.99998
Error = :8.77e-03; Runtime: 382.4s; Iterations = 4300, grads =   7.963e-08, unitary_metric = 0.99998
Error = :8.76e-03; Runtime: 384.3s; Iterations = 4320, grads =   8.429e-08, unitary_metric = 0.99998
Error = :8.76e-03; Runtime: 386.1s; Iterations = 4340, grads =   1.682e-08, unitary_metric = 0.99999
Error = :8.76e-03; Runtime: 387.8s; Iterations = 4360, grads =   5.080e-09, unitary_metric = 0.99998
Error = :8.76e-03; Runtime: 389.6s; Iterations = 4380, grads =   7.428e-07, unitary_metric = 0.99998
Error = :8.79e-03; Runtime: 391.3s; Iterations = 4400, grads =   2.704e-04, unitary_metric = 0.99999
Error = :8.76e-03; Runtime: 393.2s; Iterations = 4420, grads =   8.051e-06, unitary_metric = 0.99999
Error = :8.77e-03; Runtime: 394.9s; Iterations = 4440, grads =   3.602e-05, unitary_metric = 0.99999
Error = :8.76e-03; Runtime: 396.7s; Iterations = 4460, grads =   1.235e-06, unitary_metric = 0.99999
Error = :8.76e-03; Runtime: 398.4s; Iterations = 4480, grads =   5.261e-07, unitary_metric = 0.99998
Error = :8.76e-03; Runtime: 400.1s; Iterations = 4500, grads =   1.031e-07, unitary_metric = 0.99998
Error = :8.76e-03; Runtime: 402.1s; Iterations = 4520, grads =   9.533e-09, unitary_metric = 0.99999
Error = :8.76e-03; Runtime: 403.8s; Iterations = 4540, grads =   6.732e-07, unitary_metric = 0.99999
Error = :8.76e-03; Runtime: 405.5s; Iterations = 4560, grads =   4.119e-05, unitary_metric = 0.99999
Error = :8.76e-03; Runtime: 407.3s; Iterations = 4580, grads =   4.595e-06, unitary_metric = 0.99999
Error = :8.75e-03; Runtime: 409.2s; Iterations = 4600, grads =   5.684e-07, unitary_metric = 0.99999
Error = :8.75e-03; Runtime: 411.1s; Iterations = 4620, grads =   4.661e-08, unitary_metric = 0.99998
Error = :8.75e-03; Runtime: 412.8s; Iterations = 4640, grads =   1.201e-07, unitary_metric = 0.99999
Error = :8.76e-03; Runtime: 414.6s; Iterations = 4660, grads =   1.335e-05, unitary_metric = 0.99998
Error = :8.75e-03; Runtime: 416.3s; Iterations = 4680, grads =   7.020e-06, unitary_metric = 0.99999
Error = :8.75e-03; Runtime: 418.1s; Iterations = 4700, grads =   4.061e-07, unitary_metric = 0.99999
Error = :8.75e-03; Runtime: 420.0s; Iterations = 4720, grads =   5.222e-06, unitary_metric = 0.99999
Error = :8.75e-03; Runtime: 421.7s; Iterations = 4740, grads =   2.324e-05, unitary_metric = 0.99999
Error = :8.75e-03; Runtime: 423.5s; Iterations = 4760, grads =   7.110e-06, unitary_metric = 0.99999
Error = :8.75e-03; Runtime: 425.2s; Iterations = 4780, grads =   8.129e-07, unitary_metric = 0.99998
Error = :8.75e-03; Runtime: 427.0s; Iterations = 4800, grads =   2.551e-05, unitary_metric = 0.99999
Error = :8.75e-03; Runtime: 428.9s; Iterations = 4820, grads =   1.674e-06, unitary_metric = 0.99999
Error = :8.75e-03; Runtime: 430.6s; Iterations = 4840, grads =   9.683e-07, unitary_metric = 0.99999
Error = :8.75e-03; Runtime: 432.3s; Iterations = 4860, grads =   1.244e-05, unitary_metric = 0.99999
Error = :8.75e-03; Runtime: 434.1s; Iterations = 4880, grads =   2.353e-06, unitary_metric = 0.99998
Error = :8.75e-03; Runtime: 435.8s; Iterations = 4900, grads =   3.361e-07, unitary_metric = 0.99998
Error = :8.75e-03; Runtime: 437.8s; Iterations = 4920, grads =   9.291e-08, unitary_metric = 0.99998
Error = :8.74e-03; Runtime: 439.5s; Iterations = 4940, grads =   3.648e-06, unitary_metric = 0.99999
Error = :8.75e-03; Runtime: 441.2s; Iterations = 4960, grads =   2.585e-05, unitary_metric = 0.99999
Error = :8.74e-03; Runtime: 443.0s; Iterations = 4980, grads =   5.597e-06, unitary_metric = 0.99999
Error = :8.74e-03; Runtime: 444.7s; Iterations = 5000, grads =   2.797e-06, unitary_metric = 0.99999
Error = :8.74e-03; Runtime: 446.6s; Iterations = 5020, grads =   3.508e-06, unitary_metric = 0.99999
Error = :8.74e-03; Runtime: 448.3s; Iterations = 5040, grads =   1.860e-05, unitary_metric = 0.99999
Error = :8.74e-03; Runtime: 450.1s; Iterations = 5060, grads =   2.365e-06, unitary_metric = 0.99999
Error = :8.74e-03; Runtime: 451.8s; Iterations = 5080, grads =   1.377e-07, unitary_metric = 0.99999
Error = :8.74e-03; Runtime: 453.6s; Iterations = 5100, grads =   1.252e-08, unitary_metric = 0.99999
Error = :8.74e-03; Runtime: 455.5s; Iterations = 5120, grads =   5.694e-09, unitary_metric = 0.99999
Error = :8.74e-03; Runtime: 457.2s; Iterations = 5140, grads =   2.469e-09, unitary_metric = 0.99999
Error = :8.74e-03; Runtime: 458.9s; Iterations = 5160, grads =   2.339e-09, unitary_metric = 0.99999
Error = :8.74e-03; Runtime: 460.7s; Iterations = 5180, grads =   1.074e-07, unitary_metric = 0.99999
Error = :8.74e-03; Runtime: 462.4s; Iterations = 5200, grads =   4.018e-05, unitary_metric = 0.99999
Error = :8.74e-03; Runtime: 464.3s; Iterations = 5220, grads =   1.012e-05, unitary_metric = 0.99999
Error = :8.74e-03; Runtime: 466.1s; Iterations = 5240, grads =   2.983e-05, unitary_metric = 0.99999
Error = :8.74e-03; Runtime: 467.8s; Iterations = 5260, grads =   1.619e-05, unitary_metric = 0.99999
Error = :8.74e-03; Runtime: 469.6s; Iterations = 5280, grads =   2.098e-06, unitary_metric = 0.99998
Error = :8.74e-03; Runtime: 471.3s; Iterations = 5300, grads =   1.134e-07, unitary_metric = 0.99998
Error = :8.73e-03; Runtime: 473.2s; Iterations = 5320, grads =   7.856e-09, unitary_metric = 0.99999
Error = :8.73e-03; Runtime: 475.0s; Iterations = 5340, grads =   4.617e-09, unitary_metric = 0.99998
Error = :8.73e-03; Runtime: 476.7s; Iterations = 5360, grads =   2.391e-09, unitary_metric = 0.99999
Error = :8.73e-03; Runtime: 478.5s; Iterations = 5380, grads =   1.453e-09, unitary_metric = 0.99999
Error = :8.73e-03; Runtime: 480.2s; Iterations = 5400, grads =   1.832e-09, unitary_metric = 0.99999
Error = :8.73e-03; Runtime: 482.1s; Iterations = 5420, grads =   2.659e-09, unitary_metric = 0.99999
Error = :8.73e-03; Runtime: 483.8s; Iterations = 5440, grads =   9.431e-09, unitary_metric = 0.99998
Error = :8.73e-03; Runtime: 485.6s; Iterations = 5460, grads =   4.749e-07, unitary_metric = 0.99998
Error = :8.74e-03; Runtime: 487.3s; Iterations = 5480, grads =   2.368e-05, unitary_metric = 0.99998
Error = :8.73e-03; Runtime: 489.1s; Iterations = 5500, grads =   2.957e-06, unitary_metric = 0.99999
Error = :8.73e-03; Runtime: 491.0s; Iterations = 5520, grads =   1.059e-05, unitary_metric = 0.99998
Error = :8.73e-03; Runtime: 492.7s; Iterations = 5540, grads =   6.739e-07, unitary_metric = 0.99999
Error = :8.73e-03; Runtime: 494.4s; Iterations = 5560, grads =   9.658e-08, unitary_metric = 0.99999
Error = :8.73e-03; Runtime: 496.2s; Iterations = 5580, grads =   1.214e-08, unitary_metric = 0.99998
Error = :8.73e-03; Runtime: 497.9s; Iterations = 5600, grads =   2.413e-09, unitary_metric = 0.99998
Error = :8.73e-03; Runtime: 499.8s; Iterations = 5620, grads =   2.905e-09, unitary_metric = 0.99998
Error = :8.73e-03; Runtime: 501.6s; Iterations = 5640, grads =   6.063e-09, unitary_metric = 0.99998
Error = :8.73e-03; Runtime: 503.3s; Iterations = 5660, grads =   1.559e-07, unitary_metric = 0.99999
Error = :8.73e-03; Runtime: 505.1s; Iterations = 5680, grads =   1.284e-05, unitary_metric = 0.99999
Error = :8.73e-03; Runtime: 506.8s; Iterations = 5700, grads =   2.197e-06, unitary_metric = 0.99998
Error = :8.73e-03; Runtime: 508.7s; Iterations = 5720, grads =   6.387e-07, unitary_metric = 0.99999
Error = :8.73e-03; Runtime: 510.5s; Iterations = 5740, grads =   5.824e-05, unitary_metric = 0.99999
Error = :8.72e-03; Runtime: 512.2s; Iterations = 5760, grads =   5.233e-07, unitary_metric = 0.99999
Error = :8.73e-03; Runtime: 513.9s; Iterations = 5780, grads =   2.498e-07, unitary_metric = 0.99999
Error = :8.72e-03; Runtime: 515.7s; Iterations = 5800, grads =   2.668e-08, unitary_metric = 0.99999
Error = :8.72e-03; Runtime: 517.6s; Iterations = 5820, grads =   2.222e-09, unitary_metric = 0.99999
Error = :8.72e-03; Runtime: 519.4s; Iterations = 5840, grads =   3.139e-09, unitary_metric = 0.99999
Error = :8.72e-03; Runtime: 521.1s; Iterations = 5860, grads =   1.399e-08, unitary_metric = 0.99999
Error = :8.72e-03; Runtime: 522.9s; Iterations = 5880, grads =   1.407e-06, unitary_metric = 0.99999
Error = :8.72e-03; Runtime: 524.6s; Iterations = 5900, grads =   1.625e-07, unitary_metric = 0.99999
Error = :8.72e-03; Runtime: 526.5s; Iterations = 5920, grads =   3.261e-07, unitary_metric = 0.99999
Error = :8.72e-03; Runtime: 528.2s; Iterations = 5940, grads =   5.538e-07, unitary_metric = 0.99999
Error = :8.72e-03; Runtime: 530.0s; Iterations = 5960, grads =   9.324e-06, unitary_metric = 0.99999
Error = :8.72e-03; Runtime: 531.7s; Iterations = 5980, grads =   2.279e-07, unitary_metric = 0.99999
Error = :8.72e-03; Runtime: 533.5s; Iterations = 6000, grads =   1.442e-06, unitary_metric = 0.99999
data saved at: /project/ftchong/qoc/pranav/00009_31_nah_slice_65.h5


trying total_time: 7.5 for unitary of size (16, 16)
data saved at: /project/ftchong/qoc/pranav/00010_31_nah_slice_65.h5
Using 7 Taylor terms and 2 Scaling & Squaring terms
Building graph:
Propagators initialized.
Operators weight initialized.
Intermediate propagation variables initialized.
Intermediate propagators initialized.
Vectors initialized.
Training loss initialized.
Optimizer initialized.
Utilities initialized.
Graph built!
Initialized
Error = :9.40e-01; Runtime: 0.3s; Iterations = 0, grads =   6.159e-03, unitary_metric = 1.00000
Error = :7.19e-01; Runtime: 3.3s; Iterations = 20, grads =   6.497e-03, unitary_metric = 1.00000
Error = :5.72e-01; Runtime: 5.9s; Iterations = 40, grads =   2.244e-03, unitary_metric = 1.00000
Error = :5.04e-01; Runtime: 8.5s; Iterations = 60, grads =   3.750e-04, unitary_metric = 0.99999
Error = :4.69e-01; Runtime: 11.1s; Iterations = 80, grads =   1.480e-03, unitary_metric = 0.99999
Error = :1.72e-01; Runtime: 13.7s; Iterations = 100, grads =   3.424e-03, unitary_metric = 0.99999
Error = :1.18e-02; Runtime: 16.5s; Iterations = 120, grads =   1.034e-02, unitary_metric = 0.99999
Error = :9.21e-04; Runtime: 17.9s; Iterations = 131, grads =   1.843e-04, unitary_metric = 0.99999
data saved at: /project/ftchong/qoc/pranav/00010_31_nah_slice_65.h5


trying total_time: 6.25 for unitary of size (16, 16)
data saved at: /project/ftchong/qoc/pranav/00011_31_nah_slice_65.h5
Using 7 Taylor terms and 2 Scaling & Squaring terms
Building graph:
Propagators initialized.
Operators weight initialized.
Intermediate propagation variables initialized.
Intermediate propagators initialized.
Vectors initialized.
Training loss initialized.
Optimizer initialized.
Utilities initialized.
Graph built!
Initialized
Error = :9.41e-01; Runtime: 0.2s; Iterations = 0, grads =   8.763e-04, unitary_metric = 1.00000
Error = :7.73e-01; Runtime: 2.8s; Iterations = 20, grads =   3.070e-03, unitary_metric = 1.00000
Error = :6.23e-01; Runtime: 5.0s; Iterations = 40, grads =   2.085e-03, unitary_metric = 0.99999
Error = :5.22e-01; Runtime: 7.1s; Iterations = 60, grads =   9.576e-04, unitary_metric = 0.99999
Error = :3.87e-01; Runtime: 9.3s; Iterations = 80, grads =   1.532e-03, unitary_metric = 0.99999
Error = :1.73e-01; Runtime: 11.5s; Iterations = 100, grads =   9.712e-03, unitary_metric = 0.99999
Error = :4.07e-02; Runtime: 13.9s; Iterations = 120, grads =   9.390e-04, unitary_metric = 0.99999
Error = :6.53e-03; Runtime: 16.1s; Iterations = 140, grads =   3.875e-04, unitary_metric = 0.99999
Error = :1.37e-03; Runtime: 18.5s; Iterations = 160, grads =   1.827e-04, unitary_metric = 0.99999
Error = :9.27e-04; Runtime: 19.2s; Iterations = 166, grads =   5.103e-05, unitary_metric = 0.99999
data saved at: /project/ftchong/qoc/pranav/00011_31_nah_slice_65.h5


trying total_time: 5.6 for unitary of size (16, 16)
data saved at: /project/ftchong/qoc/pranav/00012_31_nah_slice_65.h5
Using 7 Taylor terms and 2 Scaling & Squaring terms
Building graph:
Propagators initialized.
Operators weight initialized.
Intermediate propagation variables initialized.
Intermediate propagators initialized.
Vectors initialized.
Training loss initialized.
Optimizer initialized.
Utilities initialized.
Graph built!
Initialized
Error = :9.40e-01; Runtime: 0.2s; Iterations = 0, grads =   3.112e-03, unitary_metric = 1.00000
Error = :7.59e-01; Runtime: 2.5s; Iterations = 20, grads =   2.225e-03, unitary_metric = 1.00000
Error = :6.23e-01; Runtime: 4.5s; Iterations = 40, grads =   1.473e-03, unitary_metric = 1.00000
Error = :5.03e-01; Runtime: 6.4s; Iterations = 60, grads =   8.753e-04, unitary_metric = 0.99999
Error = :3.65e-01; Runtime: 8.4s; Iterations = 80, grads =   1.191e-03, unitary_metric = 0.99999
Error = :2.09e-01; Runtime: 10.4s; Iterations = 100, grads =   2.339e-03, unitary_metric = 0.99999
Error = :8.53e-02; Runtime: 12.5s; Iterations = 120, grads =   1.263e-03, unitary_metric = 0.99999
Error = :3.15e-02; Runtime: 14.5s; Iterations = 140, grads =   6.718e-04, unitary_metric = 0.99999
Error = :1.40e-02; Runtime: 16.4s; Iterations = 160, grads =   1.245e-04, unitary_metric = 0.99999
Error = :7.60e-03; Runtime: 18.4s; Iterations = 180, grads =   1.072e-04, unitary_metric = 0.99999
Error = :4.67e-03; Runtime: 20.3s; Iterations = 200, grads =   3.407e-05, unitary_metric = 0.99999
Error = :3.12e-03; Runtime: 22.5s; Iterations = 220, grads =   6.884e-06, unitary_metric = 0.99999
Error = :2.36e-03; Runtime: 24.5s; Iterations = 240, grads =   8.621e-04, unitary_metric = 0.99999
Error = :1.61e-03; Runtime: 26.4s; Iterations = 260, grads =   9.335e-06, unitary_metric = 0.99999
Error = :1.51e-03; Runtime: 28.4s; Iterations = 280, grads =   3.629e-03, unitary_metric = 0.99999
Error = :1.01e-03; Runtime: 30.4s; Iterations = 300, grads =   7.834e-04, unitary_metric = 0.99999
Error = :9.24e-04; Runtime: 31.0s; Iterations = 304, grads =   3.701e-04, unitary_metric = 0.99999
data saved at: /project/ftchong/qoc/pranav/00012_31_nah_slice_65.h5


trying total_time: 5.3 for unitary of size (16, 16)
data saved at: /project/ftchong/qoc/pranav/00013_31_nah_slice_65.h5
Using 7 Taylor terms and 2 Scaling & Squaring terms
Building graph:
Propagators initialized.
Operators weight initialized.
Intermediate propagation variables initialized.
Intermediate propagators initialized.
Vectors initialized.
Training loss initialized.
Optimizer initialized.
Utilities initialized.
Graph built!
Initialized
Error = :9.53e-01; Runtime: 0.2s; Iterations = 0, grads =   8.679e-03, unitary_metric = 1.00000
Error = :7.88e-01; Runtime: 2.4s; Iterations = 20, grads =   4.391e-03, unitary_metric = 1.00000
Error = :6.99e-01; Runtime: 4.3s; Iterations = 40, grads =   2.173e-03, unitary_metric = 1.00000
Error = :5.84e-01; Runtime: 6.1s; Iterations = 60, grads =   9.491e-04, unitary_metric = 0.99999
Error = :4.94e-01; Runtime: 8.0s; Iterations = 80, grads =   4.832e-04, unitary_metric = 0.99999
Error = :4.08e-01; Runtime: 9.8s; Iterations = 100, grads =   2.126e-03, unitary_metric = 0.99999
Error = :2.98e-01; Runtime: 11.9s; Iterations = 120, grads =   1.024e-03, unitary_metric = 0.99999
Error = :1.86e-01; Runtime: 13.8s; Iterations = 140, grads =   6.025e-04, unitary_metric = 0.99999
Error = :1.10e-01; Runtime: 15.6s; Iterations = 160, grads =   1.585e-03, unitary_metric = 0.99999
Error = :6.75e-02; Runtime: 17.5s; Iterations = 180, grads =   1.349e-04, unitary_metric = 0.99999
Error = :4.36e-02; Runtime: 19.4s; Iterations = 200, grads =   1.017e-04, unitary_metric = 0.99999
Error = :3.09e-02; Runtime: 21.4s; Iterations = 220, grads =   3.629e-05, unitary_metric = 0.99999
Error = :2.44e-02; Runtime: 23.3s; Iterations = 240, grads =   1.894e-05, unitary_metric = 0.99999
Error = :2.09e-02; Runtime: 25.1s; Iterations = 260, grads =   3.373e-03, unitary_metric = 0.99999
Error = :1.80e-02; Runtime: 27.0s; Iterations = 280, grads =   5.262e-05, unitary_metric = 0.99999
Error = :1.64e-02; Runtime: 28.8s; Iterations = 300, grads =   9.458e-04, unitary_metric = 0.99999
Error = :1.49e-02; Runtime: 30.7s; Iterations = 320, grads =   1.809e-04, unitary_metric = 0.99999
Error = :1.37e-02; Runtime: 32.5s; Iterations = 340, grads =   3.082e-05, unitary_metric = 0.99999
Error = :1.28e-02; Runtime: 34.3s; Iterations = 360, grads =   5.043e-06, unitary_metric = 0.99999
Error = :1.19e-02; Runtime: 36.3s; Iterations = 380, grads =   3.564e-04, unitary_metric = 0.99999
Error = :1.11e-02; Runtime: 38.3s; Iterations = 400, grads =   7.290e-04, unitary_metric = 0.99999
Error = :1.02e-02; Runtime: 40.4s; Iterations = 420, grads =   1.656e-04, unitary_metric = 0.99999
Error = :9.38e-03; Runtime: 42.4s; Iterations = 440, grads =   3.971e-06, unitary_metric = 0.99999
Error = :8.60e-03; Runtime: 44.4s; Iterations = 460, grads =   3.708e-06, unitary_metric = 0.99999
Error = :8.16e-03; Runtime: 46.3s; Iterations = 480, grads =   2.022e-03, unitary_metric = 0.99999
Error = :7.26e-03; Runtime: 48.3s; Iterations = 500, grads =   2.755e-04, unitary_metric = 0.99999
Error = :6.88e-03; Runtime: 50.3s; Iterations = 520, grads =   1.348e-03, unitary_metric = 0.99999
Error = :6.28e-03; Runtime: 52.3s; Iterations = 540, grads =   1.236e-03, unitary_metric = 0.99999
Error = :5.79e-03; Runtime: 54.2s; Iterations = 560, grads =   2.281e-04, unitary_metric = 0.99999
Error = :5.43e-03; Runtime: 56.1s; Iterations = 580, grads =   4.258e-06, unitary_metric = 0.99999
Error = :5.14e-03; Runtime: 58.0s; Iterations = 600, grads =   1.090e-06, unitary_metric = 0.99999
Error = :4.90e-03; Runtime: 60.0s; Iterations = 620, grads =   1.733e-06, unitary_metric = 0.99999
Error = :4.69e-03; Runtime: 61.9s; Iterations = 640, grads =   9.390e-07, unitary_metric = 0.99999
Error = :4.50e-03; Runtime: 63.8s; Iterations = 660, grads =   7.122e-07, unitary_metric = 0.99999
Error = :4.34e-03; Runtime: 65.7s; Iterations = 680, grads =   5.105e-06, unitary_metric = 0.99999
Error = :4.47e-03; Runtime: 67.6s; Iterations = 700, grads =   2.544e-03, unitary_metric = 0.99999
Error = :4.09e-03; Runtime: 69.6s; Iterations = 720, grads =   1.137e-04, unitary_metric = 0.99999
Error = :3.97e-03; Runtime: 71.5s; Iterations = 740, grads =   2.459e-05, unitary_metric = 0.99999
Error = :3.86e-03; Runtime: 73.4s; Iterations = 760, grads =   2.150e-06, unitary_metric = 0.99999
Error = :3.80e-03; Runtime: 75.3s; Iterations = 780, grads =   2.198e-04, unitary_metric = 0.99999
Error = :3.73e-03; Runtime: 77.1s; Iterations = 800, grads =   3.355e-04, unitary_metric = 0.99999
Error = :3.61e-03; Runtime: 79.2s; Iterations = 820, grads =   1.948e-05, unitary_metric = 0.99999
Error = :3.54e-03; Runtime: 81.0s; Iterations = 840, grads =   9.560e-07, unitary_metric = 0.99999
Error = :3.47e-03; Runtime: 82.8s; Iterations = 860, grads =   7.828e-07, unitary_metric = 0.99999
Error = :3.41e-03; Runtime: 84.9s; Iterations = 880, grads =   5.340e-05, unitary_metric = 0.99999
Error = :3.48e-03; Runtime: 86.8s; Iterations = 900, grads =   1.550e-03, unitary_metric = 0.99999
Error = :3.34e-03; Runtime: 89.0s; Iterations = 920, grads =   3.053e-04, unitary_metric = 0.99998
Error = :3.26e-03; Runtime: 90.9s; Iterations = 940, grads =   6.303e-05, unitary_metric = 0.99999
Error = :3.21e-03; Runtime: 92.9s; Iterations = 960, grads =   1.252e-05, unitary_metric = 0.99999
Error = :3.20e-03; Runtime: 94.9s; Iterations = 980, grads =   1.901e-04, unitary_metric = 0.99998
Error = :3.14e-03; Runtime: 96.8s; Iterations = 1000, grads =   1.825e-05, unitary_metric = 0.99999
Error = :3.11e-03; Runtime: 99.0s; Iterations = 1020, grads =   1.306e-05, unitary_metric = 0.99998
Error = :3.09e-03; Runtime: 100.9s; Iterations = 1040, grads =   3.210e-06, unitary_metric = 0.99999
Error = :3.07e-03; Runtime: 102.8s; Iterations = 1060, grads =   3.157e-07, unitary_metric = 0.99998
Error = :3.04e-03; Runtime: 104.8s; Iterations = 1080, grads =   2.665e-07, unitary_metric = 0.99998
Error = :3.02e-03; Runtime: 106.7s; Iterations = 1100, grads =   1.607e-05, unitary_metric = 0.99999
Error = :3.04e-03; Runtime: 108.8s; Iterations = 1120, grads =   6.083e-04, unitary_metric = 0.99998
Error = :3.00e-03; Runtime: 110.7s; Iterations = 1140, grads =   4.220e-04, unitary_metric = 0.99998
Error = :2.98e-03; Runtime: 112.6s; Iterations = 1160, grads =   3.653e-04, unitary_metric = 0.99998
Error = :2.90e-03; Runtime: 114.5s; Iterations = 1180, grads =   1.115e-04, unitary_metric = 0.99999
Error = :2.85e-03; Runtime: 116.4s; Iterations = 1200, grads =   1.281e-05, unitary_metric = 0.99998
Error = :2.82e-03; Runtime: 118.5s; Iterations = 1220, grads =   6.814e-07, unitary_metric = 0.99998
Error = :2.79e-03; Runtime: 120.4s; Iterations = 1240, grads =   3.072e-07, unitary_metric = 0.99998
Error = :2.76e-03; Runtime: 122.4s; Iterations = 1260, grads =   9.656e-08, unitary_metric = 0.99999
Error = :2.74e-03; Runtime: 124.3s; Iterations = 1280, grads =   7.892e-08, unitary_metric = 0.99999
Error = :2.71e-03; Runtime: 126.2s; Iterations = 1300, grads =   7.245e-08, unitary_metric = 0.99999
Error = :2.69e-03; Runtime: 128.4s; Iterations = 1320, grads =   7.025e-08, unitary_metric = 0.99998
Error = :2.67e-03; Runtime: 130.3s; Iterations = 1340, grads =   3.830e-06, unitary_metric = 0.99999
Error = :2.65e-03; Runtime: 132.2s; Iterations = 1360, grads =   1.792e-06, unitary_metric = 0.99998
Error = :2.67e-03; Runtime: 134.1s; Iterations = 1380, grads =   2.514e-04, unitary_metric = 0.99998
Error = :2.68e-03; Runtime: 136.0s; Iterations = 1400, grads =   7.603e-04, unitary_metric = 0.99998
Error = :2.60e-03; Runtime: 138.1s; Iterations = 1420, grads =   5.741e-05, unitary_metric = 0.99998
Error = :2.57e-03; Runtime: 140.0s; Iterations = 1440, grads =   6.098e-06, unitary_metric = 0.99998
Error = :2.56e-03; Runtime: 141.9s; Iterations = 1460, grads =   2.208e-07, unitary_metric = 0.99998
Error = :2.54e-03; Runtime: 143.8s; Iterations = 1480, grads =   4.634e-07, unitary_metric = 0.99998
Error = :2.52e-03; Runtime: 145.7s; Iterations = 1500, grads =   5.074e-08, unitary_metric = 0.99998
Error = :2.51e-03; Runtime: 147.7s; Iterations = 1520, grads =   8.176e-08, unitary_metric = 0.99998
Error = :2.49e-03; Runtime: 149.6s; Iterations = 1540, grads =   4.465e-06, unitary_metric = 0.99998
Error = :2.55e-03; Runtime: 151.5s; Iterations = 1560, grads =   4.110e-04, unitary_metric = 0.99999
Error = :2.46e-03; Runtime: 153.3s; Iterations = 1580, grads =   2.727e-07, unitary_metric = 0.99998
Error = :2.45e-03; Runtime: 155.2s; Iterations = 1600, grads =   7.449e-06, unitary_metric = 0.99999
Error = :2.44e-03; Runtime: 157.3s; Iterations = 1620, grads =   1.413e-06, unitary_metric = 0.99999
Error = :2.46e-03; Runtime: 159.1s; Iterations = 1640, grads =   2.847e-04, unitary_metric = 0.99999
Error = :2.43e-03; Runtime: 161.0s; Iterations = 1660, grads =   1.366e-04, unitary_metric = 0.99999
Error = :2.46e-03; Runtime: 162.9s; Iterations = 1680, grads =   6.051e-04, unitary_metric = 0.99999
Error = :2.39e-03; Runtime: 164.8s; Iterations = 1700, grads =   1.023e-06, unitary_metric = 0.99999
Error = :2.38e-03; Runtime: 166.9s; Iterations = 1720, grads =   9.223e-06, unitary_metric = 0.99999
Error = :2.37e-03; Runtime: 168.8s; Iterations = 1740, grads =   8.920e-07, unitary_metric = 0.99998
Error = :2.36e-03; Runtime: 170.6s; Iterations = 1760, grads =   2.913e-07, unitary_metric = 0.99999
Error = :2.36e-03; Runtime: 172.5s; Iterations = 1780, grads =   4.998e-05, unitary_metric = 0.99999
Error = :2.37e-03; Runtime: 174.4s; Iterations = 1800, grads =   1.517e-04, unitary_metric = 0.99999
Error = :2.34e-03; Runtime: 176.5s; Iterations = 1820, grads =   1.811e-05, unitary_metric = 0.99999
Error = :2.33e-03; Runtime: 178.4s; Iterations = 1840, grads =   2.574e-06, unitary_metric = 0.99998
Error = :2.37e-03; Runtime: 180.2s; Iterations = 1860, grads =   3.649e-04, unitary_metric = 0.99999
Error = :2.32e-03; Runtime: 182.1s; Iterations = 1880, grads =   3.647e-05, unitary_metric = 0.99999
Error = :2.31e-03; Runtime: 184.0s; Iterations = 1900, grads =   1.157e-05, unitary_metric = 0.99999
Error = :2.46e-03; Runtime: 186.0s; Iterations = 1920, grads =   1.868e-03, unitary_metric = 0.99999
Error = :2.30e-03; Runtime: 187.9s; Iterations = 1940, grads =   3.675e-05, unitary_metric = 0.99999
Error = :2.29e-03; Runtime: 189.8s; Iterations = 1960, grads =   2.558e-05, unitary_metric = 0.99999
Error = :2.28e-03; Runtime: 191.7s; Iterations = 1980, grads =   1.395e-06, unitary_metric = 0.99999
Error = :2.28e-03; Runtime: 193.6s; Iterations = 2000, grads =   2.114e-06, unitary_metric = 0.99998
Error = :2.36e-03; Runtime: 195.7s; Iterations = 2020, grads =   4.873e-04, unitary_metric = 0.99998
Error = :2.27e-03; Runtime: 197.6s; Iterations = 2040, grads =   4.306e-05, unitary_metric = 0.99999
Error = :2.26e-03; Runtime: 199.5s; Iterations = 2060, grads =   8.047e-07, unitary_metric = 0.99999
Error = :2.28e-03; Runtime: 201.4s; Iterations = 2080, grads =   2.419e-04, unitary_metric = 0.99999
Error = :2.25e-03; Runtime: 203.3s; Iterations = 2100, grads =   3.101e-06, unitary_metric = 0.99999
Error = :2.24e-03; Runtime: 205.3s; Iterations = 2120, grads =   4.703e-06, unitary_metric = 0.99999
Error = :2.23e-03; Runtime: 207.2s; Iterations = 2140, grads =   8.902e-07, unitary_metric = 0.99999
Error = :2.23e-03; Runtime: 209.1s; Iterations = 2160, grads =   8.073e-08, unitary_metric = 0.99999
Error = :2.23e-03; Runtime: 211.0s; Iterations = 2180, grads =   2.696e-08, unitary_metric = 0.99998
Error = :2.22e-03; Runtime: 212.9s; Iterations = 2200, grads =   1.382e-06, unitary_metric = 0.99999
Error = :2.31e-03; Runtime: 215.1s; Iterations = 2220, grads =   1.091e-03, unitary_metric = 0.99999
Error = :2.23e-03; Runtime: 217.0s; Iterations = 2240, grads =   1.929e-04, unitary_metric = 0.99999
Error = :2.21e-03; Runtime: 218.9s; Iterations = 2260, grads =   7.683e-07, unitary_metric = 0.99999
Error = :2.20e-03; Runtime: 220.7s; Iterations = 2280, grads =   1.500e-05, unitary_metric = 0.99999
Error = :2.22e-03; Runtime: 222.6s; Iterations = 2300, grads =   1.531e-04, unitary_metric = 0.99999
Error = :2.21e-03; Runtime: 224.6s; Iterations = 2320, grads =   7.517e-05, unitary_metric = 0.99998
Error = :2.19e-03; Runtime: 226.5s; Iterations = 2340, grads =   6.379e-06, unitary_metric = 0.99999
Error = :2.19e-03; Runtime: 228.4s; Iterations = 2360, grads =   1.283e-06, unitary_metric = 0.99998
Error = :2.18e-03; Runtime: 230.3s; Iterations = 2380, grads =   2.076e-07, unitary_metric = 0.99998
Error = :2.18e-03; Runtime: 232.1s; Iterations = 2400, grads =   1.611e-08, unitary_metric = 0.99999
Error = :2.17e-03; Runtime: 234.2s; Iterations = 2420, grads =   1.771e-08, unitary_metric = 0.99999
Error = :2.17e-03; Runtime: 236.1s; Iterations = 2440, grads =   1.500e-08, unitary_metric = 0.99999
Error = :2.16e-03; Runtime: 237.9s; Iterations = 2460, grads =   1.935e-08, unitary_metric = 0.99999
Error = :2.16e-03; Runtime: 239.8s; Iterations = 2480, grads =   5.311e-08, unitary_metric = 0.99998
Error = :2.15e-03; Runtime: 241.7s; Iterations = 2500, grads =   1.227e-05, unitary_metric = 0.99998
Error = :2.16e-03; Runtime: 243.8s; Iterations = 2520, grads =   1.475e-04, unitary_metric = 0.99998
Error = :2.17e-03; Runtime: 245.7s; Iterations = 2540, grads =   2.024e-04, unitary_metric = 0.99998
Error = :2.14e-03; Runtime: 247.5s; Iterations = 2560, grads =   6.352e-05, unitary_metric = 0.99998
Error = :2.14e-03; Runtime: 249.4s; Iterations = 2580, grads =   4.278e-05, unitary_metric = 0.99999
Error = :2.13e-03; Runtime: 251.3s; Iterations = 2600, grads =   3.977e-05, unitary_metric = 0.99999
Error = :2.12e-03; Runtime: 253.3s; Iterations = 2620, grads =   4.026e-07, unitary_metric = 0.99998
Error = :2.12e-03; Runtime: 255.2s; Iterations = 2640, grads =   5.983e-07, unitary_metric = 0.99998
Error = :2.11e-03; Runtime: 257.1s; Iterations = 2660, grads =   6.353e-08, unitary_metric = 0.99998
Error = :2.11e-03; Runtime: 258.9s; Iterations = 2680, grads =   3.303e-08, unitary_metric = 0.99998
Error = :2.11e-03; Runtime: 260.8s; Iterations = 2700, grads =   1.487e-08, unitary_metric = 0.99998
Error = :2.10e-03; Runtime: 262.8s; Iterations = 2720, grads =   1.419e-08, unitary_metric = 0.99998
Error = :2.10e-03; Runtime: 264.7s; Iterations = 2740, grads =   2.507e-08, unitary_metric = 0.99998
Error = :2.10e-03; Runtime: 266.6s; Iterations = 2760, grads =   2.126e-07, unitary_metric = 0.99998
Error = :2.10e-03; Runtime: 268.4s; Iterations = 2780, grads =   3.754e-05, unitary_metric = 0.99999
Error = :2.13e-03; Runtime: 270.3s; Iterations = 2800, grads =   1.877e-04, unitary_metric = 0.99999
Error = :2.10e-03; Runtime: 272.3s; Iterations = 2820, grads =   2.503e-05, unitary_metric = 0.99999
Error = :2.09e-03; Runtime: 274.1s; Iterations = 2840, grads =   3.228e-06, unitary_metric = 0.99999
Error = :2.10e-03; Runtime: 276.0s; Iterations = 2860, grads =   2.716e-05, unitary_metric = 0.99998
Error = :2.10e-03; Runtime: 277.9s; Iterations = 2880, grads =   3.172e-05, unitary_metric = 0.99998
Error = :2.10e-03; Runtime: 279.7s; Iterations = 2900, grads =   1.563e-06, unitary_metric = 0.99998
Error = :2.10e-03; Runtime: 281.7s; Iterations = 2920, grads =   3.935e-08, unitary_metric = 0.99999
Error = :2.10e-03; Runtime: 283.6s; Iterations = 2940, grads =   1.445e-07, unitary_metric = 0.99998
Error = :2.10e-03; Runtime: 285.5s; Iterations = 2960, grads =   1.589e-08, unitary_metric = 0.99999
Error = :2.11e-03; Runtime: 287.4s; Iterations = 2980, grads =   1.989e-08, unitary_metric = 0.99999
Error = :2.12e-03; Runtime: 289.2s; Iterations = 3000, grads =   9.085e-08, unitary_metric = 0.99998
Error = :2.12e-03; Runtime: 291.3s; Iterations = 3020, grads =   9.326e-06, unitary_metric = 0.99999
Error = :2.15e-03; Runtime: 293.1s; Iterations = 3040, grads =   2.689e-04, unitary_metric = 0.99999
Error = :2.14e-03; Runtime: 295.0s; Iterations = 3060, grads =   5.315e-05, unitary_metric = 0.99999
Error = :2.16e-03; Runtime: 296.8s; Iterations = 3080, grads =   9.717e-05, unitary_metric = 0.99998
Error = :2.15e-03; Runtime: 298.7s; Iterations = 3100, grads =   1.446e-05, unitary_metric = 0.99999
Error = :2.16e-03; Runtime: 300.7s; Iterations = 3120, grads =   1.313e-06, unitary_metric = 0.99999
Error = :2.16e-03; Runtime: 302.6s; Iterations = 3140, grads =   3.249e-07, unitary_metric = 0.99999
Error = :2.17e-03; Runtime: 304.4s; Iterations = 3160, grads =   1.229e-07, unitary_metric = 0.99999
Error = :2.18e-03; Runtime: 306.3s; Iterations = 3180, grads =   4.074e-08, unitary_metric = 0.99999
Error = :2.18e-03; Runtime: 308.1s; Iterations = 3200, grads =   4.353e-08, unitary_metric = 0.99999
Error = :2.19e-03; Runtime: 310.2s; Iterations = 3220, grads =   4.470e-08, unitary_metric = 0.99999
Error = :2.19e-03; Runtime: 312.1s; Iterations = 3240, grads =   5.731e-08, unitary_metric = 0.99999
Error = :2.19e-03; Runtime: 313.9s; Iterations = 3260, grads =   8.393e-07, unitary_metric = 0.99999
Error = :2.22e-03; Runtime: 315.8s; Iterations = 3280, grads =   2.947e-04, unitary_metric = 0.99999
Error = :2.19e-03; Runtime: 317.6s; Iterations = 3300, grads =   2.375e-05, unitary_metric = 0.99999
Error = :2.19e-03; Runtime: 319.7s; Iterations = 3320, grads =   3.401e-05, unitary_metric = 0.99999
Error = :2.19e-03; Runtime: 321.5s; Iterations = 3340, grads =   4.743e-05, unitary_metric = 0.99999
Error = :2.19e-03; Runtime: 323.4s; Iterations = 3360, grads =   5.107e-06, unitary_metric = 0.99999
Error = :2.18e-03; Runtime: 325.3s; Iterations = 3380, grads =   6.467e-07, unitary_metric = 0.99998
Error = :2.18e-03; Runtime: 327.2s; Iterations = 3400, grads =   1.444e-07, unitary_metric = 0.99998
Error = :2.18e-03; Runtime: 329.3s; Iterations = 3420, grads =   5.615e-08, unitary_metric = 0.99998
Error = :2.18e-03; Runtime: 331.2s; Iterations = 3440, grads =   4.760e-08, unitary_metric = 0.99999
Error = :2.18e-03; Runtime: 333.1s; Iterations = 3460, grads =   4.653e-08, unitary_metric = 0.99999
Error = :2.17e-03; Runtime: 335.0s; Iterations = 3480, grads =   4.868e-08, unitary_metric = 0.99998
Error = :2.17e-03; Runtime: 336.8s; Iterations = 3500, grads =   4.751e-08, unitary_metric = 0.99999
Error = :2.17e-03; Runtime: 338.9s; Iterations = 3520, grads =   4.989e-08, unitary_metric = 0.99999
Error = :2.16e-03; Runtime: 340.7s; Iterations = 3540, grads =   1.198e-07, unitary_metric = 0.99998
Error = :2.16e-03; Runtime: 342.6s; Iterations = 3560, grads =   6.870e-05, unitary_metric = 0.99999
Error = :2.18e-03; Runtime: 344.5s; Iterations = 3580, grads =   2.013e-04, unitary_metric = 0.99999
Error = :2.15e-03; Runtime: 346.3s; Iterations = 3600, grads =   1.520e-05, unitary_metric = 0.99998
Error = :2.14e-03; Runtime: 348.4s; Iterations = 3620, grads =   2.118e-06, unitary_metric = 0.99998
Error = :2.13e-03; Runtime: 350.3s; Iterations = 3640, grads =   3.166e-07, unitary_metric = 0.99998
Error = :2.13e-03; Runtime: 352.1s; Iterations = 3660, grads =   1.220e-07, unitary_metric = 0.99998
Error = :2.12e-03; Runtime: 354.0s; Iterations = 3680, grads =   6.283e-08, unitary_metric = 0.99998
Error = :2.11e-03; Runtime: 355.9s; Iterations = 3700, grads =   4.708e-08, unitary_metric = 0.99998
Error = :2.10e-03; Runtime: 357.9s; Iterations = 3720, grads =   4.488e-08, unitary_metric = 0.99998
Error = :2.10e-03; Runtime: 359.7s; Iterations = 3740, grads =   4.419e-08, unitary_metric = 0.99998
Error = :2.09e-03; Runtime: 361.6s; Iterations = 3760, grads =   4.383e-08, unitary_metric = 0.99998
Error = :2.08e-03; Runtime: 363.5s; Iterations = 3780, grads =   4.676e-08, unitary_metric = 0.99998
Error = :2.07e-03; Runtime: 365.3s; Iterations = 3800, grads =   1.016e-07, unitary_metric = 0.99998
Error = :2.06e-03; Runtime: 367.4s; Iterations = 3820, grads =   5.002e-06, unitary_metric = 0.99998
Error = :2.06e-03; Runtime: 369.2s; Iterations = 3840, grads =   4.586e-05, unitary_metric = 0.99998
Error = :2.05e-03; Runtime: 371.1s; Iterations = 3860, grads =   2.541e-05, unitary_metric = 0.99998
Error = :2.04e-03; Runtime: 373.0s; Iterations = 3880, grads =   3.303e-06, unitary_metric = 0.99998
Error = :2.03e-03; Runtime: 374.8s; Iterations = 3900, grads =   5.730e-06, unitary_metric = 0.99998
Error = :2.03e-03; Runtime: 376.9s; Iterations = 3920, grads =   6.889e-05, unitary_metric = 0.99998
Error = :2.02e-03; Runtime: 378.8s; Iterations = 3940, grads =   1.865e-06, unitary_metric = 0.99998
Error = :2.01e-03; Runtime: 380.6s; Iterations = 3960, grads =   3.231e-06, unitary_metric = 0.99998
Error = :2.00e-03; Runtime: 382.5s; Iterations = 3980, grads =   4.030e-07, unitary_metric = 0.99998
Error = :2.00e-03; Runtime: 384.4s; Iterations = 4000, grads =   6.118e-08, unitary_metric = 0.99998
Error = :1.99e-03; Runtime: 386.4s; Iterations = 4020, grads =   3.347e-08, unitary_metric = 0.99998
Error = :1.98e-03; Runtime: 388.3s; Iterations = 4040, grads =   1.244e-07, unitary_metric = 0.99998
Error = :1.99e-03; Runtime: 390.1s; Iterations = 4060, grads =   3.132e-05, unitary_metric = 0.99998
Error = :1.98e-03; Runtime: 392.0s; Iterations = 4080, grads =   2.182e-05, unitary_metric = 0.99998
Error = :1.97e-03; Runtime: 393.9s; Iterations = 4100, grads =   1.658e-06, unitary_metric = 0.99998
Error = :1.96e-03; Runtime: 396.0s; Iterations = 4120, grads =   1.919e-07, unitary_metric = 0.99999
Error = :1.96e-03; Runtime: 397.8s; Iterations = 4140, grads =   3.842e-08, unitary_metric = 0.99998
Error = :1.96e-03; Runtime: 399.7s; Iterations = 4160, grads =   3.506e-08, unitary_metric = 0.99998
Error = :1.95e-03; Runtime: 401.6s; Iterations = 4180, grads =   4.669e-08, unitary_metric = 0.99998
Error = :1.95e-03; Runtime: 403.4s; Iterations = 4200, grads =   1.657e-06, unitary_metric = 0.99998
Error = :1.97e-03; Runtime: 405.5s; Iterations = 4220, grads =   2.498e-04, unitary_metric = 0.99998
Error = :1.94e-03; Runtime: 407.3s; Iterations = 4240, grads =   2.457e-05, unitary_metric = 0.99998
Error = :1.94e-03; Runtime: 409.2s; Iterations = 4260, grads =   3.679e-06, unitary_metric = 0.99998
Error = :1.94e-03; Runtime: 411.0s; Iterations = 4280, grads =   4.802e-07, unitary_metric = 0.99999
Error = :1.93e-03; Runtime: 412.9s; Iterations = 4300, grads =   5.535e-08, unitary_metric = 0.99998
Error = :1.93e-03; Runtime: 415.0s; Iterations = 4320, grads =   1.755e-07, unitary_metric = 0.99999
Error = :1.93e-03; Runtime: 416.8s; Iterations = 4340, grads =   3.943e-05, unitary_metric = 0.99998
Error = :1.93e-03; Runtime: 418.7s; Iterations = 4360, grads =   3.436e-05, unitary_metric = 0.99998
Error = :1.92e-03; Runtime: 420.6s; Iterations = 4380, grads =   4.085e-06, unitary_metric = 0.99999
Error = :1.92e-03; Runtime: 422.4s; Iterations = 4400, grads =   5.274e-07, unitary_metric = 0.99998
Error = :1.92e-03; Runtime: 424.5s; Iterations = 4420, grads =   6.431e-08, unitary_metric = 0.99998
Error = :1.92e-03; Runtime: 426.4s; Iterations = 4440, grads =   2.727e-08, unitary_metric = 0.99998
Error = :1.91e-03; Runtime: 428.2s; Iterations = 4460, grads =   8.949e-07, unitary_metric = 0.99998
Error = :1.93e-03; Runtime: 430.1s; Iterations = 4480, grads =   1.501e-04, unitary_metric = 0.99998
Error = :1.91e-03; Runtime: 431.9s; Iterations = 4500, grads =   1.119e-08, unitary_metric = 0.99998
Error = :1.91e-03; Runtime: 434.0s; Iterations = 4520, grads =   9.547e-08, unitary_metric = 0.99998
Error = :1.91e-03; Runtime: 435.8s; Iterations = 4540, grads =   1.694e-07, unitary_metric = 0.99998
Error = :1.91e-03; Runtime: 437.7s; Iterations = 4560, grads =   8.380e-08, unitary_metric = 0.99998
Error = :1.90e-03; Runtime: 439.6s; Iterations = 4580, grads =   5.613e-07, unitary_metric = 0.99999
Error = :1.91e-03; Runtime: 441.4s; Iterations = 4600, grads =   7.278e-05, unitary_metric = 0.99998
Error = :1.90e-03; Runtime: 443.5s; Iterations = 4620, grads =   1.640e-05, unitary_metric = 0.99998
Error = :1.90e-03; Runtime: 445.4s; Iterations = 4640, grads =   1.333e-06, unitary_metric = 0.99998
Error = :1.90e-03; Runtime: 447.2s; Iterations = 4660, grads =   4.059e-08, unitary_metric = 0.99998
Error = :1.89e-03; Runtime: 449.1s; Iterations = 4680, grads =   3.539e-08, unitary_metric = 0.99998
Error = :1.89e-03; Runtime: 451.0s; Iterations = 4700, grads =   1.274e-07, unitary_metric = 0.99998
Error = :1.89e-03; Runtime: 453.0s; Iterations = 4720, grads =   2.869e-05, unitary_metric = 0.99998
Error = :1.89e-03; Runtime: 454.9s; Iterations = 4740, grads =   4.806e-05, unitary_metric = 0.99998
Error = :1.89e-03; Runtime: 456.7s; Iterations = 4760, grads =   6.350e-06, unitary_metric = 0.99998
Error = :1.88e-03; Runtime: 458.6s; Iterations = 4780, grads =   8.312e-07, unitary_metric = 0.99998
Error = :1.88e-03; Runtime: 460.5s; Iterations = 4800, grads =   1.161e-07, unitary_metric = 0.99998
Error = :1.88e-03; Runtime: 462.5s; Iterations = 4820, grads =   1.214e-06, unitary_metric = 0.99998
Error = :1.88e-03; Runtime: 464.4s; Iterations = 4840, grads =   4.176e-05, unitary_metric = 0.99999
Error = :1.88e-03; Runtime: 466.3s; Iterations = 4860, grads =   1.451e-05, unitary_metric = 0.99999
Error = :1.87e-03; Runtime: 468.1s; Iterations = 4880, grads =   1.168e-06, unitary_metric = 0.99999
Error = :1.87e-03; Runtime: 470.0s; Iterations = 4900, grads =   1.133e-07, unitary_metric = 0.99999
Error = :1.87e-03; Runtime: 472.0s; Iterations = 4920, grads =   2.078e-08, unitary_metric = 0.99999
Error = :1.87e-03; Runtime: 473.9s; Iterations = 4940, grads =   2.068e-08, unitary_metric = 0.99998
Error = :1.87e-03; Runtime: 475.7s; Iterations = 4960, grads =   3.794e-07, unitary_metric = 0.99998
Error = :1.87e-03; Runtime: 477.6s; Iterations = 4980, grads =   5.509e-05, unitary_metric = 0.99999
Error = :1.86e-03; Runtime: 479.5s; Iterations = 5000, grads =   2.095e-05, unitary_metric = 0.99999
Error = :1.86e-03; Runtime: 481.5s; Iterations = 5020, grads =   3.499e-06, unitary_metric = 0.99999
Error = :1.86e-03; Runtime: 483.4s; Iterations = 5040, grads =   2.580e-05, unitary_metric = 0.99999
Error = :1.85e-03; Runtime: 485.2s; Iterations = 5060, grads =   4.369e-06, unitary_metric = 0.99999
Error = :1.85e-03; Runtime: 487.1s; Iterations = 5080, grads =   3.027e-05, unitary_metric = 0.99999
Error = :1.85e-03; Runtime: 489.0s; Iterations = 5100, grads =   5.764e-07, unitary_metric = 0.99999
Error = :1.84e-03; Runtime: 491.0s; Iterations = 5120, grads =   2.059e-07, unitary_metric = 0.99999
Error = :1.84e-03; Runtime: 492.9s; Iterations = 5140, grads =   5.738e-08, unitary_metric = 0.99999
Error = :1.84e-03; Runtime: 494.7s; Iterations = 5160, grads =   2.759e-08, unitary_metric = 0.99999
Error = :1.84e-03; Runtime: 496.6s; Iterations = 5180, grads =   1.101e-07, unitary_metric = 0.99998
Error = :1.83e-03; Runtime: 498.5s; Iterations = 5200, grads =   8.973e-06, unitary_metric = 0.99998
Error = :1.83e-03; Runtime: 500.5s; Iterations = 5220, grads =   2.615e-07, unitary_metric = 0.99999
Error = :1.83e-03; Runtime: 502.3s; Iterations = 5240, grads =   1.358e-05, unitary_metric = 0.99998
Error = :1.83e-03; Runtime: 504.2s; Iterations = 5260, grads =   2.039e-05, unitary_metric = 0.99998
Error = :1.82e-03; Runtime: 506.1s; Iterations = 5280, grads =   6.798e-06, unitary_metric = 0.99998
Error = :1.82e-03; Runtime: 508.0s; Iterations = 5300, grads =   3.667e-08, unitary_metric = 0.99998
Error = :1.82e-03; Runtime: 510.1s; Iterations = 5320, grads =   1.335e-07, unitary_metric = 0.99998
Error = :1.82e-03; Runtime: 512.0s; Iterations = 5340, grads =   1.407e-08, unitary_metric = 0.99998
Error = :1.81e-03; Runtime: 513.8s; Iterations = 5360, grads =   1.154e-08, unitary_metric = 0.99999
Error = :1.81e-03; Runtime: 515.7s; Iterations = 5380, grads =   1.469e-08, unitary_metric = 0.99999
Error = :1.81e-03; Runtime: 517.5s; Iterations = 5400, grads =   8.422e-08, unitary_metric = 0.99999
Error = :1.81e-03; Runtime: 519.6s; Iterations = 5420, grads =   6.750e-06, unitary_metric = 0.99999
Error = :1.81e-03; Runtime: 521.5s; Iterations = 5440, grads =   1.056e-06, unitary_metric = 0.99999
Error = :1.81e-03; Runtime: 523.3s; Iterations = 5460, grads =   3.385e-05, unitary_metric = 0.99999
Error = :1.81e-03; Runtime: 525.2s; Iterations = 5480, grads =   6.980e-06, unitary_metric = 0.99998
Error = :1.80e-03; Runtime: 527.0s; Iterations = 5500, grads =   3.324e-07, unitary_metric = 0.99999
Error = :1.80e-03; Runtime: 529.1s; Iterations = 5520, grads =   9.275e-08, unitary_metric = 0.99999
Error = :1.80e-03; Runtime: 531.0s; Iterations = 5540, grads =   8.617e-09, unitary_metric = 0.99998
Error = :1.80e-03; Runtime: 532.8s; Iterations = 5560, grads =   8.804e-09, unitary_metric = 0.99998
Error = :1.80e-03; Runtime: 534.7s; Iterations = 5580, grads =   8.619e-09, unitary_metric = 0.99998
Error = :1.80e-03; Runtime: 536.5s; Iterations = 5600, grads =   9.063e-09, unitary_metric = 0.99998
Error = :1.80e-03; Runtime: 538.6s; Iterations = 5620, grads =   2.056e-08, unitary_metric = 0.99998
Error = :1.80e-03; Runtime: 540.4s; Iterations = 5640, grads =   7.119e-07, unitary_metric = 0.99998
Error = :1.80e-03; Runtime: 542.3s; Iterations = 5660, grads =   8.183e-05, unitary_metric = 0.99998
Error = :1.80e-03; Runtime: 544.2s; Iterations = 5680, grads =   1.197e-05, unitary_metric = 0.99998
Error = :1.79e-03; Runtime: 546.0s; Iterations = 5700, grads =   1.398e-06, unitary_metric = 0.99998
Error = :1.79e-03; Runtime: 548.0s; Iterations = 5720, grads =   3.981e-07, unitary_metric = 0.99998
Error = :1.79e-03; Runtime: 549.9s; Iterations = 5740, grads =   3.446e-08, unitary_metric = 0.99998
Error = :1.79e-03; Runtime: 551.8s; Iterations = 5760, grads =   1.323e-08, unitary_metric = 0.99998
Error = :1.79e-03; Runtime: 553.6s; Iterations = 5780, grads =   7.290e-09, unitary_metric = 0.99998
Error = :1.79e-03; Runtime: 555.5s; Iterations = 5800, grads =   8.520e-09, unitary_metric = 0.99998
Error = :1.79e-03; Runtime: 557.6s; Iterations = 5820, grads =   1.285e-08, unitary_metric = 0.99998
Error = :1.79e-03; Runtime: 559.4s; Iterations = 5840, grads =   1.149e-07, unitary_metric = 0.99998
Error = :1.79e-03; Runtime: 561.3s; Iterations = 5860, grads =   7.605e-06, unitary_metric = 0.99998
Error = :1.79e-03; Runtime: 563.2s; Iterations = 5880, grads =   2.211e-05, unitary_metric = 0.99998
Error = :1.79e-03; Runtime: 565.2s; Iterations = 5900, grads =   1.475e-05, unitary_metric = 0.99998
Error = :1.79e-03; Runtime: 567.2s; Iterations = 5920, grads =   3.832e-06, unitary_metric = 0.99998
Error = :1.79e-03; Runtime: 569.1s; Iterations = 5940, grads =   1.679e-06, unitary_metric = 0.99998
Error = :1.79e-03; Runtime: 570.9s; Iterations = 5960, grads =   7.080e-08, unitary_metric = 0.99998
Error = :1.79e-03; Runtime: 572.8s; Iterations = 5980, grads =   1.071e-07, unitary_metric = 0.99998
Error = :1.79e-03; Runtime: 574.6s; Iterations = 6000, grads =   1.575e-08, unitary_metric = 0.99998
data saved at: /project/ftchong/qoc/pranav/00013_31_nah_slice_65.h5


trying total_time: 10.0 for unitary of size (4, 4)
data saved at: /project/ftchong/qoc/pranav/00014_31_nah_slice_65.h5
Using 6 Taylor terms and 1 Scaling & Squaring terms
Building graph:
Propagators initialized.
Operators weight initialized.
Intermediate propagation variables initialized.
Intermediate propagators initialized.
Vectors initialized.
Training loss initialized.
Optimizer initialized.
Utilities initialized.
Graph built!
Initialized
Error = :8.31e-02; Runtime: 0.3s; Iterations = 0, grads =   1.653e+00, unitary_metric = 1.00000
Error = :1.90e-02; Runtime: 2.1s; Iterations = 20, grads =   4.074e-01, unitary_metric = 1.00000
Error = :5.33e-04; Runtime: 2.6s; Iterations = 27, grads =   9.057e-03, unitary_metric = 1.00000
data saved at: /project/ftchong/qoc/pranav/00014_31_nah_slice_65.h5


trying total_time: 5.0 for unitary of size (4, 4)
data saved at: /project/ftchong/qoc/pranav/00015_31_nah_slice_65.h5
Using 6 Taylor terms and 1 Scaling & Squaring terms
Building graph:
Propagators initialized.
Operators weight initialized.
Intermediate propagation variables initialized.
Intermediate propagators initialized.
Vectors initialized.
Training loss initialized.
Optimizer initialized.
Utilities initialized.
Graph built!
Initialized
Error = :1.06e-01; Runtime: 0.1s; Iterations = 0, grads =   1.021e+00, unitary_metric = 1.00000
Error = :1.75e-03; Runtime: 1.1s; Iterations = 20, grads =   1.887e-02, unitary_metric = 1.00000
Error = :1.07e-04; Runtime: 1.2s; Iterations = 25, grads =   9.922e-04, unitary_metric = 1.00000
data saved at: /project/ftchong/qoc/pranav/00015_31_nah_slice_65.h5


trying total_time: 2.5 for unitary of size (4, 4)
data saved at: /project/ftchong/qoc/pranav/00016_31_nah_slice_65.h5
Using 6 Taylor terms and 1 Scaling & Squaring terms
Building graph:
Propagators initialized.
Operators weight initialized.
Intermediate propagation variables initialized.
Intermediate propagators initialized.
Vectors initialized.
Training loss initialized.
Optimizer initialized.
Utilities initialized.
Graph built!
Initialized
Error = :6.41e-02; Runtime: 0.1s; Iterations = 0, grads =   3.080e-01, unitary_metric = 1.00000
Error = :6.10e-04; Runtime: 0.5s; Iterations = 16, grads =   2.219e-03, unitary_metric = 1.00000
data saved at: /project/ftchong/qoc/pranav/00016_31_nah_slice_65.h5


trying total_time: 1.25 for unitary of size (4, 4)
data saved at: /project/ftchong/qoc/pranav/00017_31_nah_slice_65.h5
Using 6 Taylor terms and 1 Scaling & Squaring terms
Building graph:
Propagators initialized.
Operators weight initialized.
Intermediate propagation variables initialized.
Intermediate propagators initialized.
Vectors initialized.
Training loss initialized.
Optimizer initialized.
Utilities initialized.
Graph built!
Initialized
Error = :2.46e-02; Runtime: 0.1s; Iterations = 0, grads =   5.740e-02, unitary_metric = 1.00000
Error = :5.25e-04; Runtime: 0.3s; Iterations = 11, grads =   5.620e-04, unitary_metric = 1.00000
data saved at: /project/ftchong/qoc/pranav/00017_31_nah_slice_65.h5


trying total_time: 0.6 for unitary of size (4, 4)
data saved at: /project/ftchong/qoc/pranav/00018_31_nah_slice_65.h5
Using 7 Taylor terms and 0 Scaling & Squaring terms
Building graph:
Propagators initialized.
Operators weight initialized.
Intermediate propagation variables initialized.
Intermediate propagators initialized.
Vectors initialized.
Training loss initialized.
Optimizer initialized.
Utilities initialized.
Graph built!
Initialized
Error = :2.16e-01; Runtime: 0.0s; Iterations = 0, grads =   1.941e-01, unitary_metric = 1.00000
Error = :7.23e-03; Runtime: 0.2s; Iterations = 20, grads =   8.842e-03, unitary_metric = 1.00000
Error = :9.88e-04; Runtime: 0.3s; Iterations = 39, grads =   1.210e-03, unitary_metric = 1.00000
data saved at: /project/ftchong/qoc/pranav/00018_31_nah_slice_65.h5


trying total_time: 0.3 for unitary of size (4, 4)
data saved at: /project/ftchong/qoc/pranav/00019_31_nah_slice_65.h5
Using 5 Taylor terms and 1 Scaling & Squaring terms
Building graph:
Propagators initialized.
Operators weight initialized.
Intermediate propagation variables initialized.
Intermediate propagators initialized.
Vectors initialized.
Training loss initialized.
Optimizer initialized.
Utilities initialized.
Graph built!
Initialized
Error = :3.17e-02; Runtime: 0.0s; Iterations = 0, grads =   1.624e-02, unitary_metric = 1.00000
Error = :9.58e-04; Runtime: 0.1s; Iterations = 11, grads =   4.768e-04, unitary_metric = 1.00000
data saved at: /project/ftchong/qoc/pranav/00019_31_nah_slice_65.h5




[0.3, 5.3, 0.3]
TIME FOR SLICE IS:
5.3
