Running Block:  209


trying total_time: 10.0 for unitary of size (4, 4)
data saved at: /project/ftchong/qoc/pranav/00000_31_nah_slice_209.h5
Using 6 Taylor terms and 1 Scaling & Squaring terms
Building graph:
Propagators initialized.
Operators weight initialized.
Intermediate propagation variables initialized.
Intermediate propagators initialized.
Vectors initialized.
Training loss initialized.
Optimizer initialized.
Utilities initialized.
Graph built!
Initialized
Error = :1.30e-01; Runtime: 0.3s; Iterations = 0, grads =   2.442e+00, unitary_metric = 1.00000
Error = :1.70e-02; Runtime: 2.0s; Iterations = 20, grads =   3.658e-01, unitary_metric = 1.00000
Error = :8.77e-04; Runtime: 3.3s; Iterations = 39, grads =   1.865e-02, unitary_metric = 1.00000
data saved at: /project/ftchong/qoc/pranav/00000_31_nah_slice_209.h5


trying total_time: 5.0 for unitary of size (4, 4)
data saved at: /project/ftchong/qoc/pranav/00001_31_nah_slice_209.h5
Using 6 Taylor terms and 1 Scaling & Squaring terms
Building graph:
Propagators initialized.
Operators weight initialized.
Intermediate propagation variables initialized.
Intermediate propagators initialized.
Vectors initialized.
Training loss initialized.
Optimizer initialized.
Utilities initialized.
Graph built!
Initialized
Error = :1.61e-01; Runtime: 0.1s; Iterations = 0, grads =   1.333e+00, unitary_metric = 1.00000
Error = :2.60e-04; Runtime: 1.1s; Iterations = 20, grads =   3.194e-04, unitary_metric = 1.00000
data saved at: /project/ftchong/qoc/pranav/00001_31_nah_slice_209.h5


trying total_time: 2.5 for unitary of size (4, 4)
data saved at: /project/ftchong/qoc/pranav/00002_31_nah_slice_209.h5
Using 6 Taylor terms and 1 Scaling & Squaring terms
Building graph:
Propagators initialized.
Operators weight initialized.
Intermediate propagation variables initialized.
Intermediate propagators initialized.
Vectors initialized.
Training loss initialized.
Optimizer initialized.
Utilities initialized.
Graph built!
Initialized
Error = :1.77e-01; Runtime: 0.1s; Iterations = 0, grads =   7.475e-01, unitary_metric = 1.00000
Error = :4.69e-03; Runtime: 0.6s; Iterations = 20, grads =   2.481e-02, unitary_metric = 1.00000
Error = :5.48e-04; Runtime: 0.8s; Iterations = 31, grads =   2.853e-03, unitary_metric = 1.00000
data saved at: /project/ftchong/qoc/pranav/00002_31_nah_slice_209.h5


trying total_time: 1.25 for unitary of size (4, 4)
data saved at: /project/ftchong/qoc/pranav/00003_31_nah_slice_209.h5
Using 6 Taylor terms and 1 Scaling & Squaring terms
Building graph:
Propagators initialized.
Operators weight initialized.
Intermediate propagation variables initialized.
Intermediate propagators initialized.
Vectors initialized.
Training loss initialized.
Optimizer initialized.
Utilities initialized.
Graph built!
Initialized
Error = :1.58e-01; Runtime: 0.1s; Iterations = 0, grads =   3.455e-01, unitary_metric = 1.00000
Error = :1.24e-03; Runtime: 0.3s; Iterations = 20, grads =   3.214e-03, unitary_metric = 1.00000
Error = :2.28e-04; Runtime: 0.4s; Iterations = 21, grads =   5.372e-04, unitary_metric = 1.00000
data saved at: /project/ftchong/qoc/pranav/00003_31_nah_slice_209.h5


trying total_time: 0.6 for unitary of size (4, 4)
data saved at: /project/ftchong/qoc/pranav/00004_31_nah_slice_209.h5
Using 7 Taylor terms and 0 Scaling & Squaring terms
Building graph:
Propagators initialized.
Operators weight initialized.
Intermediate propagation variables initialized.
Intermediate propagators initialized.
Vectors initialized.
Training loss initialized.
Optimizer initialized.
Utilities initialized.
Graph built!
Initialized
Error = :3.25e-02; Runtime: 0.0s; Iterations = 0, grads =   3.491e-02, unitary_metric = 1.00000
Error = :6.76e-04; Runtime: 0.2s; Iterations = 7, grads =   5.192e-05, unitary_metric = 1.00000
data saved at: /project/ftchong/qoc/pranav/00004_31_nah_slice_209.h5


trying total_time: 0.3 for unitary of size (4, 4)
data saved at: /project/ftchong/qoc/pranav/00005_31_nah_slice_209.h5
Using 5 Taylor terms and 1 Scaling & Squaring terms
Building graph:
Propagators initialized.
Operators weight initialized.
Intermediate propagation variables initialized.
Intermediate propagators initialized.
Vectors initialized.
Training loss initialized.
Optimizer initialized.
Utilities initialized.
Graph built!
Initialized
Error = :3.92e-02; Runtime: 0.0s; Iterations = 0, grads =   2.050e-02, unitary_metric = 1.00000
Error = :1.34e-03; Runtime: 0.2s; Iterations = 20, grads =   7.501e-04, unitary_metric = 1.00000
Error = :9.28e-04; Runtime: 0.2s; Iterations = 30, grads =   5.179e-04, unitary_metric = 1.00000
data saved at: /project/ftchong/qoc/pranav/00005_31_nah_slice_209.h5


trying total_time: 40.0 for unitary of size (16, 16)
data saved at: /project/ftchong/qoc/pranav/00006_31_nah_slice_209.h5
Using 5 Taylor terms and 4 Scaling & Squaring terms
Building graph:
Propagators initialized.
Operators weight initialized.
Intermediate propagation variables initialized.
Intermediate propagators initialized.
Vectors initialized.
Training loss initialized.
Optimizer initialized.
Utilities initialized.
Graph built!
Initialized
Error = :9.47e-01; Runtime: 1.3s; Iterations = 0, grads =   5.099e-02, unitary_metric = 1.00031
Error = :7.14e-01; Runtime: 18.4s; Iterations = 20, grads =   7.274e-01, unitary_metric = 1.00034
Error = :1.33e-01; Runtime: 33.3s; Iterations = 40, grads =   1.020e+00, unitary_metric = 1.00023
Error = :1.30e-02; Runtime: 48.1s; Iterations = 60, grads =   8.367e-02, unitary_metric = 1.00023
Error = :1.40e-03; Runtime: 63.0s; Iterations = 80, grads =   8.382e-03, unitary_metric = 1.00022
Error = :4.95e-03; Runtime: 77.9s; Iterations = 100, grads =   2.212e-01, unitary_metric = 1.00022
Error = :5.65e-04; Runtime: 81.1s; Iterations = 103, grads =   2.299e-02, unitary_metric = 1.00024
data saved at: /project/ftchong/qoc/pranav/00006_31_nah_slice_209.h5


trying total_time: 20.0 for unitary of size (16, 16)
data saved at: /project/ftchong/qoc/pranav/00007_31_nah_slice_209.h5
Using 7 Taylor terms and 2 Scaling & Squaring terms
Building graph:
Propagators initialized.
Operators weight initialized.
Intermediate propagation variables initialized.
Intermediate propagators initialized.
Vectors initialized.
Training loss initialized.
Optimizer initialized.
Utilities initialized.
Graph built!
Initialized
Error = :9.36e-01; Runtime: 0.6s; Iterations = 0, grads =   1.186e-02, unitary_metric = 1.00001
Error = :6.13e-01; Runtime: 9.0s; Iterations = 20, grads =   1.603e-01, unitary_metric = 1.00001
Error = :4.59e-01; Runtime: 16.3s; Iterations = 40, grads =   1.982e-02, unitary_metric = 1.00001
Error = :1.90e-02; Runtime: 23.5s; Iterations = 60, grads =   1.247e-02, unitary_metric = 1.00000
Error = :2.72e-03; Runtime: 30.8s; Iterations = 80, grads =   6.017e-02, unitary_metric = 1.00000
Error = :1.24e-03; Runtime: 38.1s; Iterations = 100, grads =   2.833e-02, unitary_metric = 0.99999
Error = :9.67e-04; Runtime: 39.3s; Iterations = 102, grads =   1.539e-02, unitary_metric = 1.00000
data saved at: /project/ftchong/qoc/pranav/00007_31_nah_slice_209.h5


trying total_time: 10.0 for unitary of size (16, 16)
data saved at: /project/ftchong/qoc/pranav/00008_31_nah_slice_209.h5
Using 7 Taylor terms and 2 Scaling & Squaring terms
Building graph:
Propagators initialized.
Operators weight initialized.
Intermediate propagation variables initialized.
Intermediate propagators initialized.
Vectors initialized.
Training loss initialized.
Optimizer initialized.
Utilities initialized.
Graph built!
Initialized
Error = :9.47e-01; Runtime: 0.3s; Iterations = 0, grads =   1.039e-02, unitary_metric = 1.00001
Error = :7.65e-01; Runtime: 4.4s; Iterations = 20, grads =   2.639e-02, unitary_metric = 1.00000
Error = :5.54e-01; Runtime: 7.9s; Iterations = 40, grads =   8.529e-03, unitary_metric = 1.00000
Error = :4.14e-01; Runtime: 11.4s; Iterations = 60, grads =   8.724e-03, unitary_metric = 0.99999
Error = :4.78e-02; Runtime: 14.9s; Iterations = 80, grads =   6.366e-02, unitary_metric = 0.99999
Error = :2.31e-03; Runtime: 18.4s; Iterations = 100, grads =   5.107e-03, unitary_metric = 0.99999
Error = :1.09e-03; Runtime: 22.2s; Iterations = 120, grads =   9.663e-04, unitary_metric = 0.99999
Error = :9.71e-04; Runtime: 22.4s; Iterations = 121, grads =   9.384e-04, unitary_metric = 0.99999
data saved at: /project/ftchong/qoc/pranav/00008_31_nah_slice_209.h5


trying total_time: 5.0 for unitary of size (16, 16)
data saved at: /project/ftchong/qoc/pranav/00009_31_nah_slice_209.h5
Using 7 Taylor terms and 2 Scaling & Squaring terms
Building graph:
Propagators initialized.
Operators weight initialized.
Intermediate propagation variables initialized.
Intermediate propagators initialized.
Vectors initialized.
Training loss initialized.
Optimizer initialized.
Utilities initialized.
Graph built!
Initialized
Error = :9.56e-01; Runtime: 0.2s; Iterations = 0, grads =   8.240e-03, unitary_metric = 1.00000
Error = :8.07e-01; Runtime: 2.3s; Iterations = 20, grads =   3.946e-03, unitary_metric = 1.00000
Error = :7.15e-01; Runtime: 4.1s; Iterations = 40, grads =   1.396e-03, unitary_metric = 1.00000
Error = :5.92e-01; Runtime: 5.8s; Iterations = 60, grads =   6.088e-04, unitary_metric = 0.99999
Error = :5.16e-01; Runtime: 7.6s; Iterations = 80, grads =   3.222e-04, unitary_metric = 0.99999
Error = :4.67e-01; Runtime: 9.3s; Iterations = 100, grads =   3.795e-04, unitary_metric = 0.99999
Error = :3.89e-01; Runtime: 11.3s; Iterations = 120, grads =   4.996e-04, unitary_metric = 0.99999
Error = :2.85e-01; Runtime: 13.0s; Iterations = 140, grads =   7.462e-04, unitary_metric = 0.99999
Error = :1.70e-01; Runtime: 14.8s; Iterations = 160, grads =   1.092e-03, unitary_metric = 0.99999
Error = :8.94e-02; Runtime: 16.5s; Iterations = 180, grads =   4.054e-04, unitary_metric = 0.99999
Error = :5.62e-02; Runtime: 18.3s; Iterations = 200, grads =   2.123e-04, unitary_metric = 0.99999
Error = :4.24e-02; Runtime: 20.2s; Iterations = 220, grads =   5.495e-03, unitary_metric = 0.99999
Error = :3.47e-02; Runtime: 22.0s; Iterations = 240, grads =   3.475e-05, unitary_metric = 0.99999
Error = :3.06e-02; Runtime: 23.7s; Iterations = 260, grads =   3.144e-05, unitary_metric = 0.99999
Error = :2.79e-02; Runtime: 25.5s; Iterations = 280, grads =   6.546e-05, unitary_metric = 0.99999
Error = :2.61e-02; Runtime: 27.2s; Iterations = 300, grads =   1.681e-04, unitary_metric = 0.99999
Error = :2.48e-02; Runtime: 29.2s; Iterations = 320, grads =   2.969e-05, unitary_metric = 0.99999
Error = :2.39e-02; Runtime: 31.0s; Iterations = 340, grads =   9.687e-06, unitary_metric = 0.99999
Error = :2.31e-02; Runtime: 32.7s; Iterations = 360, grads =   4.939e-06, unitary_metric = 0.99999
Error = :2.25e-02; Runtime: 34.5s; Iterations = 380, grads =   3.322e-04, unitary_metric = 0.99999
Error = :2.21e-02; Runtime: 36.2s; Iterations = 400, grads =   1.605e-03, unitary_metric = 0.99999
Error = :2.14e-02; Runtime: 38.1s; Iterations = 420, grads =   5.936e-05, unitary_metric = 0.99999
Error = :2.10e-02; Runtime: 39.9s; Iterations = 440, grads =   1.926e-05, unitary_metric = 0.99999
Error = :2.07e-02; Runtime: 41.6s; Iterations = 460, grads =   5.397e-06, unitary_metric = 0.99999
Error = :2.04e-02; Runtime: 43.4s; Iterations = 480, grads =   1.687e-06, unitary_metric = 0.99999
Error = :2.02e-02; Runtime: 45.1s; Iterations = 500, grads =   1.307e-05, unitary_metric = 0.99999
Error = :2.00e-02; Runtime: 47.1s; Iterations = 520, grads =   5.160e-04, unitary_metric = 0.99999
Error = :1.99e-02; Runtime: 48.9s; Iterations = 540, grads =   8.052e-04, unitary_metric = 0.99999
Error = :1.96e-02; Runtime: 50.6s; Iterations = 560, grads =   8.741e-05, unitary_metric = 0.99999
Error = :1.95e-02; Runtime: 52.4s; Iterations = 580, grads =   1.377e-05, unitary_metric = 0.99999
Error = :1.93e-02; Runtime: 54.1s; Iterations = 600, grads =   1.085e-05, unitary_metric = 0.99999
Error = :1.92e-02; Runtime: 56.0s; Iterations = 620, grads =   2.440e-04, unitary_metric = 0.99999
Error = :1.90e-02; Runtime: 57.8s; Iterations = 640, grads =   4.154e-05, unitary_metric = 0.99999
Error = :1.89e-02; Runtime: 59.5s; Iterations = 660, grads =   2.219e-06, unitary_metric = 0.99999
Error = :1.88e-02; Runtime: 61.3s; Iterations = 680, grads =   7.538e-07, unitary_metric = 0.99999
Error = :1.86e-02; Runtime: 63.0s; Iterations = 700, grads =   2.391e-06, unitary_metric = 0.99999
Error = :1.85e-02; Runtime: 65.0s; Iterations = 720, grads =   6.705e-06, unitary_metric = 0.99999
Error = :1.84e-02; Runtime: 66.7s; Iterations = 740, grads =   1.825e-05, unitary_metric = 0.99999
Error = :1.85e-02; Runtime: 68.4s; Iterations = 760, grads =   9.015e-04, unitary_metric = 0.99999
Error = :1.83e-02; Runtime: 70.2s; Iterations = 780, grads =   2.170e-04, unitary_metric = 0.99999
Error = :1.82e-02; Runtime: 71.9s; Iterations = 800, grads =   7.691e-05, unitary_metric = 0.99999
Error = :1.81e-02; Runtime: 73.8s; Iterations = 820, grads =   1.093e-04, unitary_metric = 0.99999
Error = :1.80e-02; Runtime: 75.6s; Iterations = 840, grads =   1.632e-04, unitary_metric = 0.99999
Error = :1.79e-02; Runtime: 77.3s; Iterations = 860, grads =   3.207e-06, unitary_metric = 0.99999
Error = :1.78e-02; Runtime: 79.1s; Iterations = 880, grads =   9.274e-07, unitary_metric = 0.99999
Error = :1.77e-02; Runtime: 80.8s; Iterations = 900, grads =   6.103e-07, unitary_metric = 0.99999
Error = :1.76e-02; Runtime: 82.7s; Iterations = 920, grads =   1.519e-05, unitary_metric = 0.99999
Error = :1.76e-02; Runtime: 84.5s; Iterations = 940, grads =   2.238e-04, unitary_metric = 0.99999
Error = :1.74e-02; Runtime: 86.2s; Iterations = 960, grads =   1.965e-05, unitary_metric = 0.99999
Error = :1.74e-02; Runtime: 88.0s; Iterations = 980, grads =   2.562e-06, unitary_metric = 0.99999
Error = :1.73e-02; Runtime: 89.7s; Iterations = 1000, grads =   3.502e-06, unitary_metric = 0.99999
Error = :1.73e-02; Runtime: 91.6s; Iterations = 1020, grads =   2.843e-04, unitary_metric = 0.99999
Error = :1.73e-02; Runtime: 93.4s; Iterations = 1040, grads =   3.275e-05, unitary_metric = 0.99999
Error = :1.74e-02; Runtime: 95.1s; Iterations = 1060, grads =   6.980e-04, unitary_metric = 0.99999
Error = :1.73e-02; Runtime: 96.9s; Iterations = 1080, grads =   1.192e-04, unitary_metric = 0.99999
Error = :1.73e-02; Runtime: 98.6s; Iterations = 1100, grads =   2.018e-05, unitary_metric = 0.99999
Error = :1.73e-02; Runtime: 100.6s; Iterations = 1120, grads =   2.304e-06, unitary_metric = 0.99999
Error = :1.72e-02; Runtime: 102.3s; Iterations = 1140, grads =   8.994e-07, unitary_metric = 0.99999
Error = :1.71e-02; Runtime: 104.1s; Iterations = 1160, grads =   6.178e-06, unitary_metric = 0.99999
Error = :1.70e-02; Runtime: 105.8s; Iterations = 1180, grads =   2.632e-05, unitary_metric = 0.99999
Error = :1.68e-02; Runtime: 107.6s; Iterations = 1200, grads =   1.013e-05, unitary_metric = 0.99999
Error = :1.67e-02; Runtime: 109.5s; Iterations = 1220, grads =   4.228e-06, unitary_metric = 0.99999
Error = :1.66e-02; Runtime: 111.2s; Iterations = 1240, grads =   5.280e-07, unitary_metric = 0.99999
Error = :1.66e-02; Runtime: 113.0s; Iterations = 1260, grads =   4.283e-05, unitary_metric = 0.99999
Error = :1.65e-02; Runtime: 114.7s; Iterations = 1280, grads =   1.111e-04, unitary_metric = 0.99999
Error = :1.65e-02; Runtime: 116.4s; Iterations = 1300, grads =   4.573e-04, unitary_metric = 0.99999
Error = :1.64e-02; Runtime: 118.4s; Iterations = 1320, grads =   1.722e-04, unitary_metric = 0.99999
Error = :1.64e-02; Runtime: 120.1s; Iterations = 1340, grads =   2.191e-05, unitary_metric = 0.99999
Error = :1.64e-02; Runtime: 121.8s; Iterations = 1360, grads =   3.236e-07, unitary_metric = 0.99999
Error = :1.64e-02; Runtime: 123.6s; Iterations = 1380, grads =   6.060e-07, unitary_metric = 0.99999
Error = :1.64e-02; Runtime: 125.3s; Iterations = 1400, grads =   4.751e-07, unitary_metric = 0.99999
Error = :1.64e-02; Runtime: 127.2s; Iterations = 1420, grads =   2.300e-04, unitary_metric = 0.99999
Error = :1.64e-02; Runtime: 129.0s; Iterations = 1440, grads =   4.076e-05, unitary_metric = 0.99999
Error = :1.63e-02; Runtime: 130.7s; Iterations = 1460, grads =   4.153e-06, unitary_metric = 0.99999
Error = :1.63e-02; Runtime: 132.5s; Iterations = 1480, grads =   9.910e-07, unitary_metric = 0.99999
Error = :1.63e-02; Runtime: 134.2s; Iterations = 1500, grads =   2.879e-07, unitary_metric = 0.99999
Error = :1.62e-02; Runtime: 136.1s; Iterations = 1520, grads =   9.191e-07, unitary_metric = 0.99999
Error = :1.62e-02; Runtime: 137.9s; Iterations = 1540, grads =   4.461e-04, unitary_metric = 0.99999
Error = :1.62e-02; Runtime: 139.6s; Iterations = 1560, grads =   5.141e-04, unitary_metric = 0.99999
Error = :1.61e-02; Runtime: 141.4s; Iterations = 1580, grads =   4.119e-05, unitary_metric = 0.99999
Error = :1.60e-02; Runtime: 143.1s; Iterations = 1600, grads =   1.013e-05, unitary_metric = 0.99999
Error = :1.61e-02; Runtime: 145.0s; Iterations = 1620, grads =   3.831e-04, unitary_metric = 0.99999
Error = :1.60e-02; Runtime: 146.8s; Iterations = 1640, grads =   4.949e-05, unitary_metric = 0.99999
Error = :1.59e-02; Runtime: 148.6s; Iterations = 1660, grads =   4.576e-06, unitary_metric = 0.99999
Error = :1.59e-02; Runtime: 150.3s; Iterations = 1680, grads =   5.157e-07, unitary_metric = 0.99999
Error = :1.59e-02; Runtime: 152.0s; Iterations = 1700, grads =   2.160e-07, unitary_metric = 0.99999
Error = :1.59e-02; Runtime: 153.9s; Iterations = 1720, grads =   1.060e-07, unitary_metric = 0.99999
Error = :1.59e-02; Runtime: 155.7s; Iterations = 1740, grads =   9.875e-08, unitary_metric = 0.99999
Error = :1.58e-02; Runtime: 157.4s; Iterations = 1760, grads =   9.535e-08, unitary_metric = 0.99999
Error = :1.58e-02; Runtime: 159.2s; Iterations = 1780, grads =   3.498e-07, unitary_metric = 0.99999
Error = :1.58e-02; Runtime: 160.9s; Iterations = 1800, grads =   2.129e-04, unitary_metric = 0.99999
Error = :1.58e-02; Runtime: 162.8s; Iterations = 1820, grads =   9.824e-05, unitary_metric = 0.99999
Error = :1.58e-02; Runtime: 164.6s; Iterations = 1840, grads =   1.200e-04, unitary_metric = 0.99999
Error = :1.58e-02; Runtime: 166.3s; Iterations = 1860, grads =   8.556e-07, unitary_metric = 0.99999
Error = :1.58e-02; Runtime: 168.1s; Iterations = 1880, grads =   2.782e-06, unitary_metric = 0.99999
Error = :1.57e-02; Runtime: 169.8s; Iterations = 1900, grads =   5.485e-07, unitary_metric = 0.99999
Error = :1.57e-02; Runtime: 171.7s; Iterations = 1920, grads =   1.261e-07, unitary_metric = 0.99999
Error = :1.57e-02; Runtime: 173.5s; Iterations = 1940, grads =   6.804e-08, unitary_metric = 0.99999
Error = :1.57e-02; Runtime: 175.2s; Iterations = 1960, grads =   6.971e-08, unitary_metric = 0.99999
Error = :1.57e-02; Runtime: 177.0s; Iterations = 1980, grads =   5.650e-07, unitary_metric = 0.99999
Error = :1.57e-02; Runtime: 178.7s; Iterations = 2000, grads =   3.083e-04, unitary_metric = 0.99999
Error = :1.57e-02; Runtime: 180.6s; Iterations = 2020, grads =   5.440e-05, unitary_metric = 0.99999
Error = :1.57e-02; Runtime: 182.4s; Iterations = 2040, grads =   1.774e-06, unitary_metric = 0.99999
Error = :1.57e-02; Runtime: 184.1s; Iterations = 2060, grads =   3.677e-06, unitary_metric = 0.99999
Error = :1.58e-02; Runtime: 185.9s; Iterations = 2080, grads =   1.325e-03, unitary_metric = 0.99999
Error = :1.57e-02; Runtime: 187.6s; Iterations = 2100, grads =   4.658e-05, unitary_metric = 0.99999
Error = :1.56e-02; Runtime: 189.5s; Iterations = 2120, grads =   2.154e-05, unitary_metric = 0.99999
Error = :1.56e-02; Runtime: 191.3s; Iterations = 2140, grads =   7.141e-07, unitary_metric = 0.99999
Error = :1.56e-02; Runtime: 193.0s; Iterations = 2160, grads =   3.172e-07, unitary_metric = 0.99999
Error = :1.56e-02; Runtime: 194.8s; Iterations = 2180, grads =   8.641e-08, unitary_metric = 0.99999
Error = :1.56e-02; Runtime: 196.5s; Iterations = 2200, grads =   4.656e-08, unitary_metric = 0.99999
Error = :1.56e-02; Runtime: 198.4s; Iterations = 2220, grads =   6.016e-08, unitary_metric = 0.99999
Error = :1.56e-02; Runtime: 200.2s; Iterations = 2240, grads =   1.637e-06, unitary_metric = 0.99999
Error = :1.56e-02; Runtime: 201.9s; Iterations = 2260, grads =   2.733e-04, unitary_metric = 0.99999
Error = :1.56e-02; Runtime: 203.7s; Iterations = 2280, grads =   3.125e-05, unitary_metric = 0.99999
Error = :1.56e-02; Runtime: 205.4s; Iterations = 2300, grads =   4.090e-05, unitary_metric = 0.99999
Error = :1.56e-02; Runtime: 207.4s; Iterations = 2320, grads =   3.630e-05, unitary_metric = 0.99999
Error = :1.56e-02; Runtime: 209.1s; Iterations = 2340, grads =   4.021e-06, unitary_metric = 0.99999
Error = :1.56e-02; Runtime: 210.8s; Iterations = 2360, grads =   6.173e-05, unitary_metric = 0.99999
Error = :1.56e-02; Runtime: 212.6s; Iterations = 2380, grads =   2.390e-04, unitary_metric = 0.99999
Error = :1.56e-02; Runtime: 214.3s; Iterations = 2400, grads =   2.759e-05, unitary_metric = 0.99999
Error = :1.56e-02; Runtime: 216.2s; Iterations = 2420, grads =   3.689e-07, unitary_metric = 0.99999
Error = :1.56e-02; Runtime: 218.0s; Iterations = 2440, grads =   3.515e-08, unitary_metric = 0.99999
Error = :1.56e-02; Runtime: 219.7s; Iterations = 2460, grads =   9.202e-08, unitary_metric = 0.99999
Error = :1.56e-02; Runtime: 221.5s; Iterations = 2480, grads =   1.119e-05, unitary_metric = 0.99999
Error = :1.56e-02; Runtime: 223.2s; Iterations = 2500, grads =   6.371e-06, unitary_metric = 0.99999
Error = :1.56e-02; Runtime: 225.1s; Iterations = 2520, grads =   9.254e-05, unitary_metric = 0.99999
Error = :1.56e-02; Runtime: 226.9s; Iterations = 2540, grads =   1.656e-05, unitary_metric = 0.99999
Error = :1.56e-02; Runtime: 228.6s; Iterations = 2560, grads =   2.586e-06, unitary_metric = 0.99999
Error = :1.56e-02; Runtime: 230.4s; Iterations = 2580, grads =   1.830e-07, unitary_metric = 0.99999
Error = :1.56e-02; Runtime: 232.1s; Iterations = 2600, grads =   5.088e-07, unitary_metric = 0.99998
Error = :1.56e-02; Runtime: 234.0s; Iterations = 2620, grads =   1.330e-04, unitary_metric = 0.99999
Error = :1.56e-02; Runtime: 235.8s; Iterations = 2640, grads =   1.426e-04, unitary_metric = 0.99999
Error = :1.56e-02; Runtime: 237.5s; Iterations = 2660, grads =   1.093e-05, unitary_metric = 0.99999
Error = :1.55e-02; Runtime: 239.3s; Iterations = 2680, grads =   9.871e-07, unitary_metric = 0.99999
Error = :1.55e-02; Runtime: 241.0s; Iterations = 2700, grads =   2.709e-07, unitary_metric = 0.99999
Error = :1.55e-02; Runtime: 242.9s; Iterations = 2720, grads =   5.253e-06, unitary_metric = 0.99999
Error = :1.56e-02; Runtime: 244.7s; Iterations = 2740, grads =   1.221e-04, unitary_metric = 0.99999
Error = :1.55e-02; Runtime: 246.4s; Iterations = 2760, grads =   7.562e-06, unitary_metric = 0.99999
Error = :1.55e-02; Runtime: 248.2s; Iterations = 2780, grads =   2.381e-06, unitary_metric = 0.99999
Error = :1.55e-02; Runtime: 249.9s; Iterations = 2800, grads =   3.215e-07, unitary_metric = 0.99999
Error = :1.55e-02; Runtime: 251.8s; Iterations = 2820, grads =   4.336e-08, unitary_metric = 0.99999
Error = :1.55e-02; Runtime: 253.6s; Iterations = 2840, grads =   2.414e-08, unitary_metric = 0.99999
Error = :1.55e-02; Runtime: 255.3s; Iterations = 2860, grads =   2.015e-08, unitary_metric = 0.99999
Error = :1.55e-02; Runtime: 257.0s; Iterations = 2880, grads =   1.413e-06, unitary_metric = 0.99999
Error = :1.56e-02; Runtime: 258.8s; Iterations = 2900, grads =   8.312e-04, unitary_metric = 0.99999
Error = :1.56e-02; Runtime: 260.7s; Iterations = 2920, grads =   5.693e-05, unitary_metric = 0.99999
Error = :1.55e-02; Runtime: 262.5s; Iterations = 2940, grads =   4.167e-06, unitary_metric = 0.99999
Error = :1.55e-02; Runtime: 264.2s; Iterations = 2960, grads =   5.917e-06, unitary_metric = 0.99999
Error = :1.56e-02; Runtime: 266.0s; Iterations = 2980, grads =   1.444e-05, unitary_metric = 0.99999
Error = :1.56e-02; Runtime: 267.7s; Iterations = 3000, grads =   2.432e-05, unitary_metric = 0.99999
Error = :1.56e-02; Runtime: 269.6s; Iterations = 3020, grads =   3.979e-05, unitary_metric = 0.99999
Error = :1.56e-02; Runtime: 271.4s; Iterations = 3040, grads =   5.219e-06, unitary_metric = 0.99999
Error = :1.56e-02; Runtime: 273.1s; Iterations = 3060, grads =   5.889e-07, unitary_metric = 0.99999
Error = :1.56e-02; Runtime: 274.9s; Iterations = 3080, grads =   3.255e-08, unitary_metric = 0.99999
Error = :1.56e-02; Runtime: 276.6s; Iterations = 3100, grads =   2.227e-08, unitary_metric = 0.99999
Error = :1.56e-02; Runtime: 278.5s; Iterations = 3120, grads =   1.428e-08, unitary_metric = 0.99999
Error = :1.56e-02; Runtime: 280.3s; Iterations = 3140, grads =   1.353e-08, unitary_metric = 0.99999
Error = :1.56e-02; Runtime: 282.0s; Iterations = 3160, grads =   1.332e-08, unitary_metric = 0.99999
Error = :1.56e-02; Runtime: 283.8s; Iterations = 3180, grads =   1.668e-08, unitary_metric = 0.99999
Error = :1.56e-02; Runtime: 285.5s; Iterations = 3200, grads =   2.584e-07, unitary_metric = 0.99998
Error = :1.56e-02; Runtime: 287.4s; Iterations = 3220, grads =   4.111e-05, unitary_metric = 0.99999
Error = :1.56e-02; Runtime: 289.2s; Iterations = 3240, grads =   7.950e-05, unitary_metric = 0.99999
Error = :1.56e-02; Runtime: 290.9s; Iterations = 3260, grads =   7.514e-06, unitary_metric = 0.99999
Error = :1.56e-02; Runtime: 292.7s; Iterations = 3280, grads =   1.554e-04, unitary_metric = 0.99999
Error = :1.56e-02; Runtime: 294.4s; Iterations = 3300, grads =   3.393e-05, unitary_metric = 0.99999
Error = :1.56e-02; Runtime: 296.3s; Iterations = 3320, grads =   2.934e-06, unitary_metric = 0.99999
Error = :1.56e-02; Runtime: 298.1s; Iterations = 3340, grads =   5.518e-07, unitary_metric = 0.99999
Error = :1.56e-02; Runtime: 299.8s; Iterations = 3360, grads =   1.680e-07, unitary_metric = 0.99999
Error = :1.56e-02; Runtime: 301.5s; Iterations = 3380, grads =   2.026e-08, unitary_metric = 0.99999
Error = :1.56e-02; Runtime: 303.3s; Iterations = 3400, grads =   1.644e-08, unitary_metric = 0.99999
Error = :1.56e-02; Runtime: 305.2s; Iterations = 3420, grads =   7.881e-08, unitary_metric = 0.99999
Error = :1.56e-02; Runtime: 306.9s; Iterations = 3440, grads =   2.280e-05, unitary_metric = 0.99999
Error = :1.56e-02; Runtime: 308.7s; Iterations = 3460, grads =   1.905e-05, unitary_metric = 0.99999
Error = :1.56e-02; Runtime: 310.4s; Iterations = 3480, grads =   5.897e-06, unitary_metric = 0.99999
Error = :1.56e-02; Runtime: 312.2s; Iterations = 3500, grads =   2.068e-05, unitary_metric = 0.99999
Error = :1.56e-02; Runtime: 314.1s; Iterations = 3520, grads =   2.905e-06, unitary_metric = 0.99999
Error = :1.56e-02; Runtime: 315.8s; Iterations = 3540, grads =   3.894e-04, unitary_metric = 0.99999
Error = :1.56e-02; Runtime: 317.6s; Iterations = 3560, grads =   4.893e-05, unitary_metric = 0.99999
Error = :1.56e-02; Runtime: 319.3s; Iterations = 3580, grads =   2.225e-06, unitary_metric = 0.99999
Error = :1.56e-02; Runtime: 321.1s; Iterations = 3600, grads =   2.636e-08, unitary_metric = 0.99999
Error = :1.56e-02; Runtime: 323.0s; Iterations = 3620, grads =   4.248e-08, unitary_metric = 0.99999
Error = :1.56e-02; Runtime: 324.8s; Iterations = 3640, grads =   2.677e-08, unitary_metric = 0.99999
Error = :1.56e-02; Runtime: 326.5s; Iterations = 3660, grads =   5.480e-08, unitary_metric = 0.99999
Error = :1.56e-02; Runtime: 328.3s; Iterations = 3680, grads =   1.911e-06, unitary_metric = 0.99999
Error = :1.56e-02; Runtime: 330.0s; Iterations = 3700, grads =   1.343e-05, unitary_metric = 0.99999
Error = :1.56e-02; Runtime: 331.9s; Iterations = 3720, grads =   2.524e-06, unitary_metric = 0.99999
Error = :1.56e-02; Runtime: 333.6s; Iterations = 3740, grads =   3.660e-05, unitary_metric = 0.99999
Error = :1.56e-02; Runtime: 335.4s; Iterations = 3760, grads =   1.297e-05, unitary_metric = 0.99999
Error = :1.57e-02; Runtime: 337.1s; Iterations = 3780, grads =   2.054e-06, unitary_metric = 0.99999
Error = :1.57e-02; Runtime: 338.9s; Iterations = 3800, grads =   4.243e-07, unitary_metric = 0.99999
Error = :1.57e-02; Runtime: 340.8s; Iterations = 3820, grads =   1.343e-05, unitary_metric = 0.99999
Error = :1.57e-02; Runtime: 342.5s; Iterations = 3840, grads =   3.937e-05, unitary_metric = 0.99999
Error = :1.57e-02; Runtime: 344.3s; Iterations = 3860, grads =   5.917e-06, unitary_metric = 0.99999
Error = :1.57e-02; Runtime: 346.0s; Iterations = 3880, grads =   9.477e-07, unitary_metric = 0.99999
Error = :1.57e-02; Runtime: 347.8s; Iterations = 3900, grads =   2.789e-07, unitary_metric = 0.99999
Error = :1.57e-02; Runtime: 349.7s; Iterations = 3920, grads =   7.487e-08, unitary_metric = 0.99999
Error = :1.58e-02; Runtime: 351.4s; Iterations = 3940, grads =   7.191e-08, unitary_metric = 0.99999
Error = :1.58e-02; Runtime: 353.2s; Iterations = 3960, grads =   1.138e-06, unitary_metric = 0.99999
Error = :1.58e-02; Runtime: 354.9s; Iterations = 3980, grads =   6.290e-05, unitary_metric = 0.99999
Error = :1.58e-02; Runtime: 356.7s; Iterations = 4000, grads =   7.767e-06, unitary_metric = 0.99999
Error = :1.58e-02; Runtime: 358.6s; Iterations = 4020, grads =   1.583e-05, unitary_metric = 0.99999
Error = :1.58e-02; Runtime: 360.3s; Iterations = 4040, grads =   1.218e-05, unitary_metric = 0.99999
Error = :1.58e-02; Runtime: 362.1s; Iterations = 4060, grads =   1.999e-05, unitary_metric = 0.99999
Error = :1.58e-02; Runtime: 363.8s; Iterations = 4080, grads =   1.229e-05, unitary_metric = 0.99999
Error = :1.58e-02; Runtime: 365.6s; Iterations = 4100, grads =   3.924e-07, unitary_metric = 0.99999
Error = :1.58e-02; Runtime: 367.5s; Iterations = 4120, grads =   3.218e-07, unitary_metric = 0.99999
Error = :1.57e-02; Runtime: 369.2s; Iterations = 4140, grads =   3.572e-07, unitary_metric = 0.99999
Error = :1.57e-02; Runtime: 371.0s; Iterations = 4160, grads =   2.025e-07, unitary_metric = 0.99999
Error = :1.57e-02; Runtime: 372.7s; Iterations = 4180, grads =   1.903e-07, unitary_metric = 0.99999
Error = :1.56e-02; Runtime: 374.5s; Iterations = 4200, grads =   4.493e-07, unitary_metric = 0.99999
Error = :1.56e-02; Runtime: 376.4s; Iterations = 4220, grads =   5.474e-05, unitary_metric = 0.99999
Error = :1.56e-02; Runtime: 378.1s; Iterations = 4240, grads =   1.249e-05, unitary_metric = 0.99999
Error = :1.55e-02; Runtime: 379.9s; Iterations = 4260, grads =   1.268e-06, unitary_metric = 0.99999
Error = :1.55e-02; Runtime: 381.6s; Iterations = 4280, grads =   3.506e-07, unitary_metric = 0.99999
Error = :1.55e-02; Runtime: 383.4s; Iterations = 4300, grads =   7.159e-06, unitary_metric = 0.99999
Error = :1.55e-02; Runtime: 385.3s; Iterations = 4320, grads =   9.116e-08, unitary_metric = 0.99999
Error = :1.55e-02; Runtime: 387.1s; Iterations = 4340, grads =   3.680e-06, unitary_metric = 0.99999
Error = :1.55e-02; Runtime: 388.8s; Iterations = 4360, grads =   1.444e-06, unitary_metric = 0.99999
Error = :1.55e-02; Runtime: 390.6s; Iterations = 4380, grads =   2.611e-07, unitary_metric = 0.99999
Error = :1.55e-02; Runtime: 392.3s; Iterations = 4400, grads =   2.502e-07, unitary_metric = 0.99999
Error = :1.55e-02; Runtime: 394.2s; Iterations = 4420, grads =   1.824e-05, unitary_metric = 0.99999
Error = :1.55e-02; Runtime: 396.0s; Iterations = 4440, grads =   6.090e-06, unitary_metric = 0.99999
Error = :1.55e-02; Runtime: 397.7s; Iterations = 4460, grads =   2.004e-05, unitary_metric = 0.99999
Error = :1.54e-02; Runtime: 399.5s; Iterations = 4480, grads =   8.038e-06, unitary_metric = 0.99999
Error = :1.54e-02; Runtime: 401.2s; Iterations = 4500, grads =   2.053e-07, unitary_metric = 0.99999
Error = :1.54e-02; Runtime: 403.2s; Iterations = 4520, grads =   1.433e-07, unitary_metric = 0.99999
Error = :1.54e-02; Runtime: 405.0s; Iterations = 4540, grads =   3.108e-08, unitary_metric = 0.99999
Error = :1.54e-02; Runtime: 406.7s; Iterations = 4560, grads =   3.107e-08, unitary_metric = 0.99999
Error = :1.54e-02; Runtime: 408.5s; Iterations = 4580, grads =   1.757e-07, unitary_metric = 0.99999
Error = :1.54e-02; Runtime: 410.3s; Iterations = 4600, grads =   6.210e-05, unitary_metric = 0.99999
Error = :1.54e-02; Runtime: 412.2s; Iterations = 4620, grads =   2.053e-05, unitary_metric = 0.99999
Error = :1.54e-02; Runtime: 413.9s; Iterations = 4640, grads =   1.261e-05, unitary_metric = 0.99999
Error = :1.54e-02; Runtime: 415.7s; Iterations = 4660, grads =   3.498e-05, unitary_metric = 0.99999
Error = :1.54e-02; Runtime: 417.4s; Iterations = 4680, grads =   1.315e-06, unitary_metric = 0.99999
Error = :1.54e-02; Runtime: 419.2s; Iterations = 4700, grads =   1.103e-07, unitary_metric = 0.99999
Error = :1.54e-02; Runtime: 421.1s; Iterations = 4720, grads =   9.552e-08, unitary_metric = 0.99999
Error = :1.54e-02; Runtime: 422.9s; Iterations = 4740, grads =   2.665e-08, unitary_metric = 0.99999
Error = :1.54e-02; Runtime: 424.6s; Iterations = 4760, grads =   2.471e-08, unitary_metric = 0.99999
Error = :1.54e-02; Runtime: 426.4s; Iterations = 4780, grads =   2.536e-08, unitary_metric = 0.99999
Error = :1.54e-02; Runtime: 428.1s; Iterations = 4800, grads =   2.310e-08, unitary_metric = 0.99999
Error = :1.54e-02; Runtime: 430.0s; Iterations = 4820, grads =   5.774e-08, unitary_metric = 0.99999
Error = :1.54e-02; Runtime: 431.8s; Iterations = 4840, grads =   6.422e-08, unitary_metric = 0.99999
Error = :1.54e-02; Runtime: 433.5s; Iterations = 4860, grads =   2.044e-06, unitary_metric = 0.99999
Error = :1.54e-02; Runtime: 435.3s; Iterations = 4880, grads =   7.480e-05, unitary_metric = 0.99999
Error = :1.54e-02; Runtime: 437.0s; Iterations = 4900, grads =   1.628e-05, unitary_metric = 0.99998
Error = :1.54e-02; Runtime: 439.0s; Iterations = 4920, grads =   2.261e-06, unitary_metric = 0.99998
Error = :1.54e-02; Runtime: 440.8s; Iterations = 4940, grads =   1.352e-07, unitary_metric = 0.99999
Error = :1.54e-02; Runtime: 442.6s; Iterations = 4960, grads =   5.820e-08, unitary_metric = 0.99999
Error = :1.54e-02; Runtime: 444.3s; Iterations = 4980, grads =   2.228e-08, unitary_metric = 0.99999
Error = :1.54e-02; Runtime: 446.1s; Iterations = 5000, grads =   1.910e-08, unitary_metric = 0.99999
Error = :1.54e-02; Runtime: 448.0s; Iterations = 5020, grads =   2.001e-08, unitary_metric = 0.99998
Error = :1.54e-02; Runtime: 449.7s; Iterations = 5040, grads =   3.018e-08, unitary_metric = 0.99999
Error = :1.54e-02; Runtime: 451.5s; Iterations = 5060, grads =   2.682e-07, unitary_metric = 0.99999
Error = :1.54e-02; Runtime: 453.2s; Iterations = 5080, grads =   3.718e-05, unitary_metric = 0.99999
Error = :1.54e-02; Runtime: 455.0s; Iterations = 5100, grads =   2.395e-05, unitary_metric = 0.99999
Error = :1.54e-02; Runtime: 456.9s; Iterations = 5120, grads =   2.620e-05, unitary_metric = 0.99999
Error = :1.54e-02; Runtime: 458.6s; Iterations = 5140, grads =   1.516e-06, unitary_metric = 0.99999
Error = :1.54e-02; Runtime: 460.4s; Iterations = 5160, grads =   5.653e-07, unitary_metric = 0.99999
Error = :1.54e-02; Runtime: 462.1s; Iterations = 5180, grads =   7.485e-08, unitary_metric = 0.99999
Error = :1.54e-02; Runtime: 463.9s; Iterations = 5200, grads =   2.064e-08, unitary_metric = 0.99999
Error = :1.54e-02; Runtime: 465.9s; Iterations = 5220, grads =   1.628e-08, unitary_metric = 0.99999
Error = :1.54e-02; Runtime: 467.7s; Iterations = 5240, grads =   1.752e-08, unitary_metric = 0.99999
Error = :1.54e-02; Runtime: 469.4s; Iterations = 5260, grads =   1.734e-08, unitary_metric = 0.99999
Error = :1.54e-02; Runtime: 471.2s; Iterations = 5280, grads =   3.283e-08, unitary_metric = 0.99999
Error = :1.54e-02; Runtime: 472.9s; Iterations = 5300, grads =   2.022e-06, unitary_metric = 0.99999
Error = :1.54e-02; Runtime: 474.8s; Iterations = 5320, grads =   5.217e-05, unitary_metric = 0.99999
Error = :1.54e-02; Runtime: 476.6s; Iterations = 5340, grads =   1.406e-05, unitary_metric = 0.99999
Error = :1.54e-02; Runtime: 478.3s; Iterations = 5360, grads =   6.265e-06, unitary_metric = 0.99999
Error = :1.54e-02; Runtime: 480.1s; Iterations = 5380, grads =   9.013e-07, unitary_metric = 0.99999
Error = :1.55e-02; Runtime: 481.8s; Iterations = 5400, grads =   1.419e-07, unitary_metric = 0.99999
Error = :1.55e-02; Runtime: 483.7s; Iterations = 5420, grads =   2.076e-08, unitary_metric = 0.99999
Error = :1.55e-02; Runtime: 485.5s; Iterations = 5440, grads =   1.963e-08, unitary_metric = 0.99999
Error = :1.55e-02; Runtime: 487.2s; Iterations = 5460, grads =   1.656e-08, unitary_metric = 0.99999
Error = :1.55e-02; Runtime: 489.0s; Iterations = 5480, grads =   1.866e-08, unitary_metric = 0.99999
Error = :1.55e-02; Runtime: 490.7s; Iterations = 5500, grads =   3.948e-08, unitary_metric = 0.99999
Error = :1.55e-02; Runtime: 492.6s; Iterations = 5520, grads =   1.895e-06, unitary_metric = 0.99999
Error = :1.55e-02; Runtime: 494.4s; Iterations = 5540, grads =   4.067e-06, unitary_metric = 0.99999
Error = :1.55e-02; Runtime: 496.1s; Iterations = 5560, grads =   4.236e-07, unitary_metric = 0.99999
Error = :1.55e-02; Runtime: 497.9s; Iterations = 5580, grads =   5.659e-05, unitary_metric = 0.99999
Error = :1.55e-02; Runtime: 499.6s; Iterations = 5600, grads =   5.297e-06, unitary_metric = 0.99999
Error = :1.55e-02; Runtime: 501.5s; Iterations = 5620, grads =   7.415e-07, unitary_metric = 0.99999
Error = :1.55e-02; Runtime: 503.2s; Iterations = 5640, grads =   2.098e-07, unitary_metric = 0.99999
Error = :1.55e-02; Runtime: 505.0s; Iterations = 5660, grads =   3.733e-08, unitary_metric = 0.99999
Error = :1.56e-02; Runtime: 506.7s; Iterations = 5680, grads =   3.175e-08, unitary_metric = 0.99999
Error = :1.56e-02; Runtime: 508.5s; Iterations = 5700, grads =   2.366e-07, unitary_metric = 0.99999
Error = :1.56e-02; Runtime: 510.4s; Iterations = 5720, grads =   1.835e-05, unitary_metric = 0.99998
Error = :1.56e-02; Runtime: 512.2s; Iterations = 5740, grads =   1.361e-06, unitary_metric = 0.99999
Error = :1.56e-02; Runtime: 513.9s; Iterations = 5760, grads =   1.101e-07, unitary_metric = 0.99999
Error = :1.56e-02; Runtime: 515.7s; Iterations = 5780, grads =   4.504e-08, unitary_metric = 0.99998
Error = :1.56e-02; Runtime: 517.4s; Iterations = 5800, grads =   1.711e-06, unitary_metric = 0.99999
Error = :1.56e-02; Runtime: 519.3s; Iterations = 5820, grads =   5.007e-05, unitary_metric = 0.99999
Error = :1.56e-02; Runtime: 521.1s; Iterations = 5840, grads =   5.941e-06, unitary_metric = 0.99998
Error = :1.56e-02; Runtime: 522.8s; Iterations = 5860, grads =   7.999e-07, unitary_metric = 0.99999
Error = :1.56e-02; Runtime: 524.6s; Iterations = 5880, grads =   8.681e-08, unitary_metric = 0.99999
Error = :1.56e-02; Runtime: 526.3s; Iterations = 5900, grads =   2.116e-08, unitary_metric = 0.99999
Error = :1.56e-02; Runtime: 528.2s; Iterations = 5920, grads =   2.022e-08, unitary_metric = 0.99999
Error = :1.56e-02; Runtime: 530.0s; Iterations = 5940, grads =   2.261e-08, unitary_metric = 0.99999
Error = :1.56e-02; Runtime: 531.7s; Iterations = 5960, grads =   7.234e-07, unitary_metric = 0.99999
Error = :1.56e-02; Runtime: 533.5s; Iterations = 5980, grads =   1.353e-06, unitary_metric = 0.99999
Error = :1.56e-02; Runtime: 535.3s; Iterations = 6000, grads =   4.746e-07, unitary_metric = 0.99999
data saved at: /project/ftchong/qoc/pranav/00009_31_nah_slice_209.h5


trying total_time: 7.5 for unitary of size (16, 16)
data saved at: /project/ftchong/qoc/pranav/00010_31_nah_slice_209.h5
Using 7 Taylor terms and 2 Scaling & Squaring terms
Building graph:
Propagators initialized.
Operators weight initialized.
Intermediate propagation variables initialized.
Intermediate propagators initialized.
Vectors initialized.
Training loss initialized.
Optimizer initialized.
Utilities initialized.
Graph built!
Initialized
Error = :9.35e-01; Runtime: 0.3s; Iterations = 0, grads =   5.266e-03, unitary_metric = 1.00000
Error = :7.20e-01; Runtime: 3.3s; Iterations = 20, grads =   6.072e-03, unitary_metric = 1.00000
Error = :5.67e-01; Runtime: 6.0s; Iterations = 40, grads =   2.914e-03, unitary_metric = 0.99999
Error = :4.04e-01; Runtime: 8.6s; Iterations = 60, grads =   2.362e-03, unitary_metric = 0.99999
Error = :1.49e-01; Runtime: 11.2s; Iterations = 80, grads =   1.542e-02, unitary_metric = 0.99999
Error = :1.48e-02; Runtime: 13.9s; Iterations = 100, grads =   2.988e-03, unitary_metric = 0.99999
Error = :1.74e-03; Runtime: 16.8s; Iterations = 120, grads =   2.329e-03, unitary_metric = 0.99999
Error = :9.95e-04; Runtime: 17.6s; Iterations = 126, grads =   4.016e-04, unitary_metric = 0.99998
data saved at: /project/ftchong/qoc/pranav/00010_31_nah_slice_209.h5


trying total_time: 6.25 for unitary of size (16, 16)
data saved at: /project/ftchong/qoc/pranav/00011_31_nah_slice_209.h5
Using 7 Taylor terms and 2 Scaling & Squaring terms
Building graph:
Propagators initialized.
Operators weight initialized.
Intermediate propagation variables initialized.
Intermediate propagators initialized.
Vectors initialized.
Training loss initialized.
Optimizer initialized.
Utilities initialized.
Graph built!
Initialized
Error = :9.52e-01; Runtime: 0.2s; Iterations = 0, grads =   9.908e-03, unitary_metric = 1.00000
Error = :7.55e-01; Runtime: 2.8s; Iterations = 20, grads =   6.598e-03, unitary_metric = 1.00000
Error = :6.37e-01; Runtime: 5.0s; Iterations = 40, grads =   1.674e-03, unitary_metric = 1.00000
Error = :5.10e-01; Runtime: 7.2s; Iterations = 60, grads =   1.201e-03, unitary_metric = 0.99999
Error = :3.11e-01; Runtime: 9.4s; Iterations = 80, grads =   2.252e-03, unitary_metric = 0.99999
Error = :1.00e-01; Runtime: 11.6s; Iterations = 100, grads =   7.058e-03, unitary_metric = 0.99999
Error = :1.85e-02; Runtime: 14.0s; Iterations = 120, grads =   5.762e-04, unitary_metric = 0.99999
Error = :4.19e-03; Runtime: 16.2s; Iterations = 140, grads =   1.509e-04, unitary_metric = 0.99999
Error = :1.66e-03; Runtime: 18.4s; Iterations = 160, grads =   6.775e-06, unitary_metric = 0.99999
Error = :1.27e-03; Runtime: 20.6s; Iterations = 180, grads =   4.744e-03, unitary_metric = 0.99999
Error = :8.36e-04; Runtime: 21.1s; Iterations = 185, grads =   5.616e-05, unitary_metric = 0.99999
data saved at: /project/ftchong/qoc/pranav/00011_31_nah_slice_209.h5


trying total_time: 5.6 for unitary of size (16, 16)
data saved at: /project/ftchong/qoc/pranav/00012_31_nah_slice_209.h5
Using 7 Taylor terms and 2 Scaling & Squaring terms
Building graph:
Propagators initialized.
Operators weight initialized.
Intermediate propagation variables initialized.
Intermediate propagators initialized.
Vectors initialized.
Training loss initialized.
Optimizer initialized.
Utilities initialized.
Graph built!
Initialized
Error = :9.39e-01; Runtime: 0.2s; Iterations = 0, grads =   2.298e-03, unitary_metric = 1.00000
Error = :7.42e-01; Runtime: 2.5s; Iterations = 20, grads =   4.397e-03, unitary_metric = 1.00000
Error = :6.35e-01; Runtime: 4.5s; Iterations = 40, grads =   2.150e-03, unitary_metric = 1.00000
Error = :5.28e-01; Runtime: 6.4s; Iterations = 60, grads =   6.525e-04, unitary_metric = 0.99999
Error = :4.04e-01; Runtime: 8.4s; Iterations = 80, grads =   1.786e-03, unitary_metric = 0.99999
Error = :1.98e-01; Runtime: 10.3s; Iterations = 100, grads =   8.798e-03, unitary_metric = 0.99999
Error = :6.06e-02; Runtime: 12.5s; Iterations = 120, grads =   1.485e-03, unitary_metric = 0.99999
Error = :1.88e-02; Runtime: 14.5s; Iterations = 140, grads =   4.152e-04, unitary_metric = 0.99999
Error = :8.12e-03; Runtime: 16.4s; Iterations = 160, grads =   7.556e-05, unitary_metric = 0.99999
Error = :4.61e-03; Runtime: 18.4s; Iterations = 180, grads =   1.343e-05, unitary_metric = 0.99999
Error = :3.05e-03; Runtime: 20.3s; Iterations = 200, grads =   4.764e-06, unitary_metric = 0.99999
Error = :2.19e-03; Runtime: 22.6s; Iterations = 220, grads =   2.342e-06, unitary_metric = 0.99999
Error = :1.66e-03; Runtime: 24.6s; Iterations = 240, grads =   1.582e-06, unitary_metric = 0.99999
Error = :1.44e-03; Runtime: 26.5s; Iterations = 260, grads =   1.808e-03, unitary_metric = 0.99999
Error = :1.11e-03; Runtime: 28.5s; Iterations = 280, grads =   9.149e-04, unitary_metric = 0.99999
Error = :9.75e-04; Runtime: 29.1s; Iterations = 286, grads =   2.682e-05, unitary_metric = 0.99999
data saved at: /project/ftchong/qoc/pranav/00012_31_nah_slice_209.h5


trying total_time: 5.3 for unitary of size (16, 16)
data saved at: /project/ftchong/qoc/pranav/00013_31_nah_slice_209.h5
Using 7 Taylor terms and 2 Scaling & Squaring terms
Building graph:
Propagators initialized.
Operators weight initialized.
Intermediate propagation variables initialized.
Intermediate propagators initialized.
Vectors initialized.
Training loss initialized.
Optimizer initialized.
Utilities initialized.
Graph built!
Initialized
Error = :9.54e-01; Runtime: 0.2s; Iterations = 0, grads =   8.185e-03, unitary_metric = 1.00000
Error = :7.59e-01; Runtime: 2.4s; Iterations = 20, grads =   6.130e-03, unitary_metric = 1.00000
Error = :6.26e-01; Runtime: 4.2s; Iterations = 40, grads =   2.188e-03, unitary_metric = 0.99999
Error = :5.28e-01; Runtime: 6.1s; Iterations = 60, grads =   7.040e-04, unitary_metric = 0.99999
Error = :4.18e-01; Runtime: 7.9s; Iterations = 80, grads =   8.039e-04, unitary_metric = 0.99999
Error = :2.95e-01; Runtime: 9.8s; Iterations = 100, grads =   8.342e-04, unitary_metric = 0.99999
Error = :1.76e-01; Runtime: 11.8s; Iterations = 120, grads =   5.509e-04, unitary_metric = 0.99999
Error = :8.93e-02; Runtime: 13.6s; Iterations = 140, grads =   6.269e-03, unitary_metric = 0.99999
Error = :4.36e-02; Runtime: 15.5s; Iterations = 160, grads =   1.071e-03, unitary_metric = 0.99999
Error = :2.53e-02; Runtime: 17.3s; Iterations = 180, grads =   3.852e-04, unitary_metric = 0.99999
Error = :1.69e-02; Runtime: 19.2s; Iterations = 200, grads =   3.728e-05, unitary_metric = 0.99999
Error = :1.23e-02; Runtime: 21.2s; Iterations = 220, grads =   1.538e-05, unitary_metric = 0.99999
Error = :9.54e-03; Runtime: 23.1s; Iterations = 240, grads =   7.352e-06, unitary_metric = 0.99999
Error = :7.77e-03; Runtime: 24.9s; Iterations = 260, grads =   4.742e-06, unitary_metric = 0.99999
Error = :6.59e-03; Runtime: 26.8s; Iterations = 280, grads =   3.243e-06, unitary_metric = 0.99999
Error = :5.77e-03; Runtime: 28.6s; Iterations = 300, grads =   2.446e-06, unitary_metric = 0.99999
Error = :5.16e-03; Runtime: 30.7s; Iterations = 320, grads =   1.749e-05, unitary_metric = 0.99998
Error = :4.73e-03; Runtime: 32.5s; Iterations = 340, grads =   5.373e-04, unitary_metric = 0.99999
Error = :4.32e-03; Runtime: 34.4s; Iterations = 360, grads =   2.640e-05, unitary_metric = 0.99999
Error = :4.57e-03; Runtime: 36.2s; Iterations = 380, grads =   3.674e-03, unitary_metric = 0.99999
Error = :3.80e-03; Runtime: 38.1s; Iterations = 400, grads =   1.736e-04, unitary_metric = 0.99998
Error = :3.56e-03; Runtime: 40.1s; Iterations = 420, grads =   3.684e-05, unitary_metric = 0.99999
Error = :3.38e-03; Runtime: 42.0s; Iterations = 440, grads =   4.980e-06, unitary_metric = 0.99999
Error = :3.22e-03; Runtime: 43.8s; Iterations = 460, grads =   1.534e-06, unitary_metric = 0.99999
Error = :3.08e-03; Runtime: 45.7s; Iterations = 480, grads =   4.725e-07, unitary_metric = 0.99999
Error = :2.96e-03; Runtime: 47.5s; Iterations = 500, grads =   4.077e-07, unitary_metric = 0.99999
Error = :2.85e-03; Runtime: 49.5s; Iterations = 520, grads =   3.470e-07, unitary_metric = 0.99999
Error = :2.75e-03; Runtime: 51.4s; Iterations = 540, grads =   3.088e-07, unitary_metric = 0.99999
Error = :2.66e-03; Runtime: 53.2s; Iterations = 560, grads =   2.791e-07, unitary_metric = 0.99999
Error = :2.57e-03; Runtime: 55.1s; Iterations = 580, grads =   2.604e-07, unitary_metric = 0.99999
Error = :2.49e-03; Runtime: 56.9s; Iterations = 600, grads =   9.008e-07, unitary_metric = 0.99999
Error = :2.81e-03; Runtime: 59.0s; Iterations = 620, grads =   2.760e-03, unitary_metric = 0.99998
Error = :2.41e-03; Runtime: 60.8s; Iterations = 640, grads =   3.817e-04, unitary_metric = 0.99998
Error = :2.30e-03; Runtime: 62.7s; Iterations = 660, grads =   1.515e-04, unitary_metric = 0.99998
Error = :2.23e-03; Runtime: 64.5s; Iterations = 680, grads =   3.041e-05, unitary_metric = 0.99998
Error = :2.17e-03; Runtime: 66.4s; Iterations = 700, grads =   4.153e-06, unitary_metric = 0.99998
Error = :2.12e-03; Runtime: 68.4s; Iterations = 720, grads =   2.161e-07, unitary_metric = 0.99998
Error = :2.06e-03; Runtime: 70.3s; Iterations = 740, grads =   1.604e-07, unitary_metric = 0.99998
Error = :2.01e-03; Runtime: 72.1s; Iterations = 760, grads =   1.491e-07, unitary_metric = 0.99998
Error = :1.97e-03; Runtime: 74.0s; Iterations = 780, grads =   7.039e-07, unitary_metric = 0.99999
Error = :2.07e-03; Runtime: 75.8s; Iterations = 800, grads =   6.952e-04, unitary_metric = 0.99998
Error = :2.24e-03; Runtime: 77.9s; Iterations = 820, grads =   4.078e-03, unitary_metric = 0.99998
Error = :1.87e-03; Runtime: 79.7s; Iterations = 840, grads =   2.921e-04, unitary_metric = 0.99998
Error = :1.81e-03; Runtime: 81.5s; Iterations = 860, grads =   7.957e-07, unitary_metric = 0.99999
Error = :1.77e-03; Runtime: 83.4s; Iterations = 880, grads =   1.189e-06, unitary_metric = 0.99998
Error = :1.74e-03; Runtime: 85.2s; Iterations = 900, grads =   1.349e-07, unitary_metric = 0.99999
Error = :1.71e-03; Runtime: 87.3s; Iterations = 920, grads =   5.065e-06, unitary_metric = 0.99998
Error = :1.70e-03; Runtime: 89.1s; Iterations = 940, grads =   9.553e-05, unitary_metric = 0.99999
Error = :1.67e-03; Runtime: 91.0s; Iterations = 960, grads =   6.516e-05, unitary_metric = 0.99998
Error = :1.64e-03; Runtime: 92.8s; Iterations = 980, grads =   1.261e-05, unitary_metric = 0.99998
Error = :1.62e-03; Runtime: 94.7s; Iterations = 1000, grads =   2.385e-05, unitary_metric = 0.99998
Error = :1.64e-03; Runtime: 96.7s; Iterations = 1020, grads =   2.338e-04, unitary_metric = 0.99998
Error = :1.74e-03; Runtime: 98.6s; Iterations = 1040, grads =   1.985e-03, unitary_metric = 0.99998
Error = :1.57e-03; Runtime: 100.4s; Iterations = 1060, grads =   2.123e-04, unitary_metric = 0.99998
Error = :1.53e-03; Runtime: 102.3s; Iterations = 1080, grads =   1.649e-05, unitary_metric = 0.99998
Error = :1.51e-03; Runtime: 104.1s; Iterations = 1100, grads =   4.983e-06, unitary_metric = 0.99998
Error = :1.50e-03; Runtime: 106.1s; Iterations = 1120, grads =   1.156e-06, unitary_metric = 0.99998
Error = :1.48e-03; Runtime: 108.0s; Iterations = 1140, grads =   1.033e-07, unitary_metric = 0.99998
Error = :1.47e-03; Runtime: 109.9s; Iterations = 1160, grads =   2.533e-06, unitary_metric = 0.99998
Error = :1.55e-03; Runtime: 111.7s; Iterations = 1180, grads =   6.034e-04, unitary_metric = 0.99998
Error = :1.45e-03; Runtime: 113.6s; Iterations = 1200, grads =   9.533e-05, unitary_metric = 0.99998
Error = :1.43e-03; Runtime: 115.6s; Iterations = 1220, grads =   2.235e-05, unitary_metric = 0.99998
Error = :1.41e-03; Runtime: 117.4s; Iterations = 1240, grads =   3.725e-06, unitary_metric = 0.99998
Error = :1.40e-03; Runtime: 119.3s; Iterations = 1260, grads =   1.348e-06, unitary_metric = 0.99998
Error = :1.60e-03; Runtime: 121.2s; Iterations = 1280, grads =   2.391e-03, unitary_metric = 0.99999
Error = :1.39e-03; Runtime: 123.0s; Iterations = 1300, grads =   4.588e-05, unitary_metric = 0.99998
Error = :1.37e-03; Runtime: 125.0s; Iterations = 1320, grads =   3.275e-06, unitary_metric = 0.99998
Error = :1.36e-03; Runtime: 126.9s; Iterations = 1340, grads =   2.005e-06, unitary_metric = 0.99998
Error = :1.35e-03; Runtime: 128.7s; Iterations = 1360, grads =   8.725e-07, unitary_metric = 0.99998
Error = :1.35e-03; Runtime: 130.6s; Iterations = 1380, grads =   7.513e-08, unitary_metric = 0.99998
Error = :1.36e-03; Runtime: 132.4s; Iterations = 1400, grads =   9.253e-05, unitary_metric = 0.99998
Error = :1.43e-03; Runtime: 134.5s; Iterations = 1420, grads =   6.749e-04, unitary_metric = 0.99998
Error = :1.34e-03; Runtime: 136.3s; Iterations = 1440, grads =   1.013e-04, unitary_metric = 0.99998
Error = :1.32e-03; Runtime: 138.2s; Iterations = 1460, grads =   1.845e-06, unitary_metric = 0.99998
Error = :1.31e-03; Runtime: 140.0s; Iterations = 1480, grads =   1.620e-06, unitary_metric = 0.99998
Error = :1.30e-03; Runtime: 141.9s; Iterations = 1500, grads =   3.774e-07, unitary_metric = 0.99998
Error = :1.29e-03; Runtime: 143.9s; Iterations = 1520, grads =   2.955e-06, unitary_metric = 0.99998
Error = :1.38e-03; Runtime: 145.7s; Iterations = 1540, grads =   1.173e-03, unitary_metric = 0.99998
Error = :1.29e-03; Runtime: 147.6s; Iterations = 1560, grads =   1.457e-04, unitary_metric = 0.99998
Error = :1.27e-03; Runtime: 149.5s; Iterations = 1580, grads =   3.045e-05, unitary_metric = 0.99998
Error = :1.26e-03; Runtime: 151.3s; Iterations = 1600, grads =   2.130e-06, unitary_metric = 0.99998
Error = :1.25e-03; Runtime: 153.3s; Iterations = 1620, grads =   9.663e-07, unitary_metric = 0.99999
Error = :1.30e-03; Runtime: 155.2s; Iterations = 1640, grads =   4.424e-04, unitary_metric = 0.99998
Error = :1.25e-03; Runtime: 157.0s; Iterations = 1660, grads =   1.122e-04, unitary_metric = 0.99998
Error = :1.24e-03; Runtime: 158.9s; Iterations = 1680, grads =   4.767e-05, unitary_metric = 0.99998
Error = :1.22e-03; Runtime: 160.8s; Iterations = 1700, grads =   1.404e-05, unitary_metric = 0.99998
Error = :1.22e-03; Runtime: 162.8s; Iterations = 1720, grads =   3.339e-06, unitary_metric = 0.99998
Error = :1.21e-03; Runtime: 164.6s; Iterations = 1740, grads =   1.435e-05, unitary_metric = 0.99998
Error = :1.22e-03; Runtime: 166.5s; Iterations = 1760, grads =   2.674e-04, unitary_metric = 0.99998
Error = :1.20e-03; Runtime: 168.4s; Iterations = 1780, grads =   1.040e-04, unitary_metric = 0.99998
Error = :1.19e-03; Runtime: 170.2s; Iterations = 1800, grads =   1.675e-06, unitary_metric = 0.99998
Error = :1.18e-03; Runtime: 172.2s; Iterations = 1820, grads =   5.261e-06, unitary_metric = 0.99999
Error = :1.21e-03; Runtime: 174.1s; Iterations = 1840, grads =   2.120e-04, unitary_metric = 0.99998
Error = :1.16e-03; Runtime: 175.9s; Iterations = 1860, grads =   1.426e-05, unitary_metric = 0.99999
Error = :1.16e-03; Runtime: 177.8s; Iterations = 1880, grads =   9.733e-05, unitary_metric = 0.99998
Error = :1.14e-03; Runtime: 179.7s; Iterations = 1900, grads =   1.575e-05, unitary_metric = 0.99998
Error = :1.13e-03; Runtime: 181.7s; Iterations = 1920, grads =   6.483e-07, unitary_metric = 0.99998
Error = :1.12e-03; Runtime: 183.6s; Iterations = 1940, grads =   1.135e-07, unitary_metric = 0.99998
Error = :1.11e-03; Runtime: 185.4s; Iterations = 1960, grads =   9.815e-07, unitary_metric = 0.99998
Error = :1.10e-03; Runtime: 187.3s; Iterations = 1980, grads =   1.083e-05, unitary_metric = 0.99998
Error = :1.15e-03; Runtime: 189.1s; Iterations = 2000, grads =   7.111e-04, unitary_metric = 0.99998
Error = :1.11e-03; Runtime: 191.2s; Iterations = 2020, grads =   1.955e-04, unitary_metric = 0.99998
Error = :1.08e-03; Runtime: 193.1s; Iterations = 2040, grads =   2.765e-05, unitary_metric = 0.99998
Error = :1.07e-03; Runtime: 194.9s; Iterations = 2060, grads =   4.425e-06, unitary_metric = 0.99998
Error = :1.06e-03; Runtime: 196.8s; Iterations = 2080, grads =   3.271e-06, unitary_metric = 0.99998
Error = :1.05e-03; Runtime: 198.6s; Iterations = 2100, grads =   1.510e-06, unitary_metric = 0.99998
Error = :1.05e-03; Runtime: 200.6s; Iterations = 2120, grads =   3.042e-07, unitary_metric = 0.99998
Error = :1.04e-03; Runtime: 202.5s; Iterations = 2140, grads =   8.545e-07, unitary_metric = 0.99998
Error = :1.05e-03; Runtime: 204.4s; Iterations = 2160, grads =   1.805e-04, unitary_metric = 0.99998
Error = :1.05e-03; Runtime: 206.2s; Iterations = 2180, grads =   2.554e-04, unitary_metric = 0.99998
Error = :1.03e-03; Runtime: 208.1s; Iterations = 2200, grads =   2.885e-05, unitary_metric = 0.99998
Error = :1.02e-03; Runtime: 210.1s; Iterations = 2220, grads =   1.662e-05, unitary_metric = 0.99998
Error = :1.08e-03; Runtime: 212.0s; Iterations = 2240, grads =   3.717e-04, unitary_metric = 0.99998
Error = :1.02e-03; Runtime: 213.8s; Iterations = 2260, grads =   6.124e-05, unitary_metric = 0.99998
Error = :1.00e-03; Runtime: 215.7s; Iterations = 2280, grads =   2.752e-06, unitary_metric = 0.99998
Error = :9.99e-04; Runtime: 216.8s; Iterations = 2292, grads =   1.036e-06, unitary_metric = 0.99998
data saved at: /project/ftchong/qoc/pranav/00013_31_nah_slice_209.h5


trying total_time: 10.0 for unitary of size (4, 4)
data saved at: /project/ftchong/qoc/pranav/00014_31_nah_slice_209.h5
Using 6 Taylor terms and 1 Scaling & Squaring terms
Building graph:
Propagators initialized.
Operators weight initialized.
Intermediate propagation variables initialized.
Intermediate propagators initialized.
Vectors initialized.
Training loss initialized.
Optimizer initialized.
Utilities initialized.
Graph built!
Initialized
Error = :5.16e-02; Runtime: 0.3s; Iterations = 0, grads =   1.055e+00, unitary_metric = 1.00000
Error = :6.25e-04; Runtime: 1.5s; Iterations = 11, grads =   1.302e-02, unitary_metric = 1.00000
data saved at: /project/ftchong/qoc/pranav/00014_31_nah_slice_209.h5


trying total_time: 5.0 for unitary of size (4, 4)
data saved at: /project/ftchong/qoc/pranav/00015_31_nah_slice_209.h5
Using 6 Taylor terms and 1 Scaling & Squaring terms
Building graph:
Propagators initialized.
Operators weight initialized.
Intermediate propagation variables initialized.
Intermediate propagators initialized.
Vectors initialized.
Training loss initialized.
Optimizer initialized.
Utilities initialized.
Graph built!
Initialized
Error = :1.70e-01; Runtime: 0.1s; Iterations = 0, grads =   1.535e+00, unitary_metric = 1.00000
Error = :1.30e-02; Runtime: 1.1s; Iterations = 20, grads =   1.398e-01, unitary_metric = 1.00000
Error = :2.13e-04; Runtime: 1.2s; Iterations = 23, grads =   2.054e-03, unitary_metric = 1.00000
data saved at: /project/ftchong/qoc/pranav/00015_31_nah_slice_209.h5


trying total_time: 2.5 for unitary of size (4, 4)
data saved at: /project/ftchong/qoc/pranav/00016_31_nah_slice_209.h5
Using 6 Taylor terms and 1 Scaling & Squaring terms
Building graph:
Propagators initialized.
Operators weight initialized.
Intermediate propagation variables initialized.
Intermediate propagators initialized.
Vectors initialized.
Training loss initialized.
Optimizer initialized.
Utilities initialized.
Graph built!
Initialized
Error = :1.26e-01; Runtime: 0.1s; Iterations = 0, grads =   5.812e-01, unitary_metric = 1.00000
Error = :2.54e-04; Runtime: 0.4s; Iterations = 12, grads =   6.753e-04, unitary_metric = 1.00000
data saved at: /project/ftchong/qoc/pranav/00016_31_nah_slice_209.h5


trying total_time: 1.25 for unitary of size (4, 4)
data saved at: /project/ftchong/qoc/pranav/00017_31_nah_slice_209.h5
Using 6 Taylor terms and 1 Scaling & Squaring terms
Building graph:
Propagators initialized.
Operators weight initialized.
Intermediate propagation variables initialized.
Intermediate propagators initialized.
Vectors initialized.
Training loss initialized.
Optimizer initialized.
Utilities initialized.
Graph built!
Initialized
Error = :1.42e-01; Runtime: 0.1s; Iterations = 0, grads =   3.066e-01, unitary_metric = 1.00000
Error = :3.08e-04; Runtime: 0.2s; Iterations = 5, grads =   3.633e-04, unitary_metric = 1.00000
data saved at: /project/ftchong/qoc/pranav/00017_31_nah_slice_209.h5


trying total_time: 0.6 for unitary of size (4, 4)
data saved at: /project/ftchong/qoc/pranav/00018_31_nah_slice_209.h5
Using 7 Taylor terms and 0 Scaling & Squaring terms
Building graph:
Propagators initialized.
Operators weight initialized.
Intermediate propagation variables initialized.
Intermediate propagators initialized.
Vectors initialized.
Training loss initialized.
Optimizer initialized.
Utilities initialized.
Graph built!
Initialized
Error = :1.17e-02; Runtime: 0.0s; Iterations = 0, grads =   1.158e-02, unitary_metric = 1.00000
Error = :8.23e-04; Runtime: 0.2s; Iterations = 11, grads =   8.833e-04, unitary_metric = 1.00000
data saved at: /project/ftchong/qoc/pranav/00018_31_nah_slice_209.h5


trying total_time: 0.3 for unitary of size (4, 4)
data saved at: /project/ftchong/qoc/pranav/00019_31_nah_slice_209.h5
Using 5 Taylor terms and 1 Scaling & Squaring terms
Building graph:
Propagators initialized.
Operators weight initialized.
Intermediate propagation variables initialized.
Intermediate propagators initialized.
Vectors initialized.
Training loss initialized.
Optimizer initialized.
Utilities initialized.
Graph built!
Initialized
Error = :9.61e-02; Runtime: 0.0s; Iterations = 0, grads =   4.529e-02, unitary_metric = 1.00000
Error = :5.04e-03; Runtime: 0.2s; Iterations = 20, grads =   2.789e-03, unitary_metric = 1.00000
Error = :9.82e-04; Runtime: 0.2s; Iterations = 25, grads =   5.259e-04, unitary_metric = 1.00000
data saved at: /project/ftchong/qoc/pranav/00019_31_nah_slice_209.h5




[0.3, 5.3, 0.3]
TIME FOR SLICE IS:
5.3
