Running Block:  263


trying total_time: 10.0 for unitary of size (4, 4)
data saved at: /project/ftchong/qoc/pranav/00000_29_lih_slice_263.h5
Using 6 Taylor terms and 1 Scaling & Squaring terms
Building graph:
Propagators initialized.
Operators weight initialized.
Intermediate propagation variables initialized.
Intermediate propagators initialized.
Vectors initialized.
Training loss initialized.
Optimizer initialized.
Utilities initialized.
Graph built!
Initialized
Error = :4.00e-03; Runtime: 0.3s; Iterations = 0, grads =   8.234e-02, unitary_metric = 1.00000
Error = :1.98e-02; Runtime: 2.0s; Iterations = 20, grads =   4.216e-01, unitary_metric = 1.00000
Error = :2.29e-03; Runtime: 3.3s; Iterations = 40, grads =   4.910e-02, unitary_metric = 1.00000
Error = :7.59e-04; Runtime: 3.8s; Iterations = 47, grads =   1.663e-02, unitary_metric = 1.00000
data saved at: /project/ftchong/qoc/pranav/00000_29_lih_slice_263.h5


trying total_time: 5.0 for unitary of size (4, 4)
data saved at: /project/ftchong/qoc/pranav/00001_29_lih_slice_263.h5
Using 6 Taylor terms and 1 Scaling & Squaring terms
Building graph:
Propagators initialized.
Operators weight initialized.
Intermediate propagation variables initialized.
Intermediate propagators initialized.
Vectors initialized.
Training loss initialized.
Optimizer initialized.
Utilities initialized.
Graph built!
Initialized
Error = :2.64e-02; Runtime: 0.1s; Iterations = 0, grads =   2.558e-01, unitary_metric = 1.00000
Error = :9.42e-04; Runtime: 0.6s; Iterations = 7, grads =   9.594e-03, unitary_metric = 1.00000
data saved at: /project/ftchong/qoc/pranav/00001_29_lih_slice_263.h5


trying total_time: 2.5 for unitary of size (4, 4)
data saved at: /project/ftchong/qoc/pranav/00002_29_lih_slice_263.h5
Using 6 Taylor terms and 1 Scaling & Squaring terms
Building graph:
Propagators initialized.
Operators weight initialized.
Intermediate propagation variables initialized.
Intermediate propagators initialized.
Vectors initialized.
Training loss initialized.
Optimizer initialized.
Utilities initialized.
Graph built!
Initialized
Error = :2.17e-03; Runtime: 0.1s; Iterations = 0, grads =   7.867e-03, unitary_metric = 1.00000
Error = :6.07e-04; Runtime: 0.4s; Iterations = 6, grads =   3.056e-03, unitary_metric = 1.00000
data saved at: /project/ftchong/qoc/pranav/00002_29_lih_slice_263.h5


trying total_time: 1.25 for unitary of size (4, 4)
data saved at: /project/ftchong/qoc/pranav/00003_29_lih_slice_263.h5
Using 6 Taylor terms and 1 Scaling & Squaring terms
Building graph:
Propagators initialized.
Operators weight initialized.
Intermediate propagation variables initialized.
Intermediate propagators initialized.
Vectors initialized.
Training loss initialized.
Optimizer initialized.
Utilities initialized.
Graph built!
Initialized
Error = :1.29e-01; Runtime: 0.1s; Iterations = 0, grads =   2.776e-01, unitary_metric = 1.00000
Error = :8.03e-04; Runtime: 0.3s; Iterations = 19, grads =   8.220e-04, unitary_metric = 1.00000
data saved at: /project/ftchong/qoc/pranav/00003_29_lih_slice_263.h5


trying total_time: 0.6 for unitary of size (4, 4)
data saved at: /project/ftchong/qoc/pranav/00004_29_lih_slice_263.h5
Using 7 Taylor terms and 0 Scaling & Squaring terms
Building graph:
Propagators initialized.
Operators weight initialized.
Intermediate propagation variables initialized.
Intermediate propagators initialized.
Vectors initialized.
Training loss initialized.
Optimizer initialized.
Utilities initialized.
Graph built!
Initialized
Error = :2.75e-01; Runtime: 0.0s; Iterations = 0, grads =   2.268e-01, unitary_metric = 1.00000
Error = :4.52e-03; Runtime: 0.2s; Iterations = 20, grads =   5.417e-03, unitary_metric = 1.00000
Error = :2.43e-03; Runtime: 0.3s; Iterations = 40, grads =   2.987e-03, unitary_metric = 1.00000
Error = :7.89e-04; Runtime: 0.3s; Iterations = 43, grads =   9.736e-04, unitary_metric = 1.00000
data saved at: /project/ftchong/qoc/pranav/00004_29_lih_slice_263.h5


trying total_time: 0.3 for unitary of size (4, 4)
data saved at: /project/ftchong/qoc/pranav/00005_29_lih_slice_263.h5
Using 5 Taylor terms and 1 Scaling & Squaring terms
Building graph:
Propagators initialized.
Operators weight initialized.
Intermediate propagation variables initialized.
Intermediate propagators initialized.
Vectors initialized.
Training loss initialized.
Optimizer initialized.
Utilities initialized.
Graph built!
Initialized
Error = :1.34e-01; Runtime: 0.0s; Iterations = 0, grads =   6.117e-02, unitary_metric = 1.00000
Error = :1.51e-02; Runtime: 0.2s; Iterations = 20, grads =   8.421e-03, unitary_metric = 1.00000
Error = :6.47e-04; Runtime: 0.2s; Iterations = 31, grads =   3.563e-04, unitary_metric = 1.00000
data saved at: /project/ftchong/qoc/pranav/00005_29_lih_slice_263.h5


trying total_time: 40.0 for unitary of size (16, 16)
data saved at: /project/ftchong/qoc/pranav/00006_29_lih_slice_263.h5
Using 5 Taylor terms and 4 Scaling & Squaring terms
Building graph:
Propagators initialized.
Operators weight initialized.
Intermediate propagation variables initialized.
Intermediate propagators initialized.
Vectors initialized.
Training loss initialized.
Optimizer initialized.
Utilities initialized.
Graph built!
Initialized
Error = :7.93e-01; Runtime: 1.3s; Iterations = 0, grads =   7.538e-01, unitary_metric = 1.00027
Error = :6.32e-01; Runtime: 17.7s; Iterations = 20, grads =   1.619e+00, unitary_metric = 1.00031
Error = :2.39e-01; Runtime: 31.7s; Iterations = 40, grads =   8.877e-01, unitary_metric = 1.00022
Error = :1.53e-02; Runtime: 45.8s; Iterations = 60, grads =   1.161e-01, unitary_metric = 1.00020
Error = :2.85e-03; Runtime: 59.9s; Iterations = 80, grads =   4.668e-02, unitary_metric = 1.00020
Error = :3.05e-04; Runtime: 73.9s; Iterations = 100, grads =   1.798e-02, unitary_metric = 1.00021
data saved at: /project/ftchong/qoc/pranav/00006_29_lih_slice_263.h5


trying total_time: 20.0 for unitary of size (16, 16)
data saved at: /project/ftchong/qoc/pranav/00007_29_lih_slice_263.h5
Using 7 Taylor terms and 2 Scaling & Squaring terms
Building graph:
Propagators initialized.
Operators weight initialized.
Intermediate propagation variables initialized.
Intermediate propagators initialized.
Vectors initialized.
Training loss initialized.
Optimizer initialized.
Utilities initialized.
Graph built!
Initialized
Error = :8.14e-01; Runtime: 0.6s; Iterations = 0, grads =   5.221e-01, unitary_metric = 1.00001
Error = :5.43e-01; Runtime: 8.6s; Iterations = 20, grads =   5.312e-01, unitary_metric = 1.00000
Error = :5.05e-01; Runtime: 15.4s; Iterations = 40, grads =   6.637e-02, unitary_metric = 1.00000
Error = :4.99e-01; Runtime: 22.3s; Iterations = 60, grads =   8.997e-03, unitary_metric = 1.00000
Error = :1.36e-01; Runtime: 29.2s; Iterations = 80, grads =   1.030e-01, unitary_metric = 0.99999
Error = :1.55e-02; Runtime: 36.0s; Iterations = 100, grads =   7.230e-02, unitary_metric = 0.99999
Error = :1.99e-03; Runtime: 43.4s; Iterations = 120, grads =   2.671e-02, unitary_metric = 0.99999
Error = :7.94e-04; Runtime: 46.5s; Iterations = 129, grads =   4.606e-03, unitary_metric = 0.99999
data saved at: /project/ftchong/qoc/pranav/00007_29_lih_slice_263.h5


trying total_time: 10.0 for unitary of size (16, 16)
data saved at: /project/ftchong/qoc/pranav/00008_29_lih_slice_263.h5
Using 7 Taylor terms and 2 Scaling & Squaring terms
Building graph:
Propagators initialized.
Operators weight initialized.
Intermediate propagation variables initialized.
Intermediate propagators initialized.
Vectors initialized.
Training loss initialized.
Optimizer initialized.
Utilities initialized.
Graph built!
Initialized
Error = :7.99e-01; Runtime: 0.3s; Iterations = 0, grads =   2.170e-01, unitary_metric = 1.00000
Error = :5.26e-01; Runtime: 4.3s; Iterations = 20, grads =   1.004e-01, unitary_metric = 1.00000
Error = :5.05e-01; Runtime: 7.6s; Iterations = 40, grads =   1.229e-02, unitary_metric = 1.00000
Error = :5.00e-01; Runtime: 11.0s; Iterations = 60, grads =   2.629e-04, unitary_metric = 1.00000
Error = :5.00e-01; Runtime: 14.3s; Iterations = 80, grads =   1.533e-04, unitary_metric = 1.00000
Error = :5.00e-01; Runtime: 17.7s; Iterations = 100, grads =   2.914e-05, unitary_metric = 1.00000
Error = :5.00e-01; Runtime: 21.2s; Iterations = 120, grads =   3.126e-06, unitary_metric = 1.00000
Error = :5.00e-01; Runtime: 24.6s; Iterations = 140, grads =   6.084e-07, unitary_metric = 1.00000
Error = :5.00e-01; Runtime: 27.9s; Iterations = 160, grads =   1.801e-08, unitary_metric = 1.00000
Error = :5.00e-01; Runtime: 31.2s; Iterations = 180, grads =   8.217e-09, unitary_metric = 1.00000
Error = :5.00e-01; Runtime: 34.5s; Iterations = 200, grads =   1.109e-09, unitary_metric = 1.00000
Error = :5.00e-01; Runtime: 38.1s; Iterations = 220, grads =   1.205e-10, unitary_metric = 1.00000
Error = :5.00e-01; Runtime: 41.4s; Iterations = 240, grads =   3.644e-11, unitary_metric = 1.00000
Error = :5.00e-01; Runtime: 44.7s; Iterations = 260, grads =   2.251e-11, unitary_metric = 1.00000
Error = :5.00e-01; Runtime: 48.1s; Iterations = 280, grads =   1.790e-11, unitary_metric = 1.00000
Error = :5.00e-01; Runtime: 51.4s; Iterations = 300, grads =   1.683e-11, unitary_metric = 1.00000
Error = :5.00e-01; Runtime: 55.0s; Iterations = 320, grads =   1.969e-11, unitary_metric = 1.00000
Error = :5.00e-01; Runtime: 58.3s; Iterations = 340, grads =   2.128e-11, unitary_metric = 1.00000
Error = :5.00e-01; Runtime: 61.6s; Iterations = 360, grads =   1.878e-11, unitary_metric = 1.00000
Error = :5.00e-01; Runtime: 65.0s; Iterations = 380, grads =   1.451e-11, unitary_metric = 1.00000
Error = :5.00e-01; Runtime: 68.3s; Iterations = 400, grads =   1.849e-11, unitary_metric = 1.00000
Error = :5.00e-01; Runtime: 71.9s; Iterations = 420, grads =   1.979e-11, unitary_metric = 1.00000
Error = :5.00e-01; Runtime: 75.3s; Iterations = 440, grads =   1.528e-11, unitary_metric = 1.00000
Error = :5.00e-01; Runtime: 78.6s; Iterations = 460, grads =   1.282e-11, unitary_metric = 1.00000
Error = :5.00e-01; Runtime: 81.9s; Iterations = 480, grads =   2.304e-11, unitary_metric = 1.00000
Error = :5.00e-01; Runtime: 85.2s; Iterations = 500, grads =   1.597e-11, unitary_metric = 1.00000
Error = :5.00e-01; Runtime: 88.9s; Iterations = 520, grads =   1.556e-11, unitary_metric = 1.00000
Error = :5.00e-01; Runtime: 92.2s; Iterations = 540, grads =   1.515e-11, unitary_metric = 1.00000
Error = :5.00e-01; Runtime: 95.5s; Iterations = 560, grads =   1.821e-11, unitary_metric = 1.00000
Error = :5.00e-01; Runtime: 98.8s; Iterations = 580, grads =   1.851e-11, unitary_metric = 1.00000
Error = :5.00e-01; Runtime: 102.2s; Iterations = 600, grads =   4.579e-11, unitary_metric = 1.00000
Error = :5.00e-01; Runtime: 105.8s; Iterations = 620, grads =   2.850e-11, unitary_metric = 1.00000
Error = :5.00e-01; Runtime: 109.1s; Iterations = 640, grads =   3.694e-11, unitary_metric = 1.00000
Error = :5.00e-01; Runtime: 112.4s; Iterations = 660, grads =   6.351e-11, unitary_metric = 1.00000
Error = :5.00e-01; Runtime: 115.7s; Iterations = 680, grads =   6.893e-11, unitary_metric = 1.00000
Error = :5.00e-01; Runtime: 119.1s; Iterations = 700, grads =   8.362e-11, unitary_metric = 1.00000
Error = :5.00e-01; Runtime: 122.7s; Iterations = 720, grads =   1.177e-10, unitary_metric = 1.00000
Error = :5.00e-01; Runtime: 126.1s; Iterations = 740, grads =   1.852e-10, unitary_metric = 1.00000
Error = :5.00e-01; Runtime: 129.4s; Iterations = 760, grads =   3.195e-10, unitary_metric = 1.00000
Error = :5.00e-01; Runtime: 132.8s; Iterations = 780, grads =   6.332e-10, unitary_metric = 1.00000
Error = :5.00e-01; Runtime: 136.1s; Iterations = 800, grads =   1.416e-09, unitary_metric = 1.00000
Error = :5.00e-01; Runtime: 139.8s; Iterations = 820, grads =   3.777e-09, unitary_metric = 1.00000
Error = :5.00e-01; Runtime: 143.1s; Iterations = 840, grads =   1.349e-08, unitary_metric = 1.00000
Error = :5.00e-01; Runtime: 146.4s; Iterations = 860, grads =   7.966e-08, unitary_metric = 1.00000
Error = :5.00e-01; Runtime: 149.8s; Iterations = 880, grads =   1.329e-06, unitary_metric = 1.00000
Error = :4.92e-01; Runtime: 153.1s; Iterations = 900, grads =   7.967e-04, unitary_metric = 0.99999
Error = :1.79e-01; Runtime: 156.7s; Iterations = 920, grads =   2.503e+00, unitary_metric = 0.99999
Error = :1.49e-02; Runtime: 160.1s; Iterations = 940, grads =   2.265e-01, unitary_metric = 0.99999
Error = :1.93e-03; Runtime: 163.5s; Iterations = 960, grads =   2.246e-02, unitary_metric = 0.99999
Error = :9.88e-04; Runtime: 163.8s; Iterations = 962, grads =   8.232e-03, unitary_metric = 0.99999
data saved at: /project/ftchong/qoc/pranav/00008_29_lih_slice_263.h5


trying total_time: 5.0 for unitary of size (16, 16)
data saved at: /project/ftchong/qoc/pranav/00009_29_lih_slice_263.h5
Using 7 Taylor terms and 2 Scaling & Squaring terms
Building graph:
Propagators initialized.
Operators weight initialized.
Intermediate propagation variables initialized.
Intermediate propagators initialized.
Vectors initialized.
Training loss initialized.
Optimizer initialized.
Utilities initialized.
Graph built!
Initialized
Error = :7.73e-01; Runtime: 0.2s; Iterations = 0, grads =   5.982e-02, unitary_metric = 1.00000
Error = :6.08e-01; Runtime: 2.2s; Iterations = 20, grads =   1.083e-02, unitary_metric = 1.00000
Error = :5.24e-01; Runtime: 3.8s; Iterations = 40, grads =   2.209e-03, unitary_metric = 1.00000
Error = :5.02e-01; Runtime: 5.5s; Iterations = 60, grads =   3.868e-04, unitary_metric = 1.00000
Error = :5.00e-01; Runtime: 7.1s; Iterations = 80, grads =   1.020e-05, unitary_metric = 1.00000
Error = :5.00e-01; Runtime: 8.8s; Iterations = 100, grads =   5.107e-06, unitary_metric = 1.00000
Error = :5.00e-01; Runtime: 10.6s; Iterations = 120, grads =   9.348e-07, unitary_metric = 1.00000
Error = :5.00e-01; Runtime: 12.3s; Iterations = 140, grads =   5.816e-08, unitary_metric = 1.00000
Error = :5.00e-01; Runtime: 14.0s; Iterations = 160, grads =   1.224e-08, unitary_metric = 1.00000
Error = :5.00e-01; Runtime: 15.6s; Iterations = 180, grads =   3.949e-10, unitary_metric = 1.00000
Error = :5.00e-01; Runtime: 17.3s; Iterations = 200, grads =   1.551e-10, unitary_metric = 1.00000
Error = :5.00e-01; Runtime: 19.1s; Iterations = 220, grads =   4.949e-11, unitary_metric = 1.00000
Error = :5.00e-01; Runtime: 20.8s; Iterations = 240, grads =   2.715e-11, unitary_metric = 1.00000
Error = :5.00e-01; Runtime: 22.5s; Iterations = 260, grads =   2.286e-11, unitary_metric = 1.00000
Error = :5.00e-01; Runtime: 24.1s; Iterations = 280, grads =   1.886e-11, unitary_metric = 1.00000
Error = :5.00e-01; Runtime: 25.8s; Iterations = 300, grads =   1.758e-11, unitary_metric = 1.00000
Error = :5.00e-01; Runtime: 27.6s; Iterations = 320, grads =   1.560e-11, unitary_metric = 1.00000
Error = :5.00e-01; Runtime: 29.3s; Iterations = 340, grads =   1.567e-11, unitary_metric = 1.00000
Error = :5.00e-01; Runtime: 30.9s; Iterations = 360, grads =   1.716e-11, unitary_metric = 1.00000
Error = :5.00e-01; Runtime: 32.6s; Iterations = 380, grads =   1.704e-11, unitary_metric = 1.00000
Error = :5.00e-01; Runtime: 34.2s; Iterations = 400, grads =   1.234e-11, unitary_metric = 1.00000
Error = :5.00e-01; Runtime: 36.1s; Iterations = 420, grads =   1.565e-11, unitary_metric = 1.00000
Error = :5.00e-01; Runtime: 37.7s; Iterations = 440, grads =   1.247e-11, unitary_metric = 1.00000
Error = :5.00e-01; Runtime: 39.4s; Iterations = 460, grads =   1.207e-11, unitary_metric = 1.00000
Error = :5.00e-01; Runtime: 41.0s; Iterations = 480, grads =   1.359e-08, unitary_metric = 1.00000
Error = :5.00e-01; Runtime: 42.7s; Iterations = 500, grads =   1.586e-07, unitary_metric = 1.00000
Error = :5.00e-01; Runtime: 44.5s; Iterations = 520, grads =   1.704e-08, unitary_metric = 1.00000
Error = :5.00e-01; Runtime: 46.2s; Iterations = 540, grads =   9.303e-10, unitary_metric = 1.00000
Error = :5.00e-01; Runtime: 47.8s; Iterations = 560, grads =   2.444e-10, unitary_metric = 1.00000
Error = :5.00e-01; Runtime: 49.5s; Iterations = 580, grads =   5.681e-11, unitary_metric = 1.00000
Error = :5.00e-01; Runtime: 51.1s; Iterations = 600, grads =   1.462e-11, unitary_metric = 1.00000
Error = :5.00e-01; Runtime: 52.9s; Iterations = 620, grads =   1.146e-11, unitary_metric = 1.00000
Error = :5.00e-01; Runtime: 54.6s; Iterations = 640, grads =   1.046e-11, unitary_metric = 1.00000
Error = :5.00e-01; Runtime: 56.2s; Iterations = 660, grads =   1.198e-11, unitary_metric = 1.00000
Error = :5.00e-01; Runtime: 57.9s; Iterations = 680, grads =   1.423e-11, unitary_metric = 1.00000
Error = :5.00e-01; Runtime: 59.6s; Iterations = 700, grads =   1.303e-11, unitary_metric = 0.99999
Error = :5.00e-01; Runtime: 61.4s; Iterations = 720, grads =   1.219e-11, unitary_metric = 1.00000
Error = :5.00e-01; Runtime: 63.0s; Iterations = 740, grads =   1.562e-11, unitary_metric = 1.00000
Error = :5.00e-01; Runtime: 64.7s; Iterations = 760, grads =   1.293e-11, unitary_metric = 0.99999
Error = :5.00e-01; Runtime: 66.4s; Iterations = 780, grads =   1.108e-11, unitary_metric = 1.00000
Error = :5.00e-01; Runtime: 68.1s; Iterations = 800, grads =   1.378e-11, unitary_metric = 0.99999
Error = :5.00e-01; Runtime: 69.9s; Iterations = 820, grads =   1.488e-07, unitary_metric = 1.00000
Error = :5.00e-01; Runtime: 71.5s; Iterations = 840, grads =   7.569e-08, unitary_metric = 0.99999
Error = :5.00e-01; Runtime: 73.2s; Iterations = 860, grads =   7.810e-09, unitary_metric = 0.99999
Error = :5.00e-01; Runtime: 74.9s; Iterations = 880, grads =   1.628e-09, unitary_metric = 0.99999
Error = :5.00e-01; Runtime: 76.5s; Iterations = 900, grads =   1.371e-09, unitary_metric = 1.00000
Error = :5.00e-01; Runtime: 78.3s; Iterations = 920, grads =   2.041e-10, unitary_metric = 1.00000
Error = :5.00e-01; Runtime: 80.0s; Iterations = 940, grads =   6.057e-11, unitary_metric = 1.00000
Error = :5.00e-01; Runtime: 81.7s; Iterations = 960, grads =   4.779e-11, unitary_metric = 1.00000
Error = :5.00e-01; Runtime: 83.4s; Iterations = 980, grads =   7.131e-08, unitary_metric = 1.00000
Error = :5.00e-01; Runtime: 85.1s; Iterations = 1000, grads =   1.752e-08, unitary_metric = 0.99999
Error = :5.00e-01; Runtime: 86.9s; Iterations = 1020, grads =   6.963e-09, unitary_metric = 1.00000
Error = :5.00e-01; Runtime: 88.6s; Iterations = 1040, grads =   1.886e-10, unitary_metric = 1.00000
Error = :5.00e-01; Runtime: 90.3s; Iterations = 1060, grads =   5.374e-11, unitary_metric = 1.00000
Error = :5.00e-01; Runtime: 91.9s; Iterations = 1080, grads =   3.992e-11, unitary_metric = 1.00000
Error = :5.00e-01; Runtime: 93.6s; Iterations = 1100, grads =   3.096e-11, unitary_metric = 1.00000
Error = :5.00e-01; Runtime: 95.4s; Iterations = 1120, grads =   4.270e-11, unitary_metric = 1.00000
Error = :5.00e-01; Runtime: 97.1s; Iterations = 1140, grads =   1.199e-09, unitary_metric = 1.00000
Error = :5.00e-01; Runtime: 98.8s; Iterations = 1160, grads =   7.270e-08, unitary_metric = 1.00000
Error = :5.00e-01; Runtime: 100.5s; Iterations = 1180, grads =   1.596e-08, unitary_metric = 1.00000
Error = :5.00e-01; Runtime: 102.1s; Iterations = 1200, grads =   3.521e-09, unitary_metric = 1.00000
Error = :5.00e-01; Runtime: 104.0s; Iterations = 1220, grads =   2.381e-09, unitary_metric = 1.00000
Error = :5.00e-01; Runtime: 105.7s; Iterations = 1240, grads =   4.308e-10, unitary_metric = 1.00000
Error = :5.00e-01; Runtime: 107.3s; Iterations = 1260, grads =   3.232e-10, unitary_metric = 1.00000
Error = :5.00e-01; Runtime: 109.0s; Iterations = 1280, grads =   1.132e-08, unitary_metric = 1.00000
Error = :5.00e-01; Runtime: 110.6s; Iterations = 1300, grads =   2.132e-09, unitary_metric = 1.00000
Error = :5.00e-01; Runtime: 112.5s; Iterations = 1320, grads =   9.172e-09, unitary_metric = 1.00000
Error = :5.00e-01; Runtime: 114.1s; Iterations = 1340, grads =   2.389e-09, unitary_metric = 1.00000
Error = :5.00e-01; Runtime: 115.8s; Iterations = 1360, grads =   3.023e-09, unitary_metric = 1.00000
Error = :5.00e-01; Runtime: 117.5s; Iterations = 1380, grads =   1.666e-08, unitary_metric = 1.00000
Error = :5.00e-01; Runtime: 119.1s; Iterations = 1400, grads =   7.637e-06, unitary_metric = 1.00000
Error = :5.00e-01; Runtime: 121.0s; Iterations = 1420, grads =   1.136e-04, unitary_metric = 1.00000
Error = :5.00e-01; Runtime: 122.6s; Iterations = 1440, grads =   1.847e-06, unitary_metric = 1.00000
Error = :4.98e-01; Runtime: 124.3s; Iterations = 1460, grads =   4.085e-05, unitary_metric = 0.99999
Error = :3.04e-01; Runtime: 125.9s; Iterations = 1480, grads =   1.096e-02, unitary_metric = 0.99999
Error = :7.50e-02; Runtime: 127.6s; Iterations = 1500, grads =   1.346e-03, unitary_metric = 0.99999
Error = :3.66e-02; Runtime: 129.4s; Iterations = 1520, grads =   2.975e-03, unitary_metric = 0.99999
Error = :2.92e-02; Runtime: 131.1s; Iterations = 1540, grads =   1.730e-04, unitary_metric = 0.99999
Error = :2.62e-02; Runtime: 132.8s; Iterations = 1560, grads =   1.188e-04, unitary_metric = 0.99999
Error = :2.43e-02; Runtime: 134.4s; Iterations = 1580, grads =   9.075e-06, unitary_metric = 0.99999
Error = :2.30e-02; Runtime: 136.1s; Iterations = 1600, grads =   3.914e-06, unitary_metric = 0.99999
Error = :2.21e-02; Runtime: 137.9s; Iterations = 1620, grads =   2.461e-06, unitary_metric = 0.99999
Error = :2.14e-02; Runtime: 139.6s; Iterations = 1640, grads =   1.877e-06, unitary_metric = 0.99999
Error = :2.08e-02; Runtime: 141.2s; Iterations = 1660, grads =   1.574e-06, unitary_metric = 0.99999
Error = :2.04e-02; Runtime: 142.9s; Iterations = 1680, grads =   1.361e-06, unitary_metric = 0.99999
Error = :1.99e-02; Runtime: 144.5s; Iterations = 1700, grads =   1.201e-06, unitary_metric = 0.99999
Error = :1.96e-02; Runtime: 146.4s; Iterations = 1720, grads =   1.075e-06, unitary_metric = 0.99999
Error = :1.92e-02; Runtime: 148.0s; Iterations = 1740, grads =   9.708e-07, unitary_metric = 0.99998
Error = :1.89e-02; Runtime: 149.7s; Iterations = 1760, grads =   8.807e-07, unitary_metric = 0.99999
Error = :1.86e-02; Runtime: 151.3s; Iterations = 1780, grads =   8.020e-07, unitary_metric = 0.99999
Error = :1.84e-02; Runtime: 153.0s; Iterations = 1800, grads =   7.312e-07, unitary_metric = 0.99999
Error = :1.81e-02; Runtime: 155.0s; Iterations = 1820, grads =   6.664e-07, unitary_metric = 0.99999
Error = :1.79e-02; Runtime: 156.7s; Iterations = 1840, grads =   6.080e-07, unitary_metric = 0.99999
Error = :1.76e-02; Runtime: 158.3s; Iterations = 1860, grads =   5.556e-07, unitary_metric = 0.99999
Error = :1.74e-02; Runtime: 160.0s; Iterations = 1880, grads =   5.092e-07, unitary_metric = 0.99999
Error = :1.72e-02; Runtime: 161.6s; Iterations = 1900, grads =   4.683e-07, unitary_metric = 0.99999
Error = :1.71e-02; Runtime: 163.4s; Iterations = 1920, grads =   4.343e-07, unitary_metric = 0.99999
Error = :1.69e-02; Runtime: 165.1s; Iterations = 1940, grads =   4.099e-07, unitary_metric = 0.99999
Error = :1.68e-02; Runtime: 166.8s; Iterations = 1960, grads =   4.146e-07, unitary_metric = 0.99999
Error = :1.68e-02; Runtime: 168.4s; Iterations = 1980, grads =   4.987e-07, unitary_metric = 0.99998
Error = :1.68e-02; Runtime: 170.1s; Iterations = 2000, grads =   6.986e-07, unitary_metric = 0.99999
Error = :1.67e-02; Runtime: 171.9s; Iterations = 2020, grads =   8.841e-07, unitary_metric = 0.99999
Error = :1.65e-02; Runtime: 173.6s; Iterations = 2040, grads =   8.633e-07, unitary_metric = 0.99999
Error = :1.63e-02; Runtime: 175.2s; Iterations = 2060, grads =   7.031e-07, unitary_metric = 0.99998
Error = :1.61e-02; Runtime: 176.9s; Iterations = 2080, grads =   5.606e-07, unitary_metric = 0.99999
Error = :1.60e-02; Runtime: 178.5s; Iterations = 2100, grads =   4.752e-07, unitary_metric = 0.99999
Error = :1.58e-02; Runtime: 180.4s; Iterations = 2120, grads =   5.365e-07, unitary_metric = 0.99998
Error = :1.57e-02; Runtime: 182.0s; Iterations = 2140, grads =   3.696e-07, unitary_metric = 0.99998
Error = :1.56e-02; Runtime: 183.7s; Iterations = 2160, grads =   3.325e-07, unitary_metric = 0.99999
Error = :1.55e-02; Runtime: 185.4s; Iterations = 2180, grads =   3.053e-07, unitary_metric = 0.99999
Error = :1.54e-02; Runtime: 187.0s; Iterations = 2200, grads =   2.826e-07, unitary_metric = 0.99999
Error = :1.53e-02; Runtime: 188.8s; Iterations = 2220, grads =   2.635e-07, unitary_metric = 0.99999
Error = :1.52e-02; Runtime: 190.5s; Iterations = 2240, grads =   2.461e-07, unitary_metric = 0.99999
Error = :1.51e-02; Runtime: 192.1s; Iterations = 2260, grads =   2.305e-07, unitary_metric = 0.99999
Error = :1.50e-02; Runtime: 193.8s; Iterations = 2280, grads =   2.162e-07, unitary_metric = 0.99999
Error = :1.49e-02; Runtime: 195.4s; Iterations = 2300, grads =   2.032e-07, unitary_metric = 0.99999
Error = :1.49e-02; Runtime: 197.3s; Iterations = 2320, grads =   1.912e-07, unitary_metric = 0.99999
Error = :1.48e-02; Runtime: 198.9s; Iterations = 2340, grads =   1.800e-07, unitary_metric = 0.99999
Error = :1.47e-02; Runtime: 200.6s; Iterations = 2360, grads =   1.699e-07, unitary_metric = 0.99999
Error = :1.47e-02; Runtime: 202.2s; Iterations = 2380, grads =   1.605e-07, unitary_metric = 0.99999
Error = :1.46e-02; Runtime: 203.9s; Iterations = 2400, grads =   1.517e-07, unitary_metric = 0.99999
Error = :1.46e-02; Runtime: 205.7s; Iterations = 2420, grads =   1.439e-07, unitary_metric = 0.99998
Error = :1.45e-02; Runtime: 207.4s; Iterations = 2440, grads =   1.369e-07, unitary_metric = 0.99998
Error = :1.45e-02; Runtime: 209.0s; Iterations = 2460, grads =   4.289e-07, unitary_metric = 0.99998
Error = :1.44e-02; Runtime: 210.7s; Iterations = 2480, grads =   1.537e-07, unitary_metric = 0.99998
Error = :1.44e-02; Runtime: 212.3s; Iterations = 2500, grads =   1.211e-07, unitary_metric = 0.99999
Error = :1.44e-02; Runtime: 214.2s; Iterations = 2520, grads =   1.128e-07, unitary_metric = 0.99999
Error = :1.43e-02; Runtime: 215.8s; Iterations = 2540, grads =   1.078e-07, unitary_metric = 0.99999
Error = :1.43e-02; Runtime: 217.5s; Iterations = 2560, grads =   1.034e-07, unitary_metric = 0.99999
Error = :1.43e-02; Runtime: 219.1s; Iterations = 2580, grads =   9.916e-08, unitary_metric = 0.99999
Error = :1.42e-02; Runtime: 220.8s; Iterations = 2600, grads =   9.639e-08, unitary_metric = 0.99999
Error = :1.42e-02; Runtime: 222.6s; Iterations = 2620, grads =   9.201e-08, unitary_metric = 0.99999
Error = :1.42e-02; Runtime: 224.3s; Iterations = 2640, grads =   8.855e-08, unitary_metric = 0.99999
Error = :1.41e-02; Runtime: 225.9s; Iterations = 2660, grads =   8.543e-08, unitary_metric = 0.99999
Error = :1.41e-02; Runtime: 227.6s; Iterations = 2680, grads =   8.284e-08, unitary_metric = 0.99998
Error = :1.41e-02; Runtime: 229.3s; Iterations = 2700, grads =   8.047e-08, unitary_metric = 0.99999
Error = :1.40e-02; Runtime: 231.1s; Iterations = 2720, grads =   7.865e-08, unitary_metric = 0.99998
Error = :1.40e-02; Runtime: 232.8s; Iterations = 2740, grads =   7.728e-08, unitary_metric = 0.99998
Error = :1.40e-02; Runtime: 234.4s; Iterations = 2760, grads =   7.617e-08, unitary_metric = 0.99998
Error = :1.39e-02; Runtime: 236.1s; Iterations = 2780, grads =   9.846e-08, unitary_metric = 0.99998
Error = :1.39e-02; Runtime: 237.8s; Iterations = 2800, grads =   1.298e-07, unitary_metric = 0.99998
Error = :1.39e-02; Runtime: 239.6s; Iterations = 2820, grads =   8.173e-08, unitary_metric = 0.99998
Error = :1.39e-02; Runtime: 241.2s; Iterations = 2840, grads =   7.017e-08, unitary_metric = 0.99999
Error = :1.38e-02; Runtime: 242.9s; Iterations = 2860, grads =   6.798e-08, unitary_metric = 0.99998
Error = :1.38e-02; Runtime: 244.6s; Iterations = 2880, grads =   6.586e-08, unitary_metric = 0.99998
Error = :1.38e-02; Runtime: 246.2s; Iterations = 2900, grads =   6.375e-08, unitary_metric = 0.99999
Error = :1.38e-02; Runtime: 248.0s; Iterations = 2920, grads =   6.165e-08, unitary_metric = 0.99999
Error = :1.37e-02; Runtime: 249.7s; Iterations = 2940, grads =   5.957e-08, unitary_metric = 0.99998
Error = :1.37e-02; Runtime: 251.4s; Iterations = 2960, grads =   5.754e-08, unitary_metric = 0.99999
Error = :1.37e-02; Runtime: 253.0s; Iterations = 2980, grads =   5.564e-08, unitary_metric = 0.99999
Error = :1.37e-02; Runtime: 254.7s; Iterations = 3000, grads =   5.376e-08, unitary_metric = 0.99998
Error = :1.37e-02; Runtime: 256.5s; Iterations = 3020, grads =   5.212e-08, unitary_metric = 0.99998
Error = :1.36e-02; Runtime: 258.2s; Iterations = 3040, grads =   5.036e-08, unitary_metric = 0.99999
Error = :1.36e-02; Runtime: 259.8s; Iterations = 3060, grads =   4.873e-08, unitary_metric = 0.99998
Error = :1.36e-02; Runtime: 261.5s; Iterations = 3080, grads =   4.712e-08, unitary_metric = 0.99998
Error = :1.36e-02; Runtime: 263.1s; Iterations = 3100, grads =   4.570e-08, unitary_metric = 0.99998
Error = :1.36e-02; Runtime: 265.0s; Iterations = 3120, grads =   4.567e-08, unitary_metric = 0.99998
Error = :1.36e-02; Runtime: 266.6s; Iterations = 3140, grads =   1.451e-07, unitary_metric = 0.99999
Error = :1.36e-02; Runtime: 268.3s; Iterations = 3160, grads =   5.394e-08, unitary_metric = 0.99998
Error = :1.35e-02; Runtime: 269.9s; Iterations = 3180, grads =   4.275e-08, unitary_metric = 0.99998
Error = :1.35e-02; Runtime: 271.6s; Iterations = 3200, grads =   3.960e-08, unitary_metric = 0.99998
Error = :1.35e-02; Runtime: 273.5s; Iterations = 3220, grads =   3.891e-08, unitary_metric = 0.99998
Error = :1.35e-02; Runtime: 275.1s; Iterations = 3240, grads =   4.731e-08, unitary_metric = 0.99998
Error = :1.35e-02; Runtime: 276.8s; Iterations = 3260, grads =   2.027e-06, unitary_metric = 0.99999
Error = :1.35e-02; Runtime: 278.4s; Iterations = 3280, grads =   5.350e-07, unitary_metric = 0.99998
Error = :1.35e-02; Runtime: 280.1s; Iterations = 3300, grads =   8.326e-08, unitary_metric = 0.99999
Error = :1.35e-02; Runtime: 281.9s; Iterations = 3320, grads =   9.955e-08, unitary_metric = 0.99998
Error = :1.35e-02; Runtime: 283.6s; Iterations = 3340, grads =   3.778e-08, unitary_metric = 0.99998
Error = :1.35e-02; Runtime: 285.2s; Iterations = 3360, grads =   3.231e-08, unitary_metric = 0.99998
Error = :1.34e-02; Runtime: 286.9s; Iterations = 3380, grads =   1.048e-07, unitary_metric = 0.99999
Error = :1.34e-02; Runtime: 288.5s; Iterations = 3400, grads =   3.055e-08, unitary_metric = 0.99998
Error = :1.34e-02; Runtime: 290.4s; Iterations = 3420, grads =   2.993e-08, unitary_metric = 0.99999
Error = :1.34e-02; Runtime: 292.0s; Iterations = 3440, grads =   2.949e-08, unitary_metric = 0.99998
Error = :1.34e-02; Runtime: 293.7s; Iterations = 3460, grads =   2.869e-08, unitary_metric = 0.99998
Error = :1.34e-02; Runtime: 295.3s; Iterations = 3480, grads =   2.779e-08, unitary_metric = 0.99998
Error = :1.34e-02; Runtime: 297.0s; Iterations = 3500, grads =   2.999e-08, unitary_metric = 0.99998
Error = :1.34e-02; Runtime: 298.8s; Iterations = 3520, grads =   1.271e-07, unitary_metric = 0.99998
Error = :1.34e-02; Runtime: 300.5s; Iterations = 3540, grads =   2.335e-05, unitary_metric = 0.99999
Error = :1.34e-02; Runtime: 302.1s; Iterations = 3560, grads =   2.036e-06, unitary_metric = 0.99998
Error = :1.34e-02; Runtime: 303.8s; Iterations = 3580, grads =   2.084e-07, unitary_metric = 0.99998
Error = :1.34e-02; Runtime: 305.4s; Iterations = 3600, grads =   1.148e-07, unitary_metric = 0.99998
Error = :1.34e-02; Runtime: 307.3s; Iterations = 3620, grads =   5.073e-08, unitary_metric = 0.99999
Error = :1.33e-02; Runtime: 308.9s; Iterations = 3640, grads =   2.662e-08, unitary_metric = 0.99998
Error = :1.33e-02; Runtime: 310.6s; Iterations = 3660, grads =   2.447e-08, unitary_metric = 0.99998
Error = :1.33e-02; Runtime: 312.3s; Iterations = 3680, grads =   2.469e-08, unitary_metric = 0.99998
Error = :1.33e-02; Runtime: 313.9s; Iterations = 3700, grads =   2.396e-08, unitary_metric = 0.99998
Error = :1.33e-02; Runtime: 315.7s; Iterations = 3720, grads =   2.392e-08, unitary_metric = 0.99999
Error = :1.33e-02; Runtime: 317.4s; Iterations = 3740, grads =   2.395e-08, unitary_metric = 0.99999
Error = :1.33e-02; Runtime: 319.0s; Iterations = 3760, grads =   2.507e-08, unitary_metric = 0.99998
Error = :1.33e-02; Runtime: 320.7s; Iterations = 3780, grads =   1.014e-07, unitary_metric = 0.99998
Error = :1.33e-02; Runtime: 322.3s; Iterations = 3800, grads =   2.306e-05, unitary_metric = 0.99998
Error = :1.33e-02; Runtime: 324.2s; Iterations = 3820, grads =   5.262e-07, unitary_metric = 0.99998
Error = :1.33e-02; Runtime: 325.8s; Iterations = 3840, grads =   2.845e-08, unitary_metric = 0.99998
Error = :1.33e-02; Runtime: 327.5s; Iterations = 3860, grads =   2.948e-08, unitary_metric = 0.99998
Error = :1.33e-02; Runtime: 329.2s; Iterations = 3880, grads =   3.621e-08, unitary_metric = 0.99998
Error = :1.33e-02; Runtime: 330.8s; Iterations = 3900, grads =   3.631e-08, unitary_metric = 0.99998
Error = :1.33e-02; Runtime: 332.6s; Iterations = 3920, grads =   3.827e-08, unitary_metric = 0.99998
Error = :1.33e-02; Runtime: 334.3s; Iterations = 3940, grads =   4.230e-08, unitary_metric = 0.99998
Error = :1.33e-02; Runtime: 336.0s; Iterations = 3960, grads =   4.641e-08, unitary_metric = 0.99999
Error = :1.33e-02; Runtime: 337.6s; Iterations = 3980, grads =   5.064e-08, unitary_metric = 0.99998
Error = :1.33e-02; Runtime: 339.3s; Iterations = 4000, grads =   7.400e-08, unitary_metric = 0.99998
Error = :1.33e-02; Runtime: 341.1s; Iterations = 4020, grads =   8.801e-08, unitary_metric = 0.99998
Error = :1.33e-02; Runtime: 342.8s; Iterations = 4040, grads =   6.289e-07, unitary_metric = 0.99998
Error = :1.33e-02; Runtime: 344.4s; Iterations = 4060, grads =   1.820e-05, unitary_metric = 0.99998
Error = :1.33e-02; Runtime: 346.1s; Iterations = 4080, grads =   6.260e-08, unitary_metric = 0.99998
Error = :1.32e-02; Runtime: 347.7s; Iterations = 4100, grads =   3.062e-07, unitary_metric = 0.99998
Error = :1.32e-02; Runtime: 349.6s; Iterations = 4120, grads =   5.071e-08, unitary_metric = 0.99998
Error = :1.32e-02; Runtime: 351.2s; Iterations = 4140, grads =   4.867e-08, unitary_metric = 0.99998
Error = :1.32e-02; Runtime: 352.9s; Iterations = 4160, grads =   4.522e-08, unitary_metric = 0.99998
Error = :1.32e-02; Runtime: 354.5s; Iterations = 4180, grads =   4.269e-08, unitary_metric = 0.99998
Error = :1.32e-02; Runtime: 356.2s; Iterations = 4200, grads =   4.131e-08, unitary_metric = 0.99998
Error = :1.32e-02; Runtime: 358.0s; Iterations = 4220, grads =   4.837e-08, unitary_metric = 0.99998
Error = :1.32e-02; Runtime: 359.7s; Iterations = 4240, grads =   8.160e-07, unitary_metric = 0.99998
Error = :1.32e-02; Runtime: 361.4s; Iterations = 4260, grads =   9.181e-06, unitary_metric = 0.99998
Error = :1.31e-02; Runtime: 363.0s; Iterations = 4280, grads =   1.895e-06, unitary_metric = 0.99998
Error = :1.31e-02; Runtime: 364.7s; Iterations = 4300, grads =   2.622e-07, unitary_metric = 0.99998
Error = :1.31e-02; Runtime: 366.5s; Iterations = 4320, grads =   2.913e-07, unitary_metric = 0.99998
Error = :1.31e-02; Runtime: 368.2s; Iterations = 4340, grads =   4.629e-05, unitary_metric = 0.99998
Error = :1.31e-02; Runtime: 369.9s; Iterations = 4360, grads =   1.296e-05, unitary_metric = 0.99998
Error = :1.31e-02; Runtime: 371.5s; Iterations = 4380, grads =   2.184e-06, unitary_metric = 0.99998
Error = :1.31e-02; Runtime: 373.2s; Iterations = 4400, grads =   3.617e-07, unitary_metric = 0.99998
Error = :1.31e-02; Runtime: 375.0s; Iterations = 4420, grads =   3.641e-08, unitary_metric = 0.99998
Error = :1.31e-02; Runtime: 376.7s; Iterations = 4440, grads =   3.675e-08, unitary_metric = 0.99998
Error = :1.31e-02; Runtime: 378.3s; Iterations = 4460, grads =   1.883e-07, unitary_metric = 0.99998
Error = :1.31e-02; Runtime: 380.0s; Iterations = 4480, grads =   1.189e-05, unitary_metric = 0.99998
Error = :1.31e-02; Runtime: 381.7s; Iterations = 4500, grads =   2.478e-06, unitary_metric = 0.99998
Error = :1.31e-02; Runtime: 383.5s; Iterations = 4520, grads =   2.144e-07, unitary_metric = 0.99998
Error = :1.31e-02; Runtime: 385.2s; Iterations = 4540, grads =   1.058e-07, unitary_metric = 0.99998
Error = :1.30e-02; Runtime: 386.8s; Iterations = 4560, grads =   2.806e-06, unitary_metric = 0.99998
Error = :1.30e-02; Runtime: 388.5s; Iterations = 4580, grads =   3.189e-05, unitary_metric = 0.99998
Error = :1.30e-02; Runtime: 390.2s; Iterations = 4600, grads =   4.349e-06, unitary_metric = 0.99998
Error = :1.30e-02; Runtime: 392.0s; Iterations = 4620, grads =   3.454e-08, unitary_metric = 0.99998
Error = :1.30e-02; Runtime: 393.6s; Iterations = 4640, grads =   1.502e-07, unitary_metric = 0.99998
Error = :1.30e-02; Runtime: 395.3s; Iterations = 4660, grads =   8.384e-07, unitary_metric = 0.99998
Error = :1.30e-02; Runtime: 397.0s; Iterations = 4680, grads =   7.606e-06, unitary_metric = 0.99998
Error = :1.30e-02; Runtime: 398.7s; Iterations = 4700, grads =   4.319e-07, unitary_metric = 0.99998
Error = :1.30e-02; Runtime: 400.5s; Iterations = 4720, grads =   1.362e-07, unitary_metric = 0.99998
Error = :1.30e-02; Runtime: 402.2s; Iterations = 4740, grads =   6.213e-08, unitary_metric = 0.99998
Error = :1.30e-02; Runtime: 403.8s; Iterations = 4760, grads =   2.350e-06, unitary_metric = 0.99998
Error = :1.30e-02; Runtime: 405.5s; Iterations = 4780, grads =   3.018e-05, unitary_metric = 0.99998
Error = :1.30e-02; Runtime: 407.2s; Iterations = 4800, grads =   3.422e-06, unitary_metric = 0.99998
Error = :1.30e-02; Runtime: 409.0s; Iterations = 4820, grads =   2.456e-08, unitary_metric = 0.99998
Error = :1.30e-02; Runtime: 410.6s; Iterations = 4840, grads =   1.036e-07, unitary_metric = 0.99998
Error = :1.30e-02; Runtime: 412.3s; Iterations = 4860, grads =   2.442e-06, unitary_metric = 0.99998
Error = :1.30e-02; Runtime: 414.0s; Iterations = 4880, grads =   1.360e-06, unitary_metric = 0.99998
Error = :1.30e-02; Runtime: 415.6s; Iterations = 4900, grads =   1.114e-07, unitary_metric = 0.99998
Error = :1.30e-02; Runtime: 417.4s; Iterations = 4920, grads =   9.941e-08, unitary_metric = 0.99999
Error = :1.30e-02; Runtime: 419.1s; Iterations = 4940, grads =   3.194e-08, unitary_metric = 0.99998
Error = :1.30e-02; Runtime: 420.8s; Iterations = 4960, grads =   2.271e-07, unitary_metric = 0.99998
Error = :1.30e-02; Runtime: 422.4s; Iterations = 4980, grads =   4.054e-05, unitary_metric = 0.99998
Error = :1.30e-02; Runtime: 424.1s; Iterations = 5000, grads =   2.680e-06, unitary_metric = 0.99998
Error = :1.29e-02; Runtime: 425.9s; Iterations = 5020, grads =   5.323e-07, unitary_metric = 0.99999
Error = :1.29e-02; Runtime: 427.6s; Iterations = 5040, grads =   1.744e-07, unitary_metric = 0.99998
Error = :1.29e-02; Runtime: 429.2s; Iterations = 5060, grads =   7.214e-08, unitary_metric = 0.99998
Error = :1.29e-02; Runtime: 430.9s; Iterations = 5080, grads =   1.219e-06, unitary_metric = 0.99998
Error = :1.29e-02; Runtime: 432.5s; Iterations = 5100, grads =   4.530e-06, unitary_metric = 0.99998
Error = :1.29e-02; Runtime: 434.4s; Iterations = 5120, grads =   6.077e-07, unitary_metric = 0.99998
Error = :1.29e-02; Runtime: 436.0s; Iterations = 5140, grads =   1.182e-07, unitary_metric = 0.99998
Error = :1.29e-02; Runtime: 437.7s; Iterations = 5160, grads =   1.649e-08, unitary_metric = 0.99998
Error = :1.29e-02; Runtime: 439.3s; Iterations = 5180, grads =   2.663e-08, unitary_metric = 0.99998
Error = :1.29e-02; Runtime: 441.0s; Iterations = 5200, grads =   2.395e-07, unitary_metric = 0.99998
Error = :1.29e-02; Runtime: 443.2s; Iterations = 5220, grads =   2.664e-05, unitary_metric = 0.99998
Error = :1.29e-02; Runtime: 444.9s; Iterations = 5240, grads =   7.297e-06, unitary_metric = 0.99999
Error = :1.29e-02; Runtime: 446.5s; Iterations = 5260, grads =   5.971e-06, unitary_metric = 0.99998
Error = :1.29e-02; Runtime: 448.2s; Iterations = 5280, grads =   4.569e-07, unitary_metric = 0.99998
Error = :1.29e-02; Runtime: 449.8s; Iterations = 5300, grads =   2.081e-07, unitary_metric = 0.99998
Error = :1.29e-02; Runtime: 451.8s; Iterations = 5320, grads =   3.114e-08, unitary_metric = 0.99998
Error = :1.29e-02; Runtime: 453.4s; Iterations = 5340, grads =   3.191e-08, unitary_metric = 0.99998
Error = :1.29e-02; Runtime: 455.1s; Iterations = 5360, grads =   4.787e-08, unitary_metric = 0.99998
Error = :1.29e-02; Runtime: 456.8s; Iterations = 5380, grads =   3.946e-07, unitary_metric = 0.99998
Error = :1.29e-02; Runtime: 458.4s; Iterations = 5400, grads =   9.988e-06, unitary_metric = 0.99998
Error = :1.29e-02; Runtime: 460.2s; Iterations = 5420, grads =   7.706e-06, unitary_metric = 0.99998
Error = :1.29e-02; Runtime: 461.9s; Iterations = 5440, grads =   5.555e-07, unitary_metric = 0.99999
Error = :1.29e-02; Runtime: 463.5s; Iterations = 5460, grads =   1.268e-06, unitary_metric = 0.99998
Error = :1.29e-02; Runtime: 465.2s; Iterations = 5480, grads =   2.712e-08, unitary_metric = 0.99998
Error = :1.29e-02; Runtime: 466.9s; Iterations = 5500, grads =   1.663e-08, unitary_metric = 0.99998
Error = :1.29e-02; Runtime: 468.7s; Iterations = 5520, grads =   1.868e-08, unitary_metric = 0.99998
Error = :1.29e-02; Runtime: 470.3s; Iterations = 5540, grads =   4.875e-08, unitary_metric = 0.99998
Error = :1.29e-02; Runtime: 472.0s; Iterations = 5560, grads =   1.062e-06, unitary_metric = 0.99998
Error = :1.29e-02; Runtime: 473.6s; Iterations = 5580, grads =   1.834e-06, unitary_metric = 0.99998
Error = :1.29e-02; Runtime: 475.3s; Iterations = 5600, grads =   1.807e-05, unitary_metric = 0.99998
Error = :1.29e-02; Runtime: 477.1s; Iterations = 5620, grads =   7.357e-06, unitary_metric = 0.99998
Error = :1.29e-02; Runtime: 478.8s; Iterations = 5640, grads =   1.336e-06, unitary_metric = 0.99998
Error = :1.29e-02; Runtime: 480.4s; Iterations = 5660, grads =   8.555e-05, unitary_metric = 0.99998
Error = :1.29e-02; Runtime: 482.1s; Iterations = 5680, grads =   9.488e-06, unitary_metric = 0.99998
Error = :1.29e-02; Runtime: 483.7s; Iterations = 5700, grads =   7.958e-07, unitary_metric = 0.99998
Error = :1.29e-02; Runtime: 485.5s; Iterations = 5720, grads =   6.613e-08, unitary_metric = 0.99998
Error = :1.29e-02; Runtime: 487.2s; Iterations = 5740, grads =   2.182e-08, unitary_metric = 0.99998
Error = :1.29e-02; Runtime: 488.8s; Iterations = 5760, grads =   1.011e-07, unitary_metric = 0.99999
Error = :1.29e-02; Runtime: 490.5s; Iterations = 5780, grads =   9.677e-06, unitary_metric = 0.99998
Error = :1.29e-02; Runtime: 492.1s; Iterations = 5800, grads =   6.878e-06, unitary_metric = 0.99998
Error = :1.29e-02; Runtime: 494.0s; Iterations = 5820, grads =   9.537e-07, unitary_metric = 0.99998
Error = :1.29e-02; Runtime: 495.7s; Iterations = 5840, grads =   9.604e-07, unitary_metric = 0.99998
Error = :1.29e-02; Runtime: 497.3s; Iterations = 5860, grads =   3.876e-08, unitary_metric = 0.99998
Error = :1.29e-02; Runtime: 499.0s; Iterations = 5880, grads =   1.185e-08, unitary_metric = 0.99998
Error = :1.29e-02; Runtime: 500.6s; Iterations = 5900, grads =   1.480e-08, unitary_metric = 0.99998
Error = :1.29e-02; Runtime: 502.4s; Iterations = 5920, grads =   5.152e-08, unitary_metric = 0.99998
Error = :1.29e-02; Runtime: 504.1s; Iterations = 5940, grads =   9.546e-06, unitary_metric = 0.99998
Error = :1.29e-02; Runtime: 505.7s; Iterations = 5960, grads =   1.859e-05, unitary_metric = 0.99998
Error = :1.29e-02; Runtime: 507.4s; Iterations = 5980, grads =   2.613e-05, unitary_metric = 0.99998
Error = :1.29e-02; Runtime: 509.1s; Iterations = 6000, grads =   6.110e-06, unitary_metric = 0.99998
data saved at: /project/ftchong/qoc/pranav/00009_29_lih_slice_263.h5


trying total_time: 7.5 for unitary of size (16, 16)
data saved at: /project/ftchong/qoc/pranav/00010_29_lih_slice_263.h5
Using 7 Taylor terms and 2 Scaling & Squaring terms
Building graph:
Propagators initialized.
Operators weight initialized.
Intermediate propagation variables initialized.
Intermediate propagators initialized.
Vectors initialized.
Training loss initialized.
Optimizer initialized.
Utilities initialized.
Graph built!
Initialized
Error = :7.88e-01; Runtime: 0.3s; Iterations = 0, grads =   1.057e-01, unitary_metric = 1.00000
Error = :5.58e-01; Runtime: 3.2s; Iterations = 20, grads =   1.420e-02, unitary_metric = 1.00000
Error = :5.01e-01; Runtime: 5.7s; Iterations = 40, grads =   2.568e-03, unitary_metric = 1.00000
Error = :5.01e-01; Runtime: 8.2s; Iterations = 60, grads =   5.375e-04, unitary_metric = 1.00000
Error = :5.00e-01; Runtime: 10.7s; Iterations = 80, grads =   6.592e-05, unitary_metric = 1.00000
Error = :5.00e-01; Runtime: 13.2s; Iterations = 100, grads =   1.273e-05, unitary_metric = 1.00000
Error = :5.00e-01; Runtime: 16.0s; Iterations = 120, grads =   1.081e-06, unitary_metric = 1.00000
Error = :5.00e-01; Runtime: 18.5s; Iterations = 140, grads =   1.486e-07, unitary_metric = 1.00000
Error = :5.00e-01; Runtime: 21.0s; Iterations = 160, grads =   2.108e-08, unitary_metric = 1.00000
Error = :5.00e-01; Runtime: 23.5s; Iterations = 180, grads =   2.927e-09, unitary_metric = 1.00000
Error = :5.00e-01; Runtime: 26.0s; Iterations = 200, grads =   6.269e-10, unitary_metric = 1.00000
Error = :5.00e-01; Runtime: 28.8s; Iterations = 220, grads =   3.896e-10, unitary_metric = 1.00000
Error = :5.00e-01; Runtime: 31.3s; Iterations = 240, grads =   3.538e-10, unitary_metric = 1.00000
Error = :5.00e-01; Runtime: 33.8s; Iterations = 260, grads =   3.199e-10, unitary_metric = 1.00000
Error = :5.00e-01; Runtime: 36.3s; Iterations = 280, grads =   2.999e-10, unitary_metric = 1.00000
Error = :5.00e-01; Runtime: 38.8s; Iterations = 300, grads =   2.791e-10, unitary_metric = 1.00000
Error = :5.00e-01; Runtime: 41.6s; Iterations = 320, grads =   2.650e-10, unitary_metric = 1.00000
Error = :5.00e-01; Runtime: 44.1s; Iterations = 340, grads =   2.463e-10, unitary_metric = 1.00000
Error = :5.00e-01; Runtime: 46.6s; Iterations = 360, grads =   2.422e-10, unitary_metric = 1.00000
Error = :5.00e-01; Runtime: 49.1s; Iterations = 380, grads =   2.220e-10, unitary_metric = 1.00000
Error = :5.00e-01; Runtime: 51.6s; Iterations = 400, grads =   2.150e-10, unitary_metric = 1.00000
Error = :5.00e-01; Runtime: 54.4s; Iterations = 420, grads =   2.065e-10, unitary_metric = 1.00000
Error = :5.00e-01; Runtime: 56.9s; Iterations = 440, grads =   1.912e-10, unitary_metric = 1.00000
Error = :5.00e-01; Runtime: 59.4s; Iterations = 460, grads =   1.944e-10, unitary_metric = 1.00000
Error = :5.00e-01; Runtime: 61.9s; Iterations = 480, grads =   1.751e-10, unitary_metric = 1.00000
Error = :5.00e-01; Runtime: 64.4s; Iterations = 500, grads =   1.663e-10, unitary_metric = 1.00000
Error = :5.00e-01; Runtime: 67.1s; Iterations = 520, grads =   1.857e-10, unitary_metric = 1.00000
Error = :5.00e-01; Runtime: 69.6s; Iterations = 540, grads =   2.189e-10, unitary_metric = 1.00000
Error = :5.00e-01; Runtime: 72.1s; Iterations = 560, grads =   1.842e-10, unitary_metric = 1.00000
Error = :5.00e-01; Runtime: 74.6s; Iterations = 580, grads =   1.920e-10, unitary_metric = 1.00000
Error = :5.00e-01; Runtime: 77.1s; Iterations = 600, grads =   2.483e-10, unitary_metric = 1.00000
Error = :5.00e-01; Runtime: 79.8s; Iterations = 620, grads =   3.224e-10, unitary_metric = 1.00000
Error = :5.00e-01; Runtime: 82.3s; Iterations = 640, grads =   3.171e-10, unitary_metric = 1.00000
Error = :5.00e-01; Runtime: 84.8s; Iterations = 660, grads =   6.096e-10, unitary_metric = 1.00000
Error = :5.00e-01; Runtime: 87.3s; Iterations = 680, grads =   8.264e-10, unitary_metric = 1.00000
Error = :5.00e-01; Runtime: 89.8s; Iterations = 700, grads =   1.679e-09, unitary_metric = 1.00000
Error = :5.00e-01; Runtime: 92.6s; Iterations = 720, grads =   3.831e-09, unitary_metric = 1.00000
Error = :5.00e-01; Runtime: 95.1s; Iterations = 740, grads =   1.182e-08, unitary_metric = 1.00000
Error = :5.00e-01; Runtime: 97.6s; Iterations = 760, grads =   5.654e-08, unitary_metric = 1.00000
Error = :5.00e-01; Runtime: 100.0s; Iterations = 780, grads =   7.478e-07, unitary_metric = 1.00000
Error = :4.92e-01; Runtime: 102.5s; Iterations = 800, grads =   5.804e-04, unitary_metric = 0.99999
Error = :1.04e-01; Runtime: 105.3s; Iterations = 820, grads =   1.842e-01, unitary_metric = 0.99999
Error = :6.84e-03; Runtime: 107.8s; Iterations = 840, grads =   6.499e-02, unitary_metric = 0.99999
Error = :1.55e-03; Runtime: 110.3s; Iterations = 860, grads =   9.038e-03, unitary_metric = 0.99999
Error = :8.49e-04; Runtime: 110.4s; Iterations = 861, grads =   2.198e-03, unitary_metric = 0.99999
data saved at: /project/ftchong/qoc/pranav/00010_29_lih_slice_263.h5


trying total_time: 6.25 for unitary of size (16, 16)
data saved at: /project/ftchong/qoc/pranav/00011_29_lih_slice_263.h5
Using 7 Taylor terms and 2 Scaling & Squaring terms
Building graph:
Propagators initialized.
Operators weight initialized.
Intermediate propagation variables initialized.
Intermediate propagators initialized.
Vectors initialized.
Training loss initialized.
Optimizer initialized.
Utilities initialized.
Graph built!
Initialized
Error = :7.54e-01; Runtime: 0.2s; Iterations = 0, grads =   1.814e-02, unitary_metric = 1.00000
Error = :5.80e-01; Runtime: 2.7s; Iterations = 20, grads =   1.970e-02, unitary_metric = 1.00000
Error = :5.06e-01; Runtime: 4.7s; Iterations = 40, grads =   3.156e-03, unitary_metric = 1.00000
Error = :5.00e-01; Runtime: 6.8s; Iterations = 60, grads =   5.658e-04, unitary_metric = 1.00000
Error = :5.00e-01; Runtime: 8.9s; Iterations = 80, grads =   2.200e-05, unitary_metric = 1.00000
Error = :5.00e-01; Runtime: 11.0s; Iterations = 100, grads =   6.786e-06, unitary_metric = 1.00000
Error = :5.00e-01; Runtime: 13.3s; Iterations = 120, grads =   1.040e-06, unitary_metric = 1.00000
Error = :5.00e-01; Runtime: 15.4s; Iterations = 140, grads =   7.707e-08, unitary_metric = 1.00000
Error = :5.00e-01; Runtime: 17.5s; Iterations = 160, grads =   1.374e-08, unitary_metric = 1.00000
Error = :5.00e-01; Runtime: 19.5s; Iterations = 180, grads =   1.030e-09, unitary_metric = 1.00000
Error = :5.00e-01; Runtime: 21.6s; Iterations = 200, grads =   3.191e-10, unitary_metric = 1.00000
Error = :5.00e-01; Runtime: 23.9s; Iterations = 220, grads =   5.194e-11, unitary_metric = 1.00000
Error = :5.00e-01; Runtime: 26.0s; Iterations = 240, grads =   3.769e-11, unitary_metric = 1.00000
Error = :5.00e-01; Runtime: 28.1s; Iterations = 260, grads =   2.956e-11, unitary_metric = 1.00000
Error = :5.00e-01; Runtime: 30.2s; Iterations = 280, grads =   2.945e-11, unitary_metric = 1.00000
Error = :5.00e-01; Runtime: 32.2s; Iterations = 300, grads =   2.628e-11, unitary_metric = 1.00000
Error = :5.00e-01; Runtime: 34.5s; Iterations = 320, grads =   2.286e-11, unitary_metric = 1.00000
Error = :5.00e-01; Runtime: 36.6s; Iterations = 340, grads =   2.461e-11, unitary_metric = 1.00000
Error = :5.00e-01; Runtime: 38.7s; Iterations = 360, grads =   2.388e-11, unitary_metric = 1.00000
Error = :5.00e-01; Runtime: 40.8s; Iterations = 380, grads =   2.284e-11, unitary_metric = 1.00000
Error = :5.00e-01; Runtime: 42.9s; Iterations = 400, grads =   2.214e-11, unitary_metric = 1.00000
Error = :5.00e-01; Runtime: 45.1s; Iterations = 420, grads =   2.071e-11, unitary_metric = 1.00000
Error = :5.00e-01; Runtime: 47.2s; Iterations = 440, grads =   2.045e-11, unitary_metric = 1.00000
Error = :5.00e-01; Runtime: 49.3s; Iterations = 460, grads =   2.290e-11, unitary_metric = 1.00000
Error = :5.00e-01; Runtime: 51.4s; Iterations = 480, grads =   2.012e-11, unitary_metric = 1.00000
Error = :5.00e-01; Runtime: 53.5s; Iterations = 500, grads =   2.303e-11, unitary_metric = 1.00000
Error = :5.00e-01; Runtime: 55.8s; Iterations = 520, grads =   2.046e-11, unitary_metric = 1.00000
Error = :5.00e-01; Runtime: 57.8s; Iterations = 540, grads =   2.498e-11, unitary_metric = 1.00000
Error = :5.00e-01; Runtime: 59.9s; Iterations = 560, grads =   2.314e-11, unitary_metric = 1.00000
Error = :5.00e-01; Runtime: 62.0s; Iterations = 580, grads =   2.139e-11, unitary_metric = 1.00000
Error = :5.00e-01; Runtime: 64.1s; Iterations = 600, grads =   2.029e-11, unitary_metric = 1.00000
Error = :5.00e-01; Runtime: 66.4s; Iterations = 620, grads =   2.383e-11, unitary_metric = 1.00000
Error = :5.00e-01; Runtime: 68.4s; Iterations = 640, grads =   2.181e-11, unitary_metric = 1.00000
Error = :5.00e-01; Runtime: 70.5s; Iterations = 660, grads =   2.157e-11, unitary_metric = 1.00000
Error = :5.00e-01; Runtime: 72.6s; Iterations = 680, grads =   2.035e-11, unitary_metric = 1.00000
Error = :5.00e-01; Runtime: 74.7s; Iterations = 700, grads =   2.001e-11, unitary_metric = 1.00000
Error = :5.00e-01; Runtime: 76.9s; Iterations = 720, grads =   1.577e-11, unitary_metric = 1.00000
Error = :5.00e-01; Runtime: 79.0s; Iterations = 740, grads =   5.407e-11, unitary_metric = 1.00000
Error = :5.00e-01; Runtime: 81.1s; Iterations = 760, grads =   1.528e-11, unitary_metric = 1.00000
Error = :5.00e-01; Runtime: 83.2s; Iterations = 780, grads =   4.983e-11, unitary_metric = 1.00000
Error = :5.00e-01; Runtime: 85.3s; Iterations = 800, grads =   2.734e-11, unitary_metric = 1.00000
Error = :5.00e-01; Runtime: 87.6s; Iterations = 820, grads =   5.457e-11, unitary_metric = 1.00000
Error = :5.00e-01; Runtime: 89.7s; Iterations = 840, grads =   6.625e-11, unitary_metric = 1.00000
Error = :5.00e-01; Runtime: 91.7s; Iterations = 860, grads =   4.770e-11, unitary_metric = 1.00000
Error = :5.00e-01; Runtime: 93.8s; Iterations = 880, grads =   5.668e-11, unitary_metric = 1.00000
Error = :5.00e-01; Runtime: 95.9s; Iterations = 900, grads =   2.647e-11, unitary_metric = 1.00000
Error = :5.00e-01; Runtime: 98.2s; Iterations = 920, grads =   2.087e-11, unitary_metric = 1.00000
Error = :5.00e-01; Runtime: 100.2s; Iterations = 940, grads =   4.368e-11, unitary_metric = 1.00000
Error = :5.00e-01; Runtime: 102.3s; Iterations = 960, grads =   1.233e-10, unitary_metric = 1.00000
Error = :5.00e-01; Runtime: 104.4s; Iterations = 980, grads =   1.681e-10, unitary_metric = 1.00000
Error = :5.00e-01; Runtime: 106.5s; Iterations = 1000, grads =   2.871e-10, unitary_metric = 1.00000
Error = :5.00e-01; Runtime: 108.8s; Iterations = 1020, grads =   4.731e-09, unitary_metric = 1.00000
Error = :5.00e-01; Runtime: 110.9s; Iterations = 1040, grads =   1.486e-05, unitary_metric = 1.00000
Error = :5.00e-01; Runtime: 113.0s; Iterations = 1060, grads =   9.472e-04, unitary_metric = 1.00000
Error = :5.00e-01; Runtime: 115.0s; Iterations = 1080, grads =   4.024e-04, unitary_metric = 1.00000
Error = :5.00e-01; Runtime: 117.1s; Iterations = 1100, grads =   1.188e-05, unitary_metric = 0.99999
Error = :5.00e-01; Runtime: 119.4s; Iterations = 1120, grads =   2.865e-06, unitary_metric = 1.00000
Error = :5.00e-01; Runtime: 121.5s; Iterations = 1140, grads =   7.289e-07, unitary_metric = 1.00000
Error = :5.00e-01; Runtime: 123.5s; Iterations = 1160, grads =   6.520e-08, unitary_metric = 1.00000
Error = :5.00e-01; Runtime: 125.6s; Iterations = 1180, grads =   9.554e-10, unitary_metric = 1.00000
Error = :5.00e-01; Runtime: 127.7s; Iterations = 1200, grads =   1.905e-09, unitary_metric = 1.00000
Error = :5.00e-01; Runtime: 129.9s; Iterations = 1220, grads =   5.726e-10, unitary_metric = 1.00000
Error = :5.00e-01; Runtime: 132.0s; Iterations = 1240, grads =   1.720e-10, unitary_metric = 1.00000
Error = :5.00e-01; Runtime: 134.1s; Iterations = 1260, grads =   1.843e-10, unitary_metric = 1.00000
Error = :5.00e-01; Runtime: 136.2s; Iterations = 1280, grads =   2.641e-07, unitary_metric = 1.00000
Error = :5.00e-01; Runtime: 138.3s; Iterations = 1300, grads =   1.300e-06, unitary_metric = 1.00000
Error = :5.00e-01; Runtime: 140.5s; Iterations = 1320, grads =   4.199e-05, unitary_metric = 1.00000
Error = :5.00e-01; Runtime: 142.6s; Iterations = 1340, grads =   5.010e-05, unitary_metric = 1.00000
Error = :5.00e-01; Runtime: 144.7s; Iterations = 1360, grads =   3.654e-04, unitary_metric = 1.00000
Error = :5.00e-01; Runtime: 146.8s; Iterations = 1380, grads =   2.594e-05, unitary_metric = 1.00000
Error = :5.00e-01; Runtime: 148.9s; Iterations = 1400, grads =   5.353e-07, unitary_metric = 1.00000
Error = :5.00e-01; Runtime: 151.2s; Iterations = 1420, grads =   7.331e-07, unitary_metric = 1.00000
Error = :5.00e-01; Runtime: 153.3s; Iterations = 1440, grads =   8.823e-08, unitary_metric = 1.00000
Error = :5.00e-01; Runtime: 155.4s; Iterations = 1460, grads =   2.171e-07, unitary_metric = 1.00000
Error = :5.00e-01; Runtime: 157.5s; Iterations = 1480, grads =   1.822e-04, unitary_metric = 1.00000
Error = :5.00e-01; Runtime: 159.6s; Iterations = 1500, grads =   1.242e-06, unitary_metric = 1.00000
Error = :5.00e-01; Runtime: 161.9s; Iterations = 1520, grads =   2.003e-05, unitary_metric = 1.00000
Error = :5.00e-01; Runtime: 163.9s; Iterations = 1540, grads =   3.369e-06, unitary_metric = 1.00000
Error = :4.83e-01; Runtime: 166.0s; Iterations = 1560, grads =   8.569e-04, unitary_metric = 1.00000
Error = :1.91e-01; Runtime: 168.2s; Iterations = 1580, grads =   7.268e-03, unitary_metric = 0.99999
Error = :1.36e-02; Runtime: 170.3s; Iterations = 1600, grads =   1.478e-03, unitary_metric = 0.99999
Error = :1.92e-03; Runtime: 172.6s; Iterations = 1620, grads =   4.410e-03, unitary_metric = 0.99999
Error = :9.22e-04; Runtime: 173.2s; Iterations = 1626, grads =   1.851e-04, unitary_metric = 0.99999
data saved at: /project/ftchong/qoc/pranav/00011_29_lih_slice_263.h5


trying total_time: 5.6 for unitary of size (16, 16)
data saved at: /project/ftchong/qoc/pranav/00012_29_lih_slice_263.h5
Using 7 Taylor terms and 2 Scaling & Squaring terms
Building graph:
Propagators initialized.
Operators weight initialized.
Intermediate propagation variables initialized.
Intermediate propagators initialized.
Vectors initialized.
Training loss initialized.
Optimizer initialized.
Utilities initialized.
Graph built!
Initialized
Error = :7.60e-01; Runtime: 0.2s; Iterations = 0, grads =   2.735e-02, unitary_metric = 1.00000
Error = :5.95e-01; Runtime: 2.4s; Iterations = 20, grads =   1.073e-02, unitary_metric = 1.00000
Error = :5.14e-01; Runtime: 4.3s; Iterations = 40, grads =   1.382e-03, unitary_metric = 1.00000
Error = :5.00e-01; Runtime: 6.2s; Iterations = 60, grads =   2.040e-04, unitary_metric = 0.99999
Error = :5.00e-01; Runtime: 8.1s; Iterations = 80, grads =   3.245e-05, unitary_metric = 1.00000
Error = :5.00e-01; Runtime: 9.9s; Iterations = 100, grads =   3.497e-06, unitary_metric = 1.00000
Error = :5.00e-01; Runtime: 12.0s; Iterations = 120, grads =   3.564e-07, unitary_metric = 1.00000
Error = :5.00e-01; Runtime: 13.8s; Iterations = 140, grads =   6.901e-08, unitary_metric = 1.00000
Error = :5.00e-01; Runtime: 15.7s; Iterations = 160, grads =   7.975e-09, unitary_metric = 1.00000
Error = :5.00e-01; Runtime: 17.6s; Iterations = 180, grads =   1.259e-09, unitary_metric = 1.00000
Error = :5.00e-01; Runtime: 19.4s; Iterations = 200, grads =   1.435e-10, unitary_metric = 1.00000
Error = :5.00e-01; Runtime: 21.5s; Iterations = 220, grads =   3.494e-11, unitary_metric = 1.00000
Error = :5.00e-01; Runtime: 23.3s; Iterations = 240, grads =   2.937e-11, unitary_metric = 1.00000
Error = :5.00e-01; Runtime: 25.2s; Iterations = 260, grads =   1.783e-11, unitary_metric = 1.00000
Error = :5.00e-01; Runtime: 27.1s; Iterations = 280, grads =   1.654e-11, unitary_metric = 1.00000
Error = :5.00e-01; Runtime: 28.9s; Iterations = 300, grads =   1.780e-11, unitary_metric = 1.00000
Error = :5.00e-01; Runtime: 31.0s; Iterations = 320, grads =   1.559e-11, unitary_metric = 1.00000
Error = :5.00e-01; Runtime: 32.8s; Iterations = 340, grads =   1.490e-11, unitary_metric = 1.00000
Error = :5.00e-01; Runtime: 34.7s; Iterations = 360, grads =   1.582e-11, unitary_metric = 1.00000
Error = :5.00e-01; Runtime: 36.6s; Iterations = 380, grads =   1.732e-11, unitary_metric = 1.00000
Error = :5.00e-01; Runtime: 38.4s; Iterations = 400, grads =   2.354e-11, unitary_metric = 1.00000
Error = :5.00e-01; Runtime: 40.5s; Iterations = 420, grads =   2.119e-11, unitary_metric = 1.00000
Error = :5.00e-01; Runtime: 42.4s; Iterations = 440, grads =   3.013e-11, unitary_metric = 1.00000
Error = :5.00e-01; Runtime: 44.3s; Iterations = 460, grads =   2.929e-11, unitary_metric = 1.00000
Error = :5.00e-01; Runtime: 46.1s; Iterations = 480, grads =   3.632e-11, unitary_metric = 1.00000
Error = :5.00e-01; Runtime: 48.0s; Iterations = 500, grads =   4.496e-11, unitary_metric = 1.00000
Error = :5.00e-01; Runtime: 50.0s; Iterations = 520, grads =   6.043e-11, unitary_metric = 1.00000
Error = :5.00e-01; Runtime: 51.9s; Iterations = 540, grads =   1.129e-10, unitary_metric = 1.00000
Error = :5.00e-01; Runtime: 53.8s; Iterations = 560, grads =   2.113e-10, unitary_metric = 1.00000
Error = :5.00e-01; Runtime: 55.7s; Iterations = 580, grads =   3.432e-10, unitary_metric = 1.00000
Error = :5.00e-01; Runtime: 57.6s; Iterations = 600, grads =   7.771e-10, unitary_metric = 1.00000
Error = :5.00e-01; Runtime: 59.7s; Iterations = 620, grads =   2.488e-09, unitary_metric = 1.00000
Error = :5.00e-01; Runtime: 61.5s; Iterations = 640, grads =   1.270e-08, unitary_metric = 1.00000
Error = :5.00e-01; Runtime: 63.4s; Iterations = 660, grads =   1.506e-07, unitary_metric = 1.00000
Error = :4.99e-01; Runtime: 65.3s; Iterations = 680, grads =   1.480e-05, unitary_metric = 0.99999
Error = :3.38e-01; Runtime: 67.2s; Iterations = 700, grads =   1.718e-03, unitary_metric = 0.99999
Error = :1.37e-01; Runtime: 69.2s; Iterations = 720, grads =   3.193e-03, unitary_metric = 0.99999
Error = :3.32e-02; Runtime: 71.1s; Iterations = 740, grads =   5.407e-03, unitary_metric = 0.99999
Error = :1.31e-02; Runtime: 73.0s; Iterations = 760, grads =   1.541e-03, unitary_metric = 0.99999
Error = :7.24e-03; Runtime: 74.8s; Iterations = 780, grads =   2.373e-04, unitary_metric = 0.99999
Error = :4.69e-03; Runtime: 76.7s; Iterations = 800, grads =   2.717e-05, unitary_metric = 0.99999
Error = :3.44e-03; Runtime: 78.7s; Iterations = 820, grads =   3.518e-06, unitary_metric = 0.99999
Error = :2.73e-03; Runtime: 80.6s; Iterations = 840, grads =   1.913e-06, unitary_metric = 0.99999
Error = :2.27e-03; Runtime: 82.5s; Iterations = 860, grads =   1.292e-06, unitary_metric = 0.99999
Error = :1.94e-03; Runtime: 84.3s; Iterations = 880, grads =   8.928e-07, unitary_metric = 0.99999
Error = :1.70e-03; Runtime: 86.2s; Iterations = 900, grads =   6.789e-07, unitary_metric = 0.99999
Error = :1.51e-03; Runtime: 88.3s; Iterations = 920, grads =   5.449e-07, unitary_metric = 0.99999
Error = :1.36e-03; Runtime: 90.2s; Iterations = 940, grads =   4.340e-07, unitary_metric = 0.99999
Error = :1.23e-03; Runtime: 92.0s; Iterations = 960, grads =   3.581e-07, unitary_metric = 0.99999
Error = :1.12e-03; Runtime: 93.9s; Iterations = 980, grads =   3.016e-07, unitary_metric = 0.99999
Error = :1.03e-03; Runtime: 95.8s; Iterations = 1000, grads =   2.575e-07, unitary_metric = 0.99999
Error = :9.96e-04; Runtime: 96.8s; Iterations = 1009, grads =   2.405e-07, unitary_metric = 0.99999
data saved at: /project/ftchong/qoc/pranav/00012_29_lih_slice_263.h5


trying total_time: 5.3 for unitary of size (16, 16)
data saved at: /project/ftchong/qoc/pranav/00013_29_lih_slice_263.h5
Using 7 Taylor terms and 2 Scaling & Squaring terms
Building graph:
Propagators initialized.
Operators weight initialized.
Intermediate propagation variables initialized.
Intermediate propagators initialized.
Vectors initialized.
Training loss initialized.
Optimizer initialized.
Utilities initialized.
Graph built!
Initialized
Error = :7.79e-01; Runtime: 0.3s; Iterations = 0, grads =   6.032e-02, unitary_metric = 1.00000
Error = :6.04e-01; Runtime: 2.5s; Iterations = 20, grads =   7.949e-03, unitary_metric = 1.00000
Error = :5.20e-01; Runtime: 4.3s; Iterations = 40, grads =   1.054e-03, unitary_metric = 1.00000
Error = :5.01e-01; Runtime: 6.0s; Iterations = 60, grads =   1.363e-04, unitary_metric = 1.00000
Error = :5.00e-01; Runtime: 7.8s; Iterations = 80, grads =   2.296e-05, unitary_metric = 1.00000
Error = :5.00e-01; Runtime: 9.6s; Iterations = 100, grads =   4.499e-06, unitary_metric = 1.00000
Error = :5.00e-01; Runtime: 11.6s; Iterations = 120, grads =   6.096e-07, unitary_metric = 1.00000
Error = :5.00e-01; Runtime: 13.3s; Iterations = 140, grads =   5.694e-08, unitary_metric = 1.00000
Error = :5.00e-01; Runtime: 15.1s; Iterations = 160, grads =   1.048e-08, unitary_metric = 1.00000
Error = :5.00e-01; Runtime: 16.9s; Iterations = 180, grads =   3.275e-10, unitary_metric = 1.00000
Error = :5.00e-01; Runtime: 18.7s; Iterations = 200, grads =   9.562e-11, unitary_metric = 1.00000
Error = :5.00e-01; Runtime: 20.6s; Iterations = 220, grads =   3.986e-11, unitary_metric = 1.00000
Error = :5.00e-01; Runtime: 22.4s; Iterations = 240, grads =   2.924e-11, unitary_metric = 1.00000
Error = :5.00e-01; Runtime: 24.2s; Iterations = 260, grads =   1.874e-11, unitary_metric = 1.00000
Error = :5.00e-01; Runtime: 26.0s; Iterations = 280, grads =   1.746e-11, unitary_metric = 1.00000
Error = :5.00e-01; Runtime: 27.7s; Iterations = 300, grads =   1.743e-11, unitary_metric = 1.00000
Error = :5.00e-01; Runtime: 29.7s; Iterations = 320, grads =   2.067e-11, unitary_metric = 1.00000
Error = :5.00e-01; Runtime: 31.5s; Iterations = 340, grads =   1.607e-11, unitary_metric = 1.00000
Error = :5.00e-01; Runtime: 33.2s; Iterations = 360, grads =   1.830e-11, unitary_metric = 1.00000
Error = :5.00e-01; Runtime: 35.0s; Iterations = 380, grads =   2.024e-11, unitary_metric = 1.00000
Error = :5.00e-01; Runtime: 36.8s; Iterations = 400, grads =   1.303e-11, unitary_metric = 1.00000
Error = :5.00e-01; Runtime: 38.7s; Iterations = 420, grads =   1.123e-11, unitary_metric = 1.00000
Error = :5.00e-01; Runtime: 40.5s; Iterations = 440, grads =   2.102e-11, unitary_metric = 1.00000
Error = :5.00e-01; Runtime: 42.3s; Iterations = 460, grads =   1.080e-11, unitary_metric = 0.99999
Error = :5.00e-01; Runtime: 44.1s; Iterations = 480, grads =   1.513e-11, unitary_metric = 1.00000
Error = :5.00e-01; Runtime: 45.8s; Iterations = 500, grads =   9.585e-12, unitary_metric = 1.00000
Error = :5.00e-01; Runtime: 47.8s; Iterations = 520, grads =   1.659e-11, unitary_metric = 1.00000
Error = :5.00e-01; Runtime: 49.6s; Iterations = 540, grads =   3.342e-11, unitary_metric = 1.00000
Error = :5.00e-01; Runtime: 51.4s; Iterations = 560, grads =   2.527e-11, unitary_metric = 1.00000
Error = :5.00e-01; Runtime: 53.1s; Iterations = 580, grads =   9.876e-12, unitary_metric = 1.00000
Error = :5.00e-01; Runtime: 54.9s; Iterations = 600, grads =   9.490e-12, unitary_metric = 0.99999
Error = :5.00e-01; Runtime: 57.0s; Iterations = 620, grads =   1.823e-11, unitary_metric = 0.99999
Error = :5.00e-01; Runtime: 58.8s; Iterations = 640, grads =   1.721e-11, unitary_metric = 0.99999
Error = :5.00e-01; Runtime: 60.6s; Iterations = 660, grads =   1.197e-11, unitary_metric = 0.99999
Error = :5.00e-01; Runtime: 62.3s; Iterations = 680, grads =   1.470e-11, unitary_metric = 0.99999
Error = :5.00e-01; Runtime: 64.1s; Iterations = 700, grads =   8.022e-12, unitary_metric = 0.99999
Error = :5.00e-01; Runtime: 66.0s; Iterations = 720, grads =   2.105e-11, unitary_metric = 1.00000
Error = :5.00e-01; Runtime: 67.8s; Iterations = 740, grads =   4.091e-11, unitary_metric = 1.00000
Error = :5.00e-01; Runtime: 69.6s; Iterations = 760, grads =   1.253e-11, unitary_metric = 0.99999
Error = :5.00e-01; Runtime: 71.4s; Iterations = 780, grads =   1.541e-11, unitary_metric = 0.99999
Error = :5.00e-01; Runtime: 73.1s; Iterations = 800, grads =   3.346e-11, unitary_metric = 0.99999
Error = :5.00e-01; Runtime: 75.1s; Iterations = 820, grads =   1.161e-09, unitary_metric = 0.99999
Error = :5.00e-01; Runtime: 76.9s; Iterations = 840, grads =   3.717e-07, unitary_metric = 1.00000
Error = :5.00e-01; Runtime: 78.6s; Iterations = 860, grads =   1.216e-03, unitary_metric = 0.99999
Error = :5.00e-01; Runtime: 80.4s; Iterations = 880, grads =   1.879e-05, unitary_metric = 0.99999
Error = :5.00e-01; Runtime: 82.2s; Iterations = 900, grads =   1.627e-05, unitary_metric = 0.99999
Error = :5.00e-01; Runtime: 84.1s; Iterations = 920, grads =   5.847e-07, unitary_metric = 1.00000
Error = :5.00e-01; Runtime: 85.9s; Iterations = 940, grads =   5.968e-10, unitary_metric = 0.99999
Error = :5.00e-01; Runtime: 87.6s; Iterations = 960, grads =   4.128e-09, unitary_metric = 1.00000
Error = :5.00e-01; Runtime: 89.4s; Iterations = 980, grads =   4.485e-09, unitary_metric = 0.99999
Error = :5.00e-01; Runtime: 91.2s; Iterations = 1000, grads =   1.266e-11, unitary_metric = 0.99999
Error = :5.00e-01; Runtime: 93.1s; Iterations = 1020, grads =   5.242e-11, unitary_metric = 0.99999
Error = :5.00e-01; Runtime: 94.9s; Iterations = 1040, grads =   5.611e-11, unitary_metric = 0.99999
Error = :5.00e-01; Runtime: 96.6s; Iterations = 1060, grads =   1.208e-09, unitary_metric = 0.99999
Error = :5.00e-01; Runtime: 98.4s; Iterations = 1080, grads =   5.718e-09, unitary_metric = 0.99999
Error = :5.00e-01; Runtime: 100.2s; Iterations = 1100, grads =   1.166e-06, unitary_metric = 0.99999
Error = :5.00e-01; Runtime: 102.1s; Iterations = 1120, grads =   6.347e-04, unitary_metric = 1.00000
Error = :5.00e-01; Runtime: 103.8s; Iterations = 1140, grads =   7.942e-05, unitary_metric = 1.00000
Error = :5.00e-01; Runtime: 105.6s; Iterations = 1160, grads =   1.023e-05, unitary_metric = 1.00000
Error = :5.00e-01; Runtime: 107.4s; Iterations = 1180, grads =   8.606e-07, unitary_metric = 1.00000
Error = :5.00e-01; Runtime: 109.1s; Iterations = 1200, grads =   3.169e-08, unitary_metric = 1.00000
Error = :5.00e-01; Runtime: 111.1s; Iterations = 1220, grads =   1.158e-08, unitary_metric = 1.00000
Error = :5.00e-01; Runtime: 112.8s; Iterations = 1240, grads =   3.018e-09, unitary_metric = 0.99999
Error = :5.00e-01; Runtime: 114.6s; Iterations = 1260, grads =   1.792e-10, unitary_metric = 1.00000
Error = :5.00e-01; Runtime: 116.4s; Iterations = 1280, grads =   1.333e-10, unitary_metric = 1.00000
Error = :5.00e-01; Runtime: 118.1s; Iterations = 1300, grads =   3.465e-10, unitary_metric = 0.99999
Error = :5.00e-01; Runtime: 120.1s; Iterations = 1320, grads =   1.084e-09, unitary_metric = 0.99999
Error = :5.00e-01; Runtime: 121.9s; Iterations = 1340, grads =   4.617e-07, unitary_metric = 0.99999
Error = :5.00e-01; Runtime: 123.7s; Iterations = 1360, grads =   4.771e-04, unitary_metric = 1.00000
Error = :5.00e-01; Runtime: 125.4s; Iterations = 1380, grads =   2.024e-04, unitary_metric = 0.99999
Error = :5.00e-01; Runtime: 127.2s; Iterations = 1400, grads =   2.836e-05, unitary_metric = 1.00000
Error = :5.00e-01; Runtime: 129.1s; Iterations = 1420, grads =   1.173e-06, unitary_metric = 1.00000
Error = :5.00e-01; Runtime: 130.8s; Iterations = 1440, grads =   3.178e-07, unitary_metric = 1.00000
Error = :5.00e-01; Runtime: 132.6s; Iterations = 1460, grads =   6.097e-09, unitary_metric = 1.00000
Error = :5.00e-01; Runtime: 134.4s; Iterations = 1480, grads =   2.770e-09, unitary_metric = 1.00000
Error = :5.00e-01; Runtime: 136.1s; Iterations = 1500, grads =   4.738e-10, unitary_metric = 1.00000
Error = :5.00e-01; Runtime: 138.1s; Iterations = 1520, grads =   7.845e-10, unitary_metric = 0.99999
Error = :5.00e-01; Runtime: 139.8s; Iterations = 1540, grads =   1.345e-09, unitary_metric = 1.00000
Error = :5.00e-01; Runtime: 141.6s; Iterations = 1560, grads =   2.760e-09, unitary_metric = 1.00000
Error = :5.00e-01; Runtime: 143.3s; Iterations = 1580, grads =   5.069e-08, unitary_metric = 1.00000
Error = :5.00e-01; Runtime: 145.1s; Iterations = 1600, grads =   4.452e-06, unitary_metric = 1.00000
Error = :5.00e-01; Runtime: 147.0s; Iterations = 1620, grads =   4.483e-04, unitary_metric = 0.99999
Error = :4.94e-01; Runtime: 148.8s; Iterations = 1640, grads =   2.756e-04, unitary_metric = 0.99999
Error = :2.28e-01; Runtime: 150.6s; Iterations = 1660, grads =   4.832e-02, unitary_metric = 0.99999
Error = :6.78e-02; Runtime: 152.3s; Iterations = 1680, grads =   1.085e-02, unitary_metric = 0.99999
Error = :2.99e-02; Runtime: 154.1s; Iterations = 1700, grads =   1.355e-03, unitary_metric = 0.99999
Error = :1.81e-02; Runtime: 156.0s; Iterations = 1720, grads =   5.402e-05, unitary_metric = 0.99999
Error = :1.35e-02; Runtime: 157.8s; Iterations = 1740, grads =   2.776e-05, unitary_metric = 0.99999
Error = :1.15e-02; Runtime: 159.5s; Iterations = 1760, grads =   4.403e-06, unitary_metric = 0.99999
Error = :1.04e-02; Runtime: 161.3s; Iterations = 1780, grads =   2.699e-06, unitary_metric = 0.99999
Error = :9.77e-03; Runtime: 163.1s; Iterations = 1800, grads =   2.005e-06, unitary_metric = 0.99999
Error = :9.30e-03; Runtime: 165.0s; Iterations = 1820, grads =   1.387e-06, unitary_metric = 0.99999
Error = :8.93e-03; Runtime: 166.8s; Iterations = 1840, grads =   1.132e-06, unitary_metric = 0.99999
Error = :8.63e-03; Runtime: 168.5s; Iterations = 1860, grads =   9.567e-07, unitary_metric = 0.99999
Error = :8.37e-03; Runtime: 170.3s; Iterations = 1880, grads =   8.302e-07, unitary_metric = 0.99999
Error = :8.15e-03; Runtime: 172.1s; Iterations = 1900, grads =   7.341e-07, unitary_metric = 0.99999
Error = :7.95e-03; Runtime: 174.0s; Iterations = 1920, grads =   6.588e-07, unitary_metric = 0.99999
Error = :7.78e-03; Runtime: 175.8s; Iterations = 1940, grads =   6.066e-07, unitary_metric = 0.99999
Error = :7.63e-03; Runtime: 177.5s; Iterations = 1960, grads =   6.953e-07, unitary_metric = 0.99999
Error = :7.49e-03; Runtime: 179.3s; Iterations = 1980, grads =   5.128e-07, unitary_metric = 0.99998
Error = :7.36e-03; Runtime: 181.1s; Iterations = 2000, grads =   4.985e-07, unitary_metric = 0.99999
Error = :7.25e-03; Runtime: 183.0s; Iterations = 2020, grads =   6.461e-07, unitary_metric = 0.99999
Error = :7.15e-03; Runtime: 184.8s; Iterations = 2040, grads =   4.407e-07, unitary_metric = 0.99999
Error = :7.06e-03; Runtime: 186.5s; Iterations = 2060, grads =   4.300e-07, unitary_metric = 0.99999
Error = :6.98e-03; Runtime: 188.3s; Iterations = 2080, grads =   4.255e-07, unitary_metric = 0.99999
Error = :6.89e-03; Runtime: 190.1s; Iterations = 2100, grads =   4.231e-07, unitary_metric = 0.99999
Error = :6.80e-03; Runtime: 192.0s; Iterations = 2120, grads =   4.175e-07, unitary_metric = 0.99999
Error = :6.70e-03; Runtime: 193.7s; Iterations = 2140, grads =   4.066e-07, unitary_metric = 0.99999
Error = :6.61e-03; Runtime: 195.6s; Iterations = 2160, grads =   3.929e-07, unitary_metric = 0.99999
Error = :6.51e-03; Runtime: 197.4s; Iterations = 2180, grads =   3.804e-07, unitary_metric = 0.99999
Error = :6.42e-03; Runtime: 199.1s; Iterations = 2200, grads =   3.708e-07, unitary_metric = 0.99999
Error = :6.33e-03; Runtime: 201.1s; Iterations = 2220, grads =   3.625e-07, unitary_metric = 0.99999
Error = :6.24e-03; Runtime: 202.8s; Iterations = 2240, grads =   3.515e-07, unitary_metric = 0.99999
Error = :6.14e-03; Runtime: 204.6s; Iterations = 2260, grads =   3.345e-07, unitary_metric = 0.99999
Error = :6.05e-03; Runtime: 206.4s; Iterations = 2280, grads =   4.959e-07, unitary_metric = 0.99999
Error = :5.96e-03; Runtime: 208.1s; Iterations = 2300, grads =   4.198e-07, unitary_metric = 0.99999
Error = :5.88e-03; Runtime: 210.1s; Iterations = 2320, grads =   2.521e-07, unitary_metric = 0.99999
Error = :5.81e-03; Runtime: 211.8s; Iterations = 2340, grads =   2.343e-07, unitary_metric = 0.99999
Error = :5.75e-03; Runtime: 213.6s; Iterations = 2360, grads =   1.982e-07, unitary_metric = 0.99999
Error = :5.70e-03; Runtime: 215.4s; Iterations = 2380, grads =   1.808e-07, unitary_metric = 0.99999
Error = :5.65e-03; Runtime: 217.1s; Iterations = 2400, grads =   1.683e-07, unitary_metric = 0.99998
Error = :5.61e-03; Runtime: 219.0s; Iterations = 2420, grads =   1.616e-07, unitary_metric = 0.99999
Error = :5.58e-03; Runtime: 220.8s; Iterations = 2440, grads =   1.616e-07, unitary_metric = 0.99999
Error = :5.55e-03; Runtime: 222.5s; Iterations = 2460, grads =   1.691e-07, unitary_metric = 0.99999
Error = :5.52e-03; Runtime: 224.3s; Iterations = 2480, grads =   1.833e-07, unitary_metric = 0.99999
Error = :5.49e-03; Runtime: 226.1s; Iterations = 2500, grads =   2.010e-07, unitary_metric = 0.99999
Error = :5.45e-03; Runtime: 228.0s; Iterations = 2520, grads =   2.157e-07, unitary_metric = 0.99999
Error = :5.40e-03; Runtime: 229.8s; Iterations = 2540, grads =   2.204e-07, unitary_metric = 0.99998
Error = :5.34e-03; Runtime: 231.5s; Iterations = 2560, grads =   2.140e-07, unitary_metric = 0.99999
Error = :5.28e-03; Runtime: 233.3s; Iterations = 2580, grads =   4.958e-07, unitary_metric = 0.99999
Error = :5.24e-03; Runtime: 235.1s; Iterations = 2600, grads =   1.088e-04, unitary_metric = 0.99999
Error = :5.17e-03; Runtime: 237.0s; Iterations = 2620, grads =   7.582e-06, unitary_metric = 0.99999
Error = :5.13e-03; Runtime: 238.8s; Iterations = 2640, grads =   2.638e-06, unitary_metric = 0.99999
Error = :5.09e-03; Runtime: 240.5s; Iterations = 2660, grads =   6.025e-07, unitary_metric = 0.99999
Error = :5.05e-03; Runtime: 242.3s; Iterations = 2680, grads =   1.308e-07, unitary_metric = 0.99999
Error = :5.01e-03; Runtime: 244.1s; Iterations = 2700, grads =   1.292e-07, unitary_metric = 0.99999
Error = :4.98e-03; Runtime: 246.0s; Iterations = 2720, grads =   1.152e-07, unitary_metric = 0.99999
Error = :4.95e-03; Runtime: 247.8s; Iterations = 2740, grads =   1.094e-07, unitary_metric = 0.99999
Error = :4.92e-03; Runtime: 249.5s; Iterations = 2760, grads =   1.052e-07, unitary_metric = 0.99999
Error = :4.89e-03; Runtime: 251.3s; Iterations = 2780, grads =   1.012e-07, unitary_metric = 0.99999
Error = :4.86e-03; Runtime: 253.1s; Iterations = 2800, grads =   1.025e-07, unitary_metric = 0.99999
Error = :4.84e-03; Runtime: 255.0s; Iterations = 2820, grads =   2.152e-07, unitary_metric = 0.99999
Error = :4.82e-03; Runtime: 256.8s; Iterations = 2840, grads =   1.454e-05, unitary_metric = 0.99999
Error = :4.79e-03; Runtime: 258.5s; Iterations = 2860, grads =   1.733e-06, unitary_metric = 0.99999
Error = :4.77e-03; Runtime: 260.3s; Iterations = 2880, grads =   1.320e-06, unitary_metric = 0.99999
Error = :4.75e-03; Runtime: 262.1s; Iterations = 2900, grads =   8.880e-07, unitary_metric = 0.99999
Error = :4.73e-03; Runtime: 264.0s; Iterations = 2920, grads =   4.151e-07, unitary_metric = 0.99999
Error = :4.71e-03; Runtime: 265.8s; Iterations = 2940, grads =   1.180e-07, unitary_metric = 0.99998
Error = :4.69e-03; Runtime: 267.6s; Iterations = 2960, grads =   9.290e-08, unitary_metric = 0.99999
Error = :4.66e-03; Runtime: 269.3s; Iterations = 2980, grads =   9.193e-08, unitary_metric = 0.99999
Error = :4.64e-03; Runtime: 271.1s; Iterations = 3000, grads =   9.052e-08, unitary_metric = 0.99999
Error = :4.61e-03; Runtime: 273.1s; Iterations = 3020, grads =   8.846e-08, unitary_metric = 0.99999
Error = :4.59e-03; Runtime: 274.8s; Iterations = 3040, grads =   8.694e-08, unitary_metric = 0.99999
Error = :4.56e-03; Runtime: 276.6s; Iterations = 3060, grads =   9.975e-08, unitary_metric = 0.99999
Error = :4.54e-03; Runtime: 278.4s; Iterations = 3080, grads =   1.166e-06, unitary_metric = 0.99999
Error = :4.54e-03; Runtime: 280.2s; Iterations = 3100, grads =   1.152e-04, unitary_metric = 0.99999
Error = :4.49e-03; Runtime: 282.2s; Iterations = 3120, grads =   1.846e-07, unitary_metric = 0.99999
Error = :4.47e-03; Runtime: 283.9s; Iterations = 3140, grads =   1.179e-06, unitary_metric = 0.99999
Error = :4.45e-03; Runtime: 285.7s; Iterations = 3160, grads =   3.951e-07, unitary_metric = 0.99999
Error = :4.43e-03; Runtime: 287.5s; Iterations = 3180, grads =   8.038e-08, unitary_metric = 0.99998
Error = :4.41e-03; Runtime: 289.2s; Iterations = 3200, grads =   7.999e-08, unitary_metric = 0.99998
Error = :4.39e-03; Runtime: 291.2s; Iterations = 3220, grads =   8.930e-08, unitary_metric = 0.99999
Error = :4.38e-03; Runtime: 293.0s; Iterations = 3240, grads =   6.604e-08, unitary_metric = 0.99999
Error = :4.36e-03; Runtime: 294.8s; Iterations = 3260, grads =   5.940e-08, unitary_metric = 0.99999
Error = :4.34e-03; Runtime: 296.6s; Iterations = 3280, grads =   5.662e-08, unitary_metric = 0.99999
Error = :4.33e-03; Runtime: 298.3s; Iterations = 3300, grads =   5.779e-08, unitary_metric = 0.99999
Error = :4.31e-03; Runtime: 300.3s; Iterations = 3320, grads =   4.637e-07, unitary_metric = 0.99999
Error = :4.32e-03; Runtime: 302.1s; Iterations = 3340, grads =   1.440e-04, unitary_metric = 0.99999
Error = :4.28e-03; Runtime: 303.8s; Iterations = 3360, grads =   1.110e-05, unitary_metric = 0.99999
Error = :4.26e-03; Runtime: 305.6s; Iterations = 3380, grads =   2.792e-06, unitary_metric = 0.99999
Error = :4.25e-03; Runtime: 307.4s; Iterations = 3400, grads =   4.119e-07, unitary_metric = 0.99999
Error = :4.23e-03; Runtime: 309.8s; Iterations = 3420, grads =   9.465e-08, unitary_metric = 0.99999
Error = :4.22e-03; Runtime: 311.6s; Iterations = 3440, grads =   5.323e-08, unitary_metric = 0.99999
Error = :4.20e-03; Runtime: 313.4s; Iterations = 3460, grads =   4.615e-08, unitary_metric = 0.99998
Error = :4.19e-03; Runtime: 315.2s; Iterations = 3480, grads =   1.546e-07, unitary_metric = 0.99999
Error = :4.17e-03; Runtime: 317.0s; Iterations = 3500, grads =   5.418e-08, unitary_metric = 0.99998
Error = :4.16e-03; Runtime: 318.9s; Iterations = 3520, grads =   4.500e-08, unitary_metric = 0.99999
Error = :4.15e-03; Runtime: 320.7s; Iterations = 3540, grads =   4.095e-08, unitary_metric = 0.99999
Error = :4.13e-03; Runtime: 322.5s; Iterations = 3560, grads =   3.989e-08, unitary_metric = 0.99999
Error = :4.12e-03; Runtime: 324.3s; Iterations = 3580, grads =   3.963e-08, unitary_metric = 0.99999
Error = :4.11e-03; Runtime: 326.1s; Iterations = 3600, grads =   4.954e-08, unitary_metric = 0.99999
Error = :4.10e-03; Runtime: 328.1s; Iterations = 3620, grads =   1.089e-06, unitary_metric = 0.99999
Error = :4.10e-03; Runtime: 329.9s; Iterations = 3640, grads =   9.429e-05, unitary_metric = 0.99999
Error = :4.08e-03; Runtime: 331.7s; Iterations = 3660, grads =   3.187e-06, unitary_metric = 0.99999
Error = :4.06e-03; Runtime: 333.4s; Iterations = 3680, grads =   6.386e-08, unitary_metric = 0.99999
Error = :4.06e-03; Runtime: 335.2s; Iterations = 3700, grads =   1.109e-07, unitary_metric = 0.99999
Error = :4.05e-03; Runtime: 337.1s; Iterations = 3720, grads =   5.333e-08, unitary_metric = 0.99998
Error = :4.04e-03; Runtime: 338.9s; Iterations = 3740, grads =   3.102e-08, unitary_metric = 0.99999
Error = :4.03e-03; Runtime: 340.7s; Iterations = 3760, grads =   5.122e-08, unitary_metric = 0.99999
Error = :4.02e-03; Runtime: 342.5s; Iterations = 3780, grads =   4.928e-08, unitary_metric = 0.99999
Error = :4.01e-03; Runtime: 344.2s; Iterations = 3800, grads =   2.930e-08, unitary_metric = 0.99999
Error = :4.00e-03; Runtime: 346.2s; Iterations = 3820, grads =   2.729e-08, unitary_metric = 0.99998
Error = :3.99e-03; Runtime: 348.0s; Iterations = 3840, grads =   3.261e-08, unitary_metric = 0.99999
Error = :3.98e-03; Runtime: 349.7s; Iterations = 3860, grads =   3.536e-07, unitary_metric = 0.99999
Error = :3.98e-03; Runtime: 351.5s; Iterations = 3880, grads =   5.074e-05, unitary_metric = 0.99999
Error = :3.97e-03; Runtime: 353.3s; Iterations = 3900, grads =   7.015e-06, unitary_metric = 0.99999
Error = :3.96e-03; Runtime: 355.3s; Iterations = 3920, grads =   1.674e-06, unitary_metric = 0.99999
Error = :3.95e-03; Runtime: 357.0s; Iterations = 3940, grads =   2.805e-07, unitary_metric = 0.99999
Error = :3.95e-03; Runtime: 358.8s; Iterations = 3960, grads =   4.008e-06, unitary_metric = 0.99998
Error = :3.95e-03; Runtime: 360.7s; Iterations = 3980, grads =   6.843e-05, unitary_metric = 0.99999
Error = :3.94e-03; Runtime: 362.5s; Iterations = 4000, grads =   1.038e-05, unitary_metric = 0.99999
Error = :3.93e-03; Runtime: 364.4s; Iterations = 4020, grads =   5.634e-07, unitary_metric = 0.99999
Error = :3.92e-03; Runtime: 366.2s; Iterations = 4040, grads =   6.229e-08, unitary_metric = 0.99998
Error = :3.92e-03; Runtime: 367.9s; Iterations = 4060, grads =   3.771e-08, unitary_metric = 0.99998
Error = :3.91e-03; Runtime: 369.7s; Iterations = 4080, grads =   2.178e-08, unitary_metric = 0.99999
Error = :3.91e-03; Runtime: 371.5s; Iterations = 4100, grads =   2.388e-08, unitary_metric = 0.99998
Error = :3.90e-03; Runtime: 373.4s; Iterations = 4120, grads =   8.179e-07, unitary_metric = 0.99999
Error = :3.91e-03; Runtime: 375.2s; Iterations = 4140, grads =   8.486e-05, unitary_metric = 0.99998
Error = :3.89e-03; Runtime: 377.0s; Iterations = 4160, grads =   1.728e-05, unitary_metric = 0.99998
Error = :3.89e-03; Runtime: 378.8s; Iterations = 4180, grads =   2.281e-05, unitary_metric = 0.99998
Error = :3.88e-03; Runtime: 380.6s; Iterations = 4200, grads =   1.730e-06, unitary_metric = 0.99998
Error = :3.88e-03; Runtime: 382.5s; Iterations = 4220, grads =   3.725e-07, unitary_metric = 0.99999
Error = :3.87e-03; Runtime: 384.3s; Iterations = 4240, grads =   1.436e-07, unitary_metric = 0.99999
Error = :3.87e-03; Runtime: 386.1s; Iterations = 4260, grads =   1.148e-07, unitary_metric = 0.99999
Error = :3.86e-03; Runtime: 387.9s; Iterations = 4280, grads =   1.164e-06, unitary_metric = 0.99999
Error = :3.87e-03; Runtime: 389.6s; Iterations = 4300, grads =   5.446e-05, unitary_metric = 0.99999
Error = :3.86e-03; Runtime: 391.6s; Iterations = 4320, grads =   1.214e-05, unitary_metric = 0.99999
Error = :3.85e-03; Runtime: 393.4s; Iterations = 4340, grads =   5.323e-08, unitary_metric = 0.99999
Error = :3.85e-03; Runtime: 395.1s; Iterations = 4360, grads =   2.367e-07, unitary_metric = 0.99999
Error = :3.84e-03; Runtime: 396.9s; Iterations = 4380, grads =   4.940e-08, unitary_metric = 0.99999
Error = :3.84e-03; Runtime: 398.7s; Iterations = 4400, grads =   1.002e-07, unitary_metric = 0.99999
Error = :3.84e-03; Runtime: 400.7s; Iterations = 4420, grads =   9.465e-06, unitary_metric = 0.99999
Error = :3.84e-03; Runtime: 402.4s; Iterations = 4440, grads =   8.519e-06, unitary_metric = 0.99998
Error = :3.84e-03; Runtime: 404.2s; Iterations = 4460, grads =   3.384e-05, unitary_metric = 0.99999
Error = :3.83e-03; Runtime: 406.0s; Iterations = 4480, grads =   5.357e-06, unitary_metric = 0.99998
Error = :3.82e-03; Runtime: 407.8s; Iterations = 4500, grads =   8.314e-07, unitary_metric = 0.99999
Error = :3.82e-03; Runtime: 409.7s; Iterations = 4520, grads =   7.057e-08, unitary_metric = 0.99998
Error = :3.82e-03; Runtime: 411.5s; Iterations = 4540, grads =   1.038e-07, unitary_metric = 0.99999
Error = :3.82e-03; Runtime: 413.3s; Iterations = 4560, grads =   4.619e-07, unitary_metric = 0.99998
Error = :3.82e-03; Runtime: 415.1s; Iterations = 4580, grads =   1.891e-05, unitary_metric = 0.99999
Error = :3.81e-03; Runtime: 416.8s; Iterations = 4600, grads =   5.613e-06, unitary_metric = 0.99998
Error = :3.81e-03; Runtime: 418.8s; Iterations = 4620, grads =   4.765e-06, unitary_metric = 0.99998
Error = :3.81e-03; Runtime: 420.6s; Iterations = 4640, grads =   9.330e-06, unitary_metric = 0.99999
Error = :3.80e-03; Runtime: 422.3s; Iterations = 4660, grads =   1.373e-06, unitary_metric = 0.99999
Error = :3.80e-03; Runtime: 424.1s; Iterations = 4680, grads =   1.160e-07, unitary_metric = 0.99998
Error = :3.80e-03; Runtime: 425.9s; Iterations = 4700, grads =   1.187e-07, unitary_metric = 0.99999
Error = :3.80e-03; Runtime: 427.9s; Iterations = 4720, grads =   3.485e-07, unitary_metric = 0.99999
Error = :3.80e-03; Runtime: 429.6s; Iterations = 4740, grads =   1.134e-05, unitary_metric = 0.99999
Error = :3.79e-03; Runtime: 431.4s; Iterations = 4760, grads =   8.439e-06, unitary_metric = 0.99999
Error = :3.79e-03; Runtime: 433.2s; Iterations = 4780, grads =   3.287e-06, unitary_metric = 0.99999
Error = :3.79e-03; Runtime: 435.0s; Iterations = 4800, grads =   4.006e-07, unitary_metric = 0.99998
Error = :3.79e-03; Runtime: 436.9s; Iterations = 4820, grads =   4.081e-08, unitary_metric = 0.99999
Error = :3.78e-03; Runtime: 438.7s; Iterations = 4840, grads =   2.796e-08, unitary_metric = 0.99999
Error = :3.78e-03; Runtime: 440.5s; Iterations = 4860, grads =   2.054e-08, unitary_metric = 0.99999
Error = :3.78e-03; Runtime: 442.2s; Iterations = 4880, grads =   2.892e-08, unitary_metric = 0.99999
Error = :3.78e-03; Runtime: 444.0s; Iterations = 4900, grads =   6.635e-07, unitary_metric = 0.99999
Error = :3.78e-03; Runtime: 445.9s; Iterations = 4920, grads =   4.647e-05, unitary_metric = 0.99999
Error = :3.78e-03; Runtime: 447.7s; Iterations = 4940, grads =   1.112e-05, unitary_metric = 0.99999
Error = :3.77e-03; Runtime: 449.5s; Iterations = 4960, grads =   4.558e-07, unitary_metric = 0.99998
Error = :3.77e-03; Runtime: 451.3s; Iterations = 4980, grads =   3.204e-07, unitary_metric = 0.99999
Error = :3.77e-03; Runtime: 453.0s; Iterations = 5000, grads =   1.672e-08, unitary_metric = 0.99999
Error = :3.77e-03; Runtime: 455.0s; Iterations = 5020, grads =   1.431e-08, unitary_metric = 0.99999
Error = :3.77e-03; Runtime: 456.8s; Iterations = 5040, grads =   1.473e-08, unitary_metric = 0.99999
Error = :3.77e-03; Runtime: 458.5s; Iterations = 5060, grads =   1.506e-08, unitary_metric = 0.99999
Error = :3.76e-03; Runtime: 460.3s; Iterations = 5080, grads =   9.830e-09, unitary_metric = 0.99998
Error = :3.76e-03; Runtime: 462.1s; Iterations = 5100, grads =   6.336e-08, unitary_metric = 0.99999
Error = :3.76e-03; Runtime: 464.0s; Iterations = 5120, grads =   2.157e-06, unitary_metric = 0.99999
Error = :3.76e-03; Runtime: 465.8s; Iterations = 5140, grads =   2.968e-05, unitary_metric = 0.99999
Error = :3.76e-03; Runtime: 467.6s; Iterations = 5160, grads =   1.157e-05, unitary_metric = 0.99999
Error = :3.76e-03; Runtime: 469.3s; Iterations = 5180, grads =   2.038e-06, unitary_metric = 0.99999
Error = :3.76e-03; Runtime: 471.1s; Iterations = 5200, grads =   4.798e-08, unitary_metric = 0.99999
Error = :3.75e-03; Runtime: 473.0s; Iterations = 5220, grads =   2.628e-08, unitary_metric = 0.99999
Error = :3.75e-03; Runtime: 474.8s; Iterations = 5240, grads =   9.551e-09, unitary_metric = 0.99999
Error = :3.75e-03; Runtime: 476.6s; Iterations = 5260, grads =   8.619e-09, unitary_metric = 0.99999
Error = :3.75e-03; Runtime: 478.3s; Iterations = 5280, grads =   2.514e-08, unitary_metric = 0.99999
Error = :3.75e-03; Runtime: 480.1s; Iterations = 5300, grads =   1.394e-08, unitary_metric = 0.99999
Error = :3.75e-03; Runtime: 482.1s; Iterations = 5320, grads =   1.060e-07, unitary_metric = 0.99999
Error = :3.75e-03; Runtime: 483.9s; Iterations = 5340, grads =   3.991e-06, unitary_metric = 0.99999
Error = :3.75e-03; Runtime: 485.7s; Iterations = 5360, grads =   4.727e-06, unitary_metric = 0.99999
Error = :3.74e-03; Runtime: 487.4s; Iterations = 5380, grads =   3.081e-06, unitary_metric = 0.99999
Error = :3.74e-03; Runtime: 489.2s; Iterations = 5400, grads =   3.541e-07, unitary_metric = 0.99999
Error = :3.74e-03; Runtime: 491.2s; Iterations = 5420, grads =   6.323e-08, unitary_metric = 0.99999
Error = :3.74e-03; Runtime: 492.9s; Iterations = 5440, grads =   3.003e-08, unitary_metric = 0.99999
Error = :3.74e-03; Runtime: 494.7s; Iterations = 5460, grads =   8.032e-07, unitary_metric = 0.99998
Error = :3.74e-03; Runtime: 496.5s; Iterations = 5480, grads =   1.480e-05, unitary_metric = 0.99999
Error = :3.74e-03; Runtime: 498.3s; Iterations = 5500, grads =   5.372e-07, unitary_metric = 0.99999
Error = :3.74e-03; Runtime: 500.3s; Iterations = 5520, grads =   2.074e-06, unitary_metric = 0.99998
Error = :3.74e-03; Runtime: 502.1s; Iterations = 5540, grads =   1.577e-05, unitary_metric = 0.99999
Error = :3.73e-03; Runtime: 503.9s; Iterations = 5560, grads =   2.153e-06, unitary_metric = 0.99999
Error = :3.73e-03; Runtime: 505.6s; Iterations = 5580, grads =   3.304e-07, unitary_metric = 0.99999
Error = :3.73e-03; Runtime: 507.4s; Iterations = 5600, grads =   1.569e-08, unitary_metric = 0.99999
Error = :3.73e-03; Runtime: 509.3s; Iterations = 5620, grads =   4.683e-08, unitary_metric = 0.99999
Error = :3.73e-03; Runtime: 511.1s; Iterations = 5640, grads =   5.391e-07, unitary_metric = 0.99998
Error = :3.73e-03; Runtime: 512.9s; Iterations = 5660, grads =   2.567e-05, unitary_metric = 0.99999
Error = :3.73e-03; Runtime: 514.7s; Iterations = 5680, grads =   7.451e-06, unitary_metric = 0.99999
Error = :3.73e-03; Runtime: 516.4s; Iterations = 5700, grads =   1.036e-07, unitary_metric = 0.99999
Error = :3.73e-03; Runtime: 518.4s; Iterations = 5720, grads =   7.726e-08, unitary_metric = 0.99999
Error = :3.73e-03; Runtime: 520.2s; Iterations = 5740, grads =   3.130e-08, unitary_metric = 0.99999
Error = :3.73e-03; Runtime: 522.0s; Iterations = 5760, grads =   6.853e-09, unitary_metric = 0.99999
Error = :3.73e-03; Runtime: 523.7s; Iterations = 5780, grads =   5.348e-08, unitary_metric = 0.99999
Error = :3.72e-03; Runtime: 525.5s; Iterations = 5800, grads =   1.880e-08, unitary_metric = 0.99999
Error = :3.72e-03; Runtime: 527.5s; Iterations = 5820, grads =   2.237e-07, unitary_metric = 0.99999
Error = :3.73e-03; Runtime: 529.2s; Iterations = 5840, grads =   3.279e-05, unitary_metric = 0.99999
Error = :3.72e-03; Runtime: 531.0s; Iterations = 5860, grads =   6.162e-07, unitary_metric = 0.99999
Error = :3.72e-03; Runtime: 532.8s; Iterations = 5880, grads =   6.127e-06, unitary_metric = 0.99999
Error = :3.72e-03; Runtime: 534.6s; Iterations = 5900, grads =   4.616e-06, unitary_metric = 0.99999
Error = :3.72e-03; Runtime: 536.5s; Iterations = 5920, grads =   1.687e-07, unitary_metric = 0.99999
Error = :3.72e-03; Runtime: 538.2s; Iterations = 5940, grads =   2.286e-07, unitary_metric = 0.99999
Error = :3.72e-03; Runtime: 540.0s; Iterations = 5960, grads =   9.507e-08, unitary_metric = 0.99999
Error = :3.72e-03; Runtime: 541.7s; Iterations = 5980, grads =   5.123e-08, unitary_metric = 0.99999
Error = :3.72e-03; Runtime: 543.5s; Iterations = 6000, grads =   7.312e-07, unitary_metric = 0.99999
data saved at: /project/ftchong/qoc/pranav/00013_29_lih_slice_263.h5


trying total_time: 10.0 for unitary of size (4, 4)
data saved at: /project/ftchong/qoc/pranav/00014_29_lih_slice_263.h5
Using 6 Taylor terms and 1 Scaling & Squaring terms
Building graph:
Propagators initialized.
Operators weight initialized.
Intermediate propagation variables initialized.
Intermediate propagators initialized.
Vectors initialized.
Training loss initialized.
Optimizer initialized.
Utilities initialized.
Graph built!
Initialized
Error = :2.66e-02; Runtime: 0.3s; Iterations = 0, grads =   5.656e-01, unitary_metric = 1.00000
Error = :5.63e-04; Runtime: 1.5s; Iterations = 11, grads =   7.409e-03, unitary_metric = 1.00000
data saved at: /project/ftchong/qoc/pranav/00014_29_lih_slice_263.h5


trying total_time: 5.0 for unitary of size (4, 4)
data saved at: /project/ftchong/qoc/pranav/00015_29_lih_slice_263.h5
Using 6 Taylor terms and 1 Scaling & Squaring terms
Building graph:
Propagators initialized.
Operators weight initialized.
Intermediate propagation variables initialized.
Intermediate propagators initialized.
Vectors initialized.
Training loss initialized.
Optimizer initialized.
Utilities initialized.
Graph built!
Initialized
Error = :2.51e-02; Runtime: 0.1s; Iterations = 0, grads =   2.617e-01, unitary_metric = 1.00000
Error = :9.33e-04; Runtime: 1.0s; Iterations = 18, grads =   9.424e-03, unitary_metric = 1.00000
data saved at: /project/ftchong/qoc/pranav/00015_29_lih_slice_263.h5


trying total_time: 2.5 for unitary of size (4, 4)
data saved at: /project/ftchong/qoc/pranav/00016_29_lih_slice_263.h5
Using 6 Taylor terms and 1 Scaling & Squaring terms
Building graph:
Propagators initialized.
Operators weight initialized.
Intermediate propagation variables initialized.
Intermediate propagators initialized.
Vectors initialized.
Training loss initialized.
Optimizer initialized.
Utilities initialized.
Graph built!
Initialized
Error = :4.06e-02; Runtime: 0.1s; Iterations = 0, grads =   2.009e-01, unitary_metric = 1.00000
Error = :1.28e-03; Runtime: 0.6s; Iterations = 20, grads =   6.862e-03, unitary_metric = 1.00000
Error = :9.77e-04; Runtime: 0.7s; Iterations = 24, grads =   4.899e-03, unitary_metric = 1.00000
data saved at: /project/ftchong/qoc/pranav/00016_29_lih_slice_263.h5


trying total_time: 1.25 for unitary of size (4, 4)
data saved at: /project/ftchong/qoc/pranav/00017_29_lih_slice_263.h5
Using 6 Taylor terms and 1 Scaling & Squaring terms
Building graph:
Propagators initialized.
Operators weight initialized.
Intermediate propagation variables initialized.
Intermediate propagators initialized.
Vectors initialized.
Training loss initialized.
Optimizer initialized.
Utilities initialized.
Graph built!
Initialized
Error = :6.69e-02; Runtime: 0.1s; Iterations = 0, grads =   1.605e-01, unitary_metric = 1.00000
Error = :3.15e-03; Runtime: 0.4s; Iterations = 20, grads =   8.082e-03, unitary_metric = 1.00000
Error = :6.17e-04; Runtime: 0.4s; Iterations = 25, grads =   1.577e-03, unitary_metric = 1.00000
data saved at: /project/ftchong/qoc/pranav/00017_29_lih_slice_263.h5


trying total_time: 0.6 for unitary of size (4, 4)
data saved at: /project/ftchong/qoc/pranav/00018_29_lih_slice_263.h5
Using 7 Taylor terms and 0 Scaling & Squaring terms
Building graph:
Propagators initialized.
Operators weight initialized.
Intermediate propagation variables initialized.
Intermediate propagators initialized.
Vectors initialized.
Training loss initialized.
Optimizer initialized.
Utilities initialized.
Graph built!
Initialized
Error = :3.14e-02; Runtime: 0.0s; Iterations = 0, grads =   3.663e-02, unitary_metric = 1.00000
Error = :9.83e-04; Runtime: 0.2s; Iterations = 4, grads =   8.435e-04, unitary_metric = 1.00000
data saved at: /project/ftchong/qoc/pranav/00018_29_lih_slice_263.h5


trying total_time: 0.3 for unitary of size (4, 4)
data saved at: /project/ftchong/qoc/pranav/00019_29_lih_slice_263.h5
Using 5 Taylor terms and 1 Scaling & Squaring terms
Building graph:
Propagators initialized.
Operators weight initialized.
Intermediate propagation variables initialized.
Intermediate propagators initialized.
Vectors initialized.
Training loss initialized.
Optimizer initialized.
Utilities initialized.
Graph built!
Initialized
Error = :1.02e-01; Runtime: 0.0s; Iterations = 0, grads =   5.299e-02, unitary_metric = 1.00000
Error = :7.78e-04; Runtime: 0.2s; Iterations = 18, grads =   4.642e-04, unitary_metric = 1.00000
data saved at: /project/ftchong/qoc/pranav/00019_29_lih_slice_263.h5




[0.3, 5.3, 0.3]
TIME FOR SLICE IS:
5.3
