Running Block:  21


trying total_time: 10.0 for unitary of size (4, 4)
data saved at: /project/ftchong/qoc/pranav/00028_01_nah_slice_21.h5
Using 6 Taylor terms and 1 Scaling & Squaring terms
Building graph:
Propagators initialized.
Operators weight initialized.
Intermediate propagation variables initialized.
Intermediate propagators initialized.
Vectors initialized.
Training loss initialized.
Optimizer initialized.
Utilities initialized.
Graph built!
Initialized
Error = :1.86e-02; Runtime: 0.3s; Iterations = 0, grads =   3.363e-01, unitary_metric = 1.00000
Error = :1.54e-02; Runtime: 2.1s; Iterations = 20, grads =   3.303e-01, unitary_metric = 1.00000
Error = :2.39e-04; Runtime: 3.3s; Iterations = 38, grads =   4.792e-03, unitary_metric = 1.00000
data saved at: /project/ftchong/qoc/pranav/00028_01_nah_slice_21.h5


trying total_time: 5.0 for unitary of size (4, 4)
data saved at: /project/ftchong/qoc/pranav/00029_01_nah_slice_21.h5
Using 6 Taylor terms and 1 Scaling & Squaring terms
Building graph:
Propagators initialized.
Operators weight initialized.
Intermediate propagation variables initialized.
Intermediate propagators initialized.
Vectors initialized.
Training loss initialized.
Optimizer initialized.
Utilities initialized.
Graph built!
Initialized
Error = :8.22e-02; Runtime: 0.1s; Iterations = 0, grads =   7.748e-01, unitary_metric = 1.00000
Error = :2.53e-03; Runtime: 1.1s; Iterations = 20, grads =   2.569e-02, unitary_metric = 1.00000
Error = :7.96e-04; Runtime: 1.5s; Iterations = 32, grads =   8.159e-03, unitary_metric = 1.00000
data saved at: /project/ftchong/qoc/pranav/00029_01_nah_slice_21.h5


trying total_time: 2.5 for unitary of size (4, 4)
data saved at: /project/ftchong/qoc/pranav/00030_01_nah_slice_21.h5
Using 6 Taylor terms and 1 Scaling & Squaring terms
Building graph:
Propagators initialized.
Operators weight initialized.
Intermediate propagation variables initialized.
Intermediate propagators initialized.
Vectors initialized.
Training loss initialized.
Optimizer initialized.
Utilities initialized.
Graph built!
Initialized
Error = :2.13e-01; Runtime: 0.1s; Iterations = 0, grads =   8.852e-01, unitary_metric = 1.00000
Error = :1.36e-02; Runtime: 0.6s; Iterations = 20, grads =   7.241e-02, unitary_metric = 1.00000
Error = :5.30e-04; Runtime: 0.7s; Iterations = 25, grads =   2.483e-03, unitary_metric = 1.00000
data saved at: /project/ftchong/qoc/pranav/00030_01_nah_slice_21.h5


trying total_time: 1.25 for unitary of size (4, 4)
data saved at: /project/ftchong/qoc/pranav/00031_01_nah_slice_21.h5
Using 6 Taylor terms and 1 Scaling & Squaring terms
Building graph:
Propagators initialized.
Operators weight initialized.
Intermediate propagation variables initialized.
Intermediate propagators initialized.
Vectors initialized.
Training loss initialized.
Optimizer initialized.
Utilities initialized.
Graph built!
Initialized
Error = :2.58e-01; Runtime: 0.1s; Iterations = 0, grads =   4.699e-01, unitary_metric = 1.00000
Error = :3.85e-03; Runtime: 0.3s; Iterations = 20, grads =   1.003e-02, unitary_metric = 1.00000
Error = :9.33e-04; Runtime: 0.5s; Iterations = 36, grads =   2.475e-03, unitary_metric = 1.00000
data saved at: /project/ftchong/qoc/pranav/00031_01_nah_slice_21.h5


trying total_time: 0.6 for unitary of size (4, 4)
data saved at: /project/ftchong/qoc/pranav/00032_01_nah_slice_21.h5
Using 7 Taylor terms and 0 Scaling & Squaring terms
Building graph:
Propagators initialized.
Operators weight initialized.
Intermediate propagation variables initialized.
Intermediate propagators initialized.
Vectors initialized.
Training loss initialized.
Optimizer initialized.
Utilities initialized.
Graph built!
Initialized
Error = :7.42e-02; Runtime: 0.0s; Iterations = 0, grads =   8.252e-02, unitary_metric = 1.00000
Error = :7.84e-04; Runtime: 0.2s; Iterations = 11, grads =   8.746e-04, unitary_metric = 1.00000
data saved at: /project/ftchong/qoc/pranav/00032_01_nah_slice_21.h5


trying total_time: 0.3 for unitary of size (4, 4)
data saved at: /project/ftchong/qoc/pranav/00033_01_nah_slice_21.h5
Using 5 Taylor terms and 1 Scaling & Squaring terms
Building graph:
Propagators initialized.
Operators weight initialized.
Intermediate propagation variables initialized.
Intermediate propagators initialized.
Vectors initialized.
Training loss initialized.
Optimizer initialized.
Utilities initialized.
Graph built!
Initialized
Error = :2.52e-01; Runtime: 0.0s; Iterations = 0, grads =   9.550e-02, unitary_metric = 1.00000
Error = :7.36e-02; Runtime: 0.2s; Iterations = 20, grads =   3.880e-02, unitary_metric = 1.00000
Error = :5.43e-03; Runtime: 0.2s; Iterations = 40, grads =   3.193e-03, unitary_metric = 1.00000
Error = :9.11e-04; Runtime: 0.2s; Iterations = 47, grads =   5.246e-04, unitary_metric = 1.00000
data saved at: /project/ftchong/qoc/pranav/00033_01_nah_slice_21.h5


trying total_time: 40.0 for unitary of size (16, 16)
data saved at: /project/ftchong/qoc/pranav/00034_01_nah_slice_21.h5
Using 5 Taylor terms and 4 Scaling & Squaring terms
Building graph:
Propagators initialized.
Operators weight initialized.
Intermediate propagation variables initialized.
Intermediate propagators initialized.
Vectors initialized.
Training loss initialized.
Optimizer initialized.
Utilities initialized.
Graph built!
Initialized
Error = :9.91e-01; Runtime: 1.3s; Iterations = 0, grads =   8.313e-02, unitary_metric = 1.00044
Error = :2.71e-01; Runtime: 18.3s; Iterations = 20, grads =   4.889e+00, unitary_metric = 1.00033
Error = :1.82e-01; Runtime: 33.4s; Iterations = 40, grads =   4.915e-01, unitary_metric = 1.00030
Error = :1.67e-01; Runtime: 48.4s; Iterations = 60, grads =   1.094e-01, unitary_metric = 1.00032
Error = :8.44e-02; Runtime: 63.4s; Iterations = 80, grads =   1.681e-02, unitary_metric = 1.00027
Error = :6.72e-03; Runtime: 78.4s; Iterations = 100, grads =   2.853e-03, unitary_metric = 1.00024
Error = :2.25e-02; Runtime: 94.5s; Iterations = 120, grads =   1.882e+00, unitary_metric = 1.00025
Error = :9.20e-04; Runtime: 96.8s; Iterations = 123, grads =   7.999e-02, unitary_metric = 1.00026
data saved at: /project/ftchong/qoc/pranav/00034_01_nah_slice_21.h5


trying total_time: 20.0 for unitary of size (16, 16)
data saved at: /project/ftchong/qoc/pranav/00035_01_nah_slice_21.h5
Using 7 Taylor terms and 2 Scaling & Squaring terms
Building graph:
Propagators initialized.
Operators weight initialized.
Intermediate propagation variables initialized.
Intermediate propagators initialized.
Vectors initialized.
Training loss initialized.
Optimizer initialized.
Utilities initialized.
Graph built!
Initialized
Error = :8.54e-01; Runtime: 0.6s; Iterations = 0, grads =   4.705e-01, unitary_metric = 1.00001
Error = :2.25e-01; Runtime: 9.0s; Iterations = 20, grads =   9.687e-01, unitary_metric = 1.00001
Error = :1.74e-01; Runtime: 16.3s; Iterations = 40, grads =   1.097e-01, unitary_metric = 1.00000
Error = :1.70e-01; Runtime: 23.7s; Iterations = 60, grads =   1.758e-02, unitary_metric = 1.00001
Error = :1.69e-01; Runtime: 30.9s; Iterations = 80, grads =   1.746e-03, unitary_metric = 1.00000
Error = :1.69e-01; Runtime: 38.2s; Iterations = 100, grads =   2.209e-04, unitary_metric = 1.00000
Error = :1.69e-01; Runtime: 46.0s; Iterations = 120, grads =   4.469e-05, unitary_metric = 1.00000
Error = :1.69e-01; Runtime: 53.3s; Iterations = 140, grads =   3.917e-06, unitary_metric = 1.00000
Error = :1.69e-01; Runtime: 60.6s; Iterations = 160, grads =   1.229e-06, unitary_metric = 1.00000
Error = :1.69e-01; Runtime: 67.9s; Iterations = 180, grads =   5.003e-05, unitary_metric = 1.00000
Error = :1.73e-01; Runtime: 75.2s; Iterations = 200, grads =   1.632e-01, unitary_metric = 1.00000
Error = :1.69e-01; Runtime: 83.0s; Iterations = 220, grads =   2.265e-02, unitary_metric = 1.00000
Error = :1.69e-01; Runtime: 90.3s; Iterations = 240, grads =   1.665e-03, unitary_metric = 1.00000
Error = :1.69e-01; Runtime: 97.6s; Iterations = 260, grads =   3.844e-04, unitary_metric = 1.00000
Error = :1.69e-01; Runtime: 104.8s; Iterations = 280, grads =   3.170e-04, unitary_metric = 1.00000
Error = :1.69e-01; Runtime: 112.0s; Iterations = 300, grads =   4.084e-05, unitary_metric = 1.00000
Error = :1.69e-01; Runtime: 120.0s; Iterations = 320, grads =   2.089e-06, unitary_metric = 1.00000
Error = :1.69e-01; Runtime: 127.3s; Iterations = 340, grads =   5.314e-07, unitary_metric = 1.00000
Error = :1.69e-01; Runtime: 134.6s; Iterations = 360, grads =   1.068e-07, unitary_metric = 1.00000
Error = :1.69e-01; Runtime: 141.9s; Iterations = 380, grads =   4.231e-06, unitary_metric = 1.00000
Error = :1.78e-01; Runtime: 149.2s; Iterations = 400, grads =   3.229e-01, unitary_metric = 1.00000
Error = :1.69e-01; Runtime: 157.1s; Iterations = 420, grads =   2.718e-02, unitary_metric = 1.00000
Error = :1.69e-01; Runtime: 164.5s; Iterations = 440, grads =   2.140e-03, unitary_metric = 1.00000
Error = :1.69e-01; Runtime: 171.8s; Iterations = 460, grads =   6.672e-04, unitary_metric = 1.00000
Error = :1.69e-01; Runtime: 179.2s; Iterations = 480, grads =   5.549e-03, unitary_metric = 1.00000
Error = :1.69e-01; Runtime: 186.5s; Iterations = 500, grads =   1.289e-03, unitary_metric = 1.00000
Error = :1.69e-01; Runtime: 194.3s; Iterations = 520, grads =   1.808e-05, unitary_metric = 1.00000
Error = :1.69e-01; Runtime: 201.6s; Iterations = 540, grads =   4.042e-07, unitary_metric = 1.00000
Error = :1.69e-01; Runtime: 208.9s; Iterations = 560, grads =   2.345e-05, unitary_metric = 1.00000
Error = :1.69e-01; Runtime: 216.2s; Iterations = 580, grads =   1.408e-05, unitary_metric = 1.00000
Error = :1.69e-01; Runtime: 223.5s; Iterations = 600, grads =   1.196e-04, unitary_metric = 1.00000
Error = :1.71e-01; Runtime: 231.3s; Iterations = 620, grads =   6.935e-02, unitary_metric = 1.00000
Error = :1.69e-01; Runtime: 238.5s; Iterations = 640, grads =   7.857e-03, unitary_metric = 1.00000
Error = :1.69e-01; Runtime: 245.8s; Iterations = 660, grads =   9.710e-04, unitary_metric = 1.00000
Error = :1.69e-01; Runtime: 253.1s; Iterations = 680, grads =   1.168e-05, unitary_metric = 1.00000
Error = :1.69e-01; Runtime: 260.4s; Iterations = 700, grads =   1.341e-03, unitary_metric = 1.00000
Error = :1.69e-01; Runtime: 268.2s; Iterations = 720, grads =   1.321e-02, unitary_metric = 1.00000
Error = :1.69e-01; Runtime: 275.6s; Iterations = 740, grads =   3.303e-03, unitary_metric = 1.00000
Error = :1.69e-01; Runtime: 282.8s; Iterations = 760, grads =   3.350e-04, unitary_metric = 1.00000
Error = :1.69e-01; Runtime: 290.1s; Iterations = 780, grads =   4.470e-05, unitary_metric = 1.00000
Error = :1.75e-01; Runtime: 297.6s; Iterations = 800, grads =   2.396e-01, unitary_metric = 1.00000
Error = :1.69e-01; Runtime: 305.4s; Iterations = 820, grads =   1.600e-02, unitary_metric = 1.00001
Error = :1.69e-01; Runtime: 312.7s; Iterations = 840, grads =   7.671e-03, unitary_metric = 1.00001
Error = :1.69e-01; Runtime: 320.0s; Iterations = 860, grads =   1.003e-03, unitary_metric = 1.00001
Error = :1.69e-01; Runtime: 327.3s; Iterations = 880, grads =   5.267e-05, unitary_metric = 1.00001
Error = :1.69e-01; Runtime: 334.6s; Iterations = 900, grads =   3.342e-05, unitary_metric = 1.00001
Error = :1.69e-01; Runtime: 342.4s; Iterations = 920, grads =   8.341e-03, unitary_metric = 1.00001
Error = :1.69e-01; Runtime: 349.7s; Iterations = 940, grads =   2.937e-04, unitary_metric = 1.00001
Error = :1.69e-01; Runtime: 356.9s; Iterations = 960, grads =   8.689e-03, unitary_metric = 1.00001
Error = :1.69e-01; Runtime: 364.2s; Iterations = 980, grads =   6.167e-03, unitary_metric = 1.00001
Error = :1.69e-01; Runtime: 371.5s; Iterations = 1000, grads =   3.330e-03, unitary_metric = 1.00001
Error = :1.69e-01; Runtime: 379.3s; Iterations = 1020, grads =   3.336e-04, unitary_metric = 1.00001
Error = :1.69e-01; Runtime: 386.6s; Iterations = 1040, grads =   6.288e-05, unitary_metric = 1.00001
Error = :1.69e-01; Runtime: 393.9s; Iterations = 1060, grads =   9.641e-05, unitary_metric = 1.00001
Error = :1.72e-01; Runtime: 401.2s; Iterations = 1080, grads =   1.230e-01, unitary_metric = 1.00001
Error = :1.69e-01; Runtime: 408.5s; Iterations = 1100, grads =   2.565e-03, unitary_metric = 1.00001
Error = :1.69e-01; Runtime: 416.2s; Iterations = 1120, grads =   4.706e-04, unitary_metric = 1.00001
Error = :1.69e-01; Runtime: 423.5s; Iterations = 1140, grads =   2.198e-02, unitary_metric = 1.00001
Error = :1.71e-01; Runtime: 430.8s; Iterations = 1160, grads =   7.731e-02, unitary_metric = 1.00000
Error = :1.69e-01; Runtime: 438.1s; Iterations = 1180, grads =   1.330e-02, unitary_metric = 1.00001
Error = :1.69e-01; Runtime: 445.3s; Iterations = 1200, grads =   7.766e-04, unitary_metric = 1.00001
Error = :1.69e-01; Runtime: 453.1s; Iterations = 1220, grads =   1.902e-04, unitary_metric = 1.00001
Error = :1.69e-01; Runtime: 460.4s; Iterations = 1240, grads =   6.828e-06, unitary_metric = 1.00001
Error = :1.69e-01; Runtime: 467.7s; Iterations = 1260, grads =   3.593e-06, unitary_metric = 1.00001
Error = :1.69e-01; Runtime: 475.1s; Iterations = 1280, grads =   1.007e-04, unitary_metric = 1.00001
Error = :1.71e-01; Runtime: 482.4s; Iterations = 1300, grads =   8.208e-02, unitary_metric = 1.00001
Error = :1.69e-01; Runtime: 490.2s; Iterations = 1320, grads =   7.188e-03, unitary_metric = 1.00001
Error = :1.69e-01; Runtime: 497.4s; Iterations = 1340, grads =   7.386e-04, unitary_metric = 1.00001
Error = :1.69e-01; Runtime: 504.7s; Iterations = 1360, grads =   2.886e-03, unitary_metric = 1.00001
Error = :1.70e-01; Runtime: 512.0s; Iterations = 1380, grads =   3.447e-02, unitary_metric = 1.00001
Error = :1.69e-01; Runtime: 519.2s; Iterations = 1400, grads =   8.736e-04, unitary_metric = 1.00001
Error = :1.70e-01; Runtime: 527.2s; Iterations = 1420, grads =   3.122e-02, unitary_metric = 1.00001
Error = :1.69e-01; Runtime: 534.5s; Iterations = 1440, grads =   3.456e-03, unitary_metric = 1.00001
Error = :1.69e-01; Runtime: 541.8s; Iterations = 1460, grads =   6.494e-05, unitary_metric = 1.00000
Error = :1.69e-01; Runtime: 549.0s; Iterations = 1480, grads =   1.679e-06, unitary_metric = 1.00000
Error = :1.69e-01; Runtime: 556.3s; Iterations = 1500, grads =   8.833e-05, unitary_metric = 1.00001
Error = :1.71e-01; Runtime: 564.0s; Iterations = 1520, grads =   8.269e-02, unitary_metric = 1.00000
Error = :1.69e-01; Runtime: 571.3s; Iterations = 1540, grads =   2.716e-03, unitary_metric = 1.00000
Error = :1.69e-01; Runtime: 578.6s; Iterations = 1560, grads =   1.269e-03, unitary_metric = 1.00001
Error = :1.69e-01; Runtime: 585.9s; Iterations = 1580, grads =   1.563e-07, unitary_metric = 1.00000
Error = :1.69e-01; Runtime: 593.2s; Iterations = 1600, grads =   2.181e-05, unitary_metric = 1.00001
Error = :1.69e-01; Runtime: 601.0s; Iterations = 1620, grads =   2.311e-02, unitary_metric = 1.00001
Error = :1.69e-01; Runtime: 608.4s; Iterations = 1640, grads =   1.682e-02, unitary_metric = 1.00001
Error = :1.69e-01; Runtime: 615.6s; Iterations = 1660, grads =   2.123e-03, unitary_metric = 1.00001
Error = :1.69e-01; Runtime: 623.0s; Iterations = 1680, grads =   2.139e-04, unitary_metric = 1.00000
Error = :1.69e-01; Runtime: 630.3s; Iterations = 1700, grads =   4.260e-06, unitary_metric = 1.00001
Error = :1.69e-01; Runtime: 638.0s; Iterations = 1720, grads =   5.725e-04, unitary_metric = 1.00000
Error = :1.69e-01; Runtime: 645.3s; Iterations = 1740, grads =   1.938e-03, unitary_metric = 1.00001
Error = :1.69e-01; Runtime: 652.6s; Iterations = 1760, grads =   1.760e-02, unitary_metric = 1.00001
Error = :1.69e-01; Runtime: 659.9s; Iterations = 1780, grads =   2.332e-03, unitary_metric = 1.00001
Error = :1.69e-01; Runtime: 667.2s; Iterations = 1800, grads =   1.739e-04, unitary_metric = 1.00001
Error = :1.69e-01; Runtime: 675.0s; Iterations = 1820, grads =   9.822e-05, unitary_metric = 1.00001
Error = :1.69e-01; Runtime: 682.3s; Iterations = 1840, grads =   8.625e-06, unitary_metric = 1.00001
Error = :1.69e-01; Runtime: 689.5s; Iterations = 1860, grads =   4.603e-07, unitary_metric = 1.00000
Error = :1.69e-01; Runtime: 696.8s; Iterations = 1880, grads =   4.358e-07, unitary_metric = 1.00000
Error = :1.69e-01; Runtime: 704.2s; Iterations = 1900, grads =   1.264e-07, unitary_metric = 1.00001
Error = :1.69e-01; Runtime: 711.9s; Iterations = 1920, grads =   5.644e-06, unitary_metric = 1.00000
Error = :1.69e-01; Runtime: 719.3s; Iterations = 1940, grads =   1.045e-02, unitary_metric = 1.00001
Error = :1.69e-01; Runtime: 726.6s; Iterations = 1960, grads =   9.246e-06, unitary_metric = 1.00001
Error = :1.69e-01; Runtime: 733.9s; Iterations = 1980, grads =   1.741e-03, unitary_metric = 1.00001
Error = :1.69e-01; Runtime: 741.2s; Iterations = 2000, grads =   5.579e-03, unitary_metric = 1.00001
Error = :1.69e-01; Runtime: 749.0s; Iterations = 2020, grads =   1.043e-02, unitary_metric = 1.00001
Error = :1.69e-01; Runtime: 756.3s; Iterations = 2040, grads =   4.331e-04, unitary_metric = 1.00001
Error = :1.69e-01; Runtime: 763.5s; Iterations = 2060, grads =   4.883e-05, unitary_metric = 1.00001
Error = :1.69e-01; Runtime: 770.8s; Iterations = 2080, grads =   5.529e-06, unitary_metric = 1.00001
Error = :1.69e-01; Runtime: 778.1s; Iterations = 2100, grads =   4.609e-07, unitary_metric = 1.00001
Error = :1.69e-01; Runtime: 785.8s; Iterations = 2120, grads =   1.131e-07, unitary_metric = 1.00001
Error = :1.69e-01; Runtime: 793.1s; Iterations = 2140, grads =   1.609e-08, unitary_metric = 1.00001
Error = :1.69e-01; Runtime: 800.4s; Iterations = 2160, grads =   2.513e-09, unitary_metric = 1.00001
Error = :1.69e-01; Runtime: 807.6s; Iterations = 2180, grads =   2.148e-09, unitary_metric = 1.00001
Error = :1.69e-01; Runtime: 815.0s; Iterations = 2200, grads =   4.040e-08, unitary_metric = 1.00001
Error = :1.69e-01; Runtime: 822.8s; Iterations = 2220, grads =   2.325e-06, unitary_metric = 1.00001
Error = :1.69e-01; Runtime: 830.1s; Iterations = 2240, grads =   7.874e-04, unitary_metric = 1.00001
Error = :1.69e-01; Runtime: 837.4s; Iterations = 2260, grads =   1.085e-02, unitary_metric = 1.00001
Error = :1.69e-01; Runtime: 844.7s; Iterations = 2280, grads =   6.842e-03, unitary_metric = 1.00001
Error = :1.69e-01; Runtime: 852.0s; Iterations = 2300, grads =   7.247e-03, unitary_metric = 1.00001
Error = :1.69e-01; Runtime: 859.6s; Iterations = 2320, grads =   9.141e-04, unitary_metric = 1.00001
Error = :1.69e-01; Runtime: 866.9s; Iterations = 2340, grads =   1.211e-04, unitary_metric = 1.00001
Error = :1.69e-01; Runtime: 874.2s; Iterations = 2360, grads =   2.243e-06, unitary_metric = 1.00001
Error = :1.69e-01; Runtime: 881.5s; Iterations = 2380, grads =   1.521e-05, unitary_metric = 1.00001
Error = :1.69e-01; Runtime: 888.8s; Iterations = 2400, grads =   3.750e-03, unitary_metric = 1.00001
Error = :1.69e-01; Runtime: 896.6s; Iterations = 2420, grads =   1.882e-03, unitary_metric = 1.00001
Error = :1.69e-01; Runtime: 903.8s; Iterations = 2440, grads =   6.169e-05, unitary_metric = 1.00001
Error = :1.69e-01; Runtime: 911.1s; Iterations = 2460, grads =   1.397e-05, unitary_metric = 1.00001
Error = :1.69e-01; Runtime: 918.4s; Iterations = 2480, grads =   1.078e-05, unitary_metric = 1.00001
Error = :1.69e-01; Runtime: 925.7s; Iterations = 2500, grads =   2.618e-03, unitary_metric = 1.00001
Error = :1.69e-01; Runtime: 933.6s; Iterations = 2520, grads =   1.471e-02, unitary_metric = 1.00001
Error = :1.69e-01; Runtime: 940.8s; Iterations = 2540, grads =   1.869e-03, unitary_metric = 1.00001
Error = :1.69e-01; Runtime: 948.4s; Iterations = 2560, grads =   5.836e-03, unitary_metric = 1.00001
Error = :1.69e-01; Runtime: 955.6s; Iterations = 2580, grads =   7.347e-04, unitary_metric = 1.00001
Error = :1.69e-01; Runtime: 962.9s; Iterations = 2600, grads =   1.441e-02, unitary_metric = 1.00001
Error = :1.69e-01; Runtime: 970.6s; Iterations = 2620, grads =   3.388e-03, unitary_metric = 1.00001
Error = :1.69e-01; Runtime: 977.9s; Iterations = 2640, grads =   9.933e-05, unitary_metric = 1.00001
Error = :1.69e-01; Runtime: 985.1s; Iterations = 2660, grads =   1.899e-05, unitary_metric = 1.00001
Error = :1.69e-01; Runtime: 992.4s; Iterations = 2680, grads =   6.227e-06, unitary_metric = 1.00001
Error = :1.69e-01; Runtime: 999.7s; Iterations = 2700, grads =   3.510e-06, unitary_metric = 1.00001
Error = :1.69e-01; Runtime: 1007.5s; Iterations = 2720, grads =   4.648e-04, unitary_metric = 1.00001
Error = :1.69e-01; Runtime: 1014.7s; Iterations = 2740, grads =   8.945e-04, unitary_metric = 1.00001
Error = :1.69e-01; Runtime: 1022.0s; Iterations = 2760, grads =   1.181e-02, unitary_metric = 1.00001
Error = :1.69e-01; Runtime: 1029.3s; Iterations = 2780, grads =   9.699e-03, unitary_metric = 1.00001
Error = :1.69e-01; Runtime: 1036.5s; Iterations = 2800, grads =   6.534e-04, unitary_metric = 1.00001
Error = :1.69e-01; Runtime: 1044.3s; Iterations = 2820, grads =   2.999e-05, unitary_metric = 1.00001
Error = :1.69e-01; Runtime: 1051.6s; Iterations = 2840, grads =   8.459e-06, unitary_metric = 1.00001
Error = :1.69e-01; Runtime: 1058.9s; Iterations = 2860, grads =   1.649e-06, unitary_metric = 1.00001
Error = :1.69e-01; Runtime: 1066.2s; Iterations = 2880, grads =   1.114e-06, unitary_metric = 1.00001
Error = :1.69e-01; Runtime: 1073.5s; Iterations = 2900, grads =   1.427e-05, unitary_metric = 1.00001
Error = :1.69e-01; Runtime: 1081.3s; Iterations = 2920, grads =   1.485e-03, unitary_metric = 1.00001
Error = :1.69e-01; Runtime: 1088.5s; Iterations = 2940, grads =   2.154e-04, unitary_metric = 1.00001
Error = :1.69e-01; Runtime: 1095.7s; Iterations = 2960, grads =   2.215e-04, unitary_metric = 1.00001
Error = :1.69e-01; Runtime: 1103.0s; Iterations = 2980, grads =   1.610e-02, unitary_metric = 1.00001
Error = :1.69e-01; Runtime: 1110.3s; Iterations = 3000, grads =   3.353e-03, unitary_metric = 1.00001
Error = :1.69e-01; Runtime: 1118.1s; Iterations = 3020, grads =   4.978e-04, unitary_metric = 1.00001
Error = :1.69e-01; Runtime: 1125.3s; Iterations = 3040, grads =   1.078e-04, unitary_metric = 1.00001
Error = :1.69e-01; Runtime: 1132.6s; Iterations = 3060, grads =   2.703e-05, unitary_metric = 1.00001
Error = :1.69e-01; Runtime: 1139.8s; Iterations = 3080, grads =   1.379e-05, unitary_metric = 1.00001
Error = :1.69e-01; Runtime: 1147.1s; Iterations = 3100, grads =   1.843e-06, unitary_metric = 1.00001
Error = :1.69e-01; Runtime: 1155.0s; Iterations = 3120, grads =   6.872e-06, unitary_metric = 1.00001
Error = :1.69e-01; Runtime: 1162.2s; Iterations = 3140, grads =   2.662e-03, unitary_metric = 1.00001
Error = :1.69e-01; Runtime: 1169.4s; Iterations = 3160, grads =   6.507e-03, unitary_metric = 1.00001
Error = :1.69e-01; Runtime: 1176.7s; Iterations = 3180, grads =   5.089e-04, unitary_metric = 1.00001
Error = :1.69e-01; Runtime: 1184.0s; Iterations = 3200, grads =   2.497e-05, unitary_metric = 1.00001
Error = :1.69e-01; Runtime: 1192.1s; Iterations = 3220, grads =   4.633e-03, unitary_metric = 1.00001
Error = :1.69e-01; Runtime: 1199.4s; Iterations = 3240, grads =   1.423e-03, unitary_metric = 1.00001
Error = :1.69e-01; Runtime: 1206.7s; Iterations = 3260, grads =   1.753e-03, unitary_metric = 1.00001
Error = :1.69e-01; Runtime: 1214.0s; Iterations = 3280, grads =   3.529e-04, unitary_metric = 1.00001
Error = :1.69e-01; Runtime: 1221.2s; Iterations = 3300, grads =   1.424e-04, unitary_metric = 1.00001
Error = :1.69e-01; Runtime: 1228.9s; Iterations = 3320, grads =   2.036e-05, unitary_metric = 1.00001
Error = :1.69e-01; Runtime: 1236.1s; Iterations = 3340, grads =   1.236e-06, unitary_metric = 1.00001
Error = :1.69e-01; Runtime: 1243.4s; Iterations = 3360, grads =   1.119e-07, unitary_metric = 1.00001
Error = :1.69e-01; Runtime: 1250.7s; Iterations = 3380, grads =   2.796e-08, unitary_metric = 1.00001
Error = :1.69e-01; Runtime: 1257.9s; Iterations = 3400, grads =   3.542e-07, unitary_metric = 1.00000
Error = :1.69e-01; Runtime: 1265.7s; Iterations = 3420, grads =   2.525e-04, unitary_metric = 1.00001
Error = :1.69e-01; Runtime: 1273.0s; Iterations = 3440, grads =   2.422e-03, unitary_metric = 1.00001
Error = :1.69e-01; Runtime: 1280.3s; Iterations = 3460, grads =   5.077e-04, unitary_metric = 1.00001
Error = :1.69e-01; Runtime: 1287.5s; Iterations = 3480, grads =   1.726e-04, unitary_metric = 1.00001
Error = :1.69e-01; Runtime: 1294.8s; Iterations = 3500, grads =   5.279e-03, unitary_metric = 1.00001
Error = :1.69e-01; Runtime: 1302.5s; Iterations = 3520, grads =   1.991e-03, unitary_metric = 1.00001
Error = :1.69e-01; Runtime: 1309.9s; Iterations = 3540, grads =   5.021e-03, unitary_metric = 1.00001
Error = :1.69e-01; Runtime: 1317.1s; Iterations = 3560, grads =   5.332e-04, unitary_metric = 1.00001
Error = :1.69e-01; Runtime: 1324.5s; Iterations = 3580, grads =   1.639e-04, unitary_metric = 1.00001
Error = :1.69e-01; Runtime: 1331.7s; Iterations = 3600, grads =   1.216e-05, unitary_metric = 1.00001
Error = :1.69e-01; Runtime: 1339.5s; Iterations = 3620, grads =   1.354e-06, unitary_metric = 1.00001
Error = :1.69e-01; Runtime: 1346.9s; Iterations = 3640, grads =   8.754e-08, unitary_metric = 1.00001
Error = :1.69e-01; Runtime: 1354.1s; Iterations = 3660, grads =   1.355e-08, unitary_metric = 1.00001
Error = :1.69e-01; Runtime: 1361.3s; Iterations = 3680, grads =   3.037e-09, unitary_metric = 1.00001
Error = :1.69e-01; Runtime: 1368.5s; Iterations = 3700, grads =   7.131e-08, unitary_metric = 1.00001
Error = :1.69e-01; Runtime: 1376.3s; Iterations = 3720, grads =   7.743e-06, unitary_metric = 1.00001
Error = :1.69e-01; Runtime: 1383.6s; Iterations = 3740, grads =   2.631e-03, unitary_metric = 1.00001
Error = :1.69e-01; Runtime: 1390.9s; Iterations = 3760, grads =   3.426e-03, unitary_metric = 1.00001
Error = :1.69e-01; Runtime: 1398.2s; Iterations = 3780, grads =   3.438e-04, unitary_metric = 1.00001
Error = :1.69e-01; Runtime: 1405.5s; Iterations = 3800, grads =   1.128e-03, unitary_metric = 1.00001
Error = :1.69e-01; Runtime: 1413.3s; Iterations = 3820, grads =   5.013e-03, unitary_metric = 1.00001
Error = :1.69e-01; Runtime: 1420.5s; Iterations = 3840, grads =   1.837e-03, unitary_metric = 1.00001
Error = :1.69e-01; Runtime: 1427.8s; Iterations = 3860, grads =   3.872e-03, unitary_metric = 1.00001
Error = :1.69e-01; Runtime: 1435.1s; Iterations = 3880, grads =   5.272e-04, unitary_metric = 1.00001
Error = :1.69e-01; Runtime: 1442.4s; Iterations = 3900, grads =   7.131e-05, unitary_metric = 1.00001
Error = :1.69e-01; Runtime: 1450.2s; Iterations = 3920, grads =   8.544e-06, unitary_metric = 1.00001
Error = :1.69e-01; Runtime: 1457.4s; Iterations = 3940, grads =   1.596e-07, unitary_metric = 1.00001
Error = :1.69e-01; Runtime: 1464.6s; Iterations = 3960, grads =   1.383e-07, unitary_metric = 1.00000
Error = :1.69e-01; Runtime: 1471.8s; Iterations = 3980, grads =   6.520e-09, unitary_metric = 1.00001
Error = :1.69e-01; Runtime: 1479.1s; Iterations = 4000, grads =   1.362e-06, unitary_metric = 1.00001
Error = :1.69e-01; Runtime: 1487.0s; Iterations = 4020, grads =   1.156e-03, unitary_metric = 1.00001
Error = :1.69e-01; Runtime: 1494.3s; Iterations = 4040, grads =   5.008e-03, unitary_metric = 1.00001
Error = :1.69e-01; Runtime: 1501.6s; Iterations = 4060, grads =   4.600e-05, unitary_metric = 1.00001
Error = :1.69e-01; Runtime: 1508.8s; Iterations = 4080, grads =   8.644e-03, unitary_metric = 1.00001
Error = :1.69e-01; Runtime: 1516.1s; Iterations = 4100, grads =   3.221e-03, unitary_metric = 1.00001
Error = :1.69e-01; Runtime: 1523.9s; Iterations = 4120, grads =   5.764e-04, unitary_metric = 1.00001
Error = :1.69e-01; Runtime: 1531.2s; Iterations = 4140, grads =   5.402e-05, unitary_metric = 1.00001
Error = :1.69e-01; Runtime: 1538.4s; Iterations = 4160, grads =   1.026e-05, unitary_metric = 1.00001
Error = :1.69e-01; Runtime: 1545.9s; Iterations = 4180, grads =   2.241e-06, unitary_metric = 1.00001
Error = :1.69e-01; Runtime: 1553.1s; Iterations = 4200, grads =   5.227e-07, unitary_metric = 1.00001
Error = :1.69e-01; Runtime: 1560.9s; Iterations = 4220, grads =   8.176e-08, unitary_metric = 1.00001
Error = :1.69e-01; Runtime: 1568.2s; Iterations = 4240, grads =   1.116e-08, unitary_metric = 1.00001
Error = :1.69e-01; Runtime: 1575.4s; Iterations = 4260, grads =   1.106e-09, unitary_metric = 1.00001
Error = :1.69e-01; Runtime: 1582.6s; Iterations = 4280, grads =   2.505e-08, unitary_metric = 1.00001
Error = :1.69e-01; Runtime: 1589.8s; Iterations = 4300, grads =   7.962e-07, unitary_metric = 1.00001
Error = :1.69e-01; Runtime: 1597.6s; Iterations = 4320, grads =   1.345e-04, unitary_metric = 1.00001
Error = :1.69e-01; Runtime: 1604.8s; Iterations = 4340, grads =   4.511e-03, unitary_metric = 1.00001
Error = :1.69e-01; Runtime: 1612.1s; Iterations = 4360, grads =   4.782e-03, unitary_metric = 1.00001
Error = :1.69e-01; Runtime: 1619.3s; Iterations = 4380, grads =   7.197e-03, unitary_metric = 1.00001
Error = :1.69e-01; Runtime: 1626.5s; Iterations = 4400, grads =   4.209e-04, unitary_metric = 1.00001
Error = :1.69e-01; Runtime: 1634.3s; Iterations = 4420, grads =   1.267e-04, unitary_metric = 1.00001
Error = :1.69e-01; Runtime: 1641.6s; Iterations = 4440, grads =   1.269e-05, unitary_metric = 1.00001
Error = :1.69e-01; Runtime: 1648.8s; Iterations = 4460, grads =   8.610e-07, unitary_metric = 1.00001
Error = :1.69e-01; Runtime: 1656.1s; Iterations = 4480, grads =   4.300e-08, unitary_metric = 1.00001
Error = :1.69e-01; Runtime: 1663.3s; Iterations = 4500, grads =   2.708e-08, unitary_metric = 1.00001
Error = :1.69e-01; Runtime: 1671.0s; Iterations = 4520, grads =   8.002e-09, unitary_metric = 1.00001
Error = :1.69e-01; Runtime: 1678.2s; Iterations = 4540, grads =   2.021e-08, unitary_metric = 1.00001
Error = :1.69e-01; Runtime: 1685.5s; Iterations = 4560, grads =   2.765e-07, unitary_metric = 1.00001
Error = :1.69e-01; Runtime: 1692.7s; Iterations = 4580, grads =   2.574e-05, unitary_metric = 1.00001
Error = :1.69e-01; Runtime: 1700.0s; Iterations = 4600, grads =   7.778e-03, unitary_metric = 1.00001
Error = :1.69e-01; Runtime: 1707.7s; Iterations = 4620, grads =   2.972e-04, unitary_metric = 1.00001
Error = :1.69e-01; Runtime: 1714.9s; Iterations = 4640, grads =   8.138e-05, unitary_metric = 1.00001
Error = :1.69e-01; Runtime: 1722.1s; Iterations = 4660, grads =   5.148e-03, unitary_metric = 1.00001
Error = :1.69e-01; Runtime: 1729.3s; Iterations = 4680, grads =   1.037e-04, unitary_metric = 1.00001
Error = :1.69e-01; Runtime: 1736.5s; Iterations = 4700, grads =   1.400e-04, unitary_metric = 1.00001
Error = :1.69e-01; Runtime: 1744.3s; Iterations = 4720, grads =   6.367e-06, unitary_metric = 1.00001
Error = :1.69e-01; Runtime: 1751.5s; Iterations = 4740, grads =   4.407e-06, unitary_metric = 1.00001
Error = :1.69e-01; Runtime: 1758.7s; Iterations = 4760, grads =   2.056e-07, unitary_metric = 1.00001
Error = :1.69e-01; Runtime: 1765.9s; Iterations = 4780, grads =   8.474e-08, unitary_metric = 1.00001
Error = :1.69e-01; Runtime: 1773.2s; Iterations = 4800, grads =   3.362e-08, unitary_metric = 1.00001
Error = :1.69e-01; Runtime: 1780.9s; Iterations = 4820, grads =   2.409e-07, unitary_metric = 1.00001
Error = :1.69e-01; Runtime: 1788.1s; Iterations = 4840, grads =   7.729e-06, unitary_metric = 1.00001
Error = :1.69e-01; Runtime: 1795.3s; Iterations = 4860, grads =   1.158e-03, unitary_metric = 1.00001
Error = :1.69e-01; Runtime: 1802.5s; Iterations = 4880, grads =   2.023e-03, unitary_metric = 1.00001
Error = :1.69e-01; Runtime: 1809.8s; Iterations = 4900, grads =   2.995e-03, unitary_metric = 1.00001
Error = :1.69e-01; Runtime: 1817.5s; Iterations = 4920, grads =   8.568e-04, unitary_metric = 1.00001
Error = :1.69e-01; Runtime: 1824.7s; Iterations = 4940, grads =   1.005e-04, unitary_metric = 1.00001
Error = :1.69e-01; Runtime: 1831.9s; Iterations = 4960, grads =   1.724e-06, unitary_metric = 1.00001
Error = :1.69e-01; Runtime: 1839.2s; Iterations = 4980, grads =   2.308e-06, unitary_metric = 1.00001
Error = :1.69e-01; Runtime: 1846.4s; Iterations = 5000, grads =   1.749e-07, unitary_metric = 1.00001
Error = :1.69e-01; Runtime: 1854.2s; Iterations = 5020, grads =   2.551e-08, unitary_metric = 1.00001
Error = :1.69e-01; Runtime: 1861.5s; Iterations = 5040, grads =   1.251e-08, unitary_metric = 1.00001
Error = :1.69e-01; Runtime: 1868.7s; Iterations = 5060, grads =   2.371e-07, unitary_metric = 1.00001
Error = :1.69e-01; Runtime: 1876.0s; Iterations = 5080, grads =   5.552e-05, unitary_metric = 1.00001
Error = :1.69e-01; Runtime: 1883.2s; Iterations = 5100, grads =   8.278e-04, unitary_metric = 1.00001
Error = :1.69e-01; Runtime: 1891.0s; Iterations = 5120, grads =   4.924e-04, unitary_metric = 1.00001
Error = :1.69e-01; Runtime: 1898.3s; Iterations = 5140, grads =   3.076e-03, unitary_metric = 1.00001
Error = :1.69e-01; Runtime: 1905.5s; Iterations = 5160, grads =   2.082e-04, unitary_metric = 1.00001
Error = :1.69e-01; Runtime: 1912.7s; Iterations = 5180, grads =   1.271e-04, unitary_metric = 1.00001
Error = :1.69e-01; Runtime: 1919.9s; Iterations = 5200, grads =   1.437e-05, unitary_metric = 1.00001
Error = :1.69e-01; Runtime: 1927.6s; Iterations = 5220, grads =   7.559e-07, unitary_metric = 1.00001
Error = :1.69e-01; Runtime: 1934.9s; Iterations = 5240, grads =   2.059e-08, unitary_metric = 1.00001
Error = :1.69e-01; Runtime: 1942.1s; Iterations = 5260, grads =   3.590e-08, unitary_metric = 1.00001
Error = :1.69e-01; Runtime: 1949.3s; Iterations = 5280, grads =   2.686e-09, unitary_metric = 1.00001
Error = :1.69e-01; Runtime: 1956.5s; Iterations = 5300, grads =   2.801e-10, unitary_metric = 1.00001
Error = :1.69e-01; Runtime: 1964.4s; Iterations = 5320, grads =   2.523e-09, unitary_metric = 1.00001
Error = :1.69e-01; Runtime: 1971.6s; Iterations = 5340, grads =   7.483e-09, unitary_metric = 1.00001
Error = :1.69e-01; Runtime: 1978.9s; Iterations = 5360, grads =   3.606e-08, unitary_metric = 1.00001
Error = :1.69e-01; Runtime: 1986.1s; Iterations = 5380, grads =   9.361e-06, unitary_metric = 1.00001
Error = :1.69e-01; Runtime: 1993.3s; Iterations = 5400, grads =   3.093e-03, unitary_metric = 1.00001
Error = :1.69e-01; Runtime: 2001.1s; Iterations = 5420, grads =   1.847e-03, unitary_metric = 1.00001
Error = :1.69e-01; Runtime: 2008.4s; Iterations = 5440, grads =   1.453e-03, unitary_metric = 1.00001
Error = :1.69e-01; Runtime: 2015.6s; Iterations = 5460, grads =   3.414e-03, unitary_metric = 1.00001
Error = :1.69e-01; Runtime: 2022.8s; Iterations = 5480, grads =   3.182e-04, unitary_metric = 1.00001
Error = :1.69e-01; Runtime: 2030.0s; Iterations = 5500, grads =   4.857e-05, unitary_metric = 1.00001
Error = :1.69e-01; Runtime: 2037.8s; Iterations = 5520, grads =   4.852e-06, unitary_metric = 1.00001
Error = :1.69e-01; Runtime: 2045.0s; Iterations = 5540, grads =   3.371e-07, unitary_metric = 1.00001
Error = :1.69e-01; Runtime: 2052.2s; Iterations = 5560, grads =   5.672e-09, unitary_metric = 1.00001
Error = :1.69e-01; Runtime: 2059.4s; Iterations = 5580, grads =   2.461e-08, unitary_metric = 1.00001
Error = :1.69e-01; Runtime: 2066.7s; Iterations = 5600, grads =   5.103e-08, unitary_metric = 1.00001
Error = :1.69e-01; Runtime: 2074.5s; Iterations = 5620, grads =   1.694e-06, unitary_metric = 1.00001
Error = :1.69e-01; Runtime: 2081.7s; Iterations = 5640, grads =   3.397e-04, unitary_metric = 1.00001
Error = :1.69e-01; Runtime: 2088.9s; Iterations = 5660, grads =   5.308e-04, unitary_metric = 1.00001
Error = :1.69e-01; Runtime: 2096.1s; Iterations = 5680, grads =   9.135e-05, unitary_metric = 1.00001
Error = :1.69e-01; Runtime: 2103.4s; Iterations = 5700, grads =   2.512e-03, unitary_metric = 1.00001
Error = :1.69e-01; Runtime: 2111.2s; Iterations = 5720, grads =   4.132e-04, unitary_metric = 1.00001
Error = :1.69e-01; Runtime: 2118.4s; Iterations = 5740, grads =   7.067e-05, unitary_metric = 1.00001
Error = :1.69e-01; Runtime: 2125.7s; Iterations = 5760, grads =   1.001e-05, unitary_metric = 1.00001
Error = :1.69e-01; Runtime: 2132.8s; Iterations = 5780, grads =   9.209e-08, unitary_metric = 1.00001
Error = :1.69e-01; Runtime: 2140.1s; Iterations = 5800, grads =   1.621e-07, unitary_metric = 1.00001
Error = :1.69e-01; Runtime: 2147.8s; Iterations = 5820, grads =   3.014e-08, unitary_metric = 1.00001
Error = :1.69e-01; Runtime: 2155.0s; Iterations = 5840, grads =   6.712e-09, unitary_metric = 1.00001
Error = :1.69e-01; Runtime: 2162.3s; Iterations = 5860, grads =   6.304e-08, unitary_metric = 1.00001
Error = :1.69e-01; Runtime: 2169.5s; Iterations = 5880, grads =   6.024e-06, unitary_metric = 1.00001
Error = :1.69e-01; Runtime: 2176.7s; Iterations = 5900, grads =   1.653e-03, unitary_metric = 1.00001
Error = :1.69e-01; Runtime: 2184.4s; Iterations = 5920, grads =   5.615e-04, unitary_metric = 1.00001
Error = :1.69e-01; Runtime: 2191.6s; Iterations = 5940, grads =   1.088e-03, unitary_metric = 1.00001
Error = :1.69e-01; Runtime: 2198.9s; Iterations = 5960, grads =   3.906e-04, unitary_metric = 1.00001
Error = :1.69e-01; Runtime: 2206.1s; Iterations = 5980, grads =   6.552e-06, unitary_metric = 1.00001
Error = :1.69e-01; Runtime: 2213.3s; Iterations = 6000, grads =   2.658e-07, unitary_metric = 1.00001
data saved at: /project/ftchong/qoc/pranav/00035_01_nah_slice_21.h5


trying total_time: 30.0 for unitary of size (16, 16)
data saved at: /project/ftchong/qoc/pranav/00036_01_nah_slice_21.h5
Using 7 Taylor terms and 2 Scaling & Squaring terms
Building graph:
Propagators initialized.
Operators weight initialized.
Intermediate propagation variables initialized.
Intermediate propagators initialized.
Vectors initialized.
Training loss initialized.
Optimizer initialized.
Utilities initialized.
Graph built!
Initialized
Error = :9.51e-01; Runtime: 0.9s; Iterations = 0, grads =   3.005e-01, unitary_metric = 1.00002
Error = :2.05e-01; Runtime: 13.7s; Iterations = 20, grads =   1.619e+00, unitary_metric = 1.00002
Error = :1.73e-01; Runtime: 24.8s; Iterations = 40, grads =   1.446e-01, unitary_metric = 1.00002
Error = :1.70e-01; Runtime: 36.0s; Iterations = 60, grads =   7.003e-02, unitary_metric = 1.00002
Error = :1.69e-01; Runtime: 47.1s; Iterations = 80, grads =   7.075e-03, unitary_metric = 1.00002
Error = :1.69e-01; Runtime: 58.2s; Iterations = 100, grads =   1.096e-03, unitary_metric = 1.00002
Error = :1.69e-01; Runtime: 70.2s; Iterations = 120, grads =   1.045e-04, unitary_metric = 1.00002
Error = :1.69e-01; Runtime: 81.3s; Iterations = 140, grads =   1.447e-05, unitary_metric = 1.00002
Error = :1.69e-01; Runtime: 92.4s; Iterations = 160, grads =   2.010e-06, unitary_metric = 1.00002
Error = :1.69e-01; Runtime: 103.5s; Iterations = 180, grads =   1.065e-07, unitary_metric = 1.00002
Error = :1.69e-01; Runtime: 114.6s; Iterations = 200, grads =   6.312e-08, unitary_metric = 1.00002
Error = :1.69e-01; Runtime: 126.5s; Iterations = 220, grads =   2.957e-08, unitary_metric = 1.00002
Error = :1.69e-01; Runtime: 137.6s; Iterations = 240, grads =   4.868e-08, unitary_metric = 1.00002
Error = :1.69e-01; Runtime: 148.6s; Iterations = 260, grads =   8.529e-08, unitary_metric = 1.00002
Error = :1.69e-01; Runtime: 159.6s; Iterations = 280, grads =   1.859e-07, unitary_metric = 1.00002
Error = :1.69e-01; Runtime: 170.8s; Iterations = 300, grads =   4.774e-07, unitary_metric = 1.00002
Error = :1.68e-01; Runtime: 182.5s; Iterations = 320, grads =   2.659e-06, unitary_metric = 1.00002
Error = :1.89e-01; Runtime: 193.6s; Iterations = 340, grads =   8.808e-01, unitary_metric = 1.00002
Error = :1.67e-01; Runtime: 204.6s; Iterations = 360, grads =   6.774e-02, unitary_metric = 1.00002
Error = :1.03e-01; Runtime: 215.7s; Iterations = 380, grads =   4.779e+00, unitary_metric = 1.00001
Error = :1.63e-02; Runtime: 226.8s; Iterations = 400, grads =   9.003e-01, unitary_metric = 1.00002
Error = :8.23e-04; Runtime: 233.8s; Iterations = 411, grads =   6.794e-03, unitary_metric = 1.00001
data saved at: /project/ftchong/qoc/pranav/00036_01_nah_slice_21.h5


trying total_time: 25.0 for unitary of size (16, 16)
data saved at: /project/ftchong/qoc/pranav/00037_01_nah_slice_21.h5
Using 7 Taylor terms and 2 Scaling & Squaring terms
Building graph:
Propagators initialized.
Operators weight initialized.
Intermediate propagation variables initialized.
Intermediate propagators initialized.
Vectors initialized.
Training loss initialized.
Optimizer initialized.
Utilities initialized.
Graph built!
Initialized
Error = :9.48e-01; Runtime: 0.8s; Iterations = 0, grads =   3.070e-01, unitary_metric = 1.00003
Error = :2.31e-01; Runtime: 11.3s; Iterations = 20, grads =   1.036e+00, unitary_metric = 1.00001
Error = :1.78e-01; Runtime: 20.6s; Iterations = 40, grads =   2.915e-01, unitary_metric = 1.00001
Error = :1.70e-01; Runtime: 29.8s; Iterations = 60, grads =   2.060e-02, unitary_metric = 1.00001
Error = :1.69e-01; Runtime: 39.0s; Iterations = 80, grads =   3.200e-03, unitary_metric = 1.00001
Error = :1.69e-01; Runtime: 48.2s; Iterations = 100, grads =   4.131e-04, unitary_metric = 1.00001
Error = :1.69e-01; Runtime: 58.1s; Iterations = 120, grads =   5.763e-05, unitary_metric = 1.00001
Error = :1.69e-01; Runtime: 67.4s; Iterations = 140, grads =   1.426e-05, unitary_metric = 1.00001
Error = :1.69e-01; Runtime: 76.7s; Iterations = 160, grads =   1.748e-06, unitary_metric = 1.00001
Error = :1.69e-01; Runtime: 85.9s; Iterations = 180, grads =   1.146e-06, unitary_metric = 1.00001
Error = :1.82e-01; Runtime: 95.2s; Iterations = 200, grads =   5.431e-01, unitary_metric = 1.00001
Error = :1.70e-01; Runtime: 105.2s; Iterations = 220, grads =   6.205e-02, unitary_metric = 1.00001
Error = :1.69e-01; Runtime: 114.9s; Iterations = 240, grads =   2.426e-03, unitary_metric = 1.00001
Error = :1.69e-01; Runtime: 124.0s; Iterations = 260, grads =   8.366e-04, unitary_metric = 1.00001
Error = :1.69e-01; Runtime: 133.3s; Iterations = 280, grads =   3.554e-05, unitary_metric = 1.00001
Error = :1.69e-01; Runtime: 142.6s; Iterations = 300, grads =   9.637e-06, unitary_metric = 1.00001
Error = :1.69e-01; Runtime: 152.6s; Iterations = 320, grads =   2.123e-06, unitary_metric = 1.00001
Error = :1.69e-01; Runtime: 161.8s; Iterations = 340, grads =   8.543e-07, unitary_metric = 1.00001
Error = :1.69e-01; Runtime: 171.0s; Iterations = 360, grads =   5.735e-07, unitary_metric = 1.00001
Error = :1.69e-01; Runtime: 180.2s; Iterations = 380, grads =   2.119e-03, unitary_metric = 1.00001
Error = :1.72e-01; Runtime: 189.5s; Iterations = 400, grads =   1.407e-01, unitary_metric = 1.00001
Error = :1.71e-01; Runtime: 199.3s; Iterations = 420, grads =   9.678e-02, unitary_metric = 1.00001
Error = :1.70e-01; Runtime: 208.6s; Iterations = 440, grads =   3.989e-02, unitary_metric = 1.00001
Error = :1.69e-01; Runtime: 217.8s; Iterations = 460, grads =   3.939e-03, unitary_metric = 1.00001
Error = :1.69e-01; Runtime: 227.2s; Iterations = 480, grads =   3.078e-04, unitary_metric = 1.00001
Error = :1.69e-01; Runtime: 236.4s; Iterations = 500, grads =   3.252e-05, unitary_metric = 1.00001
Error = :1.69e-01; Runtime: 246.3s; Iterations = 520, grads =   9.871e-05, unitary_metric = 1.00001
Error = :1.69e-01; Runtime: 255.6s; Iterations = 540, grads =   8.331e-06, unitary_metric = 1.00001
Error = :1.69e-01; Runtime: 264.8s; Iterations = 560, grads =   1.394e-05, unitary_metric = 1.00001
Error = :1.76e-01; Runtime: 274.0s; Iterations = 580, grads =   3.089e-01, unitary_metric = 1.00001
Error = :1.71e-01; Runtime: 283.3s; Iterations = 600, grads =   1.125e-01, unitary_metric = 1.00000
Error = :1.71e-01; Runtime: 293.2s; Iterations = 620, grads =   9.885e-02, unitary_metric = 1.00001
Error = :1.67e-01; Runtime: 302.5s; Iterations = 640, grads =   5.324e-02, unitary_metric = 1.00000
Error = :5.75e-02; Runtime: 311.7s; Iterations = 660, grads =   2.394e+00, unitary_metric = 1.00000
Error = :8.38e-03; Runtime: 321.0s; Iterations = 680, grads =   3.021e-01, unitary_metric = 1.00000
Error = :8.87e-04; Runtime: 325.2s; Iterations = 689, grads =   6.100e-03, unitary_metric = 1.00000
data saved at: /project/ftchong/qoc/pranav/00037_01_nah_slice_21.h5


trying total_time: 22.5 for unitary of size (16, 16)
data saved at: /project/ftchong/qoc/pranav/00038_01_nah_slice_21.h5
Using 7 Taylor terms and 2 Scaling & Squaring terms
Building graph:
Propagators initialized.
Operators weight initialized.
Intermediate propagation variables initialized.
Intermediate propagators initialized.
Vectors initialized.
Training loss initialized.
Optimizer initialized.
Utilities initialized.
Graph built!
Initialized
Error = :9.56e-01; Runtime: 0.7s; Iterations = 0, grads =   2.432e-01, unitary_metric = 1.00002
Error = :1.99e-01; Runtime: 10.1s; Iterations = 20, grads =   5.198e-01, unitary_metric = 1.00000
Error = :1.71e-01; Runtime: 18.4s; Iterations = 40, grads =   6.090e-02, unitary_metric = 1.00000
Error = :1.70e-01; Runtime: 26.7s; Iterations = 60, grads =   2.299e-02, unitary_metric = 1.00000
Error = :1.69e-01; Runtime: 34.9s; Iterations = 80, grads =   3.991e-03, unitary_metric = 1.00000
Error = :1.69e-01; Runtime: 43.2s; Iterations = 100, grads =   1.261e-03, unitary_metric = 1.00000
Error = :1.69e-01; Runtime: 52.0s; Iterations = 120, grads =   3.207e-03, unitary_metric = 1.00000
Error = :1.69e-01; Runtime: 60.3s; Iterations = 140, grads =   1.169e-03, unitary_metric = 1.00000
Error = :1.69e-01; Runtime: 68.5s; Iterations = 160, grads =   3.148e-04, unitary_metric = 1.00000
Error = :1.69e-01; Runtime: 76.8s; Iterations = 180, grads =   1.162e-02, unitary_metric = 1.00000
Error = :1.69e-01; Runtime: 85.1s; Iterations = 200, grads =   2.367e-02, unitary_metric = 1.00000
Error = :1.69e-01; Runtime: 94.1s; Iterations = 220, grads =   1.098e-02, unitary_metric = 1.00000
Error = :1.70e-01; Runtime: 102.3s; Iterations = 240, grads =   4.592e-02, unitary_metric = 1.00000
Error = :1.69e-01; Runtime: 110.6s; Iterations = 260, grads =   2.367e-02, unitary_metric = 1.00000
Error = :1.69e-01; Runtime: 118.9s; Iterations = 280, grads =   5.000e-06, unitary_metric = 1.00000
Error = :1.74e-01; Runtime: 127.1s; Iterations = 300, grads =   2.337e-01, unitary_metric = 1.00000
Error = :1.70e-01; Runtime: 136.1s; Iterations = 320, grads =   6.567e-02, unitary_metric = 1.00000
Error = :1.69e-01; Runtime: 144.4s; Iterations = 340, grads =   8.517e-03, unitary_metric = 1.00001
Error = :1.69e-01; Runtime: 152.7s; Iterations = 360, grads =   3.318e-05, unitary_metric = 1.00000
Error = :1.69e-01; Runtime: 161.0s; Iterations = 380, grads =   5.240e-05, unitary_metric = 1.00000
Error = :1.69e-01; Runtime: 169.3s; Iterations = 400, grads =   1.872e-05, unitary_metric = 1.00000
Error = :1.69e-01; Runtime: 178.3s; Iterations = 420, grads =   1.452e-05, unitary_metric = 1.00000
Error = :1.69e-01; Runtime: 186.5s; Iterations = 440, grads =   4.795e-06, unitary_metric = 1.00000
Error = :1.69e-01; Runtime: 194.7s; Iterations = 460, grads =   8.103e-07, unitary_metric = 1.00000
Error = :1.69e-01; Runtime: 203.0s; Iterations = 480, grads =   1.255e-04, unitary_metric = 1.00000
Error = :1.75e-01; Runtime: 211.3s; Iterations = 500, grads =   2.566e-01, unitary_metric = 1.00000
Error = :1.69e-01; Runtime: 220.2s; Iterations = 520, grads =   3.077e-02, unitary_metric = 1.00001
Error = :1.69e-01; Runtime: 228.4s; Iterations = 540, grads =   6.355e-03, unitary_metric = 1.00000
Error = :1.69e-01; Runtime: 236.7s; Iterations = 560, grads =   5.982e-04, unitary_metric = 1.00000
Error = :1.69e-01; Runtime: 245.0s; Iterations = 580, grads =   4.356e-05, unitary_metric = 1.00001
Error = :1.69e-01; Runtime: 253.3s; Iterations = 600, grads =   9.350e-06, unitary_metric = 1.00000
Error = :1.69e-01; Runtime: 262.2s; Iterations = 620, grads =   1.819e-06, unitary_metric = 1.00001
Error = :1.69e-01; Runtime: 270.5s; Iterations = 640, grads =   1.485e-06, unitary_metric = 1.00001
Error = :1.69e-01; Runtime: 278.8s; Iterations = 660, grads =   1.529e-02, unitary_metric = 1.00000
Error = :1.70e-01; Runtime: 287.1s; Iterations = 680, grads =   7.171e-02, unitary_metric = 1.00001
Error = :1.69e-01; Runtime: 295.4s; Iterations = 700, grads =   5.106e-03, unitary_metric = 1.00001
Error = :1.69e-01; Runtime: 304.3s; Iterations = 720, grads =   7.218e-04, unitary_metric = 1.00001
Error = :1.70e-01; Runtime: 312.5s; Iterations = 740, grads =   3.241e-02, unitary_metric = 1.00001
Error = :1.69e-01; Runtime: 320.8s; Iterations = 760, grads =   5.679e-03, unitary_metric = 1.00001
Error = :1.69e-01; Runtime: 329.0s; Iterations = 780, grads =   3.282e-03, unitary_metric = 1.00001
Error = :1.69e-01; Runtime: 337.3s; Iterations = 800, grads =   6.053e-03, unitary_metric = 1.00001
Error = :1.69e-01; Runtime: 346.2s; Iterations = 820, grads =   1.878e-03, unitary_metric = 1.00001
Error = :1.69e-01; Runtime: 354.5s; Iterations = 840, grads =   1.772e-04, unitary_metric = 1.00001
Error = :1.69e-01; Runtime: 362.9s; Iterations = 860, grads =   1.158e-05, unitary_metric = 1.00001
Error = :1.69e-01; Runtime: 371.2s; Iterations = 880, grads =   8.490e-03, unitary_metric = 1.00001
Error = :1.70e-01; Runtime: 379.7s; Iterations = 900, grads =   3.587e-02, unitary_metric = 1.00001
Error = :1.70e-01; Runtime: 388.6s; Iterations = 920, grads =   3.733e-02, unitary_metric = 1.00001
Error = :1.69e-01; Runtime: 397.0s; Iterations = 940, grads =   3.614e-03, unitary_metric = 1.00001
Error = :1.69e-01; Runtime: 405.2s; Iterations = 960, grads =   6.244e-04, unitary_metric = 1.00001
Error = :1.69e-01; Runtime: 413.4s; Iterations = 980, grads =   9.724e-03, unitary_metric = 1.00001
Error = :1.69e-01; Runtime: 421.7s; Iterations = 1000, grads =   3.265e-03, unitary_metric = 1.00001
Error = :1.69e-01; Runtime: 430.6s; Iterations = 1020, grads =   5.632e-03, unitary_metric = 1.00001
Error = :1.69e-01; Runtime: 438.9s; Iterations = 1040, grads =   1.006e-03, unitary_metric = 1.00001
Error = :1.69e-01; Runtime: 447.2s; Iterations = 1060, grads =   1.294e-04, unitary_metric = 1.00000
Error = :1.69e-01; Runtime: 455.5s; Iterations = 1080, grads =   4.734e-05, unitary_metric = 1.00001
Error = :1.72e-01; Runtime: 463.8s; Iterations = 1100, grads =   1.180e-01, unitary_metric = 1.00001
Error = :1.69e-01; Runtime: 472.7s; Iterations = 1120, grads =   8.933e-03, unitary_metric = 1.00001
Error = :1.69e-01; Runtime: 481.1s; Iterations = 1140, grads =   1.614e-03, unitary_metric = 1.00000
Error = :1.69e-01; Runtime: 489.3s; Iterations = 1160, grads =   2.711e-03, unitary_metric = 1.00001
Error = :1.70e-01; Runtime: 497.7s; Iterations = 1180, grads =   4.077e-02, unitary_metric = 1.00000
Error = :1.69e-01; Runtime: 506.0s; Iterations = 1200, grads =   1.396e-05, unitary_metric = 1.00000
Error = :1.69e-01; Runtime: 515.0s; Iterations = 1220, grads =   8.588e-04, unitary_metric = 1.00000
Error = :1.70e-01; Runtime: 523.1s; Iterations = 1240, grads =   6.246e-02, unitary_metric = 1.00000
Error = :1.69e-01; Runtime: 531.4s; Iterations = 1260, grads =   2.896e-02, unitary_metric = 1.00001
Error = :1.69e-01; Runtime: 539.7s; Iterations = 1280, grads =   3.690e-03, unitary_metric = 1.00001
Error = :1.69e-01; Runtime: 547.9s; Iterations = 1300, grads =   4.367e-04, unitary_metric = 1.00000
Error = :1.69e-01; Runtime: 556.8s; Iterations = 1320, grads =   4.303e-06, unitary_metric = 1.00000
Error = :1.69e-01; Runtime: 565.1s; Iterations = 1340, grads =   8.972e-06, unitary_metric = 1.00001
Error = :1.69e-01; Runtime: 573.4s; Iterations = 1360, grads =   1.070e-03, unitary_metric = 1.00001
Error = :1.69e-01; Runtime: 581.7s; Iterations = 1380, grads =   2.650e-02, unitary_metric = 1.00001
Error = :1.69e-01; Runtime: 589.9s; Iterations = 1400, grads =   1.117e-02, unitary_metric = 1.00001
Error = :1.69e-01; Runtime: 598.7s; Iterations = 1420, grads =   1.831e-03, unitary_metric = 1.00001
Error = :1.69e-01; Runtime: 607.0s; Iterations = 1440, grads =   9.396e-04, unitary_metric = 1.00001
Error = :1.69e-01; Runtime: 615.3s; Iterations = 1460, grads =   6.243e-05, unitary_metric = 1.00001
Error = :1.69e-01; Runtime: 623.6s; Iterations = 1480, grads =   2.086e-05, unitary_metric = 1.00001
Error = :1.69e-01; Runtime: 631.9s; Iterations = 1500, grads =   6.706e-03, unitary_metric = 1.00001
Error = :1.69e-01; Runtime: 640.8s; Iterations = 1520, grads =   2.416e-02, unitary_metric = 1.00001
Error = :1.69e-01; Runtime: 649.1s; Iterations = 1540, grads =   4.854e-03, unitary_metric = 1.00001
Error = :1.69e-01; Runtime: 657.4s; Iterations = 1560, grads =   4.554e-04, unitary_metric = 1.00001
Error = :1.69e-01; Runtime: 665.7s; Iterations = 1580, grads =   3.043e-06, unitary_metric = 1.00000
Error = :1.69e-01; Runtime: 674.0s; Iterations = 1600, grads =   9.190e-06, unitary_metric = 1.00001
Error = :1.69e-01; Runtime: 682.7s; Iterations = 1620, grads =   5.122e-06, unitary_metric = 1.00001
Error = :1.69e-01; Runtime: 691.0s; Iterations = 1640, grads =   2.671e-03, unitary_metric = 1.00001
Error = :1.70e-01; Runtime: 699.3s; Iterations = 1660, grads =   3.653e-02, unitary_metric = 1.00000
Error = :1.69e-01; Runtime: 707.6s; Iterations = 1680, grads =   1.689e-03, unitary_metric = 1.00001
Error = :1.69e-01; Runtime: 715.8s; Iterations = 1700, grads =   1.071e-03, unitary_metric = 1.00001
Error = :1.69e-01; Runtime: 724.7s; Iterations = 1720, grads =   7.009e-05, unitary_metric = 1.00001
Error = :1.69e-01; Runtime: 733.0s; Iterations = 1740, grads =   5.440e-06, unitary_metric = 1.00001
Error = :1.69e-01; Runtime: 741.2s; Iterations = 1760, grads =   1.721e-05, unitary_metric = 1.00001
Error = :1.69e-01; Runtime: 749.7s; Iterations = 1780, grads =   1.824e-02, unitary_metric = 1.00001
Error = :1.69e-01; Runtime: 757.9s; Iterations = 1800, grads =   3.945e-04, unitary_metric = 1.00001
Error = :1.69e-01; Runtime: 766.8s; Iterations = 1820, grads =   2.614e-03, unitary_metric = 1.00001
Error = :1.69e-01; Runtime: 775.0s; Iterations = 1840, grads =   1.442e-05, unitary_metric = 1.00001
Error = :1.69e-01; Runtime: 783.3s; Iterations = 1860, grads =   4.019e-05, unitary_metric = 1.00001
Error = :1.69e-01; Runtime: 791.6s; Iterations = 1880, grads =   1.732e-04, unitary_metric = 1.00000
Error = :1.70e-01; Runtime: 799.9s; Iterations = 1900, grads =   3.355e-02, unitary_metric = 1.00000
Error = :1.70e-01; Runtime: 808.8s; Iterations = 1920, grads =   4.394e-02, unitary_metric = 1.00001
Error = :1.69e-01; Runtime: 817.1s; Iterations = 1940, grads =   2.966e-03, unitary_metric = 1.00000
Error = :1.69e-01; Runtime: 825.4s; Iterations = 1960, grads =   2.330e-04, unitary_metric = 1.00000
Error = :1.69e-01; Runtime: 833.8s; Iterations = 1980, grads =   7.721e-05, unitary_metric = 1.00001
Error = :1.69e-01; Runtime: 842.1s; Iterations = 2000, grads =   1.536e-05, unitary_metric = 1.00000
Error = :1.69e-01; Runtime: 851.1s; Iterations = 2020, grads =   3.771e-06, unitary_metric = 1.00000
Error = :1.69e-01; Runtime: 859.4s; Iterations = 2040, grads =   6.428e-04, unitary_metric = 1.00001
Error = :1.69e-01; Runtime: 867.7s; Iterations = 2060, grads =   1.200e-02, unitary_metric = 1.00000
Error = :1.69e-01; Runtime: 876.0s; Iterations = 2080, grads =   1.962e-03, unitary_metric = 1.00001
Error = :1.69e-01; Runtime: 884.4s; Iterations = 2100, grads =   5.439e-04, unitary_metric = 1.00001
Error = :1.69e-01; Runtime: 893.3s; Iterations = 2120, grads =   2.974e-04, unitary_metric = 1.00001
Error = :1.69e-01; Runtime: 901.7s; Iterations = 2140, grads =   1.272e-02, unitary_metric = 1.00001
Error = :1.69e-01; Runtime: 910.0s; Iterations = 2160, grads =   1.441e-03, unitary_metric = 1.00001
Error = :1.70e-01; Runtime: 918.2s; Iterations = 2180, grads =   7.149e-02, unitary_metric = 1.00001
Error = :1.69e-01; Runtime: 926.5s; Iterations = 2200, grads =   1.331e-03, unitary_metric = 1.00001
Error = :1.69e-01; Runtime: 935.4s; Iterations = 2220, grads =   1.531e-03, unitary_metric = 1.00000
Error = :1.69e-01; Runtime: 943.6s; Iterations = 2240, grads =   5.802e-05, unitary_metric = 1.00001
Error = :1.69e-01; Runtime: 951.9s; Iterations = 2260, grads =   1.049e-06, unitary_metric = 1.00000
Error = :1.69e-01; Runtime: 960.2s; Iterations = 2280, grads =   3.621e-06, unitary_metric = 1.00001
Error = :1.69e-01; Runtime: 968.5s; Iterations = 2300, grads =   1.034e-04, unitary_metric = 1.00001
Error = :1.70e-01; Runtime: 977.5s; Iterations = 2320, grads =   4.530e-02, unitary_metric = 1.00001
Error = :1.69e-01; Runtime: 985.8s; Iterations = 2340, grads =   6.266e-03, unitary_metric = 1.00000
Error = :1.69e-01; Runtime: 994.1s; Iterations = 2360, grads =   1.036e-03, unitary_metric = 1.00001
Error = :1.69e-01; Runtime: 1002.4s; Iterations = 2380, grads =   1.412e-03, unitary_metric = 1.00001
Error = :1.69e-01; Runtime: 1010.6s; Iterations = 2400, grads =   1.346e-02, unitary_metric = 1.00001
Error = :1.69e-01; Runtime: 1019.5s; Iterations = 2420, grads =   6.768e-04, unitary_metric = 1.00001
Error = :1.69e-01; Runtime: 1027.9s; Iterations = 2440, grads =   2.200e-04, unitary_metric = 1.00001
Error = :1.69e-01; Runtime: 1036.2s; Iterations = 2460, grads =   2.140e-03, unitary_metric = 1.00001
Error = :1.69e-01; Runtime: 1044.5s; Iterations = 2480, grads =   1.494e-02, unitary_metric = 1.00000
Error = :1.69e-01; Runtime: 1052.8s; Iterations = 2500, grads =   1.140e-03, unitary_metric = 1.00000
Error = :1.69e-01; Runtime: 1061.6s; Iterations = 2520, grads =   1.789e-04, unitary_metric = 1.00001
Error = :1.69e-01; Runtime: 1069.9s; Iterations = 2540, grads =   9.234e-05, unitary_metric = 1.00001
Error = :1.69e-01; Runtime: 1078.1s; Iterations = 2560, grads =   1.061e-02, unitary_metric = 1.00001
Error = :1.69e-01; Runtime: 1086.4s; Iterations = 2580, grads =   6.449e-03, unitary_metric = 1.00001
Error = :1.69e-01; Runtime: 1094.9s; Iterations = 2600, grads =   2.175e-02, unitary_metric = 1.00001
Error = :1.69e-01; Runtime: 1103.8s; Iterations = 2620, grads =   2.643e-03, unitary_metric = 1.00000
Error = :1.69e-01; Runtime: 1112.1s; Iterations = 2640, grads =   2.572e-04, unitary_metric = 1.00001
Error = :1.69e-01; Runtime: 1120.3s; Iterations = 2660, grads =   4.393e-05, unitary_metric = 1.00000
Error = :1.69e-01; Runtime: 1128.6s; Iterations = 2680, grads =   6.185e-06, unitary_metric = 1.00000
Error = :1.69e-01; Runtime: 1136.8s; Iterations = 2700, grads =   1.356e-06, unitary_metric = 1.00000
Error = :1.69e-01; Runtime: 1145.7s; Iterations = 2720, grads =   4.115e-07, unitary_metric = 1.00000
Error = :1.69e-01; Runtime: 1154.0s; Iterations = 2740, grads =   1.673e-05, unitary_metric = 1.00000
Error = :1.69e-01; Runtime: 1162.2s; Iterations = 2760, grads =   5.693e-03, unitary_metric = 1.00000
Error = :1.69e-01; Runtime: 1170.6s; Iterations = 2780, grads =   2.782e-02, unitary_metric = 1.00000
Error = :1.69e-01; Runtime: 1178.9s; Iterations = 2800, grads =   6.036e-03, unitary_metric = 1.00000
Error = :1.69e-01; Runtime: 1187.8s; Iterations = 2820, grads =   6.663e-04, unitary_metric = 1.00000
Error = :1.69e-01; Runtime: 1196.1s; Iterations = 2840, grads =   8.091e-05, unitary_metric = 1.00000
Error = :1.69e-01; Runtime: 1204.4s; Iterations = 2860, grads =   2.569e-05, unitary_metric = 1.00000
Error = :1.69e-01; Runtime: 1212.7s; Iterations = 2880, grads =   2.717e-03, unitary_metric = 1.00001
Error = :1.69e-01; Runtime: 1221.0s; Iterations = 2900, grads =   5.193e-03, unitary_metric = 1.00000
Error = :1.69e-01; Runtime: 1229.9s; Iterations = 2920, grads =   9.059e-04, unitary_metric = 1.00000
Error = :1.69e-01; Runtime: 1238.3s; Iterations = 2940, grads =   1.266e-04, unitary_metric = 1.00000
Error = :1.69e-01; Runtime: 1246.6s; Iterations = 2960, grads =   7.401e-06, unitary_metric = 1.00000
Error = :1.69e-01; Runtime: 1254.8s; Iterations = 2980, grads =   4.753e-07, unitary_metric = 1.00000
Error = :1.69e-01; Runtime: 1263.1s; Iterations = 3000, grads =   4.768e-06, unitary_metric = 1.00000
Error = :1.69e-01; Runtime: 1272.1s; Iterations = 3020, grads =   1.579e-03, unitary_metric = 1.00000
Error = :1.70e-01; Runtime: 1280.4s; Iterations = 3040, grads =   3.639e-02, unitary_metric = 1.00001
Error = :1.69e-01; Runtime: 1288.7s; Iterations = 3060, grads =   4.932e-03, unitary_metric = 1.00000
Error = :1.69e-01; Runtime: 1296.9s; Iterations = 3080, grads =   6.221e-04, unitary_metric = 1.00000
Error = :1.69e-01; Runtime: 1305.2s; Iterations = 3100, grads =   5.131e-05, unitary_metric = 1.00000
Error = :1.69e-01; Runtime: 1314.0s; Iterations = 3120, grads =   4.822e-04, unitary_metric = 1.00000
Error = :1.69e-01; Runtime: 1322.3s; Iterations = 3140, grads =   7.991e-03, unitary_metric = 1.00000
Error = :1.69e-01; Runtime: 1330.7s; Iterations = 3160, grads =   3.277e-04, unitary_metric = 1.00000
Error = :1.69e-01; Runtime: 1339.0s; Iterations = 3180, grads =   5.514e-07, unitary_metric = 1.00000
Error = :1.69e-01; Runtime: 1347.3s; Iterations = 3200, grads =   4.729e-07, unitary_metric = 1.00000
Error = :1.69e-01; Runtime: 1356.1s; Iterations = 3220, grads =   5.060e-07, unitary_metric = 1.00000
Error = :1.69e-01; Runtime: 1364.3s; Iterations = 3240, grads =   5.417e-07, unitary_metric = 1.00000
Error = :1.69e-01; Runtime: 1372.6s; Iterations = 3260, grads =   2.677e-08, unitary_metric = 1.00000
Error = :1.69e-01; Runtime: 1380.9s; Iterations = 3280, grads =   1.634e-06, unitary_metric = 1.00000
Error = :1.69e-01; Runtime: 1389.2s; Iterations = 3300, grads =   4.834e-04, unitary_metric = 1.00000
Error = :1.69e-01; Runtime: 1398.1s; Iterations = 3320, grads =   1.861e-02, unitary_metric = 1.00000
Error = :1.69e-01; Runtime: 1406.4s; Iterations = 3340, grads =   6.546e-04, unitary_metric = 1.00000
Error = :1.69e-01; Runtime: 1414.6s; Iterations = 3360, grads =   1.172e-03, unitary_metric = 1.00000
Error = :1.69e-01; Runtime: 1422.9s; Iterations = 3380, grads =   1.479e-03, unitary_metric = 1.00000
Error = :1.69e-01; Runtime: 1431.2s; Iterations = 3400, grads =   1.715e-04, unitary_metric = 1.00000
Error = :1.69e-01; Runtime: 1440.1s; Iterations = 3420, grads =   4.643e-05, unitary_metric = 1.00000
Error = :1.69e-01; Runtime: 1448.4s; Iterations = 3440, grads =   5.390e-05, unitary_metric = 1.00000
Error = :1.69e-01; Runtime: 1456.8s; Iterations = 3460, grads =   1.710e-05, unitary_metric = 1.00000
Error = :1.69e-01; Runtime: 1465.0s; Iterations = 3480, grads =   1.856e-08, unitary_metric = 1.00000
Error = :1.69e-01; Runtime: 1473.3s; Iterations = 3500, grads =   2.489e-07, unitary_metric = 1.00000
Error = :1.69e-01; Runtime: 1482.2s; Iterations = 3520, grads =   6.376e-08, unitary_metric = 1.00000
Error = :1.69e-01; Runtime: 1490.5s; Iterations = 3540, grads =   1.093e-08, unitary_metric = 1.00000
Error = :1.69e-01; Runtime: 1498.8s; Iterations = 3560, grads =   1.143e-07, unitary_metric = 1.00000
Error = :1.69e-01; Runtime: 1507.1s; Iterations = 3580, grads =   2.315e-05, unitary_metric = 1.00000
Error = :1.69e-01; Runtime: 1515.5s; Iterations = 3600, grads =   1.572e-02, unitary_metric = 1.00000
Error = :1.69e-01; Runtime: 1524.3s; Iterations = 3620, grads =   4.299e-03, unitary_metric = 1.00000
Error = :1.69e-01; Runtime: 1532.5s; Iterations = 3640, grads =   2.807e-02, unitary_metric = 1.00000
Error = :1.69e-01; Runtime: 1540.8s; Iterations = 3660, grads =   2.020e-03, unitary_metric = 1.00000
Error = :1.69e-01; Runtime: 1549.1s; Iterations = 3680, grads =   1.528e-04, unitary_metric = 1.00000
Error = :1.69e-01; Runtime: 1557.3s; Iterations = 3700, grads =   2.563e-05, unitary_metric = 1.00000
Error = :1.69e-01; Runtime: 1566.3s; Iterations = 3720, grads =   1.588e-06, unitary_metric = 1.00000
Error = :1.69e-01; Runtime: 1574.6s; Iterations = 3740, grads =   2.348e-07, unitary_metric = 1.00000
Error = :1.69e-01; Runtime: 1582.9s; Iterations = 3760, grads =   8.863e-08, unitary_metric = 1.00000
Error = :1.69e-01; Runtime: 1591.2s; Iterations = 3780, grads =   3.202e-08, unitary_metric = 1.00000
Error = :1.69e-01; Runtime: 1599.5s; Iterations = 3800, grads =   4.951e-08, unitary_metric = 1.00000
Error = :1.69e-01; Runtime: 1608.3s; Iterations = 3820, grads =   1.079e-06, unitary_metric = 1.00000
Error = :1.69e-01; Runtime: 1616.6s; Iterations = 3840, grads =   1.743e-04, unitary_metric = 1.00000
Error = :1.69e-01; Runtime: 1624.8s; Iterations = 3860, grads =   3.256e-03, unitary_metric = 1.00000
Error = :1.69e-01; Runtime: 1633.1s; Iterations = 3880, grads =   4.821e-04, unitary_metric = 1.00000
Error = :1.69e-01; Runtime: 1641.4s; Iterations = 3900, grads =   1.066e-02, unitary_metric = 1.00000
Error = :1.69e-01; Runtime: 1650.2s; Iterations = 3920, grads =   1.327e-02, unitary_metric = 1.00000
Error = :1.69e-01; Runtime: 1658.5s; Iterations = 3940, grads =   4.344e-04, unitary_metric = 1.00000
Error = :1.69e-01; Runtime: 1666.7s; Iterations = 3960, grads =   1.994e-05, unitary_metric = 1.00001
Error = :1.69e-01; Runtime: 1675.0s; Iterations = 3980, grads =   1.637e-05, unitary_metric = 1.00001
Error = :1.69e-01; Runtime: 1683.3s; Iterations = 4000, grads =   3.527e-06, unitary_metric = 1.00001
Error = :1.69e-01; Runtime: 1692.3s; Iterations = 4020, grads =   1.971e-06, unitary_metric = 1.00001
Error = :1.69e-01; Runtime: 1700.6s; Iterations = 4040, grads =   5.297e-05, unitary_metric = 1.00001
Error = :1.69e-01; Runtime: 1708.8s; Iterations = 4060, grads =   5.398e-03, unitary_metric = 1.00000
Error = :1.69e-01; Runtime: 1717.1s; Iterations = 4080, grads =   3.522e-03, unitary_metric = 1.00001
Error = :1.69e-01; Runtime: 1725.4s; Iterations = 4100, grads =   4.506e-03, unitary_metric = 1.00000
Error = :1.69e-01; Runtime: 1734.2s; Iterations = 4120, grads =   6.976e-04, unitary_metric = 1.00001
Error = :1.69e-01; Runtime: 1742.4s; Iterations = 4140, grads =   7.783e-05, unitary_metric = 1.00000
Error = :1.69e-01; Runtime: 1750.8s; Iterations = 4160, grads =   8.748e-04, unitary_metric = 1.00000
Error = :1.69e-01; Runtime: 1759.1s; Iterations = 4180, grads =   4.951e-03, unitary_metric = 1.00001
Error = :1.69e-01; Runtime: 1767.4s; Iterations = 4200, grads =   4.562e-04, unitary_metric = 1.00001
Error = :1.69e-01; Runtime: 1776.2s; Iterations = 4220, grads =   3.154e-05, unitary_metric = 1.00001
Error = :1.69e-01; Runtime: 1784.4s; Iterations = 4240, grads =   2.558e-05, unitary_metric = 1.00000
Error = :1.69e-01; Runtime: 1792.7s; Iterations = 4260, grads =   1.320e-03, unitary_metric = 1.00000
Error = :1.69e-01; Runtime: 1800.9s; Iterations = 4280, grads =   7.932e-03, unitary_metric = 1.00000
Error = :1.69e-01; Runtime: 1809.2s; Iterations = 4300, grads =   8.495e-03, unitary_metric = 1.00000
Error = :1.69e-01; Runtime: 1818.1s; Iterations = 4320, grads =   1.187e-04, unitary_metric = 1.00001
Error = :1.69e-01; Runtime: 1826.3s; Iterations = 4340, grads =   7.107e-05, unitary_metric = 1.00001
Error = :1.69e-01; Runtime: 1834.6s; Iterations = 4360, grads =   2.415e-05, unitary_metric = 1.00001
Error = :1.69e-01; Runtime: 1842.8s; Iterations = 4380, grads =   8.830e-07, unitary_metric = 1.00001
Error = :1.69e-01; Runtime: 1851.1s; Iterations = 4400, grads =   4.323e-07, unitary_metric = 1.00001
Error = :1.69e-01; Runtime: 1860.0s; Iterations = 4420, grads =   4.292e-08, unitary_metric = 1.00001
Error = :1.69e-01; Runtime: 1868.2s; Iterations = 4440, grads =   1.635e-08, unitary_metric = 1.00001
Error = :1.69e-01; Runtime: 1876.5s; Iterations = 4460, grads =   4.125e-07, unitary_metric = 1.00001
Error = :1.69e-01; Runtime: 1884.8s; Iterations = 4480, grads =   7.591e-05, unitary_metric = 1.00001
Error = :1.69e-01; Runtime: 1893.0s; Iterations = 4500, grads =   5.184e-03, unitary_metric = 1.00001
Error = :1.69e-01; Runtime: 1901.9s; Iterations = 4520, grads =   7.012e-03, unitary_metric = 1.00000
Error = :1.69e-01; Runtime: 1910.2s; Iterations = 4540, grads =   2.169e-03, unitary_metric = 1.00001
Error = :1.69e-01; Runtime: 1918.6s; Iterations = 4560, grads =   2.281e-04, unitary_metric = 1.00001
Error = :1.69e-01; Runtime: 1926.9s; Iterations = 4580, grads =   1.558e-05, unitary_metric = 1.00001
Error = :1.69e-01; Runtime: 1935.2s; Iterations = 4600, grads =   7.751e-06, unitary_metric = 1.00001
Error = :1.69e-01; Runtime: 1944.0s; Iterations = 4620, grads =   1.563e-06, unitary_metric = 1.00001
Error = :1.69e-01; Runtime: 1952.3s; Iterations = 4640, grads =   3.729e-08, unitary_metric = 1.00001
Error = :1.69e-01; Runtime: 1960.5s; Iterations = 4660, grads =   2.812e-08, unitary_metric = 1.00001
Error = :1.69e-01; Runtime: 1968.8s; Iterations = 4680, grads =   2.570e-09, unitary_metric = 1.00001
Error = :1.69e-01; Runtime: 1977.0s; Iterations = 4700, grads =   1.075e-08, unitary_metric = 1.00001
Error = :1.69e-01; Runtime: 1985.9s; Iterations = 4720, grads =   9.254e-07, unitary_metric = 1.00001
Error = :1.69e-01; Runtime: 1994.1s; Iterations = 4740, grads =   3.490e-04, unitary_metric = 1.00001
Error = :1.69e-01; Runtime: 2002.4s; Iterations = 4760, grads =   1.029e-03, unitary_metric = 1.00001
Error = :1.69e-01; Runtime: 2010.6s; Iterations = 4780, grads =   3.058e-03, unitary_metric = 1.00000
Error = :1.69e-01; Runtime: 2018.9s; Iterations = 4800, grads =   2.507e-03, unitary_metric = 1.00001
Error = :1.69e-01; Runtime: 2027.7s; Iterations = 4820, grads =   1.686e-03, unitary_metric = 1.00001
Error = :1.69e-01; Runtime: 2035.9s; Iterations = 4840, grads =   1.358e-04, unitary_metric = 1.00000
Error = :1.69e-01; Runtime: 2044.2s; Iterations = 4860, grads =   2.401e-06, unitary_metric = 1.00000
Error = :1.69e-01; Runtime: 2052.4s; Iterations = 4880, grads =   4.841e-06, unitary_metric = 1.00001
Error = :1.69e-01; Runtime: 2060.7s; Iterations = 4900, grads =   6.016e-08, unitary_metric = 1.00000
Error = :1.69e-01; Runtime: 2069.7s; Iterations = 4920, grads =   7.806e-08, unitary_metric = 1.00001
Error = :1.69e-01; Runtime: 2077.9s; Iterations = 4940, grads =   5.480e-08, unitary_metric = 1.00001
Error = :1.69e-01; Runtime: 2086.1s; Iterations = 4960, grads =   5.253e-07, unitary_metric = 1.00000
Error = :1.69e-01; Runtime: 2094.3s; Iterations = 4980, grads =   4.995e-05, unitary_metric = 1.00001
Error = :1.69e-01; Runtime: 2102.5s; Iterations = 5000, grads =   3.171e-03, unitary_metric = 1.00000
Error = :1.69e-01; Runtime: 2111.3s; Iterations = 5020, grads =   4.952e-04, unitary_metric = 1.00000
Error = :1.69e-01; Runtime: 2119.6s; Iterations = 5040, grads =   6.427e-03, unitary_metric = 1.00000
Error = :1.69e-01; Runtime: 2127.8s; Iterations = 5060, grads =   3.434e-03, unitary_metric = 1.00001
Error = :1.69e-01; Runtime: 2136.0s; Iterations = 5080, grads =   2.887e-04, unitary_metric = 1.00001
Error = :1.69e-01; Runtime: 2144.2s; Iterations = 5100, grads =   1.104e-05, unitary_metric = 1.00001
Error = :1.69e-01; Runtime: 2153.0s; Iterations = 5120, grads =   7.666e-06, unitary_metric = 1.00000
Error = :1.69e-01; Runtime: 2161.3s; Iterations = 5140, grads =   1.254e-06, unitary_metric = 1.00001
Error = :1.69e-01; Runtime: 2169.5s; Iterations = 5160, grads =   1.124e-07, unitary_metric = 1.00000
Error = :1.69e-01; Runtime: 2177.7s; Iterations = 5180, grads =   7.842e-08, unitary_metric = 1.00001
Error = :1.69e-01; Runtime: 2185.9s; Iterations = 5200, grads =   2.889e-07, unitary_metric = 1.00001
Error = :1.69e-01; Runtime: 2194.7s; Iterations = 5220, grads =   2.001e-05, unitary_metric = 1.00001
Error = :1.69e-01; Runtime: 2202.9s; Iterations = 5240, grads =   4.700e-03, unitary_metric = 1.00001
Error = :1.69e-01; Runtime: 2211.2s; Iterations = 5260, grads =   5.254e-03, unitary_metric = 1.00001
Error = :1.69e-01; Runtime: 2219.4s; Iterations = 5280, grads =   6.194e-04, unitary_metric = 1.00000
Error = :1.69e-01; Runtime: 2227.6s; Iterations = 5300, grads =   7.465e-05, unitary_metric = 1.00001
Error = :1.69e-01; Runtime: 2236.6s; Iterations = 5320, grads =   7.110e-06, unitary_metric = 1.00001
Error = :1.69e-01; Runtime: 2244.8s; Iterations = 5340, grads =   1.800e-06, unitary_metric = 1.00001
Error = :1.69e-01; Runtime: 2253.0s; Iterations = 5360, grads =   1.456e-04, unitary_metric = 1.00001
Error = :1.69e-01; Runtime: 2261.3s; Iterations = 5380, grads =   1.070e-03, unitary_metric = 1.00000
Error = :1.69e-01; Runtime: 2269.6s; Iterations = 5400, grads =   5.754e-05, unitary_metric = 1.00001
Error = :1.69e-01; Runtime: 2278.4s; Iterations = 5420, grads =   4.989e-07, unitary_metric = 1.00000
Error = :1.69e-01; Runtime: 2286.6s; Iterations = 5440, grads =   2.102e-07, unitary_metric = 1.00001
Error = :1.69e-01; Runtime: 2294.9s; Iterations = 5460, grads =   4.377e-07, unitary_metric = 1.00000
Error = :1.69e-01; Runtime: 2303.1s; Iterations = 5480, grads =   4.053e-06, unitary_metric = 1.00000
Error = :1.69e-01; Runtime: 2311.4s; Iterations = 5500, grads =   1.251e-03, unitary_metric = 1.00000
Error = :1.69e-01; Runtime: 2320.3s; Iterations = 5520, grads =   1.997e-03, unitary_metric = 1.00001
Error = :1.69e-01; Runtime: 2328.6s; Iterations = 5540, grads =   4.538e-04, unitary_metric = 1.00001
Error = :1.69e-01; Runtime: 2336.8s; Iterations = 5560, grads =   7.862e-04, unitary_metric = 1.00001
Error = :1.69e-01; Runtime: 2345.0s; Iterations = 5580, grads =   1.352e-04, unitary_metric = 1.00001
Error = :1.69e-01; Runtime: 2353.2s; Iterations = 5600, grads =   1.356e-05, unitary_metric = 1.00000
Error = :1.69e-01; Runtime: 2362.0s; Iterations = 5620, grads =   6.821e-06, unitary_metric = 1.00000
Error = :1.69e-01; Runtime: 2370.3s; Iterations = 5640, grads =   1.308e-03, unitary_metric = 1.00001
Error = :1.69e-01; Runtime: 2378.5s; Iterations = 5660, grads =   1.105e-03, unitary_metric = 1.00001
Error = :1.69e-01; Runtime: 2386.7s; Iterations = 5680, grads =   1.360e-04, unitary_metric = 1.00001
Error = :1.69e-01; Runtime: 2394.9s; Iterations = 5700, grads =   1.868e-05, unitary_metric = 1.00001
Error = :1.69e-01; Runtime: 2403.8s; Iterations = 5720, grads =   1.769e-06, unitary_metric = 1.00000
Error = :1.69e-01; Runtime: 2412.0s; Iterations = 5740, grads =   1.013e-06, unitary_metric = 1.00000
Error = :1.69e-01; Runtime: 2420.3s; Iterations = 5760, grads =   6.516e-05, unitary_metric = 1.00001
Error = :1.69e-01; Runtime: 2428.5s; Iterations = 5780, grads =   4.394e-03, unitary_metric = 1.00000
Error = :1.69e-01; Runtime: 2436.7s; Iterations = 5800, grads =   3.447e-04, unitary_metric = 1.00000
Error = :1.69e-01; Runtime: 2445.5s; Iterations = 5820, grads =   8.287e-05, unitary_metric = 1.00001
Error = :1.69e-01; Runtime: 2453.7s; Iterations = 5840, grads =   8.501e-04, unitary_metric = 1.00001
Error = :1.69e-01; Runtime: 2461.8s; Iterations = 5860, grads =   1.081e-04, unitary_metric = 1.00001
Error = :1.69e-01; Runtime: 2470.1s; Iterations = 5880, grads =   1.535e-04, unitary_metric = 1.00001
Error = :1.69e-01; Runtime: 2478.3s; Iterations = 5900, grads =   6.964e-04, unitary_metric = 1.00001
Error = :1.69e-01; Runtime: 2487.1s; Iterations = 5920, grads =   2.094e-04, unitary_metric = 1.00001
Error = :1.69e-01; Runtime: 2495.4s; Iterations = 5940, grads =   1.150e-05, unitary_metric = 1.00001
Error = :1.69e-01; Runtime: 2503.5s; Iterations = 5960, grads =   2.285e-06, unitary_metric = 1.00001
Error = :1.69e-01; Runtime: 2511.8s; Iterations = 5980, grads =   4.631e-05, unitary_metric = 1.00001
Error = :1.69e-01; Runtime: 2520.0s; Iterations = 6000, grads =   2.784e-03, unitary_metric = 1.00001
data saved at: /project/ftchong/qoc/pranav/00038_01_nah_slice_21.h5


trying total_time: 23.75 for unitary of size (16, 16)
data saved at: /project/ftchong/qoc/pranav/00039_01_nah_slice_21.h5
Using 7 Taylor terms and 2 Scaling & Squaring terms
Building graph:
Propagators initialized.
Operators weight initialized.
Intermediate propagation variables initialized.
Intermediate propagators initialized.
Vectors initialized.
Training loss initialized.
Optimizer initialized.
Utilities initialized.
Graph built!
Initialized
Error = :9.51e-01; Runtime: 0.7s; Iterations = 0, grads =   2.524e-01, unitary_metric = 1.00003
Error = :2.65e-01; Runtime: 10.8s; Iterations = 20, grads =   7.962e-01, unitary_metric = 1.00001
Error = :1.80e-01; Runtime: 19.5s; Iterations = 40, grads =   1.768e-01, unitary_metric = 1.00001
Error = :1.70e-01; Runtime: 28.3s; Iterations = 60, grads =   1.312e-02, unitary_metric = 1.00001
Error = :1.69e-01; Runtime: 37.1s; Iterations = 80, grads =   3.368e-03, unitary_metric = 1.00001
Error = :1.69e-01; Runtime: 45.9s; Iterations = 100, grads =   1.291e-03, unitary_metric = 1.00001
Error = :1.69e-01; Runtime: 55.3s; Iterations = 120, grads =   5.386e-04, unitary_metric = 1.00001
Error = :1.69e-01; Runtime: 64.0s; Iterations = 140, grads =   1.780e-03, unitary_metric = 1.00001
Error = :1.69e-01; Runtime: 72.8s; Iterations = 160, grads =   2.534e-02, unitary_metric = 1.00001
Error = :1.69e-01; Runtime: 81.6s; Iterations = 180, grads =   1.198e-02, unitary_metric = 1.00001
Error = :1.68e-01; Runtime: 90.3s; Iterations = 200, grads =   5.395e-06, unitary_metric = 1.00001
Error = :1.68e-01; Runtime: 99.7s; Iterations = 220, grads =   1.591e-04, unitary_metric = 1.00001
Error = :1.61e-01; Runtime: 108.5s; Iterations = 240, grads =   3.768e-01, unitary_metric = 1.00001
Error = :1.49e-02; Runtime: 117.2s; Iterations = 260, grads =   5.649e-02, unitary_metric = 1.00000
Error = :2.01e-03; Runtime: 126.0s; Iterations = 280, grads =   7.698e-04, unitary_metric = 1.00000
Error = :7.50e-04; Runtime: 128.6s; Iterations = 286, grads =   5.533e-03, unitary_metric = 1.00000
data saved at: /project/ftchong/qoc/pranav/00039_01_nah_slice_21.h5


trying total_time: 23.1 for unitary of size (16, 16)
data saved at: /project/ftchong/qoc/pranav/00040_01_nah_slice_21.h5
Using 7 Taylor terms and 2 Scaling & Squaring terms
Building graph:
Propagators initialized.
Operators weight initialized.
Intermediate propagation variables initialized.
Intermediate propagators initialized.
Vectors initialized.
Training loss initialized.
Optimizer initialized.
Utilities initialized.
Graph built!
Initialized
Error = :9.74e-01; Runtime: 0.7s; Iterations = 0, grads =   5.196e-02, unitary_metric = 1.00002
Error = :2.87e-01; Runtime: 10.6s; Iterations = 20, grads =   1.189e+00, unitary_metric = 1.00001
Error = :1.79e-01; Runtime: 19.1s; Iterations = 40, grads =   2.652e-01, unitary_metric = 1.00001
Error = :1.70e-01; Runtime: 27.6s; Iterations = 60, grads =   3.997e-02, unitary_metric = 1.00002
Error = :1.69e-01; Runtime: 36.2s; Iterations = 80, grads =   3.827e-03, unitary_metric = 1.00002
Error = :1.69e-01; Runtime: 44.7s; Iterations = 100, grads =   7.119e-04, unitary_metric = 1.00001
Error = :1.69e-01; Runtime: 53.8s; Iterations = 120, grads =   1.401e-04, unitary_metric = 1.00001
Error = :1.69e-01; Runtime: 62.3s; Iterations = 140, grads =   4.346e-03, unitary_metric = 1.00001
Error = :1.71e-01; Runtime: 70.8s; Iterations = 160, grads =   9.659e-02, unitary_metric = 1.00001
Error = :1.67e-01; Runtime: 79.2s; Iterations = 180, grads =   6.119e-03, unitary_metric = 1.00001
Error = :1.19e-01; Runtime: 87.8s; Iterations = 200, grads =   1.588e-03, unitary_metric = 1.00000
Error = :1.14e-02; Runtime: 96.9s; Iterations = 220, grads =   2.657e-03, unitary_metric = 1.00000
Error = :9.99e-04; Runtime: 105.4s; Iterations = 240, grads =   1.617e-04, unitary_metric = 1.00000
data saved at: /project/ftchong/qoc/pranav/00040_01_nah_slice_21.h5


trying total_time: 22.8 for unitary of size (16, 16)
data saved at: /project/ftchong/qoc/pranav/00041_01_nah_slice_21.h5
Using 7 Taylor terms and 2 Scaling & Squaring terms
Building graph:
Propagators initialized.
Operators weight initialized.
Intermediate propagation variables initialized.
Intermediate propagators initialized.
Vectors initialized.
Training loss initialized.
Optimizer initialized.
Utilities initialized.
Graph built!
Initialized
Error = :9.56e-01; Runtime: 0.7s; Iterations = 0, grads =   1.220e-01, unitary_metric = 1.00002
Error = :2.43e-01; Runtime: 10.4s; Iterations = 20, grads =   7.809e-01, unitary_metric = 1.00000
Error = :1.76e-01; Runtime: 18.8s; Iterations = 40, grads =   1.242e-01, unitary_metric = 1.00000
Error = :1.70e-01; Runtime: 27.1s; Iterations = 60, grads =   3.686e-02, unitary_metric = 1.00000
Error = :1.69e-01; Runtime: 35.6s; Iterations = 80, grads =   4.036e-03, unitary_metric = 1.00000
Error = :1.69e-01; Runtime: 43.9s; Iterations = 100, grads =   6.945e-04, unitary_metric = 1.00000
Error = :1.69e-01; Runtime: 52.8s; Iterations = 120, grads =   5.459e-05, unitary_metric = 1.00000
Error = :1.69e-01; Runtime: 61.2s; Iterations = 140, grads =   1.620e-05, unitary_metric = 1.00000
Error = :1.75e-01; Runtime: 69.5s; Iterations = 160, grads =   2.598e-01, unitary_metric = 1.00001
Error = :1.69e-01; Runtime: 77.8s; Iterations = 180, grads =   3.698e-02, unitary_metric = 1.00000
Error = :1.61e-01; Runtime: 86.1s; Iterations = 200, grads =   7.970e-03, unitary_metric = 1.00000
Error = :1.32e-02; Runtime: 95.1s; Iterations = 220, grads =   4.640e-03, unitary_metric = 1.00000
Error = :1.79e-03; Runtime: 103.5s; Iterations = 240, grads =   5.369e-02, unitary_metric = 1.00000
Error = :7.80e-04; Runtime: 108.9s; Iterations = 253, grads =   2.332e-03, unitary_metric = 1.00000
data saved at: /project/ftchong/qoc/pranav/00041_01_nah_slice_21.h5


trying total_time: 10.0 for unitary of size (4, 4)
data saved at: /project/ftchong/qoc/pranav/00042_01_nah_slice_21.h5
Using 6 Taylor terms and 1 Scaling & Squaring terms
Building graph:
Propagators initialized.
Operators weight initialized.
Intermediate propagation variables initialized.
Intermediate propagators initialized.
Vectors initialized.
Training loss initialized.
Optimizer initialized.
Utilities initialized.
Graph built!
Initialized
Error = :1.36e-01; Runtime: 0.3s; Iterations = 0, grads =   2.523e+00, unitary_metric = 1.00000
Error = :4.34e-03; Runtime: 2.1s; Iterations = 20, grads =   8.820e-02, unitary_metric = 1.00000
Error = :4.02e-04; Runtime: 2.7s; Iterations = 29, grads =   7.909e-03, unitary_metric = 1.00000
data saved at: /project/ftchong/qoc/pranav/00042_01_nah_slice_21.h5


trying total_time: 5.0 for unitary of size (4, 4)
data saved at: /project/ftchong/qoc/pranav/00043_01_nah_slice_21.h5
Using 6 Taylor terms and 1 Scaling & Squaring terms
Building graph:
Propagators initialized.
Operators weight initialized.
Intermediate propagation variables initialized.
Intermediate propagators initialized.
Vectors initialized.
Training loss initialized.
Optimizer initialized.
Utilities initialized.
Graph built!
Initialized
Error = :1.15e-02; Runtime: 0.1s; Iterations = 0, grads =   1.076e-01, unitary_metric = 1.00000
Error = :1.71e-04; Runtime: 0.8s; Iterations = 11, grads =   4.030e-04, unitary_metric = 1.00000
data saved at: /project/ftchong/qoc/pranav/00043_01_nah_slice_21.h5


trying total_time: 2.5 for unitary of size (4, 4)
data saved at: /project/ftchong/qoc/pranav/00044_01_nah_slice_21.h5
Using 6 Taylor terms and 1 Scaling & Squaring terms
Building graph:
Propagators initialized.
Operators weight initialized.
Intermediate propagation variables initialized.
Intermediate propagators initialized.
Vectors initialized.
Training loss initialized.
Optimizer initialized.
Utilities initialized.
Graph built!
Initialized
Error = :4.32e-02; Runtime: 0.1s; Iterations = 0, grads =   2.137e-01, unitary_metric = 1.00000
Error = :2.79e-04; Runtime: 0.5s; Iterations = 15, grads =   4.792e-04, unitary_metric = 1.00000
data saved at: /project/ftchong/qoc/pranav/00044_01_nah_slice_21.h5


trying total_time: 1.25 for unitary of size (4, 4)
data saved at: /project/ftchong/qoc/pranav/00045_01_nah_slice_21.h5
Using 6 Taylor terms and 1 Scaling & Squaring terms
Building graph:
Propagators initialized.
Operators weight initialized.
Intermediate propagation variables initialized.
Intermediate propagators initialized.
Vectors initialized.
Training loss initialized.
Optimizer initialized.
Utilities initialized.
Graph built!
Initialized
Error = :2.95e-01; Runtime: 0.1s; Iterations = 0, grads =   5.308e-01, unitary_metric = 1.00000
Error = :2.27e-02; Runtime: 0.3s; Iterations = 20, grads =   5.769e-02, unitary_metric = 1.00000
Error = :7.43e-04; Runtime: 0.4s; Iterations = 28, grads =   1.870e-03, unitary_metric = 1.00000
data saved at: /project/ftchong/qoc/pranav/00045_01_nah_slice_21.h5


trying total_time: 0.6 for unitary of size (4, 4)
data saved at: /project/ftchong/qoc/pranav/00046_01_nah_slice_21.h5
Using 7 Taylor terms and 0 Scaling & Squaring terms
Building graph:
Propagators initialized.
Operators weight initialized.
Intermediate propagation variables initialized.
Intermediate propagators initialized.
Vectors initialized.
Training loss initialized.
Optimizer initialized.
Utilities initialized.
Graph built!
Initialized
Error = :2.97e-01; Runtime: 0.0s; Iterations = 0, grads =   2.278e-01, unitary_metric = 1.00000
Error = :8.73e-04; Runtime: 0.2s; Iterations = 16, grads =   3.478e-04, unitary_metric = 1.00000
data saved at: /project/ftchong/qoc/pranav/00046_01_nah_slice_21.h5


trying total_time: 0.3 for unitary of size (4, 4)
data saved at: /project/ftchong/qoc/pranav/00047_01_nah_slice_21.h5
Using 5 Taylor terms and 1 Scaling & Squaring terms
Building graph:
Propagators initialized.
Operators weight initialized.
Intermediate propagation variables initialized.
Intermediate propagators initialized.
Vectors initialized.
Training loss initialized.
Optimizer initialized.
Utilities initialized.
Graph built!
Initialized
Error = :1.18e-01; Runtime: 0.0s; Iterations = 0, grads =   6.072e-02, unitary_metric = 1.00000
Error = :7.90e-03; Runtime: 0.2s; Iterations = 20, grads =   4.848e-03, unitary_metric = 1.00000
Error = :6.65e-04; Runtime: 0.2s; Iterations = 27, grads =   4.039e-04, unitary_metric = 1.00000
data saved at: /project/ftchong/qoc/pranav/00047_01_nah_slice_21.h5




[0.3, 22.8, 0.3]
TIME FOR SLICE IS:
22.8
