Running Block:  24


trying total_time: 54.0 for unitary of size (16, 16)
data saved at: /project/ftchong/qoc/pranav/00005_28_fixed_slice_24.h5
Using 5 Taylor terms and 4 Scaling & Squaring terms
Building graph:
Propagators initialized.
Operators weight initialized.
Intermediate propagation variables initialized.
Intermediate propagators initialized.
Vectors initialized.
Training loss initialized.
Optimizer initialized.
Utilities initialized.
Graph built!
Initialized
Error = :9.87e-01; Runtime: 2.3s; Iterations = 0, grads =   2.515e-02, unitary_metric = 1.00052
Error = :8.10e-01; Runtime: 24.7s; Iterations = 20, grads =   8.535e-01, unitary_metric = 1.00048
Error = :5.47e-01; Runtime: 43.5s; Iterations = 40, grads =   3.133e-01, unitary_metric = 1.00032
Error = :5.04e-01; Runtime: 62.2s; Iterations = 60, grads =   8.147e-02, unitary_metric = 1.00028
Error = :4.91e-01; Runtime: 80.9s; Iterations = 80, grads =   4.004e-02, unitary_metric = 1.00030
Error = :1.45e-01; Runtime: 99.5s; Iterations = 100, grads =   2.931e+00, unitary_metric = 1.00031
Error = :1.44e-02; Runtime: 119.6s; Iterations = 120, grads =   3.066e-01, unitary_metric = 1.00033
Error = :2.59e-03; Runtime: 138.2s; Iterations = 140, grads =   7.452e-02, unitary_metric = 1.00031
Error = :8.07e-04; Runtime: 145.6s; Iterations = 148, grads =   1.698e-02, unitary_metric = 1.00032
data saved at: /project/ftchong/qoc/pranav/00005_28_fixed_slice_24.h5


trying total_time: 41.0 for unitary of size (16, 16)
data saved at: /project/ftchong/qoc/pranav/00006_28_fixed_slice_24.h5
Using 5 Taylor terms and 4 Scaling & Squaring terms
Building graph:
Propagators initialized.
Operators weight initialized.
Intermediate propagation variables initialized.
Intermediate propagators initialized.
Vectors initialized.
Training loss initialized.
Optimizer initialized.
Utilities initialized.
Graph built!
Initialized
Error = :9.83e-01; Runtime: 1.2s; Iterations = 0, grads =   2.134e-02, unitary_metric = 1.00033
Error = :7.63e-01; Runtime: 17.2s; Iterations = 20, grads =   3.919e-01, unitary_metric = 1.00037
Error = :5.35e-01; Runtime: 31.1s; Iterations = 40, grads =   1.520e-01, unitary_metric = 1.00026
Error = :5.04e-01; Runtime: 45.1s; Iterations = 60, grads =   3.495e-02, unitary_metric = 1.00027
Error = :5.03e-01; Runtime: 58.9s; Iterations = 80, grads =   1.147e-01, unitary_metric = 1.00027
Error = :5.03e-01; Runtime: 72.9s; Iterations = 100, grads =   1.781e-01, unitary_metric = 1.00028
Error = :4.77e-01; Runtime: 87.7s; Iterations = 120, grads =   1.269e-02, unitary_metric = 1.00025
Error = :6.35e-02; Runtime: 101.6s; Iterations = 140, grads =   9.110e-01, unitary_metric = 1.00022
Error = :1.11e-02; Runtime: 115.6s; Iterations = 160, grads =   1.615e-01, unitary_metric = 1.00022
Error = :1.17e-03; Runtime: 129.5s; Iterations = 180, grads =   1.734e-02, unitary_metric = 1.00023
Error = :6.09e-04; Runtime: 130.2s; Iterations = 181, grads =   4.634e-03, unitary_metric = 1.00024
data saved at: /project/ftchong/qoc/pranav/00006_28_fixed_slice_24.h5


trying total_time: 34.5 for unitary of size (16, 16)
data saved at: /project/ftchong/qoc/pranav/00007_28_fixed_slice_24.h5
Using 5 Taylor terms and 4 Scaling & Squaring terms
Building graph:
Propagators initialized.
Operators weight initialized.
Intermediate propagation variables initialized.
Intermediate propagators initialized.
Vectors initialized.
Training loss initialized.
Optimizer initialized.
Utilities initialized.
Graph built!
Initialized
Error = :9.81e-01; Runtime: 1.0s; Iterations = 0, grads =   1.392e-02, unitary_metric = 1.00038
Error = :8.00e-01; Runtime: 14.2s; Iterations = 20, grads =   2.268e-01, unitary_metric = 1.00026
Error = :6.93e-01; Runtime: 25.7s; Iterations = 40, grads =   3.387e-02, unitary_metric = 1.00024
Error = :5.08e-01; Runtime: 37.2s; Iterations = 60, grads =   7.942e-03, unitary_metric = 1.00021
Error = :5.02e-01; Runtime: 48.8s; Iterations = 80, grads =   2.513e-03, unitary_metric = 1.00021
Error = :5.05e-01; Runtime: 60.3s; Iterations = 100, grads =   1.427e-01, unitary_metric = 1.00021
Error = :5.00e-01; Runtime: 72.6s; Iterations = 120, grads =   1.764e-03, unitary_metric = 1.00021
Error = :5.00e-01; Runtime: 84.1s; Iterations = 140, grads =   1.624e-02, unitary_metric = 1.00021
Error = :4.97e-01; Runtime: 95.7s; Iterations = 160, grads =   2.945e-03, unitary_metric = 1.00020
Error = :4.70e-01; Runtime: 107.2s; Iterations = 180, grads =   3.531e-02, unitary_metric = 1.00022
Error = :5.86e-02; Runtime: 118.7s; Iterations = 200, grads =   7.981e-01, unitary_metric = 1.00018
Error = :5.82e-03; Runtime: 131.0s; Iterations = 220, grads =   4.495e-02, unitary_metric = 1.00017
Error = :9.10e-04; Runtime: 140.7s; Iterations = 237, grads =   1.064e-02, unitary_metric = 1.00018
data saved at: /project/ftchong/qoc/pranav/00007_28_fixed_slice_24.h5


trying total_time: 31.25 for unitary of size (16, 16)
data saved at: /project/ftchong/qoc/pranav/00008_28_fixed_slice_24.h5
Using 7 Taylor terms and 2 Scaling & Squaring terms
Building graph:
Propagators initialized.
Operators weight initialized.
Intermediate propagation variables initialized.
Intermediate propagators initialized.
Vectors initialized.
Training loss initialized.
Optimizer initialized.
Utilities initialized.
Graph built!
Initialized
Error = :9.97e-01; Runtime: 0.9s; Iterations = 0, grads =   3.343e-03, unitary_metric = 1.00004
Error = :7.75e-01; Runtime: 13.2s; Iterations = 20, grads =   1.415e-01, unitary_metric = 1.00001
Error = :7.53e-01; Runtime: 23.6s; Iterations = 40, grads =   1.801e-02, unitary_metric = 1.00001
Error = :7.50e-01; Runtime: 34.1s; Iterations = 60, grads =   1.086e-03, unitary_metric = 1.00001
Error = :7.50e-01; Runtime: 44.6s; Iterations = 80, grads =   1.672e-04, unitary_metric = 1.00001
Error = :7.50e-01; Runtime: 55.1s; Iterations = 100, grads =   4.702e-05, unitary_metric = 1.00001
Error = :7.49e-01; Runtime: 66.3s; Iterations = 120, grads =   1.982e-05, unitary_metric = 1.00001
Error = :5.67e-01; Runtime: 76.8s; Iterations = 140, grads =   6.516e-03, unitary_metric = 1.00000
Error = :5.03e-01; Runtime: 87.3s; Iterations = 160, grads =   1.723e-02, unitary_metric = 1.00000
Error = :5.01e-01; Runtime: 97.8s; Iterations = 180, grads =   1.711e-03, unitary_metric = 1.00000
Error = :5.00e-01; Runtime: 108.4s; Iterations = 200, grads =   2.032e-03, unitary_metric = 1.00000
Error = :5.01e-01; Runtime: 119.7s; Iterations = 220, grads =   1.022e-02, unitary_metric = 1.00000
Error = :5.00e-01; Runtime: 130.2s; Iterations = 240, grads =   7.626e-04, unitary_metric = 1.00000
Error = :5.00e-01; Runtime: 140.7s; Iterations = 260, grads =   2.797e-04, unitary_metric = 1.00000
Error = :5.00e-01; Runtime: 151.2s; Iterations = 280, grads =   3.424e-05, unitary_metric = 1.00000
Error = :5.00e-01; Runtime: 161.7s; Iterations = 300, grads =   3.904e-04, unitary_metric = 1.00000
Error = :5.01e-01; Runtime: 172.9s; Iterations = 320, grads =   8.682e-03, unitary_metric = 1.00000
Error = :5.01e-01; Runtime: 183.4s; Iterations = 340, grads =   1.011e-02, unitary_metric = 1.00001
Error = :5.00e-01; Runtime: 193.9s; Iterations = 360, grads =   4.843e-03, unitary_metric = 1.00000
Error = :5.00e-01; Runtime: 204.4s; Iterations = 380, grads =   1.771e-03, unitary_metric = 1.00001
Error = :5.00e-01; Runtime: 214.9s; Iterations = 400, grads =   3.782e-04, unitary_metric = 1.00000
Error = :5.01e-01; Runtime: 226.1s; Iterations = 420, grads =   1.398e-02, unitary_metric = 1.00000
Error = :5.00e-01; Runtime: 236.6s; Iterations = 440, grads =   1.206e-03, unitary_metric = 1.00000
Error = :5.00e-01; Runtime: 247.1s; Iterations = 460, grads =   5.124e-05, unitary_metric = 1.00000
Error = :5.00e-01; Runtime: 257.6s; Iterations = 480, grads =   7.795e-05, unitary_metric = 1.00000
Error = :5.01e-01; Runtime: 268.1s; Iterations = 500, grads =   1.765e-02, unitary_metric = 1.00000
Error = :5.00e-01; Runtime: 279.3s; Iterations = 520, grads =   1.273e-03, unitary_metric = 1.00000
Error = :5.03e-01; Runtime: 289.7s; Iterations = 540, grads =   4.351e-02, unitary_metric = 1.00000
Error = :5.01e-01; Runtime: 300.2s; Iterations = 560, grads =   9.005e-03, unitary_metric = 1.00000
Error = :5.00e-01; Runtime: 310.6s; Iterations = 580, grads =   1.616e-04, unitary_metric = 1.00000
Error = :5.00e-01; Runtime: 321.0s; Iterations = 600, grads =   1.138e-04, unitary_metric = 1.00000
Error = :5.00e-01; Runtime: 332.2s; Iterations = 620, grads =   7.857e-04, unitary_metric = 1.00000
Error = :5.01e-01; Runtime: 342.7s; Iterations = 640, grads =   1.052e-02, unitary_metric = 1.00000
Error = :5.00e-01; Runtime: 353.2s; Iterations = 660, grads =   1.771e-03, unitary_metric = 1.00000
Error = :5.00e-01; Runtime: 363.6s; Iterations = 680, grads =   3.822e-04, unitary_metric = 1.00000
Error = :5.00e-01; Runtime: 374.1s; Iterations = 700, grads =   5.367e-05, unitary_metric = 1.00000
Error = :5.00e-01; Runtime: 385.3s; Iterations = 720, grads =   4.385e-03, unitary_metric = 1.00000
Error = :5.01e-01; Runtime: 395.8s; Iterations = 740, grads =   8.192e-03, unitary_metric = 1.00000
Error = :5.00e-01; Runtime: 406.3s; Iterations = 760, grads =   5.771e-03, unitary_metric = 1.00000
Error = :5.00e-01; Runtime: 416.8s; Iterations = 780, grads =   8.887e-04, unitary_metric = 1.00000
Error = :5.00e-01; Runtime: 427.9s; Iterations = 800, grads =   5.401e-04, unitary_metric = 1.00000
Error = :5.00e-01; Runtime: 440.0s; Iterations = 820, grads =   1.506e-05, unitary_metric = 1.00000
Error = :5.00e-01; Runtime: 451.8s; Iterations = 840, grads =   2.031e-03, unitary_metric = 1.00000
Error = :5.00e-01; Runtime: 463.8s; Iterations = 860, grads =   4.967e-03, unitary_metric = 1.00000
Error = :5.00e-01; Runtime: 475.7s; Iterations = 880, grads =   3.981e-03, unitary_metric = 1.00000
Error = :5.00e-01; Runtime: 487.8s; Iterations = 900, grads =   2.163e-03, unitary_metric = 1.00000
Error = :5.00e-01; Runtime: 500.8s; Iterations = 920, grads =   4.553e-03, unitary_metric = 1.00000
Error = :5.00e-01; Runtime: 512.7s; Iterations = 940, grads =   1.027e-03, unitary_metric = 1.00000
Error = :5.01e-01; Runtime: 524.6s; Iterations = 960, grads =   7.706e-03, unitary_metric = 1.00000
Error = :5.00e-01; Runtime: 536.7s; Iterations = 980, grads =   4.967e-03, unitary_metric = 1.00000
Error = :5.00e-01; Runtime: 548.7s; Iterations = 1000, grads =   7.328e-04, unitary_metric = 1.00000
Error = :5.00e-01; Runtime: 561.6s; Iterations = 1020, grads =   1.096e-04, unitary_metric = 1.00000
Error = :5.00e-01; Runtime: 573.5s; Iterations = 1040, grads =   2.572e-04, unitary_metric = 1.00000
Error = :5.01e-01; Runtime: 585.0s; Iterations = 1060, grads =   1.718e-02, unitary_metric = 1.00000
Error = :5.00e-01; Runtime: 596.7s; Iterations = 1080, grads =   1.753e-03, unitary_metric = 1.00000
Error = :5.00e-01; Runtime: 608.9s; Iterations = 1100, grads =   1.045e-03, unitary_metric = 1.00000
Error = :5.00e-01; Runtime: 621.7s; Iterations = 1120, grads =   2.000e-04, unitary_metric = 1.00000
Error = :5.00e-01; Runtime: 632.8s; Iterations = 1140, grads =   4.292e-05, unitary_metric = 1.00000
Error = :5.00e-01; Runtime: 643.4s; Iterations = 1160, grads =   1.118e-03, unitary_metric = 1.00000
Error = :5.00e-01; Runtime: 654.0s; Iterations = 1180, grads =   6.229e-04, unitary_metric = 1.00000
Error = :5.00e-01; Runtime: 664.5s; Iterations = 1200, grads =   5.584e-03, unitary_metric = 1.00000
Error = :5.00e-01; Runtime: 676.1s; Iterations = 1220, grads =   5.435e-03, unitary_metric = 1.00000
Error = :5.00e-01; Runtime: 686.6s; Iterations = 1240, grads =   1.239e-04, unitary_metric = 1.00000
Error = :5.00e-01; Runtime: 697.2s; Iterations = 1260, grads =   5.344e-05, unitary_metric = 1.00000
Error = :5.00e-01; Runtime: 707.7s; Iterations = 1280, grads =   1.900e-03, unitary_metric = 1.00000
Error = :5.00e-01; Runtime: 718.3s; Iterations = 1300, grads =   2.310e-03, unitary_metric = 1.00000
Error = :5.00e-01; Runtime: 729.5s; Iterations = 1320, grads =   2.414e-04, unitary_metric = 1.00000
Error = :5.00e-01; Runtime: 740.0s; Iterations = 1340, grads =   2.086e-06, unitary_metric = 1.00000
Error = :5.00e-01; Runtime: 750.6s; Iterations = 1360, grads =   1.460e-05, unitary_metric = 1.00000
Error = :5.00e-01; Runtime: 761.0s; Iterations = 1380, grads =   6.114e-06, unitary_metric = 1.00000
Error = :5.00e-01; Runtime: 771.6s; Iterations = 1400, grads =   1.580e-03, unitary_metric = 1.00000
Error = :5.01e-01; Runtime: 783.0s; Iterations = 1420, grads =   9.358e-03, unitary_metric = 1.00000
Error = :5.00e-01; Runtime: 793.6s; Iterations = 1440, grads =   5.725e-04, unitary_metric = 1.00000
Error = :5.00e-01; Runtime: 804.1s; Iterations = 1460, grads =   2.950e-03, unitary_metric = 1.00000
Error = :5.00e-01; Runtime: 814.6s; Iterations = 1480, grads =   3.353e-04, unitary_metric = 1.00000
Error = :5.00e-01; Runtime: 825.1s; Iterations = 1500, grads =   6.031e-05, unitary_metric = 1.00000
Error = :5.00e-01; Runtime: 836.4s; Iterations = 1520, grads =   1.797e-05, unitary_metric = 1.00000
Error = :5.00e-01; Runtime: 846.9s; Iterations = 1540, grads =   6.714e-05, unitary_metric = 1.00000
Error = :5.01e-01; Runtime: 857.4s; Iterations = 1560, grads =   8.840e-03, unitary_metric = 1.00000
Error = :5.00e-01; Runtime: 867.9s; Iterations = 1580, grads =   2.000e-03, unitary_metric = 1.00000
Error = :5.00e-01; Runtime: 878.3s; Iterations = 1600, grads =   4.063e-04, unitary_metric = 1.00000
Error = :5.00e-01; Runtime: 889.6s; Iterations = 1620, grads =   6.271e-03, unitary_metric = 1.00000
Error = :5.00e-01; Runtime: 900.1s; Iterations = 1640, grads =   7.286e-05, unitary_metric = 1.00000
Error = :5.01e-01; Runtime: 910.6s; Iterations = 1660, grads =   1.108e-02, unitary_metric = 1.00000
Error = :5.00e-01; Runtime: 921.1s; Iterations = 1680, grads =   1.304e-03, unitary_metric = 1.00000
Error = :5.00e-01; Runtime: 931.6s; Iterations = 1700, grads =   1.523e-04, unitary_metric = 0.99999
Error = :5.00e-01; Runtime: 942.8s; Iterations = 1720, grads =   5.995e-05, unitary_metric = 0.99999
Error = :5.00e-01; Runtime: 953.3s; Iterations = 1740, grads =   4.785e-03, unitary_metric = 0.99999
Error = :5.00e-01; Runtime: 963.8s; Iterations = 1760, grads =   1.404e-04, unitary_metric = 0.99999
Error = :5.00e-01; Runtime: 974.3s; Iterations = 1780, grads =   6.928e-05, unitary_metric = 0.99999
Error = :5.00e-01; Runtime: 984.8s; Iterations = 1800, grads =   6.814e-05, unitary_metric = 0.99999
Error = :5.01e-01; Runtime: 996.1s; Iterations = 1820, grads =   9.478e-03, unitary_metric = 0.99999
Error = :5.00e-01; Runtime: 1006.6s; Iterations = 1840, grads =   7.694e-04, unitary_metric = 1.00000
Error = :5.00e-01; Runtime: 1017.1s; Iterations = 1860, grads =   2.639e-03, unitary_metric = 1.00000
Error = :5.00e-01; Runtime: 1027.6s; Iterations = 1880, grads =   7.234e-04, unitary_metric = 1.00000
Error = :5.00e-01; Runtime: 1038.6s; Iterations = 1900, grads =   3.180e-04, unitary_metric = 1.00000
Error = :5.00e-01; Runtime: 1050.5s; Iterations = 1920, grads =   1.160e-03, unitary_metric = 1.00000
Error = :5.00e-01; Runtime: 1062.4s; Iterations = 1940, grads =   6.952e-06, unitary_metric = 1.00000
Error = :5.00e-01; Runtime: 1074.4s; Iterations = 1960, grads =   1.040e-04, unitary_metric = 1.00000
Error = :5.00e-01; Runtime: 1086.4s; Iterations = 1980, grads =   4.423e-04, unitary_metric = 1.00000
Error = :5.00e-01; Runtime: 1098.5s; Iterations = 2000, grads =   2.100e-03, unitary_metric = 1.00000
Error = :5.00e-01; Runtime: 1111.3s; Iterations = 2020, grads =   9.787e-04, unitary_metric = 1.00000
Error = :5.00e-01; Runtime: 1123.2s; Iterations = 2040, grads =   2.306e-04, unitary_metric = 1.00000
Error = :5.00e-01; Runtime: 1135.3s; Iterations = 2060, grads =   1.765e-04, unitary_metric = 1.00000
Error = :5.00e-01; Runtime: 1147.3s; Iterations = 2080, grads =   5.974e-03, unitary_metric = 1.00000
Error = :5.00e-01; Runtime: 1159.3s; Iterations = 2100, grads =   2.863e-03, unitary_metric = 1.00000
Error = :5.00e-01; Runtime: 1172.2s; Iterations = 2120, grads =   1.936e-04, unitary_metric = 1.00000
Error = :5.00e-01; Runtime: 1184.1s; Iterations = 2140, grads =   1.939e-05, unitary_metric = 1.00001
Error = :5.00e-01; Runtime: 1196.1s; Iterations = 2160, grads =   3.079e-04, unitary_metric = 1.00000
Error = :5.00e-01; Runtime: 1208.3s; Iterations = 2180, grads =   1.666e-03, unitary_metric = 1.00000
Error = :5.00e-01; Runtime: 1220.5s; Iterations = 2200, grads =   2.015e-03, unitary_metric = 1.00000
Error = :5.00e-01; Runtime: 1232.6s; Iterations = 2220, grads =   5.679e-04, unitary_metric = 1.00000
Error = :5.00e-01; Runtime: 1243.3s; Iterations = 2240, grads =   4.953e-05, unitary_metric = 1.00000
Error = :5.00e-01; Runtime: 1254.1s; Iterations = 2260, grads =   1.275e-05, unitary_metric = 1.00000
Error = :5.00e-01; Runtime: 1264.8s; Iterations = 2280, grads =   3.752e-06, unitary_metric = 1.00000
Error = :5.00e-01; Runtime: 1275.3s; Iterations = 2300, grads =   1.515e-05, unitary_metric = 1.00000
Error = :5.00e-01; Runtime: 1286.6s; Iterations = 2320, grads =   1.317e-03, unitary_metric = 1.00000
Error = :5.01e-01; Runtime: 1297.1s; Iterations = 2340, grads =   1.411e-02, unitary_metric = 1.00001
Error = :5.00e-01; Runtime: 1307.6s; Iterations = 2360, grads =   5.272e-03, unitary_metric = 1.00000
Error = :5.00e-01; Runtime: 1318.1s; Iterations = 2380, grads =   9.794e-05, unitary_metric = 1.00000
Error = :5.00e-01; Runtime: 1328.6s; Iterations = 2400, grads =   8.061e-05, unitary_metric = 1.00000
Error = :5.00e-01; Runtime: 1339.9s; Iterations = 2420, grads =   3.477e-04, unitary_metric = 1.00001
Error = :5.00e-01; Runtime: 1350.4s; Iterations = 2440, grads =   4.613e-04, unitary_metric = 1.00000
Error = :5.00e-01; Runtime: 1360.9s; Iterations = 2460, grads =   1.685e-05, unitary_metric = 1.00000
Error = :5.00e-01; Runtime: 1371.3s; Iterations = 2480, grads =   1.240e-05, unitary_metric = 1.00001
Error = :5.00e-01; Runtime: 1381.8s; Iterations = 2500, grads =   1.042e-04, unitary_metric = 1.00000
Error = :5.00e-01; Runtime: 1393.1s; Iterations = 2520, grads =   3.574e-03, unitary_metric = 1.00000
Error = :5.00e-01; Runtime: 1403.6s; Iterations = 2540, grads =   1.727e-03, unitary_metric = 1.00000
Error = :5.00e-01; Runtime: 1414.1s; Iterations = 2560, grads =   4.464e-04, unitary_metric = 1.00000
Error = :5.00e-01; Runtime: 1424.6s; Iterations = 2580, grads =   4.781e-05, unitary_metric = 1.00000
Error = :5.00e-01; Runtime: 1435.1s; Iterations = 2600, grads =   2.996e-04, unitary_metric = 1.00000
Error = :5.00e-01; Runtime: 1446.4s; Iterations = 2620, grads =   5.866e-04, unitary_metric = 1.00000
Error = :5.00e-01; Runtime: 1456.8s; Iterations = 2640, grads =   2.249e-04, unitary_metric = 1.00000
Error = :5.00e-01; Runtime: 1467.3s; Iterations = 2660, grads =   4.383e-03, unitary_metric = 1.00000
Error = :5.00e-01; Runtime: 1477.8s; Iterations = 2680, grads =   2.919e-04, unitary_metric = 1.00000
Error = :5.00e-01; Runtime: 1488.3s; Iterations = 2700, grads =   3.136e-04, unitary_metric = 1.00001
Error = :5.00e-01; Runtime: 1499.7s; Iterations = 2720, grads =   2.811e-03, unitary_metric = 1.00000
Error = :5.00e-01; Runtime: 1510.2s; Iterations = 2740, grads =   9.271e-04, unitary_metric = 1.00000
Error = :5.00e-01; Runtime: 1520.7s; Iterations = 2760, grads =   5.793e-04, unitary_metric = 1.00000
Error = :5.00e-01; Runtime: 1531.2s; Iterations = 2780, grads =   1.875e-05, unitary_metric = 1.00000
Error = :5.00e-01; Runtime: 1541.6s; Iterations = 2800, grads =   2.642e-05, unitary_metric = 1.00000
Error = :5.00e-01; Runtime: 1552.9s; Iterations = 2820, grads =   2.851e-04, unitary_metric = 1.00000
Error = :5.00e-01; Runtime: 1563.3s; Iterations = 2840, grads =   8.016e-04, unitary_metric = 1.00000
Error = :5.00e-01; Runtime: 1573.8s; Iterations = 2860, grads =   4.051e-05, unitary_metric = 1.00000
Error = :5.00e-01; Runtime: 1584.3s; Iterations = 2880, grads =   2.465e-04, unitary_metric = 1.00000
Error = :5.00e-01; Runtime: 1594.8s; Iterations = 2900, grads =   1.029e-03, unitary_metric = 1.00000
Error = :5.00e-01; Runtime: 1606.3s; Iterations = 2920, grads =   2.967e-04, unitary_metric = 1.00000
Error = :5.00e-01; Runtime: 1616.8s; Iterations = 2940, grads =   4.188e-03, unitary_metric = 1.00000
Error = :5.00e-01; Runtime: 1627.3s; Iterations = 2960, grads =   2.985e-04, unitary_metric = 1.00000
Error = :5.00e-01; Runtime: 1637.7s; Iterations = 2980, grads =   7.416e-05, unitary_metric = 1.00000
Error = :5.00e-01; Runtime: 1648.2s; Iterations = 3000, grads =   1.864e-05, unitary_metric = 1.00000
Error = :5.00e-01; Runtime: 1659.5s; Iterations = 3020, grads =   6.004e-05, unitary_metric = 1.00000
Error = :5.00e-01; Runtime: 1670.0s; Iterations = 3040, grads =   2.613e-03, unitary_metric = 1.00000
Error = :5.00e-01; Runtime: 1680.5s; Iterations = 3060, grads =   1.451e-03, unitary_metric = 1.00000
Error = :5.00e-01; Runtime: 1691.0s; Iterations = 3080, grads =   6.007e-04, unitary_metric = 1.00000
Error = :5.00e-01; Runtime: 1701.5s; Iterations = 3100, grads =   1.237e-04, unitary_metric = 1.00000
Error = :5.00e-01; Runtime: 1712.8s; Iterations = 3120, grads =   1.468e-05, unitary_metric = 1.00000
Error = :5.00e-01; Runtime: 1723.3s; Iterations = 3140, grads =   8.638e-07, unitary_metric = 1.00000
Error = :5.00e-01; Runtime: 1733.8s; Iterations = 3160, grads =   3.010e-05, unitary_metric = 1.00000
Error = :5.00e-01; Runtime: 1744.3s; Iterations = 3180, grads =   5.630e-03, unitary_metric = 1.00000
Error = :5.00e-01; Runtime: 1754.9s; Iterations = 3200, grads =   6.223e-04, unitary_metric = 1.00000
Error = :5.00e-01; Runtime: 1766.2s; Iterations = 3220, grads =   1.586e-03, unitary_metric = 1.00000
Error = :5.00e-01; Runtime: 1776.8s; Iterations = 3240, grads =   4.017e-03, unitary_metric = 1.00000
Error = :5.00e-01; Runtime: 1787.3s; Iterations = 3260, grads =   4.270e-04, unitary_metric = 1.00001
Error = :5.00e-01; Runtime: 1797.9s; Iterations = 3280, grads =   2.481e-05, unitary_metric = 1.00000
Error = :5.00e-01; Runtime: 1808.4s; Iterations = 3300, grads =   3.933e-06, unitary_metric = 1.00000
Error = :5.00e-01; Runtime: 1820.2s; Iterations = 3320, grads =   4.706e-07, unitary_metric = 1.00000
Error = :5.00e-01; Runtime: 1830.7s; Iterations = 3340, grads =   4.069e-06, unitary_metric = 1.00000
Error = :5.00e-01; Runtime: 1841.3s; Iterations = 3360, grads =   1.252e-05, unitary_metric = 1.00000
Error = :5.00e-01; Runtime: 1851.8s; Iterations = 3380, grads =   1.230e-03, unitary_metric = 1.00000
Error = :5.00e-01; Runtime: 1862.4s; Iterations = 3400, grads =   5.112e-04, unitary_metric = 1.00000
Error = :5.00e-01; Runtime: 1873.5s; Iterations = 3420, grads =   2.768e-03, unitary_metric = 1.00001
Error = :5.00e-01; Runtime: 1884.0s; Iterations = 3440, grads =   6.412e-04, unitary_metric = 1.00000
Error = :5.00e-01; Runtime: 1894.5s; Iterations = 3460, grads =   1.134e-04, unitary_metric = 1.00000
Error = :5.00e-01; Runtime: 1905.0s; Iterations = 3480, grads =   6.401e-05, unitary_metric = 1.00000
Error = :5.00e-01; Runtime: 1915.5s; Iterations = 3500, grads =   1.728e-04, unitary_metric = 1.00000
Error = :5.00e-01; Runtime: 1926.8s; Iterations = 3520, grads =   4.465e-04, unitary_metric = 1.00000
Error = :5.00e-01; Runtime: 1937.3s; Iterations = 3540, grads =   8.974e-05, unitary_metric = 1.00000
Error = :5.00e-01; Runtime: 1947.8s; Iterations = 3560, grads =   1.831e-04, unitary_metric = 1.00000
Error = :5.00e-01; Runtime: 1958.2s; Iterations = 3580, grads =   2.743e-04, unitary_metric = 1.00000
Error = :5.00e-01; Runtime: 1968.7s; Iterations = 3600, grads =   2.585e-05, unitary_metric = 1.00000
Error = :5.00e-01; Runtime: 1979.9s; Iterations = 3620, grads =   4.601e-04, unitary_metric = 1.00000
Error = :5.00e-01; Runtime: 1990.4s; Iterations = 3640, grads =   1.182e-04, unitary_metric = 1.00000
Error = :5.00e-01; Runtime: 2000.9s; Iterations = 3660, grads =   3.223e-03, unitary_metric = 1.00000
Error = :5.00e-01; Runtime: 2011.3s; Iterations = 3680, grads =   4.521e-04, unitary_metric = 1.00000
Error = :5.00e-01; Runtime: 2021.8s; Iterations = 3700, grads =   8.579e-05, unitary_metric = 1.00000
Error = :5.00e-01; Runtime: 2033.1s; Iterations = 3720, grads =   8.971e-06, unitary_metric = 1.00000
Error = :5.00e-01; Runtime: 2043.6s; Iterations = 3740, grads =   1.009e-06, unitary_metric = 1.00000
Error = :5.00e-01; Runtime: 2054.1s; Iterations = 3760, grads =   1.308e-07, unitary_metric = 1.00000
Error = :5.00e-01; Runtime: 2064.6s; Iterations = 3780, grads =   2.019e-06, unitary_metric = 1.00000
Error = :5.00e-01; Runtime: 2075.0s; Iterations = 3800, grads =   4.861e-04, unitary_metric = 1.00000
Error = :5.00e-01; Runtime: 2086.2s; Iterations = 3820, grads =   2.609e-03, unitary_metric = 1.00000
Error = :5.00e-01; Runtime: 2096.7s; Iterations = 3840, grads =   5.027e-04, unitary_metric = 1.00000
Error = :5.00e-01; Runtime: 2107.1s; Iterations = 3860, grads =   8.325e-04, unitary_metric = 1.00000
Error = :5.00e-01; Runtime: 2117.6s; Iterations = 3880, grads =   1.225e-04, unitary_metric = 1.00000
Error = :5.00e-01; Runtime: 2128.1s; Iterations = 3900, grads =   1.862e-05, unitary_metric = 1.00000
Error = :5.00e-01; Runtime: 2139.5s; Iterations = 3920, grads =   2.341e-06, unitary_metric = 1.00000
Error = :5.00e-01; Runtime: 2149.9s; Iterations = 3940, grads =   1.296e-06, unitary_metric = 1.00000
Error = :5.00e-01; Runtime: 2160.4s; Iterations = 3960, grads =   5.671e-06, unitary_metric = 1.00000
Error = :5.00e-01; Runtime: 2170.9s; Iterations = 3980, grads =   3.069e-04, unitary_metric = 1.00000
Error = :5.00e-01; Runtime: 2181.4s; Iterations = 4000, grads =   2.500e-03, unitary_metric = 1.00000
Error = :5.00e-01; Runtime: 2192.9s; Iterations = 4020, grads =   6.803e-04, unitary_metric = 1.00000
Error = :5.00e-01; Runtime: 2204.4s; Iterations = 4040, grads =   2.233e-04, unitary_metric = 1.00000
Error = :5.00e-01; Runtime: 2215.9s; Iterations = 4060, grads =   4.100e-05, unitary_metric = 1.00000
Error = :5.00e-01; Runtime: 2227.1s; Iterations = 4080, grads =   9.145e-06, unitary_metric = 1.00000
Error = :5.00e-01; Runtime: 2237.7s; Iterations = 4100, grads =   2.144e-06, unitary_metric = 1.00000
Error = :5.00e-01; Runtime: 2249.6s; Iterations = 4120, grads =   3.797e-05, unitary_metric = 1.00000
Error = :5.00e-01; Runtime: 2260.6s; Iterations = 4140, grads =   1.772e-03, unitary_metric = 1.00000
Error = :5.00e-01; Runtime: 2271.3s; Iterations = 4160, grads =   1.030e-03, unitary_metric = 1.00000
Error = :5.00e-01; Runtime: 2281.9s; Iterations = 4180, grads =   2.234e-04, unitary_metric = 1.00000
Error = :5.00e-01; Runtime: 2292.5s; Iterations = 4200, grads =   5.742e-06, unitary_metric = 1.00000
Error = :5.00e-01; Runtime: 2305.6s; Iterations = 4220, grads =   1.521e-06, unitary_metric = 1.00000
Error = :5.00e-01; Runtime: 2317.4s; Iterations = 4240, grads =   2.728e-07, unitary_metric = 1.00000
Error = :5.00e-01; Runtime: 2328.8s; Iterations = 4260, grads =   5.477e-07, unitary_metric = 1.00000
Error = :5.00e-01; Runtime: 2340.1s; Iterations = 4280, grads =   2.317e-04, unitary_metric = 1.00000
Error = :5.00e-01; Runtime: 2351.0s; Iterations = 4300, grads =   7.726e-04, unitary_metric = 1.00000
Error = :5.00e-01; Runtime: 2362.5s; Iterations = 4320, grads =   1.971e-03, unitary_metric = 1.00000
Error = :5.00e-01; Runtime: 2373.3s; Iterations = 4340, grads =   1.359e-04, unitary_metric = 1.00000
Error = :5.00e-01; Runtime: 2384.1s; Iterations = 4360, grads =   1.950e-05, unitary_metric = 1.00000
Error = :5.00e-01; Runtime: 2395.2s; Iterations = 4380, grads =   1.209e-04, unitary_metric = 1.00000
Error = :5.00e-01; Runtime: 2406.1s; Iterations = 4400, grads =   1.307e-05, unitary_metric = 1.00000
Error = :5.00e-01; Runtime: 2417.5s; Iterations = 4420, grads =   8.150e-08, unitary_metric = 1.00000
Error = :5.00e-01; Runtime: 2428.1s; Iterations = 4440, grads =   8.820e-07, unitary_metric = 1.00000
Error = :5.00e-01; Runtime: 2438.6s; Iterations = 4460, grads =   1.723e-04, unitary_metric = 1.00000
Error = :5.00e-01; Runtime: 2449.2s; Iterations = 4480, grads =   1.942e-04, unitary_metric = 1.00000
Error = :5.00e-01; Runtime: 2459.7s; Iterations = 4500, grads =   1.106e-03, unitary_metric = 1.00000
Error = :5.00e-01; Runtime: 2471.0s; Iterations = 4520, grads =   4.431e-04, unitary_metric = 1.00000
Error = :5.00e-01; Runtime: 2481.4s; Iterations = 4540, grads =   2.840e-05, unitary_metric = 1.00000
Error = :5.00e-01; Runtime: 2491.9s; Iterations = 4560, grads =   4.121e-06, unitary_metric = 1.00000
Error = :5.00e-01; Runtime: 2502.4s; Iterations = 4580, grads =   6.406e-07, unitary_metric = 1.00000
Error = :5.00e-01; Runtime: 2512.9s; Iterations = 4600, grads =   2.502e-07, unitary_metric = 1.00000
Error = :5.00e-01; Runtime: 2524.2s; Iterations = 4620, grads =   2.295e-07, unitary_metric = 1.00000
Error = :5.00e-01; Runtime: 2534.6s; Iterations = 4640, grads =   7.225e-06, unitary_metric = 1.00000
Error = :5.00e-01; Runtime: 2545.1s; Iterations = 4660, grads =   9.165e-04, unitary_metric = 1.00000
Error = :5.00e-01; Runtime: 2555.6s; Iterations = 4680, grads =   7.221e-04, unitary_metric = 1.00000
Error = :5.00e-01; Runtime: 2566.1s; Iterations = 4700, grads =   9.838e-05, unitary_metric = 1.00000
Error = :5.00e-01; Runtime: 2577.4s; Iterations = 4720, grads =   9.916e-05, unitary_metric = 1.00000
Error = :5.00e-01; Runtime: 2587.8s; Iterations = 4740, grads =   4.400e-04, unitary_metric = 1.00000
Error = :5.00e-01; Runtime: 2598.4s; Iterations = 4760, grads =   5.102e-05, unitary_metric = 1.00000
Error = :5.00e-01; Runtime: 2608.8s; Iterations = 4780, grads =   2.926e-06, unitary_metric = 1.00000
Error = :5.00e-01; Runtime: 2619.3s; Iterations = 4800, grads =   1.230e-06, unitary_metric = 1.00000
Error = :5.00e-01; Runtime: 2630.5s; Iterations = 4820, grads =   4.315e-06, unitary_metric = 1.00000
Error = :5.00e-01; Runtime: 2640.9s; Iterations = 4840, grads =   1.525e-03, unitary_metric = 1.00000
Error = :5.00e-01; Runtime: 2651.4s; Iterations = 4860, grads =   5.279e-04, unitary_metric = 1.00000
Error = :5.00e-01; Runtime: 2661.9s; Iterations = 4880, grads =   8.317e-04, unitary_metric = 1.00000
Error = :5.00e-01; Runtime: 2672.3s; Iterations = 4900, grads =   3.045e-05, unitary_metric = 1.00000
Error = :5.00e-01; Runtime: 2683.5s; Iterations = 4920, grads =   3.604e-04, unitary_metric = 1.00000
Error = :5.00e-01; Runtime: 2694.0s; Iterations = 4940, grads =   1.816e-04, unitary_metric = 1.00000
Error = :5.00e-01; Runtime: 2704.5s; Iterations = 4960, grads =   4.871e-06, unitary_metric = 1.00000
Error = :5.00e-01; Runtime: 2715.0s; Iterations = 4980, grads =   2.227e-06, unitary_metric = 1.00000
Error = :5.00e-01; Runtime: 2725.5s; Iterations = 5000, grads =   1.535e-06, unitary_metric = 1.00000
Error = :5.00e-01; Runtime: 2736.7s; Iterations = 5020, grads =   1.170e-04, unitary_metric = 1.00000
Error = :5.00e-01; Runtime: 2747.2s; Iterations = 5040, grads =   1.308e-04, unitary_metric = 1.00000
Error = :5.00e-01; Runtime: 2757.7s; Iterations = 5060, grads =   3.352e-04, unitary_metric = 1.00001
Error = :5.00e-01; Runtime: 2768.2s; Iterations = 5080, grads =   2.103e-04, unitary_metric = 1.00000
Error = :5.00e-01; Runtime: 2778.7s; Iterations = 5100, grads =   5.196e-05, unitary_metric = 1.00000
Error = :5.00e-01; Runtime: 2790.1s; Iterations = 5120, grads =   2.633e-04, unitary_metric = 1.00000
Error = :5.00e-01; Runtime: 2801.2s; Iterations = 5140, grads =   6.510e-05, unitary_metric = 1.00000
Error = :5.00e-01; Runtime: 2813.0s; Iterations = 5160, grads =   4.223e-04, unitary_metric = 1.00000
Error = :5.00e-01; Runtime: 2824.6s; Iterations = 5180, grads =   3.752e-04, unitary_metric = 1.00000
Error = :5.00e-01; Runtime: 2835.1s; Iterations = 5200, grads =   1.498e-04, unitary_metric = 1.00001
Error = :5.00e-01; Runtime: 2846.6s; Iterations = 5220, grads =   1.415e-04, unitary_metric = 1.00000
Error = :5.00e-01; Runtime: 2857.1s; Iterations = 5240, grads =   2.126e-04, unitary_metric = 1.00000
Error = :5.00e-01; Runtime: 2867.7s; Iterations = 5260, grads =   4.416e-06, unitary_metric = 1.00000
Error = :5.00e-01; Runtime: 2878.2s; Iterations = 5280, grads =   7.191e-07, unitary_metric = 1.00000
Error = :5.00e-01; Runtime: 2888.8s; Iterations = 5300, grads =   2.771e-06, unitary_metric = 1.00001
Error = :5.00e-01; Runtime: 2900.2s; Iterations = 5320, grads =   2.117e-04, unitary_metric = 1.00001
Error = :5.00e-01; Runtime: 2910.7s; Iterations = 5340, grads =   3.832e-04, unitary_metric = 1.00001
Error = :5.00e-01; Runtime: 2922.0s; Iterations = 5360, grads =   3.213e-04, unitary_metric = 1.00000
Error = :5.00e-01; Runtime: 2933.9s; Iterations = 5380, grads =   1.855e-05, unitary_metric = 1.00001
Error = :5.00e-01; Runtime: 2945.4s; Iterations = 5400, grads =   6.745e-06, unitary_metric = 1.00000
Error = :5.00e-01; Runtime: 2956.8s; Iterations = 5420, grads =   1.189e-06, unitary_metric = 1.00001
Error = :5.00e-01; Runtime: 2967.4s; Iterations = 5440, grads =   6.772e-06, unitary_metric = 1.00000
Error = :5.00e-01; Runtime: 2978.1s; Iterations = 5460, grads =   3.153e-04, unitary_metric = 1.00000
Error = :5.00e-01; Runtime: 2989.5s; Iterations = 5480, grads =   1.133e-04, unitary_metric = 1.00000
Error = :5.00e-01; Runtime: 3001.0s; Iterations = 5500, grads =   1.274e-04, unitary_metric = 1.00000
Error = :5.00e-01; Runtime: 3013.3s; Iterations = 5520, grads =   4.154e-05, unitary_metric = 1.00001
Error = :5.00e-01; Runtime: 3024.1s; Iterations = 5540, grads =   2.950e-04, unitary_metric = 1.00001
Error = :5.00e-01; Runtime: 3034.6s; Iterations = 5560, grads =   2.330e-04, unitary_metric = 1.00001
Error = :5.00e-01; Runtime: 3045.1s; Iterations = 5580, grads =   3.092e-05, unitary_metric = 1.00001
Error = :5.00e-01; Runtime: 3055.5s; Iterations = 5600, grads =   9.497e-06, unitary_metric = 1.00000
Error = :5.00e-01; Runtime: 3066.9s; Iterations = 5620, grads =   1.112e-04, unitary_metric = 1.00000
Error = :5.00e-01; Runtime: 3077.5s; Iterations = 5640, grads =   4.607e-04, unitary_metric = 1.00000
Error = :5.00e-01; Runtime: 3087.9s; Iterations = 5660, grads =   8.831e-05, unitary_metric = 1.00000
Error = :5.00e-01; Runtime: 3098.4s; Iterations = 5680, grads =   1.444e-04, unitary_metric = 1.00000
Error = :5.00e-01; Runtime: 3108.9s; Iterations = 5700, grads =   2.327e-05, unitary_metric = 1.00000
Error = :5.00e-01; Runtime: 3120.2s; Iterations = 5720, grads =   6.222e-05, unitary_metric = 1.00000
Error = :5.00e-01; Runtime: 3130.8s; Iterations = 5740, grads =   6.001e-06, unitary_metric = 1.00000
Error = :5.00e-01; Runtime: 3141.3s; Iterations = 5760, grads =   1.374e-04, unitary_metric = 1.00000
Error = :5.00e-01; Runtime: 3151.8s; Iterations = 5780, grads =   8.462e-05, unitary_metric = 1.00000
Error = :5.00e-01; Runtime: 3162.2s; Iterations = 5800, grads =   6.437e-05, unitary_metric = 1.00001
Error = :5.00e-01; Runtime: 3173.5s; Iterations = 5820, grads =   4.458e-04, unitary_metric = 1.00000
Error = :5.00e-01; Runtime: 3183.9s; Iterations = 5840, grads =   8.150e-05, unitary_metric = 1.00000
Error = :5.00e-01; Runtime: 3194.4s; Iterations = 5860, grads =   5.794e-05, unitary_metric = 1.00000
Error = :5.00e-01; Runtime: 3204.9s; Iterations = 5880, grads =   7.721e-05, unitary_metric = 1.00000
Error = :5.00e-01; Runtime: 3215.3s; Iterations = 5900, grads =   5.192e-06, unitary_metric = 1.00000
Error = :5.00e-01; Runtime: 3226.6s; Iterations = 5920, grads =   5.864e-07, unitary_metric = 1.00000
Error = :5.00e-01; Runtime: 3237.0s; Iterations = 5940, grads =   4.510e-06, unitary_metric = 1.00000
Error = :5.00e-01; Runtime: 3247.5s; Iterations = 5960, grads =   1.877e-04, unitary_metric = 1.00000
Error = :5.00e-01; Runtime: 3258.0s; Iterations = 5980, grads =   1.753e-04, unitary_metric = 1.00000
Error = :5.00e-01; Runtime: 3268.7s; Iterations = 6000, grads =   3.002e-04, unitary_metric = 1.00000
data saved at: /project/ftchong/qoc/pranav/00008_28_fixed_slice_24.h5


trying total_time: 32.85 for unitary of size (16, 16)
data saved at: /project/ftchong/qoc/pranav/00009_28_fixed_slice_24.h5
Using 5 Taylor terms and 4 Scaling & Squaring terms
Building graph:
Propagators initialized.
Operators weight initialized.
Intermediate propagation variables initialized.
Intermediate propagators initialized.
Vectors initialized.
Training loss initialized.
Optimizer initialized.
Utilities initialized.
Graph built!
Initialized
Error = :9.96e-01; Runtime: 1.0s; Iterations = 0, grads =   5.382e-03, unitary_metric = 1.00020
Error = :7.89e-01; Runtime: 13.9s; Iterations = 20, grads =   1.118e-01, unitary_metric = 1.00027
Error = :5.36e-01; Runtime: 24.9s; Iterations = 40, grads =   2.075e-01, unitary_metric = 1.00019
Error = :5.06e-01; Runtime: 35.8s; Iterations = 60, grads =   4.467e-03, unitary_metric = 1.00020
Error = :5.01e-01; Runtime: 46.8s; Iterations = 80, grads =   6.547e-03, unitary_metric = 1.00019
Error = :5.02e-01; Runtime: 57.7s; Iterations = 100, grads =   4.111e-02, unitary_metric = 1.00019
Error = :5.00e-01; Runtime: 70.2s; Iterations = 120, grads =   6.159e-03, unitary_metric = 1.00018
Error = :5.02e-01; Runtime: 81.1s; Iterations = 140, grads =   4.263e-02, unitary_metric = 1.00020
Error = :5.00e-01; Runtime: 92.0s; Iterations = 160, grads =   3.928e-03, unitary_metric = 1.00020
Error = :5.00e-01; Runtime: 103.1s; Iterations = 180, grads =   3.844e-03, unitary_metric = 1.00019
Error = :5.01e-01; Runtime: 114.1s; Iterations = 200, grads =   1.071e-02, unitary_metric = 1.00019
Error = :5.00e-01; Runtime: 125.8s; Iterations = 220, grads =   4.739e-03, unitary_metric = 1.00019
Error = :5.00e-01; Runtime: 136.8s; Iterations = 240, grads =   2.365e-04, unitary_metric = 1.00019
Error = :5.03e-01; Runtime: 147.7s; Iterations = 260, grads =   6.809e-02, unitary_metric = 1.00020
Error = :5.02e-01; Runtime: 158.7s; Iterations = 280, grads =   3.883e-02, unitary_metric = 1.00018
Error = :5.00e-01; Runtime: 169.6s; Iterations = 300, grads =   6.439e-03, unitary_metric = 1.00019
Error = :5.00e-01; Runtime: 181.2s; Iterations = 320, grads =   1.834e-03, unitary_metric = 1.00019
Error = :5.01e-01; Runtime: 192.1s; Iterations = 340, grads =   1.832e-02, unitary_metric = 1.00019
Error = :5.00e-01; Runtime: 203.0s; Iterations = 360, grads =   8.558e-03, unitary_metric = 1.00019
Error = :5.01e-01; Runtime: 213.9s; Iterations = 380, grads =   2.356e-02, unitary_metric = 1.00018
Error = :5.00e-01; Runtime: 224.8s; Iterations = 400, grads =   2.213e-03, unitary_metric = 1.00018
Error = :5.01e-01; Runtime: 236.9s; Iterations = 420, grads =   1.912e-02, unitary_metric = 1.00019
Error = :5.00e-01; Runtime: 247.8s; Iterations = 440, grads =   1.053e-02, unitary_metric = 1.00018
Error = :5.00e-01; Runtime: 258.8s; Iterations = 460, grads =   8.867e-03, unitary_metric = 1.00017
Error = :5.05e-01; Runtime: 269.7s; Iterations = 480, grads =   1.101e-01, unitary_metric = 1.00017
Error = :5.00e-01; Runtime: 280.6s; Iterations = 500, grads =   1.155e-03, unitary_metric = 1.00017
Error = :5.02e-01; Runtime: 292.3s; Iterations = 520, grads =   3.769e-02, unitary_metric = 1.00018
Error = :5.00e-01; Runtime: 303.2s; Iterations = 540, grads =   2.369e-03, unitary_metric = 1.00017
Error = :5.00e-01; Runtime: 314.1s; Iterations = 560, grads =   3.876e-04, unitary_metric = 1.00018
Error = :5.00e-01; Runtime: 325.0s; Iterations = 580, grads =   2.720e-04, unitary_metric = 1.00017
Error = :5.00e-01; Runtime: 335.9s; Iterations = 600, grads =   9.708e-03, unitary_metric = 1.00017
Error = :5.01e-01; Runtime: 347.6s; Iterations = 620, grads =   1.535e-02, unitary_metric = 1.00018
Error = :5.00e-01; Runtime: 358.5s; Iterations = 640, grads =   8.657e-03, unitary_metric = 1.00018
Error = :5.00e-01; Runtime: 369.4s; Iterations = 660, grads =   2.472e-03, unitary_metric = 1.00017
Error = :5.01e-01; Runtime: 380.3s; Iterations = 680, grads =   2.149e-02, unitary_metric = 1.00017
Error = :5.00e-01; Runtime: 391.2s; Iterations = 700, grads =   1.494e-03, unitary_metric = 1.00017
Error = :5.00e-01; Runtime: 402.9s; Iterations = 720, grads =   5.412e-03, unitary_metric = 1.00017
Error = :5.00e-01; Runtime: 413.8s; Iterations = 740, grads =   3.435e-03, unitary_metric = 1.00017
Error = :5.00e-01; Runtime: 424.8s; Iterations = 760, grads =   6.156e-04, unitary_metric = 1.00017
Error = :5.02e-01; Runtime: 435.7s; Iterations = 780, grads =   3.606e-02, unitary_metric = 1.00016
Error = :5.00e-01; Runtime: 446.6s; Iterations = 800, grads =   1.904e-03, unitary_metric = 1.00016
Error = :5.00e-01; Runtime: 459.1s; Iterations = 820, grads =   2.241e-03, unitary_metric = 1.00017
Error = :5.00e-01; Runtime: 470.2s; Iterations = 840, grads =   6.729e-03, unitary_metric = 1.00017
Error = :5.00e-01; Runtime: 481.5s; Iterations = 860, grads =   1.143e-03, unitary_metric = 1.00016
Error = :5.00e-01; Runtime: 492.5s; Iterations = 880, grads =   2.335e-04, unitary_metric = 1.00016
Error = :5.00e-01; Runtime: 503.6s; Iterations = 900, grads =   8.022e-03, unitary_metric = 1.00017
Error = :5.00e-01; Runtime: 515.9s; Iterations = 920, grads =   3.184e-03, unitary_metric = 1.00017
Error = :5.00e-01; Runtime: 527.2s; Iterations = 940, grads =   1.391e-03, unitary_metric = 1.00017
Error = :5.01e-01; Runtime: 538.3s; Iterations = 960, grads =   9.481e-03, unitary_metric = 1.00017
Error = :5.00e-01; Runtime: 549.3s; Iterations = 980, grads =   1.587e-03, unitary_metric = 1.00017
Error = :5.00e-01; Runtime: 560.2s; Iterations = 1000, grads =   5.436e-03, unitary_metric = 1.00017
Error = :5.00e-01; Runtime: 572.1s; Iterations = 1020, grads =   1.193e-03, unitary_metric = 1.00017
Error = :5.00e-01; Runtime: 583.0s; Iterations = 1040, grads =   7.169e-04, unitary_metric = 1.00017
Error = :5.01e-01; Runtime: 594.0s; Iterations = 1060, grads =   1.802e-02, unitary_metric = 1.00017
Error = :5.00e-01; Runtime: 604.9s; Iterations = 1080, grads =   2.425e-03, unitary_metric = 1.00017
Error = :5.01e-01; Runtime: 615.8s; Iterations = 1100, grads =   1.354e-02, unitary_metric = 1.00016
Error = :5.00e-01; Runtime: 627.4s; Iterations = 1120, grads =   8.244e-03, unitary_metric = 1.00017
Error = :5.00e-01; Runtime: 638.4s; Iterations = 1140, grads =   1.380e-03, unitary_metric = 1.00016
Error = :5.00e-01; Runtime: 649.3s; Iterations = 1160, grads =   2.764e-03, unitary_metric = 1.00016
Error = :5.01e-01; Runtime: 660.2s; Iterations = 1180, grads =   1.346e-02, unitary_metric = 1.00017
Error = :5.00e-01; Runtime: 671.1s; Iterations = 1200, grads =   1.028e-03, unitary_metric = 1.00017
Error = :5.01e-01; Runtime: 682.9s; Iterations = 1220, grads =   1.087e-02, unitary_metric = 1.00017
Error = :5.00e-01; Runtime: 693.8s; Iterations = 1240, grads =   8.170e-04, unitary_metric = 1.00018
Error = :5.00e-01; Runtime: 704.7s; Iterations = 1260, grads =   4.906e-03, unitary_metric = 1.00017
Error = :5.00e-01; Runtime: 715.6s; Iterations = 1280, grads =   2.009e-04, unitary_metric = 1.00018
Error = :5.00e-01; Runtime: 726.6s; Iterations = 1300, grads =   3.886e-05, unitary_metric = 1.00017
Error = :5.00e-01; Runtime: 738.3s; Iterations = 1320, grads =   4.707e-04, unitary_metric = 1.00017
Error = :5.00e-01; Runtime: 749.2s; Iterations = 1340, grads =   3.141e-03, unitary_metric = 1.00017
Error = :5.00e-01; Runtime: 760.1s; Iterations = 1360, grads =   5.175e-03, unitary_metric = 1.00017
Error = :5.00e-01; Runtime: 771.0s; Iterations = 1380, grads =   1.966e-04, unitary_metric = 1.00017
Error = :5.00e-01; Runtime: 781.9s; Iterations = 1400, grads =   7.865e-04, unitary_metric = 1.00017
Error = :5.00e-01; Runtime: 793.5s; Iterations = 1420, grads =   4.010e-03, unitary_metric = 1.00017
Error = :5.00e-01; Runtime: 804.5s; Iterations = 1440, grads =   5.960e-04, unitary_metric = 1.00016
Error = :5.00e-01; Runtime: 815.4s; Iterations = 1460, grads =   5.702e-03, unitary_metric = 1.00016
Error = :5.00e-01; Runtime: 826.3s; Iterations = 1480, grads =   1.113e-03, unitary_metric = 1.00016
Error = :5.00e-01; Runtime: 837.2s; Iterations = 1500, grads =   6.571e-03, unitary_metric = 1.00017
Error = :5.00e-01; Runtime: 848.9s; Iterations = 1520, grads =   1.265e-03, unitary_metric = 1.00016
Error = :5.00e-01; Runtime: 859.8s; Iterations = 1540, grads =   3.255e-03, unitary_metric = 1.00016
Error = :5.00e-01; Runtime: 870.7s; Iterations = 1560, grads =   5.301e-03, unitary_metric = 1.00017
Error = :5.00e-01; Runtime: 881.6s; Iterations = 1580, grads =   1.223e-03, unitary_metric = 1.00017
Error = :5.00e-01; Runtime: 892.5s; Iterations = 1600, grads =   3.409e-03, unitary_metric = 1.00017
Error = :5.00e-01; Runtime: 904.2s; Iterations = 1620, grads =   6.446e-04, unitary_metric = 1.00018
Error = :5.00e-01; Runtime: 915.1s; Iterations = 1640, grads =   5.112e-04, unitary_metric = 1.00018
Error = :5.00e-01; Runtime: 926.0s; Iterations = 1660, grads =   1.065e-04, unitary_metric = 1.00017
Error = :5.00e-01; Runtime: 936.9s; Iterations = 1680, grads =   1.851e-03, unitary_metric = 1.00017
Error = :5.00e-01; Runtime: 947.8s; Iterations = 1700, grads =   5.244e-03, unitary_metric = 1.00016
Error = :5.00e-01; Runtime: 959.4s; Iterations = 1720, grads =   6.649e-04, unitary_metric = 1.00016
Error = :5.01e-01; Runtime: 970.3s; Iterations = 1740, grads =   1.929e-02, unitary_metric = 1.00017
Error = :5.00e-01; Runtime: 981.2s; Iterations = 1760, grads =   8.703e-05, unitary_metric = 1.00016
Error = :5.00e-01; Runtime: 992.1s; Iterations = 1780, grads =   1.008e-04, unitary_metric = 1.00016
Error = :5.00e-01; Runtime: 1002.9s; Iterations = 1800, grads =   3.769e-05, unitary_metric = 1.00016
Error = :5.00e-01; Runtime: 1014.5s; Iterations = 1820, grads =   8.845e-04, unitary_metric = 1.00016
Error = :5.00e-01; Runtime: 1025.3s; Iterations = 1840, grads =   1.337e-03, unitary_metric = 1.00016
Error = :5.00e-01; Runtime: 1036.2s; Iterations = 1860, grads =   3.758e-04, unitary_metric = 1.00015
Error = :5.00e-01; Runtime: 1047.1s; Iterations = 1880, grads =   9.721e-05, unitary_metric = 1.00015
Error = :5.00e-01; Runtime: 1057.9s; Iterations = 1900, grads =   2.367e-03, unitary_metric = 1.00016
Error = :5.01e-01; Runtime: 1069.6s; Iterations = 1920, grads =   1.084e-02, unitary_metric = 1.00016
Error = :5.00e-01; Runtime: 1080.4s; Iterations = 1940, grads =   1.750e-03, unitary_metric = 1.00016
Error = :5.00e-01; Runtime: 1091.3s; Iterations = 1960, grads =   1.651e-03, unitary_metric = 1.00016
Error = :5.00e-01; Runtime: 1102.1s; Iterations = 1980, grads =   2.611e-04, unitary_metric = 1.00016
Error = :5.00e-01; Runtime: 1112.9s; Iterations = 2000, grads =   3.332e-04, unitary_metric = 1.00016
Error = :5.00e-01; Runtime: 1124.6s; Iterations = 2020, grads =   7.199e-03, unitary_metric = 1.00016
Error = :5.00e-01; Runtime: 1135.4s; Iterations = 2040, grads =   6.646e-04, unitary_metric = 1.00016
Error = :5.00e-01; Runtime: 1146.3s; Iterations = 2060, grads =   1.221e-04, unitary_metric = 1.00016
Error = :5.01e-01; Runtime: 1157.1s; Iterations = 2080, grads =   1.486e-02, unitary_metric = 1.00016
Error = :5.00e-01; Runtime: 1167.9s; Iterations = 2100, grads =   2.321e-03, unitary_metric = 1.00016
Error = :5.00e-01; Runtime: 1179.5s; Iterations = 2120, grads =   2.503e-03, unitary_metric = 1.00016
Error = :5.00e-01; Runtime: 1190.4s; Iterations = 2140, grads =   7.719e-04, unitary_metric = 1.00016
Error = :5.00e-01; Runtime: 1201.3s; Iterations = 2160, grads =   3.517e-04, unitary_metric = 1.00017
Error = :5.00e-01; Runtime: 1212.2s; Iterations = 2180, grads =   1.435e-05, unitary_metric = 1.00016
Error = :5.00e-01; Runtime: 1223.0s; Iterations = 2200, grads =   8.102e-05, unitary_metric = 1.00016
Error = :5.00e-01; Runtime: 1234.7s; Iterations = 2220, grads =   8.268e-03, unitary_metric = 1.00016
Error = :5.00e-01; Runtime: 1245.6s; Iterations = 2240, grads =   1.123e-03, unitary_metric = 1.00017
Error = :5.00e-01; Runtime: 1256.5s; Iterations = 2260, grads =   7.424e-04, unitary_metric = 1.00017
Error = :5.00e-01; Runtime: 1267.4s; Iterations = 2280, grads =   8.174e-05, unitary_metric = 1.00017
Error = :5.00e-01; Runtime: 1278.3s; Iterations = 2300, grads =   9.316e-05, unitary_metric = 1.00017
Error = :5.00e-01; Runtime: 1290.0s; Iterations = 2320, grads =   5.649e-04, unitary_metric = 1.00017
Error = :5.00e-01; Runtime: 1300.9s; Iterations = 2340, grads =   6.862e-03, unitary_metric = 1.00017
Error = :5.00e-01; Runtime: 1311.8s; Iterations = 2360, grads =   1.240e-03, unitary_metric = 1.00017
Error = :5.00e-01; Runtime: 1322.7s; Iterations = 2380, grads =   7.751e-04, unitary_metric = 1.00017
Error = :5.00e-01; Runtime: 1333.6s; Iterations = 2400, grads =   3.105e-04, unitary_metric = 1.00018
Error = :5.00e-01; Runtime: 1345.3s; Iterations = 2420, grads =   3.567e-04, unitary_metric = 1.00017
Error = :5.00e-01; Runtime: 1356.2s; Iterations = 2440, grads =   2.855e-03, unitary_metric = 1.00017
Error = :5.00e-01; Runtime: 1367.1s; Iterations = 2460, grads =   2.391e-04, unitary_metric = 1.00017
Error = :5.00e-01; Runtime: 1377.9s; Iterations = 2480, grads =   7.060e-03, unitary_metric = 1.00017
Error = :5.00e-01; Runtime: 1388.9s; Iterations = 2500, grads =   7.197e-04, unitary_metric = 1.00018
Error = :5.00e-01; Runtime: 1400.5s; Iterations = 2520, grads =   1.387e-03, unitary_metric = 1.00017
Error = :5.00e-01; Runtime: 1411.5s; Iterations = 2540, grads =   1.030e-03, unitary_metric = 1.00018
Error = :5.00e-01; Runtime: 1422.4s; Iterations = 2560, grads =   3.803e-05, unitary_metric = 1.00017
Error = :5.00e-01; Runtime: 1433.4s; Iterations = 2580, grads =   1.780e-03, unitary_metric = 1.00016
Error = :5.00e-01; Runtime: 1444.3s; Iterations = 2600, grads =   1.294e-03, unitary_metric = 1.00017
Error = :5.00e-01; Runtime: 1456.0s; Iterations = 2620, grads =   3.536e-04, unitary_metric = 1.00017
Error = :5.00e-01; Runtime: 1466.9s; Iterations = 2640, grads =   2.975e-04, unitary_metric = 1.00017
Error = :5.00e-01; Runtime: 1477.9s; Iterations = 2660, grads =   1.181e-03, unitary_metric = 1.00017
Error = :5.00e-01; Runtime: 1488.8s; Iterations = 2680, grads =   1.487e-04, unitary_metric = 1.00016
Error = :5.00e-01; Runtime: 1499.7s; Iterations = 2700, grads =   8.539e-04, unitary_metric = 1.00016
Error = :5.00e-01; Runtime: 1511.6s; Iterations = 2720, grads =   2.700e-03, unitary_metric = 1.00017
Error = :5.00e-01; Runtime: 1522.5s; Iterations = 2740, grads =   1.413e-03, unitary_metric = 1.00016
Error = :5.00e-01; Runtime: 1533.5s; Iterations = 2760, grads =   1.977e-04, unitary_metric = 1.00016
Error = :5.00e-01; Runtime: 1544.4s; Iterations = 2780, grads =   4.278e-04, unitary_metric = 1.00017
Error = :5.00e-01; Runtime: 1555.3s; Iterations = 2800, grads =   1.820e-04, unitary_metric = 1.00016
Error = :5.00e-01; Runtime: 1567.1s; Iterations = 2820, grads =   2.943e-06, unitary_metric = 1.00016
Error = :5.00e-01; Runtime: 1578.1s; Iterations = 2840, grads =   4.590e-05, unitary_metric = 1.00016
Error = :5.00e-01; Runtime: 1589.1s; Iterations = 2860, grads =   1.452e-03, unitary_metric = 1.00016
Error = :5.01e-01; Runtime: 1600.1s; Iterations = 2880, grads =   1.281e-02, unitary_metric = 1.00016
Error = :5.00e-01; Runtime: 1611.1s; Iterations = 2900, grads =   1.119e-03, unitary_metric = 1.00016
Error = :5.00e-01; Runtime: 1622.9s; Iterations = 2920, grads =   1.466e-04, unitary_metric = 1.00017
Error = :5.00e-01; Runtime: 1633.9s; Iterations = 2940, grads =   7.983e-04, unitary_metric = 1.00017
Error = :5.00e-01; Runtime: 1644.8s; Iterations = 2960, grads =   3.841e-04, unitary_metric = 1.00017
Error = :5.00e-01; Runtime: 1655.8s; Iterations = 2980, grads =   7.980e-05, unitary_metric = 1.00017
Error = :5.00e-01; Runtime: 1666.8s; Iterations = 3000, grads =   2.575e-05, unitary_metric = 1.00017
Error = :5.00e-01; Runtime: 1678.7s; Iterations = 3020, grads =   2.687e-04, unitary_metric = 1.00017
Error = :5.00e-01; Runtime: 1689.7s; Iterations = 3040, grads =   1.930e-03, unitary_metric = 1.00017
Error = :5.00e-01; Runtime: 1700.7s; Iterations = 3060, grads =   3.118e-04, unitary_metric = 1.00017
Error = :5.00e-01; Runtime: 1711.7s; Iterations = 3080, grads =   2.606e-05, unitary_metric = 1.00017
Error = :5.00e-01; Runtime: 1722.8s; Iterations = 3100, grads =   3.173e-06, unitary_metric = 1.00017
Error = :5.00e-01; Runtime: 1734.7s; Iterations = 3120, grads =   4.654e-05, unitary_metric = 1.00017
Error = :5.00e-01; Runtime: 1745.7s; Iterations = 3140, grads =   5.868e-03, unitary_metric = 1.00018
Error = :5.00e-01; Runtime: 1756.8s; Iterations = 3160, grads =   9.586e-04, unitary_metric = 1.00017
Error = :5.00e-01; Runtime: 1767.8s; Iterations = 3180, grads =   2.123e-03, unitary_metric = 1.00017
Error = :5.00e-01; Runtime: 1778.8s; Iterations = 3200, grads =   2.294e-04, unitary_metric = 1.00017
Error = :5.00e-01; Runtime: 1790.8s; Iterations = 3220, grads =   7.530e-05, unitary_metric = 1.00017
Error = :5.00e-01; Runtime: 1801.8s; Iterations = 3240, grads =   1.548e-05, unitary_metric = 1.00018
Error = :5.00e-01; Runtime: 1812.8s; Iterations = 3260, grads =   2.058e-06, unitary_metric = 1.00018
Error = :5.00e-01; Runtime: 1823.9s; Iterations = 3280, grads =   1.881e-06, unitary_metric = 1.00018
Error = :5.00e-01; Runtime: 1835.0s; Iterations = 3300, grads =   2.581e-04, unitary_metric = 1.00018
Error = :5.00e-01; Runtime: 1846.7s; Iterations = 3320, grads =   7.221e-04, unitary_metric = 1.00018
Error = :5.00e-01; Runtime: 1857.7s; Iterations = 3340, grads =   7.148e-04, unitary_metric = 1.00018
Error = :5.00e-01; Runtime: 1868.7s; Iterations = 3360, grads =   1.101e-03, unitary_metric = 1.00018
Error = :5.00e-01; Runtime: 1879.7s; Iterations = 3380, grads =   1.867e-04, unitary_metric = 1.00018
Error = :5.00e-01; Runtime: 1890.7s; Iterations = 3400, grads =   2.906e-05, unitary_metric = 1.00019
Error = :5.00e-01; Runtime: 1902.5s; Iterations = 3420, grads =   4.189e-06, unitary_metric = 1.00019
Error = :5.00e-01; Runtime: 1913.6s; Iterations = 3440, grads =   8.463e-08, unitary_metric = 1.00019
Error = :5.00e-01; Runtime: 1924.6s; Iterations = 3460, grads =   1.868e-08, unitary_metric = 1.00018
Error = :5.00e-01; Runtime: 1935.6s; Iterations = 3480, grads =   3.726e-07, unitary_metric = 1.00019
Error = :5.00e-01; Runtime: 1946.6s; Iterations = 3500, grads =   1.026e-04, unitary_metric = 1.00018
Error = :5.00e-01; Runtime: 1958.4s; Iterations = 3520, grads =   4.403e-03, unitary_metric = 1.00018
Error = :5.00e-01; Runtime: 1969.5s; Iterations = 3540, grads =   5.999e-04, unitary_metric = 1.00018
Error = :5.00e-01; Runtime: 1980.5s; Iterations = 3560, grads =   1.545e-04, unitary_metric = 1.00018
Error = :5.00e-01; Runtime: 1991.4s; Iterations = 3580, grads =   2.039e-05, unitary_metric = 1.00018
Error = :5.00e-01; Runtime: 2002.5s; Iterations = 3600, grads =   7.212e-06, unitary_metric = 1.00019
Error = :5.00e-01; Runtime: 2014.4s; Iterations = 3620, grads =   8.468e-07, unitary_metric = 1.00018
Error = :5.00e-01; Runtime: 2025.4s; Iterations = 3640, grads =   7.095e-07, unitary_metric = 1.00018
Error = :5.00e-01; Runtime: 2036.4s; Iterations = 3660, grads =   2.418e-05, unitary_metric = 1.00018
Error = :5.00e-01; Runtime: 2047.4s; Iterations = 3680, grads =   7.436e-03, unitary_metric = 1.00018
Error = :5.00e-01; Runtime: 2058.4s; Iterations = 3700, grads =   8.368e-04, unitary_metric = 1.00018
Error = :5.00e-01; Runtime: 2070.3s; Iterations = 3720, grads =   1.012e-04, unitary_metric = 1.00018
Error = :5.00e-01; Runtime: 2081.3s; Iterations = 3740, grads =   1.086e-05, unitary_metric = 1.00018
Error = :5.00e-01; Runtime: 2092.3s; Iterations = 3760, grads =   3.235e-06, unitary_metric = 1.00018
Error = :5.00e-01; Runtime: 2103.4s; Iterations = 3780, grads =   7.417e-07, unitary_metric = 1.00018
Error = :5.00e-01; Runtime: 2114.4s; Iterations = 3800, grads =   9.472e-07, unitary_metric = 1.00018
Error = :5.00e-01; Runtime: 2126.2s; Iterations = 3820, grads =   2.346e-06, unitary_metric = 1.00019
Error = :5.00e-01; Runtime: 2137.1s; Iterations = 3840, grads =   1.386e-03, unitary_metric = 1.00018
Error = :5.00e-01; Runtime: 2148.1s; Iterations = 3860, grads =   9.742e-04, unitary_metric = 1.00018
Error = :5.00e-01; Runtime: 2159.0s; Iterations = 3880, grads =   5.083e-05, unitary_metric = 1.00020
Error = :5.00e-01; Runtime: 2170.1s; Iterations = 3900, grads =   3.633e-05, unitary_metric = 1.00020
Error = :5.00e-01; Runtime: 2181.9s; Iterations = 3920, grads =   3.234e-02, unitary_metric = 1.00018
Error = :1.57e-01; Runtime: 2192.9s; Iterations = 3940, grads =   1.003e-01, unitary_metric = 1.00019
Error = :1.41e-02; Runtime: 2203.8s; Iterations = 3960, grads =   1.456e-01, unitary_metric = 1.00018
Error = :1.74e-03; Runtime: 2214.8s; Iterations = 3980, grads =   1.537e-02, unitary_metric = 1.00018
Error = :8.10e-04; Runtime: 2217.0s; Iterations = 3984, grads =   3.216e-03, unitary_metric = 1.00018
data saved at: /project/ftchong/qoc/pranav/00009_28_fixed_slice_24.h5


trying total_time: 32.05 for unitary of size (16, 16)
data saved at: /project/ftchong/qoc/pranav/00010_28_fixed_slice_24.h5
Using 5 Taylor terms and 4 Scaling & Squaring terms
Building graph:
Propagators initialized.
Operators weight initialized.
Intermediate propagation variables initialized.
Intermediate propagators initialized.
Vectors initialized.
Training loss initialized.
Optimizer initialized.
Utilities initialized.
Graph built!
Initialized
Error = :9.94e-01; Runtime: 1.0s; Iterations = 0, grads =   8.930e-03, unitary_metric = 1.00013
Error = :7.74e-01; Runtime: 14.8s; Iterations = 20, grads =   2.080e-01, unitary_metric = 1.00024
Error = :6.26e-01; Runtime: 25.6s; Iterations = 40, grads =   3.310e-02, unitary_metric = 1.00027
Error = :5.06e-01; Runtime: 36.5s; Iterations = 60, grads =   9.289e-03, unitary_metric = 1.00024
Error = :5.01e-01; Runtime: 47.2s; Iterations = 80, grads =   5.753e-04, unitary_metric = 1.00024
Error = :5.01e-01; Runtime: 58.0s; Iterations = 100, grads =   3.068e-02, unitary_metric = 1.00023
Error = :5.01e-01; Runtime: 69.5s; Iterations = 120, grads =   1.713e-02, unitary_metric = 1.00023
Error = :5.00e-01; Runtime: 80.3s; Iterations = 140, grads =   5.705e-04, unitary_metric = 1.00023
Error = :5.00e-01; Runtime: 91.1s; Iterations = 160, grads =   1.070e-03, unitary_metric = 1.00023
Error = :5.00e-01; Runtime: 101.9s; Iterations = 180, grads =   9.833e-03, unitary_metric = 1.00023
Error = :5.00e-01; Runtime: 112.5s; Iterations = 200, grads =   2.829e-03, unitary_metric = 1.00023
Error = :5.00e-01; Runtime: 124.0s; Iterations = 220, grads =   1.035e-03, unitary_metric = 1.00024
Error = :5.00e-01; Runtime: 134.7s; Iterations = 240, grads =   1.953e-03, unitary_metric = 1.00024
Error = :5.01e-01; Runtime: 145.4s; Iterations = 260, grads =   1.680e-02, unitary_metric = 1.00023
Error = :5.00e-01; Runtime: 156.1s; Iterations = 280, grads =   3.324e-03, unitary_metric = 1.00024
Error = :5.03e-01; Runtime: 166.9s; Iterations = 300, grads =   7.466e-02, unitary_metric = 1.00024
Error = :5.00e-01; Runtime: 178.3s; Iterations = 320, grads =   3.051e-03, unitary_metric = 1.00023
Error = :5.00e-01; Runtime: 189.0s; Iterations = 340, grads =   2.292e-04, unitary_metric = 1.00024
Error = :5.00e-01; Runtime: 199.8s; Iterations = 360, grads =   1.873e-04, unitary_metric = 1.00024
Error = :5.00e-01; Runtime: 210.5s; Iterations = 380, grads =   2.374e-04, unitary_metric = 1.00025
Error = :5.04e-01; Runtime: 221.3s; Iterations = 400, grads =   7.847e-02, unitary_metric = 1.00024
Error = :5.01e-01; Runtime: 232.7s; Iterations = 420, grads =   1.548e-02, unitary_metric = 1.00025
Error = :5.00e-01; Runtime: 243.5s; Iterations = 440, grads =   1.266e-03, unitary_metric = 1.00024
Error = :5.03e-01; Runtime: 254.2s; Iterations = 460, grads =   5.188e-02, unitary_metric = 1.00025
Error = :5.00e-01; Runtime: 265.0s; Iterations = 480, grads =   4.379e-03, unitary_metric = 1.00023
Error = :5.03e-01; Runtime: 275.7s; Iterations = 500, grads =   7.369e-02, unitary_metric = 1.00023
Error = :5.00e-01; Runtime: 287.2s; Iterations = 520, grads =   2.390e-03, unitary_metric = 1.00023
Error = :5.00e-01; Runtime: 298.0s; Iterations = 540, grads =   2.036e-04, unitary_metric = 1.00024
Error = :5.00e-01; Runtime: 308.7s; Iterations = 560, grads =   1.379e-04, unitary_metric = 1.00023
Error = :5.01e-01; Runtime: 319.5s; Iterations = 580, grads =   2.958e-02, unitary_metric = 1.00022
Error = :4.96e-01; Runtime: 330.2s; Iterations = 600, grads =   4.579e-03, unitary_metric = 1.00021
Error = :1.43e-01; Runtime: 341.7s; Iterations = 620, grads =   1.855e+00, unitary_metric = 1.00013
Error = :2.09e-02; Runtime: 352.4s; Iterations = 640, grads =   2.230e-01, unitary_metric = 1.00014
Error = :1.59e-03; Runtime: 363.2s; Iterations = 660, grads =   1.701e-02, unitary_metric = 1.00014
Error = :5.84e-04; Runtime: 365.3s; Iterations = 664, grads =   5.410e-03, unitary_metric = 1.00014
data saved at: /project/ftchong/qoc/pranav/00010_28_fixed_slice_24.h5


trying total_time: 31.65 for unitary of size (16, 16)
data saved at: /project/ftchong/qoc/pranav/00011_28_fixed_slice_24.h5
Using 5 Taylor terms and 4 Scaling & Squaring terms
Building graph:
Propagators initialized.
Operators weight initialized.
Intermediate propagation variables initialized.
Intermediate propagators initialized.
Vectors initialized.
Training loss initialized.
Optimizer initialized.
Utilities initialized.
Graph built!
Initialized
Error = :9.83e-01; Runtime: 0.9s; Iterations = 0, grads =   1.618e-02, unitary_metric = 1.00035
Error = :7.99e-01; Runtime: 13.5s; Iterations = 20, grads =   2.863e-01, unitary_metric = 1.00019
Error = :5.46e-01; Runtime: 24.3s; Iterations = 40, grads =   5.335e-02, unitary_metric = 1.00012
Error = :5.02e-01; Runtime: 35.1s; Iterations = 60, grads =   8.941e-03, unitary_metric = 1.00015
Error = :5.01e-01; Runtime: 45.8s; Iterations = 80, grads =   1.659e-03, unitary_metric = 1.00013
Error = :5.01e-01; Runtime: 56.7s; Iterations = 100, grads =   1.386e-02, unitary_metric = 1.00014
Error = :5.00e-01; Runtime: 68.8s; Iterations = 120, grads =   2.098e-03, unitary_metric = 1.00014
Error = :5.00e-01; Runtime: 79.6s; Iterations = 140, grads =   2.484e-04, unitary_metric = 1.00013
Error = :5.02e-01; Runtime: 90.4s; Iterations = 160, grads =   6.113e-02, unitary_metric = 1.00014
Error = :5.00e-01; Runtime: 101.2s; Iterations = 180, grads =   1.046e-02, unitary_metric = 1.00015
Error = :5.00e-01; Runtime: 112.0s; Iterations = 200, grads =   3.510e-03, unitary_metric = 1.00015
Error = :5.00e-01; Runtime: 123.6s; Iterations = 220, grads =   5.670e-03, unitary_metric = 1.00015
Error = :5.00e-01; Runtime: 134.4s; Iterations = 240, grads =   4.727e-03, unitary_metric = 1.00015
Error = :5.00e-01; Runtime: 145.2s; Iterations = 260, grads =   4.591e-04, unitary_metric = 1.00015
Error = :5.00e-01; Runtime: 156.0s; Iterations = 280, grads =   7.366e-05, unitary_metric = 1.00015
Error = :5.00e-01; Runtime: 166.7s; Iterations = 300, grads =   2.320e-05, unitary_metric = 1.00015
Error = :5.02e-01; Runtime: 178.3s; Iterations = 320, grads =   5.250e-02, unitary_metric = 1.00015
Error = :5.02e-01; Runtime: 189.1s; Iterations = 340, grads =   4.145e-02, unitary_metric = 1.00014
Error = :5.00e-01; Runtime: 199.8s; Iterations = 360, grads =   5.114e-03, unitary_metric = 1.00016
Error = :5.00e-01; Runtime: 210.5s; Iterations = 380, grads =   5.606e-04, unitary_metric = 1.00016
Error = :5.00e-01; Runtime: 221.2s; Iterations = 400, grads =   3.024e-04, unitary_metric = 1.00017
Error = :5.00e-01; Runtime: 232.8s; Iterations = 420, grads =   9.021e-03, unitary_metric = 1.00016
Error = :5.00e-01; Runtime: 243.6s; Iterations = 440, grads =   7.050e-03, unitary_metric = 1.00015
Error = :5.00e-01; Runtime: 254.3s; Iterations = 460, grads =   4.927e-03, unitary_metric = 1.00016
Error = :5.00e-01; Runtime: 265.2s; Iterations = 480, grads =   1.071e-04, unitary_metric = 1.00017
Error = :5.00e-01; Runtime: 275.9s; Iterations = 500, grads =   2.059e-04, unitary_metric = 1.00016
Error = :5.00e-01; Runtime: 287.5s; Iterations = 520, grads =   3.476e-03, unitary_metric = 1.00016
Error = :5.00e-01; Runtime: 298.4s; Iterations = 540, grads =   1.062e-03, unitary_metric = 1.00015
Error = :5.00e-01; Runtime: 309.2s; Iterations = 560, grads =   8.510e-03, unitary_metric = 1.00015
Error = :5.00e-01; Runtime: 320.1s; Iterations = 580, grads =   6.498e-03, unitary_metric = 1.00015
Error = :5.00e-01; Runtime: 331.0s; Iterations = 600, grads =   1.210e-03, unitary_metric = 1.00015
Error = :5.00e-01; Runtime: 342.7s; Iterations = 620, grads =   1.689e-04, unitary_metric = 1.00015
Error = :5.00e-01; Runtime: 353.6s; Iterations = 640, grads =   3.855e-05, unitary_metric = 1.00016
Error = :5.01e-01; Runtime: 364.4s; Iterations = 660, grads =   2.026e-02, unitary_metric = 1.00016
Error = :5.00e-01; Runtime: 375.3s; Iterations = 680, grads =   5.078e-03, unitary_metric = 1.00016
Error = :5.00e-01; Runtime: 386.2s; Iterations = 700, grads =   7.725e-04, unitary_metric = 1.00015
Error = :5.00e-01; Runtime: 397.8s; Iterations = 720, grads =   1.283e-03, unitary_metric = 1.00015
Error = :5.01e-01; Runtime: 408.6s; Iterations = 740, grads =   1.806e-02, unitary_metric = 1.00016
Error = :5.01e-01; Runtime: 419.4s; Iterations = 760, grads =   1.384e-02, unitary_metric = 1.00017
Error = :5.00e-01; Runtime: 430.1s; Iterations = 780, grads =   1.270e-03, unitary_metric = 1.00016
Error = :5.00e-01; Runtime: 441.0s; Iterations = 800, grads =   2.447e-04, unitary_metric = 1.00016
Error = :5.01e-01; Runtime: 452.5s; Iterations = 820, grads =   1.952e-02, unitary_metric = 1.00016
Error = :5.00e-01; Runtime: 463.2s; Iterations = 840, grads =   8.175e-03, unitary_metric = 1.00016
Error = :5.00e-01; Runtime: 474.0s; Iterations = 860, grads =   1.727e-04, unitary_metric = 1.00016
Error = :5.00e-01; Runtime: 484.8s; Iterations = 880, grads =   2.552e-04, unitary_metric = 1.00016
Error = :5.00e-01; Runtime: 495.6s; Iterations = 900, grads =   9.115e-04, unitary_metric = 1.00016
Error = :5.01e-01; Runtime: 507.1s; Iterations = 920, grads =   1.563e-02, unitary_metric = 1.00016
Error = :5.00e-01; Runtime: 517.9s; Iterations = 940, grads =   3.760e-03, unitary_metric = 1.00015
Error = :5.00e-01; Runtime: 528.6s; Iterations = 960, grads =   6.345e-03, unitary_metric = 1.00015
Error = :5.00e-01; Runtime: 539.4s; Iterations = 980, grads =   2.553e-03, unitary_metric = 1.00015
Error = :5.01e-01; Runtime: 550.2s; Iterations = 1000, grads =   1.391e-02, unitary_metric = 1.00015
Error = :5.01e-01; Runtime: 561.8s; Iterations = 1020, grads =   1.645e-02, unitary_metric = 1.00016
Error = :4.99e-01; Runtime: 572.7s; Iterations = 1040, grads =   2.008e-03, unitary_metric = 1.00018
Error = :4.98e-01; Runtime: 583.5s; Iterations = 1060, grads =   1.170e-03, unitary_metric = 1.00017
Error = :4.02e-01; Runtime: 594.7s; Iterations = 1080, grads =   2.790e-01, unitary_metric = 1.00017
Error = :5.61e-02; Runtime: 605.5s; Iterations = 1100, grads =   5.425e-01, unitary_metric = 1.00014
Error = :5.18e-03; Runtime: 617.1s; Iterations = 1120, grads =   5.421e-02, unitary_metric = 1.00013
Error = :8.48e-04; Runtime: 627.9s; Iterations = 1140, grads =   1.010e-02, unitary_metric = 1.00012
data saved at: /project/ftchong/qoc/pranav/00011_28_fixed_slice_24.h5


trying total_time: 31.45 for unitary of size (16, 16)
data saved at: /project/ftchong/qoc/pranav/00012_28_fixed_slice_24.h5
Using 7 Taylor terms and 2 Scaling & Squaring terms
Building graph:
Propagators initialized.
Operators weight initialized.
Intermediate propagation variables initialized.
Intermediate propagators initialized.
Vectors initialized.
Training loss initialized.
Optimizer initialized.
Utilities initialized.
Graph built!
Initialized
Error = :9.90e-01; Runtime: 0.9s; Iterations = 0, grads =   1.180e-02, unitary_metric = 1.00002
Error = :7.74e-01; Runtime: 13.3s; Iterations = 20, grads =   2.414e-01, unitary_metric = 1.00001
Error = :6.91e-01; Runtime: 24.3s; Iterations = 40, grads =   2.939e-02, unitary_metric = 1.00001
Error = :5.11e-01; Runtime: 35.1s; Iterations = 60, grads =   3.276e-02, unitary_metric = 1.00001
Error = :5.03e-01; Runtime: 45.9s; Iterations = 80, grads =   4.099e-02, unitary_metric = 1.00001
Error = :5.01e-01; Runtime: 56.7s; Iterations = 100, grads =   6.953e-03, unitary_metric = 1.00001
Error = :5.02e-01; Runtime: 68.2s; Iterations = 120, grads =   3.728e-02, unitary_metric = 1.00001
Error = :5.00e-01; Runtime: 78.9s; Iterations = 140, grads =   3.672e-03, unitary_metric = 1.00001
Error = :5.00e-01; Runtime: 89.7s; Iterations = 160, grads =   3.717e-03, unitary_metric = 1.00001
Error = :5.00e-01; Runtime: 100.4s; Iterations = 180, grads =   1.924e-03, unitary_metric = 1.00001
Error = :5.00e-01; Runtime: 111.5s; Iterations = 200, grads =   3.689e-04, unitary_metric = 1.00001
Error = :5.03e-01; Runtime: 123.0s; Iterations = 220, grads =   5.312e-02, unitary_metric = 1.00001
Error = :5.00e-01; Runtime: 133.9s; Iterations = 240, grads =   8.054e-03, unitary_metric = 1.00001
Error = :5.00e-01; Runtime: 144.7s; Iterations = 260, grads =   1.332e-03, unitary_metric = 1.00001
Error = :5.00e-01; Runtime: 155.5s; Iterations = 280, grads =   2.155e-04, unitary_metric = 1.00001
Error = :5.00e-01; Runtime: 166.4s; Iterations = 300, grads =   3.089e-03, unitary_metric = 1.00001
Error = :5.00e-01; Runtime: 178.0s; Iterations = 320, grads =   7.058e-03, unitary_metric = 1.00001
Error = :5.01e-01; Runtime: 188.9s; Iterations = 340, grads =   9.838e-03, unitary_metric = 1.00001
Error = :5.00e-01; Runtime: 199.7s; Iterations = 360, grads =   2.089e-03, unitary_metric = 1.00001
Error = :5.00e-01; Runtime: 210.5s; Iterations = 380, grads =   4.030e-04, unitary_metric = 1.00001
Error = :5.01e-01; Runtime: 221.2s; Iterations = 400, grads =   1.080e-02, unitary_metric = 1.00001
Error = :5.03e-01; Runtime: 233.1s; Iterations = 420, grads =   7.135e-02, unitary_metric = 1.00000
Error = :5.02e-01; Runtime: 243.9s; Iterations = 440, grads =   3.268e-02, unitary_metric = 1.00001
Error = :5.00e-01; Runtime: 254.6s; Iterations = 460, grads =   3.909e-03, unitary_metric = 1.00001
Error = :5.00e-01; Runtime: 265.4s; Iterations = 480, grads =   1.198e-03, unitary_metric = 1.00001
Error = :5.00e-01; Runtime: 276.2s; Iterations = 500, grads =   2.912e-04, unitary_metric = 1.00000
Error = :5.01e-01; Runtime: 287.8s; Iterations = 520, grads =   2.361e-02, unitary_metric = 1.00001
Error = :5.00e-01; Runtime: 298.6s; Iterations = 540, grads =   3.705e-03, unitary_metric = 1.00000
Error = :5.01e-01; Runtime: 309.3s; Iterations = 560, grads =   1.696e-02, unitary_metric = 1.00001
Error = :5.03e-01; Runtime: 320.1s; Iterations = 580, grads =   6.493e-02, unitary_metric = 1.00000
Error = :5.00e-01; Runtime: 330.8s; Iterations = 600, grads =   5.692e-03, unitary_metric = 1.00001
Error = :5.00e-01; Runtime: 342.3s; Iterations = 620, grads =   1.456e-03, unitary_metric = 1.00001
Error = :5.00e-01; Runtime: 353.1s; Iterations = 640, grads =   1.919e-04, unitary_metric = 1.00001
Error = :5.01e-01; Runtime: 363.9s; Iterations = 660, grads =   9.004e-03, unitary_metric = 1.00000
Error = :5.00e-01; Runtime: 374.7s; Iterations = 680, grads =   9.408e-04, unitary_metric = 1.00000
Error = :5.01e-01; Runtime: 385.6s; Iterations = 700, grads =   1.496e-02, unitary_metric = 1.00000
Error = :5.00e-01; Runtime: 397.0s; Iterations = 720, grads =   1.514e-03, unitary_metric = 1.00000
Error = :5.00e-01; Runtime: 407.8s; Iterations = 740, grads =   4.509e-03, unitary_metric = 1.00000
Error = :5.00e-01; Runtime: 418.6s; Iterations = 760, grads =   4.428e-04, unitary_metric = 1.00000
Error = :5.00e-01; Runtime: 429.4s; Iterations = 780, grads =   1.034e-04, unitary_metric = 1.00000
Error = :5.00e-01; Runtime: 440.2s; Iterations = 800, grads =   1.738e-05, unitary_metric = 1.00001
Error = :5.00e-01; Runtime: 452.3s; Iterations = 820, grads =   2.983e-06, unitary_metric = 1.00000
Error = :5.00e-01; Runtime: 463.1s; Iterations = 840, grads =   2.725e-06, unitary_metric = 1.00000
Error = :5.01e-01; Runtime: 474.1s; Iterations = 860, grads =   2.210e-02, unitary_metric = 1.00001
Error = :5.00e-01; Runtime: 485.0s; Iterations = 880, grads =   7.291e-03, unitary_metric = 1.00000
Error = :5.01e-01; Runtime: 495.9s; Iterations = 900, grads =   2.171e-02, unitary_metric = 1.00000
Error = :5.00e-01; Runtime: 507.8s; Iterations = 920, grads =   1.802e-03, unitary_metric = 1.00001
Error = :5.00e-01; Runtime: 518.6s; Iterations = 940, grads =   1.069e-04, unitary_metric = 1.00001
Error = :5.00e-01; Runtime: 529.5s; Iterations = 960, grads =   3.420e-06, unitary_metric = 1.00000
Error = :5.00e-01; Runtime: 540.3s; Iterations = 980, grads =   1.895e-06, unitary_metric = 1.00000
Error = :4.99e-01; Runtime: 551.1s; Iterations = 1000, grads =   6.541e-06, unitary_metric = 1.00000
Error = :4.95e-01; Runtime: 564.1s; Iterations = 1020, grads =   2.244e-04, unitary_metric = 1.00000
Error = :3.28e-01; Runtime: 575.0s; Iterations = 1040, grads =   4.127e+00, unitary_metric = 0.99999
Error = :2.31e-02; Runtime: 585.8s; Iterations = 1060, grads =   2.465e-01, unitary_metric = 0.99999
Error = :3.31e-03; Runtime: 596.6s; Iterations = 1080, grads =   3.512e-02, unitary_metric = 0.99999
Error = :9.23e-04; Runtime: 601.5s; Iterations = 1089, grads =   7.311e-03, unitary_metric = 1.00000
data saved at: /project/ftchong/qoc/pranav/00012_28_fixed_slice_24.h5


^^^SHORTEST TIME was 31.45
