Running Block:  2


trying total_time: 15.0 for unitary of size (16, 16)
data saved at: /project/ftchong/qoc/pranav/00000_28_fixed_slice_2.h5
Using 7 Taylor terms and 2 Scaling & Squaring terms
Building graph:
Propagators initialized.
Operators weight initialized.
Intermediate propagation variables initialized.
Intermediate propagators initialized.
Vectors initialized.
Training loss initialized.
Optimizer initialized.
Utilities initialized.
Graph built!
Initialized
Error = :1.00e+00; Runtime: 1.8s; Iterations = 0, grads =   1.239e-05, unitary_metric = 1.00000
Error = :5.24e-01; Runtime: 7.6s; Iterations = 20, grads =   3.976e-02, unitary_metric = 1.00000
Error = :2.03e-01; Runtime: 12.6s; Iterations = 40, grads =   4.066e-02, unitary_metric = 1.00000
Error = :1.59e-02; Runtime: 17.5s; Iterations = 60, grads =   9.789e-03, unitary_metric = 1.00000
Error = :1.07e-03; Runtime: 22.4s; Iterations = 80, grads =   1.488e-03, unitary_metric = 0.99999
Error = :9.19e-04; Runtime: 24.9s; Iterations = 90, grads =   1.752e-03, unitary_metric = 0.99999
data saved at: /project/ftchong/qoc/pranav/00000_28_fixed_slice_2.h5


trying total_time: 7.5 for unitary of size (16, 16)
data saved at: /project/ftchong/qoc/pranav/00001_28_fixed_slice_2.h5
Using 7 Taylor terms and 2 Scaling & Squaring terms
Building graph:
Propagators initialized.
Operators weight initialized.
Intermediate propagation variables initialized.
Intermediate propagators initialized.
Vectors initialized.
Training loss initialized.
Optimizer initialized.
Utilities initialized.
Graph built!
Initialized
Error = :1.00e+00; Runtime: 0.2s; Iterations = 0, grads =   9.475e-08, unitary_metric = 1.00000
Error = :7.06e-01; Runtime: 3.0s; Iterations = 20, grads =   1.721e-02, unitary_metric = 0.99999
Error = :4.67e-01; Runtime: 5.4s; Iterations = 40, grads =   2.152e-03, unitary_metric = 0.99999
Error = :2.42e-01; Runtime: 7.8s; Iterations = 60, grads =   1.783e-02, unitary_metric = 1.00000
Error = :2.28e-02; Runtime: 10.2s; Iterations = 80, grads =   1.241e-02, unitary_metric = 0.99999
Error = :7.41e-04; Runtime: 11.7s; Iterations = 92, grads =   1.771e-03, unitary_metric = 0.99999
data saved at: /project/ftchong/qoc/pranav/00001_28_fixed_slice_2.h5


trying total_time: 3.75 for unitary of size (16, 16)
data saved at: /project/ftchong/qoc/pranav/00002_28_fixed_slice_2.h5
Using 7 Taylor terms and 2 Scaling & Squaring terms
Building graph:
Propagators initialized.
Operators weight initialized.
Intermediate propagation variables initialized.
Intermediate propagators initialized.
Vectors initialized.
Training loss initialized.
Optimizer initialized.
Utilities initialized.
Graph built!
Initialized
Error = :1.00e+00; Runtime: 0.1s; Iterations = 0, grads =   4.197e-07, unitary_metric = 1.00000
Error = :9.08e-01; Runtime: 1.6s; Iterations = 20, grads =   3.783e-03, unitary_metric = 1.00000
Error = :6.34e-01; Runtime: 2.8s; Iterations = 40, grads =   5.706e-03, unitary_metric = 1.00000
Error = :5.00e-01; Runtime: 4.0s; Iterations = 60, grads =   6.949e-04, unitary_metric = 1.00000
Error = :4.00e-01; Runtime: 5.2s; Iterations = 80, grads =   1.514e-03, unitary_metric = 0.99999
Error = :2.67e-01; Runtime: 6.5s; Iterations = 100, grads =   1.886e-03, unitary_metric = 1.00000
Error = :1.68e-01; Runtime: 7.8s; Iterations = 120, grads =   8.131e-04, unitary_metric = 0.99999
Error = :1.16e-01; Runtime: 9.0s; Iterations = 140, grads =   7.296e-04, unitary_metric = 0.99999
Error = :9.10e-02; Runtime: 10.2s; Iterations = 160, grads =   1.803e-04, unitary_metric = 1.00000
Error = :7.86e-02; Runtime: 11.5s; Iterations = 180, grads =   3.159e-04, unitary_metric = 1.00000
Error = :7.14e-02; Runtime: 12.7s; Iterations = 200, grads =   2.739e-04, unitary_metric = 1.00000
Error = :6.69e-02; Runtime: 14.0s; Iterations = 220, grads =   1.944e-04, unitary_metric = 1.00000
Error = :6.38e-02; Runtime: 15.2s; Iterations = 240, grads =   4.821e-05, unitary_metric = 1.00000
Error = :6.17e-02; Runtime: 16.4s; Iterations = 260, grads =   3.712e-04, unitary_metric = 1.00000
Error = :6.00e-02; Runtime: 17.6s; Iterations = 280, grads =   2.243e-04, unitary_metric = 0.99999
Error = :5.86e-02; Runtime: 18.8s; Iterations = 300, grads =   4.029e-04, unitary_metric = 1.00000
Error = :5.74e-02; Runtime: 20.2s; Iterations = 320, grads =   1.057e-05, unitary_metric = 0.99999
Error = :5.63e-02; Runtime: 21.4s; Iterations = 340, grads =   2.167e-04, unitary_metric = 1.00000
Error = :5.54e-02; Runtime: 22.6s; Iterations = 360, grads =   7.700e-04, unitary_metric = 1.00000
Error = :5.45e-02; Runtime: 23.8s; Iterations = 380, grads =   1.028e-04, unitary_metric = 1.00000
Error = :5.39e-02; Runtime: 25.0s; Iterations = 400, grads =   1.215e-04, unitary_metric = 0.99999
Error = :5.34e-02; Runtime: 26.3s; Iterations = 420, grads =   1.648e-04, unitary_metric = 0.99999
Error = :5.30e-02; Runtime: 27.6s; Iterations = 440, grads =   1.359e-04, unitary_metric = 1.00000
Error = :5.27e-02; Runtime: 28.8s; Iterations = 460, grads =   1.895e-04, unitary_metric = 1.00000
Error = :5.24e-02; Runtime: 30.0s; Iterations = 480, grads =   1.075e-04, unitary_metric = 1.00000
Error = :5.22e-02; Runtime: 31.2s; Iterations = 500, grads =   9.108e-05, unitary_metric = 0.99999
Error = :5.21e-02; Runtime: 32.6s; Iterations = 520, grads =   3.158e-05, unitary_metric = 0.99999
Error = :5.19e-02; Runtime: 33.8s; Iterations = 540, grads =   1.396e-05, unitary_metric = 1.00000
Error = :5.21e-02; Runtime: 35.0s; Iterations = 560, grads =   2.278e-03, unitary_metric = 0.99999
Error = :5.17e-02; Runtime: 36.2s; Iterations = 580, grads =   2.143e-04, unitary_metric = 1.00000
Error = :5.15e-02; Runtime: 37.4s; Iterations = 600, grads =   4.356e-05, unitary_metric = 1.00000
Error = :5.14e-02; Runtime: 38.7s; Iterations = 620, grads =   2.705e-06, unitary_metric = 0.99999
Error = :5.14e-02; Runtime: 40.0s; Iterations = 640, grads =   1.470e-06, unitary_metric = 0.99999
Error = :5.13e-02; Runtime: 41.2s; Iterations = 660, grads =   8.126e-06, unitary_metric = 0.99999
Error = :5.13e-02; Runtime: 42.4s; Iterations = 680, grads =   3.921e-05, unitary_metric = 0.99999
Error = :5.12e-02; Runtime: 43.6s; Iterations = 700, grads =   3.108e-05, unitary_metric = 0.99999
Error = :5.12e-02; Runtime: 45.0s; Iterations = 720, grads =   1.893e-05, unitary_metric = 0.99999
Error = :5.12e-02; Runtime: 46.2s; Iterations = 740, grads =   4.307e-06, unitary_metric = 1.00000
Error = :5.11e-02; Runtime: 47.4s; Iterations = 760, grads =   6.479e-07, unitary_metric = 0.99999
Error = :5.11e-02; Runtime: 48.6s; Iterations = 780, grads =   9.324e-07, unitary_metric = 0.99999
Error = :5.13e-02; Runtime: 49.8s; Iterations = 800, grads =   1.340e-03, unitary_metric = 0.99999
Error = :5.12e-02; Runtime: 51.2s; Iterations = 820, grads =   3.685e-04, unitary_metric = 0.99999
Error = :5.11e-02; Runtime: 52.4s; Iterations = 840, grads =   2.663e-04, unitary_metric = 0.99999
Error = :5.10e-02; Runtime: 53.6s; Iterations = 860, grads =   3.095e-05, unitary_metric = 0.99999
Error = :5.10e-02; Runtime: 54.8s; Iterations = 880, grads =   2.510e-06, unitary_metric = 0.99999
Error = :5.10e-02; Runtime: 56.0s; Iterations = 900, grads =   4.489e-07, unitary_metric = 0.99999
Error = :5.09e-02; Runtime: 57.4s; Iterations = 920, grads =   3.884e-07, unitary_metric = 0.99999
Error = :5.09e-02; Runtime: 58.6s; Iterations = 940, grads =   2.786e-07, unitary_metric = 0.99999
Error = :5.09e-02; Runtime: 59.8s; Iterations = 960, grads =   6.132e-07, unitary_metric = 0.99999
Error = :5.09e-02; Runtime: 61.0s; Iterations = 980, grads =   1.266e-04, unitary_metric = 0.99999
Error = :5.09e-02; Runtime: 62.2s; Iterations = 1000, grads =   2.894e-04, unitary_metric = 0.99999
Error = :5.08e-02; Runtime: 63.5s; Iterations = 1020, grads =   1.602e-06, unitary_metric = 0.99999
Error = :5.08e-02; Runtime: 64.8s; Iterations = 1040, grads =   6.400e-06, unitary_metric = 0.99999
Error = :5.08e-02; Runtime: 66.0s; Iterations = 1060, grads =   1.462e-06, unitary_metric = 0.99999
Error = :5.09e-02; Runtime: 67.2s; Iterations = 1080, grads =   1.287e-03, unitary_metric = 0.99999
Error = :5.08e-02; Runtime: 68.4s; Iterations = 1100, grads =   1.604e-04, unitary_metric = 0.99999
Error = :5.07e-02; Runtime: 69.7s; Iterations = 1120, grads =   2.271e-05, unitary_metric = 0.99999
Error = :5.06e-02; Runtime: 70.9s; Iterations = 1140, grads =   2.675e-06, unitary_metric = 1.00000
Error = :5.05e-02; Runtime: 72.2s; Iterations = 1160, grads =   6.635e-06, unitary_metric = 0.99999
Error = :5.04e-02; Runtime: 73.4s; Iterations = 1180, grads =   8.047e-05, unitary_metric = 0.99999
Error = :5.03e-02; Runtime: 74.6s; Iterations = 1200, grads =   5.844e-05, unitary_metric = 1.00000
Error = :5.03e-02; Runtime: 75.9s; Iterations = 1220, grads =   8.673e-06, unitary_metric = 0.99999
Error = :5.02e-02; Runtime: 77.1s; Iterations = 1240, grads =   2.896e-07, unitary_metric = 0.99999
Error = :5.02e-02; Runtime: 78.3s; Iterations = 1260, grads =   2.943e-07, unitary_metric = 0.99999
Error = :5.02e-02; Runtime: 79.5s; Iterations = 1280, grads =   2.186e-07, unitary_metric = 0.99999
Error = :5.01e-02; Runtime: 80.7s; Iterations = 1300, grads =   6.619e-06, unitary_metric = 1.00000
Error = :5.01e-02; Runtime: 82.1s; Iterations = 1320, grads =   2.849e-05, unitary_metric = 0.99999
Error = :5.01e-02; Runtime: 83.3s; Iterations = 1340, grads =   5.546e-05, unitary_metric = 0.99999
Error = :5.01e-02; Runtime: 84.5s; Iterations = 1360, grads =   6.735e-05, unitary_metric = 0.99999
Error = :5.01e-02; Runtime: 85.7s; Iterations = 1380, grads =   2.385e-06, unitary_metric = 0.99999
Error = :5.01e-02; Runtime: 86.9s; Iterations = 1400, grads =   2.973e-04, unitary_metric = 0.99999
Error = :5.01e-02; Runtime: 88.3s; Iterations = 1420, grads =   1.379e-04, unitary_metric = 1.00000
Error = :5.01e-02; Runtime: 89.5s; Iterations = 1440, grads =   8.966e-06, unitary_metric = 1.00000
Error = :5.01e-02; Runtime: 90.7s; Iterations = 1460, grads =   1.648e-07, unitary_metric = 0.99999
Error = :5.01e-02; Runtime: 91.9s; Iterations = 1480, grads =   4.547e-07, unitary_metric = 0.99999
Error = :5.01e-02; Runtime: 93.1s; Iterations = 1500, grads =   9.112e-08, unitary_metric = 0.99999
Error = :5.01e-02; Runtime: 94.4s; Iterations = 1520, grads =   1.485e-06, unitary_metric = 0.99999
Error = :5.01e-02; Runtime: 95.7s; Iterations = 1540, grads =   3.645e-05, unitary_metric = 0.99999
Error = :5.01e-02; Runtime: 96.9s; Iterations = 1560, grads =   2.946e-06, unitary_metric = 0.99999
Error = :5.01e-02; Runtime: 98.1s; Iterations = 1580, grads =   4.597e-07, unitary_metric = 0.99999
Error = :5.01e-02; Runtime: 99.3s; Iterations = 1600, grads =   1.307e-06, unitary_metric = 0.99999
Error = :5.01e-02; Runtime: 100.6s; Iterations = 1620, grads =   1.153e-05, unitary_metric = 0.99999
Error = :5.01e-02; Runtime: 101.9s; Iterations = 1640, grads =   9.823e-05, unitary_metric = 0.99999
Error = :5.01e-02; Runtime: 103.1s; Iterations = 1660, grads =   4.913e-05, unitary_metric = 0.99999
Error = :5.02e-02; Runtime: 104.3s; Iterations = 1680, grads =   5.826e-06, unitary_metric = 0.99999
Error = :5.02e-02; Runtime: 105.5s; Iterations = 1700, grads =   1.253e-05, unitary_metric = 0.99999
Error = :5.02e-02; Runtime: 106.8s; Iterations = 1720, grads =   1.048e-06, unitary_metric = 0.99999
Error = :5.03e-02; Runtime: 108.0s; Iterations = 1740, grads =   2.633e-06, unitary_metric = 0.99999
Error = :5.03e-02; Runtime: 109.2s; Iterations = 1760, grads =   6.968e-07, unitary_metric = 0.99999
Error = :5.04e-02; Runtime: 110.4s; Iterations = 1780, grads =   2.334e-07, unitary_metric = 0.99999
Error = :5.04e-02; Runtime: 111.6s; Iterations = 1800, grads =   3.346e-07, unitary_metric = 1.00000
Error = :5.05e-02; Runtime: 112.9s; Iterations = 1820, grads =   3.351e-06, unitary_metric = 0.99999
Error = :5.06e-02; Runtime: 114.1s; Iterations = 1840, grads =   6.323e-05, unitary_metric = 0.99999
Error = :5.07e-02; Runtime: 115.3s; Iterations = 1860, grads =   1.624e-04, unitary_metric = 1.00000
Error = :5.07e-02; Runtime: 116.5s; Iterations = 1880, grads =   1.129e-06, unitary_metric = 0.99999
Error = :5.06e-02; Runtime: 117.8s; Iterations = 1900, grads =   3.491e-06, unitary_metric = 0.99999
Error = :5.05e-02; Runtime: 119.1s; Iterations = 1920, grads =   3.400e-06, unitary_metric = 0.99999
Error = :5.04e-02; Runtime: 120.3s; Iterations = 1940, grads =   3.945e-04, unitary_metric = 0.99999
Error = :5.03e-02; Runtime: 121.5s; Iterations = 1960, grads =   5.634e-05, unitary_metric = 0.99999
Error = :5.02e-02; Runtime: 122.7s; Iterations = 1980, grads =   1.585e-05, unitary_metric = 0.99999
Error = :5.02e-02; Runtime: 123.9s; Iterations = 2000, grads =   6.796e-06, unitary_metric = 1.00000
Error = :5.01e-02; Runtime: 125.3s; Iterations = 2020, grads =   3.213e-06, unitary_metric = 0.99999
Error = :5.01e-02; Runtime: 126.5s; Iterations = 2040, grads =   1.296e-06, unitary_metric = 0.99999
Error = :5.01e-02; Runtime: 127.7s; Iterations = 2060, grads =   4.055e-07, unitary_metric = 0.99999
Error = :5.01e-02; Runtime: 128.9s; Iterations = 2080, grads =   1.569e-07, unitary_metric = 0.99999
Error = :5.01e-02; Runtime: 130.1s; Iterations = 2100, grads =   5.901e-05, unitary_metric = 1.00000
Error = :5.00e-02; Runtime: 131.5s; Iterations = 2120, grads =   4.859e-05, unitary_metric = 0.99999
Error = :5.00e-02; Runtime: 132.7s; Iterations = 2140, grads =   1.714e-05, unitary_metric = 1.00000
Error = :5.01e-02; Runtime: 133.9s; Iterations = 2160, grads =   2.903e-04, unitary_metric = 0.99999
Error = :5.00e-02; Runtime: 135.1s; Iterations = 2180, grads =   2.669e-05, unitary_metric = 0.99999
Error = :5.00e-02; Runtime: 136.3s; Iterations = 2200, grads =   5.996e-05, unitary_metric = 0.99999
Error = :5.00e-02; Runtime: 137.7s; Iterations = 2220, grads =   2.085e-05, unitary_metric = 0.99999
Error = :5.00e-02; Runtime: 138.9s; Iterations = 2240, grads =   1.407e-06, unitary_metric = 1.00000
Error = :5.00e-02; Runtime: 140.1s; Iterations = 2260, grads =   9.104e-07, unitary_metric = 0.99999
Error = :5.00e-02; Runtime: 141.3s; Iterations = 2280, grads =   5.927e-07, unitary_metric = 0.99999
Error = :5.00e-02; Runtime: 142.5s; Iterations = 2300, grads =   2.051e-07, unitary_metric = 0.99999
Error = :5.00e-02; Runtime: 143.8s; Iterations = 2320, grads =   7.369e-08, unitary_metric = 0.99999
Error = :5.00e-02; Runtime: 145.0s; Iterations = 2340, grads =   7.484e-08, unitary_metric = 0.99999
Error = :5.00e-02; Runtime: 146.2s; Iterations = 2360, grads =   2.405e-06, unitary_metric = 0.99999
Error = :5.00e-02; Runtime: 147.4s; Iterations = 2380, grads =   3.405e-04, unitary_metric = 0.99999
Error = :5.00e-02; Runtime: 148.7s; Iterations = 2400, grads =   6.565e-05, unitary_metric = 1.00000
Error = :5.00e-02; Runtime: 150.0s; Iterations = 2420, grads =   4.237e-06, unitary_metric = 0.99999
Error = :5.00e-02; Runtime: 151.2s; Iterations = 2440, grads =   1.404e-06, unitary_metric = 0.99999
Error = :5.00e-02; Runtime: 152.4s; Iterations = 2460, grads =   2.292e-05, unitary_metric = 0.99999
Error = :5.00e-02; Runtime: 153.6s; Iterations = 2480, grads =   1.012e-06, unitary_metric = 0.99999
Error = :5.00e-02; Runtime: 154.8s; Iterations = 2500, grads =   2.961e-07, unitary_metric = 1.00000
Error = :5.00e-02; Runtime: 156.2s; Iterations = 2520, grads =   1.760e-07, unitary_metric = 0.99999
Error = :5.00e-02; Runtime: 157.4s; Iterations = 2540, grads =   1.336e-06, unitary_metric = 0.99999
Error = :5.00e-02; Runtime: 158.6s; Iterations = 2560, grads =   2.653e-04, unitary_metric = 0.99999
Error = :5.00e-02; Runtime: 159.8s; Iterations = 2580, grads =   2.986e-05, unitary_metric = 1.00000
Error = :5.00e-02; Runtime: 161.0s; Iterations = 2600, grads =   2.722e-05, unitary_metric = 1.00000
Error = :5.00e-02; Runtime: 162.4s; Iterations = 2620, grads =   3.571e-05, unitary_metric = 1.00000
Error = :5.00e-02; Runtime: 163.6s; Iterations = 2640, grads =   6.692e-06, unitary_metric = 0.99999
Error = :5.00e-02; Runtime: 164.8s; Iterations = 2660, grads =   7.942e-07, unitary_metric = 0.99999
Error = :5.00e-02; Runtime: 166.0s; Iterations = 2680, grads =   8.040e-07, unitary_metric = 0.99999
Error = :5.00e-02; Runtime: 167.2s; Iterations = 2700, grads =   1.577e-07, unitary_metric = 0.99999
Error = :5.00e-02; Runtime: 168.6s; Iterations = 2720, grads =   7.381e-08, unitary_metric = 0.99999
Error = :5.00e-02; Runtime: 169.8s; Iterations = 2740, grads =   4.037e-07, unitary_metric = 0.99999
Error = :5.00e-02; Runtime: 171.0s; Iterations = 2760, grads =   1.714e-07, unitary_metric = 1.00000
Error = :5.00e-02; Runtime: 172.2s; Iterations = 2780, grads =   1.095e-05, unitary_metric = 1.00000
Error = :5.00e-02; Runtime: 173.5s; Iterations = 2800, grads =   4.490e-05, unitary_metric = 1.00000
Error = :5.00e-02; Runtime: 174.8s; Iterations = 2820, grads =   4.813e-05, unitary_metric = 0.99999
Error = :5.00e-02; Runtime: 176.0s; Iterations = 2840, grads =   1.666e-04, unitary_metric = 0.99999
Error = :5.00e-02; Runtime: 177.2s; Iterations = 2860, grads =   2.184e-05, unitary_metric = 0.99999
Error = :5.00e-02; Runtime: 178.4s; Iterations = 2880, grads =   5.877e-06, unitary_metric = 0.99999
Error = :5.00e-02; Runtime: 179.7s; Iterations = 2900, grads =   3.050e-06, unitary_metric = 0.99999
Error = :5.00e-02; Runtime: 181.0s; Iterations = 2920, grads =   1.389e-06, unitary_metric = 0.99999
Error = :5.00e-02; Runtime: 182.2s; Iterations = 2940, grads =   2.156e-06, unitary_metric = 0.99999
Error = :5.00e-02; Runtime: 183.4s; Iterations = 2960, grads =   9.479e-07, unitary_metric = 0.99999
Error = :5.00e-02; Runtime: 184.6s; Iterations = 2980, grads =   7.616e-07, unitary_metric = 0.99999
Error = :5.00e-02; Runtime: 185.8s; Iterations = 3000, grads =   1.785e-06, unitary_metric = 0.99999
Error = :5.00e-02; Runtime: 187.1s; Iterations = 3020, grads =   9.605e-05, unitary_metric = 0.99999
Error = :5.00e-02; Runtime: 188.3s; Iterations = 3040, grads =   7.890e-06, unitary_metric = 0.99999
Error = :5.00e-02; Runtime: 189.6s; Iterations = 3060, grads =   1.543e-04, unitary_metric = 0.99999
Error = :5.00e-02; Runtime: 190.8s; Iterations = 3080, grads =   1.289e-05, unitary_metric = 0.99999
Error = :4.99e-02; Runtime: 192.0s; Iterations = 3100, grads =   1.923e-06, unitary_metric = 1.00000
Error = :4.99e-02; Runtime: 193.3s; Iterations = 3120, grads =   7.577e-07, unitary_metric = 0.99999
Error = :4.99e-02; Runtime: 194.5s; Iterations = 3140, grads =   5.051e-07, unitary_metric = 0.99999
Error = :4.99e-02; Runtime: 195.7s; Iterations = 3160, grads =   8.805e-07, unitary_metric = 0.99999
Error = :4.99e-02; Runtime: 197.0s; Iterations = 3180, grads =   1.407e-06, unitary_metric = 0.99999
Error = :4.99e-02; Runtime: 198.2s; Iterations = 3200, grads =   1.638e-06, unitary_metric = 0.99999
Error = :4.99e-02; Runtime: 199.5s; Iterations = 3220, grads =   1.546e-06, unitary_metric = 0.99999
Error = :4.99e-02; Runtime: 200.7s; Iterations = 3240, grads =   1.977e-06, unitary_metric = 0.99999
Error = :5.00e-02; Runtime: 201.9s; Iterations = 3260, grads =   2.034e-04, unitary_metric = 0.99999
Error = :5.00e-02; Runtime: 203.1s; Iterations = 3280, grads =   6.136e-05, unitary_metric = 0.99999
Error = :5.00e-02; Runtime: 204.3s; Iterations = 3300, grads =   2.200e-05, unitary_metric = 0.99999
Error = :4.99e-02; Runtime: 205.7s; Iterations = 3320, grads =   3.481e-06, unitary_metric = 0.99999
Error = :5.00e-02; Runtime: 206.9s; Iterations = 3340, grads =   1.094e-06, unitary_metric = 0.99999
Error = :5.00e-02; Runtime: 208.1s; Iterations = 3360, grads =   2.385e-06, unitary_metric = 0.99999
Error = :5.00e-02; Runtime: 209.3s; Iterations = 3380, grads =   3.571e-06, unitary_metric = 0.99999
Error = :5.00e-02; Runtime: 210.6s; Iterations = 3400, grads =   3.049e-06, unitary_metric = 0.99999
Error = :5.00e-02; Runtime: 211.9s; Iterations = 3420, grads =   1.197e-06, unitary_metric = 0.99999
Error = :5.00e-02; Runtime: 213.1s; Iterations = 3440, grads =   1.686e-06, unitary_metric = 0.99999
Error = :5.00e-02; Runtime: 214.3s; Iterations = 3460, grads =   1.924e-06, unitary_metric = 0.99999
Error = :5.00e-02; Runtime: 215.5s; Iterations = 3480, grads =   7.128e-06, unitary_metric = 0.99999
Error = :5.00e-02; Runtime: 216.7s; Iterations = 3500, grads =   2.067e-06, unitary_metric = 0.99999
Error = :5.00e-02; Runtime: 218.1s; Iterations = 3520, grads =   2.573e-06, unitary_metric = 0.99999
Error = :5.00e-02; Runtime: 219.3s; Iterations = 3540, grads =   9.381e-07, unitary_metric = 0.99999
Error = :5.00e-02; Runtime: 220.5s; Iterations = 3560, grads =   3.002e-05, unitary_metric = 0.99999
Error = :5.00e-02; Runtime: 221.7s; Iterations = 3580, grads =   2.725e-05, unitary_metric = 0.99999
Error = :5.00e-02; Runtime: 222.9s; Iterations = 3600, grads =   3.413e-06, unitary_metric = 0.99999
Error = :5.00e-02; Runtime: 224.2s; Iterations = 3620, grads =   2.675e-06, unitary_metric = 0.99999
Error = :5.00e-02; Runtime: 225.5s; Iterations = 3640, grads =   3.375e-06, unitary_metric = 0.99999
Error = :5.00e-02; Runtime: 226.7s; Iterations = 3660, grads =   2.105e-07, unitary_metric = 1.00000
Error = :5.00e-02; Runtime: 227.9s; Iterations = 3680, grads =   3.806e-07, unitary_metric = 0.99999
Error = :5.00e-02; Runtime: 229.1s; Iterations = 3700, grads =   9.757e-07, unitary_metric = 0.99999
Error = :5.00e-02; Runtime: 230.4s; Iterations = 3720, grads =   1.095e-04, unitary_metric = 0.99999
Error = :5.00e-02; Runtime: 231.6s; Iterations = 3740, grads =   1.220e-05, unitary_metric = 0.99999
Error = :5.00e-02; Runtime: 232.8s; Iterations = 3760, grads =   1.404e-06, unitary_metric = 0.99999
Error = :5.00e-02; Runtime: 234.1s; Iterations = 3780, grads =   2.827e-06, unitary_metric = 0.99999
Error = :5.00e-02; Runtime: 235.3s; Iterations = 3800, grads =   3.744e-05, unitary_metric = 0.99999
Error = :5.00e-02; Runtime: 236.6s; Iterations = 3820, grads =   1.535e-05, unitary_metric = 0.99999
Error = :4.99e-02; Runtime: 237.8s; Iterations = 3840, grads =   8.235e-07, unitary_metric = 0.99999
Error = :4.99e-02; Runtime: 239.0s; Iterations = 3860, grads =   9.978e-08, unitary_metric = 0.99999
Error = :4.99e-02; Runtime: 240.3s; Iterations = 3880, grads =   6.044e-08, unitary_metric = 0.99999
Error = :4.99e-02; Runtime: 241.5s; Iterations = 3900, grads =   3.233e-07, unitary_metric = 0.99999
Error = :4.99e-02; Runtime: 242.8s; Iterations = 3920, grads =   5.835e-06, unitary_metric = 0.99999
Error = :4.99e-02; Runtime: 244.0s; Iterations = 3940, grads =   2.655e-06, unitary_metric = 0.99999
Error = :4.99e-02; Runtime: 245.2s; Iterations = 3960, grads =   9.734e-07, unitary_metric = 0.99999
Error = :4.99e-02; Runtime: 246.4s; Iterations = 3980, grads =   3.515e-05, unitary_metric = 0.99999
Error = :4.99e-02; Runtime: 247.6s; Iterations = 4000, grads =   1.885e-05, unitary_metric = 0.99999
Error = :4.99e-02; Runtime: 249.0s; Iterations = 4020, grads =   8.164e-06, unitary_metric = 0.99999
Error = :4.99e-02; Runtime: 250.2s; Iterations = 4040, grads =   9.174e-07, unitary_metric = 0.99999
Error = :4.99e-02; Runtime: 251.4s; Iterations = 4060, grads =   1.328e-07, unitary_metric = 0.99999
Error = :4.99e-02; Runtime: 252.6s; Iterations = 4080, grads =   1.138e-07, unitary_metric = 0.99999
Error = :4.99e-02; Runtime: 253.8s; Iterations = 4100, grads =   4.156e-07, unitary_metric = 0.99999
Error = :4.99e-02; Runtime: 255.1s; Iterations = 4120, grads =   7.709e-07, unitary_metric = 0.99999
Error = :4.99e-02; Runtime: 256.4s; Iterations = 4140, grads =   2.770e-07, unitary_metric = 0.99999
Error = :4.99e-02; Runtime: 257.6s; Iterations = 4160, grads =   6.993e-06, unitary_metric = 0.99999
Error = :4.99e-02; Runtime: 258.8s; Iterations = 4180, grads =   1.468e-06, unitary_metric = 1.00000
Error = :4.99e-02; Runtime: 260.0s; Iterations = 4200, grads =   2.352e-07, unitary_metric = 0.99999
Error = :4.99e-02; Runtime: 261.3s; Iterations = 4220, grads =   7.803e-07, unitary_metric = 0.99999
Error = :4.99e-02; Runtime: 262.5s; Iterations = 4240, grads =   6.369e-05, unitary_metric = 0.99999
Error = :4.99e-02; Runtime: 263.7s; Iterations = 4260, grads =   5.777e-05, unitary_metric = 0.99999
Error = :4.99e-02; Runtime: 264.9s; Iterations = 4280, grads =   8.118e-07, unitary_metric = 1.00000
Error = :4.99e-02; Runtime: 266.2s; Iterations = 4300, grads =   8.805e-07, unitary_metric = 1.00000
Error = :4.99e-02; Runtime: 267.5s; Iterations = 4320, grads =   1.663e-06, unitary_metric = 1.00000
Error = :4.99e-02; Runtime: 268.7s; Iterations = 4340, grads =   1.623e-07, unitary_metric = 1.00000
Error = :4.99e-02; Runtime: 269.9s; Iterations = 4360, grads =   4.449e-07, unitary_metric = 1.00000
Error = :4.99e-02; Runtime: 271.2s; Iterations = 4380, grads =   7.701e-08, unitary_metric = 0.99999
Error = :4.99e-02; Runtime: 272.4s; Iterations = 4400, grads =   3.462e-08, unitary_metric = 0.99999
Error = :4.98e-02; Runtime: 273.7s; Iterations = 4420, grads =   4.573e-08, unitary_metric = 1.00000
Error = :4.98e-02; Runtime: 274.9s; Iterations = 4440, grads =   2.987e-07, unitary_metric = 1.00000
Error = :4.98e-02; Runtime: 276.1s; Iterations = 4460, grads =   4.730e-06, unitary_metric = 0.99999
Error = :4.98e-02; Runtime: 277.3s; Iterations = 4480, grads =   6.593e-06, unitary_metric = 1.00000
Error = :4.98e-02; Runtime: 278.5s; Iterations = 4500, grads =   6.420e-06, unitary_metric = 0.99999
Error = :4.98e-02; Runtime: 279.9s; Iterations = 4520, grads =   9.731e-06, unitary_metric = 0.99999
Error = :4.98e-02; Runtime: 281.1s; Iterations = 4540, grads =   5.613e-06, unitary_metric = 1.00000
Error = :4.98e-02; Runtime: 282.3s; Iterations = 4560, grads =   1.406e-07, unitary_metric = 0.99999
Error = :4.98e-02; Runtime: 283.5s; Iterations = 4580, grads =   2.515e-07, unitary_metric = 0.99999
Error = :4.98e-02; Runtime: 284.7s; Iterations = 4600, grads =   2.744e-08, unitary_metric = 1.00000
Error = :4.98e-02; Runtime: 286.0s; Iterations = 4620, grads =   2.696e-08, unitary_metric = 1.00000
Error = :4.98e-02; Runtime: 287.2s; Iterations = 4640, grads =   3.994e-08, unitary_metric = 0.99999
Error = :4.98e-02; Runtime: 288.5s; Iterations = 4660, grads =   7.372e-07, unitary_metric = 0.99999
Error = :4.98e-02; Runtime: 289.7s; Iterations = 4680, grads =   4.811e-07, unitary_metric = 0.99999
Error = :4.98e-02; Runtime: 290.9s; Iterations = 4700, grads =   4.265e-07, unitary_metric = 0.99999
Error = :4.98e-02; Runtime: 292.2s; Iterations = 4720, grads =   4.930e-07, unitary_metric = 1.00000
Error = :4.98e-02; Runtime: 293.4s; Iterations = 4740, grads =   4.716e-05, unitary_metric = 1.00000
Error = :4.98e-02; Runtime: 294.6s; Iterations = 4760, grads =   1.238e-05, unitary_metric = 0.99999
Error = :4.98e-02; Runtime: 295.8s; Iterations = 4780, grads =   2.256e-06, unitary_metric = 1.00000
Error = :4.98e-02; Runtime: 297.0s; Iterations = 4800, grads =   3.392e-07, unitary_metric = 0.99999
Error = :4.98e-02; Runtime: 298.4s; Iterations = 4820, grads =   5.629e-08, unitary_metric = 0.99999
Error = :4.98e-02; Runtime: 299.6s; Iterations = 4840, grads =   2.724e-08, unitary_metric = 1.00000
Error = :4.98e-02; Runtime: 300.8s; Iterations = 4860, grads =   2.632e-08, unitary_metric = 1.00000
Error = :4.98e-02; Runtime: 302.0s; Iterations = 4880, grads =   2.099e-07, unitary_metric = 0.99999
Error = :4.98e-02; Runtime: 303.2s; Iterations = 4900, grads =   1.303e-06, unitary_metric = 0.99999
Error = :4.98e-02; Runtime: 304.6s; Iterations = 4920, grads =   6.166e-06, unitary_metric = 0.99999
Error = :4.98e-02; Runtime: 305.8s; Iterations = 4940, grads =   1.536e-06, unitary_metric = 0.99999
Error = :4.98e-02; Runtime: 307.0s; Iterations = 4960, grads =   2.559e-07, unitary_metric = 0.99999
Error = :4.98e-02; Runtime: 308.2s; Iterations = 4980, grads =   7.328e-07, unitary_metric = 0.99999
Error = :4.98e-02; Runtime: 309.4s; Iterations = 5000, grads =   4.549e-05, unitary_metric = 0.99999
Error = :4.98e-02; Runtime: 310.8s; Iterations = 5020, grads =   6.634e-06, unitary_metric = 0.99999
Error = :4.98e-02; Runtime: 312.0s; Iterations = 5040, grads =   1.185e-07, unitary_metric = 0.99999
Error = :4.98e-02; Runtime: 313.2s; Iterations = 5060, grads =   2.057e-07, unitary_metric = 1.00000
Error = :4.99e-02; Runtime: 314.4s; Iterations = 5080, grads =   2.275e-08, unitary_metric = 0.99999
Error = :4.99e-02; Runtime: 315.6s; Iterations = 5100, grads =   2.099e-08, unitary_metric = 0.99999
Error = :4.99e-02; Runtime: 317.0s; Iterations = 5120, grads =   2.160e-08, unitary_metric = 1.00000
Error = :4.99e-02; Runtime: 318.2s; Iterations = 5140, grads =   2.523e-08, unitary_metric = 1.00000
Error = :4.99e-02; Runtime: 319.4s; Iterations = 5160, grads =   7.919e-08, unitary_metric = 0.99999
Error = :4.99e-02; Runtime: 320.6s; Iterations = 5180, grads =   8.093e-06, unitary_metric = 0.99999
Error = :4.99e-02; Runtime: 321.8s; Iterations = 5200, grads =   2.305e-05, unitary_metric = 1.00000
Error = :4.99e-02; Runtime: 323.1s; Iterations = 5220, grads =   2.055e-05, unitary_metric = 0.99999
Error = :4.99e-02; Runtime: 324.3s; Iterations = 5240, grads =   3.244e-06, unitary_metric = 0.99999
Error = :4.99e-02; Runtime: 325.5s; Iterations = 5260, grads =   4.633e-07, unitary_metric = 1.00000
Error = :4.99e-02; Runtime: 326.7s; Iterations = 5280, grads =   8.863e-08, unitary_metric = 0.99999
Error = :4.99e-02; Runtime: 328.0s; Iterations = 5300, grads =   1.755e-07, unitary_metric = 0.99999
Error = :4.99e-02; Runtime: 329.3s; Iterations = 5320, grads =   1.167e-06, unitary_metric = 0.99999
Error = :4.99e-02; Runtime: 330.5s; Iterations = 5340, grads =   4.429e-07, unitary_metric = 0.99999
Error = :5.00e-02; Runtime: 331.8s; Iterations = 5360, grads =   2.799e-07, unitary_metric = 0.99999
Error = :5.00e-02; Runtime: 333.0s; Iterations = 5380, grads =   3.409e-07, unitary_metric = 0.99999
Error = :5.00e-02; Runtime: 334.2s; Iterations = 5400, grads =   4.072e-07, unitary_metric = 0.99999
Error = :5.00e-02; Runtime: 335.5s; Iterations = 5420, grads =   4.619e-07, unitary_metric = 0.99999
Error = :5.00e-02; Runtime: 336.7s; Iterations = 5440, grads =   8.160e-06, unitary_metric = 0.99999
Error = :5.00e-02; Runtime: 337.9s; Iterations = 5460, grads =   3.452e-05, unitary_metric = 0.99999
Error = :5.00e-02; Runtime: 339.1s; Iterations = 5480, grads =   4.565e-06, unitary_metric = 0.99999
Error = :5.00e-02; Runtime: 340.4s; Iterations = 5500, grads =   1.582e-06, unitary_metric = 0.99999
Error = :5.00e-02; Runtime: 341.7s; Iterations = 5520, grads =   5.321e-07, unitary_metric = 0.99999
Error = :5.00e-02; Runtime: 342.9s; Iterations = 5540, grads =   4.734e-07, unitary_metric = 0.99999
Error = :5.00e-02; Runtime: 344.1s; Iterations = 5560, grads =   3.240e-07, unitary_metric = 0.99999
Error = :5.00e-02; Runtime: 345.3s; Iterations = 5580, grads =   3.056e-07, unitary_metric = 1.00000
Error = :5.00e-02; Runtime: 346.6s; Iterations = 5600, grads =   2.898e-07, unitary_metric = 0.99999
Error = :5.00e-02; Runtime: 347.9s; Iterations = 5620, grads =   2.146e-06, unitary_metric = 1.00000
Error = :5.00e-02; Runtime: 349.1s; Iterations = 5640, grads =   7.026e-07, unitary_metric = 1.00000
Error = :5.00e-02; Runtime: 350.3s; Iterations = 5660, grads =   2.966e-07, unitary_metric = 1.00000
Error = :5.00e-02; Runtime: 351.5s; Iterations = 5680, grads =   3.256e-07, unitary_metric = 0.99999
Error = :5.00e-02; Runtime: 352.7s; Iterations = 5700, grads =   1.313e-05, unitary_metric = 0.99999
Error = :5.00e-02; Runtime: 354.1s; Iterations = 5720, grads =   1.125e-05, unitary_metric = 0.99999
Error = :5.00e-02; Runtime: 355.3s; Iterations = 5740, grads =   1.088e-06, unitary_metric = 1.00000
Error = :5.00e-02; Runtime: 356.5s; Iterations = 5760, grads =   3.088e-07, unitary_metric = 0.99999
Error = :5.00e-02; Runtime: 357.7s; Iterations = 5780, grads =   1.639e-07, unitary_metric = 1.00000
Error = :5.00e-02; Runtime: 358.9s; Iterations = 5800, grads =   1.481e-07, unitary_metric = 1.00000
Error = :5.00e-02; Runtime: 360.3s; Iterations = 5820, grads =   2.384e-07, unitary_metric = 0.99999
Error = :5.00e-02; Runtime: 361.5s; Iterations = 5840, grads =   1.731e-06, unitary_metric = 1.00000
Error = :5.00e-02; Runtime: 362.7s; Iterations = 5860, grads =   1.712e-07, unitary_metric = 0.99999
Error = :5.00e-02; Runtime: 363.9s; Iterations = 5880, grads =   1.237e-07, unitary_metric = 1.00000
Error = :5.00e-02; Runtime: 365.1s; Iterations = 5900, grads =   2.438e-07, unitary_metric = 1.00000
Error = :5.00e-02; Runtime: 366.4s; Iterations = 5920, grads =   1.591e-05, unitary_metric = 0.99999
Error = :5.00e-02; Runtime: 367.7s; Iterations = 5940, grads =   5.392e-07, unitary_metric = 1.00000
Error = :5.00e-02; Runtime: 368.9s; Iterations = 5960, grads =   1.977e-05, unitary_metric = 1.00000
Error = :5.00e-02; Runtime: 370.1s; Iterations = 5980, grads =   4.556e-07, unitary_metric = 1.00000
Error = :5.00e-02; Runtime: 371.3s; Iterations = 6000, grads =   2.947e-07, unitary_metric = 1.00000
data saved at: /project/ftchong/qoc/pranav/00002_28_fixed_slice_2.h5


trying total_time: 5.6 for unitary of size (16, 16)
data saved at: /project/ftchong/qoc/pranav/00003_28_fixed_slice_2.h5
Using 7 Taylor terms and 2 Scaling & Squaring terms
Building graph:
Propagators initialized.
Operators weight initialized.
Intermediate propagation variables initialized.
Intermediate propagators initialized.
Vectors initialized.
Training loss initialized.
Optimizer initialized.
Utilities initialized.
Graph built!
Initialized
Error = :1.00e+00; Runtime: 0.2s; Iterations = 0, grads =   1.653e-06, unitary_metric = 1.00000
Error = :8.06e-01; Runtime: 2.3s; Iterations = 20, grads =   9.817e-03, unitary_metric = 1.00000
Error = :3.94e-01; Runtime: 4.1s; Iterations = 40, grads =   5.505e-03, unitary_metric = 0.99999
Error = :1.66e-01; Runtime: 5.9s; Iterations = 60, grads =   4.669e-03, unitary_metric = 0.99999
Error = :4.54e-02; Runtime: 7.7s; Iterations = 80, grads =   2.065e-03, unitary_metric = 0.99999
Error = :7.86e-03; Runtime: 9.5s; Iterations = 100, grads =   8.240e-04, unitary_metric = 0.99999
Error = :1.07e-03; Runtime: 11.4s; Iterations = 120, grads =   1.591e-03, unitary_metric = 0.99999
Error = :9.54e-04; Runtime: 11.5s; Iterations = 121, grads =   1.442e-03, unitary_metric = 0.99999
data saved at: /project/ftchong/qoc/pranav/00003_28_fixed_slice_2.h5


trying total_time: 4.65 for unitary of size (16, 16)
data saved at: /project/ftchong/qoc/pranav/00004_28_fixed_slice_2.h5
Using 7 Taylor terms and 2 Scaling & Squaring terms
Building graph:
Propagators initialized.
Operators weight initialized.
Intermediate propagation variables initialized.
Intermediate propagators initialized.
Vectors initialized.
Training loss initialized.
Optimizer initialized.
Utilities initialized.
Graph built!
Initialized
Error = :1.00e+00; Runtime: 0.2s; Iterations = 0, grads =   2.402e-07, unitary_metric = 1.00000
Error = :8.65e-01; Runtime: 1.9s; Iterations = 20, grads =   6.411e-03, unitary_metric = 1.00000
Error = :5.45e-01; Runtime: 3.4s; Iterations = 40, grads =   4.335e-03, unitary_metric = 1.00000
Error = :4.50e-01; Runtime: 4.9s; Iterations = 60, grads =   1.255e-03, unitary_metric = 0.99999
Error = :2.99e-01; Runtime: 6.4s; Iterations = 80, grads =   3.911e-03, unitary_metric = 1.00000
Error = :1.48e-01; Runtime: 7.9s; Iterations = 100, grads =   1.364e-03, unitary_metric = 0.99999
Error = :6.53e-02; Runtime: 9.6s; Iterations = 120, grads =   1.287e-03, unitary_metric = 0.99999
Error = :3.15e-02; Runtime: 11.1s; Iterations = 140, grads =   8.760e-04, unitary_metric = 0.99999
Error = :1.77e-02; Runtime: 12.6s; Iterations = 160, grads =   6.379e-04, unitary_metric = 0.99999
Error = :1.11e-02; Runtime: 14.1s; Iterations = 180, grads =   1.668e-04, unitary_metric = 0.99999
Error = :7.40e-03; Runtime: 15.6s; Iterations = 200, grads =   3.696e-05, unitary_metric = 0.99999
Error = :5.32e-03; Runtime: 17.2s; Iterations = 220, grads =   1.357e-03, unitary_metric = 0.99999
Error = :3.79e-03; Runtime: 18.7s; Iterations = 240, grads =   2.701e-04, unitary_metric = 0.99999
Error = :2.90e-03; Runtime: 20.2s; Iterations = 260, grads =   5.065e-04, unitary_metric = 0.99999
Error = :2.17e-03; Runtime: 21.7s; Iterations = 280, grads =   2.908e-04, unitary_metric = 0.99999
Error = :1.69e-03; Runtime: 23.2s; Iterations = 300, grads =   1.744e-04, unitary_metric = 0.99999
Error = :1.38e-03; Runtime: 24.9s; Iterations = 320, grads =   5.492e-04, unitary_metric = 0.99999
Error = :1.07e-03; Runtime: 26.4s; Iterations = 340, grads =   1.790e-04, unitary_metric = 0.99999
Error = :9.96e-04; Runtime: 26.9s; Iterations = 346, grads =   9.718e-05, unitary_metric = 0.99999
data saved at: /project/ftchong/qoc/pranav/00004_28_fixed_slice_2.h5


trying total_time: 4.2 for unitary of size (16, 16)
data saved at: /project/ftchong/qoc/pranav/00005_28_fixed_slice_2.h5
Using 7 Taylor terms and 2 Scaling & Squaring terms
Building graph:
Propagators initialized.
Operators weight initialized.
Intermediate propagation variables initialized.
Intermediate propagators initialized.
Vectors initialized.
Training loss initialized.
Optimizer initialized.
Utilities initialized.
Graph built!
Initialized
Error = :1.00e+00; Runtime: 0.1s; Iterations = 0, grads =   9.627e-08, unitary_metric = 1.00000
Error = :8.98e-01; Runtime: 1.8s; Iterations = 20, grads =   4.627e-03, unitary_metric = 1.00000
Error = :5.96e-01; Runtime: 3.1s; Iterations = 40, grads =   5.178e-03, unitary_metric = 1.00000
Error = :4.75e-01; Runtime: 4.5s; Iterations = 60, grads =   7.386e-04, unitary_metric = 0.99999
Error = :3.53e-01; Runtime: 5.8s; Iterations = 80, grads =   2.257e-03, unitary_metric = 1.00000
Error = :1.94e-01; Runtime: 7.2s; Iterations = 100, grads =   1.949e-03, unitary_metric = 0.99999
Error = :9.74e-02; Runtime: 8.7s; Iterations = 120, grads =   1.570e-03, unitary_metric = 0.99999
Error = :5.47e-02; Runtime: 10.0s; Iterations = 140, grads =   4.269e-04, unitary_metric = 0.99999
Error = :3.62e-02; Runtime: 11.4s; Iterations = 160, grads =   1.377e-04, unitary_metric = 1.00000
Error = :2.71e-02; Runtime: 12.7s; Iterations = 180, grads =   2.312e-04, unitary_metric = 1.00000
Error = :2.21e-02; Runtime: 14.1s; Iterations = 200, grads =   1.692e-04, unitary_metric = 1.00000
Error = :1.90e-02; Runtime: 15.6s; Iterations = 220, grads =   1.626e-04, unitary_metric = 0.99999
Error = :1.69e-02; Runtime: 16.9s; Iterations = 240, grads =   2.550e-04, unitary_metric = 0.99999
Error = :1.55e-02; Runtime: 18.3s; Iterations = 260, grads =   5.365e-04, unitary_metric = 0.99999
Error = :1.45e-02; Runtime: 19.6s; Iterations = 280, grads =   1.500e-03, unitary_metric = 0.99999
Error = :1.35e-02; Runtime: 21.0s; Iterations = 300, grads =   1.060e-04, unitary_metric = 0.99999
Error = :1.28e-02; Runtime: 22.5s; Iterations = 320, grads =   5.828e-05, unitary_metric = 0.99999
Error = :1.22e-02; Runtime: 23.8s; Iterations = 340, grads =   2.305e-05, unitary_metric = 0.99999
Error = :1.19e-02; Runtime: 25.2s; Iterations = 360, grads =   1.125e-03, unitary_metric = 0.99999
Error = :1.14e-02; Runtime: 26.5s; Iterations = 380, grads =   1.818e-04, unitary_metric = 0.99999
Error = :1.10e-02; Runtime: 27.9s; Iterations = 400, grads =   7.928e-06, unitary_metric = 0.99999
Error = :1.06e-02; Runtime: 29.4s; Iterations = 420, grads =   9.302e-05, unitary_metric = 0.99999
Error = :1.03e-02; Runtime: 30.8s; Iterations = 440, grads =   1.156e-04, unitary_metric = 0.99999
Error = :1.00e-02; Runtime: 32.1s; Iterations = 460, grads =   5.188e-04, unitary_metric = 0.99999
Error = :9.71e-03; Runtime: 33.5s; Iterations = 480, grads =   3.395e-04, unitary_metric = 0.99999
Error = :9.43e-03; Runtime: 34.8s; Iterations = 500, grads =   3.229e-05, unitary_metric = 0.99999
Error = :9.20e-03; Runtime: 36.3s; Iterations = 520, grads =   3.469e-06, unitary_metric = 0.99999
Error = :9.01e-03; Runtime: 37.7s; Iterations = 540, grads =   1.867e-06, unitary_metric = 0.99999
Error = :8.84e-03; Runtime: 39.0s; Iterations = 560, grads =   1.790e-05, unitary_metric = 0.99999
Error = :8.71e-03; Runtime: 40.4s; Iterations = 580, grads =   9.544e-05, unitary_metric = 0.99999
Error = :8.56e-03; Runtime: 41.7s; Iterations = 600, grads =   1.266e-04, unitary_metric = 0.99999
Error = :8.42e-03; Runtime: 43.2s; Iterations = 620, grads =   5.506e-05, unitary_metric = 0.99999
Error = :8.32e-03; Runtime: 44.6s; Iterations = 640, grads =   1.240e-04, unitary_metric = 0.99999
Error = :8.19e-03; Runtime: 45.9s; Iterations = 660, grads =   4.168e-05, unitary_metric = 0.99999
Error = :8.16e-03; Runtime: 47.3s; Iterations = 680, grads =   6.674e-04, unitary_metric = 0.99999
Error = :8.00e-03; Runtime: 48.6s; Iterations = 700, grads =   4.077e-06, unitary_metric = 0.99999
Error = :7.92e-03; Runtime: 50.1s; Iterations = 720, grads =   4.707e-05, unitary_metric = 0.99999
Error = :7.84e-03; Runtime: 51.5s; Iterations = 740, grads =   3.249e-06, unitary_metric = 0.99999
Error = :7.77e-03; Runtime: 52.8s; Iterations = 760, grads =   1.315e-05, unitary_metric = 0.99999
Error = :7.75e-03; Runtime: 54.2s; Iterations = 780, grads =   1.667e-04, unitary_metric = 0.99999
Error = :7.66e-03; Runtime: 55.5s; Iterations = 800, grads =   8.405e-05, unitary_metric = 0.99999
Error = :7.88e-03; Runtime: 57.0s; Iterations = 820, grads =   2.702e-03, unitary_metric = 0.99999
Error = :7.54e-03; Runtime: 58.4s; Iterations = 840, grads =   1.996e-04, unitary_metric = 0.99999
Error = :7.47e-03; Runtime: 59.7s; Iterations = 860, grads =   4.503e-05, unitary_metric = 1.00000
Error = :7.41e-03; Runtime: 61.1s; Iterations = 880, grads =   2.158e-06, unitary_metric = 0.99999
Error = :7.36e-03; Runtime: 62.4s; Iterations = 900, grads =   7.414e-06, unitary_metric = 0.99999
Error = :7.37e-03; Runtime: 63.9s; Iterations = 920, grads =   5.825e-04, unitary_metric = 0.99999
Error = :7.27e-03; Runtime: 65.3s; Iterations = 940, grads =   1.064e-04, unitary_metric = 1.00000
Error = :7.26e-03; Runtime: 66.6s; Iterations = 960, grads =   1.636e-04, unitary_metric = 1.00000
Error = :7.22e-03; Runtime: 68.0s; Iterations = 980, grads =   1.595e-04, unitary_metric = 0.99999
Error = :7.15e-03; Runtime: 69.3s; Iterations = 1000, grads =   1.119e-05, unitary_metric = 0.99999
Error = :7.11e-03; Runtime: 70.8s; Iterations = 1020, grads =   5.417e-07, unitary_metric = 0.99999
Error = :7.07e-03; Runtime: 72.2s; Iterations = 1040, grads =   2.314e-07, unitary_metric = 0.99999
Error = :7.04e-03; Runtime: 73.6s; Iterations = 1060, grads =   6.744e-07, unitary_metric = 0.99999
Error = :7.01e-03; Runtime: 74.9s; Iterations = 1080, grads =   1.971e-06, unitary_metric = 0.99999
Error = :7.13e-03; Runtime: 76.3s; Iterations = 1100, grads =   1.426e-03, unitary_metric = 0.99999
Error = :6.97e-03; Runtime: 77.8s; Iterations = 1120, grads =   1.685e-04, unitary_metric = 0.99999
Error = :6.92e-03; Runtime: 79.1s; Iterations = 1140, grads =   1.715e-05, unitary_metric = 0.99999
Error = :6.90e-03; Runtime: 80.5s; Iterations = 1160, grads =   3.322e-05, unitary_metric = 0.99999
Error = :7.04e-03; Runtime: 81.8s; Iterations = 1180, grads =   1.575e-03, unitary_metric = 0.99999
Error = :6.85e-03; Runtime: 83.2s; Iterations = 1200, grads =   1.307e-04, unitary_metric = 0.99999
Error = :6.81e-03; Runtime: 84.7s; Iterations = 1220, grads =   1.916e-05, unitary_metric = 0.99999
Error = :6.78e-03; Runtime: 86.0s; Iterations = 1240, grads =   1.569e-06, unitary_metric = 0.99999
Error = :6.75e-03; Runtime: 87.4s; Iterations = 1260, grads =   3.196e-07, unitary_metric = 0.99999
Error = :6.73e-03; Runtime: 88.8s; Iterations = 1280, grads =   4.071e-06, unitary_metric = 0.99999
Error = :6.70e-03; Runtime: 90.1s; Iterations = 1300, grads =   6.542e-06, unitary_metric = 0.99999
Error = :6.68e-03; Runtime: 91.6s; Iterations = 1320, grads =   2.114e-05, unitary_metric = 0.99999
Error = :6.66e-03; Runtime: 93.0s; Iterations = 1340, grads =   6.726e-05, unitary_metric = 0.99999
Error = :6.67e-03; Runtime: 94.3s; Iterations = 1360, grads =   3.591e-04, unitary_metric = 0.99999
Error = :6.61e-03; Runtime: 95.7s; Iterations = 1380, grads =   4.643e-05, unitary_metric = 0.99999
Error = :6.58e-03; Runtime: 97.0s; Iterations = 1400, grads =   1.829e-06, unitary_metric = 0.99999
Error = :6.56e-03; Runtime: 98.5s; Iterations = 1420, grads =   3.268e-05, unitary_metric = 0.99999
Error = :6.58e-03; Runtime: 99.9s; Iterations = 1440, grads =   4.535e-04, unitary_metric = 0.99999
Error = :6.51e-03; Runtime: 101.3s; Iterations = 1460, grads =   2.466e-05, unitary_metric = 0.99999
Error = :6.50e-03; Runtime: 102.6s; Iterations = 1480, grads =   2.245e-05, unitary_metric = 0.99999
Error = :6.48e-03; Runtime: 104.0s; Iterations = 1500, grads =   3.317e-05, unitary_metric = 0.99999
Error = :6.45e-03; Runtime: 105.5s; Iterations = 1520, grads =   1.553e-05, unitary_metric = 0.99999
Error = :6.43e-03; Runtime: 106.8s; Iterations = 1540, grads =   8.242e-07, unitary_metric = 0.99999
Error = :6.41e-03; Runtime: 108.2s; Iterations = 1560, grads =   1.438e-07, unitary_metric = 0.99999
Error = :6.39e-03; Runtime: 109.5s; Iterations = 1580, grads =   1.304e-06, unitary_metric = 0.99999
Error = :6.51e-03; Runtime: 110.9s; Iterations = 1600, grads =   1.241e-03, unitary_metric = 0.99999
Error = :6.35e-03; Runtime: 112.4s; Iterations = 1620, grads =   3.356e-06, unitary_metric = 0.99999
Error = :6.34e-03; Runtime: 113.7s; Iterations = 1640, grads =   1.126e-06, unitary_metric = 0.99999
Error = :6.32e-03; Runtime: 115.1s; Iterations = 1660, grads =   2.922e-06, unitary_metric = 0.99999
Error = :6.34e-03; Runtime: 116.4s; Iterations = 1680, grads =   1.507e-04, unitary_metric = 0.99999
Error = :6.32e-03; Runtime: 117.8s; Iterations = 1700, grads =   2.836e-04, unitary_metric = 0.99999
Error = :6.28e-03; Runtime: 119.3s; Iterations = 1720, grads =   7.689e-06, unitary_metric = 0.99999
Error = :6.27e-03; Runtime: 120.6s; Iterations = 1740, grads =   2.037e-05, unitary_metric = 0.99999
Error = :6.26e-03; Runtime: 122.0s; Iterations = 1760, grads =   8.425e-06, unitary_metric = 0.99999
Error = :6.25e-03; Runtime: 123.4s; Iterations = 1780, grads =   6.132e-07, unitary_metric = 0.99999
Error = :6.24e-03; Runtime: 124.7s; Iterations = 1800, grads =   1.636e-06, unitary_metric = 1.00000
Error = :6.24e-03; Runtime: 126.2s; Iterations = 1820, grads =   1.819e-06, unitary_metric = 0.99999
Error = :6.23e-03; Runtime: 127.6s; Iterations = 1840, grads =   3.127e-06, unitary_metric = 0.99999
Error = :6.23e-03; Runtime: 128.9s; Iterations = 1860, grads =   2.636e-05, unitary_metric = 0.99999
Error = :6.23e-03; Runtime: 130.3s; Iterations = 1880, grads =   3.083e-05, unitary_metric = 0.99999
Error = :6.25e-03; Runtime: 131.6s; Iterations = 1900, grads =   2.401e-04, unitary_metric = 0.99999
Error = :6.21e-03; Runtime: 133.2s; Iterations = 1920, grads =   5.653e-06, unitary_metric = 0.99999
Error = :6.22e-03; Runtime: 134.5s; Iterations = 1940, grads =   1.184e-04, unitary_metric = 0.99999
Error = :6.20e-03; Runtime: 135.9s; Iterations = 1960, grads =   1.263e-04, unitary_metric = 0.99999
Error = :6.17e-03; Runtime: 137.3s; Iterations = 1980, grads =   1.924e-06, unitary_metric = 0.99999
Error = :6.13e-03; Runtime: 138.6s; Iterations = 2000, grads =   3.642e-07, unitary_metric = 0.99999
Error = :6.09e-03; Runtime: 140.1s; Iterations = 2020, grads =   2.568e-07, unitary_metric = 0.99999
Error = :6.05e-03; Runtime: 141.5s; Iterations = 2040, grads =   2.708e-07, unitary_metric = 0.99999
Error = :6.01e-03; Runtime: 142.8s; Iterations = 2060, grads =   2.686e-06, unitary_metric = 0.99999
Error = :5.97e-03; Runtime: 144.2s; Iterations = 2080, grads =   8.408e-06, unitary_metric = 0.99999
Error = :5.93e-03; Runtime: 145.5s; Iterations = 2100, grads =   9.063e-06, unitary_metric = 0.99999
Error = :5.90e-03; Runtime: 147.0s; Iterations = 2120, grads =   3.245e-06, unitary_metric = 1.00000
Error = :5.87e-03; Runtime: 148.4s; Iterations = 2140, grads =   1.763e-06, unitary_metric = 0.99999
Error = :5.85e-03; Runtime: 149.8s; Iterations = 2160, grads =   1.194e-05, unitary_metric = 0.99999
Error = :5.91e-03; Runtime: 151.1s; Iterations = 2180, grads =   7.606e-04, unitary_metric = 0.99999
Error = :5.82e-03; Runtime: 152.5s; Iterations = 2200, grads =   1.451e-04, unitary_metric = 0.99999
Error = :5.78e-03; Runtime: 154.0s; Iterations = 2220, grads =   1.242e-05, unitary_metric = 0.99999
Error = :5.76e-03; Runtime: 155.3s; Iterations = 2240, grads =   1.054e-05, unitary_metric = 0.99999
Error = :5.75e-03; Runtime: 156.7s; Iterations = 2260, grads =   3.367e-05, unitary_metric = 0.99999
Error = :5.72e-03; Runtime: 158.0s; Iterations = 2280, grads =   1.869e-05, unitary_metric = 0.99999
Error = :5.70e-03; Runtime: 159.4s; Iterations = 2300, grads =   2.345e-05, unitary_metric = 0.99999
Error = :5.67e-03; Runtime: 160.9s; Iterations = 2320, grads =   1.386e-05, unitary_metric = 0.99999
Error = :5.65e-03; Runtime: 162.3s; Iterations = 2340, grads =   1.665e-05, unitary_metric = 0.99999
Error = :5.62e-03; Runtime: 163.6s; Iterations = 2360, grads =   8.684e-06, unitary_metric = 0.99999
Error = :5.60e-03; Runtime: 165.0s; Iterations = 2380, grads =   4.192e-06, unitary_metric = 0.99999
Error = :5.58e-03; Runtime: 166.4s; Iterations = 2400, grads =   2.003e-05, unitary_metric = 0.99999
Error = :5.55e-03; Runtime: 167.8s; Iterations = 2420, grads =   1.130e-05, unitary_metric = 0.99999
Error = :5.53e-03; Runtime: 169.2s; Iterations = 2440, grads =   1.279e-06, unitary_metric = 0.99999
Error = :5.51e-03; Runtime: 170.6s; Iterations = 2460, grads =   1.951e-05, unitary_metric = 0.99999
Error = :5.48e-03; Runtime: 171.9s; Iterations = 2480, grads =   2.169e-05, unitary_metric = 0.99999
Error = :5.50e-03; Runtime: 173.3s; Iterations = 2500, grads =   3.684e-04, unitary_metric = 0.99999
Error = :5.44e-03; Runtime: 174.8s; Iterations = 2520, grads =   2.852e-05, unitary_metric = 0.99999
Error = :5.42e-03; Runtime: 176.1s; Iterations = 2540, grads =   5.588e-06, unitary_metric = 0.99999
Error = :5.40e-03; Runtime: 177.5s; Iterations = 2560, grads =   7.234e-07, unitary_metric = 0.99999
Error = :5.38e-03; Runtime: 178.9s; Iterations = 2580, grads =   3.386e-07, unitary_metric = 0.99999
Error = :5.37e-03; Runtime: 180.2s; Iterations = 2600, grads =   3.638e-05, unitary_metric = 0.99999
Error = :5.35e-03; Runtime: 181.7s; Iterations = 2620, grads =   6.029e-07, unitary_metric = 0.99999
Error = :5.33e-03; Runtime: 183.0s; Iterations = 2640, grads =   4.823e-07, unitary_metric = 0.99999
Error = :5.32e-03; Runtime: 184.4s; Iterations = 2660, grads =   1.991e-07, unitary_metric = 0.99999
Error = :5.30e-03; Runtime: 185.7s; Iterations = 2680, grads =   1.607e-07, unitary_metric = 0.99999
Error = :5.29e-03; Runtime: 187.0s; Iterations = 2700, grads =   2.935e-07, unitary_metric = 0.99999
Error = :5.29e-03; Runtime: 188.5s; Iterations = 2720, grads =   1.477e-04, unitary_metric = 0.99999
Error = :5.26e-03; Runtime: 189.9s; Iterations = 2740, grads =   1.098e-05, unitary_metric = 0.99999
Error = :5.25e-03; Runtime: 191.2s; Iterations = 2760, grads =   9.503e-05, unitary_metric = 0.99999
Error = :5.23e-03; Runtime: 192.6s; Iterations = 2780, grads =   8.596e-06, unitary_metric = 0.99999
Error = :5.22e-03; Runtime: 193.9s; Iterations = 2800, grads =   1.348e-05, unitary_metric = 0.99999
Error = :5.21e-03; Runtime: 195.4s; Iterations = 2820, grads =   1.119e-05, unitary_metric = 0.99999
Error = :5.19e-03; Runtime: 196.8s; Iterations = 2840, grads =   7.590e-07, unitary_metric = 0.99999
Error = :5.18e-03; Runtime: 198.1s; Iterations = 2860, grads =   6.508e-08, unitary_metric = 0.99999
Error = :5.17e-03; Runtime: 199.5s; Iterations = 2880, grads =   8.372e-08, unitary_metric = 0.99999
Error = :5.16e-03; Runtime: 200.8s; Iterations = 2900, grads =   4.889e-08, unitary_metric = 0.99999
Error = :5.15e-03; Runtime: 202.3s; Iterations = 2920, grads =   9.120e-08, unitary_metric = 0.99999
Error = :5.14e-03; Runtime: 203.6s; Iterations = 2940, grads =   6.647e-08, unitary_metric = 0.99999
Error = :5.13e-03; Runtime: 205.0s; Iterations = 2960, grads =   6.279e-08, unitary_metric = 0.99999
Error = :5.12e-03; Runtime: 206.3s; Iterations = 2980, grads =   1.446e-07, unitary_metric = 0.99999
Error = :5.11e-03; Runtime: 207.7s; Iterations = 3000, grads =   2.362e-05, unitary_metric = 0.99999
Error = :5.10e-03; Runtime: 209.2s; Iterations = 3020, grads =   4.423e-05, unitary_metric = 0.99999
Error = :5.09e-03; Runtime: 210.5s; Iterations = 3040, grads =   9.292e-06, unitary_metric = 0.99999
Error = :5.08e-03; Runtime: 211.9s; Iterations = 3060, grads =   4.902e-06, unitary_metric = 0.99999
Error = :5.09e-03; Runtime: 213.2s; Iterations = 3080, grads =   1.771e-04, unitary_metric = 0.99999
Error = :5.06e-03; Runtime: 214.6s; Iterations = 3100, grads =   1.574e-06, unitary_metric = 0.99999
Error = :5.05e-03; Runtime: 216.0s; Iterations = 3120, grads =   1.114e-06, unitary_metric = 0.99999
Error = :5.04e-03; Runtime: 217.4s; Iterations = 3140, grads =   7.607e-07, unitary_metric = 0.99999
Error = :5.04e-03; Runtime: 218.7s; Iterations = 3160, grads =   1.161e-06, unitary_metric = 0.99999
Error = :5.03e-03; Runtime: 220.1s; Iterations = 3180, grads =   1.849e-07, unitary_metric = 0.99999
Error = :5.02e-03; Runtime: 221.4s; Iterations = 3200, grads =   1.492e-06, unitary_metric = 0.99999
Error = :5.01e-03; Runtime: 222.9s; Iterations = 3220, grads =   2.556e-07, unitary_metric = 0.99999
Error = :5.01e-03; Runtime: 224.3s; Iterations = 3240, grads =   2.955e-06, unitary_metric = 0.99999
Error = :5.03e-03; Runtime: 225.6s; Iterations = 3260, grads =   2.333e-04, unitary_metric = 0.99999
Error = :4.99e-03; Runtime: 227.0s; Iterations = 3280, grads =   2.167e-05, unitary_metric = 0.99999
Error = :4.99e-03; Runtime: 228.3s; Iterations = 3300, grads =   2.437e-05, unitary_metric = 0.99999
Error = :4.98e-03; Runtime: 229.8s; Iterations = 3320, grads =   5.835e-05, unitary_metric = 0.99999
Error = :4.97e-03; Runtime: 231.1s; Iterations = 3340, grads =   1.358e-05, unitary_metric = 0.99999
Error = :4.97e-03; Runtime: 232.5s; Iterations = 3360, grads =   8.477e-07, unitary_metric = 0.99999
Error = :4.96e-03; Runtime: 233.8s; Iterations = 3380, grads =   8.115e-07, unitary_metric = 0.99999
Error = :4.95e-03; Runtime: 235.2s; Iterations = 3400, grads =   8.675e-08, unitary_metric = 0.99999
Error = :4.95e-03; Runtime: 236.7s; Iterations = 3420, grads =   7.369e-07, unitary_metric = 0.99999
Error = :4.94e-03; Runtime: 238.0s; Iterations = 3440, grads =   8.418e-07, unitary_metric = 0.99999
Error = :4.93e-03; Runtime: 239.4s; Iterations = 3460, grads =   7.299e-07, unitary_metric = 0.99999
Error = :4.93e-03; Runtime: 240.7s; Iterations = 3480, grads =   1.737e-05, unitary_metric = 0.99999
Error = :4.93e-03; Runtime: 242.1s; Iterations = 3500, grads =   2.287e-05, unitary_metric = 0.99999
Error = :4.93e-03; Runtime: 243.5s; Iterations = 3520, grads =   1.096e-04, unitary_metric = 0.99999
Error = :4.91e-03; Runtime: 244.9s; Iterations = 3540, grads =   6.051e-06, unitary_metric = 0.99999
Error = :4.91e-03; Runtime: 246.2s; Iterations = 3560, grads =   2.118e-06, unitary_metric = 0.99999
Error = :4.90e-03; Runtime: 247.6s; Iterations = 3580, grads =   1.268e-06, unitary_metric = 0.99999
Error = :4.90e-03; Runtime: 248.9s; Iterations = 3600, grads =   5.660e-05, unitary_metric = 0.99999
Error = :4.89e-03; Runtime: 250.4s; Iterations = 3620, grads =   1.738e-05, unitary_metric = 0.99999
Error = :4.89e-03; Runtime: 251.8s; Iterations = 3640, grads =   3.420e-06, unitary_metric = 0.99999
Error = :4.88e-03; Runtime: 253.1s; Iterations = 3660, grads =   1.055e-06, unitary_metric = 0.99999
Error = :4.88e-03; Runtime: 254.5s; Iterations = 3680, grads =   1.781e-07, unitary_metric = 0.99999
Error = :4.87e-03; Runtime: 255.8s; Iterations = 3700, grads =   8.461e-08, unitary_metric = 0.99999
Error = :4.87e-03; Runtime: 257.3s; Iterations = 3720, grads =   9.724e-08, unitary_metric = 0.99999
Error = :4.86e-03; Runtime: 258.7s; Iterations = 3740, grads =   6.299e-07, unitary_metric = 0.99999
Error = :4.87e-03; Runtime: 260.0s; Iterations = 3760, grads =   5.069e-05, unitary_metric = 0.99999
Error = :4.86e-03; Runtime: 261.4s; Iterations = 3780, grads =   6.012e-05, unitary_metric = 0.99999
Error = :4.85e-03; Runtime: 262.7s; Iterations = 3800, grads =   2.294e-06, unitary_metric = 0.99999
Error = :4.85e-03; Runtime: 264.2s; Iterations = 3820, grads =   6.263e-07, unitary_metric = 0.99999
Error = :4.84e-03; Runtime: 265.6s; Iterations = 3840, grads =   5.701e-07, unitary_metric = 0.99999
Error = :4.84e-03; Runtime: 266.9s; Iterations = 3860, grads =   5.799e-08, unitary_metric = 0.99999
Error = :4.83e-03; Runtime: 268.3s; Iterations = 3880, grads =   3.414e-07, unitary_metric = 0.99999
Error = :4.83e-03; Runtime: 269.6s; Iterations = 3900, grads =   1.232e-05, unitary_metric = 0.99999
Error = :4.83e-03; Runtime: 271.1s; Iterations = 3920, grads =   2.594e-06, unitary_metric = 0.99999
Error = :4.82e-03; Runtime: 272.4s; Iterations = 3940, grads =   1.021e-06, unitary_metric = 0.99999
Error = :4.82e-03; Runtime: 273.8s; Iterations = 3960, grads =   7.185e-07, unitary_metric = 0.99999
Error = :4.82e-03; Runtime: 275.1s; Iterations = 3980, grads =   5.179e-08, unitary_metric = 0.99999
Error = :4.81e-03; Runtime: 276.5s; Iterations = 4000, grads =   6.614e-08, unitary_metric = 0.99999
Error = :4.81e-03; Runtime: 278.0s; Iterations = 4020, grads =   2.013e-06, unitary_metric = 0.99999
Error = :4.81e-03; Runtime: 279.3s; Iterations = 4040, grads =   1.021e-05, unitary_metric = 0.99999
Error = :4.80e-03; Runtime: 280.7s; Iterations = 4060, grads =   1.099e-05, unitary_metric = 0.99999
Error = :4.80e-03; Runtime: 282.0s; Iterations = 4080, grads =   6.503e-06, unitary_metric = 0.99999
Error = :4.79e-03; Runtime: 283.4s; Iterations = 4100, grads =   1.611e-06, unitary_metric = 0.99999
Error = :4.79e-03; Runtime: 284.8s; Iterations = 4120, grads =   1.140e-05, unitary_metric = 0.99999
Error = :4.79e-03; Runtime: 286.2s; Iterations = 4140, grads =   1.855e-05, unitary_metric = 0.99999
Error = :4.78e-03; Runtime: 287.5s; Iterations = 4160, grads =   3.263e-06, unitary_metric = 0.99999
Error = :4.78e-03; Runtime: 288.9s; Iterations = 4180, grads =   5.069e-07, unitary_metric = 0.99999
Error = :4.78e-03; Runtime: 290.2s; Iterations = 4200, grads =   8.599e-08, unitary_metric = 0.99999
Error = :4.77e-03; Runtime: 291.7s; Iterations = 4220, grads =   2.967e-08, unitary_metric = 0.99999
Error = :4.77e-03; Runtime: 293.1s; Iterations = 4240, grads =   1.143e-07, unitary_metric = 0.99999
Error = :4.77e-03; Runtime: 294.4s; Iterations = 4260, grads =   6.711e-06, unitary_metric = 0.99999
Error = :4.77e-03; Runtime: 295.8s; Iterations = 4280, grads =   9.923e-07, unitary_metric = 0.99999
Error = :4.76e-03; Runtime: 297.1s; Iterations = 4300, grads =   2.829e-06, unitary_metric = 0.99999
Error = :4.76e-03; Runtime: 298.6s; Iterations = 4320, grads =   6.880e-07, unitary_metric = 0.99999
Error = :4.76e-03; Runtime: 300.0s; Iterations = 4340, grads =   6.549e-08, unitary_metric = 0.99999
Error = :4.75e-03; Runtime: 301.3s; Iterations = 4360, grads =   9.564e-08, unitary_metric = 0.99999
Error = :4.75e-03; Runtime: 302.7s; Iterations = 4380, grads =   6.614e-06, unitary_metric = 0.99999
Error = :4.75e-03; Runtime: 304.0s; Iterations = 4400, grads =   9.745e-06, unitary_metric = 0.99999
Error = :4.75e-03; Runtime: 305.5s; Iterations = 4420, grads =   1.423e-05, unitary_metric = 0.99999
Error = :4.74e-03; Runtime: 306.8s; Iterations = 4440, grads =   1.508e-06, unitary_metric = 0.99999
Error = :4.74e-03; Runtime: 308.2s; Iterations = 4460, grads =   2.199e-06, unitary_metric = 0.99999
Error = :4.74e-03; Runtime: 309.5s; Iterations = 4480, grads =   2.074e-05, unitary_metric = 0.99999
Error = :4.74e-03; Runtime: 310.9s; Iterations = 4500, grads =   2.089e-05, unitary_metric = 0.99999
Error = :4.73e-03; Runtime: 312.4s; Iterations = 4520, grads =   1.876e-06, unitary_metric = 0.99999
Error = :4.73e-03; Runtime: 313.7s; Iterations = 4540, grads =   4.013e-08, unitary_metric = 0.99999
Error = :4.73e-03; Runtime: 315.1s; Iterations = 4560, grads =   6.240e-08, unitary_metric = 0.99999
Error = :4.72e-03; Runtime: 316.4s; Iterations = 4580, grads =   4.411e-08, unitary_metric = 0.99999
Error = :4.72e-03; Runtime: 317.8s; Iterations = 4600, grads =   3.176e-08, unitary_metric = 0.99999
Error = :4.72e-03; Runtime: 319.3s; Iterations = 4620, grads =   9.107e-08, unitary_metric = 0.99999
Error = :4.72e-03; Runtime: 320.6s; Iterations = 4640, grads =   5.298e-06, unitary_metric = 0.99999
Error = :4.72e-03; Runtime: 322.0s; Iterations = 4660, grads =   3.836e-07, unitary_metric = 0.99999
Error = :4.71e-03; Runtime: 323.3s; Iterations = 4680, grads =   1.625e-06, unitary_metric = 0.99999
Error = :4.71e-03; Runtime: 324.7s; Iterations = 4700, grads =   6.484e-07, unitary_metric = 0.99999
Error = :4.71e-03; Runtime: 326.6s; Iterations = 4720, grads =   3.863e-05, unitary_metric = 0.99999
Error = :4.71e-03; Runtime: 327.9s; Iterations = 4740, grads =   5.045e-06, unitary_metric = 0.99999
Error = :4.70e-03; Runtime: 329.2s; Iterations = 4760, grads =   6.305e-08, unitary_metric = 0.99999
Error = :4.70e-03; Runtime: 330.6s; Iterations = 4780, grads =   4.863e-06, unitary_metric = 0.99999
Error = :4.70e-03; Runtime: 331.9s; Iterations = 4800, grads =   1.168e-05, unitary_metric = 0.99999
Error = :4.70e-03; Runtime: 333.4s; Iterations = 4820, grads =   3.695e-06, unitary_metric = 0.99999
Error = :4.69e-03; Runtime: 334.8s; Iterations = 4840, grads =   3.254e-07, unitary_metric = 0.99999
Error = :4.69e-03; Runtime: 336.1s; Iterations = 4860, grads =   2.664e-07, unitary_metric = 0.99999
Error = :4.69e-03; Runtime: 337.5s; Iterations = 4880, grads =   2.694e-05, unitary_metric = 0.99999
Error = :4.69e-03; Runtime: 338.8s; Iterations = 4900, grads =   1.171e-05, unitary_metric = 0.99999
Error = :4.69e-03; Runtime: 340.3s; Iterations = 4920, grads =   7.295e-07, unitary_metric = 0.99999
Error = :4.68e-03; Runtime: 341.6s; Iterations = 4940, grads =   3.434e-07, unitary_metric = 0.99999
Error = :4.68e-03; Runtime: 343.0s; Iterations = 4960, grads =   3.182e-07, unitary_metric = 0.99999
Error = :4.68e-03; Runtime: 344.3s; Iterations = 4980, grads =   3.683e-06, unitary_metric = 0.99999
Error = :4.68e-03; Runtime: 345.7s; Iterations = 5000, grads =   4.349e-06, unitary_metric = 0.99999
Error = :4.68e-03; Runtime: 347.2s; Iterations = 5020, grads =   3.979e-06, unitary_metric = 0.99999
Error = :4.67e-03; Runtime: 348.5s; Iterations = 5040, grads =   3.314e-06, unitary_metric = 0.99999
Error = :4.67e-03; Runtime: 349.9s; Iterations = 5060, grads =   3.813e-06, unitary_metric = 0.99999
Error = :4.67e-03; Runtime: 351.2s; Iterations = 5080, grads =   6.361e-06, unitary_metric = 0.99999
Error = :4.67e-03; Runtime: 352.6s; Iterations = 5100, grads =   1.177e-06, unitary_metric = 0.99999
Error = :4.67e-03; Runtime: 354.1s; Iterations = 5120, grads =   3.581e-07, unitary_metric = 0.99999
Error = :4.67e-03; Runtime: 355.4s; Iterations = 5140, grads =   1.017e-06, unitary_metric = 0.99999
Error = :4.67e-03; Runtime: 356.8s; Iterations = 5160, grads =   4.361e-05, unitary_metric = 0.99999
Error = :4.66e-03; Runtime: 358.1s; Iterations = 5180, grads =   1.688e-06, unitary_metric = 0.99999
Error = :4.66e-03; Runtime: 359.5s; Iterations = 5200, grads =   1.892e-07, unitary_metric = 0.99999
Error = :4.66e-03; Runtime: 361.0s; Iterations = 5220, grads =   3.876e-05, unitary_metric = 0.99999
Error = :4.66e-03; Runtime: 362.3s; Iterations = 5240, grads =   5.898e-07, unitary_metric = 1.00000
Error = :4.66e-03; Runtime: 363.7s; Iterations = 5260, grads =   5.103e-06, unitary_metric = 0.99999
Error = :4.66e-03; Runtime: 365.0s; Iterations = 5280, grads =   7.009e-07, unitary_metric = 0.99999
Error = :4.65e-03; Runtime: 366.4s; Iterations = 5300, grads =   7.728e-08, unitary_metric = 0.99999
Error = :4.65e-03; Runtime: 367.9s; Iterations = 5320, grads =   3.313e-08, unitary_metric = 0.99999
Error = :4.65e-03; Runtime: 369.2s; Iterations = 5340, grads =   8.666e-08, unitary_metric = 0.99999
Error = :4.65e-03; Runtime: 370.6s; Iterations = 5360, grads =   7.370e-06, unitary_metric = 1.00000
Error = :4.65e-03; Runtime: 371.9s; Iterations = 5380, grads =   3.516e-06, unitary_metric = 0.99999
Error = :4.64e-03; Runtime: 373.3s; Iterations = 5400, grads =   2.740e-07, unitary_metric = 1.00000
Error = :4.65e-03; Runtime: 374.7s; Iterations = 5420, grads =   2.307e-07, unitary_metric = 0.99999
Error = :4.64e-03; Runtime: 376.1s; Iterations = 5440, grads =   2.205e-08, unitary_metric = 0.99999
Error = :4.64e-03; Runtime: 377.4s; Iterations = 5460, grads =   5.430e-07, unitary_metric = 1.00000
Error = :4.64e-03; Runtime: 378.8s; Iterations = 5480, grads =   4.195e-05, unitary_metric = 0.99999
Error = :4.64e-03; Runtime: 380.1s; Iterations = 5500, grads =   2.727e-06, unitary_metric = 0.99999
Error = :4.64e-03; Runtime: 381.6s; Iterations = 5520, grads =   1.668e-07, unitary_metric = 0.99999
Error = :4.64e-03; Runtime: 383.0s; Iterations = 5540, grads =   6.891e-08, unitary_metric = 0.99999
Error = :4.64e-03; Runtime: 384.3s; Iterations = 5560, grads =   1.948e-06, unitary_metric = 0.99999
Error = :4.63e-03; Runtime: 385.6s; Iterations = 5580, grads =   4.795e-06, unitary_metric = 0.99999
Error = :4.63e-03; Runtime: 387.0s; Iterations = 5600, grads =   1.956e-06, unitary_metric = 0.99999
Error = :4.63e-03; Runtime: 388.5s; Iterations = 5620, grads =   3.291e-07, unitary_metric = 1.00000
Error = :4.63e-03; Runtime: 389.9s; Iterations = 5640, grads =   1.268e-08, unitary_metric = 0.99999
Error = :4.63e-03; Runtime: 391.2s; Iterations = 5660, grads =   1.217e-08, unitary_metric = 0.99999
Error = :4.63e-03; Runtime: 392.6s; Iterations = 5680, grads =   2.144e-08, unitary_metric = 0.99999
Error = :4.63e-03; Runtime: 393.9s; Iterations = 5700, grads =   2.110e-06, unitary_metric = 0.99999
Error = :4.63e-03; Runtime: 395.4s; Iterations = 5720, grads =   1.275e-06, unitary_metric = 1.00000
Error = :4.63e-03; Runtime: 396.7s; Iterations = 5740, grads =   7.276e-07, unitary_metric = 0.99999
Error = :4.63e-03; Runtime: 398.1s; Iterations = 5760, grads =   2.338e-07, unitary_metric = 0.99999
Error = :4.62e-03; Runtime: 399.4s; Iterations = 5780, grads =   4.577e-06, unitary_metric = 0.99999
Error = :4.62e-03; Runtime: 400.8s; Iterations = 5800, grads =   6.784e-08, unitary_metric = 0.99999
Error = :4.62e-03; Runtime: 402.3s; Iterations = 5820, grads =   1.150e-06, unitary_metric = 0.99999
Error = :4.62e-03; Runtime: 403.6s; Iterations = 5840, grads =   1.463e-08, unitary_metric = 0.99999
Error = :4.62e-03; Runtime: 405.0s; Iterations = 5860, grads =   3.073e-08, unitary_metric = 0.99999
Error = :4.62e-03; Runtime: 406.3s; Iterations = 5880, grads =   1.867e-08, unitary_metric = 1.00000
Error = :4.62e-03; Runtime: 407.7s; Iterations = 5900, grads =   1.207e-08, unitary_metric = 0.99999
Error = :4.62e-03; Runtime: 409.1s; Iterations = 5920, grads =   1.320e-08, unitary_metric = 1.00000
Error = :4.62e-03; Runtime: 410.5s; Iterations = 5940, grads =   1.123e-07, unitary_metric = 0.99999
Error = :4.62e-03; Runtime: 411.8s; Iterations = 5960, grads =   1.969e-05, unitary_metric = 0.99999
Error = :4.62e-03; Runtime: 413.2s; Iterations = 5980, grads =   3.790e-05, unitary_metric = 0.99999
Error = :4.62e-03; Runtime: 414.5s; Iterations = 6000, grads =   9.261e-06, unitary_metric = 1.00000
data saved at: /project/ftchong/qoc/pranav/00005_28_fixed_slice_2.h5


trying total_time: 4.4 for unitary of size (16, 16)
data saved at: /project/ftchong/qoc/pranav/00006_28_fixed_slice_2.h5
Using 7 Taylor terms and 2 Scaling & Squaring terms
Building graph:
Propagators initialized.
Operators weight initialized.
Intermediate propagation variables initialized.
Intermediate propagators initialized.
Vectors initialized.
Training loss initialized.
Optimizer initialized.
Utilities initialized.
Graph built!
Initialized
Error = :1.00e+00; Runtime: 0.2s; Iterations = 0, grads =   1.780e-08, unitary_metric = 1.00000
Error = :8.84e-01; Runtime: 1.8s; Iterations = 20, grads =   5.641e-03, unitary_metric = 1.00000
Error = :5.72e-01; Runtime: 3.2s; Iterations = 40, grads =   4.448e-03, unitary_metric = 1.00000
Error = :4.66e-01; Runtime: 4.6s; Iterations = 60, grads =   8.489e-04, unitary_metric = 0.99999
Error = :3.11e-01; Runtime: 6.1s; Iterations = 80, grads =   5.260e-03, unitary_metric = 0.99999
Error = :1.56e-01; Runtime: 7.5s; Iterations = 100, grads =   2.681e-03, unitary_metric = 0.99999
Error = :7.48e-02; Runtime: 9.0s; Iterations = 120, grads =   1.200e-03, unitary_metric = 0.99999
Error = :4.02e-02; Runtime: 10.4s; Iterations = 140, grads =   6.214e-04, unitary_metric = 0.99999
Error = :2.50e-02; Runtime: 11.8s; Iterations = 160, grads =   4.698e-04, unitary_metric = 0.99999
Error = :1.76e-02; Runtime: 13.3s; Iterations = 180, grads =   2.213e-03, unitary_metric = 0.99999
Error = :1.30e-02; Runtime: 14.7s; Iterations = 200, grads =   3.398e-04, unitary_metric = 0.99999
Error = :1.01e-02; Runtime: 16.2s; Iterations = 220, grads =   1.044e-04, unitary_metric = 0.99999
Error = :8.27e-03; Runtime: 17.6s; Iterations = 240, grads =   1.259e-03, unitary_metric = 0.99999
Error = :6.89e-03; Runtime: 19.0s; Iterations = 260, grads =   1.703e-03, unitary_metric = 0.99999
Error = :5.62e-03; Runtime: 20.4s; Iterations = 280, grads =   1.616e-04, unitary_metric = 0.99999
Error = :4.81e-03; Runtime: 21.8s; Iterations = 300, grads =   5.798e-05, unitary_metric = 0.99999
Error = :4.23e-03; Runtime: 23.4s; Iterations = 320, grads =   1.114e-04, unitary_metric = 0.99999
Error = :4.09e-03; Runtime: 24.8s; Iterations = 340, grads =   3.260e-03, unitary_metric = 0.99999
Error = :3.45e-03; Runtime: 26.2s; Iterations = 360, grads =   6.435e-04, unitary_metric = 0.99999
Error = :3.12e-03; Runtime: 27.6s; Iterations = 380, grads =   1.080e-04, unitary_metric = 0.99999
Error = :2.88e-03; Runtime: 29.0s; Iterations = 400, grads =   1.429e-05, unitary_metric = 0.99999
Error = :2.68e-03; Runtime: 30.6s; Iterations = 420, grads =   1.203e-05, unitary_metric = 1.00000
Error = :2.83e-03; Runtime: 32.0s; Iterations = 440, grads =   2.844e-03, unitary_metric = 0.99999
Error = :2.43e-03; Runtime: 33.4s; Iterations = 460, grads =   2.698e-04, unitary_metric = 0.99999
Error = :2.29e-03; Runtime: 34.8s; Iterations = 480, grads =   2.118e-04, unitary_metric = 0.99999
Error = :2.23e-03; Runtime: 36.2s; Iterations = 500, grads =   7.090e-04, unitary_metric = 0.99999
Error = :2.06e-03; Runtime: 37.8s; Iterations = 520, grads =   4.364e-05, unitary_metric = 0.99999
Error = :1.97e-03; Runtime: 39.2s; Iterations = 540, grads =   1.113e-05, unitary_metric = 0.99999
Error = :1.96e-03; Runtime: 40.6s; Iterations = 560, grads =   3.343e-04, unitary_metric = 0.99999
Error = :1.83e-03; Runtime: 42.0s; Iterations = 580, grads =   6.912e-05, unitary_metric = 0.99999
Error = :1.87e-03; Runtime: 43.4s; Iterations = 600, grads =   1.297e-03, unitary_metric = 0.99999
Error = :1.69e-03; Runtime: 45.0s; Iterations = 620, grads =   1.326e-04, unitary_metric = 0.99999
Error = :1.62e-03; Runtime: 46.4s; Iterations = 640, grads =   9.735e-05, unitary_metric = 0.99999
Error = :1.73e-03; Runtime: 47.8s; Iterations = 660, grads =   1.712e-03, unitary_metric = 0.99999
Error = :1.56e-03; Runtime: 49.2s; Iterations = 680, grads =   4.801e-04, unitary_metric = 0.99999
Error = :1.46e-03; Runtime: 50.6s; Iterations = 700, grads =   8.812e-05, unitary_metric = 0.99999
Error = :1.41e-03; Runtime: 52.1s; Iterations = 720, grads =   5.273e-05, unitary_metric = 0.99999
Error = :1.36e-03; Runtime: 53.5s; Iterations = 740, grads =   5.222e-05, unitary_metric = 0.99999
Error = :1.33e-03; Runtime: 54.9s; Iterations = 760, grads =   6.485e-05, unitary_metric = 0.99999
Error = :1.27e-03; Runtime: 56.3s; Iterations = 780, grads =   1.246e-05, unitary_metric = 0.99999
Error = :1.24e-03; Runtime: 57.7s; Iterations = 800, grads =   8.135e-07, unitary_metric = 0.99999
Error = :1.20e-03; Runtime: 59.3s; Iterations = 820, grads =   2.118e-06, unitary_metric = 0.99999
Error = :1.17e-03; Runtime: 60.7s; Iterations = 840, grads =   4.542e-06, unitary_metric = 0.99999
Error = :1.14e-03; Runtime: 62.1s; Iterations = 860, grads =   2.063e-05, unitary_metric = 0.99999
Error = :1.17e-03; Runtime: 63.5s; Iterations = 880, grads =   5.267e-04, unitary_metric = 0.99999
Error = :1.09e-03; Runtime: 64.9s; Iterations = 900, grads =   4.922e-05, unitary_metric = 0.99999
Error = :1.18e-03; Runtime: 66.5s; Iterations = 920, grads =   1.070e-03, unitary_metric = 0.99999
Error = :1.04e-03; Runtime: 67.9s; Iterations = 940, grads =   1.436e-06, unitary_metric = 0.99999
Error = :1.03e-03; Runtime: 69.3s; Iterations = 960, grads =   5.808e-05, unitary_metric = 0.99999
Error = :1.00e-03; Runtime: 70.7s; Iterations = 980, grads =   6.517e-07, unitary_metric = 0.99999
Error = :1.00e-03; Runtime: 71.0s; Iterations = 985, grads =   2.613e-06, unitary_metric = 0.99999
data saved at: /project/ftchong/qoc/pranav/00006_28_fixed_slice_2.h5


^^^SHORTEST TIME was 4.4
