Running Array Job:  34
Experiment 3Reg N=8 p=3 slice=5


trying total_time: 45.0 for unitary of size (4, 4)
data saved at: /project/ftchong/qoc/yongshan/00000_31_3regN8p3_slice_5.h5
Using 4 Taylor terms and 3 Scaling & Squaring terms
Building graph:
Propagators initialized.
Operators weight initialized.
Intermediate propagation variables initialized.
Intermediate propagators initialized.
Vectors initialized.
Training loss initialized.
Optimizer initialized.
Utilities initialized.
Graph built!
Initialized
Error = :9.39e-01; Runtime: 1.4s; Iterations = 0, grads =   1.830e-02, unitary_metric = 1.00012
Error = :1.54e-01; Runtime: 10.2s; Iterations = 20, grads =   6.809e+00, unitary_metric = 1.00010
Error = :1.00e-01; Runtime: 16.6s; Iterations = 40, grads =   3.271e+00, unitary_metric = 1.00009
Error = :7.01e-03; Runtime: 23.0s; Iterations = 60, grads =   1.797e-01, unitary_metric = 1.00003
Error = :7.73e-04; Runtime: 29.1s; Iterations = 79, grads =   1.374e-02, unitary_metric = 1.00004
data saved at: /project/ftchong/qoc/yongshan/00000_31_3regN8p3_slice_5.h5


trying total_time: 22.5 for unitary of size (4, 4)
data saved at: /project/ftchong/qoc/yongshan/00001_31_3regN8p3_slice_5.h5
Using 4 Taylor terms and 3 Scaling & Squaring terms
Building graph:
Propagators initialized.
Operators weight initialized.
Intermediate propagation variables initialized.
Intermediate propagators initialized.
Vectors initialized.
Training loss initialized.
Optimizer initialized.
Utilities initialized.
Graph built!
Initialized
Error = :9.39e-01; Runtime: 0.6s; Iterations = 0, grads =   1.305e-02, unitary_metric = 1.00002
Error = :1.17e-01; Runtime: 4.6s; Iterations = 20, grads =   2.187e+00, unitary_metric = 1.00003
Error = :7.09e-02; Runtime: 7.6s; Iterations = 40, grads =   2.003e-01, unitary_metric = 1.00003
Error = :6.72e-02; Runtime: 10.6s; Iterations = 60, grads =   3.688e-02, unitary_metric = 1.00002
Error = :6.65e-02; Runtime: 13.6s; Iterations = 80, grads =   5.334e-03, unitary_metric = 1.00002
Error = :6.64e-02; Runtime: 16.6s; Iterations = 100, grads =   6.558e-04, unitary_metric = 1.00003
Error = :6.62e-02; Runtime: 20.1s; Iterations = 120, grads =   3.640e-05, unitary_metric = 1.00003
Error = :6.51e-02; Runtime: 23.1s; Iterations = 140, grads =   1.418e-05, unitary_metric = 1.00002
Error = :7.71e-03; Runtime: 26.0s; Iterations = 160, grads =   2.326e-03, unitary_metric = 1.00000
Error = :2.46e-03; Runtime: 29.0s; Iterations = 180, grads =   1.071e-03, unitary_metric = 1.00001
Error = :9.12e-04; Runtime: 29.6s; Iterations = 184, grads =   4.333e-04, unitary_metric = 1.00001
data saved at: /project/ftchong/qoc/yongshan/00001_31_3regN8p3_slice_5.h5


trying total_time: 11.25 for unitary of size (4, 4)
data saved at: /project/ftchong/qoc/yongshan/00002_31_3regN8p3_slice_5.h5
Using 6 Taylor terms and 1 Scaling & Squaring terms
Building graph:
Propagators initialized.
Operators weight initialized.
Intermediate propagation variables initialized.
Intermediate propagators initialized.
Vectors initialized.
Training loss initialized.
Optimizer initialized.
Utilities initialized.
Graph built!
Initialized
Error = :9.43e-01; Runtime: 0.3s; Iterations = 0, grads =   1.320e-02, unitary_metric = 1.00000
Error = :9.59e-02; Runtime: 2.4s; Iterations = 20, grads =   6.579e-01, unitary_metric = 1.00000
Error = :7.42e-02; Runtime: 3.9s; Iterations = 40, grads =   1.782e-01, unitary_metric = 1.00000
Error = :6.72e-02; Runtime: 5.4s; Iterations = 60, grads =   1.702e-02, unitary_metric = 1.00000
Error = :6.66e-02; Runtime: 6.9s; Iterations = 80, grads =   4.345e-03, unitary_metric = 1.00000
Error = :6.64e-02; Runtime: 8.4s; Iterations = 100, grads =   5.822e-04, unitary_metric = 1.00000
Error = :6.63e-02; Runtime: 10.1s; Iterations = 120, grads =   4.622e-05, unitary_metric = 1.00000
Error = :6.28e-02; Runtime: 11.6s; Iterations = 140, grads =   1.407e-04, unitary_metric = 1.00000
Error = :7.44e-03; Runtime: 13.1s; Iterations = 160, grads =   1.235e-03, unitary_metric = 0.99999
Error = :1.21e-03; Runtime: 14.7s; Iterations = 180, grads =   2.547e-04, unitary_metric = 0.99999
Error = :8.81e-04; Runtime: 14.7s; Iterations = 181, grads =   1.649e-04, unitary_metric = 0.99999
data saved at: /project/ftchong/qoc/yongshan/00002_31_3regN8p3_slice_5.h5


trying total_time: 5.6 for unitary of size (4, 4)
data saved at: /project/ftchong/qoc/yongshan/00003_31_3regN8p3_slice_5.h5
Using 6 Taylor terms and 1 Scaling & Squaring terms
Building graph:
Propagators initialized.
Operators weight initialized.
Intermediate propagation variables initialized.
Intermediate propagators initialized.
Vectors initialized.
Training loss initialized.
Optimizer initialized.
Utilities initialized.
Graph built!
Initialized
Error = :9.42e-01; Runtime: 0.2s; Iterations = 0, grads =   4.804e-03, unitary_metric = 1.00000
Error = :9.34e-01; Runtime: 1.3s; Iterations = 20, grads =   6.404e-04, unitary_metric = 1.00000
Error = :9.34e-01; Runtime: 2.0s; Iterations = 40, grads =   8.825e-05, unitary_metric = 1.00000
Error = :9.34e-01; Runtime: 2.7s; Iterations = 60, grads =   9.852e-07, unitary_metric = 1.00000
Error = :9.34e-01; Runtime: 3.5s; Iterations = 80, grads =   1.247e-06, unitary_metric = 1.00000
Error = :9.34e-01; Runtime: 4.2s; Iterations = 100, grads =   1.927e-07, unitary_metric = 1.00000
Error = :9.34e-01; Runtime: 5.1s; Iterations = 120, grads =   1.393e-08, unitary_metric = 1.00000
Error = :9.34e-01; Runtime: 5.9s; Iterations = 140, grads =   4.055e-10, unitary_metric = 1.00000
Error = :9.34e-01; Runtime: 6.6s; Iterations = 160, grads =   4.128e-10, unitary_metric = 1.00000
Error = :9.34e-01; Runtime: 7.4s; Iterations = 180, grads =   1.595e-11, unitary_metric = 1.00000
Error = :9.34e-01; Runtime: 8.1s; Iterations = 200, grads =   1.926e-12, unitary_metric = 1.00000
Error = :9.34e-01; Runtime: 9.0s; Iterations = 220, grads =   2.284e-12, unitary_metric = 1.00000
Error = :9.34e-01; Runtime: 9.7s; Iterations = 240, grads =   7.670e-13, unitary_metric = 1.00000
Error = :9.34e-01; Runtime: 10.5s; Iterations = 260, grads =   2.212e-12, unitary_metric = 1.00000
Error = :9.34e-01; Runtime: 11.2s; Iterations = 280, grads =   4.361e-13, unitary_metric = 1.00000
Error = :9.34e-01; Runtime: 12.0s; Iterations = 300, grads =   6.758e-13, unitary_metric = 1.00000
Error = :9.34e-01; Runtime: 12.9s; Iterations = 320, grads =   8.770e-13, unitary_metric = 1.00000
Error = :9.34e-01; Runtime: 13.6s; Iterations = 340, grads =   6.547e-13, unitary_metric = 1.00000
Error = :9.34e-01; Runtime: 14.4s; Iterations = 360, grads =   1.690e-12, unitary_metric = 1.00000
Error = :9.34e-01; Runtime: 15.1s; Iterations = 380, grads =   9.746e-13, unitary_metric = 1.00000
Error = :9.34e-01; Runtime: 15.8s; Iterations = 400, grads =   2.968e-12, unitary_metric = 1.00000
Error = :9.34e-01; Runtime: 16.7s; Iterations = 420, grads =   4.740e-12, unitary_metric = 1.00000
Error = :9.34e-01; Runtime: 17.5s; Iterations = 440, grads =   3.833e-12, unitary_metric = 1.00000
Error = :9.34e-01; Runtime: 18.2s; Iterations = 460, grads =   4.508e-12, unitary_metric = 1.00000
Error = :9.34e-01; Runtime: 19.0s; Iterations = 480, grads =   8.195e-12, unitary_metric = 1.00000
Error = :9.34e-01; Runtime: 19.7s; Iterations = 500, grads =   1.501e-11, unitary_metric = 1.00000
Error = :9.34e-01; Runtime: 20.6s; Iterations = 520, grads =   3.291e-11, unitary_metric = 1.00000
Error = :9.34e-01; Runtime: 21.4s; Iterations = 540, grads =   9.657e-11, unitary_metric = 1.00000
Error = :9.34e-01; Runtime: 22.1s; Iterations = 560, grads =   3.799e-10, unitary_metric = 1.00000
Error = :9.34e-01; Runtime: 22.8s; Iterations = 580, grads =   3.264e-09, unitary_metric = 1.00000
Error = :9.33e-01; Runtime: 23.6s; Iterations = 600, grads =   2.504e-07, unitary_metric = 1.00000
Error = :7.76e-01; Runtime: 24.5s; Iterations = 620, grads =   1.105e-02, unitary_metric = 1.00000
Error = :1.47e-01; Runtime: 25.2s; Iterations = 640, grads =   6.976e-03, unitary_metric = 1.00000
Error = :5.89e-02; Runtime: 26.0s; Iterations = 660, grads =   7.703e-04, unitary_metric = 1.00000
Error = :4.03e-02; Runtime: 26.7s; Iterations = 680, grads =   1.783e-04, unitary_metric = 1.00000
Error = :3.18e-02; Runtime: 27.5s; Iterations = 700, grads =   3.592e-05, unitary_metric = 1.00000
Error = :2.74e-02; Runtime: 28.3s; Iterations = 720, grads =   1.756e-05, unitary_metric = 1.00000
Error = :2.48e-02; Runtime: 29.1s; Iterations = 740, grads =   1.040e-05, unitary_metric = 1.00000
Error = :2.30e-02; Runtime: 29.8s; Iterations = 760, grads =   7.925e-06, unitary_metric = 1.00000
Error = :2.16e-02; Runtime: 30.6s; Iterations = 780, grads =   6.092e-06, unitary_metric = 1.00000
Error = :2.06e-02; Runtime: 31.3s; Iterations = 800, grads =   4.595e-06, unitary_metric = 0.99999
Error = :1.98e-02; Runtime: 32.2s; Iterations = 820, grads =   3.504e-06, unitary_metric = 1.00000
Error = :1.92e-02; Runtime: 33.0s; Iterations = 840, grads =   2.766e-06, unitary_metric = 1.00000
Error = :1.87e-02; Runtime: 33.7s; Iterations = 860, grads =   2.287e-06, unitary_metric = 1.00000
Error = :1.83e-02; Runtime: 34.5s; Iterations = 880, grads =   1.971e-06, unitary_metric = 1.00000
Error = :1.79e-02; Runtime: 35.2s; Iterations = 900, grads =   1.755e-06, unitary_metric = 1.00000
Error = :1.76e-02; Runtime: 36.1s; Iterations = 920, grads =   1.604e-06, unitary_metric = 1.00000
Error = :1.72e-02; Runtime: 36.8s; Iterations = 940, grads =   1.489e-06, unitary_metric = 1.00000
Error = :1.69e-02; Runtime: 37.6s; Iterations = 960, grads =   1.393e-06, unitary_metric = 1.00000
Error = :1.66e-02; Runtime: 38.4s; Iterations = 980, grads =   1.301e-06, unitary_metric = 1.00000
Error = :1.64e-02; Runtime: 39.1s; Iterations = 1000, grads =   1.207e-06, unitary_metric = 1.00000
Error = :1.61e-02; Runtime: 40.0s; Iterations = 1020, grads =   1.106e-06, unitary_metric = 1.00000
Error = :1.59e-02; Runtime: 40.7s; Iterations = 1040, grads =   1.001e-06, unitary_metric = 1.00000
Error = :1.57e-02; Runtime: 41.5s; Iterations = 1060, grads =   8.969e-07, unitary_metric = 1.00000
Error = :1.55e-02; Runtime: 42.2s; Iterations = 1080, grads =   8.019e-07, unitary_metric = 1.00000
Error = :1.53e-02; Runtime: 43.0s; Iterations = 1100, grads =   7.186e-07, unitary_metric = 1.00000
Error = :1.52e-02; Runtime: 43.9s; Iterations = 1120, grads =   6.463e-07, unitary_metric = 1.00000
Error = :1.51e-02; Runtime: 44.6s; Iterations = 1140, grads =   5.831e-07, unitary_metric = 1.00000
Error = :1.49e-02; Runtime: 45.4s; Iterations = 1160, grads =   5.274e-07, unitary_metric = 1.00000
Error = :1.48e-02; Runtime: 46.1s; Iterations = 1180, grads =   4.780e-07, unitary_metric = 1.00000
Error = :1.47e-02; Runtime: 46.9s; Iterations = 1200, grads =   4.345e-07, unitary_metric = 1.00000
Error = :1.46e-02; Runtime: 47.7s; Iterations = 1220, grads =   3.965e-07, unitary_metric = 1.00000
Error = :1.45e-02; Runtime: 48.5s; Iterations = 1240, grads =   3.631e-07, unitary_metric = 1.00000
Error = :1.45e-02; Runtime: 49.2s; Iterations = 1260, grads =   3.339e-07, unitary_metric = 1.00000
Error = :1.44e-02; Runtime: 50.0s; Iterations = 1280, grads =   3.082e-07, unitary_metric = 1.00000
Error = :1.43e-02; Runtime: 50.7s; Iterations = 1300, grads =   2.856e-07, unitary_metric = 1.00000
Error = :1.43e-02; Runtime: 51.6s; Iterations = 1320, grads =   2.657e-07, unitary_metric = 1.00000
Error = :1.42e-02; Runtime: 52.4s; Iterations = 1340, grads =   2.478e-07, unitary_metric = 1.00000
Error = :1.41e-02; Runtime: 53.1s; Iterations = 1360, grads =   2.318e-07, unitary_metric = 1.00000
Error = :1.41e-02; Runtime: 53.9s; Iterations = 1380, grads =   2.172e-07, unitary_metric = 1.00000
Error = :1.40e-02; Runtime: 54.6s; Iterations = 1400, grads =   2.040e-07, unitary_metric = 1.00000
Error = :1.40e-02; Runtime: 55.5s; Iterations = 1420, grads =   1.918e-07, unitary_metric = 1.00000
Error = :1.39e-02; Runtime: 56.2s; Iterations = 1440, grads =   1.808e-07, unitary_metric = 1.00000
Error = :1.39e-02; Runtime: 57.0s; Iterations = 1460, grads =   1.704e-07, unitary_metric = 1.00000
Error = :1.39e-02; Runtime: 57.7s; Iterations = 1480, grads =   1.609e-07, unitary_metric = 1.00000
Error = :1.38e-02; Runtime: 58.5s; Iterations = 1500, grads =   1.523e-07, unitary_metric = 1.00000
Error = :1.38e-02; Runtime: 59.4s; Iterations = 1520, grads =   1.443e-07, unitary_metric = 1.00000
Error = :1.37e-02; Runtime: 60.1s; Iterations = 1540, grads =   1.369e-07, unitary_metric = 1.00000
Error = :1.37e-02; Runtime: 60.9s; Iterations = 1560, grads =   1.301e-07, unitary_metric = 1.00000
Error = :1.37e-02; Runtime: 61.6s; Iterations = 1580, grads =   1.239e-07, unitary_metric = 1.00000
Error = :1.36e-02; Runtime: 62.4s; Iterations = 1600, grads =   1.183e-07, unitary_metric = 1.00000
Error = :1.36e-02; Runtime: 63.2s; Iterations = 1620, grads =   1.131e-07, unitary_metric = 1.00000
Error = :1.36e-02; Runtime: 64.0s; Iterations = 1640, grads =   1.083e-07, unitary_metric = 1.00000
Error = :1.36e-02; Runtime: 64.7s; Iterations = 1660, grads =   1.040e-07, unitary_metric = 1.00000
Error = :1.35e-02; Runtime: 65.5s; Iterations = 1680, grads =   1.000e-07, unitary_metric = 1.00000
Error = :1.35e-02; Runtime: 66.2s; Iterations = 1700, grads =   9.641e-08, unitary_metric = 1.00000
Error = :1.35e-02; Runtime: 67.1s; Iterations = 1720, grads =   9.298e-08, unitary_metric = 1.00000
Error = :1.35e-02; Runtime: 67.9s; Iterations = 1740, grads =   8.996e-08, unitary_metric = 1.00000
Error = :1.34e-02; Runtime: 68.6s; Iterations = 1760, grads =   8.711e-08, unitary_metric = 1.00000
Error = :1.34e-02; Runtime: 69.4s; Iterations = 1780, grads =   8.452e-08, unitary_metric = 1.00000
Error = :1.34e-02; Runtime: 70.1s; Iterations = 1800, grads =   8.211e-08, unitary_metric = 1.00000
Error = :1.34e-02; Runtime: 71.0s; Iterations = 1820, grads =   7.987e-08, unitary_metric = 1.00000
Error = :1.34e-02; Runtime: 71.7s; Iterations = 1840, grads =   7.789e-08, unitary_metric = 1.00000
Error = :1.33e-02; Runtime: 72.5s; Iterations = 1860, grads =   7.579e-08, unitary_metric = 1.00000
Error = :1.33e-02; Runtime: 73.2s; Iterations = 1880, grads =   7.392e-08, unitary_metric = 1.00000
Error = :1.33e-02; Runtime: 74.0s; Iterations = 1900, grads =   7.220e-08, unitary_metric = 1.00000
Error = :1.33e-02; Runtime: 74.9s; Iterations = 1920, grads =   7.046e-08, unitary_metric = 1.00000
Error = :1.33e-02; Runtime: 75.6s; Iterations = 1940, grads =   6.905e-08, unitary_metric = 1.00000
Error = :1.33e-02; Runtime: 76.3s; Iterations = 1960, grads =   6.722e-08, unitary_metric = 1.00000
Error = :1.33e-02; Runtime: 77.1s; Iterations = 1980, grads =   6.555e-08, unitary_metric = 1.00000
Error = :1.32e-02; Runtime: 77.8s; Iterations = 2000, grads =   6.401e-08, unitary_metric = 1.00000
Error = :1.32e-02; Runtime: 78.8s; Iterations = 2020, grads =   6.297e-08, unitary_metric = 1.00000
Error = :1.32e-02; Runtime: 79.5s; Iterations = 2040, grads =   6.122e-08, unitary_metric = 1.00000
Error = :1.32e-02; Runtime: 80.3s; Iterations = 2060, grads =   5.996e-08, unitary_metric = 1.00000
Error = :1.32e-02; Runtime: 81.0s; Iterations = 2080, grads =   6.270e-08, unitary_metric = 1.00000
Error = :1.32e-02; Runtime: 81.8s; Iterations = 2100, grads =   1.237e-06, unitary_metric = 1.00000
Error = :1.32e-02; Runtime: 82.7s; Iterations = 2120, grads =   7.334e-06, unitary_metric = 1.00000
Error = :1.32e-02; Runtime: 83.4s; Iterations = 2140, grads =   5.279e-07, unitary_metric = 1.00000
Error = :1.32e-02; Runtime: 84.2s; Iterations = 2160, grads =   6.059e-07, unitary_metric = 1.00000
Error = :1.32e-02; Runtime: 84.9s; Iterations = 2180, grads =   1.456e-07, unitary_metric = 1.00000
Error = :1.32e-02; Runtime: 85.7s; Iterations = 2200, grads =   6.687e-08, unitary_metric = 1.00000
Error = :1.32e-02; Runtime: 86.5s; Iterations = 2220, grads =   6.548e-08, unitary_metric = 1.00000
Error = :1.32e-02; Runtime: 87.3s; Iterations = 2240, grads =   7.135e-08, unitary_metric = 1.00000
Error = :1.33e-02; Runtime: 88.0s; Iterations = 2260, grads =   8.052e-08, unitary_metric = 1.00000
Error = :1.33e-02; Runtime: 88.8s; Iterations = 2280, grads =   9.530e-08, unitary_metric = 1.00000
Error = :1.34e-02; Runtime: 89.5s; Iterations = 2300, grads =   1.214e-07, unitary_metric = 1.00000
Error = :1.34e-02; Runtime: 90.4s; Iterations = 2320, grads =   2.458e-07, unitary_metric = 1.00000
Error = :1.35e-02; Runtime: 91.1s; Iterations = 2340, grads =   1.805e-05, unitary_metric = 1.00000
Error = :1.35e-02; Runtime: 91.9s; Iterations = 2360, grads =   1.749e-05, unitary_metric = 1.00000
Error = :1.36e-02; Runtime: 92.7s; Iterations = 2380, grads =   2.479e-06, unitary_metric = 1.00000
Error = :1.36e-02; Runtime: 93.4s; Iterations = 2400, grads =   6.343e-07, unitary_metric = 1.00000
Error = :1.36e-02; Runtime: 94.3s; Iterations = 2420, grads =   5.951e-07, unitary_metric = 1.00000
Error = :1.36e-02; Runtime: 95.1s; Iterations = 2440, grads =   6.114e-07, unitary_metric = 1.00000
Error = :1.36e-02; Runtime: 95.8s; Iterations = 2460, grads =   5.534e-07, unitary_metric = 1.00000
Error = :1.35e-02; Runtime: 96.6s; Iterations = 2480, grads =   4.593e-07, unitary_metric = 1.00000
Error = :1.34e-02; Runtime: 97.3s; Iterations = 2500, grads =   3.624e-07, unitary_metric = 1.00000
Error = :1.33e-02; Runtime: 98.2s; Iterations = 2520, grads =   2.969e-07, unitary_metric = 1.00000
Error = :1.33e-02; Runtime: 98.9s; Iterations = 2540, grads =   8.962e-07, unitary_metric = 1.00000
Error = :1.33e-02; Runtime: 99.7s; Iterations = 2560, grads =   5.958e-05, unitary_metric = 1.00000
Error = :1.32e-02; Runtime: 100.4s; Iterations = 2580, grads =   1.982e-06, unitary_metric = 1.00000
Error = :1.32e-02; Runtime: 101.2s; Iterations = 2600, grads =   1.425e-07, unitary_metric = 1.00000
Error = :1.31e-02; Runtime: 102.0s; Iterations = 2620, grads =   2.155e-07, unitary_metric = 1.00000
Error = :1.31e-02; Runtime: 102.8s; Iterations = 2640, grads =   1.157e-07, unitary_metric = 1.00000
Error = :1.31e-02; Runtime: 103.5s; Iterations = 2660, grads =   1.047e-07, unitary_metric = 1.00000
Error = :1.30e-02; Runtime: 104.3s; Iterations = 2680, grads =   9.560e-08, unitary_metric = 1.00000
Error = :1.30e-02; Runtime: 105.0s; Iterations = 2700, grads =   8.776e-08, unitary_metric = 1.00000
Error = :1.30e-02; Runtime: 105.9s; Iterations = 2720, grads =   8.455e-08, unitary_metric = 1.00000
Error = :1.30e-02; Runtime: 106.6s; Iterations = 2740, grads =   2.264e-07, unitary_metric = 1.00000
Error = :1.30e-02; Runtime: 107.4s; Iterations = 2760, grads =   2.197e-05, unitary_metric = 1.00000
Error = :1.30e-02; Runtime: 108.1s; Iterations = 2780, grads =   1.251e-05, unitary_metric = 1.00000
Error = :1.29e-02; Runtime: 108.9s; Iterations = 2800, grads =   1.468e-06, unitary_metric = 1.00000
Error = :1.29e-02; Runtime: 109.8s; Iterations = 2820, grads =   7.856e-08, unitary_metric = 1.00000
Error = :1.29e-02; Runtime: 110.5s; Iterations = 2840, grads =   7.855e-08, unitary_metric = 1.00000
Error = :1.29e-02; Runtime: 111.2s; Iterations = 2860, grads =   5.406e-08, unitary_metric = 1.00000
Error = :1.29e-02; Runtime: 112.0s; Iterations = 2880, grads =   5.176e-08, unitary_metric = 1.00000
Error = :1.29e-02; Runtime: 112.7s; Iterations = 2900, grads =   5.271e-08, unitary_metric = 1.00000
Error = :1.29e-02; Runtime: 113.6s; Iterations = 2920, grads =   5.408e-08, unitary_metric = 1.00000
Error = :1.29e-02; Runtime: 114.3s; Iterations = 2940, grads =   1.172e-07, unitary_metric = 1.00000
Error = :1.29e-02; Runtime: 115.1s; Iterations = 2960, grads =   7.582e-06, unitary_metric = 1.00000
Error = :1.28e-02; Runtime: 115.8s; Iterations = 2980, grads =   6.954e-06, unitary_metric = 1.00000
Error = :1.28e-02; Runtime: 116.6s; Iterations = 3000, grads =   9.206e-08, unitary_metric = 1.00000
Error = :1.28e-02; Runtime: 117.5s; Iterations = 3020, grads =   1.394e-07, unitary_metric = 1.00000
Error = :1.28e-02; Runtime: 118.2s; Iterations = 3040, grads =   7.344e-08, unitary_metric = 1.00000
Error = :1.28e-02; Runtime: 119.0s; Iterations = 3060, grads =   4.246e-08, unitary_metric = 1.00000
Error = :1.28e-02; Runtime: 119.7s; Iterations = 3080, grads =   3.861e-08, unitary_metric = 1.00000
Error = :1.28e-02; Runtime: 120.5s; Iterations = 3100, grads =   3.775e-08, unitary_metric = 1.00000
Error = :1.28e-02; Runtime: 121.3s; Iterations = 3120, grads =   4.117e-08, unitary_metric = 1.00000
Error = :1.28e-02; Runtime: 122.1s; Iterations = 3140, grads =   1.192e-07, unitary_metric = 1.00000
Error = :1.28e-02; Runtime: 122.8s; Iterations = 3160, grads =   4.998e-06, unitary_metric = 1.00000
Error = :1.28e-02; Runtime: 123.6s; Iterations = 3180, grads =   1.317e-07, unitary_metric = 1.00000
Error = :1.28e-02; Runtime: 124.3s; Iterations = 3200, grads =   1.931e-06, unitary_metric = 1.00000
Error = :1.28e-02; Runtime: 125.2s; Iterations = 3220, grads =   3.591e-08, unitary_metric = 1.00000
Error = :1.28e-02; Runtime: 125.9s; Iterations = 3240, grads =   5.877e-08, unitary_metric = 1.00000
Error = :1.28e-02; Runtime: 126.7s; Iterations = 3260, grads =   3.273e-08, unitary_metric = 1.00000
Error = :1.28e-02; Runtime: 127.4s; Iterations = 3280, grads =   2.981e-08, unitary_metric = 1.00000
Error = :1.28e-02; Runtime: 128.2s; Iterations = 3300, grads =   2.853e-08, unitary_metric = 1.00000
Error = :1.28e-02; Runtime: 129.1s; Iterations = 3320, grads =   5.109e-08, unitary_metric = 1.00000
Error = :1.28e-02; Runtime: 129.8s; Iterations = 3340, grads =   3.128e-06, unitary_metric = 1.00000
Error = :1.28e-02; Runtime: 130.6s; Iterations = 3360, grads =   7.343e-08, unitary_metric = 1.00000
Error = :1.28e-02; Runtime: 131.3s; Iterations = 3380, grads =   4.658e-07, unitary_metric = 1.00000
Error = :1.28e-02; Runtime: 132.1s; Iterations = 3400, grads =   2.415e-07, unitary_metric = 1.00000
Error = :1.28e-02; Runtime: 133.0s; Iterations = 3420, grads =   7.424e-08, unitary_metric = 1.00000
Error = :1.28e-02; Runtime: 133.7s; Iterations = 3440, grads =   2.327e-08, unitary_metric = 1.00000
Error = :1.28e-02; Runtime: 134.5s; Iterations = 3460, grads =   2.289e-08, unitary_metric = 1.00000
Error = :1.28e-02; Runtime: 135.2s; Iterations = 3480, grads =   2.326e-08, unitary_metric = 1.00000
Error = :1.28e-02; Runtime: 136.0s; Iterations = 3500, grads =   2.625e-08, unitary_metric = 1.00000
Error = :1.28e-02; Runtime: 136.8s; Iterations = 3520, grads =   2.460e-08, unitary_metric = 1.00000
Error = :1.27e-02; Runtime: 137.6s; Iterations = 3540, grads =   8.014e-08, unitary_metric = 1.00000
Error = :1.28e-02; Runtime: 138.3s; Iterations = 3560, grads =   5.769e-06, unitary_metric = 1.00000
Error = :1.28e-02; Runtime: 139.1s; Iterations = 3580, grads =   1.050e-06, unitary_metric = 1.00000
Error = :1.28e-02; Runtime: 139.8s; Iterations = 3600, grads =   9.604e-07, unitary_metric = 1.00000
Error = :1.27e-02; Runtime: 140.7s; Iterations = 3620, grads =   9.186e-08, unitary_metric = 1.00000
Error = :1.27e-02; Runtime: 141.4s; Iterations = 3640, grads =   4.532e-08, unitary_metric = 1.00000
Error = :1.27e-02; Runtime: 142.2s; Iterations = 3660, grads =   2.036e-08, unitary_metric = 1.00000
Error = :1.27e-02; Runtime: 142.9s; Iterations = 3680, grads =   2.343e-08, unitary_metric = 1.00000
Error = :1.28e-02; Runtime: 143.7s; Iterations = 3700, grads =   2.272e-08, unitary_metric = 1.00000
Error = :1.28e-02; Runtime: 144.6s; Iterations = 3720, grads =   5.706e-08, unitary_metric = 1.00000
Error = :1.28e-02; Runtime: 145.3s; Iterations = 3740, grads =   2.609e-06, unitary_metric = 1.00000
Error = :1.28e-02; Runtime: 146.1s; Iterations = 3760, grads =   2.956e-06, unitary_metric = 1.00000
Error = :1.27e-02; Runtime: 146.8s; Iterations = 3780, grads =   1.868e-06, unitary_metric = 1.00000
Error = :1.27e-02; Runtime: 147.5s; Iterations = 3800, grads =   1.763e-08, unitary_metric = 1.00000
Error = :1.28e-02; Runtime: 148.4s; Iterations = 3820, grads =   5.692e-08, unitary_metric = 1.00000
Error = :1.28e-02; Runtime: 149.2s; Iterations = 3840, grads =   2.702e-08, unitary_metric = 1.00000
Error = :1.28e-02; Runtime: 149.9s; Iterations = 3860, grads =   1.901e-08, unitary_metric = 1.00000
Error = :1.27e-02; Runtime: 150.7s; Iterations = 3880, grads =   2.579e-08, unitary_metric = 1.00000
Error = :1.27e-02; Runtime: 151.4s; Iterations = 3900, grads =   7.739e-08, unitary_metric = 1.00000
Error = :1.27e-02; Runtime: 152.3s; Iterations = 3920, grads =   2.518e-06, unitary_metric = 1.00000
Error = :1.28e-02; Runtime: 153.0s; Iterations = 3940, grads =   3.818e-06, unitary_metric = 1.00000
Error = :1.27e-02; Runtime: 153.8s; Iterations = 3960, grads =   1.122e-06, unitary_metric = 1.00000
Error = :1.28e-02; Runtime: 154.6s; Iterations = 3980, grads =   1.485e-07, unitary_metric = 1.00000
Error = :1.27e-02; Runtime: 155.3s; Iterations = 4000, grads =   1.591e-08, unitary_metric = 1.00000
Error = :1.28e-02; Runtime: 156.2s; Iterations = 4020, grads =   1.578e-08, unitary_metric = 1.00000
Error = :1.27e-02; Runtime: 156.9s; Iterations = 4040, grads =   1.624e-08, unitary_metric = 1.00000
Error = :1.27e-02; Runtime: 157.7s; Iterations = 4060, grads =   2.663e-08, unitary_metric = 1.00000
Error = :1.27e-02; Runtime: 158.4s; Iterations = 4080, grads =   2.543e-07, unitary_metric = 1.00000
Error = :1.28e-02; Runtime: 159.2s; Iterations = 4100, grads =   1.759e-05, unitary_metric = 1.00000
Error = :1.28e-02; Runtime: 160.1s; Iterations = 4120, grads =   4.686e-06, unitary_metric = 1.00000
Error = :1.27e-02; Runtime: 160.8s; Iterations = 4140, grads =   2.537e-07, unitary_metric = 1.00000
Error = :1.27e-02; Runtime: 161.6s; Iterations = 4160, grads =   7.992e-08, unitary_metric = 1.00000
Error = :1.27e-02; Runtime: 162.3s; Iterations = 4180, grads =   1.826e-08, unitary_metric = 1.00000
Error = :1.27e-02; Runtime: 163.1s; Iterations = 4200, grads =   1.655e-08, unitary_metric = 1.00000
Error = :1.27e-02; Runtime: 164.0s; Iterations = 4220, grads =   1.646e-08, unitary_metric = 1.00000
Error = :1.27e-02; Runtime: 164.7s; Iterations = 4240, grads =   2.309e-08, unitary_metric = 1.00000
Error = :1.27e-02; Runtime: 165.5s; Iterations = 4260, grads =   2.757e-08, unitary_metric = 1.00000
Error = :1.27e-02; Runtime: 166.2s; Iterations = 4280, grads =   1.174e-06, unitary_metric = 1.00000
Error = :1.27e-02; Runtime: 166.9s; Iterations = 4300, grads =   9.959e-06, unitary_metric = 1.00000
Error = :1.27e-02; Runtime: 167.8s; Iterations = 4320, grads =   2.335e-06, unitary_metric = 1.00000
Error = :1.27e-02; Runtime: 168.6s; Iterations = 4340, grads =   3.045e-07, unitary_metric = 1.00000
Error = :1.27e-02; Runtime: 169.4s; Iterations = 4360, grads =   1.660e-08, unitary_metric = 1.00000
Error = :1.27e-02; Runtime: 170.1s; Iterations = 4380, grads =   2.245e-08, unitary_metric = 1.00000
Error = :1.27e-02; Runtime: 170.9s; Iterations = 4400, grads =   1.783e-08, unitary_metric = 1.00000
Error = :1.27e-02; Runtime: 171.7s; Iterations = 4420, grads =   1.793e-08, unitary_metric = 1.00000
Error = :1.27e-02; Runtime: 172.5s; Iterations = 4440, grads =   1.743e-08, unitary_metric = 1.00000
Error = :1.27e-02; Runtime: 173.2s; Iterations = 4460, grads =   2.800e-08, unitary_metric = 1.00000
Error = :1.27e-02; Runtime: 174.0s; Iterations = 4480, grads =   1.285e-07, unitary_metric = 1.00000
Error = :1.27e-02; Runtime: 174.7s; Iterations = 4500, grads =   7.004e-06, unitary_metric = 1.00000
Error = :1.27e-02; Runtime: 175.6s; Iterations = 4520, grads =   3.005e-06, unitary_metric = 1.00000
Error = :1.27e-02; Runtime: 176.3s; Iterations = 4540, grads =   3.657e-07, unitary_metric = 1.00000
Error = :1.27e-02; Runtime: 177.1s; Iterations = 4560, grads =   6.544e-08, unitary_metric = 1.00000
Error = :1.27e-02; Runtime: 177.8s; Iterations = 4580, grads =   4.969e-08, unitary_metric = 1.00000
Error = :1.27e-02; Runtime: 178.6s; Iterations = 4600, grads =   2.986e-08, unitary_metric = 1.00000
Error = :1.27e-02; Runtime: 179.4s; Iterations = 4620, grads =   1.854e-08, unitary_metric = 1.00000
Error = :1.27e-02; Runtime: 180.2s; Iterations = 4640, grads =   1.741e-08, unitary_metric = 1.00000
Error = :1.27e-02; Runtime: 180.9s; Iterations = 4660, grads =   2.360e-08, unitary_metric = 1.00000
Error = :1.27e-02; Runtime: 181.7s; Iterations = 4680, grads =   8.610e-07, unitary_metric = 1.00000
Error = :1.27e-02; Runtime: 182.4s; Iterations = 4700, grads =   1.125e-05, unitary_metric = 1.00000
Error = :1.27e-02; Runtime: 183.3s; Iterations = 4720, grads =   1.974e-06, unitary_metric = 1.00000
Error = :1.27e-02; Runtime: 184.0s; Iterations = 4740, grads =   3.081e-07, unitary_metric = 1.00000
Error = :1.27e-02; Runtime: 184.8s; Iterations = 4760, grads =   4.987e-08, unitary_metric = 1.00000
Error = :1.27e-02; Runtime: 185.5s; Iterations = 4780, grads =   1.580e-08, unitary_metric = 1.00000
Error = :1.27e-02; Runtime: 186.2s; Iterations = 4800, grads =   1.721e-08, unitary_metric = 1.00000
Error = :1.27e-02; Runtime: 187.1s; Iterations = 4820, grads =   1.522e-08, unitary_metric = 1.00000
Error = :1.27e-02; Runtime: 187.9s; Iterations = 4840, grads =   1.809e-08, unitary_metric = 1.00000
Error = :1.27e-02; Runtime: 188.6s; Iterations = 4860, grads =   1.576e-08, unitary_metric = 1.00000
Error = :1.27e-02; Runtime: 189.4s; Iterations = 4880, grads =   1.651e-08, unitary_metric = 1.00000
Error = :1.27e-02; Runtime: 190.1s; Iterations = 4900, grads =   2.443e-08, unitary_metric = 1.00000
Error = :1.27e-02; Runtime: 191.0s; Iterations = 4920, grads =   6.777e-07, unitary_metric = 1.00000
Error = :1.27e-02; Runtime: 191.7s; Iterations = 4940, grads =   1.560e-05, unitary_metric = 1.00000
Error = :1.27e-02; Runtime: 192.5s; Iterations = 4960, grads =   1.266e-06, unitary_metric = 1.00000
Error = :1.27e-02; Runtime: 193.2s; Iterations = 4980, grads =   1.278e-08, unitary_metric = 1.00000
Error = :1.27e-02; Runtime: 194.0s; Iterations = 5000, grads =   4.991e-08, unitary_metric = 1.00000
Error = :1.27e-02; Runtime: 194.8s; Iterations = 5020, grads =   1.248e-08, unitary_metric = 1.00000
Error = :1.27e-02; Runtime: 195.6s; Iterations = 5040, grads =   1.256e-08, unitary_metric = 1.00000
Error = :1.27e-02; Runtime: 196.3s; Iterations = 5060, grads =   1.197e-08, unitary_metric = 1.00000
Error = :1.27e-02; Runtime: 197.1s; Iterations = 5080, grads =   1.778e-08, unitary_metric = 1.00000
Error = :1.27e-02; Runtime: 197.8s; Iterations = 5100, grads =   2.111e-08, unitary_metric = 1.00000
Error = :1.27e-02; Runtime: 198.7s; Iterations = 5120, grads =   7.197e-08, unitary_metric = 1.00000
Error = :1.27e-02; Runtime: 199.5s; Iterations = 5140, grads =   5.812e-06, unitary_metric = 1.00000
Error = :1.27e-02; Runtime: 200.2s; Iterations = 5160, grads =   3.986e-06, unitary_metric = 1.00000
Error = :1.27e-02; Runtime: 201.0s; Iterations = 5180, grads =   2.044e-08, unitary_metric = 1.00000
Error = :1.27e-02; Runtime: 201.8s; Iterations = 5200, grads =   9.210e-08, unitary_metric = 1.00000
Error = :1.27e-02; Runtime: 202.6s; Iterations = 5220, grads =   1.035e-08, unitary_metric = 1.00000
Error = :1.27e-02; Runtime: 203.4s; Iterations = 5240, grads =   1.137e-08, unitary_metric = 1.00000
Error = :1.27e-02; Runtime: 204.1s; Iterations = 5260, grads =   1.342e-08, unitary_metric = 1.00000
Error = :1.27e-02; Runtime: 204.9s; Iterations = 5280, grads =   1.270e-08, unitary_metric = 1.00000
Error = :1.27e-02; Runtime: 205.6s; Iterations = 5300, grads =   9.835e-09, unitary_metric = 1.00000
Error = :1.27e-02; Runtime: 206.5s; Iterations = 5320, grads =   1.776e-08, unitary_metric = 1.00000
Error = :1.27e-02; Runtime: 207.2s; Iterations = 5340, grads =   6.969e-07, unitary_metric = 1.00000
Error = :1.27e-02; Runtime: 208.0s; Iterations = 5360, grads =   8.754e-06, unitary_metric = 1.00000
Error = :1.27e-02; Runtime: 208.7s; Iterations = 5380, grads =   1.212e-06, unitary_metric = 1.00000
Error = :1.27e-02; Runtime: 209.5s; Iterations = 5400, grads =   1.192e-08, unitary_metric = 1.00000
Error = :1.27e-02; Runtime: 210.4s; Iterations = 5420, grads =   3.713e-08, unitary_metric = 1.00000
Error = :1.27e-02; Runtime: 211.1s; Iterations = 5440, grads =   9.080e-09, unitary_metric = 1.00000
Error = :1.27e-02; Runtime: 211.8s; Iterations = 5460, grads =   9.639e-09, unitary_metric = 1.00000
Error = :1.27e-02; Runtime: 212.6s; Iterations = 5480, grads =   8.279e-09, unitary_metric = 1.00000
Error = :1.27e-02; Runtime: 213.3s; Iterations = 5500, grads =   8.194e-09, unitary_metric = 1.00000
Error = :1.27e-02; Runtime: 214.2s; Iterations = 5520, grads =   1.001e-08, unitary_metric = 1.00000
Error = :1.27e-02; Runtime: 214.9s; Iterations = 5540, grads =   4.546e-08, unitary_metric = 1.00000
Error = :1.27e-02; Runtime: 215.7s; Iterations = 5560, grads =   4.136e-06, unitary_metric = 1.00000
Error = :1.27e-02; Runtime: 216.4s; Iterations = 5580, grads =   2.805e-06, unitary_metric = 1.00000
Error = :1.27e-02; Runtime: 217.2s; Iterations = 5600, grads =   1.090e-08, unitary_metric = 1.00000
Error = :1.27e-02; Runtime: 218.0s; Iterations = 5620, grads =   7.240e-08, unitary_metric = 1.00000
Error = :1.27e-02; Runtime: 218.8s; Iterations = 5640, grads =   7.543e-09, unitary_metric = 1.00000
Error = :1.27e-02; Runtime: 219.5s; Iterations = 5660, grads =   7.249e-09, unitary_metric = 1.00000
Error = :1.27e-02; Runtime: 220.2s; Iterations = 5680, grads =   7.159e-09, unitary_metric = 1.00000
Error = :1.27e-02; Runtime: 221.0s; Iterations = 5700, grads =   8.060e-09, unitary_metric = 1.00000
Error = :1.27e-02; Runtime: 221.9s; Iterations = 5720, grads =   7.143e-09, unitary_metric = 1.00000
Error = :1.27e-02; Runtime: 222.6s; Iterations = 5740, grads =   6.960e-09, unitary_metric = 1.00000
Error = :1.27e-02; Runtime: 223.4s; Iterations = 5760, grads =   6.817e-09, unitary_metric = 1.00000
Error = :1.27e-02; Runtime: 224.1s; Iterations = 5780, grads =   7.025e-08, unitary_metric = 1.00000
Error = :1.27e-02; Runtime: 224.8s; Iterations = 5800, grads =   2.416e-05, unitary_metric = 1.00000
Error = :1.27e-02; Runtime: 225.7s; Iterations = 5820, grads =   2.956e-06, unitary_metric = 1.00000
Error = :1.27e-02; Runtime: 226.4s; Iterations = 5840, grads =   2.897e-07, unitary_metric = 1.00000
Error = :1.27e-02; Runtime: 227.2s; Iterations = 5860, grads =   1.051e-08, unitary_metric = 1.00000
Error = :1.27e-02; Runtime: 227.9s; Iterations = 5880, grads =   6.375e-09, unitary_metric = 1.00000
Error = :1.27e-02; Runtime: 228.7s; Iterations = 5900, grads =   6.410e-09, unitary_metric = 1.00000
Error = :1.27e-02; Runtime: 229.5s; Iterations = 5920, grads =   6.693e-09, unitary_metric = 1.00000
Error = :1.27e-02; Runtime: 230.3s; Iterations = 5940, grads =   6.308e-09, unitary_metric = 1.00000
Error = :1.27e-02; Runtime: 231.0s; Iterations = 5960, grads =   6.467e-09, unitary_metric = 1.00000
Error = :1.27e-02; Runtime: 231.8s; Iterations = 5980, grads =   6.736e-09, unitary_metric = 1.00000
Error = :1.27e-02; Runtime: 232.5s; Iterations = 6000, grads =   6.628e-09, unitary_metric = 1.00000
data saved at: /project/ftchong/qoc/yongshan/00003_31_3regN8p3_slice_5.h5


trying total_time: 8.4 for unitary of size (4, 4)
data saved at: /project/ftchong/qoc/yongshan/00004_31_3regN8p3_slice_5.h5
Using 6 Taylor terms and 1 Scaling & Squaring terms
Building graph:
Propagators initialized.
Operators weight initialized.
Intermediate propagation variables initialized.
Intermediate propagators initialized.
Vectors initialized.
Training loss initialized.
Optimizer initialized.
Utilities initialized.
Graph built!
Initialized
Error = :9.32e-01; Runtime: 0.2s; Iterations = 0, grads =   5.354e-02, unitary_metric = 1.00000
Error = :1.09e-01; Runtime: 1.8s; Iterations = 20, grads =   6.939e-01, unitary_metric = 1.00000
Error = :7.17e-02; Runtime: 2.9s; Iterations = 40, grads =   9.076e-02, unitary_metric = 1.00000
Error = :6.67e-02; Runtime: 4.0s; Iterations = 60, grads =   4.215e-03, unitary_metric = 1.00000
Error = :6.65e-02; Runtime: 5.1s; Iterations = 80, grads =   1.836e-03, unitary_metric = 1.00000
Error = :6.64e-02; Runtime: 6.2s; Iterations = 100, grads =   5.984e-05, unitary_metric = 1.00000
Error = :6.55e-02; Runtime: 7.5s; Iterations = 120, grads =   9.934e-06, unitary_metric = 1.00000
Error = :3.62e-02; Runtime: 8.6s; Iterations = 140, grads =   1.780e-03, unitary_metric = 0.99999
Error = :4.14e-03; Runtime: 9.7s; Iterations = 160, grads =   7.561e-04, unitary_metric = 0.99999
Error = :9.71e-04; Runtime: 10.4s; Iterations = 172, grads =   1.011e-04, unitary_metric = 0.99999
data saved at: /project/ftchong/qoc/yongshan/00004_31_3regN8p3_slice_5.h5


trying total_time: 7.0 for unitary of size (4, 4)
data saved at: /project/ftchong/qoc/yongshan/00005_31_3regN8p3_slice_5.h5
Using 6 Taylor terms and 1 Scaling & Squaring terms
Building graph:
Propagators initialized.
Operators weight initialized.
Intermediate propagation variables initialized.
Intermediate propagators initialized.
Vectors initialized.
Training loss initialized.
Optimizer initialized.
Utilities initialized.
Graph built!
Initialized
Error = :9.35e-01; Runtime: 0.2s; Iterations = 0, grads =   1.406e-03, unitary_metric = 1.00000
Error = :9.35e-01; Runtime: 1.5s; Iterations = 20, grads =   1.103e-03, unitary_metric = 1.00000
Error = :9.34e-01; Runtime: 2.4s; Iterations = 40, grads =   7.369e-05, unitary_metric = 1.00000
Error = :9.34e-01; Runtime: 3.3s; Iterations = 60, grads =   1.348e-05, unitary_metric = 1.00000
Error = :9.34e-01; Runtime: 4.2s; Iterations = 80, grads =   1.144e-06, unitary_metric = 1.00000
Error = :9.34e-01; Runtime: 5.1s; Iterations = 100, grads =   3.971e-07, unitary_metric = 1.00000
Error = :9.34e-01; Runtime: 6.1s; Iterations = 120, grads =   4.231e-08, unitary_metric = 1.00000
Error = :9.34e-01; Runtime: 7.1s; Iterations = 140, grads =   2.052e-09, unitary_metric = 1.00000
Error = :9.34e-01; Runtime: 8.0s; Iterations = 160, grads =   3.258e-10, unitary_metric = 1.00000
Error = :9.34e-01; Runtime: 8.9s; Iterations = 180, grads =   2.187e-11, unitary_metric = 1.00000
Error = :9.34e-01; Runtime: 9.8s; Iterations = 200, grads =   8.541e-12, unitary_metric = 1.00000
Error = :9.34e-01; Runtime: 10.9s; Iterations = 220, grads =   7.387e-12, unitary_metric = 1.00000
Error = :9.34e-01; Runtime: 11.8s; Iterations = 240, grads =   1.694e-12, unitary_metric = 1.00000
Error = :9.34e-01; Runtime: 12.7s; Iterations = 260, grads =   2.401e-12, unitary_metric = 1.00000
Error = :9.34e-01; Runtime: 13.6s; Iterations = 280, grads =   4.020e-12, unitary_metric = 1.00000
Error = :9.34e-01; Runtime: 14.5s; Iterations = 300, grads =   4.398e-12, unitary_metric = 1.00000
Error = :9.34e-01; Runtime: 15.6s; Iterations = 320, grads =   6.599e-12, unitary_metric = 1.00000
Error = :9.34e-01; Runtime: 16.5s; Iterations = 340, grads =   1.049e-11, unitary_metric = 1.00000
Error = :9.34e-01; Runtime: 17.4s; Iterations = 360, grads =   2.140e-11, unitary_metric = 1.00000
Error = :9.34e-01; Runtime: 18.3s; Iterations = 380, grads =   3.859e-11, unitary_metric = 1.00000
Error = :9.34e-01; Runtime: 19.2s; Iterations = 400, grads =   9.826e-11, unitary_metric = 1.00000
Error = :9.34e-01; Runtime: 20.3s; Iterations = 420, grads =   3.205e-10, unitary_metric = 1.00000
Error = :9.34e-01; Runtime: 21.2s; Iterations = 440, grads =   1.709e-09, unitary_metric = 1.00000
Error = :9.34e-01; Runtime: 22.1s; Iterations = 460, grads =   2.133e-08, unitary_metric = 1.00000
Error = :9.33e-01; Runtime: 23.0s; Iterations = 480, grads =   4.049e-06, unitary_metric = 1.00000
Error = :4.32e-01; Runtime: 23.9s; Iterations = 500, grads =   1.841e-02, unitary_metric = 1.00000
Error = :5.75e-02; Runtime: 25.0s; Iterations = 520, grads =   2.250e-03, unitary_metric = 1.00000
Error = :2.33e-02; Runtime: 25.9s; Iterations = 540, grads =   7.346e-04, unitary_metric = 1.00000
Error = :6.09e-03; Runtime: 26.8s; Iterations = 560, grads =   8.370e-05, unitary_metric = 1.00000
Error = :1.28e-03; Runtime: 27.7s; Iterations = 580, grads =   1.502e-05, unitary_metric = 1.00000
Error = :9.17e-04; Runtime: 27.9s; Iterations = 584, grads =   1.014e-05, unitary_metric = 1.00000
data saved at: /project/ftchong/qoc/yongshan/00005_31_3regN8p3_slice_5.h5


trying total_time: 6.3 for unitary of size (4, 4)
data saved at: /project/ftchong/qoc/yongshan/00006_31_3regN8p3_slice_5.h5
Using 6 Taylor terms and 1 Scaling & Squaring terms
Building graph:
Propagators initialized.
Operators weight initialized.
Intermediate propagation variables initialized.
Intermediate propagators initialized.
Vectors initialized.
Training loss initialized.
Optimizer initialized.
Utilities initialized.
Graph built!
Initialized
Error = :9.46e-01; Runtime: 0.2s; Iterations = 0, grads =   9.105e-03, unitary_metric = 1.00000
Error = :9.34e-01; Runtime: 1.3s; Iterations = 20, grads =   8.095e-04, unitary_metric = 1.00000
Error = :9.34e-01; Runtime: 2.1s; Iterations = 40, grads =   4.184e-05, unitary_metric = 1.00000
Error = :9.34e-01; Runtime: 3.0s; Iterations = 60, grads =   1.367e-06, unitary_metric = 1.00000
Error = :9.34e-01; Runtime: 3.8s; Iterations = 80, grads =   1.392e-06, unitary_metric = 1.00000
Error = :9.34e-01; Runtime: 4.6s; Iterations = 100, grads =   2.326e-07, unitary_metric = 1.00000
Error = :9.34e-01; Runtime: 5.6s; Iterations = 120, grads =   3.442e-08, unitary_metric = 1.00000
Error = :9.34e-01; Runtime: 6.4s; Iterations = 140, grads =   5.100e-09, unitary_metric = 1.00000
Error = :9.34e-01; Runtime: 7.3s; Iterations = 160, grads =   6.988e-10, unitary_metric = 1.00000
Error = :9.34e-01; Runtime: 8.1s; Iterations = 180, grads =   4.158e-11, unitary_metric = 1.00000
Error = :9.34e-01; Runtime: 8.9s; Iterations = 200, grads =   3.162e-11, unitary_metric = 1.00000
Error = :9.34e-01; Runtime: 9.9s; Iterations = 220, grads =   5.254e-11, unitary_metric = 1.00000
Error = :9.34e-01; Runtime: 10.7s; Iterations = 240, grads =   1.433e-10, unitary_metric = 1.00000
Error = :9.34e-01; Runtime: 11.6s; Iterations = 260, grads =   6.099e-10, unitary_metric = 1.00000
Error = :9.34e-01; Runtime: 12.4s; Iterations = 280, grads =   5.229e-09, unitary_metric = 1.00000
Error = :9.33e-01; Runtime: 13.2s; Iterations = 300, grads =   3.119e-07, unitary_metric = 1.00000
Error = :8.51e-01; Runtime: 14.2s; Iterations = 320, grads =   2.271e-03, unitary_metric = 1.00000
Error = :3.83e-01; Runtime: 15.0s; Iterations = 340, grads =   5.783e-03, unitary_metric = 1.00000
Error = :3.18e-02; Runtime: 15.8s; Iterations = 360, grads =   8.122e-04, unitary_metric = 1.00000
Error = :8.25e-03; Runtime: 16.7s; Iterations = 380, grads =   5.030e-05, unitary_metric = 1.00000
Error = :2.78e-03; Runtime: 17.5s; Iterations = 400, grads =   2.208e-05, unitary_metric = 1.00000
Error = :1.30e-03; Runtime: 18.5s; Iterations = 420, grads =   4.782e-06, unitary_metric = 1.00000
Error = :9.79e-04; Runtime: 18.8s; Iterations = 429, grads =   2.722e-06, unitary_metric = 1.00000
data saved at: /project/ftchong/qoc/yongshan/00006_31_3regN8p3_slice_5.h5


trying total_time: 5.95 for unitary of size (4, 4)
data saved at: /project/ftchong/qoc/yongshan/00007_31_3regN8p3_slice_5.h5
Using 6 Taylor terms and 1 Scaling & Squaring terms
Building graph:
Propagators initialized.
Operators weight initialized.
Intermediate propagation variables initialized.
Intermediate propagators initialized.
Vectors initialized.
Training loss initialized.
Optimizer initialized.
Utilities initialized.
Graph built!
Initialized
Error = :9.37e-01; Runtime: 0.2s; Iterations = 0, grads =   1.602e-03, unitary_metric = 1.00000
Error = :9.34e-01; Runtime: 1.3s; Iterations = 20, grads =   2.236e-04, unitary_metric = 1.00000
Error = :9.34e-01; Runtime: 2.1s; Iterations = 40, grads =   2.010e-05, unitary_metric = 1.00000
Error = :9.34e-01; Runtime: 2.9s; Iterations = 60, grads =   3.592e-06, unitary_metric = 1.00000
Error = :9.34e-01; Runtime: 3.7s; Iterations = 80, grads =   4.738e-07, unitary_metric = 1.00000
Error = :9.34e-01; Runtime: 4.4s; Iterations = 100, grads =   8.025e-08, unitary_metric = 1.00000
Error = :9.34e-01; Runtime: 5.4s; Iterations = 120, grads =   4.876e-09, unitary_metric = 1.00000
Error = :9.34e-01; Runtime: 6.2s; Iterations = 140, grads =   1.721e-09, unitary_metric = 1.00000
Error = :9.34e-01; Runtime: 6.9s; Iterations = 160, grads =   1.778e-10, unitary_metric = 1.00000
Error = :9.34e-01; Runtime: 7.7s; Iterations = 180, grads =   1.314e-10, unitary_metric = 1.00000
Error = :9.34e-01; Runtime: 8.5s; Iterations = 200, grads =   2.647e-10, unitary_metric = 1.00000
Error = :9.34e-01; Runtime: 9.4s; Iterations = 220, grads =   9.095e-10, unitary_metric = 1.00000
Error = :9.34e-01; Runtime: 10.2s; Iterations = 240, grads =   5.860e-09, unitary_metric = 1.00000
Error = :9.33e-01; Runtime: 11.0s; Iterations = 260, grads =   1.732e-07, unitary_metric = 1.00000
Error = :8.93e-01; Runtime: 11.8s; Iterations = 280, grads =   1.356e-03, unitary_metric = 1.00000
Error = :4.52e-01; Runtime: 12.6s; Iterations = 300, grads =   8.047e-03, unitary_metric = 1.00000
Error = :8.31e-02; Runtime: 13.5s; Iterations = 320, grads =   1.461e-03, unitary_metric = 1.00000
Error = :2.08e-02; Runtime: 14.3s; Iterations = 340, grads =   1.315e-04, unitary_metric = 1.00000
Error = :1.12e-02; Runtime: 15.1s; Iterations = 360, grads =   2.388e-05, unitary_metric = 1.00000
Error = :7.61e-03; Runtime: 15.9s; Iterations = 380, grads =   1.013e-05, unitary_metric = 1.00000
Error = :5.78e-03; Runtime: 16.7s; Iterations = 400, grads =   5.003e-06, unitary_metric = 1.00000
Error = :4.66e-03; Runtime: 17.8s; Iterations = 420, grads =   3.256e-06, unitary_metric = 1.00000
Error = :3.92e-03; Runtime: 18.5s; Iterations = 440, grads =   2.210e-06, unitary_metric = 1.00000
Error = :3.41e-03; Runtime: 19.3s; Iterations = 460, grads =   1.596e-06, unitary_metric = 1.00000
Error = :3.04e-03; Runtime: 20.1s; Iterations = 480, grads =   1.199e-06, unitary_metric = 1.00000
Error = :2.76e-03; Runtime: 20.9s; Iterations = 500, grads =   9.274e-07, unitary_metric = 1.00000
Error = :2.55e-03; Runtime: 21.8s; Iterations = 520, grads =   7.379e-07, unitary_metric = 1.00000
Error = :2.38e-03; Runtime: 22.6s; Iterations = 540, grads =   6.005e-07, unitary_metric = 1.00000
Error = :2.25e-03; Runtime: 23.4s; Iterations = 560, grads =   5.127e-07, unitary_metric = 1.00000
Error = :2.17e-03; Runtime: 24.2s; Iterations = 580, grads =   1.908e-04, unitary_metric = 1.00000
Error = :2.05e-03; Runtime: 24.9s; Iterations = 600, grads =   9.515e-06, unitary_metric = 0.99999
Error = :1.97e-03; Runtime: 25.9s; Iterations = 620, grads =   1.021e-05, unitary_metric = 1.00000
Error = :1.91e-03; Runtime: 26.6s; Iterations = 640, grads =   6.148e-07, unitary_metric = 1.00000
Error = :1.89e-03; Runtime: 27.4s; Iterations = 660, grads =   2.086e-04, unitary_metric = 1.00000
Error = :1.79e-03; Runtime: 28.2s; Iterations = 680, grads =   3.958e-06, unitary_metric = 1.00000
Error = :1.74e-03; Runtime: 29.0s; Iterations = 700, grads =   4.364e-06, unitary_metric = 1.00000
Error = :1.69e-03; Runtime: 29.9s; Iterations = 720, grads =   3.933e-07, unitary_metric = 1.00000
Error = :1.63e-03; Runtime: 30.7s; Iterations = 740, grads =   2.901e-07, unitary_metric = 1.00000
Error = :1.58e-03; Runtime: 31.5s; Iterations = 760, grads =   2.084e-07, unitary_metric = 1.00000
Error = :1.54e-03; Runtime: 32.2s; Iterations = 780, grads =   5.401e-06, unitary_metric = 1.00000
Error = :1.56e-03; Runtime: 33.0s; Iterations = 800, grads =   3.254e-04, unitary_metric = 1.00000
Error = :1.45e-03; Runtime: 34.0s; Iterations = 820, grads =   9.453e-06, unitary_metric = 1.00000
Error = :1.41e-03; Runtime: 34.7s; Iterations = 840, grads =   4.268e-06, unitary_metric = 1.00000
Error = :1.38e-03; Runtime: 35.5s; Iterations = 860, grads =   6.686e-07, unitary_metric = 1.00000
Error = :1.34e-03; Runtime: 36.3s; Iterations = 880, grads =   2.153e-07, unitary_metric = 1.00000
Error = :1.31e-03; Runtime: 37.1s; Iterations = 900, grads =   1.101e-07, unitary_metric = 1.00000
Error = :1.28e-03; Runtime: 38.0s; Iterations = 920, grads =   9.853e-08, unitary_metric = 1.00000
Error = :1.26e-03; Runtime: 38.8s; Iterations = 940, grads =   8.049e-07, unitary_metric = 1.00000
Error = :1.31e-03; Runtime: 39.6s; Iterations = 960, grads =   3.924e-04, unitary_metric = 1.00000
Error = :1.21e-03; Runtime: 40.3s; Iterations = 980, grads =   2.857e-05, unitary_metric = 1.00000
Error = :1.18e-03; Runtime: 41.1s; Iterations = 1000, grads =   4.829e-06, unitary_metric = 1.00000
Error = :1.16e-03; Runtime: 42.0s; Iterations = 1020, grads =   5.420e-07, unitary_metric = 1.00000
Error = :1.14e-03; Runtime: 42.8s; Iterations = 1040, grads =   2.145e-07, unitary_metric = 1.00000
Error = :1.12e-03; Runtime: 43.6s; Iterations = 1060, grads =   7.691e-08, unitary_metric = 1.00000
Error = :1.10e-03; Runtime: 44.4s; Iterations = 1080, grads =   6.227e-08, unitary_metric = 1.00000
Error = :1.08e-03; Runtime: 45.2s; Iterations = 1100, grads =   7.509e-07, unitary_metric = 1.00000
Error = :1.15e-03; Runtime: 46.1s; Iterations = 1120, grads =   3.939e-04, unitary_metric = 1.00000
Error = :1.05e-03; Runtime: 46.9s; Iterations = 1140, grads =   1.118e-05, unitary_metric = 1.00000
Error = :1.04e-03; Runtime: 47.6s; Iterations = 1160, grads =   8.500e-06, unitary_metric = 1.00000
Error = :1.02e-03; Runtime: 48.4s; Iterations = 1180, grads =   1.420e-07, unitary_metric = 1.00000
Error = :1.01e-03; Runtime: 49.2s; Iterations = 1200, grads =   9.774e-08, unitary_metric = 1.00000
Error = :9.99e-04; Runtime: 49.7s; Iterations = 1210, grads =   6.627e-08, unitary_metric = 1.00000
data saved at: /project/ftchong/qoc/yongshan/00007_31_3regN8p3_slice_5.h5


trying total_time: 5.75 for unitary of size (4, 4)
data saved at: /project/ftchong/qoc/yongshan/00008_31_3regN8p3_slice_5.h5
Using 6 Taylor terms and 1 Scaling & Squaring terms
Building graph:
Propagators initialized.
Operators weight initialized.
Intermediate propagation variables initialized.
Intermediate propagators initialized.
Vectors initialized.
Training loss initialized.
Optimizer initialized.
Utilities initialized.
Graph built!
Initialized
Error = :9.37e-01; Runtime: 0.2s; Iterations = 0, grads =   2.101e-03, unitary_metric = 1.00000
Error = :9.34e-01; Runtime: 1.2s; Iterations = 20, grads =   4.698e-04, unitary_metric = 1.00000
Error = :9.34e-01; Runtime: 2.0s; Iterations = 40, grads =   2.434e-05, unitary_metric = 1.00000
Error = :9.34e-01; Runtime: 2.7s; Iterations = 60, grads =   2.507e-06, unitary_metric = 1.00000
Error = :9.34e-01; Runtime: 3.5s; Iterations = 80, grads =   1.282e-06, unitary_metric = 1.00000
Error = :9.34e-01; Runtime: 4.2s; Iterations = 100, grads =   1.415e-07, unitary_metric = 1.00000
Error = :9.34e-01; Runtime: 5.1s; Iterations = 120, grads =   1.376e-08, unitary_metric = 1.00000
Error = :9.34e-01; Runtime: 5.9s; Iterations = 140, grads =   3.087e-09, unitary_metric = 1.00000
Error = :9.34e-01; Runtime: 6.6s; Iterations = 160, grads =   1.046e-10, unitary_metric = 1.00000
Error = :9.34e-01; Runtime: 7.4s; Iterations = 180, grads =   5.454e-11, unitary_metric = 1.00000
Error = :9.34e-01; Runtime: 8.1s; Iterations = 200, grads =   4.886e-12, unitary_metric = 1.00000
Error = :9.34e-01; Runtime: 9.0s; Iterations = 220, grads =   1.753e-12, unitary_metric = 1.00000
Error = :9.34e-01; Runtime: 9.8s; Iterations = 240, grads =   2.060e-12, unitary_metric = 1.00000
Error = :9.34e-01; Runtime: 10.5s; Iterations = 260, grads =   3.142e-12, unitary_metric = 1.00000
Error = :9.34e-01; Runtime: 11.3s; Iterations = 280, grads =   4.890e-12, unitary_metric = 1.00000
Error = :9.34e-01; Runtime: 12.0s; Iterations = 300, grads =   7.647e-12, unitary_metric = 1.00000
Error = :9.34e-01; Runtime: 12.9s; Iterations = 320, grads =   1.267e-11, unitary_metric = 1.00000
Error = :9.34e-01; Runtime: 13.6s; Iterations = 340, grads =   2.265e-11, unitary_metric = 1.00000
Error = :9.34e-01; Runtime: 14.4s; Iterations = 360, grads =   4.535e-11, unitary_metric = 1.00000
Error = :9.34e-01; Runtime: 15.2s; Iterations = 380, grads =   1.108e-10, unitary_metric = 1.00000
Error = :9.34e-01; Runtime: 15.9s; Iterations = 400, grads =   3.488e-10, unitary_metric = 1.00000
Error = :9.34e-01; Runtime: 16.8s; Iterations = 420, grads =   1.670e-09, unitary_metric = 1.00000
Error = :9.34e-01; Runtime: 17.6s; Iterations = 440, grads =   2.007e-08, unitary_metric = 1.00000
Error = :9.33e-01; Runtime: 18.3s; Iterations = 460, grads =   5.829e-06, unitary_metric = 1.00000
Error = :6.88e-01; Runtime: 19.1s; Iterations = 480, grads =   5.198e-03, unitary_metric = 1.00000
Error = :2.52e-01; Runtime: 19.9s; Iterations = 500, grads =   7.637e-03, unitary_metric = 1.00000
Error = :7.52e-02; Runtime: 20.7s; Iterations = 520, grads =   8.420e-04, unitary_metric = 1.00000
Error = :4.33e-02; Runtime: 21.5s; Iterations = 540, grads =   1.909e-04, unitary_metric = 1.00000
Error = :3.07e-02; Runtime: 22.3s; Iterations = 560, grads =   4.439e-05, unitary_metric = 1.00000
Error = :2.40e-02; Runtime: 23.0s; Iterations = 580, grads =   1.736e-05, unitary_metric = 1.00000
Error = :2.03e-02; Runtime: 23.8s; Iterations = 600, grads =   1.171e-05, unitary_metric = 1.00000
Error = :1.76e-02; Runtime: 24.7s; Iterations = 620, grads =   9.113e-06, unitary_metric = 1.00000
Error = :1.54e-02; Runtime: 25.4s; Iterations = 640, grads =   7.599e-06, unitary_metric = 1.00000
Error = :1.36e-02; Runtime: 26.2s; Iterations = 660, grads =   6.142e-06, unitary_metric = 1.00000
Error = :1.20e-02; Runtime: 27.0s; Iterations = 680, grads =   4.757e-06, unitary_metric = 1.00000
Error = :1.08e-02; Runtime: 27.7s; Iterations = 700, grads =   3.599e-06, unitary_metric = 1.00000
Error = :9.74e-03; Runtime: 28.6s; Iterations = 720, grads =   2.714e-06, unitary_metric = 1.00000
Error = :8.93e-03; Runtime: 29.4s; Iterations = 740, grads =   2.048e-06, unitary_metric = 1.00000
Error = :8.31e-03; Runtime: 30.1s; Iterations = 760, grads =   1.545e-06, unitary_metric = 1.00000
Error = :7.85e-03; Runtime: 30.9s; Iterations = 780, grads =   1.176e-06, unitary_metric = 1.00000
Error = :7.51e-03; Runtime: 31.6s; Iterations = 800, grads =   9.124e-07, unitary_metric = 1.00000
Error = :7.27e-03; Runtime: 32.5s; Iterations = 820, grads =   7.281e-07, unitary_metric = 1.00000
Error = :7.08e-03; Runtime: 33.3s; Iterations = 840, grads =   6.014e-07, unitary_metric = 1.00000
Error = :6.94e-03; Runtime: 34.1s; Iterations = 860, grads =   5.163e-07, unitary_metric = 1.00000
Error = :6.82e-03; Runtime: 34.8s; Iterations = 880, grads =   4.592e-07, unitary_metric = 1.00000
Error = :6.72e-03; Runtime: 35.6s; Iterations = 900, grads =   4.162e-07, unitary_metric = 1.00000
Error = :6.62e-03; Runtime: 36.5s; Iterations = 920, grads =   3.756e-07, unitary_metric = 1.00000
Error = :6.53e-03; Runtime: 37.2s; Iterations = 940, grads =   3.312e-07, unitary_metric = 1.00000
Error = :6.44e-03; Runtime: 38.0s; Iterations = 960, grads =   2.848e-07, unitary_metric = 1.00000
Error = :6.36e-03; Runtime: 38.7s; Iterations = 980, grads =   2.419e-07, unitary_metric = 1.00000
Error = :6.29e-03; Runtime: 39.5s; Iterations = 1000, grads =   2.068e-07, unitary_metric = 1.00000
Error = :6.22e-03; Runtime: 40.4s; Iterations = 1020, grads =   1.797e-07, unitary_metric = 1.00000
Error = :6.16e-03; Runtime: 41.2s; Iterations = 1040, grads =   1.600e-07, unitary_metric = 1.00000
Error = :6.11e-03; Runtime: 41.9s; Iterations = 1060, grads =   1.453e-07, unitary_metric = 1.00000
Error = :6.06e-03; Runtime: 42.7s; Iterations = 1080, grads =   1.345e-07, unitary_metric = 1.00000
Error = :6.01e-03; Runtime: 43.4s; Iterations = 1100, grads =   1.262e-07, unitary_metric = 1.00000
Error = :5.97e-03; Runtime: 44.3s; Iterations = 1120, grads =   1.194e-07, unitary_metric = 1.00000
Error = :5.93e-03; Runtime: 45.1s; Iterations = 1140, grads =   1.140e-07, unitary_metric = 1.00000
Error = :5.89e-03; Runtime: 45.8s; Iterations = 1160, grads =   1.094e-07, unitary_metric = 1.00000
Error = :5.85e-03; Runtime: 46.6s; Iterations = 1180, grads =   1.055e-07, unitary_metric = 1.00000
Error = :5.81e-03; Runtime: 47.4s; Iterations = 1200, grads =   1.018e-07, unitary_metric = 1.00000
Error = :5.78e-03; Runtime: 48.3s; Iterations = 1220, grads =   9.836e-08, unitary_metric = 1.00000
Error = :5.74e-03; Runtime: 49.0s; Iterations = 1240, grads =   9.518e-08, unitary_metric = 1.00000
Error = :5.72e-03; Runtime: 49.8s; Iterations = 1260, grads =   9.225e-08, unitary_metric = 1.00000
Error = :5.69e-03; Runtime: 50.5s; Iterations = 1280, grads =   8.938e-08, unitary_metric = 1.00000
Error = :5.66e-03; Runtime: 51.3s; Iterations = 1300, grads =   8.666e-08, unitary_metric = 1.00000
Error = :5.64e-03; Runtime: 52.2s; Iterations = 1320, grads =   8.421e-08, unitary_metric = 1.00000
Error = :5.61e-03; Runtime: 52.9s; Iterations = 1340, grads =   8.179e-08, unitary_metric = 1.00000
Error = :5.59e-03; Runtime: 53.7s; Iterations = 1360, grads =   7.962e-08, unitary_metric = 1.00000
Error = :5.57e-03; Runtime: 54.5s; Iterations = 1380, grads =   7.752e-08, unitary_metric = 1.00000
Error = :5.55e-03; Runtime: 55.2s; Iterations = 1400, grads =   7.552e-08, unitary_metric = 1.00000
Error = :5.53e-03; Runtime: 56.1s; Iterations = 1420, grads =   7.358e-08, unitary_metric = 1.00000
Error = :5.51e-03; Runtime: 56.9s; Iterations = 1440, grads =   7.157e-08, unitary_metric = 1.00000
Error = :5.50e-03; Runtime: 57.7s; Iterations = 1460, grads =   6.954e-08, unitary_metric = 1.00000
Error = :5.48e-03; Runtime: 58.4s; Iterations = 1480, grads =   6.746e-08, unitary_metric = 1.00000
Error = :5.46e-03; Runtime: 59.2s; Iterations = 1500, grads =   6.531e-08, unitary_metric = 1.00000
Error = :5.44e-03; Runtime: 60.1s; Iterations = 1520, grads =   6.295e-08, unitary_metric = 1.00000
Error = :5.43e-03; Runtime: 60.8s; Iterations = 1540, grads =   6.048e-08, unitary_metric = 1.00000
Error = :5.41e-03; Runtime: 61.6s; Iterations = 1560, grads =   5.816e-08, unitary_metric = 1.00000
Error = :5.40e-03; Runtime: 62.3s; Iterations = 1580, grads =   5.590e-08, unitary_metric = 1.00000
Error = :5.38e-03; Runtime: 63.1s; Iterations = 1600, grads =   5.296e-08, unitary_metric = 1.00000
Error = :5.37e-03; Runtime: 64.0s; Iterations = 1620, grads =   5.048e-08, unitary_metric = 1.00000
Error = :5.35e-03; Runtime: 64.8s; Iterations = 1640, grads =   4.856e-08, unitary_metric = 1.00000
Error = :5.34e-03; Runtime: 65.5s; Iterations = 1660, grads =   4.601e-08, unitary_metric = 1.00000
Error = :5.33e-03; Runtime: 66.3s; Iterations = 1680, grads =   4.366e-08, unitary_metric = 1.00000
Error = :5.32e-03; Runtime: 67.0s; Iterations = 1700, grads =   4.195e-08, unitary_metric = 1.00000
Error = :5.31e-03; Runtime: 67.9s; Iterations = 1720, grads =   4.720e-08, unitary_metric = 1.00000
Error = :5.30e-03; Runtime: 68.7s; Iterations = 1740, grads =   8.830e-08, unitary_metric = 1.00000
Error = :5.29e-03; Runtime: 69.4s; Iterations = 1760, grads =   2.653e-06, unitary_metric = 1.00000
Error = :5.29e-03; Runtime: 70.2s; Iterations = 1780, grads =   4.543e-05, unitary_metric = 1.00000
Error = :5.28e-03; Runtime: 71.0s; Iterations = 1800, grads =   4.704e-06, unitary_metric = 1.00000
Error = :5.27e-03; Runtime: 71.8s; Iterations = 1820, grads =   6.245e-08, unitary_metric = 1.00000
Error = :5.26e-03; Runtime: 72.6s; Iterations = 1840, grads =   1.735e-07, unitary_metric = 1.00000
Error = :5.26e-03; Runtime: 73.4s; Iterations = 1860, grads =   5.416e-08, unitary_metric = 1.00000
Error = :5.25e-03; Runtime: 74.1s; Iterations = 1880, grads =   3.688e-08, unitary_metric = 1.00000
Error = :5.24e-03; Runtime: 74.9s; Iterations = 1900, grads =   2.920e-08, unitary_metric = 1.00000
Error = :5.24e-03; Runtime: 75.8s; Iterations = 1920, grads =   3.138e-08, unitary_metric = 1.00000
Error = :5.23e-03; Runtime: 76.6s; Iterations = 1940, grads =   1.862e-07, unitary_metric = 1.00000
Error = :5.24e-03; Runtime: 77.3s; Iterations = 1960, grads =   4.616e-05, unitary_metric = 1.00000
Error = :5.23e-03; Runtime: 78.1s; Iterations = 1980, grads =   1.203e-05, unitary_metric = 1.00000
Error = :5.22e-03; Runtime: 78.9s; Iterations = 2000, grads =   1.182e-06, unitary_metric = 1.00000
Error = :5.22e-03; Runtime: 79.8s; Iterations = 2020, grads =   2.365e-07, unitary_metric = 1.00000
Error = :5.22e-03; Runtime: 80.5s; Iterations = 2040, grads =   7.384e-08, unitary_metric = 1.00000
Error = :5.21e-03; Runtime: 81.3s; Iterations = 2060, grads =   2.390e-08, unitary_metric = 1.00000
Error = :5.21e-03; Runtime: 82.0s; Iterations = 2080, grads =   2.346e-08, unitary_metric = 1.00000
Error = :5.21e-03; Runtime: 82.8s; Iterations = 2100, grads =   2.245e-08, unitary_metric = 1.00000
Error = :5.21e-03; Runtime: 83.7s; Iterations = 2120, grads =   2.170e-08, unitary_metric = 1.00000
Error = :5.20e-03; Runtime: 84.5s; Iterations = 2140, grads =   2.373e-08, unitary_metric = 1.00000
Error = :5.20e-03; Runtime: 85.2s; Iterations = 2160, grads =   2.087e-08, unitary_metric = 1.00000
Error = :5.20e-03; Runtime: 86.0s; Iterations = 2180, grads =   4.358e-08, unitary_metric = 1.00000
Error = :5.20e-03; Runtime: 86.7s; Iterations = 2200, grads =   3.783e-06, unitary_metric = 1.00000
Error = :5.20e-03; Runtime: 87.6s; Iterations = 2220, grads =   4.153e-06, unitary_metric = 1.00000
Error = :5.20e-03; Runtime: 88.4s; Iterations = 2240, grads =   3.743e-07, unitary_metric = 1.00000
Error = :5.20e-03; Runtime: 89.2s; Iterations = 2260, grads =   6.141e-08, unitary_metric = 1.00000
Error = :5.20e-03; Runtime: 89.9s; Iterations = 2280, grads =   5.902e-08, unitary_metric = 1.00000
Error = :5.20e-03; Runtime: 90.7s; Iterations = 2300, grads =   4.011e-08, unitary_metric = 1.00000
Error = :5.20e-03; Runtime: 91.6s; Iterations = 2320, grads =   2.051e-08, unitary_metric = 1.00000
Error = :5.20e-03; Runtime: 92.3s; Iterations = 2340, grads =   2.028e-08, unitary_metric = 1.00000
Error = :5.20e-03; Runtime: 93.1s; Iterations = 2360, grads =   2.095e-08, unitary_metric = 1.00000
Error = :5.21e-03; Runtime: 93.8s; Iterations = 2380, grads =   2.096e-08, unitary_metric = 1.00000
Error = :5.21e-03; Runtime: 94.6s; Iterations = 2400, grads =   2.138e-08, unitary_metric = 1.00000
Error = :5.21e-03; Runtime: 95.5s; Iterations = 2420, grads =   3.925e-08, unitary_metric = 1.00000
Error = :5.21e-03; Runtime: 96.3s; Iterations = 2440, grads =   1.876e-06, unitary_metric = 1.00000
Error = :5.22e-03; Runtime: 97.0s; Iterations = 2460, grads =   5.928e-05, unitary_metric = 1.00000
Error = :5.20e-03; Runtime: 97.8s; Iterations = 2480, grads =   6.075e-06, unitary_metric = 1.00000
Error = :5.20e-03; Runtime: 98.5s; Iterations = 2500, grads =   1.439e-07, unitary_metric = 1.00000
Error = :5.20e-03; Runtime: 99.4s; Iterations = 2520, grads =   1.015e-07, unitary_metric = 1.00000
Error = :5.20e-03; Runtime: 100.2s; Iterations = 2540, grads =   2.831e-08, unitary_metric = 1.00000
Error = :5.19e-03; Runtime: 100.9s; Iterations = 2560, grads =   2.823e-08, unitary_metric = 1.00000
Error = :5.19e-03; Runtime: 101.7s; Iterations = 2580, grads =   2.373e-08, unitary_metric = 1.00000
Error = :5.19e-03; Runtime: 102.5s; Iterations = 2600, grads =   2.351e-08, unitary_metric = 1.00000
Error = :5.19e-03; Runtime: 103.3s; Iterations = 2620, grads =   2.592e-08, unitary_metric = 1.00000
Error = :5.18e-03; Runtime: 104.1s; Iterations = 2640, grads =   2.759e-08, unitary_metric = 1.00000
Error = :5.18e-03; Runtime: 104.9s; Iterations = 2660, grads =   8.034e-07, unitary_metric = 1.00000
Error = :5.20e-03; Runtime: 105.6s; Iterations = 2680, grads =   8.925e-05, unitary_metric = 1.00000
Error = :5.18e-03; Runtime: 106.4s; Iterations = 2700, grads =   4.693e-06, unitary_metric = 1.00000
Error = :5.17e-03; Runtime: 107.3s; Iterations = 2720, grads =   2.949e-07, unitary_metric = 1.00000
Error = :5.17e-03; Runtime: 108.1s; Iterations = 2740, grads =   2.068e-08, unitary_metric = 1.00000
Error = :5.17e-03; Runtime: 108.8s; Iterations = 2760, grads =   4.228e-08, unitary_metric = 1.00000
Error = :5.17e-03; Runtime: 109.6s; Iterations = 2780, grads =   1.839e-08, unitary_metric = 1.00000
Error = :5.16e-03; Runtime: 110.3s; Iterations = 2800, grads =   1.874e-08, unitary_metric = 1.00000
Error = :5.16e-03; Runtime: 111.2s; Iterations = 2820, grads =   1.890e-08, unitary_metric = 1.00000
Error = :5.16e-03; Runtime: 112.0s; Iterations = 2840, grads =   1.756e-08, unitary_metric = 1.00000
Error = :5.16e-03; Runtime: 112.8s; Iterations = 2860, grads =   2.082e-08, unitary_metric = 1.00000
Error = :5.16e-03; Runtime: 113.5s; Iterations = 2880, grads =   4.538e-08, unitary_metric = 1.00000
Error = :5.16e-03; Runtime: 114.3s; Iterations = 2900, grads =   3.853e-07, unitary_metric = 1.00000
Error = :5.16e-03; Runtime: 115.2s; Iterations = 2920, grads =   2.396e-05, unitary_metric = 1.00000
Error = :5.16e-03; Runtime: 115.9s; Iterations = 2940, grads =   1.088e-05, unitary_metric = 1.00000
Error = :5.15e-03; Runtime: 116.7s; Iterations = 2960, grads =   8.586e-08, unitary_metric = 1.00000
Error = :5.15e-03; Runtime: 117.5s; Iterations = 2980, grads =   1.837e-07, unitary_metric = 1.00000
Error = :5.15e-03; Runtime: 118.2s; Iterations = 3000, grads =   3.427e-08, unitary_metric = 1.00000
Error = :5.15e-03; Runtime: 119.1s; Iterations = 3020, grads =   1.726e-08, unitary_metric = 1.00000
Error = :5.15e-03; Runtime: 119.9s; Iterations = 3040, grads =   1.743e-08, unitary_metric = 1.00000
Error = :5.15e-03; Runtime: 120.7s; Iterations = 3060, grads =   1.369e-08, unitary_metric = 1.00000
Error = :5.15e-03; Runtime: 121.4s; Iterations = 3080, grads =   4.557e-08, unitary_metric = 1.00000
Error = :5.15e-03; Runtime: 122.2s; Iterations = 3100, grads =   8.213e-07, unitary_metric = 1.00000
Error = :5.16e-03; Runtime: 123.1s; Iterations = 3120, grads =   4.268e-05, unitary_metric = 1.00000
Error = :5.15e-03; Runtime: 123.8s; Iterations = 3140, grads =   4.284e-06, unitary_metric = 1.00000
Error = :5.15e-03; Runtime: 124.6s; Iterations = 3160, grads =   4.069e-07, unitary_metric = 1.00000
Error = :5.15e-03; Runtime: 125.3s; Iterations = 3180, grads =   1.230e-07, unitary_metric = 1.00000
Error = :5.15e-03; Runtime: 126.1s; Iterations = 3200, grads =   1.682e-08, unitary_metric = 1.00000
Error = :5.15e-03; Runtime: 127.0s; Iterations = 3220, grads =   1.172e-08, unitary_metric = 1.00000
Error = :5.15e-03; Runtime: 127.7s; Iterations = 3240, grads =   1.125e-08, unitary_metric = 1.00000
Error = :5.14e-03; Runtime: 128.5s; Iterations = 3260, grads =   2.494e-08, unitary_metric = 1.00000
Error = :5.14e-03; Runtime: 129.3s; Iterations = 3280, grads =   8.874e-08, unitary_metric = 1.00000
Error = :5.15e-03; Runtime: 130.0s; Iterations = 3300, grads =   2.760e-06, unitary_metric = 1.00000
Error = :5.15e-03; Runtime: 130.9s; Iterations = 3320, grads =   2.097e-05, unitary_metric = 1.00000
Error = :5.14e-03; Runtime: 131.7s; Iterations = 3340, grads =   9.476e-07, unitary_metric = 1.00000
Error = :5.14e-03; Runtime: 132.4s; Iterations = 3360, grads =   4.125e-07, unitary_metric = 1.00000
Error = :5.14e-03; Runtime: 133.2s; Iterations = 3380, grads =   1.105e-08, unitary_metric = 1.00000
Error = :5.14e-03; Runtime: 134.0s; Iterations = 3400, grads =   1.154e-08, unitary_metric = 1.00000
Error = :5.14e-03; Runtime: 134.8s; Iterations = 3420, grads =   1.077e-08, unitary_metric = 1.00000
Error = :5.14e-03; Runtime: 135.6s; Iterations = 3440, grads =   1.109e-08, unitary_metric = 1.00000
Error = :5.14e-03; Runtime: 136.4s; Iterations = 3460, grads =   9.013e-09, unitary_metric = 1.00000
Error = :5.14e-03; Runtime: 137.1s; Iterations = 3480, grads =   9.538e-09, unitary_metric = 1.00000
Error = :5.14e-03; Runtime: 137.9s; Iterations = 3500, grads =   1.254e-08, unitary_metric = 1.00000
Error = :5.14e-03; Runtime: 138.8s; Iterations = 3520, grads =   1.483e-06, unitary_metric = 1.00000
Error = :5.15e-03; Runtime: 139.6s; Iterations = 3540, grads =   2.025e-05, unitary_metric = 1.00000
Error = :5.15e-03; Runtime: 140.3s; Iterations = 3560, grads =   1.240e-06, unitary_metric = 1.00000
Error = :5.15e-03; Runtime: 141.1s; Iterations = 3580, grads =   1.464e-08, unitary_metric = 1.00000
Error = :5.15e-03; Runtime: 141.8s; Iterations = 3600, grads =   8.641e-09, unitary_metric = 1.00000
Error = :5.15e-03; Runtime: 142.7s; Iterations = 3620, grads =   9.833e-09, unitary_metric = 1.00000
Error = :5.16e-03; Runtime: 143.5s; Iterations = 3640, grads =   1.189e-08, unitary_metric = 1.00000
Error = :5.16e-03; Runtime: 144.3s; Iterations = 3660, grads =   8.889e-09, unitary_metric = 1.00000
Error = :5.16e-03; Runtime: 145.0s; Iterations = 3680, grads =   1.078e-08, unitary_metric = 1.00000
Error = :5.16e-03; Runtime: 145.8s; Iterations = 3700, grads =   9.826e-09, unitary_metric = 1.00000
Error = :5.17e-03; Runtime: 146.7s; Iterations = 3720, grads =   1.021e-08, unitary_metric = 1.00000
Error = :5.17e-03; Runtime: 147.5s; Iterations = 3740, grads =   1.103e-08, unitary_metric = 1.00000
Error = :5.17e-03; Runtime: 148.2s; Iterations = 3760, grads =   1.224e-08, unitary_metric = 1.00000
Error = :5.18e-03; Runtime: 149.0s; Iterations = 3780, grads =   1.343e-08, unitary_metric = 1.00000
Error = :5.18e-03; Runtime: 149.7s; Iterations = 3800, grads =   4.752e-08, unitary_metric = 1.00000
Error = :5.18e-03; Runtime: 150.6s; Iterations = 3820, grads =   3.299e-06, unitary_metric = 1.00000
Error = :5.18e-03; Runtime: 151.4s; Iterations = 3840, grads =   9.326e-07, unitary_metric = 1.00000
Error = :5.18e-03; Runtime: 152.1s; Iterations = 3860, grads =   1.644e-06, unitary_metric = 1.00000
Error = :5.18e-03; Runtime: 152.9s; Iterations = 3880, grads =   3.998e-07, unitary_metric = 1.00000
Error = :5.18e-03; Runtime: 153.6s; Iterations = 3900, grads =   2.681e-08, unitary_metric = 1.00000
Error = :5.18e-03; Runtime: 154.5s; Iterations = 3920, grads =   3.317e-08, unitary_metric = 1.00000
Error = :5.18e-03; Runtime: 155.3s; Iterations = 3940, grads =   1.619e-08, unitary_metric = 1.00000
Error = :5.18e-03; Runtime: 156.0s; Iterations = 3960, grads =   1.611e-08, unitary_metric = 1.00000
Error = :5.18e-03; Runtime: 156.8s; Iterations = 3980, grads =   1.779e-08, unitary_metric = 1.00000
Error = :5.18e-03; Runtime: 157.6s; Iterations = 4000, grads =   1.685e-08, unitary_metric = 1.00000
Error = :5.18e-03; Runtime: 158.5s; Iterations = 4020, grads =   3.958e-08, unitary_metric = 1.00000
Error = :5.18e-03; Runtime: 159.4s; Iterations = 4040, grads =   1.123e-06, unitary_metric = 1.00000
Error = :5.18e-03; Runtime: 160.1s; Iterations = 4060, grads =   2.818e-05, unitary_metric = 1.00000
Error = :5.17e-03; Runtime: 160.9s; Iterations = 4080, grads =   1.346e-07, unitary_metric = 1.00000
Error = :5.17e-03; Runtime: 161.7s; Iterations = 4100, grads =   4.052e-07, unitary_metric = 1.00000
Error = :5.17e-03; Runtime: 162.6s; Iterations = 4120, grads =   1.422e-08, unitary_metric = 1.00000
Error = :5.17e-03; Runtime: 163.3s; Iterations = 4140, grads =   1.620e-08, unitary_metric = 1.00000
Error = :5.17e-03; Runtime: 164.1s; Iterations = 4160, grads =   1.387e-08, unitary_metric = 1.00000
Error = :5.17e-03; Runtime: 164.8s; Iterations = 4180, grads =   1.464e-08, unitary_metric = 1.00000
Error = :5.17e-03; Runtime: 165.6s; Iterations = 4200, grads =   1.717e-08, unitary_metric = 1.00000
Error = :5.16e-03; Runtime: 166.5s; Iterations = 4220, grads =   1.282e-07, unitary_metric = 1.00000
Error = :5.16e-03; Runtime: 167.3s; Iterations = 4240, grads =   7.122e-06, unitary_metric = 1.00000
Error = :5.16e-03; Runtime: 168.0s; Iterations = 4260, grads =   1.688e-06, unitary_metric = 1.00000
Error = :5.16e-03; Runtime: 168.8s; Iterations = 4280, grads =   8.524e-07, unitary_metric = 1.00000
Error = :5.16e-03; Runtime: 169.5s; Iterations = 4300, grads =   3.455e-08, unitary_metric = 1.00000
Error = :5.16e-03; Runtime: 170.4s; Iterations = 4320, grads =   2.295e-08, unitary_metric = 1.00000
Error = :5.16e-03; Runtime: 171.2s; Iterations = 4340, grads =   1.285e-08, unitary_metric = 1.00000
Error = :5.15e-03; Runtime: 172.0s; Iterations = 4360, grads =   2.043e-08, unitary_metric = 1.00000
Error = :5.15e-03; Runtime: 172.7s; Iterations = 4380, grads =   2.146e-08, unitary_metric = 1.00000
Error = :5.15e-03; Runtime: 173.5s; Iterations = 4400, grads =   2.886e-08, unitary_metric = 1.00000
Error = :5.15e-03; Runtime: 174.4s; Iterations = 4420, grads =   4.647e-07, unitary_metric = 1.00000
Error = :5.15e-03; Runtime: 175.2s; Iterations = 4440, grads =   2.863e-05, unitary_metric = 1.00000
Error = :5.15e-03; Runtime: 175.9s; Iterations = 4460, grads =   3.348e-07, unitary_metric = 1.00000
Error = :5.15e-03; Runtime: 176.7s; Iterations = 4480, grads =   4.762e-07, unitary_metric = 1.00000
Error = :5.14e-03; Runtime: 177.4s; Iterations = 4500, grads =   2.369e-08, unitary_metric = 1.00000
Error = :5.14e-03; Runtime: 178.3s; Iterations = 4520, grads =   1.953e-08, unitary_metric = 1.00000
Error = :5.14e-03; Runtime: 179.1s; Iterations = 4540, grads =   1.375e-08, unitary_metric = 1.00000
Error = :5.14e-03; Runtime: 179.9s; Iterations = 4560, grads =   1.384e-08, unitary_metric = 1.00000
Error = :5.14e-03; Runtime: 180.6s; Iterations = 4580, grads =   1.245e-08, unitary_metric = 1.00000
Error = :5.14e-03; Runtime: 181.4s; Iterations = 4600, grads =   3.954e-08, unitary_metric = 1.00000
Error = :5.14e-03; Runtime: 182.3s; Iterations = 4620, grads =   4.545e-07, unitary_metric = 1.00000
Error = :5.14e-03; Runtime: 183.0s; Iterations = 4640, grads =   1.543e-05, unitary_metric = 1.00000
Error = :5.13e-03; Runtime: 183.8s; Iterations = 4660, grads =   2.674e-06, unitary_metric = 1.00000
Error = :5.13e-03; Runtime: 184.6s; Iterations = 4680, grads =   8.864e-08, unitary_metric = 1.00000
Error = :5.13e-03; Runtime: 185.4s; Iterations = 4700, grads =   1.508e-08, unitary_metric = 1.00000
Error = :5.12e-03; Runtime: 186.2s; Iterations = 4720, grads =   1.692e-08, unitary_metric = 1.00000
Error = :5.12e-03; Runtime: 187.0s; Iterations = 4740, grads =   2.899e-08, unitary_metric = 1.00000
Error = :5.12e-03; Runtime: 187.8s; Iterations = 4760, grads =   2.250e-08, unitary_metric = 1.00000
Error = :5.12e-03; Runtime: 188.5s; Iterations = 4780, grads =   5.222e-08, unitary_metric = 1.00000
Error = :5.12e-03; Runtime: 189.3s; Iterations = 4800, grads =   3.562e-06, unitary_metric = 1.00000
Error = :5.12e-03; Runtime: 190.2s; Iterations = 4820, grads =   6.187e-07, unitary_metric = 1.00000
Error = :5.12e-03; Runtime: 191.0s; Iterations = 4840, grads =   4.502e-07, unitary_metric = 1.00000
Error = :5.12e-03; Runtime: 191.7s; Iterations = 4860, grads =   1.627e-07, unitary_metric = 1.00000
Error = :5.12e-03; Runtime: 192.5s; Iterations = 4880, grads =   2.523e-08, unitary_metric = 1.00000
Error = :5.12e-03; Runtime: 193.3s; Iterations = 4900, grads =   3.364e-08, unitary_metric = 1.00000
Error = :5.11e-03; Runtime: 194.2s; Iterations = 4920, grads =   2.880e-08, unitary_metric = 1.00000
Error = :5.12e-03; Runtime: 194.9s; Iterations = 4940, grads =   2.790e-08, unitary_metric = 1.00000
Error = :5.11e-03; Runtime: 195.7s; Iterations = 4960, grads =   2.851e-08, unitary_metric = 1.00000
Error = :5.11e-03; Runtime: 196.4s; Iterations = 4980, grads =   7.583e-08, unitary_metric = 1.00000
Error = :5.11e-03; Runtime: 197.2s; Iterations = 5000, grads =   9.073e-07, unitary_metric = 1.00000
Error = :5.11e-03; Runtime: 198.1s; Iterations = 5020, grads =   1.181e-05, unitary_metric = 1.00000
Error = :5.10e-03; Runtime: 198.8s; Iterations = 5040, grads =   4.272e-07, unitary_metric = 1.00000
Error = :5.10e-03; Runtime: 199.6s; Iterations = 5060, grads =   4.544e-08, unitary_metric = 1.00000
Error = :5.10e-03; Runtime: 200.3s; Iterations = 5080, grads =   3.702e-08, unitary_metric = 1.00000
Error = :5.09e-03; Runtime: 201.1s; Iterations = 5100, grads =   3.373e-08, unitary_metric = 1.00000
Error = :5.09e-03; Runtime: 202.0s; Iterations = 5120, grads =   3.426e-08, unitary_metric = 1.00000
Error = :5.09e-03; Runtime: 202.7s; Iterations = 5140, grads =   3.537e-08, unitary_metric = 1.00000
Error = :5.08e-03; Runtime: 203.5s; Iterations = 5160, grads =   5.371e-08, unitary_metric = 1.00000
Error = :5.08e-03; Runtime: 204.2s; Iterations = 5180, grads =   1.415e-06, unitary_metric = 1.00000
Error = :5.07e-03; Runtime: 205.0s; Iterations = 5200, grads =   3.270e-06, unitary_metric = 1.00000
Error = :5.07e-03; Runtime: 205.9s; Iterations = 5220, grads =   9.796e-07, unitary_metric = 1.00000
Error = :5.06e-03; Runtime: 206.6s; Iterations = 5240, grads =   4.357e-08, unitary_metric = 1.00000
Error = :5.06e-03; Runtime: 207.4s; Iterations = 5260, grads =   5.716e-08, unitary_metric = 1.00000
Error = :5.05e-03; Runtime: 208.1s; Iterations = 5280, grads =   3.849e-08, unitary_metric = 1.00000
Error = :5.05e-03; Runtime: 208.9s; Iterations = 5300, grads =   3.422e-08, unitary_metric = 1.00000
Error = :5.04e-03; Runtime: 209.8s; Iterations = 5320, grads =   3.192e-08, unitary_metric = 1.00000
Error = :5.04e-03; Runtime: 210.5s; Iterations = 5340, grads =   3.103e-08, unitary_metric = 1.00000
Error = :5.03e-03; Runtime: 211.3s; Iterations = 5360, grads =   3.704e-08, unitary_metric = 1.00000
Error = :5.03e-03; Runtime: 212.0s; Iterations = 5380, grads =   1.586e-07, unitary_metric = 1.00000
Error = :5.02e-03; Runtime: 212.8s; Iterations = 5400, grads =   4.376e-06, unitary_metric = 1.00000
Error = :5.02e-03; Runtime: 213.7s; Iterations = 5420, grads =   5.489e-07, unitary_metric = 1.00000
Error = :5.02e-03; Runtime: 214.4s; Iterations = 5440, grads =   4.251e-07, unitary_metric = 1.00000
Error = :5.01e-03; Runtime: 215.2s; Iterations = 5460, grads =   7.113e-08, unitary_metric = 1.00000
Error = :5.01e-03; Runtime: 215.9s; Iterations = 5480, grads =   2.524e-08, unitary_metric = 1.00000
Error = :5.01e-03; Runtime: 216.7s; Iterations = 5500, grads =   2.402e-08, unitary_metric = 1.00000
Error = :5.00e-03; Runtime: 217.6s; Iterations = 5520, grads =   2.392e-08, unitary_metric = 1.00000
Error = :5.00e-03; Runtime: 218.3s; Iterations = 5540, grads =   7.769e-08, unitary_metric = 1.00000
Error = :5.00e-03; Runtime: 219.1s; Iterations = 5560, grads =   1.197e-06, unitary_metric = 1.00000
Error = :5.00e-03; Runtime: 219.8s; Iterations = 5580, grads =   3.486e-06, unitary_metric = 1.00000
Error = :4.99e-03; Runtime: 220.6s; Iterations = 5600, grads =   4.101e-07, unitary_metric = 1.00000
Error = :4.99e-03; Runtime: 221.5s; Iterations = 5620, grads =   9.747e-08, unitary_metric = 1.00000
Error = :4.99e-03; Runtime: 222.2s; Iterations = 5640, grads =   2.644e-08, unitary_metric = 1.00000
Error = :4.99e-03; Runtime: 223.0s; Iterations = 5660, grads =   3.214e-08, unitary_metric = 1.00000
Error = :4.99e-03; Runtime: 223.7s; Iterations = 5680, grads =   7.425e-08, unitary_metric = 1.00000
Error = :4.99e-03; Runtime: 224.5s; Iterations = 5700, grads =   1.053e-06, unitary_metric = 1.00000
Error = :4.98e-03; Runtime: 225.4s; Iterations = 5720, grads =   3.140e-06, unitary_metric = 1.00000
Error = :4.98e-03; Runtime: 226.1s; Iterations = 5740, grads =   1.387e-08, unitary_metric = 1.00000
Error = :4.98e-03; Runtime: 226.9s; Iterations = 5760, grads =   4.305e-08, unitary_metric = 1.00000
Error = :4.98e-03; Runtime: 227.6s; Iterations = 5780, grads =   1.893e-08, unitary_metric = 1.00000
Error = :4.97e-03; Runtime: 228.4s; Iterations = 5800, grads =   1.372e-08, unitary_metric = 1.00000
Error = :4.97e-03; Runtime: 229.3s; Iterations = 5820, grads =   1.537e-08, unitary_metric = 1.00000
Error = :4.96e-03; Runtime: 230.0s; Iterations = 5840, grads =   1.965e-08, unitary_metric = 1.00000
Error = :4.95e-03; Runtime: 230.8s; Iterations = 5860, grads =   1.885e-07, unitary_metric = 1.00000
Error = :4.95e-03; Runtime: 231.5s; Iterations = 5880, grads =   8.996e-06, unitary_metric = 1.00000
Error = :4.94e-03; Runtime: 232.3s; Iterations = 5900, grads =   9.405e-07, unitary_metric = 1.00000
Error = :4.93e-03; Runtime: 233.2s; Iterations = 5920, grads =   8.092e-08, unitary_metric = 1.00000
Error = :4.93e-03; Runtime: 233.9s; Iterations = 5940, grads =   3.474e-08, unitary_metric = 1.00000
Error = :4.92e-03; Runtime: 234.7s; Iterations = 5960, grads =   1.808e-08, unitary_metric = 1.00000
Error = :4.92e-03; Runtime: 235.4s; Iterations = 5980, grads =   1.590e-08, unitary_metric = 1.00000
Error = :4.91e-03; Runtime: 236.2s; Iterations = 6000, grads =   1.724e-08, unitary_metric = 1.00000
data saved at: /project/ftchong/qoc/yongshan/00008_31_3regN8p3_slice_5.h5


trying total_time: 90.0 for unitary of size (16, 16)
data saved at: /project/ftchong/qoc/yongshan/00009_31_3regN8p3_slice_5.h5
Using 5 Taylor terms and 4 Scaling & Squaring terms
Building graph:
Propagators initialized.
Operators weight initialized.
Intermediate propagation variables initialized.
Intermediate propagators initialized.
Vectors initialized.
Training loss initialized.
Optimizer initialized.
Utilities initialized.
Graph built!
Initialized
Error = :9.76e-02; Runtime: 3.2s; Iterations = 0, grads =   1.725e+01, unitary_metric = 1.00056
Error = :7.28e-01; Runtime: 44.2s; Iterations = 20, grads =   2.365e+01, unitary_metric = 1.00066
Error = :1.50e-01; Runtime: 79.8s; Iterations = 40, grads =   1.750e+01, unitary_metric = 1.00080
Error = :3.05e-02; Runtime: 115.4s; Iterations = 60, grads =   3.354e+00, unitary_metric = 1.00080
Error = :5.06e-03; Runtime: 151.1s; Iterations = 80, grads =   7.170e-01, unitary_metric = 1.00067
Error = :1.02e-04; Runtime: 165.3s; Iterations = 88, grads =   5.627e-02, unitary_metric = 1.00067
data saved at: /project/ftchong/qoc/yongshan/00009_31_3regN8p3_slice_5.h5


trying total_time: 45.0 for unitary of size (16, 16)
data saved at: /project/ftchong/qoc/yongshan/00010_31_3regN8p3_slice_5.h5
Using 5 Taylor terms and 4 Scaling & Squaring terms
Building graph:
Propagators initialized.
Operators weight initialized.
Intermediate propagation variables initialized.
Intermediate propagators initialized.
Vectors initialized.
Training loss initialized.
Optimizer initialized.
Utilities initialized.
Graph built!
Initialized
Error = :1.46e-01; Runtime: 1.4s; Iterations = 0, grads =   1.189e+01, unitary_metric = 1.00051
Error = :1.28e-01; Runtime: 20.4s; Iterations = 20, grads =   7.247e+00, unitary_metric = 1.00032
Error = :1.04e-02; Runtime: 36.9s; Iterations = 40, grads =   8.802e-01, unitary_metric = 1.00027
Error = :2.76e-03; Runtime: 53.5s; Iterations = 60, grads =   2.724e-01, unitary_metric = 1.00026
Error = :1.01e-04; Runtime: 56.0s; Iterations = 63, grads =   2.862e-03, unitary_metric = 1.00026
data saved at: /project/ftchong/qoc/yongshan/00010_31_3regN8p3_slice_5.h5


trying total_time: 22.5 for unitary of size (16, 16)
data saved at: /project/ftchong/qoc/yongshan/00011_31_3regN8p3_slice_5.h5
Using 7 Taylor terms and 2 Scaling & Squaring terms
Building graph:
Propagators initialized.
Operators weight initialized.
Intermediate propagation variables initialized.
Intermediate propagators initialized.
Vectors initialized.
Training loss initialized.
Optimizer initialized.
Utilities initialized.
Graph built!
Initialized
Error = :1.76e-01; Runtime: 0.7s; Iterations = 0, grads =   7.118e+00, unitary_metric = 1.00001
Error = :5.49e-02; Runtime: 10.1s; Iterations = 20, grads =   1.796e+00, unitary_metric = 1.00001
Error = :8.39e-03; Runtime: 18.2s; Iterations = 40, grads =   3.491e-01, unitary_metric = 1.00001
Error = :9.22e-04; Runtime: 23.4s; Iterations = 53, grads =   3.289e-02, unitary_metric = 1.00001
data saved at: /project/ftchong/qoc/yongshan/00011_31_3regN8p3_slice_5.h5


trying total_time: 11.25 for unitary of size (16, 16)
data saved at: /project/ftchong/qoc/yongshan/00012_31_3regN8p3_slice_5.h5
Using 7 Taylor terms and 2 Scaling & Squaring terms
Building graph:
Propagators initialized.
Operators weight initialized.
Intermediate propagation variables initialized.
Intermediate propagators initialized.
Vectors initialized.
Training loss initialized.
Optimizer initialized.
Utilities initialized.
Graph built!
Initialized
Error = :1.80e-01; Runtime: 0.4s; Iterations = 0, grads =   3.348e+00, unitary_metric = 1.00000
Error = :1.81e-02; Runtime: 4.9s; Iterations = 20, grads =   4.340e-01, unitary_metric = 1.00001
Error = :4.60e-03; Runtime: 8.8s; Iterations = 40, grads =   1.123e-01, unitary_metric = 1.00000
Error = :4.84e-04; Runtime: 10.0s; Iterations = 46, grads =   1.131e-02, unitary_metric = 1.00000
data saved at: /project/ftchong/qoc/yongshan/00012_31_3regN8p3_slice_5.h5


trying total_time: 5.6 for unitary of size (16, 16)
data saved at: /project/ftchong/qoc/yongshan/00013_31_3regN8p3_slice_5.h5
Using 7 Taylor terms and 2 Scaling & Squaring terms
Building graph:
Propagators initialized.
Operators weight initialized.
Intermediate propagation variables initialized.
Intermediate propagators initialized.
Vectors initialized.
Training loss initialized.
Optimizer initialized.
Utilities initialized.
Graph built!
Initialized
Error = :3.24e-01; Runtime: 0.2s; Iterations = 0, grads =   2.393e+00, unitary_metric = 1.00000
Error = :1.45e-02; Runtime: 2.5s; Iterations = 20, grads =   1.737e-01, unitary_metric = 1.00000
Error = :2.82e-03; Runtime: 4.4s; Iterations = 40, grads =   3.433e-02, unitary_metric = 1.00000
Error = :2.53e-04; Runtime: 4.6s; Iterations = 42, grads =   2.811e-03, unitary_metric = 1.00000
data saved at: /project/ftchong/qoc/yongshan/00013_31_3regN8p3_slice_5.h5


trying total_time: 2.8 for unitary of size (16, 16)
data saved at: /project/ftchong/qoc/yongshan/00014_31_3regN8p3_slice_5.h5
Using 8 Taylor terms and 1 Scaling & Squaring terms
Building graph:
Propagators initialized.
Operators weight initialized.
Intermediate propagation variables initialized.
Intermediate propagators initialized.
Vectors initialized.
Training loss initialized.
Optimizer initialized.
Utilities initialized.
Graph built!
Initialized
Error = :1.82e-01; Runtime: 0.1s; Iterations = 0, grads =   8.341e-01, unitary_metric = 1.00000
Error = :1.57e-03; Runtime: 1.3s; Iterations = 20, grads =   8.198e-03, unitary_metric = 1.00000
Error = :6.46e-04; Runtime: 1.7s; Iterations = 28, grads =   3.085e-03, unitary_metric = 1.00000
data saved at: /project/ftchong/qoc/yongshan/00014_31_3regN8p3_slice_5.h5


trying total_time: 1.4 for unitary of size (16, 16)
data saved at: /project/ftchong/qoc/yongshan/00015_31_3regN8p3_slice_5.h5
Using 6 Taylor terms and 2 Scaling & Squaring terms
Building graph:
Propagators initialized.
Operators weight initialized.
Intermediate propagation variables initialized.
Intermediate propagators initialized.
Vectors initialized.
Training loss initialized.
Optimizer initialized.
Utilities initialized.
Graph built!
Initialized
Error = :9.52e-02; Runtime: 0.1s; Iterations = 0, grads =   2.279e-01, unitary_metric = 1.00000
Error = :1.87e-03; Runtime: 0.7s; Iterations = 20, grads =   3.894e-03, unitary_metric = 1.00000
Error = :8.65e-04; Runtime: 0.9s; Iterations = 29, grads =   2.484e-03, unitary_metric = 1.00000
data saved at: /project/ftchong/qoc/yongshan/00015_31_3regN8p3_slice_5.h5


trying total_time: 0.7 for unitary of size (16, 16)
data saved at: /project/ftchong/qoc/yongshan/00016_31_3regN8p3_slice_5.h5
Using 6 Taylor terms and 2 Scaling & Squaring terms
Building graph:
Propagators initialized.
Operators weight initialized.
Intermediate propagation variables initialized.
Intermediate propagators initialized.
Vectors initialized.
Training loss initialized.
Optimizer initialized.
Utilities initialized.
Graph built!
Initialized
Error = :2.57e-01; Runtime: 0.1s; Iterations = 0, grads =   2.428e-01, unitary_metric = 1.00000
Error = :1.65e-02; Runtime: 0.4s; Iterations = 20, grads =   2.313e-02, unitary_metric = 1.00000
Error = :7.05e-04; Runtime: 0.6s; Iterations = 31, grads =   9.105e-04, unitary_metric = 1.00000
data saved at: /project/ftchong/qoc/yongshan/00016_31_3regN8p3_slice_5.h5


trying total_time: 0.35 for unitary of size (16, 16)
data saved at: /project/ftchong/qoc/yongshan/00017_31_3regN8p3_slice_5.h5
Using 7 Taylor terms and 1 Scaling & Squaring terms
Building graph:
Propagators initialized.
Operators weight initialized.
Intermediate propagation variables initialized.
Intermediate propagators initialized.
Vectors initialized.
Training loss initialized.
Optimizer initialized.
Utilities initialized.
Graph built!
Initialized
Error = :1.75e-01; Runtime: 0.1s; Iterations = 0, grads =   8.333e-02, unitary_metric = 1.00000
Error = :5.96e-03; Runtime: 0.3s; Iterations = 20, grads =   3.838e-03, unitary_metric = 1.00000
Error = :1.76e-03; Runtime: 0.4s; Iterations = 40, grads =   1.079e-03, unitary_metric = 1.00000
Error = :9.28e-04; Runtime: 0.5s; Iterations = 48, grads =   5.622e-04, unitary_metric = 1.00000
data saved at: /project/ftchong/qoc/yongshan/00017_31_3regN8p3_slice_5.h5


trying total_time: 0.15 for unitary of size (16, 16)
data saved at: /project/ftchong/qoc/yongshan/00018_31_3regN8p3_slice_5.h5
Using 7 Taylor terms and 1 Scaling & Squaring terms
Building graph:
Propagators initialized.
Operators weight initialized.
Intermediate propagation variables initialized.
Intermediate propagators initialized.
Vectors initialized.
Training loss initialized.
Optimizer initialized.
Utilities initialized.
Graph built!
Initialized
Error = :1.26e-01; Runtime: 0.0s; Iterations = 0, grads =   2.702e-02, unitary_metric = 1.00000
Error = :2.69e-02; Runtime: 0.2s; Iterations = 20, grads =   6.698e-03, unitary_metric = 1.00000
Error = :2.77e-03; Runtime: 0.3s; Iterations = 40, grads =   7.145e-04, unitary_metric = 1.00000
Error = :8.50e-04; Runtime: 0.3s; Iterations = 48, grads =   2.288e-04, unitary_metric = 1.00000
data saved at: /project/ftchong/qoc/yongshan/00018_31_3regN8p3_slice_5.h5


trying total_time: 45.0 for unitary of size (4, 4)
data saved at: /project/ftchong/qoc/yongshan/00019_31_3regN8p3_slice_5.h5
Using 4 Taylor terms and 3 Scaling & Squaring terms
Building graph:
Propagators initialized.
Operators weight initialized.
Intermediate propagation variables initialized.
Intermediate propagators initialized.
Vectors initialized.
Training loss initialized.
Optimizer initialized.
Utilities initialized.
Graph built!
Initialized
Error = :1.20e-01; Runtime: 1.2s; Iterations = 0, grads =   1.039e+01, unitary_metric = 1.00012
Error = :1.39e-01; Runtime: 9.8s; Iterations = 20, grads =   1.054e+01, unitary_metric = 1.00009
Error = :1.76e-02; Runtime: 16.2s; Iterations = 40, grads =   1.434e+00, unitary_metric = 1.00006
Error = :3.04e-04; Runtime: 21.2s; Iterations = 56, grads =   1.754e-02, unitary_metric = 1.00005
data saved at: /project/ftchong/qoc/yongshan/00019_31_3regN8p3_slice_5.h5


trying total_time: 22.5 for unitary of size (4, 4)
data saved at: /project/ftchong/qoc/yongshan/00020_31_3regN8p3_slice_5.h5
Using 4 Taylor terms and 3 Scaling & Squaring terms
Building graph:
Propagators initialized.
Operators weight initialized.
Intermediate propagation variables initialized.
Intermediate propagators initialized.
Vectors initialized.
Training loss initialized.
Optimizer initialized.
Utilities initialized.
Graph built!
Initialized
Error = :3.39e-02; Runtime: 0.6s; Iterations = 0, grads =   1.570e+00, unitary_metric = 1.00003
Error = :4.17e-02; Runtime: 4.4s; Iterations = 20, grads =   1.962e+00, unitary_metric = 1.00004
Error = :1.04e-02; Runtime: 7.3s; Iterations = 40, grads =   5.074e-01, unitary_metric = 1.00004
Error = :4.76e-04; Runtime: 7.6s; Iterations = 42, grads =   2.366e-02, unitary_metric = 1.00004
data saved at: /project/ftchong/qoc/yongshan/00020_31_3regN8p3_slice_5.h5


trying total_time: 11.25 for unitary of size (4, 4)
data saved at: /project/ftchong/qoc/yongshan/00021_31_3regN8p3_slice_5.h5
Using 6 Taylor terms and 1 Scaling & Squaring terms
Building graph:
Propagators initialized.
Operators weight initialized.
Intermediate propagation variables initialized.
Intermediate propagators initialized.
Vectors initialized.
Training loss initialized.
Optimizer initialized.
Utilities initialized.
Graph built!
Initialized
Error = :5.25e-02; Runtime: 0.3s; Iterations = 0, grads =   1.176e+00, unitary_metric = 1.00000
Error = :2.21e-02; Runtime: 2.3s; Iterations = 20, grads =   5.264e-01, unitary_metric = 1.00000
Error = :3.13e-03; Runtime: 3.8s; Iterations = 40, grads =   7.704e-02, unitary_metric = 1.00000
Error = :8.01e-04; Runtime: 3.9s; Iterations = 42, grads =   1.887e-02, unitary_metric = 1.00000
data saved at: /project/ftchong/qoc/yongshan/00021_31_3regN8p3_slice_5.h5


trying total_time: 5.6 for unitary of size (4, 4)
data saved at: /project/ftchong/qoc/yongshan/00022_31_3regN8p3_slice_5.h5
Using 6 Taylor terms and 1 Scaling & Squaring terms
Building graph:
Propagators initialized.
Operators weight initialized.
Intermediate propagation variables initialized.
Intermediate propagators initialized.
Vectors initialized.
Training loss initialized.
Optimizer initialized.
Utilities initialized.
Graph built!
Initialized
Error = :3.97e-02; Runtime: 0.1s; Iterations = 0, grads =   4.290e-01, unitary_metric = 1.00000
Error = :2.59e-03; Runtime: 1.2s; Iterations = 20, grads =   3.043e-02, unitary_metric = 1.00000
Error = :9.65e-04; Runtime: 1.5s; Iterations = 28, grads =   1.062e-02, unitary_metric = 1.00000
data saved at: /project/ftchong/qoc/yongshan/00022_31_3regN8p3_slice_5.h5


trying total_time: 2.8 for unitary of size (4, 4)
data saved at: /project/ftchong/qoc/yongshan/00023_31_3regN8p3_slice_5.h5
Using 6 Taylor terms and 1 Scaling & Squaring terms
Building graph:
Propagators initialized.
Operators weight initialized.
Intermediate propagation variables initialized.
Intermediate propagators initialized.
Vectors initialized.
Training loss initialized.
Optimizer initialized.
Utilities initialized.
Graph built!
Initialized
Error = :1.29e-01; Runtime: 0.1s; Iterations = 0, grads =   6.577e-01, unitary_metric = 1.00000
Error = :2.60e-04; Runtime: 0.3s; Iterations = 2, grads =   1.211e-03, unitary_metric = 1.00000
data saved at: /project/ftchong/qoc/yongshan/00023_31_3regN8p3_slice_5.h5


trying total_time: 1.4 for unitary of size (4, 4)
data saved at: /project/ftchong/qoc/yongshan/00024_31_3regN8p3_slice_5.h5
Using 6 Taylor terms and 1 Scaling & Squaring terms
Building graph:
Propagators initialized.
Operators weight initialized.
Intermediate propagation variables initialized.
Intermediate propagators initialized.
Vectors initialized.
Training loss initialized.
Optimizer initialized.
Utilities initialized.
Graph built!
Initialized
Error = :1.17e-01; Runtime: 0.1s; Iterations = 0, grads =   2.882e-01, unitary_metric = 1.00000
Error = :8.56e-04; Runtime: 0.4s; Iterations = 18, grads =   9.821e-04, unitary_metric = 1.00000
data saved at: /project/ftchong/qoc/yongshan/00024_31_3regN8p3_slice_5.h5


trying total_time: 0.7 for unitary of size (4, 4)
data saved at: /project/ftchong/qoc/yongshan/00025_31_3regN8p3_slice_5.h5
Using 7 Taylor terms and 0 Scaling & Squaring terms
Building graph:
Propagators initialized.
Operators weight initialized.
Intermediate propagation variables initialized.
Intermediate propagators initialized.
Vectors initialized.
Training loss initialized.
Optimizer initialized.
Utilities initialized.
Graph built!
Initialized
Error = :6.54e-02; Runtime: 0.0s; Iterations = 0, grads =   9.088e-02, unitary_metric = 1.00000
Error = :4.05e-04; Runtime: 0.2s; Iterations = 8, grads =   5.592e-04, unitary_metric = 1.00000
data saved at: /project/ftchong/qoc/yongshan/00025_31_3regN8p3_slice_5.h5


trying total_time: 0.35 for unitary of size (4, 4)
data saved at: /project/ftchong/qoc/yongshan/00026_31_3regN8p3_slice_5.h5
Using 7 Taylor terms and 0 Scaling & Squaring terms
Building graph:
Propagators initialized.
Operators weight initialized.
Intermediate propagation variables initialized.
Intermediate propagators initialized.
Vectors initialized.
Training loss initialized.
Optimizer initialized.
Utilities initialized.
Graph built!
Initialized
Error = :1.62e-01; Runtime: 0.0s; Iterations = 0, grads =   8.778e-02, unitary_metric = 1.00000
Error = :1.65e-03; Runtime: 0.2s; Iterations = 20, grads =   1.061e-03, unitary_metric = 1.00000
Error = :1.72e-03; Runtime: 0.2s; Iterations = 40, grads =   1.153e-03, unitary_metric = 1.00000
Error = :8.15e-04; Runtime: 0.3s; Iterations = 44, grads =   5.290e-04, unitary_metric = 1.00000
data saved at: /project/ftchong/qoc/yongshan/00026_31_3regN8p3_slice_5.h5


trying total_time: 0.15 for unitary of size (4, 4)
data saved at: /project/ftchong/qoc/yongshan/00027_31_3regN8p3_slice_5.h5
Using 5 Taylor terms and 1 Scaling & Squaring terms
Building graph:
Propagators initialized.
Operators weight initialized.
Intermediate propagation variables initialized.
Intermediate propagators initialized.
Vectors initialized.
Training loss initialized.
Optimizer initialized.
Utilities initialized.
Graph built!
Initialized
Error = :2.56e-02; Runtime: 0.0s; Iterations = 0, grads =   5.482e-03, unitary_metric = 1.00000
Error = :2.74e-03; Runtime: 0.1s; Iterations = 20, grads =   3.337e-04, unitary_metric = 1.00000
Error = :9.95e-04; Runtime: 0.2s; Iterations = 29, grads =   1.357e-05, unitary_metric = 1.00000
data saved at: /project/ftchong/qoc/yongshan/00027_31_3regN8p3_slice_5.h5




[5.75, 0.15, 0.15]
TIME FOR SLICE IS:
5.75
