Running Array Job:  187
Experiment Flexible 3Reg N=8 p=6 slice=44


trying total_time: 90.0 for unitary of size (4, 4)
data saved at: /project/ftchong/qoc/yongshan/00000_04_flex3regN8p6_slice_44.h5
Using 5 Taylor terms and 3 Scaling & Squaring terms
Building graph:
Propagators initialized.
Operators weight initialized.
Intermediate propagation variables initialized.
Intermediate propagators initialized.
Vectors initialized.
Training loss initialized.
Optimizer initialized.
Utilities initialized.
Graph built!
Initialized
Error = :1.83e-01; Runtime: 2.6s; Iterations = 0, grads =   2.824e+01, unitary_metric = 1.00017
Error = :2.98e-01; Runtime: 20.4s; Iterations = 20, grads =   3.191e+01, unitary_metric = 1.00007
Error = :9.22e-02; Runtime: 34.1s; Iterations = 40, grads =   1.384e+01, unitary_metric = 1.00005
Error = :1.48e-02; Runtime: 47.5s; Iterations = 60, grads =   2.062e+00, unitary_metric = 1.00006
Error = :1.25e-03; Runtime: 61.0s; Iterations = 80, grads =   1.796e-01, unitary_metric = 1.00006
Error = :9.55e-04; Runtime: 61.7s; Iterations = 81, grads =   1.649e-01, unitary_metric = 1.00006
data saved at: /project/ftchong/qoc/yongshan/00000_04_flex3regN8p6_slice_44.h5


trying total_time: 45.0 for unitary of size (4, 4)
data saved at: /project/ftchong/qoc/yongshan/00001_04_flex3regN8p6_slice_44.h5
Using 4 Taylor terms and 3 Scaling & Squaring terms
Building graph:
Propagators initialized.
Operators weight initialized.
Intermediate propagation variables initialized.
Intermediate propagators initialized.
Vectors initialized.
Training loss initialized.
Optimizer initialized.
Utilities initialized.
Graph built!
Initialized
Error = :2.08e-01; Runtime: 1.1s; Iterations = 0, grads =   1.584e+01, unitary_metric = 1.00013
Error = :2.33e-02; Runtime: 8.9s; Iterations = 20, grads =   2.026e+00, unitary_metric = 1.00009
Error = :1.26e-02; Runtime: 14.7s; Iterations = 40, grads =   1.202e+00, unitary_metric = 1.00009
Error = :6.25e-04; Runtime: 16.8s; Iterations = 47, grads =   6.831e-02, unitary_metric = 1.00009
data saved at: /project/ftchong/qoc/yongshan/00001_04_flex3regN8p6_slice_44.h5


trying total_time: 22.5 for unitary of size (4, 4)
data saved at: /project/ftchong/qoc/yongshan/00002_04_flex3regN8p6_slice_44.h5
Using 4 Taylor terms and 3 Scaling & Squaring terms
Building graph:
Propagators initialized.
Operators weight initialized.
Intermediate propagation variables initialized.
Intermediate propagators initialized.
Vectors initialized.
Training loss initialized.
Optimizer initialized.
Utilities initialized.
Graph built!
Initialized
Error = :4.17e-01; Runtime: 0.5s; Iterations = 0, grads =   1.171e+01, unitary_metric = 1.00004
Error = :7.98e-02; Runtime: 4.2s; Iterations = 20, grads =   3.528e+00, unitary_metric = 1.00003
Error = :7.78e-04; Runtime: 4.6s; Iterations = 23, grads =   2.247e-02, unitary_metric = 1.00005
data saved at: /project/ftchong/qoc/yongshan/00002_04_flex3regN8p6_slice_44.h5


trying total_time: 11.25 for unitary of size (4, 4)
data saved at: /project/ftchong/qoc/yongshan/00003_04_flex3regN8p6_slice_44.h5
Using 6 Taylor terms and 1 Scaling & Squaring terms
Building graph:
Propagators initialized.
Operators weight initialized.
Intermediate propagation variables initialized.
Intermediate propagators initialized.
Vectors initialized.
Training loss initialized.
Optimizer initialized.
Utilities initialized.
Graph built!
Initialized
Error = :9.46e-02; Runtime: 0.3s; Iterations = 0, grads =   2.079e+00, unitary_metric = 1.00000
Error = :9.15e-03; Runtime: 2.1s; Iterations = 20, grads =   2.154e-01, unitary_metric = 1.00000
Error = :5.89e-04; Runtime: 3.5s; Iterations = 39, grads =   1.319e-02, unitary_metric = 1.00000
data saved at: /project/ftchong/qoc/yongshan/00003_04_flex3regN8p6_slice_44.h5


trying total_time: 5.6 for unitary of size (4, 4)
data saved at: /project/ftchong/qoc/yongshan/00004_04_flex3regN8p6_slice_44.h5
Using 6 Taylor terms and 1 Scaling & Squaring terms
Building graph:
Propagators initialized.
Operators weight initialized.
Intermediate propagation variables initialized.
Intermediate propagators initialized.
Vectors initialized.
Training loss initialized.
Optimizer initialized.
Utilities initialized.
Graph built!
Initialized
Error = :3.31e-01; Runtime: 0.2s; Iterations = 0, grads =   2.701e+00, unitary_metric = 1.00000
Error = :1.44e-02; Runtime: 1.1s; Iterations = 20, grads =   1.726e-01, unitary_metric = 1.00000
Error = :5.92e-04; Runtime: 1.3s; Iterations = 25, grads =   6.514e-03, unitary_metric = 1.00000
data saved at: /project/ftchong/qoc/yongshan/00004_04_flex3regN8p6_slice_44.h5


trying total_time: 2.8 for unitary of size (4, 4)
data saved at: /project/ftchong/qoc/yongshan/00005_04_flex3regN8p6_slice_44.h5
Using 6 Taylor terms and 1 Scaling & Squaring terms
Building graph:
Propagators initialized.
Operators weight initialized.
Intermediate propagation variables initialized.
Intermediate propagators initialized.
Vectors initialized.
Training loss initialized.
Optimizer initialized.
Utilities initialized.
Graph built!
Initialized
Error = :1.12e-01; Runtime: 0.1s; Iterations = 0, grads =   5.867e-01, unitary_metric = 1.00000
Error = :7.79e-04; Runtime: 0.6s; Iterations = 19, grads =   3.791e-03, unitary_metric = 1.00000
data saved at: /project/ftchong/qoc/yongshan/00005_04_flex3regN8p6_slice_44.h5


trying total_time: 1.4 for unitary of size (4, 4)
data saved at: /project/ftchong/qoc/yongshan/00006_04_flex3regN8p6_slice_44.h5
Using 6 Taylor terms and 1 Scaling & Squaring terms
Building graph:
Propagators initialized.
Operators weight initialized.
Intermediate propagation variables initialized.
Intermediate propagators initialized.
Vectors initialized.
Training loss initialized.
Optimizer initialized.
Utilities initialized.
Graph built!
Initialized
Error = :2.91e-02; Runtime: 0.1s; Iterations = 0, grads =   8.413e-02, unitary_metric = 1.00000
Error = :1.73e-04; Runtime: 0.3s; Iterations = 10, grads =   3.941e-04, unitary_metric = 1.00000
data saved at: /project/ftchong/qoc/yongshan/00006_04_flex3regN8p6_slice_44.h5


trying total_time: 0.7 for unitary of size (4, 4)
data saved at: /project/ftchong/qoc/yongshan/00007_04_flex3regN8p6_slice_44.h5
Using 7 Taylor terms and 0 Scaling & Squaring terms
Building graph:
Propagators initialized.
Operators weight initialized.
Intermediate propagation variables initialized.
Intermediate propagators initialized.
Vectors initialized.
Training loss initialized.
Optimizer initialized.
Utilities initialized.
Graph built!
Initialized
Error = :1.04e-01; Runtime: 0.0s; Iterations = 0, grads =   1.195e-01, unitary_metric = 1.00000
Error = :6.02e-03; Runtime: 0.2s; Iterations = 20, grads =   8.309e-03, unitary_metric = 1.00000
Error = :5.50e-04; Runtime: 0.3s; Iterations = 27, grads =   4.266e-04, unitary_metric = 1.00000
data saved at: /project/ftchong/qoc/yongshan/00007_04_flex3regN8p6_slice_44.h5


trying total_time: 0.35 for unitary of size (4, 4)
data saved at: /project/ftchong/qoc/yongshan/00008_04_flex3regN8p6_slice_44.h5
Using 7 Taylor terms and 0 Scaling & Squaring terms
Building graph:
Propagators initialized.
Operators weight initialized.
Intermediate propagation variables initialized.
Intermediate propagators initialized.
Vectors initialized.
Training loss initialized.
Optimizer initialized.
Utilities initialized.
Graph built!
Initialized
Error = :4.05e-03; Runtime: 0.0s; Iterations = 0, grads =   2.295e-03, unitary_metric = 1.00000
Error = :6.45e-04; Runtime: 0.1s; Iterations = 3, grads =   1.227e-04, unitary_metric = 1.00000
data saved at: /project/ftchong/qoc/yongshan/00008_04_flex3regN8p6_slice_44.h5


trying total_time: 0.15 for unitary of size (4, 4)
data saved at: /project/ftchong/qoc/yongshan/00009_04_flex3regN8p6_slice_44.h5
Using 5 Taylor terms and 1 Scaling & Squaring terms
Building graph:
Propagators initialized.
Operators weight initialized.
Intermediate propagation variables initialized.
Intermediate propagators initialized.
Vectors initialized.
Training loss initialized.
Optimizer initialized.
Utilities initialized.
Graph built!
Initialized
Error = :1.87e-02; Runtime: 0.0s; Iterations = 0, grads =   4.763e-03, unitary_metric = 1.00000
Error = :9.95e-04; Runtime: 0.1s; Iterations = 17, grads =   2.129e-04, unitary_metric = 1.00000
data saved at: /project/ftchong/qoc/yongshan/00009_04_flex3regN8p6_slice_44.h5


trying total_time: 180.0 for unitary of size (16, 16)
data saved at: /project/ftchong/qoc/yongshan/00010_04_flex3regN8p6_slice_44.h5
Using 8 Taylor terms and 2 Scaling & Squaring terms
Building graph:
Propagators initialized.
Operators weight initialized.
Intermediate propagation variables initialized.
Intermediate propagators initialized.
Vectors initialized.
Training loss initialized.
Optimizer initialized.
Utilities initialized.
Graph built!
Initialized
Error = :9.40e-01; Runtime: 6.7s; Iterations = 0, grads =   5.952e-02, unitary_metric = 1.00039
Error = :1.00e+00; Runtime: 96.1s; Iterations = 20, grads =   1.546e-03, unitary_metric = 1.00016
Error = :9.99e-01; Runtime: 174.7s; Iterations = 40, grads =   2.792e-03, unitary_metric = 1.00001
Error = :9.26e-01; Runtime: 253.4s; Iterations = 60, grads =   1.005e+00, unitary_metric = 0.99998
Error = :9.97e-01; Runtime: 334.6s; Iterations = 80, grads =   1.030e-02, unitary_metric = 0.99987
Error = :9.99e-01; Runtime: 415.0s; Iterations = 100, grads =   3.157e-03, unitary_metric = 0.99992
Error = :9.95e-01; Runtime: 501.0s; Iterations = 120, grads =   2.985e-02, unitary_metric = 0.99988
Error = :9.35e-01; Runtime: 581.5s; Iterations = 140, grads =   7.776e-01, unitary_metric = 0.99989
Error = :9.08e-01; Runtime: 662.7s; Iterations = 160, grads =   2.242e+00, unitary_metric = 0.99984
Error = :8.92e-01; Runtime: 743.5s; Iterations = 180, grads =   7.518e-01, unitary_metric = 0.99988
Error = :9.87e-01; Runtime: 824.3s; Iterations = 200, grads =   4.741e-01, unitary_metric = 0.99986
Error = :8.64e-01; Runtime: 911.0s; Iterations = 220, grads =   1.482e+00, unitary_metric = 0.99987
Error = :7.11e-01; Runtime: 993.1s; Iterations = 240, grads =   5.050e+00, unitary_metric = 0.99986
Error = :7.88e-01; Runtime: 1074.5s; Iterations = 260, grads =   2.029e+00, unitary_metric = 0.99985
Error = :6.66e-01; Runtime: 1156.1s; Iterations = 280, grads =   7.034e+00, unitary_metric = 0.99984
Error = :9.86e-01; Runtime: 1237.7s; Iterations = 300, grads =   4.247e-01, unitary_metric = 0.99984
Error = :5.64e-01; Runtime: 1324.5s; Iterations = 320, grads =   1.103e+01, unitary_metric = 0.99984
Error = :6.96e-01; Runtime: 1406.1s; Iterations = 340, grads =   8.326e+00, unitary_metric = 0.99985
Error = :8.39e-01; Runtime: 1488.0s; Iterations = 360, grads =   1.311e+00, unitary_metric = 0.99986
Error = :5.55e-01; Runtime: 1570.1s; Iterations = 380, grads =   1.527e+01, unitary_metric = 0.99983
Error = :7.57e-01; Runtime: 1655.4s; Iterations = 400, grads =   1.877e+01, unitary_metric = 0.99986
Error = :5.99e-01; Runtime: 1744.5s; Iterations = 420, grads =   8.117e+00, unitary_metric = 0.99982
Error = :3.53e-01; Runtime: 1826.3s; Iterations = 440, grads =   1.474e+01, unitary_metric = 0.99985
Error = :1.48e-01; Runtime: 1907.9s; Iterations = 460, grads =   9.742e+00, unitary_metric = 0.99985
Error = :8.04e-02; Runtime: 1989.7s; Iterations = 480, grads =   7.305e+00, unitary_metric = 0.99985
Error = :1.35e-02; Runtime: 2073.8s; Iterations = 500, grads =   1.037e+00, unitary_metric = 0.99985
Error = :7.08e-03; Runtime: 2162.0s; Iterations = 520, grads =   4.788e-01, unitary_metric = 0.99985
Error = :2.12e-03; Runtime: 2246.7s; Iterations = 540, grads =   1.030e-01, unitary_metric = 0.99984
Error = :1.60e-02; Runtime: 2330.1s; Iterations = 560, grads =   1.209e+00, unitary_metric = 0.99986
Error = :1.98e-03; Runtime: 2411.1s; Iterations = 580, grads =   1.130e-01, unitary_metric = 0.99985
Error = :1.08e-02; Runtime: 2492.1s; Iterations = 600, grads =   8.945e-01, unitary_metric = 0.99985
Error = :4.90e-03; Runtime: 2577.5s; Iterations = 620, grads =   3.623e-01, unitary_metric = 0.99986
Error = :2.46e-02; Runtime: 2659.6s; Iterations = 640, grads =   2.020e+00, unitary_metric = 0.99987
Error = :6.95e-03; Runtime: 2741.9s; Iterations = 660, grads =   5.483e-01, unitary_metric = 0.99985
Error = :2.70e-02; Runtime: 2824.1s; Iterations = 680, grads =   2.125e+00, unitary_metric = 0.99985
Error = :2.59e-02; Runtime: 2909.5s; Iterations = 700, grads =   1.962e+00, unitary_metric = 0.99985
Error = :1.34e-02; Runtime: 3000.2s; Iterations = 720, grads =   9.761e-01, unitary_metric = 0.99985
Error = :1.13e-02; Runtime: 3085.3s; Iterations = 740, grads =   9.377e-01, unitary_metric = 0.99986
Error = :6.21e-03; Runtime: 3167.2s; Iterations = 760, grads =   4.590e-01, unitary_metric = 0.99986
Error = :1.05e-02; Runtime: 3248.8s; Iterations = 780, grads =   9.160e-01, unitary_metric = 0.99986
Error = :3.74e-03; Runtime: 3329.8s; Iterations = 800, grads =   2.703e-01, unitary_metric = 0.99986
Error = :5.65e-03; Runtime: 3421.8s; Iterations = 820, grads =   4.412e-01, unitary_metric = 0.99986
Error = :2.15e-02; Runtime: 3509.0s; Iterations = 840, grads =   1.529e+00, unitary_metric = 0.99987
Error = :9.38e-03; Runtime: 3596.3s; Iterations = 860, grads =   7.718e-01, unitary_metric = 0.99986
Error = :5.85e-03; Runtime: 3683.5s; Iterations = 880, grads =   4.290e-01, unitary_metric = 0.99986
Error = :5.15e-03; Runtime: 3770.8s; Iterations = 900, grads =   4.049e-01, unitary_metric = 0.99986
Error = :2.08e-02; Runtime: 3861.7s; Iterations = 920, grads =   1.528e+00, unitary_metric = 0.99987
Error = :5.00e-03; Runtime: 3944.2s; Iterations = 940, grads =   3.992e-01, unitary_metric = 0.99987
Error = :8.08e-03; Runtime: 4026.0s; Iterations = 960, grads =   5.574e-01, unitary_metric = 0.99987
Error = :6.23e-03; Runtime: 4108.8s; Iterations = 980, grads =   4.876e-01, unitary_metric = 0.99986
Error = :9.15e-03; Runtime: 4191.3s; Iterations = 1000, grads =   6.660e-01, unitary_metric = 0.99985
Error = :1.49e-02; Runtime: 4278.3s; Iterations = 1020, grads =   1.083e+00, unitary_metric = 0.99985
Error = :2.59e-03; Runtime: 4360.2s; Iterations = 1040, grads =   2.179e-01, unitary_metric = 0.99986
Error = :5.70e-03; Runtime: 4442.0s; Iterations = 1060, grads =   4.149e-01, unitary_metric = 0.99986
Error = :1.08e-02; Runtime: 4523.8s; Iterations = 1080, grads =   7.745e-01, unitary_metric = 0.99986
Error = :8.09e-03; Runtime: 4606.0s; Iterations = 1100, grads =   5.889e-01, unitary_metric = 0.99986
Error = :1.18e-02; Runtime: 4692.7s; Iterations = 1120, grads =   9.261e-01, unitary_metric = 0.99986
Error = :5.94e-03; Runtime: 4774.8s; Iterations = 1140, grads =   4.245e-01, unitary_metric = 0.99986
Error = :9.16e-03; Runtime: 4856.4s; Iterations = 1160, grads =   6.585e-01, unitary_metric = 0.99986
Error = :3.21e-03; Runtime: 4937.9s; Iterations = 1180, grads =   2.172e-01, unitary_metric = 0.99985
Error = :1.31e-02; Runtime: 5019.9s; Iterations = 1200, grads =   9.628e-01, unitary_metric = 0.99985
Error = :4.08e-03; Runtime: 5106.7s; Iterations = 1220, grads =   3.261e-01, unitary_metric = 0.99986
Error = :9.61e-03; Runtime: 5189.0s; Iterations = 1240, grads =   6.784e-01, unitary_metric = 0.99985
Error = :1.11e-02; Runtime: 5270.8s; Iterations = 1260, grads =   7.904e-01, unitary_metric = 0.99986
Error = :4.40e-03; Runtime: 5352.3s; Iterations = 1280, grads =   3.474e-01, unitary_metric = 0.99987
Error = :5.32e-03; Runtime: 5434.0s; Iterations = 1300, grads =   3.659e-01, unitary_metric = 0.99985
Error = :6.30e-03; Runtime: 5521.0s; Iterations = 1320, grads =   4.272e-01, unitary_metric = 0.99985
Error = :7.68e-03; Runtime: 5603.3s; Iterations = 1340, grads =   5.487e-01, unitary_metric = 0.99985
Error = :3.13e-03; Runtime: 5685.5s; Iterations = 1360, grads =   2.176e-01, unitary_metric = 0.99986
Error = :3.75e-03; Runtime: 5767.2s; Iterations = 1380, grads =   2.610e-01, unitary_metric = 0.99985
Error = :6.20e-03; Runtime: 5849.0s; Iterations = 1400, grads =   4.293e-01, unitary_metric = 0.99985
Error = :3.41e-03; Runtime: 5935.7s; Iterations = 1420, grads =   2.453e-01, unitary_metric = 0.99987
Error = :2.07e-03; Runtime: 6017.1s; Iterations = 1440, grads =   1.366e-01, unitary_metric = 0.99985
Error = :1.26e-02; Runtime: 6098.9s; Iterations = 1460, grads =   8.568e-01, unitary_metric = 0.99986
Error = :1.51e-03; Runtime: 6180.5s; Iterations = 1480, grads =   9.283e-02, unitary_metric = 0.99986
Error = :2.98e-03; Runtime: 6261.9s; Iterations = 1500, grads =   2.119e-01, unitary_metric = 0.99984
Error = :2.13e-03; Runtime: 6349.0s; Iterations = 1520, grads =   1.462e-01, unitary_metric = 0.99984
Error = :1.21e-03; Runtime: 6430.3s; Iterations = 1540, grads =   6.879e-02, unitary_metric = 0.99986
Error = :2.50e-03; Runtime: 6511.9s; Iterations = 1560, grads =   1.627e-01, unitary_metric = 0.99984
Error = :1.55e-03; Runtime: 6593.6s; Iterations = 1580, grads =   1.132e-01, unitary_metric = 0.99986
Error = :9.13e-04; Runtime: 6671.3s; Iterations = 1599, grads =   4.905e-02, unitary_metric = 0.99986
data saved at: /project/ftchong/qoc/yongshan/00010_04_flex3regN8p6_slice_44.h5


trying total_time: 90.0 for unitary of size (16, 16)
data saved at: /project/ftchong/qoc/yongshan/00011_04_flex3regN8p6_slice_44.h5
Using 5 Taylor terms and 4 Scaling & Squaring terms
Building graph:
Propagators initialized.
Operators weight initialized.
Intermediate propagation variables initialized.
Intermediate propagators initialized.
Vectors initialized.
Training loss initialized.
Optimizer initialized.
Utilities initialized.
Graph built!
Initialized
Error = :9.49e-01; Runtime: 3.6s; Iterations = 0, grads =   1.126e-01, unitary_metric = 1.00048
Error = :9.29e-01; Runtime: 43.8s; Iterations = 20, grads =   1.003e+00, unitary_metric = 1.00040
Error = :8.98e-01; Runtime: 78.3s; Iterations = 40, grads =   1.721e+00, unitary_metric = 1.00039
Error = :8.54e-01; Runtime: 112.5s; Iterations = 60, grads =   1.798e+00, unitary_metric = 1.00045
Error = :4.85e-01; Runtime: 146.8s; Iterations = 80, grads =   2.632e+01, unitary_metric = 1.00040
Error = :5.43e-02; Runtime: 181.4s; Iterations = 100, grads =   2.167e+00, unitary_metric = 1.00039
Error = :8.40e-03; Runtime: 218.2s; Iterations = 120, grads =   3.809e-01, unitary_metric = 1.00037
Error = :2.12e-02; Runtime: 252.4s; Iterations = 140, grads =   1.756e+00, unitary_metric = 1.00033
Error = :8.60e-04; Runtime: 266.1s; Iterations = 148, grads =   5.466e-02, unitary_metric = 1.00036
data saved at: /project/ftchong/qoc/yongshan/00011_04_flex3regN8p6_slice_44.h5


trying total_time: 45.0 for unitary of size (16, 16)
data saved at: /project/ftchong/qoc/yongshan/00012_04_flex3regN8p6_slice_44.h5
Using 5 Taylor terms and 4 Scaling & Squaring terms
Building graph:
Propagators initialized.
Operators weight initialized.
Intermediate propagation variables initialized.
Intermediate propagators initialized.
Vectors initialized.
Training loss initialized.
Optimizer initialized.
Utilities initialized.
Graph built!
Initialized
Error = :9.44e-01; Runtime: 1.9s; Iterations = 0, grads =   4.786e-02, unitary_metric = 1.00042
Error = :9.36e-01; Runtime: 21.4s; Iterations = 20, grads =   1.162e-01, unitary_metric = 1.00040
Error = :8.25e-01; Runtime: 37.7s; Iterations = 40, grads =   1.899e-01, unitary_metric = 1.00030
Error = :1.68e-01; Runtime: 54.0s; Iterations = 60, grads =   1.413e+00, unitary_metric = 1.00022
Error = :4.25e-02; Runtime: 70.2s; Iterations = 80, grads =   2.085e+00, unitary_metric = 1.00020
Error = :2.58e-03; Runtime: 86.5s; Iterations = 100, grads =   6.234e-02, unitary_metric = 1.00020
Error = :7.42e-04; Runtime: 99.3s; Iterations = 114, grads =   3.146e-03, unitary_metric = 1.00019
data saved at: /project/ftchong/qoc/yongshan/00012_04_flex3regN8p6_slice_44.h5


trying total_time: 22.5 for unitary of size (16, 16)
data saved at: /project/ftchong/qoc/yongshan/00013_04_flex3regN8p6_slice_44.h5
Using 7 Taylor terms and 2 Scaling & Squaring terms
Building graph:
Propagators initialized.
Operators weight initialized.
Intermediate propagation variables initialized.
Intermediate propagators initialized.
Vectors initialized.
Training loss initialized.
Optimizer initialized.
Utilities initialized.
Graph built!
Initialized
Error = :9.39e-01; Runtime: 1.0s; Iterations = 0, grads =   3.978e-03, unitary_metric = 1.00002
Error = :8.69e-01; Runtime: 10.7s; Iterations = 20, grads =   4.947e-02, unitary_metric = 1.00000
Error = :7.60e-01; Runtime: 18.7s; Iterations = 40, grads =   7.836e-03, unitary_metric = 1.00001
Error = :7.51e-01; Runtime: 26.8s; Iterations = 60, grads =   1.145e-03, unitary_metric = 1.00001
Error = :7.50e-01; Runtime: 34.9s; Iterations = 80, grads =   4.314e-04, unitary_metric = 1.00001
Error = :7.50e-01; Runtime: 43.0s; Iterations = 100, grads =   9.912e-05, unitary_metric = 1.00001
Error = :7.50e-01; Runtime: 51.7s; Iterations = 120, grads =   5.793e-06, unitary_metric = 1.00001
Error = :7.53e-01; Runtime: 59.7s; Iterations = 140, grads =   4.127e-02, unitary_metric = 1.00001
Error = :7.50e-01; Runtime: 67.7s; Iterations = 160, grads =   2.524e-04, unitary_metric = 1.00001
Error = :7.50e-01; Runtime: 75.8s; Iterations = 180, grads =   4.340e-05, unitary_metric = 1.00001
Error = :7.50e-01; Runtime: 83.8s; Iterations = 200, grads =   1.825e-05, unitary_metric = 1.00001
Error = :7.37e-01; Runtime: 92.6s; Iterations = 220, grads =   5.582e-04, unitary_metric = 1.00001
Error = :1.90e-01; Runtime: 100.7s; Iterations = 240, grads =   1.520e+00, unitary_metric = 0.99999
Error = :2.87e-02; Runtime: 108.7s; Iterations = 260, grads =   4.587e-01, unitary_metric = 0.99999
Error = :6.49e-03; Runtime: 116.8s; Iterations = 280, grads =   2.036e-01, unitary_metric = 0.99999
Error = :9.16e-04; Runtime: 120.5s; Iterations = 289, grads =   4.191e-03, unitary_metric = 0.99998
data saved at: /project/ftchong/qoc/yongshan/00013_04_flex3regN8p6_slice_44.h5


trying total_time: 11.25 for unitary of size (16, 16)
data saved at: /project/ftchong/qoc/yongshan/00014_04_flex3regN8p6_slice_44.h5
Using 7 Taylor terms and 2 Scaling & Squaring terms
Building graph:
Propagators initialized.
Operators weight initialized.
Intermediate propagation variables initialized.
Intermediate propagators initialized.
Vectors initialized.
Training loss initialized.
Optimizer initialized.
Utilities initialized.
Graph built!
Initialized
Error = :9.71e-01; Runtime: 0.5s; Iterations = 0, grads =   4.413e-02, unitary_metric = 1.00001
Error = :9.37e-01; Runtime: 5.2s; Iterations = 20, grads =   2.687e-03, unitary_metric = 1.00000
Error = :8.53e-01; Runtime: 9.1s; Iterations = 40, grads =   2.290e-03, unitary_metric = 1.00000
Error = :7.70e-01; Runtime: 13.0s; Iterations = 60, grads =   4.855e-03, unitary_metric = 1.00000
Error = :7.52e-01; Runtime: 17.0s; Iterations = 80, grads =   1.022e-03, unitary_metric = 0.99999
Error = :7.50e-01; Runtime: 20.9s; Iterations = 100, grads =   1.144e-04, unitary_metric = 1.00000
Error = :7.50e-01; Runtime: 25.3s; Iterations = 120, grads =   2.084e-05, unitary_metric = 0.99999
Error = :7.27e-01; Runtime: 29.2s; Iterations = 140, grads =   1.248e-03, unitary_metric = 0.99999
Error = :1.99e-01; Runtime: 33.1s; Iterations = 160, grads =   6.986e-02, unitary_metric = 0.99999
Error = :5.50e-02; Runtime: 37.1s; Iterations = 180, grads =   4.607e-02, unitary_metric = 0.99999
Error = :3.12e-02; Runtime: 41.0s; Iterations = 200, grads =   6.642e-03, unitary_metric = 0.99999
Error = :2.56e-02; Runtime: 45.2s; Iterations = 220, grads =   4.977e-04, unitary_metric = 0.99998
Error = :2.35e-02; Runtime: 49.2s; Iterations = 240, grads =   4.464e-05, unitary_metric = 0.99998
Error = :2.24e-02; Runtime: 53.1s; Iterations = 260, grads =   4.409e-06, unitary_metric = 0.99998
Error = :2.18e-02; Runtime: 57.1s; Iterations = 280, grads =   2.445e-06, unitary_metric = 0.99998
Error = :2.14e-02; Runtime: 61.0s; Iterations = 300, grads =   3.865e-06, unitary_metric = 0.99998
Error = :2.11e-02; Runtime: 65.3s; Iterations = 320, grads =   1.622e-06, unitary_metric = 0.99999
Error = :2.09e-02; Runtime: 69.3s; Iterations = 340, grads =   4.650e-04, unitary_metric = 0.99998
Error = :2.07e-02; Runtime: 73.2s; Iterations = 360, grads =   8.153e-04, unitary_metric = 0.99998
Error = :2.05e-02; Runtime: 77.1s; Iterations = 380, grads =   1.032e-04, unitary_metric = 0.99998
Error = :2.04e-02; Runtime: 81.1s; Iterations = 400, grads =   5.108e-05, unitary_metric = 0.99998
Error = :2.03e-02; Runtime: 85.3s; Iterations = 420, grads =   2.507e-06, unitary_metric = 0.99998
Error = :2.02e-02; Runtime: 89.2s; Iterations = 440, grads =   4.703e-07, unitary_metric = 0.99998
Error = :2.01e-02; Runtime: 93.1s; Iterations = 460, grads =   7.508e-06, unitary_metric = 0.99998
Error = :2.00e-02; Runtime: 97.1s; Iterations = 480, grads =   2.336e-06, unitary_metric = 0.99998
Error = :2.00e-02; Runtime: 101.0s; Iterations = 500, grads =   1.715e-07, unitary_metric = 0.99998
Error = :1.99e-02; Runtime: 105.3s; Iterations = 520, grads =   3.762e-07, unitary_metric = 0.99998
Error = :2.03e-02; Runtime: 109.2s; Iterations = 540, grads =   4.849e-03, unitary_metric = 0.99998
Error = :1.98e-02; Runtime: 113.1s; Iterations = 560, grads =   1.970e-04, unitary_metric = 0.99998
Error = :1.97e-02; Runtime: 117.0s; Iterations = 580, grads =   1.281e-04, unitary_metric = 0.99998
Error = :1.97e-02; Runtime: 121.0s; Iterations = 600, grads =   8.102e-05, unitary_metric = 0.99998
Error = :1.96e-02; Runtime: 125.2s; Iterations = 620, grads =   3.726e-06, unitary_metric = 0.99998
Error = :1.96e-02; Runtime: 129.1s; Iterations = 640, grads =   5.270e-07, unitary_metric = 0.99998
Error = :1.95e-02; Runtime: 133.0s; Iterations = 660, grads =   4.621e-07, unitary_metric = 0.99998
Error = :1.95e-02; Runtime: 137.0s; Iterations = 680, grads =   1.578e-05, unitary_metric = 0.99998
Error = :1.94e-02; Runtime: 140.9s; Iterations = 700, grads =   1.254e-06, unitary_metric = 0.99998
Error = :1.94e-02; Runtime: 145.3s; Iterations = 720, grads =   2.334e-07, unitary_metric = 0.99998
Error = :1.94e-02; Runtime: 149.2s; Iterations = 740, grads =   1.102e-07, unitary_metric = 0.99998
Error = :1.93e-02; Runtime: 153.1s; Iterations = 760, grads =   1.260e-06, unitary_metric = 0.99998
Error = :2.06e-02; Runtime: 157.0s; Iterations = 780, grads =   1.281e-02, unitary_metric = 0.99998
Error = :1.94e-02; Runtime: 160.9s; Iterations = 800, grads =   1.228e-03, unitary_metric = 0.99998
Error = :1.92e-02; Runtime: 165.2s; Iterations = 820, grads =   2.270e-04, unitary_metric = 0.99998
Error = :1.92e-02; Runtime: 169.2s; Iterations = 840, grads =   1.572e-05, unitary_metric = 0.99998
Error = :1.92e-02; Runtime: 173.1s; Iterations = 860, grads =   6.669e-06, unitary_metric = 0.99998
Error = :1.91e-02; Runtime: 177.0s; Iterations = 880, grads =   8.736e-07, unitary_metric = 0.99998
Error = :1.91e-02; Runtime: 180.9s; Iterations = 900, grads =   7.698e-06, unitary_metric = 0.99998
Error = :1.91e-02; Runtime: 185.2s; Iterations = 920, grads =   8.130e-07, unitary_metric = 0.99998
Error = :1.90e-02; Runtime: 189.1s; Iterations = 940, grads =   9.003e-08, unitary_metric = 0.99998
Error = :1.90e-02; Runtime: 193.0s; Iterations = 960, grads =   1.511e-07, unitary_metric = 0.99998
Error = :1.90e-02; Runtime: 196.9s; Iterations = 980, grads =   6.104e-08, unitary_metric = 0.99998
Error = :1.90e-02; Runtime: 200.9s; Iterations = 1000, grads =   5.770e-08, unitary_metric = 0.99998
Error = :1.89e-02; Runtime: 205.2s; Iterations = 1020, grads =   7.049e-08, unitary_metric = 0.99998
Error = :1.89e-02; Runtime: 209.1s; Iterations = 1040, grads =   1.015e-05, unitary_metric = 0.99998
Error = :2.06e-02; Runtime: 213.1s; Iterations = 1060, grads =   1.602e-02, unitary_metric = 0.99998
Error = :1.90e-02; Runtime: 217.0s; Iterations = 1080, grads =   1.477e-03, unitary_metric = 0.99998
Error = :1.89e-02; Runtime: 220.9s; Iterations = 1100, grads =   2.121e-04, unitary_metric = 0.99998
Error = :1.88e-02; Runtime: 225.2s; Iterations = 1120, grads =   2.488e-05, unitary_metric = 0.99998
Error = :1.88e-02; Runtime: 229.1s; Iterations = 1140, grads =   2.237e-06, unitary_metric = 0.99998
Error = :1.88e-02; Runtime: 233.1s; Iterations = 1160, grads =   6.449e-07, unitary_metric = 0.99998
Error = :1.87e-02; Runtime: 237.0s; Iterations = 1180, grads =   1.247e-07, unitary_metric = 0.99998
Error = :1.87e-02; Runtime: 240.9s; Iterations = 1200, grads =   5.427e-08, unitary_metric = 0.99998
Error = :1.87e-02; Runtime: 245.2s; Iterations = 1220, grads =   4.904e-08, unitary_metric = 0.99998
Error = :1.87e-02; Runtime: 249.1s; Iterations = 1240, grads =   2.700e-07, unitary_metric = 0.99998
Error = :1.87e-02; Runtime: 253.1s; Iterations = 1260, grads =   4.646e-04, unitary_metric = 0.99998
Error = :1.92e-02; Runtime: 257.0s; Iterations = 1280, grads =   1.263e-02, unitary_metric = 0.99998
Error = :1.87e-02; Runtime: 261.0s; Iterations = 1300, grads =   9.913e-04, unitary_metric = 0.99998
Error = :1.86e-02; Runtime: 265.3s; Iterations = 1320, grads =   3.573e-04, unitary_metric = 0.99998
Error = :1.89e-02; Runtime: 269.3s; Iterations = 1340, grads =   3.022e-03, unitary_metric = 0.99998
Error = :1.86e-02; Runtime: 273.3s; Iterations = 1360, grads =   5.497e-05, unitary_metric = 0.99998
Error = :1.85e-02; Runtime: 277.2s; Iterations = 1380, grads =   5.372e-05, unitary_metric = 0.99998
Error = :1.85e-02; Runtime: 281.2s; Iterations = 1400, grads =   5.038e-06, unitary_metric = 0.99998
Error = :1.85e-02; Runtime: 285.5s; Iterations = 1420, grads =   2.933e-07, unitary_metric = 0.99998
Error = :1.85e-02; Runtime: 289.4s; Iterations = 1440, grads =   1.804e-07, unitary_metric = 0.99998
Error = :1.85e-02; Runtime: 293.4s; Iterations = 1460, grads =   4.579e-07, unitary_metric = 0.99998
Error = :1.84e-02; Runtime: 297.3s; Iterations = 1480, grads =   4.363e-06, unitary_metric = 0.99998
Error = :1.84e-02; Runtime: 301.2s; Iterations = 1500, grads =   1.137e-06, unitary_metric = 0.99998
Error = :1.84e-02; Runtime: 305.5s; Iterations = 1520, grads =   3.288e-06, unitary_metric = 0.99998
Error = :1.84e-02; Runtime: 309.4s; Iterations = 1540, grads =   5.921e-04, unitary_metric = 0.99998
Error = :1.85e-02; Runtime: 313.4s; Iterations = 1560, grads =   1.850e-03, unitary_metric = 0.99998
Error = :1.84e-02; Runtime: 317.3s; Iterations = 1580, grads =   8.208e-04, unitary_metric = 0.99998
Error = :1.84e-02; Runtime: 321.2s; Iterations = 1600, grads =   5.075e-04, unitary_metric = 0.99998
Error = :1.83e-02; Runtime: 325.5s; Iterations = 1620, grads =   3.115e-05, unitary_metric = 0.99998
Error = :1.83e-02; Runtime: 329.4s; Iterations = 1640, grads =   1.766e-06, unitary_metric = 0.99998
Error = :1.83e-02; Runtime: 333.4s; Iterations = 1660, grads =   2.842e-07, unitary_metric = 0.99998
Error = :1.83e-02; Runtime: 337.3s; Iterations = 1680, grads =   4.933e-08, unitary_metric = 0.99998
Error = :1.83e-02; Runtime: 341.2s; Iterations = 1700, grads =   5.321e-08, unitary_metric = 0.99998
Error = :1.83e-02; Runtime: 345.5s; Iterations = 1720, grads =   8.083e-08, unitary_metric = 0.99998
Error = :1.82e-02; Runtime: 349.4s; Iterations = 1740, grads =   1.877e-05, unitary_metric = 0.99998
Error = :1.89e-02; Runtime: 353.3s; Iterations = 1760, grads =   1.584e-02, unitary_metric = 0.99998
Error = :1.83e-02; Runtime: 357.3s; Iterations = 1780, grads =   1.550e-03, unitary_metric = 0.99998
Error = :1.82e-02; Runtime: 361.2s; Iterations = 1800, grads =   1.279e-04, unitary_metric = 0.99998
Error = :1.83e-02; Runtime: 365.5s; Iterations = 1820, grads =   1.261e-03, unitary_metric = 0.99998
Error = :1.82e-02; Runtime: 369.4s; Iterations = 1840, grads =   3.537e-04, unitary_metric = 0.99998
Error = :1.82e-02; Runtime: 373.4s; Iterations = 1860, grads =   1.718e-04, unitary_metric = 0.99998
Error = :1.82e-02; Runtime: 377.3s; Iterations = 1880, grads =   1.028e-05, unitary_metric = 0.99998
Error = :1.82e-02; Runtime: 381.2s; Iterations = 1900, grads =   2.300e-07, unitary_metric = 0.99998
Error = :1.81e-02; Runtime: 385.7s; Iterations = 1920, grads =   1.682e-07, unitary_metric = 0.99998
Error = :1.81e-02; Runtime: 389.6s; Iterations = 1940, grads =   3.050e-08, unitary_metric = 0.99998
Error = :1.81e-02; Runtime: 393.6s; Iterations = 1960, grads =   2.235e-08, unitary_metric = 0.99998
Error = :1.81e-02; Runtime: 397.5s; Iterations = 1980, grads =   5.488e-08, unitary_metric = 0.99998
Error = :1.81e-02; Runtime: 401.5s; Iterations = 2000, grads =   3.597e-05, unitary_metric = 0.99998
Error = :1.86e-02; Runtime: 405.8s; Iterations = 2020, grads =   1.227e-02, unitary_metric = 0.99998
Error = :1.81e-02; Runtime: 409.7s; Iterations = 2040, grads =   1.067e-03, unitary_metric = 0.99998
Error = :1.81e-02; Runtime: 413.7s; Iterations = 2060, grads =   1.750e-06, unitary_metric = 0.99998
Error = :1.81e-02; Runtime: 417.6s; Iterations = 2080, grads =   9.545e-05, unitary_metric = 0.99998
Error = :1.81e-02; Runtime: 421.5s; Iterations = 2100, grads =   1.684e-04, unitary_metric = 0.99998
Error = :1.81e-02; Runtime: 426.2s; Iterations = 2120, grads =   1.545e-04, unitary_metric = 0.99998
Error = :1.80e-02; Runtime: 430.1s; Iterations = 2140, grads =   4.485e-05, unitary_metric = 0.99998
Error = :1.80e-02; Runtime: 434.1s; Iterations = 2160, grads =   3.110e-06, unitary_metric = 0.99998
Error = :1.80e-02; Runtime: 438.0s; Iterations = 2180, grads =   4.013e-07, unitary_metric = 0.99998
Error = :1.80e-02; Runtime: 441.9s; Iterations = 2200, grads =   1.180e-07, unitary_metric = 0.99998
Error = :1.80e-02; Runtime: 446.3s; Iterations = 2220, grads =   2.463e-08, unitary_metric = 0.99998
Error = :1.80e-02; Runtime: 450.3s; Iterations = 2240, grads =   1.552e-08, unitary_metric = 0.99998
Error = :1.80e-02; Runtime: 454.2s; Iterations = 2260, grads =   6.897e-08, unitary_metric = 0.99998
Error = :1.80e-02; Runtime: 458.2s; Iterations = 2280, grads =   1.226e-04, unitary_metric = 0.99998
Error = :1.81e-02; Runtime: 462.1s; Iterations = 2300, grads =   2.104e-03, unitary_metric = 0.99998
Error = :1.80e-02; Runtime: 466.3s; Iterations = 2320, grads =   1.046e-04, unitary_metric = 0.99997
Error = :1.80e-02; Runtime: 470.2s; Iterations = 2340, grads =   1.222e-04, unitary_metric = 0.99998
Error = :1.80e-02; Runtime: 474.2s; Iterations = 2360, grads =   1.259e-04, unitary_metric = 0.99998
Error = :1.80e-02; Runtime: 478.1s; Iterations = 2380, grads =   2.819e-04, unitary_metric = 0.99998
Error = :1.80e-02; Runtime: 482.0s; Iterations = 2400, grads =   6.268e-06, unitary_metric = 0.99998
Error = :1.79e-02; Runtime: 486.3s; Iterations = 2420, grads =   8.857e-07, unitary_metric = 0.99998
Error = :1.79e-02; Runtime: 490.2s; Iterations = 2440, grads =   3.354e-07, unitary_metric = 0.99998
Error = :1.79e-02; Runtime: 494.1s; Iterations = 2460, grads =   4.353e-08, unitary_metric = 0.99998
Error = :1.79e-02; Runtime: 498.1s; Iterations = 2480, grads =   1.264e-08, unitary_metric = 0.99998
Error = :1.79e-02; Runtime: 502.2s; Iterations = 2500, grads =   1.301e-08, unitary_metric = 0.99998
Error = :1.79e-02; Runtime: 506.4s; Iterations = 2520, grads =   1.226e-08, unitary_metric = 0.99998
Error = :1.79e-02; Runtime: 510.4s; Iterations = 2540, grads =   3.965e-08, unitary_metric = 0.99997
Error = :1.79e-02; Runtime: 514.3s; Iterations = 2560, grads =   1.827e-08, unitary_metric = 0.99998
Error = :1.79e-02; Runtime: 518.2s; Iterations = 2580, grads =   1.180e-08, unitary_metric = 0.99998
Error = :1.79e-02; Runtime: 522.1s; Iterations = 2600, grads =   9.375e-08, unitary_metric = 0.99998
Error = :1.79e-02; Runtime: 526.4s; Iterations = 2620, grads =   4.795e-05, unitary_metric = 0.99998
Error = :1.79e-02; Runtime: 530.3s; Iterations = 2640, grads =   1.352e-04, unitary_metric = 0.99998
Error = :1.79e-02; Runtime: 534.3s; Iterations = 2660, grads =   6.411e-04, unitary_metric = 0.99998
Error = :1.79e-02; Runtime: 538.2s; Iterations = 2680, grads =   8.338e-04, unitary_metric = 0.99998
Error = :1.79e-02; Runtime: 542.1s; Iterations = 2700, grads =   3.290e-04, unitary_metric = 0.99998
Error = :1.79e-02; Runtime: 546.4s; Iterations = 2720, grads =   4.328e-05, unitary_metric = 0.99998
Error = :1.78e-02; Runtime: 550.3s; Iterations = 2740, grads =   4.875e-06, unitary_metric = 0.99998
Error = :1.78e-02; Runtime: 554.2s; Iterations = 2760, grads =   7.662e-07, unitary_metric = 0.99997
Error = :1.78e-02; Runtime: 558.2s; Iterations = 2780, grads =   7.589e-08, unitary_metric = 0.99998
Error = :1.78e-02; Runtime: 562.1s; Iterations = 2800, grads =   2.539e-08, unitary_metric = 0.99998
Error = :1.78e-02; Runtime: 566.4s; Iterations = 2820, grads =   1.283e-08, unitary_metric = 0.99998
Error = :1.78e-02; Runtime: 570.3s; Iterations = 2840, grads =   1.396e-08, unitary_metric = 0.99998
Error = :1.78e-02; Runtime: 574.2s; Iterations = 2860, grads =   1.082e-08, unitary_metric = 0.99998
Error = :1.78e-02; Runtime: 578.1s; Iterations = 2880, grads =   1.020e-08, unitary_metric = 0.99997
Error = :1.78e-02; Runtime: 582.1s; Iterations = 2900, grads =   2.807e-08, unitary_metric = 0.99998
Error = :1.78e-02; Runtime: 586.4s; Iterations = 2920, grads =   6.515e-06, unitary_metric = 0.99998
Error = :1.83e-02; Runtime: 590.3s; Iterations = 2940, grads =   5.440e-03, unitary_metric = 0.99998
Error = :1.78e-02; Runtime: 594.2s; Iterations = 2960, grads =   5.028e-04, unitary_metric = 0.99998
Error = :1.78e-02; Runtime: 598.2s; Iterations = 2980, grads =   2.358e-04, unitary_metric = 0.99998
Error = :1.78e-02; Runtime: 602.1s; Iterations = 3000, grads =   7.169e-06, unitary_metric = 0.99998
Error = :1.78e-02; Runtime: 606.3s; Iterations = 3020, grads =   2.577e-06, unitary_metric = 0.99998
Error = :1.78e-02; Runtime: 610.3s; Iterations = 3040, grads =   4.869e-07, unitary_metric = 0.99998
Error = :1.78e-02; Runtime: 614.3s; Iterations = 3060, grads =   4.994e-08, unitary_metric = 0.99998
Error = :1.78e-02; Runtime: 618.2s; Iterations = 3080, grads =   1.401e-08, unitary_metric = 0.99998
Error = :1.78e-02; Runtime: 622.3s; Iterations = 3100, grads =   2.250e-08, unitary_metric = 0.99998
Error = :1.78e-02; Runtime: 626.7s; Iterations = 3120, grads =   1.302e-08, unitary_metric = 0.99998
Error = :1.77e-02; Runtime: 630.6s; Iterations = 3140, grads =   1.180e-08, unitary_metric = 0.99998
Error = :1.77e-02; Runtime: 634.5s; Iterations = 3160, grads =   1.074e-08, unitary_metric = 0.99998
Error = :1.77e-02; Runtime: 638.4s; Iterations = 3180, grads =   1.298e-08, unitary_metric = 0.99998
Error = :1.77e-02; Runtime: 642.3s; Iterations = 3200, grads =   3.827e-08, unitary_metric = 0.99998
Error = :1.77e-02; Runtime: 646.6s; Iterations = 3220, grads =   2.245e-06, unitary_metric = 0.99997
Error = :1.78e-02; Runtime: 650.6s; Iterations = 3240, grads =   7.905e-04, unitary_metric = 0.99998
Error = :1.78e-02; Runtime: 654.5s; Iterations = 3260, grads =   1.188e-03, unitary_metric = 0.99998
Error = :1.78e-02; Runtime: 658.4s; Iterations = 3280, grads =   1.055e-03, unitary_metric = 0.99998
Error = :1.77e-02; Runtime: 662.3s; Iterations = 3300, grads =   4.316e-05, unitary_metric = 0.99998
Error = :1.77e-02; Runtime: 666.5s; Iterations = 3320, grads =   3.612e-07, unitary_metric = 0.99998
Error = :1.77e-02; Runtime: 670.4s; Iterations = 3340, grads =   1.263e-07, unitary_metric = 0.99998
Error = :1.77e-02; Runtime: 674.3s; Iterations = 3360, grads =   1.243e-07, unitary_metric = 0.99998
Error = :1.77e-02; Runtime: 678.3s; Iterations = 3380, grads =   4.219e-08, unitary_metric = 0.99998
Error = :1.77e-02; Runtime: 682.2s; Iterations = 3400, grads =   9.238e-09, unitary_metric = 0.99998
Error = :1.77e-02; Runtime: 686.5s; Iterations = 3420, grads =   1.217e-08, unitary_metric = 0.99998
Error = :1.77e-02; Runtime: 690.4s; Iterations = 3440, grads =   1.020e-08, unitary_metric = 0.99998
Error = :1.77e-02; Runtime: 694.3s; Iterations = 3460, grads =   1.158e-08, unitary_metric = 0.99998
Error = :1.77e-02; Runtime: 698.2s; Iterations = 3480, grads =   2.157e-08, unitary_metric = 0.99998
Error = :1.77e-02; Runtime: 702.1s; Iterations = 3500, grads =   6.444e-06, unitary_metric = 0.99998
Error = :1.79e-02; Runtime: 706.3s; Iterations = 3520, grads =   2.674e-03, unitary_metric = 0.99998
Error = :1.78e-02; Runtime: 710.3s; Iterations = 3540, grads =   3.965e-03, unitary_metric = 0.99998
Error = :1.77e-02; Runtime: 714.2s; Iterations = 3560, grads =   4.521e-04, unitary_metric = 0.99998
Error = :1.77e-02; Runtime: 718.1s; Iterations = 3580, grads =   5.389e-05, unitary_metric = 0.99998
Error = :1.76e-02; Runtime: 722.0s; Iterations = 3600, grads =   5.009e-06, unitary_metric = 0.99998
Error = :1.76e-02; Runtime: 726.3s; Iterations = 3620, grads =   8.457e-07, unitary_metric = 0.99998
Error = :1.76e-02; Runtime: 730.2s; Iterations = 3640, grads =   1.578e-07, unitary_metric = 0.99998
Error = :1.76e-02; Runtime: 734.1s; Iterations = 3660, grads =   9.127e-09, unitary_metric = 0.99998
Error = :1.76e-02; Runtime: 738.0s; Iterations = 3680, grads =   1.117e-08, unitary_metric = 0.99998
Error = :1.76e-02; Runtime: 742.0s; Iterations = 3700, grads =   9.851e-09, unitary_metric = 0.99998
Error = :1.76e-02; Runtime: 746.3s; Iterations = 3720, grads =   1.032e-08, unitary_metric = 0.99998
Error = :1.76e-02; Runtime: 750.2s; Iterations = 3740, grads =   1.422e-08, unitary_metric = 0.99998
Error = :1.76e-02; Runtime: 754.2s; Iterations = 3760, grads =   3.420e-07, unitary_metric = 0.99998
Error = :1.76e-02; Runtime: 758.1s; Iterations = 3780, grads =   4.509e-05, unitary_metric = 0.99998
Error = :1.77e-02; Runtime: 762.0s; Iterations = 3800, grads =   1.836e-03, unitary_metric = 0.99998
Error = :1.76e-02; Runtime: 766.2s; Iterations = 3820, grads =   1.141e-05, unitary_metric = 0.99998
Error = :1.76e-02; Runtime: 770.2s; Iterations = 3840, grads =   1.894e-05, unitary_metric = 0.99997
Error = :1.77e-02; Runtime: 774.1s; Iterations = 3860, grads =   5.925e-04, unitary_metric = 0.99998
Error = :1.76e-02; Runtime: 778.0s; Iterations = 3880, grads =   9.714e-05, unitary_metric = 0.99998
Error = :1.76e-02; Runtime: 781.9s; Iterations = 3900, grads =   1.956e-06, unitary_metric = 0.99998
Error = :1.76e-02; Runtime: 786.3s; Iterations = 3920, grads =   8.516e-08, unitary_metric = 0.99998
Error = :1.76e-02; Runtime: 790.2s; Iterations = 3940, grads =   1.341e-07, unitary_metric = 0.99998
Error = :1.76e-02; Runtime: 794.1s; Iterations = 3960, grads =   1.152e-07, unitary_metric = 0.99998
Error = :1.76e-02; Runtime: 798.0s; Iterations = 3980, grads =   3.340e-06, unitary_metric = 0.99998
Error = :1.76e-02; Runtime: 801.9s; Iterations = 4000, grads =   1.318e-03, unitary_metric = 0.99998
Error = :1.76e-02; Runtime: 806.2s; Iterations = 4020, grads =   4.895e-05, unitary_metric = 0.99998
Error = :1.76e-02; Runtime: 810.1s; Iterations = 4040, grads =   9.246e-06, unitary_metric = 0.99998
Error = :1.76e-02; Runtime: 814.0s; Iterations = 4060, grads =   4.807e-06, unitary_metric = 0.99998
Error = :1.76e-02; Runtime: 817.9s; Iterations = 4080, grads =   8.199e-07, unitary_metric = 0.99998
Error = :1.76e-02; Runtime: 821.8s; Iterations = 4100, grads =   1.596e-05, unitary_metric = 0.99998
Error = :1.76e-02; Runtime: 826.0s; Iterations = 4120, grads =   8.103e-04, unitary_metric = 0.99998
Error = :1.76e-02; Runtime: 830.0s; Iterations = 4140, grads =   1.004e-04, unitary_metric = 0.99998
Error = :1.75e-02; Runtime: 833.9s; Iterations = 4160, grads =   1.290e-05, unitary_metric = 0.99998
Error = :1.75e-02; Runtime: 837.8s; Iterations = 4180, grads =   1.025e-06, unitary_metric = 0.99998
Error = :1.75e-02; Runtime: 841.7s; Iterations = 4200, grads =   2.291e-08, unitary_metric = 0.99998
Error = :1.75e-02; Runtime: 845.9s; Iterations = 4220, grads =   3.044e-08, unitary_metric = 0.99998
Error = :1.75e-02; Runtime: 849.8s; Iterations = 4240, grads =   1.800e-08, unitary_metric = 0.99998
Error = :1.75e-02; Runtime: 853.7s; Iterations = 4260, grads =   6.798e-07, unitary_metric = 0.99998
Error = :1.75e-02; Runtime: 857.6s; Iterations = 4280, grads =   1.968e-04, unitary_metric = 0.99998
Error = :1.75e-02; Runtime: 861.7s; Iterations = 4300, grads =   5.047e-04, unitary_metric = 0.99998
Error = :1.75e-02; Runtime: 866.0s; Iterations = 4320, grads =   1.024e-04, unitary_metric = 0.99998
Error = :1.75e-02; Runtime: 869.9s; Iterations = 4340, grads =   1.340e-05, unitary_metric = 0.99998
Error = :1.75e-02; Runtime: 873.8s; Iterations = 4360, grads =   2.578e-04, unitary_metric = 0.99998
Error = :1.75e-02; Runtime: 877.7s; Iterations = 4380, grads =   1.959e-04, unitary_metric = 0.99998
Error = :1.75e-02; Runtime: 881.6s; Iterations = 4400, grads =   1.843e-06, unitary_metric = 0.99998
Error = :1.75e-02; Runtime: 885.8s; Iterations = 4420, grads =   4.361e-06, unitary_metric = 0.99998
Error = :1.75e-02; Runtime: 889.7s; Iterations = 4440, grads =   6.569e-07, unitary_metric = 0.99998
Error = :1.75e-02; Runtime: 893.6s; Iterations = 4460, grads =   8.594e-08, unitary_metric = 0.99998
Error = :1.75e-02; Runtime: 897.5s; Iterations = 4480, grads =   2.318e-08, unitary_metric = 0.99998
Error = :1.75e-02; Runtime: 901.3s; Iterations = 4500, grads =   1.239e-08, unitary_metric = 0.99998
Error = :1.75e-02; Runtime: 905.5s; Iterations = 4520, grads =   1.127e-08, unitary_metric = 0.99998
Error = :1.75e-02; Runtime: 909.4s; Iterations = 4540, grads =   1.493e-07, unitary_metric = 0.99998
Error = :1.75e-02; Runtime: 913.3s; Iterations = 4560, grads =   5.950e-05, unitary_metric = 0.99998
Error = :1.75e-02; Runtime: 917.2s; Iterations = 4580, grads =   1.701e-05, unitary_metric = 0.99998
Error = :1.75e-02; Runtime: 921.1s; Iterations = 4600, grads =   8.852e-06, unitary_metric = 0.99998
Error = :1.75e-02; Runtime: 925.4s; Iterations = 4620, grads =   6.471e-06, unitary_metric = 0.99998
Error = :1.75e-02; Runtime: 929.3s; Iterations = 4640, grads =   4.794e-06, unitary_metric = 0.99998
Error = :1.75e-02; Runtime: 933.2s; Iterations = 4660, grads =   4.999e-04, unitary_metric = 0.99998
Error = :1.75e-02; Runtime: 937.1s; Iterations = 4680, grads =   1.748e-05, unitary_metric = 0.99998
Error = :1.75e-02; Runtime: 941.1s; Iterations = 4700, grads =   9.558e-06, unitary_metric = 0.99998
Error = :1.75e-02; Runtime: 945.3s; Iterations = 4720, grads =   1.601e-06, unitary_metric = 0.99998
Error = :1.74e-02; Runtime: 949.2s; Iterations = 4740, grads =   2.632e-08, unitary_metric = 0.99998
Error = :1.74e-02; Runtime: 953.1s; Iterations = 4760, grads =   2.955e-08, unitary_metric = 0.99998
Error = :1.74e-02; Runtime: 957.0s; Iterations = 4780, grads =   2.028e-08, unitary_metric = 0.99998
Error = :1.74e-02; Runtime: 960.9s; Iterations = 4800, grads =   2.573e-08, unitary_metric = 0.99998
Error = :1.74e-02; Runtime: 965.1s; Iterations = 4820, grads =   1.058e-06, unitary_metric = 0.99998
Error = :1.74e-02; Runtime: 969.0s; Iterations = 4840, grads =   2.287e-04, unitary_metric = 0.99998
Error = :1.74e-02; Runtime: 972.9s; Iterations = 4860, grads =   3.187e-04, unitary_metric = 0.99998
Error = :1.75e-02; Runtime: 976.7s; Iterations = 4880, grads =   5.833e-04, unitary_metric = 0.99997
Error = :1.74e-02; Runtime: 980.6s; Iterations = 4900, grads =   1.425e-05, unitary_metric = 0.99998
Error = :1.74e-02; Runtime: 984.9s; Iterations = 4920, grads =   2.535e-07, unitary_metric = 0.99998
Error = :1.74e-02; Runtime: 988.8s; Iterations = 4940, grads =   1.013e-06, unitary_metric = 0.99998
Error = :1.74e-02; Runtime: 992.7s; Iterations = 4960, grads =   3.530e-08, unitary_metric = 0.99998
Error = :1.74e-02; Runtime: 996.6s; Iterations = 4980, grads =   2.220e-08, unitary_metric = 0.99998
Error = :1.74e-02; Runtime: 1000.4s; Iterations = 5000, grads =   9.664e-09, unitary_metric = 0.99998
Error = :1.74e-02; Runtime: 1004.7s; Iterations = 5020, grads =   1.287e-08, unitary_metric = 0.99998
Error = :1.74e-02; Runtime: 1008.6s; Iterations = 5040, grads =   6.306e-08, unitary_metric = 0.99998
Error = :1.74e-02; Runtime: 1012.5s; Iterations = 5060, grads =   1.072e-06, unitary_metric = 0.99998
Error = :1.74e-02; Runtime: 1016.4s; Iterations = 5080, grads =   1.887e-04, unitary_metric = 0.99998
Error = :1.74e-02; Runtime: 1020.3s; Iterations = 5100, grads =   3.943e-04, unitary_metric = 0.99998
Error = :1.74e-02; Runtime: 1024.6s; Iterations = 5120, grads =   1.917e-04, unitary_metric = 0.99998
Error = :1.74e-02; Runtime: 1028.5s; Iterations = 5140, grads =   2.144e-05, unitary_metric = 0.99998
Error = :1.74e-02; Runtime: 1032.4s; Iterations = 5160, grads =   2.765e-06, unitary_metric = 0.99998
Error = :1.74e-02; Runtime: 1036.3s; Iterations = 5180, grads =   3.978e-07, unitary_metric = 0.99998
Error = :1.74e-02; Runtime: 1040.2s; Iterations = 5200, grads =   1.300e-08, unitary_metric = 0.99997
Error = :1.74e-02; Runtime: 1044.5s; Iterations = 5220, grads =   9.556e-09, unitary_metric = 0.99998
Error = :1.74e-02; Runtime: 1048.5s; Iterations = 5240, grads =   6.385e-09, unitary_metric = 0.99998
Error = :1.74e-02; Runtime: 1052.5s; Iterations = 5260, grads =   7.567e-09, unitary_metric = 0.99998
Error = :1.74e-02; Runtime: 1056.4s; Iterations = 5280, grads =   3.453e-08, unitary_metric = 0.99998
Error = :1.74e-02; Runtime: 1060.3s; Iterations = 5300, grads =   1.008e-06, unitary_metric = 0.99998
Error = :1.74e-02; Runtime: 1064.5s; Iterations = 5320, grads =   1.651e-04, unitary_metric = 0.99998
Error = :1.74e-02; Runtime: 1068.4s; Iterations = 5340, grads =   1.664e-04, unitary_metric = 0.99998
Error = :1.74e-02; Runtime: 1072.3s; Iterations = 5360, grads =   2.583e-04, unitary_metric = 0.99998
Error = :1.74e-02; Runtime: 1076.3s; Iterations = 5380, grads =   3.827e-05, unitary_metric = 0.99998
Error = :1.74e-02; Runtime: 1080.1s; Iterations = 5400, grads =   8.781e-06, unitary_metric = 0.99998
Error = :1.74e-02; Runtime: 1084.4s; Iterations = 5420, grads =   1.324e-06, unitary_metric = 0.99998
Error = :1.74e-02; Runtime: 1088.3s; Iterations = 5440, grads =   8.861e-09, unitary_metric = 0.99998
Error = :1.74e-02; Runtime: 1092.3s; Iterations = 5460, grads =   2.390e-08, unitary_metric = 0.99998
Error = :1.74e-02; Runtime: 1096.1s; Iterations = 5480, grads =   2.141e-08, unitary_metric = 0.99998
Error = :1.74e-02; Runtime: 1100.0s; Iterations = 5500, grads =   1.374e-08, unitary_metric = 0.99998
Error = :1.74e-02; Runtime: 1104.2s; Iterations = 5520, grads =   1.189e-07, unitary_metric = 0.99998
Error = :1.74e-02; Runtime: 1108.1s; Iterations = 5540, grads =   1.488e-05, unitary_metric = 0.99998
Error = :1.74e-02; Runtime: 1112.0s; Iterations = 5560, grads =   5.674e-04, unitary_metric = 0.99998
Error = :1.74e-02; Runtime: 1115.9s; Iterations = 5580, grads =   1.114e-04, unitary_metric = 0.99998
Error = :1.74e-02; Runtime: 1119.8s; Iterations = 5600, grads =   1.025e-05, unitary_metric = 0.99998
Error = :1.74e-02; Runtime: 1124.0s; Iterations = 5620, grads =   1.160e-05, unitary_metric = 0.99998
Error = :1.74e-02; Runtime: 1127.9s; Iterations = 5640, grads =   1.434e-06, unitary_metric = 0.99998
Error = :1.74e-02; Runtime: 1131.8s; Iterations = 5660, grads =   1.736e-07, unitary_metric = 0.99998
Error = :1.73e-02; Runtime: 1135.7s; Iterations = 5680, grads =   6.977e-09, unitary_metric = 0.99998
Error = :1.73e-02; Runtime: 1139.5s; Iterations = 5700, grads =   1.191e-08, unitary_metric = 0.99998
Error = :1.73e-02; Runtime: 1143.7s; Iterations = 5720, grads =   5.009e-09, unitary_metric = 0.99998
Error = :1.73e-02; Runtime: 1147.6s; Iterations = 5740, grads =   1.886e-08, unitary_metric = 0.99998
Error = :1.73e-02; Runtime: 1151.5s; Iterations = 5760, grads =   1.302e-07, unitary_metric = 0.99998
Error = :1.73e-02; Runtime: 1155.4s; Iterations = 5780, grads =   8.163e-06, unitary_metric = 0.99998
Error = :1.74e-02; Runtime: 1159.2s; Iterations = 5800, grads =   1.931e-04, unitary_metric = 0.99997
Error = :1.74e-02; Runtime: 1163.5s; Iterations = 5820, grads =   9.223e-04, unitary_metric = 0.99998
Error = :1.73e-02; Runtime: 1167.6s; Iterations = 5840, grads =   9.653e-05, unitary_metric = 0.99998
Error = :1.73e-02; Runtime: 1171.5s; Iterations = 5860, grads =   4.749e-06, unitary_metric = 0.99998
Error = :1.73e-02; Runtime: 1175.4s; Iterations = 5880, grads =   1.534e-07, unitary_metric = 0.99998
Error = :1.73e-02; Runtime: 1179.3s; Iterations = 5900, grads =   2.946e-08, unitary_metric = 0.99998
Error = :1.73e-02; Runtime: 1183.6s; Iterations = 5920, grads =   1.782e-08, unitary_metric = 0.99998
Error = :1.73e-02; Runtime: 1187.4s; Iterations = 5940, grads =   8.770e-09, unitary_metric = 0.99998
Error = :1.73e-02; Runtime: 1191.3s; Iterations = 5960, grads =   4.285e-09, unitary_metric = 0.99998
Error = :1.73e-02; Runtime: 1195.2s; Iterations = 5980, grads =   4.690e-09, unitary_metric = 0.99998
Error = :1.73e-02; Runtime: 1199.1s; Iterations = 6000, grads =   2.685e-08, unitary_metric = 0.99998
data saved at: /project/ftchong/qoc/yongshan/00014_04_flex3regN8p6_slice_44.h5


trying total_time: 16.85 for unitary of size (16, 16)
data saved at: /project/ftchong/qoc/yongshan/00015_04_flex3regN8p6_slice_44.h5
Using 7 Taylor terms and 2 Scaling & Squaring terms
Building graph:
Propagators initialized.
Operators weight initialized.
Intermediate propagation variables initialized.
Intermediate propagators initialized.
Vectors initialized.
Training loss initialized.
Optimizer initialized.
Utilities initialized.
Graph built!
Initialized
Error = :9.50e-01; Runtime: 0.7s; Iterations = 0, grads =   6.899e-02, unitary_metric = 1.00001
Error = :8.83e-01; Runtime: 7.8s; Iterations = 20, grads =   5.239e-02, unitary_metric = 1.00000
Error = :7.99e-01; Runtime: 13.8s; Iterations = 40, grads =   1.365e-02, unitary_metric = 1.00000
Error = :7.53e-01; Runtime: 19.8s; Iterations = 60, grads =   3.319e-03, unitary_metric = 1.00000
Error = :7.51e-01; Runtime: 25.8s; Iterations = 80, grads =   6.249e-04, unitary_metric = 1.00000
Error = :7.50e-01; Runtime: 31.8s; Iterations = 100, grads =   8.350e-05, unitary_metric = 1.00000
Error = :7.50e-01; Runtime: 38.5s; Iterations = 120, grads =   2.061e-05, unitary_metric = 1.00000
Error = :7.50e-01; Runtime: 44.4s; Iterations = 140, grads =   5.861e-06, unitary_metric = 1.00000
Error = :7.50e-01; Runtime: 50.4s; Iterations = 160, grads =   8.171e-07, unitary_metric = 1.00000
Error = :7.50e-01; Runtime: 56.4s; Iterations = 180, grads =   5.875e-07, unitary_metric = 1.00000
Error = :7.50e-01; Runtime: 62.4s; Iterations = 200, grads =   3.414e-07, unitary_metric = 1.00000
Error = :7.50e-01; Runtime: 68.9s; Iterations = 220, grads =   8.273e-08, unitary_metric = 1.00000
Error = :7.50e-01; Runtime: 74.9s; Iterations = 240, grads =   3.035e-06, unitary_metric = 1.00000
Error = :7.50e-01; Runtime: 81.0s; Iterations = 260, grads =   6.733e-03, unitary_metric = 1.00000
Error = :6.42e-01; Runtime: 87.0s; Iterations = 280, grads =   3.775e-02, unitary_metric = 0.99999
Error = :3.84e-02; Runtime: 93.0s; Iterations = 300, grads =   1.029e-01, unitary_metric = 0.99998
Error = :7.74e-03; Runtime: 99.5s; Iterations = 320, grads =   4.358e-02, unitary_metric = 0.99998
Error = :1.54e-03; Runtime: 105.5s; Iterations = 340, grads =   3.820e-03, unitary_metric = 0.99998
Error = :8.44e-04; Runtime: 107.3s; Iterations = 346, grads =   7.741e-04, unitary_metric = 0.99998
data saved at: /project/ftchong/qoc/yongshan/00015_04_flex3regN8p6_slice_44.h5


trying total_time: 14.05 for unitary of size (16, 16)
data saved at: /project/ftchong/qoc/yongshan/00016_04_flex3regN8p6_slice_44.h5
Using 7 Taylor terms and 2 Scaling & Squaring terms
Building graph:
Propagators initialized.
Operators weight initialized.
Intermediate propagation variables initialized.
Intermediate propagators initialized.
Vectors initialized.
Training loss initialized.
Optimizer initialized.
Utilities initialized.
Graph built!
Initialized
Error = :9.64e-01; Runtime: 0.6s; Iterations = 0, grads =   8.755e-02, unitary_metric = 1.00001
Error = :8.81e-01; Runtime: 6.6s; Iterations = 20, grads =   1.318e-02, unitary_metric = 1.00000
Error = :8.59e-01; Runtime: 11.5s; Iterations = 40, grads =   3.386e-03, unitary_metric = 1.00000
Error = :7.78e-01; Runtime: 16.5s; Iterations = 60, grads =   1.453e-03, unitary_metric = 1.00000
Error = :7.52e-01; Runtime: 21.5s; Iterations = 80, grads =   1.546e-04, unitary_metric = 1.00000
Error = :7.50e-01; Runtime: 26.5s; Iterations = 100, grads =   1.765e-05, unitary_metric = 1.00000
Error = :7.50e-01; Runtime: 32.0s; Iterations = 120, grads =   1.706e-06, unitary_metric = 1.00000
Error = :7.50e-01; Runtime: 37.0s; Iterations = 140, grads =   6.452e-07, unitary_metric = 1.00000
Error = :7.50e-01; Runtime: 41.9s; Iterations = 160, grads =   5.977e-08, unitary_metric = 1.00000
Error = :7.50e-01; Runtime: 46.9s; Iterations = 180, grads =   1.371e-07, unitary_metric = 1.00000
Error = :7.51e-01; Runtime: 51.9s; Iterations = 200, grads =   8.210e-03, unitary_metric = 1.00000
Error = :7.50e-01; Runtime: 57.3s; Iterations = 220, grads =   9.749e-04, unitary_metric = 1.00000
Error = :7.50e-01; Runtime: 62.3s; Iterations = 240, grads =   1.290e-04, unitary_metric = 1.00000
Error = :7.50e-01; Runtime: 67.3s; Iterations = 260, grads =   2.841e-08, unitary_metric = 1.00000
Error = :7.50e-01; Runtime: 72.2s; Iterations = 280, grads =   7.795e-08, unitary_metric = 1.00000
Error = :7.50e-01; Runtime: 77.2s; Iterations = 300, grads =   8.632e-07, unitary_metric = 1.00000
Error = :7.49e-01; Runtime: 82.6s; Iterations = 320, grads =   2.110e-05, unitary_metric = 0.99999
Error = :6.15e-01; Runtime: 87.7s; Iterations = 340, grads =   8.718e-03, unitary_metric = 0.99999
Error = :3.39e-01; Runtime: 92.8s; Iterations = 360, grads =   2.548e-01, unitary_metric = 0.99999
Error = :2.12e-02; Runtime: 97.8s; Iterations = 380, grads =   1.450e-01, unitary_metric = 0.99998
Error = :2.91e-03; Runtime: 102.7s; Iterations = 400, grads =   2.230e-02, unitary_metric = 0.99999
Error = :9.88e-04; Runtime: 105.9s; Iterations = 411, grads =   2.941e-03, unitary_metric = 0.99999
data saved at: /project/ftchong/qoc/yongshan/00016_04_flex3regN8p6_slice_44.h5


trying total_time: 12.65 for unitary of size (16, 16)
data saved at: /project/ftchong/qoc/yongshan/00017_04_flex3regN8p6_slice_44.h5
Using 7 Taylor terms and 2 Scaling & Squaring terms
Building graph:
Propagators initialized.
Operators weight initialized.
Intermediate propagation variables initialized.
Intermediate propagators initialized.
Vectors initialized.
Training loss initialized.
Optimizer initialized.
Utilities initialized.
Graph built!
Initialized
Error = :9.68e-01; Runtime: 0.5s; Iterations = 0, grads =   7.986e-02, unitary_metric = 1.00000
Error = :9.31e-01; Runtime: 5.8s; Iterations = 20, grads =   1.053e-02, unitary_metric = 1.00000
Error = :8.75e-01; Runtime: 10.2s; Iterations = 40, grads =   4.627e-03, unitary_metric = 1.00000
Error = :8.60e-01; Runtime: 14.7s; Iterations = 60, grads =   7.188e-04, unitary_metric = 1.00000
Error = :7.90e-01; Runtime: 19.1s; Iterations = 80, grads =   8.292e-04, unitary_metric = 1.00000
Error = :7.33e-01; Runtime: 23.5s; Iterations = 100, grads =   7.252e-03, unitary_metric = 0.99999
Error = :5.32e-01; Runtime: 28.3s; Iterations = 120, grads =   4.452e-03, unitary_metric = 0.99999
Error = :5.02e-01; Runtime: 32.7s; Iterations = 140, grads =   5.210e-03, unitary_metric = 0.99999
Error = :4.91e-01; Runtime: 37.1s; Iterations = 160, grads =   7.397e-04, unitary_metric = 0.99999
Error = :2.04e-01; Runtime: 41.5s; Iterations = 180, grads =   7.538e-02, unitary_metric = 0.99998
Error = :1.98e-02; Runtime: 45.9s; Iterations = 200, grads =   8.049e-02, unitary_metric = 0.99998
Error = :2.55e-03; Runtime: 50.7s; Iterations = 220, grads =   1.730e-03, unitary_metric = 0.99998
Error = :9.40e-04; Runtime: 54.0s; Iterations = 235, grads =   8.234e-04, unitary_metric = 0.99998
data saved at: /project/ftchong/qoc/yongshan/00017_04_flex3regN8p6_slice_44.h5


trying total_time: 11.95 for unitary of size (16, 16)
data saved at: /project/ftchong/qoc/yongshan/00018_04_flex3regN8p6_slice_44.h5
Using 7 Taylor terms and 2 Scaling & Squaring terms
Building graph:
Propagators initialized.
Operators weight initialized.
Intermediate propagation variables initialized.
Intermediate propagators initialized.
Vectors initialized.
Training loss initialized.
Optimizer initialized.
Utilities initialized.
Graph built!
Initialized
Error = :9.41e-01; Runtime: 0.5s; Iterations = 0, grads =   4.419e-03, unitary_metric = 1.00001
Error = :8.88e-01; Runtime: 5.5s; Iterations = 20, grads =   6.959e-03, unitary_metric = 1.00000
Error = :8.55e-01; Runtime: 9.7s; Iterations = 40, grads =   3.354e-03, unitary_metric = 1.00000
Error = :7.90e-01; Runtime: 13.9s; Iterations = 60, grads =   1.074e-03, unitary_metric = 0.99999
Error = :7.50e-01; Runtime: 18.0s; Iterations = 80, grads =   4.361e-05, unitary_metric = 0.99999
Error = :7.50e-01; Runtime: 22.2s; Iterations = 100, grads =   1.640e-05, unitary_metric = 0.99999
Error = :7.50e-01; Runtime: 26.7s; Iterations = 120, grads =   2.351e-06, unitary_metric = 0.99999
Error = :7.50e-01; Runtime: 30.9s; Iterations = 140, grads =   3.297e-07, unitary_metric = 1.00000
Error = :7.50e-01; Runtime: 35.1s; Iterations = 160, grads =   6.853e-08, unitary_metric = 0.99999
Error = :7.50e-01; Runtime: 39.3s; Iterations = 180, grads =   1.641e-06, unitary_metric = 1.00000
Error = :7.50e-01; Runtime: 43.5s; Iterations = 200, grads =   4.626e-03, unitary_metric = 0.99999
Error = :7.47e-01; Runtime: 48.1s; Iterations = 220, grads =   2.797e-04, unitary_metric = 0.99999
Error = :6.09e-01; Runtime: 52.2s; Iterations = 240, grads =   1.733e-03, unitary_metric = 0.99999
Error = :3.82e-01; Runtime: 56.4s; Iterations = 260, grads =   2.027e-02, unitary_metric = 0.99998
Error = :4.52e-02; Runtime: 60.5s; Iterations = 280, grads =   2.685e-02, unitary_metric = 0.99999
Error = :1.02e-02; Runtime: 64.7s; Iterations = 300, grads =   7.377e-03, unitary_metric = 0.99998
Error = :3.91e-03; Runtime: 69.5s; Iterations = 320, grads =   3.460e-04, unitary_metric = 0.99998
Error = :2.25e-03; Runtime: 73.7s; Iterations = 340, grads =   1.333e-04, unitary_metric = 0.99998
Error = :1.50e-03; Runtime: 77.9s; Iterations = 360, grads =   1.566e-05, unitary_metric = 0.99998
Error = :1.08e-03; Runtime: 82.0s; Iterations = 380, grads =   1.712e-06, unitary_metric = 0.99998
Error = :9.99e-04; Runtime: 83.3s; Iterations = 386, grads =   1.544e-06, unitary_metric = 0.99998
data saved at: /project/ftchong/qoc/yongshan/00018_04_flex3regN8p6_slice_44.h5


trying total_time: 11.6 for unitary of size (16, 16)
data saved at: /project/ftchong/qoc/yongshan/00019_04_flex3regN8p6_slice_44.h5
Using 7 Taylor terms and 2 Scaling & Squaring terms
Building graph:
Propagators initialized.
Operators weight initialized.
Intermediate propagation variables initialized.
Intermediate propagators initialized.
Vectors initialized.
Training loss initialized.
Optimizer initialized.
Utilities initialized.
Graph built!
Initialized
Error = :9.39e-01; Runtime: 0.5s; Iterations = 0, grads =   4.769e-03, unitary_metric = 1.00001
Error = :8.98e-01; Runtime: 5.3s; Iterations = 20, grads =   1.422e-03, unitary_metric = 1.00000
Error = :8.65e-01; Runtime: 9.3s; Iterations = 40, grads =   1.916e-03, unitary_metric = 1.00000
Error = :8.03e-01; Runtime: 13.3s; Iterations = 60, grads =   9.532e-04, unitary_metric = 1.00000
Error = :7.51e-01; Runtime: 17.3s; Iterations = 80, grads =   2.083e-04, unitary_metric = 0.99999
Error = :7.50e-01; Runtime: 21.3s; Iterations = 100, grads =   2.493e-05, unitary_metric = 0.99999
Error = :7.50e-01; Runtime: 25.7s; Iterations = 120, grads =   1.552e-06, unitary_metric = 1.00000
Error = :7.50e-01; Runtime: 29.7s; Iterations = 140, grads =   3.863e-07, unitary_metric = 0.99999
Error = :7.50e-01; Runtime: 33.7s; Iterations = 160, grads =   2.619e-06, unitary_metric = 1.00000
Error = :7.21e-01; Runtime: 37.8s; Iterations = 180, grads =   9.095e-04, unitary_metric = 0.99999
Error = :3.19e-01; Runtime: 41.8s; Iterations = 200, grads =   2.407e-02, unitary_metric = 0.99999
Error = :5.10e-02; Runtime: 46.1s; Iterations = 220, grads =   2.559e-01, unitary_metric = 0.99999
Error = :9.39e-03; Runtime: 50.1s; Iterations = 240, grads =   2.731e-02, unitary_metric = 0.99998
Error = :3.53e-03; Runtime: 54.2s; Iterations = 260, grads =   4.098e-04, unitary_metric = 0.99998
Error = :2.16e-03; Runtime: 58.2s; Iterations = 280, grads =   4.990e-04, unitary_metric = 0.99998
Error = :1.49e-03; Runtime: 62.2s; Iterations = 300, grads =   9.591e-06, unitary_metric = 0.99998
Error = :1.11e-03; Runtime: 66.6s; Iterations = 320, grads =   2.023e-06, unitary_metric = 0.99998
Error = :9.98e-04; Runtime: 68.2s; Iterations = 328, grads =   4.392e-06, unitary_metric = 0.99998
data saved at: /project/ftchong/qoc/yongshan/00019_04_flex3regN8p6_slice_44.h5


trying total_time: 11.4 for unitary of size (16, 16)
data saved at: /project/ftchong/qoc/yongshan/00020_04_flex3regN8p6_slice_44.h5
Using 7 Taylor terms and 2 Scaling & Squaring terms
Building graph:
Propagators initialized.
Operators weight initialized.
Intermediate propagation variables initialized.
Intermediate propagators initialized.
Vectors initialized.
Training loss initialized.
Optimizer initialized.
Utilities initialized.
Graph built!
Initialized
Error = :9.42e-01; Runtime: 0.6s; Iterations = 0, grads =   1.980e-02, unitary_metric = 1.00000
Error = :8.95e-01; Runtime: 5.4s; Iterations = 20, grads =   2.577e-02, unitary_metric = 1.00000
Error = :8.68e-01; Runtime: 9.3s; Iterations = 40, grads =   4.602e-03, unitary_metric = 0.99999
Error = :8.20e-01; Runtime: 13.3s; Iterations = 60, grads =   5.597e-04, unitary_metric = 1.00000
Error = :7.55e-01; Runtime: 17.2s; Iterations = 80, grads =   2.748e-04, unitary_metric = 1.00000
Error = :7.51e-01; Runtime: 21.2s; Iterations = 100, grads =   2.201e-05, unitary_metric = 1.00000
Error = :7.50e-01; Runtime: 25.5s; Iterations = 120, grads =   1.236e-06, unitary_metric = 1.00000
Error = :7.50e-01; Runtime: 29.5s; Iterations = 140, grads =   6.797e-07, unitary_metric = 1.00000
Error = :7.50e-01; Runtime: 33.4s; Iterations = 160, grads =   1.170e-07, unitary_metric = 1.00000
Error = :7.50e-01; Runtime: 37.4s; Iterations = 180, grads =   4.272e-07, unitary_metric = 0.99999
Error = :7.48e-01; Runtime: 41.3s; Iterations = 200, grads =   3.125e-05, unitary_metric = 1.00000
Error = :6.19e-01; Runtime: 45.6s; Iterations = 220, grads =   7.455e-03, unitary_metric = 0.99999
Error = :1.29e-01; Runtime: 49.6s; Iterations = 240, grads =   4.951e-01, unitary_metric = 0.99998
Error = :2.40e-02; Runtime: 53.6s; Iterations = 260, grads =   1.196e-01, unitary_metric = 0.99998
Error = :6.24e-03; Runtime: 57.5s; Iterations = 280, grads =   4.139e-03, unitary_metric = 0.99998
Error = :3.54e-03; Runtime: 61.5s; Iterations = 300, grads =   2.645e-03, unitary_metric = 0.99997
Error = :2.44e-03; Runtime: 65.8s; Iterations = 320, grads =   1.064e-04, unitary_metric = 0.99998
Error = :1.88e-03; Runtime: 69.7s; Iterations = 340, grads =   6.212e-06, unitary_metric = 0.99998
Error = :1.51e-03; Runtime: 73.7s; Iterations = 360, grads =   4.813e-06, unitary_metric = 0.99997
Error = :1.25e-03; Runtime: 77.6s; Iterations = 380, grads =   9.617e-07, unitary_metric = 0.99997
Error = :1.06e-03; Runtime: 81.6s; Iterations = 400, grads =   5.210e-05, unitary_metric = 0.99998
Error = :9.40e-04; Runtime: 85.4s; Iterations = 417, grads =   1.930e-04, unitary_metric = 0.99997
data saved at: /project/ftchong/qoc/yongshan/00020_04_flex3regN8p6_slice_44.h5


trying total_time: 90.0 for unitary of size (4, 4)
data saved at: /project/ftchong/qoc/yongshan/00021_04_flex3regN8p6_slice_44.h5
Using 5 Taylor terms and 3 Scaling & Squaring terms
Building graph:
Propagators initialized.
Operators weight initialized.
Intermediate propagation variables initialized.
Intermediate propagators initialized.
Vectors initialized.
Training loss initialized.
Optimizer initialized.
Utilities initialized.
Graph built!
Initialized
Error = :1.55e-01; Runtime: 3.2s; Iterations = 0, grads =   2.563e+01, unitary_metric = 1.00029
Error = :9.96e-01; Runtime: 23.2s; Iterations = 20, grads =   8.814e-02, unitary_metric = 1.00018
Error = :9.97e-01; Runtime: 37.7s; Iterations = 40, grads =   8.239e-02, unitary_metric = 1.00000
Error = :2.28e-01; Runtime: 52.3s; Iterations = 60, grads =   3.380e+01, unitary_metric = 1.00002
Error = :3.26e-02; Runtime: 66.8s; Iterations = 80, grads =   5.845e+00, unitary_metric = 1.00003
Error = :4.82e-04; Runtime: 71.9s; Iterations = 87, grads =   4.839e-02, unitary_metric = 1.00004
data saved at: /project/ftchong/qoc/yongshan/00021_04_flex3regN8p6_slice_44.h5


trying total_time: 45.0 for unitary of size (4, 4)
data saved at: /project/ftchong/qoc/yongshan/00022_04_flex3regN8p6_slice_44.h5
Using 4 Taylor terms and 3 Scaling & Squaring terms
Building graph:
Propagators initialized.
Operators weight initialized.
Intermediate propagation variables initialized.
Intermediate propagators initialized.
Vectors initialized.
Training loss initialized.
Optimizer initialized.
Utilities initialized.
Graph built!
Initialized
Error = :6.08e-02; Runtime: 1.5s; Iterations = 0, grads =   5.578e+00, unitary_metric = 1.00007
Error = :2.91e-02; Runtime: 10.5s; Iterations = 20, grads =   2.543e+00, unitary_metric = 1.00008
Error = :8.03e-03; Runtime: 16.8s; Iterations = 40, grads =   7.625e-01, unitary_metric = 1.00008
Error = :1.74e-03; Runtime: 23.1s; Iterations = 60, grads =   1.793e-01, unitary_metric = 1.00008
Error = :9.69e-04; Runtime: 24.1s; Iterations = 63, grads =   1.055e-01, unitary_metric = 1.00008
data saved at: /project/ftchong/qoc/yongshan/00022_04_flex3regN8p6_slice_44.h5


trying total_time: 22.5 for unitary of size (4, 4)
data saved at: /project/ftchong/qoc/yongshan/00023_04_flex3regN8p6_slice_44.h5
Using 4 Taylor terms and 3 Scaling & Squaring terms
Building graph:
Propagators initialized.
Operators weight initialized.
Intermediate propagation variables initialized.
Intermediate propagators initialized.
Vectors initialized.
Training loss initialized.
Optimizer initialized.
Utilities initialized.
Graph built!
Initialized
Error = :5.18e-02; Runtime: 1.0s; Iterations = 0, grads =   2.298e+00, unitary_metric = 1.00005
Error = :5.96e-02; Runtime: 5.3s; Iterations = 20, grads =   2.746e+00, unitary_metric = 1.00003
Error = :7.27e-03; Runtime: 8.3s; Iterations = 40, grads =   3.479e-01, unitary_metric = 1.00003
Error = :7.72e-04; Runtime: 9.4s; Iterations = 47, grads =   4.105e-02, unitary_metric = 1.00003
data saved at: /project/ftchong/qoc/yongshan/00023_04_flex3regN8p6_slice_44.h5


trying total_time: 11.25 for unitary of size (4, 4)
data saved at: /project/ftchong/qoc/yongshan/00024_04_flex3regN8p6_slice_44.h5
Using 6 Taylor terms and 1 Scaling & Squaring terms
Building graph:
Propagators initialized.
Operators weight initialized.
Intermediate propagation variables initialized.
Intermediate propagators initialized.
Vectors initialized.
Training loss initialized.
Optimizer initialized.
Utilities initialized.
Graph built!
Initialized
Error = :4.10e-01; Runtime: 0.4s; Iterations = 0, grads =   5.815e+00, unitary_metric = 1.00000
Error = :2.55e-02; Runtime: 2.8s; Iterations = 20, grads =   6.051e-01, unitary_metric = 1.00000
Error = :9.70e-04; Runtime: 3.5s; Iterations = 29, grads =   2.285e-02, unitary_metric = 1.00000
data saved at: /project/ftchong/qoc/yongshan/00024_04_flex3regN8p6_slice_44.h5


trying total_time: 5.6 for unitary of size (4, 4)
data saved at: /project/ftchong/qoc/yongshan/00025_04_flex3regN8p6_slice_44.h5
Using 6 Taylor terms and 1 Scaling & Squaring terms
Building graph:
Propagators initialized.
Operators weight initialized.
Intermediate propagation variables initialized.
Intermediate propagators initialized.
Vectors initialized.
Training loss initialized.
Optimizer initialized.
Utilities initialized.
Graph built!
Initialized
Error = :4.26e-01; Runtime: 0.2s; Iterations = 0, grads =   2.645e+00, unitary_metric = 1.00000
Error = :2.15e-02; Runtime: 1.4s; Iterations = 20, grads =   2.576e-01, unitary_metric = 1.00000
Error = :6.21e-04; Runtime: 1.6s; Iterations = 25, grads =   7.144e-03, unitary_metric = 1.00000
data saved at: /project/ftchong/qoc/yongshan/00025_04_flex3regN8p6_slice_44.h5


trying total_time: 2.8 for unitary of size (4, 4)
data saved at: /project/ftchong/qoc/yongshan/00026_04_flex3regN8p6_slice_44.h5
Using 6 Taylor terms and 1 Scaling & Squaring terms
Building graph:
Propagators initialized.
Operators weight initialized.
Intermediate propagation variables initialized.
Intermediate propagators initialized.
Vectors initialized.
Training loss initialized.
Optimizer initialized.
Utilities initialized.
Graph built!
Initialized
Error = :7.46e-02; Runtime: 0.1s; Iterations = 0, grads =   4.025e-01, unitary_metric = 1.00000
Error = :6.38e-04; Runtime: 0.7s; Iterations = 17, grads =   2.269e-03, unitary_metric = 1.00000
data saved at: /project/ftchong/qoc/yongshan/00026_04_flex3regN8p6_slice_44.h5


trying total_time: 1.4 for unitary of size (4, 4)
data saved at: /project/ftchong/qoc/yongshan/00027_04_flex3regN8p6_slice_44.h5
Using 6 Taylor terms and 1 Scaling & Squaring terms
Building graph:
Propagators initialized.
Operators weight initialized.
Intermediate propagation variables initialized.
Intermediate propagators initialized.
Vectors initialized.
Training loss initialized.
Optimizer initialized.
Utilities initialized.
Graph built!
Initialized
Error = :1.59e-01; Runtime: 0.1s; Iterations = 0, grads =   3.904e-01, unitary_metric = 1.00000
Error = :1.19e-03; Runtime: 0.5s; Iterations = 20, grads =   3.365e-03, unitary_metric = 1.00000
Error = :7.38e-04; Runtime: 0.6s; Iterations = 32, grads =   2.162e-03, unitary_metric = 1.00000
data saved at: /project/ftchong/qoc/yongshan/00027_04_flex3regN8p6_slice_44.h5


trying total_time: 0.7 for unitary of size (4, 4)
data saved at: /project/ftchong/qoc/yongshan/00028_04_flex3regN8p6_slice_44.h5
Using 7 Taylor terms and 0 Scaling & Squaring terms
Building graph:
Propagators initialized.
Operators weight initialized.
Intermediate propagation variables initialized.
Intermediate propagators initialized.
Vectors initialized.
Training loss initialized.
Optimizer initialized.
Utilities initialized.
Graph built!
Initialized
Error = :3.75e-01; Runtime: 0.1s; Iterations = 0, grads =   3.223e-01, unitary_metric = 1.00000
Error = :5.22e-03; Runtime: 0.3s; Iterations = 20, grads =   7.361e-03, unitary_metric = 1.00000
Error = :8.69e-04; Runtime: 0.3s; Iterations = 22, grads =   1.096e-03, unitary_metric = 1.00000
data saved at: /project/ftchong/qoc/yongshan/00028_04_flex3regN8p6_slice_44.h5


trying total_time: 0.35 for unitary of size (4, 4)
data saved at: /project/ftchong/qoc/yongshan/00029_04_flex3regN8p6_slice_44.h5
Using 7 Taylor terms and 0 Scaling & Squaring terms
Building graph:
Propagators initialized.
Operators weight initialized.
Intermediate propagation variables initialized.
Intermediate propagators initialized.
Vectors initialized.
Training loss initialized.
Optimizer initialized.
Utilities initialized.
Graph built!
Initialized
Error = :1.81e-02; Runtime: 0.1s; Iterations = 0, grads =   1.216e-02, unitary_metric = 1.00000
Error = :9.99e-04; Runtime: 0.2s; Iterations = 7, grads =   5.880e-04, unitary_metric = 1.00000
data saved at: /project/ftchong/qoc/yongshan/00029_04_flex3regN8p6_slice_44.h5


trying total_time: 0.15 for unitary of size (4, 4)
data saved at: /project/ftchong/qoc/yongshan/00030_04_flex3regN8p6_slice_44.h5
Using 5 Taylor terms and 1 Scaling & Squaring terms
Building graph:
Propagators initialized.
Operators weight initialized.
Intermediate propagation variables initialized.
Intermediate propagators initialized.
Vectors initialized.
Training loss initialized.
Optimizer initialized.
Utilities initialized.
Graph built!
Initialized
Error = :2.75e-02; Runtime: 0.0s; Iterations = 0, grads =   6.003e-03, unitary_metric = 1.00000
Error = :1.12e-03; Runtime: 0.2s; Iterations = 20, grads =   2.156e-04, unitary_metric = 1.00000
Error = :9.10e-04; Runtime: 0.2s; Iterations = 21, grads =   1.724e-04, unitary_metric = 1.00000
data saved at: /project/ftchong/qoc/yongshan/00030_04_flex3regN8p6_slice_44.h5




[0.15, 11.4, 0.15]
TIME FOR SLICE IS:
11.4
