Running Array Job:  113
Experiment 3Reg N=6 p=8 slice=1


trying total_time: 180.0 for unitary of size (8, 8)
data saved at: /project/ftchong/qoc/yongshan/00000_31_3regN6p8_slice_1.h5
Using 6 Taylor terms and 3 Scaling & Squaring terms
Building graph:
Propagators initialized.
Operators weight initialized.
Intermediate propagation variables initialized.
Intermediate propagators initialized.
Vectors initialized.
Training loss initialized.
Optimizer initialized.
Utilities initialized.
Graph built!
Initialized
Error = :7.27e-02; Runtime: 6.7s; Iterations = 0, grads =   2.562e+01, unitary_metric = 1.00068
Error = :8.29e-01; Runtime: 69.4s; Iterations = 20, grads =   4.397e+01, unitary_metric = 1.00032
Error = :6.19e-01; Runtime: 120.3s; Iterations = 40, grads =   5.135e+01, unitary_metric = 1.00026
Error = :9.63e-01; Runtime: 171.1s; Iterations = 60, grads =   1.043e+00, unitary_metric = 1.00025
Error = :8.39e-01; Runtime: 221.8s; Iterations = 80, grads =   2.436e+01, unitary_metric = 1.00013
Error = :9.28e-01; Runtime: 272.0s; Iterations = 100, grads =   1.802e+00, unitary_metric = 1.00016
Error = :1.02e-01; Runtime: 327.3s; Iterations = 120, grads =   6.300e+00, unitary_metric = 1.00013
Error = :5.36e-02; Runtime: 378.2s; Iterations = 140, grads =   7.078e+00, unitary_metric = 1.00012
Error = :8.77e-03; Runtime: 429.1s; Iterations = 160, grads =   1.132e+00, unitary_metric = 1.00014
Error = :1.05e-02; Runtime: 480.1s; Iterations = 180, grads =   1.452e+00, unitary_metric = 1.00015
Error = :4.36e-04; Runtime: 515.8s; Iterations = 194, grads =   6.305e-02, unitary_metric = 1.00015
data saved at: /project/ftchong/qoc/yongshan/00000_31_3regN6p8_slice_1.h5


trying total_time: 90.0 for unitary of size (8, 8)
data saved at: /project/ftchong/qoc/yongshan/00001_31_3regN6p8_slice_1.h5
Using 8 Taylor terms and 1 Scaling & Squaring terms
Building graph:
Propagators initialized.
Operators weight initialized.
Intermediate propagation variables initialized.
Intermediate propagators initialized.
Vectors initialized.
Training loss initialized.
Optimizer initialized.
Utilities initialized.
Graph built!
Initialized
Error = :2.01e-01; Runtime: 3.1s; Iterations = 0, grads =   2.992e+01, unitary_metric = 1.00002
Error = :6.29e-01; Runtime: 30.9s; Iterations = 20, grads =   3.068e+01, unitary_metric = 0.99999
Error = :1.03e-01; Runtime: 53.5s; Iterations = 40, grads =   1.264e+01, unitary_metric = 0.99999
Error = :1.69e-03; Runtime: 76.1s; Iterations = 60, grads =   8.885e-02, unitary_metric = 0.99999
Error = :4.09e-04; Runtime: 98.7s; Iterations = 80, grads =   1.362e-02, unitary_metric = 0.99999
data saved at: /project/ftchong/qoc/yongshan/00001_31_3regN6p8_slice_1.h5


trying total_time: 45.0 for unitary of size (8, 8)
data saved at: /project/ftchong/qoc/yongshan/00002_31_3regN6p8_slice_1.h5
Using 5 Taylor terms and 3 Scaling & Squaring terms
Building graph:
Propagators initialized.
Operators weight initialized.
Intermediate propagation variables initialized.
Intermediate propagators initialized.
Vectors initialized.
Training loss initialized.
Optimizer initialized.
Utilities initialized.
Graph built!
Initialized
Error = :6.09e-02; Runtime: 1.6s; Iterations = 0, grads =   5.393e+00, unitary_metric = 1.00014
Error = :1.48e-01; Runtime: 14.2s; Iterations = 20, grads =   1.097e+01, unitary_metric = 1.00010
Error = :5.45e-03; Runtime: 23.9s; Iterations = 40, grads =   4.326e-01, unitary_metric = 1.00008
Error = :4.57e-04; Runtime: 33.7s; Iterations = 60, grads =   5.161e-02, unitary_metric = 1.00007
data saved at: /project/ftchong/qoc/yongshan/00002_31_3regN6p8_slice_1.h5


trying total_time: 22.5 for unitary of size (8, 8)
data saved at: /project/ftchong/qoc/yongshan/00003_31_3regN6p8_slice_1.h5
Using 5 Taylor terms and 3 Scaling & Squaring terms
Building graph:
Propagators initialized.
Operators weight initialized.
Intermediate propagation variables initialized.
Intermediate propagators initialized.
Vectors initialized.
Training loss initialized.
Optimizer initialized.
Utilities initialized.
Graph built!
Initialized
Error = :1.11e-01; Runtime: 0.7s; Iterations = 0, grads =   4.643e+00, unitary_metric = 1.00004
Error = :1.94e-01; Runtime: 6.8s; Iterations = 20, grads =   7.365e+00, unitary_metric = 1.00005
Error = :4.50e-03; Runtime: 11.4s; Iterations = 40, grads =   1.651e-01, unitary_metric = 1.00004
Error = :8.98e-04; Runtime: 16.1s; Iterations = 60, grads =   3.572e-02, unitary_metric = 1.00005
data saved at: /project/ftchong/qoc/yongshan/00003_31_3regN6p8_slice_1.h5


trying total_time: 11.25 for unitary of size (8, 8)
data saved at: /project/ftchong/qoc/yongshan/00004_31_3regN6p8_slice_1.h5
Using 4 Taylor terms and 3 Scaling & Squaring terms
Building graph:
Propagators initialized.
Operators weight initialized.
Intermediate propagation variables initialized.
Intermediate propagators initialized.
Vectors initialized.
Training loss initialized.
Optimizer initialized.
Utilities initialized.
Graph built!
Initialized
Error = :8.82e-02; Runtime: 0.3s; Iterations = 0, grads =   1.845e+00, unitary_metric = 1.00002
Error = :8.37e-03; Runtime: 3.1s; Iterations = 20, grads =   2.003e-01, unitary_metric = 1.00002
Error = :2.20e-03; Runtime: 5.2s; Iterations = 40, grads =   5.425e-02, unitary_metric = 1.00002
Error = :8.07e-04; Runtime: 6.1s; Iterations = 48, grads =   2.016e-02, unitary_metric = 1.00002
data saved at: /project/ftchong/qoc/yongshan/00004_31_3regN6p8_slice_1.h5


trying total_time: 5.6 for unitary of size (8, 8)
data saved at: /project/ftchong/qoc/yongshan/00005_31_3regN6p8_slice_1.h5
Using 4 Taylor terms and 3 Scaling & Squaring terms
Building graph:
Propagators initialized.
Operators weight initialized.
Intermediate propagation variables initialized.
Intermediate propagators initialized.
Vectors initialized.
Training loss initialized.
Optimizer initialized.
Utilities initialized.
Graph built!
Initialized
Error = :3.66e-02; Runtime: 0.2s; Iterations = 0, grads =   3.728e-01, unitary_metric = 1.00001
Error = :7.92e-04; Runtime: 1.5s; Iterations = 16, grads =   7.497e-03, unitary_metric = 1.00000
data saved at: /project/ftchong/qoc/yongshan/00005_31_3regN6p8_slice_1.h5


trying total_time: 2.8 for unitary of size (8, 8)
data saved at: /project/ftchong/qoc/yongshan/00006_31_3regN6p8_slice_1.h5
Using 4 Taylor terms and 3 Scaling & Squaring terms
Building graph:
Propagators initialized.
Operators weight initialized.
Intermediate propagation variables initialized.
Intermediate propagators initialized.
Vectors initialized.
Training loss initialized.
Optimizer initialized.
Utilities initialized.
Graph built!
Initialized
Error = :2.43e-01; Runtime: 0.1s; Iterations = 0, grads =   1.083e+00, unitary_metric = 1.00000
Error = :1.32e-02; Runtime: 0.9s; Iterations = 20, grads =   7.934e-02, unitary_metric = 1.00000
Error = :4.70e-04; Runtime: 1.0s; Iterations = 24, grads =   2.668e-03, unitary_metric = 1.00000
data saved at: /project/ftchong/qoc/yongshan/00006_31_3regN6p8_slice_1.h5


trying total_time: 1.4 for unitary of size (8, 8)
data saved at: /project/ftchong/qoc/yongshan/00007_31_3regN6p8_slice_1.h5
Using 4 Taylor terms and 3 Scaling & Squaring terms
Building graph:
Propagators initialized.
Operators weight initialized.
Intermediate propagation variables initialized.
Intermediate propagators initialized.
Vectors initialized.
Training loss initialized.
Optimizer initialized.
Utilities initialized.
Graph built!
Initialized
Error = :2.91e-01; Runtime: 0.1s; Iterations = 0, grads =   5.763e-01, unitary_metric = 1.00000
Error = :1.49e-02; Runtime: 0.6s; Iterations = 20, grads =   4.325e-02, unitary_metric = 1.00000
Error = :9.01e-04; Runtime: 0.6s; Iterations = 24, grads =   2.409e-03, unitary_metric = 1.00000
data saved at: /project/ftchong/qoc/yongshan/00007_31_3regN6p8_slice_1.h5


trying total_time: 0.7 for unitary of size (8, 8)
data saved at: /project/ftchong/qoc/yongshan/00008_31_3regN6p8_slice_1.h5
Using 6 Taylor terms and 1 Scaling & Squaring terms
Building graph:
Propagators initialized.
Operators weight initialized.
Intermediate propagation variables initialized.
Intermediate propagators initialized.
Vectors initialized.
Training loss initialized.
Optimizer initialized.
Utilities initialized.
Graph built!
Initialized
Error = :8.47e-02; Runtime: 0.1s; Iterations = 0, grads =   1.066e-01, unitary_metric = 1.00000
Error = :5.82e-04; Runtime: 0.3s; Iterations = 20, grads =   5.271e-04, unitary_metric = 1.00000
data saved at: /project/ftchong/qoc/yongshan/00008_31_3regN6p8_slice_1.h5


trying total_time: 0.35 for unitary of size (8, 8)
data saved at: /project/ftchong/qoc/yongshan/00009_31_3regN6p8_slice_1.h5
Using 6 Taylor terms and 1 Scaling & Squaring terms
Building graph:
Propagators initialized.
Operators weight initialized.
Intermediate propagation variables initialized.
Intermediate propagators initialized.
Vectors initialized.
Training loss initialized.
Optimizer initialized.
Utilities initialized.
Graph built!
Initialized
Error = :1.48e-01; Runtime: 0.0s; Iterations = 0, grads =   8.483e-02, unitary_metric = 1.00000
Error = :4.25e-03; Runtime: 0.2s; Iterations = 20, grads =   3.012e-03, unitary_metric = 1.00000
Error = :1.71e-03; Runtime: 0.3s; Iterations = 40, grads =   1.213e-03, unitary_metric = 1.00000
Error = :9.78e-04; Runtime: 0.4s; Iterations = 46, grads =   6.923e-04, unitary_metric = 1.00000
data saved at: /project/ftchong/qoc/yongshan/00009_31_3regN6p8_slice_1.h5


trying total_time: 0.15 for unitary of size (8, 8)
data saved at: /project/ftchong/qoc/yongshan/00010_31_3regN6p8_slice_1.h5
Using 6 Taylor terms and 1 Scaling & Squaring terms
Building graph:
Propagators initialized.
Operators weight initialized.
Intermediate propagation variables initialized.
Intermediate propagators initialized.
Vectors initialized.
Training loss initialized.
Optimizer initialized.
Utilities initialized.
Graph built!
Initialized
Error = :6.77e-02; Runtime: 0.1s; Iterations = 0, grads =   1.439e-02, unitary_metric = 1.00000
Error = :1.32e-02; Runtime: 0.2s; Iterations = 20, grads =   2.895e-03, unitary_metric = 1.00000
Error = :9.07e-04; Runtime: 0.3s; Iterations = 40, grads =   1.435e-04, unitary_metric = 1.00000
data saved at: /project/ftchong/qoc/yongshan/00010_31_3regN6p8_slice_1.h5


trying total_time: 180.0 for unitary of size (8, 8)
data saved at: /project/ftchong/qoc/yongshan/00011_31_3regN6p8_slice_1.h5
Using 6 Taylor terms and 3 Scaling & Squaring terms
Building graph:
Propagators initialized.
Operators weight initialized.
Intermediate propagation variables initialized.
Intermediate propagators initialized.
Vectors initialized.
Training loss initialized.
Optimizer initialized.
Utilities initialized.
Graph built!
Initialized
Error = :9.37e-01; Runtime: 6.8s; Iterations = 0, grads =   7.431e-02, unitary_metric = 1.00069
Error = :8.82e-01; Runtime: 69.1s; Iterations = 20, grads =   3.763e+00, unitary_metric = 1.00041
Error = :9.86e-01; Runtime: 120.5s; Iterations = 40, grads =   5.197e-01, unitary_metric = 1.00041
Error = :4.48e-01; Runtime: 171.9s; Iterations = 60, grads =   2.625e+01, unitary_metric = 1.00034
Error = :3.34e-01; Runtime: 223.4s; Iterations = 80, grads =   3.066e+01, unitary_metric = 1.00030
Error = :7.46e-02; Runtime: 274.7s; Iterations = 100, grads =   1.109e+01, unitary_metric = 1.00028
Error = :3.68e-02; Runtime: 330.7s; Iterations = 120, grads =   5.700e+00, unitary_metric = 1.00031
Error = :1.02e-01; Runtime: 382.1s; Iterations = 140, grads =   1.812e+01, unitary_metric = 1.00031
Error = :4.12e-02; Runtime: 433.5s; Iterations = 160, grads =   7.325e+00, unitary_metric = 1.00030
Error = :1.48e-03; Runtime: 484.9s; Iterations = 180, grads =   2.625e-01, unitary_metric = 1.00030
Error = :2.96e-03; Runtime: 536.3s; Iterations = 200, grads =   5.023e-01, unitary_metric = 1.00030
Error = :1.83e-02; Runtime: 592.2s; Iterations = 220, grads =   2.845e+00, unitary_metric = 1.00029
Error = :1.59e-02; Runtime: 643.6s; Iterations = 240, grads =   2.645e+00, unitary_metric = 1.00029
Error = :4.36e-03; Runtime: 694.9s; Iterations = 260, grads =   7.162e-01, unitary_metric = 1.00028
Error = :1.38e-02; Runtime: 746.5s; Iterations = 280, grads =   2.151e+00, unitary_metric = 1.00029
Error = :8.34e-02; Runtime: 797.9s; Iterations = 300, grads =   1.260e+01, unitary_metric = 1.00029
Error = :8.22e-03; Runtime: 853.9s; Iterations = 320, grads =   1.062e+00, unitary_metric = 1.00026
Error = :2.40e-03; Runtime: 905.3s; Iterations = 340, grads =   3.320e-01, unitary_metric = 1.00026
Error = :2.40e-04; Runtime: 913.0s; Iterations = 343, grads =   4.149e-02, unitary_metric = 1.00025
data saved at: /project/ftchong/qoc/yongshan/00011_31_3regN6p8_slice_1.h5


trying total_time: 90.0 for unitary of size (8, 8)
data saved at: /project/ftchong/qoc/yongshan/00012_31_3regN6p8_slice_1.h5
Using 8 Taylor terms and 1 Scaling & Squaring terms
Building graph:
Propagators initialized.
Operators weight initialized.
Intermediate propagation variables initialized.
Intermediate propagators initialized.
Vectors initialized.
Training loss initialized.
Optimizer initialized.
Utilities initialized.
Graph built!
Initialized
Error = :9.31e-01; Runtime: 3.2s; Iterations = 0, grads =   8.531e-01, unitary_metric = 1.00001
Error = :4.18e-01; Runtime: 31.3s; Iterations = 20, grads =   3.344e+01, unitary_metric = 1.00000
Error = :2.02e-01; Runtime: 54.0s; Iterations = 40, grads =   2.261e+01, unitary_metric = 1.00000
Error = :1.52e-02; Runtime: 76.7s; Iterations = 60, grads =   1.311e+00, unitary_metric = 0.99999
Error = :5.99e-03; Runtime: 99.4s; Iterations = 80, grads =   3.108e-01, unitary_metric = 0.99999
Error = :3.56e-02; Runtime: 122.1s; Iterations = 100, grads =   5.848e+00, unitary_metric = 1.00000
Error = :3.78e-03; Runtime: 146.9s; Iterations = 120, grads =   6.054e-01, unitary_metric = 1.00000
Error = :3.09e-04; Runtime: 153.8s; Iterations = 126, grads =   3.183e-02, unitary_metric = 0.99999
data saved at: /project/ftchong/qoc/yongshan/00012_31_3regN6p8_slice_1.h5


trying total_time: 45.0 for unitary of size (8, 8)
data saved at: /project/ftchong/qoc/yongshan/00013_31_3regN6p8_slice_1.h5
Using 5 Taylor terms and 3 Scaling & Squaring terms
Building graph:
Propagators initialized.
Operators weight initialized.
Intermediate propagation variables initialized.
Intermediate propagators initialized.
Vectors initialized.
Training loss initialized.
Optimizer initialized.
Utilities initialized.
Graph built!
Initialized
Error = :9.37e-01; Runtime: 1.5s; Iterations = 0, grads =   1.800e-02, unitary_metric = 1.00010
Error = :1.25e-01; Runtime: 14.0s; Iterations = 20, grads =   4.447e+00, unitary_metric = 1.00011
Error = :7.18e-02; Runtime: 23.8s; Iterations = 40, grads =   4.860e-01, unitary_metric = 1.00012
Error = :6.37e-02; Runtime: 33.6s; Iterations = 60, grads =   1.717e-01, unitary_metric = 1.00012
Error = :4.42e-03; Runtime: 43.3s; Iterations = 80, grads =   8.041e-03, unitary_metric = 1.00011
Error = :8.70e-04; Runtime: 50.1s; Iterations = 94, grads =   4.673e-03, unitary_metric = 1.00011
data saved at: /project/ftchong/qoc/yongshan/00013_31_3regN6p8_slice_1.h5


trying total_time: 22.5 for unitary of size (8, 8)
data saved at: /project/ftchong/qoc/yongshan/00014_31_3regN6p8_slice_1.h5
Using 5 Taylor terms and 3 Scaling & Squaring terms
Building graph:
Propagators initialized.
Operators weight initialized.
Intermediate propagation variables initialized.
Intermediate propagators initialized.
Vectors initialized.
Training loss initialized.
Optimizer initialized.
Utilities initialized.
Graph built!
Initialized
Error = :9.40e-01; Runtime: 0.7s; Iterations = 0, grads =   1.635e-02, unitary_metric = 1.00007
Error = :1.24e-01; Runtime: 6.7s; Iterations = 20, grads =   2.448e+00, unitary_metric = 1.00004
Error = :7.00e-02; Runtime: 11.3s; Iterations = 40, grads =   1.646e-01, unitary_metric = 1.00004
Error = :6.74e-02; Runtime: 15.9s; Iterations = 60, grads =   4.846e-02, unitary_metric = 1.00004
Error = :6.64e-02; Runtime: 20.6s; Iterations = 80, grads =   1.088e-03, unitary_metric = 1.00004
Error = :6.64e-02; Runtime: 25.2s; Iterations = 100, grads =   4.157e-04, unitary_metric = 1.00004
Error = :6.64e-02; Runtime: 30.4s; Iterations = 120, grads =   1.046e-04, unitary_metric = 1.00004
Error = :6.64e-02; Runtime: 35.1s; Iterations = 140, grads =   8.132e-06, unitary_metric = 1.00004
Error = :6.64e-02; Runtime: 39.7s; Iterations = 160, grads =   5.502e-07, unitary_metric = 1.00004
Error = :6.64e-02; Runtime: 44.3s; Iterations = 180, grads =   2.424e-07, unitary_metric = 1.00004
Error = :6.64e-02; Runtime: 48.9s; Iterations = 200, grads =   1.913e-08, unitary_metric = 1.00004
Error = :6.64e-02; Runtime: 54.1s; Iterations = 220, grads =   1.133e-08, unitary_metric = 1.00004
Error = :6.64e-02; Runtime: 58.8s; Iterations = 240, grads =   1.348e-08, unitary_metric = 1.00004
Error = :6.63e-02; Runtime: 63.4s; Iterations = 260, grads =   5.261e-08, unitary_metric = 1.00004
Error = :6.62e-02; Runtime: 68.1s; Iterations = 280, grads =   4.729e-07, unitary_metric = 1.00004
Error = :6.32e-02; Runtime: 72.7s; Iterations = 300, grads =   6.401e-05, unitary_metric = 1.00002
Error = :1.51e-03; Runtime: 77.8s; Iterations = 320, grads =   3.395e-04, unitary_metric = 1.00002
Error = :8.64e-04; Runtime: 79.9s; Iterations = 329, grads =   1.623e-04, unitary_metric = 1.00002
data saved at: /project/ftchong/qoc/yongshan/00014_31_3regN6p8_slice_1.h5


trying total_time: 11.25 for unitary of size (8, 8)
data saved at: /project/ftchong/qoc/yongshan/00015_31_3regN6p8_slice_1.h5
Using 4 Taylor terms and 3 Scaling & Squaring terms
Building graph:
Propagators initialized.
Operators weight initialized.
Intermediate propagation variables initialized.
Intermediate propagators initialized.
Vectors initialized.
Training loss initialized.
Optimizer initialized.
Utilities initialized.
Graph built!
Initialized
Error = :9.49e-01; Runtime: 0.4s; Iterations = 0, grads =   3.405e-02, unitary_metric = 1.00001
Error = :1.10e-01; Runtime: 3.2s; Iterations = 20, grads =   9.441e-01, unitary_metric = 1.00001
Error = :7.90e-02; Runtime: 5.4s; Iterations = 40, grads =   2.871e-01, unitary_metric = 1.00001
Error = :6.67e-02; Runtime: 7.6s; Iterations = 60, grads =   7.612e-03, unitary_metric = 1.00001
Error = :6.64e-02; Runtime: 9.7s; Iterations = 80, grads =   1.112e-03, unitary_metric = 1.00001
Error = :6.63e-02; Runtime: 11.8s; Iterations = 100, grads =   1.859e-04, unitary_metric = 1.00001
Error = :6.48e-02; Runtime: 14.3s; Iterations = 120, grads =   1.305e-04, unitary_metric = 1.00001
Error = :7.97e-03; Runtime: 16.5s; Iterations = 140, grads =   1.620e-03, unitary_metric = 1.00000
Error = :2.03e-03; Runtime: 18.7s; Iterations = 160, grads =   2.752e-04, unitary_metric = 1.00000
Error = :8.22e-04; Runtime: 19.2s; Iterations = 165, grads =   1.143e-04, unitary_metric = 1.00000
data saved at: /project/ftchong/qoc/yongshan/00015_31_3regN6p8_slice_1.h5


trying total_time: 5.6 for unitary of size (8, 8)
data saved at: /project/ftchong/qoc/yongshan/00016_31_3regN6p8_slice_1.h5
Using 4 Taylor terms and 3 Scaling & Squaring terms
Building graph:
Propagators initialized.
Operators weight initialized.
Intermediate propagation variables initialized.
Intermediate propagators initialized.
Vectors initialized.
Training loss initialized.
Optimizer initialized.
Utilities initialized.
Graph built!
Initialized
Error = :9.42e-01; Runtime: 0.2s; Iterations = 0, grads =   5.432e-03, unitary_metric = 1.00000
Error = :9.34e-01; Runtime: 1.8s; Iterations = 20, grads =   4.124e-05, unitary_metric = 1.00000
Error = :9.34e-01; Runtime: 2.8s; Iterations = 40, grads =   7.946e-05, unitary_metric = 1.00000
Error = :9.34e-01; Runtime: 3.9s; Iterations = 60, grads =   6.955e-06, unitary_metric = 1.00000
Error = :9.34e-01; Runtime: 5.0s; Iterations = 80, grads =   1.046e-06, unitary_metric = 1.00001
Error = :9.34e-01; Runtime: 6.1s; Iterations = 100, grads =   2.252e-07, unitary_metric = 1.00000
Error = :9.34e-01; Runtime: 7.4s; Iterations = 120, grads =   1.563e-08, unitary_metric = 1.00001
Error = :9.34e-01; Runtime: 8.5s; Iterations = 140, grads =   3.812e-10, unitary_metric = 1.00000
Error = :9.34e-01; Runtime: 9.5s; Iterations = 160, grads =   2.210e-10, unitary_metric = 1.00000
Error = :9.34e-01; Runtime: 10.6s; Iterations = 180, grads =   3.473e-10, unitary_metric = 1.00000
Error = :9.34e-01; Runtime: 11.7s; Iterations = 200, grads =   9.425e-10, unitary_metric = 1.00001
Error = :9.34e-01; Runtime: 12.9s; Iterations = 220, grads =   4.671e-09, unitary_metric = 1.00000
Error = :9.34e-01; Runtime: 14.0s; Iterations = 240, grads =   6.801e-08, unitary_metric = 1.00000
Error = :9.32e-01; Runtime: 15.1s; Iterations = 260, grads =   3.758e-05, unitary_metric = 1.00000
Error = :4.23e-01; Runtime: 16.2s; Iterations = 280, grads =   8.508e-02, unitary_metric = 0.99999
Error = :6.45e-02; Runtime: 17.2s; Iterations = 300, grads =   6.831e-03, unitary_metric = 1.00000
Error = :2.91e-02; Runtime: 18.5s; Iterations = 320, grads =   2.451e-03, unitary_metric = 0.99999
Error = :1.83e-02; Runtime: 19.5s; Iterations = 340, grads =   6.426e-04, unitary_metric = 0.99999
Error = :1.39e-02; Runtime: 20.7s; Iterations = 360, grads =   8.305e-05, unitary_metric = 0.99999
Error = :1.16e-02; Runtime: 21.7s; Iterations = 380, grads =   1.684e-05, unitary_metric = 0.99999
Error = :1.03e-02; Runtime: 22.8s; Iterations = 400, grads =   6.428e-06, unitary_metric = 0.99999
Error = :9.51e-03; Runtime: 24.0s; Iterations = 420, grads =   3.759e-06, unitary_metric = 0.99999
Error = :8.93e-03; Runtime: 25.1s; Iterations = 440, grads =   2.801e-06, unitary_metric = 0.99999
Error = :8.49e-03; Runtime: 26.2s; Iterations = 460, grads =   2.227e-06, unitary_metric = 0.99999
Error = :8.14e-03; Runtime: 27.3s; Iterations = 480, grads =   1.815e-06, unitary_metric = 0.99999
Error = :7.84e-03; Runtime: 28.3s; Iterations = 500, grads =   1.477e-06, unitary_metric = 0.99999
Error = :7.60e-03; Runtime: 29.6s; Iterations = 520, grads =   1.184e-06, unitary_metric = 0.99999
Error = :7.41e-03; Runtime: 30.7s; Iterations = 540, grads =   9.346e-07, unitary_metric = 0.99998
Error = :7.25e-03; Runtime: 31.8s; Iterations = 560, grads =   7.344e-07, unitary_metric = 0.99999
Error = :7.13e-03; Runtime: 32.9s; Iterations = 580, grads =   5.835e-07, unitary_metric = 0.99998
Error = :7.03e-03; Runtime: 33.9s; Iterations = 600, grads =   8.334e-06, unitary_metric = 0.99999
Error = :7.08e-03; Runtime: 35.1s; Iterations = 620, grads =   8.383e-04, unitary_metric = 0.99998
Error = :6.91e-03; Runtime: 36.2s; Iterations = 640, grads =   1.436e-04, unitary_metric = 0.99999
Error = :6.84e-03; Runtime: 37.3s; Iterations = 660, grads =   1.254e-05, unitary_metric = 0.99999
Error = :6.79e-03; Runtime: 38.4s; Iterations = 680, grads =   9.468e-07, unitary_metric = 0.99999
Error = :6.76e-03; Runtime: 39.5s; Iterations = 700, grads =   2.236e-07, unitary_metric = 0.99998
Error = :6.73e-03; Runtime: 40.7s; Iterations = 720, grads =   1.913e-07, unitary_metric = 0.99999
Error = :6.70e-03; Runtime: 41.8s; Iterations = 740, grads =   1.772e-07, unitary_metric = 0.99999
Error = :6.68e-03; Runtime: 42.9s; Iterations = 760, grads =   1.575e-07, unitary_metric = 0.99999
Error = :6.67e-03; Runtime: 44.0s; Iterations = 780, grads =   1.414e-07, unitary_metric = 0.99999
Error = :6.66e-03; Runtime: 45.0s; Iterations = 800, grads =   1.372e-07, unitary_metric = 0.99999
Error = :6.65e-03; Runtime: 46.3s; Iterations = 820, grads =   3.821e-07, unitary_metric = 0.99998
Error = :6.73e-03; Runtime: 47.4s; Iterations = 840, grads =   5.133e-04, unitary_metric = 0.99999
Error = :6.71e-03; Runtime: 48.4s; Iterations = 860, grads =   3.695e-04, unitary_metric = 0.99999
Error = :6.68e-03; Runtime: 49.5s; Iterations = 880, grads =   4.221e-05, unitary_metric = 0.99999
Error = :6.70e-03; Runtime: 50.6s; Iterations = 900, grads =   6.456e-06, unitary_metric = 0.99998
Error = :6.73e-03; Runtime: 51.8s; Iterations = 920, grads =   3.516e-07, unitary_metric = 0.99998
Error = :6.77e-03; Runtime: 52.9s; Iterations = 940, grads =   3.024e-07, unitary_metric = 0.99999
Error = :6.82e-03; Runtime: 53.9s; Iterations = 960, grads =   2.629e-07, unitary_metric = 0.99999
Error = :6.88e-03; Runtime: 55.0s; Iterations = 980, grads =   3.430e-07, unitary_metric = 0.99998
Error = :6.91e-03; Runtime: 56.1s; Iterations = 1000, grads =   4.608e-07, unitary_metric = 0.99998
Error = :6.91e-03; Runtime: 57.4s; Iterations = 1020, grads =   6.109e-07, unitary_metric = 0.99998
Error = :6.88e-03; Runtime: 58.4s; Iterations = 1040, grads =   2.676e-05, unitary_metric = 0.99998
Error = :6.90e-03; Runtime: 59.5s; Iterations = 1060, grads =   6.070e-04, unitary_metric = 0.99998
Error = :6.74e-03; Runtime: 60.6s; Iterations = 1080, grads =   4.035e-05, unitary_metric = 0.99999
Error = :6.67e-03; Runtime: 61.6s; Iterations = 1100, grads =   6.265e-07, unitary_metric = 0.99999
Error = :6.63e-03; Runtime: 62.8s; Iterations = 1120, grads =   1.594e-06, unitary_metric = 0.99999
Error = :6.58e-03; Runtime: 63.9s; Iterations = 1140, grads =   2.473e-07, unitary_metric = 0.99999
Error = :6.55e-03; Runtime: 65.0s; Iterations = 1160, grads =   2.121e-07, unitary_metric = 0.99999
Error = :6.53e-03; Runtime: 66.1s; Iterations = 1180, grads =   1.843e-07, unitary_metric = 0.99999
Error = :6.51e-03; Runtime: 67.1s; Iterations = 1200, grads =   1.610e-07, unitary_metric = 0.99999
Error = :6.50e-03; Runtime: 68.4s; Iterations = 1220, grads =   1.573e-07, unitary_metric = 0.99999
Error = :6.49e-03; Runtime: 69.4s; Iterations = 1240, grads =   2.413e-07, unitary_metric = 0.99999
Error = :6.49e-03; Runtime: 70.5s; Iterations = 1260, grads =   3.833e-05, unitary_metric = 0.99999
Error = :6.54e-03; Runtime: 71.6s; Iterations = 1280, grads =   3.951e-04, unitary_metric = 0.99998
Error = :6.47e-03; Runtime: 72.7s; Iterations = 1300, grads =   5.100e-06, unitary_metric = 0.99999
Error = :6.48e-03; Runtime: 73.9s; Iterations = 1320, grads =   8.858e-06, unitary_metric = 0.99998
Error = :6.48e-03; Runtime: 75.0s; Iterations = 1340, grads =   6.434e-07, unitary_metric = 0.99999
Error = :6.48e-03; Runtime: 76.0s; Iterations = 1360, grads =   1.379e-07, unitary_metric = 0.99999
Error = :6.49e-03; Runtime: 77.1s; Iterations = 1380, grads =   1.435e-07, unitary_metric = 0.99999
Error = :6.50e-03; Runtime: 78.2s; Iterations = 1400, grads =   9.592e-08, unitary_metric = 0.99998
Error = :6.51e-03; Runtime: 79.4s; Iterations = 1420, grads =   1.002e-07, unitary_metric = 0.99998
Error = :6.53e-03; Runtime: 80.5s; Iterations = 1440, grads =   1.036e-07, unitary_metric = 0.99998
Error = :6.55e-03; Runtime: 81.6s; Iterations = 1460, grads =   3.628e-07, unitary_metric = 0.99999
Error = :6.59e-03; Runtime: 82.7s; Iterations = 1480, grads =   1.265e-04, unitary_metric = 0.99999
Error = :6.63e-03; Runtime: 83.7s; Iterations = 1500, grads =   2.462e-04, unitary_metric = 0.99998
Error = :6.62e-03; Runtime: 84.9s; Iterations = 1520, grads =   4.789e-06, unitary_metric = 0.99998
Error = :6.65e-03; Runtime: 86.0s; Iterations = 1540, grads =   5.292e-06, unitary_metric = 0.99999
Error = :6.67e-03; Runtime: 87.1s; Iterations = 1560, grads =   7.972e-07, unitary_metric = 0.99999
Error = :6.69e-03; Runtime: 88.1s; Iterations = 1580, grads =   3.511e-07, unitary_metric = 0.99999
Error = :6.71e-03; Runtime: 89.2s; Iterations = 1600, grads =   3.119e-07, unitary_metric = 0.99999
Error = :6.71e-03; Runtime: 90.4s; Iterations = 1620, grads =   3.542e-07, unitary_metric = 0.99998
Error = :6.70e-03; Runtime: 91.5s; Iterations = 1640, grads =   3.833e-07, unitary_metric = 0.99999
Error = :6.68e-03; Runtime: 92.6s; Iterations = 1660, grads =   3.983e-07, unitary_metric = 0.99998
Error = :6.65e-03; Runtime: 93.7s; Iterations = 1680, grads =   5.359e-07, unitary_metric = 0.99998
Error = :6.62e-03; Runtime: 94.7s; Iterations = 1700, grads =   6.898e-05, unitary_metric = 0.99999
Error = :6.62e-03; Runtime: 95.9s; Iterations = 1720, grads =   3.395e-04, unitary_metric = 0.99999
Error = :6.53e-03; Runtime: 97.0s; Iterations = 1740, grads =   2.131e-06, unitary_metric = 0.99999
Error = :6.50e-03; Runtime: 98.1s; Iterations = 1760, grads =   4.176e-06, unitary_metric = 0.99998
Error = :6.47e-03; Runtime: 99.2s; Iterations = 1780, grads =   9.117e-07, unitary_metric = 0.99999
Error = :6.44e-03; Runtime: 100.2s; Iterations = 1800, grads =   2.282e-07, unitary_metric = 0.99998
Error = :6.42e-03; Runtime: 101.5s; Iterations = 1820, grads =   1.345e-07, unitary_metric = 0.99998
Error = :6.40e-03; Runtime: 102.5s; Iterations = 1840, grads =   1.137e-07, unitary_metric = 0.99998
Error = :6.38e-03; Runtime: 103.6s; Iterations = 1860, grads =   9.929e-08, unitary_metric = 0.99998
Error = :6.37e-03; Runtime: 104.7s; Iterations = 1880, grads =   8.973e-08, unitary_metric = 0.99998
Error = :6.36e-03; Runtime: 105.7s; Iterations = 1900, grads =   8.757e-08, unitary_metric = 0.99998
Error = :6.35e-03; Runtime: 107.0s; Iterations = 1920, grads =   3.496e-07, unitary_metric = 0.99998
Error = :6.35e-03; Runtime: 108.1s; Iterations = 1940, grads =   9.649e-05, unitary_metric = 0.99998
Error = :6.36e-03; Runtime: 109.1s; Iterations = 1960, grads =   2.277e-04, unitary_metric = 0.99998
Error = :6.32e-03; Runtime: 110.2s; Iterations = 1980, grads =   7.621e-06, unitary_metric = 0.99999
Error = :6.31e-03; Runtime: 111.3s; Iterations = 2000, grads =   1.128e-07, unitary_metric = 0.99998
Error = :6.31e-03; Runtime: 112.5s; Iterations = 2020, grads =   8.278e-08, unitary_metric = 0.99998
Error = :6.30e-03; Runtime: 113.5s; Iterations = 2040, grads =   5.480e-08, unitary_metric = 0.99999
Error = :6.29e-03; Runtime: 114.6s; Iterations = 2060, grads =   6.483e-08, unitary_metric = 0.99998
Error = :6.29e-03; Runtime: 115.7s; Iterations = 2080, grads =   5.075e-08, unitary_metric = 0.99999
Error = :6.28e-03; Runtime: 116.7s; Iterations = 2100, grads =   4.663e-08, unitary_metric = 0.99999
Error = :6.28e-03; Runtime: 118.0s; Iterations = 2120, grads =   4.989e-08, unitary_metric = 0.99999
Error = :6.27e-03; Runtime: 119.0s; Iterations = 2140, grads =   5.002e-08, unitary_metric = 0.99999
Error = :6.27e-03; Runtime: 120.1s; Iterations = 2160, grads =   6.078e-07, unitary_metric = 0.99998
Error = :6.31e-03; Runtime: 121.2s; Iterations = 2180, grads =   2.791e-04, unitary_metric = 0.99998
Error = :6.26e-03; Runtime: 122.3s; Iterations = 2200, grads =   1.291e-06, unitary_metric = 0.99999
Error = :6.26e-03; Runtime: 123.6s; Iterations = 2220, grads =   9.269e-06, unitary_metric = 0.99999
Error = :6.25e-03; Runtime: 124.7s; Iterations = 2240, grads =   2.240e-06, unitary_metric = 0.99999
Error = :6.25e-03; Runtime: 125.8s; Iterations = 2260, grads =   3.492e-07, unitary_metric = 0.99999
Error = :6.25e-03; Runtime: 126.8s; Iterations = 2280, grads =   6.516e-08, unitary_metric = 0.99998
Error = :6.25e-03; Runtime: 127.9s; Iterations = 2300, grads =   3.333e-08, unitary_metric = 0.99999
Error = :6.24e-03; Runtime: 129.1s; Iterations = 2320, grads =   3.313e-08, unitary_metric = 0.99999
Error = :6.24e-03; Runtime: 130.2s; Iterations = 2340, grads =   3.240e-08, unitary_metric = 0.99998
Error = :6.24e-03; Runtime: 131.3s; Iterations = 2360, grads =   3.273e-08, unitary_metric = 0.99999
Error = :6.24e-03; Runtime: 132.3s; Iterations = 2380, grads =   2.998e-08, unitary_metric = 0.99999
Error = :6.23e-03; Runtime: 133.4s; Iterations = 2400, grads =   5.874e-08, unitary_metric = 0.99999
Error = :6.23e-03; Runtime: 134.7s; Iterations = 2420, grads =   9.614e-06, unitary_metric = 0.99999
Error = :6.24e-03; Runtime: 135.7s; Iterations = 2440, grads =   7.201e-05, unitary_metric = 0.99999
Error = :6.23e-03; Runtime: 136.8s; Iterations = 2460, grads =   3.092e-06, unitary_metric = 0.99999
Error = :6.23e-03; Runtime: 137.9s; Iterations = 2480, grads =   4.409e-06, unitary_metric = 0.99999
Error = :6.23e-03; Runtime: 138.9s; Iterations = 2500, grads =   7.060e-07, unitary_metric = 0.99999
Error = :6.22e-03; Runtime: 140.1s; Iterations = 2520, grads =   1.027e-07, unitary_metric = 0.99999
Error = :6.22e-03; Runtime: 141.2s; Iterations = 2540, grads =   2.755e-08, unitary_metric = 0.99999
Error = :6.22e-03; Runtime: 142.3s; Iterations = 2560, grads =   2.432e-08, unitary_metric = 0.99999
Error = :6.22e-03; Runtime: 143.4s; Iterations = 2580, grads =   2.358e-08, unitary_metric = 0.99999
Error = :6.22e-03; Runtime: 144.4s; Iterations = 2600, grads =   2.295e-08, unitary_metric = 0.99998
Error = :6.22e-03; Runtime: 145.6s; Iterations = 2620, grads =   2.308e-08, unitary_metric = 0.99999
Error = :6.22e-03; Runtime: 146.7s; Iterations = 2640, grads =   2.191e-08, unitary_metric = 0.99999
Error = :6.22e-03; Runtime: 147.8s; Iterations = 2660, grads =   2.423e-08, unitary_metric = 0.99999
Error = :6.22e-03; Runtime: 148.9s; Iterations = 2680, grads =   9.822e-07, unitary_metric = 0.99999
Error = :6.29e-03; Runtime: 149.9s; Iterations = 2700, grads =   4.823e-04, unitary_metric = 0.99998
Error = :6.23e-03; Runtime: 151.2s; Iterations = 2720, grads =   7.245e-05, unitary_metric = 0.99998
Error = :6.22e-03; Runtime: 152.2s; Iterations = 2740, grads =   2.454e-06, unitary_metric = 0.99998
Error = :6.21e-03; Runtime: 153.3s; Iterations = 2760, grads =   2.496e-07, unitary_metric = 0.99999
Error = :6.22e-03; Runtime: 154.4s; Iterations = 2780, grads =   1.380e-07, unitary_metric = 0.99998
Error = :6.21e-03; Runtime: 155.4s; Iterations = 2800, grads =   3.790e-08, unitary_metric = 0.99999
Error = :6.21e-03; Runtime: 156.7s; Iterations = 2820, grads =   1.937e-08, unitary_metric = 0.99999
Error = :6.21e-03; Runtime: 157.8s; Iterations = 2840, grads =   1.774e-08, unitary_metric = 0.99999
Error = :6.21e-03; Runtime: 158.9s; Iterations = 2860, grads =   1.878e-08, unitary_metric = 0.99999
Error = :6.21e-03; Runtime: 159.9s; Iterations = 2880, grads =   1.977e-08, unitary_metric = 0.99999
Error = :6.21e-03; Runtime: 161.0s; Iterations = 2900, grads =   2.248e-08, unitary_metric = 0.99999
Error = :6.21e-03; Runtime: 162.3s; Iterations = 2920, grads =   1.926e-08, unitary_metric = 0.99998
Error = :6.21e-03; Runtime: 163.4s; Iterations = 2940, grads =   3.180e-08, unitary_metric = 0.99999
Error = :6.21e-03; Runtime: 164.4s; Iterations = 2960, grads =   1.856e-07, unitary_metric = 0.99999
Error = :6.22e-03; Runtime: 165.5s; Iterations = 2980, grads =   3.627e-05, unitary_metric = 0.99999
Error = :6.22e-03; Runtime: 166.5s; Iterations = 3000, grads =   8.183e-05, unitary_metric = 0.99999
Error = :6.21e-03; Runtime: 167.7s; Iterations = 3020, grads =   1.405e-05, unitary_metric = 0.99999
Error = :6.21e-03; Runtime: 168.8s; Iterations = 3040, grads =   2.034e-06, unitary_metric = 0.99999
Error = :6.21e-03; Runtime: 169.9s; Iterations = 3060, grads =   2.408e-07, unitary_metric = 0.99999
Error = :6.21e-03; Runtime: 171.0s; Iterations = 3080, grads =   1.719e-08, unitary_metric = 0.99999
Error = :6.21e-03; Runtime: 172.0s; Iterations = 3100, grads =   2.390e-08, unitary_metric = 0.99999
Error = :6.21e-03; Runtime: 173.3s; Iterations = 3120, grads =   1.309e-08, unitary_metric = 0.99999
Error = :6.21e-03; Runtime: 174.4s; Iterations = 3140, grads =   1.227e-08, unitary_metric = 0.99999
Error = :6.21e-03; Runtime: 175.4s; Iterations = 3160, grads =   1.204e-08, unitary_metric = 0.99998
Error = :6.21e-03; Runtime: 176.5s; Iterations = 3180, grads =   1.285e-08, unitary_metric = 0.99999
Error = :6.21e-03; Runtime: 177.6s; Iterations = 3200, grads =   3.695e-08, unitary_metric = 0.99999
Error = :6.21e-03; Runtime: 178.8s; Iterations = 3220, grads =   3.150e-06, unitary_metric = 0.99999
Error = :6.25e-03; Runtime: 179.9s; Iterations = 3240, grads =   2.319e-04, unitary_metric = 0.99999
Error = :6.21e-03; Runtime: 181.0s; Iterations = 3260, grads =   2.003e-05, unitary_metric = 0.99999
Error = :6.21e-03; Runtime: 182.0s; Iterations = 3280, grads =   1.658e-06, unitary_metric = 0.99998
Error = :6.21e-03; Runtime: 183.1s; Iterations = 3300, grads =   3.827e-08, unitary_metric = 0.99999
Error = :6.21e-03; Runtime: 184.3s; Iterations = 3320, grads =   9.410e-07, unitary_metric = 0.99999
Error = :6.23e-03; Runtime: 185.4s; Iterations = 3340, grads =   1.927e-04, unitary_metric = 0.99999
Error = :6.22e-03; Runtime: 186.5s; Iterations = 3360, grads =   6.536e-05, unitary_metric = 0.99998
Error = :6.21e-03; Runtime: 187.6s; Iterations = 3380, grads =   8.205e-06, unitary_metric = 0.99998
Error = :6.21e-03; Runtime: 188.7s; Iterations = 3400, grads =   1.473e-06, unitary_metric = 0.99999
Error = :6.21e-03; Runtime: 189.9s; Iterations = 3420, grads =   2.064e-07, unitary_metric = 0.99999
Error = :6.21e-03; Runtime: 191.0s; Iterations = 3440, grads =   6.559e-07, unitary_metric = 0.99999
Error = :6.23e-03; Runtime: 192.0s; Iterations = 3460, grads =   9.997e-05, unitary_metric = 0.99999
Error = :6.22e-03; Runtime: 193.1s; Iterations = 3480, grads =   3.001e-05, unitary_metric = 0.99999
Error = :6.21e-03; Runtime: 194.1s; Iterations = 3500, grads =   5.212e-06, unitary_metric = 0.99999
Error = :6.21e-03; Runtime: 195.4s; Iterations = 3520, grads =   4.727e-07, unitary_metric = 0.99999
Error = :6.21e-03; Runtime: 196.4s; Iterations = 3540, grads =   3.157e-08, unitary_metric = 0.99999
Error = :6.21e-03; Runtime: 197.5s; Iterations = 3560, grads =   7.210e-07, unitary_metric = 0.99999
Error = :6.23e-03; Runtime: 198.6s; Iterations = 3580, grads =   1.794e-04, unitary_metric = 0.99999
Error = :6.22e-03; Runtime: 199.7s; Iterations = 3600, grads =   4.253e-05, unitary_metric = 0.99999
Error = :6.22e-03; Runtime: 200.9s; Iterations = 3620, grads =   3.830e-06, unitary_metric = 0.99998
Error = :6.22e-03; Runtime: 202.0s; Iterations = 3640, grads =   7.520e-07, unitary_metric = 0.99999
Error = :6.21e-03; Runtime: 203.0s; Iterations = 3660, grads =   6.917e-07, unitary_metric = 0.99999
Error = :6.23e-03; Runtime: 204.1s; Iterations = 3680, grads =   8.084e-05, unitary_metric = 0.99999
Error = :6.22e-03; Runtime: 205.2s; Iterations = 3700, grads =   2.974e-05, unitary_metric = 0.99999
Error = :6.22e-03; Runtime: 206.4s; Iterations = 3720, grads =   4.741e-06, unitary_metric = 0.99999
Error = :6.22e-03; Runtime: 207.5s; Iterations = 3740, grads =   3.132e-07, unitary_metric = 0.99999
Error = :6.22e-03; Runtime: 208.6s; Iterations = 3760, grads =   3.537e-08, unitary_metric = 0.99998
Error = :6.21e-03; Runtime: 209.7s; Iterations = 3780, grads =   2.058e-08, unitary_metric = 0.99999
Error = :6.22e-03; Runtime: 210.7s; Iterations = 3800, grads =   1.665e-07, unitary_metric = 0.99998
Error = :6.22e-03; Runtime: 211.9s; Iterations = 3820, grads =   1.920e-05, unitary_metric = 0.99998
Error = :6.22e-03; Runtime: 213.0s; Iterations = 3840, grads =   2.187e-07, unitary_metric = 0.99999
Error = :6.22e-03; Runtime: 214.1s; Iterations = 3860, grads =   9.421e-07, unitary_metric = 0.99999
Error = :6.22e-03; Runtime: 215.2s; Iterations = 3880, grads =   5.660e-07, unitary_metric = 0.99999
Error = :6.21e-03; Runtime: 216.2s; Iterations = 3900, grads =   9.817e-06, unitary_metric = 0.99999
Error = :6.22e-03; Runtime: 217.5s; Iterations = 3920, grads =   6.502e-07, unitary_metric = 0.99999
Error = :6.22e-03; Runtime: 218.6s; Iterations = 3940, grads =   2.399e-07, unitary_metric = 0.99998
Error = :6.22e-03; Runtime: 219.6s; Iterations = 3960, grads =   5.051e-08, unitary_metric = 0.99999
Error = :6.22e-03; Runtime: 220.7s; Iterations = 3980, grads =   1.326e-08, unitary_metric = 0.99999
Error = :6.22e-03; Runtime: 221.7s; Iterations = 4000, grads =   3.525e-08, unitary_metric = 0.99998
Error = :6.22e-03; Runtime: 223.0s; Iterations = 4020, grads =   2.007e-08, unitary_metric = 0.99999
Error = :6.22e-03; Runtime: 224.1s; Iterations = 4040, grads =   4.709e-07, unitary_metric = 0.99998
Error = :6.22e-03; Runtime: 225.1s; Iterations = 4060, grads =   6.367e-05, unitary_metric = 0.99999
Error = :6.23e-03; Runtime: 226.2s; Iterations = 4080, grads =   6.426e-05, unitary_metric = 0.99998
Error = :6.22e-03; Runtime: 227.3s; Iterations = 4100, grads =   4.753e-06, unitary_metric = 0.99998
Error = :6.22e-03; Runtime: 228.5s; Iterations = 4120, grads =   2.711e-08, unitary_metric = 0.99998
Error = :6.22e-03; Runtime: 229.6s; Iterations = 4140, grads =   1.249e-07, unitary_metric = 0.99999
Error = :6.22e-03; Runtime: 230.6s; Iterations = 4160, grads =   4.367e-06, unitary_metric = 0.99999
Error = :6.22e-03; Runtime: 231.7s; Iterations = 4180, grads =   1.334e-05, unitary_metric = 0.99998
Error = :6.22e-03; Runtime: 232.8s; Iterations = 4200, grads =   1.300e-07, unitary_metric = 0.99999
Error = :6.22e-03; Runtime: 234.0s; Iterations = 4220, grads =   9.108e-08, unitary_metric = 0.99999
Error = :6.22e-03; Runtime: 235.1s; Iterations = 4240, grads =   2.167e-08, unitary_metric = 0.99999
Error = :6.22e-03; Runtime: 236.2s; Iterations = 4260, grads =   9.730e-08, unitary_metric = 0.99999
Error = :6.22e-03; Runtime: 237.3s; Iterations = 4280, grads =   1.367e-05, unitary_metric = 0.99999
Error = :6.22e-03; Runtime: 238.3s; Iterations = 4300, grads =   1.364e-06, unitary_metric = 0.99999
Error = :6.22e-03; Runtime: 239.5s; Iterations = 4320, grads =   1.684e-06, unitary_metric = 0.99999
Error = :6.22e-03; Runtime: 240.6s; Iterations = 4340, grads =   6.427e-07, unitary_metric = 0.99999
Error = :6.22e-03; Runtime: 241.7s; Iterations = 4360, grads =   2.306e-07, unitary_metric = 0.99999
Error = :6.22e-03; Runtime: 242.8s; Iterations = 4380, grads =   1.273e-08, unitary_metric = 0.99998
Error = :6.22e-03; Runtime: 243.9s; Iterations = 4400, grads =   1.448e-08, unitary_metric = 0.99998
Error = :6.22e-03; Runtime: 245.1s; Iterations = 4420, grads =   4.274e-07, unitary_metric = 0.99999
Error = :6.23e-03; Runtime: 246.1s; Iterations = 4440, grads =   6.341e-05, unitary_metric = 0.99999
Error = :6.22e-03; Runtime: 247.2s; Iterations = 4460, grads =   9.521e-06, unitary_metric = 0.99999
Error = :6.22e-03; Runtime: 248.2s; Iterations = 4480, grads =   2.103e-06, unitary_metric = 0.99999
Error = :6.22e-03; Runtime: 249.3s; Iterations = 4500, grads =   5.192e-07, unitary_metric = 0.99998
Error = :6.23e-03; Runtime: 250.6s; Iterations = 4520, grads =   2.981e-05, unitary_metric = 0.99998
Error = :6.23e-03; Runtime: 251.6s; Iterations = 4540, grads =   2.974e-05, unitary_metric = 0.99998
Error = :6.23e-03; Runtime: 252.7s; Iterations = 4560, grads =   6.925e-07, unitary_metric = 0.99998
Error = :6.23e-03; Runtime: 253.8s; Iterations = 4580, grads =   1.341e-07, unitary_metric = 0.99998
Error = :6.23e-03; Runtime: 254.9s; Iterations = 4600, grads =   1.507e-07, unitary_metric = 0.99998
Error = :6.22e-03; Runtime: 256.1s; Iterations = 4620, grads =   6.683e-09, unitary_metric = 0.99999
Error = :6.23e-03; Runtime: 257.2s; Iterations = 4640, grads =   8.564e-08, unitary_metric = 0.99998
Error = :6.23e-03; Runtime: 258.2s; Iterations = 4660, grads =   6.767e-06, unitary_metric = 0.99998
Error = :6.22e-03; Runtime: 259.3s; Iterations = 4680, grads =   2.676e-07, unitary_metric = 0.99999
Error = :6.23e-03; Runtime: 260.4s; Iterations = 4700, grads =   1.856e-06, unitary_metric = 0.99998
Error = :6.23e-03; Runtime: 261.6s; Iterations = 4720, grads =   6.633e-07, unitary_metric = 0.99998
Error = :6.23e-03; Runtime: 262.7s; Iterations = 4740, grads =   3.321e-07, unitary_metric = 0.99998
Error = :6.23e-03; Runtime: 263.8s; Iterations = 4760, grads =   9.562e-05, unitary_metric = 0.99999
Error = :6.23e-03; Runtime: 264.9s; Iterations = 4780, grads =   8.731e-06, unitary_metric = 0.99999
Error = :6.22e-03; Runtime: 265.9s; Iterations = 4800, grads =   8.416e-09, unitary_metric = 0.99999
Error = :6.22e-03; Runtime: 267.1s; Iterations = 4820, grads =   2.866e-08, unitary_metric = 0.99999
Error = :6.22e-03; Runtime: 268.2s; Iterations = 4840, grads =   8.355e-09, unitary_metric = 0.99999
Error = :6.22e-03; Runtime: 269.3s; Iterations = 4860, grads =   9.338e-08, unitary_metric = 0.99999
Error = :6.22e-03; Runtime: 270.4s; Iterations = 4880, grads =   6.143e-06, unitary_metric = 0.99999
Error = :6.22e-03; Runtime: 271.5s; Iterations = 4900, grads =   1.049e-06, unitary_metric = 0.99999
Error = :6.22e-03; Runtime: 272.7s; Iterations = 4920, grads =   2.974e-06, unitary_metric = 0.99999
Error = :6.22e-03; Runtime: 273.7s; Iterations = 4940, grads =   3.910e-07, unitary_metric = 0.99999
Error = :6.23e-03; Runtime: 274.8s; Iterations = 4960, grads =   2.483e-08, unitary_metric = 0.99999
Error = :6.23e-03; Runtime: 275.9s; Iterations = 4980, grads =   6.420e-09, unitary_metric = 0.99999
Error = :6.23e-03; Runtime: 276.9s; Iterations = 5000, grads =   4.538e-08, unitary_metric = 0.99999
Error = :6.23e-03; Runtime: 278.2s; Iterations = 5020, grads =   4.792e-06, unitary_metric = 0.99999
Error = :6.23e-03; Runtime: 279.2s; Iterations = 5040, grads =   4.249e-05, unitary_metric = 0.99999
Error = :6.23e-03; Runtime: 280.3s; Iterations = 5060, grads =   9.673e-06, unitary_metric = 0.99999
Error = :6.23e-03; Runtime: 281.4s; Iterations = 5080, grads =   3.302e-06, unitary_metric = 0.99999
Error = :6.23e-03; Runtime: 282.5s; Iterations = 5100, grads =   3.662e-05, unitary_metric = 0.99999
Error = :6.23e-03; Runtime: 283.7s; Iterations = 5120, grads =   1.946e-06, unitary_metric = 0.99999
Error = :6.23e-03; Runtime: 284.8s; Iterations = 5140, grads =   1.572e-07, unitary_metric = 0.99999
Error = :6.23e-03; Runtime: 285.9s; Iterations = 5160, grads =   5.825e-08, unitary_metric = 0.99999
Error = :6.23e-03; Runtime: 287.0s; Iterations = 5180, grads =   2.394e-08, unitary_metric = 0.99999
Error = :6.23e-03; Runtime: 288.0s; Iterations = 5200, grads =   2.049e-09, unitary_metric = 0.99999
Error = :6.23e-03; Runtime: 289.3s; Iterations = 5220, grads =   1.122e-08, unitary_metric = 0.99999
Error = :6.23e-03; Runtime: 290.3s; Iterations = 5240, grads =   6.179e-07, unitary_metric = 0.99999
Error = :6.23e-03; Runtime: 291.4s; Iterations = 5260, grads =   7.635e-05, unitary_metric = 0.99999
Error = :6.23e-03; Runtime: 292.5s; Iterations = 5280, grads =   3.006e-05, unitary_metric = 0.99999
Error = :6.23e-03; Runtime: 293.6s; Iterations = 5300, grads =   9.020e-06, unitary_metric = 0.99999
Error = :6.23e-03; Runtime: 294.8s; Iterations = 5320, grads =   5.864e-07, unitary_metric = 0.99999
Error = :6.23e-03; Runtime: 295.9s; Iterations = 5340, grads =   1.143e-08, unitary_metric = 0.99998
Error = :6.23e-03; Runtime: 297.0s; Iterations = 5360, grads =   6.378e-09, unitary_metric = 0.99998
Error = :6.23e-03; Runtime: 298.0s; Iterations = 5380, grads =   1.073e-08, unitary_metric = 0.99998
Error = :6.23e-03; Runtime: 299.1s; Iterations = 5400, grads =   4.507e-09, unitary_metric = 0.99999
Error = :6.23e-03; Runtime: 300.3s; Iterations = 5420, grads =   6.620e-09, unitary_metric = 0.99999
Error = :6.23e-03; Runtime: 301.4s; Iterations = 5440, grads =   1.695e-07, unitary_metric = 0.99999
Error = :6.24e-03; Runtime: 302.4s; Iterations = 5460, grads =   4.237e-05, unitary_metric = 0.99999
Error = :6.23e-03; Runtime: 303.5s; Iterations = 5480, grads =   3.218e-05, unitary_metric = 0.99999
Error = :6.23e-03; Runtime: 304.7s; Iterations = 5500, grads =   2.631e-05, unitary_metric = 0.99999
Error = :6.23e-03; Runtime: 305.9s; Iterations = 5520, grads =   3.034e-06, unitary_metric = 0.99999
Error = :6.23e-03; Runtime: 307.0s; Iterations = 5540, grads =   2.258e-07, unitary_metric = 0.99999
Error = :6.23e-03; Runtime: 308.1s; Iterations = 5560, grads =   1.123e-08, unitary_metric = 0.99999
Error = :6.23e-03; Runtime: 309.2s; Iterations = 5580, grads =   1.208e-08, unitary_metric = 0.99999
Error = :6.23e-03; Runtime: 310.2s; Iterations = 5600, grads =   5.501e-09, unitary_metric = 0.99999
Error = :6.23e-03; Runtime: 311.5s; Iterations = 5620, grads =   1.911e-09, unitary_metric = 0.99999
Error = :6.23e-03; Runtime: 312.5s; Iterations = 5640, grads =   3.774e-09, unitary_metric = 0.99999
Error = :6.23e-03; Runtime: 313.6s; Iterations = 5660, grads =   6.238e-09, unitary_metric = 0.99999
Error = :6.23e-03; Runtime: 314.7s; Iterations = 5680, grads =   8.209e-08, unitary_metric = 0.99999
Error = :6.23e-03; Runtime: 315.8s; Iterations = 5700, grads =   4.115e-06, unitary_metric = 0.99999
Error = :6.23e-03; Runtime: 317.0s; Iterations = 5720, grads =   4.991e-05, unitary_metric = 0.99999
Error = :6.23e-03; Runtime: 318.1s; Iterations = 5740, grads =   9.536e-06, unitary_metric = 0.99999
Error = :6.23e-03; Runtime: 319.2s; Iterations = 5760, grads =   1.830e-06, unitary_metric = 0.99999
Error = :6.23e-03; Runtime: 320.3s; Iterations = 5780, grads =   3.109e-07, unitary_metric = 0.99999
Error = :6.23e-03; Runtime: 321.3s; Iterations = 5800, grads =   2.757e-08, unitary_metric = 0.99999
Error = :6.23e-03; Runtime: 322.5s; Iterations = 5820, grads =   8.292e-09, unitary_metric = 0.99999
Error = :6.23e-03; Runtime: 323.6s; Iterations = 5840, grads =   2.264e-09, unitary_metric = 0.99999
Error = :6.23e-03; Runtime: 324.7s; Iterations = 5860, grads =   2.217e-09, unitary_metric = 0.99999
Error = :6.23e-03; Runtime: 325.8s; Iterations = 5880, grads =   5.051e-09, unitary_metric = 0.99999
Error = :6.23e-03; Runtime: 326.8s; Iterations = 5900, grads =   2.710e-07, unitary_metric = 0.99999
Error = :6.24e-03; Runtime: 328.1s; Iterations = 5920, grads =   2.368e-05, unitary_metric = 0.99999
Error = :6.23e-03; Runtime: 329.1s; Iterations = 5940, grads =   6.770e-06, unitary_metric = 0.99999
Error = :6.24e-03; Runtime: 330.2s; Iterations = 5960, grads =   2.781e-05, unitary_metric = 0.99999
Error = :6.23e-03; Runtime: 331.2s; Iterations = 5980, grads =   1.824e-06, unitary_metric = 0.99999
Error = :6.24e-03; Runtime: 332.3s; Iterations = 6000, grads =   2.622e-07, unitary_metric = 0.99999
data saved at: /project/ftchong/qoc/yongshan/00016_31_3regN6p8_slice_1.h5


trying total_time: 8.4 for unitary of size (8, 8)
data saved at: /project/ftchong/qoc/yongshan/00017_31_3regN6p8_slice_1.h5
Using 4 Taylor terms and 3 Scaling & Squaring terms
Building graph:
Propagators initialized.
Operators weight initialized.
Intermediate propagation variables initialized.
Intermediate propagators initialized.
Vectors initialized.
Training loss initialized.
Optimizer initialized.
Utilities initialized.
Graph built!
Initialized
Error = :9.39e-01; Runtime: 0.4s; Iterations = 0, grads =   3.166e-03, unitary_metric = 1.00001
Error = :1.14e-01; Runtime: 2.5s; Iterations = 20, grads =   7.721e-01, unitary_metric = 1.00001
Error = :7.84e-02; Runtime: 4.1s; Iterations = 40, grads =   2.033e-01, unitary_metric = 1.00001
Error = :6.77e-02; Runtime: 5.7s; Iterations = 60, grads =   2.285e-02, unitary_metric = 1.00001
Error = :6.66e-02; Runtime: 7.3s; Iterations = 80, grads =   2.762e-03, unitary_metric = 1.00001
Error = :6.64e-02; Runtime: 8.9s; Iterations = 100, grads =   9.292e-05, unitary_metric = 1.00001
Error = :6.63e-02; Runtime: 10.7s; Iterations = 120, grads =   4.275e-05, unitary_metric = 1.00001
Error = :6.53e-02; Runtime: 12.3s; Iterations = 140, grads =   2.790e-05, unitary_metric = 1.00000
Error = :3.64e-02; Runtime: 13.9s; Iterations = 160, grads =   1.617e-03, unitary_metric = 1.00000
Error = :4.70e-03; Runtime: 15.5s; Iterations = 180, grads =   4.830e-04, unitary_metric = 1.00000
Error = :9.38e-04; Runtime: 16.8s; Iterations = 196, grads =   1.309e-04, unitary_metric = 1.00000
data saved at: /project/ftchong/qoc/yongshan/00017_31_3regN6p8_slice_1.h5


trying total_time: 7.0 for unitary of size (8, 8)
data saved at: /project/ftchong/qoc/yongshan/00018_31_3regN6p8_slice_1.h5
Using 4 Taylor terms and 3 Scaling & Squaring terms
Building graph:
Propagators initialized.
Operators weight initialized.
Intermediate propagation variables initialized.
Intermediate propagators initialized.
Vectors initialized.
Training loss initialized.
Optimizer initialized.
Utilities initialized.
Graph built!
Initialized
Error = :9.40e-01; Runtime: 0.3s; Iterations = 0, grads =   4.674e-03, unitary_metric = 1.00000
Error = :9.34e-01; Runtime: 2.1s; Iterations = 20, grads =   8.348e-04, unitary_metric = 1.00001
Error = :9.34e-01; Runtime: 3.5s; Iterations = 40, grads =   1.372e-04, unitary_metric = 1.00001
Error = :9.34e-01; Runtime: 4.8s; Iterations = 60, grads =   1.583e-05, unitary_metric = 1.00001
Error = :9.34e-01; Runtime: 6.1s; Iterations = 80, grads =   1.635e-06, unitary_metric = 1.00001
Error = :9.34e-01; Runtime: 7.5s; Iterations = 100, grads =   2.422e-07, unitary_metric = 1.00001
Error = :9.34e-01; Runtime: 9.0s; Iterations = 120, grads =   2.151e-08, unitary_metric = 1.00001
Error = :9.34e-01; Runtime: 10.4s; Iterations = 140, grads =   6.918e-09, unitary_metric = 1.00001
Error = :9.34e-01; Runtime: 11.7s; Iterations = 160, grads =   7.844e-10, unitary_metric = 1.00001
Error = :9.34e-01; Runtime: 13.1s; Iterations = 180, grads =   9.855e-11, unitary_metric = 1.00001
Error = :9.34e-01; Runtime: 14.4s; Iterations = 200, grads =   1.158e-10, unitary_metric = 1.00000
Error = :9.34e-01; Runtime: 15.9s; Iterations = 220, grads =   3.590e-10, unitary_metric = 1.00001
Error = :9.34e-01; Runtime: 17.3s; Iterations = 240, grads =   1.720e-09, unitary_metric = 1.00000
Error = :9.34e-01; Runtime: 18.6s; Iterations = 260, grads =   2.268e-08, unitary_metric = 1.00000
Error = :9.33e-01; Runtime: 20.0s; Iterations = 280, grads =   6.335e-06, unitary_metric = 1.00000
Error = :6.07e-01; Runtime: 21.3s; Iterations = 300, grads =   2.527e-02, unitary_metric = 1.00000
Error = :1.74e-01; Runtime: 22.8s; Iterations = 320, grads =   2.833e-02, unitary_metric = 0.99999
Error = :2.62e-02; Runtime: 24.1s; Iterations = 340, grads =   6.206e-03, unitary_metric = 0.99999
Error = :9.71e-04; Runtime: 25.4s; Iterations = 359, grads =   9.991e-04, unitary_metric = 0.99999
data saved at: /project/ftchong/qoc/yongshan/00018_31_3regN6p8_slice_1.h5


trying total_time: 6.3 for unitary of size (8, 8)
data saved at: /project/ftchong/qoc/yongshan/00019_31_3regN6p8_slice_1.h5
Using 4 Taylor terms and 3 Scaling & Squaring terms
Building graph:
Propagators initialized.
Operators weight initialized.
Intermediate propagation variables initialized.
Intermediate propagators initialized.
Vectors initialized.
Training loss initialized.
Optimizer initialized.
Utilities initialized.
Graph built!
Initialized
Error = :9.35e-01; Runtime: 0.2s; Iterations = 0, grads =   1.336e-03, unitary_metric = 1.00001
Error = :9.34e-01; Runtime: 1.8s; Iterations = 20, grads =   7.919e-04, unitary_metric = 1.00000
Error = :9.34e-01; Runtime: 3.0s; Iterations = 40, grads =   1.584e-04, unitary_metric = 1.00000
Error = :9.34e-01; Runtime: 4.2s; Iterations = 60, grads =   1.226e-06, unitary_metric = 1.00000
Error = :9.34e-01; Runtime: 5.4s; Iterations = 80, grads =   1.823e-06, unitary_metric = 1.00000
Error = :9.34e-01; Runtime: 6.6s; Iterations = 100, grads =   1.551e-07, unitary_metric = 1.00001
Error = :9.34e-01; Runtime: 8.0s; Iterations = 120, grads =   1.395e-08, unitary_metric = 1.00000
Error = :9.33e-01; Runtime: 9.2s; Iterations = 140, grads =   6.683e-06, unitary_metric = 1.00000
Error = :7.64e-01; Runtime: 10.4s; Iterations = 160, grads =   5.952e-03, unitary_metric = 1.00000
Error = :3.03e-01; Runtime: 11.6s; Iterations = 180, grads =   3.457e-02, unitary_metric = 0.99999
Error = :6.80e-02; Runtime: 12.8s; Iterations = 200, grads =   9.416e-03, unitary_metric = 1.00000
Error = :1.98e-02; Runtime: 14.2s; Iterations = 220, grads =   3.672e-04, unitary_metric = 0.99999
Error = :7.53e-03; Runtime: 15.4s; Iterations = 240, grads =   2.355e-04, unitary_metric = 0.99999
Error = :3.37e-03; Runtime: 16.6s; Iterations = 260, grads =   3.176e-05, unitary_metric = 0.99999
Error = :1.72e-03; Runtime: 17.8s; Iterations = 280, grads =   8.327e-06, unitary_metric = 0.99998
Error = :9.78e-04; Runtime: 18.9s; Iterations = 299, grads =   2.606e-06, unitary_metric = 0.99999
data saved at: /project/ftchong/qoc/yongshan/00019_31_3regN6p8_slice_1.h5


trying total_time: 5.95 for unitary of size (8, 8)
data saved at: /project/ftchong/qoc/yongshan/00020_31_3regN6p8_slice_1.h5
Using 4 Taylor terms and 3 Scaling & Squaring terms
Building graph:
Propagators initialized.
Operators weight initialized.
Intermediate propagation variables initialized.
Intermediate propagators initialized.
Vectors initialized.
Training loss initialized.
Optimizer initialized.
Utilities initialized.
Graph built!
Initialized
Error = :9.37e-01; Runtime: 0.4s; Iterations = 0, grads =   1.528e-03, unitary_metric = 1.00000
Error = :9.34e-01; Runtime: 1.9s; Iterations = 20, grads =   5.491e-04, unitary_metric = 1.00000
Error = :9.34e-01; Runtime: 3.0s; Iterations = 40, grads =   6.718e-05, unitary_metric = 1.00000
Error = :9.34e-01; Runtime: 4.2s; Iterations = 60, grads =   6.194e-06, unitary_metric = 1.00000
Error = :9.34e-01; Runtime: 5.3s; Iterations = 80, grads =   1.769e-07, unitary_metric = 1.00000
Error = :9.34e-01; Runtime: 6.5s; Iterations = 100, grads =   1.245e-07, unitary_metric = 1.00000
Error = :9.34e-01; Runtime: 7.8s; Iterations = 120, grads =   6.808e-09, unitary_metric = 1.00000
Error = :9.34e-01; Runtime: 9.0s; Iterations = 140, grads =   7.823e-10, unitary_metric = 1.00000
Error = :9.34e-01; Runtime: 10.1s; Iterations = 160, grads =   4.733e-10, unitary_metric = 1.00000
Error = :9.34e-01; Runtime: 11.2s; Iterations = 180, grads =   6.903e-09, unitary_metric = 1.00000
Error = :9.32e-01; Runtime: 12.4s; Iterations = 200, grads =   2.986e-05, unitary_metric = 1.00000
Error = :5.28e-01; Runtime: 13.7s; Iterations = 220, grads =   1.048e-02, unitary_metric = 0.99999
Error = :1.15e-01; Runtime: 14.8s; Iterations = 240, grads =   1.707e-03, unitary_metric = 0.99999
Error = :4.36e-02; Runtime: 16.0s; Iterations = 260, grads =   4.637e-03, unitary_metric = 0.99999
Error = :2.64e-02; Runtime: 17.1s; Iterations = 280, grads =   5.888e-04, unitary_metric = 0.99999
Error = :1.92e-02; Runtime: 18.2s; Iterations = 300, grads =   9.306e-05, unitary_metric = 0.99999
Error = :1.49e-02; Runtime: 19.6s; Iterations = 320, grads =   2.089e-05, unitary_metric = 0.99999
Error = :1.20e-02; Runtime: 20.8s; Iterations = 340, grads =   8.921e-06, unitary_metric = 0.99999
Error = :9.96e-03; Runtime: 21.9s; Iterations = 360, grads =   6.294e-06, unitary_metric = 0.99998
Error = :8.50e-03; Runtime: 23.1s; Iterations = 380, grads =   4.427e-06, unitary_metric = 0.99999
Error = :7.45e-03; Runtime: 24.2s; Iterations = 400, grads =   3.248e-06, unitary_metric = 0.99998
Error = :6.64e-03; Runtime: 25.5s; Iterations = 420, grads =   2.442e-06, unitary_metric = 0.99998
Error = :6.02e-03; Runtime: 26.7s; Iterations = 440, grads =   1.874e-06, unitary_metric = 0.99998
Error = :5.53e-03; Runtime: 27.8s; Iterations = 460, grads =   1.462e-06, unitary_metric = 0.99998
Error = :5.14e-03; Runtime: 28.9s; Iterations = 480, grads =   1.164e-06, unitary_metric = 0.99998
Error = :4.82e-03; Runtime: 30.1s; Iterations = 500, grads =   9.429e-07, unitary_metric = 0.99998
Error = :4.55e-03; Runtime: 31.4s; Iterations = 520, grads =   7.767e-07, unitary_metric = 0.99998
Error = :4.33e-03; Runtime: 32.6s; Iterations = 540, grads =   7.112e-07, unitary_metric = 0.99998
Error = :4.14e-03; Runtime: 33.7s; Iterations = 560, grads =   5.555e-07, unitary_metric = 0.99998
Error = :3.97e-03; Runtime: 34.8s; Iterations = 580, grads =   5.362e-07, unitary_metric = 0.99998
Error = :3.96e-03; Runtime: 36.0s; Iterations = 600, grads =   6.130e-04, unitary_metric = 0.99998
Error = :3.73e-03; Runtime: 37.2s; Iterations = 620, grads =   8.999e-05, unitary_metric = 0.99998
Error = :3.60e-03; Runtime: 38.4s; Iterations = 640, grads =   2.028e-06, unitary_metric = 0.99998
Error = :3.51e-03; Runtime: 39.6s; Iterations = 660, grads =   1.822e-06, unitary_metric = 0.99998
Error = :3.43e-03; Runtime: 40.7s; Iterations = 680, grads =   4.451e-07, unitary_metric = 0.99998
Error = :3.35e-03; Runtime: 41.9s; Iterations = 700, grads =   2.397e-07, unitary_metric = 0.99998
Error = :3.28e-03; Runtime: 43.2s; Iterations = 720, grads =   2.066e-07, unitary_metric = 0.99998
Error = :3.22e-03; Runtime: 44.3s; Iterations = 740, grads =   1.876e-07, unitary_metric = 0.99998
Error = :3.16e-03; Runtime: 45.4s; Iterations = 760, grads =   1.846e-07, unitary_metric = 0.99998
Error = :3.11e-03; Runtime: 46.6s; Iterations = 780, grads =   1.617e-07, unitary_metric = 0.99998
Error = :3.06e-03; Runtime: 47.7s; Iterations = 800, grads =   1.794e-07, unitary_metric = 0.99998
Error = :3.04e-03; Runtime: 49.0s; Iterations = 820, grads =   1.205e-04, unitary_metric = 0.99998
Error = :3.00e-03; Runtime: 50.2s; Iterations = 840, grads =   1.209e-04, unitary_metric = 0.99998
Error = :2.94e-03; Runtime: 51.3s; Iterations = 860, grads =   5.132e-06, unitary_metric = 0.99998
Error = :2.90e-03; Runtime: 52.4s; Iterations = 880, grads =   2.332e-07, unitary_metric = 0.99998
Error = :2.87e-03; Runtime: 53.6s; Iterations = 900, grads =   2.065e-07, unitary_metric = 0.99998
Error = :2.83e-03; Runtime: 54.9s; Iterations = 920, grads =   1.506e-07, unitary_metric = 0.99998
Error = :2.80e-03; Runtime: 56.0s; Iterations = 940, grads =   1.193e-07, unitary_metric = 0.99998
Error = :2.76e-03; Runtime: 57.1s; Iterations = 960, grads =   1.188e-07, unitary_metric = 0.99998
Error = :2.72e-03; Runtime: 58.3s; Iterations = 980, grads =   1.155e-07, unitary_metric = 0.99998
Error = :2.69e-03; Runtime: 59.4s; Iterations = 1000, grads =   1.750e-07, unitary_metric = 0.99998
Error = :2.65e-03; Runtime: 60.7s; Iterations = 1020, grads =   1.177e-07, unitary_metric = 0.99998
Error = :2.62e-03; Runtime: 61.9s; Iterations = 1040, grads =   3.644e-07, unitary_metric = 0.99998
Error = :2.65e-03; Runtime: 63.0s; Iterations = 1060, grads =   3.708e-04, unitary_metric = 0.99998
Error = :2.55e-03; Runtime: 64.2s; Iterations = 1080, grads =   4.200e-05, unitary_metric = 0.99998
Error = :2.51e-03; Runtime: 65.3s; Iterations = 1100, grads =   9.925e-06, unitary_metric = 0.99998
Error = :2.48e-03; Runtime: 66.6s; Iterations = 1120, grads =   8.085e-07, unitary_metric = 0.99998
Error = :2.44e-03; Runtime: 67.8s; Iterations = 1140, grads =   2.365e-07, unitary_metric = 0.99998
Error = :2.41e-03; Runtime: 68.9s; Iterations = 1160, grads =   8.103e-08, unitary_metric = 0.99998
Error = :2.39e-03; Runtime: 70.0s; Iterations = 1180, grads =   8.035e-08, unitary_metric = 0.99998
Error = :2.36e-03; Runtime: 71.1s; Iterations = 1200, grads =   5.555e-07, unitary_metric = 0.99998
Error = :2.37e-03; Runtime: 72.5s; Iterations = 1220, grads =   1.768e-04, unitary_metric = 0.99998
Error = :2.32e-03; Runtime: 73.6s; Iterations = 1240, grads =   1.884e-05, unitary_metric = 0.99998
Error = :2.29e-03; Runtime: 74.7s; Iterations = 1260, grads =   1.790e-06, unitary_metric = 0.99998
Error = :2.26e-03; Runtime: 75.9s; Iterations = 1280, grads =   3.064e-07, unitary_metric = 0.99998
Error = :2.25e-03; Runtime: 77.0s; Iterations = 1300, grads =   4.634e-05, unitary_metric = 0.99998
Error = :2.23e-03; Runtime: 78.3s; Iterations = 1320, grads =   5.775e-05, unitary_metric = 0.99998
Error = :2.20e-03; Runtime: 79.5s; Iterations = 1340, grads =   1.541e-06, unitary_metric = 0.99998
Error = :2.17e-03; Runtime: 80.6s; Iterations = 1360, grads =   2.822e-07, unitary_metric = 0.99998
Error = :2.15e-03; Runtime: 81.8s; Iterations = 1380, grads =   5.884e-07, unitary_metric = 0.99998
Error = :2.13e-03; Runtime: 82.9s; Iterations = 1400, grads =   2.835e-07, unitary_metric = 0.99998
Error = :2.10e-03; Runtime: 84.2s; Iterations = 1420, grads =   6.750e-08, unitary_metric = 0.99998
Error = :2.09e-03; Runtime: 85.3s; Iterations = 1440, grads =   8.733e-08, unitary_metric = 0.99998
Error = :2.07e-03; Runtime: 86.5s; Iterations = 1460, grads =   6.260e-08, unitary_metric = 0.99998
Error = :2.04e-03; Runtime: 87.6s; Iterations = 1480, grads =   1.267e-06, unitary_metric = 0.99998
Error = :2.08e-03; Runtime: 88.8s; Iterations = 1500, grads =   3.096e-04, unitary_metric = 0.99998
Error = :2.01e-03; Runtime: 90.1s; Iterations = 1520, grads =   4.759e-05, unitary_metric = 0.99998
Error = :1.98e-03; Runtime: 91.2s; Iterations = 1540, grads =   1.578e-06, unitary_metric = 0.99998
Error = :1.95e-03; Runtime: 92.4s; Iterations = 1560, grads =   2.392e-07, unitary_metric = 0.99998
Error = :1.94e-03; Runtime: 93.5s; Iterations = 1580, grads =   1.053e-07, unitary_metric = 0.99998
Error = :1.92e-03; Runtime: 94.7s; Iterations = 1600, grads =   5.755e-08, unitary_metric = 0.99998
Error = :1.90e-03; Runtime: 96.0s; Iterations = 1620, grads =   4.268e-08, unitary_metric = 0.99998
Error = :1.88e-03; Runtime: 97.1s; Iterations = 1640, grads =   4.104e-08, unitary_metric = 0.99998
Error = :1.87e-03; Runtime: 98.3s; Iterations = 1660, grads =   3.823e-08, unitary_metric = 0.99998
Error = :1.85e-03; Runtime: 99.4s; Iterations = 1680, grads =   5.000e-08, unitary_metric = 0.99998
Error = :1.84e-03; Runtime: 100.5s; Iterations = 1700, grads =   1.984e-07, unitary_metric = 0.99998
Error = :1.83e-03; Runtime: 101.8s; Iterations = 1720, grads =   8.430e-08, unitary_metric = 0.99998
Error = :1.81e-03; Runtime: 103.0s; Iterations = 1740, grads =   4.220e-08, unitary_metric = 0.99998
Error = :1.80e-03; Runtime: 104.1s; Iterations = 1760, grads =   3.237e-08, unitary_metric = 0.99998
Error = :1.79e-03; Runtime: 105.2s; Iterations = 1780, grads =   7.981e-08, unitary_metric = 0.99998
Error = :1.78e-03; Runtime: 106.4s; Iterations = 1800, grads =   1.026e-05, unitary_metric = 0.99998
Error = :1.91e-03; Runtime: 107.7s; Iterations = 1820, grads =   1.833e-03, unitary_metric = 0.99998
Error = :1.77e-03; Runtime: 108.8s; Iterations = 1840, grads =   3.334e-05, unitary_metric = 0.99998
Error = :1.77e-03; Runtime: 110.0s; Iterations = 1860, grads =   7.177e-05, unitary_metric = 0.99998
Error = :1.75e-03; Runtime: 111.1s; Iterations = 1880, grads =   2.033e-05, unitary_metric = 0.99998
Error = :1.74e-03; Runtime: 112.3s; Iterations = 1900, grads =   1.751e-06, unitary_metric = 0.99998
Error = :1.73e-03; Runtime: 113.5s; Iterations = 1920, grads =   1.304e-07, unitary_metric = 0.99998
Error = :1.72e-03; Runtime: 114.7s; Iterations = 1940, grads =   4.459e-08, unitary_metric = 0.99998
Error = :1.72e-03; Runtime: 115.8s; Iterations = 1960, grads =   2.311e-08, unitary_metric = 0.99998
Error = :1.71e-03; Runtime: 117.0s; Iterations = 1980, grads =   1.841e-08, unitary_metric = 0.99998
Error = :1.71e-03; Runtime: 118.1s; Iterations = 2000, grads =   3.271e-08, unitary_metric = 0.99998
Error = :1.70e-03; Runtime: 119.4s; Iterations = 2020, grads =   2.662e-07, unitary_metric = 0.99998
Error = :1.70e-03; Runtime: 120.5s; Iterations = 2040, grads =   4.588e-05, unitary_metric = 0.99998
Error = :1.71e-03; Runtime: 121.7s; Iterations = 2060, grads =   2.197e-04, unitary_metric = 0.99998
Error = :1.69e-03; Runtime: 122.8s; Iterations = 2080, grads =   2.306e-05, unitary_metric = 0.99998
Error = :1.68e-03; Runtime: 124.0s; Iterations = 2100, grads =   4.117e-06, unitary_metric = 0.99998
Error = :1.68e-03; Runtime: 125.3s; Iterations = 2120, grads =   1.520e-06, unitary_metric = 0.99998
Error = :1.67e-03; Runtime: 126.5s; Iterations = 2140, grads =   1.057e-07, unitary_metric = 0.99998
Error = :1.67e-03; Runtime: 127.6s; Iterations = 2160, grads =   2.991e-08, unitary_metric = 0.99998
Error = :1.66e-03; Runtime: 128.7s; Iterations = 2180, grads =   1.578e-08, unitary_metric = 0.99998
Error = :1.66e-03; Runtime: 129.9s; Iterations = 2200, grads =   1.211e-08, unitary_metric = 0.99997
Error = :1.66e-03; Runtime: 131.2s; Iterations = 2220, grads =   1.260e-08, unitary_metric = 0.99998
Error = :1.65e-03; Runtime: 132.3s; Iterations = 2240, grads =   2.998e-07, unitary_metric = 0.99998
Error = :1.66e-03; Runtime: 133.5s; Iterations = 2260, grads =   1.582e-04, unitary_metric = 0.99998
Error = :1.69e-03; Runtime: 134.6s; Iterations = 2280, grads =   5.188e-04, unitary_metric = 0.99998
Error = :1.64e-03; Runtime: 135.8s; Iterations = 2300, grads =   6.010e-06, unitary_metric = 0.99998
Error = :1.64e-03; Runtime: 137.1s; Iterations = 2320, grads =   1.698e-05, unitary_metric = 0.99998
Error = :1.64e-03; Runtime: 138.3s; Iterations = 2340, grads =   1.138e-05, unitary_metric = 0.99998
Error = :1.64e-03; Runtime: 139.4s; Iterations = 2360, grads =   2.694e-06, unitary_metric = 0.99998
Error = :1.64e-03; Runtime: 140.5s; Iterations = 2380, grads =   1.779e-07, unitary_metric = 0.99997
Error = :1.63e-03; Runtime: 141.7s; Iterations = 2400, grads =   1.954e-08, unitary_metric = 0.99998
Error = :1.63e-03; Runtime: 143.0s; Iterations = 2420, grads =   2.680e-08, unitary_metric = 0.99998
Error = :1.63e-03; Runtime: 144.1s; Iterations = 2440, grads =   1.177e-07, unitary_metric = 0.99998
Error = :1.62e-03; Runtime: 145.3s; Iterations = 2460, grads =   4.288e-08, unitary_metric = 0.99998
Error = :1.62e-03; Runtime: 146.4s; Iterations = 2480, grads =   1.361e-08, unitary_metric = 0.99998
Error = :1.62e-03; Runtime: 147.6s; Iterations = 2500, grads =   3.970e-08, unitary_metric = 0.99998
Error = :1.62e-03; Runtime: 148.9s; Iterations = 2520, grads =   1.603e-06, unitary_metric = 0.99998
Error = :1.66e-03; Runtime: 150.1s; Iterations = 2540, grads =   5.557e-04, unitary_metric = 0.99998
Error = :1.62e-03; Runtime: 151.2s; Iterations = 2560, grads =   6.412e-06, unitary_metric = 0.99997
Error = :1.62e-03; Runtime: 152.3s; Iterations = 2580, grads =   5.664e-06, unitary_metric = 0.99998
Error = :1.65e-03; Runtime: 153.4s; Iterations = 2600, grads =   1.360e-04, unitary_metric = 0.99998
Error = :1.62e-03; Runtime: 154.7s; Iterations = 2620, grads =   2.861e-06, unitary_metric = 0.99997
Error = :1.61e-03; Runtime: 155.9s; Iterations = 2640, grads =   4.611e-07, unitary_metric = 0.99998
Error = :1.62e-03; Runtime: 157.0s; Iterations = 2660, grads =   2.785e-07, unitary_metric = 0.99998
Error = :1.62e-03; Runtime: 158.2s; Iterations = 2680, grads =   8.951e-08, unitary_metric = 0.99998
Error = :1.62e-03; Runtime: 159.3s; Iterations = 2700, grads =   2.755e-08, unitary_metric = 0.99998
Error = :1.61e-03; Runtime: 160.7s; Iterations = 2720, grads =   1.463e-07, unitary_metric = 0.99998
Error = :1.62e-03; Runtime: 161.8s; Iterations = 2740, grads =   2.039e-07, unitary_metric = 0.99998
Error = :1.62e-03; Runtime: 162.9s; Iterations = 2760, grads =   5.371e-06, unitary_metric = 0.99998
Error = :1.66e-03; Runtime: 164.1s; Iterations = 2780, grads =   5.260e-04, unitary_metric = 0.99998
Error = :1.62e-03; Runtime: 165.2s; Iterations = 2800, grads =   2.002e-05, unitary_metric = 0.99998
Error = :1.63e-03; Runtime: 166.5s; Iterations = 2820, grads =   1.367e-05, unitary_metric = 0.99998
Error = :1.66e-03; Runtime: 167.7s; Iterations = 2840, grads =   1.533e-04, unitary_metric = 0.99998
Error = :1.63e-03; Runtime: 168.8s; Iterations = 2860, grads =   2.899e-06, unitary_metric = 0.99998
Error = :1.63e-03; Runtime: 169.9s; Iterations = 2880, grads =   7.723e-08, unitary_metric = 0.99998
Error = :1.64e-03; Runtime: 171.0s; Iterations = 2900, grads =   2.729e-07, unitary_metric = 0.99998
Error = :1.64e-03; Runtime: 172.4s; Iterations = 2920, grads =   4.284e-08, unitary_metric = 0.99997
Error = :1.65e-03; Runtime: 173.5s; Iterations = 2940, grads =   1.027e-07, unitary_metric = 0.99998
Error = :1.65e-03; Runtime: 174.6s; Iterations = 2960, grads =   9.255e-06, unitary_metric = 0.99998
Error = :1.71e-03; Runtime: 175.8s; Iterations = 2980, grads =   6.071e-04, unitary_metric = 0.99998
Error = :1.67e-03; Runtime: 176.9s; Iterations = 3000, grads =   7.113e-05, unitary_metric = 0.99998
Error = :1.68e-03; Runtime: 178.2s; Iterations = 3020, grads =   9.126e-06, unitary_metric = 0.99998
Error = :1.68e-03; Runtime: 179.4s; Iterations = 3040, grads =   1.033e-06, unitary_metric = 0.99998
Error = :1.70e-03; Runtime: 180.5s; Iterations = 3060, grads =   3.552e-06, unitary_metric = 0.99998
Error = :1.72e-03; Runtime: 181.7s; Iterations = 3080, grads =   4.735e-05, unitary_metric = 0.99997
Error = :1.72e-03; Runtime: 182.8s; Iterations = 3100, grads =   3.765e-06, unitary_metric = 0.99998
Error = :1.73e-03; Runtime: 184.1s; Iterations = 3120, grads =   4.607e-07, unitary_metric = 0.99998
Error = :1.74e-03; Runtime: 185.2s; Iterations = 3140, grads =   1.089e-07, unitary_metric = 0.99998
Error = :1.75e-03; Runtime: 186.4s; Iterations = 3160, grads =   9.217e-08, unitary_metric = 0.99997
Error = :1.77e-03; Runtime: 187.5s; Iterations = 3180, grads =   9.531e-07, unitary_metric = 0.99997
Error = :1.78e-03; Runtime: 188.7s; Iterations = 3200, grads =   1.105e-04, unitary_metric = 0.99998
Error = :1.79e-03; Runtime: 190.0s; Iterations = 3220, grads =   1.275e-04, unitary_metric = 0.99997
Error = :1.79e-03; Runtime: 191.1s; Iterations = 3240, grads =   8.075e-06, unitary_metric = 0.99998
Error = :1.80e-03; Runtime: 192.3s; Iterations = 3260, grads =   7.534e-08, unitary_metric = 0.99997
Error = :1.79e-03; Runtime: 193.5s; Iterations = 3280, grads =   3.470e-07, unitary_metric = 0.99998
Error = :1.79e-03; Runtime: 194.6s; Iterations = 3300, grads =   9.516e-08, unitary_metric = 0.99998
Error = :1.78e-03; Runtime: 195.9s; Iterations = 3320, grads =   8.541e-07, unitary_metric = 0.99998
Error = :1.79e-03; Runtime: 197.0s; Iterations = 3340, grads =   7.486e-05, unitary_metric = 0.99997
Error = :1.76e-03; Runtime: 198.2s; Iterations = 3360, grads =   6.788e-06, unitary_metric = 0.99997
Error = :1.75e-03; Runtime: 199.3s; Iterations = 3380, grads =   1.602e-06, unitary_metric = 0.99997
Error = :1.74e-03; Runtime: 200.5s; Iterations = 3400, grads =   7.691e-08, unitary_metric = 0.99998
Error = :1.72e-03; Runtime: 201.7s; Iterations = 3420, grads =   2.252e-06, unitary_metric = 0.99998
Error = :1.77e-03; Runtime: 202.9s; Iterations = 3440, grads =   8.015e-04, unitary_metric = 0.99998
Error = :1.70e-03; Runtime: 204.0s; Iterations = 3460, grads =   7.862e-05, unitary_metric = 0.99998
Error = :1.68e-03; Runtime: 205.1s; Iterations = 3480, grads =   2.383e-07, unitary_metric = 0.99997
Error = :1.67e-03; Runtime: 206.3s; Iterations = 3500, grads =   1.288e-06, unitary_metric = 0.99998
Error = :1.66e-03; Runtime: 207.6s; Iterations = 3520, grads =   2.499e-07, unitary_metric = 0.99998
Error = :1.65e-03; Runtime: 208.7s; Iterations = 3540, grads =   3.549e-06, unitary_metric = 0.99997
Error = :1.65e-03; Runtime: 209.9s; Iterations = 3560, grads =   2.174e-05, unitary_metric = 0.99997
Error = :1.63e-03; Runtime: 211.0s; Iterations = 3580, grads =   4.234e-06, unitary_metric = 0.99997
Error = :1.63e-03; Runtime: 212.2s; Iterations = 3600, grads =   8.313e-07, unitary_metric = 0.99997
Error = :1.62e-03; Runtime: 213.5s; Iterations = 3620, grads =   1.684e-07, unitary_metric = 0.99997
Error = :1.61e-03; Runtime: 214.6s; Iterations = 3640, grads =   2.938e-08, unitary_metric = 0.99997
Error = :1.60e-03; Runtime: 215.8s; Iterations = 3660, grads =   3.004e-08, unitary_metric = 0.99998
Error = :1.60e-03; Runtime: 216.9s; Iterations = 3680, grads =   2.448e-08, unitary_metric = 0.99998
Error = :1.59e-03; Runtime: 218.0s; Iterations = 3700, grads =   7.055e-08, unitary_metric = 0.99998
Error = :1.59e-03; Runtime: 219.4s; Iterations = 3720, grads =   1.039e-07, unitary_metric = 0.99997
Error = :1.58e-03; Runtime: 220.5s; Iterations = 3740, grads =   1.011e-05, unitary_metric = 0.99997
Error = :1.58e-03; Runtime: 221.6s; Iterations = 3760, grads =   8.023e-05, unitary_metric = 0.99998
Error = :1.57e-03; Runtime: 222.8s; Iterations = 3780, grads =   1.841e-07, unitary_metric = 0.99998
Error = :1.56e-03; Runtime: 223.9s; Iterations = 3800, grads =   3.252e-06, unitary_metric = 0.99998
Error = :1.58e-03; Runtime: 225.2s; Iterations = 3820, grads =   8.084e-05, unitary_metric = 0.99998
Error = :1.55e-03; Runtime: 226.4s; Iterations = 3840, grads =   1.753e-06, unitary_metric = 0.99998
Error = :1.55e-03; Runtime: 227.5s; Iterations = 3860, grads =   4.992e-07, unitary_metric = 0.99998
Error = :1.54e-03; Runtime: 228.7s; Iterations = 3880, grads =   1.946e-07, unitary_metric = 0.99998
Error = :1.54e-03; Runtime: 229.8s; Iterations = 3900, grads =   4.052e-08, unitary_metric = 0.99998
Error = :1.54e-03; Runtime: 231.1s; Iterations = 3920, grads =   2.215e-08, unitary_metric = 0.99997
Error = :1.54e-03; Runtime: 232.2s; Iterations = 3940, grads =   1.442e-08, unitary_metric = 0.99997
Error = :1.53e-03; Runtime: 233.4s; Iterations = 3960, grads =   1.369e-08, unitary_metric = 0.99997
Error = :1.53e-03; Runtime: 234.5s; Iterations = 3980, grads =   2.586e-08, unitary_metric = 0.99997
Error = :1.52e-03; Runtime: 235.7s; Iterations = 4000, grads =   2.161e-07, unitary_metric = 0.99998
Error = :1.53e-03; Runtime: 236.9s; Iterations = 4020, grads =   2.052e-05, unitary_metric = 0.99997
Error = :1.52e-03; Runtime: 238.1s; Iterations = 4040, grads =   4.814e-06, unitary_metric = 0.99997
Error = :1.52e-03; Runtime: 239.2s; Iterations = 4060, grads =   7.789e-06, unitary_metric = 0.99998
Error = :1.51e-03; Runtime: 240.4s; Iterations = 4080, grads =   2.266e-06, unitary_metric = 0.99998
Error = :1.51e-03; Runtime: 241.5s; Iterations = 4100, grads =   5.369e-06, unitary_metric = 0.99997
Error = :1.51e-03; Runtime: 242.8s; Iterations = 4120, grads =   2.222e-06, unitary_metric = 0.99997
Error = :1.50e-03; Runtime: 243.9s; Iterations = 4140, grads =   2.560e-06, unitary_metric = 0.99998
Error = :1.50e-03; Runtime: 245.1s; Iterations = 4160, grads =   7.216e-08, unitary_metric = 0.99997
Error = :1.50e-03; Runtime: 246.2s; Iterations = 4180, grads =   6.246e-08, unitary_metric = 0.99998
Error = :1.50e-03; Runtime: 247.4s; Iterations = 4200, grads =   2.201e-08, unitary_metric = 0.99998
Error = :1.49e-03; Runtime: 248.7s; Iterations = 4220, grads =   1.320e-07, unitary_metric = 0.99998
Error = :1.50e-03; Runtime: 249.8s; Iterations = 4240, grads =   9.631e-06, unitary_metric = 0.99997
Error = :1.50e-03; Runtime: 251.0s; Iterations = 4260, grads =   8.059e-05, unitary_metric = 0.99998
Error = :1.49e-03; Runtime: 252.1s; Iterations = 4280, grads =   1.745e-05, unitary_metric = 0.99997
Error = :1.49e-03; Runtime: 253.3s; Iterations = 4300, grads =   1.367e-05, unitary_metric = 0.99998
Error = :1.49e-03; Runtime: 254.6s; Iterations = 4320, grads =   9.602e-06, unitary_metric = 0.99997
Error = :1.48e-03; Runtime: 255.7s; Iterations = 4340, grads =   1.854e-07, unitary_metric = 0.99998
Error = :1.48e-03; Runtime: 256.8s; Iterations = 4360, grads =   1.408e-07, unitary_metric = 0.99997
Error = :1.48e-03; Runtime: 258.0s; Iterations = 4380, grads =   3.839e-08, unitary_metric = 0.99997
Error = :1.48e-03; Runtime: 259.2s; Iterations = 4400, grads =   1.296e-08, unitary_metric = 0.99997
Error = :1.48e-03; Runtime: 260.5s; Iterations = 4420, grads =   2.147e-08, unitary_metric = 0.99997
Error = :1.48e-03; Runtime: 261.6s; Iterations = 4440, grads =   6.684e-08, unitary_metric = 0.99997
Error = :1.47e-03; Runtime: 262.8s; Iterations = 4460, grads =   4.835e-06, unitary_metric = 0.99997
Error = :1.49e-03; Runtime: 263.9s; Iterations = 4480, grads =   1.726e-04, unitary_metric = 0.99997
Error = :1.47e-03; Runtime: 265.1s; Iterations = 4500, grads =   5.644e-06, unitary_metric = 0.99998
Error = :1.47e-03; Runtime: 266.4s; Iterations = 4520, grads =   1.711e-05, unitary_metric = 0.99997
Error = :1.47e-03; Runtime: 267.5s; Iterations = 4540, grads =   1.110e-05, unitary_metric = 0.99997
Error = :1.47e-03; Runtime: 268.7s; Iterations = 4560, grads =   6.898e-07, unitary_metric = 0.99997
Error = :1.47e-03; Runtime: 269.8s; Iterations = 4580, grads =   3.083e-08, unitary_metric = 0.99997
Error = :1.46e-03; Runtime: 270.9s; Iterations = 4600, grads =   2.784e-08, unitary_metric = 0.99998
Error = :1.46e-03; Runtime: 272.2s; Iterations = 4620, grads =   7.942e-09, unitary_metric = 0.99997
Error = :1.46e-03; Runtime: 273.4s; Iterations = 4640, grads =   6.626e-09, unitary_metric = 0.99997
Error = :1.46e-03; Runtime: 274.5s; Iterations = 4660, grads =   6.373e-08, unitary_metric = 0.99997
Error = :1.46e-03; Runtime: 275.6s; Iterations = 4680, grads =   3.990e-06, unitary_metric = 0.99997
Error = :1.47e-03; Runtime: 276.8s; Iterations = 4700, grads =   1.216e-04, unitary_metric = 0.99997
Error = :1.46e-03; Runtime: 278.1s; Iterations = 4720, grads =   4.410e-06, unitary_metric = 0.99998
Error = :1.46e-03; Runtime: 279.2s; Iterations = 4740, grads =   5.279e-06, unitary_metric = 0.99998
Error = :1.46e-03; Runtime: 280.4s; Iterations = 4760, grads =   5.073e-06, unitary_metric = 0.99997
Error = :1.45e-03; Runtime: 281.5s; Iterations = 4780, grads =   3.591e-07, unitary_metric = 0.99997
Error = :1.45e-03; Runtime: 282.6s; Iterations = 4800, grads =   9.665e-09, unitary_metric = 0.99998
Error = :1.45e-03; Runtime: 283.9s; Iterations = 4820, grads =   2.164e-08, unitary_metric = 0.99997
Error = :1.45e-03; Runtime: 285.1s; Iterations = 4840, grads =   8.641e-09, unitary_metric = 0.99997
Error = :1.45e-03; Runtime: 286.2s; Iterations = 4860, grads =   5.996e-09, unitary_metric = 0.99998
Error = :1.45e-03; Runtime: 287.4s; Iterations = 4880, grads =   6.970e-09, unitary_metric = 0.99997
Error = :1.45e-03; Runtime: 288.5s; Iterations = 4900, grads =   4.838e-08, unitary_metric = 0.99997
Error = :1.45e-03; Runtime: 289.8s; Iterations = 4920, grads =   1.258e-07, unitary_metric = 0.99997
Error = :1.45e-03; Runtime: 290.9s; Iterations = 4940, grads =   1.516e-06, unitary_metric = 0.99997
Error = :1.45e-03; Runtime: 292.0s; Iterations = 4960, grads =   5.740e-05, unitary_metric = 0.99997
Error = :1.45e-03; Runtime: 293.2s; Iterations = 4980, grads =   2.165e-05, unitary_metric = 0.99997
Error = :1.44e-03; Runtime: 294.3s; Iterations = 5000, grads =   1.814e-06, unitary_metric = 0.99997
Error = :1.45e-03; Runtime: 295.6s; Iterations = 5020, grads =   1.131e-06, unitary_metric = 0.99997
Error = :1.44e-03; Runtime: 296.8s; Iterations = 5040, grads =   7.603e-08, unitary_metric = 0.99997
Error = :1.44e-03; Runtime: 297.9s; Iterations = 5060, grads =   5.418e-08, unitary_metric = 0.99997
Error = :1.45e-03; Runtime: 299.1s; Iterations = 5080, grads =   7.530e-08, unitary_metric = 0.99997
Error = :1.44e-03; Runtime: 300.2s; Iterations = 5100, grads =   1.723e-06, unitary_metric = 0.99997
Error = :1.45e-03; Runtime: 301.5s; Iterations = 5120, grads =   8.278e-05, unitary_metric = 0.99997
Error = :1.44e-03; Runtime: 302.7s; Iterations = 5140, grads =   1.430e-05, unitary_metric = 0.99997
Error = :1.44e-03; Runtime: 303.8s; Iterations = 5160, grads =   1.477e-07, unitary_metric = 0.99997
Error = :1.44e-03; Runtime: 304.9s; Iterations = 5180, grads =   3.477e-06, unitary_metric = 0.99997
Error = :1.44e-03; Runtime: 306.1s; Iterations = 5200, grads =   3.559e-07, unitary_metric = 0.99997
Error = :1.44e-03; Runtime: 307.4s; Iterations = 5220, grads =   4.836e-07, unitary_metric = 0.99997
Error = :1.44e-03; Runtime: 308.5s; Iterations = 5240, grads =   1.989e-07, unitary_metric = 0.99997
Error = :1.44e-03; Runtime: 309.6s; Iterations = 5260, grads =   2.042e-08, unitary_metric = 0.99997
Error = :1.44e-03; Runtime: 310.8s; Iterations = 5280, grads =   1.101e-06, unitary_metric = 0.99997
Error = :1.44e-03; Runtime: 311.9s; Iterations = 5300, grads =   1.195e-04, unitary_metric = 0.99997
Error = :1.43e-03; Runtime: 313.2s; Iterations = 5320, grads =   1.372e-07, unitary_metric = 0.99997
Error = :1.43e-03; Runtime: 314.4s; Iterations = 5340, grads =   8.922e-07, unitary_metric = 0.99997
Error = :1.43e-03; Runtime: 315.5s; Iterations = 5360, grads =   3.395e-07, unitary_metric = 0.99997
Error = :1.43e-03; Runtime: 316.6s; Iterations = 5380, grads =   3.081e-08, unitary_metric = 0.99997
Error = :1.43e-03; Runtime: 317.8s; Iterations = 5400, grads =   2.025e-06, unitary_metric = 0.99997
Error = :1.43e-03; Runtime: 319.1s; Iterations = 5420, grads =   6.377e-07, unitary_metric = 0.99998
Error = :1.43e-03; Runtime: 320.2s; Iterations = 5440, grads =   1.059e-06, unitary_metric = 0.99998
Error = :1.43e-03; Runtime: 321.4s; Iterations = 5460, grads =   1.592e-07, unitary_metric = 0.99997
Error = :1.43e-03; Runtime: 322.5s; Iterations = 5480, grads =   9.928e-09, unitary_metric = 0.99997
Error = :1.43e-03; Runtime: 323.7s; Iterations = 5500, grads =   2.104e-07, unitary_metric = 0.99997
Error = :1.43e-03; Runtime: 325.0s; Iterations = 5520, grads =   3.637e-05, unitary_metric = 0.99997
Error = :1.43e-03; Runtime: 326.1s; Iterations = 5540, grads =   3.124e-05, unitary_metric = 0.99997
Error = :1.43e-03; Runtime: 327.2s; Iterations = 5560, grads =   3.599e-06, unitary_metric = 0.99997
Error = :1.43e-03; Runtime: 328.4s; Iterations = 5580, grads =   2.478e-07, unitary_metric = 0.99997
Error = :1.43e-03; Runtime: 329.5s; Iterations = 5600, grads =   2.291e-07, unitary_metric = 0.99997
Error = :1.43e-03; Runtime: 330.8s; Iterations = 5620, grads =   1.173e-05, unitary_metric = 0.99997
Error = :1.43e-03; Runtime: 332.0s; Iterations = 5640, grads =   2.651e-06, unitary_metric = 0.99997
Error = :1.43e-03; Runtime: 333.1s; Iterations = 5660, grads =   6.491e-09, unitary_metric = 0.99997
Error = :1.42e-03; Runtime: 334.2s; Iterations = 5680, grads =   4.397e-08, unitary_metric = 0.99997
Error = :1.42e-03; Runtime: 335.4s; Iterations = 5700, grads =   1.018e-08, unitary_metric = 0.99997
Error = :1.43e-03; Runtime: 336.7s; Iterations = 5720, grads =   5.955e-09, unitary_metric = 0.99997
Error = :1.43e-03; Runtime: 337.8s; Iterations = 5740, grads =   1.775e-07, unitary_metric = 0.99997
Error = :1.43e-03; Runtime: 339.0s; Iterations = 5760, grads =   3.285e-05, unitary_metric = 0.99997
Error = :1.43e-03; Runtime: 340.1s; Iterations = 5780, grads =   2.613e-05, unitary_metric = 0.99997
Error = :1.43e-03; Runtime: 341.2s; Iterations = 5800, grads =   9.997e-06, unitary_metric = 0.99997
Error = :1.43e-03; Runtime: 342.5s; Iterations = 5820, grads =   4.681e-06, unitary_metric = 0.99997
Error = :1.42e-03; Runtime: 343.7s; Iterations = 5840, grads =   1.790e-07, unitary_metric = 0.99997
Error = :1.42e-03; Runtime: 344.8s; Iterations = 5860, grads =   3.213e-08, unitary_metric = 0.99997
Error = :1.42e-03; Runtime: 346.0s; Iterations = 5880, grads =   1.177e-08, unitary_metric = 0.99997
Error = :1.42e-03; Runtime: 347.3s; Iterations = 5900, grads =   3.834e-09, unitary_metric = 0.99997
Error = :1.42e-03; Runtime: 348.6s; Iterations = 5920, grads =   7.859e-09, unitary_metric = 0.99998
Error = :1.42e-03; Runtime: 349.7s; Iterations = 5940, grads =   3.521e-09, unitary_metric = 0.99997
Error = :1.42e-03; Runtime: 350.8s; Iterations = 5960, grads =   2.041e-08, unitary_metric = 0.99997
Error = :1.42e-03; Runtime: 352.0s; Iterations = 5980, grads =   4.140e-07, unitary_metric = 0.99997
Error = :1.42e-03; Runtime: 353.1s; Iterations = 6000, grads =   4.875e-05, unitary_metric = 0.99997
data saved at: /project/ftchong/qoc/yongshan/00020_31_3regN6p8_slice_1.h5


trying total_time: 6.1 for unitary of size (8, 8)
data saved at: /project/ftchong/qoc/yongshan/00021_31_3regN6p8_slice_1.h5
Using 4 Taylor terms and 3 Scaling & Squaring terms
Building graph:
Propagators initialized.
Operators weight initialized.
Intermediate propagation variables initialized.
Intermediate propagators initialized.
Vectors initialized.
Training loss initialized.
Optimizer initialized.
Utilities initialized.
Graph built!
Initialized
Error = :9.37e-01; Runtime: 0.2s; Iterations = 0, grads =   2.378e-03, unitary_metric = 1.00001
Error = :9.35e-01; Runtime: 1.8s; Iterations = 20, grads =   6.861e-04, unitary_metric = 1.00001
Error = :9.34e-01; Runtime: 2.9s; Iterations = 40, grads =   1.043e-04, unitary_metric = 1.00001
Error = :9.34e-01; Runtime: 4.1s; Iterations = 60, grads =   1.405e-05, unitary_metric = 1.00001
Error = :9.34e-01; Runtime: 5.3s; Iterations = 80, grads =   1.275e-06, unitary_metric = 1.00001
Error = :9.34e-01; Runtime: 6.4s; Iterations = 100, grads =   2.487e-07, unitary_metric = 1.00000
Error = :9.34e-01; Runtime: 7.8s; Iterations = 120, grads =   2.518e-08, unitary_metric = 1.00001
Error = :9.34e-01; Runtime: 8.9s; Iterations = 140, grads =   9.168e-10, unitary_metric = 1.00001
Error = :9.34e-01; Runtime: 10.1s; Iterations = 160, grads =   2.566e-10, unitary_metric = 1.00001
Error = :9.34e-01; Runtime: 11.3s; Iterations = 180, grads =   2.958e-11, unitary_metric = 1.00001
Error = :9.34e-01; Runtime: 12.4s; Iterations = 200, grads =   1.224e-11, unitary_metric = 1.00001
Error = :9.34e-01; Runtime: 13.8s; Iterations = 220, grads =   1.333e-11, unitary_metric = 1.00001
Error = :9.34e-01; Runtime: 14.9s; Iterations = 240, grads =   2.413e-11, unitary_metric = 1.00001
Error = :9.34e-01; Runtime: 16.1s; Iterations = 260, grads =   4.864e-11, unitary_metric = 1.00001
Error = :9.34e-01; Runtime: 17.3s; Iterations = 280, grads =   1.233e-10, unitary_metric = 1.00001
Error = :9.34e-01; Runtime: 18.5s; Iterations = 300, grads =   3.862e-10, unitary_metric = 1.00001
Error = :9.34e-01; Runtime: 19.8s; Iterations = 320, grads =   1.930e-09, unitary_metric = 1.00001
Error = :9.34e-01; Runtime: 21.0s; Iterations = 340, grads =   2.292e-08, unitary_metric = 1.00001
Error = :9.33e-01; Runtime: 22.1s; Iterations = 360, grads =   3.794e-06, unitary_metric = 1.00000
Error = :7.13e-01; Runtime: 23.3s; Iterations = 380, grads =   8.969e-03, unitary_metric = 1.00000
Error = :1.48e-01; Runtime: 24.5s; Iterations = 400, grads =   1.929e-02, unitary_metric = 0.99999
Error = :2.15e-02; Runtime: 25.8s; Iterations = 420, grads =   2.835e-03, unitary_metric = 0.99999
Error = :9.48e-03; Runtime: 27.0s; Iterations = 440, grads =   6.188e-04, unitary_metric = 0.99999
Error = :6.77e-03; Runtime: 28.1s; Iterations = 460, grads =   3.686e-05, unitary_metric = 0.99999
Error = :5.57e-03; Runtime: 29.3s; Iterations = 480, grads =   5.424e-06, unitary_metric = 0.99998
Error = :4.79e-03; Runtime: 30.4s; Iterations = 500, grads =   3.056e-06, unitary_metric = 0.99998
Error = :4.13e-03; Runtime: 31.8s; Iterations = 520, grads =   2.220e-06, unitary_metric = 0.99998
Error = :3.47e-03; Runtime: 32.9s; Iterations = 540, grads =   1.693e-06, unitary_metric = 0.99998
Error = :2.82e-03; Runtime: 34.1s; Iterations = 560, grads =   1.293e-06, unitary_metric = 0.99998
Error = :2.27e-03; Runtime: 35.3s; Iterations = 580, grads =   9.503e-07, unitary_metric = 0.99998
Error = :1.84e-03; Runtime: 36.4s; Iterations = 600, grads =   7.028e-07, unitary_metric = 0.99998
Error = :1.51e-03; Runtime: 37.8s; Iterations = 620, grads =   5.437e-07, unitary_metric = 0.99998
Error = :1.24e-03; Runtime: 39.0s; Iterations = 640, grads =   4.341e-07, unitary_metric = 0.99998
Error = :1.03e-03; Runtime: 40.1s; Iterations = 660, grads =   3.540e-07, unitary_metric = 0.99998
Error = :9.91e-04; Runtime: 40.4s; Iterations = 665, grads =   3.370e-07, unitary_metric = 0.99998
data saved at: /project/ftchong/qoc/yongshan/00021_31_3regN6p8_slice_1.h5




[0.15, 6.1]
TIME FOR SLICE IS:
6.1
