Running Array Job:  187
Experiment 3Reg N=8 p=6 slice=44


trying total_time: 90.0 for unitary of size (4, 4)
data saved at: /project/ftchong/qoc/yongshan/00000_31_3regN8p6_slice_44.h5
Using 5 Taylor terms and 3 Scaling & Squaring terms
Building graph:
Propagators initialized.
Operators weight initialized.
Intermediate propagation variables initialized.
Intermediate propagators initialized.
Vectors initialized.
Training loss initialized.
Optimizer initialized.
Utilities initialized.
Graph built!
Initialized
Error = :1.83e-01; Runtime: 2.8s; Iterations = 0, grads =   2.824e+01, unitary_metric = 1.00017
Error = :2.98e-01; Runtime: 22.7s; Iterations = 20, grads =   3.191e+01, unitary_metric = 1.00007
Error = :9.22e-02; Runtime: 37.4s; Iterations = 40, grads =   1.384e+01, unitary_metric = 1.00005
Error = :1.48e-02; Runtime: 52.1s; Iterations = 60, grads =   2.062e+00, unitary_metric = 1.00006
Error = :1.25e-03; Runtime: 66.7s; Iterations = 80, grads =   1.796e-01, unitary_metric = 1.00006
Error = :9.55e-04; Runtime: 67.5s; Iterations = 81, grads =   1.649e-01, unitary_metric = 1.00006
data saved at: /project/ftchong/qoc/yongshan/00000_31_3regN8p6_slice_44.h5


trying total_time: 45.0 for unitary of size (4, 4)
data saved at: /project/ftchong/qoc/yongshan/00001_31_3regN8p6_slice_44.h5
Using 4 Taylor terms and 3 Scaling & Squaring terms
Building graph:
Propagators initialized.
Operators weight initialized.
Intermediate propagation variables initialized.
Intermediate propagators initialized.
Vectors initialized.
Training loss initialized.
Optimizer initialized.
Utilities initialized.
Graph built!
Initialized
Error = :2.08e-01; Runtime: 1.3s; Iterations = 0, grads =   1.584e+01, unitary_metric = 1.00013
Error = :2.33e-02; Runtime: 10.0s; Iterations = 20, grads =   2.026e+00, unitary_metric = 1.00009
Error = :1.26e-02; Runtime: 16.4s; Iterations = 40, grads =   1.202e+00, unitary_metric = 1.00009
Error = :6.25e-04; Runtime: 18.7s; Iterations = 47, grads =   6.831e-02, unitary_metric = 1.00009
data saved at: /project/ftchong/qoc/yongshan/00001_31_3regN8p6_slice_44.h5


trying total_time: 22.5 for unitary of size (4, 4)
data saved at: /project/ftchong/qoc/yongshan/00002_31_3regN8p6_slice_44.h5
Using 4 Taylor terms and 3 Scaling & Squaring terms
Building graph:
Propagators initialized.
Operators weight initialized.
Intermediate propagation variables initialized.
Intermediate propagators initialized.
Vectors initialized.
Training loss initialized.
Optimizer initialized.
Utilities initialized.
Graph built!
Initialized
Error = :4.17e-01; Runtime: 0.6s; Iterations = 0, grads =   1.171e+01, unitary_metric = 1.00004
Error = :7.98e-02; Runtime: 4.8s; Iterations = 20, grads =   3.528e+00, unitary_metric = 1.00003
Error = :7.78e-04; Runtime: 5.3s; Iterations = 23, grads =   2.247e-02, unitary_metric = 1.00005
data saved at: /project/ftchong/qoc/yongshan/00002_31_3regN8p6_slice_44.h5


trying total_time: 11.25 for unitary of size (4, 4)
data saved at: /project/ftchong/qoc/yongshan/00003_31_3regN8p6_slice_44.h5
Using 6 Taylor terms and 1 Scaling & Squaring terms
Building graph:
Propagators initialized.
Operators weight initialized.
Intermediate propagation variables initialized.
Intermediate propagators initialized.
Vectors initialized.
Training loss initialized.
Optimizer initialized.
Utilities initialized.
Graph built!
Initialized
Error = :9.46e-02; Runtime: 0.3s; Iterations = 0, grads =   2.079e+00, unitary_metric = 1.00000
Error = :9.15e-03; Runtime: 2.4s; Iterations = 20, grads =   2.154e-01, unitary_metric = 1.00000
Error = :5.89e-04; Runtime: 3.8s; Iterations = 39, grads =   1.319e-02, unitary_metric = 1.00000
data saved at: /project/ftchong/qoc/yongshan/00003_31_3regN8p6_slice_44.h5


trying total_time: 5.6 for unitary of size (4, 4)
data saved at: /project/ftchong/qoc/yongshan/00004_31_3regN8p6_slice_44.h5
Using 6 Taylor terms and 1 Scaling & Squaring terms
Building graph:
Propagators initialized.
Operators weight initialized.
Intermediate propagation variables initialized.
Intermediate propagators initialized.
Vectors initialized.
Training loss initialized.
Optimizer initialized.
Utilities initialized.
Graph built!
Initialized
Error = :3.31e-01; Runtime: 0.2s; Iterations = 0, grads =   2.701e+00, unitary_metric = 1.00000
Error = :1.44e-02; Runtime: 1.3s; Iterations = 20, grads =   1.726e-01, unitary_metric = 1.00000
Error = :5.92e-04; Runtime: 1.5s; Iterations = 25, grads =   6.514e-03, unitary_metric = 1.00000
data saved at: /project/ftchong/qoc/yongshan/00004_31_3regN8p6_slice_44.h5


trying total_time: 2.8 for unitary of size (4, 4)
data saved at: /project/ftchong/qoc/yongshan/00005_31_3regN8p6_slice_44.h5
Using 6 Taylor terms and 1 Scaling & Squaring terms
Building graph:
Propagators initialized.
Operators weight initialized.
Intermediate propagation variables initialized.
Intermediate propagators initialized.
Vectors initialized.
Training loss initialized.
Optimizer initialized.
Utilities initialized.
Graph built!
Initialized
Error = :1.12e-01; Runtime: 0.1s; Iterations = 0, grads =   5.867e-01, unitary_metric = 1.00000
Error = :7.79e-04; Runtime: 0.7s; Iterations = 19, grads =   3.791e-03, unitary_metric = 1.00000
data saved at: /project/ftchong/qoc/yongshan/00005_31_3regN8p6_slice_44.h5


trying total_time: 1.4 for unitary of size (4, 4)
data saved at: /project/ftchong/qoc/yongshan/00006_31_3regN8p6_slice_44.h5
Using 6 Taylor terms and 1 Scaling & Squaring terms
Building graph:
Propagators initialized.
Operators weight initialized.
Intermediate propagation variables initialized.
Intermediate propagators initialized.
Vectors initialized.
Training loss initialized.
Optimizer initialized.
Utilities initialized.
Graph built!
Initialized
Error = :2.91e-02; Runtime: 0.1s; Iterations = 0, grads =   8.413e-02, unitary_metric = 1.00000
Error = :1.73e-04; Runtime: 0.3s; Iterations = 10, grads =   3.941e-04, unitary_metric = 1.00000
data saved at: /project/ftchong/qoc/yongshan/00006_31_3regN8p6_slice_44.h5


trying total_time: 0.7 for unitary of size (4, 4)
data saved at: /project/ftchong/qoc/yongshan/00007_31_3regN8p6_slice_44.h5
Using 7 Taylor terms and 0 Scaling & Squaring terms
Building graph:
Propagators initialized.
Operators weight initialized.
Intermediate propagation variables initialized.
Intermediate propagators initialized.
Vectors initialized.
Training loss initialized.
Optimizer initialized.
Utilities initialized.
Graph built!
Initialized
Error = :1.04e-01; Runtime: 0.0s; Iterations = 0, grads =   1.195e-01, unitary_metric = 1.00000
Error = :6.02e-03; Runtime: 0.3s; Iterations = 20, grads =   8.309e-03, unitary_metric = 1.00000
Error = :5.50e-04; Runtime: 0.3s; Iterations = 27, grads =   4.266e-04, unitary_metric = 1.00000
data saved at: /project/ftchong/qoc/yongshan/00007_31_3regN8p6_slice_44.h5


trying total_time: 0.35 for unitary of size (4, 4)
data saved at: /project/ftchong/qoc/yongshan/00008_31_3regN8p6_slice_44.h5
Using 7 Taylor terms and 0 Scaling & Squaring terms
Building graph:
Propagators initialized.
Operators weight initialized.
Intermediate propagation variables initialized.
Intermediate propagators initialized.
Vectors initialized.
Training loss initialized.
Optimizer initialized.
Utilities initialized.
Graph built!
Initialized
Error = :4.05e-03; Runtime: 0.0s; Iterations = 0, grads =   2.295e-03, unitary_metric = 1.00000
Error = :6.45e-04; Runtime: 0.1s; Iterations = 3, grads =   1.227e-04, unitary_metric = 1.00000
data saved at: /project/ftchong/qoc/yongshan/00008_31_3regN8p6_slice_44.h5


trying total_time: 0.15 for unitary of size (4, 4)
data saved at: /project/ftchong/qoc/yongshan/00009_31_3regN8p6_slice_44.h5
Using 5 Taylor terms and 1 Scaling & Squaring terms
Building graph:
Propagators initialized.
Operators weight initialized.
Intermediate propagation variables initialized.
Intermediate propagators initialized.
Vectors initialized.
Training loss initialized.
Optimizer initialized.
Utilities initialized.
Graph built!
Initialized
Error = :1.87e-02; Runtime: 0.0s; Iterations = 0, grads =   4.763e-03, unitary_metric = 1.00000
Error = :9.95e-04; Runtime: 0.1s; Iterations = 17, grads =   2.129e-04, unitary_metric = 1.00000
data saved at: /project/ftchong/qoc/yongshan/00009_31_3regN8p6_slice_44.h5


trying total_time: 180.0 for unitary of size (16, 16)
data saved at: /project/ftchong/qoc/yongshan/00010_31_3regN8p6_slice_44.h5
Using 8 Taylor terms and 2 Scaling & Squaring terms
Building graph:
Propagators initialized.
Operators weight initialized.
Intermediate propagation variables initialized.
Intermediate propagators initialized.
Vectors initialized.
Training loss initialized.
Optimizer initialized.
Utilities initialized.
Graph built!
Initialized
Error = :9.40e-01; Runtime: 7.8s; Iterations = 0, grads =   5.952e-02, unitary_metric = 1.00039
Error = :1.00e+00; Runtime: 104.9s; Iterations = 20, grads =   1.546e-03, unitary_metric = 1.00016
Error = :9.99e-01; Runtime: 190.4s; Iterations = 40, grads =   2.792e-03, unitary_metric = 1.00001
Error = :9.26e-01; Runtime: 276.1s; Iterations = 60, grads =   1.005e+00, unitary_metric = 0.99998
Error = :9.97e-01; Runtime: 361.6s; Iterations = 80, grads =   1.030e-02, unitary_metric = 0.99987
Error = :9.99e-01; Runtime: 447.0s; Iterations = 100, grads =   3.157e-03, unitary_metric = 0.99992
Error = :9.95e-01; Runtime: 537.8s; Iterations = 120, grads =   2.985e-02, unitary_metric = 0.99988
Error = :9.35e-01; Runtime: 623.3s; Iterations = 140, grads =   7.776e-01, unitary_metric = 0.99989
Error = :9.08e-01; Runtime: 708.8s; Iterations = 160, grads =   2.242e+00, unitary_metric = 0.99984
Error = :8.92e-01; Runtime: 794.2s; Iterations = 180, grads =   7.518e-01, unitary_metric = 0.99988
Error = :9.87e-01; Runtime: 878.5s; Iterations = 200, grads =   4.741e-01, unitary_metric = 0.99986
Error = :8.64e-01; Runtime: 968.0s; Iterations = 220, grads =   1.482e+00, unitary_metric = 0.99987
Error = :7.11e-01; Runtime: 1054.3s; Iterations = 240, grads =   5.050e+00, unitary_metric = 0.99986
Error = :7.88e-01; Runtime: 1140.5s; Iterations = 260, grads =   2.029e+00, unitary_metric = 0.99985
Error = :6.66e-01; Runtime: 1226.6s; Iterations = 280, grads =   7.034e+00, unitary_metric = 0.99984
Error = :9.86e-01; Runtime: 1312.8s; Iterations = 300, grads =   4.247e-01, unitary_metric = 0.99984
Error = :5.64e-01; Runtime: 1404.1s; Iterations = 320, grads =   1.103e+01, unitary_metric = 0.99984
Error = :6.96e-01; Runtime: 1490.5s; Iterations = 340, grads =   8.326e+00, unitary_metric = 0.99985
Error = :8.39e-01; Runtime: 1576.9s; Iterations = 360, grads =   1.311e+00, unitary_metric = 0.99986
Error = :5.55e-01; Runtime: 1663.0s; Iterations = 380, grads =   1.527e+01, unitary_metric = 0.99983
Error = :7.57e-01; Runtime: 1749.4s; Iterations = 400, grads =   1.877e+01, unitary_metric = 0.99986
Error = :5.99e-01; Runtime: 1841.1s; Iterations = 420, grads =   8.117e+00, unitary_metric = 0.99982
Error = :3.53e-01; Runtime: 1927.3s; Iterations = 440, grads =   1.474e+01, unitary_metric = 0.99985
Error = :1.48e-01; Runtime: 2013.6s; Iterations = 460, grads =   9.742e+00, unitary_metric = 0.99985
Error = :8.04e-02; Runtime: 2099.8s; Iterations = 480, grads =   7.305e+00, unitary_metric = 0.99985
Error = :1.35e-02; Runtime: 2186.0s; Iterations = 500, grads =   1.037e+00, unitary_metric = 0.99985
Error = :7.08e-03; Runtime: 2277.3s; Iterations = 520, grads =   4.788e-01, unitary_metric = 0.99985
Error = :2.12e-03; Runtime: 2363.2s; Iterations = 540, grads =   1.030e-01, unitary_metric = 0.99984
Error = :1.60e-02; Runtime: 2449.2s; Iterations = 560, grads =   1.209e+00, unitary_metric = 0.99986
Error = :1.98e-03; Runtime: 2535.3s; Iterations = 580, grads =   1.130e-01, unitary_metric = 0.99985
Error = :1.08e-02; Runtime: 2621.4s; Iterations = 600, grads =   8.945e-01, unitary_metric = 0.99985
Error = :4.90e-03; Runtime: 2712.9s; Iterations = 620, grads =   3.623e-01, unitary_metric = 0.99986
Error = :2.46e-02; Runtime: 2798.9s; Iterations = 640, grads =   2.020e+00, unitary_metric = 0.99987
Error = :6.95e-03; Runtime: 2884.8s; Iterations = 660, grads =   5.483e-01, unitary_metric = 0.99985
Error = :2.70e-02; Runtime: 2970.9s; Iterations = 680, grads =   2.125e+00, unitary_metric = 0.99985
Error = :2.59e-02; Runtime: 3056.9s; Iterations = 700, grads =   1.962e+00, unitary_metric = 0.99985
Error = :1.34e-02; Runtime: 3147.6s; Iterations = 720, grads =   9.761e-01, unitary_metric = 0.99985
Error = :1.13e-02; Runtime: 3233.5s; Iterations = 740, grads =   9.377e-01, unitary_metric = 0.99986
Error = :6.21e-03; Runtime: 3319.2s; Iterations = 760, grads =   4.590e-01, unitary_metric = 0.99986
Error = :1.05e-02; Runtime: 3405.2s; Iterations = 780, grads =   9.160e-01, unitary_metric = 0.99986
Error = :3.74e-03; Runtime: 3491.2s; Iterations = 800, grads =   2.703e-01, unitary_metric = 0.99986
Error = :5.65e-03; Runtime: 3581.9s; Iterations = 820, grads =   4.412e-01, unitary_metric = 0.99986
Error = :2.15e-02; Runtime: 3667.8s; Iterations = 840, grads =   1.529e+00, unitary_metric = 0.99987
Error = :9.38e-03; Runtime: 3753.5s; Iterations = 860, grads =   7.718e-01, unitary_metric = 0.99986
Error = :5.85e-03; Runtime: 3839.8s; Iterations = 880, grads =   4.290e-01, unitary_metric = 0.99986
Error = :5.15e-03; Runtime: 3925.6s; Iterations = 900, grads =   4.049e-01, unitary_metric = 0.99986
Error = :2.08e-02; Runtime: 4016.9s; Iterations = 920, grads =   1.528e+00, unitary_metric = 0.99987
Error = :5.00e-03; Runtime: 4103.0s; Iterations = 940, grads =   3.992e-01, unitary_metric = 0.99987
Error = :8.08e-03; Runtime: 4188.7s; Iterations = 960, grads =   5.574e-01, unitary_metric = 0.99987
Error = :6.23e-03; Runtime: 4274.5s; Iterations = 980, grads =   4.876e-01, unitary_metric = 0.99986
Error = :9.15e-03; Runtime: 4360.2s; Iterations = 1000, grads =   6.660e-01, unitary_metric = 0.99985
Error = :1.49e-02; Runtime: 4451.0s; Iterations = 1020, grads =   1.083e+00, unitary_metric = 0.99985
Error = :2.59e-03; Runtime: 4535.9s; Iterations = 1040, grads =   2.179e-01, unitary_metric = 0.99986
Error = :5.70e-03; Runtime: 4621.6s; Iterations = 1060, grads =   4.149e-01, unitary_metric = 0.99986
Error = :1.08e-02; Runtime: 4707.0s; Iterations = 1080, grads =   7.745e-01, unitary_metric = 0.99986
Error = :8.09e-03; Runtime: 4792.3s; Iterations = 1100, grads =   5.889e-01, unitary_metric = 0.99986
Error = :1.18e-02; Runtime: 4883.0s; Iterations = 1120, grads =   9.261e-01, unitary_metric = 0.99986
Error = :5.94e-03; Runtime: 4968.6s; Iterations = 1140, grads =   4.245e-01, unitary_metric = 0.99986
Error = :9.16e-03; Runtime: 5054.1s; Iterations = 1160, grads =   6.585e-01, unitary_metric = 0.99986
Error = :3.21e-03; Runtime: 5139.6s; Iterations = 1180, grads =   2.172e-01, unitary_metric = 0.99985
Error = :1.31e-02; Runtime: 5225.1s; Iterations = 1200, grads =   9.628e-01, unitary_metric = 0.99985
Error = :4.08e-03; Runtime: 5315.7s; Iterations = 1220, grads =   3.261e-01, unitary_metric = 0.99986
Error = :9.61e-03; Runtime: 5401.1s; Iterations = 1240, grads =   6.784e-01, unitary_metric = 0.99985
Error = :1.11e-02; Runtime: 5486.7s; Iterations = 1260, grads =   7.904e-01, unitary_metric = 0.99986
Error = :4.40e-03; Runtime: 5572.1s; Iterations = 1280, grads =   3.474e-01, unitary_metric = 0.99987
Error = :5.32e-03; Runtime: 5657.6s; Iterations = 1300, grads =   3.659e-01, unitary_metric = 0.99985
Error = :6.30e-03; Runtime: 5747.9s; Iterations = 1320, grads =   4.272e-01, unitary_metric = 0.99985
Error = :7.68e-03; Runtime: 5833.1s; Iterations = 1340, grads =   5.487e-01, unitary_metric = 0.99985
Error = :3.13e-03; Runtime: 5918.2s; Iterations = 1360, grads =   2.176e-01, unitary_metric = 0.99986
Error = :3.75e-03; Runtime: 6003.4s; Iterations = 1380, grads =   2.610e-01, unitary_metric = 0.99985
Error = :6.20e-03; Runtime: 6088.6s; Iterations = 1400, grads =   4.293e-01, unitary_metric = 0.99985
Error = :3.41e-03; Runtime: 6178.6s; Iterations = 1420, grads =   2.453e-01, unitary_metric = 0.99987
Error = :2.07e-03; Runtime: 6263.8s; Iterations = 1440, grads =   1.366e-01, unitary_metric = 0.99985
Error = :1.26e-02; Runtime: 6349.2s; Iterations = 1460, grads =   8.568e-01, unitary_metric = 0.99986
Error = :1.51e-03; Runtime: 6434.4s; Iterations = 1480, grads =   9.283e-02, unitary_metric = 0.99986
Error = :2.98e-03; Runtime: 6519.8s; Iterations = 1500, grads =   2.119e-01, unitary_metric = 0.99984
Error = :2.13e-03; Runtime: 6609.7s; Iterations = 1520, grads =   1.462e-01, unitary_metric = 0.99984
Error = :1.21e-03; Runtime: 6694.9s; Iterations = 1540, grads =   6.879e-02, unitary_metric = 0.99986
Error = :2.50e-03; Runtime: 6778.8s; Iterations = 1560, grads =   1.627e-01, unitary_metric = 0.99984
Error = :1.55e-03; Runtime: 6860.6s; Iterations = 1580, grads =   1.132e-01, unitary_metric = 0.99986
Error = :9.13e-04; Runtime: 6938.3s; Iterations = 1599, grads =   4.905e-02, unitary_metric = 0.99986
data saved at: /project/ftchong/qoc/yongshan/00010_31_3regN8p6_slice_44.h5


trying total_time: 90.0 for unitary of size (16, 16)
data saved at: /project/ftchong/qoc/yongshan/00011_31_3regN8p6_slice_44.h5
Using 5 Taylor terms and 4 Scaling & Squaring terms
Building graph:
Propagators initialized.
Operators weight initialized.
Intermediate propagation variables initialized.
Intermediate propagators initialized.
Vectors initialized.
Training loss initialized.
Optimizer initialized.
Utilities initialized.
Graph built!
Initialized
Error = :9.49e-01; Runtime: 3.1s; Iterations = 0, grads =   1.126e-01, unitary_metric = 1.00048
Error = :9.29e-01; Runtime: 41.8s; Iterations = 20, grads =   1.003e+00, unitary_metric = 1.00040
Error = :8.98e-01; Runtime: 75.7s; Iterations = 40, grads =   1.721e+00, unitary_metric = 1.00039
Error = :8.54e-01; Runtime: 109.7s; Iterations = 60, grads =   1.798e+00, unitary_metric = 1.00045
Error = :4.85e-01; Runtime: 146.0s; Iterations = 80, grads =   2.632e+01, unitary_metric = 1.00040
Error = :5.43e-02; Runtime: 181.5s; Iterations = 100, grads =   2.167e+00, unitary_metric = 1.00039
Error = :8.40e-03; Runtime: 219.4s; Iterations = 120, grads =   3.809e-01, unitary_metric = 1.00037
Error = :2.12e-02; Runtime: 254.8s; Iterations = 140, grads =   1.756e+00, unitary_metric = 1.00033
Error = :8.60e-04; Runtime: 269.0s; Iterations = 148, grads =   5.466e-02, unitary_metric = 1.00036
data saved at: /project/ftchong/qoc/yongshan/00011_31_3regN8p6_slice_44.h5


trying total_time: 45.0 for unitary of size (16, 16)
data saved at: /project/ftchong/qoc/yongshan/00012_31_3regN8p6_slice_44.h5
Using 5 Taylor terms and 4 Scaling & Squaring terms
Building graph:
Propagators initialized.
Operators weight initialized.
Intermediate propagation variables initialized.
Intermediate propagators initialized.
Vectors initialized.
Training loss initialized.
Optimizer initialized.
Utilities initialized.
Graph built!
Initialized
Error = :9.44e-01; Runtime: 1.6s; Iterations = 0, grads =   4.786e-02, unitary_metric = 1.00042
Error = :9.36e-01; Runtime: 21.2s; Iterations = 20, grads =   1.162e-01, unitary_metric = 1.00040
Error = :8.25e-01; Runtime: 37.9s; Iterations = 40, grads =   1.899e-01, unitary_metric = 1.00030
Error = :1.68e-01; Runtime: 54.6s; Iterations = 60, grads =   1.413e+00, unitary_metric = 1.00022
Error = :4.25e-02; Runtime: 71.3s; Iterations = 80, grads =   2.085e+00, unitary_metric = 1.00020
Error = :2.58e-03; Runtime: 88.0s; Iterations = 100, grads =   6.234e-02, unitary_metric = 1.00020
Error = :7.42e-04; Runtime: 100.9s; Iterations = 114, grads =   3.146e-03, unitary_metric = 1.00019
data saved at: /project/ftchong/qoc/yongshan/00012_31_3regN8p6_slice_44.h5


trying total_time: 22.5 for unitary of size (16, 16)
data saved at: /project/ftchong/qoc/yongshan/00013_31_3regN8p6_slice_44.h5
Using 7 Taylor terms and 2 Scaling & Squaring terms
Building graph:
Propagators initialized.
Operators weight initialized.
Intermediate propagation variables initialized.
Intermediate propagators initialized.
Vectors initialized.
Training loss initialized.
Optimizer initialized.
Utilities initialized.
Graph built!
Initialized
Error = :9.39e-01; Runtime: 0.8s; Iterations = 0, grads =   3.978e-03, unitary_metric = 1.00002
Error = :8.69e-01; Runtime: 10.4s; Iterations = 20, grads =   4.947e-02, unitary_metric = 1.00000
Error = :7.60e-01; Runtime: 18.5s; Iterations = 40, grads =   7.836e-03, unitary_metric = 1.00001
Error = :7.51e-01; Runtime: 26.7s; Iterations = 60, grads =   1.145e-03, unitary_metric = 1.00001
Error = :7.50e-01; Runtime: 34.9s; Iterations = 80, grads =   4.314e-04, unitary_metric = 1.00001
Error = :7.50e-01; Runtime: 43.1s; Iterations = 100, grads =   9.912e-05, unitary_metric = 1.00001
Error = :7.50e-01; Runtime: 52.0s; Iterations = 120, grads =   5.793e-06, unitary_metric = 1.00001
Error = :7.53e-01; Runtime: 60.2s; Iterations = 140, grads =   4.127e-02, unitary_metric = 1.00001
Error = :7.50e-01; Runtime: 68.4s; Iterations = 160, grads =   2.524e-04, unitary_metric = 1.00001
Error = :7.50e-01; Runtime: 76.6s; Iterations = 180, grads =   4.340e-05, unitary_metric = 1.00001
Error = :7.50e-01; Runtime: 84.8s; Iterations = 200, grads =   1.825e-05, unitary_metric = 1.00001
Error = :7.37e-01; Runtime: 93.6s; Iterations = 220, grads =   5.582e-04, unitary_metric = 1.00001
Error = :1.90e-01; Runtime: 101.8s; Iterations = 240, grads =   1.520e+00, unitary_metric = 0.99999
Error = :2.87e-02; Runtime: 110.1s; Iterations = 260, grads =   4.587e-01, unitary_metric = 0.99999
Error = :6.49e-03; Runtime: 118.3s; Iterations = 280, grads =   2.036e-01, unitary_metric = 0.99999
Error = :9.16e-04; Runtime: 122.0s; Iterations = 289, grads =   4.191e-03, unitary_metric = 0.99998
data saved at: /project/ftchong/qoc/yongshan/00013_31_3regN8p6_slice_44.h5


trying total_time: 11.25 for unitary of size (16, 16)
data saved at: /project/ftchong/qoc/yongshan/00014_31_3regN8p6_slice_44.h5
Using 7 Taylor terms and 2 Scaling & Squaring terms
Building graph:
Propagators initialized.
Operators weight initialized.
Intermediate propagation variables initialized.
Intermediate propagators initialized.
Vectors initialized.
Training loss initialized.
Optimizer initialized.
Utilities initialized.
Graph built!
Initialized
Error = :9.71e-01; Runtime: 0.4s; Iterations = 0, grads =   4.413e-02, unitary_metric = 1.00001
Error = :9.37e-01; Runtime: 5.2s; Iterations = 20, grads =   2.687e-03, unitary_metric = 1.00000
Error = :8.53e-01; Runtime: 9.1s; Iterations = 40, grads =   2.290e-03, unitary_metric = 1.00000
Error = :7.70e-01; Runtime: 13.1s; Iterations = 60, grads =   4.855e-03, unitary_metric = 1.00000
Error = :7.52e-01; Runtime: 17.1s; Iterations = 80, grads =   1.022e-03, unitary_metric = 0.99999
Error = :7.50e-01; Runtime: 21.0s; Iterations = 100, grads =   1.144e-04, unitary_metric = 1.00000
Error = :7.50e-01; Runtime: 25.3s; Iterations = 120, grads =   2.084e-05, unitary_metric = 0.99999
Error = :7.27e-01; Runtime: 29.3s; Iterations = 140, grads =   1.248e-03, unitary_metric = 0.99999
Error = :1.99e-01; Runtime: 33.3s; Iterations = 160, grads =   6.986e-02, unitary_metric = 0.99999
Error = :5.50e-02; Runtime: 37.2s; Iterations = 180, grads =   4.607e-02, unitary_metric = 0.99999
Error = :3.12e-02; Runtime: 41.2s; Iterations = 200, grads =   6.642e-03, unitary_metric = 0.99999
Error = :2.56e-02; Runtime: 45.6s; Iterations = 220, grads =   4.977e-04, unitary_metric = 0.99998
Error = :2.35e-02; Runtime: 49.5s; Iterations = 240, grads =   4.464e-05, unitary_metric = 0.99998
Error = :2.24e-02; Runtime: 53.5s; Iterations = 260, grads =   4.409e-06, unitary_metric = 0.99998
Error = :2.18e-02; Runtime: 57.5s; Iterations = 280, grads =   2.445e-06, unitary_metric = 0.99998
Error = :2.14e-02; Runtime: 61.4s; Iterations = 300, grads =   3.865e-06, unitary_metric = 0.99998
Error = :2.11e-02; Runtime: 65.8s; Iterations = 320, grads =   1.622e-06, unitary_metric = 0.99999
Error = :2.09e-02; Runtime: 69.7s; Iterations = 340, grads =   4.650e-04, unitary_metric = 0.99998
Error = :2.07e-02; Runtime: 73.7s; Iterations = 360, grads =   8.153e-04, unitary_metric = 0.99998
Error = :2.05e-02; Runtime: 77.7s; Iterations = 380, grads =   1.032e-04, unitary_metric = 0.99998
Error = :2.04e-02; Runtime: 81.6s; Iterations = 400, grads =   5.108e-05, unitary_metric = 0.99998
Error = :2.03e-02; Runtime: 85.9s; Iterations = 420, grads =   2.507e-06, unitary_metric = 0.99998
Error = :2.02e-02; Runtime: 89.9s; Iterations = 440, grads =   4.703e-07, unitary_metric = 0.99998
Error = :2.01e-02; Runtime: 93.9s; Iterations = 460, grads =   7.508e-06, unitary_metric = 0.99998
Error = :2.00e-02; Runtime: 97.8s; Iterations = 480, grads =   2.336e-06, unitary_metric = 0.99998
Error = :2.00e-02; Runtime: 101.8s; Iterations = 500, grads =   1.715e-07, unitary_metric = 0.99998
Error = :1.99e-02; Runtime: 106.1s; Iterations = 520, grads =   3.762e-07, unitary_metric = 0.99998
Error = :2.03e-02; Runtime: 110.1s; Iterations = 540, grads =   4.849e-03, unitary_metric = 0.99998
Error = :1.98e-02; Runtime: 114.1s; Iterations = 560, grads =   1.970e-04, unitary_metric = 0.99998
Error = :1.97e-02; Runtime: 118.0s; Iterations = 580, grads =   1.281e-04, unitary_metric = 0.99998
Error = :1.97e-02; Runtime: 122.0s; Iterations = 600, grads =   8.102e-05, unitary_metric = 0.99998
Error = :1.96e-02; Runtime: 126.4s; Iterations = 620, grads =   3.726e-06, unitary_metric = 0.99998
Error = :1.96e-02; Runtime: 130.3s; Iterations = 640, grads =   5.270e-07, unitary_metric = 0.99998
Error = :1.95e-02; Runtime: 134.3s; Iterations = 660, grads =   4.621e-07, unitary_metric = 0.99998
Error = :1.95e-02; Runtime: 138.3s; Iterations = 680, grads =   1.578e-05, unitary_metric = 0.99998
Error = :1.94e-02; Runtime: 142.2s; Iterations = 700, grads =   1.254e-06, unitary_metric = 0.99998
Error = :1.94e-02; Runtime: 146.5s; Iterations = 720, grads =   2.334e-07, unitary_metric = 0.99998
Error = :1.94e-02; Runtime: 150.5s; Iterations = 740, grads =   1.102e-07, unitary_metric = 0.99998
Error = :1.93e-02; Runtime: 154.4s; Iterations = 760, grads =   1.260e-06, unitary_metric = 0.99998
Error = :2.06e-02; Runtime: 158.4s; Iterations = 780, grads =   1.281e-02, unitary_metric = 0.99998
Error = :1.94e-02; Runtime: 162.4s; Iterations = 800, grads =   1.228e-03, unitary_metric = 0.99998
Error = :1.92e-02; Runtime: 166.7s; Iterations = 820, grads =   2.270e-04, unitary_metric = 0.99998
Error = :1.92e-02; Runtime: 170.6s; Iterations = 840, grads =   1.572e-05, unitary_metric = 0.99998
Error = :1.92e-02; Runtime: 174.6s; Iterations = 860, grads =   6.669e-06, unitary_metric = 0.99998
Error = :1.91e-02; Runtime: 178.6s; Iterations = 880, grads =   8.736e-07, unitary_metric = 0.99998
Error = :1.91e-02; Runtime: 182.6s; Iterations = 900, grads =   7.698e-06, unitary_metric = 0.99998
Error = :1.91e-02; Runtime: 187.0s; Iterations = 920, grads =   8.130e-07, unitary_metric = 0.99998
Error = :1.90e-02; Runtime: 190.9s; Iterations = 940, grads =   9.003e-08, unitary_metric = 0.99998
Error = :1.90e-02; Runtime: 194.9s; Iterations = 960, grads =   1.511e-07, unitary_metric = 0.99998
Error = :1.90e-02; Runtime: 198.9s; Iterations = 980, grads =   6.104e-08, unitary_metric = 0.99998
Error = :1.90e-02; Runtime: 202.9s; Iterations = 1000, grads =   5.770e-08, unitary_metric = 0.99998
Error = :1.89e-02; Runtime: 207.3s; Iterations = 1020, grads =   7.049e-08, unitary_metric = 0.99998
Error = :1.89e-02; Runtime: 211.3s; Iterations = 1040, grads =   1.015e-05, unitary_metric = 0.99998
Error = :2.06e-02; Runtime: 215.2s; Iterations = 1060, grads =   1.602e-02, unitary_metric = 0.99998
Error = :1.90e-02; Runtime: 219.2s; Iterations = 1080, grads =   1.477e-03, unitary_metric = 0.99998
Error = :1.89e-02; Runtime: 223.2s; Iterations = 1100, grads =   2.121e-04, unitary_metric = 0.99998
Error = :1.88e-02; Runtime: 227.5s; Iterations = 1120, grads =   2.488e-05, unitary_metric = 0.99998
Error = :1.88e-02; Runtime: 231.5s; Iterations = 1140, grads =   2.237e-06, unitary_metric = 0.99998
Error = :1.88e-02; Runtime: 235.4s; Iterations = 1160, grads =   6.449e-07, unitary_metric = 0.99998
Error = :1.87e-02; Runtime: 239.4s; Iterations = 1180, grads =   1.247e-07, unitary_metric = 0.99998
Error = :1.87e-02; Runtime: 243.4s; Iterations = 1200, grads =   5.427e-08, unitary_metric = 0.99998
Error = :1.87e-02; Runtime: 247.7s; Iterations = 1220, grads =   4.904e-08, unitary_metric = 0.99998
Error = :1.87e-02; Runtime: 251.7s; Iterations = 1240, grads =   2.700e-07, unitary_metric = 0.99998
Error = :1.87e-02; Runtime: 255.6s; Iterations = 1260, grads =   4.646e-04, unitary_metric = 0.99998
Error = :1.92e-02; Runtime: 259.6s; Iterations = 1280, grads =   1.263e-02, unitary_metric = 0.99998
Error = :1.87e-02; Runtime: 263.6s; Iterations = 1300, grads =   9.913e-04, unitary_metric = 0.99998
Error = :1.86e-02; Runtime: 267.9s; Iterations = 1320, grads =   3.573e-04, unitary_metric = 0.99998
Error = :1.89e-02; Runtime: 271.8s; Iterations = 1340, grads =   3.022e-03, unitary_metric = 0.99998
Error = :1.86e-02; Runtime: 275.8s; Iterations = 1360, grads =   5.497e-05, unitary_metric = 0.99998
Error = :1.85e-02; Runtime: 279.8s; Iterations = 1380, grads =   5.372e-05, unitary_metric = 0.99998
Error = :1.85e-02; Runtime: 283.8s; Iterations = 1400, grads =   5.038e-06, unitary_metric = 0.99998
Error = :1.85e-02; Runtime: 288.1s; Iterations = 1420, grads =   2.933e-07, unitary_metric = 0.99998
Error = :1.85e-02; Runtime: 292.0s; Iterations = 1440, grads =   1.804e-07, unitary_metric = 0.99998
Error = :1.85e-02; Runtime: 296.0s; Iterations = 1460, grads =   4.579e-07, unitary_metric = 0.99998
Error = :1.84e-02; Runtime: 300.0s; Iterations = 1480, grads =   4.363e-06, unitary_metric = 0.99998
Error = :1.84e-02; Runtime: 303.9s; Iterations = 1500, grads =   1.137e-06, unitary_metric = 0.99998
Error = :1.84e-02; Runtime: 308.3s; Iterations = 1520, grads =   3.288e-06, unitary_metric = 0.99998
Error = :1.84e-02; Runtime: 312.2s; Iterations = 1540, grads =   5.921e-04, unitary_metric = 0.99998
Error = :1.85e-02; Runtime: 316.2s; Iterations = 1560, grads =   1.850e-03, unitary_metric = 0.99998
Error = :1.84e-02; Runtime: 320.3s; Iterations = 1580, grads =   8.208e-04, unitary_metric = 0.99998
Error = :1.84e-02; Runtime: 324.3s; Iterations = 1600, grads =   5.075e-04, unitary_metric = 0.99998
Error = :1.83e-02; Runtime: 328.6s; Iterations = 1620, grads =   3.115e-05, unitary_metric = 0.99998
Error = :1.83e-02; Runtime: 332.5s; Iterations = 1640, grads =   1.766e-06, unitary_metric = 0.99998
Error = :1.83e-02; Runtime: 336.5s; Iterations = 1660, grads =   2.842e-07, unitary_metric = 0.99998
Error = :1.83e-02; Runtime: 340.5s; Iterations = 1680, grads =   4.933e-08, unitary_metric = 0.99998
Error = :1.83e-02; Runtime: 344.5s; Iterations = 1700, grads =   5.321e-08, unitary_metric = 0.99998
Error = :1.83e-02; Runtime: 348.7s; Iterations = 1720, grads =   8.083e-08, unitary_metric = 0.99998
Error = :1.82e-02; Runtime: 352.7s; Iterations = 1740, grads =   1.877e-05, unitary_metric = 0.99998
Error = :1.89e-02; Runtime: 356.7s; Iterations = 1760, grads =   1.584e-02, unitary_metric = 0.99998
Error = :1.83e-02; Runtime: 360.6s; Iterations = 1780, grads =   1.550e-03, unitary_metric = 0.99998
Error = :1.82e-02; Runtime: 364.6s; Iterations = 1800, grads =   1.279e-04, unitary_metric = 0.99998
Error = :1.83e-02; Runtime: 368.8s; Iterations = 1820, grads =   1.261e-03, unitary_metric = 0.99998
Error = :1.82e-02; Runtime: 372.8s; Iterations = 1840, grads =   3.537e-04, unitary_metric = 0.99998
Error = :1.82e-02; Runtime: 376.8s; Iterations = 1860, grads =   1.718e-04, unitary_metric = 0.99998
Error = :1.82e-02; Runtime: 380.7s; Iterations = 1880, grads =   1.028e-05, unitary_metric = 0.99998
Error = :1.82e-02; Runtime: 384.7s; Iterations = 1900, grads =   2.300e-07, unitary_metric = 0.99998
Error = :1.81e-02; Runtime: 389.0s; Iterations = 1920, grads =   1.682e-07, unitary_metric = 0.99998
Error = :1.81e-02; Runtime: 392.9s; Iterations = 1940, grads =   3.050e-08, unitary_metric = 0.99998
Error = :1.81e-02; Runtime: 396.9s; Iterations = 1960, grads =   2.235e-08, unitary_metric = 0.99998
Error = :1.81e-02; Runtime: 400.9s; Iterations = 1980, grads =   5.488e-08, unitary_metric = 0.99998
Error = :1.81e-02; Runtime: 404.8s; Iterations = 2000, grads =   3.597e-05, unitary_metric = 0.99998
Error = :1.86e-02; Runtime: 409.1s; Iterations = 2020, grads =   1.227e-02, unitary_metric = 0.99998
Error = :1.81e-02; Runtime: 413.1s; Iterations = 2040, grads =   1.067e-03, unitary_metric = 0.99998
Error = :1.81e-02; Runtime: 417.0s; Iterations = 2060, grads =   1.750e-06, unitary_metric = 0.99998
Error = :1.81e-02; Runtime: 421.0s; Iterations = 2080, grads =   9.545e-05, unitary_metric = 0.99998
Error = :1.81e-02; Runtime: 425.0s; Iterations = 2100, grads =   1.684e-04, unitary_metric = 0.99998
Error = :1.81e-02; Runtime: 429.2s; Iterations = 2120, grads =   1.545e-04, unitary_metric = 0.99998
Error = :1.80e-02; Runtime: 433.2s; Iterations = 2140, grads =   4.485e-05, unitary_metric = 0.99998
Error = :1.80e-02; Runtime: 437.2s; Iterations = 2160, grads =   3.110e-06, unitary_metric = 0.99998
Error = :1.80e-02; Runtime: 441.1s; Iterations = 2180, grads =   4.013e-07, unitary_metric = 0.99998
Error = :1.80e-02; Runtime: 445.1s; Iterations = 2200, grads =   1.180e-07, unitary_metric = 0.99998
Error = :1.80e-02; Runtime: 449.4s; Iterations = 2220, grads =   2.463e-08, unitary_metric = 0.99998
Error = :1.80e-02; Runtime: 453.4s; Iterations = 2240, grads =   1.552e-08, unitary_metric = 0.99998
Error = :1.80e-02; Runtime: 457.4s; Iterations = 2260, grads =   6.897e-08, unitary_metric = 0.99998
Error = :1.80e-02; Runtime: 461.3s; Iterations = 2280, grads =   1.226e-04, unitary_metric = 0.99998
Error = :1.81e-02; Runtime: 465.3s; Iterations = 2300, grads =   2.104e-03, unitary_metric = 0.99998
Error = :1.80e-02; Runtime: 469.5s; Iterations = 2320, grads =   1.046e-04, unitary_metric = 0.99997
Error = :1.80e-02; Runtime: 473.5s; Iterations = 2340, grads =   1.222e-04, unitary_metric = 0.99998
Error = :1.80e-02; Runtime: 477.4s; Iterations = 2360, grads =   1.259e-04, unitary_metric = 0.99998
Error = :1.80e-02; Runtime: 481.4s; Iterations = 2380, grads =   2.819e-04, unitary_metric = 0.99998
Error = :1.80e-02; Runtime: 485.4s; Iterations = 2400, grads =   6.268e-06, unitary_metric = 0.99998
Error = :1.79e-02; Runtime: 489.7s; Iterations = 2420, grads =   8.857e-07, unitary_metric = 0.99998
Error = :1.79e-02; Runtime: 493.6s; Iterations = 2440, grads =   3.354e-07, unitary_metric = 0.99998
Error = :1.79e-02; Runtime: 497.6s; Iterations = 2460, grads =   4.353e-08, unitary_metric = 0.99998
Error = :1.79e-02; Runtime: 501.5s; Iterations = 2480, grads =   1.264e-08, unitary_metric = 0.99998
Error = :1.79e-02; Runtime: 505.5s; Iterations = 2500, grads =   1.301e-08, unitary_metric = 0.99998
Error = :1.79e-02; Runtime: 509.7s; Iterations = 2520, grads =   1.226e-08, unitary_metric = 0.99998
Error = :1.79e-02; Runtime: 513.7s; Iterations = 2540, grads =   3.965e-08, unitary_metric = 0.99997
Error = :1.79e-02; Runtime: 517.6s; Iterations = 2560, grads =   1.827e-08, unitary_metric = 0.99998
Error = :1.79e-02; Runtime: 521.6s; Iterations = 2580, grads =   1.180e-08, unitary_metric = 0.99998
Error = :1.79e-02; Runtime: 525.5s; Iterations = 2600, grads =   9.375e-08, unitary_metric = 0.99998
Error = :1.79e-02; Runtime: 529.8s; Iterations = 2620, grads =   4.795e-05, unitary_metric = 0.99998
Error = :1.79e-02; Runtime: 533.7s; Iterations = 2640, grads =   1.352e-04, unitary_metric = 0.99998
Error = :1.79e-02; Runtime: 537.7s; Iterations = 2660, grads =   6.411e-04, unitary_metric = 0.99998
Error = :1.79e-02; Runtime: 541.6s; Iterations = 2680, grads =   8.338e-04, unitary_metric = 0.99998
Error = :1.79e-02; Runtime: 545.6s; Iterations = 2700, grads =   3.290e-04, unitary_metric = 0.99998
Error = :1.79e-02; Runtime: 549.9s; Iterations = 2720, grads =   4.328e-05, unitary_metric = 0.99998
Error = :1.78e-02; Runtime: 553.8s; Iterations = 2740, grads =   4.875e-06, unitary_metric = 0.99998
Error = :1.78e-02; Runtime: 557.7s; Iterations = 2760, grads =   7.662e-07, unitary_metric = 0.99997
Error = :1.78e-02; Runtime: 561.8s; Iterations = 2780, grads =   7.589e-08, unitary_metric = 0.99998
Error = :1.78e-02; Runtime: 565.8s; Iterations = 2800, grads =   2.539e-08, unitary_metric = 0.99998
Error = :1.78e-02; Runtime: 570.1s; Iterations = 2820, grads =   1.283e-08, unitary_metric = 0.99998
Error = :1.78e-02; Runtime: 574.1s; Iterations = 2840, grads =   1.396e-08, unitary_metric = 0.99998
Error = :1.78e-02; Runtime: 578.0s; Iterations = 2860, grads =   1.082e-08, unitary_metric = 0.99998
Error = :1.78e-02; Runtime: 582.0s; Iterations = 2880, grads =   1.020e-08, unitary_metric = 0.99997
Error = :1.78e-02; Runtime: 585.9s; Iterations = 2900, grads =   2.807e-08, unitary_metric = 0.99998
Error = :1.78e-02; Runtime: 590.3s; Iterations = 2920, grads =   6.515e-06, unitary_metric = 0.99998
Error = :1.83e-02; Runtime: 594.3s; Iterations = 2940, grads =   5.440e-03, unitary_metric = 0.99998
Error = :1.78e-02; Runtime: 598.2s; Iterations = 2960, grads =   5.028e-04, unitary_metric = 0.99998
Error = :1.78e-02; Runtime: 602.2s; Iterations = 2980, grads =   2.358e-04, unitary_metric = 0.99998
Error = :1.78e-02; Runtime: 606.2s; Iterations = 3000, grads =   7.169e-06, unitary_metric = 0.99998
Error = :1.78e-02; Runtime: 610.5s; Iterations = 3020, grads =   2.577e-06, unitary_metric = 0.99998
Error = :1.78e-02; Runtime: 614.4s; Iterations = 3040, grads =   4.869e-07, unitary_metric = 0.99998
Error = :1.78e-02; Runtime: 618.4s; Iterations = 3060, grads =   4.994e-08, unitary_metric = 0.99998
Error = :1.78e-02; Runtime: 622.4s; Iterations = 3080, grads =   1.401e-08, unitary_metric = 0.99998
Error = :1.78e-02; Runtime: 626.4s; Iterations = 3100, grads =   2.250e-08, unitary_metric = 0.99998
Error = :1.78e-02; Runtime: 630.6s; Iterations = 3120, grads =   1.302e-08, unitary_metric = 0.99998
Error = :1.77e-02; Runtime: 634.6s; Iterations = 3140, grads =   1.180e-08, unitary_metric = 0.99998
Error = :1.77e-02; Runtime: 638.5s; Iterations = 3160, grads =   1.074e-08, unitary_metric = 0.99998
Error = :1.77e-02; Runtime: 642.5s; Iterations = 3180, grads =   1.298e-08, unitary_metric = 0.99998
Error = :1.77e-02; Runtime: 646.4s; Iterations = 3200, grads =   3.827e-08, unitary_metric = 0.99998
Error = :1.77e-02; Runtime: 650.7s; Iterations = 3220, grads =   2.245e-06, unitary_metric = 0.99997
Error = :1.78e-02; Runtime: 654.7s; Iterations = 3240, grads =   7.905e-04, unitary_metric = 0.99998
Error = :1.78e-02; Runtime: 658.6s; Iterations = 3260, grads =   1.188e-03, unitary_metric = 0.99998
Error = :1.78e-02; Runtime: 662.6s; Iterations = 3280, grads =   1.055e-03, unitary_metric = 0.99998
Error = :1.77e-02; Runtime: 666.6s; Iterations = 3300, grads =   4.316e-05, unitary_metric = 0.99998
Error = :1.77e-02; Runtime: 670.8s; Iterations = 3320, grads =   3.612e-07, unitary_metric = 0.99998
Error = :1.77e-02; Runtime: 674.8s; Iterations = 3340, grads =   1.263e-07, unitary_metric = 0.99998
Error = :1.77e-02; Runtime: 678.7s; Iterations = 3360, grads =   1.243e-07, unitary_metric = 0.99998
Error = :1.77e-02; Runtime: 682.7s; Iterations = 3380, grads =   4.219e-08, unitary_metric = 0.99998
Error = :1.77e-02; Runtime: 686.6s; Iterations = 3400, grads =   9.238e-09, unitary_metric = 0.99998
Error = :1.77e-02; Runtime: 690.9s; Iterations = 3420, grads =   1.217e-08, unitary_metric = 0.99998
Error = :1.77e-02; Runtime: 694.9s; Iterations = 3440, grads =   1.020e-08, unitary_metric = 0.99998
Error = :1.77e-02; Runtime: 698.8s; Iterations = 3460, grads =   1.158e-08, unitary_metric = 0.99998
Error = :1.77e-02; Runtime: 702.8s; Iterations = 3480, grads =   2.157e-08, unitary_metric = 0.99998
Error = :1.77e-02; Runtime: 706.7s; Iterations = 3500, grads =   6.444e-06, unitary_metric = 0.99998
Error = :1.79e-02; Runtime: 711.0s; Iterations = 3520, grads =   2.674e-03, unitary_metric = 0.99998
Error = :1.78e-02; Runtime: 714.9s; Iterations = 3540, grads =   3.965e-03, unitary_metric = 0.99998
Error = :1.77e-02; Runtime: 718.9s; Iterations = 3560, grads =   4.521e-04, unitary_metric = 0.99998
Error = :1.77e-02; Runtime: 722.9s; Iterations = 3580, grads =   5.389e-05, unitary_metric = 0.99998
Error = :1.76e-02; Runtime: 726.8s; Iterations = 3600, grads =   5.009e-06, unitary_metric = 0.99998
Error = :1.76e-02; Runtime: 731.1s; Iterations = 3620, grads =   8.457e-07, unitary_metric = 0.99998
Error = :1.76e-02; Runtime: 735.0s; Iterations = 3640, grads =   1.578e-07, unitary_metric = 0.99998
Error = :1.76e-02; Runtime: 739.0s; Iterations = 3660, grads =   9.127e-09, unitary_metric = 0.99998
Error = :1.76e-02; Runtime: 742.9s; Iterations = 3680, grads =   1.117e-08, unitary_metric = 0.99998
Error = :1.76e-02; Runtime: 746.9s; Iterations = 3700, grads =   9.851e-09, unitary_metric = 0.99998
Error = :1.76e-02; Runtime: 751.2s; Iterations = 3720, grads =   1.032e-08, unitary_metric = 0.99998
Error = :1.76e-02; Runtime: 755.1s; Iterations = 3740, grads =   1.422e-08, unitary_metric = 0.99998
Error = :1.76e-02; Runtime: 759.1s; Iterations = 3760, grads =   3.420e-07, unitary_metric = 0.99998
Error = :1.76e-02; Runtime: 763.1s; Iterations = 3780, grads =   4.509e-05, unitary_metric = 0.99998
Error = :1.77e-02; Runtime: 767.0s; Iterations = 3800, grads =   1.836e-03, unitary_metric = 0.99998
Error = :1.76e-02; Runtime: 771.3s; Iterations = 3820, grads =   1.141e-05, unitary_metric = 0.99998
Error = :1.76e-02; Runtime: 775.3s; Iterations = 3840, grads =   1.894e-05, unitary_metric = 0.99997
Error = :1.77e-02; Runtime: 779.2s; Iterations = 3860, grads =   5.925e-04, unitary_metric = 0.99998
Error = :1.76e-02; Runtime: 783.2s; Iterations = 3880, grads =   9.714e-05, unitary_metric = 0.99998
Error = :1.76e-02; Runtime: 787.1s; Iterations = 3900, grads =   1.956e-06, unitary_metric = 0.99998
Error = :1.76e-02; Runtime: 791.4s; Iterations = 3920, grads =   8.516e-08, unitary_metric = 0.99998
Error = :1.76e-02; Runtime: 795.3s; Iterations = 3940, grads =   1.341e-07, unitary_metric = 0.99998
Error = :1.76e-02; Runtime: 799.3s; Iterations = 3960, grads =   1.152e-07, unitary_metric = 0.99998
Error = :1.76e-02; Runtime: 803.2s; Iterations = 3980, grads =   3.340e-06, unitary_metric = 0.99998
Error = :1.76e-02; Runtime: 807.2s; Iterations = 4000, grads =   1.318e-03, unitary_metric = 0.99998
Error = :1.76e-02; Runtime: 811.4s; Iterations = 4020, grads =   4.895e-05, unitary_metric = 0.99998
Error = :1.76e-02; Runtime: 815.3s; Iterations = 4040, grads =   9.246e-06, unitary_metric = 0.99998
Error = :1.76e-02; Runtime: 819.3s; Iterations = 4060, grads =   4.807e-06, unitary_metric = 0.99998
Error = :1.76e-02; Runtime: 823.2s; Iterations = 4080, grads =   8.199e-07, unitary_metric = 0.99998
Error = :1.76e-02; Runtime: 827.2s; Iterations = 4100, grads =   1.596e-05, unitary_metric = 0.99998
Error = :1.76e-02; Runtime: 831.4s; Iterations = 4120, grads =   8.103e-04, unitary_metric = 0.99998
Error = :1.76e-02; Runtime: 835.4s; Iterations = 4140, grads =   1.004e-04, unitary_metric = 0.99998
Error = :1.75e-02; Runtime: 839.3s; Iterations = 4160, grads =   1.290e-05, unitary_metric = 0.99998
Error = :1.75e-02; Runtime: 843.3s; Iterations = 4180, grads =   1.025e-06, unitary_metric = 0.99998
Error = :1.75e-02; Runtime: 847.3s; Iterations = 4200, grads =   2.291e-08, unitary_metric = 0.99998
Error = :1.75e-02; Runtime: 851.5s; Iterations = 4220, grads =   3.044e-08, unitary_metric = 0.99998
Error = :1.75e-02; Runtime: 855.5s; Iterations = 4240, grads =   1.800e-08, unitary_metric = 0.99998
Error = :1.75e-02; Runtime: 859.4s; Iterations = 4260, grads =   6.798e-07, unitary_metric = 0.99998
Error = :1.75e-02; Runtime: 863.4s; Iterations = 4280, grads =   1.968e-04, unitary_metric = 0.99998
Error = :1.75e-02; Runtime: 867.3s; Iterations = 4300, grads =   5.047e-04, unitary_metric = 0.99998
Error = :1.75e-02; Runtime: 871.6s; Iterations = 4320, grads =   1.024e-04, unitary_metric = 0.99998
Error = :1.75e-02; Runtime: 875.5s; Iterations = 4340, grads =   1.340e-05, unitary_metric = 0.99998
Error = :1.75e-02; Runtime: 879.5s; Iterations = 4360, grads =   2.578e-04, unitary_metric = 0.99998
Error = :1.75e-02; Runtime: 883.4s; Iterations = 4380, grads =   1.959e-04, unitary_metric = 0.99998
Error = :1.75e-02; Runtime: 887.4s; Iterations = 4400, grads =   1.843e-06, unitary_metric = 0.99998
Error = :1.75e-02; Runtime: 891.6s; Iterations = 4420, grads =   4.361e-06, unitary_metric = 0.99998
Error = :1.75e-02; Runtime: 895.5s; Iterations = 4440, grads =   6.569e-07, unitary_metric = 0.99998
Error = :1.75e-02; Runtime: 899.5s; Iterations = 4460, grads =   8.594e-08, unitary_metric = 0.99998
Error = :1.75e-02; Runtime: 903.4s; Iterations = 4480, grads =   2.318e-08, unitary_metric = 0.99998
Error = :1.75e-02; Runtime: 907.3s; Iterations = 4500, grads =   1.239e-08, unitary_metric = 0.99998
Error = :1.75e-02; Runtime: 911.6s; Iterations = 4520, grads =   1.127e-08, unitary_metric = 0.99998
Error = :1.75e-02; Runtime: 915.5s; Iterations = 4540, grads =   1.493e-07, unitary_metric = 0.99998
Error = :1.75e-02; Runtime: 919.5s; Iterations = 4560, grads =   5.950e-05, unitary_metric = 0.99998
Error = :1.75e-02; Runtime: 923.4s; Iterations = 4580, grads =   1.701e-05, unitary_metric = 0.99998
Error = :1.75e-02; Runtime: 927.3s; Iterations = 4600, grads =   8.852e-06, unitary_metric = 0.99998
Error = :1.75e-02; Runtime: 931.6s; Iterations = 4620, grads =   6.471e-06, unitary_metric = 0.99998
Error = :1.75e-02; Runtime: 935.5s; Iterations = 4640, grads =   4.794e-06, unitary_metric = 0.99998
Error = :1.75e-02; Runtime: 939.4s; Iterations = 4660, grads =   4.999e-04, unitary_metric = 0.99998
Error = :1.75e-02; Runtime: 943.4s; Iterations = 4680, grads =   1.748e-05, unitary_metric = 0.99998
Error = :1.75e-02; Runtime: 947.3s; Iterations = 4700, grads =   9.558e-06, unitary_metric = 0.99998
Error = :1.75e-02; Runtime: 951.6s; Iterations = 4720, grads =   1.601e-06, unitary_metric = 0.99998
Error = :1.74e-02; Runtime: 955.5s; Iterations = 4740, grads =   2.632e-08, unitary_metric = 0.99998
Error = :1.74e-02; Runtime: 959.4s; Iterations = 4760, grads =   2.955e-08, unitary_metric = 0.99998
Error = :1.74e-02; Runtime: 963.4s; Iterations = 4780, grads =   2.028e-08, unitary_metric = 0.99998
Error = :1.74e-02; Runtime: 967.3s; Iterations = 4800, grads =   2.573e-08, unitary_metric = 0.99998
Error = :1.74e-02; Runtime: 971.5s; Iterations = 4820, grads =   1.058e-06, unitary_metric = 0.99998
Error = :1.74e-02; Runtime: 975.5s; Iterations = 4840, grads =   2.287e-04, unitary_metric = 0.99998
Error = :1.74e-02; Runtime: 979.4s; Iterations = 4860, grads =   3.187e-04, unitary_metric = 0.99998
Error = :1.75e-02; Runtime: 983.4s; Iterations = 4880, grads =   5.833e-04, unitary_metric = 0.99997
Error = :1.74e-02; Runtime: 987.3s; Iterations = 4900, grads =   1.425e-05, unitary_metric = 0.99998
Error = :1.74e-02; Runtime: 991.6s; Iterations = 4920, grads =   2.535e-07, unitary_metric = 0.99998
Error = :1.74e-02; Runtime: 995.5s; Iterations = 4940, grads =   1.013e-06, unitary_metric = 0.99998
Error = :1.74e-02; Runtime: 999.4s; Iterations = 4960, grads =   3.530e-08, unitary_metric = 0.99998
Error = :1.74e-02; Runtime: 1003.4s; Iterations = 4980, grads =   2.220e-08, unitary_metric = 0.99998
Error = :1.74e-02; Runtime: 1007.3s; Iterations = 5000, grads =   9.664e-09, unitary_metric = 0.99998
Error = :1.74e-02; Runtime: 1011.6s; Iterations = 5020, grads =   1.287e-08, unitary_metric = 0.99998
Error = :1.74e-02; Runtime: 1015.6s; Iterations = 5040, grads =   6.306e-08, unitary_metric = 0.99998
Error = :1.74e-02; Runtime: 1019.5s; Iterations = 5060, grads =   1.072e-06, unitary_metric = 0.99998
Error = :1.74e-02; Runtime: 1023.4s; Iterations = 5080, grads =   1.887e-04, unitary_metric = 0.99998
Error = :1.74e-02; Runtime: 1027.4s; Iterations = 5100, grads =   3.943e-04, unitary_metric = 0.99998
Error = :1.74e-02; Runtime: 1031.6s; Iterations = 5120, grads =   1.917e-04, unitary_metric = 0.99998
Error = :1.74e-02; Runtime: 1035.6s; Iterations = 5140, grads =   2.144e-05, unitary_metric = 0.99998
Error = :1.74e-02; Runtime: 1039.5s; Iterations = 5160, grads =   2.765e-06, unitary_metric = 0.99998
Error = :1.74e-02; Runtime: 1043.5s; Iterations = 5180, grads =   3.978e-07, unitary_metric = 0.99998
Error = :1.74e-02; Runtime: 1047.4s; Iterations = 5200, grads =   1.300e-08, unitary_metric = 0.99997
Error = :1.74e-02; Runtime: 1051.7s; Iterations = 5220, grads =   9.556e-09, unitary_metric = 0.99998
Error = :1.74e-02; Runtime: 1055.6s; Iterations = 5240, grads =   6.385e-09, unitary_metric = 0.99998
Error = :1.74e-02; Runtime: 1059.5s; Iterations = 5260, grads =   7.567e-09, unitary_metric = 0.99998
Error = :1.74e-02; Runtime: 1063.4s; Iterations = 5280, grads =   3.453e-08, unitary_metric = 0.99998
Error = :1.74e-02; Runtime: 1067.4s; Iterations = 5300, grads =   1.008e-06, unitary_metric = 0.99998
Error = :1.74e-02; Runtime: 1071.7s; Iterations = 5320, grads =   1.651e-04, unitary_metric = 0.99998
Error = :1.74e-02; Runtime: 1075.6s; Iterations = 5340, grads =   1.664e-04, unitary_metric = 0.99998
Error = :1.74e-02; Runtime: 1079.6s; Iterations = 5360, grads =   2.583e-04, unitary_metric = 0.99998
Error = :1.74e-02; Runtime: 1083.5s; Iterations = 5380, grads =   3.827e-05, unitary_metric = 0.99998
Error = :1.74e-02; Runtime: 1087.5s; Iterations = 5400, grads =   8.781e-06, unitary_metric = 0.99998
Error = :1.74e-02; Runtime: 1091.7s; Iterations = 5420, grads =   1.324e-06, unitary_metric = 0.99998
Error = :1.74e-02; Runtime: 1095.6s; Iterations = 5440, grads =   8.861e-09, unitary_metric = 0.99998
Error = :1.74e-02; Runtime: 1099.6s; Iterations = 5460, grads =   2.390e-08, unitary_metric = 0.99998
Error = :1.74e-02; Runtime: 1103.5s; Iterations = 5480, grads =   2.141e-08, unitary_metric = 0.99998
Error = :1.74e-02; Runtime: 1107.4s; Iterations = 5500, grads =   1.374e-08, unitary_metric = 0.99998
Error = :1.74e-02; Runtime: 1111.7s; Iterations = 5520, grads =   1.189e-07, unitary_metric = 0.99998
Error = :1.74e-02; Runtime: 1115.6s; Iterations = 5540, grads =   1.488e-05, unitary_metric = 0.99998
Error = :1.74e-02; Runtime: 1119.5s; Iterations = 5560, grads =   5.674e-04, unitary_metric = 0.99998
Error = :1.74e-02; Runtime: 1123.5s; Iterations = 5580, grads =   1.114e-04, unitary_metric = 0.99998
Error = :1.74e-02; Runtime: 1127.4s; Iterations = 5600, grads =   1.025e-05, unitary_metric = 0.99998
Error = :1.74e-02; Runtime: 1131.6s; Iterations = 5620, grads =   1.160e-05, unitary_metric = 0.99998
Error = :1.74e-02; Runtime: 1135.6s; Iterations = 5640, grads =   1.434e-06, unitary_metric = 0.99998
Error = :1.74e-02; Runtime: 1139.5s; Iterations = 5660, grads =   1.736e-07, unitary_metric = 0.99998
Error = :1.73e-02; Runtime: 1143.4s; Iterations = 5680, grads =   6.977e-09, unitary_metric = 0.99998
Error = :1.73e-02; Runtime: 1147.4s; Iterations = 5700, grads =   1.191e-08, unitary_metric = 0.99998
Error = :1.73e-02; Runtime: 1151.6s; Iterations = 5720, grads =   5.009e-09, unitary_metric = 0.99998
Error = :1.73e-02; Runtime: 1155.5s; Iterations = 5740, grads =   1.886e-08, unitary_metric = 0.99998
Error = :1.73e-02; Runtime: 1159.5s; Iterations = 5760, grads =   1.302e-07, unitary_metric = 0.99998
Error = :1.73e-02; Runtime: 1163.4s; Iterations = 5780, grads =   8.163e-06, unitary_metric = 0.99998
Error = :1.74e-02; Runtime: 1167.5s; Iterations = 5800, grads =   1.931e-04, unitary_metric = 0.99997
Error = :1.74e-02; Runtime: 1171.7s; Iterations = 5820, grads =   9.223e-04, unitary_metric = 0.99998
Error = :1.73e-02; Runtime: 1175.6s; Iterations = 5840, grads =   9.653e-05, unitary_metric = 0.99998
Error = :1.73e-02; Runtime: 1179.6s; Iterations = 5860, grads =   4.749e-06, unitary_metric = 0.99998
Error = :1.73e-02; Runtime: 1183.5s; Iterations = 5880, grads =   1.534e-07, unitary_metric = 0.99998
Error = :1.73e-02; Runtime: 1187.5s; Iterations = 5900, grads =   2.946e-08, unitary_metric = 0.99998
Error = :1.73e-02; Runtime: 1191.8s; Iterations = 5920, grads =   1.782e-08, unitary_metric = 0.99998
Error = :1.73e-02; Runtime: 1195.7s; Iterations = 5940, grads =   8.770e-09, unitary_metric = 0.99998
Error = :1.73e-02; Runtime: 1199.6s; Iterations = 5960, grads =   4.285e-09, unitary_metric = 0.99998
Error = :1.73e-02; Runtime: 1203.6s; Iterations = 5980, grads =   4.690e-09, unitary_metric = 0.99998
Error = :1.73e-02; Runtime: 1207.5s; Iterations = 6000, grads =   2.685e-08, unitary_metric = 0.99998
data saved at: /project/ftchong/qoc/yongshan/00014_31_3regN8p6_slice_44.h5


trying total_time: 16.85 for unitary of size (16, 16)
data saved at: /project/ftchong/qoc/yongshan/00015_31_3regN8p6_slice_44.h5
Using 7 Taylor terms and 2 Scaling & Squaring terms
Building graph:
Propagators initialized.
Operators weight initialized.
Intermediate propagation variables initialized.
Intermediate propagators initialized.
Vectors initialized.
Training loss initialized.
Optimizer initialized.
Utilities initialized.
Graph built!
Initialized
Error = :9.50e-01; Runtime: 0.6s; Iterations = 0, grads =   6.899e-02, unitary_metric = 1.00001
Error = :8.83e-01; Runtime: 7.9s; Iterations = 20, grads =   5.239e-02, unitary_metric = 1.00000
Error = :7.99e-01; Runtime: 13.9s; Iterations = 40, grads =   1.365e-02, unitary_metric = 1.00000
Error = :7.53e-01; Runtime: 20.0s; Iterations = 60, grads =   3.319e-03, unitary_metric = 1.00000
Error = :7.51e-01; Runtime: 26.1s; Iterations = 80, grads =   6.249e-04, unitary_metric = 1.00000
Error = :7.50e-01; Runtime: 32.2s; Iterations = 100, grads =   8.350e-05, unitary_metric = 1.00000
Error = :7.50e-01; Runtime: 38.7s; Iterations = 120, grads =   2.061e-05, unitary_metric = 1.00000
Error = :7.50e-01; Runtime: 44.8s; Iterations = 140, grads =   5.861e-06, unitary_metric = 1.00000
Error = :7.50e-01; Runtime: 50.9s; Iterations = 160, grads =   8.171e-07, unitary_metric = 1.00000
Error = :7.50e-01; Runtime: 57.0s; Iterations = 180, grads =   5.875e-07, unitary_metric = 1.00000
Error = :7.50e-01; Runtime: 63.1s; Iterations = 200, grads =   3.414e-07, unitary_metric = 1.00000
Error = :7.50e-01; Runtime: 69.8s; Iterations = 220, grads =   8.273e-08, unitary_metric = 1.00000
Error = :7.50e-01; Runtime: 75.9s; Iterations = 240, grads =   3.035e-06, unitary_metric = 1.00000
Error = :7.50e-01; Runtime: 82.0s; Iterations = 260, grads =   6.733e-03, unitary_metric = 1.00000
Error = :6.42e-01; Runtime: 88.1s; Iterations = 280, grads =   3.775e-02, unitary_metric = 0.99999
Error = :3.84e-02; Runtime: 94.1s; Iterations = 300, grads =   1.029e-01, unitary_metric = 0.99998
Error = :7.74e-03; Runtime: 100.7s; Iterations = 320, grads =   4.358e-02, unitary_metric = 0.99998
Error = :1.54e-03; Runtime: 106.7s; Iterations = 340, grads =   3.820e-03, unitary_metric = 0.99998
Error = :8.44e-04; Runtime: 108.6s; Iterations = 346, grads =   7.741e-04, unitary_metric = 0.99998
data saved at: /project/ftchong/qoc/yongshan/00015_31_3regN8p6_slice_44.h5


trying total_time: 14.05 for unitary of size (16, 16)
data saved at: /project/ftchong/qoc/yongshan/00016_31_3regN8p6_slice_44.h5
Using 7 Taylor terms and 2 Scaling & Squaring terms
Building graph:
Propagators initialized.
Operators weight initialized.
Intermediate propagation variables initialized.
Intermediate propagators initialized.
Vectors initialized.
Training loss initialized.
Optimizer initialized.
Utilities initialized.
Graph built!
Initialized
Error = :9.64e-01; Runtime: 0.5s; Iterations = 0, grads =   8.755e-02, unitary_metric = 1.00001
Error = :8.81e-01; Runtime: 6.3s; Iterations = 20, grads =   1.318e-02, unitary_metric = 1.00000
Error = :8.59e-01; Runtime: 11.4s; Iterations = 40, grads =   3.386e-03, unitary_metric = 1.00000
Error = :7.78e-01; Runtime: 16.4s; Iterations = 60, grads =   1.453e-03, unitary_metric = 1.00000
Error = :7.52e-01; Runtime: 21.4s; Iterations = 80, grads =   1.546e-04, unitary_metric = 1.00000
Error = :7.50e-01; Runtime: 26.5s; Iterations = 100, grads =   1.765e-05, unitary_metric = 1.00000
Error = :7.50e-01; Runtime: 31.9s; Iterations = 120, grads =   1.706e-06, unitary_metric = 1.00000
Error = :7.50e-01; Runtime: 36.9s; Iterations = 140, grads =   6.452e-07, unitary_metric = 1.00000
Error = :7.50e-01; Runtime: 41.9s; Iterations = 160, grads =   5.977e-08, unitary_metric = 1.00000
Error = :7.50e-01; Runtime: 47.0s; Iterations = 180, grads =   1.371e-07, unitary_metric = 1.00000
Error = :7.51e-01; Runtime: 52.0s; Iterations = 200, grads =   8.210e-03, unitary_metric = 1.00000
Error = :7.50e-01; Runtime: 57.4s; Iterations = 220, grads =   9.749e-04, unitary_metric = 1.00000
Error = :7.50e-01; Runtime: 62.5s; Iterations = 240, grads =   1.290e-04, unitary_metric = 1.00000
Error = :7.50e-01; Runtime: 67.5s; Iterations = 260, grads =   2.841e-08, unitary_metric = 1.00000
Error = :7.50e-01; Runtime: 72.5s; Iterations = 280, grads =   7.795e-08, unitary_metric = 1.00000
Error = :7.50e-01; Runtime: 77.5s; Iterations = 300, grads =   8.632e-07, unitary_metric = 1.00000
Error = :7.49e-01; Runtime: 83.1s; Iterations = 320, grads =   2.110e-05, unitary_metric = 0.99999
Error = :6.15e-01; Runtime: 88.2s; Iterations = 340, grads =   8.718e-03, unitary_metric = 0.99999
Error = :3.39e-01; Runtime: 93.2s; Iterations = 360, grads =   2.548e-01, unitary_metric = 0.99999
Error = :2.12e-02; Runtime: 98.2s; Iterations = 380, grads =   1.450e-01, unitary_metric = 0.99998
Error = :2.91e-03; Runtime: 103.2s; Iterations = 400, grads =   2.230e-02, unitary_metric = 0.99999
Error = :9.88e-04; Runtime: 106.3s; Iterations = 411, grads =   2.941e-03, unitary_metric = 0.99999
data saved at: /project/ftchong/qoc/yongshan/00016_31_3regN8p6_slice_44.h5


trying total_time: 12.65 for unitary of size (16, 16)
data saved at: /project/ftchong/qoc/yongshan/00017_31_3regN8p6_slice_44.h5
Using 7 Taylor terms and 2 Scaling & Squaring terms
Building graph:
Propagators initialized.
Operators weight initialized.
Intermediate propagation variables initialized.
Intermediate propagators initialized.
Vectors initialized.
Training loss initialized.
Optimizer initialized.
Utilities initialized.
Graph built!
Initialized
Error = :9.68e-01; Runtime: 0.4s; Iterations = 0, grads =   7.986e-02, unitary_metric = 1.00000
Error = :9.31e-01; Runtime: 5.7s; Iterations = 20, grads =   1.053e-02, unitary_metric = 1.00000
Error = :8.75e-01; Runtime: 10.1s; Iterations = 40, grads =   4.627e-03, unitary_metric = 1.00000
Error = :8.60e-01; Runtime: 14.6s; Iterations = 60, grads =   7.188e-04, unitary_metric = 1.00000
Error = :7.90e-01; Runtime: 19.1s; Iterations = 80, grads =   8.292e-04, unitary_metric = 1.00000
Error = :7.33e-01; Runtime: 23.6s; Iterations = 100, grads =   7.252e-03, unitary_metric = 0.99999
Error = :5.32e-01; Runtime: 28.4s; Iterations = 120, grads =   4.452e-03, unitary_metric = 0.99999
Error = :5.02e-01; Runtime: 32.9s; Iterations = 140, grads =   5.210e-03, unitary_metric = 0.99999
Error = :4.91e-01; Runtime: 37.3s; Iterations = 160, grads =   7.397e-04, unitary_metric = 0.99999
Error = :2.04e-01; Runtime: 41.8s; Iterations = 180, grads =   7.538e-02, unitary_metric = 0.99998
Error = :1.98e-02; Runtime: 46.2s; Iterations = 200, grads =   8.049e-02, unitary_metric = 0.99998
Error = :2.55e-03; Runtime: 51.1s; Iterations = 220, grads =   1.730e-03, unitary_metric = 0.99998
Error = :9.40e-04; Runtime: 54.5s; Iterations = 235, grads =   8.234e-04, unitary_metric = 0.99998
data saved at: /project/ftchong/qoc/yongshan/00017_31_3regN8p6_slice_44.h5


trying total_time: 11.95 for unitary of size (16, 16)
data saved at: /project/ftchong/qoc/yongshan/00018_31_3regN8p6_slice_44.h5
Using 7 Taylor terms and 2 Scaling & Squaring terms
Building graph:
Propagators initialized.
Operators weight initialized.
Intermediate propagation variables initialized.
Intermediate propagators initialized.
Vectors initialized.
Training loss initialized.
Optimizer initialized.
Utilities initialized.
Graph built!
Initialized
Error = :9.41e-01; Runtime: 0.4s; Iterations = 0, grads =   4.419e-03, unitary_metric = 1.00001
Error = :8.88e-01; Runtime: 5.4s; Iterations = 20, grads =   6.959e-03, unitary_metric = 1.00000
Error = :8.55e-01; Runtime: 9.7s; Iterations = 40, grads =   3.354e-03, unitary_metric = 1.00000
Error = :7.90e-01; Runtime: 13.9s; Iterations = 60, grads =   1.074e-03, unitary_metric = 0.99999
Error = :7.50e-01; Runtime: 18.2s; Iterations = 80, grads =   4.361e-05, unitary_metric = 0.99999
Error = :7.50e-01; Runtime: 22.4s; Iterations = 100, grads =   1.640e-05, unitary_metric = 0.99999
Error = :7.50e-01; Runtime: 27.0s; Iterations = 120, grads =   2.351e-06, unitary_metric = 0.99999
Error = :7.50e-01; Runtime: 31.2s; Iterations = 140, grads =   3.297e-07, unitary_metric = 1.00000
Error = :7.50e-01; Runtime: 35.5s; Iterations = 160, grads =   6.853e-08, unitary_metric = 0.99999
Error = :7.50e-01; Runtime: 39.7s; Iterations = 180, grads =   1.641e-06, unitary_metric = 1.00000
Error = :7.50e-01; Runtime: 44.0s; Iterations = 200, grads =   4.626e-03, unitary_metric = 0.99999
Error = :7.47e-01; Runtime: 48.6s; Iterations = 220, grads =   2.797e-04, unitary_metric = 0.99999
Error = :6.09e-01; Runtime: 52.8s; Iterations = 240, grads =   1.733e-03, unitary_metric = 0.99999
Error = :3.82e-01; Runtime: 57.0s; Iterations = 260, grads =   2.027e-02, unitary_metric = 0.99998
Error = :4.52e-02; Runtime: 61.2s; Iterations = 280, grads =   2.685e-02, unitary_metric = 0.99999
Error = :1.02e-02; Runtime: 65.5s; Iterations = 300, grads =   7.377e-03, unitary_metric = 0.99998
Error = :3.91e-03; Runtime: 70.0s; Iterations = 320, grads =   3.460e-04, unitary_metric = 0.99998
Error = :2.25e-03; Runtime: 74.3s; Iterations = 340, grads =   1.333e-04, unitary_metric = 0.99998
Error = :1.50e-03; Runtime: 78.5s; Iterations = 360, grads =   1.566e-05, unitary_metric = 0.99998
Error = :1.08e-03; Runtime: 82.7s; Iterations = 380, grads =   1.712e-06, unitary_metric = 0.99998
Error = :9.99e-04; Runtime: 84.0s; Iterations = 386, grads =   1.544e-06, unitary_metric = 0.99998
data saved at: /project/ftchong/qoc/yongshan/00018_31_3regN8p6_slice_44.h5


trying total_time: 11.6 for unitary of size (16, 16)
data saved at: /project/ftchong/qoc/yongshan/00019_31_3regN8p6_slice_44.h5
Using 7 Taylor terms and 2 Scaling & Squaring terms
Building graph:
Propagators initialized.
Operators weight initialized.
Intermediate propagation variables initialized.
Intermediate propagators initialized.
Vectors initialized.
Training loss initialized.
Optimizer initialized.
Utilities initialized.
Graph built!
Initialized
Error = :9.39e-01; Runtime: 0.5s; Iterations = 0, grads =   4.769e-03, unitary_metric = 1.00001
Error = :8.98e-01; Runtime: 5.3s; Iterations = 20, grads =   1.422e-03, unitary_metric = 1.00000
Error = :8.65e-01; Runtime: 9.4s; Iterations = 40, grads =   1.916e-03, unitary_metric = 1.00000
Error = :8.03e-01; Runtime: 13.5s; Iterations = 60, grads =   9.532e-04, unitary_metric = 1.00000
Error = :7.51e-01; Runtime: 17.6s; Iterations = 80, grads =   2.083e-04, unitary_metric = 0.99999
Error = :7.50e-01; Runtime: 21.7s; Iterations = 100, grads =   2.493e-05, unitary_metric = 0.99999
Error = :7.50e-01; Runtime: 26.1s; Iterations = 120, grads =   1.552e-06, unitary_metric = 1.00000
Error = :7.50e-01; Runtime: 30.2s; Iterations = 140, grads =   3.863e-07, unitary_metric = 0.99999
Error = :7.50e-01; Runtime: 34.2s; Iterations = 160, grads =   2.619e-06, unitary_metric = 1.00000
Error = :7.21e-01; Runtime: 38.3s; Iterations = 180, grads =   9.095e-04, unitary_metric = 0.99999
Error = :3.19e-01; Runtime: 42.4s; Iterations = 200, grads =   2.407e-02, unitary_metric = 0.99999
Error = :5.10e-02; Runtime: 46.8s; Iterations = 220, grads =   2.559e-01, unitary_metric = 0.99999
Error = :9.39e-03; Runtime: 50.9s; Iterations = 240, grads =   2.731e-02, unitary_metric = 0.99998
Error = :3.53e-03; Runtime: 55.0s; Iterations = 260, grads =   4.098e-04, unitary_metric = 0.99998
Error = :2.16e-03; Runtime: 59.1s; Iterations = 280, grads =   4.990e-04, unitary_metric = 0.99998
Error = :1.49e-03; Runtime: 63.1s; Iterations = 300, grads =   9.591e-06, unitary_metric = 0.99998
Error = :1.11e-03; Runtime: 67.5s; Iterations = 320, grads =   2.023e-06, unitary_metric = 0.99998
Error = :9.98e-04; Runtime: 69.2s; Iterations = 328, grads =   4.392e-06, unitary_metric = 0.99998
data saved at: /project/ftchong/qoc/yongshan/00019_31_3regN8p6_slice_44.h5


trying total_time: 11.4 for unitary of size (16, 16)
data saved at: /project/ftchong/qoc/yongshan/00020_31_3regN8p6_slice_44.h5
Using 7 Taylor terms and 2 Scaling & Squaring terms
Building graph:
Propagators initialized.
Operators weight initialized.
Intermediate propagation variables initialized.
Intermediate propagators initialized.
Vectors initialized.
Training loss initialized.
Optimizer initialized.
Utilities initialized.
Graph built!
Initialized
Error = :9.42e-01; Runtime: 0.4s; Iterations = 0, grads =   1.980e-02, unitary_metric = 1.00000
Error = :8.95e-01; Runtime: 5.2s; Iterations = 20, grads =   2.577e-02, unitary_metric = 1.00000
Error = :8.68e-01; Runtime: 9.2s; Iterations = 40, grads =   4.602e-03, unitary_metric = 0.99999
Error = :8.20e-01; Runtime: 13.2s; Iterations = 60, grads =   5.597e-04, unitary_metric = 1.00000
Error = :7.55e-01; Runtime: 17.2s; Iterations = 80, grads =   2.748e-04, unitary_metric = 1.00000
Error = :7.51e-01; Runtime: 21.2s; Iterations = 100, grads =   2.201e-05, unitary_metric = 1.00000
Error = :7.50e-01; Runtime: 25.5s; Iterations = 120, grads =   1.236e-06, unitary_metric = 1.00000
Error = :7.50e-01; Runtime: 29.6s; Iterations = 140, grads =   6.797e-07, unitary_metric = 1.00000
Error = :7.50e-01; Runtime: 33.6s; Iterations = 160, grads =   1.170e-07, unitary_metric = 1.00000
Error = :7.50e-01; Runtime: 37.6s; Iterations = 180, grads =   4.272e-07, unitary_metric = 0.99999
Error = :7.48e-01; Runtime: 41.6s; Iterations = 200, grads =   3.125e-05, unitary_metric = 1.00000
Error = :6.19e-01; Runtime: 45.9s; Iterations = 220, grads =   7.455e-03, unitary_metric = 0.99999
Error = :1.29e-01; Runtime: 50.0s; Iterations = 240, grads =   4.951e-01, unitary_metric = 0.99998
Error = :2.40e-02; Runtime: 54.0s; Iterations = 260, grads =   1.196e-01, unitary_metric = 0.99998
Error = :6.24e-03; Runtime: 58.0s; Iterations = 280, grads =   4.139e-03, unitary_metric = 0.99998
Error = :3.54e-03; Runtime: 62.0s; Iterations = 300, grads =   2.645e-03, unitary_metric = 0.99997
Error = :2.44e-03; Runtime: 66.4s; Iterations = 320, grads =   1.064e-04, unitary_metric = 0.99998
Error = :1.88e-03; Runtime: 70.4s; Iterations = 340, grads =   6.212e-06, unitary_metric = 0.99998
Error = :1.51e-03; Runtime: 74.4s; Iterations = 360, grads =   4.813e-06, unitary_metric = 0.99997
Error = :1.25e-03; Runtime: 78.4s; Iterations = 380, grads =   9.617e-07, unitary_metric = 0.99997
Error = :1.06e-03; Runtime: 82.4s; Iterations = 400, grads =   5.210e-05, unitary_metric = 0.99998
Error = :9.40e-04; Runtime: 86.2s; Iterations = 417, grads =   1.930e-04, unitary_metric = 0.99997
data saved at: /project/ftchong/qoc/yongshan/00020_31_3regN8p6_slice_44.h5


trying total_time: 90.0 for unitary of size (4, 4)
data saved at: /project/ftchong/qoc/yongshan/00021_31_3regN8p6_slice_44.h5
Using 5 Taylor terms and 3 Scaling & Squaring terms
Building graph:
Propagators initialized.
Operators weight initialized.
Intermediate propagation variables initialized.
Intermediate propagators initialized.
Vectors initialized.
Training loss initialized.
Optimizer initialized.
Utilities initialized.
Graph built!
Initialized
Error = :1.55e-01; Runtime: 2.9s; Iterations = 0, grads =   2.563e+01, unitary_metric = 1.00029
Error = :9.96e-01; Runtime: 22.4s; Iterations = 20, grads =   8.814e-02, unitary_metric = 1.00018
Error = :9.97e-01; Runtime: 37.0s; Iterations = 40, grads =   8.239e-02, unitary_metric = 1.00000
Error = :2.28e-01; Runtime: 51.6s; Iterations = 60, grads =   3.380e+01, unitary_metric = 1.00002
Error = :3.26e-02; Runtime: 66.2s; Iterations = 80, grads =   5.845e+00, unitary_metric = 1.00003
Error = :4.82e-04; Runtime: 71.3s; Iterations = 87, grads =   4.839e-02, unitary_metric = 1.00004
data saved at: /project/ftchong/qoc/yongshan/00021_31_3regN8p6_slice_44.h5


trying total_time: 45.0 for unitary of size (4, 4)
data saved at: /project/ftchong/qoc/yongshan/00022_31_3regN8p6_slice_44.h5
Using 4 Taylor terms and 3 Scaling & Squaring terms
Building graph:
Propagators initialized.
Operators weight initialized.
Intermediate propagation variables initialized.
Intermediate propagators initialized.
Vectors initialized.
Training loss initialized.
Optimizer initialized.
Utilities initialized.
Graph built!
Initialized
Error = :6.08e-02; Runtime: 1.3s; Iterations = 0, grads =   5.578e+00, unitary_metric = 1.00007
Error = :2.91e-02; Runtime: 10.0s; Iterations = 20, grads =   2.543e+00, unitary_metric = 1.00008
Error = :8.03e-03; Runtime: 16.3s; Iterations = 40, grads =   7.625e-01, unitary_metric = 1.00008
Error = :1.74e-03; Runtime: 22.7s; Iterations = 60, grads =   1.793e-01, unitary_metric = 1.00008
Error = :9.69e-04; Runtime: 23.6s; Iterations = 63, grads =   1.055e-01, unitary_metric = 1.00008
data saved at: /project/ftchong/qoc/yongshan/00022_31_3regN8p6_slice_44.h5


trying total_time: 22.5 for unitary of size (4, 4)
data saved at: /project/ftchong/qoc/yongshan/00023_31_3regN8p6_slice_44.h5
Using 4 Taylor terms and 3 Scaling & Squaring terms
Building graph:
Propagators initialized.
Operators weight initialized.
Intermediate propagation variables initialized.
Intermediate propagators initialized.
Vectors initialized.
Training loss initialized.
Optimizer initialized.
Utilities initialized.
Graph built!
Initialized
Error = :5.18e-02; Runtime: 0.6s; Iterations = 0, grads =   2.298e+00, unitary_metric = 1.00005
Error = :5.96e-02; Runtime: 4.7s; Iterations = 20, grads =   2.746e+00, unitary_metric = 1.00003
Error = :7.27e-03; Runtime: 7.7s; Iterations = 40, grads =   3.479e-01, unitary_metric = 1.00003
Error = :7.72e-04; Runtime: 8.7s; Iterations = 47, grads =   4.105e-02, unitary_metric = 1.00003
data saved at: /project/ftchong/qoc/yongshan/00023_31_3regN8p6_slice_44.h5


trying total_time: 11.25 for unitary of size (4, 4)
data saved at: /project/ftchong/qoc/yongshan/00024_31_3regN8p6_slice_44.h5
Using 6 Taylor terms and 1 Scaling & Squaring terms
Building graph:
Propagators initialized.
Operators weight initialized.
Intermediate propagation variables initialized.
Intermediate propagators initialized.
Vectors initialized.
Training loss initialized.
Optimizer initialized.
Utilities initialized.
Graph built!
Initialized
Error = :4.10e-01; Runtime: 0.3s; Iterations = 0, grads =   5.815e+00, unitary_metric = 1.00000
Error = :2.55e-02; Runtime: 2.5s; Iterations = 20, grads =   6.051e-01, unitary_metric = 1.00000
Error = :9.70e-04; Runtime: 3.1s; Iterations = 29, grads =   2.285e-02, unitary_metric = 1.00000
data saved at: /project/ftchong/qoc/yongshan/00024_31_3regN8p6_slice_44.h5


trying total_time: 5.6 for unitary of size (4, 4)
data saved at: /project/ftchong/qoc/yongshan/00025_31_3regN8p6_slice_44.h5
Using 6 Taylor terms and 1 Scaling & Squaring terms
Building graph:
Propagators initialized.
Operators weight initialized.
Intermediate propagation variables initialized.
Intermediate propagators initialized.
Vectors initialized.
Training loss initialized.
Optimizer initialized.
Utilities initialized.
Graph built!
Initialized
Error = :4.26e-01; Runtime: 0.2s; Iterations = 0, grads =   2.645e+00, unitary_metric = 1.00000
Error = :2.15e-02; Runtime: 1.2s; Iterations = 20, grads =   2.576e-01, unitary_metric = 1.00000
Error = :6.21e-04; Runtime: 1.4s; Iterations = 25, grads =   7.144e-03, unitary_metric = 1.00000
data saved at: /project/ftchong/qoc/yongshan/00025_31_3regN8p6_slice_44.h5


trying total_time: 2.8 for unitary of size (4, 4)
data saved at: /project/ftchong/qoc/yongshan/00026_31_3regN8p6_slice_44.h5
Using 6 Taylor terms and 1 Scaling & Squaring terms
Building graph:
Propagators initialized.
Operators weight initialized.
Intermediate propagation variables initialized.
Intermediate propagators initialized.
Vectors initialized.
Training loss initialized.
Optimizer initialized.
Utilities initialized.
Graph built!
Initialized
Error = :7.46e-02; Runtime: 0.1s; Iterations = 0, grads =   4.025e-01, unitary_metric = 1.00000
Error = :6.38e-04; Runtime: 0.6s; Iterations = 17, grads =   2.269e-03, unitary_metric = 1.00000
data saved at: /project/ftchong/qoc/yongshan/00026_31_3regN8p6_slice_44.h5


trying total_time: 1.4 for unitary of size (4, 4)
data saved at: /project/ftchong/qoc/yongshan/00027_31_3regN8p6_slice_44.h5
Using 6 Taylor terms and 1 Scaling & Squaring terms
Building graph:
Propagators initialized.
Operators weight initialized.
Intermediate propagation variables initialized.
Intermediate propagators initialized.
Vectors initialized.
Training loss initialized.
Optimizer initialized.
Utilities initialized.
Graph built!
Initialized
Error = :1.59e-01; Runtime: 0.1s; Iterations = 0, grads =   3.904e-01, unitary_metric = 1.00000
Error = :1.19e-03; Runtime: 0.4s; Iterations = 20, grads =   3.365e-03, unitary_metric = 1.00000
Error = :7.38e-04; Runtime: 0.5s; Iterations = 32, grads =   2.162e-03, unitary_metric = 1.00000
data saved at: /project/ftchong/qoc/yongshan/00027_31_3regN8p6_slice_44.h5


trying total_time: 0.7 for unitary of size (4, 4)
data saved at: /project/ftchong/qoc/yongshan/00028_31_3regN8p6_slice_44.h5
Using 7 Taylor terms and 0 Scaling & Squaring terms
Building graph:
Propagators initialized.
Operators weight initialized.
Intermediate propagation variables initialized.
Intermediate propagators initialized.
Vectors initialized.
Training loss initialized.
Optimizer initialized.
Utilities initialized.
Graph built!
Initialized
Error = :3.75e-01; Runtime: 0.0s; Iterations = 0, grads =   3.223e-01, unitary_metric = 1.00000
Error = :5.22e-03; Runtime: 0.3s; Iterations = 20, grads =   7.361e-03, unitary_metric = 1.00000
Error = :8.69e-04; Runtime: 0.3s; Iterations = 22, grads =   1.096e-03, unitary_metric = 1.00000
data saved at: /project/ftchong/qoc/yongshan/00028_31_3regN8p6_slice_44.h5


trying total_time: 0.35 for unitary of size (4, 4)
data saved at: /project/ftchong/qoc/yongshan/00029_31_3regN8p6_slice_44.h5
Using 7 Taylor terms and 0 Scaling & Squaring terms
Building graph:
Propagators initialized.
Operators weight initialized.
Intermediate propagation variables initialized.
Intermediate propagators initialized.
Vectors initialized.
Training loss initialized.
Optimizer initialized.
Utilities initialized.
Graph built!
Initialized
Error = :1.81e-02; Runtime: 0.0s; Iterations = 0, grads =   1.216e-02, unitary_metric = 1.00000
Error = :9.99e-04; Runtime: 0.2s; Iterations = 7, grads =   5.880e-04, unitary_metric = 1.00000
data saved at: /project/ftchong/qoc/yongshan/00029_31_3regN8p6_slice_44.h5


trying total_time: 0.15 for unitary of size (4, 4)
data saved at: /project/ftchong/qoc/yongshan/00030_31_3regN8p6_slice_44.h5
Using 5 Taylor terms and 1 Scaling & Squaring terms
Building graph:
Propagators initialized.
Operators weight initialized.
Intermediate propagation variables initialized.
Intermediate propagators initialized.
Vectors initialized.
Training loss initialized.
Optimizer initialized.
Utilities initialized.
Graph built!
Initialized
Error = :2.75e-02; Runtime: 0.0s; Iterations = 0, grads =   6.003e-03, unitary_metric = 1.00000
Error = :1.12e-03; Runtime: 0.1s; Iterations = 20, grads =   2.156e-04, unitary_metric = 1.00000
Error = :9.10e-04; Runtime: 0.2s; Iterations = 21, grads =   1.724e-04, unitary_metric = 1.00000
data saved at: /project/ftchong/qoc/yongshan/00030_31_3regN8p6_slice_44.h5




[0.15, 11.4, 0.15]
TIME FOR SLICE IS:
11.4
