Running Array Job:  320
Experiment Flexible 3Reg N=8 p=8 slice=56


trying total_time: 120.0 for unitary of size (4, 4)
data saved at: /project/ftchong/qoc/yongshan/00000_04_flex3regN8p8_slice_56.h5
Using 5 Taylor terms and 3 Scaling & Squaring terms
Building graph:
Propagators initialized.
Operators weight initialized.
Intermediate propagation variables initialized.
Intermediate propagators initialized.
Vectors initialized.
Training loss initialized.
Optimizer initialized.
Utilities initialized.
Graph built!
Initialized
Error = :1.53e-01; Runtime: 4.5s; Iterations = 0, grads =   3.261e+01, unitary_metric = 1.00033
Error = :5.65e-01; Runtime: 35.0s; Iterations = 20, grads =   6.106e+01, unitary_metric = 1.00002
Error = :1.25e-01; Runtime: 57.9s; Iterations = 40, grads =   2.687e+01, unitary_metric = 1.00001
Error = :5.58e-04; Runtime: 77.3s; Iterations = 57, grads =   7.075e-02, unitary_metric = 1.00002
data saved at: /project/ftchong/qoc/yongshan/00000_04_flex3regN8p8_slice_56.h5


trying total_time: 60.0 for unitary of size (4, 4)
data saved at: /project/ftchong/qoc/yongshan/00001_04_flex3regN8p8_slice_56.h5
Using 4 Taylor terms and 3 Scaling & Squaring terms
Building graph:
Propagators initialized.
Operators weight initialized.
Intermediate propagation variables initialized.
Intermediate propagators initialized.
Vectors initialized.
Training loss initialized.
Optimizer initialized.
Utilities initialized.
Graph built!
Initialized
Error = :2.85e-02; Runtime: 2.1s; Iterations = 0, grads =   2.542e+00, unitary_metric = 1.00013
Error = :1.53e-01; Runtime: 15.7s; Iterations = 20, grads =   1.623e+01, unitary_metric = 1.00006
Error = :2.34e-03; Runtime: 25.6s; Iterations = 40, grads =   2.884e-01, unitary_metric = 1.00005
Error = :8.27e-04; Runtime: 29.6s; Iterations = 48, grads =   9.616e-02, unitary_metric = 1.00004
data saved at: /project/ftchong/qoc/yongshan/00001_04_flex3regN8p8_slice_56.h5


trying total_time: 30.0 for unitary of size (4, 4)
data saved at: /project/ftchong/qoc/yongshan/00002_04_flex3regN8p8_slice_56.h5
Using 4 Taylor terms and 3 Scaling & Squaring terms
Building graph:
Propagators initialized.
Operators weight initialized.
Intermediate propagation variables initialized.
Intermediate propagators initialized.
Vectors initialized.
Training loss initialized.
Optimizer initialized.
Utilities initialized.
Graph built!
Initialized
Error = :6.39e-02; Runtime: 1.1s; Iterations = 0, grads =   3.857e+00, unitary_metric = 1.00008
Error = :7.52e-02; Runtime: 7.7s; Iterations = 20, grads =   4.551e+00, unitary_metric = 1.00005
Error = :1.33e-02; Runtime: 12.4s; Iterations = 40, grads =   8.677e-01, unitary_metric = 1.00005
Error = :1.18e-04; Runtime: 13.8s; Iterations = 46, grads =   1.091e-02, unitary_metric = 1.00006
data saved at: /project/ftchong/qoc/yongshan/00002_04_flex3regN8p8_slice_56.h5


trying total_time: 15.0 for unitary of size (4, 4)
data saved at: /project/ftchong/qoc/yongshan/00003_04_flex3regN8p8_slice_56.h5
Using 4 Taylor terms and 3 Scaling & Squaring terms
Building graph:
Propagators initialized.
Operators weight initialized.
Intermediate propagation variables initialized.
Intermediate propagators initialized.
Vectors initialized.
Training loss initialized.
Optimizer initialized.
Utilities initialized.
Graph built!
Initialized
Error = :9.88e-03; Runtime: 0.5s; Iterations = 0, grads =   3.019e-01, unitary_metric = 1.00002
Error = :3.88e-04; Runtime: 3.7s; Iterations = 20, grads =   1.034e-02, unitary_metric = 1.00002
data saved at: /project/ftchong/qoc/yongshan/00003_04_flex3regN8p8_slice_56.h5


trying total_time: 7.5 for unitary of size (4, 4)
data saved at: /project/ftchong/qoc/yongshan/00004_04_flex3regN8p8_slice_56.h5
Using 6 Taylor terms and 1 Scaling & Squaring terms
Building graph:
Propagators initialized.
Operators weight initialized.
Intermediate propagation variables initialized.
Intermediate propagators initialized.
Vectors initialized.
Training loss initialized.
Optimizer initialized.
Utilities initialized.
Graph built!
Initialized
Error = :1.82e-02; Runtime: 0.3s; Iterations = 0, grads =   2.524e-01, unitary_metric = 1.00000
Error = :9.52e-03; Runtime: 1.9s; Iterations = 20, grads =   1.549e-01, unitary_metric = 1.00000
Error = :8.50e-04; Runtime: 2.5s; Iterations = 29, grads =   1.357e-02, unitary_metric = 1.00000
data saved at: /project/ftchong/qoc/yongshan/00004_04_flex3regN8p8_slice_56.h5


trying total_time: 3.75 for unitary of size (4, 4)
data saved at: /project/ftchong/qoc/yongshan/00005_04_flex3regN8p8_slice_56.h5
Using 6 Taylor terms and 1 Scaling & Squaring terms
Building graph:
Propagators initialized.
Operators weight initialized.
Intermediate propagation variables initialized.
Intermediate propagators initialized.
Vectors initialized.
Training loss initialized.
Optimizer initialized.
Utilities initialized.
Graph built!
Initialized
Error = :6.71e-02; Runtime: 0.2s; Iterations = 0, grads =   4.996e-01, unitary_metric = 1.00000
Error = :2.55e-03; Runtime: 1.0s; Iterations = 20, grads =   2.067e-02, unitary_metric = 1.00000
Error = :8.00e-04; Runtime: 1.2s; Iterations = 25, grads =   6.422e-03, unitary_metric = 1.00000
data saved at: /project/ftchong/qoc/yongshan/00005_04_flex3regN8p8_slice_56.h5


trying total_time: 1.85 for unitary of size (4, 4)
data saved at: /project/ftchong/qoc/yongshan/00006_04_flex3regN8p8_slice_56.h5
Using 6 Taylor terms and 1 Scaling & Squaring terms
Building graph:
Propagators initialized.
Operators weight initialized.
Intermediate propagation variables initialized.
Intermediate propagators initialized.
Vectors initialized.
Training loss initialized.
Optimizer initialized.
Utilities initialized.
Graph built!
Initialized
Error = :6.89e-02; Runtime: 0.1s; Iterations = 0, grads =   2.543e-01, unitary_metric = 1.00000
Error = :7.41e-04; Runtime: 0.3s; Iterations = 3, grads =   2.378e-03, unitary_metric = 1.00000
data saved at: /project/ftchong/qoc/yongshan/00006_04_flex3regN8p8_slice_56.h5


trying total_time: 0.9 for unitary of size (4, 4)
data saved at: /project/ftchong/qoc/yongshan/00007_04_flex3regN8p8_slice_56.h5
Using 6 Taylor terms and 1 Scaling & Squaring terms
Building graph:
Propagators initialized.
Operators weight initialized.
Intermediate propagation variables initialized.
Intermediate propagators initialized.
Vectors initialized.
Training loss initialized.
Optimizer initialized.
Utilities initialized.
Graph built!
Initialized
Error = :2.79e-01; Runtime: 0.1s; Iterations = 0, grads =   3.735e-01, unitary_metric = 1.00000
Error = :9.98e-04; Runtime: 0.3s; Iterations = 14, grads =   1.830e-03, unitary_metric = 1.00000
data saved at: /project/ftchong/qoc/yongshan/00007_04_flex3regN8p8_slice_56.h5


trying total_time: 0.45 for unitary of size (4, 4)
data saved at: /project/ftchong/qoc/yongshan/00008_04_flex3regN8p8_slice_56.h5
Using 7 Taylor terms and 0 Scaling & Squaring terms
Building graph:
Propagators initialized.
Operators weight initialized.
Intermediate propagation variables initialized.
Intermediate propagators initialized.
Vectors initialized.
Training loss initialized.
Optimizer initialized.
Utilities initialized.
Graph built!
Initialized
Error = :2.93e-02; Runtime: 0.1s; Iterations = 0, grads =   2.331e-02, unitary_metric = 1.00000
Error = :6.83e-04; Runtime: 0.2s; Iterations = 8, grads =   5.277e-04, unitary_metric = 1.00000
data saved at: /project/ftchong/qoc/yongshan/00008_04_flex3regN8p8_slice_56.h5


trying total_time: 0.2 for unitary of size (4, 4)
data saved at: /project/ftchong/qoc/yongshan/00009_04_flex3regN8p8_slice_56.h5
Using 5 Taylor terms and 1 Scaling & Squaring terms
Building graph:
Propagators initialized.
Operators weight initialized.
Intermediate propagation variables initialized.
Intermediate propagators initialized.
Vectors initialized.
Training loss initialized.
Optimizer initialized.
Utilities initialized.
Graph built!
Initialized
Error = :1.46e-02; Runtime: 0.0s; Iterations = 0, grads =   5.758e-03, unitary_metric = 1.00000
Error = :5.90e-04; Runtime: 0.1s; Iterations = 11, grads =   2.238e-04, unitary_metric = 1.00000
data saved at: /project/ftchong/qoc/yongshan/00009_04_flex3regN8p8_slice_56.h5


trying total_time: 240.0 for unitary of size (16, 16)
data saved at: /project/ftchong/qoc/yongshan/00010_04_flex3regN8p8_slice_56.h5
Using 8 Taylor terms and 2 Scaling & Squaring terms
Building graph:
Propagators initialized.
Operators weight initialized.
Intermediate propagation variables initialized.
Intermediate propagators initialized.
Vectors initialized.
Training loss initialized.
Optimizer initialized.
Utilities initialized.
Graph built!
Initialized
Error = :8.58e-01; Runtime: 11.3s; Iterations = 0, grads =   1.209e+00, unitary_metric = 1.00037
Error = :9.87e-01; Runtime: 156.0s; Iterations = 20, grads =   2.214e-01, unitary_metric = 1.00013
Error = :9.72e-01; Runtime: 283.9s; Iterations = 40, grads =   6.205e-01, unitary_metric = 1.00005
Error = :9.99e-01; Runtime: 411.6s; Iterations = 60, grads =   2.458e-03, unitary_metric = 1.00003
Error = :9.51e-01; Runtime: 539.4s; Iterations = 80, grads =   1.010e-01, unitary_metric = 1.00000
Error = :8.09e-01; Runtime: 667.2s; Iterations = 100, grads =   2.849e+00, unitary_metric = 0.99995
Error = :9.10e-01; Runtime: 802.3s; Iterations = 120, grads =   2.931e+00, unitary_metric = 0.99995
Error = :9.58e-01; Runtime: 929.8s; Iterations = 140, grads =   7.347e-01, unitary_metric = 0.99992
Error = :1.00e+00; Runtime: 1057.7s; Iterations = 160, grads =   1.617e-03, unitary_metric = 0.99994
Error = :9.95e-01; Runtime: 1185.4s; Iterations = 180, grads =   4.294e-02, unitary_metric = 0.99993
Error = :8.91e-01; Runtime: 1313.0s; Iterations = 200, grads =   7.575e-01, unitary_metric = 0.99990
Error = :9.95e-01; Runtime: 1447.8s; Iterations = 220, grads =   1.945e-02, unitary_metric = 0.99989
Error = :8.51e-01; Runtime: 1573.9s; Iterations = 240, grads =   5.409e+00, unitary_metric = 0.99992
Error = :8.52e-01; Runtime: 1699.9s; Iterations = 260, grads =   1.470e+00, unitary_metric = 0.99986
Error = :7.50e-01; Runtime: 1826.3s; Iterations = 280, grads =   1.984e+00, unitary_metric = 0.99985
Error = :8.01e-01; Runtime: 1952.6s; Iterations = 300, grads =   1.517e+00, unitary_metric = 0.99989
Error = :9.97e-01; Runtime: 2086.7s; Iterations = 320, grads =   5.349e-03, unitary_metric = 0.99986
Error = :8.73e-01; Runtime: 2212.1s; Iterations = 340, grads =   2.067e+00, unitary_metric = 0.99986
Error = :9.95e-01; Runtime: 2337.7s; Iterations = 360, grads =   1.516e-02, unitary_metric = 0.99986
Error = :8.72e-01; Runtime: 2460.9s; Iterations = 380, grads =   3.149e+00, unitary_metric = 0.99986
Error = :9.30e-01; Runtime: 2584.4s; Iterations = 400, grads =   1.659e-01, unitary_metric = 0.99987
Error = :9.37e-01; Runtime: 2714.6s; Iterations = 420, grads =   1.257e+00, unitary_metric = 0.99984
Error = :5.54e-01; Runtime: 2836.8s; Iterations = 440, grads =   4.991e+00, unitary_metric = 0.99982
Error = :9.61e-01; Runtime: 2958.7s; Iterations = 460, grads =   1.103e-01, unitary_metric = 0.99983
Error = :4.47e-01; Runtime: 3080.6s; Iterations = 480, grads =   7.774e+00, unitary_metric = 0.99983
Error = :2.01e-01; Runtime: 3202.8s; Iterations = 500, grads =   5.474e+00, unitary_metric = 0.99981
Error = :3.53e-01; Runtime: 3331.4s; Iterations = 520, grads =   1.348e+01, unitary_metric = 0.99980
Error = :1.55e-01; Runtime: 3453.6s; Iterations = 540, grads =   8.515e+00, unitary_metric = 0.99979
Error = :9.45e-02; Runtime: 3575.6s; Iterations = 560, grads =   5.879e+00, unitary_metric = 0.99978
Error = :3.99e-02; Runtime: 3697.4s; Iterations = 580, grads =   2.681e+00, unitary_metric = 0.99979
Error = :2.48e-02; Runtime: 3831.8s; Iterations = 600, grads =   1.772e+00, unitary_metric = 0.99980
Error = :1.31e-02; Runtime: 3974.1s; Iterations = 620, grads =   9.407e-01, unitary_metric = 0.99979
Error = :1.32e-02; Runtime: 4109.4s; Iterations = 640, grads =   9.210e-01, unitary_metric = 0.99980
Error = :1.17e-02; Runtime: 4244.4s; Iterations = 660, grads =   8.130e-01, unitary_metric = 0.99979
Error = :1.11e-02; Runtime: 4379.8s; Iterations = 680, grads =   7.676e-01, unitary_metric = 0.99979
Error = :1.90e-02; Runtime: 4514.7s; Iterations = 700, grads =   1.293e+00, unitary_metric = 0.99979
Error = :5.02e-03; Runtime: 4657.8s; Iterations = 720, grads =   3.267e-01, unitary_metric = 0.99977
Error = :1.16e-02; Runtime: 4793.1s; Iterations = 740, grads =   7.952e-01, unitary_metric = 0.99981
Error = :1.01e-02; Runtime: 4928.0s; Iterations = 760, grads =   6.883e-01, unitary_metric = 0.99980
Error = :7.54e-03; Runtime: 5063.2s; Iterations = 780, grads =   5.226e-01, unitary_metric = 0.99979
Error = :9.51e-03; Runtime: 5196.8s; Iterations = 800, grads =   6.522e-01, unitary_metric = 0.99979
Error = :1.22e-02; Runtime: 5339.0s; Iterations = 820, grads =   8.099e-01, unitary_metric = 0.99980
Error = :1.38e-02; Runtime: 5472.6s; Iterations = 840, grads =   8.889e-01, unitary_metric = 0.99979
Error = :1.06e-02; Runtime: 5606.7s; Iterations = 860, grads =   7.125e-01, unitary_metric = 0.99979
Error = :2.20e-02; Runtime: 5740.6s; Iterations = 880, grads =   1.487e+00, unitary_metric = 0.99979
Error = :8.81e-03; Runtime: 5875.2s; Iterations = 900, grads =   5.899e-01, unitary_metric = 0.99979
Error = :6.02e-03; Runtime: 6016.8s; Iterations = 920, grads =   3.768e-01, unitary_metric = 0.99979
Error = :1.85e-02; Runtime: 6152.1s; Iterations = 940, grads =   1.298e+00, unitary_metric = 0.99979
Error = :6.30e-03; Runtime: 6287.6s; Iterations = 960, grads =   4.205e-01, unitary_metric = 0.99980
Error = :7.48e-03; Runtime: 6423.3s; Iterations = 980, grads =   4.853e-01, unitary_metric = 0.99980
Error = :2.33e-02; Runtime: 6559.2s; Iterations = 1000, grads =   1.479e+00, unitary_metric = 0.99980
Error = :1.02e-02; Runtime: 6702.4s; Iterations = 1020, grads =   6.720e-01, unitary_metric = 0.99980
Error = :1.58e-02; Runtime: 6838.1s; Iterations = 1040, grads =   1.014e+00, unitary_metric = 0.99980
Error = :9.07e-03; Runtime: 6973.6s; Iterations = 1060, grads =   5.632e-01, unitary_metric = 0.99979
Error = :9.17e-03; Runtime: 7109.6s; Iterations = 1080, grads =   6.030e-01, unitary_metric = 0.99979
Error = :4.07e-03; Runtime: 7244.3s; Iterations = 1100, grads =   2.741e-01, unitary_metric = 0.99978
Error = :8.38e-03; Runtime: 7383.7s; Iterations = 1120, grads =   5.179e-01, unitary_metric = 0.99978
Error = :1.49e-02; Runtime: 7516.3s; Iterations = 1140, grads =   9.509e-01, unitary_metric = 0.99979
Error = :7.32e-03; Runtime: 7652.2s; Iterations = 1160, grads =   4.632e-01, unitary_metric = 0.99978
Error = :9.70e-03; Runtime: 7789.0s; Iterations = 1180, grads =   6.405e-01, unitary_metric = 0.99979
Error = :8.51e-03; Runtime: 7925.4s; Iterations = 1200, grads =   5.206e-01, unitary_metric = 0.99979
Error = :6.44e-03; Runtime: 8068.3s; Iterations = 1220, grads =   4.028e-01, unitary_metric = 0.99979
Error = :8.00e-03; Runtime: 8203.8s; Iterations = 1240, grads =   5.010e-01, unitary_metric = 0.99978
Error = :5.49e-03; Runtime: 8339.6s; Iterations = 1260, grads =   3.319e-01, unitary_metric = 0.99980
Error = :1.66e-02; Runtime: 8476.2s; Iterations = 1280, grads =   1.065e+00, unitary_metric = 0.99980
Error = :5.40e-03; Runtime: 8611.7s; Iterations = 1300, grads =   3.196e-01, unitary_metric = 0.99978
Error = :1.73e-02; Runtime: 8755.6s; Iterations = 1320, grads =   1.131e+00, unitary_metric = 0.99978
Error = :2.86e-03; Runtime: 8892.1s; Iterations = 1340, grads =   1.651e-01, unitary_metric = 0.99979
Error = :6.61e-03; Runtime: 9027.7s; Iterations = 1360, grads =   4.019e-01, unitary_metric = 0.99980
Error = :9.34e-03; Runtime: 9163.2s; Iterations = 1380, grads =   5.798e-01, unitary_metric = 0.99979
Error = :7.54e-03; Runtime: 9299.9s; Iterations = 1400, grads =   4.576e-01, unitary_metric = 0.99979
Error = :9.38e-03; Runtime: 9442.9s; Iterations = 1420, grads =   5.861e-01, unitary_metric = 0.99979
Error = :8.31e-03; Runtime: 9579.0s; Iterations = 1440, grads =   5.374e-01, unitary_metric = 0.99978
Error = :2.90e-03; Runtime: 9714.5s; Iterations = 1460, grads =   1.735e-01, unitary_metric = 0.99977
Error = :5.17e-03; Runtime: 9850.1s; Iterations = 1480, grads =   3.035e-01, unitary_metric = 0.99978
Error = :1.02e-02; Runtime: 9987.1s; Iterations = 1500, grads =   6.293e-01, unitary_metric = 0.99978
Error = :8.82e-03; Runtime: 10131.8s; Iterations = 1520, grads =   5.578e-01, unitary_metric = 0.99978
Error = :9.17e-03; Runtime: 10268.0s; Iterations = 1540, grads =   5.468e-01, unitary_metric = 0.99978
Error = :7.62e-03; Runtime: 10403.5s; Iterations = 1560, grads =   4.567e-01, unitary_metric = 0.99978
Error = :2.12e-03; Runtime: 10538.9s; Iterations = 1580, grads =   1.194e-01, unitary_metric = 0.99979
Error = :6.51e-03; Runtime: 10675.1s; Iterations = 1600, grads =   3.921e-01, unitary_metric = 0.99979
Error = :5.17e-03; Runtime: 10820.1s; Iterations = 1620, grads =   3.035e-01, unitary_metric = 0.99979
Error = :1.30e-02; Runtime: 10957.3s; Iterations = 1640, grads =   8.300e-01, unitary_metric = 0.99979
Error = :8.52e-03; Runtime: 11091.2s; Iterations = 1660, grads =   5.224e-01, unitary_metric = 0.99977
Error = :3.95e-03; Runtime: 11226.8s; Iterations = 1680, grads =   2.385e-01, unitary_metric = 0.99977
Error = :2.48e-03; Runtime: 11361.7s; Iterations = 1700, grads =   1.380e-01, unitary_metric = 0.99978
Error = :5.05e-03; Runtime: 11504.0s; Iterations = 1720, grads =   2.903e-01, unitary_metric = 0.99978
Error = :9.79e-03; Runtime: 11638.8s; Iterations = 1740, grads =   6.051e-01, unitary_metric = 0.99977
Error = :4.10e-03; Runtime: 11774.4s; Iterations = 1760, grads =   2.501e-01, unitary_metric = 0.99977
Error = :4.53e-03; Runtime: 11908.7s; Iterations = 1780, grads =   2.851e-01, unitary_metric = 0.99980
Error = :2.42e-03; Runtime: 12043.7s; Iterations = 1800, grads =   1.329e-01, unitary_metric = 0.99980
Error = :5.22e-03; Runtime: 12187.3s; Iterations = 1820, grads =   3.053e-01, unitary_metric = 0.99978
Error = :5.33e-03; Runtime: 12323.6s; Iterations = 1840, grads =   3.244e-01, unitary_metric = 0.99980
Error = :4.21e-03; Runtime: 12460.1s; Iterations = 1860, grads =   2.476e-01, unitary_metric = 0.99978
Error = :3.22e-03; Runtime: 12596.5s; Iterations = 1880, grads =   1.859e-01, unitary_metric = 0.99979
Error = :4.02e-03; Runtime: 12733.0s; Iterations = 1900, grads =   2.299e-01, unitary_metric = 0.99980
Error = :7.70e-03; Runtime: 12877.9s; Iterations = 1920, grads =   4.681e-01, unitary_metric = 0.99980
Error = :2.55e-03; Runtime: 13013.9s; Iterations = 1940, grads =   1.398e-01, unitary_metric = 0.99980
Error = :5.45e-03; Runtime: 13150.5s; Iterations = 1960, grads =   3.160e-01, unitary_metric = 0.99981
Error = :2.00e-03; Runtime: 13287.4s; Iterations = 1980, grads =   1.125e-01, unitary_metric = 0.99980
Error = :8.35e-03; Runtime: 13423.7s; Iterations = 2000, grads =   4.576e-01, unitary_metric = 0.99979
Error = :8.22e-03; Runtime: 13568.2s; Iterations = 2020, grads =   4.866e-01, unitary_metric = 0.99979
Error = :7.19e-03; Runtime: 13704.2s; Iterations = 2040, grads =   4.417e-01, unitary_metric = 0.99978
Error = :2.10e-03; Runtime: 13840.9s; Iterations = 2060, grads =   1.140e-01, unitary_metric = 0.99979
Error = :5.70e-03; Runtime: 13977.1s; Iterations = 2080, grads =   3.469e-01, unitary_metric = 0.99979
Error = :6.60e-03; Runtime: 14113.8s; Iterations = 2100, grads =   3.646e-01, unitary_metric = 0.99979
Error = :4.56e-03; Runtime: 14257.1s; Iterations = 2120, grads =   2.646e-01, unitary_metric = 0.99979
Error = :5.91e-03; Runtime: 14391.9s; Iterations = 2140, grads =   3.255e-01, unitary_metric = 0.99979
Error = :3.06e-03; Runtime: 14528.7s; Iterations = 2160, grads =   1.838e-01, unitary_metric = 0.99980
Error = :5.78e-03; Runtime: 14665.4s; Iterations = 2180, grads =   3.435e-01, unitary_metric = 0.99979
Error = :2.01e-03; Runtime: 14799.6s; Iterations = 2200, grads =   1.097e-01, unitary_metric = 0.99979
Error = :4.45e-03; Runtime: 14944.0s; Iterations = 2220, grads =   2.483e-01, unitary_metric = 0.99979
Error = :9.75e-04; Runtime: 15012.6s; Iterations = 2230, grads =   4.494e-02, unitary_metric = 0.99978
data saved at: /project/ftchong/qoc/yongshan/00010_04_flex3regN8p8_slice_56.h5


trying total_time: 120.0 for unitary of size (16, 16)
data saved at: /project/ftchong/qoc/yongshan/00011_04_flex3regN8p8_slice_56.h5
Using 8 Taylor terms and 2 Scaling & Squaring terms
Building graph:
Propagators initialized.
Operators weight initialized.
Intermediate propagation variables initialized.
Intermediate propagators initialized.
Vectors initialized.
Training loss initialized.
Optimizer initialized.
Utilities initialized.
Graph built!
Initialized
Error = :9.16e-01; Runtime: 5.3s; Iterations = 0, grads =   1.797e+00, unitary_metric = 1.00029
Error = :9.96e-01; Runtime: 73.5s; Iterations = 20, grads =   6.692e-02, unitary_metric = 0.99996
Error = :9.24e-01; Runtime: 132.8s; Iterations = 40, grads =   2.457e+00, unitary_metric = 0.99997
Error = :9.99e-01; Runtime: 192.3s; Iterations = 60, grads =   4.293e-02, unitary_metric = 0.99993
Error = :6.76e-01; Runtime: 251.9s; Iterations = 80, grads =   5.215e+00, unitary_metric = 0.99990
Error = :4.02e-01; Runtime: 311.2s; Iterations = 100, grads =   1.477e+01, unitary_metric = 0.99990
Error = :3.16e-01; Runtime: 374.8s; Iterations = 120, grads =   1.215e+01, unitary_metric = 0.99988
Error = :6.08e-02; Runtime: 434.1s; Iterations = 140, grads =   4.389e+00, unitary_metric = 0.99987
Error = :2.77e-02; Runtime: 493.5s; Iterations = 160, grads =   2.526e+00, unitary_metric = 0.99989
Error = :2.58e-02; Runtime: 552.9s; Iterations = 180, grads =   2.653e+00, unitary_metric = 0.99989
Error = :1.99e-02; Runtime: 612.3s; Iterations = 200, grads =   2.215e+00, unitary_metric = 0.99990
Error = :9.59e-03; Runtime: 676.6s; Iterations = 220, grads =   8.335e-01, unitary_metric = 0.99988
Error = :1.19e-03; Runtime: 736.0s; Iterations = 240, grads =   7.161e-02, unitary_metric = 0.99989
Error = :1.47e-02; Runtime: 795.3s; Iterations = 260, grads =   1.483e+00, unitary_metric = 0.99989
Error = :6.11e-02; Runtime: 854.5s; Iterations = 280, grads =   6.815e+00, unitary_metric = 0.99989
Error = :4.68e-02; Runtime: 913.9s; Iterations = 300, grads =   5.387e+00, unitary_metric = 0.99988
Error = :3.81e-02; Runtime: 977.5s; Iterations = 320, grads =   3.505e+00, unitary_metric = 0.99988
Error = :2.41e-03; Runtime: 1037.0s; Iterations = 340, grads =   1.731e-01, unitary_metric = 0.99990
Error = :3.34e-02; Runtime: 1096.4s; Iterations = 360, grads =   3.274e+00, unitary_metric = 0.99989
Error = :2.67e-03; Runtime: 1155.7s; Iterations = 380, grads =   2.406e-01, unitary_metric = 0.99989
Error = :8.95e-03; Runtime: 1215.1s; Iterations = 400, grads =   7.679e-01, unitary_metric = 0.99990
Error = :1.55e-03; Runtime: 1278.5s; Iterations = 420, grads =   1.180e-01, unitary_metric = 0.99989
Error = :1.34e-02; Runtime: 1337.6s; Iterations = 440, grads =   1.245e+00, unitary_metric = 0.99990
Error = :7.97e-04; Runtime: 1396.7s; Iterations = 460, grads =   4.743e-02, unitary_metric = 0.99989
data saved at: /project/ftchong/qoc/yongshan/00011_04_flex3regN8p8_slice_56.h5


trying total_time: 60.0 for unitary of size (16, 16)
data saved at: /project/ftchong/qoc/yongshan/00012_04_flex3regN8p8_slice_56.h5
Using 5 Taylor terms and 4 Scaling & Squaring terms
Building graph:
Propagators initialized.
Operators weight initialized.
Intermediate propagation variables initialized.
Intermediate propagators initialized.
Vectors initialized.
Training loss initialized.
Optimizer initialized.
Utilities initialized.
Graph built!
Initialized
Error = :8.57e-01; Runtime: 2.9s; Iterations = 0, grads =   3.606e-01, unitary_metric = 1.00060
Error = :5.76e-01; Runtime: 33.4s; Iterations = 20, grads =   8.189e+00, unitary_metric = 1.00055
Error = :2.80e-01; Runtime: 59.6s; Iterations = 40, grads =   1.520e+00, unitary_metric = 1.00047
Error = :7.08e-02; Runtime: 85.7s; Iterations = 60, grads =   4.055e+00, unitary_metric = 1.00037
Error = :7.80e-03; Runtime: 111.7s; Iterations = 80, grads =   5.348e-01, unitary_metric = 1.00036
Error = :3.17e-04; Runtime: 135.4s; Iterations = 98, grads =   9.743e-03, unitary_metric = 1.00035
data saved at: /project/ftchong/qoc/yongshan/00012_04_flex3regN8p8_slice_56.h5


trying total_time: 30.0 for unitary of size (16, 16)
data saved at: /project/ftchong/qoc/yongshan/00013_04_flex3regN8p8_slice_56.h5
Using 7 Taylor terms and 2 Scaling & Squaring terms
Building graph:
Propagators initialized.
Operators weight initialized.
Intermediate propagation variables initialized.
Intermediate propagators initialized.
Vectors initialized.
Training loss initialized.
Optimizer initialized.
Utilities initialized.
Graph built!
Initialized
Error = :8.49e-01; Runtime: 1.4s; Iterations = 0, grads =   2.515e-01, unitary_metric = 1.00005
Error = :4.09e-01; Runtime: 16.5s; Iterations = 20, grads =   1.142e+00, unitary_metric = 1.00003
Error = :3.81e-01; Runtime: 29.4s; Iterations = 40, grads =   2.723e-01, unitary_metric = 1.00003
Error = :3.69e-01; Runtime: 42.2s; Iterations = 60, grads =   9.710e-03, unitary_metric = 1.00003
Error = :6.30e-02; Runtime: 55.0s; Iterations = 80, grads =   2.216e-02, unitary_metric = 1.00000
Error = :9.68e-03; Runtime: 67.9s; Iterations = 100, grads =   1.277e-01, unitary_metric = 1.00001
Error = :1.15e-03; Runtime: 81.7s; Iterations = 120, grads =   1.073e-03, unitary_metric = 1.00001
Error = :5.74e-04; Runtime: 83.6s; Iterations = 123, grads =   9.065e-04, unitary_metric = 1.00001
data saved at: /project/ftchong/qoc/yongshan/00013_04_flex3regN8p8_slice_56.h5


trying total_time: 15.0 for unitary of size (16, 16)
data saved at: /project/ftchong/qoc/yongshan/00014_04_flex3regN8p8_slice_56.h5
Using 7 Taylor terms and 2 Scaling & Squaring terms
Building graph:
Propagators initialized.
Operators weight initialized.
Intermediate propagation variables initialized.
Intermediate propagators initialized.
Vectors initialized.
Training loss initialized.
Optimizer initialized.
Utilities initialized.
Graph built!
Initialized
Error = :8.62e-01; Runtime: 0.7s; Iterations = 0, grads =   7.988e-02, unitary_metric = 1.00001
Error = :8.17e-01; Runtime: 8.1s; Iterations = 20, grads =   5.586e-02, unitary_metric = 1.00000
Error = :6.55e-01; Runtime: 14.3s; Iterations = 40, grads =   1.919e-02, unitary_metric = 1.00001
Error = :6.51e-01; Runtime: 20.6s; Iterations = 60, grads =   3.368e-03, unitary_metric = 1.00000
Error = :6.48e-01; Runtime: 26.8s; Iterations = 80, grads =   6.623e-04, unitary_metric = 1.00000
Error = :5.46e-01; Runtime: 33.0s; Iterations = 100, grads =   8.448e-03, unitary_metric = 0.99999
Error = :6.05e-02; Runtime: 39.8s; Iterations = 120, grads =   5.668e-01, unitary_metric = 0.99999
Error = :5.50e-03; Runtime: 46.1s; Iterations = 140, grads =   2.193e-02, unitary_metric = 0.99999
Error = :1.43e-03; Runtime: 52.3s; Iterations = 160, grads =   1.173e-02, unitary_metric = 0.99999
Error = :8.86e-04; Runtime: 53.2s; Iterations = 163, grads =   4.439e-04, unitary_metric = 0.99999
data saved at: /project/ftchong/qoc/yongshan/00014_04_flex3regN8p8_slice_56.h5


trying total_time: 7.5 for unitary of size (16, 16)
data saved at: /project/ftchong/qoc/yongshan/00015_04_flex3regN8p8_slice_56.h5
Using 7 Taylor terms and 2 Scaling & Squaring terms
Building graph:
Propagators initialized.
Operators weight initialized.
Intermediate propagation variables initialized.
Intermediate propagators initialized.
Vectors initialized.
Training loss initialized.
Optimizer initialized.
Utilities initialized.
Graph built!
Initialized
Error = :8.87e-01; Runtime: 0.4s; Iterations = 0, grads =   8.557e-02, unitary_metric = 1.00000
Error = :7.23e-01; Runtime: 4.0s; Iterations = 20, grads =   1.940e-02, unitary_metric = 1.00000
Error = :6.49e-01; Runtime: 7.0s; Iterations = 40, grads =   2.075e-02, unitary_metric = 1.00000
Error = :4.45e-01; Runtime: 10.1s; Iterations = 60, grads =   8.625e-03, unitary_metric = 1.00000
Error = :3.75e-01; Runtime: 13.1s; Iterations = 80, grads =   2.101e-04, unitary_metric = 0.99999
Error = :3.71e-01; Runtime: 16.2s; Iterations = 100, grads =   1.230e-04, unitary_metric = 1.00000
Error = :3.63e-01; Runtime: 19.5s; Iterations = 120, grads =   7.132e-05, unitary_metric = 1.00000
Error = :3.60e-01; Runtime: 22.6s; Iterations = 140, grads =   1.597e-05, unitary_metric = 0.99999
Error = :3.58e-01; Runtime: 25.6s; Iterations = 160, grads =   1.453e-05, unitary_metric = 0.99999
Error = :3.11e-01; Runtime: 28.7s; Iterations = 180, grads =   1.183e-03, unitary_metric = 0.99999
Error = :1.36e-01; Runtime: 31.7s; Iterations = 200, grads =   7.524e-04, unitary_metric = 0.99999
Error = :5.72e-02; Runtime: 35.1s; Iterations = 220, grads =   3.712e-04, unitary_metric = 0.99999
Error = :2.58e-02; Runtime: 38.2s; Iterations = 240, grads =   1.208e-04, unitary_metric = 0.99998
Error = :1.57e-02; Runtime: 41.2s; Iterations = 260, grads =   3.258e-05, unitary_metric = 0.99998
Error = :1.19e-02; Runtime: 44.3s; Iterations = 280, grads =   1.699e-05, unitary_metric = 0.99998
Error = :9.81e-03; Runtime: 47.3s; Iterations = 300, grads =   1.053e-05, unitary_metric = 0.99998
Error = :8.47e-03; Runtime: 50.6s; Iterations = 320, grads =   7.212e-06, unitary_metric = 0.99998
Error = :7.52e-03; Runtime: 53.7s; Iterations = 340, grads =   5.251e-06, unitary_metric = 0.99998
Error = :6.81e-03; Runtime: 56.7s; Iterations = 360, grads =   4.309e-06, unitary_metric = 0.99998
Error = :7.71e-03; Runtime: 59.8s; Iterations = 380, grads =   2.374e-02, unitary_metric = 0.99999
Error = :5.98e-03; Runtime: 63.0s; Iterations = 400, grads =   2.531e-03, unitary_metric = 0.99998
Error = :5.50e-03; Runtime: 66.4s; Iterations = 420, grads =   3.663e-04, unitary_metric = 0.99998
Error = :5.18e-03; Runtime: 69.4s; Iterations = 440, grads =   3.060e-05, unitary_metric = 0.99998
Error = :4.92e-03; Runtime: 72.5s; Iterations = 460, grads =   4.997e-06, unitary_metric = 0.99998
Error = :4.76e-03; Runtime: 75.5s; Iterations = 480, grads =   3.326e-04, unitary_metric = 0.99998
Error = :4.53e-03; Runtime: 78.6s; Iterations = 500, grads =   8.467e-05, unitary_metric = 0.99999
Error = :4.34e-03; Runtime: 81.9s; Iterations = 520, grads =   2.832e-06, unitary_metric = 0.99998
Error = :4.19e-03; Runtime: 85.0s; Iterations = 540, grads =   3.720e-06, unitary_metric = 0.99998
Error = :4.05e-03; Runtime: 88.1s; Iterations = 560, grads =   9.594e-07, unitary_metric = 0.99998
Error = :3.92e-03; Runtime: 91.1s; Iterations = 580, grads =   7.691e-07, unitary_metric = 0.99998
Error = :3.80e-03; Runtime: 94.2s; Iterations = 600, grads =   7.022e-07, unitary_metric = 0.99998
Error = :3.70e-03; Runtime: 97.6s; Iterations = 620, grads =   7.408e-05, unitary_metric = 0.99998
Error = :3.71e-03; Runtime: 100.6s; Iterations = 640, grads =   1.962e-03, unitary_metric = 0.99998
Error = :3.51e-03; Runtime: 103.7s; Iterations = 660, grads =   2.053e-04, unitary_metric = 0.99998
Error = :3.41e-03; Runtime: 106.7s; Iterations = 680, grads =   3.675e-05, unitary_metric = 0.99998
Error = :3.54e-03; Runtime: 109.7s; Iterations = 700, grads =   1.307e-03, unitary_metric = 0.99998
Error = :3.27e-03; Runtime: 113.1s; Iterations = 720, grads =   9.452e-05, unitary_metric = 0.99998
Error = :3.18e-03; Runtime: 116.1s; Iterations = 740, grads =   2.142e-05, unitary_metric = 0.99998
Error = :3.12e-03; Runtime: 119.2s; Iterations = 760, grads =   1.774e-06, unitary_metric = 0.99998
Error = :3.06e-03; Runtime: 122.2s; Iterations = 780, grads =   7.463e-07, unitary_metric = 0.99998
Error = :3.00e-03; Runtime: 125.3s; Iterations = 800, grads =   4.042e-07, unitary_metric = 0.99998
Error = :2.95e-03; Runtime: 128.6s; Iterations = 820, grads =   3.175e-07, unitary_metric = 0.99998
Error = :2.90e-03; Runtime: 131.6s; Iterations = 840, grads =   3.466e-07, unitary_metric = 0.99998
Error = :2.85e-03; Runtime: 134.7s; Iterations = 860, grads =   1.935e-06, unitary_metric = 0.99998
Error = :3.33e-03; Runtime: 137.8s; Iterations = 880, grads =   8.699e-03, unitary_metric = 0.99998
Error = :2.79e-03; Runtime: 140.9s; Iterations = 900, grads =   5.222e-04, unitary_metric = 0.99998
Error = :2.81e-03; Runtime: 144.3s; Iterations = 920, grads =   7.032e-04, unitary_metric = 0.99998
Error = :2.70e-03; Runtime: 147.3s; Iterations = 940, grads =   1.147e-04, unitary_metric = 0.99998
Error = :2.65e-03; Runtime: 150.4s; Iterations = 960, grads =   1.479e-05, unitary_metric = 0.99998
Error = :2.61e-03; Runtime: 153.4s; Iterations = 980, grads =   2.798e-06, unitary_metric = 0.99998
Error = :2.58e-03; Runtime: 156.5s; Iterations = 1000, grads =   2.363e-05, unitary_metric = 0.99998
Error = :2.64e-03; Runtime: 159.8s; Iterations = 1020, grads =   9.699e-04, unitary_metric = 0.99998
Error = :2.53e-03; Runtime: 162.8s; Iterations = 1040, grads =   9.354e-05, unitary_metric = 0.99998
Error = :2.49e-03; Runtime: 165.8s; Iterations = 1060, grads =   1.697e-05, unitary_metric = 0.99998
Error = :2.48e-03; Runtime: 168.9s; Iterations = 1080, grads =   8.872e-05, unitary_metric = 0.99998
Error = :2.47e-03; Runtime: 171.9s; Iterations = 1100, grads =   2.329e-04, unitary_metric = 0.99998
Error = :2.68e-03; Runtime: 175.2s; Iterations = 1120, grads =   4.248e-03, unitary_metric = 0.99998
Error = :2.49e-03; Runtime: 178.3s; Iterations = 1140, grads =   1.592e-03, unitary_metric = 0.99998
Error = :2.38e-03; Runtime: 181.3s; Iterations = 1160, grads =   2.093e-04, unitary_metric = 0.99998
Error = :2.42e-03; Runtime: 184.3s; Iterations = 1180, grads =   8.700e-04, unitary_metric = 0.99998
Error = :2.35e-03; Runtime: 187.4s; Iterations = 1200, grads =   3.783e-04, unitary_metric = 0.99998
Error = :2.30e-03; Runtime: 190.7s; Iterations = 1220, grads =   2.309e-05, unitary_metric = 0.99998
Error = :2.29e-03; Runtime: 193.8s; Iterations = 1240, grads =   9.228e-05, unitary_metric = 0.99998
Error = :2.26e-03; Runtime: 196.9s; Iterations = 1260, grads =   4.335e-05, unitary_metric = 0.99998
Error = :2.26e-03; Runtime: 199.9s; Iterations = 1280, grads =   2.639e-04, unitary_metric = 0.99998
Error = :2.24e-03; Runtime: 203.0s; Iterations = 1300, grads =   1.009e-04, unitary_metric = 0.99998
Error = :2.21e-03; Runtime: 206.4s; Iterations = 1320, grads =   7.956e-05, unitary_metric = 0.99998
Error = :2.32e-03; Runtime: 209.4s; Iterations = 1340, grads =   2.284e-03, unitary_metric = 0.99998
Error = :2.19e-03; Runtime: 212.5s; Iterations = 1360, grads =   3.541e-04, unitary_metric = 0.99998
Error = :2.20e-03; Runtime: 215.5s; Iterations = 1380, grads =   3.612e-04, unitary_metric = 0.99998
Error = :2.23e-03; Runtime: 218.5s; Iterations = 1400, grads =   1.018e-03, unitary_metric = 0.99998
Error = :2.15e-03; Runtime: 221.9s; Iterations = 1420, grads =   2.485e-04, unitary_metric = 0.99998
Error = :2.11e-03; Runtime: 224.9s; Iterations = 1440, grads =   4.589e-05, unitary_metric = 0.99998
Error = :2.09e-03; Runtime: 228.0s; Iterations = 1460, grads =   4.423e-06, unitary_metric = 0.99998
Error = :2.09e-03; Runtime: 231.0s; Iterations = 1480, grads =   6.405e-05, unitary_metric = 0.99998
Error = :2.22e-03; Runtime: 234.1s; Iterations = 1500, grads =   1.731e-03, unitary_metric = 0.99998
Error = :2.05e-03; Runtime: 237.4s; Iterations = 1520, grads =   1.063e-05, unitary_metric = 0.99998
Error = :2.04e-03; Runtime: 240.4s; Iterations = 1540, grads =   3.242e-05, unitary_metric = 0.99998
Error = :2.03e-03; Runtime: 243.5s; Iterations = 1560, grads =   3.815e-05, unitary_metric = 0.99998
Error = :2.02e-03; Runtime: 246.5s; Iterations = 1580, grads =   3.815e-06, unitary_metric = 0.99998
Error = :2.01e-03; Runtime: 249.6s; Iterations = 1600, grads =   4.047e-05, unitary_metric = 0.99998
Error = :2.06e-03; Runtime: 253.0s; Iterations = 1620, grads =   6.463e-04, unitary_metric = 0.99998
Error = :2.01e-03; Runtime: 256.0s; Iterations = 1640, grads =   3.553e-04, unitary_metric = 0.99998
Error = :1.96e-03; Runtime: 259.1s; Iterations = 1660, grads =   1.770e-06, unitary_metric = 0.99998
Error = :1.95e-03; Runtime: 262.1s; Iterations = 1680, grads =   1.225e-05, unitary_metric = 0.99998
Error = :1.94e-03; Runtime: 265.2s; Iterations = 1700, grads =   4.568e-07, unitary_metric = 0.99998
Error = :1.93e-03; Runtime: 268.5s; Iterations = 1720, grads =   1.429e-07, unitary_metric = 0.99998
Error = :1.92e-03; Runtime: 271.5s; Iterations = 1740, grads =   1.767e-07, unitary_metric = 0.99998
Error = :1.91e-03; Runtime: 274.6s; Iterations = 1760, grads =   1.766e-06, unitary_metric = 0.99998
Error = :1.93e-03; Runtime: 277.6s; Iterations = 1780, grads =   3.485e-04, unitary_metric = 0.99998
Error = :1.97e-03; Runtime: 280.7s; Iterations = 1800, grads =   8.208e-04, unitary_metric = 0.99998
Error = :1.90e-03; Runtime: 284.0s; Iterations = 1820, grads =   1.510e-04, unitary_metric = 0.99998
Error = :1.87e-03; Runtime: 287.0s; Iterations = 1840, grads =   1.524e-05, unitary_metric = 0.99998
Error = :1.86e-03; Runtime: 290.1s; Iterations = 1860, grads =   2.366e-06, unitary_metric = 0.99998
Error = :1.90e-03; Runtime: 293.1s; Iterations = 1880, grads =   7.814e-04, unitary_metric = 0.99998
Error = :1.86e-03; Runtime: 296.2s; Iterations = 1900, grads =   2.061e-04, unitary_metric = 0.99998
Error = :1.85e-03; Runtime: 299.6s; Iterations = 1920, grads =   1.401e-04, unitary_metric = 0.99998
Error = :1.83e-03; Runtime: 302.7s; Iterations = 1940, grads =   5.997e-07, unitary_metric = 0.99998
Error = :1.82e-03; Runtime: 305.7s; Iterations = 1960, grads =   1.645e-06, unitary_metric = 0.99998
Error = :1.82e-03; Runtime: 308.8s; Iterations = 1980, grads =   1.689e-05, unitary_metric = 0.99998
Error = :2.01e-03; Runtime: 311.9s; Iterations = 2000, grads =   2.272e-03, unitary_metric = 0.99998
Error = :1.82e-03; Runtime: 315.3s; Iterations = 2020, grads =   2.108e-04, unitary_metric = 0.99998
Error = :1.80e-03; Runtime: 318.3s; Iterations = 2040, grads =   6.154e-05, unitary_metric = 0.99998
Error = :1.78e-03; Runtime: 321.3s; Iterations = 2060, grads =   5.256e-06, unitary_metric = 0.99998
Error = :1.78e-03; Runtime: 324.4s; Iterations = 2080, grads =   4.495e-07, unitary_metric = 0.99998
Error = :1.77e-03; Runtime: 327.4s; Iterations = 2100, grads =   1.307e-07, unitary_metric = 0.99998
Error = :1.76e-03; Runtime: 330.8s; Iterations = 2120, grads =   7.493e-08, unitary_metric = 0.99998
Error = :1.76e-03; Runtime: 333.8s; Iterations = 2140, grads =   3.667e-06, unitary_metric = 0.99998
Error = :1.93e-03; Runtime: 336.9s; Iterations = 2160, grads =   2.876e-03, unitary_metric = 0.99998
Error = :1.78e-03; Runtime: 339.9s; Iterations = 2180, grads =   5.578e-04, unitary_metric = 0.99998
Error = :1.74e-03; Runtime: 342.9s; Iterations = 2200, grads =   2.539e-06, unitary_metric = 0.99998
Error = :1.77e-03; Runtime: 346.3s; Iterations = 2220, grads =   2.705e-04, unitary_metric = 0.99998
Error = :1.76e-03; Runtime: 349.3s; Iterations = 2240, grads =   3.409e-04, unitary_metric = 0.99998
Error = :1.73e-03; Runtime: 352.3s; Iterations = 2260, grads =   6.630e-05, unitary_metric = 0.99998
Error = :1.72e-03; Runtime: 355.4s; Iterations = 2280, grads =   3.316e-06, unitary_metric = 0.99998
Error = :1.72e-03; Runtime: 358.4s; Iterations = 2300, grads =   1.253e-07, unitary_metric = 0.99998
Error = :1.72e-03; Runtime: 361.9s; Iterations = 2320, grads =   4.426e-07, unitary_metric = 0.99998
Error = :1.71e-03; Runtime: 365.1s; Iterations = 2340, grads =   4.740e-08, unitary_metric = 0.99998
Error = :1.71e-03; Runtime: 368.1s; Iterations = 2360, grads =   4.297e-08, unitary_metric = 0.99998
Error = :1.71e-03; Runtime: 371.2s; Iterations = 2380, grads =   5.367e-08, unitary_metric = 0.99998
Error = :1.71e-03; Runtime: 374.2s; Iterations = 2400, grads =   1.581e-07, unitary_metric = 0.99998
Error = :1.71e-03; Runtime: 377.6s; Iterations = 2420, grads =   5.323e-06, unitary_metric = 0.99998
Error = :1.81e-03; Runtime: 380.6s; Iterations = 2440, grads =   1.427e-03, unitary_metric = 0.99998
Error = :1.79e-03; Runtime: 383.7s; Iterations = 2460, grads =   8.605e-04, unitary_metric = 0.99998
Error = :1.74e-03; Runtime: 386.7s; Iterations = 2480, grads =   3.697e-04, unitary_metric = 0.99998
Error = :1.70e-03; Runtime: 389.8s; Iterations = 2500, grads =   7.628e-05, unitary_metric = 0.99998
Error = :1.69e-03; Runtime: 393.2s; Iterations = 2520, grads =   1.289e-05, unitary_metric = 0.99998
Error = :1.69e-03; Runtime: 396.2s; Iterations = 2540, grads =   2.213e-05, unitary_metric = 0.99998
Error = :1.68e-03; Runtime: 399.3s; Iterations = 2560, grads =   9.413e-07, unitary_metric = 0.99998
Error = :1.67e-03; Runtime: 402.3s; Iterations = 2580, grads =   1.371e-06, unitary_metric = 0.99998
Error = :1.67e-03; Runtime: 405.3s; Iterations = 2600, grads =   1.433e-06, unitary_metric = 0.99998
Error = :1.66e-03; Runtime: 408.6s; Iterations = 2620, grads =   7.863e-07, unitary_metric = 0.99998
Error = :1.65e-03; Runtime: 411.7s; Iterations = 2640, grads =   4.001e-07, unitary_metric = 0.99998
Error = :1.64e-03; Runtime: 414.7s; Iterations = 2660, grads =   4.021e-07, unitary_metric = 0.99998
Error = :1.64e-03; Runtime: 417.8s; Iterations = 2680, grads =   3.145e-05, unitary_metric = 0.99998
Error = :1.84e-03; Runtime: 420.9s; Iterations = 2700, grads =   2.939e-03, unitary_metric = 0.99998
Error = :1.65e-03; Runtime: 424.3s; Iterations = 2720, grads =   3.664e-04, unitary_metric = 0.99998
Error = :1.62e-03; Runtime: 427.4s; Iterations = 2740, grads =   3.903e-05, unitary_metric = 0.99998
Error = :1.61e-03; Runtime: 430.4s; Iterations = 2760, grads =   6.410e-06, unitary_metric = 0.99998
Error = :1.60e-03; Runtime: 433.5s; Iterations = 2780, grads =   1.271e-05, unitary_metric = 0.99998
Error = :1.60e-03; Runtime: 436.6s; Iterations = 2800, grads =   6.535e-06, unitary_metric = 0.99998
Error = :1.59e-03; Runtime: 439.9s; Iterations = 2820, grads =   4.617e-07, unitary_metric = 0.99998
Error = :1.59e-03; Runtime: 442.9s; Iterations = 2840, grads =   3.489e-06, unitary_metric = 0.99998
Error = :1.58e-03; Runtime: 445.9s; Iterations = 2860, grads =   5.260e-07, unitary_metric = 0.99998
Error = :1.58e-03; Runtime: 449.0s; Iterations = 2880, grads =   2.401e-07, unitary_metric = 0.99998
Error = :1.57e-03; Runtime: 452.0s; Iterations = 2900, grads =   4.108e-07, unitary_metric = 0.99998
Error = :1.57e-03; Runtime: 455.3s; Iterations = 2920, grads =   2.910e-07, unitary_metric = 0.99998
Error = :1.56e-03; Runtime: 458.3s; Iterations = 2940, grads =   9.226e-06, unitary_metric = 0.99998
Error = :1.77e-03; Runtime: 461.3s; Iterations = 2960, grads =   2.642e-03, unitary_metric = 0.99998
Error = :1.57e-03; Runtime: 464.3s; Iterations = 2980, grads =   1.956e-04, unitary_metric = 0.99998
Error = :1.55e-03; Runtime: 467.3s; Iterations = 3000, grads =   5.655e-05, unitary_metric = 0.99998
Error = :1.55e-03; Runtime: 470.6s; Iterations = 3020, grads =   6.262e-05, unitary_metric = 0.99998
Error = :1.54e-03; Runtime: 473.7s; Iterations = 3040, grads =   7.165e-06, unitary_metric = 0.99998
Error = :1.53e-03; Runtime: 476.7s; Iterations = 3060, grads =   2.062e-06, unitary_metric = 0.99998
Error = :1.53e-03; Runtime: 479.8s; Iterations = 3080, grads =   7.459e-07, unitary_metric = 0.99998
Error = :1.53e-03; Runtime: 482.9s; Iterations = 3100, grads =   1.258e-07, unitary_metric = 0.99998
Error = :1.52e-03; Runtime: 486.2s; Iterations = 3120, grads =   3.012e-08, unitary_metric = 0.99998
Error = :1.52e-03; Runtime: 489.3s; Iterations = 3140, grads =   2.925e-08, unitary_metric = 0.99998
Error = :1.51e-03; Runtime: 492.3s; Iterations = 3160, grads =   3.812e-08, unitary_metric = 0.99998
Error = :1.51e-03; Runtime: 495.3s; Iterations = 3180, grads =   1.113e-07, unitary_metric = 0.99998
Error = :1.50e-03; Runtime: 498.3s; Iterations = 3200, grads =   8.357e-06, unitary_metric = 0.99998
Error = :1.58e-03; Runtime: 501.6s; Iterations = 3220, grads =   1.357e-03, unitary_metric = 0.99998
Error = :1.51e-03; Runtime: 504.7s; Iterations = 3240, grads =   1.787e-04, unitary_metric = 0.99998
Error = :1.49e-03; Runtime: 507.7s; Iterations = 3260, grads =   4.806e-05, unitary_metric = 0.99998
Error = :1.49e-03; Runtime: 510.7s; Iterations = 3280, grads =   2.885e-05, unitary_metric = 0.99998
Error = :1.49e-03; Runtime: 513.8s; Iterations = 3300, grads =   1.999e-05, unitary_metric = 0.99998
Error = :1.48e-03; Runtime: 517.1s; Iterations = 3320, grads =   1.325e-06, unitary_metric = 0.99998
Error = :1.48e-03; Runtime: 520.7s; Iterations = 3340, grads =   1.359e-07, unitary_metric = 0.99998
Error = :1.47e-03; Runtime: 523.7s; Iterations = 3360, grads =   1.075e-07, unitary_metric = 0.99998
Error = :1.47e-03; Runtime: 526.8s; Iterations = 3380, grads =   3.041e-08, unitary_metric = 0.99998
Error = :1.46e-03; Runtime: 529.8s; Iterations = 3400, grads =   2.264e-08, unitary_metric = 0.99998
Error = :1.46e-03; Runtime: 533.1s; Iterations = 3420, grads =   2.494e-08, unitary_metric = 0.99998
Error = :1.45e-03; Runtime: 536.1s; Iterations = 3440, grads =   1.304e-07, unitary_metric = 0.99998
Error = :1.45e-03; Runtime: 539.2s; Iterations = 3460, grads =   2.617e-05, unitary_metric = 0.99998
Error = :1.46e-03; Runtime: 542.2s; Iterations = 3480, grads =   1.716e-04, unitary_metric = 0.99998
Error = :1.44e-03; Runtime: 545.2s; Iterations = 3500, grads =   3.124e-06, unitary_metric = 0.99998
Error = :1.47e-03; Runtime: 548.5s; Iterations = 3520, grads =   2.868e-04, unitary_metric = 0.99998
Error = :1.46e-03; Runtime: 551.6s; Iterations = 3540, grads =   2.057e-04, unitary_metric = 0.99998
Error = :1.44e-03; Runtime: 554.6s; Iterations = 3560, grads =   2.035e-05, unitary_metric = 0.99997
Error = :1.43e-03; Runtime: 557.6s; Iterations = 3580, grads =   9.043e-07, unitary_metric = 0.99998
Error = :1.43e-03; Runtime: 560.6s; Iterations = 3600, grads =   1.193e-05, unitary_metric = 0.99998
Error = :1.43e-03; Runtime: 563.9s; Iterations = 3620, grads =   5.965e-05, unitary_metric = 0.99998
Error = :1.42e-03; Runtime: 567.0s; Iterations = 3640, grads =   2.243e-05, unitary_metric = 0.99998
Error = :1.42e-03; Runtime: 570.0s; Iterations = 3660, grads =   1.891e-05, unitary_metric = 0.99998
Error = :1.41e-03; Runtime: 573.0s; Iterations = 3680, grads =   1.925e-05, unitary_metric = 0.99998
Error = :1.41e-03; Runtime: 576.1s; Iterations = 3700, grads =   7.507e-06, unitary_metric = 0.99998
Error = :1.41e-03; Runtime: 579.5s; Iterations = 3720, grads =   2.969e-05, unitary_metric = 0.99998
Error = :1.46e-03; Runtime: 582.5s; Iterations = 3740, grads =   7.224e-04, unitary_metric = 0.99998
Error = :1.41e-03; Runtime: 585.5s; Iterations = 3760, grads =   1.196e-04, unitary_metric = 0.99998
Error = :1.40e-03; Runtime: 588.6s; Iterations = 3780, grads =   1.270e-05, unitary_metric = 0.99998
Error = :1.39e-03; Runtime: 591.6s; Iterations = 3800, grads =   5.650e-07, unitary_metric = 0.99998
Error = :1.39e-03; Runtime: 594.9s; Iterations = 3820, grads =   2.551e-07, unitary_metric = 0.99998
Error = :1.38e-03; Runtime: 597.9s; Iterations = 3840, grads =   9.745e-08, unitary_metric = 0.99998
Error = :1.38e-03; Runtime: 601.0s; Iterations = 3860, grads =   9.364e-08, unitary_metric = 0.99998
Error = :1.38e-03; Runtime: 604.0s; Iterations = 3880, grads =   3.160e-08, unitary_metric = 0.99998
Error = :1.37e-03; Runtime: 607.0s; Iterations = 3900, grads =   1.259e-07, unitary_metric = 0.99998
Error = :1.37e-03; Runtime: 610.4s; Iterations = 3920, grads =   2.150e-07, unitary_metric = 0.99998
Error = :1.37e-03; Runtime: 613.4s; Iterations = 3940, grads =   6.388e-06, unitary_metric = 0.99998
Error = :1.47e-03; Runtime: 616.4s; Iterations = 3960, grads =   1.451e-03, unitary_metric = 0.99998
Error = :1.37e-03; Runtime: 619.5s; Iterations = 3980, grads =   1.482e-04, unitary_metric = 0.99998
Error = :1.36e-03; Runtime: 622.5s; Iterations = 4000, grads =   4.051e-05, unitary_metric = 0.99998
Error = :1.36e-03; Runtime: 625.8s; Iterations = 4020, grads =   3.191e-05, unitary_metric = 0.99998
Error = :1.35e-03; Runtime: 628.8s; Iterations = 4040, grads =   1.022e-05, unitary_metric = 0.99998
Error = :1.35e-03; Runtime: 631.9s; Iterations = 4060, grads =   2.355e-06, unitary_metric = 0.99998
Error = :1.34e-03; Runtime: 634.9s; Iterations = 4080, grads =   5.930e-07, unitary_metric = 0.99998
Error = :1.34e-03; Runtime: 638.0s; Iterations = 4100, grads =   1.459e-07, unitary_metric = 0.99998
Error = :1.34e-03; Runtime: 641.3s; Iterations = 4120, grads =   2.981e-08, unitary_metric = 0.99998
Error = :1.34e-03; Runtime: 644.3s; Iterations = 4140, grads =   1.586e-08, unitary_metric = 0.99998
Error = :1.33e-03; Runtime: 647.4s; Iterations = 4160, grads =   1.594e-08, unitary_metric = 0.99998
Error = :1.33e-03; Runtime: 650.4s; Iterations = 4180, grads =   1.599e-08, unitary_metric = 0.99998
Error = :1.33e-03; Runtime: 653.4s; Iterations = 4200, grads =   2.416e-08, unitary_metric = 0.99998
Error = :1.32e-03; Runtime: 656.8s; Iterations = 4220, grads =   7.775e-07, unitary_metric = 0.99998
Error = :1.34e-03; Runtime: 659.8s; Iterations = 4240, grads =   2.750e-04, unitary_metric = 0.99998
Error = :1.32e-03; Runtime: 662.8s; Iterations = 4260, grads =   5.628e-05, unitary_metric = 0.99998
Error = :1.35e-03; Runtime: 665.9s; Iterations = 4280, grads =   4.108e-04, unitary_metric = 0.99998
Error = :1.31e-03; Runtime: 668.9s; Iterations = 4300, grads =   1.090e-06, unitary_metric = 0.99998
Error = :1.31e-03; Runtime: 672.6s; Iterations = 4320, grads =   3.356e-07, unitary_metric = 0.99998
Error = :1.31e-03; Runtime: 675.6s; Iterations = 4340, grads =   1.631e-07, unitary_metric = 0.99998
Error = :1.31e-03; Runtime: 678.6s; Iterations = 4360, grads =   1.219e-07, unitary_metric = 0.99998
Error = :1.30e-03; Runtime: 681.7s; Iterations = 4380, grads =   3.437e-08, unitary_metric = 0.99998
Error = :1.30e-03; Runtime: 684.7s; Iterations = 4400, grads =   2.845e-08, unitary_metric = 0.99998
Error = :1.30e-03; Runtime: 688.1s; Iterations = 4420, grads =   1.668e-08, unitary_metric = 0.99998
Error = :1.30e-03; Runtime: 691.2s; Iterations = 4440, grads =   1.521e-08, unitary_metric = 0.99998
Error = :1.29e-03; Runtime: 694.2s; Iterations = 4460, grads =   1.685e-08, unitary_metric = 0.99998
Error = :1.29e-03; Runtime: 697.2s; Iterations = 4480, grads =   1.658e-08, unitary_metric = 0.99998
Error = :1.29e-03; Runtime: 700.3s; Iterations = 4500, grads =   2.565e-08, unitary_metric = 0.99998
Error = :1.28e-03; Runtime: 703.7s; Iterations = 4520, grads =   3.386e-06, unitary_metric = 0.99998
Error = :1.33e-03; Runtime: 706.7s; Iterations = 4540, grads =   7.038e-04, unitary_metric = 0.99998
Error = :1.30e-03; Runtime: 709.7s; Iterations = 4560, grads =   1.822e-04, unitary_metric = 0.99998
Error = :1.28e-03; Runtime: 712.7s; Iterations = 4580, grads =   7.747e-06, unitary_metric = 0.99998
Error = :1.27e-03; Runtime: 715.8s; Iterations = 4600, grads =   4.693e-06, unitary_metric = 0.99998
Error = :1.28e-03; Runtime: 719.1s; Iterations = 4620, grads =   3.072e-05, unitary_metric = 0.99998
Error = :1.27e-03; Runtime: 722.1s; Iterations = 4640, grads =   4.193e-06, unitary_metric = 0.99998
Error = :1.27e-03; Runtime: 725.1s; Iterations = 4660, grads =   9.360e-07, unitary_metric = 0.99998
Error = :1.27e-03; Runtime: 728.1s; Iterations = 4680, grads =   2.599e-06, unitary_metric = 0.99998
Error = :1.26e-03; Runtime: 731.3s; Iterations = 4700, grads =   9.446e-07, unitary_metric = 0.99998
Error = :1.26e-03; Runtime: 734.9s; Iterations = 4720, grads =   4.231e-08, unitary_metric = 0.99998
Error = :1.26e-03; Runtime: 737.9s; Iterations = 4740, grads =   2.290e-07, unitary_metric = 0.99998
Error = :1.26e-03; Runtime: 740.9s; Iterations = 4760, grads =   2.340e-08, unitary_metric = 0.99998
Error = :1.25e-03; Runtime: 744.0s; Iterations = 4780, grads =   2.449e-07, unitary_metric = 0.99998
Error = :1.25e-03; Runtime: 747.0s; Iterations = 4800, grads =   2.448e-06, unitary_metric = 0.99998
Error = :1.26e-03; Runtime: 750.3s; Iterations = 4820, grads =   1.304e-04, unitary_metric = 0.99998
Error = :1.26e-03; Runtime: 753.4s; Iterations = 4840, grads =   1.321e-04, unitary_metric = 0.99998
Error = :1.25e-03; Runtime: 756.4s; Iterations = 4860, grads =   7.826e-05, unitary_metric = 0.99998
Error = :1.24e-03; Runtime: 759.4s; Iterations = 4880, grads =   6.159e-06, unitary_metric = 0.99998
Error = :1.24e-03; Runtime: 762.5s; Iterations = 4900, grads =   1.625e-07, unitary_metric = 0.99998
Error = :1.24e-03; Runtime: 765.8s; Iterations = 4920, grads =   1.613e-07, unitary_metric = 0.99998
Error = :1.24e-03; Runtime: 768.9s; Iterations = 4940, grads =   1.286e-07, unitary_metric = 0.99998
Error = :1.23e-03; Runtime: 772.0s; Iterations = 4960, grads =   1.776e-07, unitary_metric = 0.99998
Error = :1.23e-03; Runtime: 775.0s; Iterations = 4980, grads =   3.151e-06, unitary_metric = 0.99998
Error = :1.25e-03; Runtime: 778.0s; Iterations = 5000, grads =   2.877e-04, unitary_metric = 0.99998
Error = :1.23e-03; Runtime: 781.3s; Iterations = 5020, grads =   5.463e-07, unitary_metric = 0.99998
Error = :1.23e-03; Runtime: 784.4s; Iterations = 5040, grads =   3.030e-06, unitary_metric = 0.99998
Error = :1.23e-03; Runtime: 787.4s; Iterations = 5060, grads =   1.637e-06, unitary_metric = 0.99998
Error = :1.23e-03; Runtime: 790.5s; Iterations = 5080, grads =   1.312e-04, unitary_metric = 0.99998
Error = :1.23e-03; Runtime: 793.5s; Iterations = 5100, grads =   7.570e-05, unitary_metric = 0.99998
Error = :1.22e-03; Runtime: 796.9s; Iterations = 5120, grads =   9.698e-06, unitary_metric = 0.99998
Error = :1.22e-03; Runtime: 799.9s; Iterations = 5140, grads =   4.911e-06, unitary_metric = 0.99998
Error = :1.22e-03; Runtime: 802.9s; Iterations = 5160, grads =   9.527e-06, unitary_metric = 0.99998
Error = :1.21e-03; Runtime: 806.0s; Iterations = 5180, grads =   2.560e-06, unitary_metric = 0.99998
Error = :1.21e-03; Runtime: 809.0s; Iterations = 5200, grads =   3.426e-06, unitary_metric = 0.99998
Error = :1.23e-03; Runtime: 812.3s; Iterations = 5220, grads =   2.965e-04, unitary_metric = 0.99998
Error = :1.21e-03; Runtime: 815.4s; Iterations = 5240, grads =   1.381e-05, unitary_metric = 0.99998
Error = :1.21e-03; Runtime: 818.4s; Iterations = 5260, grads =   4.668e-07, unitary_metric = 0.99998
Error = :1.20e-03; Runtime: 821.5s; Iterations = 5280, grads =   1.995e-07, unitary_metric = 0.99998
Error = :1.20e-03; Runtime: 824.5s; Iterations = 5300, grads =   2.846e-06, unitary_metric = 0.99998
Error = :1.22e-03; Runtime: 827.9s; Iterations = 5320, grads =   1.747e-04, unitary_metric = 0.99998
Error = :1.20e-03; Runtime: 830.9s; Iterations = 5340, grads =   1.510e-06, unitary_metric = 0.99998
Error = :1.20e-03; Runtime: 833.9s; Iterations = 5360, grads =   2.894e-06, unitary_metric = 0.99998
Error = :1.20e-03; Runtime: 836.9s; Iterations = 5380, grads =   1.003e-07, unitary_metric = 0.99998
Error = :1.20e-03; Runtime: 840.0s; Iterations = 5400, grads =   8.783e-08, unitary_metric = 0.99998
Error = :1.19e-03; Runtime: 843.3s; Iterations = 5420, grads =   1.584e-07, unitary_metric = 0.99998
Error = :1.19e-03; Runtime: 846.3s; Iterations = 5440, grads =   1.417e-05, unitary_metric = 0.99998
Error = :1.19e-03; Runtime: 849.4s; Iterations = 5460, grads =   1.076e-05, unitary_metric = 0.99998
Error = :1.19e-03; Runtime: 852.4s; Iterations = 5480, grads =   7.709e-06, unitary_metric = 0.99998
Error = :1.19e-03; Runtime: 855.5s; Iterations = 5500, grads =   1.994e-06, unitary_metric = 0.99998
Error = :1.19e-03; Runtime: 858.8s; Iterations = 5520, grads =   2.131e-06, unitary_metric = 0.99998
Error = :1.21e-03; Runtime: 861.9s; Iterations = 5540, grads =   2.324e-04, unitary_metric = 0.99998
Error = :1.19e-03; Runtime: 864.9s; Iterations = 5560, grads =   3.653e-05, unitary_metric = 0.99998
Error = :1.18e-03; Runtime: 868.0s; Iterations = 5580, grads =   1.284e-05, unitary_metric = 0.99998
Error = :1.18e-03; Runtime: 871.0s; Iterations = 5600, grads =   1.103e-05, unitary_metric = 0.99998
Error = :1.18e-03; Runtime: 874.3s; Iterations = 5620, grads =   5.768e-06, unitary_metric = 0.99998
Error = :1.18e-03; Runtime: 877.3s; Iterations = 5640, grads =   2.302e-07, unitary_metric = 0.99998
Error = :1.17e-03; Runtime: 880.4s; Iterations = 5660, grads =   2.884e-07, unitary_metric = 0.99998
Error = :1.18e-03; Runtime: 883.4s; Iterations = 5680, grads =   3.625e-06, unitary_metric = 0.99998
Error = :1.18e-03; Runtime: 886.4s; Iterations = 5700, grads =   1.623e-04, unitary_metric = 0.99998
Error = :1.17e-03; Runtime: 889.8s; Iterations = 5720, grads =   8.772e-06, unitary_metric = 0.99998
Error = :1.17e-03; Runtime: 892.8s; Iterations = 5740, grads =   1.540e-08, unitary_metric = 0.99998
Error = :1.17e-03; Runtime: 895.8s; Iterations = 5760, grads =   5.849e-08, unitary_metric = 0.99998
Error = :1.17e-03; Runtime: 898.8s; Iterations = 5780, grads =   3.337e-07, unitary_metric = 0.99998
Error = :1.17e-03; Runtime: 901.9s; Iterations = 5800, grads =   3.158e-05, unitary_metric = 0.99998
Error = :1.17e-03; Runtime: 905.2s; Iterations = 5820, grads =   2.200e-05, unitary_metric = 0.99998
Error = :1.16e-03; Runtime: 908.2s; Iterations = 5840, grads =   4.969e-08, unitary_metric = 0.99998
Error = :1.16e-03; Runtime: 911.3s; Iterations = 5860, grads =   6.683e-07, unitary_metric = 0.99998
Error = :1.16e-03; Runtime: 914.3s; Iterations = 5880, grads =   2.169e-08, unitary_metric = 0.99998
Error = :1.16e-03; Runtime: 917.4s; Iterations = 5900, grads =   3.250e-08, unitary_metric = 0.99998
Error = :1.16e-03; Runtime: 920.7s; Iterations = 5920, grads =   1.385e-08, unitary_metric = 0.99998
Error = :1.16e-03; Runtime: 923.7s; Iterations = 5940, grads =   2.469e-08, unitary_metric = 0.99998
Error = :1.15e-03; Runtime: 926.7s; Iterations = 5960, grads =   2.421e-07, unitary_metric = 0.99998
Error = :1.16e-03; Runtime: 929.8s; Iterations = 5980, grads =   5.171e-05, unitary_metric = 0.99998
Error = :1.16e-03; Runtime: 932.9s; Iterations = 6000, grads =   5.321e-05, unitary_metric = 0.99998
data saved at: /project/ftchong/qoc/yongshan/00015_04_flex3regN8p8_slice_56.h5


trying total_time: 11.25 for unitary of size (16, 16)
data saved at: /project/ftchong/qoc/yongshan/00016_04_flex3regN8p8_slice_56.h5
Using 7 Taylor terms and 2 Scaling & Squaring terms
Building graph:
Propagators initialized.
Operators weight initialized.
Intermediate propagation variables initialized.
Intermediate propagators initialized.
Vectors initialized.
Training loss initialized.
Optimizer initialized.
Utilities initialized.
Graph built!
Initialized
Error = :8.77e-01; Runtime: 0.6s; Iterations = 0, grads =   1.667e-01, unitary_metric = 1.00000
Error = :6.84e-01; Runtime: 6.1s; Iterations = 20, grads =   1.991e-02, unitary_metric = 1.00001
Error = :4.45e-01; Runtime: 10.7s; Iterations = 40, grads =   2.427e-02, unitary_metric = 1.00000
Error = :3.73e-01; Runtime: 15.3s; Iterations = 60, grads =   1.479e-03, unitary_metric = 1.00000
Error = :3.72e-01; Runtime: 19.9s; Iterations = 80, grads =   3.524e-04, unitary_metric = 1.00000
Error = :3.71e-01; Runtime: 24.5s; Iterations = 100, grads =   6.738e-05, unitary_metric = 1.00000
Error = :3.67e-01; Runtime: 29.5s; Iterations = 120, grads =   7.907e-05, unitary_metric = 1.00000
Error = :3.60e-01; Runtime: 34.0s; Iterations = 140, grads =   1.311e-03, unitary_metric = 0.99999
Error = :3.59e-01; Runtime: 38.6s; Iterations = 160, grads =   6.839e-03, unitary_metric = 1.00000
Error = :3.52e-01; Runtime: 43.2s; Iterations = 180, grads =   1.159e-03, unitary_metric = 0.99999
Error = :1.56e-01; Runtime: 47.8s; Iterations = 200, grads =   6.825e-03, unitary_metric = 0.99999
Error = :9.99e-03; Runtime: 52.8s; Iterations = 220, grads =   2.140e-03, unitary_metric = 0.99999
Error = :8.62e-04; Runtime: 55.6s; Iterations = 232, grads =   4.795e-03, unitary_metric = 0.99999
data saved at: /project/ftchong/qoc/yongshan/00016_04_flex3regN8p8_slice_56.h5


trying total_time: 9.35 for unitary of size (16, 16)
data saved at: /project/ftchong/qoc/yongshan/00017_04_flex3regN8p8_slice_56.h5
Using 7 Taylor terms and 2 Scaling & Squaring terms
Building graph:
Propagators initialized.
Operators weight initialized.
Intermediate propagation variables initialized.
Intermediate propagators initialized.
Vectors initialized.
Training loss initialized.
Optimizer initialized.
Utilities initialized.
Graph built!
Initialized
Error = :8.66e-01; Runtime: 0.4s; Iterations = 0, grads =   1.040e-01, unitary_metric = 1.00000
Error = :6.96e-01; Runtime: 5.4s; Iterations = 20, grads =   6.511e-02, unitary_metric = 1.00000
Error = :4.57e-01; Runtime: 9.2s; Iterations = 40, grads =   1.423e-02, unitary_metric = 1.00000
Error = :3.73e-01; Runtime: 13.0s; Iterations = 60, grads =   3.228e-04, unitary_metric = 1.00000
Error = :3.73e-01; Runtime: 16.8s; Iterations = 80, grads =   3.288e-04, unitary_metric = 1.00000
Error = :3.72e-01; Runtime: 20.6s; Iterations = 100, grads =   1.204e-04, unitary_metric = 1.00000
Error = :3.71e-01; Runtime: 24.8s; Iterations = 120, grads =   7.985e-06, unitary_metric = 1.00000
Error = :3.65e-01; Runtime: 28.6s; Iterations = 140, grads =   5.294e-05, unitary_metric = 1.00000
Error = :3.57e-01; Runtime: 32.4s; Iterations = 160, grads =   1.255e-04, unitary_metric = 1.00000
Error = :2.28e-01; Runtime: 36.3s; Iterations = 180, grads =   2.240e-03, unitary_metric = 0.99999
Error = :8.07e-02; Runtime: 40.1s; Iterations = 200, grads =   1.287e-01, unitary_metric = 0.99999
Error = :1.67e-02; Runtime: 44.3s; Iterations = 220, grads =   2.608e-02, unitary_metric = 0.99999
Error = :2.93e-03; Runtime: 48.1s; Iterations = 240, grads =   3.384e-03, unitary_metric = 0.99999
Error = :9.26e-04; Runtime: 50.9s; Iterations = 255, grads =   3.792e-05, unitary_metric = 0.99999
data saved at: /project/ftchong/qoc/yongshan/00017_04_flex3regN8p8_slice_56.h5


trying total_time: 8.4 for unitary of size (16, 16)
data saved at: /project/ftchong/qoc/yongshan/00018_04_flex3regN8p8_slice_56.h5
Using 7 Taylor terms and 2 Scaling & Squaring terms
Building graph:
Propagators initialized.
Operators weight initialized.
Intermediate propagation variables initialized.
Intermediate propagators initialized.
Vectors initialized.
Training loss initialized.
Optimizer initialized.
Utilities initialized.
Graph built!
Initialized
Error = :8.49e-01; Runtime: 0.4s; Iterations = 0, grads =   4.067e-02, unitary_metric = 1.00000
Error = :7.14e-01; Runtime: 4.5s; Iterations = 20, grads =   3.010e-02, unitary_metric = 1.00000
Error = :6.33e-01; Runtime: 7.9s; Iterations = 40, grads =   2.262e-02, unitary_metric = 1.00000
Error = :4.29e-01; Runtime: 11.3s; Iterations = 60, grads =   7.767e-03, unitary_metric = 1.00000
Error = :3.74e-01; Runtime: 14.7s; Iterations = 80, grads =   1.211e-03, unitary_metric = 1.00000
Error = :3.72e-01; Runtime: 18.2s; Iterations = 100, grads =   4.154e-05, unitary_metric = 1.00000
Error = :3.72e-01; Runtime: 21.9s; Iterations = 120, grads =   2.477e-06, unitary_metric = 1.00000
Error = :3.71e-01; Runtime: 25.2s; Iterations = 140, grads =   8.708e-06, unitary_metric = 1.00000
Error = :3.65e-01; Runtime: 28.6s; Iterations = 160, grads =   3.631e-03, unitary_metric = 0.99999
Error = :3.57e-01; Runtime: 32.2s; Iterations = 180, grads =   2.717e-04, unitary_metric = 0.99999
Error = :2.30e-01; Runtime: 35.6s; Iterations = 200, grads =   2.623e-03, unitary_metric = 0.99999
Error = :7.96e-02; Runtime: 39.3s; Iterations = 220, grads =   2.800e-02, unitary_metric = 0.99999
Error = :1.91e-02; Runtime: 42.7s; Iterations = 240, grads =   1.864e-03, unitary_metric = 0.99999
Error = :5.91e-03; Runtime: 46.2s; Iterations = 260, grads =   9.263e-04, unitary_metric = 0.99999
Error = :2.45e-03; Runtime: 49.6s; Iterations = 280, grads =   1.896e-04, unitary_metric = 0.99999
Error = :1.23e-03; Runtime: 53.0s; Iterations = 300, grads =   1.103e-04, unitary_metric = 0.99999
Error = :9.99e-04; Runtime: 54.6s; Iterations = 307, grads =   6.662e-05, unitary_metric = 0.99999
data saved at: /project/ftchong/qoc/yongshan/00018_04_flex3regN8p8_slice_56.h5


trying total_time: 7.95 for unitary of size (16, 16)
data saved at: /project/ftchong/qoc/yongshan/00019_04_flex3regN8p8_slice_56.h5
Using 7 Taylor terms and 2 Scaling & Squaring terms
Building graph:
Propagators initialized.
Operators weight initialized.
Intermediate propagation variables initialized.
Intermediate propagators initialized.
Vectors initialized.
Training loss initialized.
Optimizer initialized.
Utilities initialized.
Graph built!
Initialized
Error = :8.56e-01; Runtime: 0.4s; Iterations = 0, grads =   3.817e-02, unitary_metric = 1.00000
Error = :7.17e-01; Runtime: 4.3s; Iterations = 20, grads =   2.381e-02, unitary_metric = 1.00000
Error = :5.20e-01; Runtime: 7.5s; Iterations = 40, grads =   9.607e-03, unitary_metric = 1.00000
Error = :3.94e-01; Runtime: 10.7s; Iterations = 60, grads =   1.086e-03, unitary_metric = 1.00000
Error = :3.72e-01; Runtime: 14.0s; Iterations = 80, grads =   1.636e-04, unitary_metric = 1.00000
Error = :3.72e-01; Runtime: 17.2s; Iterations = 100, grads =   4.485e-05, unitary_metric = 1.00000
Error = :3.72e-01; Runtime: 20.8s; Iterations = 120, grads =   2.764e-05, unitary_metric = 1.00000
Error = :3.69e-01; Runtime: 24.0s; Iterations = 140, grads =   2.238e-05, unitary_metric = 0.99999
Error = :3.62e-01; Runtime: 27.2s; Iterations = 160, grads =   3.917e-05, unitary_metric = 0.99999
Error = :3.60e-01; Runtime: 30.5s; Iterations = 180, grads =   5.330e-03, unitary_metric = 0.99999
Error = :3.56e-01; Runtime: 33.7s; Iterations = 200, grads =   1.136e-03, unitary_metric = 0.99999
Error = :2.54e-01; Runtime: 37.3s; Iterations = 220, grads =   1.851e-03, unitary_metric = 0.99999
Error = :1.15e-01; Runtime: 40.5s; Iterations = 240, grads =   1.108e-03, unitary_metric = 0.99999
Error = :3.61e-02; Runtime: 43.8s; Iterations = 260, grads =   3.968e-02, unitary_metric = 0.99999
Error = :1.22e-02; Runtime: 47.0s; Iterations = 280, grads =   5.232e-04, unitary_metric = 0.99999
Error = :6.14e-03; Runtime: 50.3s; Iterations = 300, grads =   1.577e-04, unitary_metric = 0.99999
Error = :3.73e-03; Runtime: 53.9s; Iterations = 320, grads =   2.614e-05, unitary_metric = 0.99999
Error = :2.52e-03; Runtime: 57.2s; Iterations = 340, grads =   5.615e-06, unitary_metric = 0.99999
Error = :1.81e-03; Runtime: 60.4s; Iterations = 360, grads =   4.420e-06, unitary_metric = 0.99999
Error = :1.35e-03; Runtime: 63.6s; Iterations = 380, grads =   2.033e-06, unitary_metric = 0.99999
Error = :1.04e-03; Runtime: 66.9s; Iterations = 400, grads =   1.549e-06, unitary_metric = 0.99999
Error = :9.90e-04; Runtime: 67.8s; Iterations = 404, grads =   3.787e-06, unitary_metric = 0.99999
data saved at: /project/ftchong/qoc/yongshan/00019_04_flex3regN8p8_slice_56.h5


trying total_time: 7.7 for unitary of size (16, 16)
data saved at: /project/ftchong/qoc/yongshan/00020_04_flex3regN8p8_slice_56.h5
Using 7 Taylor terms and 2 Scaling & Squaring terms
Building graph:
Propagators initialized.
Operators weight initialized.
Intermediate propagation variables initialized.
Intermediate propagators initialized.
Vectors initialized.
Training loss initialized.
Optimizer initialized.
Utilities initialized.
Graph built!
Initialized
Error = :8.40e-01; Runtime: 0.4s; Iterations = 0, grads =   5.496e-02, unitary_metric = 1.00000
Error = :7.01e-01; Runtime: 4.1s; Iterations = 20, grads =   1.913e-02, unitary_metric = 1.00000
Error = :4.89e-01; Runtime: 7.2s; Iterations = 40, grads =   7.468e-03, unitary_metric = 1.00000
Error = :3.91e-01; Runtime: 10.3s; Iterations = 60, grads =   2.939e-03, unitary_metric = 1.00000
Error = :3.72e-01; Runtime: 13.4s; Iterations = 80, grads =   3.664e-05, unitary_metric = 1.00000
Error = :3.72e-01; Runtime: 16.5s; Iterations = 100, grads =   1.699e-05, unitary_metric = 1.00000
Error = :3.70e-01; Runtime: 20.0s; Iterations = 120, grads =   6.077e-06, unitary_metric = 1.00000
Error = :3.62e-01; Runtime: 23.1s; Iterations = 140, grads =   2.639e-05, unitary_metric = 0.99999
Error = :3.57e-01; Runtime: 26.2s; Iterations = 160, grads =   4.645e-05, unitary_metric = 0.99999
Error = :2.76e-01; Runtime: 29.3s; Iterations = 180, grads =   2.407e-03, unitary_metric = 0.99999
Error = :9.97e-02; Runtime: 32.5s; Iterations = 200, grads =   1.080e-03, unitary_metric = 0.99999
Error = :4.47e-02; Runtime: 36.0s; Iterations = 220, grads =   8.391e-04, unitary_metric = 0.99999
Error = :2.30e-02; Runtime: 39.2s; Iterations = 240, grads =   9.053e-03, unitary_metric = 0.99999
Error = :1.34e-02; Runtime: 42.3s; Iterations = 260, grads =   9.718e-04, unitary_metric = 0.99998
Error = :9.09e-03; Runtime: 45.4s; Iterations = 280, grads =   5.094e-05, unitary_metric = 0.99998
Error = :6.79e-03; Runtime: 48.5s; Iterations = 300, grads =   3.051e-05, unitary_metric = 0.99998
Error = :5.42e-03; Runtime: 52.0s; Iterations = 320, grads =   2.817e-04, unitary_metric = 0.99998
Error = :4.50e-03; Runtime: 55.1s; Iterations = 340, grads =   2.251e-04, unitary_metric = 0.99999
Error = :3.86e-03; Runtime: 58.2s; Iterations = 360, grads =   3.148e-04, unitary_metric = 0.99998
Error = :3.34e-03; Runtime: 61.3s; Iterations = 380, grads =   1.208e-05, unitary_metric = 0.99999
Error = :2.96e-03; Runtime: 64.4s; Iterations = 400, grads =   2.996e-06, unitary_metric = 0.99999
Error = :2.65e-03; Runtime: 67.9s; Iterations = 420, grads =   2.127e-06, unitary_metric = 0.99999
Error = :2.40e-03; Runtime: 71.0s; Iterations = 440, grads =   1.220e-06, unitary_metric = 0.99999
Error = :2.20e-03; Runtime: 74.1s; Iterations = 460, grads =   9.584e-07, unitary_metric = 0.99999
Error = :2.03e-03; Runtime: 77.3s; Iterations = 480, grads =   7.941e-07, unitary_metric = 0.99999
Error = :1.89e-03; Runtime: 80.6s; Iterations = 500, grads =   6.777e-07, unitary_metric = 0.99999
Error = :1.78e-03; Runtime: 84.2s; Iterations = 520, grads =   6.606e-06, unitary_metric = 0.99998
Error = :1.66e-03; Runtime: 87.3s; Iterations = 540, grads =   7.258e-07, unitary_metric = 0.99999
Error = :1.56e-03; Runtime: 90.4s; Iterations = 560, grads =   1.037e-05, unitary_metric = 0.99999
Error = :1.94e-03; Runtime: 93.6s; Iterations = 580, grads =   5.416e-03, unitary_metric = 0.99999
Error = :1.58e-03; Runtime: 97.2s; Iterations = 600, grads =   2.343e-03, unitary_metric = 0.99999
Error = :1.35e-03; Runtime: 100.6s; Iterations = 620, grads =   1.646e-04, unitary_metric = 0.99999
Error = :1.28e-03; Runtime: 103.8s; Iterations = 640, grads =   2.172e-05, unitary_metric = 0.99999
Error = :1.23e-03; Runtime: 106.9s; Iterations = 660, grads =   1.089e-06, unitary_metric = 0.99999
Error = :1.18e-03; Runtime: 110.0s; Iterations = 680, grads =   7.952e-07, unitary_metric = 0.99999
Error = :1.14e-03; Runtime: 113.2s; Iterations = 700, grads =   2.544e-07, unitary_metric = 0.99999
Error = :1.10e-03; Runtime: 116.6s; Iterations = 720, grads =   2.181e-07, unitary_metric = 0.99998
Error = :1.06e-03; Runtime: 119.7s; Iterations = 740, grads =   1.952e-07, unitary_metric = 0.99998
Error = :1.03e-03; Runtime: 122.8s; Iterations = 760, grads =   1.136e-06, unitary_metric = 0.99999
Error = :1.11e-03; Runtime: 126.0s; Iterations = 780, grads =   1.901e-03, unitary_metric = 0.99999
Error = :1.67e-03; Runtime: 129.1s; Iterations = 800, grads =   8.290e-03, unitary_metric = 0.99998
Error = :9.81e-04; Runtime: 132.1s; Iterations = 817, grads =   5.560e-04, unitary_metric = 0.99999
data saved at: /project/ftchong/qoc/yongshan/00020_04_flex3regN8p8_slice_56.h5


trying total_time: 120.0 for unitary of size (4, 4)
data saved at: /project/ftchong/qoc/yongshan/00021_04_flex3regN8p8_slice_56.h5
Using 5 Taylor terms and 3 Scaling & Squaring terms
Building graph:
Propagators initialized.
Operators weight initialized.
Intermediate propagation variables initialized.
Intermediate propagators initialized.
Vectors initialized.
Training loss initialized.
Optimizer initialized.
Utilities initialized.
Graph built!
Initialized
Error = :3.13e-01; Runtime: 4.8s; Iterations = 0, grads =   5.605e+01, unitary_metric = 1.00038
Error = :8.30e-01; Runtime: 37.3s; Iterations = 20, grads =   2.173e+01, unitary_metric = 1.00011
Error = :2.30e-01; Runtime: 61.7s; Iterations = 40, grads =   4.192e+01, unitary_metric = 1.00001
Error = :1.41e-01; Runtime: 86.0s; Iterations = 60, grads =   2.624e+01, unitary_metric = 0.99997
Error = :2.52e-02; Runtime: 110.5s; Iterations = 80, grads =   4.747e+00, unitary_metric = 0.99997
Error = :1.45e-03; Runtime: 134.8s; Iterations = 100, grads =   7.328e-02, unitary_metric = 0.99999
Error = :6.55e-04; Runtime: 142.9s; Iterations = 104, grads =   2.246e-02, unitary_metric = 0.99999
data saved at: /project/ftchong/qoc/yongshan/00021_04_flex3regN8p8_slice_56.h5


trying total_time: 60.0 for unitary of size (4, 4)
data saved at: /project/ftchong/qoc/yongshan/00022_04_flex3regN8p8_slice_56.h5
Using 4 Taylor terms and 3 Scaling & Squaring terms
Building graph:
Propagators initialized.
Operators weight initialized.
Intermediate propagation variables initialized.
Intermediate propagators initialized.
Vectors initialized.
Training loss initialized.
Optimizer initialized.
Utilities initialized.
Graph built!
Initialized
Error = :8.13e-02; Runtime: 2.3s; Iterations = 0, grads =   9.689e+00, unitary_metric = 1.00010
Error = :3.27e-01; Runtime: 16.7s; Iterations = 20, grads =   2.803e+01, unitary_metric = 1.00005
Error = :3.25e-02; Runtime: 27.2s; Iterations = 40, grads =   3.862e+00, unitary_metric = 1.00004
Error = :8.92e-04; Runtime: 36.7s; Iterations = 58, grads =   1.073e-01, unitary_metric = 1.00004
data saved at: /project/ftchong/qoc/yongshan/00022_04_flex3regN8p8_slice_56.h5


trying total_time: 30.0 for unitary of size (4, 4)
data saved at: /project/ftchong/qoc/yongshan/00023_04_flex3regN8p8_slice_56.h5
Using 4 Taylor terms and 3 Scaling & Squaring terms
Building graph:
Propagators initialized.
Operators weight initialized.
Intermediate propagation variables initialized.
Intermediate propagators initialized.
Vectors initialized.
Training loss initialized.
Optimizer initialized.
Utilities initialized.
Graph built!
Initialized
Error = :7.30e-02; Runtime: 1.1s; Iterations = 0, grads =   4.474e+00, unitary_metric = 1.00005
Error = :2.92e-02; Runtime: 7.6s; Iterations = 20, grads =   1.796e+00, unitary_metric = 1.00005
Error = :8.92e-03; Runtime: 12.1s; Iterations = 40, grads =   5.586e-01, unitary_metric = 1.00005
Error = :3.01e-04; Runtime: 13.9s; Iterations = 48, grads =   2.128e-02, unitary_metric = 1.00005
data saved at: /project/ftchong/qoc/yongshan/00023_04_flex3regN8p8_slice_56.h5


trying total_time: 15.0 for unitary of size (4, 4)
data saved at: /project/ftchong/qoc/yongshan/00024_04_flex3regN8p8_slice_56.h5
Using 4 Taylor terms and 3 Scaling & Squaring terms
Building graph:
Propagators initialized.
Operators weight initialized.
Intermediate propagation variables initialized.
Intermediate propagators initialized.
Vectors initialized.
Training loss initialized.
Optimizer initialized.
Utilities initialized.
Graph built!
Initialized
Error = :2.31e-01; Runtime: 0.6s; Iterations = 0, grads =   5.632e+00, unitary_metric = 1.00002
Error = :2.57e-02; Runtime: 4.0s; Iterations = 20, grads =   8.252e-01, unitary_metric = 1.00001
Error = :4.41e-04; Runtime: 5.5s; Iterations = 32, grads =   1.218e-02, unitary_metric = 1.00001
data saved at: /project/ftchong/qoc/yongshan/00024_04_flex3regN8p8_slice_56.h5


trying total_time: 7.5 for unitary of size (4, 4)
data saved at: /project/ftchong/qoc/yongshan/00025_04_flex3regN8p8_slice_56.h5
Using 6 Taylor terms and 1 Scaling & Squaring terms
Building graph:
Propagators initialized.
Operators weight initialized.
Intermediate propagation variables initialized.
Intermediate propagators initialized.
Vectors initialized.
Training loss initialized.
Optimizer initialized.
Utilities initialized.
Graph built!
Initialized
Error = :1.24e-01; Runtime: 0.3s; Iterations = 0, grads =   1.722e+00, unitary_metric = 1.00000
Error = :2.82e-03; Runtime: 2.0s; Iterations = 20, grads =   4.422e-02, unitary_metric = 1.00000
Error = :8.52e-04; Runtime: 2.3s; Iterations = 25, grads =   1.272e-02, unitary_metric = 1.00000
data saved at: /project/ftchong/qoc/yongshan/00025_04_flex3regN8p8_slice_56.h5


trying total_time: 3.75 for unitary of size (4, 4)
data saved at: /project/ftchong/qoc/yongshan/00026_04_flex3regN8p8_slice_56.h5
Using 6 Taylor terms and 1 Scaling & Squaring terms
Building graph:
Propagators initialized.
Operators weight initialized.
Intermediate propagation variables initialized.
Intermediate propagators initialized.
Vectors initialized.
Training loss initialized.
Optimizer initialized.
Utilities initialized.
Graph built!
Initialized
Error = :1.12e-01; Runtime: 0.2s; Iterations = 0, grads =   7.959e-01, unitary_metric = 1.00000
Error = :4.69e-04; Runtime: 1.0s; Iterations = 15, grads =   2.907e-03, unitary_metric = 1.00000
data saved at: /project/ftchong/qoc/yongshan/00026_04_flex3regN8p8_slice_56.h5


trying total_time: 1.85 for unitary of size (4, 4)
data saved at: /project/ftchong/qoc/yongshan/00027_04_flex3regN8p8_slice_56.h5
Using 6 Taylor terms and 1 Scaling & Squaring terms
Building graph:
Propagators initialized.
Operators weight initialized.
Intermediate propagation variables initialized.
Intermediate propagators initialized.
Vectors initialized.
Training loss initialized.
Optimizer initialized.
Utilities initialized.
Graph built!
Initialized
Error = :1.36e-02; Runtime: 0.1s; Iterations = 0, grads =   4.145e-02, unitary_metric = 1.00000
Error = :5.05e-04; Runtime: 0.5s; Iterations = 11, grads =   4.235e-04, unitary_metric = 1.00000
data saved at: /project/ftchong/qoc/yongshan/00027_04_flex3regN8p8_slice_56.h5


trying total_time: 0.9 for unitary of size (4, 4)
data saved at: /project/ftchong/qoc/yongshan/00028_04_flex3regN8p8_slice_56.h5
Using 6 Taylor terms and 1 Scaling & Squaring terms
Building graph:
Propagators initialized.
Operators weight initialized.
Intermediate propagation variables initialized.
Intermediate propagators initialized.
Vectors initialized.
Training loss initialized.
Optimizer initialized.
Utilities initialized.
Graph built!
Initialized
Error = :1.14e-02; Runtime: 0.1s; Iterations = 0, grads =   1.855e-02, unitary_metric = 1.00000
Error = :9.97e-04; Runtime: 0.2s; Iterations = 3, grads =   1.090e-03, unitary_metric = 1.00000
data saved at: /project/ftchong/qoc/yongshan/00028_04_flex3regN8p8_slice_56.h5


trying total_time: 0.45 for unitary of size (4, 4)
data saved at: /project/ftchong/qoc/yongshan/00029_04_flex3regN8p8_slice_56.h5
Using 7 Taylor terms and 0 Scaling & Squaring terms
Building graph:
Propagators initialized.
Operators weight initialized.
Intermediate propagation variables initialized.
Intermediate propagators initialized.
Vectors initialized.
Training loss initialized.
Optimizer initialized.
Utilities initialized.
Graph built!
Initialized
Error = :2.37e-01; Runtime: 0.1s; Iterations = 0, grads =   1.441e-01, unitary_metric = 1.00000
Error = :2.07e-02; Runtime: 0.3s; Iterations = 20, grads =   1.726e-02, unitary_metric = 1.00000
Error = :7.11e-04; Runtime: 0.3s; Iterations = 29, grads =   5.960e-04, unitary_metric = 1.00000
data saved at: /project/ftchong/qoc/yongshan/00029_04_flex3regN8p8_slice_56.h5


trying total_time: 0.2 for unitary of size (4, 4)
data saved at: /project/ftchong/qoc/yongshan/00030_04_flex3regN8p8_slice_56.h5
Using 5 Taylor terms and 1 Scaling & Squaring terms
Building graph:
Propagators initialized.
Operators weight initialized.
Intermediate propagation variables initialized.
Intermediate propagators initialized.
Vectors initialized.
Training loss initialized.
Optimizer initialized.
Utilities initialized.
Graph built!
Initialized
Error = :5.26e-02; Runtime: 0.0s; Iterations = 0, grads =   1.761e-02, unitary_metric = 1.00000
Error = :4.83e-03; Runtime: 0.2s; Iterations = 20, grads =   1.725e-03, unitary_metric = 1.00000
Error = :9.05e-04; Runtime: 0.2s; Iterations = 27, grads =   3.294e-04, unitary_metric = 1.00000
data saved at: /project/ftchong/qoc/yongshan/00030_04_flex3regN8p8_slice_56.h5




[0.2, 7.7, 0.2]
TIME FOR SLICE IS:
7.7
