Running Block:  40


trying total_time: 40.0 for unitary of size (16, 16)
data saved at: /project/ftchong/qoc/pranav/00000_31_h2o_slice_40.h5
Using 5 Taylor terms and 4 Scaling & Squaring terms
Building graph:
Propagators initialized.
Operators weight initialized.
Intermediate propagation variables initialized.
Intermediate propagators initialized.
Vectors initialized.
Training loss initialized.
Optimizer initialized.
Utilities initialized.
Graph built!
Initialized
Error = :5.37e-02; Runtime: 1.4s; Iterations = 0, grads =   4.134e+00, unitary_metric = 1.00034
Error = :1.61e-01; Runtime: 19.2s; Iterations = 20, grads =   1.034e+01, unitary_metric = 1.00030
Error = :1.59e-02; Runtime: 34.6s; Iterations = 40, grads =   1.164e+00, unitary_metric = 1.00035
Error = :3.77e-03; Runtime: 49.9s; Iterations = 60, grads =   3.047e-01, unitary_metric = 1.00034
Error = :6.00e-04; Runtime: 53.0s; Iterations = 64, grads =   6.925e-02, unitary_metric = 1.00034
data saved at: /project/ftchong/qoc/pranav/00000_31_h2o_slice_40.h5


trying total_time: 20.0 for unitary of size (16, 16)
data saved at: /project/ftchong/qoc/pranav/00001_31_h2o_slice_40.h5
Using 7 Taylor terms and 2 Scaling & Squaring terms
Building graph:
Propagators initialized.
Operators weight initialized.
Intermediate propagation variables initialized.
Intermediate propagators initialized.
Vectors initialized.
Training loss initialized.
Optimizer initialized.
Utilities initialized.
Graph built!
Initialized
Error = :1.55e-01; Runtime: 0.7s; Iterations = 0, grads =   5.377e+00, unitary_metric = 1.00001
Error = :2.89e-01; Runtime: 9.4s; Iterations = 20, grads =   7.866e+00, unitary_metric = 1.00001
Error = :2.02e-02; Runtime: 17.0s; Iterations = 40, grads =   8.404e-01, unitary_metric = 1.00001
Error = :3.53e-03; Runtime: 24.5s; Iterations = 60, grads =   1.515e-01, unitary_metric = 1.00001
Error = :3.68e-04; Runtime: 27.9s; Iterations = 69, grads =   1.305e-02, unitary_metric = 1.00001
data saved at: /project/ftchong/qoc/pranav/00001_31_h2o_slice_40.h5


trying total_time: 10.0 for unitary of size (16, 16)
data saved at: /project/ftchong/qoc/pranav/00002_31_h2o_slice_40.h5
Using 7 Taylor terms and 2 Scaling & Squaring terms
Building graph:
Propagators initialized.
Operators weight initialized.
Intermediate propagation variables initialized.
Intermediate propagators initialized.
Vectors initialized.
Training loss initialized.
Optimizer initialized.
Utilities initialized.
Graph built!
Initialized
Error = :1.64e-01; Runtime: 0.4s; Iterations = 0, grads =   2.833e+00, unitary_metric = 1.00000
Error = :1.30e-02; Runtime: 4.7s; Iterations = 20, grads =   2.752e-01, unitary_metric = 1.00000
Error = :2.17e-03; Runtime: 8.4s; Iterations = 40, grads =   4.681e-02, unitary_metric = 1.00000
Error = :7.60e-04; Runtime: 8.9s; Iterations = 43, grads =   1.597e-02, unitary_metric = 1.00000
data saved at: /project/ftchong/qoc/pranav/00002_31_h2o_slice_40.h5


trying total_time: 5.0 for unitary of size (16, 16)
data saved at: /project/ftchong/qoc/pranav/00003_31_h2o_slice_40.h5
Using 7 Taylor terms and 2 Scaling & Squaring terms
Building graph:
Propagators initialized.
Operators weight initialized.
Intermediate propagation variables initialized.
Intermediate propagators initialized.
Vectors initialized.
Training loss initialized.
Optimizer initialized.
Utilities initialized.
Graph built!
Initialized
Error = :2.20e-01; Runtime: 0.2s; Iterations = 0, grads =   1.736e+00, unitary_metric = 1.00000
Error = :4.94e-03; Runtime: 2.3s; Iterations = 20, grads =   5.232e-02, unitary_metric = 1.00000
Error = :2.94e-04; Runtime: 4.0s; Iterations = 38, grads =   2.865e-03, unitary_metric = 1.00000
data saved at: /project/ftchong/qoc/pranav/00003_31_h2o_slice_40.h5


trying total_time: 2.5 for unitary of size (16, 16)
data saved at: /project/ftchong/qoc/pranav/00004_31_h2o_slice_40.h5
Using 8 Taylor terms and 1 Scaling & Squaring terms
Building graph:
Propagators initialized.
Operators weight initialized.
Intermediate propagation variables initialized.
Intermediate propagators initialized.
Vectors initialized.
Training loss initialized.
Optimizer initialized.
Utilities initialized.
Graph built!
Initialized
Error = :2.52e-01; Runtime: 0.1s; Iterations = 0, grads =   9.324e-01, unitary_metric = 1.00000
Error = :1.37e-02; Runtime: 1.3s; Iterations = 20, grads =   7.162e-02, unitary_metric = 1.00000
Error = :5.69e-04; Runtime: 1.5s; Iterations = 24, grads =   2.724e-03, unitary_metric = 1.00000
data saved at: /project/ftchong/qoc/pranav/00004_31_h2o_slice_40.h5


trying total_time: 1.25 for unitary of size (16, 16)
data saved at: /project/ftchong/qoc/pranav/00005_31_h2o_slice_40.h5
Using 6 Taylor terms and 2 Scaling & Squaring terms
Building graph:
Propagators initialized.
Operators weight initialized.
Intermediate propagation variables initialized.
Intermediate propagators initialized.
Vectors initialized.
Training loss initialized.
Optimizer initialized.
Utilities initialized.
Graph built!
Initialized
Error = :3.47e-01; Runtime: 0.1s; Iterations = 0, grads =   5.142e-01, unitary_metric = 1.00000
Error = :6.45e-03; Runtime: 0.7s; Iterations = 20, grads =   1.668e-02, unitary_metric = 1.00000
Error = :1.56e-03; Runtime: 1.1s; Iterations = 40, grads =   4.080e-03, unitary_metric = 1.00000
Error = :8.14e-04; Runtime: 1.3s; Iterations = 47, grads =   2.108e-03, unitary_metric = 1.00000
data saved at: /project/ftchong/qoc/pranav/00005_31_h2o_slice_40.h5


trying total_time: 0.6 for unitary of size (16, 16)
data saved at: /project/ftchong/qoc/pranav/00006_31_h2o_slice_40.h5
Using 6 Taylor terms and 2 Scaling & Squaring terms
Building graph:
Propagators initialized.
Operators weight initialized.
Intermediate propagation variables initialized.
Intermediate propagators initialized.
Vectors initialized.
Training loss initialized.
Optimizer initialized.
Utilities initialized.
Graph built!
Initialized
Error = :6.24e-02; Runtime: 0.1s; Iterations = 0, grads =   5.506e-02, unitary_metric = 1.00000
Error = :3.85e-03; Runtime: 0.4s; Iterations = 20, grads =   4.111e-03, unitary_metric = 1.00000
Error = :7.67e-04; Runtime: 0.5s; Iterations = 25, grads =   6.405e-04, unitary_metric = 1.00000
data saved at: /project/ftchong/qoc/pranav/00006_31_h2o_slice_40.h5


trying total_time: 0.3 for unitary of size (16, 16)
data saved at: /project/ftchong/qoc/pranav/00007_31_h2o_slice_40.h5
Using 7 Taylor terms and 1 Scaling & Squaring terms
Building graph:
Propagators initialized.
Operators weight initialized.
Intermediate propagation variables initialized.
Intermediate propagators initialized.
Vectors initialized.
Training loss initialized.
Optimizer initialized.
Utilities initialized.
Graph built!
Initialized
Error = :1.83e-01; Runtime: 0.1s; Iterations = 0, grads =   8.041e-02, unitary_metric = 1.00000
Error = :1.48e-02; Runtime: 0.3s; Iterations = 20, grads =   8.657e-03, unitary_metric = 1.00000
Error = :8.60e-04; Runtime: 0.4s; Iterations = 32, grads =   4.742e-04, unitary_metric = 1.00000
data saved at: /project/ftchong/qoc/pranav/00007_31_h2o_slice_40.h5


trying total_time: 40.0 for unitary of size (16, 16)
data saved at: /project/ftchong/qoc/pranav/00008_31_h2o_slice_40.h5
Using 5 Taylor terms and 4 Scaling & Squaring terms
Building graph:
Propagators initialized.
Operators weight initialized.
Intermediate propagation variables initialized.
Intermediate propagators initialized.
Vectors initialized.
Training loss initialized.
Optimizer initialized.
Utilities initialized.
Graph built!
Initialized
Error = :9.39e-01; Runtime: 1.4s; Iterations = 0, grads =   1.470e-02, unitary_metric = 1.00037
Error = :5.34e-01; Runtime: 19.1s; Iterations = 20, grads =   1.207e+00, unitary_metric = 1.00032
Error = :3.22e-02; Runtime: 34.6s; Iterations = 40, grads =   4.726e-01, unitary_metric = 1.00026
Error = :5.41e-03; Runtime: 50.0s; Iterations = 60, grads =   1.296e-01, unitary_metric = 1.00023
Error = :3.08e-03; Runtime: 65.4s; Iterations = 80, grads =   1.290e-01, unitary_metric = 1.00022
Error = :8.76e-04; Runtime: 69.3s; Iterations = 85, grads =   3.212e-02, unitary_metric = 1.00024
data saved at: /project/ftchong/qoc/pranav/00008_31_h2o_slice_40.h5


trying total_time: 20.0 for unitary of size (16, 16)
data saved at: /project/ftchong/qoc/pranav/00009_31_h2o_slice_40.h5
Using 7 Taylor terms and 2 Scaling & Squaring terms
Building graph:
Propagators initialized.
Operators weight initialized.
Intermediate propagation variables initialized.
Intermediate propagators initialized.
Vectors initialized.
Training loss initialized.
Optimizer initialized.
Utilities initialized.
Graph built!
Initialized
Error = :9.51e-01; Runtime: 0.6s; Iterations = 0, grads =   3.700e-02, unitary_metric = 1.00001
Error = :5.79e-01; Runtime: 9.6s; Iterations = 20, grads =   2.680e-01, unitary_metric = 1.00000
Error = :3.42e-01; Runtime: 17.2s; Iterations = 40, grads =   2.860e-02, unitary_metric = 1.00000
Error = :2.01e-02; Runtime: 24.7s; Iterations = 60, grads =   2.481e-02, unitary_metric = 0.99999
Error = :2.85e-03; Runtime: 32.3s; Iterations = 80, grads =   5.404e-03, unitary_metric = 1.00000
Error = :9.42e-04; Runtime: 36.9s; Iterations = 92, grads =   8.296e-04, unitary_metric = 1.00000
data saved at: /project/ftchong/qoc/pranav/00009_31_h2o_slice_40.h5


trying total_time: 10.0 for unitary of size (16, 16)
data saved at: /project/ftchong/qoc/pranav/00010_31_h2o_slice_40.h5
Using 7 Taylor terms and 2 Scaling & Squaring terms
Building graph:
Propagators initialized.
Operators weight initialized.
Intermediate propagation variables initialized.
Intermediate propagators initialized.
Vectors initialized.
Training loss initialized.
Optimizer initialized.
Utilities initialized.
Graph built!
Initialized
Error = :9.47e-01; Runtime: 0.4s; Iterations = 0, grads =   7.256e-03, unitary_metric = 1.00000
Error = :7.49e-01; Runtime: 4.7s; Iterations = 20, grads =   6.159e-03, unitary_metric = 1.00000
Error = :5.54e-01; Runtime: 8.3s; Iterations = 40, grads =   8.919e-03, unitary_metric = 1.00000
Error = :2.67e-01; Runtime: 12.0s; Iterations = 60, grads =   9.716e-03, unitary_metric = 0.99999
Error = :1.21e-02; Runtime: 15.6s; Iterations = 80, grads =   2.335e-03, unitary_metric = 0.99999
Error = :4.57e-03; Runtime: 19.3s; Iterations = 100, grads =   2.235e-03, unitary_metric = 0.99998
Error = :9.25e-04; Runtime: 22.4s; Iterations = 115, grads =   6.671e-04, unitary_metric = 0.99998
data saved at: /project/ftchong/qoc/pranav/00010_31_h2o_slice_40.h5


trying total_time: 5.0 for unitary of size (16, 16)
data saved at: /project/ftchong/qoc/pranav/00011_31_h2o_slice_40.h5
Using 7 Taylor terms and 2 Scaling & Squaring terms
Building graph:
Propagators initialized.
Operators weight initialized.
Intermediate propagation variables initialized.
Intermediate propagators initialized.
Vectors initialized.
Training loss initialized.
Optimizer initialized.
Utilities initialized.
Graph built!
Initialized
Error = :9.44e-01; Runtime: 0.2s; Iterations = 0, grads =   1.203e-03, unitary_metric = 1.00000
Error = :8.09e-01; Runtime: 2.3s; Iterations = 20, grads =   4.030e-03, unitary_metric = 1.00000
Error = :7.17e-01; Runtime: 4.1s; Iterations = 40, grads =   1.409e-03, unitary_metric = 0.99999
Error = :5.89e-01; Runtime: 5.9s; Iterations = 60, grads =   9.361e-04, unitary_metric = 0.99999
Error = :4.38e-01; Runtime: 7.8s; Iterations = 80, grads =   1.193e-03, unitary_metric = 0.99999
Error = :2.94e-01; Runtime: 9.6s; Iterations = 100, grads =   1.140e-03, unitary_metric = 0.99999
Error = :1.72e-01; Runtime: 11.6s; Iterations = 120, grads =   9.751e-04, unitary_metric = 0.99999
Error = :9.92e-02; Runtime: 13.4s; Iterations = 140, grads =   6.340e-03, unitary_metric = 0.99999
Error = :6.19e-02; Runtime: 15.2s; Iterations = 160, grads =   2.749e-03, unitary_metric = 0.99999
Error = :4.43e-02; Runtime: 17.0s; Iterations = 180, grads =   1.568e-04, unitary_metric = 0.99999
Error = :3.57e-02; Runtime: 18.9s; Iterations = 200, grads =   3.835e-05, unitary_metric = 0.99999
Error = :3.06e-02; Runtime: 20.9s; Iterations = 220, grads =   2.170e-05, unitary_metric = 0.99999
Error = :2.72e-02; Runtime: 22.7s; Iterations = 240, grads =   1.327e-05, unitary_metric = 0.99999
Error = :2.51e-02; Runtime: 24.5s; Iterations = 260, grads =   2.563e-03, unitary_metric = 0.99999
Error = :2.32e-02; Runtime: 26.3s; Iterations = 280, grads =   2.731e-05, unitary_metric = 0.99999
Error = :2.19e-02; Runtime: 28.1s; Iterations = 300, grads =   1.471e-05, unitary_metric = 0.99999
Error = :2.09e-02; Runtime: 30.1s; Iterations = 320, grads =   8.964e-06, unitary_metric = 0.99999
Error = :2.01e-02; Runtime: 31.9s; Iterations = 340, grads =   4.978e-06, unitary_metric = 0.99999
Error = :1.96e-02; Runtime: 33.7s; Iterations = 360, grads =   7.324e-04, unitary_metric = 0.99999
Error = :1.93e-02; Runtime: 35.6s; Iterations = 380, grads =   2.913e-03, unitary_metric = 0.99999
Error = :1.87e-02; Runtime: 37.4s; Iterations = 400, grads =   3.789e-03, unitary_metric = 0.99999
Error = :1.80e-02; Runtime: 39.3s; Iterations = 420, grads =   3.443e-04, unitary_metric = 0.99999
Error = :1.76e-02; Runtime: 41.1s; Iterations = 440, grads =   5.887e-05, unitary_metric = 0.99999
Error = :1.73e-02; Runtime: 43.0s; Iterations = 460, grads =   1.547e-06, unitary_metric = 0.99999
Error = :1.71e-02; Runtime: 44.8s; Iterations = 480, grads =   1.200e-06, unitary_metric = 0.99999
Error = :1.68e-02; Runtime: 46.6s; Iterations = 500, grads =   1.308e-06, unitary_metric = 0.99999
Error = :1.65e-02; Runtime: 48.6s; Iterations = 520, grads =   1.078e-06, unitary_metric = 0.99999
Error = :1.63e-02; Runtime: 50.5s; Iterations = 540, grads =   9.246e-07, unitary_metric = 0.99999
Error = :1.61e-02; Runtime: 52.3s; Iterations = 560, grads =   7.986e-07, unitary_metric = 0.99999
Error = :1.59e-02; Runtime: 54.1s; Iterations = 580, grads =   9.283e-07, unitary_metric = 0.99999
Error = :1.58e-02; Runtime: 55.9s; Iterations = 600, grads =   7.037e-04, unitary_metric = 0.99999
Error = :1.60e-02; Runtime: 57.9s; Iterations = 620, grads =   5.161e-03, unitary_metric = 0.99999
Error = :1.55e-02; Runtime: 59.7s; Iterations = 640, grads =   6.610e-04, unitary_metric = 0.99999
Error = :1.54e-02; Runtime: 61.5s; Iterations = 660, grads =   2.441e-04, unitary_metric = 0.99999
Error = :1.53e-02; Runtime: 63.3s; Iterations = 680, grads =   1.509e-05, unitary_metric = 0.99999
Error = :1.52e-02; Runtime: 65.1s; Iterations = 700, grads =   6.329e-06, unitary_metric = 0.99999
Error = :1.51e-02; Runtime: 67.1s; Iterations = 720, grads =   1.265e-06, unitary_metric = 0.99999
Error = :1.50e-02; Runtime: 68.9s; Iterations = 740, grads =   3.967e-07, unitary_metric = 0.99999
Error = :1.49e-02; Runtime: 70.8s; Iterations = 760, grads =   3.727e-07, unitary_metric = 0.99999
Error = :1.48e-02; Runtime: 72.6s; Iterations = 780, grads =   3.414e-07, unitary_metric = 0.99999
Error = :1.47e-02; Runtime: 74.4s; Iterations = 800, grads =   3.182e-07, unitary_metric = 0.99999
Error = :1.47e-02; Runtime: 76.4s; Iterations = 820, grads =   9.265e-07, unitary_metric = 0.99999
Error = :1.48e-02; Runtime: 78.2s; Iterations = 840, grads =   9.461e-04, unitary_metric = 0.99999
Error = :1.47e-02; Runtime: 80.0s; Iterations = 860, grads =   9.503e-04, unitary_metric = 0.99998
Error = :1.46e-02; Runtime: 81.8s; Iterations = 880, grads =   6.095e-04, unitary_metric = 0.99999
Error = :1.45e-02; Runtime: 83.7s; Iterations = 900, grads =   3.583e-05, unitary_metric = 0.99998
Error = :1.45e-02; Runtime: 85.6s; Iterations = 920, grads =   1.334e-05, unitary_metric = 0.99998
Error = :1.45e-02; Runtime: 87.4s; Iterations = 940, grads =   1.562e-06, unitary_metric = 0.99999
Error = :1.44e-02; Runtime: 89.2s; Iterations = 960, grads =   6.549e-07, unitary_metric = 0.99998
Error = :1.43e-02; Runtime: 91.1s; Iterations = 980, grads =   5.275e-07, unitary_metric = 0.99999
Error = :1.42e-02; Runtime: 92.9s; Iterations = 1000, grads =   5.078e-07, unitary_metric = 0.99999
Error = :1.41e-02; Runtime: 94.9s; Iterations = 1020, grads =   3.595e-07, unitary_metric = 0.99999
Error = :1.40e-02; Runtime: 96.7s; Iterations = 1040, grads =   2.877e-07, unitary_metric = 0.99998
Error = :1.39e-02; Runtime: 98.5s; Iterations = 1060, grads =   2.502e-07, unitary_metric = 0.99998
Error = :1.39e-02; Runtime: 100.3s; Iterations = 1080, grads =   2.788e-07, unitary_metric = 0.99999
Error = :1.38e-02; Runtime: 102.1s; Iterations = 1100, grads =   1.377e-04, unitary_metric = 0.99999
Error = :1.41e-02; Runtime: 104.1s; Iterations = 1120, grads =   3.248e-03, unitary_metric = 0.99999
Error = :1.38e-02; Runtime: 105.9s; Iterations = 1140, grads =   6.242e-04, unitary_metric = 0.99999
Error = :1.37e-02; Runtime: 107.8s; Iterations = 1160, grads =   3.921e-05, unitary_metric = 0.99999
Error = :1.36e-02; Runtime: 109.6s; Iterations = 1180, grads =   7.869e-06, unitary_metric = 0.99999
Error = :1.36e-02; Runtime: 111.4s; Iterations = 1200, grads =   8.829e-07, unitary_metric = 0.99999
Error = :1.35e-02; Runtime: 113.4s; Iterations = 1220, grads =   1.609e-07, unitary_metric = 0.99999
Error = :1.35e-02; Runtime: 115.2s; Iterations = 1240, grads =   1.377e-07, unitary_metric = 0.99999
Error = :1.35e-02; Runtime: 117.0s; Iterations = 1260, grads =   1.250e-07, unitary_metric = 0.99999
Error = :1.34e-02; Runtime: 118.8s; Iterations = 1280, grads =   1.148e-07, unitary_metric = 0.99999
Error = :1.34e-02; Runtime: 120.6s; Iterations = 1300, grads =   1.329e-06, unitary_metric = 0.99999
Error = :1.35e-02; Runtime: 122.6s; Iterations = 1320, grads =   5.259e-04, unitary_metric = 0.99999
Error = :1.33e-02; Runtime: 124.4s; Iterations = 1340, grads =   6.635e-06, unitary_metric = 0.99999
Error = :1.33e-02; Runtime: 126.2s; Iterations = 1360, grads =   1.822e-06, unitary_metric = 0.99999
Error = :1.33e-02; Runtime: 128.1s; Iterations = 1380, grads =   2.280e-04, unitary_metric = 0.99999
Error = :1.33e-02; Runtime: 129.9s; Iterations = 1400, grads =   3.489e-06, unitary_metric = 0.99999
Error = :1.32e-02; Runtime: 131.9s; Iterations = 1420, grads =   2.873e-07, unitary_metric = 0.99999
Error = :1.32e-02; Runtime: 133.7s; Iterations = 1440, grads =   4.978e-05, unitary_metric = 0.99999
Error = :1.32e-02; Runtime: 135.5s; Iterations = 1460, grads =   9.872e-05, unitary_metric = 0.99999
Error = :1.32e-02; Runtime: 137.3s; Iterations = 1480, grads =   2.480e-05, unitary_metric = 0.99999
Error = :1.32e-02; Runtime: 139.2s; Iterations = 1500, grads =   3.234e-06, unitary_metric = 0.99999
Error = :1.32e-02; Runtime: 141.1s; Iterations = 1520, grads =   2.299e-07, unitary_metric = 0.99999
Error = :1.31e-02; Runtime: 142.9s; Iterations = 1540, grads =   5.396e-05, unitary_metric = 0.99999
Error = :1.31e-02; Runtime: 144.8s; Iterations = 1560, grads =   2.755e-05, unitary_metric = 0.99999
Error = :1.31e-02; Runtime: 146.6s; Iterations = 1580, grads =   3.253e-06, unitary_metric = 0.99999
Error = :1.31e-02; Runtime: 148.4s; Iterations = 1600, grads =   1.141e-06, unitary_metric = 0.99999
Error = :1.31e-02; Runtime: 150.4s; Iterations = 1620, grads =   1.280e-07, unitary_metric = 0.99999
Error = :1.31e-02; Runtime: 152.2s; Iterations = 1640, grads =   3.768e-06, unitary_metric = 0.99999
Error = :1.32e-02; Runtime: 154.1s; Iterations = 1660, grads =   1.270e-03, unitary_metric = 0.99999
Error = :1.31e-02; Runtime: 155.9s; Iterations = 1680, grads =   1.583e-04, unitary_metric = 0.99999
Error = :1.30e-02; Runtime: 157.7s; Iterations = 1700, grads =   4.863e-06, unitary_metric = 0.99999
Error = :1.32e-02; Runtime: 159.6s; Iterations = 1720, grads =   7.659e-04, unitary_metric = 0.99999
Error = :1.30e-02; Runtime: 161.5s; Iterations = 1740, grads =   1.344e-04, unitary_metric = 0.99999
Error = :1.30e-02; Runtime: 163.3s; Iterations = 1760, grads =   3.667e-06, unitary_metric = 0.99999
Error = :1.30e-02; Runtime: 165.1s; Iterations = 1780, grads =   9.358e-07, unitary_metric = 0.99999
Error = :1.30e-02; Runtime: 166.9s; Iterations = 1800, grads =   2.386e-07, unitary_metric = 0.99999
Error = :1.30e-02; Runtime: 169.0s; Iterations = 1820, grads =   5.742e-08, unitary_metric = 0.99999
Error = :1.30e-02; Runtime: 170.8s; Iterations = 1840, grads =   3.386e-08, unitary_metric = 0.99999
Error = :1.30e-02; Runtime: 172.6s; Iterations = 1860, grads =   2.561e-07, unitary_metric = 0.99999
Error = :1.30e-02; Runtime: 174.4s; Iterations = 1880, grads =   2.022e-04, unitary_metric = 0.99999
Error = :1.30e-02; Runtime: 176.2s; Iterations = 1900, grads =   8.659e-05, unitary_metric = 0.99999
Error = :1.30e-02; Runtime: 178.2s; Iterations = 1920, grads =   4.328e-05, unitary_metric = 0.99998
Error = :1.30e-02; Runtime: 180.0s; Iterations = 1940, grads =   7.965e-08, unitary_metric = 0.99999
Error = :1.30e-02; Runtime: 181.9s; Iterations = 1960, grads =   8.699e-06, unitary_metric = 0.99999
Error = :1.30e-02; Runtime: 183.7s; Iterations = 1980, grads =   5.475e-06, unitary_metric = 0.99999
Error = :1.30e-02; Runtime: 185.5s; Iterations = 2000, grads =   3.365e-04, unitary_metric = 0.99999
Error = :1.30e-02; Runtime: 187.5s; Iterations = 2020, grads =   4.000e-05, unitary_metric = 0.99999
Error = :1.30e-02; Runtime: 189.3s; Iterations = 2040, grads =   3.498e-06, unitary_metric = 0.99999
Error = :1.30e-02; Runtime: 191.1s; Iterations = 2060, grads =   4.136e-07, unitary_metric = 0.99999
Error = :1.30e-02; Runtime: 193.0s; Iterations = 2080, grads =   1.072e-07, unitary_metric = 0.99999
Error = :1.30e-02; Runtime: 194.8s; Iterations = 2100, grads =   2.742e-08, unitary_metric = 0.99999
Error = :1.30e-02; Runtime: 196.7s; Iterations = 2120, grads =   2.062e-08, unitary_metric = 0.99999
Error = :1.30e-02; Runtime: 198.5s; Iterations = 2140, grads =   2.730e-07, unitary_metric = 0.99999
Error = :1.30e-02; Runtime: 200.4s; Iterations = 2160, grads =   1.947e-04, unitary_metric = 0.99999
Error = :1.30e-02; Runtime: 202.2s; Iterations = 2180, grads =   7.302e-05, unitary_metric = 0.99999
Error = :1.30e-02; Runtime: 204.0s; Iterations = 2200, grads =   2.782e-05, unitary_metric = 0.99999
Error = :1.31e-02; Runtime: 206.0s; Iterations = 2220, grads =   8.824e-05, unitary_metric = 0.99999
Error = :1.32e-02; Runtime: 207.8s; Iterations = 2240, grads =   3.043e-04, unitary_metric = 0.99999
Error = :1.31e-02; Runtime: 209.6s; Iterations = 2260, grads =   1.896e-05, unitary_metric = 0.99999
Error = :1.32e-02; Runtime: 211.4s; Iterations = 2280, grads =   3.462e-06, unitary_metric = 0.99999
Error = :1.32e-02; Runtime: 213.2s; Iterations = 2300, grads =   2.166e-07, unitary_metric = 0.99999
Error = :1.33e-02; Runtime: 215.2s; Iterations = 2320, grads =   2.167e-07, unitary_metric = 0.99999
Error = :1.33e-02; Runtime: 217.1s; Iterations = 2340, grads =   2.168e-07, unitary_metric = 0.99999
Error = :1.33e-02; Runtime: 218.9s; Iterations = 2360, grads =   2.020e-07, unitary_metric = 0.99999
Error = :1.33e-02; Runtime: 220.7s; Iterations = 2380, grads =   1.992e-07, unitary_metric = 0.99999
Error = :1.32e-02; Runtime: 222.5s; Iterations = 2400, grads =   1.851e-07, unitary_metric = 0.99999
Error = :1.32e-02; Runtime: 224.4s; Iterations = 2420, grads =   3.337e-07, unitary_metric = 0.99998
Error = :1.31e-02; Runtime: 226.3s; Iterations = 2440, grads =   6.090e-05, unitary_metric = 0.99999
Error = :1.31e-02; Runtime: 228.1s; Iterations = 2460, grads =   3.478e-04, unitary_metric = 0.99999
Error = :1.31e-02; Runtime: 229.9s; Iterations = 2480, grads =   4.855e-05, unitary_metric = 0.99999
Error = :1.30e-02; Runtime: 231.7s; Iterations = 2500, grads =   3.379e-06, unitary_metric = 0.99999
Error = :1.30e-02; Runtime: 233.8s; Iterations = 2520, grads =   4.477e-07, unitary_metric = 0.99999
Error = :1.30e-02; Runtime: 235.6s; Iterations = 2540, grads =   2.557e-07, unitary_metric = 0.99999
Error = :1.30e-02; Runtime: 237.4s; Iterations = 2560, grads =   7.281e-08, unitary_metric = 0.99999
Error = :1.30e-02; Runtime: 239.2s; Iterations = 2580, grads =   6.143e-08, unitary_metric = 0.99999
Error = :1.30e-02; Runtime: 241.0s; Iterations = 2600, grads =   5.850e-07, unitary_metric = 0.99999
Error = :1.30e-02; Runtime: 243.0s; Iterations = 2620, grads =   8.221e-05, unitary_metric = 0.99999
Error = :1.30e-02; Runtime: 244.8s; Iterations = 2640, grads =   1.981e-05, unitary_metric = 0.99999
Error = :1.29e-02; Runtime: 246.6s; Iterations = 2660, grads =   4.339e-06, unitary_metric = 0.99999
Error = :1.29e-02; Runtime: 248.5s; Iterations = 2680, grads =   6.275e-05, unitary_metric = 0.99999
Error = :1.30e-02; Runtime: 250.3s; Iterations = 2700, grads =   4.134e-04, unitary_metric = 0.99999
Error = :1.29e-02; Runtime: 252.3s; Iterations = 2720, grads =   1.921e-06, unitary_metric = 0.99999
Error = :1.29e-02; Runtime: 254.1s; Iterations = 2740, grads =   1.781e-06, unitary_metric = 0.99999
Error = :1.29e-02; Runtime: 255.9s; Iterations = 2760, grads =   1.141e-06, unitary_metric = 0.99999
Error = :1.29e-02; Runtime: 257.7s; Iterations = 2780, grads =   6.316e-08, unitary_metric = 0.99999
Error = :1.29e-02; Runtime: 259.5s; Iterations = 2800, grads =   5.903e-08, unitary_metric = 0.99999
Error = :1.29e-02; Runtime: 261.5s; Iterations = 2820, grads =   7.758e-07, unitary_metric = 0.99999
Error = :1.29e-02; Runtime: 263.3s; Iterations = 2840, grads =   1.635e-04, unitary_metric = 0.99999
Error = :1.29e-02; Runtime: 265.1s; Iterations = 2860, grads =   2.657e-05, unitary_metric = 0.99999
Error = :1.29e-02; Runtime: 266.9s; Iterations = 2880, grads =   7.478e-06, unitary_metric = 0.99999
Error = :1.29e-02; Runtime: 268.8s; Iterations = 2900, grads =   2.234e-04, unitary_metric = 0.99999
Error = :1.29e-02; Runtime: 270.8s; Iterations = 2920, grads =   3.806e-05, unitary_metric = 0.99998
Error = :1.29e-02; Runtime: 272.6s; Iterations = 2940, grads =   8.504e-06, unitary_metric = 0.99999
Error = :1.29e-02; Runtime: 274.5s; Iterations = 2960, grads =   8.906e-07, unitary_metric = 0.99999
Error = :1.29e-02; Runtime: 276.3s; Iterations = 2980, grads =   6.729e-08, unitary_metric = 0.99998
Error = :1.29e-02; Runtime: 278.1s; Iterations = 3000, grads =   3.029e-08, unitary_metric = 0.99999
Error = :1.29e-02; Runtime: 280.1s; Iterations = 3020, grads =   3.584e-08, unitary_metric = 0.99999
Error = :1.29e-02; Runtime: 282.0s; Iterations = 3040, grads =   5.209e-08, unitary_metric = 0.99999
Error = :1.29e-02; Runtime: 283.8s; Iterations = 3060, grads =   1.656e-06, unitary_metric = 0.99999
Error = :1.29e-02; Runtime: 285.6s; Iterations = 3080, grads =   1.228e-04, unitary_metric = 0.99999
Error = :1.29e-02; Runtime: 287.4s; Iterations = 3100, grads =   4.399e-05, unitary_metric = 0.99999
Error = :1.29e-02; Runtime: 289.4s; Iterations = 3120, grads =   3.606e-04, unitary_metric = 0.99999
Error = :1.29e-02; Runtime: 291.2s; Iterations = 3140, grads =   2.152e-05, unitary_metric = 0.99999
Error = :1.29e-02; Runtime: 293.0s; Iterations = 3160, grads =   1.155e-05, unitary_metric = 0.99999
Error = :1.29e-02; Runtime: 294.8s; Iterations = 3180, grads =   8.412e-07, unitary_metric = 0.99999
Error = :1.29e-02; Runtime: 296.6s; Iterations = 3200, grads =   6.011e-08, unitary_metric = 0.99999
Error = :1.29e-02; Runtime: 298.6s; Iterations = 3220, grads =   2.600e-08, unitary_metric = 0.99999
Error = :1.29e-02; Runtime: 300.4s; Iterations = 3240, grads =   2.523e-08, unitary_metric = 0.99999
Error = :1.29e-02; Runtime: 302.2s; Iterations = 3260, grads =   4.127e-08, unitary_metric = 0.99999
Error = :1.29e-02; Runtime: 304.1s; Iterations = 3280, grads =   4.309e-07, unitary_metric = 0.99999
Error = :1.29e-02; Runtime: 305.9s; Iterations = 3300, grads =   4.113e-05, unitary_metric = 0.99999
Error = :1.29e-02; Runtime: 307.9s; Iterations = 3320, grads =   2.029e-05, unitary_metric = 0.99998
Error = :1.29e-02; Runtime: 309.7s; Iterations = 3340, grads =   1.748e-06, unitary_metric = 0.99999
Error = :1.29e-02; Runtime: 311.5s; Iterations = 3360, grads =   4.816e-07, unitary_metric = 0.99999
Error = :1.29e-02; Runtime: 313.3s; Iterations = 3380, grads =   9.418e-05, unitary_metric = 0.99999
Error = :1.29e-02; Runtime: 315.1s; Iterations = 3400, grads =   1.420e-05, unitary_metric = 0.99999
Error = :1.29e-02; Runtime: 317.1s; Iterations = 3420, grads =   2.170e-04, unitary_metric = 0.99999
Error = :1.29e-02; Runtime: 319.0s; Iterations = 3440, grads =   1.195e-05, unitary_metric = 0.99999
Error = :1.29e-02; Runtime: 320.8s; Iterations = 3460, grads =   1.050e-05, unitary_metric = 0.99999
Error = :1.29e-02; Runtime: 322.6s; Iterations = 3480, grads =   2.913e-08, unitary_metric = 0.99999
Error = :1.28e-02; Runtime: 324.4s; Iterations = 3500, grads =   2.481e-07, unitary_metric = 0.99999
Error = :1.29e-02; Runtime: 326.3s; Iterations = 3520, grads =   5.083e-05, unitary_metric = 0.99999
Error = :1.28e-02; Runtime: 328.2s; Iterations = 3540, grads =   4.631e-06, unitary_metric = 0.99999
Error = :1.29e-02; Runtime: 330.0s; Iterations = 3560, grads =   2.185e-05, unitary_metric = 0.99999
Error = :1.28e-02; Runtime: 331.8s; Iterations = 3580, grads =   4.370e-07, unitary_metric = 0.99999
Error = :1.28e-02; Runtime: 333.6s; Iterations = 3600, grads =   4.485e-07, unitary_metric = 0.99999
Error = :1.28e-02; Runtime: 335.7s; Iterations = 3620, grads =   6.989e-07, unitary_metric = 0.99999
Error = :1.28e-02; Runtime: 337.5s; Iterations = 3640, grads =   1.619e-05, unitary_metric = 0.99999
Error = :1.28e-02; Runtime: 339.3s; Iterations = 3660, grads =   3.204e-06, unitary_metric = 0.99999
Error = :1.28e-02; Runtime: 341.2s; Iterations = 3680, grads =   8.402e-07, unitary_metric = 0.99999
Error = :1.28e-02; Runtime: 343.0s; Iterations = 3700, grads =   1.712e-07, unitary_metric = 0.99999
Error = :1.28e-02; Runtime: 345.0s; Iterations = 3720, grads =   1.083e-06, unitary_metric = 0.99999
Error = :1.29e-02; Runtime: 346.8s; Iterations = 3740, grads =   2.330e-04, unitary_metric = 0.99999
Error = :1.29e-02; Runtime: 348.6s; Iterations = 3760, grads =   1.358e-05, unitary_metric = 0.99999
Error = :1.28e-02; Runtime: 350.4s; Iterations = 3780, grads =   3.522e-06, unitary_metric = 0.99999
Error = :1.29e-02; Runtime: 352.2s; Iterations = 3800, grads =   5.846e-05, unitary_metric = 0.99999
Error = :1.28e-02; Runtime: 354.3s; Iterations = 3820, grads =   7.716e-07, unitary_metric = 0.99999
Error = :1.28e-02; Runtime: 356.1s; Iterations = 3840, grads =   4.368e-07, unitary_metric = 0.99999
Error = :1.28e-02; Runtime: 357.9s; Iterations = 3860, grads =   2.681e-07, unitary_metric = 0.99999
Error = :1.29e-02; Runtime: 359.7s; Iterations = 3880, grads =   1.288e-05, unitary_metric = 0.99999
Error = :1.29e-02; Runtime: 361.5s; Iterations = 3900, grads =   1.230e-05, unitary_metric = 0.99999
Error = :1.28e-02; Runtime: 363.5s; Iterations = 3920, grads =   6.568e-07, unitary_metric = 0.99999
Error = :1.28e-02; Runtime: 365.4s; Iterations = 3940, grads =   3.923e-07, unitary_metric = 0.99999
Error = :1.28e-02; Runtime: 367.2s; Iterations = 3960, grads =   8.725e-08, unitary_metric = 0.99999
Error = :1.28e-02; Runtime: 369.0s; Iterations = 3980, grads =   1.860e-06, unitary_metric = 0.99999
Error = :1.29e-02; Runtime: 370.8s; Iterations = 4000, grads =   2.535e-04, unitary_metric = 0.99999
Error = :1.29e-02; Runtime: 372.8s; Iterations = 4020, grads =   5.148e-06, unitary_metric = 0.99999
Error = :1.29e-02; Runtime: 374.6s; Iterations = 4040, grads =   1.365e-05, unitary_metric = 0.99999
Error = :1.29e-02; Runtime: 376.4s; Iterations = 4060, grads =   3.044e-06, unitary_metric = 0.99999
Error = :1.28e-02; Runtime: 378.2s; Iterations = 4080, grads =   7.582e-07, unitary_metric = 0.99999
Error = :1.29e-02; Runtime: 380.0s; Iterations = 4100, grads =   9.990e-07, unitary_metric = 0.99999
Error = :1.29e-02; Runtime: 382.1s; Iterations = 4120, grads =   2.979e-07, unitary_metric = 0.99999
Error = :1.29e-02; Runtime: 383.9s; Iterations = 4140, grads =   2.942e-08, unitary_metric = 0.99999
Error = :1.29e-02; Runtime: 385.7s; Iterations = 4160, grads =   6.246e-08, unitary_metric = 0.99999
Error = :1.29e-02; Runtime: 387.5s; Iterations = 4180, grads =   2.959e-08, unitary_metric = 0.99999
Error = :1.29e-02; Runtime: 389.3s; Iterations = 4200, grads =   4.689e-07, unitary_metric = 0.99999
Error = :1.29e-02; Runtime: 391.3s; Iterations = 4220, grads =   2.684e-05, unitary_metric = 0.99999
Error = :1.29e-02; Runtime: 393.1s; Iterations = 4240, grads =   6.617e-05, unitary_metric = 0.99999
Error = :1.29e-02; Runtime: 395.1s; Iterations = 4260, grads =   1.191e-05, unitary_metric = 0.99999
Error = :1.29e-02; Runtime: 396.9s; Iterations = 4280, grads =   1.643e-05, unitary_metric = 0.99999
Error = :1.29e-02; Runtime: 398.7s; Iterations = 4300, grads =   4.081e-06, unitary_metric = 0.99999
Error = :1.29e-02; Runtime: 400.7s; Iterations = 4320, grads =   2.574e-08, unitary_metric = 0.99999
Error = :1.29e-02; Runtime: 402.5s; Iterations = 4340, grads =   7.448e-08, unitary_metric = 0.99999
Error = :1.29e-02; Runtime: 404.4s; Iterations = 4360, grads =   2.158e-08, unitary_metric = 0.99999
Error = :1.29e-02; Runtime: 406.2s; Iterations = 4380, grads =   1.204e-08, unitary_metric = 0.99999
Error = :1.29e-02; Runtime: 408.0s; Iterations = 4400, grads =   2.072e-08, unitary_metric = 0.99999
Error = :1.29e-02; Runtime: 410.0s; Iterations = 4420, grads =   5.380e-07, unitary_metric = 0.99999
Error = :1.29e-02; Runtime: 411.8s; Iterations = 4440, grads =   4.153e-05, unitary_metric = 0.99999
Error = :1.29e-02; Runtime: 413.6s; Iterations = 4460, grads =   3.041e-05, unitary_metric = 0.99999
Error = :1.29e-02; Runtime: 415.4s; Iterations = 4480, grads =   3.278e-06, unitary_metric = 0.99999
Error = :1.29e-02; Runtime: 417.2s; Iterations = 4500, grads =   1.934e-07, unitary_metric = 0.99999
Error = :1.29e-02; Runtime: 419.2s; Iterations = 4520, grads =   1.450e-07, unitary_metric = 0.99999
Error = :1.29e-02; Runtime: 421.1s; Iterations = 4540, grads =   2.924e-08, unitary_metric = 0.99999
Error = :1.29e-02; Runtime: 422.9s; Iterations = 4560, grads =   1.672e-08, unitary_metric = 0.99999
Error = :1.29e-02; Runtime: 424.7s; Iterations = 4580, grads =   1.115e-08, unitary_metric = 0.99999
Error = :1.29e-02; Runtime: 426.5s; Iterations = 4600, grads =   1.885e-08, unitary_metric = 0.99999
Error = :1.29e-02; Runtime: 428.4s; Iterations = 4620, grads =   4.632e-07, unitary_metric = 0.99999
Error = :1.29e-02; Runtime: 430.3s; Iterations = 4640, grads =   2.161e-05, unitary_metric = 0.99999
Error = :1.29e-02; Runtime: 432.1s; Iterations = 4660, grads =   4.663e-06, unitary_metric = 0.99999
Error = :1.29e-02; Runtime: 433.9s; Iterations = 4680, grads =   5.684e-05, unitary_metric = 0.99999
Error = :1.29e-02; Runtime: 435.7s; Iterations = 4700, grads =   1.017e-05, unitary_metric = 0.99999
Error = :1.29e-02; Runtime: 437.7s; Iterations = 4720, grads =   2.960e-05, unitary_metric = 0.99999
Error = :1.29e-02; Runtime: 439.6s; Iterations = 4740, grads =   1.662e-06, unitary_metric = 0.99999
Error = :1.29e-02; Runtime: 441.4s; Iterations = 4760, grads =   6.098e-07, unitary_metric = 0.99999
Error = :1.29e-02; Runtime: 443.2s; Iterations = 4780, grads =   1.883e-08, unitary_metric = 0.99999
Error = :1.29e-02; Runtime: 445.1s; Iterations = 4800, grads =   2.547e-08, unitary_metric = 0.99999
Error = :1.29e-02; Runtime: 447.0s; Iterations = 4820, grads =   3.209e-08, unitary_metric = 0.99999
Error = :1.29e-02; Runtime: 448.8s; Iterations = 4840, grads =   1.557e-06, unitary_metric = 0.99999
Error = :1.30e-02; Runtime: 450.7s; Iterations = 4860, grads =   5.730e-07, unitary_metric = 0.99999
Error = :1.30e-02; Runtime: 452.5s; Iterations = 4880, grads =   3.190e-06, unitary_metric = 0.99999
Error = :1.30e-02; Runtime: 454.3s; Iterations = 4900, grads =   1.311e-06, unitary_metric = 0.99999
Error = :1.30e-02; Runtime: 456.3s; Iterations = 4920, grads =   6.334e-05, unitary_metric = 0.99999
Error = :1.30e-02; Runtime: 458.1s; Iterations = 4940, grads =   3.958e-05, unitary_metric = 0.99999
Error = :1.30e-02; Runtime: 459.9s; Iterations = 4960, grads =   3.369e-06, unitary_metric = 0.99999
Error = :1.30e-02; Runtime: 461.7s; Iterations = 4980, grads =   2.764e-07, unitary_metric = 0.99999
Error = :1.30e-02; Runtime: 463.6s; Iterations = 5000, grads =   1.176e-07, unitary_metric = 0.99999
Error = :1.30e-02; Runtime: 465.6s; Iterations = 5020, grads =   8.407e-08, unitary_metric = 0.99999
Error = :1.30e-02; Runtime: 467.4s; Iterations = 5040, grads =   7.324e-08, unitary_metric = 0.99999
Error = :1.30e-02; Runtime: 469.2s; Iterations = 5060, grads =   1.089e-07, unitary_metric = 0.99999
Error = :1.30e-02; Runtime: 471.0s; Iterations = 5080, grads =   9.718e-06, unitary_metric = 0.99999
Error = :1.30e-02; Runtime: 472.8s; Iterations = 5100, grads =   8.691e-06, unitary_metric = 0.99999
Error = :1.30e-02; Runtime: 474.8s; Iterations = 5120, grads =   1.138e-06, unitary_metric = 0.99999
Error = :1.30e-02; Runtime: 476.6s; Iterations = 5140, grads =   3.959e-07, unitary_metric = 0.99999
Error = :1.30e-02; Runtime: 478.5s; Iterations = 5160, grads =   2.780e-05, unitary_metric = 0.99999
Error = :1.30e-02; Runtime: 480.3s; Iterations = 5180, grads =   6.042e-08, unitary_metric = 0.99999
Error = :1.30e-02; Runtime: 482.1s; Iterations = 5200, grads =   3.928e-06, unitary_metric = 0.99999
Error = :1.30e-02; Runtime: 484.1s; Iterations = 5220, grads =   9.465e-07, unitary_metric = 0.99999
Error = :1.30e-02; Runtime: 485.9s; Iterations = 5240, grads =   2.956e-07, unitary_metric = 0.99999
Error = :1.30e-02; Runtime: 487.7s; Iterations = 5260, grads =   2.698e-07, unitary_metric = 0.99999
Error = :1.30e-02; Runtime: 489.5s; Iterations = 5280, grads =   6.464e-08, unitary_metric = 0.99999
Error = :1.30e-02; Runtime: 491.4s; Iterations = 5300, grads =   1.405e-07, unitary_metric = 0.99999
Error = :1.30e-02; Runtime: 493.3s; Iterations = 5320, grads =   1.082e-05, unitary_metric = 0.99999
Error = :1.30e-02; Runtime: 495.2s; Iterations = 5340, grads =   4.606e-06, unitary_metric = 0.99999
Error = :1.30e-02; Runtime: 497.0s; Iterations = 5360, grads =   3.276e-07, unitary_metric = 0.99999
Error = :1.30e-02; Runtime: 498.8s; Iterations = 5380, grads =   1.193e-06, unitary_metric = 0.99998
Error = :1.30e-02; Runtime: 500.6s; Iterations = 5400, grads =   5.160e-06, unitary_metric = 0.99999
Error = :1.30e-02; Runtime: 502.5s; Iterations = 5420, grads =   1.630e-06, unitary_metric = 0.99999
Error = :1.30e-02; Runtime: 504.4s; Iterations = 5440, grads =   2.153e-07, unitary_metric = 0.99999
Error = :1.30e-02; Runtime: 506.2s; Iterations = 5460, grads =   1.086e-07, unitary_metric = 0.99999
Error = :1.30e-02; Runtime: 508.0s; Iterations = 5480, grads =   1.671e-05, unitary_metric = 0.99999
Error = :1.30e-02; Runtime: 509.9s; Iterations = 5500, grads =   2.000e-05, unitary_metric = 0.99999
Error = :1.30e-02; Runtime: 511.8s; Iterations = 5520, grads =   4.743e-06, unitary_metric = 0.99999
Error = :1.30e-02; Runtime: 513.6s; Iterations = 5540, grads =   1.686e-06, unitary_metric = 0.99999
Error = :1.30e-02; Runtime: 515.5s; Iterations = 5560, grads =   1.342e-08, unitary_metric = 0.99999
Error = :1.30e-02; Runtime: 517.3s; Iterations = 5580, grads =   7.525e-08, unitary_metric = 0.99999
Error = :1.30e-02; Runtime: 519.1s; Iterations = 5600, grads =   6.407e-07, unitary_metric = 0.99999
Error = :1.30e-02; Runtime: 521.1s; Iterations = 5620, grads =   1.178e-05, unitary_metric = 0.99999
Error = :1.30e-02; Runtime: 522.9s; Iterations = 5640, grads =   1.886e-06, unitary_metric = 0.99999
Error = :1.30e-02; Runtime: 524.7s; Iterations = 5660, grads =   2.041e-07, unitary_metric = 0.99999
Error = :1.30e-02; Runtime: 526.5s; Iterations = 5680, grads =   1.465e-08, unitary_metric = 0.99999
Error = :1.30e-02; Runtime: 528.4s; Iterations = 5700, grads =   9.454e-08, unitary_metric = 0.99999
Error = :1.30e-02; Runtime: 530.3s; Iterations = 5720, grads =   1.029e-05, unitary_metric = 0.99999
Error = :1.30e-02; Runtime: 532.2s; Iterations = 5740, grads =   1.144e-05, unitary_metric = 0.99999
Error = :1.30e-02; Runtime: 534.0s; Iterations = 5760, grads =   1.468e-05, unitary_metric = 0.99999
Error = :1.30e-02; Runtime: 535.8s; Iterations = 5780, grads =   5.277e-07, unitary_metric = 0.99999
Error = :1.30e-02; Runtime: 537.6s; Iterations = 5800, grads =   3.339e-07, unitary_metric = 0.99999
Error = :1.30e-02; Runtime: 539.6s; Iterations = 5820, grads =   2.381e-07, unitary_metric = 0.99999
Error = :1.30e-02; Runtime: 541.4s; Iterations = 5840, grads =   1.367e-05, unitary_metric = 0.99999
Error = :1.30e-02; Runtime: 543.3s; Iterations = 5860, grads =   7.026e-07, unitary_metric = 0.99999
Error = :1.30e-02; Runtime: 545.1s; Iterations = 5880, grads =   3.617e-07, unitary_metric = 0.99999
Error = :1.30e-02; Runtime: 546.9s; Iterations = 5900, grads =   2.460e-08, unitary_metric = 0.99999
Error = :1.30e-02; Runtime: 548.9s; Iterations = 5920, grads =   1.751e-07, unitary_metric = 0.99999
Error = :1.30e-02; Runtime: 550.7s; Iterations = 5940, grads =   7.609e-06, unitary_metric = 0.99999
Error = :1.30e-02; Runtime: 552.5s; Iterations = 5960, grads =   5.784e-07, unitary_metric = 0.99999
Error = :1.30e-02; Runtime: 554.3s; Iterations = 5980, grads =   7.490e-06, unitary_metric = 0.99999
Error = :1.30e-02; Runtime: 556.1s; Iterations = 6000, grads =   3.116e-06, unitary_metric = 0.99999
data saved at: /project/ftchong/qoc/pranav/00011_31_h2o_slice_40.h5


trying total_time: 7.5 for unitary of size (16, 16)
data saved at: /project/ftchong/qoc/pranav/00012_31_h2o_slice_40.h5
Using 7 Taylor terms and 2 Scaling & Squaring terms
Building graph:
Propagators initialized.
Operators weight initialized.
Intermediate propagation variables initialized.
Intermediate propagators initialized.
Vectors initialized.
Training loss initialized.
Optimizer initialized.
Utilities initialized.
Graph built!
Initialized
Error = :9.61e-01; Runtime: 0.3s; Iterations = 0, grads =   1.380e-02, unitary_metric = 1.00000
Error = :7.39e-01; Runtime: 3.5s; Iterations = 20, grads =   8.299e-03, unitary_metric = 1.00000
Error = :5.78e-01; Runtime: 6.2s; Iterations = 40, grads =   5.585e-03, unitary_metric = 0.99999
Error = :4.74e-01; Runtime: 9.0s; Iterations = 60, grads =   1.853e-03, unitary_metric = 0.99999
Error = :1.89e-01; Runtime: 11.7s; Iterations = 80, grads =   6.061e-03, unitary_metric = 0.99999
Error = :1.45e-02; Runtime: 14.4s; Iterations = 100, grads =   6.106e-03, unitary_metric = 0.99999
Error = :8.93e-04; Runtime: 16.8s; Iterations = 115, grads =   3.574e-04, unitary_metric = 0.99999
data saved at: /project/ftchong/qoc/pranav/00012_31_h2o_slice_40.h5


trying total_time: 6.25 for unitary of size (16, 16)
data saved at: /project/ftchong/qoc/pranav/00013_31_h2o_slice_40.h5
Using 7 Taylor terms and 2 Scaling & Squaring terms
Building graph:
Propagators initialized.
Operators weight initialized.
Intermediate propagation variables initialized.
Intermediate propagators initialized.
Vectors initialized.
Training loss initialized.
Optimizer initialized.
Utilities initialized.
Graph built!
Initialized
Error = :9.44e-01; Runtime: 0.2s; Iterations = 0, grads =   6.107e-03, unitary_metric = 1.00000
Error = :7.52e-01; Runtime: 2.9s; Iterations = 20, grads =   4.292e-03, unitary_metric = 0.99999
Error = :6.27e-01; Runtime: 5.2s; Iterations = 40, grads =   2.232e-03, unitary_metric = 1.00000
Error = :4.89e-01; Runtime: 7.4s; Iterations = 60, grads =   1.314e-03, unitary_metric = 0.99999
Error = :2.75e-01; Runtime: 9.7s; Iterations = 80, grads =   2.222e-03, unitary_metric = 0.99999
Error = :7.05e-02; Runtime: 12.0s; Iterations = 100, grads =   6.772e-03, unitary_metric = 0.99999
Error = :1.19e-02; Runtime: 14.4s; Iterations = 120, grads =   1.229e-03, unitary_metric = 0.99999
Error = :2.29e-03; Runtime: 16.7s; Iterations = 140, grads =   1.824e-04, unitary_metric = 0.99999
Error = :9.87e-04; Runtime: 18.1s; Iterations = 152, grads =   1.516e-05, unitary_metric = 0.99999
data saved at: /project/ftchong/qoc/pranav/00013_31_h2o_slice_40.h5


trying total_time: 5.6 for unitary of size (16, 16)
data saved at: /project/ftchong/qoc/pranav/00014_31_h2o_slice_40.h5
Using 7 Taylor terms and 2 Scaling & Squaring terms
Building graph:
Propagators initialized.
Operators weight initialized.
Intermediate propagation variables initialized.
Intermediate propagators initialized.
Vectors initialized.
Training loss initialized.
Optimizer initialized.
Utilities initialized.
Graph built!
Initialized
Error = :9.45e-01; Runtime: 0.2s; Iterations = 0, grads =   1.703e-03, unitary_metric = 1.00000
Error = :7.79e-01; Runtime: 2.6s; Iterations = 20, grads =   3.194e-03, unitary_metric = 1.00000
Error = :6.64e-01; Runtime: 4.7s; Iterations = 40, grads =   2.127e-03, unitary_metric = 0.99999
Error = :5.44e-01; Runtime: 6.7s; Iterations = 60, grads =   7.286e-04, unitary_metric = 0.99999
Error = :3.97e-01; Runtime: 8.7s; Iterations = 80, grads =   1.765e-03, unitary_metric = 0.99999
Error = :2.07e-01; Runtime: 10.7s; Iterations = 100, grads =   2.710e-03, unitary_metric = 0.99999
Error = :8.29e-02; Runtime: 13.0s; Iterations = 120, grads =   5.463e-04, unitary_metric = 0.99999
Error = :3.36e-02; Runtime: 15.0s; Iterations = 140, grads =   2.790e-04, unitary_metric = 0.99999
Error = :1.64e-02; Runtime: 17.1s; Iterations = 160, grads =   5.428e-03, unitary_metric = 0.99999
Error = :8.91e-03; Runtime: 19.1s; Iterations = 180, grads =   6.903e-04, unitary_metric = 0.99999
Error = :5.68e-03; Runtime: 21.1s; Iterations = 200, grads =   3.152e-05, unitary_metric = 0.99999
Error = :3.97e-03; Runtime: 23.4s; Iterations = 220, grads =   2.019e-05, unitary_metric = 0.99999
Error = :2.96e-03; Runtime: 25.4s; Iterations = 240, grads =   1.803e-04, unitary_metric = 0.99999
Error = :2.32e-03; Runtime: 27.4s; Iterations = 260, grads =   6.802e-04, unitary_metric = 0.99999
Error = :1.82e-03; Runtime: 29.5s; Iterations = 280, grads =   2.185e-04, unitary_metric = 0.99999
Error = :1.48e-03; Runtime: 31.6s; Iterations = 300, grads =   1.032e-04, unitary_metric = 0.99999
Error = :1.21e-03; Runtime: 33.8s; Iterations = 320, grads =   3.030e-05, unitary_metric = 0.99999
Error = :1.18e-03; Runtime: 35.8s; Iterations = 340, grads =   1.962e-03, unitary_metric = 0.99999
Error = :9.80e-04; Runtime: 36.5s; Iterations = 347, grads =   2.597e-04, unitary_metric = 0.99999
data saved at: /project/ftchong/qoc/pranav/00014_31_h2o_slice_40.h5


trying total_time: 5.3 for unitary of size (16, 16)
data saved at: /project/ftchong/qoc/pranav/00015_31_h2o_slice_40.h5
Using 7 Taylor terms and 2 Scaling & Squaring terms
Building graph:
Propagators initialized.
Operators weight initialized.
Intermediate propagation variables initialized.
Intermediate propagators initialized.
Vectors initialized.
Training loss initialized.
Optimizer initialized.
Utilities initialized.
Graph built!
Initialized
Error = :9.45e-01; Runtime: 0.2s; Iterations = 0, grads =   5.771e-03, unitary_metric = 1.00000
Error = :8.03e-01; Runtime: 2.5s; Iterations = 20, grads =   1.973e-03, unitary_metric = 1.00000
Error = :7.04e-01; Runtime: 4.5s; Iterations = 40, grads =   1.386e-03, unitary_metric = 0.99999
Error = :5.44e-01; Runtime: 6.4s; Iterations = 60, grads =   7.531e-04, unitary_metric = 0.99999
Error = :4.66e-01; Runtime: 8.3s; Iterations = 80, grads =   6.111e-04, unitary_metric = 0.99999
Error = :3.43e-01; Runtime: 10.2s; Iterations = 100, grads =   1.486e-03, unitary_metric = 0.99999
Error = :1.58e-01; Runtime: 12.4s; Iterations = 120, grads =   8.808e-04, unitary_metric = 0.99999
Error = :6.21e-02; Runtime: 14.3s; Iterations = 140, grads =   1.265e-03, unitary_metric = 0.99999
Error = :3.31e-02; Runtime: 16.2s; Iterations = 160, grads =   7.784e-05, unitary_metric = 0.99999
Error = :2.21e-02; Runtime: 18.2s; Iterations = 180, grads =   1.138e-04, unitary_metric = 0.99999
Error = :1.70e-02; Runtime: 20.1s; Iterations = 200, grads =   3.550e-03, unitary_metric = 0.99999
Error = :1.31e-02; Runtime: 22.2s; Iterations = 220, grads =   6.671e-05, unitary_metric = 0.99999
Error = :1.07e-02; Runtime: 24.2s; Iterations = 240, grads =   1.378e-05, unitary_metric = 0.99999
Error = :9.12e-03; Runtime: 26.1s; Iterations = 260, grads =   8.348e-06, unitary_metric = 0.99999
Error = :7.92e-03; Runtime: 28.0s; Iterations = 280, grads =   4.988e-06, unitary_metric = 0.99999
Error = :7.01e-03; Runtime: 30.0s; Iterations = 300, grads =   3.414e-06, unitary_metric = 0.99999
Error = :6.30e-03; Runtime: 32.1s; Iterations = 320, grads =   2.641e-06, unitary_metric = 0.99999
Error = :5.74e-03; Runtime: 34.0s; Iterations = 340, grads =   2.093e-06, unitary_metric = 0.99999
Error = :5.29e-03; Runtime: 35.9s; Iterations = 360, grads =   2.017e-06, unitary_metric = 0.99999
Error = :4.91e-03; Runtime: 37.9s; Iterations = 380, grads =   3.008e-06, unitary_metric = 0.99999
Error = :4.62e-03; Runtime: 39.8s; Iterations = 400, grads =   1.913e-04, unitary_metric = 0.99999
Error = :4.40e-03; Runtime: 41.9s; Iterations = 420, grads =   5.659e-04, unitary_metric = 0.99999
Error = :4.19e-03; Runtime: 43.9s; Iterations = 440, grads =   4.752e-04, unitary_metric = 0.99999
Error = :4.00e-03; Runtime: 45.8s; Iterations = 460, grads =   4.394e-04, unitary_metric = 0.99999
Error = :3.77e-03; Runtime: 47.7s; Iterations = 480, grads =   2.349e-05, unitary_metric = 0.99999
Error = :3.63e-03; Runtime: 49.6s; Iterations = 500, grads =   1.099e-05, unitary_metric = 0.99999
Error = :3.49e-03; Runtime: 51.7s; Iterations = 520, grads =   2.207e-06, unitary_metric = 0.99999
Error = :3.37e-03; Runtime: 53.7s; Iterations = 540, grads =   6.366e-07, unitary_metric = 0.99999
Error = :3.27e-03; Runtime: 55.6s; Iterations = 560, grads =   3.724e-07, unitary_metric = 0.99999
Error = :3.17e-03; Runtime: 57.6s; Iterations = 580, grads =   3.835e-07, unitary_metric = 0.99999
Error = :3.24e-03; Runtime: 59.5s; Iterations = 600, grads =   1.778e-03, unitary_metric = 0.99999
Error = :3.12e-03; Runtime: 61.6s; Iterations = 620, grads =   1.288e-03, unitary_metric = 0.99999
Error = :2.95e-03; Runtime: 63.5s; Iterations = 640, grads =   9.355e-05, unitary_metric = 0.99999
Error = :2.88e-03; Runtime: 65.5s; Iterations = 660, grads =   9.412e-06, unitary_metric = 0.99999
Error = :2.82e-03; Runtime: 67.4s; Iterations = 680, grads =   5.566e-06, unitary_metric = 0.99999
Error = :2.77e-03; Runtime: 69.4s; Iterations = 700, grads =   1.624e-06, unitary_metric = 0.99999
Error = :2.72e-03; Runtime: 71.5s; Iterations = 720, grads =   3.512e-07, unitary_metric = 0.99999
Error = :2.68e-03; Runtime: 73.4s; Iterations = 740, grads =   1.645e-07, unitary_metric = 0.99999
Error = :2.64e-03; Runtime: 75.3s; Iterations = 760, grads =   1.505e-07, unitary_metric = 0.99999
Error = :2.60e-03; Runtime: 77.3s; Iterations = 780, grads =   1.531e-05, unitary_metric = 0.99999
Error = :2.63e-03; Runtime: 79.2s; Iterations = 800, grads =   4.883e-04, unitary_metric = 0.99999
Error = :2.54e-03; Runtime: 81.3s; Iterations = 820, grads =   5.994e-05, unitary_metric = 0.99999
Error = :2.50e-03; Runtime: 83.3s; Iterations = 840, grads =   2.483e-06, unitary_metric = 0.99999
Error = :2.48e-03; Runtime: 85.2s; Iterations = 860, grads =   9.484e-05, unitary_metric = 0.99999
Error = :2.46e-03; Runtime: 87.1s; Iterations = 880, grads =   1.364e-04, unitary_metric = 0.99999
Error = :2.45e-03; Runtime: 89.1s; Iterations = 900, grads =   2.781e-04, unitary_metric = 0.99999
Error = :2.40e-03; Runtime: 91.2s; Iterations = 920, grads =   4.038e-05, unitary_metric = 0.99999
Error = :2.37e-03; Runtime: 93.1s; Iterations = 940, grads =   4.488e-06, unitary_metric = 0.99999
Error = :2.34e-03; Runtime: 95.1s; Iterations = 960, grads =   1.375e-06, unitary_metric = 0.99999
Error = :2.32e-03; Runtime: 97.0s; Iterations = 980, grads =   2.675e-07, unitary_metric = 0.99999
Error = :2.30e-03; Runtime: 99.0s; Iterations = 1000, grads =   1.003e-07, unitary_metric = 0.99999
Error = :2.28e-03; Runtime: 101.1s; Iterations = 1020, grads =   9.145e-07, unitary_metric = 0.99999
Error = :2.45e-03; Runtime: 103.0s; Iterations = 1040, grads =   1.330e-03, unitary_metric = 0.99999
Error = :2.25e-03; Runtime: 104.9s; Iterations = 1060, grads =   6.983e-05, unitary_metric = 0.99999
Error = :2.22e-03; Runtime: 106.9s; Iterations = 1080, grads =   1.238e-05, unitary_metric = 0.99999
Error = :2.21e-03; Runtime: 108.8s; Iterations = 1100, grads =   1.385e-05, unitary_metric = 0.99999
Error = :2.27e-03; Runtime: 110.9s; Iterations = 1120, grads =   9.762e-04, unitary_metric = 0.99999
Error = :2.18e-03; Runtime: 112.8s; Iterations = 1140, grads =   1.333e-04, unitary_metric = 0.99999
Error = :2.15e-03; Runtime: 114.8s; Iterations = 1160, grads =   5.062e-06, unitary_metric = 0.99999
Error = :2.31e-03; Runtime: 116.7s; Iterations = 1180, grads =   9.411e-04, unitary_metric = 0.99999
Error = :2.12e-03; Runtime: 118.7s; Iterations = 1200, grads =   9.318e-07, unitary_metric = 0.99999
Error = :2.11e-03; Runtime: 120.8s; Iterations = 1220, grads =   7.803e-07, unitary_metric = 0.99999
Error = :2.09e-03; Runtime: 122.8s; Iterations = 1240, grads =   1.697e-07, unitary_metric = 0.99999
Error = :2.08e-03; Runtime: 124.7s; Iterations = 1260, grads =   2.837e-05, unitary_metric = 0.99999
Error = :2.10e-03; Runtime: 126.7s; Iterations = 1280, grads =   2.361e-04, unitary_metric = 0.99999
Error = :2.05e-03; Runtime: 128.6s; Iterations = 1300, grads =   9.758e-06, unitary_metric = 0.99999
Error = :2.29e-03; Runtime: 130.7s; Iterations = 1320, grads =   2.839e-03, unitary_metric = 0.99999
Error = :2.03e-03; Runtime: 132.6s; Iterations = 1340, grads =   1.453e-06, unitary_metric = 0.99999
Error = :2.02e-03; Runtime: 134.6s; Iterations = 1360, grads =   2.722e-07, unitary_metric = 0.99999
Error = :2.01e-03; Runtime: 136.5s; Iterations = 1380, grads =   1.753e-06, unitary_metric = 0.99999
Error = :1.99e-03; Runtime: 138.5s; Iterations = 1400, grads =   8.363e-07, unitary_metric = 0.99999
Error = :1.98e-03; Runtime: 140.6s; Iterations = 1420, grads =   4.198e-08, unitary_metric = 0.99999
Error = :1.97e-03; Runtime: 142.5s; Iterations = 1440, grads =   3.817e-08, unitary_metric = 0.99999
Error = :1.96e-03; Runtime: 144.5s; Iterations = 1460, grads =   1.506e-06, unitary_metric = 0.99999
Error = :2.08e-03; Runtime: 146.4s; Iterations = 1480, grads =   6.932e-04, unitary_metric = 0.99999
Error = :1.96e-03; Runtime: 148.3s; Iterations = 1500, grads =   8.629e-05, unitary_metric = 0.99999
Error = :1.93e-03; Runtime: 150.5s; Iterations = 1520, grads =   1.321e-05, unitary_metric = 0.99999
Error = :1.92e-03; Runtime: 152.4s; Iterations = 1540, grads =   2.633e-06, unitary_metric = 0.99999
Error = :1.91e-03; Runtime: 154.3s; Iterations = 1560, grads =   1.325e-06, unitary_metric = 0.99999
Error = :1.96e-03; Runtime: 156.2s; Iterations = 1580, grads =   6.040e-04, unitary_metric = 0.99999
Error = :1.90e-03; Runtime: 158.2s; Iterations = 1600, grads =   2.783e-05, unitary_metric = 0.99999
Error = :1.89e-03; Runtime: 160.3s; Iterations = 1620, grads =   4.133e-05, unitary_metric = 0.99999
Error = :1.88e-03; Runtime: 162.2s; Iterations = 1640, grads =   1.861e-07, unitary_metric = 0.99999
Error = :1.87e-03; Runtime: 164.2s; Iterations = 1660, grads =   5.532e-07, unitary_metric = 0.99999
Error = :1.86e-03; Runtime: 166.1s; Iterations = 1680, grads =   1.091e-07, unitary_metric = 0.99999
Error = :1.86e-03; Runtime: 168.0s; Iterations = 1700, grads =   2.898e-08, unitary_metric = 0.99999
Error = :1.85e-03; Runtime: 170.1s; Iterations = 1720, grads =   2.875e-08, unitary_metric = 0.99999
Error = :1.84e-03; Runtime: 172.1s; Iterations = 1740, grads =   7.575e-08, unitary_metric = 0.99999
Error = :1.84e-03; Runtime: 174.0s; Iterations = 1760, grads =   2.166e-05, unitary_metric = 0.99999
Error = :1.86e-03; Runtime: 175.9s; Iterations = 1780, grads =   2.014e-04, unitary_metric = 0.99999
Error = :1.83e-03; Runtime: 177.9s; Iterations = 1800, grads =   6.817e-05, unitary_metric = 0.99999
Error = :1.87e-03; Runtime: 180.0s; Iterations = 1820, grads =   6.599e-04, unitary_metric = 0.99999
Error = :1.81e-03; Runtime: 182.0s; Iterations = 1840, grads =   5.275e-05, unitary_metric = 0.99999
Error = :1.80e-03; Runtime: 183.9s; Iterations = 1860, grads =   3.297e-06, unitary_metric = 0.99999
Error = :1.80e-03; Runtime: 185.8s; Iterations = 1880, grads =   1.009e-06, unitary_metric = 0.99999
Error = :1.79e-03; Runtime: 187.8s; Iterations = 1900, grads =   2.782e-07, unitary_metric = 0.99999
Error = :1.78e-03; Runtime: 189.9s; Iterations = 1920, grads =   3.532e-08, unitary_metric = 0.99999
Error = :1.78e-03; Runtime: 191.8s; Iterations = 1940, grads =   2.830e-08, unitary_metric = 0.99999
Error = :1.77e-03; Runtime: 193.8s; Iterations = 1960, grads =   3.021e-08, unitary_metric = 0.99999
Error = :1.77e-03; Runtime: 195.7s; Iterations = 1980, grads =   3.124e-08, unitary_metric = 0.99999
Error = :1.76e-03; Runtime: 197.6s; Iterations = 2000, grads =   2.880e-07, unitary_metric = 0.99999
Error = :1.79e-03; Runtime: 199.8s; Iterations = 2020, grads =   2.086e-04, unitary_metric = 0.99999
Error = :1.82e-03; Runtime: 201.8s; Iterations = 2040, grads =   7.655e-04, unitary_metric = 0.99999
Error = :1.78e-03; Runtime: 203.7s; Iterations = 2060, grads =   4.139e-04, unitary_metric = 0.99999
Error = :1.74e-03; Runtime: 205.7s; Iterations = 2080, grads =   5.401e-05, unitary_metric = 0.99999
Error = :1.74e-03; Runtime: 207.6s; Iterations = 2100, grads =   6.600e-06, unitary_metric = 0.99998
Error = :1.73e-03; Runtime: 209.7s; Iterations = 2120, grads =   8.497e-07, unitary_metric = 0.99999
Error = :1.73e-03; Runtime: 211.6s; Iterations = 2140, grads =   6.650e-08, unitary_metric = 0.99999
Error = :1.72e-03; Runtime: 213.5s; Iterations = 2160, grads =   3.435e-08, unitary_metric = 0.99999
Error = :1.72e-03; Runtime: 215.4s; Iterations = 2180, grads =   3.102e-08, unitary_metric = 0.99999
Error = :1.71e-03; Runtime: 217.4s; Iterations = 2200, grads =   3.056e-08, unitary_metric = 0.99999
Error = :1.71e-03; Runtime: 219.5s; Iterations = 2220, grads =   3.056e-08, unitary_metric = 0.99999
Error = :1.71e-03; Runtime: 221.5s; Iterations = 2240, grads =   3.041e-08, unitary_metric = 0.99999
Error = :1.71e-03; Runtime: 223.4s; Iterations = 2260, grads =   5.818e-08, unitary_metric = 0.99999
Error = :1.71e-03; Runtime: 225.3s; Iterations = 2280, grads =   2.449e-05, unitary_metric = 0.99999
Error = :1.73e-03; Runtime: 227.3s; Iterations = 2300, grads =   1.777e-04, unitary_metric = 0.99999
Error = :1.71e-03; Runtime: 229.4s; Iterations = 2320, grads =   3.131e-05, unitary_metric = 0.99999
Error = :1.70e-03; Runtime: 231.3s; Iterations = 2340, grads =   2.465e-06, unitary_metric = 0.99999
Error = :1.70e-03; Runtime: 233.3s; Iterations = 2360, grads =   2.289e-06, unitary_metric = 0.99999
Error = :1.70e-03; Runtime: 235.2s; Iterations = 2380, grads =   5.971e-07, unitary_metric = 0.99999
Error = :1.70e-03; Runtime: 237.2s; Iterations = 2400, grads =   1.114e-05, unitary_metric = 0.99999
Error = :1.71e-03; Runtime: 239.4s; Iterations = 2420, grads =   1.357e-04, unitary_metric = 0.99999
Error = :1.70e-03; Runtime: 241.3s; Iterations = 2440, grads =   6.063e-05, unitary_metric = 0.99999
Error = :1.71e-03; Runtime: 243.2s; Iterations = 2460, grads =   1.119e-04, unitary_metric = 0.99999
Error = :1.69e-03; Runtime: 245.2s; Iterations = 2480, grads =   2.159e-05, unitary_metric = 0.99999
Error = :1.68e-03; Runtime: 247.1s; Iterations = 2500, grads =   2.226e-06, unitary_metric = 0.99999
Error = :1.68e-03; Runtime: 249.3s; Iterations = 2520, grads =   3.536e-07, unitary_metric = 0.99999
Error = :1.68e-03; Runtime: 251.2s; Iterations = 2540, grads =   4.695e-08, unitary_metric = 0.99999
Error = :1.67e-03; Runtime: 253.1s; Iterations = 2560, grads =   4.680e-08, unitary_metric = 0.99999
Error = :1.67e-03; Runtime: 255.1s; Iterations = 2580, grads =   1.912e-07, unitary_metric = 0.99999
Error = :1.67e-03; Runtime: 257.0s; Iterations = 2600, grads =   5.391e-05, unitary_metric = 0.99999
Error = :1.66e-03; Runtime: 259.1s; Iterations = 2620, grads =   7.642e-05, unitary_metric = 0.99999
Error = :1.66e-03; Runtime: 261.0s; Iterations = 2640, grads =   8.488e-05, unitary_metric = 0.99999
Error = :1.64e-03; Runtime: 263.0s; Iterations = 2660, grads =   9.091e-07, unitary_metric = 0.99999
Error = :1.63e-03; Runtime: 264.9s; Iterations = 2680, grads =   2.355e-06, unitary_metric = 0.99999
Error = :1.65e-03; Runtime: 266.8s; Iterations = 2700, grads =   2.894e-04, unitary_metric = 0.99999
Error = :1.62e-03; Runtime: 268.9s; Iterations = 2720, grads =   5.545e-05, unitary_metric = 0.99999
Error = :1.61e-03; Runtime: 270.8s; Iterations = 2740, grads =   9.238e-06, unitary_metric = 0.99999
Error = :1.60e-03; Runtime: 272.8s; Iterations = 2760, grads =   2.004e-06, unitary_metric = 0.99999
Error = :1.59e-03; Runtime: 274.7s; Iterations = 2780, grads =   1.708e-07, unitary_metric = 0.99999
Error = :1.59e-03; Runtime: 276.7s; Iterations = 2800, grads =   9.487e-06, unitary_metric = 0.99999
Error = :1.58e-03; Runtime: 278.8s; Iterations = 2820, grads =   1.720e-06, unitary_metric = 0.99999
Error = :1.59e-03; Runtime: 280.7s; Iterations = 2840, grads =   3.872e-05, unitary_metric = 0.99999
Error = :1.58e-03; Runtime: 282.7s; Iterations = 2860, grads =   3.657e-06, unitary_metric = 0.99999
Error = :1.58e-03; Runtime: 284.6s; Iterations = 2880, grads =   2.417e-06, unitary_metric = 0.99998
Error = :1.57e-03; Runtime: 286.5s; Iterations = 2900, grads =   3.848e-07, unitary_metric = 0.99999
Error = :1.57e-03; Runtime: 288.6s; Iterations = 2920, grads =   2.312e-07, unitary_metric = 0.99999
Error = :1.59e-03; Runtime: 290.6s; Iterations = 2940, grads =   2.843e-04, unitary_metric = 0.99999
Error = :1.57e-03; Runtime: 292.5s; Iterations = 2960, grads =   4.168e-05, unitary_metric = 0.99999
Error = :1.59e-03; Runtime: 294.4s; Iterations = 2980, grads =   1.424e-04, unitary_metric = 0.99999
Error = :1.57e-03; Runtime: 296.4s; Iterations = 3000, grads =   3.446e-06, unitary_metric = 0.99999
Error = :1.56e-03; Runtime: 298.5s; Iterations = 3020, grads =   1.564e-06, unitary_metric = 0.99999
Error = :1.56e-03; Runtime: 300.4s; Iterations = 3040, grads =   2.500e-06, unitary_metric = 0.99999
Error = :1.58e-03; Runtime: 302.4s; Iterations = 3060, grads =   9.052e-05, unitary_metric = 0.99999
Error = :1.56e-03; Runtime: 304.3s; Iterations = 3080, grads =   1.265e-06, unitary_metric = 0.99999
Error = :1.55e-03; Runtime: 306.2s; Iterations = 3100, grads =   1.514e-06, unitary_metric = 0.99999
Error = :1.54e-03; Runtime: 308.3s; Iterations = 3120, grads =   1.023e-07, unitary_metric = 0.99999
Error = :1.54e-03; Runtime: 310.3s; Iterations = 3140, grads =   3.934e-08, unitary_metric = 0.99999
Error = :1.53e-03; Runtime: 312.2s; Iterations = 3160, grads =   4.636e-08, unitary_metric = 0.99999
Error = :1.52e-03; Runtime: 314.1s; Iterations = 3180, grads =   1.751e-06, unitary_metric = 0.99999
Error = :1.54e-03; Runtime: 316.1s; Iterations = 3200, grads =   1.498e-04, unitary_metric = 0.99998
Error = :1.51e-03; Runtime: 318.2s; Iterations = 3220, grads =   1.884e-05, unitary_metric = 0.99999
Error = :1.50e-03; Runtime: 320.2s; Iterations = 3240, grads =   1.131e-05, unitary_metric = 0.99999
Error = :1.49e-03; Runtime: 322.1s; Iterations = 3260, grads =   3.058e-06, unitary_metric = 0.99998
Error = :1.50e-03; Runtime: 324.0s; Iterations = 3280, grads =   2.421e-04, unitary_metric = 0.99999
Error = :1.47e-03; Runtime: 325.9s; Iterations = 3300, grads =   2.233e-05, unitary_metric = 0.99998
Error = :1.47e-03; Runtime: 328.1s; Iterations = 3320, grads =   7.140e-06, unitary_metric = 0.99998
Error = :1.46e-03; Runtime: 330.0s; Iterations = 3340, grads =   2.361e-07, unitary_metric = 0.99999
Error = :1.45e-03; Runtime: 332.0s; Iterations = 3360, grads =   4.464e-07, unitary_metric = 0.99999
Error = :1.45e-03; Runtime: 333.9s; Iterations = 3380, grads =   2.708e-05, unitary_metric = 0.99999
Error = :1.44e-03; Runtime: 335.8s; Iterations = 3400, grads =   1.897e-05, unitary_metric = 0.99999
Error = :1.43e-03; Runtime: 338.4s; Iterations = 3420, grads =   8.669e-08, unitary_metric = 0.99999
Error = :1.43e-03; Runtime: 340.3s; Iterations = 3440, grads =   6.027e-07, unitary_metric = 0.99998
Error = :1.43e-03; Runtime: 342.2s; Iterations = 3460, grads =   2.484e-05, unitary_metric = 0.99998
Error = :1.43e-03; Runtime: 344.2s; Iterations = 3480, grads =   9.202e-05, unitary_metric = 0.99998
Error = :1.42e-03; Runtime: 346.1s; Iterations = 3500, grads =   1.058e-04, unitary_metric = 0.99998
Error = :1.41e-03; Runtime: 348.2s; Iterations = 3520, grads =   1.365e-05, unitary_metric = 0.99999
Error = :1.40e-03; Runtime: 350.1s; Iterations = 3540, grads =   1.710e-06, unitary_metric = 0.99999
Error = :1.40e-03; Runtime: 352.0s; Iterations = 3560, grads =   1.442e-07, unitary_metric = 0.99998
Error = :1.40e-03; Runtime: 354.0s; Iterations = 3580, grads =   7.180e-07, unitary_metric = 0.99998
Error = :1.41e-03; Runtime: 355.9s; Iterations = 3600, grads =   1.136e-04, unitary_metric = 0.99998
Error = :1.39e-03; Runtime: 358.0s; Iterations = 3620, grads =   9.198e-06, unitary_metric = 0.99998
Error = :1.39e-03; Runtime: 360.0s; Iterations = 3640, grads =   4.112e-06, unitary_metric = 0.99998
Error = :1.39e-03; Runtime: 361.9s; Iterations = 3660, grads =   4.985e-05, unitary_metric = 0.99998
Error = :1.38e-03; Runtime: 363.8s; Iterations = 3680, grads =   4.656e-06, unitary_metric = 0.99998
Error = :1.38e-03; Runtime: 365.8s; Iterations = 3700, grads =   3.280e-07, unitary_metric = 0.99998
Error = :1.38e-03; Runtime: 367.9s; Iterations = 3720, grads =   3.640e-05, unitary_metric = 0.99999
Error = :1.37e-03; Runtime: 369.8s; Iterations = 3740, grads =   3.638e-05, unitary_metric = 0.99999
Error = :1.37e-03; Runtime: 371.8s; Iterations = 3760, grads =   1.148e-06, unitary_metric = 0.99998
Error = :1.36e-03; Runtime: 373.7s; Iterations = 3780, grads =   2.369e-07, unitary_metric = 0.99999
Error = :1.36e-03; Runtime: 375.6s; Iterations = 3800, grads =   1.335e-05, unitary_metric = 0.99999
Error = :1.36e-03; Runtime: 377.7s; Iterations = 3820, grads =   8.376e-06, unitary_metric = 0.99998
Error = :1.36e-03; Runtime: 379.6s; Iterations = 3840, grads =   2.167e-05, unitary_metric = 0.99999
Error = :1.36e-03; Runtime: 381.6s; Iterations = 3860, grads =   6.203e-06, unitary_metric = 0.99999
Error = :1.35e-03; Runtime: 383.5s; Iterations = 3880, grads =   1.286e-06, unitary_metric = 0.99999
Error = :1.35e-03; Runtime: 385.5s; Iterations = 3900, grads =   8.987e-08, unitary_metric = 0.99999
Error = :1.35e-03; Runtime: 387.6s; Iterations = 3920, grads =   9.961e-08, unitary_metric = 0.99999
Error = :1.35e-03; Runtime: 389.5s; Iterations = 3940, grads =   6.415e-06, unitary_metric = 0.99999
Error = :1.36e-03; Runtime: 391.5s; Iterations = 3960, grads =   1.207e-04, unitary_metric = 0.99999
Error = :1.35e-03; Runtime: 393.4s; Iterations = 3980, grads =   1.965e-05, unitary_metric = 0.99998
Error = :1.34e-03; Runtime: 395.3s; Iterations = 4000, grads =   4.354e-06, unitary_metric = 0.99999
Error = :1.35e-03; Runtime: 397.4s; Iterations = 4020, grads =   6.400e-05, unitary_metric = 0.99999
Error = :1.34e-03; Runtime: 399.4s; Iterations = 4040, grads =   2.698e-05, unitary_metric = 0.99998
Error = :1.34e-03; Runtime: 401.3s; Iterations = 4060, grads =   2.737e-06, unitary_metric = 0.99998
Error = :1.33e-03; Runtime: 403.2s; Iterations = 4080, grads =   2.801e-07, unitary_metric = 0.99999
Error = :1.33e-03; Runtime: 405.1s; Iterations = 4100, grads =   6.658e-08, unitary_metric = 0.99998
Error = :1.33e-03; Runtime: 407.2s; Iterations = 4120, grads =   1.453e-08, unitary_metric = 0.99999
Error = :1.33e-03; Runtime: 409.2s; Iterations = 4140, grads =   1.626e-08, unitary_metric = 0.99999
Error = :1.33e-03; Runtime: 411.1s; Iterations = 4160, grads =   3.398e-07, unitary_metric = 0.99999
Error = :1.33e-03; Runtime: 413.1s; Iterations = 4180, grads =   6.727e-05, unitary_metric = 0.99999
Error = :1.33e-03; Runtime: 415.0s; Iterations = 4200, grads =   5.370e-05, unitary_metric = 0.99998
Error = :1.33e-03; Runtime: 417.1s; Iterations = 4220, grads =   6.901e-06, unitary_metric = 0.99998
Error = :1.33e-03; Runtime: 419.0s; Iterations = 4240, grads =   1.862e-06, unitary_metric = 0.99998
Error = :1.33e-03; Runtime: 421.0s; Iterations = 4260, grads =   5.269e-05, unitary_metric = 0.99999
Error = :1.33e-03; Runtime: 422.9s; Iterations = 4280, grads =   6.425e-05, unitary_metric = 0.99999
Error = :1.32e-03; Runtime: 424.8s; Iterations = 4300, grads =   9.374e-07, unitary_metric = 0.99999
Error = :1.32e-03; Runtime: 426.9s; Iterations = 4320, grads =   7.355e-07, unitary_metric = 0.99998
Error = :1.32e-03; Runtime: 428.9s; Iterations = 4340, grads =   1.463e-07, unitary_metric = 0.99999
Error = :1.32e-03; Runtime: 430.8s; Iterations = 4360, grads =   1.120e-08, unitary_metric = 0.99999
Error = :1.32e-03; Runtime: 432.7s; Iterations = 4380, grads =   7.299e-09, unitary_metric = 0.99999
Error = :1.32e-03; Runtime: 434.6s; Iterations = 4400, grads =   1.939e-08, unitary_metric = 0.99998
Error = :1.32e-03; Runtime: 436.8s; Iterations = 4420, grads =   3.046e-06, unitary_metric = 0.99999
Error = :1.33e-03; Runtime: 438.7s; Iterations = 4440, grads =   1.242e-04, unitary_metric = 0.99999
Error = :1.32e-03; Runtime: 440.7s; Iterations = 4460, grads =   8.046e-06, unitary_metric = 0.99998
Error = :1.31e-03; Runtime: 442.6s; Iterations = 4480, grads =   5.989e-06, unitary_metric = 0.99999
Error = :1.31e-03; Runtime: 444.5s; Iterations = 4500, grads =   1.233e-06, unitary_metric = 0.99999
Error = :1.32e-03; Runtime: 446.6s; Iterations = 4520, grads =   3.362e-05, unitary_metric = 0.99999
Error = :1.31e-03; Runtime: 448.6s; Iterations = 4540, grads =   8.739e-07, unitary_metric = 0.99999
Error = :1.31e-03; Runtime: 450.5s; Iterations = 4560, grads =   2.742e-07, unitary_metric = 0.99999
Error = :1.30e-03; Runtime: 452.4s; Iterations = 4580, grads =   4.641e-08, unitary_metric = 0.99999
Error = :1.30e-03; Runtime: 454.4s; Iterations = 4600, grads =   1.764e-08, unitary_metric = 0.99999
Error = :1.30e-03; Runtime: 456.5s; Iterations = 4620, grads =   7.951e-09, unitary_metric = 0.99999
Error = :1.30e-03; Runtime: 458.4s; Iterations = 4640, grads =   6.909e-09, unitary_metric = 0.99999
Error = :1.30e-03; Runtime: 460.3s; Iterations = 4660, grads =   1.020e-08, unitary_metric = 0.99999
Error = :1.30e-03; Runtime: 462.2s; Iterations = 4680, grads =   3.714e-07, unitary_metric = 0.99999
Error = :1.30e-03; Runtime: 464.2s; Iterations = 4700, grads =   6.879e-05, unitary_metric = 0.99999
Error = :1.31e-03; Runtime: 466.3s; Iterations = 4720, grads =   1.945e-04, unitary_metric = 0.99999
Error = :1.29e-03; Runtime: 468.2s; Iterations = 4740, grads =   2.008e-05, unitary_metric = 0.99999
Error = :1.29e-03; Runtime: 470.1s; Iterations = 4760, grads =   3.105e-06, unitary_metric = 0.99999
Error = :1.29e-03; Runtime: 472.1s; Iterations = 4780, grads =   5.423e-07, unitary_metric = 0.99999
Error = :1.28e-03; Runtime: 474.0s; Iterations = 4800, grads =   4.625e-08, unitary_metric = 0.99999
Error = :1.28e-03; Runtime: 476.1s; Iterations = 4820, grads =   6.037e-09, unitary_metric = 0.99999
Error = :1.28e-03; Runtime: 478.1s; Iterations = 4840, grads =   5.942e-09, unitary_metric = 0.99999
Error = :1.28e-03; Runtime: 480.0s; Iterations = 4860, grads =   5.608e-09, unitary_metric = 0.99999
Error = :1.28e-03; Runtime: 481.9s; Iterations = 4880, grads =   5.475e-09, unitary_metric = 0.99999
Error = :1.28e-03; Runtime: 483.9s; Iterations = 4900, grads =   7.413e-09, unitary_metric = 0.99999
Error = :1.27e-03; Runtime: 485.9s; Iterations = 4920, grads =   1.371e-07, unitary_metric = 0.99999
Error = :1.28e-03; Runtime: 487.9s; Iterations = 4940, grads =   2.742e-05, unitary_metric = 0.99999
Error = :1.27e-03; Runtime: 489.8s; Iterations = 4960, grads =   1.124e-06, unitary_metric = 0.99999
Error = :1.27e-03; Runtime: 491.7s; Iterations = 4980, grads =   3.974e-05, unitary_metric = 0.99999
Error = :1.27e-03; Runtime: 493.7s; Iterations = 5000, grads =   4.941e-05, unitary_metric = 0.99999
Error = :1.27e-03; Runtime: 495.8s; Iterations = 5020, grads =   3.151e-06, unitary_metric = 0.99999
Error = :1.27e-03; Runtime: 497.7s; Iterations = 5040, grads =   9.587e-08, unitary_metric = 0.99999
Error = :1.26e-03; Runtime: 499.6s; Iterations = 5060, grads =   6.400e-08, unitary_metric = 0.99998
Error = :1.26e-03; Runtime: 501.6s; Iterations = 5080, grads =   1.193e-08, unitary_metric = 0.99998
Error = :1.26e-03; Runtime: 503.5s; Iterations = 5100, grads =   6.433e-09, unitary_metric = 0.99998
Error = :1.26e-03; Runtime: 505.6s; Iterations = 5120, grads =   4.967e-09, unitary_metric = 0.99999
Error = :1.26e-03; Runtime: 507.6s; Iterations = 5140, grads =   4.610e-09, unitary_metric = 0.99999
Error = :1.26e-03; Runtime: 509.5s; Iterations = 5160, grads =   1.030e-08, unitary_metric = 0.99999
Error = :1.26e-03; Runtime: 511.4s; Iterations = 5180, grads =   3.615e-07, unitary_metric = 0.99999
Error = :1.26e-03; Runtime: 513.3s; Iterations = 5200, grads =   2.903e-05, unitary_metric = 0.99999
Error = :1.25e-03; Runtime: 515.4s; Iterations = 5220, grads =   6.270e-06, unitary_metric = 0.99999
Error = :1.25e-03; Runtime: 517.4s; Iterations = 5240, grads =   5.178e-06, unitary_metric = 0.99999
Error = :1.25e-03; Runtime: 519.3s; Iterations = 5260, grads =   4.902e-06, unitary_metric = 0.99999
Error = :1.25e-03; Runtime: 521.2s; Iterations = 5280, grads =   3.689e-06, unitary_metric = 0.99999
Error = :1.25e-03; Runtime: 523.1s; Iterations = 5300, grads =   1.455e-07, unitary_metric = 0.99999
Error = :1.25e-03; Runtime: 525.3s; Iterations = 5320, grads =   2.683e-07, unitary_metric = 0.99999
Error = :1.25e-03; Runtime: 527.2s; Iterations = 5340, grads =   1.628e-07, unitary_metric = 0.99999
Error = :1.25e-03; Runtime: 529.1s; Iterations = 5360, grads =   3.467e-08, unitary_metric = 0.99999
Error = :1.25e-03; Runtime: 531.1s; Iterations = 5380, grads =   4.322e-09, unitary_metric = 0.99999
Error = :1.24e-03; Runtime: 533.0s; Iterations = 5400, grads =   1.440e-08, unitary_metric = 0.99999
Error = :1.24e-03; Runtime: 535.1s; Iterations = 5420, grads =   1.624e-06, unitary_metric = 0.99999
Error = :1.24e-03; Runtime: 537.0s; Iterations = 5440, grads =   5.016e-08, unitary_metric = 0.99999
Error = :1.24e-03; Runtime: 539.0s; Iterations = 5460, grads =   2.454e-08, unitary_metric = 0.99999
Error = :1.24e-03; Runtime: 540.9s; Iterations = 5480, grads =   6.697e-08, unitary_metric = 0.99999
Error = :1.24e-03; Runtime: 542.8s; Iterations = 5500, grads =   3.217e-06, unitary_metric = 0.99999
Error = :1.25e-03; Runtime: 545.0s; Iterations = 5520, grads =   5.029e-05, unitary_metric = 0.99999
Error = :1.24e-03; Runtime: 546.9s; Iterations = 5540, grads =   7.957e-06, unitary_metric = 0.99998
Error = :1.24e-03; Runtime: 548.8s; Iterations = 5560, grads =   6.071e-07, unitary_metric = 0.99999
Error = :1.24e-03; Runtime: 550.8s; Iterations = 5580, grads =   9.824e-08, unitary_metric = 0.99999
Error = :1.24e-03; Runtime: 552.7s; Iterations = 5600, grads =   1.124e-08, unitary_metric = 0.99999
Error = :1.24e-03; Runtime: 554.8s; Iterations = 5620, grads =   5.749e-09, unitary_metric = 0.99999
Error = :1.24e-03; Runtime: 556.8s; Iterations = 5640, grads =   7.366e-09, unitary_metric = 0.99999
Error = :1.24e-03; Runtime: 558.7s; Iterations = 5660, grads =   1.420e-07, unitary_metric = 0.99999
Error = :1.25e-03; Runtime: 560.6s; Iterations = 5680, grads =   1.580e-05, unitary_metric = 0.99998
Error = :1.24e-03; Runtime: 562.6s; Iterations = 5700, grads =   1.607e-06, unitary_metric = 0.99999
Error = :1.25e-03; Runtime: 564.7s; Iterations = 5720, grads =   1.729e-05, unitary_metric = 0.99998
Error = :1.25e-03; Runtime: 566.6s; Iterations = 5740, grads =   9.923e-06, unitary_metric = 0.99998
Error = :1.24e-03; Runtime: 568.5s; Iterations = 5760, grads =   1.390e-06, unitary_metric = 0.99998
Error = :1.24e-03; Runtime: 570.4s; Iterations = 5780, grads =   1.529e-07, unitary_metric = 0.99998
Error = :1.24e-03; Runtime: 572.4s; Iterations = 5800, grads =   1.423e-08, unitary_metric = 0.99998
Error = :1.24e-03; Runtime: 574.5s; Iterations = 5820, grads =   9.824e-09, unitary_metric = 0.99998
Error = :1.24e-03; Runtime: 576.4s; Iterations = 5840, grads =   6.633e-09, unitary_metric = 0.99998
Error = :1.24e-03; Runtime: 578.3s; Iterations = 5860, grads =   1.003e-08, unitary_metric = 0.99998
Error = :1.24e-03; Runtime: 580.3s; Iterations = 5880, grads =   4.345e-07, unitary_metric = 0.99998
Error = :1.25e-03; Runtime: 582.2s; Iterations = 5900, grads =   5.341e-05, unitary_metric = 0.99998
Error = :1.24e-03; Runtime: 584.3s; Iterations = 5920, grads =   5.230e-06, unitary_metric = 0.99998
Error = :1.24e-03; Runtime: 586.2s; Iterations = 5940, grads =   4.104e-07, unitary_metric = 0.99998
Error = :1.24e-03; Runtime: 588.2s; Iterations = 5960, grads =   1.058e-07, unitary_metric = 0.99998
Error = :1.24e-03; Runtime: 590.1s; Iterations = 5980, grads =   1.317e-05, unitary_metric = 0.99998
Error = :1.23e-03; Runtime: 592.0s; Iterations = 6000, grads =   1.529e-05, unitary_metric = 0.99998
data saved at: /project/ftchong/qoc/pranav/00015_31_h2o_slice_40.h5


trying total_time: 10.0 for unitary of size (4, 4)
data saved at: /project/ftchong/qoc/pranav/00016_31_h2o_slice_40.h5
Using 6 Taylor terms and 1 Scaling & Squaring terms
Building graph:
Propagators initialized.
Operators weight initialized.
Intermediate propagation variables initialized.
Intermediate propagators initialized.
Vectors initialized.
Training loss initialized.
Optimizer initialized.
Utilities initialized.
Graph built!
Initialized
Error = :1.13e-01; Runtime: 0.4s; Iterations = 0, grads =   2.121e+00, unitary_metric = 1.00000
Error = :7.27e-03; Runtime: 2.4s; Iterations = 20, grads =   1.509e-01, unitary_metric = 1.00000
Error = :6.93e-04; Runtime: 3.5s; Iterations = 36, grads =   1.472e-02, unitary_metric = 1.00000
data saved at: /project/ftchong/qoc/pranav/00016_31_h2o_slice_40.h5


trying total_time: 5.0 for unitary of size (4, 4)
data saved at: /project/ftchong/qoc/pranav/00017_31_h2o_slice_40.h5
Using 6 Taylor terms and 1 Scaling & Squaring terms
Building graph:
Propagators initialized.
Operators weight initialized.
Intermediate propagation variables initialized.
Intermediate propagators initialized.
Vectors initialized.
Training loss initialized.
Optimizer initialized.
Utilities initialized.
Graph built!
Initialized
Error = :1.66e-01; Runtime: 0.1s; Iterations = 0, grads =   1.485e+00, unitary_metric = 1.00000
Error = :5.29e-03; Runtime: 1.1s; Iterations = 20, grads =   5.760e-02, unitary_metric = 1.00000
Error = :9.90e-04; Runtime: 1.1s; Iterations = 21, grads =   1.059e-02, unitary_metric = 1.00000
data saved at: /project/ftchong/qoc/pranav/00017_31_h2o_slice_40.h5


trying total_time: 2.5 for unitary of size (4, 4)
data saved at: /project/ftchong/qoc/pranav/00018_31_h2o_slice_40.h5
Using 6 Taylor terms and 1 Scaling & Squaring terms
Building graph:
Propagators initialized.
Operators weight initialized.
Intermediate propagation variables initialized.
Intermediate propagators initialized.
Vectors initialized.
Training loss initialized.
Optimizer initialized.
Utilities initialized.
Graph built!
Initialized
Error = :6.97e-02; Runtime: 0.1s; Iterations = 0, grads =   3.469e-01, unitary_metric = 1.00000
Error = :9.75e-04; Runtime: 0.5s; Iterations = 16, grads =   5.199e-03, unitary_metric = 1.00000
data saved at: /project/ftchong/qoc/pranav/00018_31_h2o_slice_40.h5


trying total_time: 1.25 for unitary of size (4, 4)
data saved at: /project/ftchong/qoc/pranav/00019_31_h2o_slice_40.h5
Using 6 Taylor terms and 1 Scaling & Squaring terms
Building graph:
Propagators initialized.
Operators weight initialized.
Intermediate propagation variables initialized.
Intermediate propagators initialized.
Vectors initialized.
Training loss initialized.
Optimizer initialized.
Utilities initialized.
Graph built!
Initialized
Error = :7.66e-02; Runtime: 0.1s; Iterations = 0, grads =   1.780e-01, unitary_metric = 1.00000
Error = :8.61e-04; Runtime: 0.4s; Iterations = 16, grads =   1.440e-03, unitary_metric = 1.00000
data saved at: /project/ftchong/qoc/pranav/00019_31_h2o_slice_40.h5


trying total_time: 0.6 for unitary of size (4, 4)
data saved at: /project/ftchong/qoc/pranav/00020_31_h2o_slice_40.h5
Using 7 Taylor terms and 0 Scaling & Squaring terms
Building graph:
Propagators initialized.
Operators weight initialized.
Intermediate propagation variables initialized.
Intermediate propagators initialized.
Vectors initialized.
Training loss initialized.
Optimizer initialized.
Utilities initialized.
Graph built!
Initialized
Error = :1.27e-01; Runtime: 0.0s; Iterations = 0, grads =   1.323e-01, unitary_metric = 1.00000
Error = :5.53e-03; Runtime: 0.2s; Iterations = 20, grads =   6.825e-03, unitary_metric = 1.00000
Error = :7.70e-04; Runtime: 0.3s; Iterations = 32, grads =   9.401e-04, unitary_metric = 1.00000
data saved at: /project/ftchong/qoc/pranav/00020_31_h2o_slice_40.h5


trying total_time: 0.3 for unitary of size (4, 4)
data saved at: /project/ftchong/qoc/pranav/00021_31_h2o_slice_40.h5
Using 5 Taylor terms and 1 Scaling & Squaring terms
Building graph:
Propagators initialized.
Operators weight initialized.
Intermediate propagation variables initialized.
Intermediate propagators initialized.
Vectors initialized.
Training loss initialized.
Optimizer initialized.
Utilities initialized.
Graph built!
Initialized
Error = :1.99e-02; Runtime: 0.0s; Iterations = 0, grads =   9.789e-03, unitary_metric = 1.00000
Error = :1.60e-03; Runtime: 0.2s; Iterations = 20, grads =   7.328e-04, unitary_metric = 1.00000
Error = :8.36e-04; Runtime: 0.2s; Iterations = 23, grads =   3.606e-04, unitary_metric = 1.00000
data saved at: /project/ftchong/qoc/pranav/00021_31_h2o_slice_40.h5




[0.3, 5.3, 0.3]
TIME FOR SLICE IS:
5.3
