Running Block:  60


trying total_time: 40.0 for unitary of size (16, 16)
data saved at: /project/ftchong/qoc/pranav/00000_31_h2o_slice_60.h5
Using 5 Taylor terms and 4 Scaling & Squaring terms
Building graph:
Propagators initialized.
Operators weight initialized.
Intermediate propagation variables initialized.
Intermediate propagators initialized.
Vectors initialized.
Training loss initialized.
Optimizer initialized.
Utilities initialized.
Graph built!
Initialized
Error = :3.10e-01; Runtime: 1.4s; Iterations = 0, grads =   1.671e+01, unitary_metric = 1.00046
Error = :2.37e-01; Runtime: 19.1s; Iterations = 20, grads =   1.400e+01, unitary_metric = 1.00032
Error = :2.55e-02; Runtime: 34.4s; Iterations = 40, grads =   2.067e+00, unitary_metric = 1.00033
Error = :4.96e-03; Runtime: 49.8s; Iterations = 60, grads =   4.364e-01, unitary_metric = 1.00032
Error = :2.19e-04; Runtime: 55.2s; Iterations = 67, grads =   3.719e-02, unitary_metric = 1.00032
data saved at: /project/ftchong/qoc/pranav/00000_31_h2o_slice_60.h5


trying total_time: 20.0 for unitary of size (16, 16)
data saved at: /project/ftchong/qoc/pranav/00001_31_h2o_slice_60.h5
Using 7 Taylor terms and 2 Scaling & Squaring terms
Building graph:
Propagators initialized.
Operators weight initialized.
Intermediate propagation variables initialized.
Intermediate propagators initialized.
Vectors initialized.
Training loss initialized.
Optimizer initialized.
Utilities initialized.
Graph built!
Initialized
Error = :3.44e-01; Runtime: 0.6s; Iterations = 0, grads =   8.717e+00, unitary_metric = 1.00001
Error = :2.86e-01; Runtime: 9.3s; Iterations = 20, grads =   7.266e+00, unitary_metric = 1.00001
Error = :5.74e-02; Runtime: 17.1s; Iterations = 40, grads =   2.248e+00, unitary_metric = 1.00001
Error = :6.19e-03; Runtime: 24.6s; Iterations = 60, grads =   2.604e-01, unitary_metric = 1.00001
Error = :3.70e-04; Runtime: 25.0s; Iterations = 61, grads =   6.243e-03, unitary_metric = 1.00001
data saved at: /project/ftchong/qoc/pranav/00001_31_h2o_slice_60.h5


trying total_time: 10.0 for unitary of size (16, 16)
data saved at: /project/ftchong/qoc/pranav/00002_31_h2o_slice_60.h5
Using 7 Taylor terms and 2 Scaling & Squaring terms
Building graph:
Propagators initialized.
Operators weight initialized.
Intermediate propagation variables initialized.
Intermediate propagators initialized.
Vectors initialized.
Training loss initialized.
Optimizer initialized.
Utilities initialized.
Graph built!
Initialized
Error = :9.96e-02; Runtime: 0.4s; Iterations = 0, grads =   1.893e+00, unitary_metric = 1.00000
Error = :1.26e-02; Runtime: 4.6s; Iterations = 20, grads =   2.712e-01, unitary_metric = 1.00000
Error = :3.11e-03; Runtime: 8.3s; Iterations = 40, grads =   6.689e-02, unitary_metric = 1.00000
Error = :8.64e-04; Runtime: 9.9s; Iterations = 49, grads =   1.850e-02, unitary_metric = 1.00000
data saved at: /project/ftchong/qoc/pranav/00002_31_h2o_slice_60.h5


trying total_time: 5.0 for unitary of size (16, 16)
data saved at: /project/ftchong/qoc/pranav/00003_31_h2o_slice_60.h5
Using 7 Taylor terms and 2 Scaling & Squaring terms
Building graph:
Propagators initialized.
Operators weight initialized.
Intermediate propagation variables initialized.
Intermediate propagators initialized.
Vectors initialized.
Training loss initialized.
Optimizer initialized.
Utilities initialized.
Graph built!
Initialized
Error = :1.35e-01; Runtime: 0.2s; Iterations = 0, grads =   1.219e+00, unitary_metric = 1.00000
Error = :6.10e-03; Runtime: 2.4s; Iterations = 20, grads =   6.541e-02, unitary_metric = 1.00000
Error = :8.81e-04; Runtime: 3.6s; Iterations = 34, grads =   9.346e-03, unitary_metric = 1.00000
data saved at: /project/ftchong/qoc/pranav/00003_31_h2o_slice_60.h5


trying total_time: 2.5 for unitary of size (16, 16)
data saved at: /project/ftchong/qoc/pranav/00004_31_h2o_slice_60.h5
Using 8 Taylor terms and 1 Scaling & Squaring terms
Building graph:
Propagators initialized.
Operators weight initialized.
Intermediate propagation variables initialized.
Intermediate propagators initialized.
Vectors initialized.
Training loss initialized.
Optimizer initialized.
Utilities initialized.
Graph built!
Initialized
Error = :6.18e-02; Runtime: 0.1s; Iterations = 0, grads =   2.917e-01, unitary_metric = 1.00000
Error = :9.53e-04; Runtime: 1.3s; Iterations = 20, grads =   4.437e-03, unitary_metric = 1.00000
data saved at: /project/ftchong/qoc/pranav/00004_31_h2o_slice_60.h5


trying total_time: 1.25 for unitary of size (16, 16)
data saved at: /project/ftchong/qoc/pranav/00005_31_h2o_slice_60.h5
Using 6 Taylor terms and 2 Scaling & Squaring terms
Building graph:
Propagators initialized.
Operators weight initialized.
Intermediate propagation variables initialized.
Intermediate propagators initialized.
Vectors initialized.
Training loss initialized.
Optimizer initialized.
Utilities initialized.
Graph built!
Initialized
Error = :2.59e-01; Runtime: 0.1s; Iterations = 0, grads =   4.631e-01, unitary_metric = 1.00000
Error = :4.98e-03; Runtime: 0.7s; Iterations = 20, grads =   1.292e-02, unitary_metric = 1.00000
Error = :1.58e-03; Runtime: 1.1s; Iterations = 40, grads =   4.171e-03, unitary_metric = 1.00000
Error = :8.57e-04; Runtime: 1.2s; Iterations = 44, grads =   2.238e-03, unitary_metric = 1.00000
data saved at: /project/ftchong/qoc/pranav/00005_31_h2o_slice_60.h5


trying total_time: 0.6 for unitary of size (16, 16)
data saved at: /project/ftchong/qoc/pranav/00006_31_h2o_slice_60.h5
Using 6 Taylor terms and 2 Scaling & Squaring terms
Building graph:
Propagators initialized.
Operators weight initialized.
Intermediate propagation variables initialized.
Intermediate propagators initialized.
Vectors initialized.
Training loss initialized.
Optimizer initialized.
Utilities initialized.
Graph built!
Initialized
Error = :9.66e-02; Runtime: 0.1s; Iterations = 0, grads =   9.861e-02, unitary_metric = 1.00000
Error = :2.26e-03; Runtime: 0.4s; Iterations = 20, grads =   2.744e-03, unitary_metric = 1.00000
Error = :8.63e-04; Runtime: 0.6s; Iterations = 35, grads =   9.367e-04, unitary_metric = 1.00000
data saved at: /project/ftchong/qoc/pranav/00006_31_h2o_slice_60.h5


trying total_time: 0.3 for unitary of size (16, 16)
data saved at: /project/ftchong/qoc/pranav/00007_31_h2o_slice_60.h5
Using 7 Taylor terms and 1 Scaling & Squaring terms
Building graph:
Propagators initialized.
Operators weight initialized.
Intermediate propagation variables initialized.
Intermediate propagators initialized.
Vectors initialized.
Training loss initialized.
Optimizer initialized.
Utilities initialized.
Graph built!
Initialized
Error = :2.49e-01; Runtime: 0.1s; Iterations = 0, grads =   9.771e-02, unitary_metric = 1.00000
Error = :1.81e-02; Runtime: 0.3s; Iterations = 20, grads =   1.073e-02, unitary_metric = 1.00000
Error = :7.53e-04; Runtime: 0.4s; Iterations = 30, grads =   4.163e-04, unitary_metric = 1.00000
data saved at: /project/ftchong/qoc/pranav/00007_31_h2o_slice_60.h5


trying total_time: 40.0 for unitary of size (16, 16)
data saved at: /project/ftchong/qoc/pranav/00008_31_h2o_slice_60.h5
Using 5 Taylor terms and 4 Scaling & Squaring terms
Building graph:
Propagators initialized.
Operators weight initialized.
Intermediate propagation variables initialized.
Intermediate propagators initialized.
Vectors initialized.
Training loss initialized.
Optimizer initialized.
Utilities initialized.
Graph built!
Initialized
Error = :8.12e-01; Runtime: 1.5s; Iterations = 0, grads =   9.033e-01, unitary_metric = 1.00019
Error = :4.49e-01; Runtime: 19.4s; Iterations = 20, grads =   5.682e+00, unitary_metric = 1.00027
Error = :2.87e-02; Runtime: 34.7s; Iterations = 40, grads =   1.751e+00, unitary_metric = 1.00023
Error = :3.75e-03; Runtime: 50.1s; Iterations = 60, grads =   9.828e-02, unitary_metric = 1.00024
Error = :2.66e-04; Runtime: 53.9s; Iterations = 65, grads =   9.505e-03, unitary_metric = 1.00025
data saved at: /project/ftchong/qoc/pranav/00008_31_h2o_slice_60.h5


trying total_time: 20.0 for unitary of size (16, 16)
data saved at: /project/ftchong/qoc/pranav/00009_31_h2o_slice_60.h5
Using 7 Taylor terms and 2 Scaling & Squaring terms
Building graph:
Propagators initialized.
Operators weight initialized.
Intermediate propagation variables initialized.
Intermediate propagators initialized.
Vectors initialized.
Training loss initialized.
Optimizer initialized.
Utilities initialized.
Graph built!
Initialized
Error = :7.66e-01; Runtime: 0.7s; Iterations = 0, grads =   2.365e-01, unitary_metric = 1.00001
Error = :5.43e-01; Runtime: 9.4s; Iterations = 20, grads =   5.750e-01, unitary_metric = 1.00002
Error = :4.05e-01; Runtime: 17.1s; Iterations = 40, grads =   1.121e-01, unitary_metric = 1.00001
Error = :1.71e-02; Runtime: 24.7s; Iterations = 60, grads =   3.610e-02, unitary_metric = 1.00001
Error = :3.25e-03; Runtime: 32.2s; Iterations = 80, grads =   4.999e-03, unitary_metric = 1.00001
Error = :7.01e-04; Runtime: 35.3s; Iterations = 88, grads =   7.907e-04, unitary_metric = 1.00001
data saved at: /project/ftchong/qoc/pranav/00009_31_h2o_slice_60.h5


trying total_time: 10.0 for unitary of size (16, 16)
data saved at: /project/ftchong/qoc/pranav/00010_31_h2o_slice_60.h5
Using 7 Taylor terms and 2 Scaling & Squaring terms
Building graph:
Propagators initialized.
Operators weight initialized.
Intermediate propagation variables initialized.
Intermediate propagators initialized.
Vectors initialized.
Training loss initialized.
Optimizer initialized.
Utilities initialized.
Graph built!
Initialized
Error = :8.40e-01; Runtime: 0.4s; Iterations = 0, grads =   2.670e-01, unitary_metric = 1.00000
Error = :5.02e-01; Runtime: 4.7s; Iterations = 20, grads =   1.563e-02, unitary_metric = 1.00000
Error = :4.84e-01; Runtime: 8.3s; Iterations = 40, grads =   1.122e-02, unitary_metric = 1.00000
Error = :4.47e-02; Runtime: 12.0s; Iterations = 60, grads =   1.043e-02, unitary_metric = 0.99999
Error = :3.07e-03; Runtime: 15.7s; Iterations = 80, grads =   1.092e-03, unitary_metric = 0.99999
Error = :6.57e-04; Runtime: 16.1s; Iterations = 82, grads =   8.372e-04, unitary_metric = 0.99999
data saved at: /project/ftchong/qoc/pranav/00010_31_h2o_slice_60.h5


trying total_time: 5.0 for unitary of size (16, 16)
data saved at: /project/ftchong/qoc/pranav/00011_31_h2o_slice_60.h5
Using 7 Taylor terms and 2 Scaling & Squaring terms
Building graph:
Propagators initialized.
Operators weight initialized.
Intermediate propagation variables initialized.
Intermediate propagators initialized.
Vectors initialized.
Training loss initialized.
Optimizer initialized.
Utilities initialized.
Graph built!
Initialized
Error = :7.70e-01; Runtime: 0.2s; Iterations = 0, grads =   1.597e-02, unitary_metric = 1.00000
Error = :5.48e-01; Runtime: 2.4s; Iterations = 20, grads =   1.250e-02, unitary_metric = 1.00000
Error = :4.75e-01; Runtime: 4.2s; Iterations = 40, grads =   5.813e-03, unitary_metric = 1.00000
Error = :2.06e-01; Runtime: 6.0s; Iterations = 60, grads =   1.189e-02, unitary_metric = 0.99999
Error = :1.41e-02; Runtime: 7.8s; Iterations = 80, grads =   6.269e-04, unitary_metric = 0.99999
Error = :9.23e-04; Runtime: 9.3s; Iterations = 96, grads =   1.048e-04, unitary_metric = 0.99999
data saved at: /project/ftchong/qoc/pranav/00011_31_h2o_slice_60.h5


trying total_time: 2.5 for unitary of size (16, 16)
data saved at: /project/ftchong/qoc/pranav/00012_31_h2o_slice_60.h5
Using 8 Taylor terms and 1 Scaling & Squaring terms
Building graph:
Propagators initialized.
Operators weight initialized.
Intermediate propagation variables initialized.
Intermediate propagators initialized.
Vectors initialized.
Training loss initialized.
Optimizer initialized.
Utilities initialized.
Graph built!
Initialized
Error = :8.01e-01; Runtime: 0.1s; Iterations = 0, grads =   4.753e-02, unitary_metric = 1.00000
Error = :6.14e-01; Runtime: 1.3s; Iterations = 20, grads =   1.261e-02, unitary_metric = 1.00000
Error = :5.20e-01; Runtime: 2.2s; Iterations = 40, grads =   1.903e-03, unitary_metric = 1.00000
Error = :4.92e-01; Runtime: 3.1s; Iterations = 60, grads =   3.051e-04, unitary_metric = 1.00000
Error = :4.47e-01; Runtime: 4.1s; Iterations = 80, grads =   1.022e-03, unitary_metric = 1.00000
Error = :3.12e-01; Runtime: 5.0s; Iterations = 100, grads =   1.961e-03, unitary_metric = 1.00000
Error = :2.04e-01; Runtime: 6.0s; Iterations = 120, grads =   4.516e-04, unitary_metric = 1.00000
Error = :1.74e-01; Runtime: 7.0s; Iterations = 140, grads =   1.405e-04, unitary_metric = 1.00000
Error = :1.65e-01; Runtime: 7.9s; Iterations = 160, grads =   7.175e-05, unitary_metric = 1.00000
Error = :1.60e-01; Runtime: 8.9s; Iterations = 180, grads =   4.540e-05, unitary_metric = 1.00000
Error = :1.58e-01; Runtime: 9.8s; Iterations = 200, grads =   3.138e-05, unitary_metric = 1.00000
Error = :1.56e-01; Runtime: 10.9s; Iterations = 220, grads =   2.363e-05, unitary_metric = 1.00000
Error = :1.55e-01; Runtime: 11.8s; Iterations = 240, grads =   1.873e-05, unitary_metric = 1.00000
Error = :1.54e-01; Runtime: 12.7s; Iterations = 260, grads =   1.408e-05, unitary_metric = 1.00000
Error = :1.53e-01; Runtime: 13.6s; Iterations = 280, grads =   9.616e-06, unitary_metric = 1.00000
Error = :1.52e-01; Runtime: 14.6s; Iterations = 300, grads =   6.402e-06, unitary_metric = 1.00000
Error = :1.52e-01; Runtime: 15.8s; Iterations = 320, grads =   4.523e-06, unitary_metric = 1.00000
Error = :1.52e-01; Runtime: 16.7s; Iterations = 340, grads =   3.423e-06, unitary_metric = 1.00000
Error = :1.51e-01; Runtime: 17.6s; Iterations = 360, grads =   2.705e-06, unitary_metric = 1.00000
Error = :1.51e-01; Runtime: 18.6s; Iterations = 380, grads =   2.190e-06, unitary_metric = 1.00000
Error = :1.51e-01; Runtime: 19.5s; Iterations = 400, grads =   1.802e-06, unitary_metric = 1.00000
Error = :1.51e-01; Runtime: 20.6s; Iterations = 420, grads =   1.513e-06, unitary_metric = 1.00000
Error = :1.51e-01; Runtime: 21.5s; Iterations = 440, grads =   1.258e-06, unitary_metric = 1.00000
Error = :1.51e-01; Runtime: 22.4s; Iterations = 460, grads =   1.060e-06, unitary_metric = 1.00000
Error = :1.51e-01; Runtime: 23.4s; Iterations = 480, grads =   8.989e-07, unitary_metric = 1.00000
Error = :1.51e-01; Runtime: 24.3s; Iterations = 500, grads =   7.657e-07, unitary_metric = 1.00000
Error = :1.51e-01; Runtime: 25.3s; Iterations = 520, grads =   6.555e-07, unitary_metric = 1.00000
Error = :1.51e-01; Runtime: 26.3s; Iterations = 540, grads =   5.648e-07, unitary_metric = 1.00000
Error = :1.51e-01; Runtime: 27.2s; Iterations = 560, grads =   4.931e-07, unitary_metric = 1.00000
Error = :1.51e-01; Runtime: 28.2s; Iterations = 580, grads =   4.431e-07, unitary_metric = 1.00000
Error = :1.51e-01; Runtime: 29.1s; Iterations = 600, grads =   4.234e-07, unitary_metric = 1.00000
Error = :1.51e-01; Runtime: 30.1s; Iterations = 620, grads =   4.475e-07, unitary_metric = 1.00000
Error = :1.51e-01; Runtime: 31.1s; Iterations = 640, grads =   5.257e-07, unitary_metric = 1.00000
Error = :1.51e-01; Runtime: 32.0s; Iterations = 660, grads =   6.418e-07, unitary_metric = 1.00000
Error = :1.52e-01; Runtime: 32.9s; Iterations = 680, grads =   7.372e-07, unitary_metric = 1.00000
Error = :1.52e-01; Runtime: 33.8s; Iterations = 700, grads =   7.423e-07, unitary_metric = 1.00000
Error = :1.52e-01; Runtime: 34.9s; Iterations = 720, grads =   6.483e-07, unitary_metric = 1.00000
Error = :1.52e-01; Runtime: 35.9s; Iterations = 740, grads =   5.043e-07, unitary_metric = 1.00000
Error = :1.52e-01; Runtime: 36.8s; Iterations = 760, grads =   3.785e-07, unitary_metric = 1.00000
Error = :1.52e-01; Runtime: 37.7s; Iterations = 780, grads =   2.907e-07, unitary_metric = 1.00000
Error = :1.52e-01; Runtime: 38.7s; Iterations = 800, grads =   2.376e-07, unitary_metric = 1.00000
Error = :1.52e-01; Runtime: 39.7s; Iterations = 820, grads =   2.160e-07, unitary_metric = 1.00000
Error = :1.52e-01; Runtime: 40.6s; Iterations = 840, grads =   2.395e-07, unitary_metric = 1.00000
Error = :1.52e-01; Runtime: 41.6s; Iterations = 860, grads =   3.608e-07, unitary_metric = 1.00000
Error = :1.52e-01; Runtime: 42.5s; Iterations = 880, grads =   7.037e-07, unitary_metric = 1.00000
Error = :1.52e-01; Runtime: 43.4s; Iterations = 900, grads =   1.410e-06, unitary_metric = 1.00000
Error = :1.52e-01; Runtime: 44.5s; Iterations = 920, grads =   2.298e-06, unitary_metric = 1.00000
Error = :1.52e-01; Runtime: 45.4s; Iterations = 940, grads =   2.702e-06, unitary_metric = 1.00000
Error = :1.51e-01; Runtime: 46.4s; Iterations = 960, grads =   2.245e-06, unitary_metric = 1.00000
Error = :1.51e-01; Runtime: 47.3s; Iterations = 980, grads =   1.392e-06, unitary_metric = 1.00000
Error = :1.51e-01; Runtime: 48.2s; Iterations = 1000, grads =   7.433e-07, unitary_metric = 1.00000
Error = :1.51e-01; Runtime: 49.3s; Iterations = 1020, grads =   4.166e-07, unitary_metric = 1.00000
Error = :1.51e-01; Runtime: 50.2s; Iterations = 1040, grads =   2.757e-07, unitary_metric = 1.00000
Error = :1.51e-01; Runtime: 51.2s; Iterations = 1060, grads =   2.092e-07, unitary_metric = 1.00000
Error = :1.51e-01; Runtime: 52.1s; Iterations = 1080, grads =   1.717e-07, unitary_metric = 1.00000
Error = :1.51e-01; Runtime: 53.1s; Iterations = 1100, grads =   1.468e-07, unitary_metric = 1.00000
Error = :1.51e-01; Runtime: 54.1s; Iterations = 1120, grads =   1.289e-07, unitary_metric = 1.00000
Error = :1.51e-01; Runtime: 55.0s; Iterations = 1140, grads =   1.151e-07, unitary_metric = 1.00000
Error = :1.51e-01; Runtime: 56.0s; Iterations = 1160, grads =   1.042e-07, unitary_metric = 1.00000
Error = :1.51e-01; Runtime: 56.9s; Iterations = 1180, grads =   9.533e-08, unitary_metric = 1.00000
Error = :1.51e-01; Runtime: 57.8s; Iterations = 1200, grads =   8.787e-08, unitary_metric = 1.00000
Error = :1.51e-01; Runtime: 58.8s; Iterations = 1220, grads =   8.149e-08, unitary_metric = 1.00000
Error = :1.51e-01; Runtime: 59.8s; Iterations = 1240, grads =   7.594e-08, unitary_metric = 1.00000
Error = :1.51e-01; Runtime: 60.7s; Iterations = 1260, grads =   7.101e-08, unitary_metric = 1.00000
Error = :1.51e-01; Runtime: 61.7s; Iterations = 1280, grads =   6.659e-08, unitary_metric = 1.00000
Error = :1.51e-01; Runtime: 62.6s; Iterations = 1300, grads =   6.255e-08, unitary_metric = 1.00000
Error = :1.51e-01; Runtime: 63.7s; Iterations = 1320, grads =   5.886e-08, unitary_metric = 1.00000
Error = :1.51e-01; Runtime: 64.6s; Iterations = 1340, grads =   5.548e-08, unitary_metric = 1.00000
Error = :1.51e-01; Runtime: 65.6s; Iterations = 1360, grads =   5.394e-08, unitary_metric = 1.00000
Error = :1.51e-01; Runtime: 66.5s; Iterations = 1380, grads =   4.947e-08, unitary_metric = 1.00000
Error = :1.51e-01; Runtime: 67.4s; Iterations = 1400, grads =   4.650e-08, unitary_metric = 1.00000
Error = :1.51e-01; Runtime: 68.6s; Iterations = 1420, grads =   4.382e-08, unitary_metric = 1.00000
Error = :1.51e-01; Runtime: 69.5s; Iterations = 1440, grads =   4.129e-08, unitary_metric = 1.00000
Error = :1.51e-01; Runtime: 70.5s; Iterations = 1460, grads =   3.891e-08, unitary_metric = 1.00000
Error = :1.51e-01; Runtime: 71.4s; Iterations = 1480, grads =   3.667e-08, unitary_metric = 1.00000
Error = :1.51e-01; Runtime: 72.4s; Iterations = 1500, grads =   3.454e-08, unitary_metric = 1.00000
Error = :1.51e-01; Runtime: 73.4s; Iterations = 1520, grads =   3.254e-08, unitary_metric = 1.00000
Error = :1.51e-01; Runtime: 74.4s; Iterations = 1540, grads =   3.066e-08, unitary_metric = 1.00000
Error = :1.51e-01; Runtime: 75.3s; Iterations = 1560, grads =   2.931e-08, unitary_metric = 1.00000
Error = :1.51e-01; Runtime: 76.2s; Iterations = 1580, grads =   8.791e-08, unitary_metric = 1.00000
Error = :1.51e-01; Runtime: 77.2s; Iterations = 1600, grads =   5.869e-05, unitary_metric = 1.00000
Error = :1.51e-01; Runtime: 78.3s; Iterations = 1620, grads =   1.351e-05, unitary_metric = 1.00000
Error = :1.51e-01; Runtime: 79.2s; Iterations = 1640, grads =   5.136e-07, unitary_metric = 1.00000
Error = :1.51e-01; Runtime: 80.1s; Iterations = 1660, grads =   4.371e-07, unitary_metric = 1.00000
Error = :1.51e-01; Runtime: 81.1s; Iterations = 1680, grads =   4.852e-08, unitary_metric = 1.00000
Error = :1.51e-01; Runtime: 82.0s; Iterations = 1700, grads =   1.953e-08, unitary_metric = 1.00000
Error = :1.51e-01; Runtime: 83.0s; Iterations = 1720, grads =   1.826e-08, unitary_metric = 1.00000
Error = :1.51e-01; Runtime: 84.0s; Iterations = 1740, grads =   1.701e-08, unitary_metric = 1.00000
Error = :1.51e-01; Runtime: 84.9s; Iterations = 1760, grads =   1.599e-08, unitary_metric = 1.00000
Error = :1.51e-01; Runtime: 85.8s; Iterations = 1780, grads =   1.522e-08, unitary_metric = 1.00000
Error = :1.51e-01; Runtime: 86.8s; Iterations = 1800, grads =   1.453e-08, unitary_metric = 1.00000
Error = :1.51e-01; Runtime: 87.8s; Iterations = 1820, grads =   1.734e-08, unitary_metric = 1.00000
Error = :1.51e-01; Runtime: 88.8s; Iterations = 1840, grads =   6.970e-07, unitary_metric = 1.00000
Error = :1.51e-01; Runtime: 89.7s; Iterations = 1860, grads =   7.305e-05, unitary_metric = 1.00000
Error = :1.51e-01; Runtime: 90.6s; Iterations = 1880, grads =   2.795e-07, unitary_metric = 1.00000
Error = :1.51e-01; Runtime: 91.6s; Iterations = 1900, grads =   9.362e-07, unitary_metric = 1.00000
Error = :1.51e-01; Runtime: 92.6s; Iterations = 1920, grads =   1.723e-07, unitary_metric = 1.00000
Error = :1.51e-01; Runtime: 93.5s; Iterations = 1940, grads =   3.648e-08, unitary_metric = 1.00000
Error = :1.51e-01; Runtime: 94.5s; Iterations = 1960, grads =   2.996e-08, unitary_metric = 1.00000
Error = :1.51e-01; Runtime: 95.4s; Iterations = 1980, grads =   4.974e-08, unitary_metric = 1.00000
Error = :1.51e-01; Runtime: 96.3s; Iterations = 2000, grads =   1.135e-07, unitary_metric = 1.00000
Error = :1.51e-01; Runtime: 97.5s; Iterations = 2020, grads =   3.164e-07, unitary_metric = 1.00000
Error = :1.52e-01; Runtime: 98.4s; Iterations = 2040, grads =   9.336e-07, unitary_metric = 1.00000
Error = :1.52e-01; Runtime: 99.4s; Iterations = 2060, grads =   2.196e-06, unitary_metric = 1.00000
Error = :1.52e-01; Runtime: 100.3s; Iterations = 2080, grads =   3.123e-06, unitary_metric = 1.00000
Error = :1.52e-01; Runtime: 101.2s; Iterations = 2100, grads =   4.016e-06, unitary_metric = 1.00000
Error = :1.51e-01; Runtime: 102.3s; Iterations = 2120, grads =   1.999e-06, unitary_metric = 1.00000
Error = :1.51e-01; Runtime: 103.2s; Iterations = 2140, grads =   7.373e-06, unitary_metric = 1.00000
Error = :1.51e-01; Runtime: 104.2s; Iterations = 2160, grads =   7.716e-07, unitary_metric = 1.00000
Error = :1.51e-01; Runtime: 105.1s; Iterations = 2180, grads =   5.460e-07, unitary_metric = 1.00000
Error = :1.51e-01; Runtime: 106.0s; Iterations = 2200, grads =   3.399e-07, unitary_metric = 1.00000
Error = :1.51e-01; Runtime: 107.0s; Iterations = 2220, grads =   2.604e-07, unitary_metric = 1.00000
Error = :1.51e-01; Runtime: 108.0s; Iterations = 2240, grads =   2.015e-07, unitary_metric = 1.00000
Error = :1.51e-01; Runtime: 108.9s; Iterations = 2260, grads =   1.568e-07, unitary_metric = 1.00000
Error = :1.51e-01; Runtime: 109.8s; Iterations = 2280, grads =   1.228e-07, unitary_metric = 1.00000
Error = :1.51e-01; Runtime: 110.8s; Iterations = 2300, grads =   9.710e-08, unitary_metric = 1.00000
Error = :1.51e-01; Runtime: 111.8s; Iterations = 2320, grads =   7.741e-08, unitary_metric = 1.00000
Error = :1.51e-01; Runtime: 112.7s; Iterations = 2340, grads =   6.277e-08, unitary_metric = 1.00000
Error = :1.51e-01; Runtime: 113.7s; Iterations = 2360, grads =   5.560e-08, unitary_metric = 1.00000
Error = :1.51e-01; Runtime: 114.7s; Iterations = 2380, grads =   5.173e-07, unitary_metric = 1.00000
Error = :1.51e-01; Runtime: 115.6s; Iterations = 2400, grads =   5.956e-05, unitary_metric = 1.00000
Error = :1.51e-01; Runtime: 116.7s; Iterations = 2420, grads =   6.341e-06, unitary_metric = 1.00000
Error = :1.51e-01; Runtime: 117.6s; Iterations = 2440, grads =   5.734e-07, unitary_metric = 1.00000
Error = :1.51e-01; Runtime: 118.5s; Iterations = 2460, grads =   9.210e-08, unitary_metric = 1.00000
Error = :1.51e-01; Runtime: 119.5s; Iterations = 2480, grads =   3.418e-08, unitary_metric = 1.00000
Error = :1.51e-01; Runtime: 120.4s; Iterations = 2500, grads =   1.851e-08, unitary_metric = 1.00000
Error = :1.51e-01; Runtime: 121.4s; Iterations = 2520, grads =   1.635e-08, unitary_metric = 1.00000
Error = :1.51e-01; Runtime: 122.4s; Iterations = 2540, grads =   1.472e-08, unitary_metric = 1.00000
Error = :1.51e-01; Runtime: 123.3s; Iterations = 2560, grads =   1.350e-08, unitary_metric = 1.00000
Error = :1.51e-01; Runtime: 124.3s; Iterations = 2580, grads =   1.301e-08, unitary_metric = 1.00000
Error = :1.51e-01; Runtime: 125.2s; Iterations = 2600, grads =   2.036e-08, unitary_metric = 1.00000
Error = :1.51e-01; Runtime: 126.2s; Iterations = 2620, grads =   1.312e-06, unitary_metric = 1.00000
Error = :1.51e-01; Runtime: 127.2s; Iterations = 2640, grads =   8.143e-06, unitary_metric = 1.00000
Error = :1.51e-01; Runtime: 128.1s; Iterations = 2660, grads =   4.978e-07, unitary_metric = 1.00000
Error = :1.51e-01; Runtime: 129.0s; Iterations = 2680, grads =   2.874e-08, unitary_metric = 1.00000
Error = :1.51e-01; Runtime: 130.0s; Iterations = 2700, grads =   2.094e-08, unitary_metric = 1.00000
Error = :1.51e-01; Runtime: 131.1s; Iterations = 2720, grads =   1.535e-08, unitary_metric = 1.00000
Error = :1.51e-01; Runtime: 132.0s; Iterations = 2740, grads =   7.763e-09, unitary_metric = 1.00000
Error = :1.51e-01; Runtime: 133.0s; Iterations = 2760, grads =   7.751e-09, unitary_metric = 1.00000
Error = :1.51e-01; Runtime: 133.9s; Iterations = 2780, grads =   7.120e-09, unitary_metric = 1.00000
Error = :1.51e-01; Runtime: 134.8s; Iterations = 2800, grads =   6.796e-09, unitary_metric = 1.00000
Error = :1.51e-01; Runtime: 135.9s; Iterations = 2820, grads =   7.391e-09, unitary_metric = 1.00000
Error = :1.51e-01; Runtime: 136.8s; Iterations = 2840, grads =   3.755e-08, unitary_metric = 1.00000
Error = :1.51e-01; Runtime: 137.7s; Iterations = 2860, grads =   6.058e-06, unitary_metric = 1.00000
Error = :1.51e-01; Runtime: 138.7s; Iterations = 2880, grads =   1.090e-05, unitary_metric = 1.00000
Error = :1.51e-01; Runtime: 139.6s; Iterations = 2900, grads =   1.453e-06, unitary_metric = 1.00000
Error = :1.51e-01; Runtime: 140.7s; Iterations = 2920, grads =   1.783e-07, unitary_metric = 1.00000
Error = :1.51e-01; Runtime: 141.6s; Iterations = 2940, grads =   1.155e-08, unitary_metric = 1.00000
Error = :1.51e-01; Runtime: 142.6s; Iterations = 2960, grads =   6.848e-09, unitary_metric = 1.00000
Error = :1.51e-01; Runtime: 143.5s; Iterations = 2980, grads =   5.060e-09, unitary_metric = 1.00000
Error = :1.51e-01; Runtime: 144.4s; Iterations = 3000, grads =   4.809e-09, unitary_metric = 1.00000
Error = :1.51e-01; Runtime: 145.5s; Iterations = 3020, grads =   4.675e-09, unitary_metric = 1.00000
Error = :1.51e-01; Runtime: 146.5s; Iterations = 3040, grads =   4.529e-09, unitary_metric = 1.00000
Error = :1.51e-01; Runtime: 147.4s; Iterations = 3060, grads =   5.475e-09, unitary_metric = 1.00000
Error = :1.51e-01; Runtime: 148.3s; Iterations = 3080, grads =   6.586e-08, unitary_metric = 1.00000
Error = :1.51e-01; Runtime: 149.3s; Iterations = 3100, grads =   1.785e-05, unitary_metric = 1.00000
Error = :1.51e-01; Runtime: 150.3s; Iterations = 3120, grads =   1.604e-06, unitary_metric = 1.00000
Error = :1.51e-01; Runtime: 151.3s; Iterations = 3140, grads =   1.414e-08, unitary_metric = 1.00000
Error = :1.51e-01; Runtime: 152.2s; Iterations = 3160, grads =   4.021e-09, unitary_metric = 1.00000
Error = :1.51e-01; Runtime: 153.1s; Iterations = 3180, grads =   6.128e-09, unitary_metric = 1.00000
Error = :1.51e-01; Runtime: 154.1s; Iterations = 3200, grads =   5.989e-09, unitary_metric = 1.00000
Error = :1.51e-01; Runtime: 155.1s; Iterations = 3220, grads =   3.826e-09, unitary_metric = 1.00000
Error = :1.51e-01; Runtime: 156.1s; Iterations = 3240, grads =   3.731e-09, unitary_metric = 1.00000
Error = :1.51e-01; Runtime: 157.0s; Iterations = 3260, grads =   3.684e-09, unitary_metric = 1.00000
Error = :1.51e-01; Runtime: 157.9s; Iterations = 3280, grads =   3.818e-09, unitary_metric = 1.00000
Error = :1.51e-01; Runtime: 158.9s; Iterations = 3300, grads =   3.925e-09, unitary_metric = 1.00000
Error = :1.51e-01; Runtime: 159.9s; Iterations = 3320, grads =   4.747e-09, unitary_metric = 1.00000
Error = :1.51e-01; Runtime: 160.8s; Iterations = 3340, grads =   7.354e-08, unitary_metric = 1.00000
Error = :1.51e-01; Runtime: 161.8s; Iterations = 3360, grads =   2.494e-05, unitary_metric = 1.00000
Error = :1.51e-01; Runtime: 162.7s; Iterations = 3380, grads =   7.210e-07, unitary_metric = 1.00000
Error = :1.51e-01; Runtime: 163.6s; Iterations = 3400, grads =   5.449e-07, unitary_metric = 1.00000
Error = :1.51e-01; Runtime: 164.8s; Iterations = 3420, grads =   9.618e-08, unitary_metric = 1.00000
Error = :1.51e-01; Runtime: 165.7s; Iterations = 3440, grads =   1.452e-08, unitary_metric = 1.00000
Error = :1.51e-01; Runtime: 166.6s; Iterations = 3460, grads =   4.019e-09, unitary_metric = 1.00000
Error = :1.51e-01; Runtime: 167.6s; Iterations = 3480, grads =   3.168e-09, unitary_metric = 1.00000
Error = :1.51e-01; Runtime: 168.5s; Iterations = 3500, grads =   3.107e-09, unitary_metric = 1.00000
Error = :1.51e-01; Runtime: 169.5s; Iterations = 3520, grads =   3.106e-09, unitary_metric = 1.00000
Error = :1.51e-01; Runtime: 170.5s; Iterations = 3540, grads =   3.102e-09, unitary_metric = 1.00000
Error = :1.51e-01; Runtime: 171.4s; Iterations = 3560, grads =   3.631e-09, unitary_metric = 1.00000
Error = :1.51e-01; Runtime: 172.3s; Iterations = 3580, grads =   3.280e-09, unitary_metric = 1.00000
Error = :1.51e-01; Runtime: 173.3s; Iterations = 3600, grads =   6.656e-09, unitary_metric = 1.00000
Error = :1.51e-01; Runtime: 174.4s; Iterations = 3620, grads =   5.706e-07, unitary_metric = 1.00000
Error = :1.51e-01; Runtime: 175.3s; Iterations = 3640, grads =   4.449e-05, unitary_metric = 1.00000
Error = :1.51e-01; Runtime: 176.2s; Iterations = 3660, grads =   4.804e-06, unitary_metric = 1.00000
Error = :1.51e-01; Runtime: 177.2s; Iterations = 3680, grads =   4.504e-07, unitary_metric = 1.00000
Error = :1.51e-01; Runtime: 178.1s; Iterations = 3700, grads =   6.116e-08, unitary_metric = 1.00000
Error = :1.51e-01; Runtime: 179.2s; Iterations = 3720, grads =   1.495e-08, unitary_metric = 1.00000
Error = :1.51e-01; Runtime: 180.1s; Iterations = 3740, grads =   3.538e-09, unitary_metric = 1.00000
Error = :1.51e-01; Runtime: 181.1s; Iterations = 3760, grads =   2.874e-09, unitary_metric = 1.00000
Error = :1.51e-01; Runtime: 182.0s; Iterations = 3780, grads =   2.801e-09, unitary_metric = 1.00000
Error = :1.51e-01; Runtime: 183.0s; Iterations = 3800, grads =   3.276e-09, unitary_metric = 1.00000
Error = :1.51e-01; Runtime: 184.0s; Iterations = 3820, grads =   2.853e-09, unitary_metric = 1.00000
Error = :1.51e-01; Runtime: 184.9s; Iterations = 3840, grads =   4.599e-09, unitary_metric = 1.00000
Error = :1.51e-01; Runtime: 185.9s; Iterations = 3860, grads =   2.489e-08, unitary_metric = 1.00000
Error = :1.51e-01; Runtime: 186.8s; Iterations = 3880, grads =   2.470e-06, unitary_metric = 1.00000
Error = :1.51e-01; Runtime: 187.7s; Iterations = 3900, grads =   9.288e-06, unitary_metric = 1.00000
Error = :1.51e-01; Runtime: 188.8s; Iterations = 3920, grads =   3.359e-06, unitary_metric = 1.00000
Error = :1.51e-01; Runtime: 189.7s; Iterations = 3940, grads =   2.902e-07, unitary_metric = 1.00000
Error = :1.51e-01; Runtime: 190.7s; Iterations = 3960, grads =   3.637e-08, unitary_metric = 1.00000
Error = :1.51e-01; Runtime: 191.6s; Iterations = 3980, grads =   1.129e-08, unitary_metric = 1.00000
Error = :1.51e-01; Runtime: 192.5s; Iterations = 4000, grads =   3.726e-09, unitary_metric = 1.00000
Error = :1.51e-01; Runtime: 193.6s; Iterations = 4020, grads =   2.492e-09, unitary_metric = 1.00000
Error = :1.51e-01; Runtime: 194.5s; Iterations = 4040, grads =   2.857e-09, unitary_metric = 1.00000
Error = :1.51e-01; Runtime: 195.5s; Iterations = 4060, grads =   2.801e-09, unitary_metric = 1.00000
Error = :1.51e-01; Runtime: 196.4s; Iterations = 4080, grads =   2.602e-09, unitary_metric = 1.00000
Error = :1.51e-01; Runtime: 197.3s; Iterations = 4100, grads =   5.629e-08, unitary_metric = 1.00000
Error = :1.51e-01; Runtime: 198.5s; Iterations = 4120, grads =   2.159e-05, unitary_metric = 1.00000
Error = :1.51e-01; Runtime: 199.4s; Iterations = 4140, grads =   2.663e-06, unitary_metric = 1.00000
Error = :1.51e-01; Runtime: 200.4s; Iterations = 4160, grads =   3.083e-07, unitary_metric = 1.00000
Error = :1.51e-01; Runtime: 201.4s; Iterations = 4180, grads =   1.921e-06, unitary_metric = 1.00000
Error = :1.51e-01; Runtime: 202.3s; Iterations = 4200, grads =   9.865e-06, unitary_metric = 1.00000
Error = :1.51e-01; Runtime: 203.3s; Iterations = 4220, grads =   1.250e-07, unitary_metric = 1.00000
Error = :1.51e-01; Runtime: 204.3s; Iterations = 4240, grads =   1.079e-07, unitary_metric = 1.00000
Error = :1.51e-01; Runtime: 205.2s; Iterations = 4260, grads =   6.804e-09, unitary_metric = 1.00000
Error = :1.51e-01; Runtime: 206.2s; Iterations = 4280, grads =   4.213e-09, unitary_metric = 1.00000
Error = :1.51e-01; Runtime: 207.1s; Iterations = 4300, grads =   2.680e-09, unitary_metric = 1.00000
Error = :1.51e-01; Runtime: 208.1s; Iterations = 4320, grads =   2.248e-09, unitary_metric = 1.00000
Error = :1.51e-01; Runtime: 209.1s; Iterations = 4340, grads =   2.096e-09, unitary_metric = 1.00000
Error = :1.51e-01; Runtime: 210.0s; Iterations = 4360, grads =   3.696e-09, unitary_metric = 1.00000
Error = :1.51e-01; Runtime: 210.9s; Iterations = 4380, grads =   1.089e-08, unitary_metric = 1.00000
Error = :1.51e-01; Runtime: 211.9s; Iterations = 4400, grads =   6.013e-07, unitary_metric = 1.00000
Error = :1.51e-01; Runtime: 212.9s; Iterations = 4420, grads =   2.071e-06, unitary_metric = 1.00000
Error = :1.51e-01; Runtime: 213.8s; Iterations = 4440, grads =   7.641e-07, unitary_metric = 1.00000
Error = :1.51e-01; Runtime: 214.8s; Iterations = 4460, grads =   8.180e-08, unitary_metric = 1.00000
Error = :1.51e-01; Runtime: 215.7s; Iterations = 4480, grads =   2.723e-09, unitary_metric = 1.00000
Error = :1.51e-01; Runtime: 217.1s; Iterations = 4500, grads =   5.211e-09, unitary_metric = 1.00000
Error = :1.51e-01; Runtime: 218.2s; Iterations = 4520, grads =   1.559e-07, unitary_metric = 1.00000
Error = :1.51e-01; Runtime: 219.1s; Iterations = 4540, grads =   1.133e-05, unitary_metric = 1.00000
Error = :1.51e-01; Runtime: 220.1s; Iterations = 4560, grads =   4.464e-07, unitary_metric = 1.00000
Error = :1.51e-01; Runtime: 221.0s; Iterations = 4580, grads =   2.970e-09, unitary_metric = 1.00000
Error = :1.51e-01; Runtime: 221.9s; Iterations = 4600, grads =   1.549e-08, unitary_metric = 1.00000
Error = :1.51e-01; Runtime: 223.0s; Iterations = 4620, grads =   1.801e-07, unitary_metric = 1.00000
Error = :1.51e-01; Runtime: 223.9s; Iterations = 4640, grads =   1.017e-05, unitary_metric = 1.00000
Error = :1.51e-01; Runtime: 224.8s; Iterations = 4660, grads =   1.206e-06, unitary_metric = 1.00000
Error = :1.51e-01; Runtime: 225.8s; Iterations = 4680, grads =   1.442e-07, unitary_metric = 1.00000
Error = :1.51e-01; Runtime: 226.7s; Iterations = 4700, grads =   2.170e-08, unitary_metric = 1.00000
Error = :1.51e-01; Runtime: 227.8s; Iterations = 4720, grads =   3.921e-09, unitary_metric = 1.00000
Error = :1.51e-01; Runtime: 228.7s; Iterations = 4740, grads =   1.932e-09, unitary_metric = 1.00000
Error = :1.51e-01; Runtime: 229.6s; Iterations = 4760, grads =   4.552e-08, unitary_metric = 1.00000
Error = :1.51e-01; Runtime: 230.6s; Iterations = 4780, grads =   1.566e-05, unitary_metric = 1.00000
Error = :1.51e-01; Runtime: 231.5s; Iterations = 4800, grads =   1.966e-06, unitary_metric = 1.00000
Error = :1.51e-01; Runtime: 232.6s; Iterations = 4820, grads =   8.407e-08, unitary_metric = 1.00000
Error = :1.51e-01; Runtime: 233.5s; Iterations = 4840, grads =   6.213e-09, unitary_metric = 1.00000
Error = :1.51e-01; Runtime: 234.5s; Iterations = 4860, grads =   3.170e-07, unitary_metric = 1.00000
Error = :1.51e-01; Runtime: 235.4s; Iterations = 4880, grads =   2.270e-06, unitary_metric = 1.00000
Error = :1.51e-01; Runtime: 236.3s; Iterations = 4900, grads =   1.543e-06, unitary_metric = 1.00000
Error = :1.51e-01; Runtime: 237.4s; Iterations = 4920, grads =   2.827e-08, unitary_metric = 1.00000
Error = :1.51e-01; Runtime: 238.3s; Iterations = 4940, grads =   3.954e-08, unitary_metric = 1.00000
Error = :1.51e-01; Runtime: 239.2s; Iterations = 4960, grads =   3.280e-09, unitary_metric = 1.00000
Error = :1.51e-01; Runtime: 240.2s; Iterations = 4980, grads =   1.816e-09, unitary_metric = 1.00000
Error = :1.51e-01; Runtime: 241.1s; Iterations = 5000, grads =   1.780e-09, unitary_metric = 1.00000
Error = :1.51e-01; Runtime: 242.1s; Iterations = 5020, grads =   1.880e-09, unitary_metric = 1.00000
Error = :1.51e-01; Runtime: 243.1s; Iterations = 5040, grads =   2.625e-09, unitary_metric = 1.00000
Error = :1.51e-01; Runtime: 244.0s; Iterations = 5060, grads =   5.206e-08, unitary_metric = 1.00000
Error = :1.51e-01; Runtime: 245.0s; Iterations = 5080, grads =   7.345e-06, unitary_metric = 1.00000
Error = :1.51e-01; Runtime: 245.9s; Iterations = 5100, grads =   1.305e-06, unitary_metric = 1.00000
Error = :1.51e-01; Runtime: 247.0s; Iterations = 5120, grads =   3.296e-07, unitary_metric = 1.00000
Error = :1.51e-01; Runtime: 247.9s; Iterations = 5140, grads =   6.052e-08, unitary_metric = 1.00000
Error = :1.51e-01; Runtime: 248.9s; Iterations = 5160, grads =   1.026e-08, unitary_metric = 1.00000
Error = :1.51e-01; Runtime: 249.8s; Iterations = 5180, grads =   2.643e-09, unitary_metric = 1.00000
Error = :1.51e-01; Runtime: 250.7s; Iterations = 5200, grads =   1.856e-09, unitary_metric = 1.00000
Error = :1.51e-01; Runtime: 251.8s; Iterations = 5220, grads =   1.722e-09, unitary_metric = 1.00000
Error = :1.51e-01; Runtime: 252.7s; Iterations = 5240, grads =   1.618e-09, unitary_metric = 1.00000
Error = :1.51e-01; Runtime: 253.7s; Iterations = 5260, grads =   2.011e-09, unitary_metric = 1.00000
Error = :1.51e-01; Runtime: 254.6s; Iterations = 5280, grads =   9.468e-09, unitary_metric = 1.00000
Error = :1.51e-01; Runtime: 255.6s; Iterations = 5300, grads =   8.157e-07, unitary_metric = 1.00000
Error = :1.51e-01; Runtime: 256.6s; Iterations = 5320, grads =   3.362e-06, unitary_metric = 1.00000
Error = :1.51e-01; Runtime: 257.5s; Iterations = 5340, grads =   8.144e-07, unitary_metric = 1.00000
Error = :1.51e-01; Runtime: 258.5s; Iterations = 5360, grads =   1.052e-07, unitary_metric = 1.00000
Error = :1.51e-01; Runtime: 259.4s; Iterations = 5380, grads =   4.279e-08, unitary_metric = 1.00000
Error = :1.51e-01; Runtime: 260.4s; Iterations = 5400, grads =   2.630e-09, unitary_metric = 1.00000
Error = :1.51e-01; Runtime: 261.4s; Iterations = 5420, grads =   2.198e-09, unitary_metric = 1.00000
Error = :1.51e-01; Runtime: 262.4s; Iterations = 5440, grads =   1.557e-09, unitary_metric = 1.00000
Error = :1.51e-01; Runtime: 263.3s; Iterations = 5460, grads =   2.332e-09, unitary_metric = 1.00000
Error = :1.51e-01; Runtime: 264.2s; Iterations = 5480, grads =   1.516e-09, unitary_metric = 1.00000
Error = :1.51e-01; Runtime: 265.1s; Iterations = 5500, grads =   3.512e-09, unitary_metric = 1.00000
Error = :1.51e-01; Runtime: 266.2s; Iterations = 5520, grads =   1.383e-07, unitary_metric = 1.00000
Error = :1.51e-01; Runtime: 267.1s; Iterations = 5540, grads =   5.547e-06, unitary_metric = 1.00000
Error = :1.51e-01; Runtime: 268.0s; Iterations = 5560, grads =   8.946e-07, unitary_metric = 1.00000
Error = :1.51e-01; Runtime: 269.0s; Iterations = 5580, grads =   8.578e-07, unitary_metric = 1.00000
Error = :1.51e-01; Runtime: 269.9s; Iterations = 5600, grads =   8.534e-07, unitary_metric = 1.00000
Error = :1.51e-01; Runtime: 271.0s; Iterations = 5620, grads =   1.179e-08, unitary_metric = 1.00000
Error = :1.51e-01; Runtime: 271.9s; Iterations = 5640, grads =   1.190e-08, unitary_metric = 1.00000
Error = :1.51e-01; Runtime: 272.9s; Iterations = 5660, grads =   1.571e-09, unitary_metric = 1.00000
Error = :1.51e-01; Runtime: 273.8s; Iterations = 5680, grads =   1.573e-09, unitary_metric = 1.00000
Error = :1.51e-01; Runtime: 274.8s; Iterations = 5700, grads =   2.898e-09, unitary_metric = 1.00000
Error = :1.51e-01; Runtime: 275.8s; Iterations = 5720, grads =   2.960e-08, unitary_metric = 1.00000
Error = :1.51e-01; Runtime: 276.7s; Iterations = 5740, grads =   1.772e-06, unitary_metric = 1.00000
Error = :1.51e-01; Runtime: 277.7s; Iterations = 5760, grads =   7.997e-07, unitary_metric = 1.00000
Error = :1.51e-01; Runtime: 278.6s; Iterations = 5780, grads =   1.112e-08, unitary_metric = 1.00000
Error = :1.51e-01; Runtime: 279.5s; Iterations = 5800, grads =   1.000e-06, unitary_metric = 1.00000
Error = :1.51e-01; Runtime: 280.6s; Iterations = 5820, grads =   4.016e-07, unitary_metric = 1.00000
Error = :1.51e-01; Runtime: 281.6s; Iterations = 5840, grads =   5.017e-08, unitary_metric = 1.00000
Error = :1.51e-01; Runtime: 282.5s; Iterations = 5860, grads =   3.878e-09, unitary_metric = 1.00000
Error = :1.51e-01; Runtime: 283.4s; Iterations = 5880, grads =   2.674e-09, unitary_metric = 1.00000
Error = :1.51e-01; Runtime: 284.3s; Iterations = 5900, grads =   5.508e-09, unitary_metric = 1.00000
Error = :1.51e-01; Runtime: 285.4s; Iterations = 5920, grads =   2.230e-07, unitary_metric = 1.00000
Error = :1.51e-01; Runtime: 286.4s; Iterations = 5940, grads =   6.589e-06, unitary_metric = 1.00000
Error = :1.51e-01; Runtime: 287.3s; Iterations = 5960, grads =   6.125e-07, unitary_metric = 1.00000
Error = :1.51e-01; Runtime: 288.2s; Iterations = 5980, grads =   5.213e-08, unitary_metric = 1.00000
Error = :1.51e-01; Runtime: 289.2s; Iterations = 6000, grads =   1.134e-07, unitary_metric = 1.00000
data saved at: /project/ftchong/qoc/pranav/00012_31_h2o_slice_60.h5


trying total_time: 3.75 for unitary of size (16, 16)
data saved at: /project/ftchong/qoc/pranav/00013_31_h2o_slice_60.h5
Using 7 Taylor terms and 2 Scaling & Squaring terms
Building graph:
Propagators initialized.
Operators weight initialized.
Intermediate propagation variables initialized.
Intermediate propagators initialized.
Vectors initialized.
Training loss initialized.
Optimizer initialized.
Utilities initialized.
Graph built!
Initialized
Error = :7.97e-01; Runtime: 0.2s; Iterations = 0, grads =   7.586e-02, unitary_metric = 1.00000
Error = :5.51e-01; Runtime: 1.8s; Iterations = 20, grads =   1.431e-02, unitary_metric = 1.00000
Error = :4.73e-01; Runtime: 3.2s; Iterations = 40, grads =   2.746e-03, unitary_metric = 1.00000
Error = :2.98e-01; Runtime: 4.6s; Iterations = 60, grads =   4.903e-03, unitary_metric = 0.99999
Error = :8.72e-02; Runtime: 6.0s; Iterations = 80, grads =   7.563e-04, unitary_metric = 0.99999
Error = :3.21e-02; Runtime: 7.4s; Iterations = 100, grads =   1.760e-04, unitary_metric = 0.99999
Error = :1.63e-02; Runtime: 8.9s; Iterations = 120, grads =   5.479e-05, unitary_metric = 0.99999
Error = :1.07e-02; Runtime: 10.3s; Iterations = 140, grads =   2.595e-05, unitary_metric = 0.99999
Error = :8.04e-03; Runtime: 11.7s; Iterations = 160, grads =   1.484e-05, unitary_metric = 0.99999
Error = :6.49e-03; Runtime: 13.1s; Iterations = 180, grads =   9.537e-06, unitary_metric = 0.99999
Error = :5.48e-03; Runtime: 14.4s; Iterations = 200, grads =   6.563e-06, unitary_metric = 0.99999
Error = :4.78e-03; Runtime: 16.0s; Iterations = 220, grads =   4.756e-06, unitary_metric = 0.99999
Error = :4.28e-03; Runtime: 17.3s; Iterations = 240, grads =   3.590e-06, unitary_metric = 0.99999
Error = :3.89e-03; Runtime: 18.7s; Iterations = 260, grads =   2.802e-06, unitary_metric = 0.99999
Error = :3.60e-03; Runtime: 20.1s; Iterations = 280, grads =   2.411e-06, unitary_metric = 0.99999
Error = :3.36e-03; Runtime: 21.5s; Iterations = 300, grads =   1.882e-06, unitary_metric = 0.99999
Error = :3.17e-03; Runtime: 23.0s; Iterations = 320, grads =   1.524e-06, unitary_metric = 0.99999
Error = :3.01e-03; Runtime: 24.4s; Iterations = 340, grads =   1.286e-06, unitary_metric = 0.99999
Error = :2.88e-03; Runtime: 25.8s; Iterations = 360, grads =   1.100e-06, unitary_metric = 0.99999
Error = :2.77e-03; Runtime: 27.1s; Iterations = 380, grads =   9.517e-07, unitary_metric = 1.00000
Error = :2.68e-03; Runtime: 28.5s; Iterations = 400, grads =   8.314e-07, unitary_metric = 0.99999
Error = :2.61e-03; Runtime: 30.1s; Iterations = 420, grads =   7.327e-07, unitary_metric = 0.99999
Error = :2.54e-03; Runtime: 31.5s; Iterations = 440, grads =   6.506e-07, unitary_metric = 0.99999
Error = :2.48e-03; Runtime: 32.9s; Iterations = 460, grads =   5.818e-07, unitary_metric = 0.99999
Error = :2.43e-03; Runtime: 34.2s; Iterations = 480, grads =   5.233e-07, unitary_metric = 0.99999
Error = :2.38e-03; Runtime: 35.6s; Iterations = 500, grads =   4.735e-07, unitary_metric = 0.99999
Error = :2.34e-03; Runtime: 37.2s; Iterations = 520, grads =   4.309e-07, unitary_metric = 0.99999
Error = :2.30e-03; Runtime: 38.5s; Iterations = 540, grads =   3.944e-07, unitary_metric = 0.99999
Error = :2.27e-03; Runtime: 39.9s; Iterations = 560, grads =   3.632e-07, unitary_metric = 0.99999
Error = :2.23e-03; Runtime: 41.3s; Iterations = 580, grads =   3.363e-07, unitary_metric = 0.99999
Error = :2.21e-03; Runtime: 42.7s; Iterations = 600, grads =   3.163e-07, unitary_metric = 0.99999
Error = :2.18e-03; Runtime: 44.2s; Iterations = 620, grads =   8.829e-07, unitary_metric = 0.99999
Error = :2.27e-03; Runtime: 45.6s; Iterations = 640, grads =   1.004e-03, unitary_metric = 0.99999
Error = :2.15e-03; Runtime: 47.0s; Iterations = 660, grads =   1.741e-04, unitary_metric = 0.99999
Error = :2.10e-03; Runtime: 48.3s; Iterations = 680, grads =   3.896e-06, unitary_metric = 0.99999
Error = :2.08e-03; Runtime: 49.7s; Iterations = 700, grads =   3.037e-06, unitary_metric = 0.99999
Error = :2.06e-03; Runtime: 51.3s; Iterations = 720, grads =   7.098e-07, unitary_metric = 0.99999
Error = :2.03e-03; Runtime: 52.7s; Iterations = 740, grads =   2.225e-07, unitary_metric = 0.99999
Error = :2.01e-03; Runtime: 54.0s; Iterations = 760, grads =   2.167e-07, unitary_metric = 0.99999
Error = :1.99e-03; Runtime: 55.4s; Iterations = 780, grads =   1.955e-07, unitary_metric = 0.99999
Error = :1.97e-03; Runtime: 56.8s; Iterations = 800, grads =   1.836e-07, unitary_metric = 0.99999
Error = :1.96e-03; Runtime: 58.3s; Iterations = 820, grads =   1.734e-07, unitary_metric = 0.99999
Error = :1.94e-03; Runtime: 59.7s; Iterations = 840, grads =   1.559e-06, unitary_metric = 0.99999
Error = :1.95e-03; Runtime: 61.1s; Iterations = 860, grads =   2.349e-04, unitary_metric = 0.99999
Error = :1.92e-03; Runtime: 62.5s; Iterations = 880, grads =   5.914e-05, unitary_metric = 0.99999
Error = :1.90e-03; Runtime: 63.9s; Iterations = 900, grads =   1.129e-05, unitary_metric = 0.99999
Error = :1.89e-03; Runtime: 65.4s; Iterations = 920, grads =   1.323e-07, unitary_metric = 0.99999
Error = :1.89e-03; Runtime: 66.8s; Iterations = 940, grads =   1.300e-07, unitary_metric = 0.99999
Error = :1.88e-03; Runtime: 68.1s; Iterations = 960, grads =   1.324e-07, unitary_metric = 0.99999
Error = :1.88e-03; Runtime: 69.5s; Iterations = 980, grads =   1.228e-07, unitary_metric = 0.99999
Error = :1.88e-03; Runtime: 70.9s; Iterations = 1000, grads =   6.980e-07, unitary_metric = 0.99999
Error = :1.87e-03; Runtime: 72.4s; Iterations = 1020, grads =   1.728e-07, unitary_metric = 0.99999
Error = :1.87e-03; Runtime: 73.8s; Iterations = 1040, grads =   1.318e-07, unitary_metric = 0.99999
Error = :1.87e-03; Runtime: 75.2s; Iterations = 1060, grads =   1.295e-07, unitary_metric = 0.99999
Error = :1.87e-03; Runtime: 76.5s; Iterations = 1080, grads =   1.490e-07, unitary_metric = 0.99999
Error = :1.87e-03; Runtime: 77.9s; Iterations = 1100, grads =   2.742e-05, unitary_metric = 0.99999
Error = :1.91e-03; Runtime: 79.6s; Iterations = 1120, grads =   3.434e-04, unitary_metric = 0.99999
Error = :1.86e-03; Runtime: 81.0s; Iterations = 1140, grads =   1.523e-05, unitary_metric = 0.99999
Error = :1.85e-03; Runtime: 82.4s; Iterations = 1160, grads =   4.831e-07, unitary_metric = 0.99999
Error = :1.84e-03; Runtime: 83.7s; Iterations = 1180, grads =   3.727e-07, unitary_metric = 0.99999
Error = :1.81e-03; Runtime: 85.1s; Iterations = 1200, grads =   3.237e-07, unitary_metric = 0.99999
Error = :1.79e-03; Runtime: 86.6s; Iterations = 1220, grads =   2.075e-07, unitary_metric = 0.99999
Error = :1.76e-03; Runtime: 87.9s; Iterations = 1240, grads =   2.016e-07, unitary_metric = 0.99999
Error = :1.73e-03; Runtime: 89.3s; Iterations = 1260, grads =   1.874e-07, unitary_metric = 0.99999
Error = :1.70e-03; Runtime: 90.7s; Iterations = 1280, grads =   1.709e-07, unitary_metric = 0.99999
Error = :1.68e-03; Runtime: 92.1s; Iterations = 1300, grads =   1.540e-07, unitary_metric = 0.99999
Error = :1.66e-03; Runtime: 93.6s; Iterations = 1320, grads =   4.466e-07, unitary_metric = 0.99999
Error = :1.63e-03; Runtime: 95.0s; Iterations = 1340, grads =   5.268e-07, unitary_metric = 0.99999
Error = :1.65e-03; Runtime: 96.4s; Iterations = 1360, grads =   2.413e-04, unitary_metric = 0.99999
Error = :1.61e-03; Runtime: 97.8s; Iterations = 1380, grads =   6.001e-05, unitary_metric = 0.99999
Error = :1.59e-03; Runtime: 99.2s; Iterations = 1400, grads =   2.549e-05, unitary_metric = 0.99999
Error = :1.58e-03; Runtime: 100.7s; Iterations = 1420, grads =   1.008e-05, unitary_metric = 0.99999
Error = :1.56e-03; Runtime: 102.1s; Iterations = 1440, grads =   2.446e-07, unitary_metric = 0.99999
Error = :1.55e-03; Runtime: 103.5s; Iterations = 1460, grads =   2.346e-07, unitary_metric = 0.99999
Error = :1.54e-03; Runtime: 104.9s; Iterations = 1480, grads =   9.173e-08, unitary_metric = 0.99999
Error = :1.53e-03; Runtime: 106.2s; Iterations = 1500, grads =   6.275e-08, unitary_metric = 0.99999
Error = :1.53e-03; Runtime: 107.7s; Iterations = 1520, grads =   5.633e-08, unitary_metric = 0.99999
Error = :1.52e-03; Runtime: 109.1s; Iterations = 1540, grads =   5.621e-08, unitary_metric = 0.99999
Error = :1.51e-03; Runtime: 110.5s; Iterations = 1560, grads =   6.152e-07, unitary_metric = 0.99999
Error = :1.56e-03; Runtime: 111.9s; Iterations = 1580, grads =   4.732e-04, unitary_metric = 0.99999
Error = :1.51e-03; Runtime: 113.3s; Iterations = 1600, grads =   1.167e-04, unitary_metric = 0.99999
Error = :1.50e-03; Runtime: 114.9s; Iterations = 1620, grads =   2.614e-05, unitary_metric = 0.99999
Error = :1.49e-03; Runtime: 116.3s; Iterations = 1640, grads =   1.389e-05, unitary_metric = 0.99999
Error = :1.48e-03; Runtime: 117.6s; Iterations = 1660, grads =   1.121e-06, unitary_metric = 0.99999
Error = :1.48e-03; Runtime: 119.0s; Iterations = 1680, grads =   1.452e-07, unitary_metric = 0.99999
Error = :1.47e-03; Runtime: 120.4s; Iterations = 1700, grads =   6.120e-08, unitary_metric = 0.99999
Error = :1.47e-03; Runtime: 121.9s; Iterations = 1720, grads =   3.185e-08, unitary_metric = 0.99999
Error = :1.46e-03; Runtime: 123.3s; Iterations = 1740, grads =   3.027e-08, unitary_metric = 0.99999
Error = :1.46e-03; Runtime: 124.7s; Iterations = 1760, grads =   3.058e-08, unitary_metric = 0.99999
Error = :1.45e-03; Runtime: 126.1s; Iterations = 1780, grads =   2.786e-08, unitary_metric = 0.99999
Error = :1.45e-03; Runtime: 127.5s; Iterations = 1800, grads =   1.931e-07, unitary_metric = 0.99999
Error = :1.46e-03; Runtime: 129.0s; Iterations = 1820, grads =   9.291e-05, unitary_metric = 0.99999
Error = :1.49e-03; Runtime: 130.3s; Iterations = 1840, grads =   4.054e-04, unitary_metric = 0.99999
Error = :1.44e-03; Runtime: 131.7s; Iterations = 1860, grads =   3.533e-05, unitary_metric = 0.99999
Error = :1.44e-03; Runtime: 133.1s; Iterations = 1880, grads =   4.089e-07, unitary_metric = 0.99999
Error = :1.43e-03; Runtime: 134.5s; Iterations = 1900, grads =   9.833e-07, unitary_metric = 0.99999
Error = :1.43e-03; Runtime: 136.0s; Iterations = 1920, grads =   2.413e-08, unitary_metric = 0.99999
Error = :1.43e-03; Runtime: 137.4s; Iterations = 1940, grads =   2.699e-08, unitary_metric = 0.99999
Error = :1.42e-03; Runtime: 138.8s; Iterations = 1960, grads =   1.803e-08, unitary_metric = 0.99999
Error = :1.42e-03; Runtime: 140.2s; Iterations = 1980, grads =   1.608e-08, unitary_metric = 0.99999
Error = :1.42e-03; Runtime: 141.6s; Iterations = 2000, grads =   2.009e-07, unitary_metric = 0.99999
Error = :1.42e-03; Runtime: 143.1s; Iterations = 2020, grads =   4.106e-08, unitary_metric = 0.99999
Error = :1.41e-03; Runtime: 144.5s; Iterations = 2040, grads =   9.955e-07, unitary_metric = 0.99999
Error = :1.44e-03; Runtime: 145.9s; Iterations = 2060, grads =   1.442e-04, unitary_metric = 0.99999
Error = :1.41e-03; Runtime: 147.2s; Iterations = 2080, grads =   1.616e-05, unitary_metric = 0.99999
Error = :1.41e-03; Runtime: 148.6s; Iterations = 2100, grads =   2.727e-06, unitary_metric = 0.99999
Error = :1.44e-03; Runtime: 150.1s; Iterations = 2120, grads =   2.959e-04, unitary_metric = 0.99999
Error = :1.41e-03; Runtime: 151.5s; Iterations = 2140, grads =   3.039e-05, unitary_metric = 0.99999
Error = :1.40e-03; Runtime: 152.9s; Iterations = 2160, grads =   7.712e-06, unitary_metric = 0.99999
Error = :1.40e-03; Runtime: 154.3s; Iterations = 2180, grads =   5.247e-07, unitary_metric = 0.99999
Error = :1.40e-03; Runtime: 155.7s; Iterations = 2200, grads =   6.844e-08, unitary_metric = 0.99999
Error = :1.40e-03; Runtime: 157.2s; Iterations = 2220, grads =   2.924e-08, unitary_metric = 0.99999
Error = :1.39e-03; Runtime: 158.6s; Iterations = 2240, grads =   5.391e-08, unitary_metric = 0.99999
Error = :1.39e-03; Runtime: 159.9s; Iterations = 2260, grads =   5.934e-06, unitary_metric = 0.99999
Error = :1.39e-03; Runtime: 161.3s; Iterations = 2280, grads =   7.287e-07, unitary_metric = 0.99999
Error = :1.39e-03; Runtime: 162.7s; Iterations = 2300, grads =   6.288e-07, unitary_metric = 0.99999
Error = :1.39e-03; Runtime: 164.2s; Iterations = 2320, grads =   1.216e-07, unitary_metric = 0.99999
Error = :1.39e-03; Runtime: 165.6s; Iterations = 2340, grads =   2.321e-08, unitary_metric = 0.99999
Error = :1.39e-03; Runtime: 166.9s; Iterations = 2360, grads =   6.827e-07, unitary_metric = 0.99999
Error = :1.44e-03; Runtime: 168.3s; Iterations = 2380, grads =   4.317e-04, unitary_metric = 0.99999
Error = :1.39e-03; Runtime: 169.7s; Iterations = 2400, grads =   3.905e-05, unitary_metric = 0.99999
Error = :1.38e-03; Runtime: 171.2s; Iterations = 2420, grads =   3.695e-06, unitary_metric = 0.99999
Error = :1.38e-03; Runtime: 172.7s; Iterations = 2440, grads =   4.314e-07, unitary_metric = 0.99999
Error = :1.38e-03; Runtime: 174.0s; Iterations = 2460, grads =   7.677e-08, unitary_metric = 0.99999
Error = :1.38e-03; Runtime: 175.4s; Iterations = 2480, grads =   1.072e-05, unitary_metric = 0.99999
Error = :1.38e-03; Runtime: 176.8s; Iterations = 2500, grads =   4.129e-05, unitary_metric = 0.99999
Error = :1.38e-03; Runtime: 178.3s; Iterations = 2520, grads =   1.815e-06, unitary_metric = 0.99999
Error = :1.37e-03; Runtime: 179.6s; Iterations = 2540, grads =   1.730e-06, unitary_metric = 0.99999
Error = :1.37e-03; Runtime: 181.0s; Iterations = 2560, grads =   2.989e-07, unitary_metric = 0.99999
Error = :1.37e-03; Runtime: 182.4s; Iterations = 2580, grads =   2.174e-08, unitary_metric = 0.99999
Error = :1.37e-03; Runtime: 183.8s; Iterations = 2600, grads =   6.367e-09, unitary_metric = 0.99999
Error = :1.37e-03; Runtime: 185.5s; Iterations = 2620, grads =   6.875e-09, unitary_metric = 0.99999
Error = :1.37e-03; Runtime: 186.8s; Iterations = 2640, grads =   1.162e-08, unitary_metric = 0.99999
Error = :1.37e-03; Runtime: 188.2s; Iterations = 2660, grads =   5.342e-07, unitary_metric = 0.99999
Error = :1.39e-03; Runtime: 189.6s; Iterations = 2680, grads =   1.796e-04, unitary_metric = 0.99999
Error = :1.37e-03; Runtime: 191.0s; Iterations = 2700, grads =   4.523e-06, unitary_metric = 0.99999
Error = :1.37e-03; Runtime: 192.5s; Iterations = 2720, grads =   4.882e-05, unitary_metric = 0.99999
Error = :1.38e-03; Runtime: 193.9s; Iterations = 2740, grads =   1.333e-04, unitary_metric = 0.99999
Error = :1.36e-03; Runtime: 195.3s; Iterations = 2760, grads =   5.735e-06, unitary_metric = 0.99999
Error = :1.36e-03; Runtime: 196.6s; Iterations = 2780, grads =   4.772e-07, unitary_metric = 0.99999
Error = :1.36e-03; Runtime: 198.0s; Iterations = 2800, grads =   1.327e-07, unitary_metric = 0.99999
Error = :1.36e-03; Runtime: 199.5s; Iterations = 2820, grads =   6.962e-08, unitary_metric = 0.99999
Error = :1.36e-03; Runtime: 200.9s; Iterations = 2840, grads =   6.411e-09, unitary_metric = 0.99999
Error = :1.36e-03; Runtime: 202.3s; Iterations = 2860, grads =   6.017e-09, unitary_metric = 0.99999
Error = :1.36e-03; Runtime: 203.7s; Iterations = 2880, grads =   4.451e-09, unitary_metric = 0.99999
Error = :1.36e-03; Runtime: 205.1s; Iterations = 2900, grads =   1.267e-08, unitary_metric = 0.99999
Error = :1.36e-03; Runtime: 206.6s; Iterations = 2920, grads =   6.722e-07, unitary_metric = 0.99999
Error = :1.39e-03; Runtime: 207.9s; Iterations = 2940, grads =   2.461e-04, unitary_metric = 0.99999
Error = :1.36e-03; Runtime: 209.3s; Iterations = 2960, grads =   2.686e-05, unitary_metric = 0.99999
Error = :1.36e-03; Runtime: 210.7s; Iterations = 2980, grads =   3.828e-05, unitary_metric = 0.99999
Error = :1.35e-03; Runtime: 212.1s; Iterations = 3000, grads =   3.235e-06, unitary_metric = 0.99999
Error = :1.35e-03; Runtime: 213.6s; Iterations = 3020, grads =   2.675e-07, unitary_metric = 0.99999
Error = :1.35e-03; Runtime: 215.0s; Iterations = 3040, grads =   1.148e-07, unitary_metric = 0.99999
Error = :1.35e-03; Runtime: 216.4s; Iterations = 3060, grads =   3.831e-08, unitary_metric = 0.99999
Error = :1.35e-03; Runtime: 217.8s; Iterations = 3080, grads =   3.291e-09, unitary_metric = 0.99999
Error = :1.35e-03; Runtime: 219.2s; Iterations = 3100, grads =   5.151e-09, unitary_metric = 0.99999
Error = :1.35e-03; Runtime: 220.7s; Iterations = 3120, grads =   2.658e-09, unitary_metric = 0.99999
Error = :1.35e-03; Runtime: 222.1s; Iterations = 3140, grads =   5.295e-09, unitary_metric = 0.99999
Error = :1.35e-03; Runtime: 223.4s; Iterations = 3160, grads =   1.508e-08, unitary_metric = 0.99999
Error = :1.35e-03; Runtime: 224.8s; Iterations = 3180, grads =   5.273e-07, unitary_metric = 0.99999
Error = :1.36e-03; Runtime: 226.2s; Iterations = 3200, grads =   5.540e-05, unitary_metric = 0.99999
Error = :1.35e-03; Runtime: 227.7s; Iterations = 3220, grads =   6.183e-05, unitary_metric = 0.99999
Error = :1.35e-03; Runtime: 229.1s; Iterations = 3240, grads =   4.193e-05, unitary_metric = 0.99999
Error = :1.34e-03; Runtime: 230.5s; Iterations = 3260, grads =   4.992e-06, unitary_metric = 0.99999
Error = :1.34e-03; Runtime: 231.9s; Iterations = 3280, grads =   5.155e-07, unitary_metric = 0.99999
Error = :1.34e-03; Runtime: 233.3s; Iterations = 3300, grads =   2.841e-08, unitary_metric = 0.99999
Error = :1.34e-03; Runtime: 234.8s; Iterations = 3320, grads =   2.034e-08, unitary_metric = 0.99999
Error = :1.34e-03; Runtime: 236.2s; Iterations = 3340, grads =   2.556e-09, unitary_metric = 0.99999
Error = :1.34e-03; Runtime: 237.6s; Iterations = 3360, grads =   3.244e-09, unitary_metric = 0.99999
Error = :1.34e-03; Runtime: 238.9s; Iterations = 3380, grads =   1.238e-08, unitary_metric = 0.99999
Error = :1.34e-03; Runtime: 240.3s; Iterations = 3400, grads =   1.714e-06, unitary_metric = 0.99999
Error = :1.34e-03; Runtime: 241.9s; Iterations = 3420, grads =   1.051e-05, unitary_metric = 0.99999
Error = :1.34e-03; Runtime: 243.2s; Iterations = 3440, grads =   3.571e-06, unitary_metric = 0.99999
Error = :1.37e-03; Runtime: 244.6s; Iterations = 3460, grads =   2.659e-04, unitary_metric = 0.99999
Error = :1.34e-03; Runtime: 246.0s; Iterations = 3480, grads =   1.725e-05, unitary_metric = 0.99999
Error = :1.34e-03; Runtime: 247.4s; Iterations = 3500, grads =   2.211e-06, unitary_metric = 0.99999
Error = :1.34e-03; Runtime: 248.9s; Iterations = 3520, grads =   3.443e-07, unitary_metric = 0.99999
Error = :1.34e-03; Runtime: 250.3s; Iterations = 3540, grads =   7.003e-08, unitary_metric = 0.99999
Error = :1.34e-03; Runtime: 251.7s; Iterations = 3560, grads =   3.172e-09, unitary_metric = 0.99999
Error = :1.34e-03; Runtime: 253.0s; Iterations = 3580, grads =   2.460e-09, unitary_metric = 0.99999
Error = :1.34e-03; Runtime: 254.4s; Iterations = 3600, grads =   3.359e-09, unitary_metric = 0.99999
Error = :1.34e-03; Runtime: 256.1s; Iterations = 3620, grads =   1.516e-08, unitary_metric = 0.99999
Error = :1.34e-03; Runtime: 257.4s; Iterations = 3640, grads =   2.520e-06, unitary_metric = 0.99999
Error = :1.33e-03; Runtime: 258.8s; Iterations = 3660, grads =   5.396e-07, unitary_metric = 0.99999
Error = :1.34e-03; Runtime: 260.2s; Iterations = 3680, grads =   5.550e-05, unitary_metric = 0.99999
Error = :1.34e-03; Runtime: 261.6s; Iterations = 3700, grads =   1.436e-05, unitary_metric = 0.99999
Error = :1.34e-03; Runtime: 263.2s; Iterations = 3720, grads =   3.700e-05, unitary_metric = 0.99999
Error = :1.33e-03; Runtime: 264.5s; Iterations = 3740, grads =   6.598e-06, unitary_metric = 0.99999
Error = :1.33e-03; Runtime: 265.9s; Iterations = 3760, grads =   1.062e-06, unitary_metric = 0.99999
Error = :1.33e-03; Runtime: 267.3s; Iterations = 3780, grads =   9.791e-08, unitary_metric = 0.99999
Error = :1.33e-03; Runtime: 268.6s; Iterations = 3800, grads =   3.176e-09, unitary_metric = 0.99999
Error = :1.33e-03; Runtime: 270.2s; Iterations = 3820, grads =   5.464e-09, unitary_metric = 0.99999
Error = :1.33e-03; Runtime: 271.6s; Iterations = 3840, grads =   6.010e-09, unitary_metric = 0.99999
Error = :1.33e-03; Runtime: 273.0s; Iterations = 3860, grads =   1.110e-07, unitary_metric = 0.99999
Error = :1.33e-03; Runtime: 274.4s; Iterations = 3880, grads =   1.367e-05, unitary_metric = 0.99999
Error = :1.33e-03; Runtime: 275.7s; Iterations = 3900, grads =   1.362e-05, unitary_metric = 0.99999
Error = :1.33e-03; Runtime: 277.2s; Iterations = 3920, grads =   1.875e-05, unitary_metric = 0.99999
Error = :1.34e-03; Runtime: 278.6s; Iterations = 3940, grads =   6.100e-05, unitary_metric = 0.99999
Error = :1.33e-03; Runtime: 280.0s; Iterations = 3960, grads =   8.302e-07, unitary_metric = 0.99999
Error = :1.33e-03; Runtime: 281.4s; Iterations = 3980, grads =   7.362e-07, unitary_metric = 0.99999
Error = :1.33e-03; Runtime: 282.7s; Iterations = 4000, grads =   7.541e-09, unitary_metric = 0.99999
Error = :1.33e-03; Runtime: 284.2s; Iterations = 4020, grads =   1.003e-08, unitary_metric = 0.99999
Error = :1.33e-03; Runtime: 285.7s; Iterations = 4040, grads =   7.529e-09, unitary_metric = 0.99999
Error = :1.33e-03; Runtime: 287.0s; Iterations = 4060, grads =   4.839e-08, unitary_metric = 0.99999
Error = :1.33e-03; Runtime: 288.4s; Iterations = 4080, grads =   3.693e-06, unitary_metric = 0.99999
Error = :1.32e-03; Runtime: 289.8s; Iterations = 4100, grads =   1.323e-06, unitary_metric = 0.99999
Error = :1.33e-03; Runtime: 291.3s; Iterations = 4120, grads =   3.438e-05, unitary_metric = 0.99999
Error = :1.33e-03; Runtime: 292.7s; Iterations = 4140, grads =   1.318e-05, unitary_metric = 0.99999
Error = :1.32e-03; Runtime: 294.1s; Iterations = 4160, grads =   2.018e-06, unitary_metric = 0.99999
Error = :1.32e-03; Runtime: 295.5s; Iterations = 4180, grads =   6.708e-07, unitary_metric = 0.99999
Error = :1.33e-03; Runtime: 296.9s; Iterations = 4200, grads =   6.901e-05, unitary_metric = 0.99999
Error = :1.32e-03; Runtime: 298.3s; Iterations = 4220, grads =   7.144e-07, unitary_metric = 0.99999
Error = :1.32e-03; Runtime: 299.7s; Iterations = 4240, grads =   5.276e-06, unitary_metric = 0.99999
Error = :1.32e-03; Runtime: 301.1s; Iterations = 4260, grads =   1.037e-06, unitary_metric = 0.99999
Error = :1.32e-03; Runtime: 302.5s; Iterations = 4280, grads =   1.575e-06, unitary_metric = 0.99999
Error = :1.32e-03; Runtime: 303.9s; Iterations = 4300, grads =   4.639e-06, unitary_metric = 0.99999
Error = :1.32e-03; Runtime: 305.4s; Iterations = 4320, grads =   1.472e-06, unitary_metric = 0.99999
Error = :1.32e-03; Runtime: 306.8s; Iterations = 4340, grads =   3.581e-06, unitary_metric = 0.99999
Error = :1.32e-03; Runtime: 308.2s; Iterations = 4360, grads =   5.807e-07, unitary_metric = 0.99999
Error = :1.32e-03; Runtime: 309.6s; Iterations = 4380, grads =   1.292e-06, unitary_metric = 0.99999
Error = :1.32e-03; Runtime: 310.9s; Iterations = 4400, grads =   7.004e-07, unitary_metric = 0.99999
Error = :1.32e-03; Runtime: 312.4s; Iterations = 4420, grads =   3.189e-05, unitary_metric = 0.99999
Error = :1.32e-03; Runtime: 313.8s; Iterations = 4440, grads =   6.392e-06, unitary_metric = 0.99999
Error = :1.32e-03; Runtime: 315.2s; Iterations = 4460, grads =   2.461e-07, unitary_metric = 0.99999
Error = :1.32e-03; Runtime: 316.6s; Iterations = 4480, grads =   1.392e-05, unitary_metric = 0.99999
Error = :1.32e-03; Runtime: 318.0s; Iterations = 4500, grads =   2.382e-06, unitary_metric = 0.99999
Error = :1.32e-03; Runtime: 319.5s; Iterations = 4520, grads =   2.039e-07, unitary_metric = 0.99999
Error = :1.32e-03; Runtime: 320.8s; Iterations = 4540, grads =   2.464e-08, unitary_metric = 0.99999
Error = :1.32e-03; Runtime: 322.3s; Iterations = 4560, grads =   2.287e-08, unitary_metric = 0.99999
Error = :1.32e-03; Runtime: 323.7s; Iterations = 4580, grads =   1.480e-06, unitary_metric = 0.99999
Error = :1.32e-03; Runtime: 325.0s; Iterations = 4600, grads =   3.603e-05, unitary_metric = 0.99999
Error = :1.32e-03; Runtime: 326.5s; Iterations = 4620, grads =   5.009e-06, unitary_metric = 0.99999
Error = :1.32e-03; Runtime: 327.9s; Iterations = 4640, grads =   2.299e-06, unitary_metric = 0.99999
Error = :1.32e-03; Runtime: 329.3s; Iterations = 4660, grads =   1.032e-05, unitary_metric = 0.99999
Error = :1.32e-03; Runtime: 330.7s; Iterations = 4680, grads =   6.234e-07, unitary_metric = 0.99999
Error = :1.32e-03; Runtime: 332.0s; Iterations = 4700, grads =   1.781e-08, unitary_metric = 0.99999
Error = :1.32e-03; Runtime: 333.6s; Iterations = 4720, grads =   3.176e-09, unitary_metric = 0.99999
Error = :1.32e-03; Runtime: 335.0s; Iterations = 4740, grads =   9.025e-09, unitary_metric = 0.99999
Error = :1.31e-03; Runtime: 336.3s; Iterations = 4760, grads =   2.361e-09, unitary_metric = 0.99999
Error = :1.31e-03; Runtime: 337.7s; Iterations = 4780, grads =   1.771e-08, unitary_metric = 0.99999
Error = :1.31e-03; Runtime: 339.1s; Iterations = 4800, grads =   1.309e-06, unitary_metric = 0.99999
Error = :1.32e-03; Runtime: 340.6s; Iterations = 4820, grads =   5.220e-05, unitary_metric = 0.99999
Error = :1.31e-03; Runtime: 342.0s; Iterations = 4840, grads =   6.582e-06, unitary_metric = 0.99999
Error = :1.31e-03; Runtime: 343.4s; Iterations = 4860, grads =   1.881e-06, unitary_metric = 0.99999
Error = :1.32e-03; Runtime: 344.8s; Iterations = 4880, grads =   3.480e-05, unitary_metric = 0.99999
Error = :1.31e-03; Runtime: 346.1s; Iterations = 4900, grads =   1.012e-06, unitary_metric = 0.99999
Error = :1.31e-03; Runtime: 347.7s; Iterations = 4920, grads =   6.769e-07, unitary_metric = 0.99999
Error = :1.31e-03; Runtime: 349.0s; Iterations = 4940, grads =   5.800e-09, unitary_metric = 0.99999
Error = :1.31e-03; Runtime: 350.4s; Iterations = 4960, grads =   1.350e-08, unitary_metric = 0.99999
Error = :1.31e-03; Runtime: 351.8s; Iterations = 4980, grads =   5.099e-09, unitary_metric = 0.99999
Error = :1.31e-03; Runtime: 353.2s; Iterations = 5000, grads =   4.501e-08, unitary_metric = 0.99999
Error = :1.31e-03; Runtime: 354.7s; Iterations = 5020, grads =   6.173e-06, unitary_metric = 0.99999
Error = :1.31e-03; Runtime: 356.1s; Iterations = 5040, grads =   9.295e-07, unitary_metric = 0.99999
Error = :1.32e-03; Runtime: 357.5s; Iterations = 5060, grads =   3.189e-05, unitary_metric = 0.99999
Error = :1.32e-03; Runtime: 358.9s; Iterations = 5080, grads =   2.775e-05, unitary_metric = 0.99999
Error = :1.31e-03; Runtime: 360.2s; Iterations = 5100, grads =   1.574e-06, unitary_metric = 0.99999
Error = :1.31e-03; Runtime: 361.8s; Iterations = 5120, grads =   2.006e-07, unitary_metric = 0.99999
Error = :1.31e-03; Runtime: 363.2s; Iterations = 5140, grads =   4.991e-08, unitary_metric = 0.99999
Error = :1.31e-03; Runtime: 364.6s; Iterations = 5160, grads =   1.466e-08, unitary_metric = 0.99999
Error = :1.31e-03; Runtime: 366.0s; Iterations = 5180, grads =   1.389e-09, unitary_metric = 0.99999
Error = :1.31e-03; Runtime: 367.3s; Iterations = 5200, grads =   5.988e-09, unitary_metric = 0.99999
Error = :1.31e-03; Runtime: 368.8s; Iterations = 5220, grads =   1.343e-09, unitary_metric = 0.99999
Error = :1.31e-03; Runtime: 370.2s; Iterations = 5240, grads =   4.809e-09, unitary_metric = 0.99999
Error = :1.31e-03; Runtime: 371.6s; Iterations = 5260, grads =   1.882e-07, unitary_metric = 0.99999
Error = :1.32e-03; Runtime: 373.0s; Iterations = 5280, grads =   2.883e-05, unitary_metric = 0.99999
Error = :1.31e-03; Runtime: 374.3s; Iterations = 5300, grads =   1.863e-05, unitary_metric = 0.99999
Error = :1.31e-03; Runtime: 376.0s; Iterations = 5320, grads =   1.035e-05, unitary_metric = 0.99999
Error = :1.31e-03; Runtime: 377.4s; Iterations = 5340, grads =   5.380e-07, unitary_metric = 0.99999
Error = :1.31e-03; Runtime: 378.8s; Iterations = 5360, grads =   5.600e-08, unitary_metric = 0.99999
Error = :1.31e-03; Runtime: 380.1s; Iterations = 5380, grads =   1.500e-08, unitary_metric = 0.99999
Error = :1.31e-03; Runtime: 381.6s; Iterations = 5400, grads =   2.343e-09, unitary_metric = 0.99999
Error = :1.31e-03; Runtime: 383.1s; Iterations = 5420, grads =   3.660e-09, unitary_metric = 0.99999
Error = :1.31e-03; Runtime: 384.5s; Iterations = 5440, grads =   9.620e-09, unitary_metric = 0.99999
Error = :1.31e-03; Runtime: 385.9s; Iterations = 5460, grads =   6.145e-08, unitary_metric = 0.99999
Error = :1.31e-03; Runtime: 387.2s; Iterations = 5480, grads =   3.557e-06, unitary_metric = 0.99999
Error = :1.31e-03; Runtime: 388.6s; Iterations = 5500, grads =   4.628e-06, unitary_metric = 0.99999
Error = :1.31e-03; Runtime: 390.1s; Iterations = 5520, grads =   1.445e-05, unitary_metric = 0.99999
Error = :1.31e-03; Runtime: 391.5s; Iterations = 5540, grads =   4.043e-06, unitary_metric = 0.99999
Error = :1.31e-03; Runtime: 392.9s; Iterations = 5560, grads =   4.123e-07, unitary_metric = 0.99999
Error = :1.31e-03; Runtime: 394.3s; Iterations = 5580, grads =   5.689e-07, unitary_metric = 0.99999
Error = :1.31e-03; Runtime: 395.7s; Iterations = 5600, grads =   5.320e-08, unitary_metric = 0.99999
Error = :1.31e-03; Runtime: 397.2s; Iterations = 5620, grads =   3.322e-08, unitary_metric = 0.99999
Error = :1.31e-03; Runtime: 398.6s; Iterations = 5640, grads =   7.163e-08, unitary_metric = 0.99999
Error = :1.32e-03; Runtime: 400.0s; Iterations = 5660, grads =   5.003e-06, unitary_metric = 0.99999
Error = :1.32e-03; Runtime: 401.4s; Iterations = 5680, grads =   1.785e-06, unitary_metric = 0.99999
Error = :1.32e-03; Runtime: 402.7s; Iterations = 5700, grads =   3.737e-05, unitary_metric = 0.99999
Error = :1.32e-03; Runtime: 404.3s; Iterations = 5720, grads =   2.442e-06, unitary_metric = 0.99999
Error = :1.32e-03; Runtime: 405.6s; Iterations = 5740, grads =   3.224e-06, unitary_metric = 0.99999
Error = :1.32e-03; Runtime: 407.0s; Iterations = 5760, grads =   1.678e-07, unitary_metric = 0.99999
Error = :1.32e-03; Runtime: 408.4s; Iterations = 5780, grads =   3.975e-08, unitary_metric = 0.99999
Error = :1.32e-03; Runtime: 409.8s; Iterations = 5800, grads =   5.183e-09, unitary_metric = 0.99999
Error = :1.32e-03; Runtime: 411.3s; Iterations = 5820, grads =   1.620e-08, unitary_metric = 0.99999
Error = :1.32e-03; Runtime: 412.7s; Iterations = 5840, grads =   8.727e-07, unitary_metric = 0.99999
Error = :1.32e-03; Runtime: 414.1s; Iterations = 5860, grads =   1.452e-08, unitary_metric = 0.99999
Error = :1.33e-03; Runtime: 415.5s; Iterations = 5880, grads =   2.989e-07, unitary_metric = 0.99999
Error = :1.33e-03; Runtime: 416.9s; Iterations = 5900, grads =   3.417e-07, unitary_metric = 0.99999
Error = :1.33e-03; Runtime: 418.3s; Iterations = 5920, grads =   2.089e-05, unitary_metric = 0.99999
Error = :1.33e-03; Runtime: 419.7s; Iterations = 5940, grads =   4.723e-06, unitary_metric = 0.99999
Error = :1.33e-03; Runtime: 421.1s; Iterations = 5960, grads =   7.927e-07, unitary_metric = 0.99999
Error = :1.33e-03; Runtime: 422.5s; Iterations = 5980, grads =   1.544e-07, unitary_metric = 0.99999
Error = :1.34e-03; Runtime: 423.9s; Iterations = 6000, grads =   2.216e-08, unitary_metric = 0.99999
data saved at: /project/ftchong/qoc/pranav/00013_31_h2o_slice_60.h5


trying total_time: 4.35 for unitary of size (16, 16)
data saved at: /project/ftchong/qoc/pranav/00014_31_h2o_slice_60.h5
Using 7 Taylor terms and 2 Scaling & Squaring terms
Building graph:
Propagators initialized.
Operators weight initialized.
Intermediate propagation variables initialized.
Intermediate propagators initialized.
Vectors initialized.
Training loss initialized.
Optimizer initialized.
Utilities initialized.
Graph built!
Initialized
Error = :7.71e-01; Runtime: 0.2s; Iterations = 0, grads =   3.642e-02, unitary_metric = 1.00000
Error = :5.49e-01; Runtime: 2.1s; Iterations = 20, grads =   7.480e-03, unitary_metric = 1.00000
Error = :4.92e-01; Runtime: 3.8s; Iterations = 40, grads =   2.483e-03, unitary_metric = 1.00000
Error = :3.65e-01; Runtime: 5.4s; Iterations = 60, grads =   5.574e-03, unitary_metric = 1.00000
Error = :7.23e-02; Runtime: 6.9s; Iterations = 80, grads =   1.098e-03, unitary_metric = 1.00000
Error = :1.00e-02; Runtime: 8.5s; Iterations = 100, grads =   1.421e-04, unitary_metric = 1.00000
Error = :1.20e-03; Runtime: 10.3s; Iterations = 120, grads =   1.137e-05, unitary_metric = 1.00000
Error = :9.83e-04; Runtime: 10.4s; Iterations = 122, grads =   9.584e-06, unitary_metric = 1.00000
data saved at: /project/ftchong/qoc/pranav/00014_31_h2o_slice_60.h5


trying total_time: 4.05 for unitary of size (16, 16)
data saved at: /project/ftchong/qoc/pranav/00015_31_h2o_slice_60.h5
Using 7 Taylor terms and 2 Scaling & Squaring terms
Building graph:
Propagators initialized.
Operators weight initialized.
Intermediate propagation variables initialized.
Intermediate propagators initialized.
Vectors initialized.
Training loss initialized.
Optimizer initialized.
Utilities initialized.
Graph built!
Initialized
Error = :7.70e-01; Runtime: 0.2s; Iterations = 0, grads =   4.306e-02, unitary_metric = 1.00000
Error = :5.41e-01; Runtime: 2.0s; Iterations = 20, grads =   8.080e-03, unitary_metric = 1.00000
Error = :4.81e-01; Runtime: 3.4s; Iterations = 40, grads =   1.589e-03, unitary_metric = 1.00000
Error = :2.93e-01; Runtime: 5.0s; Iterations = 60, grads =   4.069e-03, unitary_metric = 1.00000
Error = :7.79e-02; Runtime: 6.4s; Iterations = 80, grads =   1.119e-03, unitary_metric = 1.00000
Error = :1.57e-02; Runtime: 8.0s; Iterations = 100, grads =   1.207e-04, unitary_metric = 0.99999
Error = :4.66e-03; Runtime: 9.6s; Iterations = 120, grads =   2.470e-05, unitary_metric = 1.00000
Error = :1.95e-03; Runtime: 11.1s; Iterations = 140, grads =   7.822e-06, unitary_metric = 0.99999
Error = :9.81e-04; Runtime: 12.6s; Iterations = 160, grads =   3.330e-06, unitary_metric = 1.00000
data saved at: /project/ftchong/qoc/pranav/00015_31_h2o_slice_60.h5


trying total_time: 10.0 for unitary of size (4, 4)
data saved at: /project/ftchong/qoc/pranav/00016_31_h2o_slice_60.h5
Using 6 Taylor terms and 1 Scaling & Squaring terms
Building graph:
Propagators initialized.
Operators weight initialized.
Intermediate propagation variables initialized.
Intermediate propagators initialized.
Vectors initialized.
Training loss initialized.
Optimizer initialized.
Utilities initialized.
Graph built!
Initialized
Error = :1.44e-02; Runtime: 0.3s; Iterations = 0, grads =   2.850e-01, unitary_metric = 1.00000
Error = :1.05e-02; Runtime: 2.2s; Iterations = 20, grads =   2.260e-01, unitary_metric = 1.00000
Error = :1.85e-03; Runtime: 3.7s; Iterations = 40, grads =   4.015e-02, unitary_metric = 1.00000
Error = :9.08e-04; Runtime: 3.8s; Iterations = 42, grads =   1.941e-02, unitary_metric = 1.00000
data saved at: /project/ftchong/qoc/pranav/00016_31_h2o_slice_60.h5


trying total_time: 5.0 for unitary of size (4, 4)
data saved at: /project/ftchong/qoc/pranav/00017_31_h2o_slice_60.h5
Using 6 Taylor terms and 1 Scaling & Squaring terms
Building graph:
Propagators initialized.
Operators weight initialized.
Intermediate propagation variables initialized.
Intermediate propagators initialized.
Vectors initialized.
Training loss initialized.
Optimizer initialized.
Utilities initialized.
Graph built!
Initialized
Error = :1.52e-01; Runtime: 0.1s; Iterations = 0, grads =   1.363e+00, unitary_metric = 1.00000
Error = :8.43e-04; Runtime: 0.9s; Iterations = 14, grads =   8.440e-03, unitary_metric = 1.00000
data saved at: /project/ftchong/qoc/pranav/00017_31_h2o_slice_60.h5


trying total_time: 2.5 for unitary of size (4, 4)
data saved at: /project/ftchong/qoc/pranav/00018_31_h2o_slice_60.h5
Using 6 Taylor terms and 1 Scaling & Squaring terms
Building graph:
Propagators initialized.
Operators weight initialized.
Intermediate propagation variables initialized.
Intermediate propagators initialized.
Vectors initialized.
Training loss initialized.
Optimizer initialized.
Utilities initialized.
Graph built!
Initialized
Error = :2.23e-01; Runtime: 0.1s; Iterations = 0, grads =   9.043e-01, unitary_metric = 1.00000
Error = :1.41e-02; Runtime: 0.6s; Iterations = 20, grads =   7.444e-02, unitary_metric = 1.00000
Error = :7.09e-04; Runtime: 0.7s; Iterations = 26, grads =   3.515e-03, unitary_metric = 1.00000
data saved at: /project/ftchong/qoc/pranav/00018_31_h2o_slice_60.h5


trying total_time: 1.25 for unitary of size (4, 4)
data saved at: /project/ftchong/qoc/pranav/00019_31_h2o_slice_60.h5
Using 6 Taylor terms and 1 Scaling & Squaring terms
Building graph:
Propagators initialized.
Operators weight initialized.
Intermediate propagation variables initialized.
Intermediate propagators initialized.
Vectors initialized.
Training loss initialized.
Optimizer initialized.
Utilities initialized.
Graph built!
Initialized
Error = :2.42e-02; Runtime: 0.1s; Iterations = 0, grads =   4.833e-02, unitary_metric = 1.00000
Error = :9.92e-04; Runtime: 0.3s; Iterations = 16, grads =   1.778e-03, unitary_metric = 1.00000
data saved at: /project/ftchong/qoc/pranav/00019_31_h2o_slice_60.h5


trying total_time: 0.6 for unitary of size (4, 4)
data saved at: /project/ftchong/qoc/pranav/00020_31_h2o_slice_60.h5
Using 7 Taylor terms and 0 Scaling & Squaring terms
Building graph:
Propagators initialized.
Operators weight initialized.
Intermediate propagation variables initialized.
Intermediate propagators initialized.
Vectors initialized.
Training loss initialized.
Optimizer initialized.
Utilities initialized.
Graph built!
Initialized
Error = :1.23e-02; Runtime: 0.0s; Iterations = 0, grads =   1.499e-02, unitary_metric = 1.00000
Error = :8.98e-04; Runtime: 0.2s; Iterations = 3, grads =   1.058e-03, unitary_metric = 1.00000
data saved at: /project/ftchong/qoc/pranav/00020_31_h2o_slice_60.h5


trying total_time: 0.3 for unitary of size (4, 4)
data saved at: /project/ftchong/qoc/pranav/00021_31_h2o_slice_60.h5
Using 5 Taylor terms and 1 Scaling & Squaring terms
Building graph:
Propagators initialized.
Operators weight initialized.
Intermediate propagation variables initialized.
Intermediate propagators initialized.
Vectors initialized.
Training loss initialized.
Optimizer initialized.
Utilities initialized.
Graph built!
Initialized
Error = :1.30e-01; Runtime: 0.0s; Iterations = 0, grads =   6.160e-02, unitary_metric = 1.00000
Error = :1.62e-03; Runtime: 0.2s; Iterations = 20, grads =   9.094e-04, unitary_metric = 1.00000
Error = :8.93e-04; Runtime: 0.2s; Iterations = 21, grads =   4.928e-04, unitary_metric = 1.00000
data saved at: /project/ftchong/qoc/pranav/00021_31_h2o_slice_60.h5




[0.3, 4.05, 0.3]
TIME FOR SLICE IS:
4.05
