Running Block:  90


trying total_time: 40.0 for unitary of size (16, 16)
data saved at: /project/ftchong/qoc/pranav/00000_31_h2o_slice_90.h5
Using 5 Taylor terms and 4 Scaling & Squaring terms
Building graph:
Propagators initialized.
Operators weight initialized.
Intermediate propagation variables initialized.
Intermediate propagators initialized.
Vectors initialized.
Training loss initialized.
Optimizer initialized.
Utilities initialized.
Graph built!
Initialized
Error = :1.05e-01; Runtime: 1.4s; Iterations = 0, grads =   7.718e+00, unitary_metric = 1.00043
Error = :5.78e-01; Runtime: 19.6s; Iterations = 20, grads =   1.524e+01, unitary_metric = 1.00025
Error = :5.27e-02; Runtime: 35.1s; Iterations = 40, grads =   4.200e+00, unitary_metric = 1.00025
Error = :9.80e-03; Runtime: 50.7s; Iterations = 60, grads =   8.505e-01, unitary_metric = 1.00023
Error = :4.27e-04; Runtime: 56.2s; Iterations = 67, grads =   5.403e-02, unitary_metric = 1.00022
data saved at: /project/ftchong/qoc/pranav/00000_31_h2o_slice_90.h5


trying total_time: 20.0 for unitary of size (16, 16)
data saved at: /project/ftchong/qoc/pranav/00001_31_h2o_slice_90.h5
Using 7 Taylor terms and 2 Scaling & Squaring terms
Building graph:
Propagators initialized.
Operators weight initialized.
Intermediate propagation variables initialized.
Intermediate propagators initialized.
Vectors initialized.
Training loss initialized.
Optimizer initialized.
Utilities initialized.
Graph built!
Initialized
Error = :3.60e-01; Runtime: 0.8s; Iterations = 0, grads =   8.770e+00, unitary_metric = 1.00001
Error = :3.38e-01; Runtime: 9.7s; Iterations = 20, grads =   8.533e+00, unitary_metric = 1.00001
Error = :7.74e-03; Runtime: 17.3s; Iterations = 40, grads =   3.222e-01, unitary_metric = 1.00001
Error = :1.28e-03; Runtime: 25.0s; Iterations = 60, grads =   5.597e-02, unitary_metric = 1.00001
Error = :8.14e-04; Runtime: 26.1s; Iterations = 63, grads =   3.344e-02, unitary_metric = 1.00001
data saved at: /project/ftchong/qoc/pranav/00001_31_h2o_slice_90.h5


trying total_time: 10.0 for unitary of size (16, 16)
data saved at: /project/ftchong/qoc/pranav/00002_31_h2o_slice_90.h5
Using 7 Taylor terms and 2 Scaling & Squaring terms
Building graph:
Propagators initialized.
Operators weight initialized.
Intermediate propagation variables initialized.
Intermediate propagators initialized.
Vectors initialized.
Training loss initialized.
Optimizer initialized.
Utilities initialized.
Graph built!
Initialized
Error = :1.10e-01; Runtime: 0.3s; Iterations = 0, grads =   2.053e+00, unitary_metric = 1.00000
Error = :2.61e-03; Runtime: 4.9s; Iterations = 20, grads =   5.542e-02, unitary_metric = 1.00000
Error = :2.46e-03; Runtime: 8.6s; Iterations = 40, grads =   5.309e-02, unitary_metric = 1.00000
Error = :9.02e-04; Runtime: 8.7s; Iterations = 41, grads =   1.927e-02, unitary_metric = 1.00000
data saved at: /project/ftchong/qoc/pranav/00002_31_h2o_slice_90.h5


trying total_time: 5.0 for unitary of size (16, 16)
data saved at: /project/ftchong/qoc/pranav/00003_31_h2o_slice_90.h5
Using 7 Taylor terms and 2 Scaling & Squaring terms
Building graph:
Propagators initialized.
Operators weight initialized.
Intermediate propagation variables initialized.
Intermediate propagators initialized.
Vectors initialized.
Training loss initialized.
Optimizer initialized.
Utilities initialized.
Graph built!
Initialized
Error = :3.20e-02; Runtime: 0.2s; Iterations = 0, grads =   3.149e-01, unitary_metric = 1.00000
Error = :1.77e-04; Runtime: 1.6s; Iterations = 11, grads =   4.642e-04, unitary_metric = 1.00000
data saved at: /project/ftchong/qoc/pranav/00003_31_h2o_slice_90.h5


trying total_time: 2.5 for unitary of size (16, 16)
data saved at: /project/ftchong/qoc/pranav/00004_31_h2o_slice_90.h5
Using 8 Taylor terms and 1 Scaling & Squaring terms
Building graph:
Propagators initialized.
Operators weight initialized.
Intermediate propagation variables initialized.
Intermediate propagators initialized.
Vectors initialized.
Training loss initialized.
Optimizer initialized.
Utilities initialized.
Graph built!
Initialized
Error = :3.12e-01; Runtime: 0.1s; Iterations = 0, grads =   1.037e+00, unitary_metric = 1.00000
Error = :1.38e-02; Runtime: 1.3s; Iterations = 20, grads =   7.325e-02, unitary_metric = 1.00000
Error = :1.56e-03; Runtime: 2.3s; Iterations = 40, grads =   8.336e-03, unitary_metric = 1.00000
Error = :6.71e-04; Runtime: 2.4s; Iterations = 42, grads =   3.550e-03, unitary_metric = 1.00000
data saved at: /project/ftchong/qoc/pranav/00004_31_h2o_slice_90.h5


trying total_time: 1.25 for unitary of size (16, 16)
data saved at: /project/ftchong/qoc/pranav/00005_31_h2o_slice_90.h5
Using 6 Taylor terms and 2 Scaling & Squaring terms
Building graph:
Propagators initialized.
Operators weight initialized.
Intermediate propagation variables initialized.
Intermediate propagators initialized.
Vectors initialized.
Training loss initialized.
Optimizer initialized.
Utilities initialized.
Graph built!
Initialized
Error = :8.88e-02; Runtime: 0.1s; Iterations = 0, grads =   1.958e-01, unitary_metric = 1.00000
Error = :4.40e-03; Runtime: 0.7s; Iterations = 20, grads =   1.130e-02, unitary_metric = 1.00000
Error = :8.65e-04; Runtime: 0.8s; Iterations = 23, grads =   2.055e-03, unitary_metric = 1.00000
data saved at: /project/ftchong/qoc/pranav/00005_31_h2o_slice_90.h5


trying total_time: 0.6 for unitary of size (16, 16)
data saved at: /project/ftchong/qoc/pranav/00006_31_h2o_slice_90.h5
Using 6 Taylor terms and 2 Scaling & Squaring terms
Building graph:
Propagators initialized.
Operators weight initialized.
Intermediate propagation variables initialized.
Intermediate propagators initialized.
Vectors initialized.
Training loss initialized.
Optimizer initialized.
Utilities initialized.
Graph built!
Initialized
Error = :1.39e-01; Runtime: 0.1s; Iterations = 0, grads =   1.390e-01, unitary_metric = 1.00000
Error = :7.85e-03; Runtime: 0.4s; Iterations = 20, grads =   9.481e-03, unitary_metric = 1.00000
Error = :9.76e-04; Runtime: 0.5s; Iterations = 29, grads =   1.054e-03, unitary_metric = 1.00000
data saved at: /project/ftchong/qoc/pranav/00006_31_h2o_slice_90.h5


trying total_time: 0.3 for unitary of size (16, 16)
data saved at: /project/ftchong/qoc/pranav/00007_31_h2o_slice_90.h5
Using 7 Taylor terms and 1 Scaling & Squaring terms
Building graph:
Propagators initialized.
Operators weight initialized.
Intermediate propagation variables initialized.
Intermediate propagators initialized.
Vectors initialized.
Training loss initialized.
Optimizer initialized.
Utilities initialized.
Graph built!
Initialized
Error = :1.15e-01; Runtime: 0.1s; Iterations = 0, grads =   5.839e-02, unitary_metric = 1.00000
Error = :4.57e-03; Runtime: 0.3s; Iterations = 20, grads =   2.727e-03, unitary_metric = 1.00000
Error = :8.24e-04; Runtime: 0.3s; Iterations = 24, grads =   4.524e-04, unitary_metric = 1.00000
data saved at: /project/ftchong/qoc/pranav/00007_31_h2o_slice_90.h5


trying total_time: 40.0 for unitary of size (16, 16)
data saved at: /project/ftchong/qoc/pranav/00008_31_h2o_slice_90.h5
Using 5 Taylor terms and 4 Scaling & Squaring terms
Building graph:
Propagators initialized.
Operators weight initialized.
Intermediate propagation variables initialized.
Intermediate propagators initialized.
Vectors initialized.
Training loss initialized.
Optimizer initialized.
Utilities initialized.
Graph built!
Initialized
Error = :7.65e-01; Runtime: 1.5s; Iterations = 0, grads =   3.844e-01, unitary_metric = 1.00020
Error = :7.16e-01; Runtime: 19.6s; Iterations = 20, grads =   2.902e+00, unitary_metric = 1.00028
Error = :8.00e-02; Runtime: 35.2s; Iterations = 40, grads =   1.201e+00, unitary_metric = 1.00024
Error = :8.45e-03; Runtime: 50.9s; Iterations = 60, grads =   4.596e-01, unitary_metric = 1.00025
Error = :1.27e-03; Runtime: 66.6s; Iterations = 80, grads =   3.542e-02, unitary_metric = 1.00025
Error = :7.32e-04; Runtime: 69.0s; Iterations = 83, grads =   4.187e-02, unitary_metric = 1.00024
data saved at: /project/ftchong/qoc/pranav/00008_31_h2o_slice_90.h5


trying total_time: 20.0 for unitary of size (16, 16)
data saved at: /project/ftchong/qoc/pranav/00009_31_h2o_slice_90.h5
Using 7 Taylor terms and 2 Scaling & Squaring terms
Building graph:
Propagators initialized.
Operators weight initialized.
Intermediate propagation variables initialized.
Intermediate propagators initialized.
Vectors initialized.
Training loss initialized.
Optimizer initialized.
Utilities initialized.
Graph built!
Initialized
Error = :7.82e-01; Runtime: 0.7s; Iterations = 0, grads =   3.151e-01, unitary_metric = 1.00002
Error = :4.89e-01; Runtime: 9.6s; Iterations = 20, grads =   1.290e-01, unitary_metric = 1.00001
Error = :4.13e-02; Runtime: 17.2s; Iterations = 40, grads =   1.794e-01, unitary_metric = 0.99999
Error = :2.75e-03; Runtime: 24.9s; Iterations = 60, grads =   3.821e-02, unitary_metric = 0.99999
Error = :6.83e-04; Runtime: 29.9s; Iterations = 73, grads =   6.705e-03, unitary_metric = 0.99999
data saved at: /project/ftchong/qoc/pranav/00009_31_h2o_slice_90.h5


trying total_time: 10.0 for unitary of size (16, 16)
data saved at: /project/ftchong/qoc/pranav/00010_31_h2o_slice_90.h5
Using 7 Taylor terms and 2 Scaling & Squaring terms
Building graph:
Propagators initialized.
Operators weight initialized.
Intermediate propagation variables initialized.
Intermediate propagators initialized.
Vectors initialized.
Training loss initialized.
Optimizer initialized.
Utilities initialized.
Graph built!
Initialized
Error = :8.23e-01; Runtime: 0.4s; Iterations = 0, grads =   2.622e-01, unitary_metric = 1.00000
Error = :5.15e-01; Runtime: 4.8s; Iterations = 20, grads =   9.027e-02, unitary_metric = 1.00000
Error = :2.15e-01; Runtime: 8.5s; Iterations = 40, grads =   4.150e-02, unitary_metric = 1.00000
Error = :1.40e-02; Runtime: 12.2s; Iterations = 60, grads =   4.572e-03, unitary_metric = 1.00000
Error = :7.91e-04; Runtime: 14.5s; Iterations = 72, grads =   1.708e-03, unitary_metric = 1.00000
data saved at: /project/ftchong/qoc/pranav/00010_31_h2o_slice_90.h5


trying total_time: 5.0 for unitary of size (16, 16)
data saved at: /project/ftchong/qoc/pranav/00011_31_h2o_slice_90.h5
Using 7 Taylor terms and 2 Scaling & Squaring terms
Building graph:
Propagators initialized.
Operators weight initialized.
Intermediate propagation variables initialized.
Intermediate propagators initialized.
Vectors initialized.
Training loss initialized.
Optimizer initialized.
Utilities initialized.
Graph built!
Initialized
Error = :7.55e-01; Runtime: 0.2s; Iterations = 0, grads =   2.805e-02, unitary_metric = 1.00000
Error = :5.19e-01; Runtime: 2.4s; Iterations = 20, grads =   9.509e-03, unitary_metric = 1.00000
Error = :4.64e-01; Runtime: 4.2s; Iterations = 40, grads =   3.051e-03, unitary_metric = 1.00000
Error = :1.59e-01; Runtime: 6.1s; Iterations = 60, grads =   2.974e-03, unitary_metric = 0.99999
Error = :1.37e-02; Runtime: 8.0s; Iterations = 80, grads =   3.184e-04, unitary_metric = 0.99999
Error = :7.62e-04; Runtime: 9.2s; Iterations = 93, grads =   5.328e-05, unitary_metric = 0.99999
data saved at: /project/ftchong/qoc/pranav/00011_31_h2o_slice_90.h5


trying total_time: 2.5 for unitary of size (16, 16)
data saved at: /project/ftchong/qoc/pranav/00012_31_h2o_slice_90.h5
Using 8 Taylor terms and 1 Scaling & Squaring terms
Building graph:
Propagators initialized.
Operators weight initialized.
Intermediate propagation variables initialized.
Intermediate propagators initialized.
Vectors initialized.
Training loss initialized.
Optimizer initialized.
Utilities initialized.
Graph built!
Initialized
Error = :7.66e-01; Runtime: 0.1s; Iterations = 0, grads =   2.058e-02, unitary_metric = 1.00000
Error = :6.02e-01; Runtime: 1.3s; Iterations = 20, grads =   1.182e-02, unitary_metric = 1.00000
Error = :5.14e-01; Runtime: 2.2s; Iterations = 40, grads =   1.163e-03, unitary_metric = 1.00000
Error = :4.81e-01; Runtime: 3.2s; Iterations = 60, grads =   6.197e-04, unitary_metric = 1.00000
Error = :4.15e-01; Runtime: 4.1s; Iterations = 80, grads =   1.995e-03, unitary_metric = 1.00000
Error = :2.76e-01; Runtime: 5.1s; Iterations = 100, grads =   1.521e-03, unitary_metric = 1.00000
Error = :2.00e-01; Runtime: 6.2s; Iterations = 120, grads =   3.806e-04, unitary_metric = 1.00000
Error = :1.78e-01; Runtime: 7.2s; Iterations = 140, grads =   1.733e-04, unitary_metric = 1.00000
Error = :1.68e-01; Runtime: 8.1s; Iterations = 160, grads =   1.143e-04, unitary_metric = 1.00000
Error = :1.62e-01; Runtime: 9.1s; Iterations = 180, grads =   7.489e-05, unitary_metric = 1.00000
Error = :1.58e-01; Runtime: 10.0s; Iterations = 200, grads =   4.867e-05, unitary_metric = 1.00000
Error = :1.55e-01; Runtime: 11.1s; Iterations = 220, grads =   3.286e-05, unitary_metric = 1.00000
Error = :1.54e-01; Runtime: 12.0s; Iterations = 240, grads =   2.384e-05, unitary_metric = 1.00000
Error = :1.53e-01; Runtime: 13.0s; Iterations = 260, grads =   1.974e-05, unitary_metric = 1.00000
Error = :1.52e-01; Runtime: 13.9s; Iterations = 280, grads =   1.861e-05, unitary_metric = 1.00000
Error = :1.51e-01; Runtime: 14.9s; Iterations = 300, grads =   1.724e-05, unitary_metric = 1.00000
Error = :1.50e-01; Runtime: 16.0s; Iterations = 320, grads =   1.395e-05, unitary_metric = 1.00000
Error = :1.50e-01; Runtime: 17.0s; Iterations = 340, grads =   1.015e-05, unitary_metric = 1.00000
Error = :1.49e-01; Runtime: 17.9s; Iterations = 360, grads =   7.310e-06, unitary_metric = 1.00000
Error = :1.49e-01; Runtime: 18.9s; Iterations = 380, grads =   5.410e-06, unitary_metric = 1.00000
Error = :1.48e-01; Runtime: 19.8s; Iterations = 400, grads =   4.081e-06, unitary_metric = 1.00000
Error = :1.48e-01; Runtime: 20.9s; Iterations = 420, grads =   2.696e-04, unitary_metric = 1.00000
Error = :1.48e-01; Runtime: 21.8s; Iterations = 440, grads =   6.657e-05, unitary_metric = 1.00000
Error = :1.48e-01; Runtime: 22.7s; Iterations = 460, grads =   7.170e-06, unitary_metric = 1.00000
Error = :1.48e-01; Runtime: 23.7s; Iterations = 480, grads =   1.586e-06, unitary_metric = 1.00000
Error = :1.48e-01; Runtime: 24.6s; Iterations = 500, grads =   1.371e-06, unitary_metric = 1.00000
Error = :1.47e-01; Runtime: 25.7s; Iterations = 520, grads =   1.015e-06, unitary_metric = 1.00000
Error = :1.47e-01; Runtime: 26.7s; Iterations = 540, grads =   8.219e-07, unitary_metric = 1.00000
Error = :1.47e-01; Runtime: 27.6s; Iterations = 560, grads =   6.930e-07, unitary_metric = 1.00000
Error = :1.47e-01; Runtime: 28.6s; Iterations = 580, grads =   5.886e-07, unitary_metric = 1.00000
Error = :1.47e-01; Runtime: 29.6s; Iterations = 600, grads =   5.064e-07, unitary_metric = 1.00000
Error = :1.47e-01; Runtime: 30.7s; Iterations = 620, grads =   4.404e-07, unitary_metric = 1.00000
Error = :1.47e-01; Runtime: 31.6s; Iterations = 640, grads =   3.873e-07, unitary_metric = 1.00000
Error = :1.47e-01; Runtime: 32.5s; Iterations = 660, grads =   5.614e-07, unitary_metric = 1.00000
Error = :1.47e-01; Runtime: 33.5s; Iterations = 680, grads =   1.729e-04, unitary_metric = 1.00000
Error = :1.47e-01; Runtime: 34.4s; Iterations = 700, grads =   1.170e-05, unitary_metric = 1.00000
Error = :1.47e-01; Runtime: 35.5s; Iterations = 720, grads =   2.240e-06, unitary_metric = 1.00000
Error = :1.47e-01; Runtime: 36.4s; Iterations = 740, grads =   2.960e-07, unitary_metric = 1.00000
Error = :1.47e-01; Runtime: 37.4s; Iterations = 760, grads =   2.236e-07, unitary_metric = 1.00000
Error = :1.47e-01; Runtime: 38.4s; Iterations = 780, grads =   1.970e-07, unitary_metric = 1.00000
Error = :1.47e-01; Runtime: 39.3s; Iterations = 800, grads =   1.811e-07, unitary_metric = 1.00000
Error = :1.47e-01; Runtime: 40.4s; Iterations = 820, grads =   1.694e-07, unitary_metric = 1.00000
Error = :1.47e-01; Runtime: 41.3s; Iterations = 840, grads =   1.600e-07, unitary_metric = 1.00000
Error = :1.47e-01; Runtime: 42.3s; Iterations = 860, grads =   1.558e-07, unitary_metric = 1.00000
Error = :1.47e-01; Runtime: 43.3s; Iterations = 880, grads =   3.114e-07, unitary_metric = 1.00000
Error = :1.47e-01; Runtime: 44.2s; Iterations = 900, grads =   3.194e-04, unitary_metric = 1.00000
Error = :1.47e-01; Runtime: 45.3s; Iterations = 920, grads =   2.805e-05, unitary_metric = 1.00000
Error = :1.47e-01; Runtime: 46.3s; Iterations = 940, grads =   2.145e-07, unitary_metric = 1.00000
Error = :1.47e-01; Runtime: 47.2s; Iterations = 960, grads =   3.058e-07, unitary_metric = 1.00000
Error = :1.48e-01; Runtime: 48.2s; Iterations = 980, grads =   3.581e-07, unitary_metric = 1.00000
Error = :1.48e-01; Runtime: 49.1s; Iterations = 1000, grads =   6.201e-07, unitary_metric = 1.00000
Error = :1.48e-01; Runtime: 50.2s; Iterations = 1020, grads =   1.039e-06, unitary_metric = 1.00000
Error = :1.48e-01; Runtime: 51.1s; Iterations = 1040, grads =   1.516e-06, unitary_metric = 1.00000
Error = :1.48e-01; Runtime: 52.1s; Iterations = 1060, grads =   1.678e-06, unitary_metric = 1.00000
Error = :1.48e-01; Runtime: 53.0s; Iterations = 1080, grads =   1.358e-06, unitary_metric = 1.00000
Error = :1.48e-01; Runtime: 54.0s; Iterations = 1100, grads =   8.906e-07, unitary_metric = 1.00000
Error = :1.48e-01; Runtime: 55.1s; Iterations = 1120, grads =   6.118e-07, unitary_metric = 1.00000
Error = :1.48e-01; Runtime: 56.0s; Iterations = 1140, grads =   7.131e-05, unitary_metric = 1.00000
Error = :1.48e-01; Runtime: 57.0s; Iterations = 1160, grads =   4.808e-05, unitary_metric = 1.00000
Error = :1.48e-01; Runtime: 57.9s; Iterations = 1180, grads =   6.330e-06, unitary_metric = 1.00000
Error = :1.48e-01; Runtime: 58.9s; Iterations = 1200, grads =   9.963e-07, unitary_metric = 1.00000
Error = :1.48e-01; Runtime: 59.9s; Iterations = 1220, grads =   2.340e-07, unitary_metric = 1.00000
Error = :1.48e-01; Runtime: 60.9s; Iterations = 1240, grads =   7.907e-07, unitary_metric = 1.00000
Error = :1.48e-01; Runtime: 61.8s; Iterations = 1260, grads =   2.752e-05, unitary_metric = 1.00000
Error = :1.48e-01; Runtime: 62.8s; Iterations = 1280, grads =   2.917e-06, unitary_metric = 1.00000
Error = :1.48e-01; Runtime: 63.7s; Iterations = 1300, grads =   1.908e-07, unitary_metric = 1.00000
Error = :1.48e-01; Runtime: 64.8s; Iterations = 1320, grads =   3.413e-07, unitary_metric = 1.00000
Error = :1.48e-01; Runtime: 65.8s; Iterations = 1340, grads =   7.738e-07, unitary_metric = 1.00000
Error = :1.48e-01; Runtime: 66.7s; Iterations = 1360, grads =   1.234e-06, unitary_metric = 1.00000
Error = :1.48e-01; Runtime: 67.7s; Iterations = 1380, grads =   1.363e-06, unitary_metric = 1.00000
Error = :1.48e-01; Runtime: 68.7s; Iterations = 1400, grads =   7.622e-05, unitary_metric = 1.00000
Error = :1.48e-01; Runtime: 69.7s; Iterations = 1420, grads =   4.090e-05, unitary_metric = 1.00000
Error = :1.48e-01; Runtime: 70.7s; Iterations = 1440, grads =   1.084e-06, unitary_metric = 1.00000
Error = :1.48e-01; Runtime: 71.7s; Iterations = 1460, grads =   3.723e-07, unitary_metric = 1.00000
Error = :1.48e-01; Runtime: 72.6s; Iterations = 1480, grads =   2.366e-07, unitary_metric = 1.00000
Error = :1.48e-01; Runtime: 73.6s; Iterations = 1500, grads =   1.781e-07, unitary_metric = 1.00000
Error = :1.48e-01; Runtime: 74.6s; Iterations = 1520, grads =   6.569e-06, unitary_metric = 1.00000
Error = :1.48e-01; Runtime: 75.6s; Iterations = 1540, grads =   5.498e-05, unitary_metric = 1.00000
Error = :1.48e-01; Runtime: 76.5s; Iterations = 1560, grads =   1.546e-07, unitary_metric = 1.00000
Error = :1.48e-01; Runtime: 77.5s; Iterations = 1580, grads =   9.309e-07, unitary_metric = 1.00000
Error = :1.48e-01; Runtime: 78.4s; Iterations = 1600, grads =   7.568e-08, unitary_metric = 1.00000
Error = :1.48e-01; Runtime: 79.5s; Iterations = 1620, grads =   6.831e-08, unitary_metric = 1.00000
Error = :1.48e-01; Runtime: 80.5s; Iterations = 1640, grads =   6.029e-08, unitary_metric = 1.00000
Error = :1.48e-01; Runtime: 81.4s; Iterations = 1660, grads =   5.555e-08, unitary_metric = 1.00000
Error = :1.48e-01; Runtime: 82.4s; Iterations = 1680, grads =   5.330e-08, unitary_metric = 1.00000
Error = :1.48e-01; Runtime: 83.3s; Iterations = 1700, grads =   2.844e-07, unitary_metric = 1.00000
Error = :1.48e-01; Runtime: 84.4s; Iterations = 1720, grads =   1.179e-04, unitary_metric = 1.00000
Error = :1.48e-01; Runtime: 85.3s; Iterations = 1740, grads =   2.851e-05, unitary_metric = 1.00000
Error = :1.48e-01; Runtime: 86.3s; Iterations = 1760, grads =   1.896e-06, unitary_metric = 1.00000
Error = :1.48e-01; Runtime: 87.2s; Iterations = 1780, grads =   7.839e-05, unitary_metric = 1.00000
Error = :1.48e-01; Runtime: 88.2s; Iterations = 1800, grads =   2.536e-06, unitary_metric = 1.00000
Error = :1.48e-01; Runtime: 89.3s; Iterations = 1820, grads =   9.668e-07, unitary_metric = 1.00000
Error = :1.48e-01; Runtime: 90.2s; Iterations = 1840, grads =   7.692e-08, unitary_metric = 1.00000
Error = :1.48e-01; Runtime: 91.2s; Iterations = 1860, grads =   5.538e-08, unitary_metric = 1.00000
Error = :1.48e-01; Runtime: 92.1s; Iterations = 1880, grads =   3.391e-08, unitary_metric = 1.00000
Error = :1.48e-01; Runtime: 93.1s; Iterations = 1900, grads =   2.975e-08, unitary_metric = 1.00000
Error = :1.48e-01; Runtime: 94.1s; Iterations = 1920, grads =   3.113e-08, unitary_metric = 1.00000
Error = :1.48e-01; Runtime: 95.1s; Iterations = 1940, grads =   4.881e-07, unitary_metric = 1.00000
Error = :1.48e-01; Runtime: 96.1s; Iterations = 1960, grads =   9.601e-05, unitary_metric = 1.00000
Error = :1.48e-01; Runtime: 97.0s; Iterations = 1980, grads =   8.116e-06, unitary_metric = 1.00000
Error = :1.48e-01; Runtime: 98.0s; Iterations = 2000, grads =   5.185e-07, unitary_metric = 1.00000
Error = :1.48e-01; Runtime: 99.1s; Iterations = 2020, grads =   4.779e-07, unitary_metric = 1.00000
Error = :1.48e-01; Runtime: 100.0s; Iterations = 2040, grads =   9.658e-05, unitary_metric = 1.00000
Error = :1.48e-01; Runtime: 101.0s; Iterations = 2060, grads =   1.005e-05, unitary_metric = 1.00000
Error = :1.48e-01; Runtime: 101.9s; Iterations = 2080, grads =   5.258e-08, unitary_metric = 1.00000
Error = :1.48e-01; Runtime: 102.9s; Iterations = 2100, grads =   7.790e-08, unitary_metric = 1.00000
Error = :1.48e-01; Runtime: 103.9s; Iterations = 2120, grads =   3.437e-08, unitary_metric = 1.00000
Error = :1.48e-01; Runtime: 104.9s; Iterations = 2140, grads =   2.204e-08, unitary_metric = 1.00000
Error = :1.48e-01; Runtime: 105.8s; Iterations = 2160, grads =   2.366e-08, unitary_metric = 1.00000
Error = :1.48e-01; Runtime: 106.8s; Iterations = 2180, grads =   1.244e-06, unitary_metric = 1.00000
Error = :1.48e-01; Runtime: 107.8s; Iterations = 2200, grads =   7.065e-06, unitary_metric = 1.00000
Error = :1.48e-01; Runtime: 108.8s; Iterations = 2220, grads =   3.836e-05, unitary_metric = 1.00000
Error = :1.48e-01; Runtime: 109.8s; Iterations = 2240, grads =   9.937e-06, unitary_metric = 1.00000
Error = :1.48e-01; Runtime: 110.7s; Iterations = 2260, grads =   9.064e-07, unitary_metric = 1.00000
Error = :1.48e-01; Runtime: 111.7s; Iterations = 2280, grads =   2.936e-05, unitary_metric = 1.00000
Error = :1.48e-01; Runtime: 112.7s; Iterations = 2300, grads =   3.358e-06, unitary_metric = 1.00000
Error = :1.48e-01; Runtime: 113.7s; Iterations = 2320, grads =   2.084e-07, unitary_metric = 1.00000
Error = :1.48e-01; Runtime: 114.7s; Iterations = 2340, grads =   7.046e-08, unitary_metric = 1.00000
Error = :1.48e-01; Runtime: 115.6s; Iterations = 2360, grads =   4.059e-08, unitary_metric = 1.00000
Error = :1.48e-01; Runtime: 116.6s; Iterations = 2380, grads =   1.365e-08, unitary_metric = 1.00000
Error = :1.48e-01; Runtime: 117.5s; Iterations = 2400, grads =   1.316e-08, unitary_metric = 1.00000
Error = :1.48e-01; Runtime: 118.6s; Iterations = 2420, grads =   1.247e-08, unitary_metric = 1.00000
Error = :1.48e-01; Runtime: 119.6s; Iterations = 2440, grads =   1.261e-08, unitary_metric = 1.00000
Error = :1.48e-01; Runtime: 120.5s; Iterations = 2460, grads =   7.695e-08, unitary_metric = 1.00000
Error = :1.48e-01; Runtime: 121.5s; Iterations = 2480, grads =   3.669e-05, unitary_metric = 1.00000
Error = :1.48e-01; Runtime: 122.4s; Iterations = 2500, grads =   2.779e-05, unitary_metric = 1.00000
Error = :1.48e-01; Runtime: 123.5s; Iterations = 2520, grads =   2.925e-06, unitary_metric = 1.00000
Error = :1.48e-01; Runtime: 124.4s; Iterations = 2540, grads =   3.216e-05, unitary_metric = 1.00000
Error = :1.48e-01; Runtime: 125.4s; Iterations = 2560, grads =   4.103e-07, unitary_metric = 1.00000
Error = :1.48e-01; Runtime: 126.3s; Iterations = 2580, grads =   1.123e-08, unitary_metric = 1.00000
Error = :1.48e-01; Runtime: 127.3s; Iterations = 2600, grads =   1.623e-08, unitary_metric = 1.00000
Error = :1.48e-01; Runtime: 128.3s; Iterations = 2620, grads =   2.061e-08, unitary_metric = 1.00000
Error = :1.48e-01; Runtime: 129.3s; Iterations = 2640, grads =   1.177e-08, unitary_metric = 1.00000
Error = :1.48e-01; Runtime: 130.3s; Iterations = 2660, grads =   9.590e-09, unitary_metric = 1.00000
Error = :1.48e-01; Runtime: 131.3s; Iterations = 2680, grads =   9.087e-09, unitary_metric = 1.00000
Error = :1.48e-01; Runtime: 132.2s; Iterations = 2700, grads =   9.102e-09, unitary_metric = 1.00000
Error = :1.48e-01; Runtime: 133.4s; Iterations = 2720, grads =   1.110e-08, unitary_metric = 1.00000
Error = :1.48e-01; Runtime: 134.3s; Iterations = 2740, grads =   2.438e-07, unitary_metric = 1.00000
Error = :1.48e-01; Runtime: 135.2s; Iterations = 2760, grads =   6.439e-05, unitary_metric = 1.00000
Error = :1.48e-01; Runtime: 136.2s; Iterations = 2780, grads =   2.625e-05, unitary_metric = 1.00000
Error = :1.48e-01; Runtime: 137.2s; Iterations = 2800, grads =   2.588e-06, unitary_metric = 1.00000
Error = :1.48e-01; Runtime: 138.3s; Iterations = 2820, grads =   6.403e-07, unitary_metric = 1.00000
Error = :1.48e-01; Runtime: 139.2s; Iterations = 2840, grads =   4.737e-08, unitary_metric = 1.00000
Error = :1.48e-01; Runtime: 140.2s; Iterations = 2860, grads =   1.084e-08, unitary_metric = 1.00000
Error = :1.48e-01; Runtime: 141.1s; Iterations = 2880, grads =   8.616e-09, unitary_metric = 1.00000
Error = :1.48e-01; Runtime: 142.1s; Iterations = 2900, grads =   7.626e-09, unitary_metric = 1.00000
Error = :1.48e-01; Runtime: 143.1s; Iterations = 2920, grads =   7.553e-09, unitary_metric = 1.00000
Error = :1.48e-01; Runtime: 144.1s; Iterations = 2940, grads =   7.232e-09, unitary_metric = 1.00000
Error = :1.48e-01; Runtime: 145.0s; Iterations = 2960, grads =   7.118e-09, unitary_metric = 1.00000
Error = :1.48e-01; Runtime: 146.0s; Iterations = 2980, grads =   8.572e-09, unitary_metric = 1.00000
Error = :1.48e-01; Runtime: 146.9s; Iterations = 3000, grads =   1.246e-07, unitary_metric = 1.00000
Error = :1.48e-01; Runtime: 148.0s; Iterations = 3020, grads =   2.853e-05, unitary_metric = 1.00000
Error = :1.48e-01; Runtime: 149.0s; Iterations = 3040, grads =   7.879e-06, unitary_metric = 1.00000
Error = :1.48e-01; Runtime: 149.9s; Iterations = 3060, grads =   1.290e-05, unitary_metric = 1.00000
Error = :1.48e-01; Runtime: 150.9s; Iterations = 3080, grads =   1.327e-06, unitary_metric = 1.00000
Error = :1.48e-01; Runtime: 151.8s; Iterations = 3100, grads =   1.565e-07, unitary_metric = 1.00000
Error = :1.48e-01; Runtime: 152.9s; Iterations = 3120, grads =   3.709e-08, unitary_metric = 1.00000
Error = :1.48e-01; Runtime: 153.9s; Iterations = 3140, grads =   9.094e-09, unitary_metric = 1.00000
Error = :1.48e-01; Runtime: 154.8s; Iterations = 3160, grads =   6.535e-09, unitary_metric = 1.00000
Error = :1.48e-01; Runtime: 155.8s; Iterations = 3180, grads =   6.249e-09, unitary_metric = 1.00000
Error = :1.48e-01; Runtime: 156.7s; Iterations = 3200, grads =   7.032e-09, unitary_metric = 1.00000
Error = :1.48e-01; Runtime: 157.8s; Iterations = 3220, grads =   6.303e-09, unitary_metric = 1.00000
Error = :1.48e-01; Runtime: 158.7s; Iterations = 3240, grads =   9.382e-09, unitary_metric = 1.00000
Error = :1.48e-01; Runtime: 159.7s; Iterations = 3260, grads =   1.246e-06, unitary_metric = 1.00000
Error = :1.48e-01; Runtime: 160.7s; Iterations = 3280, grads =   1.473e-05, unitary_metric = 1.00000
Error = :1.48e-01; Runtime: 161.7s; Iterations = 3300, grads =   4.960e-06, unitary_metric = 1.00000
Error = :1.48e-01; Runtime: 162.8s; Iterations = 3320, grads =   6.291e-06, unitary_metric = 1.00000
Error = :1.48e-01; Runtime: 163.7s; Iterations = 3340, grads =   1.547e-06, unitary_metric = 1.00000
Error = :1.48e-01; Runtime: 164.7s; Iterations = 3360, grads =   2.297e-07, unitary_metric = 1.00000
Error = :1.48e-01; Runtime: 165.6s; Iterations = 3380, grads =   3.330e-08, unitary_metric = 1.00000
Error = :1.48e-01; Runtime: 166.6s; Iterations = 3400, grads =   7.804e-09, unitary_metric = 1.00000
Error = :1.48e-01; Runtime: 167.6s; Iterations = 3420, grads =   5.372e-09, unitary_metric = 1.00000
Error = :1.48e-01; Runtime: 168.6s; Iterations = 3440, grads =   5.465e-09, unitary_metric = 1.00000
Error = :1.48e-01; Runtime: 169.5s; Iterations = 3460, grads =   5.393e-09, unitary_metric = 1.00000
Error = :1.48e-01; Runtime: 170.5s; Iterations = 3480, grads =   5.240e-09, unitary_metric = 1.00000
Error = :1.48e-01; Runtime: 171.4s; Iterations = 3500, grads =   9.590e-09, unitary_metric = 1.00000
Error = :1.48e-01; Runtime: 172.5s; Iterations = 3520, grads =   8.443e-07, unitary_metric = 1.00000
Error = :1.48e-01; Runtime: 173.5s; Iterations = 3540, grads =   1.940e-06, unitary_metric = 1.00000
Error = :1.48e-01; Runtime: 174.4s; Iterations = 3560, grads =   2.672e-06, unitary_metric = 1.00000
Error = :1.48e-01; Runtime: 175.4s; Iterations = 3580, grads =   1.259e-05, unitary_metric = 1.00000
Error = :1.48e-01; Runtime: 176.3s; Iterations = 3600, grads =   1.778e-06, unitary_metric = 1.00000
Error = :1.48e-01; Runtime: 177.4s; Iterations = 3620, grads =   2.588e-07, unitary_metric = 1.00000
Error = :1.48e-01; Runtime: 178.3s; Iterations = 3640, grads =   4.330e-08, unitary_metric = 1.00000
Error = :1.48e-01; Runtime: 179.3s; Iterations = 3660, grads =   6.746e-09, unitary_metric = 1.00000
Error = :1.48e-01; Runtime: 180.2s; Iterations = 3680, grads =   5.666e-09, unitary_metric = 1.00000
Error = :1.48e-01; Runtime: 181.2s; Iterations = 3700, grads =   5.027e-09, unitary_metric = 1.00000
Error = :1.48e-01; Runtime: 182.3s; Iterations = 3720, grads =   4.724e-09, unitary_metric = 1.00000
Error = :1.48e-01; Runtime: 183.3s; Iterations = 3740, grads =   5.262e-09, unitary_metric = 1.00000
Error = :1.48e-01; Runtime: 184.2s; Iterations = 3760, grads =   3.202e-08, unitary_metric = 1.00000
Error = :1.48e-01; Runtime: 185.2s; Iterations = 3780, grads =   4.372e-06, unitary_metric = 1.00000
Error = :1.48e-01; Runtime: 186.1s; Iterations = 3800, grads =   3.320e-06, unitary_metric = 1.00000
Error = :1.48e-01; Runtime: 187.2s; Iterations = 3820, grads =   1.231e-05, unitary_metric = 1.00000
Error = :1.48e-01; Runtime: 188.1s; Iterations = 3840, grads =   1.729e-06, unitary_metric = 1.00000
Error = :1.48e-01; Runtime: 189.1s; Iterations = 3860, grads =   1.858e-07, unitary_metric = 1.00000
Error = :1.48e-01; Runtime: 190.0s; Iterations = 3880, grads =   9.458e-09, unitary_metric = 1.00000
Error = :1.48e-01; Runtime: 191.0s; Iterations = 3900, grads =   7.287e-09, unitary_metric = 1.00000
Error = :1.48e-01; Runtime: 192.1s; Iterations = 3920, grads =   4.456e-09, unitary_metric = 1.00000
Error = :1.48e-01; Runtime: 193.0s; Iterations = 3940, grads =   4.597e-09, unitary_metric = 1.00000
Error = :1.48e-01; Runtime: 194.0s; Iterations = 3960, grads =   5.107e-09, unitary_metric = 1.00000
Error = :1.48e-01; Runtime: 194.9s; Iterations = 3980, grads =   1.787e-08, unitary_metric = 1.00000
Error = :1.48e-01; Runtime: 195.9s; Iterations = 4000, grads =   1.848e-06, unitary_metric = 1.00000
Error = :1.48e-01; Runtime: 197.0s; Iterations = 4020, grads =   2.259e-06, unitary_metric = 1.00000
Error = :1.48e-01; Runtime: 197.9s; Iterations = 4040, grads =   2.503e-05, unitary_metric = 1.00000
Error = :1.48e-01; Runtime: 198.9s; Iterations = 4060, grads =   1.442e-06, unitary_metric = 1.00000
Error = :1.48e-01; Runtime: 199.8s; Iterations = 4080, grads =   2.179e-07, unitary_metric = 1.00000
Error = :1.48e-01; Runtime: 200.8s; Iterations = 4100, grads =   4.484e-08, unitary_metric = 1.00000
Error = :1.48e-01; Runtime: 201.8s; Iterations = 4120, grads =   8.533e-09, unitary_metric = 1.00000
Error = :1.48e-01; Runtime: 202.8s; Iterations = 4140, grads =   5.155e-09, unitary_metric = 1.00000
Error = :1.48e-01; Runtime: 203.7s; Iterations = 4160, grads =   4.488e-09, unitary_metric = 1.00000
Error = :1.48e-01; Runtime: 204.7s; Iterations = 4180, grads =   5.752e-09, unitary_metric = 1.00000
Error = :1.48e-01; Runtime: 205.7s; Iterations = 4200, grads =   7.750e-08, unitary_metric = 1.00000
Error = :1.48e-01; Runtime: 206.7s; Iterations = 4220, grads =   5.512e-06, unitary_metric = 1.00000
Error = :1.48e-01; Runtime: 207.7s; Iterations = 4240, grads =   2.519e-08, unitary_metric = 1.00000
Error = :1.48e-01; Runtime: 208.6s; Iterations = 4260, grads =   2.768e-06, unitary_metric = 1.00000
Error = :1.48e-01; Runtime: 209.6s; Iterations = 4280, grads =   2.674e-05, unitary_metric = 1.00000
Error = :1.48e-01; Runtime: 210.5s; Iterations = 4300, grads =   3.365e-06, unitary_metric = 1.00000
Error = :1.48e-01; Runtime: 211.6s; Iterations = 4320, grads =   1.404e-07, unitary_metric = 1.00000
Error = :1.48e-01; Runtime: 212.5s; Iterations = 4340, grads =   1.003e-08, unitary_metric = 1.00000
Error = :1.48e-01; Runtime: 213.5s; Iterations = 4360, grads =   6.902e-09, unitary_metric = 1.00000
Error = :1.48e-01; Runtime: 214.5s; Iterations = 4380, grads =   4.597e-09, unitary_metric = 1.00000
Error = :1.48e-01; Runtime: 215.4s; Iterations = 4400, grads =   1.414e-08, unitary_metric = 1.00000
Error = :1.48e-01; Runtime: 216.7s; Iterations = 4420, grads =   1.591e-06, unitary_metric = 1.00000
Error = :1.48e-01; Runtime: 217.6s; Iterations = 4440, grads =   1.414e-06, unitary_metric = 1.00000
Error = :1.48e-01; Runtime: 218.6s; Iterations = 4460, grads =   1.623e-07, unitary_metric = 1.00000
Error = :1.48e-01; Runtime: 219.5s; Iterations = 4480, grads =   2.350e-07, unitary_metric = 1.00000
Error = :1.49e-01; Runtime: 220.5s; Iterations = 4500, grads =   9.392e-07, unitary_metric = 1.00000
Error = :1.49e-01; Runtime: 221.5s; Iterations = 4520, grads =   6.793e-06, unitary_metric = 1.00000
Error = :1.49e-01; Runtime: 222.5s; Iterations = 4540, grads =   2.636e-06, unitary_metric = 1.00000
Error = :1.49e-01; Runtime: 223.4s; Iterations = 4560, grads =   2.650e-06, unitary_metric = 1.00000
Error = :1.49e-01; Runtime: 224.4s; Iterations = 4580, grads =   6.244e-06, unitary_metric = 1.00000
Error = :1.49e-01; Runtime: 225.4s; Iterations = 4600, grads =   6.746e-06, unitary_metric = 1.00000
Error = :1.48e-01; Runtime: 226.4s; Iterations = 4620, grads =   4.298e-06, unitary_metric = 1.00000
Error = :1.48e-01; Runtime: 227.4s; Iterations = 4640, grads =   7.729e-06, unitary_metric = 1.00000
Error = :1.48e-01; Runtime: 228.3s; Iterations = 4660, grads =   3.482e-06, unitary_metric = 1.00000
Error = :1.48e-01; Runtime: 229.3s; Iterations = 4680, grads =   3.043e-06, unitary_metric = 1.00000
Error = :1.48e-01; Runtime: 230.2s; Iterations = 4700, grads =   2.572e-06, unitary_metric = 1.00000
Error = :1.48e-01; Runtime: 231.3s; Iterations = 4720, grads =   1.127e-05, unitary_metric = 1.00000
Error = :1.47e-01; Runtime: 232.2s; Iterations = 4740, grads =   1.570e-06, unitary_metric = 1.00000
Error = :1.47e-01; Runtime: 233.2s; Iterations = 4760, grads =   1.317e-06, unitary_metric = 1.00000
Error = :1.47e-01; Runtime: 234.1s; Iterations = 4780, grads =   1.030e-06, unitary_metric = 1.00000
Error = :1.47e-01; Runtime: 235.1s; Iterations = 4800, grads =   7.068e-06, unitary_metric = 1.00000
Error = :1.47e-01; Runtime: 236.2s; Iterations = 4820, grads =   2.387e-06, unitary_metric = 1.00000
Error = :1.47e-01; Runtime: 237.2s; Iterations = 4840, grads =   1.428e-06, unitary_metric = 1.00000
Error = :1.47e-01; Runtime: 238.1s; Iterations = 4860, grads =   3.943e-07, unitary_metric = 1.00000
Error = :1.47e-01; Runtime: 239.1s; Iterations = 4880, grads =   3.114e-07, unitary_metric = 1.00000
Error = :1.47e-01; Runtime: 240.1s; Iterations = 4900, grads =   2.478e-07, unitary_metric = 1.00000
Error = :1.47e-01; Runtime: 241.1s; Iterations = 4920, grads =   8.482e-07, unitary_metric = 1.00000
Error = :1.47e-01; Runtime: 242.1s; Iterations = 4940, grads =   2.404e-07, unitary_metric = 1.00000
Error = :1.47e-01; Runtime: 243.0s; Iterations = 4960, grads =   3.458e-07, unitary_metric = 1.00000
Error = :1.47e-01; Runtime: 244.0s; Iterations = 4980, grads =   1.885e-07, unitary_metric = 1.00000
Error = :1.47e-01; Runtime: 244.9s; Iterations = 5000, grads =   1.138e-07, unitary_metric = 1.00000
Error = :1.47e-01; Runtime: 246.0s; Iterations = 5020, grads =   9.340e-07, unitary_metric = 1.00000
Error = :1.47e-01; Runtime: 246.9s; Iterations = 5040, grads =   3.330e-06, unitary_metric = 1.00000
Error = :1.47e-01; Runtime: 247.9s; Iterations = 5060, grads =   3.309e-07, unitary_metric = 1.00000
Error = :1.47e-01; Runtime: 248.9s; Iterations = 5080, grads =   8.227e-08, unitary_metric = 1.00000
Error = :1.47e-01; Runtime: 249.8s; Iterations = 5100, grads =   6.457e-08, unitary_metric = 1.00000
Error = :1.47e-01; Runtime: 250.9s; Iterations = 5120, grads =   6.513e-08, unitary_metric = 1.00000
Error = :1.47e-01; Runtime: 251.8s; Iterations = 5140, grads =   4.209e-07, unitary_metric = 1.00000
Error = :1.47e-01; Runtime: 252.8s; Iterations = 5160, grads =   1.717e-06, unitary_metric = 1.00000
Error = :1.47e-01; Runtime: 253.7s; Iterations = 5180, grads =   5.454e-07, unitary_metric = 1.00000
Error = :1.47e-01; Runtime: 254.7s; Iterations = 5200, grads =   7.689e-08, unitary_metric = 1.00000
Error = :1.47e-01; Runtime: 255.7s; Iterations = 5220, grads =   4.991e-08, unitary_metric = 1.00000
Error = :1.47e-01; Runtime: 256.7s; Iterations = 5240, grads =   4.589e-08, unitary_metric = 1.00000
Error = :1.47e-01; Runtime: 257.7s; Iterations = 5260, grads =   4.950e-08, unitary_metric = 1.00000
Error = :1.47e-01; Runtime: 258.6s; Iterations = 5280, grads =   8.985e-07, unitary_metric = 1.00000
Error = :1.47e-01; Runtime: 259.6s; Iterations = 5300, grads =   2.536e-06, unitary_metric = 1.00000
Error = :1.47e-01; Runtime: 260.6s; Iterations = 5320, grads =   1.223e-06, unitary_metric = 1.00000
Error = :1.47e-01; Runtime: 261.6s; Iterations = 5340, grads =   2.324e-07, unitary_metric = 1.00000
Error = :1.47e-01; Runtime: 262.5s; Iterations = 5360, grads =   4.183e-06, unitary_metric = 1.00000
Error = :1.47e-01; Runtime: 263.5s; Iterations = 5380, grads =   6.970e-07, unitary_metric = 1.00000
Error = :1.47e-01; Runtime: 264.4s; Iterations = 5400, grads =   1.529e-07, unitary_metric = 1.00000
Error = :1.47e-01; Runtime: 265.5s; Iterations = 5420, grads =   3.961e-08, unitary_metric = 1.00000
Error = :1.47e-01; Runtime: 266.5s; Iterations = 5440, grads =   4.049e-08, unitary_metric = 1.00000
Error = :1.47e-01; Runtime: 267.4s; Iterations = 5460, grads =   3.814e-08, unitary_metric = 1.00000
Error = :1.47e-01; Runtime: 268.4s; Iterations = 5480, grads =   3.760e-08, unitary_metric = 1.00000
Error = :1.47e-01; Runtime: 269.3s; Iterations = 5500, grads =   3.712e-08, unitary_metric = 1.00000
Error = :1.47e-01; Runtime: 270.4s; Iterations = 5520, grads =   5.664e-08, unitary_metric = 1.00000
Error = :1.47e-01; Runtime: 271.4s; Iterations = 5540, grads =   2.189e-06, unitary_metric = 1.00000
Error = :1.47e-01; Runtime: 272.3s; Iterations = 5560, grads =   1.714e-06, unitary_metric = 1.00000
Error = :1.47e-01; Runtime: 273.3s; Iterations = 5580, grads =   8.132e-06, unitary_metric = 1.00000
Error = :1.47e-01; Runtime: 274.2s; Iterations = 5600, grads =   9.379e-07, unitary_metric = 1.00000
Error = :1.47e-01; Runtime: 275.3s; Iterations = 5620, grads =   1.228e-07, unitary_metric = 1.00000
Error = :1.47e-01; Runtime: 276.2s; Iterations = 5640, grads =   3.999e-08, unitary_metric = 1.00000
Error = :1.47e-01; Runtime: 277.2s; Iterations = 5660, grads =   3.142e-08, unitary_metric = 1.00000
Error = :1.47e-01; Runtime: 278.1s; Iterations = 5680, grads =   2.990e-08, unitary_metric = 1.00000
Error = :1.47e-01; Runtime: 279.1s; Iterations = 5700, grads =   2.918e-08, unitary_metric = 1.00000
Error = :1.47e-01; Runtime: 280.2s; Iterations = 5720, grads =   2.911e-08, unitary_metric = 1.00000
Error = :1.47e-01; Runtime: 281.3s; Iterations = 5740, grads =   7.324e-08, unitary_metric = 1.00000
Error = :1.47e-01; Runtime: 282.2s; Iterations = 5760, grads =   6.817e-06, unitary_metric = 1.00000
Error = :1.47e-01; Runtime: 283.2s; Iterations = 5780, grads =   6.053e-07, unitary_metric = 1.00000
Error = :1.47e-01; Runtime: 284.1s; Iterations = 5800, grads =   1.026e-07, unitary_metric = 1.00000
Error = :1.47e-01; Runtime: 285.2s; Iterations = 5820, grads =   5.037e-08, unitary_metric = 1.00000
Error = :1.47e-01; Runtime: 286.2s; Iterations = 5840, grads =   1.200e-06, unitary_metric = 1.00000
Error = :1.47e-01; Runtime: 287.1s; Iterations = 5860, grads =   5.145e-07, unitary_metric = 1.00000
Error = :1.47e-01; Runtime: 288.1s; Iterations = 5880, grads =   6.859e-08, unitary_metric = 1.00000
Error = :1.47e-01; Runtime: 289.0s; Iterations = 5900, grads =   3.183e-08, unitary_metric = 1.00000
Error = :1.47e-01; Runtime: 290.1s; Iterations = 5920, grads =   2.669e-08, unitary_metric = 1.00000
Error = :1.47e-01; Runtime: 291.1s; Iterations = 5940, grads =   3.769e-08, unitary_metric = 1.00000
Error = :1.47e-01; Runtime: 292.0s; Iterations = 5960, grads =   2.727e-06, unitary_metric = 1.00000
Error = :1.47e-01; Runtime: 292.9s; Iterations = 5980, grads =   2.813e-07, unitary_metric = 1.00000
Error = :1.47e-01; Runtime: 293.9s; Iterations = 6000, grads =   6.183e-07, unitary_metric = 1.00000
data saved at: /project/ftchong/qoc/pranav/00012_31_h2o_slice_90.h5


trying total_time: 3.75 for unitary of size (16, 16)
data saved at: /project/ftchong/qoc/pranav/00013_31_h2o_slice_90.h5
Using 7 Taylor terms and 2 Scaling & Squaring terms
Building graph:
Propagators initialized.
Operators weight initialized.
Intermediate propagation variables initialized.
Intermediate propagators initialized.
Vectors initialized.
Training loss initialized.
Optimizer initialized.
Utilities initialized.
Graph built!
Initialized
Error = :8.09e-01; Runtime: 0.2s; Iterations = 0, grads =   9.232e-02, unitary_metric = 1.00000
Error = :5.47e-01; Runtime: 1.9s; Iterations = 20, grads =   2.233e-02, unitary_metric = 1.00000
Error = :4.96e-01; Runtime: 3.3s; Iterations = 40, grads =   1.544e-03, unitary_metric = 1.00000
Error = :4.40e-01; Runtime: 4.7s; Iterations = 60, grads =   2.969e-03, unitary_metric = 1.00000
Error = :1.79e-01; Runtime: 6.1s; Iterations = 80, grads =   3.580e-03, unitary_metric = 1.00000
Error = :4.58e-02; Runtime: 7.5s; Iterations = 100, grads =   3.436e-04, unitary_metric = 1.00000
Error = :2.02e-02; Runtime: 9.0s; Iterations = 120, grads =   1.078e-04, unitary_metric = 1.00000
Error = :1.25e-02; Runtime: 10.5s; Iterations = 140, grads =   3.369e-05, unitary_metric = 0.99999
Error = :9.24e-03; Runtime: 11.9s; Iterations = 160, grads =   1.959e-05, unitary_metric = 0.99999
Error = :7.46e-03; Runtime: 13.3s; Iterations = 180, grads =   1.262e-05, unitary_metric = 0.99999
Error = :6.35e-03; Runtime: 14.7s; Iterations = 200, grads =   1.649e-04, unitary_metric = 1.00000
Error = :5.62e-03; Runtime: 16.2s; Iterations = 220, grads =   6.118e-04, unitary_metric = 0.99999
Error = :4.97e-03; Runtime: 17.6s; Iterations = 240, grads =   3.612e-05, unitary_metric = 0.99999
Error = :4.53e-03; Runtime: 19.0s; Iterations = 260, grads =   1.412e-05, unitary_metric = 0.99999
Error = :4.19e-03; Runtime: 20.4s; Iterations = 280, grads =   5.029e-06, unitary_metric = 0.99999
Error = :3.91e-03; Runtime: 21.8s; Iterations = 300, grads =   2.882e-06, unitary_metric = 0.99999
Error = :3.68e-03; Runtime: 23.4s; Iterations = 320, grads =   2.446e-06, unitary_metric = 0.99999
Error = :3.49e-03; Runtime: 24.8s; Iterations = 340, grads =   2.084e-06, unitary_metric = 0.99999
Error = :3.33e-03; Runtime: 26.2s; Iterations = 360, grads =   1.812e-06, unitary_metric = 0.99999
Error = :3.19e-03; Runtime: 27.6s; Iterations = 380, grads =   1.603e-06, unitary_metric = 0.99999
Error = :3.09e-03; Runtime: 29.0s; Iterations = 400, grads =   1.716e-04, unitary_metric = 0.99999
Error = :3.00e-03; Runtime: 30.5s; Iterations = 420, grads =   3.370e-04, unitary_metric = 0.99999
Error = :2.87e-03; Runtime: 31.9s; Iterations = 440, grads =   2.495e-05, unitary_metric = 0.99999
Error = :2.78e-03; Runtime: 33.3s; Iterations = 460, grads =   2.039e-06, unitary_metric = 0.99999
Error = :2.70e-03; Runtime: 34.8s; Iterations = 480, grads =   9.423e-07, unitary_metric = 0.99999
Error = :2.63e-03; Runtime: 36.2s; Iterations = 500, grads =   1.021e-06, unitary_metric = 0.99999
Error = :2.56e-03; Runtime: 37.7s; Iterations = 520, grads =   7.928e-07, unitary_metric = 0.99999
Error = :2.50e-03; Runtime: 39.1s; Iterations = 540, grads =   7.042e-07, unitary_metric = 0.99999
Error = :2.45e-03; Runtime: 40.4s; Iterations = 560, grads =   6.464e-07, unitary_metric = 0.99999
Error = :2.40e-03; Runtime: 41.9s; Iterations = 580, grads =   5.955e-07, unitary_metric = 0.99999
Error = :2.35e-03; Runtime: 43.3s; Iterations = 600, grads =   6.688e-07, unitary_metric = 0.99999
Error = :2.54e-03; Runtime: 44.8s; Iterations = 620, grads =   1.812e-03, unitary_metric = 0.99999
Error = :2.29e-03; Runtime: 46.2s; Iterations = 640, grads =   1.008e-04, unitary_metric = 0.99999
Error = :2.24e-03; Runtime: 47.6s; Iterations = 660, grads =   1.647e-05, unitary_metric = 0.99999
Error = :2.28e-03; Runtime: 49.0s; Iterations = 680, grads =   6.806e-04, unitary_metric = 0.99999
Error = :2.17e-03; Runtime: 50.4s; Iterations = 700, grads =   1.797e-05, unitary_metric = 0.99999
Error = :2.14e-03; Runtime: 52.0s; Iterations = 720, grads =   3.093e-05, unitary_metric = 0.99999
Error = :2.10e-03; Runtime: 53.4s; Iterations = 740, grads =   3.809e-07, unitary_metric = 0.99999
Error = :2.07e-03; Runtime: 54.8s; Iterations = 760, grads =   3.429e-07, unitary_metric = 0.99999
Error = :2.04e-03; Runtime: 56.2s; Iterations = 780, grads =   3.846e-07, unitary_metric = 0.99999
Error = :2.01e-03; Runtime: 57.6s; Iterations = 800, grads =   3.048e-07, unitary_metric = 0.99999
Error = :1.98e-03; Runtime: 59.1s; Iterations = 820, grads =   2.876e-07, unitary_metric = 0.99999
Error = :1.96e-03; Runtime: 60.5s; Iterations = 840, grads =   2.743e-07, unitary_metric = 0.99999
Error = :1.93e-03; Runtime: 61.9s; Iterations = 860, grads =   7.824e-06, unitary_metric = 0.99999
Error = :1.98e-03; Runtime: 63.3s; Iterations = 880, grads =   6.106e-04, unitary_metric = 0.99999
Error = :1.98e-03; Runtime: 64.7s; Iterations = 900, grads =   7.434e-04, unitary_metric = 0.99999
Error = :1.87e-03; Runtime: 66.3s; Iterations = 920, grads =   1.672e-05, unitary_metric = 0.99999
Error = :1.86e-03; Runtime: 67.7s; Iterations = 940, grads =   3.466e-05, unitary_metric = 0.99999
Error = :1.84e-03; Runtime: 69.1s; Iterations = 960, grads =   3.181e-07, unitary_metric = 0.99999
Error = :1.83e-03; Runtime: 70.5s; Iterations = 980, grads =   5.980e-07, unitary_metric = 0.99999
Error = :1.82e-03; Runtime: 71.9s; Iterations = 1000, grads =   2.316e-07, unitary_metric = 0.99999
Error = :1.81e-03; Runtime: 73.4s; Iterations = 1020, grads =   1.748e-07, unitary_metric = 0.99999
Error = :1.80e-03; Runtime: 74.9s; Iterations = 1040, grads =   1.733e-07, unitary_metric = 0.99999
Error = :1.80e-03; Runtime: 76.3s; Iterations = 1060, grads =   1.711e-07, unitary_metric = 0.99999
Error = :1.80e-03; Runtime: 77.7s; Iterations = 1080, grads =   1.995e-07, unitary_metric = 0.99999
Error = :1.80e-03; Runtime: 79.1s; Iterations = 1100, grads =   1.838e-07, unitary_metric = 0.99999
Error = :1.80e-03; Runtime: 80.6s; Iterations = 1120, grads =   1.972e-07, unitary_metric = 0.99999
Error = :1.79e-03; Runtime: 82.0s; Iterations = 1140, grads =   2.410e-07, unitary_metric = 0.99999
Error = :1.79e-03; Runtime: 83.4s; Iterations = 1160, grads =   1.890e-05, unitary_metric = 0.99999
Error = :1.83e-03; Runtime: 84.8s; Iterations = 1180, grads =   4.309e-04, unitary_metric = 0.99999
Error = :1.81e-03; Runtime: 86.2s; Iterations = 1200, grads =   4.605e-04, unitary_metric = 0.99999
Error = :1.74e-03; Runtime: 87.7s; Iterations = 1220, grads =   7.419e-05, unitary_metric = 0.99999
Error = :1.71e-03; Runtime: 89.1s; Iterations = 1240, grads =   6.492e-06, unitary_metric = 0.99999
Error = :1.68e-03; Runtime: 90.5s; Iterations = 1260, grads =   9.789e-07, unitary_metric = 0.99999
Error = :1.65e-03; Runtime: 92.0s; Iterations = 1280, grads =   3.358e-07, unitary_metric = 0.99999
Error = :1.63e-03; Runtime: 93.3s; Iterations = 1300, grads =   1.919e-07, unitary_metric = 0.99999
Error = :1.60e-03; Runtime: 94.9s; Iterations = 1320, grads =   1.701e-07, unitary_metric = 0.99999
Error = :1.59e-03; Runtime: 96.3s; Iterations = 1340, grads =   1.529e-07, unitary_metric = 0.99999
Error = :1.57e-03; Runtime: 97.7s; Iterations = 1360, grads =   1.375e-07, unitary_metric = 0.99999
Error = :1.55e-03; Runtime: 99.1s; Iterations = 1380, grads =   1.331e-07, unitary_metric = 0.99999
Error = :1.54e-03; Runtime: 100.5s; Iterations = 1400, grads =   3.043e-06, unitary_metric = 0.99999
Error = :1.57e-03; Runtime: 102.0s; Iterations = 1420, grads =   3.511e-04, unitary_metric = 0.99999
Error = :1.53e-03; Runtime: 103.4s; Iterations = 1440, grads =   7.341e-05, unitary_metric = 0.99999
Error = :1.57e-03; Runtime: 104.8s; Iterations = 1460, grads =   4.678e-04, unitary_metric = 0.99999
Error = :1.50e-03; Runtime: 106.2s; Iterations = 1480, grads =   4.400e-05, unitary_metric = 0.99999
Error = :1.49e-03; Runtime: 107.7s; Iterations = 1500, grads =   8.012e-06, unitary_metric = 0.99999
Error = :1.48e-03; Runtime: 109.2s; Iterations = 1520, grads =   7.980e-07, unitary_metric = 0.99999
Error = :1.47e-03; Runtime: 110.6s; Iterations = 1540, grads =   7.844e-08, unitary_metric = 0.99999
Error = :1.46e-03; Runtime: 112.0s; Iterations = 1560, grads =   7.400e-08, unitary_metric = 0.99999
Error = :1.46e-03; Runtime: 113.4s; Iterations = 1580, grads =   6.428e-08, unitary_metric = 0.99999
Error = :1.45e-03; Runtime: 114.8s; Iterations = 1600, grads =   7.786e-08, unitary_metric = 0.99999
Error = :1.44e-03; Runtime: 116.4s; Iterations = 1620, grads =   1.813e-06, unitary_metric = 0.99999
Error = :1.51e-03; Runtime: 117.8s; Iterations = 1640, grads =   5.403e-04, unitary_metric = 0.99999
Error = :1.44e-03; Runtime: 119.2s; Iterations = 1660, grads =   6.710e-05, unitary_metric = 0.99999
Error = :1.47e-03; Runtime: 120.6s; Iterations = 1680, grads =   3.292e-04, unitary_metric = 0.99999
Error = :1.44e-03; Runtime: 122.0s; Iterations = 1700, grads =   1.524e-04, unitary_metric = 0.99999
Error = :1.42e-03; Runtime: 123.5s; Iterations = 1720, grads =   1.717e-05, unitary_metric = 0.99999
Error = :1.41e-03; Runtime: 124.9s; Iterations = 1740, grads =   1.391e-06, unitary_metric = 0.99999
Error = :1.41e-03; Runtime: 126.3s; Iterations = 1760, grads =   3.759e-08, unitary_metric = 0.99999
Error = :1.40e-03; Runtime: 127.7s; Iterations = 1780, grads =   7.867e-08, unitary_metric = 0.99999
Error = :1.40e-03; Runtime: 129.1s; Iterations = 1800, grads =   3.438e-08, unitary_metric = 0.99999
Error = :1.40e-03; Runtime: 130.6s; Iterations = 1820, grads =   5.093e-08, unitary_metric = 0.99999
Error = :1.39e-03; Runtime: 132.1s; Iterations = 1840, grads =   3.662e-06, unitary_metric = 0.99999
Error = :1.42e-03; Runtime: 133.5s; Iterations = 1860, grads =   2.948e-04, unitary_metric = 0.99999
Error = :1.39e-03; Runtime: 134.9s; Iterations = 1880, grads =   8.812e-08, unitary_metric = 0.99999
Error = :1.38e-03; Runtime: 136.3s; Iterations = 1900, grads =   4.463e-06, unitary_metric = 0.99999
Error = :1.38e-03; Runtime: 137.8s; Iterations = 1920, grads =   5.833e-07, unitary_metric = 0.99999
Error = :1.38e-03; Runtime: 139.2s; Iterations = 1940, grads =   9.219e-08, unitary_metric = 0.99999
Error = :1.37e-03; Runtime: 140.6s; Iterations = 1960, grads =   3.075e-07, unitary_metric = 0.99999
Error = :1.38e-03; Runtime: 142.0s; Iterations = 1980, grads =   1.119e-04, unitary_metric = 1.00000
Error = :1.37e-03; Runtime: 143.4s; Iterations = 2000, grads =   3.836e-05, unitary_metric = 0.99999
Error = :1.36e-03; Runtime: 145.0s; Iterations = 2020, grads =   7.584e-07, unitary_metric = 1.00000
Error = :1.36e-03; Runtime: 146.4s; Iterations = 2040, grads =   9.038e-07, unitary_metric = 1.00000
Error = :1.36e-03; Runtime: 147.8s; Iterations = 2060, grads =   1.631e-07, unitary_metric = 1.00000
Error = :1.36e-03; Runtime: 149.2s; Iterations = 2080, grads =   7.812e-07, unitary_metric = 0.99999
Error = :1.40e-03; Runtime: 150.6s; Iterations = 2100, grads =   4.033e-04, unitary_metric = 0.99999
Error = :1.36e-03; Runtime: 152.1s; Iterations = 2120, grads =   6.077e-05, unitary_metric = 1.00000
Error = :1.35e-03; Runtime: 153.5s; Iterations = 2140, grads =   1.050e-06, unitary_metric = 1.00000
Error = :1.35e-03; Runtime: 154.9s; Iterations = 2160, grads =   2.617e-07, unitary_metric = 0.99999
Error = :1.34e-03; Runtime: 156.4s; Iterations = 2180, grads =   9.732e-08, unitary_metric = 1.00000
Error = :1.34e-03; Runtime: 157.8s; Iterations = 2200, grads =   2.023e-06, unitary_metric = 1.00000
Error = :1.38e-03; Runtime: 159.3s; Iterations = 2220, grads =   3.415e-04, unitary_metric = 0.99999
Error = :1.34e-03; Runtime: 160.7s; Iterations = 2240, grads =   3.812e-05, unitary_metric = 0.99999
Error = :1.34e-03; Runtime: 162.1s; Iterations = 2260, grads =   3.837e-06, unitary_metric = 0.99999
Error = :1.34e-03; Runtime: 163.5s; Iterations = 2280, grads =   4.925e-07, unitary_metric = 0.99999
Error = :1.33e-03; Runtime: 164.9s; Iterations = 2300, grads =   9.890e-08, unitary_metric = 0.99999
Error = :1.33e-03; Runtime: 166.5s; Iterations = 2320, grads =   2.832e-08, unitary_metric = 0.99999
Error = :1.33e-03; Runtime: 167.9s; Iterations = 2340, grads =   2.249e-06, unitary_metric = 0.99999
Error = :1.36e-03; Runtime: 169.2s; Iterations = 2360, grads =   2.866e-04, unitary_metric = 0.99999
Error = :1.33e-03; Runtime: 170.7s; Iterations = 2380, grads =   2.719e-05, unitary_metric = 0.99999
Error = :1.33e-03; Runtime: 172.1s; Iterations = 2400, grads =   1.382e-06, unitary_metric = 0.99999
Error = :1.33e-03; Runtime: 173.6s; Iterations = 2420, grads =   1.492e-07, unitary_metric = 0.99999
Error = :1.32e-03; Runtime: 175.0s; Iterations = 2440, grads =   1.733e-06, unitary_metric = 1.00000
Error = :1.36e-03; Runtime: 176.4s; Iterations = 2460, grads =   3.208e-04, unitary_metric = 0.99999
Error = :1.32e-03; Runtime: 177.8s; Iterations = 2480, grads =   1.103e-05, unitary_metric = 0.99999
Error = :1.32e-03; Runtime: 179.2s; Iterations = 2500, grads =   1.590e-06, unitary_metric = 0.99999
Error = :1.32e-03; Runtime: 180.7s; Iterations = 2520, grads =   6.009e-07, unitary_metric = 0.99999
Error = :1.32e-03; Runtime: 182.1s; Iterations = 2540, grads =   7.886e-08, unitary_metric = 0.99999
Error = :1.32e-03; Runtime: 183.5s; Iterations = 2560, grads =   4.644e-08, unitary_metric = 0.99999
Error = :1.31e-03; Runtime: 185.0s; Iterations = 2580, grads =   3.936e-06, unitary_metric = 0.99999
Error = :1.33e-03; Runtime: 186.4s; Iterations = 2600, grads =   1.219e-04, unitary_metric = 0.99999
Error = :1.31e-03; Runtime: 187.9s; Iterations = 2620, grads =   9.802e-06, unitary_metric = 0.99999
Error = :1.31e-03; Runtime: 189.3s; Iterations = 2640, grads =   5.161e-07, unitary_metric = 0.99999
Error = :1.31e-03; Runtime: 190.7s; Iterations = 2660, grads =   1.208e-07, unitary_metric = 0.99999
Error = :1.31e-03; Runtime: 192.1s; Iterations = 2680, grads =   4.662e-08, unitary_metric = 0.99999
Error = :1.31e-03; Runtime: 193.5s; Iterations = 2700, grads =   3.010e-08, unitary_metric = 0.99999
Error = :1.31e-03; Runtime: 195.0s; Iterations = 2720, grads =   4.100e-06, unitary_metric = 0.99999
Error = :1.32e-03; Runtime: 196.5s; Iterations = 2740, grads =   7.676e-05, unitary_metric = 0.99999
Error = :1.31e-03; Runtime: 197.9s; Iterations = 2760, grads =   2.052e-06, unitary_metric = 0.99999
Error = :1.31e-03; Runtime: 199.3s; Iterations = 2780, grads =   8.794e-08, unitary_metric = 0.99999
Error = :1.31e-03; Runtime: 200.7s; Iterations = 2800, grads =   3.773e-08, unitary_metric = 0.99999
Error = :1.30e-03; Runtime: 202.2s; Iterations = 2820, grads =   2.942e-07, unitary_metric = 0.99999
Error = :1.32e-03; Runtime: 203.6s; Iterations = 2840, grads =   1.608e-04, unitary_metric = 0.99999
Error = :1.31e-03; Runtime: 205.0s; Iterations = 2860, grads =   1.175e-05, unitary_metric = 0.99999
Error = :1.30e-03; Runtime: 206.4s; Iterations = 2880, grads =   5.584e-06, unitary_metric = 0.99999
Error = :1.30e-03; Runtime: 207.8s; Iterations = 2900, grads =   2.163e-07, unitary_metric = 0.99999
Error = :1.30e-03; Runtime: 209.4s; Iterations = 2920, grads =   8.719e-09, unitary_metric = 0.99999
Error = :1.30e-03; Runtime: 210.8s; Iterations = 2940, grads =   5.149e-09, unitary_metric = 0.99999
Error = :1.30e-03; Runtime: 212.1s; Iterations = 2960, grads =   5.508e-09, unitary_metric = 0.99999
Error = :1.30e-03; Runtime: 213.6s; Iterations = 2980, grads =   2.561e-07, unitary_metric = 0.99999
Error = :1.32e-03; Runtime: 215.0s; Iterations = 3000, grads =   1.845e-04, unitary_metric = 0.99999
Error = :1.31e-03; Runtime: 216.5s; Iterations = 3020, grads =   3.070e-05, unitary_metric = 0.99999
Error = :1.30e-03; Runtime: 217.9s; Iterations = 3040, grads =   1.884e-06, unitary_metric = 0.99999
Error = :1.30e-03; Runtime: 219.3s; Iterations = 3060, grads =   2.444e-07, unitary_metric = 0.99999
Error = :1.30e-03; Runtime: 220.7s; Iterations = 3080, grads =   9.246e-08, unitary_metric = 0.99999
Error = :1.30e-03; Runtime: 222.1s; Iterations = 3100, grads =   1.233e-07, unitary_metric = 0.99999
Error = :1.31e-03; Runtime: 223.7s; Iterations = 3120, grads =   3.269e-05, unitary_metric = 0.99999
Error = :1.31e-03; Runtime: 225.1s; Iterations = 3140, grads =   5.234e-05, unitary_metric = 0.99999
Error = :1.30e-03; Runtime: 226.5s; Iterations = 3160, grads =   5.464e-06, unitary_metric = 0.99999
Error = :1.30e-03; Runtime: 227.9s; Iterations = 3180, grads =   5.960e-07, unitary_metric = 0.99999
Error = :1.30e-03; Runtime: 229.4s; Iterations = 3200, grads =   9.529e-08, unitary_metric = 0.99999
Error = :1.31e-03; Runtime: 231.0s; Iterations = 3220, grads =   1.221e-08, unitary_metric = 0.99999
Error = :1.31e-03; Runtime: 232.3s; Iterations = 3240, grads =   5.151e-09, unitary_metric = 0.99999
Error = :1.31e-03; Runtime: 233.8s; Iterations = 3260, grads =   3.780e-09, unitary_metric = 0.99999
Error = :1.31e-03; Runtime: 235.1s; Iterations = 3280, grads =   3.107e-08, unitary_metric = 0.99999
Error = :1.31e-03; Runtime: 236.5s; Iterations = 3300, grads =   5.991e-06, unitary_metric = 0.99999
Error = :1.31e-03; Runtime: 238.1s; Iterations = 3320, grads =   5.102e-07, unitary_metric = 0.99999
Error = :1.31e-03; Runtime: 239.5s; Iterations = 3340, grads =   4.689e-07, unitary_metric = 0.99999
Error = :1.31e-03; Runtime: 240.9s; Iterations = 3360, grads =   1.007e-06, unitary_metric = 0.99999
Error = :1.33e-03; Runtime: 242.3s; Iterations = 3380, grads =   1.364e-04, unitary_metric = 0.99999
Error = :1.32e-03; Runtime: 243.7s; Iterations = 3400, grads =   6.490e-06, unitary_metric = 0.99999
Error = :1.32e-03; Runtime: 245.2s; Iterations = 3420, grads =   1.174e-06, unitary_metric = 0.99999
Error = :1.32e-03; Runtime: 246.6s; Iterations = 3440, grads =   9.519e-08, unitary_metric = 0.99999
Error = :1.33e-03; Runtime: 248.0s; Iterations = 3460, grads =   4.590e-09, unitary_metric = 0.99999
Error = :1.33e-03; Runtime: 249.4s; Iterations = 3480, grads =   1.144e-08, unitary_metric = 0.99999
Error = :1.33e-03; Runtime: 250.8s; Iterations = 3500, grads =   5.371e-09, unitary_metric = 0.99999
Error = :1.34e-03; Runtime: 252.4s; Iterations = 3520, grads =   5.725e-09, unitary_metric = 0.99999
Error = :1.34e-03; Runtime: 253.7s; Iterations = 3540, grads =   7.226e-09, unitary_metric = 0.99999
Error = :1.35e-03; Runtime: 255.2s; Iterations = 3560, grads =   1.095e-07, unitary_metric = 0.99999
Error = :1.36e-03; Runtime: 256.6s; Iterations = 3580, grads =   6.480e-05, unitary_metric = 0.99999
Error = :1.36e-03; Runtime: 258.0s; Iterations = 3600, grads =   1.770e-07, unitary_metric = 0.99999
Error = :1.36e-03; Runtime: 259.5s; Iterations = 3620, grads =   1.804e-05, unitary_metric = 0.99999
Error = :1.37e-03; Runtime: 261.0s; Iterations = 3640, grads =   2.692e-05, unitary_metric = 0.99999
Error = :1.37e-03; Runtime: 262.3s; Iterations = 3660, grads =   3.827e-06, unitary_metric = 0.99999
Error = :1.38e-03; Runtime: 263.7s; Iterations = 3680, grads =   4.949e-07, unitary_metric = 0.99999
Error = :1.39e-03; Runtime: 265.1s; Iterations = 3700, grads =   4.390e-08, unitary_metric = 0.99999
Error = :1.39e-03; Runtime: 266.7s; Iterations = 3720, grads =   2.154e-08, unitary_metric = 0.99999
Error = :1.40e-03; Runtime: 268.1s; Iterations = 3740, grads =   2.143e-08, unitary_metric = 0.99999
Error = :1.40e-03; Runtime: 269.5s; Iterations = 3760, grads =   2.172e-08, unitary_metric = 0.99999
Error = :1.41e-03; Runtime: 270.9s; Iterations = 3780, grads =   2.352e-08, unitary_metric = 0.99999
Error = :1.41e-03; Runtime: 272.3s; Iterations = 3800, grads =   2.556e-08, unitary_metric = 0.99999
Error = :1.42e-03; Runtime: 273.9s; Iterations = 3820, grads =   2.793e-08, unitary_metric = 0.99999
Error = :1.42e-03; Runtime: 275.3s; Iterations = 3840, grads =   3.177e-08, unitary_metric = 0.99999
Error = :1.43e-03; Runtime: 276.7s; Iterations = 3860, grads =   1.626e-07, unitary_metric = 0.99999
Error = :1.43e-03; Runtime: 278.1s; Iterations = 3880, grads =   2.185e-05, unitary_metric = 0.99999
Error = :1.44e-03; Runtime: 279.5s; Iterations = 3900, grads =   6.144e-05, unitary_metric = 0.99999
Error = :1.44e-03; Runtime: 281.1s; Iterations = 3920, grads =   4.678e-06, unitary_metric = 0.99999
Error = :1.44e-03; Runtime: 282.5s; Iterations = 3940, grads =   1.363e-06, unitary_metric = 0.99999
Error = :1.44e-03; Runtime: 283.9s; Iterations = 3960, grads =   7.120e-08, unitary_metric = 0.99999
Error = :1.44e-03; Runtime: 285.3s; Iterations = 3980, grads =   5.698e-08, unitary_metric = 0.99999
Error = :1.44e-03; Runtime: 286.7s; Iterations = 4000, grads =   4.967e-08, unitary_metric = 0.99999
Error = :1.44e-03; Runtime: 288.2s; Iterations = 4020, grads =   4.710e-08, unitary_metric = 0.99999
Error = :1.43e-03; Runtime: 289.6s; Iterations = 4040, grads =   4.746e-08, unitary_metric = 0.99999
Error = :1.43e-03; Runtime: 291.0s; Iterations = 4060, grads =   5.026e-08, unitary_metric = 0.99999
Error = :1.42e-03; Runtime: 292.4s; Iterations = 4080, grads =   1.023e-07, unitary_metric = 0.99999
Error = :1.41e-03; Runtime: 293.8s; Iterations = 4100, grads =   5.382e-06, unitary_metric = 0.99999
Error = :1.41e-03; Runtime: 295.4s; Iterations = 4120, grads =   5.350e-07, unitary_metric = 0.99999
Error = :1.40e-03; Runtime: 296.8s; Iterations = 4140, grads =   1.844e-06, unitary_metric = 0.99999
Error = :1.39e-03; Runtime: 298.2s; Iterations = 4160, grads =   5.698e-07, unitary_metric = 0.99999
Error = :1.38e-03; Runtime: 299.6s; Iterations = 4180, grads =   4.836e-08, unitary_metric = 0.99999
Error = :1.38e-03; Runtime: 301.0s; Iterations = 4200, grads =   3.209e-07, unitary_metric = 0.99999
Error = :1.38e-03; Runtime: 302.5s; Iterations = 4220, grads =   6.991e-05, unitary_metric = 0.99999
Error = :1.37e-03; Runtime: 303.9s; Iterations = 4240, grads =   1.191e-06, unitary_metric = 0.99999
Error = :1.36e-03; Runtime: 305.3s; Iterations = 4260, grads =   5.199e-07, unitary_metric = 0.99999
Error = :1.36e-03; Runtime: 306.7s; Iterations = 4280, grads =   7.795e-08, unitary_metric = 0.99999
Error = :1.35e-03; Runtime: 308.1s; Iterations = 4300, grads =   2.215e-08, unitary_metric = 0.99999
Error = :1.35e-03; Runtime: 309.7s; Iterations = 4320, grads =   6.343e-08, unitary_metric = 0.99999
Error = :1.35e-03; Runtime: 311.1s; Iterations = 4340, grads =   2.011e-05, unitary_metric = 0.99999
Error = :1.34e-03; Runtime: 312.5s; Iterations = 4360, grads =   1.638e-05, unitary_metric = 0.99999
Error = :1.34e-03; Runtime: 313.9s; Iterations = 4380, grads =   1.213e-07, unitary_metric = 0.99999
Error = :1.33e-03; Runtime: 315.3s; Iterations = 4400, grads =   3.535e-07, unitary_metric = 0.99999
Error = :1.33e-03; Runtime: 316.8s; Iterations = 4420, grads =   6.994e-08, unitary_metric = 0.99999
Error = :1.33e-03; Runtime: 318.3s; Iterations = 4440, grads =   2.196e-08, unitary_metric = 0.99999
Error = :1.32e-03; Runtime: 319.7s; Iterations = 4460, grads =   1.574e-07, unitary_metric = 0.99999
Error = :1.33e-03; Runtime: 321.1s; Iterations = 4480, grads =   3.562e-05, unitary_metric = 0.99999
Error = :1.32e-03; Runtime: 322.5s; Iterations = 4500, grads =   4.034e-06, unitary_metric = 0.99999
Error = :1.32e-03; Runtime: 324.0s; Iterations = 4520, grads =   5.167e-07, unitary_metric = 0.99999
Error = :1.31e-03; Runtime: 325.4s; Iterations = 4540, grads =   1.416e-07, unitary_metric = 0.99999
Error = :1.31e-03; Runtime: 326.8s; Iterations = 4560, grads =   4.399e-08, unitary_metric = 0.99999
Error = :1.31e-03; Runtime: 328.2s; Iterations = 4580, grads =   1.133e-08, unitary_metric = 0.99999
Error = :1.31e-03; Runtime: 329.7s; Iterations = 4600, grads =   1.165e-08, unitary_metric = 0.99999
Error = :1.31e-03; Runtime: 331.2s; Iterations = 4620, grads =   2.451e-08, unitary_metric = 0.99999
Error = :1.30e-03; Runtime: 332.6s; Iterations = 4640, grads =   1.563e-06, unitary_metric = 0.99999
Error = :1.31e-03; Runtime: 334.0s; Iterations = 4660, grads =   2.038e-05, unitary_metric = 0.99999
Error = :1.30e-03; Runtime: 335.4s; Iterations = 4680, grads =   3.314e-06, unitary_metric = 0.99999
Error = :1.30e-03; Runtime: 336.8s; Iterations = 4700, grads =   5.371e-07, unitary_metric = 0.99999
Error = :1.30e-03; Runtime: 338.4s; Iterations = 4720, grads =   3.293e-06, unitary_metric = 0.99999
Error = :1.30e-03; Runtime: 339.8s; Iterations = 4740, grads =   3.707e-07, unitary_metric = 0.99999
Error = :1.30e-03; Runtime: 341.2s; Iterations = 4760, grads =   7.454e-07, unitary_metric = 0.99999
Error = :1.29e-03; Runtime: 342.6s; Iterations = 4780, grads =   2.816e-07, unitary_metric = 0.99999
Error = :1.29e-03; Runtime: 344.0s; Iterations = 4800, grads =   5.012e-08, unitary_metric = 0.99999
Error = :1.29e-03; Runtime: 345.5s; Iterations = 4820, grads =   8.193e-09, unitary_metric = 0.99999
Error = :1.29e-03; Runtime: 346.9s; Iterations = 4840, grads =   1.091e-08, unitary_metric = 0.99999
Error = :1.29e-03; Runtime: 348.4s; Iterations = 4860, grads =   3.525e-08, unitary_metric = 0.99999
Error = :1.29e-03; Runtime: 349.8s; Iterations = 4880, grads =   1.783e-06, unitary_metric = 0.99999
Error = :1.29e-03; Runtime: 351.3s; Iterations = 4900, grads =   1.453e-05, unitary_metric = 0.99999
Error = :1.29e-03; Runtime: 352.8s; Iterations = 4920, grads =   2.635e-06, unitary_metric = 0.99999
Error = :1.29e-03; Runtime: 354.2s; Iterations = 4940, grads =   1.262e-07, unitary_metric = 0.99999
Error = :1.29e-03; Runtime: 355.6s; Iterations = 4960, grads =   1.722e-05, unitary_metric = 0.99999
Error = :1.28e-03; Runtime: 357.0s; Iterations = 4980, grads =   9.018e-06, unitary_metric = 0.99999
Error = :1.28e-03; Runtime: 358.4s; Iterations = 5000, grads =   1.267e-06, unitary_metric = 0.99999
Error = :1.28e-03; Runtime: 360.1s; Iterations = 5020, grads =   1.152e-07, unitary_metric = 0.99999
Error = :1.28e-03; Runtime: 361.5s; Iterations = 5040, grads =   4.950e-09, unitary_metric = 0.99999
Error = :1.28e-03; Runtime: 362.9s; Iterations = 5060, grads =   7.191e-09, unitary_metric = 0.99999
Error = :1.28e-03; Runtime: 364.3s; Iterations = 5080, grads =   1.271e-08, unitary_metric = 0.99999
Error = :1.28e-03; Runtime: 365.7s; Iterations = 5100, grads =   1.625e-06, unitary_metric = 0.99999
Error = :1.28e-03; Runtime: 367.2s; Iterations = 5120, grads =   8.986e-07, unitary_metric = 0.99999
Error = :1.28e-03; Runtime: 368.7s; Iterations = 5140, grads =   1.582e-07, unitary_metric = 0.99999
Error = :1.28e-03; Runtime: 370.1s; Iterations = 5160, grads =   1.653e-07, unitary_metric = 0.99999
Error = :1.28e-03; Runtime: 371.5s; Iterations = 5180, grads =   5.645e-08, unitary_metric = 0.99999
Error = :1.28e-03; Runtime: 372.9s; Iterations = 5200, grads =   4.439e-06, unitary_metric = 0.99999
Error = :1.28e-03; Runtime: 374.4s; Iterations = 5220, grads =   6.605e-06, unitary_metric = 0.99999
Error = :1.28e-03; Runtime: 375.8s; Iterations = 5240, grads =   2.459e-06, unitary_metric = 0.99999
Error = :1.27e-03; Runtime: 377.2s; Iterations = 5260, grads =   3.548e-07, unitary_metric = 0.99999
Error = :1.27e-03; Runtime: 378.6s; Iterations = 5280, grads =   4.782e-08, unitary_metric = 0.99999
Error = :1.27e-03; Runtime: 380.0s; Iterations = 5300, grads =   7.729e-09, unitary_metric = 0.99999
Error = :1.27e-03; Runtime: 381.6s; Iterations = 5320, grads =   3.303e-09, unitary_metric = 0.99999
Error = :1.27e-03; Runtime: 383.0s; Iterations = 5340, grads =   5.556e-09, unitary_metric = 0.99999
Error = :1.27e-03; Runtime: 384.4s; Iterations = 5360, grads =   5.629e-08, unitary_metric = 0.99999
Error = :1.27e-03; Runtime: 385.8s; Iterations = 5380, grads =   5.784e-06, unitary_metric = 0.99999
Error = :1.27e-03; Runtime: 387.2s; Iterations = 5400, grads =   6.217e-06, unitary_metric = 0.99999
Error = :1.27e-03; Runtime: 388.7s; Iterations = 5420, grads =   4.248e-08, unitary_metric = 0.99999
Error = :1.27e-03; Runtime: 390.1s; Iterations = 5440, grads =   4.364e-07, unitary_metric = 0.99999
Error = :1.27e-03; Runtime: 391.5s; Iterations = 5460, grads =   8.742e-08, unitary_metric = 0.99999
Error = :1.27e-03; Runtime: 392.9s; Iterations = 5480, grads =   3.392e-06, unitary_metric = 0.99999
Error = :1.27e-03; Runtime: 394.4s; Iterations = 5500, grads =   1.464e-06, unitary_metric = 0.99999
Error = :1.27e-03; Runtime: 395.9s; Iterations = 5520, grads =   4.131e-08, unitary_metric = 0.99999
Error = :1.27e-03; Runtime: 397.3s; Iterations = 5540, grads =   1.146e-07, unitary_metric = 0.99999
Error = :1.27e-03; Runtime: 398.7s; Iterations = 5560, grads =   2.398e-08, unitary_metric = 0.99999
Error = :1.27e-03; Runtime: 400.1s; Iterations = 5580, grads =   2.997e-08, unitary_metric = 0.99999
Error = :1.27e-03; Runtime: 401.5s; Iterations = 5600, grads =   2.313e-06, unitary_metric = 0.99999
Error = :1.27e-03; Runtime: 403.0s; Iterations = 5620, grads =   4.695e-06, unitary_metric = 0.99999
Error = :1.27e-03; Runtime: 404.5s; Iterations = 5640, grads =   8.125e-07, unitary_metric = 0.99999
Error = :1.27e-03; Runtime: 405.9s; Iterations = 5660, grads =   1.556e-07, unitary_metric = 0.99999
Error = :1.27e-03; Runtime: 407.2s; Iterations = 5680, grads =   3.048e-08, unitary_metric = 0.99999
Error = :1.27e-03; Runtime: 408.6s; Iterations = 5700, grads =   8.955e-08, unitary_metric = 0.99999
Error = :1.27e-03; Runtime: 410.2s; Iterations = 5720, grads =   1.952e-05, unitary_metric = 0.99999
Error = :1.26e-03; Runtime: 411.6s; Iterations = 5740, grads =   2.960e-07, unitary_metric = 0.99999
Error = :1.26e-03; Runtime: 413.0s; Iterations = 5760, grads =   1.839e-08, unitary_metric = 0.99999
Error = :1.26e-03; Runtime: 414.4s; Iterations = 5780, grads =   2.040e-08, unitary_metric = 0.99999
Error = :1.26e-03; Runtime: 415.8s; Iterations = 5800, grads =   3.963e-07, unitary_metric = 0.99999
Error = :1.26e-03; Runtime: 417.3s; Iterations = 5820, grads =   2.944e-06, unitary_metric = 0.99999
Error = :1.26e-03; Runtime: 418.7s; Iterations = 5840, grads =   6.280e-07, unitary_metric = 0.99999
Error = :1.26e-03; Runtime: 420.1s; Iterations = 5860, grads =   1.120e-05, unitary_metric = 0.99999
Error = :1.26e-03; Runtime: 421.5s; Iterations = 5880, grads =   3.739e-06, unitary_metric = 0.99999
Error = :1.26e-03; Runtime: 423.0s; Iterations = 5900, grads =   4.946e-07, unitary_metric = 0.99999
Error = :1.26e-03; Runtime: 424.5s; Iterations = 5920, grads =   5.609e-09, unitary_metric = 0.99999
Error = :1.26e-03; Runtime: 425.9s; Iterations = 5940, grads =   1.596e-08, unitary_metric = 0.99999
Error = :1.26e-03; Runtime: 427.3s; Iterations = 5960, grads =   4.657e-08, unitary_metric = 0.99999
Error = :1.26e-03; Runtime: 428.7s; Iterations = 5980, grads =   9.685e-06, unitary_metric = 0.99999
Error = :1.26e-03; Runtime: 430.1s; Iterations = 6000, grads =   4.650e-06, unitary_metric = 0.99999
data saved at: /project/ftchong/qoc/pranav/00013_31_h2o_slice_90.h5


trying total_time: 4.35 for unitary of size (16, 16)
data saved at: /project/ftchong/qoc/pranav/00014_31_h2o_slice_90.h5
Using 7 Taylor terms and 2 Scaling & Squaring terms
Building graph:
Propagators initialized.
Operators weight initialized.
Intermediate propagation variables initialized.
Intermediate propagators initialized.
Vectors initialized.
Training loss initialized.
Optimizer initialized.
Utilities initialized.
Graph built!
Initialized
Error = :7.93e-01; Runtime: 0.2s; Iterations = 0, grads =   9.178e-02, unitary_metric = 1.00000
Error = :5.23e-01; Runtime: 2.1s; Iterations = 20, grads =   1.168e-02, unitary_metric = 1.00000
Error = :4.16e-01; Runtime: 3.8s; Iterations = 40, grads =   5.560e-03, unitary_metric = 0.99999
Error = :1.40e-01; Runtime: 5.4s; Iterations = 60, grads =   2.755e-03, unitary_metric = 0.99999
Error = :2.67e-02; Runtime: 7.0s; Iterations = 80, grads =   4.101e-04, unitary_metric = 0.99999
Error = :4.30e-03; Runtime: 8.7s; Iterations = 100, grads =   6.529e-05, unitary_metric = 0.99999
Error = :9.74e-04; Runtime: 10.3s; Iterations = 118, grads =   8.567e-06, unitary_metric = 0.99999
data saved at: /project/ftchong/qoc/pranav/00014_31_h2o_slice_90.h5


trying total_time: 4.05 for unitary of size (16, 16)
data saved at: /project/ftchong/qoc/pranav/00015_31_h2o_slice_90.h5
Using 7 Taylor terms and 2 Scaling & Squaring terms
Building graph:
Propagators initialized.
Operators weight initialized.
Intermediate propagation variables initialized.
Intermediate propagators initialized.
Vectors initialized.
Training loss initialized.
Optimizer initialized.
Utilities initialized.
Graph built!
Initialized
Error = :7.60e-01; Runtime: 0.2s; Iterations = 0, grads =   3.857e-02, unitary_metric = 1.00000
Error = :5.39e-01; Runtime: 2.1s; Iterations = 20, grads =   7.880e-03, unitary_metric = 1.00000
Error = :4.77e-01; Runtime: 3.5s; Iterations = 40, grads =   1.080e-03, unitary_metric = 1.00000
Error = :2.73e-01; Runtime: 5.0s; Iterations = 60, grads =   2.823e-03, unitary_metric = 1.00000
Error = :7.25e-02; Runtime: 6.5s; Iterations = 80, grads =   8.113e-04, unitary_metric = 1.00000
Error = :1.69e-02; Runtime: 8.0s; Iterations = 100, grads =   1.314e-04, unitary_metric = 0.99999
Error = :5.42e-03; Runtime: 9.7s; Iterations = 120, grads =   2.661e-05, unitary_metric = 1.00000
Error = :2.37e-03; Runtime: 11.2s; Iterations = 140, grads =   9.035e-06, unitary_metric = 1.00000
Error = :1.22e-03; Runtime: 12.7s; Iterations = 160, grads =   3.864e-06, unitary_metric = 0.99999
Error = :9.93e-04; Runtime: 13.3s; Iterations = 167, grads =   3.001e-06, unitary_metric = 1.00000
data saved at: /project/ftchong/qoc/pranav/00015_31_h2o_slice_90.h5


trying total_time: 10.0 for unitary of size (4, 4)
data saved at: /project/ftchong/qoc/pranav/00016_31_h2o_slice_90.h5
Using 6 Taylor terms and 1 Scaling & Squaring terms
Building graph:
Propagators initialized.
Operators weight initialized.
Intermediate propagation variables initialized.
Intermediate propagators initialized.
Vectors initialized.
Training loss initialized.
Optimizer initialized.
Utilities initialized.
Graph built!
Initialized
Error = :7.34e-03; Runtime: 0.3s; Iterations = 0, grads =   1.057e-01, unitary_metric = 1.00000
Error = :1.77e-02; Runtime: 2.3s; Iterations = 20, grads =   3.775e-01, unitary_metric = 1.00000
Error = :1.99e-03; Runtime: 3.7s; Iterations = 40, grads =   4.293e-02, unitary_metric = 1.00000
Error = :9.00e-04; Runtime: 4.2s; Iterations = 46, grads =   1.954e-02, unitary_metric = 1.00000
data saved at: /project/ftchong/qoc/pranav/00016_31_h2o_slice_90.h5


trying total_time: 5.0 for unitary of size (4, 4)
data saved at: /project/ftchong/qoc/pranav/00017_31_h2o_slice_90.h5
Using 6 Taylor terms and 1 Scaling & Squaring terms
Building graph:
Propagators initialized.
Operators weight initialized.
Intermediate propagation variables initialized.
Intermediate propagators initialized.
Vectors initialized.
Training loss initialized.
Optimizer initialized.
Utilities initialized.
Graph built!
Initialized
Error = :1.03e-01; Runtime: 0.2s; Iterations = 0, grads =   9.820e-01, unitary_metric = 1.00000
Error = :4.05e-03; Runtime: 1.2s; Iterations = 20, grads =   4.360e-02, unitary_metric = 1.00000
Error = :3.60e-04; Runtime: 1.6s; Iterations = 32, grads =   3.708e-03, unitary_metric = 1.00000
data saved at: /project/ftchong/qoc/pranav/00017_31_h2o_slice_90.h5


trying total_time: 2.5 for unitary of size (4, 4)
data saved at: /project/ftchong/qoc/pranav/00018_31_h2o_slice_90.h5
Using 6 Taylor terms and 1 Scaling & Squaring terms
Building graph:
Propagators initialized.
Operators weight initialized.
Intermediate propagation variables initialized.
Intermediate propagators initialized.
Vectors initialized.
Training loss initialized.
Optimizer initialized.
Utilities initialized.
Graph built!
Initialized
Error = :3.16e-02; Runtime: 0.1s; Iterations = 0, grads =   1.487e-01, unitary_metric = 1.00000
Error = :9.40e-04; Runtime: 0.6s; Iterations = 18, grads =   3.970e-03, unitary_metric = 1.00000
data saved at: /project/ftchong/qoc/pranav/00018_31_h2o_slice_90.h5


trying total_time: 1.25 for unitary of size (4, 4)
data saved at: /project/ftchong/qoc/pranav/00019_31_h2o_slice_90.h5
Using 6 Taylor terms and 1 Scaling & Squaring terms
Building graph:
Propagators initialized.
Operators weight initialized.
Intermediate propagation variables initialized.
Intermediate propagators initialized.
Vectors initialized.
Training loss initialized.
Optimizer initialized.
Utilities initialized.
Graph built!
Initialized
Error = :3.58e-02; Runtime: 0.1s; Iterations = 0, grads =   8.892e-02, unitary_metric = 1.00000
Error = :9.96e-04; Runtime: 0.2s; Iterations = 3, grads =   2.408e-03, unitary_metric = 1.00000
data saved at: /project/ftchong/qoc/pranav/00019_31_h2o_slice_90.h5


trying total_time: 0.6 for unitary of size (4, 4)
data saved at: /project/ftchong/qoc/pranav/00020_31_h2o_slice_90.h5
Using 7 Taylor terms and 0 Scaling & Squaring terms
Building graph:
Propagators initialized.
Operators weight initialized.
Intermediate propagation variables initialized.
Intermediate propagators initialized.
Vectors initialized.
Training loss initialized.
Optimizer initialized.
Utilities initialized.
Graph built!
Initialized
Error = :5.94e-02; Runtime: 0.1s; Iterations = 0, grads =   6.615e-02, unitary_metric = 1.00000
Error = :5.22e-04; Runtime: 0.2s; Iterations = 9, grads =   4.960e-04, unitary_metric = 1.00000
data saved at: /project/ftchong/qoc/pranav/00020_31_h2o_slice_90.h5


trying total_time: 0.3 for unitary of size (4, 4)
data saved at: /project/ftchong/qoc/pranav/00021_31_h2o_slice_90.h5
Using 5 Taylor terms and 1 Scaling & Squaring terms
Building graph:
Propagators initialized.
Operators weight initialized.
Intermediate propagation variables initialized.
Intermediate propagators initialized.
Vectors initialized.
Training loss initialized.
Optimizer initialized.
Utilities initialized.
Graph built!
Initialized
Error = :1.75e-01; Runtime: 0.0s; Iterations = 0, grads =   7.947e-02, unitary_metric = 1.00000
Error = :1.03e-02; Runtime: 0.2s; Iterations = 20, grads =   6.124e-03, unitary_metric = 1.00000
Error = :1.40e-03; Runtime: 0.2s; Iterations = 40, grads =   8.381e-04, unitary_metric = 1.00000
Error = :9.89e-04; Runtime: 0.3s; Iterations = 47, grads =   5.822e-04, unitary_metric = 1.00000
data saved at: /project/ftchong/qoc/pranav/00021_31_h2o_slice_90.h5




[0.3, 4.05, 0.3]
TIME FOR SLICE IS:
4.05
