Running Block:  99


trying total_time: 10.0 for unitary of size (4, 4)
data saved at: /project/ftchong/qoc/pranav/00000_31_h2o_slice_99.h5
Using 6 Taylor terms and 1 Scaling & Squaring terms
Building graph:
Propagators initialized.
Operators weight initialized.
Intermediate propagation variables initialized.
Intermediate propagators initialized.
Vectors initialized.
Training loss initialized.
Optimizer initialized.
Utilities initialized.
Graph built!
Initialized
Error = :2.96e-02; Runtime: 0.3s; Iterations = 0, grads =   5.612e-01, unitary_metric = 1.00000
Error = :5.37e-04; Runtime: 1.6s; Iterations = 11, grads =   5.444e-03, unitary_metric = 1.00000
data saved at: /project/ftchong/qoc/pranav/00000_31_h2o_slice_99.h5


trying total_time: 5.0 for unitary of size (4, 4)
data saved at: /project/ftchong/qoc/pranav/00001_31_h2o_slice_99.h5
Using 6 Taylor terms and 1 Scaling & Squaring terms
Building graph:
Propagators initialized.
Operators weight initialized.
Intermediate propagation variables initialized.
Intermediate propagators initialized.
Vectors initialized.
Training loss initialized.
Optimizer initialized.
Utilities initialized.
Graph built!
Initialized
Error = :2.69e-01; Runtime: 0.1s; Iterations = 0, grads =   1.988e+00, unitary_metric = 1.00000
Error = :8.77e-04; Runtime: 0.9s; Iterations = 14, grads =   8.928e-03, unitary_metric = 1.00000
data saved at: /project/ftchong/qoc/pranav/00001_31_h2o_slice_99.h5


trying total_time: 2.5 for unitary of size (4, 4)
data saved at: /project/ftchong/qoc/pranav/00002_31_h2o_slice_99.h5
Using 6 Taylor terms and 1 Scaling & Squaring terms
Building graph:
Propagators initialized.
Operators weight initialized.
Intermediate propagation variables initialized.
Intermediate propagators initialized.
Vectors initialized.
Training loss initialized.
Optimizer initialized.
Utilities initialized.
Graph built!
Initialized
Error = :5.04e-02; Runtime: 0.1s; Iterations = 0, grads =   2.477e-01, unitary_metric = 1.00000
Error = :4.30e-04; Runtime: 0.4s; Iterations = 8, grads =   4.706e-04, unitary_metric = 1.00000
data saved at: /project/ftchong/qoc/pranav/00002_31_h2o_slice_99.h5


trying total_time: 1.25 for unitary of size (4, 4)
data saved at: /project/ftchong/qoc/pranav/00003_31_h2o_slice_99.h5
Using 6 Taylor terms and 1 Scaling & Squaring terms
Building graph:
Propagators initialized.
Operators weight initialized.
Intermediate propagation variables initialized.
Intermediate propagators initialized.
Vectors initialized.
Training loss initialized.
Optimizer initialized.
Utilities initialized.
Graph built!
Initialized
Error = :2.71e-01; Runtime: 0.1s; Iterations = 0, grads =   5.247e-01, unitary_metric = 1.00000
Error = :3.55e-04; Runtime: 0.3s; Iterations = 10, grads =   1.704e-04, unitary_metric = 1.00000
data saved at: /project/ftchong/qoc/pranav/00003_31_h2o_slice_99.h5


trying total_time: 0.6 for unitary of size (4, 4)
data saved at: /project/ftchong/qoc/pranav/00004_31_h2o_slice_99.h5
Using 7 Taylor terms and 0 Scaling & Squaring terms
Building graph:
Propagators initialized.
Operators weight initialized.
Intermediate propagation variables initialized.
Intermediate propagators initialized.
Vectors initialized.
Training loss initialized.
Optimizer initialized.
Utilities initialized.
Graph built!
Initialized
Error = :1.01e-01; Runtime: 0.0s; Iterations = 0, grads =   1.092e-01, unitary_metric = 1.00000
Error = :3.56e-04; Runtime: 0.2s; Iterations = 12, grads =   4.086e-04, unitary_metric = 1.00000
data saved at: /project/ftchong/qoc/pranav/00004_31_h2o_slice_99.h5


trying total_time: 0.3 for unitary of size (4, 4)
data saved at: /project/ftchong/qoc/pranav/00005_31_h2o_slice_99.h5
Using 5 Taylor terms and 1 Scaling & Squaring terms
Building graph:
Propagators initialized.
Operators weight initialized.
Intermediate propagation variables initialized.
Intermediate propagators initialized.
Vectors initialized.
Training loss initialized.
Optimizer initialized.
Utilities initialized.
Graph built!
Initialized
Error = :1.60e-01; Runtime: 0.0s; Iterations = 0, grads =   7.246e-02, unitary_metric = 1.00000
Error = :6.13e-03; Runtime: 0.2s; Iterations = 20, grads =   3.499e-03, unitary_metric = 1.00000
Error = :9.75e-04; Runtime: 0.2s; Iterations = 25, grads =   4.668e-04, unitary_metric = 1.00000
data saved at: /project/ftchong/qoc/pranav/00005_31_h2o_slice_99.h5


trying total_time: 40.0 for unitary of size (16, 16)
data saved at: /project/ftchong/qoc/pranav/00006_31_h2o_slice_99.h5
Using 5 Taylor terms and 4 Scaling & Squaring terms
Building graph:
Propagators initialized.
Operators weight initialized.
Intermediate propagation variables initialized.
Intermediate propagators initialized.
Vectors initialized.
Training loss initialized.
Optimizer initialized.
Utilities initialized.
Graph built!
Initialized
Error = :7.83e-01; Runtime: 1.4s; Iterations = 0, grads =   7.466e-01, unitary_metric = 1.00037
Error = :9.30e-02; Runtime: 19.2s; Iterations = 20, grads =   1.037e+00, unitary_metric = 1.00032
Error = :2.86e-02; Runtime: 34.7s; Iterations = 40, grads =   1.287e+00, unitary_metric = 1.00025
Error = :3.01e-03; Runtime: 50.2s; Iterations = 60, grads =   1.262e-01, unitary_metric = 1.00027
Error = :4.80e-04; Runtime: 54.1s; Iterations = 65, grads =   3.170e-02, unitary_metric = 1.00026
data saved at: /project/ftchong/qoc/pranav/00006_31_h2o_slice_99.h5


trying total_time: 20.0 for unitary of size (16, 16)
data saved at: /project/ftchong/qoc/pranav/00007_31_h2o_slice_99.h5
Using 7 Taylor terms and 2 Scaling & Squaring terms
Building graph:
Propagators initialized.
Operators weight initialized.
Intermediate propagation variables initialized.
Intermediate propagators initialized.
Vectors initialized.
Training loss initialized.
Optimizer initialized.
Utilities initialized.
Graph built!
Initialized
Error = :7.59e-01; Runtime: 0.7s; Iterations = 0, grads =   9.218e-02, unitary_metric = 1.00002
Error = :8.40e-02; Runtime: 9.5s; Iterations = 20, grads =   1.536e+00, unitary_metric = 1.00000
Error = :9.36e-03; Runtime: 17.0s; Iterations = 40, grads =   2.466e-01, unitary_metric = 1.00001
Error = :9.10e-04; Runtime: 24.6s; Iterations = 60, grads =   8.260e-03, unitary_metric = 1.00001
data saved at: /project/ftchong/qoc/pranav/00007_31_h2o_slice_99.h5


trying total_time: 10.0 for unitary of size (16, 16)
data saved at: /project/ftchong/qoc/pranav/00008_31_h2o_slice_99.h5
Using 7 Taylor terms and 2 Scaling & Squaring terms
Building graph:
Propagators initialized.
Operators weight initialized.
Intermediate propagation variables initialized.
Intermediate propagators initialized.
Vectors initialized.
Training loss initialized.
Optimizer initialized.
Utilities initialized.
Graph built!
Initialized
Error = :7.94e-01; Runtime: 0.4s; Iterations = 0, grads =   1.907e-01, unitary_metric = 1.00000
Error = :5.11e-01; Runtime: 4.7s; Iterations = 20, grads =   1.037e-01, unitary_metric = 1.00000
Error = :4.50e-01; Runtime: 8.4s; Iterations = 40, grads =   2.308e-02, unitary_metric = 1.00000
Error = :1.51e-02; Runtime: 12.2s; Iterations = 60, grads =   6.883e-03, unitary_metric = 0.99999
Error = :5.99e-04; Runtime: 15.3s; Iterations = 77, grads =   9.371e-04, unitary_metric = 0.99999
data saved at: /project/ftchong/qoc/pranav/00008_31_h2o_slice_99.h5


trying total_time: 5.0 for unitary of size (16, 16)
data saved at: /project/ftchong/qoc/pranav/00009_31_h2o_slice_99.h5
Using 7 Taylor terms and 2 Scaling & Squaring terms
Building graph:
Propagators initialized.
Operators weight initialized.
Intermediate propagation variables initialized.
Intermediate propagators initialized.
Vectors initialized.
Training loss initialized.
Optimizer initialized.
Utilities initialized.
Graph built!
Initialized
Error = :7.52e-01; Runtime: 0.2s; Iterations = 0, grads =   6.899e-03, unitary_metric = 1.00000
Error = :5.18e-01; Runtime: 2.4s; Iterations = 20, grads =   1.249e-02, unitary_metric = 1.00000
Error = :4.76e-01; Runtime: 4.3s; Iterations = 40, grads =   3.131e-03, unitary_metric = 1.00000
Error = :1.81e-01; Runtime: 6.1s; Iterations = 60, grads =   3.801e-03, unitary_metric = 0.99999
Error = :1.63e-02; Runtime: 8.0s; Iterations = 80, grads =   3.358e-04, unitary_metric = 0.99999
Error = :8.68e-04; Runtime: 9.2s; Iterations = 93, grads =   2.992e-05, unitary_metric = 0.99999
data saved at: /project/ftchong/qoc/pranav/00009_31_h2o_slice_99.h5


trying total_time: 2.5 for unitary of size (16, 16)
data saved at: /project/ftchong/qoc/pranav/00010_31_h2o_slice_99.h5
Using 8 Taylor terms and 1 Scaling & Squaring terms
Building graph:
Propagators initialized.
Operators weight initialized.
Intermediate propagation variables initialized.
Intermediate propagators initialized.
Vectors initialized.
Training loss initialized.
Optimizer initialized.
Utilities initialized.
Graph built!
Initialized
Error = :8.66e-01; Runtime: 0.1s; Iterations = 0, grads =   8.032e-02, unitary_metric = 1.00000
Error = :6.12e-01; Runtime: 1.3s; Iterations = 20, grads =   8.923e-03, unitary_metric = 1.00000
Error = :5.09e-01; Runtime: 2.2s; Iterations = 40, grads =   2.478e-03, unitary_metric = 1.00000
Error = :4.28e-01; Runtime: 3.2s; Iterations = 60, grads =   2.022e-03, unitary_metric = 1.00000
Error = :2.95e-01; Runtime: 4.1s; Iterations = 80, grads =   1.268e-03, unitary_metric = 1.00000
Error = :2.11e-01; Runtime: 5.1s; Iterations = 100, grads =   3.814e-04, unitary_metric = 1.00000
Error = :1.81e-01; Runtime: 6.1s; Iterations = 120, grads =   1.472e-04, unitary_metric = 1.00000
Error = :1.71e-01; Runtime: 7.0s; Iterations = 140, grads =   7.193e-05, unitary_metric = 1.00000
Error = :1.66e-01; Runtime: 8.0s; Iterations = 160, grads =   4.248e-05, unitary_metric = 1.00000
Error = :1.64e-01; Runtime: 9.0s; Iterations = 180, grads =   2.604e-05, unitary_metric = 1.00000
Error = :1.62e-01; Runtime: 9.9s; Iterations = 200, grads =   1.654e-05, unitary_metric = 1.00000
Error = :1.61e-01; Runtime: 11.0s; Iterations = 220, grads =   1.100e-05, unitary_metric = 1.00000
Error = :1.61e-01; Runtime: 11.9s; Iterations = 240, grads =   7.748e-06, unitary_metric = 1.00000
Error = :1.61e-01; Runtime: 12.8s; Iterations = 260, grads =   6.148e-06, unitary_metric = 1.00000
Error = :1.61e-01; Runtime: 13.8s; Iterations = 280, grads =   6.112e-06, unitary_metric = 1.00000
Error = :1.61e-01; Runtime: 14.7s; Iterations = 300, grads =   6.895e-06, unitary_metric = 1.00000
Error = :1.61e-01; Runtime: 15.7s; Iterations = 320, grads =   6.887e-06, unitary_metric = 1.00000
Error = :1.61e-01; Runtime: 16.7s; Iterations = 340, grads =   5.888e-06, unitary_metric = 1.00000
Error = :1.60e-01; Runtime: 17.6s; Iterations = 360, grads =   4.010e-04, unitary_metric = 1.00000
Error = :1.60e-01; Runtime: 18.6s; Iterations = 380, grads =   4.551e-05, unitary_metric = 1.00000
Error = :1.60e-01; Runtime: 19.5s; Iterations = 400, grads =   4.485e-06, unitary_metric = 1.00000
Error = :1.60e-01; Runtime: 20.6s; Iterations = 420, grads =   4.803e-06, unitary_metric = 1.00000
Error = :1.59e-01; Runtime: 21.5s; Iterations = 440, grads =   6.592e-06, unitary_metric = 1.00000
Error = :1.58e-01; Runtime: 22.4s; Iterations = 460, grads =   8.948e-06, unitary_metric = 1.00000
Error = :1.57e-01; Runtime: 23.4s; Iterations = 480, grads =   8.554e-06, unitary_metric = 1.00000
Error = :1.56e-01; Runtime: 24.3s; Iterations = 500, grads =   5.800e-06, unitary_metric = 1.00000
Error = :1.55e-01; Runtime: 25.3s; Iterations = 520, grads =   3.121e-06, unitary_metric = 1.00000
Error = :1.55e-01; Runtime: 26.3s; Iterations = 540, grads =   1.626e-06, unitary_metric = 1.00000
Error = :1.55e-01; Runtime: 27.2s; Iterations = 560, grads =   9.548e-07, unitary_metric = 1.00000
Error = :1.55e-01; Runtime: 28.2s; Iterations = 580, grads =   6.326e-07, unitary_metric = 1.00000
Error = :1.55e-01; Runtime: 29.1s; Iterations = 600, grads =   4.454e-07, unitary_metric = 1.00000
Error = :1.55e-01; Runtime: 30.2s; Iterations = 620, grads =   9.552e-07, unitary_metric = 1.00000
Error = :1.55e-01; Runtime: 31.1s; Iterations = 640, grads =   7.670e-05, unitary_metric = 1.00000
Error = :1.55e-01; Runtime: 32.1s; Iterations = 660, grads =   1.045e-05, unitary_metric = 1.00000
Error = :1.55e-01; Runtime: 33.0s; Iterations = 680, grads =   8.812e-07, unitary_metric = 1.00000
Error = :1.55e-01; Runtime: 33.9s; Iterations = 700, grads =   1.538e-07, unitary_metric = 1.00000
Error = :1.55e-01; Runtime: 35.0s; Iterations = 720, grads =   7.694e-08, unitary_metric = 1.00000
Error = :1.55e-01; Runtime: 35.9s; Iterations = 740, grads =   6.173e-08, unitary_metric = 1.00000
Error = :1.55e-01; Runtime: 36.8s; Iterations = 760, grads =   9.045e-08, unitary_metric = 1.00000
Error = :1.55e-01; Runtime: 37.8s; Iterations = 780, grads =   4.472e-08, unitary_metric = 1.00000
Error = :1.55e-01; Runtime: 38.7s; Iterations = 800, grads =   3.253e-08, unitary_metric = 1.00000
Error = :1.55e-01; Runtime: 39.8s; Iterations = 820, grads =   2.747e-08, unitary_metric = 1.00000
Error = :1.55e-01; Runtime: 40.7s; Iterations = 840, grads =   3.979e-08, unitary_metric = 1.00000
Error = :1.55e-01; Runtime: 41.7s; Iterations = 860, grads =   4.509e-05, unitary_metric = 1.00000
Error = :1.55e-01; Runtime: 42.6s; Iterations = 880, grads =   1.340e-05, unitary_metric = 1.00000
Error = :1.55e-01; Runtime: 43.5s; Iterations = 900, grads =   6.204e-08, unitary_metric = 1.00000
Error = :1.55e-01; Runtime: 44.6s; Iterations = 920, grads =   1.627e-08, unitary_metric = 1.00000
Error = :1.55e-01; Runtime: 45.5s; Iterations = 940, grads =   2.796e-08, unitary_metric = 1.00000
Error = :1.55e-01; Runtime: 46.4s; Iterations = 960, grads =   1.689e-08, unitary_metric = 1.00000
Error = :1.55e-01; Runtime: 47.4s; Iterations = 980, grads =   1.218e-08, unitary_metric = 1.00000
Error = :1.55e-01; Runtime: 48.3s; Iterations = 1000, grads =   1.054e-08, unitary_metric = 1.00000
Error = :1.55e-01; Runtime: 49.4s; Iterations = 1020, grads =   9.781e-09, unitary_metric = 1.00000
Error = :1.55e-01; Runtime: 50.4s; Iterations = 1040, grads =   9.130e-09, unitary_metric = 1.00000
Error = :1.55e-01; Runtime: 51.3s; Iterations = 1060, grads =   8.913e-09, unitary_metric = 1.00000
Error = :1.55e-01; Runtime: 52.2s; Iterations = 1080, grads =   1.965e-07, unitary_metric = 1.00000
Error = :1.55e-01; Runtime: 53.2s; Iterations = 1100, grads =   5.034e-05, unitary_metric = 1.00000
Error = :1.55e-01; Runtime: 54.3s; Iterations = 1120, grads =   4.143e-06, unitary_metric = 1.00000
Error = :1.55e-01; Runtime: 55.2s; Iterations = 1140, grads =   7.195e-07, unitary_metric = 1.00000
Error = :1.55e-01; Runtime: 56.1s; Iterations = 1160, grads =   1.050e-07, unitary_metric = 1.00000
Error = :1.55e-01; Runtime: 57.1s; Iterations = 1180, grads =   3.524e-08, unitary_metric = 1.00000
Error = :1.55e-01; Runtime: 58.0s; Iterations = 1200, grads =   1.013e-08, unitary_metric = 1.00000
Error = :1.55e-01; Runtime: 59.1s; Iterations = 1220, grads =   6.839e-09, unitary_metric = 1.00000
Error = :1.55e-01; Runtime: 60.0s; Iterations = 1240, grads =   6.009e-09, unitary_metric = 1.00000
Error = :1.55e-01; Runtime: 60.9s; Iterations = 1260, grads =   5.814e-09, unitary_metric = 1.00000
Error = :1.55e-01; Runtime: 61.9s; Iterations = 1280, grads =   5.654e-09, unitary_metric = 1.00000
Error = :1.55e-01; Runtime: 62.8s; Iterations = 1300, grads =   5.520e-09, unitary_metric = 1.00000
Error = :1.55e-01; Runtime: 63.9s; Iterations = 1320, grads =   5.365e-09, unitary_metric = 1.00000
Error = :1.55e-01; Runtime: 64.9s; Iterations = 1340, grads =   5.284e-09, unitary_metric = 1.00000
Error = :1.55e-01; Runtime: 65.8s; Iterations = 1360, grads =   4.895e-08, unitary_metric = 1.00000
Error = :1.55e-01; Runtime: 66.7s; Iterations = 1380, grads =   5.153e-08, unitary_metric = 1.00000
Error = :1.55e-01; Runtime: 67.6s; Iterations = 1400, grads =   1.448e-06, unitary_metric = 1.00000
Error = :1.55e-01; Runtime: 68.7s; Iterations = 1420, grads =   1.162e-04, unitary_metric = 1.00000
Error = :1.55e-01; Runtime: 69.6s; Iterations = 1440, grads =   1.156e-05, unitary_metric = 1.00000
Error = :1.55e-01; Runtime: 70.6s; Iterations = 1460, grads =   1.915e-06, unitary_metric = 1.00000
Error = :1.54e-01; Runtime: 71.5s; Iterations = 1480, grads =   2.736e-07, unitary_metric = 1.00000
Error = :1.54e-01; Runtime: 72.5s; Iterations = 1500, grads =   9.644e-09, unitary_metric = 1.00000
Error = :1.54e-01; Runtime: 73.5s; Iterations = 1520, grads =   7.005e-09, unitary_metric = 1.00000
Error = :1.54e-01; Runtime: 74.5s; Iterations = 1540, grads =   4.621e-09, unitary_metric = 1.00000
Error = :1.54e-01; Runtime: 75.4s; Iterations = 1560, grads =   1.292e-08, unitary_metric = 1.00000
Error = :1.54e-01; Runtime: 76.3s; Iterations = 1580, grads =   1.435e-06, unitary_metric = 1.00000
Error = :1.55e-01; Runtime: 77.3s; Iterations = 1600, grads =   2.810e-05, unitary_metric = 1.00000
Error = :1.54e-01; Runtime: 78.3s; Iterations = 1620, grads =   9.734e-07, unitary_metric = 1.00000
Error = :1.54e-01; Runtime: 79.3s; Iterations = 1640, grads =   1.174e-06, unitary_metric = 1.00000
Error = :1.54e-01; Runtime: 80.2s; Iterations = 1660, grads =   4.653e-07, unitary_metric = 1.00000
Error = :1.55e-01; Runtime: 81.2s; Iterations = 1680, grads =   4.493e-05, unitary_metric = 1.00000
Error = :1.54e-01; Runtime: 82.1s; Iterations = 1700, grads =   2.281e-06, unitary_metric = 1.00000
Error = :1.54e-01; Runtime: 83.1s; Iterations = 1720, grads =   5.367e-08, unitary_metric = 1.00000
Error = :1.54e-01; Runtime: 84.1s; Iterations = 1740, grads =   5.664e-08, unitary_metric = 1.00000
Error = :1.54e-01; Runtime: 85.0s; Iterations = 1760, grads =   7.640e-09, unitary_metric = 1.00000
Error = :1.54e-01; Runtime: 86.0s; Iterations = 1780, grads =   3.993e-09, unitary_metric = 1.00000
Error = :1.54e-01; Runtime: 86.9s; Iterations = 1800, grads =   1.818e-07, unitary_metric = 1.00000
Error = :1.55e-01; Runtime: 87.9s; Iterations = 1820, grads =   1.408e-04, unitary_metric = 1.00000
Error = :1.54e-01; Runtime: 88.9s; Iterations = 1840, grads =   4.504e-06, unitary_metric = 1.00000
Error = :1.54e-01; Runtime: 89.8s; Iterations = 1860, grads =   2.131e-06, unitary_metric = 1.00000
Error = :1.54e-01; Runtime: 90.8s; Iterations = 1880, grads =   2.122e-07, unitary_metric = 1.00000
Error = :1.55e-01; Runtime: 91.7s; Iterations = 1900, grads =   4.455e-05, unitary_metric = 1.00000
Error = :1.54e-01; Runtime: 92.8s; Iterations = 1920, grads =   2.978e-06, unitary_metric = 1.00000
Error = :1.54e-01; Runtime: 93.7s; Iterations = 1940, grads =   3.682e-08, unitary_metric = 1.00000
Error = :1.54e-01; Runtime: 94.6s; Iterations = 1960, grads =   5.438e-08, unitary_metric = 1.00000
Error = :1.54e-01; Runtime: 95.6s; Iterations = 1980, grads =   6.176e-08, unitary_metric = 1.00000
Error = :1.54e-01; Runtime: 96.6s; Iterations = 2000, grads =   3.853e-09, unitary_metric = 1.00000
Error = :1.54e-01; Runtime: 97.6s; Iterations = 2020, grads =   3.232e-09, unitary_metric = 1.00000
Error = :1.54e-01; Runtime: 98.6s; Iterations = 2040, grads =   2.979e-09, unitary_metric = 1.00000
Error = :1.54e-01; Runtime: 99.5s; Iterations = 2060, grads =   7.260e-09, unitary_metric = 1.00000
Error = :1.54e-01; Runtime: 100.4s; Iterations = 2080, grads =   7.684e-07, unitary_metric = 1.00000
Error = :1.54e-01; Runtime: 101.4s; Iterations = 2100, grads =   5.711e-05, unitary_metric = 1.00000
Error = :1.54e-01; Runtime: 102.4s; Iterations = 2120, grads =   3.926e-06, unitary_metric = 1.00000
Error = :1.54e-01; Runtime: 103.3s; Iterations = 2140, grads =   2.237e-05, unitary_metric = 1.00000
Error = :1.54e-01; Runtime: 104.3s; Iterations = 2160, grads =   1.239e-06, unitary_metric = 1.00000
Error = :1.54e-01; Runtime: 105.3s; Iterations = 2180, grads =   6.842e-09, unitary_metric = 1.00000
Error = :1.54e-01; Runtime: 106.2s; Iterations = 2200, grads =   4.686e-09, unitary_metric = 1.00000
Error = :1.54e-01; Runtime: 107.2s; Iterations = 2220, grads =   2.764e-09, unitary_metric = 1.00000
Error = :1.54e-01; Runtime: 108.2s; Iterations = 2240, grads =   3.460e-09, unitary_metric = 1.00000
