Running Block:  83


trying total_time: 10.0 for unitary of size (4, 4)
data saved at: /project/ftchong/qoc/pranav/00000_31_h2o_slice_83.h5
Using 6 Taylor terms and 1 Scaling & Squaring terms
Building graph:
Propagators initialized.
Operators weight initialized.
Intermediate propagation variables initialized.
Intermediate propagators initialized.
Vectors initialized.
Training loss initialized.
Optimizer initialized.
Utilities initialized.
Graph built!
Initialized
Error = :2.07e-01; Runtime: 0.2s; Iterations = 0, grads =   3.594e+00, unitary_metric = 1.00000
Error = :2.46e-02; Runtime: 2.0s; Iterations = 20, grads =   5.238e-01, unitary_metric = 1.00000
Error = :5.53e-04; Runtime: 3.2s; Iterations = 38, grads =   1.094e-02, unitary_metric = 1.00000
data saved at: /project/ftchong/qoc/pranav/00000_31_h2o_slice_83.h5


trying total_time: 5.0 for unitary of size (4, 4)
data saved at: /project/ftchong/qoc/pranav/00001_31_h2o_slice_83.h5
Using 6 Taylor terms and 1 Scaling & Squaring terms
Building graph:
Propagators initialized.
Operators weight initialized.
Intermediate propagation variables initialized.
Intermediate propagators initialized.
Vectors initialized.
Training loss initialized.
Optimizer initialized.
Utilities initialized.
Graph built!
Initialized
Error = :1.83e-02; Runtime: 0.1s; Iterations = 0, grads =   1.486e-01, unitary_metric = 1.00000
Error = :6.00e-04; Runtime: 0.8s; Iterations = 11, grads =   4.792e-04, unitary_metric = 1.00000
data saved at: /project/ftchong/qoc/pranav/00001_31_h2o_slice_83.h5


trying total_time: 2.5 for unitary of size (4, 4)
data saved at: /project/ftchong/qoc/pranav/00002_31_h2o_slice_83.h5
Using 6 Taylor terms and 1 Scaling & Squaring terms
Building graph:
Propagators initialized.
Operators weight initialized.
Intermediate propagation variables initialized.
Intermediate propagators initialized.
Vectors initialized.
Training loss initialized.
Optimizer initialized.
Utilities initialized.
Graph built!
Initialized
Error = :2.82e-02; Runtime: 0.1s; Iterations = 0, grads =   1.456e-01, unitary_metric = 1.00000
Error = :1.71e-04; Runtime: 0.4s; Iterations = 7, grads =   3.659e-04, unitary_metric = 1.00000
data saved at: /project/ftchong/qoc/pranav/00002_31_h2o_slice_83.h5


trying total_time: 1.25 for unitary of size (4, 4)
data saved at: /project/ftchong/qoc/pranav/00003_31_h2o_slice_83.h5
Using 6 Taylor terms and 1 Scaling & Squaring terms
Building graph:
Propagators initialized.
Operators weight initialized.
Intermediate propagation variables initialized.
Intermediate propagators initialized.
Vectors initialized.
Training loss initialized.
Optimizer initialized.
Utilities initialized.
Graph built!
Initialized
Error = :8.83e-02; Runtime: 0.1s; Iterations = 0, grads =   2.089e-01, unitary_metric = 1.00000
Error = :3.44e-03; Runtime: 0.4s; Iterations = 20, grads =   8.946e-03, unitary_metric = 1.00000
Error = :9.56e-04; Runtime: 0.4s; Iterations = 27, grads =   2.466e-03, unitary_metric = 1.00000
data saved at: /project/ftchong/qoc/pranav/00003_31_h2o_slice_83.h5


trying total_time: 0.6 for unitary of size (4, 4)
data saved at: /project/ftchong/qoc/pranav/00004_31_h2o_slice_83.h5
Using 7 Taylor terms and 0 Scaling & Squaring terms
Building graph:
Propagators initialized.
Operators weight initialized.
Intermediate propagation variables initialized.
Intermediate propagators initialized.
Vectors initialized.
Training loss initialized.
Optimizer initialized.
Utilities initialized.
Graph built!
Initialized
Error = :1.71e-01; Runtime: 0.1s; Iterations = 0, grads =   1.665e-01, unitary_metric = 1.00000
Error = :1.10e-02; Runtime: 0.2s; Iterations = 20, grads =   1.359e-02, unitary_metric = 1.00000
Error = :9.47e-04; Runtime: 0.3s; Iterations = 31, grads =   1.130e-03, unitary_metric = 1.00000
data saved at: /project/ftchong/qoc/pranav/00004_31_h2o_slice_83.h5


trying total_time: 0.3 for unitary of size (4, 4)
data saved at: /project/ftchong/qoc/pranav/00005_31_h2o_slice_83.h5
Using 5 Taylor terms and 1 Scaling & Squaring terms
Building graph:
Propagators initialized.
Operators weight initialized.
Intermediate propagation variables initialized.
Intermediate propagators initialized.
Vectors initialized.
Training loss initialized.
Optimizer initialized.
Utilities initialized.
Graph built!
Initialized
Error = :8.03e-02; Runtime: 0.0s; Iterations = 0, grads =   3.392e-02, unitary_metric = 1.00000
Error = :2.59e-03; Runtime: 0.2s; Iterations = 20, grads =   1.266e-03, unitary_metric = 1.00000
Error = :8.03e-04; Runtime: 0.2s; Iterations = 25, grads =   3.919e-04, unitary_metric = 1.00000
data saved at: /project/ftchong/qoc/pranav/00005_31_h2o_slice_83.h5


trying total_time: 40.0 for unitary of size (16, 16)
data saved at: /project/ftchong/qoc/pranav/00006_31_h2o_slice_83.h5
Using 5 Taylor terms and 4 Scaling & Squaring terms
Building graph:
Propagators initialized.
Operators weight initialized.
Intermediate propagation variables initialized.
Intermediate propagators initialized.
Vectors initialized.
Training loss initialized.
Optimizer initialized.
Utilities initialized.
Graph built!
Initialized
Error = :7.62e-01; Runtime: 1.3s; Iterations = 0, grads =   3.208e-01, unitary_metric = 1.00031
Error = :8.55e-01; Runtime: 17.8s; Iterations = 20, grads =   1.918e+00, unitary_metric = 1.00034
Error = :5.18e-01; Runtime: 32.3s; Iterations = 40, grads =   1.795e+00, unitary_metric = 1.00031
Error = :5.13e-02; Runtime: 46.7s; Iterations = 60, grads =   2.291e-01, unitary_metric = 1.00021
Error = :8.73e-03; Runtime: 61.1s; Iterations = 80, grads =   2.124e-01, unitary_metric = 1.00022
Error = :4.31e-04; Runtime: 67.6s; Iterations = 89, grads =   7.494e-03, unitary_metric = 1.00020
data saved at: /project/ftchong/qoc/pranav/00006_31_h2o_slice_83.h5


trying total_time: 20.0 for unitary of size (16, 16)
data saved at: /project/ftchong/qoc/pranav/00007_31_h2o_slice_83.h5
Using 7 Taylor terms and 2 Scaling & Squaring terms
Building graph:
Propagators initialized.
Operators weight initialized.
Intermediate propagation variables initialized.
Intermediate propagators initialized.
Vectors initialized.
Training loss initialized.
Optimizer initialized.
Utilities initialized.
Graph built!
Initialized
Error = :7.81e-01; Runtime: 0.6s; Iterations = 0, grads =   4.898e-01, unitary_metric = 1.00001
Error = :5.25e-01; Runtime: 8.7s; Iterations = 20, grads =   2.639e-01, unitary_metric = 1.00001
Error = :1.29e-02; Runtime: 15.8s; Iterations = 40, grads =   1.927e-01, unitary_metric = 1.00000
Error = :6.09e-03; Runtime: 22.8s; Iterations = 60, grads =   2.541e-02, unitary_metric = 1.00000
Error = :4.62e-04; Runtime: 24.2s; Iterations = 64, grads =   1.391e-02, unitary_metric = 1.00000
data saved at: /project/ftchong/qoc/pranav/00007_31_h2o_slice_83.h5


trying total_time: 10.0 for unitary of size (16, 16)
data saved at: /project/ftchong/qoc/pranav/00008_31_h2o_slice_83.h5
Using 7 Taylor terms and 2 Scaling & Squaring terms
Building graph:
Propagators initialized.
Operators weight initialized.
Intermediate propagation variables initialized.
Intermediate propagators initialized.
Vectors initialized.
Training loss initialized.
Optimizer initialized.
Utilities initialized.
Graph built!
Initialized
Error = :8.02e-01; Runtime: 0.3s; Iterations = 0, grads =   4.011e-01, unitary_metric = 1.00000
Error = :7.53e-01; Runtime: 4.3s; Iterations = 20, grads =   3.673e-02, unitary_metric = 1.00000
Error = :6.81e-01; Runtime: 7.6s; Iterations = 40, grads =   3.620e-02, unitary_metric = 1.00000
Error = :5.01e-01; Runtime: 11.0s; Iterations = 60, grads =   1.598e-03, unitary_metric = 1.00000
Error = :4.94e-01; Runtime: 14.4s; Iterations = 80, grads =   8.303e-04, unitary_metric = 1.00000
Error = :1.62e-01; Runtime: 17.8s; Iterations = 100, grads =   2.348e-02, unitary_metric = 0.99999
Error = :1.28e-02; Runtime: 21.5s; Iterations = 120, grads =   3.341e-02, unitary_metric = 0.99999
Error = :1.26e-03; Runtime: 24.9s; Iterations = 140, grads =   4.624e-04, unitary_metric = 0.99999
Error = :6.93e-04; Runtime: 26.4s; Iterations = 149, grads =   8.220e-04, unitary_metric = 0.99999
data saved at: /project/ftchong/qoc/pranav/00008_31_h2o_slice_83.h5


trying total_time: 5.0 for unitary of size (16, 16)
data saved at: /project/ftchong/qoc/pranav/00009_31_h2o_slice_83.h5
Using 7 Taylor terms and 2 Scaling & Squaring terms
Building graph:
Propagators initialized.
Operators weight initialized.
Intermediate propagation variables initialized.
Intermediate propagators initialized.
Vectors initialized.
Training loss initialized.
Optimizer initialized.
Utilities initialized.
Graph built!
Initialized
Error = :8.14e-01; Runtime: 0.2s; Iterations = 0, grads =   1.305e-01, unitary_metric = 1.00000
Error = :7.52e-01; Runtime: 2.2s; Iterations = 20, grads =   8.041e-03, unitary_metric = 1.00000
Error = :7.45e-01; Runtime: 4.0s; Iterations = 40, grads =   2.633e-03, unitary_metric = 1.00000
Error = :6.25e-01; Runtime: 5.7s; Iterations = 60, grads =   3.374e-03, unitary_metric = 1.00000
Error = :5.33e-01; Runtime: 7.4s; Iterations = 80, grads =   8.431e-04, unitary_metric = 1.00000
Error = :4.92e-01; Runtime: 9.1s; Iterations = 100, grads =   4.528e-04, unitary_metric = 0.99999
Error = :3.10e-01; Runtime: 11.0s; Iterations = 120, grads =   2.257e-03, unitary_metric = 0.99999
Error = :2.13e-01; Runtime: 12.7s; Iterations = 140, grads =   3.695e-04, unitary_metric = 0.99999
Error = :1.95e-01; Runtime: 14.4s; Iterations = 160, grads =   5.471e-05, unitary_metric = 0.99999
Error = :1.90e-01; Runtime: 16.1s; Iterations = 180, grads =   1.916e-05, unitary_metric = 0.99999
Error = :1.89e-01; Runtime: 17.8s; Iterations = 200, grads =   6.651e-06, unitary_metric = 0.99999
Error = :1.88e-01; Runtime: 19.7s; Iterations = 220, grads =   2.250e-06, unitary_metric = 0.99999
Error = :1.88e-01; Runtime: 21.3s; Iterations = 240, grads =   8.740e-07, unitary_metric = 0.99999
Error = :1.88e-01; Runtime: 23.1s; Iterations = 260, grads =   6.057e-07, unitary_metric = 0.99999
Error = :1.88e-01; Runtime: 24.8s; Iterations = 280, grads =   3.011e-07, unitary_metric = 0.99999
Error = :1.88e-01; Runtime: 26.5s; Iterations = 300, grads =   2.278e-07, unitary_metric = 0.99999
Error = :1.88e-01; Runtime: 28.5s; Iterations = 320, grads =   1.864e-07, unitary_metric = 0.99999
Error = :1.88e-01; Runtime: 30.2s; Iterations = 340, grads =   1.572e-07, unitary_metric = 0.99999
Error = :1.88e-01; Runtime: 31.9s; Iterations = 360, grads =   1.351e-07, unitary_metric = 0.99999
Error = :1.88e-01; Runtime: 33.6s; Iterations = 380, grads =   1.177e-07, unitary_metric = 0.99999
Error = :1.88e-01; Runtime: 35.3s; Iterations = 400, grads =   1.035e-07, unitary_metric = 0.99999
Error = :1.88e-01; Runtime: 37.2s; Iterations = 420, grads =   2.242e-07, unitary_metric = 0.99999
Error = :1.88e-01; Runtime: 38.9s; Iterations = 440, grads =   2.672e-04, unitary_metric = 0.99999
Error = :1.88e-01; Runtime: 40.6s; Iterations = 460, grads =   1.246e-04, unitary_metric = 0.99999
Error = :1.88e-01; Runtime: 42.3s; Iterations = 480, grads =   2.439e-07, unitary_metric = 0.99999
Error = :1.88e-01; Runtime: 44.0s; Iterations = 500, grads =   8.885e-07, unitary_metric = 0.99999
Error = :1.88e-01; Runtime: 45.9s; Iterations = 520, grads =   1.453e-06, unitary_metric = 0.99999
Error = :1.88e-01; Runtime: 47.6s; Iterations = 540, grads =   1.248e-07, unitary_metric = 0.99999
Error = :1.88e-01; Runtime: 49.3s; Iterations = 560, grads =   6.681e-08, unitary_metric = 0.99999
Error = :1.88e-01; Runtime: 51.0s; Iterations = 580, grads =   4.592e-08, unitary_metric = 0.99999
Error = :1.88e-01; Runtime: 52.7s; Iterations = 600, grads =   4.044e-08, unitary_metric = 0.99999
Error = :1.88e-01; Runtime: 54.5s; Iterations = 620, grads =   3.742e-08, unitary_metric = 0.99999
Error = :1.88e-01; Runtime: 56.2s; Iterations = 640, grads =   1.244e-07, unitary_metric = 0.99999
Error = :1.88e-01; Runtime: 57.9s; Iterations = 660, grads =   2.342e-07, unitary_metric = 0.99999
Error = :1.88e-01; Runtime: 59.6s; Iterations = 680, grads =   3.128e-08, unitary_metric = 0.99999
Error = :1.88e-01; Runtime: 61.3s; Iterations = 700, grads =   5.252e-08, unitary_metric = 0.99999
Error = :1.88e-01; Runtime: 63.3s; Iterations = 720, grads =   9.032e-05, unitary_metric = 0.99999
Error = :1.88e-01; Runtime: 65.0s; Iterations = 740, grads =   5.736e-04, unitary_metric = 0.99999
Error = :1.88e-01; Runtime: 66.8s; Iterations = 760, grads =   5.142e-06, unitary_metric = 0.99999
Error = :1.88e-01; Runtime: 68.4s; Iterations = 780, grads =   7.563e-06, unitary_metric = 0.99999
Error = :1.88e-01; Runtime: 70.2s; Iterations = 800, grads =   6.028e-07, unitary_metric = 0.99999
Error = :1.88e-01; Runtime: 72.0s; Iterations = 820, grads =   4.959e-07, unitary_metric = 0.99999
Error = :1.88e-01; Runtime: 73.7s; Iterations = 840, grads =   6.732e-08, unitary_metric = 0.99999
Error = :1.88e-01; Runtime: 75.4s; Iterations = 860, grads =   2.432e-08, unitary_metric = 0.99999
Error = :1.88e-01; Runtime: 77.1s; Iterations = 880, grads =   1.767e-08, unitary_metric = 0.99999
Error = :1.88e-01; Runtime: 78.8s; Iterations = 900, grads =   1.671e-08, unitary_metric = 0.99999
Error = :1.88e-01; Runtime: 80.7s; Iterations = 920, grads =   1.589e-08, unitary_metric = 0.99999
Error = :1.88e-01; Runtime: 82.4s; Iterations = 940, grads =   1.538e-08, unitary_metric = 0.99999
Error = :1.88e-01; Runtime: 84.1s; Iterations = 960, grads =   2.394e-08, unitary_metric = 0.99999
Error = :1.88e-01; Runtime: 85.8s; Iterations = 980, grads =   7.976e-05, unitary_metric = 0.99999
Error = :1.88e-01; Runtime: 87.4s; Iterations = 1000, grads =   3.106e-04, unitary_metric = 0.99999
Error = :1.88e-01; Runtime: 89.3s; Iterations = 1020, grads =   6.016e-06, unitary_metric = 0.99999
Error = :1.88e-01; Runtime: 91.0s; Iterations = 1040, grads =   1.224e-05, unitary_metric = 0.99999
Error = :1.88e-01; Runtime: 92.7s; Iterations = 1060, grads =   2.329e-07, unitary_metric = 0.99999
Error = :1.88e-01; Runtime: 94.4s; Iterations = 1080, grads =   2.336e-07, unitary_metric = 0.99999
Error = :1.88e-01; Runtime: 96.2s; Iterations = 1100, grads =   4.331e-08, unitary_metric = 0.99999
Error = :1.88e-01; Runtime: 98.0s; Iterations = 1120, grads =   8.352e-08, unitary_metric = 0.99999
Error = :1.88e-01; Runtime: 99.7s; Iterations = 1140, grads =   1.535e-08, unitary_metric = 0.99999
Error = :1.88e-01; Runtime: 101.4s; Iterations = 1160, grads =   1.707e-08, unitary_metric = 0.99999
Error = :1.88e-01; Runtime: 103.1s; Iterations = 1180, grads =   1.024e-08, unitary_metric = 0.99999
Error = :1.88e-01; Runtime: 104.8s; Iterations = 1200, grads =   8.816e-09, unitary_metric = 0.99999
Error = :1.88e-01; Runtime: 106.7s; Iterations = 1220, grads =   8.371e-09, unitary_metric = 0.99999
Error = :1.88e-01; Runtime: 108.4s; Iterations = 1240, grads =   1.405e-08, unitary_metric = 0.99999
Error = :1.88e-01; Runtime: 110.1s; Iterations = 1260, grads =   5.501e-08, unitary_metric = 0.99999
Error = :1.88e-01; Runtime: 111.8s; Iterations = 1280, grads =   9.217e-06, unitary_metric = 0.99999
Error = :1.88e-01; Runtime: 113.5s; Iterations = 1300, grads =   1.116e-04, unitary_metric = 0.99999
Error = :1.88e-01; Runtime: 115.4s; Iterations = 1320, grads =   1.017e-04, unitary_metric = 0.99999
Error = :1.88e-01; Runtime: 117.1s; Iterations = 1340, grads =   2.815e-06, unitary_metric = 0.99999
Error = :1.88e-01; Runtime: 118.7s; Iterations = 1360, grads =   1.556e-06, unitary_metric = 0.99999
Error = :1.88e-01; Runtime: 120.4s; Iterations = 1380, grads =   5.154e-08, unitary_metric = 0.99999
Error = :1.88e-01; Runtime: 122.1s; Iterations = 1400, grads =   1.613e-07, unitary_metric = 0.99999
Error = :1.88e-01; Runtime: 124.0s; Iterations = 1420, grads =   7.519e-08, unitary_metric = 0.99999
Error = :1.88e-01; Runtime: 125.7s; Iterations = 1440, grads =   1.865e-07, unitary_metric = 0.99999
Error = :1.88e-01; Runtime: 127.4s; Iterations = 1460, grads =   5.642e-08, unitary_metric = 0.99999
Error = :1.88e-01; Runtime: 129.1s; Iterations = 1480, grads =   2.409e-07, unitary_metric = 0.99999
Error = :1.88e-01; Runtime: 130.9s; Iterations = 1500, grads =   2.341e-07, unitary_metric = 0.99999
Error = :1.88e-01; Runtime: 132.7s; Iterations = 1520, grads =   2.280e-04, unitary_metric = 0.99999
Error = :1.88e-01; Runtime: 134.5s; Iterations = 1540, grads =   4.870e-06, unitary_metric = 0.99999
Error = :1.88e-01; Runtime: 136.2s; Iterations = 1560, grads =   1.441e-05, unitary_metric = 0.99999
Error = :1.88e-01; Runtime: 137.8s; Iterations = 1580, grads =   4.774e-06, unitary_metric = 0.99999
Error = :1.88e-01; Runtime: 139.6s; Iterations = 1600, grads =   3.013e-08, unitary_metric = 0.99999
Error = :1.88e-01; Runtime: 141.8s; Iterations = 1620, grads =   1.368e-07, unitary_metric = 0.99999
Error = :1.88e-01; Runtime: 143.5s; Iterations = 1640, grads =   1.994e-04, unitary_metric = 0.99999
Error = :1.88e-01; Runtime: 145.2s; Iterations = 1660, grads =   1.357e-05, unitary_metric = 0.99999
Error = :1.88e-01; Runtime: 146.9s; Iterations = 1680, grads =   5.839e-06, unitary_metric = 0.99999
Error = :1.88e-01; Runtime: 148.6s; Iterations = 1700, grads =   3.958e-06, unitary_metric = 0.99999
Error = :1.88e-01; Runtime: 150.5s; Iterations = 1720, grads =   1.898e-07, unitary_metric = 0.99999
Error = :1.88e-01; Runtime: 152.1s; Iterations = 1740, grads =   7.244e-08, unitary_metric = 0.99999
Error = :1.88e-01; Runtime: 153.8s; Iterations = 1760, grads =   3.710e-07, unitary_metric = 0.99999
Error = :1.88e-01; Runtime: 155.5s; Iterations = 1780, grads =   6.407e-05, unitary_metric = 0.99999
Error = :1.88e-01; Runtime: 157.3s; Iterations = 1800, grads =   3.179e-04, unitary_metric = 0.99999
Error = :1.88e-01; Runtime: 159.1s; Iterations = 1820, grads =   4.164e-06, unitary_metric = 0.99999
Error = :1.88e-01; Runtime: 160.8s; Iterations = 1840, grads =   4.438e-06, unitary_metric = 0.99999
Error = :1.88e-01; Runtime: 162.5s; Iterations = 1860, grads =   7.480e-09, unitary_metric = 0.99999
Error = :1.88e-01; Runtime: 164.3s; Iterations = 1880, grads =   2.303e-08, unitary_metric = 0.99999
Error = :1.88e-01; Runtime: 166.0s; Iterations = 1900, grads =   4.430e-08, unitary_metric = 0.99999
Error = :1.88e-01; Runtime: 167.9s; Iterations = 1920, grads =   1.880e-05, unitary_metric = 0.99999
Error = :1.88e-01; Runtime: 169.6s; Iterations = 1940, grads =   8.860e-05, unitary_metric = 0.99999
Error = :1.88e-01; Runtime: 171.3s; Iterations = 1960, grads =   3.675e-05, unitary_metric = 0.99999
Error = :1.88e-01; Runtime: 173.1s; Iterations = 1980, grads =   2.477e-06, unitary_metric = 0.99999
Error = :1.88e-01; Runtime: 174.9s; Iterations = 2000, grads =   7.746e-07, unitary_metric = 0.99999
Error = :1.88e-01; Runtime: 176.7s; Iterations = 2020, grads =   9.879e-08, unitary_metric = 0.99999
Error = :1.88e-01; Runtime: 178.4s; Iterations = 2040, grads =   2.662e-05, unitary_metric = 0.99999
Error = :1.88e-01; Runtime: 180.1s; Iterations = 2060, grads =   1.068e-04, unitary_metric = 0.99999
Error = :1.88e-01; Runtime: 181.8s; Iterations = 2080, grads =   3.608e-05, unitary_metric = 0.99999
Error = :1.88e-01; Runtime: 183.5s; Iterations = 2100, grads =   3.364e-07, unitary_metric = 0.99999
Error = :1.88e-01; Runtime: 185.4s; Iterations = 2120, grads =   7.739e-08, unitary_metric = 0.99999
Error = :1.88e-01; Runtime: 187.1s; Iterations = 2140, grads =   1.509e-08, unitary_metric = 0.99999
Error = :1.88e-01; Runtime: 188.8s; Iterations = 2160, grads =   5.149e-09, unitary_metric = 0.99999
Error = :1.88e-01; Runtime: 190.5s; Iterations = 2180, grads =   1.660e-07, unitary_metric = 0.99999
Error = :1.88e-01; Runtime: 192.3s; Iterations = 2200, grads =   9.075e-05, unitary_metric = 0.99999
Error = :1.88e-01; Runtime: 194.1s; Iterations = 2220, grads =   1.487e-04, unitary_metric = 0.99999
Error = :1.88e-01; Runtime: 195.8s; Iterations = 2240, grads =   1.495e-06, unitary_metric = 0.99999
Error = :1.88e-01; Runtime: 197.5s; Iterations = 2260, grads =   2.969e-06, unitary_metric = 0.99999
Error = :1.88e-01; Runtime: 199.3s; Iterations = 2280, grads =   3.170e-07, unitary_metric = 0.99999
Error = :1.88e-01; Runtime: 200.9s; Iterations = 2300, grads =   1.300e-06, unitary_metric = 0.99999
Error = :1.88e-01; Runtime: 202.8s; Iterations = 2320, grads =   8.051e-04, unitary_metric = 0.99999
Error = :1.88e-01; Runtime: 204.5s; Iterations = 2340, grads =   5.285e-06, unitary_metric = 0.99999
Error = :1.88e-01; Runtime: 206.2s; Iterations = 2360, grads =   9.779e-06, unitary_metric = 0.99999
Error = :1.88e-01; Runtime: 207.9s; Iterations = 2380, grads =   5.204e-07, unitary_metric = 0.99999
Error = :1.88e-01; Runtime: 209.6s; Iterations = 2400, grads =   1.351e-07, unitary_metric = 0.99999
Error = :1.88e-01; Runtime: 211.5s; Iterations = 2420, grads =   2.396e-09, unitary_metric = 0.99999
Error = :1.88e-01; Runtime: 213.2s; Iterations = 2440, grads =   6.572e-09, unitary_metric = 0.99999
Error = :1.88e-01; Runtime: 214.9s; Iterations = 2460, grads =   8.881e-07, unitary_metric = 0.99999
Error = :1.88e-01; Runtime: 216.6s; Iterations = 2480, grads =   4.704e-04, unitary_metric = 0.99999
Error = :1.88e-01; Runtime: 218.3s; Iterations = 2500, grads =   7.188e-05, unitary_metric = 0.99999
Error = :1.88e-01; Runtime: 220.2s; Iterations = 2520, grads =   3.676e-06, unitary_metric = 0.99999
Error = :1.88e-01; Runtime: 221.9s; Iterations = 2540, grads =   1.239e-07, unitary_metric = 0.99999
Error = :1.88e-01; Runtime: 223.6s; Iterations = 2560, grads =   9.012e-08, unitary_metric = 0.99999
Error = :1.88e-01; Runtime: 225.4s; Iterations = 2580, grads =   1.610e-08, unitary_metric = 0.99999
Error = :1.88e-01; Runtime: 227.1s; Iterations = 2600, grads =   1.788e-07, unitary_metric = 0.99999
Error = :1.88e-01; Runtime: 229.0s; Iterations = 2620, grads =   3.140e-05, unitary_metric = 0.99999
Error = :1.88e-01; Runtime: 230.7s; Iterations = 2640, grads =   4.282e-05, unitary_metric = 0.99999
Error = :1.88e-01; Runtime: 232.4s; Iterations = 2660, grads =   6.373e-06, unitary_metric = 0.99999
Error = :1.88e-01; Runtime: 234.2s; Iterations = 2680, grads =   5.842e-07, unitary_metric = 0.99999
Error = :1.88e-01; Runtime: 235.8s; Iterations = 2700, grads =   3.089e-09, unitary_metric = 0.99999
Error = :1.88e-01; Runtime: 237.8s; Iterations = 2720, grads =   5.140e-08, unitary_metric = 0.99999
Error = :1.88e-01; Runtime: 239.5s; Iterations = 2740, grads =   2.317e-06, unitary_metric = 0.99999
Error = :1.88e-01; Runtime: 241.2s; Iterations = 2760, grads =   3.836e-04, unitary_metric = 0.99999
Error = :1.88e-01; Runtime: 242.9s; Iterations = 2780, grads =   4.313e-05, unitary_metric = 0.99999
Error = :1.88e-01; Runtime: 244.6s; Iterations = 2800, grads =   4.812e-06, unitary_metric = 0.99999
Error = :1.88e-01; Runtime: 246.5s; Iterations = 2820, grads =   5.872e-07, unitary_metric = 0.99999
Error = :1.88e-01; Runtime: 248.2s; Iterations = 2840, grads =   5.204e-07, unitary_metric = 0.99999
Error = :1.88e-01; Runtime: 249.9s; Iterations = 2860, grads =   1.926e-04, unitary_metric = 0.99999
Error = :1.88e-01; Runtime: 251.6s; Iterations = 2880, grads =   4.270e-08, unitary_metric = 0.99999
Error = :1.88e-01; Runtime: 253.3s; Iterations = 2900, grads =   5.697e-06, unitary_metric = 0.99999
Error = :1.88e-01; Runtime: 255.1s; Iterations = 2920, grads =   1.224e-06, unitary_metric = 0.99999
Error = :1.88e-01; Runtime: 256.9s; Iterations = 2940, grads =   1.690e-07, unitary_metric = 0.99999
Error = :1.88e-01; Runtime: 258.6s; Iterations = 2960, grads =   3.624e-08, unitary_metric = 0.99999
Error = :1.88e-01; Runtime: 260.3s; Iterations = 2980, grads =   3.435e-09, unitary_metric = 0.99999
Error = :1.88e-01; Runtime: 262.0s; Iterations = 3000, grads =   6.012e-07, unitary_metric = 0.99999
Error = :1.88e-01; Runtime: 263.9s; Iterations = 3020, grads =   3.344e-04, unitary_metric = 0.99999
Error = :1.88e-01; Runtime: 265.6s; Iterations = 3040, grads =   5.122e-05, unitary_metric = 0.99999
Error = :1.88e-01; Runtime: 267.3s; Iterations = 3060, grads =   2.472e-06, unitary_metric = 0.99999
Error = :1.88e-01; Runtime: 269.0s; Iterations = 3080, grads =   1.645e-07, unitary_metric = 0.99999
Error = :1.88e-01; Runtime: 270.7s; Iterations = 3100, grads =   1.004e-07, unitary_metric = 0.99999
Error = :1.88e-01; Runtime: 272.5s; Iterations = 3120, grads =   1.065e-06, unitary_metric = 0.99999
Error = :1.88e-01; Runtime: 274.2s; Iterations = 3140, grads =   3.100e-04, unitary_metric = 0.99999
Error = :1.88e-01; Runtime: 275.9s; Iterations = 3160, grads =   3.592e-05, unitary_metric = 0.99999
Error = :1.88e-01; Runtime: 277.6s; Iterations = 3180, grads =   4.622e-06, unitary_metric = 0.99999
Error = :1.88e-01; Runtime: 279.4s; Iterations = 3200, grads =   3.274e-07, unitary_metric = 0.99999
Error = :1.88e-01; Runtime: 281.3s; Iterations = 3220, grads =   4.402e-08, unitary_metric = 0.99999
Error = :1.88e-01; Runtime: 283.0s; Iterations = 3240, grads =   1.115e-08, unitary_metric = 0.99999
Error = :1.88e-01; Runtime: 284.7s; Iterations = 3260, grads =   1.631e-09, unitary_metric = 0.99999
Error = :1.88e-01; Runtime: 286.4s; Iterations = 3280, grads =   1.200e-09, unitary_metric = 0.99999
Error = :1.88e-01; Runtime: 288.1s; Iterations = 3300, grads =   6.859e-08, unitary_metric = 0.99999
Error = :1.88e-01; Runtime: 290.0s; Iterations = 3320, grads =   3.063e-05, unitary_metric = 0.99999
Error = :1.88e-01; Runtime: 291.7s; Iterations = 3340, grads =   9.921e-05, unitary_metric = 0.99999
Error = :1.88e-01; Runtime: 293.4s; Iterations = 3360, grads =   4.526e-06, unitary_metric = 0.99999
Error = :1.88e-01; Runtime: 295.1s; Iterations = 3380, grads =   5.416e-07, unitary_metric = 0.99999
Error = :1.88e-01; Runtime: 296.8s; Iterations = 3400, grads =   6.427e-05, unitary_metric = 0.99999
Error = :1.88e-01; Runtime: 298.7s; Iterations = 3420, grads =   5.045e-05, unitary_metric = 0.99999
Error = :1.88e-01; Runtime: 300.4s; Iterations = 3440, grads =   5.240e-06, unitary_metric = 0.99999
Error = :1.88e-01; Runtime: 302.2s; Iterations = 3460, grads =   2.615e-07, unitary_metric = 0.99999
Error = :1.88e-01; Runtime: 303.9s; Iterations = 3480, grads =   7.506e-08, unitary_metric = 0.99999
Error = :1.88e-01; Runtime: 305.6s; Iterations = 3500, grads =   2.715e-08, unitary_metric = 0.99999
Error = :1.88e-01; Runtime: 307.5s; Iterations = 3520, grads =   3.527e-09, unitary_metric = 0.99999
Error = :1.88e-01; Runtime: 309.2s; Iterations = 3540, grads =   8.142e-10, unitary_metric = 0.99999
Error = :1.88e-01; Runtime: 310.9s; Iterations = 3560, grads =   1.896e-09, unitary_metric = 0.99999
Error = :1.88e-01; Runtime: 312.6s; Iterations = 3580, grads =   2.910e-09, unitary_metric = 0.99999
Error = :1.88e-01; Runtime: 314.4s; Iterations = 3600, grads =   3.840e-08, unitary_metric = 0.99999
Error = :1.88e-01; Runtime: 316.2s; Iterations = 3620, grads =   7.078e-06, unitary_metric = 0.99999
Error = :1.88e-01; Runtime: 317.9s; Iterations = 3640, grads =   1.070e-04, unitary_metric = 0.99999
Error = :1.88e-01; Runtime: 319.6s; Iterations = 3660, grads =   1.468e-05, unitary_metric = 0.99999
Error = :1.88e-01; Runtime: 321.4s; Iterations = 3680, grads =   4.153e-06, unitary_metric = 0.99999
Error = :1.88e-01; Runtime: 323.1s; Iterations = 3700, grads =   1.570e-06, unitary_metric = 0.99999
Error = :1.88e-01; Runtime: 324.9s; Iterations = 3720, grads =   2.472e-07, unitary_metric = 0.99999
Error = :1.88e-01; Runtime: 326.7s; Iterations = 3740, grads =   2.475e-08, unitary_metric = 0.99999
Error = :1.88e-01; Runtime: 328.4s; Iterations = 3760, grads =   2.342e-09, unitary_metric = 0.99999
Error = :1.88e-01; Runtime: 330.1s; Iterations = 3780, grads =   8.909e-10, unitary_metric = 0.99999
Error = :1.88e-01; Runtime: 331.8s; Iterations = 3800, grads =   2.471e-09, unitary_metric = 0.99999
Error = :1.88e-01; Runtime: 333.7s; Iterations = 3820, grads =   1.305e-08, unitary_metric = 0.99999
Error = :1.88e-01; Runtime: 335.4s; Iterations = 3840, grads =   2.391e-08, unitary_metric = 0.99999
Error = :1.88e-01; Runtime: 337.1s; Iterations = 3860, grads =   7.584e-07, unitary_metric = 0.99999
Error = :1.88e-01; Runtime: 338.8s; Iterations = 3880, grads =   8.185e-05, unitary_metric = 0.99999
Error = :1.88e-01; Runtime: 340.6s; Iterations = 3900, grads =   8.412e-07, unitary_metric = 0.99999
Error = :1.88e-01; Runtime: 342.5s; Iterations = 3920, grads =   5.326e-05, unitary_metric = 0.99999
Error = :1.88e-01; Runtime: 344.2s; Iterations = 3940, grads =   1.359e-04, unitary_metric = 0.99999
Error = :1.88e-01; Runtime: 346.0s; Iterations = 3960, grads =   4.677e-08, unitary_metric = 0.99999
Error = :1.88e-01; Runtime: 347.6s; Iterations = 3980, grads =   1.331e-06, unitary_metric = 0.99999
Error = :1.88e-01; Runtime: 349.4s; Iterations = 4000, grads =   2.733e-07, unitary_metric = 0.99999
Error = :1.88e-01; Runtime: 351.3s; Iterations = 4020, grads =   1.522e-08, unitary_metric = 0.99999
Error = :1.88e-01; Runtime: 353.0s; Iterations = 4040, grads =   2.332e-09, unitary_metric = 0.99999
Error = :1.88e-01; Runtime: 354.7s; Iterations = 4060, grads =   2.713e-08, unitary_metric = 0.99999
Error = :1.88e-01; Runtime: 356.4s; Iterations = 4080, grads =   1.462e-06, unitary_metric = 0.99999
Error = :1.88e-01; Runtime: 358.1s; Iterations = 4100, grads =   8.566e-05, unitary_metric = 0.99999
Error = :1.88e-01; Runtime: 360.0s; Iterations = 4120, grads =   1.479e-05, unitary_metric = 0.99999
Error = :1.88e-01; Runtime: 361.6s; Iterations = 4140, grads =   5.900e-05, unitary_metric = 0.99999
Error = :1.88e-01; Runtime: 363.3s; Iterations = 4160, grads =   1.506e-05, unitary_metric = 0.99999
Error = :1.88e-01; Runtime: 365.1s; Iterations = 4180, grads =   1.050e-06, unitary_metric = 0.99999
Error = :1.88e-01; Runtime: 366.8s; Iterations = 4200, grads =   1.881e-07, unitary_metric = 0.99999
Error = :1.88e-01; Runtime: 368.7s; Iterations = 4220, grads =   1.435e-09, unitary_metric = 0.99999
Error = :1.88e-01; Runtime: 370.4s; Iterations = 4240, grads =   1.103e-09, unitary_metric = 0.99999
Error = :1.88e-01; Runtime: 372.1s; Iterations = 4260, grads =   2.952e-09, unitary_metric = 0.99999
Error = :1.88e-01; Runtime: 373.8s; Iterations = 4280, grads =   1.198e-08, unitary_metric = 0.99999
Error = :1.88e-01; Runtime: 375.5s; Iterations = 4300, grads =   6.538e-07, unitary_metric = 0.99999
Error = :1.88e-01; Runtime: 377.5s; Iterations = 4320, grads =   8.016e-05, unitary_metric = 0.99999
Error = :1.88e-01; Runtime: 379.2s; Iterations = 4340, grads =   8.350e-05, unitary_metric = 0.99999
Error = :1.88e-01; Runtime: 380.9s; Iterations = 4360, grads =   3.076e-06, unitary_metric = 0.99999
Error = :1.88e-01; Runtime: 382.7s; Iterations = 4380, grads =   7.839e-07, unitary_metric = 0.99999
Error = :1.88e-01; Runtime: 384.4s; Iterations = 4400, grads =   7.477e-08, unitary_metric = 0.99999
Error = :1.88e-01; Runtime: 386.2s; Iterations = 4420, grads =   2.214e-08, unitary_metric = 0.99999
Error = :1.88e-01; Runtime: 387.9s; Iterations = 4440, grads =   6.791e-09, unitary_metric = 0.99999
Error = :1.88e-01; Runtime: 389.7s; Iterations = 4460, grads =   6.454e-10, unitary_metric = 0.99999
Error = :1.88e-01; Runtime: 391.3s; Iterations = 4480, grads =   9.552e-10, unitary_metric = 0.99999
Error = :1.88e-01; Runtime: 393.1s; Iterations = 4500, grads =   8.655e-10, unitary_metric = 0.99999
Error = :1.88e-01; Runtime: 394.9s; Iterations = 4520, grads =   1.353e-09, unitary_metric = 0.99999
Error = :1.88e-01; Runtime: 396.6s; Iterations = 4540, grads =   5.462e-08, unitary_metric = 0.99999
Error = :1.88e-01; Runtime: 398.3s; Iterations = 4560, grads =   1.823e-05, unitary_metric = 0.99999
Error = :1.88e-01; Runtime: 400.1s; Iterations = 4580, grads =   5.305e-05, unitary_metric = 0.99999
Error = :1.88e-01; Runtime: 401.7s; Iterations = 4600, grads =   8.061e-06, unitary_metric = 0.99999
Error = :1.88e-01; Runtime: 403.6s; Iterations = 4620, grads =   9.650e-06, unitary_metric = 0.99999
Error = :1.88e-01; Runtime: 405.4s; Iterations = 4640, grads =   9.163e-07, unitary_metric = 0.99999
Error = :1.88e-01; Runtime: 407.0s; Iterations = 4660, grads =   8.856e-07, unitary_metric = 0.99999
Error = :1.88e-01; Runtime: 408.8s; Iterations = 4680, grads =   1.388e-07, unitary_metric = 0.99999
Error = :1.88e-01; Runtime: 410.5s; Iterations = 4700, grads =   1.755e-08, unitary_metric = 0.99999
Error = :1.88e-01; Runtime: 412.3s; Iterations = 4720, grads =   2.739e-09, unitary_metric = 0.99999
Error = :1.88e-01; Runtime: 414.0s; Iterations = 4740, grads =   1.750e-09, unitary_metric = 0.99999
Error = :1.88e-01; Runtime: 415.8s; Iterations = 4760, grads =   9.495e-10, unitary_metric = 0.99999
Error = :1.88e-01; Runtime: 417.5s; Iterations = 4780, grads =   1.211e-09, unitary_metric = 0.99999
Error = :1.88e-01; Runtime: 419.2s; Iterations = 4800, grads =   1.095e-08, unitary_metric = 0.99999
Error = :1.88e-01; Runtime: 421.0s; Iterations = 4820, grads =   6.081e-07, unitary_metric = 0.99999
Error = :1.88e-01; Runtime: 422.7s; Iterations = 4840, grads =   6.230e-05, unitary_metric = 0.99999
Error = :1.88e-01; Runtime: 424.4s; Iterations = 4860, grads =   1.796e-07, unitary_metric = 0.99999
Error = :1.88e-01; Runtime: 426.1s; Iterations = 4880, grads =   9.794e-07, unitary_metric = 0.99999
Error = :1.88e-01; Runtime: 427.8s; Iterations = 4900, grads =   5.945e-05, unitary_metric = 0.99999
Error = :1.88e-01; Runtime: 429.7s; Iterations = 4920, grads =   7.988e-05, unitary_metric = 0.99999
Error = :1.88e-01; Runtime: 431.4s; Iterations = 4940, grads =   6.612e-06, unitary_metric = 0.99999
Error = :1.88e-01; Runtime: 433.1s; Iterations = 4960, grads =   2.212e-06, unitary_metric = 0.99999
Error = :1.88e-01; Runtime: 434.8s; Iterations = 4980, grads =   1.320e-07, unitary_metric = 0.99999
Error = :1.88e-01; Runtime: 436.5s; Iterations = 5000, grads =   7.554e-09, unitary_metric = 0.99999
Error = :1.88e-01; Runtime: 438.4s; Iterations = 5020, grads =   4.404e-09, unitary_metric = 0.99999
Error = :1.88e-01; Runtime: 440.1s; Iterations = 5040, grads =   1.451e-07, unitary_metric = 0.99999
Error = :1.88e-01; Runtime: 441.8s; Iterations = 5060, grads =   3.299e-05, unitary_metric = 0.99999
Error = :1.88e-01; Runtime: 443.5s; Iterations = 5080, grads =   7.815e-06, unitary_metric = 0.99999
Error = :1.88e-01; Runtime: 445.2s; Iterations = 5100, grads =   1.041e-06, unitary_metric = 0.99999
Error = :1.88e-01; Runtime: 447.0s; Iterations = 5120, grads =   2.283e-07, unitary_metric = 0.99999
Error = :1.88e-01; Runtime: 448.8s; Iterations = 5140, grads =   1.777e-06, unitary_metric = 0.99999
Error = :1.88e-01; Runtime: 450.5s; Iterations = 5160, grads =   9.553e-06, unitary_metric = 0.99999
Error = :1.88e-01; Runtime: 452.2s; Iterations = 5180, grads =   2.674e-06, unitary_metric = 0.99999
Error = :1.88e-01; Runtime: 453.9s; Iterations = 5200, grads =   3.843e-07, unitary_metric = 0.99999
Error = :1.88e-01; Runtime: 455.7s; Iterations = 5220, grads =   3.319e-05, unitary_metric = 0.99999
Error = :1.88e-01; Runtime: 457.5s; Iterations = 5240, grads =   5.503e-06, unitary_metric = 0.99999
Error = :1.88e-01; Runtime: 459.2s; Iterations = 5260, grads =   1.209e-06, unitary_metric = 0.99999
Error = :1.88e-01; Runtime: 460.9s; Iterations = 5280, grads =   1.617e-07, unitary_metric = 0.99999
Error = :1.88e-01; Runtime: 462.7s; Iterations = 5300, grads =   3.156e-08, unitary_metric = 0.99999
Error = :1.88e-01; Runtime: 464.5s; Iterations = 5320, grads =   1.015e-05, unitary_metric = 0.99999
Error = :1.88e-01; Runtime: 466.2s; Iterations = 5340, grads =   2.479e-05, unitary_metric = 0.99999
Error = :1.88e-01; Runtime: 467.9s; Iterations = 5360, grads =   1.389e-05, unitary_metric = 0.99999
Error = :1.88e-01; Runtime: 469.6s; Iterations = 5380, grads =   6.842e-06, unitary_metric = 0.99999
Error = :1.88e-01; Runtime: 471.3s; Iterations = 5400, grads =   2.563e-07, unitary_metric = 0.99999
Error = :1.88e-01; Runtime: 473.3s; Iterations = 5420, grads =   1.078e-07, unitary_metric = 0.99999
Error = :1.88e-01; Runtime: 475.0s; Iterations = 5440, grads =   2.859e-06, unitary_metric = 0.99999
Error = :1.88e-01; Runtime: 476.7s; Iterations = 5460, grads =   2.594e-06, unitary_metric = 0.99999
Error = :1.88e-01; Runtime: 478.4s; Iterations = 5480, grads =   1.894e-06, unitary_metric = 0.99999
Error = :1.88e-01; Runtime: 480.1s; Iterations = 5500, grads =   3.635e-07, unitary_metric = 0.99999
Error = :1.88e-01; Runtime: 481.9s; Iterations = 5520, grads =   6.715e-09, unitary_metric = 0.99999
Error = :1.88e-01; Runtime: 483.6s; Iterations = 5540, grads =   1.369e-07, unitary_metric = 0.99999
Error = :1.88e-01; Runtime: 485.3s; Iterations = 5560, grads =   1.366e-05, unitary_metric = 0.99999
Error = :1.88e-01; Runtime: 487.1s; Iterations = 5580, grads =   5.293e-06, unitary_metric = 0.99999
Error = :1.88e-01; Runtime: 488.8s; Iterations = 5600, grads =   3.204e-07, unitary_metric = 0.99999
Error = :1.88e-01; Runtime: 490.6s; Iterations = 5620, grads =   7.181e-06, unitary_metric = 0.99999
Error = :1.88e-01; Runtime: 492.4s; Iterations = 5640, grads =   5.555e-06, unitary_metric = 0.99999
Error = :1.88e-01; Runtime: 494.1s; Iterations = 5660, grads =   4.892e-06, unitary_metric = 0.99999
Error = :1.88e-01; Runtime: 495.8s; Iterations = 5680, grads =   5.559e-07, unitary_metric = 0.99999
Error = :1.88e-01; Runtime: 497.5s; Iterations = 5700, grads =   1.013e-06, unitary_metric = 0.99999
Error = :1.88e-01; Runtime: 499.3s; Iterations = 5720, grads =   1.639e-07, unitary_metric = 0.99999
Error = :1.88e-01; Runtime: 501.0s; Iterations = 5740, grads =   6.502e-07, unitary_metric = 0.99999
Error = :1.88e-01; Runtime: 502.7s; Iterations = 5760, grads =   1.799e-05, unitary_metric = 0.99999
Error = :1.88e-01; Runtime: 504.4s; Iterations = 5780, grads =   1.472e-08, unitary_metric = 0.99999
Error = :1.88e-01; Runtime: 506.2s; Iterations = 5800, grads =   3.292e-07, unitary_metric = 0.99999
Error = :1.88e-01; Runtime: 508.0s; Iterations = 5820, grads =   9.169e-07, unitary_metric = 0.99999
Error = :1.88e-01; Runtime: 509.7s; Iterations = 5840, grads =   2.384e-05, unitary_metric = 0.99999
Error = :1.88e-01; Runtime: 511.4s; Iterations = 5860, grads =   9.333e-06, unitary_metric = 0.99999
Error = :1.88e-01; Runtime: 513.1s; Iterations = 5880, grads =   6.254e-06, unitary_metric = 0.99999
Error = :1.88e-01; Runtime: 514.8s; Iterations = 5900, grads =   2.199e-08, unitary_metric = 0.99999
Error = :1.88e-01; Runtime: 516.7s; Iterations = 5920, grads =   1.462e-07, unitary_metric = 0.99999
Error = :1.88e-01; Runtime: 518.4s; Iterations = 5940, grads =   1.946e-06, unitary_metric = 0.99999
Error = :1.88e-01; Runtime: 520.1s; Iterations = 5960, grads =   6.423e-07, unitary_metric = 0.99999
Error = :1.88e-01; Runtime: 521.8s; Iterations = 5980, grads =   5.155e-08, unitary_metric = 0.99999
Error = :1.88e-01; Runtime: 523.5s; Iterations = 6000, grads =   3.234e-07, unitary_metric = 0.99999
data saved at: /project/ftchong/qoc/pranav/00009_31_h2o_slice_83.h5


trying total_time: 7.5 for unitary of size (16, 16)
data saved at: /project/ftchong/qoc/pranav/00010_31_h2o_slice_83.h5
Using 7 Taylor terms and 2 Scaling & Squaring terms
Building graph:
Propagators initialized.
Operators weight initialized.
Intermediate propagation variables initialized.
Intermediate propagators initialized.
Vectors initialized.
Training loss initialized.
Optimizer initialized.
Utilities initialized.
Graph built!
Initialized
Error = :8.58e-01; Runtime: 0.2s; Iterations = 0, grads =   3.535e-01, unitary_metric = 1.00000
Error = :7.52e-01; Runtime: 3.2s; Iterations = 20, grads =   2.728e-02, unitary_metric = 1.00000
Error = :6.92e-01; Runtime: 5.8s; Iterations = 40, grads =   1.516e-02, unitary_metric = 1.00000
Error = :5.15e-01; Runtime: 8.4s; Iterations = 60, grads =   2.614e-03, unitary_metric = 1.00000
Error = :5.00e-01; Runtime: 10.9s; Iterations = 80, grads =   4.406e-04, unitary_metric = 0.99999
Error = :4.88e-01; Runtime: 13.4s; Iterations = 100, grads =   3.750e-04, unitary_metric = 1.00000
Error = :2.17e-01; Runtime: 16.3s; Iterations = 120, grads =   1.234e-02, unitary_metric = 0.99999
Error = :3.06e-02; Runtime: 18.8s; Iterations = 140, grads =   6.865e-04, unitary_metric = 0.99999
Error = :8.27e-03; Runtime: 21.4s; Iterations = 160, grads =   5.782e-04, unitary_metric = 1.00000
Error = :3.15e-03; Runtime: 23.9s; Iterations = 180, grads =   3.571e-04, unitary_metric = 0.99999
Error = :1.88e-03; Runtime: 26.5s; Iterations = 200, grads =   7.317e-06, unitary_metric = 0.99999
Error = :1.28e-03; Runtime: 29.2s; Iterations = 220, grads =   4.246e-06, unitary_metric = 0.99999
Error = :9.98e-04; Runtime: 31.3s; Iterations = 236, grads =   2.670e-06, unitary_metric = 0.99999
data saved at: /project/ftchong/qoc/pranav/00010_31_h2o_slice_83.h5


trying total_time: 6.25 for unitary of size (16, 16)
data saved at: /project/ftchong/qoc/pranav/00011_31_h2o_slice_83.h5
Using 7 Taylor terms and 2 Scaling & Squaring terms
Building graph:
Propagators initialized.
Operators weight initialized.
Intermediate propagation variables initialized.
Intermediate propagators initialized.
Vectors initialized.
Training loss initialized.
Optimizer initialized.
Utilities initialized.
Graph built!
Initialized
Error = :7.95e-01; Runtime: 0.2s; Iterations = 0, grads =   2.009e-01, unitary_metric = 1.00000
Error = :7.51e-01; Runtime: 2.8s; Iterations = 20, grads =   9.526e-03, unitary_metric = 1.00000
Error = :7.35e-01; Runtime: 4.9s; Iterations = 40, grads =   3.795e-03, unitary_metric = 1.00000
Error = :5.98e-01; Runtime: 7.0s; Iterations = 60, grads =   2.485e-03, unitary_metric = 1.00000
Error = :5.18e-01; Runtime: 9.2s; Iterations = 80, grads =   7.379e-04, unitary_metric = 1.00000
Error = :5.02e-01; Runtime: 11.3s; Iterations = 100, grads =   2.643e-04, unitary_metric = 1.00000
Error = :5.00e-01; Runtime: 13.6s; Iterations = 120, grads =   2.161e-05, unitary_metric = 1.00000
Error = :5.00e-01; Runtime: 15.7s; Iterations = 140, grads =   3.668e-06, unitary_metric = 1.00000
Error = :5.00e-01; Runtime: 17.9s; Iterations = 160, grads =   3.684e-06, unitary_metric = 0.99999
Error = :4.96e-01; Runtime: 19.9s; Iterations = 180, grads =   1.013e-04, unitary_metric = 0.99999
Error = :3.63e-01; Runtime: 22.1s; Iterations = 200, grads =   4.974e-03, unitary_metric = 0.99999
Error = :1.44e-01; Runtime: 24.4s; Iterations = 220, grads =   2.002e-03, unitary_metric = 0.99999
Error = :9.37e-02; Runtime: 26.5s; Iterations = 240, grads =   2.875e-04, unitary_metric = 0.99999
Error = :7.89e-02; Runtime: 28.6s; Iterations = 260, grads =   1.599e-04, unitary_metric = 0.99999
Error = :7.31e-02; Runtime: 30.7s; Iterations = 280, grads =   1.526e-03, unitary_metric = 0.99999
Error = :7.00e-02; Runtime: 32.8s; Iterations = 300, grads =   1.626e-04, unitary_metric = 0.99999
Error = :6.82e-02; Runtime: 35.1s; Iterations = 320, grads =   8.493e-05, unitary_metric = 0.99999
Error = :6.73e-02; Runtime: 37.2s; Iterations = 340, grads =   6.053e-03, unitary_metric = 0.99999
Error = :6.59e-02; Runtime: 39.4s; Iterations = 360, grads =   1.589e-05, unitary_metric = 0.99999
Error = :6.51e-02; Runtime: 41.5s; Iterations = 380, grads =   1.029e-04, unitary_metric = 0.99999
Error = :6.46e-02; Runtime: 43.6s; Iterations = 400, grads =   2.128e-05, unitary_metric = 0.99999
Error = :6.42e-02; Runtime: 45.9s; Iterations = 420, grads =   7.758e-06, unitary_metric = 0.99999
Error = :6.40e-02; Runtime: 48.0s; Iterations = 440, grads =   6.235e-06, unitary_metric = 0.99999
Error = :6.38e-02; Runtime: 50.2s; Iterations = 460, grads =   5.712e-06, unitary_metric = 0.99999
Error = :6.37e-02; Runtime: 52.3s; Iterations = 480, grads =   6.039e-06, unitary_metric = 0.99999
Error = :6.35e-02; Runtime: 54.4s; Iterations = 500, grads =   6.634e-06, unitary_metric = 0.99999
Error = :6.31e-02; Runtime: 56.7s; Iterations = 520, grads =   6.555e-06, unitary_metric = 0.99999
Error = :6.27e-02; Runtime: 58.9s; Iterations = 540, grads =   7.646e-06, unitary_metric = 0.99999
Error = :6.23e-02; Runtime: 61.0s; Iterations = 560, grads =   1.809e-05, unitary_metric = 0.99999
Error = :6.21e-02; Runtime: 63.1s; Iterations = 580, grads =   3.180e-04, unitary_metric = 0.99999
Error = :6.19e-02; Runtime: 65.3s; Iterations = 600, grads =   1.177e-04, unitary_metric = 0.99999
Error = :6.17e-02; Runtime: 67.6s; Iterations = 620, grads =   1.140e-04, unitary_metric = 0.99999
Error = :6.16e-02; Runtime: 69.7s; Iterations = 640, grads =   5.124e-05, unitary_metric = 0.99999
Error = :6.15e-02; Runtime: 71.8s; Iterations = 660, grads =   1.617e-06, unitary_metric = 0.99999
Error = :6.14e-02; Runtime: 73.9s; Iterations = 680, grads =   1.313e-06, unitary_metric = 0.99999
Error = :6.13e-02; Runtime: 76.0s; Iterations = 700, grads =   1.152e-06, unitary_metric = 0.99999
Error = :6.12e-02; Runtime: 78.4s; Iterations = 720, grads =   9.450e-07, unitary_metric = 0.99999
Error = :6.12e-02; Runtime: 80.5s; Iterations = 740, grads =   9.566e-07, unitary_metric = 0.99999
Error = :6.11e-02; Runtime: 82.6s; Iterations = 760, grads =   7.373e-07, unitary_metric = 0.99999
Error = :6.11e-02; Runtime: 84.8s; Iterations = 780, grads =   6.461e-07, unitary_metric = 0.99999
Error = :6.10e-02; Runtime: 86.9s; Iterations = 800, grads =   2.473e-05, unitary_metric = 0.99999
Error = :6.13e-02; Runtime: 89.2s; Iterations = 820, grads =   3.618e-03, unitary_metric = 0.99999
Error = :6.10e-02; Runtime: 91.3s; Iterations = 840, grads =   2.836e-04, unitary_metric = 0.99999
Error = :6.09e-02; Runtime: 93.4s; Iterations = 860, grads =   8.626e-05, unitary_metric = 0.99999
Error = :6.09e-02; Runtime: 95.5s; Iterations = 880, grads =   1.310e-05, unitary_metric = 0.99999
Error = :6.09e-02; Runtime: 97.7s; Iterations = 900, grads =   1.709e-06, unitary_metric = 0.99999
Error = :6.09e-02; Runtime: 100.0s; Iterations = 920, grads =   5.212e-07, unitary_metric = 0.99999
Error = :6.08e-02; Runtime: 102.1s; Iterations = 940, grads =   4.864e-07, unitary_metric = 0.99999
Error = :6.08e-02; Runtime: 104.3s; Iterations = 960, grads =   9.056e-07, unitary_metric = 0.99999
Error = :6.08e-02; Runtime: 106.4s; Iterations = 980, grads =   2.971e-07, unitary_metric = 0.99999
Error = :6.08e-02; Runtime: 108.5s; Iterations = 1000, grads =   2.494e-07, unitary_metric = 0.99999
Error = :6.08e-02; Runtime: 110.8s; Iterations = 1020, grads =   2.218e-07, unitary_metric = 0.99999
Error = :6.08e-02; Runtime: 112.9s; Iterations = 1040, grads =   2.107e-07, unitary_metric = 0.99999
Error = :6.07e-02; Runtime: 115.0s; Iterations = 1060, grads =   1.957e-06, unitary_metric = 0.99999
Error = :6.13e-02; Runtime: 117.1s; Iterations = 1080, grads =   6.688e-03, unitary_metric = 0.99999
Error = :6.07e-02; Runtime: 119.3s; Iterations = 1100, grads =   1.969e-04, unitary_metric = 0.99999
Error = :6.07e-02; Runtime: 121.6s; Iterations = 1120, grads =   1.545e-04, unitary_metric = 0.99999
Error = :6.07e-02; Runtime: 123.7s; Iterations = 1140, grads =   5.632e-05, unitary_metric = 0.99999
Error = :6.07e-02; Runtime: 125.8s; Iterations = 1160, grads =   8.336e-06, unitary_metric = 0.99999
Error = :6.07e-02; Runtime: 127.9s; Iterations = 1180, grads =   1.404e-06, unitary_metric = 0.99999
Error = :6.07e-02; Runtime: 130.0s; Iterations = 1200, grads =   2.070e-07, unitary_metric = 0.99999
Error = :6.07e-02; Runtime: 132.3s; Iterations = 1220, grads =   1.726e-07, unitary_metric = 0.99999
Error = :6.07e-02; Runtime: 134.4s; Iterations = 1240, grads =   1.395e-07, unitary_metric = 0.99999
Error = :6.08e-02; Runtime: 136.6s; Iterations = 1260, grads =   1.529e-07, unitary_metric = 0.99999
Error = :6.08e-02; Runtime: 138.7s; Iterations = 1280, grads =   1.557e-07, unitary_metric = 0.99999
Error = :6.09e-02; Runtime: 140.8s; Iterations = 1300, grads =   2.018e-07, unitary_metric = 0.99999
Error = :6.11e-02; Runtime: 143.1s; Iterations = 1320, grads =   3.345e-07, unitary_metric = 0.99999
Error = :6.14e-02; Runtime: 145.2s; Iterations = 1340, grads =   6.690e-07, unitary_metric = 0.99999
Error = :6.17e-02; Runtime: 147.3s; Iterations = 1360, grads =   1.705e-06, unitary_metric = 0.99999
Error = :6.20e-02; Runtime: 149.4s; Iterations = 1380, grads =   1.160e-03, unitary_metric = 0.99999
Error = :6.22e-02; Runtime: 151.5s; Iterations = 1400, grads =   4.259e-03, unitary_metric = 0.99999
Error = :6.17e-02; Runtime: 153.8s; Iterations = 1420, grads =   2.526e-04, unitary_metric = 0.99999
Error = :6.14e-02; Runtime: 155.9s; Iterations = 1440, grads =   6.778e-05, unitary_metric = 0.99999
Error = :6.13e-02; Runtime: 158.0s; Iterations = 1460, grads =   3.161e-06, unitary_metric = 0.99999
Error = :6.11e-02; Runtime: 160.2s; Iterations = 1480, grads =   2.121e-06, unitary_metric = 0.99998
Error = :6.10e-02; Runtime: 162.3s; Iterations = 1500, grads =   8.506e-07, unitary_metric = 0.99999
Error = :6.10e-02; Runtime: 164.6s; Iterations = 1520, grads =   6.287e-07, unitary_metric = 0.99999
Error = :6.09e-02; Runtime: 166.7s; Iterations = 1540, grads =   5.186e-07, unitary_metric = 0.99999
Error = :6.09e-02; Runtime: 168.8s; Iterations = 1560, grads =   4.745e-07, unitary_metric = 0.99999
Error = :6.08e-02; Runtime: 171.0s; Iterations = 1580, grads =   4.188e-07, unitary_metric = 0.99999
Error = :6.08e-02; Runtime: 173.1s; Iterations = 1600, grads =   3.533e-07, unitary_metric = 0.99999
Error = :6.08e-02; Runtime: 175.4s; Iterations = 1620, grads =   6.738e-07, unitary_metric = 0.99999
Error = :6.08e-02; Runtime: 177.5s; Iterations = 1640, grads =   2.637e-04, unitary_metric = 0.99999
Error = :6.07e-02; Runtime: 179.6s; Iterations = 1660, grads =   3.371e-04, unitary_metric = 0.99999
Error = :6.07e-02; Runtime: 181.8s; Iterations = 1680, grads =   3.570e-04, unitary_metric = 0.99999
Error = :6.07e-02; Runtime: 183.9s; Iterations = 1700, grads =   4.236e-04, unitary_metric = 0.99999
Error = :6.07e-02; Runtime: 186.2s; Iterations = 1720, grads =   1.119e-04, unitary_metric = 0.99999
Error = :6.06e-02; Runtime: 188.3s; Iterations = 1740, grads =   7.065e-06, unitary_metric = 0.99999
Error = :6.06e-02; Runtime: 190.4s; Iterations = 1760, grads =   8.654e-07, unitary_metric = 0.99999
Error = :6.06e-02; Runtime: 192.5s; Iterations = 1780, grads =   2.387e-07, unitary_metric = 0.99999
Error = :6.06e-02; Runtime: 194.6s; Iterations = 1800, grads =   1.796e-07, unitary_metric = 0.99999
Error = :6.06e-02; Runtime: 196.9s; Iterations = 1820, grads =   1.539e-07, unitary_metric = 0.99999
Error = :6.06e-02; Runtime: 199.0s; Iterations = 1840, grads =   1.436e-07, unitary_metric = 0.99999
Error = :6.06e-02; Runtime: 201.1s; Iterations = 1860, grads =   1.403e-07, unitary_metric = 0.99999
Error = :6.06e-02; Runtime: 203.2s; Iterations = 1880, grads =   2.368e-07, unitary_metric = 0.99999
Error = :6.06e-02; Runtime: 205.4s; Iterations = 1900, grads =   4.523e-06, unitary_metric = 0.99999
Error = :6.07e-02; Runtime: 207.7s; Iterations = 1920, grads =   1.268e-03, unitary_metric = 0.99999
Error = :6.06e-02; Runtime: 209.8s; Iterations = 1940, grads =   6.180e-05, unitary_metric = 0.99999
Error = :6.06e-02; Runtime: 211.9s; Iterations = 1960, grads =   2.643e-05, unitary_metric = 0.99999
Error = :6.07e-02; Runtime: 214.0s; Iterations = 1980, grads =   2.383e-03, unitary_metric = 0.99999
Error = :6.06e-02; Runtime: 216.1s; Iterations = 2000, grads =   1.622e-04, unitary_metric = 0.99999
Error = :6.05e-02; Runtime: 218.5s; Iterations = 2020, grads =   4.047e-05, unitary_metric = 0.99999
Error = :6.05e-02; Runtime: 220.6s; Iterations = 2040, grads =   6.041e-06, unitary_metric = 0.99999
Error = :6.05e-02; Runtime: 222.7s; Iterations = 2060, grads =   1.226e-07, unitary_metric = 0.99999
Error = :6.05e-02; Runtime: 225.0s; Iterations = 2080, grads =   1.925e-07, unitary_metric = 0.99999
Error = :6.05e-02; Runtime: 227.1s; Iterations = 2100, grads =   8.705e-08, unitary_metric = 0.99999
Error = :6.05e-02; Runtime: 229.4s; Iterations = 2120, grads =   8.692e-08, unitary_metric = 0.99999
Error = :6.05e-02; Runtime: 231.5s; Iterations = 2140, grads =   3.423e-06, unitary_metric = 0.99999
Error = :6.07e-02; Runtime: 233.7s; Iterations = 2160, grads =   2.541e-03, unitary_metric = 0.99999
Error = :6.05e-02; Runtime: 235.8s; Iterations = 2180, grads =   1.116e-04, unitary_metric = 0.99999
Error = :6.05e-02; Runtime: 237.9s; Iterations = 2200, grads =   5.964e-06, unitary_metric = 0.99999
Error = :6.05e-02; Runtime: 240.2s; Iterations = 2220, grads =   2.038e-07, unitary_metric = 0.99999
Error = :6.05e-02; Runtime: 242.3s; Iterations = 2240, grads =   5.244e-07, unitary_metric = 0.99999
Error = :6.05e-02; Runtime: 244.5s; Iterations = 2260, grads =   9.697e-08, unitary_metric = 0.99999
Error = :6.05e-02; Runtime: 246.6s; Iterations = 2280, grads =   3.623e-07, unitary_metric = 0.99999
Error = :6.05e-02; Runtime: 248.7s; Iterations = 2300, grads =   1.811e-04, unitary_metric = 0.99999
Error = :6.05e-02; Runtime: 251.0s; Iterations = 2320, grads =   4.650e-04, unitary_metric = 0.99999
Error = :6.05e-02; Runtime: 253.2s; Iterations = 2340, grads =   5.394e-06, unitary_metric = 0.99999
Error = :6.05e-02; Runtime: 255.3s; Iterations = 2360, grads =   8.076e-06, unitary_metric = 0.99999
Error = :6.05e-02; Runtime: 257.4s; Iterations = 2380, grads =   3.263e-07, unitary_metric = 0.99999
Error = :6.05e-02; Runtime: 259.5s; Iterations = 2400, grads =   5.572e-08, unitary_metric = 0.99999
Error = :6.05e-02; Runtime: 261.8s; Iterations = 2420, grads =   5.175e-08, unitary_metric = 0.99999
Error = :6.05e-02; Runtime: 263.9s; Iterations = 2440, grads =   9.508e-08, unitary_metric = 0.99999
Error = :6.05e-02; Runtime: 266.1s; Iterations = 2460, grads =   6.610e-07, unitary_metric = 0.99999
Error = :6.05e-02; Runtime: 268.2s; Iterations = 2480, grads =   4.942e-05, unitary_metric = 0.99999
Error = :6.05e-02; Runtime: 270.3s; Iterations = 2500, grads =   1.950e-05, unitary_metric = 0.99999
Error = :6.05e-02; Runtime: 272.6s; Iterations = 2520, grads =   1.429e-05, unitary_metric = 0.99999
Error = :6.05e-02; Runtime: 274.8s; Iterations = 2540, grads =   5.389e-06, unitary_metric = 0.99999
Error = :6.05e-02; Runtime: 276.9s; Iterations = 2560, grads =   5.113e-06, unitary_metric = 0.99999
Error = :6.06e-02; Runtime: 279.0s; Iterations = 2580, grads =   5.997e-04, unitary_metric = 0.99999
Error = :6.05e-02; Runtime: 281.1s; Iterations = 2600, grads =   2.330e-05, unitary_metric = 0.99999
Error = :6.05e-02; Runtime: 283.5s; Iterations = 2620, grads =   8.674e-06, unitary_metric = 0.99998
Error = :6.05e-02; Runtime: 285.6s; Iterations = 2640, grads =   2.581e-06, unitary_metric = 0.99999
Error = :6.05e-02; Runtime: 287.7s; Iterations = 2660, grads =   1.345e-07, unitary_metric = 0.99999
Error = :6.05e-02; Runtime: 289.8s; Iterations = 2680, grads =   3.376e-06, unitary_metric = 0.99999
Error = :6.06e-02; Runtime: 291.9s; Iterations = 2700, grads =   8.395e-04, unitary_metric = 0.99999
Error = :6.05e-02; Runtime: 294.2s; Iterations = 2720, grads =   3.705e-05, unitary_metric = 0.99999
Error = :6.05e-02; Runtime: 296.3s; Iterations = 2740, grads =   1.142e-05, unitary_metric = 0.99999
Error = :6.05e-02; Runtime: 298.4s; Iterations = 2760, grads =   1.993e-06, unitary_metric = 0.99999
Error = :6.05e-02; Runtime: 300.5s; Iterations = 2780, grads =   7.674e-05, unitary_metric = 0.99999
Error = :6.05e-02; Runtime: 302.7s; Iterations = 2800, grads =   1.112e-04, unitary_metric = 0.99999
Error = :6.05e-02; Runtime: 305.0s; Iterations = 2820, grads =   1.673e-05, unitary_metric = 0.99999
Error = :6.05e-02; Runtime: 307.1s; Iterations = 2840, grads =   1.724e-06, unitary_metric = 0.99999
Error = :6.05e-02; Runtime: 309.3s; Iterations = 2860, grads =   1.769e-05, unitary_metric = 0.99999
Error = :6.05e-02; Runtime: 311.4s; Iterations = 2880, grads =   1.880e-06, unitary_metric = 0.99999
Error = :6.05e-02; Runtime: 313.6s; Iterations = 2900, grads =   9.189e-06, unitary_metric = 0.99999
Error = :6.05e-02; Runtime: 315.9s; Iterations = 2920, grads =   6.555e-06, unitary_metric = 0.99999
Error = :6.06e-02; Runtime: 318.0s; Iterations = 2940, grads =   5.545e-04, unitary_metric = 0.99999
Error = :6.05e-02; Runtime: 320.1s; Iterations = 2960, grads =   3.950e-07, unitary_metric = 0.99999
Error = :6.05e-02; Runtime: 322.2s; Iterations = 2980, grads =   2.417e-07, unitary_metric = 0.99999
Error = :6.05e-02; Runtime: 324.4s; Iterations = 3000, grads =   1.024e-05, unitary_metric = 0.99999
Error = :6.06e-02; Runtime: 326.6s; Iterations = 3020, grads =   5.797e-04, unitary_metric = 0.99998
Error = :6.05e-02; Runtime: 328.8s; Iterations = 3040, grads =   5.466e-05, unitary_metric = 0.99999
Error = :6.05e-02; Runtime: 330.9s; Iterations = 3060, grads =   4.181e-06, unitary_metric = 0.99998
Error = :6.05e-02; Runtime: 333.0s; Iterations = 3080, grads =   2.232e-08, unitary_metric = 0.99999
Error = :6.05e-02; Runtime: 335.1s; Iterations = 3100, grads =   1.846e-07, unitary_metric = 0.99999
Error = :6.05e-02; Runtime: 337.4s; Iterations = 3120, grads =   1.864e-08, unitary_metric = 0.99999
Error = :6.05e-02; Runtime: 339.6s; Iterations = 3140, grads =   5.609e-07, unitary_metric = 0.99999
Error = :6.06e-02; Runtime: 341.7s; Iterations = 3160, grads =   6.117e-04, unitary_metric = 0.99999
Error = :6.06e-02; Runtime: 343.8s; Iterations = 3180, grads =   2.574e-04, unitary_metric = 0.99999
Error = :6.06e-02; Runtime: 346.1s; Iterations = 3200, grads =   1.867e-04, unitary_metric = 0.99999
Error = :6.06e-02; Runtime: 348.5s; Iterations = 3220, grads =   6.204e-06, unitary_metric = 0.99999
Error = :6.06e-02; Runtime: 350.6s; Iterations = 3240, grads =   6.841e-04, unitary_metric = 0.99999
Error = :6.06e-02; Runtime: 352.8s; Iterations = 3260, grads =   6.443e-05, unitary_metric = 0.99999
Error = :6.06e-02; Runtime: 354.9s; Iterations = 3280, grads =   9.836e-06, unitary_metric = 0.99999
Error = :6.06e-02; Runtime: 357.0s; Iterations = 3300, grads =   1.227e-06, unitary_metric = 0.99999
Error = :6.06e-02; Runtime: 359.3s; Iterations = 3320, grads =   8.819e-08, unitary_metric = 0.99999
Error = :6.06e-02; Runtime: 361.4s; Iterations = 3340, grads =   1.472e-08, unitary_metric = 0.99999
Error = :6.06e-02; Runtime: 363.5s; Iterations = 3360, grads =   1.217e-08, unitary_metric = 0.99999
Error = :6.06e-02; Runtime: 365.6s; Iterations = 3380, grads =   1.144e-08, unitary_metric = 0.99999
Error = :6.06e-02; Runtime: 367.7s; Iterations = 3400, grads =   1.516e-08, unitary_metric = 0.99999
Error = :6.06e-02; Runtime: 370.0s; Iterations = 3420, grads =   4.153e-08, unitary_metric = 0.99999
Error = :6.06e-02; Runtime: 372.2s; Iterations = 3440, grads =   7.587e-07, unitary_metric = 0.99999
Error = :6.06e-02; Runtime: 374.3s; Iterations = 3460, grads =   1.524e-04, unitary_metric = 0.99999
Error = :6.06e-02; Runtime: 376.4s; Iterations = 3480, grads =   1.766e-04, unitary_metric = 0.99999
Error = :6.06e-02; Runtime: 378.5s; Iterations = 3500, grads =   1.424e-04, unitary_metric = 0.99999
Error = :6.06e-02; Runtime: 380.8s; Iterations = 3520, grads =   9.902e-05, unitary_metric = 0.99999
Error = :6.06e-02; Runtime: 382.9s; Iterations = 3540, grads =   1.149e-05, unitary_metric = 0.99999
Error = :6.06e-02; Runtime: 385.1s; Iterations = 3560, grads =   8.407e-07, unitary_metric = 0.99999
Error = :6.06e-02; Runtime: 387.2s; Iterations = 3580, grads =   2.767e-08, unitary_metric = 0.99998
Error = :6.06e-02; Runtime: 389.3s; Iterations = 3600, grads =   4.089e-08, unitary_metric = 0.99999
Error = :6.06e-02; Runtime: 391.6s; Iterations = 3620, grads =   1.059e-07, unitary_metric = 0.99999
Error = :6.06e-02; Runtime: 393.7s; Iterations = 3640, grads =   1.356e-08, unitary_metric = 0.99999
Error = :6.06e-02; Runtime: 395.8s; Iterations = 3660, grads =   1.132e-08, unitary_metric = 0.99999
Error = :6.06e-02; Runtime: 397.9s; Iterations = 3680, grads =   3.081e-08, unitary_metric = 0.99999
Error = :6.06e-02; Runtime: 400.1s; Iterations = 3700, grads =   4.769e-06, unitary_metric = 0.99999
Error = :6.06e-02; Runtime: 402.4s; Iterations = 3720, grads =   4.342e-04, unitary_metric = 0.99999
Error = :6.06e-02; Runtime: 404.5s; Iterations = 3740, grads =   1.810e-04, unitary_metric = 0.99999
Error = :6.07e-02; Runtime: 406.6s; Iterations = 3760, grads =   4.171e-04, unitary_metric = 0.99999
Error = :6.06e-02; Runtime: 408.7s; Iterations = 3780, grads =   3.404e-05, unitary_metric = 0.99999
Error = :6.06e-02; Runtime: 410.8s; Iterations = 3800, grads =   6.837e-07, unitary_metric = 0.99999
Error = :6.06e-02; Runtime: 413.1s; Iterations = 3820, grads =   1.292e-07, unitary_metric = 0.99999
Error = :6.06e-02; Runtime: 415.2s; Iterations = 3840, grads =   4.926e-08, unitary_metric = 0.99999
Error = :6.06e-02; Runtime: 417.4s; Iterations = 3860, grads =   9.966e-09, unitary_metric = 0.99999
Error = :6.06e-02; Runtime: 419.5s; Iterations = 3880, grads =   8.877e-09, unitary_metric = 0.99999
Error = :6.06e-02; Runtime: 421.6s; Iterations = 3900, grads =   8.161e-09, unitary_metric = 0.99999
Error = :6.06e-02; Runtime: 423.9s; Iterations = 3920, grads =   7.151e-09, unitary_metric = 0.99999
Error = :6.06e-02; Runtime: 426.1s; Iterations = 3940, grads =   7.653e-09, unitary_metric = 0.99999
Error = :6.06e-02; Runtime: 428.2s; Iterations = 3960, grads =   1.281e-08, unitary_metric = 0.99999
Error = :6.06e-02; Runtime: 430.3s; Iterations = 3980, grads =   3.141e-07, unitary_metric = 0.99999
Error = :6.06e-02; Runtime: 432.4s; Iterations = 4000, grads =   4.609e-05, unitary_metric = 0.99999
Error = :6.06e-02; Runtime: 434.8s; Iterations = 4020, grads =   2.994e-05, unitary_metric = 0.99999
Error = :6.06e-02; Runtime: 436.9s; Iterations = 4040, grads =   1.428e-05, unitary_metric = 0.99999
Error = :6.07e-02; Runtime: 439.0s; Iterations = 4060, grads =   2.307e-04, unitary_metric = 0.99999
Error = :6.06e-02; Runtime: 441.2s; Iterations = 4080, grads =   2.219e-05, unitary_metric = 0.99999
Error = :6.06e-02; Runtime: 443.3s; Iterations = 4100, grads =   1.107e-06, unitary_metric = 0.99999
Error = :6.06e-02; Runtime: 445.6s; Iterations = 4120, grads =   8.791e-08, unitary_metric = 0.99999
Error = :6.06e-02; Runtime: 447.7s; Iterations = 4140, grads =   2.253e-08, unitary_metric = 0.99999
Error = :6.06e-02; Runtime: 449.9s; Iterations = 4160, grads =   1.577e-08, unitary_metric = 0.99999
Error = :6.06e-02; Runtime: 452.0s; Iterations = 4180, grads =   7.618e-09, unitary_metric = 0.99999
Error = :6.06e-02; Runtime: 454.1s; Iterations = 4200, grads =   7.393e-09, unitary_metric = 0.99999
Error = :6.06e-02; Runtime: 456.4s; Iterations = 4220, grads =   1.229e-08, unitary_metric = 0.99999
Error = :6.06e-02; Runtime: 458.5s; Iterations = 4240, grads =   8.437e-07, unitary_metric = 0.99999
Error = :6.06e-02; Runtime: 460.7s; Iterations = 4260, grads =   1.238e-04, unitary_metric = 0.99999
Error = :6.07e-02; Runtime: 462.8s; Iterations = 4280, grads =   2.950e-04, unitary_metric = 0.99999
Error = :6.06e-02; Runtime: 464.9s; Iterations = 4300, grads =   3.321e-05, unitary_metric = 0.99999
Error = :6.06e-02; Runtime: 467.4s; Iterations = 4320, grads =   4.385e-06, unitary_metric = 0.99999
Error = :6.07e-02; Runtime: 469.6s; Iterations = 4340, grads =   1.871e-04, unitary_metric = 0.99999
Error = :6.06e-02; Runtime: 471.7s; Iterations = 4360, grads =   1.170e-05, unitary_metric = 0.99999
Error = :6.06e-02; Runtime: 473.8s; Iterations = 4380, grads =   1.129e-06, unitary_metric = 0.99999
Error = :6.06e-02; Runtime: 475.9s; Iterations = 4400, grads =   2.689e-08, unitary_metric = 0.99999
Error = :6.07e-02; Runtime: 478.2s; Iterations = 4420, grads =   2.942e-08, unitary_metric = 0.99999
Error = :6.07e-02; Runtime: 480.3s; Iterations = 4440, grads =   2.856e-08, unitary_metric = 0.99999
Error = :6.07e-02; Runtime: 482.5s; Iterations = 4460, grads =   8.102e-07, unitary_metric = 0.99999
Error = :6.07e-02; Runtime: 484.6s; Iterations = 4480, grads =   1.124e-04, unitary_metric = 0.99999
Error = :6.07e-02; Runtime: 486.7s; Iterations = 4500, grads =   4.325e-05, unitary_metric = 0.99999
Error = :6.07e-02; Runtime: 489.0s; Iterations = 4520, grads =   2.840e-04, unitary_metric = 0.99999
Error = :6.07e-02; Runtime: 491.1s; Iterations = 4540, grads =   2.930e-05, unitary_metric = 0.99999
Error = :6.07e-02; Runtime: 493.3s; Iterations = 4560, grads =   3.933e-06, unitary_metric = 0.99999
Error = :6.07e-02; Runtime: 495.4s; Iterations = 4580, grads =   1.466e-06, unitary_metric = 0.99999
Error = :6.07e-02; Runtime: 497.5s; Iterations = 4600, grads =   2.043e-04, unitary_metric = 0.99999
Error = :6.07e-02; Runtime: 499.8s; Iterations = 4620, grads =   2.302e-05, unitary_metric = 0.99999
Error = :6.07e-02; Runtime: 502.0s; Iterations = 4640, grads =   1.653e-06, unitary_metric = 0.99999
Error = :6.07e-02; Runtime: 504.1s; Iterations = 4660, grads =   8.552e-08, unitary_metric = 0.99999
Error = :6.07e-02; Runtime: 506.2s; Iterations = 4680, grads =   5.348e-07, unitary_metric = 0.99999
Error = :6.07e-02; Runtime: 508.4s; Iterations = 4700, grads =   7.757e-05, unitary_metric = 0.99999
Error = :6.07e-02; Runtime: 510.8s; Iterations = 4720, grads =   4.835e-05, unitary_metric = 0.99999
Error = :6.07e-02; Runtime: 512.9s; Iterations = 4740, grads =   6.235e-06, unitary_metric = 0.99999
Error = :6.07e-02; Runtime: 515.0s; Iterations = 4760, grads =   2.903e-06, unitary_metric = 0.99999
Error = :6.07e-02; Runtime: 517.1s; Iterations = 4780, grads =   2.090e-04, unitary_metric = 0.99999
Error = :6.07e-02; Runtime: 519.3s; Iterations = 4800, grads =   1.584e-05, unitary_metric = 0.99999
Error = :6.07e-02; Runtime: 521.6s; Iterations = 4820, grads =   1.405e-06, unitary_metric = 0.99999
Error = :6.07e-02; Runtime: 523.8s; Iterations = 4840, grads =   2.967e-08, unitary_metric = 0.99999
Error = :6.07e-02; Runtime: 525.9s; Iterations = 4860, grads =   3.443e-07, unitary_metric = 0.99999
Error = :6.07e-02; Runtime: 528.0s; Iterations = 4880, grads =   3.325e-05, unitary_metric = 0.99999
Error = :6.07e-02; Runtime: 530.2s; Iterations = 4900, grads =   2.402e-05, unitary_metric = 0.99999
Error = :6.07e-02; Runtime: 532.6s; Iterations = 4920, grads =   3.362e-05, unitary_metric = 0.99999
Error = :6.07e-02; Runtime: 534.7s; Iterations = 4940, grads =   1.008e-05, unitary_metric = 0.99999
Error = :6.07e-02; Runtime: 536.8s; Iterations = 4960, grads =   3.070e-06, unitary_metric = 0.99999
Error = :6.07e-02; Runtime: 538.9s; Iterations = 4980, grads =   1.762e-07, unitary_metric = 0.99999
Error = :6.07e-02; Runtime: 541.0s; Iterations = 5000, grads =   1.784e-06, unitary_metric = 0.99999
Error = :6.07e-02; Runtime: 543.4s; Iterations = 5020, grads =   1.704e-04, unitary_metric = 0.99999
Error = :6.07e-02; Runtime: 545.5s; Iterations = 5040, grads =   4.418e-06, unitary_metric = 0.99999
Error = :6.07e-02; Runtime: 547.6s; Iterations = 5060, grads =   3.107e-07, unitary_metric = 0.99999
Error = :6.07e-02; Runtime: 549.7s; Iterations = 5080, grads =   1.583e-05, unitary_metric = 0.99999
Error = :6.07e-02; Runtime: 551.9s; Iterations = 5100, grads =   2.472e-06, unitary_metric = 0.99999
Error = :6.07e-02; Runtime: 554.2s; Iterations = 5120, grads =   1.360e-04, unitary_metric = 0.99999
Error = :6.07e-02; Runtime: 556.3s; Iterations = 5140, grads =   5.753e-08, unitary_metric = 0.99999
Error = :6.07e-02; Runtime: 558.4s; Iterations = 5160, grads =   2.239e-07, unitary_metric = 0.99999
Error = :6.07e-02; Runtime: 560.6s; Iterations = 5180, grads =   5.543e-08, unitary_metric = 0.99999
Error = :6.07e-02; Runtime: 562.7s; Iterations = 5200, grads =   4.016e-08, unitary_metric = 0.99999
Error = :6.07e-02; Runtime: 565.0s; Iterations = 5220, grads =   5.757e-07, unitary_metric = 0.99999
Error = :6.07e-02; Runtime: 567.2s; Iterations = 5240, grads =   5.212e-05, unitary_metric = 0.99999
Error = :6.07e-02; Runtime: 569.3s; Iterations = 5260, grads =   4.414e-05, unitary_metric = 0.99999
Error = :6.07e-02; Runtime: 571.4s; Iterations = 5280, grads =   7.285e-06, unitary_metric = 0.99999
Error = :6.07e-02; Runtime: 573.5s; Iterations = 5300, grads =   1.249e-06, unitary_metric = 0.99999
Error = :6.07e-02; Runtime: 575.8s; Iterations = 5320, grads =   2.458e-07, unitary_metric = 0.99999
Error = :6.07e-02; Runtime: 578.0s; Iterations = 5340, grads =   7.562e-08, unitary_metric = 0.99999
Error = :6.07e-02; Runtime: 580.1s; Iterations = 5360, grads =   9.004e-08, unitary_metric = 0.99999
Error = :6.07e-02; Runtime: 582.2s; Iterations = 5380, grads =   1.531e-05, unitary_metric = 0.99999
Error = :6.07e-02; Runtime: 584.4s; Iterations = 5400, grads =   2.009e-05, unitary_metric = 0.99999
Error = :6.07e-02; Runtime: 586.7s; Iterations = 5420, grads =   2.503e-06, unitary_metric = 0.99999
Error = :6.07e-02; Runtime: 588.9s; Iterations = 5440, grads =   3.028e-05, unitary_metric = 0.99999
Error = :6.07e-02; Runtime: 591.0s; Iterations = 5460, grads =   6.876e-05, unitary_metric = 0.99999
Error = :6.07e-02; Runtime: 593.1s; Iterations = 5480, grads =   9.926e-06, unitary_metric = 0.99999
Error = :6.07e-02; Runtime: 595.2s; Iterations = 5500, grads =   2.064e-06, unitary_metric = 0.99999
Error = :6.07e-02; Runtime: 597.6s; Iterations = 5520, grads =   1.065e-07, unitary_metric = 0.99999
Error = :6.07e-02; Runtime: 599.7s; Iterations = 5540, grads =   4.037e-08, unitary_metric = 0.99999
Error = :6.07e-02; Runtime: 601.9s; Iterations = 5560, grads =   5.756e-09, unitary_metric = 0.99999
Error = :6.07e-02; Runtime: 604.0s; Iterations = 5580, grads =   5.125e-09, unitary_metric = 0.99999
Error = :6.07e-02; Runtime: 606.1s; Iterations = 5600, grads =   5.119e-09, unitary_metric = 0.99999
Error = :6.07e-02; Runtime: 608.4s; Iterations = 5620, grads =   4.743e-08, unitary_metric = 0.99999
Error = :6.07e-02; Runtime: 610.6s; Iterations = 5640, grads =   5.567e-06, unitary_metric = 0.99999
Error = :6.08e-02; Runtime: 612.7s; Iterations = 5660, grads =   1.035e-04, unitary_metric = 0.99999
Error = :6.08e-02; Runtime: 614.8s; Iterations = 5680, grads =   2.652e-05, unitary_metric = 0.99999
Error = :6.08e-02; Runtime: 616.9s; Iterations = 5700, grads =   1.514e-05, unitary_metric = 0.99999
Error = :6.08e-02; Runtime: 619.2s; Iterations = 5720, grads =   1.184e-06, unitary_metric = 0.99999
Error = :6.08e-02; Runtime: 621.4s; Iterations = 5740, grads =   3.938e-08, unitary_metric = 0.99999
Error = :6.08e-02; Runtime: 623.6s; Iterations = 5760, grads =   3.648e-08, unitary_metric = 0.99999
Error = :6.08e-02; Runtime: 625.7s; Iterations = 5780, grads =   9.072e-09, unitary_metric = 0.99999
Error = :6.08e-02; Runtime: 627.8s; Iterations = 5800, grads =   4.701e-09, unitary_metric = 0.99999
Error = :6.08e-02; Runtime: 630.2s; Iterations = 5820, grads =   4.025e-09, unitary_metric = 0.99999
Error = :6.08e-02; Runtime: 632.3s; Iterations = 5840, grads =   4.142e-08, unitary_metric = 0.99999
Error = :6.08e-02; Runtime: 634.5s; Iterations = 5860, grads =   1.344e-06, unitary_metric = 0.99999
Error = :6.08e-02; Runtime: 636.6s; Iterations = 5880, grads =   9.154e-05, unitary_metric = 0.99999
Error = :6.08e-02; Runtime: 638.7s; Iterations = 5900, grads =   5.146e-05, unitary_metric = 0.99999
Error = :6.08e-02; Runtime: 641.0s; Iterations = 5920, grads =   8.019e-06, unitary_metric = 0.99999
Error = :6.08e-02; Runtime: 643.1s; Iterations = 5940, grads =   2.335e-06, unitary_metric = 0.99999
Error = :6.08e-02; Runtime: 645.3s; Iterations = 5960, grads =   3.664e-06, unitary_metric = 0.99999
Error = :6.08e-02; Runtime: 647.4s; Iterations = 5980, grads =   3.973e-07, unitary_metric = 0.99999
Error = :6.08e-02; Runtime: 649.5s; Iterations = 6000, grads =   3.707e-08, unitary_metric = 0.99999
data saved at: /project/ftchong/qoc/pranav/00011_31_h2o_slice_83.h5


trying total_time: 6.85 for unitary of size (16, 16)
data saved at: /project/ftchong/qoc/pranav/00012_31_h2o_slice_83.h5
Using 7 Taylor terms and 2 Scaling & Squaring terms
Building graph:
Propagators initialized.
Operators weight initialized.
Intermediate propagation variables initialized.
Intermediate propagators initialized.
Vectors initialized.
Training loss initialized.
Optimizer initialized.
Utilities initialized.
Graph built!
Initialized
Error = :8.70e-01; Runtime: 0.2s; Iterations = 0, grads =   2.384e-01, unitary_metric = 1.00000
Error = :7.51e-01; Runtime: 3.0s; Iterations = 20, grads =   1.457e-02, unitary_metric = 1.00000
Error = :6.94e-01; Runtime: 5.3s; Iterations = 40, grads =   1.083e-02, unitary_metric = 1.00000
Error = :5.33e-01; Runtime: 7.6s; Iterations = 60, grads =   2.174e-03, unitary_metric = 1.00000
Error = :5.01e-01; Runtime: 9.9s; Iterations = 80, grads =   3.630e-04, unitary_metric = 0.99999
Error = :4.49e-01; Runtime: 12.3s; Iterations = 100, grads =   3.091e-03, unitary_metric = 0.99999
Error = :1.22e-01; Runtime: 14.8s; Iterations = 120, grads =   6.988e-03, unitary_metric = 0.99999
Error = :4.50e-02; Runtime: 17.1s; Iterations = 140, grads =   1.154e-03, unitary_metric = 0.99999
Error = :2.62e-02; Runtime: 19.5s; Iterations = 160, grads =   1.419e-04, unitary_metric = 0.99999
Error = :2.00e-02; Runtime: 21.8s; Iterations = 180, grads =   1.971e-05, unitary_metric = 0.99999
Error = :1.73e-02; Runtime: 24.1s; Iterations = 200, grads =   9.219e-06, unitary_metric = 0.99999
Error = :1.59e-02; Runtime: 26.7s; Iterations = 220, grads =   4.944e-06, unitary_metric = 0.99999
Error = :1.51e-02; Runtime: 29.0s; Iterations = 240, grads =   2.707e-06, unitary_metric = 0.99999
Error = :1.46e-02; Runtime: 31.3s; Iterations = 260, grads =   3.107e-04, unitary_metric = 0.99999
Error = :1.44e-02; Runtime: 33.7s; Iterations = 280, grads =   1.101e-03, unitary_metric = 0.99999
Error = :1.42e-02; Runtime: 36.0s; Iterations = 300, grads =   5.163e-04, unitary_metric = 0.99999
Error = :1.41e-02; Runtime: 38.5s; Iterations = 320, grads =   5.356e-05, unitary_metric = 0.99999
Error = :1.40e-02; Runtime: 40.8s; Iterations = 340, grads =   3.093e-06, unitary_metric = 0.99999
Error = :1.40e-02; Runtime: 43.1s; Iterations = 360, grads =   2.787e-07, unitary_metric = 0.99999
Error = :1.39e-02; Runtime: 45.4s; Iterations = 380, grads =   1.515e-06, unitary_metric = 0.99999
Error = :1.39e-02; Runtime: 47.7s; Iterations = 400, grads =   2.620e-07, unitary_metric = 0.99999
Error = :1.39e-02; Runtime: 50.2s; Iterations = 420, grads =   6.976e-08, unitary_metric = 0.99999
Error = :1.39e-02; Runtime: 52.5s; Iterations = 440, grads =   4.747e-08, unitary_metric = 0.99999
Error = :1.39e-02; Runtime: 54.8s; Iterations = 460, grads =   3.814e-08, unitary_metric = 0.99999
Error = :1.39e-02; Runtime: 57.2s; Iterations = 480, grads =   3.304e-08, unitary_metric = 0.99999
Error = :1.39e-02; Runtime: 59.5s; Iterations = 500, grads =   3.023e-08, unitary_metric = 0.99999
Error = :1.39e-02; Runtime: 62.0s; Iterations = 520, grads =   1.545e-07, unitary_metric = 0.99999
Error = :1.41e-02; Runtime: 64.3s; Iterations = 540, grads =   2.802e-03, unitary_metric = 0.99999
Error = :1.40e-02; Runtime: 66.6s; Iterations = 560, grads =   2.048e-03, unitary_metric = 0.99999
Error = :1.39e-02; Runtime: 68.9s; Iterations = 580, grads =   3.374e-04, unitary_metric = 0.99998
Error = :1.39e-02; Runtime: 71.2s; Iterations = 600, grads =   4.449e-05, unitary_metric = 0.99999
Error = :1.39e-02; Runtime: 73.7s; Iterations = 620, grads =   1.296e-06, unitary_metric = 0.99999
Error = :1.39e-02; Runtime: 76.0s; Iterations = 640, grads =   1.149e-06, unitary_metric = 0.99999
Error = :1.39e-02; Runtime: 78.4s; Iterations = 660, grads =   3.524e-07, unitary_metric = 0.99999
Error = :1.39e-02; Runtime: 80.6s; Iterations = 680, grads =   6.088e-08, unitary_metric = 0.99999
Error = :1.39e-02; Runtime: 83.0s; Iterations = 700, grads =   2.141e-08, unitary_metric = 0.99999
Error = :1.39e-02; Runtime: 85.5s; Iterations = 720, grads =   8.951e-06, unitary_metric = 0.99999
Error = :1.40e-02; Runtime: 87.8s; Iterations = 740, grads =   1.475e-03, unitary_metric = 0.99999
Error = :1.39e-02; Runtime: 90.1s; Iterations = 760, grads =   3.233e-04, unitary_metric = 0.99999
Error = :1.41e-02; Runtime: 92.4s; Iterations = 780, grads =   3.807e-03, unitary_metric = 0.99999
Error = :1.39e-02; Runtime: 94.8s; Iterations = 800, grads =   2.352e-05, unitary_metric = 0.99999
Error = :1.39e-02; Runtime: 97.3s; Iterations = 820, grads =   1.130e-04, unitary_metric = 0.99999
Error = :1.39e-02; Runtime: 99.6s; Iterations = 840, grads =   1.294e-05, unitary_metric = 0.99999
Error = :1.39e-02; Runtime: 101.9s; Iterations = 860, grads =   2.128e-06, unitary_metric = 0.99999
Error = :1.39e-02; Runtime: 104.2s; Iterations = 880, grads =   1.316e-07, unitary_metric = 0.99999
Error = :1.39e-02; Runtime: 106.5s; Iterations = 900, grads =   1.776e-07, unitary_metric = 0.99999
Error = :1.39e-02; Runtime: 109.0s; Iterations = 920, grads =   1.704e-08, unitary_metric = 0.99999
Error = :1.39e-02; Runtime: 111.4s; Iterations = 940, grads =   1.244e-06, unitary_metric = 0.99999
Error = :1.43e-02; Runtime: 113.7s; Iterations = 960, grads =   5.985e-03, unitary_metric = 0.99999
Error = :1.39e-02; Runtime: 116.0s; Iterations = 980, grads =   2.824e-04, unitary_metric = 0.99999
Error = :1.40e-02; Runtime: 118.3s; Iterations = 1000, grads =   2.364e-03, unitary_metric = 0.99999
Error = :1.39e-02; Runtime: 120.8s; Iterations = 1020, grads =   4.334e-04, unitary_metric = 0.99999
Error = :1.39e-02; Runtime: 123.1s; Iterations = 1040, grads =   4.840e-07, unitary_metric = 0.99999
Error = :1.39e-02; Runtime: 125.4s; Iterations = 1060, grads =   8.856e-06, unitary_metric = 0.99998
Error = :1.39e-02; Runtime: 127.7s; Iterations = 1080, grads =   2.730e-06, unitary_metric = 0.99999
Error = :1.39e-02; Runtime: 130.0s; Iterations = 1100, grads =   2.795e-07, unitary_metric = 0.99999
Error = :1.39e-02; Runtime: 132.5s; Iterations = 1120, grads =   5.716e-08, unitary_metric = 0.99999
Error = :1.39e-02; Runtime: 134.8s; Iterations = 1140, grads =   2.213e-08, unitary_metric = 0.99999
Error = :1.39e-02; Runtime: 137.1s; Iterations = 1160, grads =   6.075e-07, unitary_metric = 0.99999
Error = :1.39e-02; Runtime: 139.4s; Iterations = 1180, grads =   5.536e-04, unitary_metric = 0.99999
Error = :1.39e-02; Runtime: 141.7s; Iterations = 1200, grads =   2.170e-04, unitary_metric = 0.99999
Error = :1.40e-02; Runtime: 144.2s; Iterations = 1220, grads =   2.060e-03, unitary_metric = 0.99999
Error = :1.39e-02; Runtime: 146.5s; Iterations = 1240, grads =   9.864e-05, unitary_metric = 0.99999
Error = :1.39e-02; Runtime: 148.8s; Iterations = 1260, grads =   4.855e-05, unitary_metric = 0.99999
Error = :1.39e-02; Runtime: 151.1s; Iterations = 1280, grads =   2.933e-06, unitary_metric = 0.99999
Error = :1.39e-02; Runtime: 153.4s; Iterations = 1300, grads =   6.183e-07, unitary_metric = 0.99999
Error = :1.39e-02; Runtime: 155.9s; Iterations = 1320, grads =   1.575e-07, unitary_metric = 0.99999
Error = :1.39e-02; Runtime: 158.2s; Iterations = 1340, grads =   3.105e-07, unitary_metric = 0.99999
Error = :1.39e-02; Runtime: 160.5s; Iterations = 1360, grads =   1.968e-07, unitary_metric = 0.99999
Error = :1.39e-02; Runtime: 162.8s; Iterations = 1380, grads =   2.157e-07, unitary_metric = 0.99999
Error = :1.39e-02; Runtime: 165.1s; Iterations = 1400, grads =   6.585e-05, unitary_metric = 0.99999
Error = :1.40e-02; Runtime: 167.6s; Iterations = 1420, grads =   1.951e-03, unitary_metric = 0.99999
Error = :1.39e-02; Runtime: 169.9s; Iterations = 1440, grads =   4.843e-04, unitary_metric = 0.99999
Error = :1.39e-02; Runtime: 172.2s; Iterations = 1460, grads =   3.637e-05, unitary_metric = 0.99999
Error = :1.39e-02; Runtime: 174.5s; Iterations = 1480, grads =   8.925e-06, unitary_metric = 0.99999
Error = :1.41e-02; Runtime: 176.8s; Iterations = 1500, grads =   2.134e-03, unitary_metric = 0.99999
Error = :1.39e-02; Runtime: 179.2s; Iterations = 1520, grads =   4.163e-04, unitary_metric = 0.99999
Error = :1.39e-02; Runtime: 181.6s; Iterations = 1540, grads =   9.231e-08, unitary_metric = 0.99999
Error = :1.39e-02; Runtime: 183.9s; Iterations = 1560, grads =   6.052e-06, unitary_metric = 0.99999
Error = :1.38e-02; Runtime: 186.2s; Iterations = 1580, grads =   8.974e-07, unitary_metric = 0.99999
Error = :1.38e-02; Runtime: 188.5s; Iterations = 1600, grads =   1.235e-07, unitary_metric = 0.99999
Error = :1.38e-02; Runtime: 191.0s; Iterations = 1620, grads =   2.168e-07, unitary_metric = 0.99999
Error = :1.39e-02; Runtime: 193.4s; Iterations = 1640, grads =   1.052e-04, unitary_metric = 0.99999
Error = :1.42e-02; Runtime: 195.7s; Iterations = 1660, grads =   4.574e-03, unitary_metric = 0.99999
Error = :1.39e-02; Runtime: 198.0s; Iterations = 1680, grads =   4.731e-05, unitary_metric = 0.99999
Error = :1.39e-02; Runtime: 200.3s; Iterations = 1700, grads =   7.364e-05, unitary_metric = 0.99999
Error = :1.39e-02; Runtime: 202.8s; Iterations = 1720, grads =   2.133e-04, unitary_metric = 0.99999
Error = :1.39e-02; Runtime: 205.1s; Iterations = 1740, grads =   6.997e-04, unitary_metric = 0.99999
Error = :1.38e-02; Runtime: 207.5s; Iterations = 1760, grads =   1.615e-05, unitary_metric = 0.99999
Error = :1.38e-02; Runtime: 209.8s; Iterations = 1780, grads =   1.744e-06, unitary_metric = 0.99999
Error = :1.38e-02; Runtime: 212.1s; Iterations = 1800, grads =   6.085e-07, unitary_metric = 0.99999
Error = :1.38e-02; Runtime: 214.6s; Iterations = 1820, grads =   1.340e-08, unitary_metric = 0.99999
Error = :1.38e-02; Runtime: 216.9s; Iterations = 1840, grads =   2.139e-08, unitary_metric = 0.99999
Error = :1.38e-02; Runtime: 219.2s; Iterations = 1860, grads =   1.165e-08, unitary_metric = 0.99999
Error = :1.38e-02; Runtime: 221.6s; Iterations = 1880, grads =   3.826e-07, unitary_metric = 0.99999
Error = :1.39e-02; Runtime: 223.9s; Iterations = 1900, grads =   1.760e-04, unitary_metric = 0.99999
Error = :1.39e-02; Runtime: 226.4s; Iterations = 1920, grads =   7.415e-04, unitary_metric = 0.99999
Error = :1.39e-02; Runtime: 228.7s; Iterations = 1940, grads =   3.200e-04, unitary_metric = 0.99999
Error = :1.39e-02; Runtime: 231.0s; Iterations = 1960, grads =   8.355e-04, unitary_metric = 0.99999
Error = :1.38e-02; Runtime: 233.3s; Iterations = 1980, grads =   3.323e-06, unitary_metric = 0.99999
Error = :1.38e-02; Runtime: 235.6s; Iterations = 2000, grads =   1.795e-05, unitary_metric = 0.99999
Error = :1.38e-02; Runtime: 238.2s; Iterations = 2020, grads =   2.811e-06, unitary_metric = 0.99999
Error = :1.38e-02; Runtime: 240.5s; Iterations = 2040, grads =   3.659e-07, unitary_metric = 0.99999
Error = :1.38e-02; Runtime: 242.8s; Iterations = 2060, grads =   4.479e-08, unitary_metric = 0.99999
Error = :1.38e-02; Runtime: 245.1s; Iterations = 2080, grads =   2.200e-09, unitary_metric = 0.99999
Error = :1.38e-02; Runtime: 247.4s; Iterations = 2100, grads =   2.619e-09, unitary_metric = 0.99999
Error = :1.38e-02; Runtime: 250.0s; Iterations = 2120, grads =   7.878e-09, unitary_metric = 0.99999
Error = :1.38e-02; Runtime: 252.3s; Iterations = 2140, grads =   3.737e-07, unitary_metric = 0.99999
Error = :1.39e-02; Runtime: 254.6s; Iterations = 2160, grads =   2.029e-04, unitary_metric = 0.99999
Error = :1.39e-02; Runtime: 256.9s; Iterations = 2180, grads =   1.550e-03, unitary_metric = 0.99999
Error = :1.39e-02; Runtime: 259.2s; Iterations = 2200, grads =   1.000e-03, unitary_metric = 0.99999
Error = :1.38e-02; Runtime: 261.7s; Iterations = 2220, grads =   6.022e-05, unitary_metric = 0.99999
Error = :1.38e-02; Runtime: 264.0s; Iterations = 2240, grads =   4.479e-05, unitary_metric = 0.99999
Error = :1.38e-02; Runtime: 266.3s; Iterations = 2260, grads =   2.150e-06, unitary_metric = 0.99999
Error = :1.38e-02; Runtime: 268.6s; Iterations = 2280, grads =   6.450e-08, unitary_metric = 0.99999
Error = :1.38e-02; Runtime: 271.0s; Iterations = 2300, grads =   1.178e-08, unitary_metric = 0.99999
Error = :1.38e-02; Runtime: 273.5s; Iterations = 2320, grads =   9.360e-09, unitary_metric = 0.99999
Error = :1.38e-02; Runtime: 275.8s; Iterations = 2340, grads =   5.809e-09, unitary_metric = 0.99999
Error = :1.38e-02; Runtime: 278.1s; Iterations = 2360, grads =   4.790e-09, unitary_metric = 0.99999
Error = :1.38e-02; Runtime: 280.4s; Iterations = 2380, grads =   2.186e-09, unitary_metric = 0.99999
Error = :1.38e-02; Runtime: 282.8s; Iterations = 2400, grads =   6.903e-08, unitary_metric = 0.99999
Error = :1.38e-02; Runtime: 285.3s; Iterations = 2420, grads =   1.579e-06, unitary_metric = 0.99999
Error = :1.39e-02; Runtime: 287.6s; Iterations = 2440, grads =   5.487e-04, unitary_metric = 0.99999
Error = :1.40e-02; Runtime: 289.9s; Iterations = 2460, grads =   2.005e-03, unitary_metric = 0.99999
Error = :1.39e-02; Runtime: 292.3s; Iterations = 2480, grads =   4.048e-04, unitary_metric = 0.99999
Error = :1.38e-02; Runtime: 294.6s; Iterations = 2500, grads =   3.435e-05, unitary_metric = 0.99999
Error = :1.38e-02; Runtime: 297.1s; Iterations = 2520, grads =   3.219e-06, unitary_metric = 0.99999
Error = :1.38e-02; Runtime: 299.4s; Iterations = 2540, grads =   1.570e-07, unitary_metric = 0.99999
Error = :1.38e-02; Runtime: 301.8s; Iterations = 2560, grads =   1.298e-07, unitary_metric = 0.99999
Error = :1.38e-02; Runtime: 304.1s; Iterations = 2580, grads =   9.587e-09, unitary_metric = 0.99999
Error = :1.38e-02; Runtime: 306.4s; Iterations = 2600, grads =   6.591e-09, unitary_metric = 0.99999
Error = :1.38e-02; Runtime: 308.9s; Iterations = 2620, grads =   1.262e-08, unitary_metric = 0.99999
Error = :1.38e-02; Runtime: 311.2s; Iterations = 2640, grads =   4.270e-08, unitary_metric = 0.99999
Error = :1.38e-02; Runtime: 313.5s; Iterations = 2660, grads =   2.125e-06, unitary_metric = 0.99999
Error = :1.39e-02; Runtime: 315.9s; Iterations = 2680, grads =   6.464e-04, unitary_metric = 0.99999
Error = :1.39e-02; Runtime: 318.2s; Iterations = 2700, grads =   4.929e-04, unitary_metric = 0.99999
Error = :1.39e-02; Runtime: 320.8s; Iterations = 2720, grads =   7.382e-04, unitary_metric = 0.99999
Error = :1.38e-02; Runtime: 323.1s; Iterations = 2740, grads =   4.012e-05, unitary_metric = 0.99999
Error = :1.38e-02; Runtime: 325.4s; Iterations = 2760, grads =   6.347e-06, unitary_metric = 0.99999
Error = :1.38e-02; Runtime: 327.7s; Iterations = 2780, grads =   1.164e-06, unitary_metric = 0.99999
Error = :1.38e-02; Runtime: 330.0s; Iterations = 2800, grads =   8.580e-08, unitary_metric = 0.99999
Error = :1.38e-02; Runtime: 332.5s; Iterations = 2820, grads =   1.951e-08, unitary_metric = 0.99999
Error = :1.38e-02; Runtime: 334.8s; Iterations = 2840, grads =   7.024e-09, unitary_metric = 0.99999
Error = :1.38e-02; Runtime: 337.1s; Iterations = 2860, grads =   3.065e-09, unitary_metric = 0.99999
Error = :1.38e-02; Runtime: 339.5s; Iterations = 2880, grads =   1.340e-09, unitary_metric = 0.99999
Error = :1.38e-02; Runtime: 341.8s; Iterations = 2900, grads =   1.203e-07, unitary_metric = 0.99999
Error = :1.38e-02; Runtime: 344.4s; Iterations = 2920, grads =   2.152e-05, unitary_metric = 0.99998
Error = :1.40e-02; Runtime: 346.7s; Iterations = 2940, grads =   1.358e-03, unitary_metric = 0.99998
Error = :1.38e-02; Runtime: 349.0s; Iterations = 2960, grads =   6.736e-05, unitary_metric = 0.99999
Error = :1.39e-02; Runtime: 351.3s; Iterations = 2980, grads =   5.143e-04, unitary_metric = 0.99999
Error = :1.38e-02; Runtime: 353.7s; Iterations = 3000, grads =   7.761e-05, unitary_metric = 0.99999
Error = :1.38e-02; Runtime: 356.2s; Iterations = 3020, grads =   1.077e-05, unitary_metric = 0.99999
Error = :1.38e-02; Runtime: 358.5s; Iterations = 3040, grads =   9.065e-07, unitary_metric = 0.99999
Error = :1.38e-02; Runtime: 360.8s; Iterations = 3060, grads =   4.260e-08, unitary_metric = 0.99999
Error = :1.38e-02; Runtime: 363.2s; Iterations = 3080, grads =   2.103e-08, unitary_metric = 0.99999
Error = :1.38e-02; Runtime: 365.4s; Iterations = 3100, grads =   3.973e-09, unitary_metric = 0.99999
Error = :1.38e-02; Runtime: 368.0s; Iterations = 3120, grads =   1.278e-09, unitary_metric = 0.99999
Error = :1.38e-02; Runtime: 370.3s; Iterations = 3140, grads =   4.594e-09, unitary_metric = 0.99999
Error = :1.38e-02; Runtime: 372.7s; Iterations = 3160, grads =   4.955e-07, unitary_metric = 0.99999
Error = :1.39e-02; Runtime: 375.0s; Iterations = 3180, grads =   2.540e-04, unitary_metric = 0.99999
Error = :1.38e-02; Runtime: 377.3s; Iterations = 3200, grads =   8.482e-05, unitary_metric = 0.99999
Error = :1.40e-02; Runtime: 379.9s; Iterations = 3220, grads =   1.921e-03, unitary_metric = 0.99999
Error = :1.39e-02; Runtime: 382.3s; Iterations = 3240, grads =   2.053e-04, unitary_metric = 0.99999
Error = :1.38e-02; Runtime: 384.5s; Iterations = 3260, grads =   1.285e-05, unitary_metric = 0.99999
Error = :1.38e-02; Runtime: 386.9s; Iterations = 3280, grads =   3.353e-06, unitary_metric = 0.99999
Error = :1.38e-02; Runtime: 389.2s; Iterations = 3300, grads =   2.617e-07, unitary_metric = 0.99999
Error = :1.38e-02; Runtime: 391.8s; Iterations = 3320, grads =   6.628e-08, unitary_metric = 0.99999
Error = :1.38e-02; Runtime: 394.0s; Iterations = 3340, grads =   1.017e-08, unitary_metric = 0.99999
Error = :1.38e-02; Runtime: 396.4s; Iterations = 3360, grads =   1.513e-09, unitary_metric = 0.99999
Error = :1.38e-02; Runtime: 398.7s; Iterations = 3380, grads =   4.354e-09, unitary_metric = 0.99999
Error = :1.38e-02; Runtime: 401.0s; Iterations = 3400, grads =   4.639e-09, unitary_metric = 0.99999
Error = :1.38e-02; Runtime: 403.5s; Iterations = 3420, grads =   1.735e-09, unitary_metric = 0.99999
Error = :1.38e-02; Runtime: 405.9s; Iterations = 3440, grads =   4.716e-09, unitary_metric = 0.99999
Error = :1.38e-02; Runtime: 408.2s; Iterations = 3460, grads =   4.731e-07, unitary_metric = 0.99999
Error = :1.39e-02; Runtime: 410.5s; Iterations = 3480, grads =   3.352e-04, unitary_metric = 0.99999
Error = :1.39e-02; Runtime: 412.8s; Iterations = 3500, grads =   3.092e-04, unitary_metric = 0.99999
Error = :1.38e-02; Runtime: 415.4s; Iterations = 3520, grads =   8.314e-05, unitary_metric = 0.99999
Error = :1.38e-02; Runtime: 417.7s; Iterations = 3540, grads =   1.051e-05, unitary_metric = 0.99999
Error = :1.39e-02; Runtime: 420.0s; Iterations = 3560, grads =   7.911e-04, unitary_metric = 0.99999
Error = :1.38e-02; Runtime: 422.3s; Iterations = 3580, grads =   8.355e-05, unitary_metric = 0.99999
Error = :1.38e-02; Runtime: 424.7s; Iterations = 3600, grads =   1.132e-05, unitary_metric = 0.99999
Error = :1.38e-02; Runtime: 427.2s; Iterations = 3620, grads =   1.528e-06, unitary_metric = 0.99999
Error = :1.38e-02; Runtime: 429.5s; Iterations = 3640, grads =   1.149e-07, unitary_metric = 0.99998
Error = :1.38e-02; Runtime: 431.8s; Iterations = 3660, grads =   4.826e-09, unitary_metric = 0.99999
Error = :1.38e-02; Runtime: 434.2s; Iterations = 3680, grads =   8.321e-09, unitary_metric = 0.99999
Error = :1.38e-02; Runtime: 436.4s; Iterations = 3700, grads =   4.815e-09, unitary_metric = 0.99998
Error = :1.38e-02; Runtime: 439.0s; Iterations = 3720, grads =   2.305e-09, unitary_metric = 0.99999
Error = :1.38e-02; Runtime: 441.3s; Iterations = 3740, grads =   9.438e-09, unitary_metric = 0.99999
Error = :1.38e-02; Runtime: 443.6s; Iterations = 3760, grads =   1.868e-07, unitary_metric = 0.99999
Error = :1.38e-02; Runtime: 445.9s; Iterations = 3780, grads =   2.554e-05, unitary_metric = 0.99999
Error = :1.39e-02; Runtime: 448.2s; Iterations = 3800, grads =   5.645e-04, unitary_metric = 0.99999
Error = :1.38e-02; Runtime: 450.7s; Iterations = 3820, grads =   3.710e-05, unitary_metric = 0.99999
Error = :1.38e-02; Runtime: 453.0s; Iterations = 3840, grads =   1.110e-05, unitary_metric = 0.99999
Error = :1.38e-02; Runtime: 455.4s; Iterations = 3860, grads =   2.872e-06, unitary_metric = 0.99999
Error = :1.38e-02; Runtime: 457.7s; Iterations = 3880, grads =   7.052e-07, unitary_metric = 0.99999
Error = :1.38e-02; Runtime: 460.0s; Iterations = 3900, grads =   3.486e-08, unitary_metric = 0.99999
Error = :1.38e-02; Runtime: 462.5s; Iterations = 3920, grads =   1.458e-08, unitary_metric = 0.99999
Error = :1.38e-02; Runtime: 464.8s; Iterations = 3940, grads =   1.649e-09, unitary_metric = 0.99999
Error = :1.38e-02; Runtime: 467.1s; Iterations = 3960, grads =   7.467e-10, unitary_metric = 0.99999
Error = :1.38e-02; Runtime: 469.5s; Iterations = 3980, grads =   2.797e-09, unitary_metric = 0.99999
Error = :1.38e-02; Runtime: 471.8s; Iterations = 4000, grads =   2.847e-08, unitary_metric = 0.99999
Error = :1.38e-02; Runtime: 474.3s; Iterations = 4020, grads =   1.037e-06, unitary_metric = 0.99998
Error = :1.39e-02; Runtime: 476.7s; Iterations = 4040, grads =   2.702e-04, unitary_metric = 0.99999
Error = :1.39e-02; Runtime: 479.0s; Iterations = 4060, grads =   4.310e-04, unitary_metric = 0.99999
Error = :1.38e-02; Runtime: 481.3s; Iterations = 4080, grads =   1.727e-04, unitary_metric = 0.99999
Error = :1.38e-02; Runtime: 483.6s; Iterations = 4100, grads =   7.702e-06, unitary_metric = 0.99998
Error = :1.38e-02; Runtime: 486.1s; Iterations = 4120, grads =   3.564e-06, unitary_metric = 0.99998
Error = :1.38e-02; Runtime: 488.4s; Iterations = 4140, grads =   5.821e-08, unitary_metric = 0.99999
Error = :1.38e-02; Runtime: 490.8s; Iterations = 4160, grads =   3.395e-08, unitary_metric = 0.99999
Error = :1.38e-02; Runtime: 493.2s; Iterations = 4180, grads =   1.006e-08, unitary_metric = 0.99999
Error = :1.38e-02; Runtime: 495.7s; Iterations = 4200, grads =   3.299e-09, unitary_metric = 0.99999
Error = :1.38e-02; Runtime: 498.3s; Iterations = 4220, grads =   4.121e-08, unitary_metric = 0.99999
Error = :1.38e-02; Runtime: 500.8s; Iterations = 4240, grads =   5.527e-07, unitary_metric = 0.99999
Error = :1.38e-02; Runtime: 503.2s; Iterations = 4260, grads =   5.153e-05, unitary_metric = 0.99999
Error = :1.38e-02; Runtime: 505.6s; Iterations = 4280, grads =   3.472e-05, unitary_metric = 0.99999
Error = :1.39e-02; Runtime: 508.0s; Iterations = 4300, grads =   3.452e-04, unitary_metric = 0.99999
Error = :1.38e-02; Runtime: 510.7s; Iterations = 4320, grads =   1.791e-06, unitary_metric = 0.99999
Error = :1.38e-02; Runtime: 513.1s; Iterations = 4340, grads =   9.558e-07, unitary_metric = 0.99999
Error = :1.38e-02; Runtime: 515.5s; Iterations = 4360, grads =   7.695e-07, unitary_metric = 0.99999
Error = :1.38e-02; Runtime: 517.9s; Iterations = 4380, grads =   2.324e-06, unitary_metric = 0.99999
Error = :1.39e-02; Runtime: 520.4s; Iterations = 4400, grads =   4.281e-04, unitary_metric = 0.99999
Error = :1.38e-02; Runtime: 523.0s; Iterations = 4420, grads =   2.191e-05, unitary_metric = 0.99999
Error = :1.38e-02; Runtime: 525.4s; Iterations = 4440, grads =   4.092e-06, unitary_metric = 0.99999
Error = :1.38e-02; Runtime: 527.8s; Iterations = 4460, grads =   1.806e-06, unitary_metric = 0.99999
Error = :1.39e-02; Runtime: 530.2s; Iterations = 4480, grads =   2.947e-04, unitary_metric = 0.99999
Error = :1.38e-02; Runtime: 532.7s; Iterations = 4500, grads =   1.289e-05, unitary_metric = 0.99999
Error = :1.38e-02; Runtime: 535.3s; Iterations = 4520, grads =   1.199e-05, unitary_metric = 0.99999
Error = :1.38e-02; Runtime: 537.7s; Iterations = 4540, grads =   1.825e-04, unitary_metric = 0.99999
Error = :1.38e-02; Runtime: 540.1s; Iterations = 4560, grads =   2.902e-05, unitary_metric = 0.99999
Error = :1.38e-02; Runtime: 542.5s; Iterations = 4580, grads =   3.206e-06, unitary_metric = 0.99999
Error = :1.38e-02; Runtime: 544.9s; Iterations = 4600, grads =   4.799e-08, unitary_metric = 0.99999
Error = :1.38e-02; Runtime: 547.6s; Iterations = 4620, grads =   1.117e-07, unitary_metric = 0.99999
Error = :1.38e-02; Runtime: 550.0s; Iterations = 4640, grads =   4.399e-06, unitary_metric = 0.99999
Error = :1.39e-02; Runtime: 552.4s; Iterations = 4660, grads =   3.061e-04, unitary_metric = 0.99999
Error = :1.38e-02; Runtime: 554.8s; Iterations = 4680, grads =   2.293e-05, unitary_metric = 0.99999
Error = :1.38e-02; Runtime: 557.3s; Iterations = 4700, grads =   1.517e-06, unitary_metric = 0.99999
Error = :1.38e-02; Runtime: 559.9s; Iterations = 4720, grads =   2.895e-06, unitary_metric = 0.99999
Error = :1.39e-02; Runtime: 562.3s; Iterations = 4740, grads =   2.119e-04, unitary_metric = 0.99999
Error = :1.38e-02; Runtime: 564.7s; Iterations = 4760, grads =   1.514e-05, unitary_metric = 0.99999
Error = :1.38e-02; Runtime: 567.1s; Iterations = 4780, grads =   1.356e-04, unitary_metric = 0.99999
Error = :1.38e-02; Runtime: 569.5s; Iterations = 4800, grads =   8.582e-06, unitary_metric = 0.99999
Error = :1.38e-02; Runtime: 572.1s; Iterations = 4820, grads =   1.299e-07, unitary_metric = 0.99999
Error = :1.38e-02; Runtime: 574.5s; Iterations = 4840, grads =   3.689e-08, unitary_metric = 0.99999
Error = :1.38e-02; Runtime: 577.0s; Iterations = 4860, grads =   2.752e-07, unitary_metric = 0.99999
Error = :1.38e-02; Runtime: 579.4s; Iterations = 4880, grads =   2.725e-05, unitary_metric = 0.99999
Error = :1.38e-02; Runtime: 581.8s; Iterations = 4900, grads =   5.466e-06, unitary_metric = 0.99999
Error = :1.38e-02; Runtime: 584.4s; Iterations = 4920, grads =   1.682e-06, unitary_metric = 0.99999
