Running Block:  132


trying total_time: 40.0 for unitary of size (16, 16)
data saved at: /project/ftchong/qoc/pranav/00000_31_h2o_slice_132.h5
Using 5 Taylor terms and 4 Scaling & Squaring terms
Building graph:
Propagators initialized.
Operators weight initialized.
Intermediate propagation variables initialized.
Intermediate propagators initialized.
Vectors initialized.
Training loss initialized.
Optimizer initialized.
Utilities initialized.
Graph built!
Initialized
Error = :1.16e-01; Runtime: 1.5s; Iterations = 0, grads =   8.441e+00, unitary_metric = 1.00016
Error = :6.94e-01; Runtime: 18.9s; Iterations = 20, grads =   1.644e+01, unitary_metric = 1.00019
Error = :9.71e-03; Runtime: 33.8s; Iterations = 40, grads =   6.156e-01, unitary_metric = 1.00016
Error = :7.00e-03; Runtime: 48.8s; Iterations = 60, grads =   5.852e-01, unitary_metric = 1.00016
Error = :6.03e-04; Runtime: 51.8s; Iterations = 64, grads =   5.518e-02, unitary_metric = 1.00016
data saved at: /project/ftchong/qoc/pranav/00000_31_h2o_slice_132.h5


trying total_time: 20.0 for unitary of size (16, 16)
data saved at: /project/ftchong/qoc/pranav/00001_31_h2o_slice_132.h5
Using 7 Taylor terms and 2 Scaling & Squaring terms
Building graph:
Propagators initialized.
Operators weight initialized.
Intermediate propagation variables initialized.
Intermediate propagators initialized.
Vectors initialized.
Training loss initialized.
Optimizer initialized.
Utilities initialized.
Graph built!
Initialized
Error = :1.03e-01; Runtime: 0.6s; Iterations = 0, grads =   3.873e+00, unitary_metric = 1.00001
Error = :1.03e-01; Runtime: 9.1s; Iterations = 20, grads =   3.419e+00, unitary_metric = 1.00001
Error = :2.08e-02; Runtime: 16.4s; Iterations = 40, grads =   8.380e-01, unitary_metric = 1.00001
Error = :2.46e-03; Runtime: 23.7s; Iterations = 60, grads =   9.946e-02, unitary_metric = 1.00001
Error = :5.12e-04; Runtime: 24.5s; Iterations = 62, grads =   2.224e-02, unitary_metric = 1.00001
data saved at: /project/ftchong/qoc/pranav/00001_31_h2o_slice_132.h5


trying total_time: 10.0 for unitary of size (16, 16)
data saved at: /project/ftchong/qoc/pranav/00002_31_h2o_slice_132.h5
Using 7 Taylor terms and 2 Scaling & Squaring terms
Building graph:
Propagators initialized.
Operators weight initialized.
Intermediate propagation variables initialized.
Intermediate propagators initialized.
Vectors initialized.
Training loss initialized.
Optimizer initialized.
Utilities initialized.
Graph built!
Initialized
Error = :8.02e-02; Runtime: 0.4s; Iterations = 0, grads =   1.575e+00, unitary_metric = 1.00000
Error = :2.74e-02; Runtime: 4.5s; Iterations = 20, grads =   5.770e-01, unitary_metric = 1.00000
Error = :5.90e-04; Runtime: 8.1s; Iterations = 40, grads =   1.223e-02, unitary_metric = 1.00000
data saved at: /project/ftchong/qoc/pranav/00002_31_h2o_slice_132.h5


trying total_time: 5.0 for unitary of size (16, 16)
data saved at: /project/ftchong/qoc/pranav/00003_31_h2o_slice_132.h5
Using 7 Taylor terms and 2 Scaling & Squaring terms
Building graph:
Propagators initialized.
Operators weight initialized.
Intermediate propagation variables initialized.
Intermediate propagators initialized.
Vectors initialized.
Training loss initialized.
Optimizer initialized.
Utilities initialized.
Graph built!
Initialized
Error = :3.21e-01; Runtime: 0.2s; Iterations = 0, grads =   2.282e+00, unitary_metric = 1.00000
Error = :1.31e-02; Runtime: 2.3s; Iterations = 20, grads =   1.398e-01, unitary_metric = 1.00000
Error = :8.10e-04; Runtime: 3.5s; Iterations = 34, grads =   8.742e-03, unitary_metric = 1.00000
data saved at: /project/ftchong/qoc/pranav/00003_31_h2o_slice_132.h5


trying total_time: 2.5 for unitary of size (16, 16)
data saved at: /project/ftchong/qoc/pranav/00004_31_h2o_slice_132.h5
Using 8 Taylor terms and 1 Scaling & Squaring terms
Building graph:
Propagators initialized.
Operators weight initialized.
Intermediate propagation variables initialized.
Intermediate propagators initialized.
Vectors initialized.
Training loss initialized.
Optimizer initialized.
Utilities initialized.
Graph built!
Initialized
Error = :2.12e-01; Runtime: 0.1s; Iterations = 0, grads =   8.277e-01, unitary_metric = 1.00000
Error = :6.56e-03; Runtime: 1.2s; Iterations = 20, grads =   3.491e-02, unitary_metric = 1.00000
Error = :8.21e-04; Runtime: 2.0s; Iterations = 37, grads =   4.401e-03, unitary_metric = 1.00000
data saved at: /project/ftchong/qoc/pranav/00004_31_h2o_slice_132.h5


trying total_time: 1.25 for unitary of size (16, 16)
data saved at: /project/ftchong/qoc/pranav/00005_31_h2o_slice_132.h5
Using 6 Taylor terms and 2 Scaling & Squaring terms
Building graph:
Propagators initialized.
Operators weight initialized.
Intermediate propagation variables initialized.
Intermediate propagators initialized.
Vectors initialized.
Training loss initialized.
Optimizer initialized.
Utilities initialized.
Graph built!
Initialized
Error = :5.13e-02; Runtime: 0.1s; Iterations = 0, grads =   1.210e-01, unitary_metric = 1.00000
Error = :5.55e-04; Runtime: 0.5s; Iterations = 11, grads =   6.210e-04, unitary_metric = 1.00000
data saved at: /project/ftchong/qoc/pranav/00005_31_h2o_slice_132.h5


trying total_time: 0.6 for unitary of size (16, 16)
data saved at: /project/ftchong/qoc/pranav/00006_31_h2o_slice_132.h5
Using 6 Taylor terms and 2 Scaling & Squaring terms
Building graph:
Propagators initialized.
Operators weight initialized.
Intermediate propagation variables initialized.
Intermediate propagators initialized.
Vectors initialized.
Training loss initialized.
Optimizer initialized.
Utilities initialized.
Graph built!
Initialized
Error = :3.15e-01; Runtime: 0.1s; Iterations = 0, grads =   2.270e-01, unitary_metric = 1.00000
Error = :7.74e-03; Runtime: 0.4s; Iterations = 20, grads =   9.272e-03, unitary_metric = 1.00000
Error = :2.37e-03; Runtime: 0.6s; Iterations = 40, grads =   2.735e-03, unitary_metric = 1.00000
Error = :7.99e-04; Runtime: 0.7s; Iterations = 44, grads =   8.864e-04, unitary_metric = 1.00000
data saved at: /project/ftchong/qoc/pranav/00006_31_h2o_slice_132.h5


trying total_time: 0.3 for unitary of size (16, 16)
data saved at: /project/ftchong/qoc/pranav/00007_31_h2o_slice_132.h5
Using 7 Taylor terms and 1 Scaling & Squaring terms
Building graph:
Propagators initialized.
Operators weight initialized.
Intermediate propagation variables initialized.
Intermediate propagators initialized.
Vectors initialized.
Training loss initialized.
Optimizer initialized.
Utilities initialized.
Graph built!
Initialized
Error = :3.21e-01; Runtime: 0.1s; Iterations = 0, grads =   1.098e-01, unitary_metric = 1.00000
Error = :5.10e-02; Runtime: 0.3s; Iterations = 20, grads =   3.009e-02, unitary_metric = 1.00000
Error = :1.72e-03; Runtime: 0.4s; Iterations = 40, grads =   9.871e-04, unitary_metric = 1.00000
Error = :9.18e-04; Runtime: 0.4s; Iterations = 43, grads =   5.043e-04, unitary_metric = 1.00000
data saved at: /project/ftchong/qoc/pranav/00007_31_h2o_slice_132.h5


trying total_time: 40.0 for unitary of size (16, 16)
data saved at: /project/ftchong/qoc/pranav/00008_31_h2o_slice_132.h5
Using 5 Taylor terms and 4 Scaling & Squaring terms
Building graph:
Propagators initialized.
Operators weight initialized.
Intermediate propagation variables initialized.
Intermediate propagators initialized.
Vectors initialized.
Training loss initialized.
Optimizer initialized.
Utilities initialized.
Graph built!
Initialized
Error = :7.73e-01; Runtime: 1.4s; Iterations = 0, grads =   6.189e-01, unitary_metric = 1.00050
Error = :5.12e-01; Runtime: 18.7s; Iterations = 20, grads =   4.525e+00, unitary_metric = 1.00027
Error = :2.56e-02; Runtime: 33.7s; Iterations = 40, grads =   1.056e+00, unitary_metric = 1.00020
Error = :4.98e-03; Runtime: 48.7s; Iterations = 60, grads =   1.872e-01, unitary_metric = 1.00019
Error = :8.39e-04; Runtime: 57.0s; Iterations = 71, grads =   1.860e-02, unitary_metric = 1.00020
data saved at: /project/ftchong/qoc/pranav/00008_31_h2o_slice_132.h5


trying total_time: 20.0 for unitary of size (16, 16)
data saved at: /project/ftchong/qoc/pranav/00009_31_h2o_slice_132.h5
Using 7 Taylor terms and 2 Scaling & Squaring terms
Building graph:
Propagators initialized.
Operators weight initialized.
Intermediate propagation variables initialized.
Intermediate propagators initialized.
Vectors initialized.
Training loss initialized.
Optimizer initialized.
Utilities initialized.
Graph built!
Initialized
Error = :7.70e-01; Runtime: 0.7s; Iterations = 0, grads =   1.881e-01, unitary_metric = 1.00002
Error = :7.97e-02; Runtime: 9.2s; Iterations = 20, grads =   1.379e+00, unitary_metric = 1.00001
Error = :3.98e-03; Runtime: 16.6s; Iterations = 40, grads =   3.522e-02, unitary_metric = 1.00001
Error = :1.89e-03; Runtime: 23.9s; Iterations = 60, grads =   2.954e-02, unitary_metric = 1.00001
Error = :9.13e-04; Runtime: 26.5s; Iterations = 67, grads =   9.810e-03, unitary_metric = 1.00001
data saved at: /project/ftchong/qoc/pranav/00009_31_h2o_slice_132.h5


trying total_time: 10.0 for unitary of size (16, 16)
data saved at: /project/ftchong/qoc/pranav/00010_31_h2o_slice_132.h5
Using 7 Taylor terms and 2 Scaling & Squaring terms
Building graph:
Propagators initialized.
Operators weight initialized.
Intermediate propagation variables initialized.
Intermediate propagators initialized.
Vectors initialized.
Training loss initialized.
Optimizer initialized.
Utilities initialized.
Graph built!
Initialized
Error = :7.65e-01; Runtime: 0.4s; Iterations = 0, grads =   5.830e-02, unitary_metric = 1.00000
Error = :5.21e-01; Runtime: 4.6s; Iterations = 20, grads =   7.834e-02, unitary_metric = 1.00000
Error = :4.01e-01; Runtime: 8.1s; Iterations = 40, grads =   3.330e-02, unitary_metric = 0.99999
Error = :7.61e-03; Runtime: 11.7s; Iterations = 60, grads =   5.731e-03, unitary_metric = 0.99999
Error = :1.94e-03; Runtime: 15.2s; Iterations = 80, grads =   8.757e-04, unitary_metric = 1.00000
Error = :8.15e-04; Runtime: 17.2s; Iterations = 91, grads =   4.054e-04, unitary_metric = 0.99999
data saved at: /project/ftchong/qoc/pranav/00010_31_h2o_slice_132.h5


trying total_time: 5.0 for unitary of size (16, 16)
data saved at: /project/ftchong/qoc/pranav/00011_31_h2o_slice_132.h5
Using 7 Taylor terms and 2 Scaling & Squaring terms
Building graph:
Propagators initialized.
Operators weight initialized.
Intermediate propagation variables initialized.
Intermediate propagators initialized.
Vectors initialized.
Training loss initialized.
Optimizer initialized.
Utilities initialized.
Graph built!
Initialized
Error = :7.95e-01; Runtime: 0.2s; Iterations = 0, grads =   9.714e-02, unitary_metric = 1.00000
Error = :5.20e-01; Runtime: 2.3s; Iterations = 20, grads =   2.243e-02, unitary_metric = 1.00000
Error = :4.58e-01; Runtime: 4.1s; Iterations = 40, grads =   5.403e-03, unitary_metric = 1.00000
Error = :1.38e-01; Runtime: 5.9s; Iterations = 60, grads =   3.348e-03, unitary_metric = 0.99999
Error = :1.20e-02; Runtime: 7.7s; Iterations = 80, grads =   2.763e-04, unitary_metric = 0.99999
Error = :8.30e-04; Runtime: 8.7s; Iterations = 92, grads =   6.924e-05, unitary_metric = 0.99999
data saved at: /project/ftchong/qoc/pranav/00011_31_h2o_slice_132.h5


trying total_time: 2.5 for unitary of size (16, 16)
data saved at: /project/ftchong/qoc/pranav/00012_31_h2o_slice_132.h5
Using 8 Taylor terms and 1 Scaling & Squaring terms
Building graph:
Propagators initialized.
Operators weight initialized.
Intermediate propagation variables initialized.
Intermediate propagators initialized.
Vectors initialized.
Training loss initialized.
Optimizer initialized.
Utilities initialized.
Graph built!
Initialized
Error = :7.83e-01; Runtime: 0.1s; Iterations = 0, grads =   3.744e-02, unitary_metric = 1.00000
Error = :6.12e-01; Runtime: 1.3s; Iterations = 20, grads =   7.156e-03, unitary_metric = 1.00000
Error = :5.17e-01; Runtime: 2.2s; Iterations = 40, grads =   1.438e-03, unitary_metric = 1.00000
Error = :4.65e-01; Runtime: 3.1s; Iterations = 60, grads =   9.044e-04, unitary_metric = 1.00000
Error = :3.54e-01; Runtime: 4.0s; Iterations = 80, grads =   1.741e-03, unitary_metric = 1.00000
Error = :2.34e-01; Runtime: 4.9s; Iterations = 100, grads =   7.575e-04, unitary_metric = 1.00000
Error = :1.87e-01; Runtime: 5.9s; Iterations = 120, grads =   2.267e-04, unitary_metric = 1.00000
Error = :1.71e-01; Runtime: 6.8s; Iterations = 140, grads =   1.088e-04, unitary_metric = 1.00000
Error = :1.64e-01; Runtime: 7.7s; Iterations = 160, grads =   6.755e-05, unitary_metric = 1.00000
Error = :1.60e-01; Runtime: 8.6s; Iterations = 180, grads =   4.470e-05, unitary_metric = 1.00000
Error = :1.57e-01; Runtime: 9.5s; Iterations = 200, grads =   3.002e-05, unitary_metric = 1.00000
Error = :1.55e-01; Runtime: 10.6s; Iterations = 220, grads =   2.108e-05, unitary_metric = 1.00000
Error = :1.54e-01; Runtime: 11.5s; Iterations = 240, grads =   1.581e-05, unitary_metric = 1.00000
Error = :1.53e-01; Runtime: 12.4s; Iterations = 260, grads =   1.188e-05, unitary_metric = 1.00000
Error = :1.52e-01; Runtime: 13.3s; Iterations = 280, grads =   8.320e-06, unitary_metric = 1.00000
Error = :1.51e-01; Runtime: 14.2s; Iterations = 300, grads =   5.456e-06, unitary_metric = 1.00000
Error = :1.51e-01; Runtime: 15.2s; Iterations = 320, grads =   3.566e-06, unitary_metric = 1.00000
Error = :1.50e-01; Runtime: 16.1s; Iterations = 340, grads =   2.453e-06, unitary_metric = 1.00000
Error = :1.50e-01; Runtime: 17.0s; Iterations = 360, grads =   1.803e-06, unitary_metric = 1.00000
Error = :1.50e-01; Runtime: 17.9s; Iterations = 380, grads =   1.403e-06, unitary_metric = 1.00000
Error = :1.50e-01; Runtime: 18.8s; Iterations = 400, grads =   1.147e-06, unitary_metric = 1.00000
Error = :1.50e-01; Runtime: 19.8s; Iterations = 420, grads =   9.876e-07, unitary_metric = 1.00000
Error = :1.50e-01; Runtime: 20.8s; Iterations = 440, grads =   9.200e-07, unitary_metric = 1.00000
Error = :1.50e-01; Runtime: 21.7s; Iterations = 460, grads =   9.734e-07, unitary_metric = 1.00000
Error = :1.50e-01; Runtime: 22.6s; Iterations = 480, grads =   1.223e-06, unitary_metric = 1.00000
Error = :1.50e-01; Runtime: 23.5s; Iterations = 500, grads =   1.775e-06, unitary_metric = 1.00000
Error = :1.50e-01; Runtime: 24.5s; Iterations = 520, grads =   2.616e-06, unitary_metric = 1.00000
Error = :1.50e-01; Runtime: 25.4s; Iterations = 540, grads =   3.316e-06, unitary_metric = 1.00000
Error = :1.50e-01; Runtime: 26.3s; Iterations = 560, grads =   3.214e-06, unitary_metric = 1.00000
Error = :1.50e-01; Runtime: 27.2s; Iterations = 580, grads =   4.491e-06, unitary_metric = 1.00000
Error = :1.50e-01; Runtime: 28.1s; Iterations = 600, grads =   2.241e-05, unitary_metric = 1.00000
Error = :1.50e-01; Runtime: 29.1s; Iterations = 620, grads =   1.054e-06, unitary_metric = 1.00000
Error = :1.49e-01; Runtime: 30.0s; Iterations = 640, grads =   7.563e-07, unitary_metric = 1.00000
Error = :1.49e-01; Runtime: 30.9s; Iterations = 660, grads =   8.933e-07, unitary_metric = 1.00000
Error = :1.49e-01; Runtime: 31.8s; Iterations = 680, grads =   7.473e-07, unitary_metric = 1.00000
Error = :1.49e-01; Runtime: 32.8s; Iterations = 700, grads =   6.883e-07, unitary_metric = 1.00000
Error = :1.49e-01; Runtime: 33.9s; Iterations = 720, grads =   6.124e-07, unitary_metric = 1.00000
Error = :1.49e-01; Runtime: 34.8s; Iterations = 740, grads =   5.501e-07, unitary_metric = 1.00000
Error = :1.49e-01; Runtime: 35.7s; Iterations = 760, grads =   5.168e-07, unitary_metric = 1.00000
Error = :1.49e-01; Runtime: 36.6s; Iterations = 780, grads =   5.298e-07, unitary_metric = 1.00000
Error = :1.49e-01; Runtime: 37.5s; Iterations = 800, grads =   6.224e-07, unitary_metric = 1.00000
Error = :1.49e-01; Runtime: 38.5s; Iterations = 820, grads =   1.683e-06, unitary_metric = 1.00000
Error = :1.50e-01; Runtime: 39.4s; Iterations = 840, grads =   9.696e-06, unitary_metric = 1.00000
Error = :1.50e-01; Runtime: 40.3s; Iterations = 860, grads =   2.064e-05, unitary_metric = 1.00000
Error = :1.50e-01; Runtime: 41.2s; Iterations = 880, grads =   6.469e-06, unitary_metric = 1.00000
Error = :1.49e-01; Runtime: 42.1s; Iterations = 900, grads =   4.735e-06, unitary_metric = 1.00000
Error = :1.49e-01; Runtime: 43.1s; Iterations = 920, grads =   3.485e-06, unitary_metric = 1.00000
Error = :1.48e-01; Runtime: 44.0s; Iterations = 940, grads =   1.930e-06, unitary_metric = 1.00000
Error = :1.48e-01; Runtime: 44.9s; Iterations = 960, grads =   9.899e-07, unitary_metric = 1.00000
Error = :1.48e-01; Runtime: 45.8s; Iterations = 980, grads =   5.721e-07, unitary_metric = 1.00000
Error = :1.48e-01; Runtime: 46.7s; Iterations = 1000, grads =   3.906e-07, unitary_metric = 1.00000
Error = :1.48e-01; Runtime: 47.8s; Iterations = 1020, grads =   2.951e-07, unitary_metric = 1.00000
Error = :1.48e-01; Runtime: 48.7s; Iterations = 1040, grads =   2.907e-07, unitary_metric = 1.00000
Error = :1.48e-01; Runtime: 49.6s; Iterations = 1060, grads =   1.697e-04, unitary_metric = 1.00000
Error = :1.48e-01; Runtime: 50.5s; Iterations = 1080, grads =   4.484e-06, unitary_metric = 1.00000
Error = :1.48e-01; Runtime: 51.4s; Iterations = 1100, grads =   3.251e-07, unitary_metric = 1.00000
Error = :1.48e-01; Runtime: 52.4s; Iterations = 1120, grads =   1.511e-07, unitary_metric = 1.00000
Error = :1.48e-01; Runtime: 53.3s; Iterations = 1140, grads =   9.777e-08, unitary_metric = 1.00000
Error = :1.48e-01; Runtime: 54.2s; Iterations = 1160, grads =   8.573e-08, unitary_metric = 1.00000
Error = :1.48e-01; Runtime: 55.1s; Iterations = 1180, grads =   6.275e-08, unitary_metric = 1.00000
Error = :1.48e-01; Runtime: 56.0s; Iterations = 1200, grads =   5.288e-08, unitary_metric = 1.00000
Error = :1.48e-01; Runtime: 57.0s; Iterations = 1220, grads =   4.526e-08, unitary_metric = 1.00000
Error = :1.48e-01; Runtime: 57.9s; Iterations = 1240, grads =   3.898e-08, unitary_metric = 1.00000
Error = :1.48e-01; Runtime: 58.8s; Iterations = 1260, grads =   3.392e-08, unitary_metric = 1.00000
Error = :1.48e-01; Runtime: 59.7s; Iterations = 1280, grads =   3.064e-08, unitary_metric = 1.00000
Error = :1.48e-01; Runtime: 60.7s; Iterations = 1300, grads =   5.054e-07, unitary_metric = 1.00000
Error = :1.48e-01; Runtime: 61.7s; Iterations = 1320, grads =   1.033e-04, unitary_metric = 1.00000
Error = :1.48e-01; Runtime: 62.6s; Iterations = 1340, grads =   1.876e-05, unitary_metric = 1.00000
Error = :1.48e-01; Runtime: 63.5s; Iterations = 1360, grads =   2.515e-06, unitary_metric = 1.00000
Error = :1.48e-01; Runtime: 64.4s; Iterations = 1380, grads =   2.868e-07, unitary_metric = 1.00000
Error = :1.48e-01; Runtime: 65.3s; Iterations = 1400, grads =   1.798e-08, unitary_metric = 1.00000
Error = :1.48e-01; Runtime: 66.4s; Iterations = 1420, grads =   2.179e-08, unitary_metric = 1.00000
Error = :1.48e-01; Runtime: 67.3s; Iterations = 1440, grads =   1.730e-08, unitary_metric = 1.00000
Error = :1.48e-01; Runtime: 68.2s; Iterations = 1460, grads =   1.654e-08, unitary_metric = 1.00000
Error = :1.48e-01; Runtime: 69.1s; Iterations = 1480, grads =   1.645e-08, unitary_metric = 1.00000
Error = :1.48e-01; Runtime: 70.0s; Iterations = 1500, grads =   1.655e-08, unitary_metric = 1.00000
Error = :1.48e-01; Runtime: 71.0s; Iterations = 1520, grads =   1.689e-08, unitary_metric = 1.00000
Error = :1.48e-01; Runtime: 71.9s; Iterations = 1540, grads =   1.725e-08, unitary_metric = 1.00000
Error = :1.48e-01; Runtime: 72.8s; Iterations = 1560, grads =   1.839e-08, unitary_metric = 1.00000
Error = :1.48e-01; Runtime: 73.7s; Iterations = 1580, grads =   7.820e-07, unitary_metric = 1.00000
Error = :1.48e-01; Runtime: 74.6s; Iterations = 1600, grads =   3.344e-06, unitary_metric = 1.00000
Error = :1.48e-01; Runtime: 75.6s; Iterations = 1620, grads =   2.173e-06, unitary_metric = 1.00000
Error = :1.48e-01; Runtime: 76.6s; Iterations = 1640, grads =   2.034e-07, unitary_metric = 1.00000
Error = :1.48e-01; Runtime: 77.5s; Iterations = 1660, grads =   1.067e-07, unitary_metric = 1.00000
Error = :1.48e-01; Runtime: 78.4s; Iterations = 1680, grads =   5.332e-08, unitary_metric = 1.00000
Error = :1.48e-01; Runtime: 79.3s; Iterations = 1700, grads =   2.371e-08, unitary_metric = 1.00000
Error = :1.48e-01; Runtime: 80.3s; Iterations = 1720, grads =   2.458e-08, unitary_metric = 1.00000
Error = :1.48e-01; Runtime: 81.2s; Iterations = 1740, grads =   2.510e-08, unitary_metric = 1.00000
Error = :1.48e-01; Runtime: 82.1s; Iterations = 1760, grads =   2.606e-08, unitary_metric = 1.00000
Error = :1.48e-01; Runtime: 83.0s; Iterations = 1780, grads =   2.687e-08, unitary_metric = 1.00000
Error = :1.48e-01; Runtime: 83.9s; Iterations = 1800, grads =   2.779e-08, unitary_metric = 1.00000
Error = :1.48e-01; Runtime: 84.9s; Iterations = 1820, grads =   2.867e-08, unitary_metric = 1.00000
Error = :1.48e-01; Runtime: 85.8s; Iterations = 1840, grads =   2.934e-08, unitary_metric = 1.00000
Error = :1.48e-01; Runtime: 86.7s; Iterations = 1860, grads =   3.023e-08, unitary_metric = 1.00000
Error = :1.48e-01; Runtime: 87.6s; Iterations = 1880, grads =   7.002e-08, unitary_metric = 1.00000
Error = :1.48e-01; Runtime: 88.5s; Iterations = 1900, grads =   2.546e-05, unitary_metric = 1.00000
Error = :1.48e-01; Runtime: 89.5s; Iterations = 1920, grads =   3.912e-06, unitary_metric = 1.00000
Error = :1.48e-01; Runtime: 90.4s; Iterations = 1940, grads =   2.588e-06, unitary_metric = 1.00000
Error = :1.48e-01; Runtime: 91.3s; Iterations = 1960, grads =   2.950e-07, unitary_metric = 1.00000
Error = :1.48e-01; Runtime: 92.3s; Iterations = 1980, grads =   3.286e-08, unitary_metric = 1.00000
Error = :1.48e-01; Runtime: 93.2s; Iterations = 2000, grads =   2.917e-08, unitary_metric = 1.00000
Error = :1.48e-01; Runtime: 94.2s; Iterations = 2020, grads =   2.861e-08, unitary_metric = 1.00000
Error = :1.48e-01; Runtime: 95.1s; Iterations = 2040, grads =   2.747e-08, unitary_metric = 1.00000
Error = :1.48e-01; Runtime: 96.0s; Iterations = 2060, grads =   2.646e-08, unitary_metric = 1.00000
Error = :1.48e-01; Runtime: 96.9s; Iterations = 2080, grads =   2.521e-08, unitary_metric = 1.00000
Error = :1.48e-01; Runtime: 97.8s; Iterations = 2100, grads =   2.392e-08, unitary_metric = 1.00000
Error = :1.48e-01; Runtime: 98.8s; Iterations = 2120, grads =   2.386e-08, unitary_metric = 1.00000
Error = :1.48e-01; Runtime: 99.7s; Iterations = 2140, grads =   1.649e-07, unitary_metric = 1.00000
Error = :1.48e-01; Runtime: 100.6s; Iterations = 2160, grads =   5.669e-05, unitary_metric = 1.00000
Error = :1.48e-01; Runtime: 101.6s; Iterations = 2180, grads =   6.340e-06, unitary_metric = 1.00000
Error = :1.48e-01; Runtime: 102.5s; Iterations = 2200, grads =   1.891e-06, unitary_metric = 1.00000
Error = :1.48e-01; Runtime: 103.5s; Iterations = 2220, grads =   2.941e-05, unitary_metric = 1.00000
Error = :1.48e-01; Runtime: 104.4s; Iterations = 2240, grads =   2.939e-06, unitary_metric = 1.00000
Error = :1.48e-01; Runtime: 105.3s; Iterations = 2260, grads =   4.839e-07, unitary_metric = 1.00000
Error = :1.48e-01; Runtime: 106.2s; Iterations = 2280, grads =   7.316e-08, unitary_metric = 1.00000
Error = :1.48e-01; Runtime: 107.1s; Iterations = 2300, grads =   1.435e-08, unitary_metric = 1.00000
Error = :1.48e-01; Runtime: 108.1s; Iterations = 2320, grads =   1.077e-08, unitary_metric = 1.00000
Error = :1.48e-01; Runtime: 109.0s; Iterations = 2340, grads =   9.543e-09, unitary_metric = 1.00000
Error = :1.48e-01; Runtime: 109.9s; Iterations = 2360, grads =   8.886e-09, unitary_metric = 1.00000
Error = :1.48e-01; Runtime: 110.8s; Iterations = 2380, grads =   7.969e-09, unitary_metric = 1.00000
Error = :1.48e-01; Runtime: 111.7s; Iterations = 2400, grads =   9.664e-09, unitary_metric = 1.00000
Error = :1.48e-01; Runtime: 112.7s; Iterations = 2420, grads =   1.012e-06, unitary_metric = 1.00000
Error = :1.48e-01; Runtime: 113.6s; Iterations = 2440, grads =   6.501e-06, unitary_metric = 1.00000
Error = :1.48e-01; Runtime: 114.6s; Iterations = 2460, grads =   1.418e-05, unitary_metric = 1.00000
Error = :1.48e-01; Runtime: 115.5s; Iterations = 2480, grads =   1.746e-07, unitary_metric = 1.00000
Error = :1.48e-01; Runtime: 116.4s; Iterations = 2500, grads =   1.178e-07, unitary_metric = 1.00000
Error = :1.48e-01; Runtime: 117.4s; Iterations = 2520, grads =   1.379e-08, unitary_metric = 1.00000
Error = :1.48e-01; Runtime: 118.3s; Iterations = 2540, grads =   4.421e-09, unitary_metric = 1.00000
Error = :1.48e-01; Runtime: 119.2s; Iterations = 2560, grads =   4.232e-09, unitary_metric = 1.00000
Error = :1.48e-01; Runtime: 120.1s; Iterations = 2580, grads =   4.125e-09, unitary_metric = 1.00000
Error = :1.48e-01; Runtime: 121.0s; Iterations = 2600, grads =   3.590e-09, unitary_metric = 1.00000
Error = :1.48e-01; Runtime: 122.0s; Iterations = 2620, grads =   3.272e-09, unitary_metric = 1.00000
Error = :1.48e-01; Runtime: 122.9s; Iterations = 2640, grads =   3.293e-09, unitary_metric = 1.00000
Error = :1.48e-01; Runtime: 123.8s; Iterations = 2660, grads =   7.982e-09, unitary_metric = 1.00000
Error = :1.48e-01; Runtime: 124.7s; Iterations = 2680, grads =   1.479e-08, unitary_metric = 1.00000
Error = :1.48e-01; Runtime: 125.6s; Iterations = 2700, grads =   1.997e-06, unitary_metric = 1.00000
Error = :1.48e-01; Runtime: 126.7s; Iterations = 2720, grads =   1.129e-05, unitary_metric = 1.00000
Error = :1.48e-01; Runtime: 127.6s; Iterations = 2740, grads =   2.709e-06, unitary_metric = 1.00000
Error = :1.48e-01; Runtime: 128.5s; Iterations = 2760, grads =   7.340e-08, unitary_metric = 1.00000
Error = :1.48e-01; Runtime: 129.4s; Iterations = 2780, grads =   1.522e-07, unitary_metric = 1.00000
Error = :1.48e-01; Runtime: 130.3s; Iterations = 2800, grads =   2.803e-08, unitary_metric = 1.00000
Error = :1.48e-01; Runtime: 131.3s; Iterations = 2820, grads =   6.315e-09, unitary_metric = 1.00000
Error = :1.48e-01; Runtime: 132.2s; Iterations = 2840, grads =   2.748e-09, unitary_metric = 1.00000
Error = :1.48e-01; Runtime: 133.1s; Iterations = 2860, grads =   2.470e-09, unitary_metric = 1.00000
Error = :1.48e-01; Runtime: 134.0s; Iterations = 2880, grads =   2.015e-09, unitary_metric = 1.00000
Error = :1.48e-01; Runtime: 134.9s; Iterations = 2900, grads =   4.557e-09, unitary_metric = 1.00000
Error = :1.48e-01; Runtime: 135.9s; Iterations = 2920, grads =   2.924e-07, unitary_metric = 1.00000
Error = :1.48e-01; Runtime: 136.8s; Iterations = 2940, grads =   4.500e-05, unitary_metric = 1.00000
Error = :1.48e-01; Runtime: 137.7s; Iterations = 2960, grads =   5.938e-06, unitary_metric = 1.00000
Error = :1.48e-01; Runtime: 138.6s; Iterations = 2980, grads =   6.547e-07, unitary_metric = 1.00000
Error = :1.48e-01; Runtime: 139.5s; Iterations = 3000, grads =   1.231e-07, unitary_metric = 1.00000
Error = :1.48e-01; Runtime: 140.6s; Iterations = 3020, grads =   4.765e-08, unitary_metric = 1.00000
Error = :1.48e-01; Runtime: 141.5s; Iterations = 3040, grads =   1.695e-08, unitary_metric = 1.00000
Error = :1.48e-01; Runtime: 142.4s; Iterations = 3060, grads =   1.893e-09, unitary_metric = 1.00000
Error = :1.48e-01; Runtime: 143.3s; Iterations = 3080, grads =   1.717e-09, unitary_metric = 1.00000
Error = :1.48e-01; Runtime: 144.2s; Iterations = 3100, grads =   1.436e-09, unitary_metric = 1.00000
Error = :1.48e-01; Runtime: 145.2s; Iterations = 3120, grads =   1.449e-09, unitary_metric = 1.00000
Error = :1.48e-01; Runtime: 146.1s; Iterations = 3140, grads =   1.898e-08, unitary_metric = 1.00000
Error = :1.48e-01; Runtime: 147.0s; Iterations = 3160, grads =   3.316e-08, unitary_metric = 1.00000
Error = :1.48e-01; Runtime: 147.9s; Iterations = 3180, grads =   6.125e-06, unitary_metric = 1.00000
Error = :1.48e-01; Runtime: 148.9s; Iterations = 3200, grads =   2.521e-05, unitary_metric = 1.00000
Error = :1.48e-01; Runtime: 149.9s; Iterations = 3220, grads =   2.887e-06, unitary_metric = 1.00000
Error = :1.48e-01; Runtime: 150.8s; Iterations = 3240, grads =   2.725e-07, unitary_metric = 1.00000
Error = :1.48e-01; Runtime: 151.7s; Iterations = 3260, grads =   1.773e-08, unitary_metric = 1.00000
Error = :1.48e-01; Runtime: 152.7s; Iterations = 3280, grads =   5.746e-09, unitary_metric = 1.00000
Error = :1.48e-01; Runtime: 153.7s; Iterations = 3300, grads =   2.210e-09, unitary_metric = 1.00000
Error = :1.48e-01; Runtime: 154.7s; Iterations = 3320, grads =   1.316e-09, unitary_metric = 1.00000
Error = :1.48e-01; Runtime: 155.6s; Iterations = 3340, grads =   1.209e-09, unitary_metric = 1.00000
Error = :1.48e-01; Runtime: 156.5s; Iterations = 3360, grads =   1.200e-09, unitary_metric = 1.00000
Error = :1.48e-01; Runtime: 157.4s; Iterations = 3380, grads =   1.739e-09, unitary_metric = 1.00000
Error = :1.48e-01; Runtime: 158.3s; Iterations = 3400, grads =   3.840e-08, unitary_metric = 1.00000
Error = :1.48e-01; Runtime: 159.3s; Iterations = 3420, grads =   7.919e-06, unitary_metric = 1.00000
Error = :1.48e-01; Runtime: 160.2s; Iterations = 3440, grads =   7.682e-06, unitary_metric = 1.00000
Error = :1.48e-01; Runtime: 161.1s; Iterations = 3460, grads =   2.743e-06, unitary_metric = 1.00000
Error = :1.48e-01; Runtime: 162.1s; Iterations = 3480, grads =   7.182e-07, unitary_metric = 1.00000
Error = :1.48e-01; Runtime: 163.0s; Iterations = 3500, grads =   1.041e-07, unitary_metric = 1.00000
Error = :1.48e-01; Runtime: 164.0s; Iterations = 3520, grads =   2.902e-09, unitary_metric = 1.00000
Error = :1.48e-01; Runtime: 164.9s; Iterations = 3540, grads =   3.466e-09, unitary_metric = 1.00000
Error = :1.48e-01; Runtime: 165.8s; Iterations = 3560, grads =   2.942e-09, unitary_metric = 1.00000
Error = :1.48e-01; Runtime: 166.7s; Iterations = 3580, grads =   1.746e-09, unitary_metric = 1.00000
Error = :1.48e-01; Runtime: 167.6s; Iterations = 3600, grads =   1.473e-09, unitary_metric = 1.00000
Error = :1.48e-01; Runtime: 168.6s; Iterations = 3620, grads =   4.761e-09, unitary_metric = 1.00000
Error = :1.48e-01; Runtime: 169.5s; Iterations = 3640, grads =   1.610e-07, unitary_metric = 1.00000
Error = :1.48e-01; Runtime: 170.4s; Iterations = 3660, grads =   1.636e-05, unitary_metric = 1.00000
Error = :1.48e-01; Runtime: 171.3s; Iterations = 3680, grads =   4.209e-06, unitary_metric = 1.00000
Error = :1.48e-01; Runtime: 172.2s; Iterations = 3700, grads =   7.297e-07, unitary_metric = 1.00000
Error = :1.48e-01; Runtime: 173.2s; Iterations = 3720, grads =   6.944e-08, unitary_metric = 1.00000
Error = :1.48e-01; Runtime: 174.1s; Iterations = 3740, grads =   1.278e-08, unitary_metric = 1.00000
Error = :1.48e-01; Runtime: 175.0s; Iterations = 3760, grads =   2.564e-09, unitary_metric = 1.00000
Error = :1.48e-01; Runtime: 176.0s; Iterations = 3780, grads =   9.362e-10, unitary_metric = 1.00000
Error = :1.48e-01; Runtime: 176.9s; Iterations = 3800, grads =   1.122e-09, unitary_metric = 1.00000
Error = :1.48e-01; Runtime: 177.9s; Iterations = 3820, grads =   1.192e-09, unitary_metric = 1.00000
Error = :1.48e-01; Runtime: 178.8s; Iterations = 3840, grads =   4.725e-09, unitary_metric = 1.00000
Error = :1.48e-01; Runtime: 179.7s; Iterations = 3860, grads =   4.409e-07, unitary_metric = 1.00000
Error = :1.48e-01; Runtime: 180.6s; Iterations = 3880, grads =   1.051e-05, unitary_metric = 1.00000
Error = :1.48e-01; Runtime: 181.5s; Iterations = 3900, grads =   1.573e-06, unitary_metric = 1.00000
Error = :1.48e-01; Runtime: 182.5s; Iterations = 3920, grads =   6.372e-06, unitary_metric = 1.00000
Error = :1.48e-01; Runtime: 183.4s; Iterations = 3940, grads =   6.165e-08, unitary_metric = 1.00000
Error = :1.48e-01; Runtime: 184.3s; Iterations = 3960, grads =   5.800e-08, unitary_metric = 1.00000
Error = :1.48e-01; Runtime: 185.2s; Iterations = 3980, grads =   7.530e-09, unitary_metric = 1.00000
Error = :1.48e-01; Runtime: 186.2s; Iterations = 4000, grads =   2.601e-09, unitary_metric = 1.00000
Error = :1.48e-01; Runtime: 187.2s; Iterations = 4020, grads =   1.176e-09, unitary_metric = 1.00000
Error = :1.48e-01; Runtime: 188.1s; Iterations = 4040, grads =   8.116e-10, unitary_metric = 1.00000
Error = :1.48e-01; Runtime: 189.0s; Iterations = 4060, grads =   2.343e-09, unitary_metric = 1.00000
Error = :1.48e-01; Runtime: 189.9s; Iterations = 4080, grads =   2.772e-08, unitary_metric = 1.00000
Error = :1.48e-01; Runtime: 190.8s; Iterations = 4100, grads =   1.615e-06, unitary_metric = 1.00000
Error = :1.48e-01; Runtime: 191.8s; Iterations = 4120, grads =   1.499e-06, unitary_metric = 1.00000
Error = :1.48e-01; Runtime: 192.7s; Iterations = 4140, grads =   1.080e-06, unitary_metric = 1.00000
Error = :1.48e-01; Runtime: 193.6s; Iterations = 4160, grads =   3.927e-08, unitary_metric = 1.00000
Error = :1.48e-01; Runtime: 194.6s; Iterations = 4180, grads =   2.155e-08, unitary_metric = 1.00000
Error = :1.48e-01; Runtime: 195.5s; Iterations = 4200, grads =   2.027e-07, unitary_metric = 1.00000
Error = :1.48e-01; Runtime: 196.5s; Iterations = 4220, grads =   7.746e-06, unitary_metric = 1.00000
Error = :1.48e-01; Runtime: 197.4s; Iterations = 4240, grads =   1.293e-06, unitary_metric = 1.00000
Error = :1.48e-01; Runtime: 198.3s; Iterations = 4260, grads =   1.262e-09, unitary_metric = 1.00000
Error = :1.48e-01; Runtime: 199.2s; Iterations = 4280, grads =   1.408e-08, unitary_metric = 1.00000
Error = :1.48e-01; Runtime: 200.1s; Iterations = 4300, grads =   1.197e-07, unitary_metric = 1.00000
Error = :1.48e-01; Runtime: 201.1s; Iterations = 4320, grads =   2.126e-05, unitary_metric = 1.00000
Error = :1.48e-01; Runtime: 202.0s; Iterations = 4340, grads =   2.960e-06, unitary_metric = 1.00000
Error = :1.48e-01; Runtime: 202.9s; Iterations = 4360, grads =   2.878e-07, unitary_metric = 1.00000
Error = :1.48e-01; Runtime: 203.8s; Iterations = 4380, grads =   9.398e-07, unitary_metric = 1.00000
Error = :1.48e-01; Runtime: 204.7s; Iterations = 4400, grads =   4.927e-08, unitary_metric = 1.00000
Error = :1.48e-01; Runtime: 205.8s; Iterations = 4420, grads =   1.752e-07, unitary_metric = 1.00000
Error = :1.48e-01; Runtime: 206.7s; Iterations = 4440, grads =   7.026e-08, unitary_metric = 1.00000
Error = :1.48e-01; Runtime: 207.6s; Iterations = 4460, grads =   1.236e-08, unitary_metric = 1.00000
Error = :1.48e-01; Runtime: 208.5s; Iterations = 4480, grads =   8.966e-10, unitary_metric = 1.00000
Error = :1.48e-01; Runtime: 209.4s; Iterations = 4500, grads =   7.188e-10, unitary_metric = 1.00000
Error = :1.48e-01; Runtime: 210.4s; Iterations = 4520, grads =   1.183e-09, unitary_metric = 1.00000
Error = :1.48e-01; Runtime: 211.3s; Iterations = 4540, grads =   4.702e-09, unitary_metric = 1.00000
Error = :1.48e-01; Runtime: 212.2s; Iterations = 4560, grads =   1.025e-07, unitary_metric = 1.00000
Error = :1.48e-01; Runtime: 213.1s; Iterations = 4580, grads =   8.491e-06, unitary_metric = 1.00000
Error = :1.48e-01; Runtime: 214.0s; Iterations = 4600, grads =   5.395e-06, unitary_metric = 1.00000
Error = :1.48e-01; Runtime: 215.1s; Iterations = 4620, grads =   9.282e-06, unitary_metric = 1.00000
Error = :1.48e-01; Runtime: 216.0s; Iterations = 4640, grads =   1.691e-07, unitary_metric = 1.00000
Error = :1.48e-01; Runtime: 216.9s; Iterations = 4660, grads =   8.993e-08, unitary_metric = 1.00000
Error = :1.48e-01; Runtime: 217.8s; Iterations = 4680, grads =   3.030e-08, unitary_metric = 1.00000
Error = :1.48e-01; Runtime: 218.7s; Iterations = 4700, grads =   2.420e-09, unitary_metric = 1.00000
Error = :1.48e-01; Runtime: 219.7s; Iterations = 4720, grads =   8.302e-10, unitary_metric = 1.00000
Error = :1.48e-01; Runtime: 220.6s; Iterations = 4740, grads =   1.174e-09, unitary_metric = 1.00000
Error = :1.48e-01; Runtime: 221.5s; Iterations = 4760, grads =   2.656e-08, unitary_metric = 1.00000
Error = :1.48e-01; Runtime: 222.4s; Iterations = 4780, grads =   3.585e-06, unitary_metric = 1.00000
Error = :1.48e-01; Runtime: 223.3s; Iterations = 4800, grads =   2.494e-06, unitary_metric = 1.00000
Error = :1.48e-01; Runtime: 224.4s; Iterations = 4820, grads =   3.153e-07, unitary_metric = 1.00000
Error = :1.48e-01; Runtime: 225.3s; Iterations = 4840, grads =   1.640e-06, unitary_metric = 1.00000
Error = :1.48e-01; Runtime: 226.2s; Iterations = 4860, grads =   7.835e-07, unitary_metric = 1.00000
Error = :1.48e-01; Runtime: 227.1s; Iterations = 4880, grads =   3.780e-07, unitary_metric = 1.00000
Error = :1.48e-01; Runtime: 228.0s; Iterations = 4900, grads =   8.190e-08, unitary_metric = 1.00000
Error = :1.48e-01; Runtime: 229.0s; Iterations = 4920, grads =   4.101e-09, unitary_metric = 1.00000
Error = :1.48e-01; Runtime: 229.9s; Iterations = 4940, grads =   3.072e-09, unitary_metric = 1.00000
Error = :1.48e-01; Runtime: 230.8s; Iterations = 4960, grads =   9.065e-10, unitary_metric = 1.00000
Error = :1.48e-01; Runtime: 231.7s; Iterations = 4980, grads =   5.187e-09, unitary_metric = 1.00000
Error = :1.48e-01; Runtime: 232.6s; Iterations = 5000, grads =   3.524e-07, unitary_metric = 1.00000
Error = :1.48e-01; Runtime: 233.6s; Iterations = 5020, grads =   2.507e-06, unitary_metric = 1.00000
Error = :1.48e-01; Runtime: 234.6s; Iterations = 5040, grads =   1.024e-06, unitary_metric = 1.00000
Error = :1.48e-01; Runtime: 235.5s; Iterations = 5060, grads =   3.435e-07, unitary_metric = 1.00000
Error = :1.48e-01; Runtime: 236.4s; Iterations = 5080, grads =   9.993e-06, unitary_metric = 1.00000
Error = :1.48e-01; Runtime: 237.3s; Iterations = 5100, grads =   6.307e-07, unitary_metric = 1.00000
Error = :1.48e-01; Runtime: 238.3s; Iterations = 5120, grads =   1.060e-07, unitary_metric = 1.00000
Error = :1.48e-01; Runtime: 239.2s; Iterations = 5140, grads =   1.038e-08, unitary_metric = 1.00000
Error = :1.48e-01; Runtime: 240.1s; Iterations = 5160, grads =   1.056e-09, unitary_metric = 1.00000
Error = :1.48e-01; Runtime: 241.0s; Iterations = 5180, grads =   1.462e-09, unitary_metric = 1.00000
Error = :1.48e-01; Runtime: 242.0s; Iterations = 5200, grads =   6.268e-09, unitary_metric = 1.00000
Error = :1.48e-01; Runtime: 243.0s; Iterations = 5220, grads =   2.845e-07, unitary_metric = 1.00000
Error = :1.48e-01; Runtime: 243.9s; Iterations = 5240, grads =   2.235e-06, unitary_metric = 1.00000
Error = :1.48e-01; Runtime: 244.8s; Iterations = 5260, grads =   2.561e-06, unitary_metric = 1.00000
Error = :1.48e-01; Runtime: 245.7s; Iterations = 5280, grads =   2.759e-07, unitary_metric = 1.00000
Error = :1.48e-01; Runtime: 246.6s; Iterations = 5300, grads =   3.824e-08, unitary_metric = 1.00000
Error = :1.48e-01; Runtime: 247.6s; Iterations = 5320, grads =   9.341e-08, unitary_metric = 1.00000
Error = :1.48e-01; Runtime: 248.5s; Iterations = 5340, grads =   7.205e-06, unitary_metric = 1.00000
Error = :1.48e-01; Runtime: 249.4s; Iterations = 5360, grads =   3.678e-07, unitary_metric = 1.00000
Error = :1.48e-01; Runtime: 250.3s; Iterations = 5380, grads =   1.794e-08, unitary_metric = 1.00000
Error = :1.48e-01; Runtime: 251.2s; Iterations = 5400, grads =   1.472e-07, unitary_metric = 1.00000
Error = :1.48e-01; Runtime: 252.3s; Iterations = 5420, grads =   9.211e-07, unitary_metric = 1.00000
Error = :1.48e-01; Runtime: 253.2s; Iterations = 5440, grads =   1.225e-09, unitary_metric = 1.00000
Error = :1.48e-01; Runtime: 254.1s; Iterations = 5460, grads =   1.279e-08, unitary_metric = 1.00000
Error = :1.48e-01; Runtime: 255.0s; Iterations = 5480, grads =   5.393e-09, unitary_metric = 1.00000
Error = :1.48e-01; Runtime: 255.9s; Iterations = 5500, grads =   4.142e-07, unitary_metric = 1.00000
Error = :1.48e-01; Runtime: 256.9s; Iterations = 5520, grads =   2.251e-09, unitary_metric = 1.00000
Error = :1.48e-01; Runtime: 257.9s; Iterations = 5540, grads =   2.011e-08, unitary_metric = 1.00000
Error = :1.48e-01; Runtime: 258.8s; Iterations = 5560, grads =   5.874e-07, unitary_metric = 1.00000
Error = :1.48e-01; Runtime: 259.7s; Iterations = 5580, grads =   2.955e-06, unitary_metric = 1.00000
Error = :1.48e-01; Runtime: 260.6s; Iterations = 5600, grads =   5.458e-07, unitary_metric = 1.00000
Error = :1.48e-01; Runtime: 261.6s; Iterations = 5620, grads =   7.410e-08, unitary_metric = 1.00000
Error = :1.48e-01; Runtime: 262.5s; Iterations = 5640, grads =   5.052e-09, unitary_metric = 1.00000
Error = :1.48e-01; Runtime: 263.4s; Iterations = 5660, grads =   7.925e-10, unitary_metric = 1.00000
Error = :1.48e-01; Runtime: 264.3s; Iterations = 5680, grads =   1.095e-09, unitary_metric = 1.00000
Error = :1.48e-01; Runtime: 265.2s; Iterations = 5700, grads =   3.085e-09, unitary_metric = 1.00000
Error = :1.48e-01; Runtime: 266.2s; Iterations = 5720, grads =   9.739e-08, unitary_metric = 1.00000
Error = :1.48e-01; Runtime: 267.1s; Iterations = 5740, grads =   8.159e-07, unitary_metric = 1.00000
Error = :1.48e-01; Runtime: 268.0s; Iterations = 5760, grads =   4.535e-06, unitary_metric = 1.00000
Error = :1.48e-01; Runtime: 268.9s; Iterations = 5780, grads =   2.394e-07, unitary_metric = 1.00000
Error = :1.48e-01; Runtime: 269.8s; Iterations = 5800, grads =   2.114e-06, unitary_metric = 1.00000
Error = :1.48e-01; Runtime: 270.9s; Iterations = 5820, grads =   7.114e-07, unitary_metric = 1.00000
Error = :1.48e-01; Runtime: 271.8s; Iterations = 5840, grads =   1.332e-09, unitary_metric = 1.00000
Error = :1.48e-01; Runtime: 272.7s; Iterations = 5860, grads =   1.067e-08, unitary_metric = 1.00000
Error = :1.48e-01; Runtime: 273.6s; Iterations = 5880, grads =   3.167e-09, unitary_metric = 1.00000
Error = :1.48e-01; Runtime: 274.6s; Iterations = 5900, grads =   1.347e-09, unitary_metric = 1.00000
Error = :1.48e-01; Runtime: 275.6s; Iterations = 5920, grads =   3.051e-08, unitary_metric = 1.00000
Error = :1.48e-01; Runtime: 276.5s; Iterations = 5940, grads =   1.531e-06, unitary_metric = 1.00000
Error = :1.48e-01; Runtime: 277.4s; Iterations = 5960, grads =   1.170e-06, unitary_metric = 1.00000
Error = :1.48e-01; Runtime: 278.4s; Iterations = 5980, grads =   1.764e-06, unitary_metric = 1.00000
Error = :1.48e-01; Runtime: 279.3s; Iterations = 6000, grads =   4.247e-08, unitary_metric = 1.00000
data saved at: /project/ftchong/qoc/pranav/00012_31_h2o_slice_132.h5


trying total_time: 3.75 for unitary of size (16, 16)
data saved at: /project/ftchong/qoc/pranav/00013_31_h2o_slice_132.h5
Using 7 Taylor terms and 2 Scaling & Squaring terms
Building graph:
Propagators initialized.
Operators weight initialized.
Intermediate propagation variables initialized.
Intermediate propagators initialized.
Vectors initialized.
Training loss initialized.
Optimizer initialized.
Utilities initialized.
Graph built!
Initialized
Error = :7.77e-01; Runtime: 0.2s; Iterations = 0, grads =   4.786e-02, unitary_metric = 1.00000
Error = :5.50e-01; Runtime: 1.8s; Iterations = 20, grads =   7.671e-03, unitary_metric = 1.00000
Error = :4.88e-01; Runtime: 3.1s; Iterations = 40, grads =   2.360e-03, unitary_metric = 1.00000
Error = :3.67e-01; Runtime: 4.5s; Iterations = 60, grads =   4.726e-03, unitary_metric = 1.00000
Error = :1.11e-01; Runtime: 5.8s; Iterations = 80, grads =   1.289e-03, unitary_metric = 1.00000
Error = :3.74e-02; Runtime: 7.1s; Iterations = 100, grads =   2.311e-04, unitary_metric = 0.99999
Error = :1.78e-02; Runtime: 8.6s; Iterations = 120, grads =   7.478e-05, unitary_metric = 1.00000
Error = :1.14e-02; Runtime: 9.9s; Iterations = 140, grads =   2.847e-05, unitary_metric = 0.99999
Error = :8.63e-03; Runtime: 11.3s; Iterations = 160, grads =   1.661e-05, unitary_metric = 1.00000
Error = :7.02e-03; Runtime: 12.6s; Iterations = 180, grads =   1.085e-05, unitary_metric = 1.00000
Error = :5.98e-03; Runtime: 13.9s; Iterations = 200, grads =   7.647e-06, unitary_metric = 0.99999
Error = :5.24e-03; Runtime: 15.5s; Iterations = 220, grads =   5.742e-06, unitary_metric = 1.00000
Error = :4.69e-03; Runtime: 16.8s; Iterations = 240, grads =   4.521e-06, unitary_metric = 0.99999
Error = :4.25e-03; Runtime: 18.1s; Iterations = 260, grads =   3.666e-06, unitary_metric = 0.99999
Error = :3.88e-03; Runtime: 19.5s; Iterations = 280, grads =   3.020e-06, unitary_metric = 0.99999
Error = :3.58e-03; Runtime: 20.8s; Iterations = 300, grads =   2.503e-06, unitary_metric = 0.99999
Error = :3.33e-03; Runtime: 22.3s; Iterations = 320, grads =   2.085e-06, unitary_metric = 0.99999
Error = :3.13e-03; Runtime: 23.6s; Iterations = 340, grads =   1.750e-06, unitary_metric = 0.99999
Error = :2.95e-03; Runtime: 24.9s; Iterations = 360, grads =   1.487e-06, unitary_metric = 0.99999
Error = :2.81e-03; Runtime: 26.3s; Iterations = 380, grads =   3.011e-05, unitary_metric = 1.00000
Error = :2.69e-03; Runtime: 27.6s; Iterations = 400, grads =   7.959e-05, unitary_metric = 1.00000
Error = :2.58e-03; Runtime: 29.1s; Iterations = 420, grads =   3.381e-05, unitary_metric = 0.99999
Error = :2.49e-03; Runtime: 30.4s; Iterations = 440, grads =   1.460e-05, unitary_metric = 0.99999
Error = :2.40e-03; Runtime: 31.8s; Iterations = 460, grads =   7.598e-07, unitary_metric = 0.99999
Error = :2.32e-03; Runtime: 33.1s; Iterations = 480, grads =   6.746e-07, unitary_metric = 0.99999
Error = :2.26e-03; Runtime: 34.5s; Iterations = 500, grads =   6.283e-07, unitary_metric = 0.99999
Error = :2.20e-03; Runtime: 35.9s; Iterations = 520, grads =   5.391e-07, unitary_metric = 0.99999
Error = :2.15e-03; Runtime: 37.2s; Iterations = 540, grads =   4.852e-07, unitary_metric = 0.99999
Error = :2.10e-03; Runtime: 38.6s; Iterations = 560, grads =   4.383e-07, unitary_metric = 0.99999
Error = :2.06e-03; Runtime: 39.9s; Iterations = 580, grads =   3.972e-07, unitary_metric = 0.99999
Error = :2.02e-03; Runtime: 41.3s; Iterations = 600, grads =   4.246e-07, unitary_metric = 0.99999
Error = :2.02e-03; Runtime: 42.7s; Iterations = 620, grads =   2.804e-04, unitary_metric = 0.99999
Error = :1.96e-03; Runtime: 44.1s; Iterations = 640, grads =   9.460e-05, unitary_metric = 0.99999
Error = :1.93e-03; Runtime: 45.4s; Iterations = 660, grads =   4.965e-05, unitary_metric = 0.99999
Error = :1.90e-03; Runtime: 46.7s; Iterations = 680, grads =   4.981e-07, unitary_metric = 0.99999
Error = :1.88e-03; Runtime: 48.1s; Iterations = 700, grads =   3.852e-05, unitary_metric = 0.99999
Error = :1.88e-03; Runtime: 49.6s; Iterations = 720, grads =   2.341e-04, unitary_metric = 0.99999
Error = :1.83e-03; Runtime: 50.9s; Iterations = 740, grads =   3.790e-06, unitary_metric = 0.99999
Error = :1.81e-03; Runtime: 52.3s; Iterations = 760, grads =   2.405e-06, unitary_metric = 0.99999
Error = :1.79e-03; Runtime: 53.6s; Iterations = 780, grads =   1.364e-06, unitary_metric = 0.99999
Error = :1.77e-03; Runtime: 54.9s; Iterations = 800, grads =   3.090e-07, unitary_metric = 0.99999
Error = :1.76e-03; Runtime: 56.4s; Iterations = 820, grads =   4.580e-07, unitary_metric = 0.99999
Error = :1.91e-03; Runtime: 57.7s; Iterations = 840, grads =   1.371e-03, unitary_metric = 0.99999
Error = :1.75e-03; Runtime: 59.1s; Iterations = 860, grads =   1.646e-04, unitary_metric = 0.99999
Error = :1.72e-03; Runtime: 60.4s; Iterations = 880, grads =   1.324e-05, unitary_metric = 0.99999
Error = :1.70e-03; Runtime: 61.7s; Iterations = 900, grads =   1.431e-07, unitary_metric = 0.99999
Error = :1.69e-03; Runtime: 63.2s; Iterations = 920, grads =   1.336e-07, unitary_metric = 0.99999
Error = :1.67e-03; Runtime: 64.5s; Iterations = 940, grads =   1.665e-07, unitary_metric = 0.99999
Error = :1.66e-03; Runtime: 65.9s; Iterations = 960, grads =   2.775e-05, unitary_metric = 0.99999
Error = :1.65e-03; Runtime: 67.2s; Iterations = 980, grads =   5.366e-05, unitary_metric = 0.99999
Error = :1.64e-03; Runtime: 68.6s; Iterations = 1000, grads =   7.130e-05, unitary_metric = 0.99999
Error = :1.61e-03; Runtime: 70.0s; Iterations = 1020, grads =   1.171e-07, unitary_metric = 0.99999
Error = :1.60e-03; Runtime: 71.4s; Iterations = 1040, grads =   1.072e-06, unitary_metric = 0.99999
Error = :1.58e-03; Runtime: 72.7s; Iterations = 1060, grads =   8.175e-07, unitary_metric = 0.99999
Error = :1.70e-03; Runtime: 74.0s; Iterations = 1080, grads =   1.113e-03, unitary_metric = 0.99999
Error = :1.55e-03; Runtime: 75.4s; Iterations = 1100, grads =   5.912e-06, unitary_metric = 0.99999
Error = :1.54e-03; Runtime: 76.8s; Iterations = 1120, grads =   2.467e-06, unitary_metric = 0.99999
Error = :1.53e-03; Runtime: 78.2s; Iterations = 1140, grads =   8.882e-08, unitary_metric = 0.99999
Error = :1.51e-03; Runtime: 79.5s; Iterations = 1160, grads =   3.469e-07, unitary_metric = 0.99999
Error = :1.50e-03; Runtime: 80.9s; Iterations = 1180, grads =   8.362e-08, unitary_metric = 0.99999
Error = :1.49e-03; Runtime: 82.2s; Iterations = 1200, grads =   9.990e-08, unitary_metric = 0.99999
Error = :1.48e-03; Runtime: 83.7s; Iterations = 1220, grads =   3.712e-07, unitary_metric = 0.99999
Error = :1.49e-03; Runtime: 85.0s; Iterations = 1240, grads =   1.115e-04, unitary_metric = 0.99999
Error = :1.48e-03; Runtime: 86.3s; Iterations = 1260, grads =   8.617e-05, unitary_metric = 0.99999
Error = :1.46e-03; Runtime: 87.7s; Iterations = 1280, grads =   9.642e-06, unitary_metric = 0.99999
Error = :1.46e-03; Runtime: 89.0s; Iterations = 1300, grads =   3.430e-06, unitary_metric = 0.99999
Error = :1.45e-03; Runtime: 90.4s; Iterations = 1320, grads =   8.303e-07, unitary_metric = 0.99999
Error = :1.64e-03; Runtime: 91.8s; Iterations = 1340, grads =   1.594e-03, unitary_metric = 0.99999
Error = :1.46e-03; Runtime: 93.1s; Iterations = 1360, grads =   1.362e-04, unitary_metric = 0.99999
Error = :1.44e-03; Runtime: 94.5s; Iterations = 1380, grads =   6.510e-06, unitary_metric = 0.99999
Error = :1.44e-03; Runtime: 95.8s; Iterations = 1400, grads =   2.292e-06, unitary_metric = 0.99999
Error = :1.44e-03; Runtime: 97.3s; Iterations = 1420, grads =   7.536e-08, unitary_metric = 0.99999
Error = :1.44e-03; Runtime: 98.6s; Iterations = 1440, grads =   9.077e-06, unitary_metric = 0.99999
Error = :1.47e-03; Runtime: 99.9s; Iterations = 1460, grads =   2.509e-04, unitary_metric = 0.99999
Error = :1.44e-03; Runtime: 101.2s; Iterations = 1480, grads =   2.895e-05, unitary_metric = 0.99999
Error = :1.44e-03; Runtime: 102.6s; Iterations = 1500, grads =   4.373e-06, unitary_metric = 0.99999
Error = :1.44e-03; Runtime: 104.0s; Iterations = 1520, grads =   2.827e-07, unitary_metric = 0.99999
Error = :1.45e-03; Runtime: 105.4s; Iterations = 1540, grads =   7.083e-08, unitary_metric = 0.99999
Error = :1.45e-03; Runtime: 106.7s; Iterations = 1560, grads =   7.277e-08, unitary_metric = 0.99999
Error = :1.45e-03; Runtime: 108.0s; Iterations = 1580, grads =   3.387e-07, unitary_metric = 0.99999
Error = :1.45e-03; Runtime: 109.3s; Iterations = 1600, grads =   8.533e-08, unitary_metric = 0.99999
Error = :1.45e-03; Runtime: 110.9s; Iterations = 1620, grads =   9.196e-08, unitary_metric = 0.99999
Error = :1.44e-03; Runtime: 112.2s; Iterations = 1640, grads =   1.014e-07, unitary_metric = 0.99999
Error = :1.43e-03; Runtime: 113.5s; Iterations = 1660, grads =   1.938e-07, unitary_metric = 0.99999
Error = :1.42e-03; Runtime: 114.9s; Iterations = 1680, grads =   3.882e-05, unitary_metric = 0.99999
Error = :1.42e-03; Runtime: 116.2s; Iterations = 1700, grads =   2.059e-04, unitary_metric = 0.99999
Error = :1.37e-03; Runtime: 117.6s; Iterations = 1720, grads =   1.495e-06, unitary_metric = 0.99999
Error = :1.37e-03; Runtime: 119.0s; Iterations = 1740, grads =   1.380e-04, unitary_metric = 0.99999
Error = :1.34e-03; Runtime: 120.3s; Iterations = 1760, grads =   1.708e-05, unitary_metric = 0.99999
Error = :1.32e-03; Runtime: 121.7s; Iterations = 1780, grads =   1.062e-05, unitary_metric = 0.99999
Error = :1.31e-03; Runtime: 123.0s; Iterations = 1800, grads =   1.896e-06, unitary_metric = 0.99999
Error = :1.30e-03; Runtime: 124.4s; Iterations = 1820, grads =   1.918e-07, unitary_metric = 0.99999
Error = :1.29e-03; Runtime: 125.8s; Iterations = 1840, grads =   8.041e-08, unitary_metric = 0.99999
Error = :1.28e-03; Runtime: 127.1s; Iterations = 1860, grads =   5.008e-08, unitary_metric = 0.99999
Error = :1.27e-03; Runtime: 128.5s; Iterations = 1880, grads =   2.238e-07, unitary_metric = 0.99999
Error = :1.26e-03; Runtime: 129.8s; Iterations = 1900, grads =   2.382e-06, unitary_metric = 0.99999
Error = :1.30e-03; Runtime: 131.3s; Iterations = 1920, grads =   3.421e-04, unitary_metric = 0.99999
Error = :1.25e-03; Runtime: 132.6s; Iterations = 1940, grads =   2.074e-05, unitary_metric = 0.99999
Error = :1.25e-03; Runtime: 134.0s; Iterations = 1960, grads =   5.740e-06, unitary_metric = 0.99999
Error = :1.28e-03; Runtime: 135.3s; Iterations = 1980, grads =   3.391e-04, unitary_metric = 0.99999
Error = :1.24e-03; Runtime: 136.6s; Iterations = 2000, grads =   3.138e-05, unitary_metric = 0.99999
Error = :1.23e-03; Runtime: 138.1s; Iterations = 2020, grads =   1.511e-06, unitary_metric = 0.99999
Error = :1.23e-03; Runtime: 139.4s; Iterations = 2040, grads =   2.001e-07, unitary_metric = 0.99999
Error = :1.22e-03; Runtime: 140.7s; Iterations = 2060, grads =   9.623e-07, unitary_metric = 0.99999
Error = :1.25e-03; Runtime: 142.1s; Iterations = 2080, grads =   1.552e-04, unitary_metric = 0.99999
Error = :1.22e-03; Runtime: 143.4s; Iterations = 2100, grads =   1.256e-05, unitary_metric = 0.99999
Error = :1.23e-03; Runtime: 144.9s; Iterations = 2120, grads =   1.550e-04, unitary_metric = 0.99999
Error = :1.21e-03; Runtime: 146.2s; Iterations = 2140, grads =   3.441e-06, unitary_metric = 0.99999
Error = :1.21e-03; Runtime: 147.6s; Iterations = 2160, grads =   1.128e-05, unitary_metric = 0.99999
Error = :1.20e-03; Runtime: 148.9s; Iterations = 2180, grads =   8.802e-07, unitary_metric = 0.99999
Error = :1.24e-03; Runtime: 150.2s; Iterations = 2200, grads =   3.253e-04, unitary_metric = 0.99999
Error = :1.21e-03; Runtime: 151.7s; Iterations = 2220, grads =   4.218e-05, unitary_metric = 0.99999
Error = :1.20e-03; Runtime: 153.0s; Iterations = 2240, grads =   5.658e-06, unitary_metric = 0.99999
Error = :1.20e-03; Runtime: 154.3s; Iterations = 2260, grads =   2.083e-07, unitary_metric = 0.99999
Error = :1.19e-03; Runtime: 155.7s; Iterations = 2280, grads =   3.506e-08, unitary_metric = 0.99999
Error = :1.19e-03; Runtime: 157.0s; Iterations = 2300, grads =   6.700e-07, unitary_metric = 0.99999
Error = :1.21e-03; Runtime: 158.5s; Iterations = 2320, grads =   1.356e-04, unitary_metric = 0.99999
Error = :1.19e-03; Runtime: 159.8s; Iterations = 2340, grads =   1.554e-05, unitary_metric = 0.99999
Error = :1.19e-03; Runtime: 161.1s; Iterations = 2360, grads =   1.143e-06, unitary_metric = 0.99999
Error = :1.18e-03; Runtime: 162.5s; Iterations = 2380, grads =   1.232e-07, unitary_metric = 0.99999
Error = :1.19e-03; Runtime: 163.8s; Iterations = 2400, grads =   2.376e-05, unitary_metric = 0.99999
Error = :1.20e-03; Runtime: 165.3s; Iterations = 2420, grads =   1.228e-04, unitary_metric = 0.99999
Error = :1.19e-03; Runtime: 166.6s; Iterations = 2440, grads =   6.659e-05, unitary_metric = 0.99999
Error = :1.19e-03; Runtime: 167.9s; Iterations = 2460, grads =   6.647e-05, unitary_metric = 0.99999
Error = :1.18e-03; Runtime: 169.3s; Iterations = 2480, grads =   8.637e-06, unitary_metric = 0.99999
Error = :1.18e-03; Runtime: 170.6s; Iterations = 2500, grads =   1.077e-06, unitary_metric = 0.99999
Error = :1.17e-03; Runtime: 172.1s; Iterations = 2520, grads =   3.927e-08, unitary_metric = 0.99999
Error = :1.17e-03; Runtime: 173.4s; Iterations = 2540, grads =   3.721e-07, unitary_metric = 0.99999
Error = :1.19e-03; Runtime: 174.7s; Iterations = 2560, grads =   9.124e-05, unitary_metric = 0.99999
Error = :1.17e-03; Runtime: 176.1s; Iterations = 2580, grads =   4.650e-06, unitary_metric = 0.99999
Error = :1.17e-03; Runtime: 177.4s; Iterations = 2600, grads =   1.289e-06, unitary_metric = 0.99999
Error = :1.17e-03; Runtime: 178.9s; Iterations = 2620, grads =   2.421e-07, unitary_metric = 0.99999
Error = :1.17e-03; Runtime: 180.2s; Iterations = 2640, grads =   1.758e-07, unitary_metric = 0.99999
Error = :1.17e-03; Runtime: 181.5s; Iterations = 2660, grads =   3.548e-05, unitary_metric = 0.99999
Error = :1.20e-03; Runtime: 182.8s; Iterations = 2680, grads =   2.506e-04, unitary_metric = 0.99999
Error = :1.16e-03; Runtime: 184.2s; Iterations = 2700, grads =   1.385e-05, unitary_metric = 0.99999
Error = :1.16e-03; Runtime: 185.6s; Iterations = 2720, grads =   3.749e-08, unitary_metric = 0.99999
Error = :1.16e-03; Runtime: 187.0s; Iterations = 2740, grads =   3.177e-07, unitary_metric = 0.99999
Error = :1.16e-03; Runtime: 188.3s; Iterations = 2760, grads =   1.766e-08, unitary_metric = 0.99999
Error = :1.16e-03; Runtime: 189.7s; Iterations = 2780, grads =   1.614e-06, unitary_metric = 0.99999
Error = :1.17e-03; Runtime: 191.0s; Iterations = 2800, grads =   4.078e-05, unitary_metric = 0.99999
Error = :1.16e-03; Runtime: 192.5s; Iterations = 2820, grads =   5.382e-06, unitary_metric = 0.99999
Error = :1.16e-03; Runtime: 193.8s; Iterations = 2840, grads =   7.556e-07, unitary_metric = 0.99999
Error = :1.16e-03; Runtime: 195.1s; Iterations = 2860, grads =   7.742e-07, unitary_metric = 0.99999
Error = :1.18e-03; Runtime: 196.5s; Iterations = 2880, grads =   2.050e-04, unitary_metric = 0.99999
Error = :1.16e-03; Runtime: 197.8s; Iterations = 2900, grads =   1.876e-05, unitary_metric = 0.99999
Error = :1.16e-03; Runtime: 199.3s; Iterations = 2920, grads =   3.911e-05, unitary_metric = 0.99999
Error = :1.16e-03; Runtime: 200.6s; Iterations = 2940, grads =   4.568e-05, unitary_metric = 0.99999
Error = :1.15e-03; Runtime: 201.9s; Iterations = 2960, grads =   4.784e-06, unitary_metric = 0.99999
Error = :1.15e-03; Runtime: 203.3s; Iterations = 2980, grads =   2.731e-07, unitary_metric = 0.99999
Error = :1.15e-03; Runtime: 204.6s; Iterations = 3000, grads =   2.402e-08, unitary_metric = 0.99999
Error = :1.15e-03; Runtime: 206.0s; Iterations = 3020, grads =   2.505e-06, unitary_metric = 0.99999
Error = :1.15e-03; Runtime: 207.4s; Iterations = 3040, grads =   3.720e-08, unitary_metric = 0.99999
Error = :1.15e-03; Runtime: 208.7s; Iterations = 3060, grads =   3.045e-06, unitary_metric = 0.99999
Error = :1.15e-03; Runtime: 210.0s; Iterations = 3080, grads =   7.218e-07, unitary_metric = 0.99999
Error = :1.15e-03; Runtime: 211.4s; Iterations = 3100, grads =   6.788e-08, unitary_metric = 0.99999
Error = :1.15e-03; Runtime: 212.8s; Iterations = 3120, grads =   3.876e-08, unitary_metric = 0.99999
Error = :1.15e-03; Runtime: 214.1s; Iterations = 3140, grads =   8.155e-06, unitary_metric = 0.99999
Error = :1.15e-03; Runtime: 215.5s; Iterations = 3160, grads =   4.180e-05, unitary_metric = 0.99999
Error = :1.15e-03; Runtime: 216.8s; Iterations = 3180, grads =   4.161e-06, unitary_metric = 0.99999
Error = :1.15e-03; Runtime: 218.1s; Iterations = 3200, grads =   2.681e-06, unitary_metric = 0.99999
Error = :1.14e-03; Runtime: 219.6s; Iterations = 3220, grads =   1.698e-07, unitary_metric = 0.99999
Error = :1.14e-03; Runtime: 220.9s; Iterations = 3240, grads =   5.691e-09, unitary_metric = 0.99999
Error = :1.14e-03; Runtime: 222.2s; Iterations = 3260, grads =   3.207e-09, unitary_metric = 0.99999
Error = :1.14e-03; Runtime: 223.6s; Iterations = 3280, grads =   6.163e-09, unitary_metric = 0.99999
Error = :1.14e-03; Runtime: 224.9s; Iterations = 3300, grads =   4.953e-07, unitary_metric = 0.99999
Error = :1.16e-03; Runtime: 226.3s; Iterations = 3320, grads =   6.826e-05, unitary_metric = 0.99999
Error = :1.14e-03; Runtime: 227.7s; Iterations = 3340, grads =   5.712e-06, unitary_metric = 0.99999
Error = :1.14e-03; Runtime: 229.0s; Iterations = 3360, grads =   1.044e-07, unitary_metric = 0.99999
Error = :1.14e-03; Runtime: 230.3s; Iterations = 3380, grads =   3.203e-07, unitary_metric = 0.99999
Error = :1.14e-03; Runtime: 231.7s; Iterations = 3400, grads =   3.110e-05, unitary_metric = 0.99999
Error = :1.14e-03; Runtime: 233.1s; Iterations = 3420, grads =   2.560e-05, unitary_metric = 0.99999
Error = :1.14e-03; Runtime: 234.5s; Iterations = 3440, grads =   1.228e-05, unitary_metric = 0.99999
Error = :1.14e-03; Runtime: 235.8s; Iterations = 3460, grads =   8.670e-06, unitary_metric = 0.99999
Error = :1.14e-03; Runtime: 237.1s; Iterations = 3480, grads =   5.280e-07, unitary_metric = 0.99999
Error = :1.14e-03; Runtime: 238.4s; Iterations = 3500, grads =   2.150e-08, unitary_metric = 0.99999
Error = :1.14e-03; Runtime: 239.9s; Iterations = 3520, grads =   5.214e-08, unitary_metric = 0.99999
Error = :1.14e-03; Runtime: 241.2s; Iterations = 3540, grads =   2.416e-08, unitary_metric = 0.99999
Error = :1.14e-03; Runtime: 242.5s; Iterations = 3560, grads =   1.273e-07, unitary_metric = 0.99999
Error = :1.14e-03; Runtime: 243.8s; Iterations = 3580, grads =   1.114e-05, unitary_metric = 0.99999
Error = :1.14e-03; Runtime: 245.2s; Iterations = 3600, grads =   2.845e-05, unitary_metric = 0.99999
Error = :1.14e-03; Runtime: 246.6s; Iterations = 3620, grads =   1.837e-05, unitary_metric = 0.99999
Error = :1.14e-03; Runtime: 248.0s; Iterations = 3640, grads =   3.891e-07, unitary_metric = 0.99999
Error = :1.14e-03; Runtime: 249.3s; Iterations = 3660, grads =   1.948e-06, unitary_metric = 0.99999
Error = :1.15e-03; Runtime: 250.6s; Iterations = 3680, grads =   8.216e-05, unitary_metric = 0.99999
Error = :1.14e-03; Runtime: 251.9s; Iterations = 3700, grads =   2.718e-06, unitary_metric = 0.99999
Error = :1.13e-03; Runtime: 253.4s; Iterations = 3720, grads =   8.823e-08, unitary_metric = 0.99999
Error = :1.13e-03; Runtime: 254.7s; Iterations = 3740, grads =   1.649e-07, unitary_metric = 0.99999
Error = :1.13e-03; Runtime: 256.0s; Iterations = 3760, grads =   1.355e-07, unitary_metric = 0.99999
Error = :1.14e-03; Runtime: 257.4s; Iterations = 3780, grads =   1.448e-05, unitary_metric = 0.99999
Error = :1.14e-03; Runtime: 258.7s; Iterations = 3800, grads =   7.997e-06, unitary_metric = 0.99999
Error = :1.14e-03; Runtime: 260.2s; Iterations = 3820, grads =   2.695e-05, unitary_metric = 0.99999
Error = :1.14e-03; Runtime: 261.5s; Iterations = 3840, grads =   2.873e-05, unitary_metric = 0.99999
Error = :1.13e-03; Runtime: 262.8s; Iterations = 3860, grads =   6.036e-06, unitary_metric = 0.99999
Error = :1.14e-03; Runtime: 264.2s; Iterations = 3880, grads =   2.846e-05, unitary_metric = 0.99999
Error = :1.13e-03; Runtime: 265.5s; Iterations = 3900, grads =   2.527e-06, unitary_metric = 0.99999
Error = :1.13e-03; Runtime: 266.9s; Iterations = 3920, grads =   3.049e-07, unitary_metric = 0.99999
Error = :1.13e-03; Runtime: 268.2s; Iterations = 3940, grads =   1.337e-08, unitary_metric = 0.99999
Error = :1.13e-03; Runtime: 269.6s; Iterations = 3960, grads =   1.999e-08, unitary_metric = 0.99999
Error = :1.13e-03; Runtime: 270.9s; Iterations = 3980, grads =   1.039e-06, unitary_metric = 0.99999
Error = :1.13e-03; Runtime: 272.2s; Iterations = 4000, grads =   1.390e-05, unitary_metric = 0.99999
Error = :1.13e-03; Runtime: 273.7s; Iterations = 4020, grads =   2.639e-06, unitary_metric = 0.99999
Error = :1.13e-03; Runtime: 275.0s; Iterations = 4040, grads =   2.048e-06, unitary_metric = 0.99999
Error = :1.14e-03; Runtime: 276.3s; Iterations = 4060, grads =   5.468e-05, unitary_metric = 0.99999
Error = :1.13e-03; Runtime: 277.6s; Iterations = 4080, grads =   4.490e-06, unitary_metric = 0.99999
Error = :1.13e-03; Runtime: 279.0s; Iterations = 4100, grads =   2.120e-07, unitary_metric = 0.99999
Error = :1.15e-03; Runtime: 280.4s; Iterations = 4120, grads =   1.529e-04, unitary_metric = 0.99999
Error = :1.13e-03; Runtime: 281.7s; Iterations = 4140, grads =   9.422e-06, unitary_metric = 0.99999
Error = :1.13e-03; Runtime: 283.1s; Iterations = 4160, grads =   2.203e-06, unitary_metric = 0.99999
Error = :1.13e-03; Runtime: 284.4s; Iterations = 4180, grads =   6.382e-08, unitary_metric = 0.99999
Error = :1.13e-03; Runtime: 285.7s; Iterations = 4200, grads =   3.220e-06, unitary_metric = 0.99999
Error = :1.13e-03; Runtime: 287.1s; Iterations = 4220, grads =   6.649e-09, unitary_metric = 0.99999
Error = :1.13e-03; Runtime: 288.5s; Iterations = 4240, grads =   1.078e-06, unitary_metric = 0.99999
Error = :1.13e-03; Runtime: 289.8s; Iterations = 4260, grads =   1.240e-05, unitary_metric = 0.99999
Error = :1.13e-03; Runtime: 291.1s; Iterations = 4280, grads =   1.245e-05, unitary_metric = 0.99999
Error = :1.12e-03; Runtime: 292.4s; Iterations = 4300, grads =   3.120e-07, unitary_metric = 0.99999
Error = :1.13e-03; Runtime: 293.9s; Iterations = 4320, grads =   6.440e-08, unitary_metric = 0.99999
Error = :1.12e-03; Runtime: 295.2s; Iterations = 4340, grads =   9.047e-07, unitary_metric = 0.99999
Error = :1.12e-03; Runtime: 296.5s; Iterations = 4360, grads =   1.557e-07, unitary_metric = 0.99999
Error = :1.12e-03; Runtime: 297.9s; Iterations = 4380, grads =   4.026e-07, unitary_metric = 0.99999
Error = :1.12e-03; Runtime: 299.2s; Iterations = 4400, grads =   4.685e-06, unitary_metric = 0.99999
Error = :1.13e-03; Runtime: 300.6s; Iterations = 4420, grads =   9.962e-06, unitary_metric = 0.99999
Error = :1.12e-03; Runtime: 301.9s; Iterations = 4440, grads =   1.231e-06, unitary_metric = 0.99999
Error = :1.12e-03; Runtime: 303.2s; Iterations = 4460, grads =   5.508e-07, unitary_metric = 0.99999
Error = :1.13e-03; Runtime: 304.6s; Iterations = 4480, grads =   6.383e-05, unitary_metric = 0.99999
Error = :1.13e-03; Runtime: 305.9s; Iterations = 4500, grads =   1.339e-05, unitary_metric = 0.99999
Error = :1.12e-03; Runtime: 307.4s; Iterations = 4520, grads =   1.869e-06, unitary_metric = 0.99999
Error = :1.12e-03; Runtime: 308.7s; Iterations = 4540, grads =   3.123e-07, unitary_metric = 0.99999
Error = :1.12e-03; Runtime: 310.0s; Iterations = 4560, grads =   6.016e-06, unitary_metric = 0.99999
Error = :1.12e-03; Runtime: 311.4s; Iterations = 4580, grads =   8.733e-07, unitary_metric = 0.99999
Error = :1.12e-03; Runtime: 312.7s; Iterations = 4600, grads =   6.394e-08, unitary_metric = 0.99999
Error = :1.12e-03; Runtime: 314.1s; Iterations = 4620, grads =   2.414e-08, unitary_metric = 0.99999
Error = :1.12e-03; Runtime: 315.4s; Iterations = 4640, grads =   8.306e-09, unitary_metric = 0.99999
Error = :1.12e-03; Runtime: 316.7s; Iterations = 4660, grads =   4.284e-07, unitary_metric = 0.99999
Error = :1.13e-03; Runtime: 318.1s; Iterations = 4680, grads =   1.716e-05, unitary_metric = 0.99999
Error = :1.13e-03; Runtime: 319.4s; Iterations = 4700, grads =   5.011e-05, unitary_metric = 0.99999
Error = :1.12e-03; Runtime: 320.8s; Iterations = 4720, grads =   1.242e-05, unitary_metric = 0.99999
Error = :1.12e-03; Runtime: 322.2s; Iterations = 4740, grads =   4.917e-06, unitary_metric = 0.99999
Error = :1.12e-03; Runtime: 323.5s; Iterations = 4760, grads =   1.585e-06, unitary_metric = 0.99999
Error = :1.12e-03; Runtime: 324.8s; Iterations = 4780, grads =   5.574e-08, unitary_metric = 0.99999
Error = :1.12e-03; Runtime: 326.1s; Iterations = 4800, grads =   4.531e-08, unitary_metric = 0.99999
Error = :1.12e-03; Runtime: 327.6s; Iterations = 4820, grads =   8.291e-09, unitary_metric = 0.99999
Error = :1.12e-03; Runtime: 328.9s; Iterations = 4840, grads =   7.523e-09, unitary_metric = 0.99999
Error = :1.12e-03; Runtime: 330.2s; Iterations = 4860, grads =   6.503e-08, unitary_metric = 0.99999
Error = :1.12e-03; Runtime: 331.6s; Iterations = 4880, grads =   4.648e-06, unitary_metric = 0.99999
Error = :1.12e-03; Runtime: 332.9s; Iterations = 4900, grads =   1.269e-05, unitary_metric = 0.99999
Error = :1.12e-03; Runtime: 334.3s; Iterations = 4920, grads =   1.034e-05, unitary_metric = 0.99999
Error = :1.12e-03; Runtime: 335.6s; Iterations = 4940, grads =   1.017e-05, unitary_metric = 0.99999
Error = :1.12e-03; Runtime: 337.0s; Iterations = 4960, grads =   5.379e-06, unitary_metric = 0.99999
Error = :1.12e-03; Runtime: 338.3s; Iterations = 4980, grads =   3.104e-06, unitary_metric = 0.99999
Error = :1.12e-03; Runtime: 339.6s; Iterations = 5000, grads =   3.531e-07, unitary_metric = 0.99999
Error = :1.12e-03; Runtime: 341.1s; Iterations = 5020, grads =   5.755e-08, unitary_metric = 0.99999
Error = :1.12e-03; Runtime: 342.4s; Iterations = 5040, grads =   1.332e-08, unitary_metric = 0.99999
Error = :1.12e-03; Runtime: 343.7s; Iterations = 5060, grads =   6.770e-07, unitary_metric = 0.99999
Error = :1.12e-03; Runtime: 345.0s; Iterations = 5080, grads =   4.047e-06, unitary_metric = 0.99999
Error = :1.12e-03; Runtime: 346.4s; Iterations = 5100, grads =   1.095e-06, unitary_metric = 0.99999
Error = :1.12e-03; Runtime: 347.8s; Iterations = 5120, grads =   4.062e-06, unitary_metric = 0.99999
Error = :1.13e-03; Runtime: 349.1s; Iterations = 5140, grads =   1.114e-05, unitary_metric = 0.99999
Error = :1.13e-03; Runtime: 350.4s; Iterations = 5160, grads =   1.376e-05, unitary_metric = 0.99999
Error = :1.13e-03; Runtime: 351.8s; Iterations = 5180, grads =   2.829e-07, unitary_metric = 0.99999
Error = :1.13e-03; Runtime: 353.1s; Iterations = 5200, grads =   1.796e-07, unitary_metric = 0.99999
Error = :1.13e-03; Runtime: 354.5s; Iterations = 5220, grads =   5.865e-06, unitary_metric = 0.99999
Error = :1.13e-03; Runtime: 355.9s; Iterations = 5240, grads =   3.736e-08, unitary_metric = 0.99999
Error = :1.13e-03; Runtime: 357.2s; Iterations = 5260, grads =   1.476e-07, unitary_metric = 0.99999
Error = :1.13e-03; Runtime: 358.5s; Iterations = 5280, grads =   5.799e-06, unitary_metric = 0.99999
Error = :1.13e-03; Runtime: 359.8s; Iterations = 5300, grads =   1.832e-06, unitary_metric = 0.99999
Error = :1.13e-03; Runtime: 361.3s; Iterations = 5320, grads =   6.575e-08, unitary_metric = 0.99999
Error = :1.13e-03; Runtime: 362.7s; Iterations = 5340, grads =   4.087e-06, unitary_metric = 0.99999
Error = :1.13e-03; Runtime: 364.0s; Iterations = 5360, grads =   5.882e-07, unitary_metric = 0.99999
Error = :1.13e-03; Runtime: 365.3s; Iterations = 5380, grads =   6.595e-07, unitary_metric = 0.99999
Error = :1.14e-03; Runtime: 366.6s; Iterations = 5400, grads =   1.482e-07, unitary_metric = 0.99999
Error = :1.14e-03; Runtime: 368.1s; Iterations = 5420, grads =   6.231e-07, unitary_metric = 0.99999
Error = :1.14e-03; Runtime: 369.4s; Iterations = 5440, grads =   1.526e-05, unitary_metric = 0.99999
Error = :1.14e-03; Runtime: 370.7s; Iterations = 5460, grads =   6.165e-06, unitary_metric = 0.99999
Error = :1.14e-03; Runtime: 372.0s; Iterations = 5480, grads =   1.105e-06, unitary_metric = 0.99999
Error = :1.15e-03; Runtime: 373.4s; Iterations = 5500, grads =   4.594e-08, unitary_metric = 0.99999
Error = :1.15e-03; Runtime: 374.8s; Iterations = 5520, grads =   5.571e-08, unitary_metric = 0.99999
Error = :1.15e-03; Runtime: 376.1s; Iterations = 5540, grads =   4.193e-06, unitary_metric = 0.99999
Error = :1.15e-03; Runtime: 377.5s; Iterations = 5560, grads =   2.729e-06, unitary_metric = 0.99999
Error = :1.16e-03; Runtime: 378.8s; Iterations = 5580, grads =   1.501e-08, unitary_metric = 0.99999
Error = :1.16e-03; Runtime: 380.1s; Iterations = 5600, grads =   1.979e-07, unitary_metric = 0.99999
Error = :1.16e-03; Runtime: 381.5s; Iterations = 5620, grads =   6.574e-06, unitary_metric = 0.99999
Error = :1.17e-03; Runtime: 382.9s; Iterations = 5640, grads =   4.333e-06, unitary_metric = 0.99999
Error = :1.17e-03; Runtime: 384.2s; Iterations = 5660, grads =   1.954e-05, unitary_metric = 0.99999
Error = :1.17e-03; Runtime: 385.5s; Iterations = 5680, grads =   1.835e-07, unitary_metric = 0.99999
Error = :1.17e-03; Runtime: 386.8s; Iterations = 5700, grads =   2.026e-07, unitary_metric = 0.99999
Error = :1.18e-03; Runtime: 388.3s; Iterations = 5720, grads =   2.635e-08, unitary_metric = 0.99999
Error = :1.18e-03; Runtime: 389.6s; Iterations = 5740, grads =   8.680e-08, unitary_metric = 0.99999
Error = :1.18e-03; Runtime: 390.9s; Iterations = 5760, grads =   8.906e-06, unitary_metric = 0.99999
Error = :1.18e-03; Runtime: 392.3s; Iterations = 5780, grads =   5.217e-06, unitary_metric = 0.99999
Error = :1.18e-03; Runtime: 393.6s; Iterations = 5800, grads =   4.700e-07, unitary_metric = 0.99999
Error = :1.18e-03; Runtime: 395.0s; Iterations = 5820, grads =   7.480e-06, unitary_metric = 0.99999
Error = :1.18e-03; Runtime: 396.4s; Iterations = 5840, grads =   2.467e-06, unitary_metric = 0.99999
Error = :1.18e-03; Runtime: 397.7s; Iterations = 5860, grads =   1.651e-05, unitary_metric = 0.99999
Error = :1.18e-03; Runtime: 399.0s; Iterations = 5880, grads =   1.486e-06, unitary_metric = 0.99999
Error = :1.18e-03; Runtime: 400.3s; Iterations = 5900, grads =   3.439e-08, unitary_metric = 0.99999
Error = :1.18e-03; Runtime: 401.8s; Iterations = 5920, grads =   3.355e-08, unitary_metric = 0.99999
Error = :1.18e-03; Runtime: 403.1s; Iterations = 5940, grads =   3.042e-08, unitary_metric = 0.99999
Error = :1.17e-03; Runtime: 404.4s; Iterations = 5960, grads =   9.129e-07, unitary_metric = 0.99999
Error = :1.17e-03; Runtime: 405.7s; Iterations = 5980, grads =   7.022e-06, unitary_metric = 0.99999
Error = :1.17e-03; Runtime: 407.1s; Iterations = 6000, grads =   1.670e-06, unitary_metric = 0.99999
data saved at: /project/ftchong/qoc/pranav/00013_31_h2o_slice_132.h5


trying total_time: 4.35 for unitary of size (16, 16)
data saved at: /project/ftchong/qoc/pranav/00014_31_h2o_slice_132.h5
Using 7 Taylor terms and 2 Scaling & Squaring terms
Building graph:
Propagators initialized.
Operators weight initialized.
Intermediate propagation variables initialized.
Intermediate propagators initialized.
Vectors initialized.
Training loss initialized.
Optimizer initialized.
Utilities initialized.
Graph built!
Initialized
Error = :7.80e-01; Runtime: 0.2s; Iterations = 0, grads =   6.468e-02, unitary_metric = 1.00000
Error = :5.31e-01; Runtime: 2.0s; Iterations = 20, grads =   1.404e-02, unitary_metric = 1.00000
Error = :4.58e-01; Runtime: 3.5s; Iterations = 40, grads =   2.789e-03, unitary_metric = 1.00000
Error = :2.28e-01; Runtime: 5.1s; Iterations = 60, grads =   4.069e-03, unitary_metric = 0.99999
Error = :5.09e-02; Runtime: 6.6s; Iterations = 80, grads =   8.394e-04, unitary_metric = 0.99999
Error = :7.04e-03; Runtime: 8.1s; Iterations = 100, grads =   9.616e-05, unitary_metric = 0.99999
Error = :9.57e-04; Runtime: 9.7s; Iterations = 119, grads =   1.005e-05, unitary_metric = 0.99999
data saved at: /project/ftchong/qoc/pranav/00014_31_h2o_slice_132.h5


trying total_time: 4.05 for unitary of size (16, 16)
data saved at: /project/ftchong/qoc/pranav/00015_31_h2o_slice_132.h5
Using 7 Taylor terms and 2 Scaling & Squaring terms
Building graph:
Propagators initialized.
Operators weight initialized.
Intermediate propagation variables initialized.
Intermediate propagators initialized.
Vectors initialized.
Training loss initialized.
Optimizer initialized.
Utilities initialized.
Graph built!
Initialized
Error = :8.10e-01; Runtime: 0.2s; Iterations = 0, grads =   8.862e-02, unitary_metric = 1.00000
Error = :5.65e-01; Runtime: 1.9s; Iterations = 20, grads =   1.547e-02, unitary_metric = 1.00000
Error = :4.84e-01; Runtime: 3.3s; Iterations = 40, grads =   3.110e-03, unitary_metric = 1.00000
Error = :3.51e-01; Runtime: 4.7s; Iterations = 60, grads =   6.621e-03, unitary_metric = 0.99999
Error = :7.90e-02; Runtime: 6.1s; Iterations = 80, grads =   1.239e-03, unitary_metric = 0.99999
Error = :1.64e-02; Runtime: 7.6s; Iterations = 100, grads =   1.538e-04, unitary_metric = 0.99999
Error = :4.87e-03; Runtime: 9.1s; Iterations = 120, grads =   3.593e-05, unitary_metric = 0.99999
Error = :2.07e-03; Runtime: 10.5s; Iterations = 140, grads =   9.568e-06, unitary_metric = 1.00000
Error = :1.11e-03; Runtime: 12.0s; Iterations = 160, grads =   4.599e-06, unitary_metric = 0.99999
Error = :9.92e-04; Runtime: 12.3s; Iterations = 164, grads =   3.917e-06, unitary_metric = 0.99999
data saved at: /project/ftchong/qoc/pranav/00015_31_h2o_slice_132.h5


trying total_time: 10.0 for unitary of size (4, 4)
data saved at: /project/ftchong/qoc/pranav/00016_31_h2o_slice_132.h5
Using 6 Taylor terms and 1 Scaling & Squaring terms
Building graph:
Propagators initialized.
Operators weight initialized.
Intermediate propagation variables initialized.
Intermediate propagators initialized.
Vectors initialized.
Training loss initialized.
Optimizer initialized.
Utilities initialized.
Graph built!
Initialized
Error = :9.01e-02; Runtime: 0.3s; Iterations = 0, grads =   1.783e+00, unitary_metric = 1.00000
Error = :1.69e-02; Runtime: 2.1s; Iterations = 20, grads =   3.586e-01, unitary_metric = 1.00000
Error = :6.56e-04; Runtime: 2.9s; Iterations = 32, grads =   1.348e-02, unitary_metric = 1.00000
data saved at: /project/ftchong/qoc/pranav/00016_31_h2o_slice_132.h5


trying total_time: 5.0 for unitary of size (4, 4)
data saved at: /project/ftchong/qoc/pranav/00017_31_h2o_slice_132.h5
Using 6 Taylor terms and 1 Scaling & Squaring terms
Building graph:
Propagators initialized.
Operators weight initialized.
Intermediate propagation variables initialized.
Intermediate propagators initialized.
Vectors initialized.
Training loss initialized.
Optimizer initialized.
Utilities initialized.
Graph built!
Initialized
Error = :5.48e-02; Runtime: 0.1s; Iterations = 0, grads =   5.288e-01, unitary_metric = 1.00000
Error = :1.46e-04; Runtime: 0.9s; Iterations = 16, grads =   1.203e-03, unitary_metric = 1.00000
data saved at: /project/ftchong/qoc/pranav/00017_31_h2o_slice_132.h5


trying total_time: 2.5 for unitary of size (4, 4)
data saved at: /project/ftchong/qoc/pranav/00018_31_h2o_slice_132.h5
Using 6 Taylor terms and 1 Scaling & Squaring terms
Building graph:
Propagators initialized.
Operators weight initialized.
Intermediate propagation variables initialized.
Intermediate propagators initialized.
Vectors initialized.
Training loss initialized.
Optimizer initialized.
Utilities initialized.
Graph built!
Initialized
Error = :3.21e-01; Runtime: 0.1s; Iterations = 0, grads =   1.073e+00, unitary_metric = 1.00000
Error = :1.46e-02; Runtime: 0.6s; Iterations = 20, grads =   7.736e-02, unitary_metric = 1.00000
Error = :5.82e-04; Runtime: 0.9s; Iterations = 37, grads =   3.126e-03, unitary_metric = 1.00000
data saved at: /project/ftchong/qoc/pranav/00018_31_h2o_slice_132.h5


trying total_time: 1.25 for unitary of size (4, 4)
data saved at: /project/ftchong/qoc/pranav/00019_31_h2o_slice_132.h5
Using 6 Taylor terms and 1 Scaling & Squaring terms
Building graph:
Propagators initialized.
Operators weight initialized.
Intermediate propagation variables initialized.
Intermediate propagators initialized.
Vectors initialized.
Training loss initialized.
Optimizer initialized.
Utilities initialized.
Graph built!
Initialized
Error = :1.06e-01; Runtime: 0.1s; Iterations = 0, grads =   2.456e-01, unitary_metric = 1.00000
Error = :4.83e-04; Runtime: 0.2s; Iterations = 4, grads =   1.080e-03, unitary_metric = 1.00000
data saved at: /project/ftchong/qoc/pranav/00019_31_h2o_slice_132.h5


trying total_time: 0.6 for unitary of size (4, 4)
data saved at: /project/ftchong/qoc/pranav/00020_31_h2o_slice_132.h5
Using 7 Taylor terms and 0 Scaling & Squaring terms
Building graph:
Propagators initialized.
Operators weight initialized.
Intermediate propagation variables initialized.
Intermediate propagators initialized.
Vectors initialized.
Training loss initialized.
Optimizer initialized.
Utilities initialized.
Graph built!
Initialized
Error = :5.47e-02; Runtime: 0.0s; Iterations = 0, grads =   5.942e-02, unitary_metric = 1.00000
Error = :9.82e-04; Runtime: 0.2s; Iterations = 7, grads =   9.381e-04, unitary_metric = 1.00000
data saved at: /project/ftchong/qoc/pranav/00020_31_h2o_slice_132.h5


trying total_time: 0.3 for unitary of size (4, 4)
data saved at: /project/ftchong/qoc/pranav/00021_31_h2o_slice_132.h5
Using 5 Taylor terms and 1 Scaling & Squaring terms
Building graph:
Propagators initialized.
Operators weight initialized.
Intermediate propagation variables initialized.
Intermediate propagators initialized.
Vectors initialized.
Training loss initialized.
Optimizer initialized.
Utilities initialized.
Graph built!
Initialized
Error = :6.53e-02; Runtime: 0.0s; Iterations = 0, grads =   2.923e-02, unitary_metric = 1.00000
Error = :1.35e-03; Runtime: 0.2s; Iterations = 20, grads =   3.408e-04, unitary_metric = 1.00000
Error = :9.28e-04; Runtime: 0.2s; Iterations = 21, grads =   1.563e-04, unitary_metric = 1.00000
data saved at: /project/ftchong/qoc/pranav/00021_31_h2o_slice_132.h5




[0.3, 4.05, 0.3]
TIME FOR SLICE IS:
4.05
