Running Block:  185


trying total_time: 10.0 for unitary of size (4, 4)
data saved at: /project/ftchong/qoc/pranav/00000_31_h2o_slice_185.h5
Using 6 Taylor terms and 1 Scaling & Squaring terms
Building graph:
Propagators initialized.
Operators weight initialized.
Intermediate propagation variables initialized.
Intermediate propagators initialized.
Vectors initialized.
Training loss initialized.
Optimizer initialized.
Utilities initialized.
Graph built!
Initialized
Error = :1.11e-01; Runtime: 0.3s; Iterations = 0, grads =   2.148e+00, unitary_metric = 1.00000
Error = :9.39e-03; Runtime: 2.2s; Iterations = 20, grads =   1.978e-01, unitary_metric = 1.00000
Error = :1.58e-03; Runtime: 3.5s; Iterations = 40, grads =   3.411e-02, unitary_metric = 1.00000
Error = :6.86e-04; Runtime: 3.7s; Iterations = 43, grads =   1.488e-02, unitary_metric = 1.00000
data saved at: /project/ftchong/qoc/pranav/00000_31_h2o_slice_185.h5


trying total_time: 5.0 for unitary of size (4, 4)
data saved at: /project/ftchong/qoc/pranav/00001_31_h2o_slice_185.h5
Using 6 Taylor terms and 1 Scaling & Squaring terms
Building graph:
Propagators initialized.
Operators weight initialized.
Intermediate propagation variables initialized.
Intermediate propagators initialized.
Vectors initialized.
Training loss initialized.
Optimizer initialized.
Utilities initialized.
Graph built!
Initialized
Error = :1.21e-02; Runtime: 0.2s; Iterations = 0, grads =   1.177e-01, unitary_metric = 1.00000
Error = :3.62e-03; Runtime: 1.1s; Iterations = 20, grads =   3.928e-02, unitary_metric = 1.00000
Error = :5.95e-04; Runtime: 1.4s; Iterations = 28, grads =   6.005e-03, unitary_metric = 1.00000
data saved at: /project/ftchong/qoc/pranav/00001_31_h2o_slice_185.h5


trying total_time: 2.5 for unitary of size (4, 4)
data saved at: /project/ftchong/qoc/pranav/00002_31_h2o_slice_185.h5
Using 6 Taylor terms and 1 Scaling & Squaring terms
Building graph:
Propagators initialized.
Operators weight initialized.
Intermediate propagation variables initialized.
Intermediate propagators initialized.
Vectors initialized.
Training loss initialized.
Optimizer initialized.
Utilities initialized.
Graph built!
Initialized
Error = :8.76e-02; Runtime: 0.1s; Iterations = 0, grads =   4.285e-01, unitary_metric = 1.00000
Error = :3.63e-05; Runtime: 0.6s; Iterations = 18, grads =   9.304e-05, unitary_metric = 1.00000
data saved at: /project/ftchong/qoc/pranav/00002_31_h2o_slice_185.h5


trying total_time: 1.25 for unitary of size (4, 4)
data saved at: /project/ftchong/qoc/pranav/00003_31_h2o_slice_185.h5
Using 6 Taylor terms and 1 Scaling & Squaring terms
Building graph:
Propagators initialized.
Operators weight initialized.
Intermediate propagation variables initialized.
Intermediate propagators initialized.
Vectors initialized.
Training loss initialized.
Optimizer initialized.
Utilities initialized.
Graph built!
Initialized
Error = :1.34e-01; Runtime: 0.1s; Iterations = 0, grads =   2.923e-01, unitary_metric = 1.00000
Error = :1.06e-03; Runtime: 0.4s; Iterations = 20, grads =   2.767e-03, unitary_metric = 1.00000
Error = :8.42e-04; Runtime: 0.4s; Iterations = 21, grads =   2.166e-03, unitary_metric = 1.00000
data saved at: /project/ftchong/qoc/pranav/00003_31_h2o_slice_185.h5


trying total_time: 0.6 for unitary of size (4, 4)
data saved at: /project/ftchong/qoc/pranav/00004_31_h2o_slice_185.h5
Using 7 Taylor terms and 0 Scaling & Squaring terms
Building graph:
Propagators initialized.
Operators weight initialized.
Intermediate propagation variables initialized.
Intermediate propagators initialized.
Vectors initialized.
Training loss initialized.
Optimizer initialized.
Utilities initialized.
Graph built!
Initialized
Error = :6.67e-02; Runtime: 0.0s; Iterations = 0, grads =   7.639e-02, unitary_metric = 1.00000
Error = :3.51e-03; Runtime: 0.2s; Iterations = 20, grads =   4.407e-03, unitary_metric = 1.00000
Error = :6.82e-04; Runtime: 0.3s; Iterations = 25, grads =   8.259e-04, unitary_metric = 1.00000
data saved at: /project/ftchong/qoc/pranav/00004_31_h2o_slice_185.h5


trying total_time: 0.3 for unitary of size (4, 4)
data saved at: /project/ftchong/qoc/pranav/00005_31_h2o_slice_185.h5
Using 5 Taylor terms and 1 Scaling & Squaring terms
Building graph:
Propagators initialized.
Operators weight initialized.
Intermediate propagation variables initialized.
Intermediate propagators initialized.
Vectors initialized.
Training loss initialized.
Optimizer initialized.
Utilities initialized.
Graph built!
Initialized
Error = :3.23e-02; Runtime: 0.0s; Iterations = 0, grads =   1.857e-02, unitary_metric = 1.00000
Error = :7.71e-04; Runtime: 0.1s; Iterations = 9, grads =   4.419e-04, unitary_metric = 1.00000
data saved at: /project/ftchong/qoc/pranav/00005_31_h2o_slice_185.h5


trying total_time: 40.0 for unitary of size (16, 16)
data saved at: /project/ftchong/qoc/pranav/00006_31_h2o_slice_185.h5
Using 5 Taylor terms and 4 Scaling & Squaring terms
Building graph:
Propagators initialized.
Operators weight initialized.
Intermediate propagation variables initialized.
Intermediate propagators initialized.
Vectors initialized.
Training loss initialized.
Optimizer initialized.
Utilities initialized.
Graph built!
Initialized
Error = :1.36e-01; Runtime: 1.4s; Iterations = 0, grads =   9.902e+00, unitary_metric = 1.00020
Error = :3.37e-01; Runtime: 19.4s; Iterations = 20, grads =   1.712e+01, unitary_metric = 1.00027
Error = :1.53e-02; Runtime: 34.9s; Iterations = 40, grads =   1.272e+00, unitary_metric = 1.00026
Error = :4.74e-03; Runtime: 50.4s; Iterations = 60, grads =   4.262e-01, unitary_metric = 1.00025
Error = :9.06e-04; Runtime: 53.5s; Iterations = 64, grads =   9.774e-02, unitary_metric = 1.00025
data saved at: /project/ftchong/qoc/pranav/00006_31_h2o_slice_185.h5


trying total_time: 20.0 for unitary of size (16, 16)
data saved at: /project/ftchong/qoc/pranav/00007_31_h2o_slice_185.h5
Using 7 Taylor terms and 2 Scaling & Squaring terms
Building graph:
Propagators initialized.
Operators weight initialized.
Intermediate propagation variables initialized.
Intermediate propagators initialized.
Vectors initialized.
Training loss initialized.
Optimizer initialized.
Utilities initialized.
Graph built!
Initialized
Error = :2.82e-01; Runtime: 0.7s; Iterations = 0, grads =   8.227e+00, unitary_metric = 1.00002
Error = :8.94e-01; Runtime: 9.5s; Iterations = 20, grads =   1.650e+00, unitary_metric = 1.00000
Error = :5.51e-02; Runtime: 17.1s; Iterations = 40, grads =   2.017e+00, unitary_metric = 1.00001
Error = :1.35e-03; Runtime: 24.6s; Iterations = 60, grads =   5.142e-02, unitary_metric = 1.00001
Error = :9.28e-04; Runtime: 29.2s; Iterations = 72, grads =   3.648e-02, unitary_metric = 1.00001
data saved at: /project/ftchong/qoc/pranav/00007_31_h2o_slice_185.h5


trying total_time: 10.0 for unitary of size (16, 16)
data saved at: /project/ftchong/qoc/pranav/00008_31_h2o_slice_185.h5
Using 7 Taylor terms and 2 Scaling & Squaring terms
Building graph:
Propagators initialized.
Operators weight initialized.
Intermediate propagation variables initialized.
Intermediate propagators initialized.
Vectors initialized.
Training loss initialized.
Optimizer initialized.
Utilities initialized.
Graph built!
Initialized
Error = :1.78e-01; Runtime: 0.4s; Iterations = 0, grads =   2.957e+00, unitary_metric = 1.00000
Error = :1.13e-02; Runtime: 4.7s; Iterations = 20, grads =   2.409e-01, unitary_metric = 1.00000
Error = :6.34e-04; Runtime: 7.6s; Iterations = 36, grads =   1.222e-02, unitary_metric = 1.00000
data saved at: /project/ftchong/qoc/pranav/00008_31_h2o_slice_185.h5


trying total_time: 5.0 for unitary of size (16, 16)
data saved at: /project/ftchong/qoc/pranav/00009_31_h2o_slice_185.h5
Using 7 Taylor terms and 2 Scaling & Squaring terms
Building graph:
Propagators initialized.
Operators weight initialized.
Intermediate propagation variables initialized.
Intermediate propagators initialized.
Vectors initialized.
Training loss initialized.
Optimizer initialized.
Utilities initialized.
Graph built!
Initialized
Error = :4.03e-01; Runtime: 0.2s; Iterations = 0, grads =   2.157e+00, unitary_metric = 1.00000
Error = :7.42e-03; Runtime: 2.4s; Iterations = 20, grads =   7.705e-02, unitary_metric = 1.00000
Error = :6.33e-04; Runtime: 4.3s; Iterations = 40, grads =   6.649e-03, unitary_metric = 1.00000
data saved at: /project/ftchong/qoc/pranav/00009_31_h2o_slice_185.h5


trying total_time: 2.5 for unitary of size (16, 16)
data saved at: /project/ftchong/qoc/pranav/00010_31_h2o_slice_185.h5
Using 8 Taylor terms and 1 Scaling & Squaring terms
Building graph:
Propagators initialized.
Operators weight initialized.
Intermediate propagation variables initialized.
Intermediate propagators initialized.
Vectors initialized.
Training loss initialized.
Optimizer initialized.
Utilities initialized.
Graph built!
Initialized
Error = :2.15e-01; Runtime: 0.1s; Iterations = 0, grads =   8.497e-01, unitary_metric = 1.00000
Error = :9.34e-03; Runtime: 1.3s; Iterations = 20, grads =   4.970e-02, unitary_metric = 1.00000
Error = :5.09e-04; Runtime: 1.4s; Iterations = 23, grads =   2.340e-03, unitary_metric = 1.00000
data saved at: /project/ftchong/qoc/pranav/00010_31_h2o_slice_185.h5


trying total_time: 1.25 for unitary of size (16, 16)
data saved at: /project/ftchong/qoc/pranav/00011_31_h2o_slice_185.h5
Using 6 Taylor terms and 2 Scaling & Squaring terms
Building graph:
Propagators initialized.
Operators weight initialized.
Intermediate propagation variables initialized.
Intermediate propagators initialized.
Vectors initialized.
Training loss initialized.
Optimizer initialized.
Utilities initialized.
Graph built!
Initialized
Error = :2.38e-01; Runtime: 0.1s; Iterations = 0, grads =   4.398e-01, unitary_metric = 1.00000
Error = :7.97e-03; Runtime: 0.7s; Iterations = 20, grads =   2.054e-02, unitary_metric = 1.00000
Error = :5.40e-04; Runtime: 1.1s; Iterations = 37, grads =   1.393e-03, unitary_metric = 1.00000
data saved at: /project/ftchong/qoc/pranav/00011_31_h2o_slice_185.h5


trying total_time: 0.6 for unitary of size (16, 16)
data saved at: /project/ftchong/qoc/pranav/00012_31_h2o_slice_185.h5
Using 6 Taylor terms and 2 Scaling & Squaring terms
Building graph:
Propagators initialized.
Operators weight initialized.
Intermediate propagation variables initialized.
Intermediate propagators initialized.
Vectors initialized.
Training loss initialized.
Optimizer initialized.
Utilities initialized.
Graph built!
Initialized
Error = :1.11e-01; Runtime: 0.1s; Iterations = 0, grads =   1.071e-01, unitary_metric = 1.00000
Error = :6.72e-03; Runtime: 0.5s; Iterations = 20, grads =   7.715e-03, unitary_metric = 1.00000
Error = :8.44e-04; Runtime: 0.6s; Iterations = 31, grads =   7.230e-04, unitary_metric = 1.00000
data saved at: /project/ftchong/qoc/pranav/00012_31_h2o_slice_185.h5


trying total_time: 0.3 for unitary of size (16, 16)
data saved at: /project/ftchong/qoc/pranav/00013_31_h2o_slice_185.h5
Using 7 Taylor terms and 1 Scaling & Squaring terms
Building graph:
Propagators initialized.
Operators weight initialized.
Intermediate propagation variables initialized.
Intermediate propagators initialized.
Vectors initialized.
Training loss initialized.
Optimizer initialized.
Utilities initialized.
Graph built!
Initialized
Error = :1.84e-01; Runtime: 0.1s; Iterations = 0, grads =   7.630e-02, unitary_metric = 1.00000
Error = :3.46e-03; Runtime: 0.3s; Iterations = 20, grads =   1.840e-03, unitary_metric = 1.00000
Error = :2.03e-03; Runtime: 0.4s; Iterations = 40, grads =   1.141e-03, unitary_metric = 1.00000
Error = :8.99e-04; Runtime: 0.5s; Iterations = 45, grads =   4.866e-04, unitary_metric = 1.00000
data saved at: /project/ftchong/qoc/pranav/00013_31_h2o_slice_185.h5


trying total_time: 40.0 for unitary of size (16, 16)
data saved at: /project/ftchong/qoc/pranav/00014_31_h2o_slice_185.h5
Using 5 Taylor terms and 4 Scaling & Squaring terms
Building graph:
Propagators initialized.
Operators weight initialized.
Intermediate propagation variables initialized.
Intermediate propagators initialized.
Vectors initialized.
Training loss initialized.
Optimizer initialized.
Utilities initialized.
Graph built!
Initialized
Error = :5.82e-01; Runtime: 1.4s; Iterations = 0, grads =   1.339e+00, unitary_metric = 1.00046
Error = :3.53e-01; Runtime: 19.3s; Iterations = 20, grads =   1.180e+01, unitary_metric = 1.00025
Error = :1.36e-01; Runtime: 34.7s; Iterations = 40, grads =   1.983e+00, unitary_metric = 1.00026
Error = :1.01e-01; Runtime: 50.1s; Iterations = 60, grads =   2.423e-01, unitary_metric = 1.00026
Error = :9.07e-02; Runtime: 65.5s; Iterations = 80, grads =   8.306e-02, unitary_metric = 1.00028
Error = :1.86e-02; Runtime: 81.0s; Iterations = 100, grads =   6.913e-03, unitary_metric = 1.00023
Error = :4.53e-04; Runtime: 91.3s; Iterations = 112, grads =   4.730e-04, unitary_metric = 1.00023
data saved at: /project/ftchong/qoc/pranav/00014_31_h2o_slice_185.h5


trying total_time: 20.0 for unitary of size (16, 16)
data saved at: /project/ftchong/qoc/pranav/00015_31_h2o_slice_185.h5
Using 7 Taylor terms and 2 Scaling & Squaring terms
Building graph:
Propagators initialized.
Operators weight initialized.
Intermediate propagation variables initialized.
Intermediate propagators initialized.
Vectors initialized.
Training loss initialized.
Optimizer initialized.
Utilities initialized.
Graph built!
Initialized
Error = :7.01e-01; Runtime: 0.7s; Iterations = 0, grads =   1.318e+00, unitary_metric = 1.00001
Error = :1.18e-01; Runtime: 9.5s; Iterations = 20, grads =   6.023e-01, unitary_metric = 1.00001
Error = :1.11e-01; Runtime: 17.1s; Iterations = 40, grads =   4.818e-01, unitary_metric = 1.00000
Error = :9.88e-02; Runtime: 24.7s; Iterations = 60, grads =   3.686e-02, unitary_metric = 1.00000
Error = :9.78e-02; Runtime: 32.3s; Iterations = 80, grads =   1.033e-02, unitary_metric = 1.00001
Error = :9.75e-02; Runtime: 39.9s; Iterations = 100, grads =   1.191e-03, unitary_metric = 1.00000
Error = :9.75e-02; Runtime: 48.0s; Iterations = 120, grads =   3.904e-05, unitary_metric = 1.00001
Error = :9.75e-02; Runtime: 55.6s; Iterations = 140, grads =   2.717e-05, unitary_metric = 1.00000
Error = :9.75e-02; Runtime: 63.1s; Iterations = 160, grads =   3.180e-06, unitary_metric = 1.00000
Error = :9.75e-02; Runtime: 70.7s; Iterations = 180, grads =   4.825e-07, unitary_metric = 1.00000
Error = :9.76e-02; Runtime: 78.2s; Iterations = 200, grads =   4.273e-03, unitary_metric = 1.00000
Error = :9.83e-02; Runtime: 86.4s; Iterations = 220, grads =   3.161e-02, unitary_metric = 1.00000
Error = :9.78e-02; Runtime: 93.9s; Iterations = 240, grads =   1.325e-02, unitary_metric = 1.00000
Error = :9.75e-02; Runtime: 101.6s; Iterations = 260, grads =   3.989e-04, unitary_metric = 1.00000
Error = :9.75e-02; Runtime: 109.2s; Iterations = 280, grads =   1.943e-04, unitary_metric = 1.00000
Error = :9.75e-02; Runtime: 116.8s; Iterations = 300, grads =   4.225e-06, unitary_metric = 1.00000
Error = :9.75e-02; Runtime: 124.9s; Iterations = 320, grads =   5.262e-06, unitary_metric = 1.00000
Error = :9.75e-02; Runtime: 132.4s; Iterations = 340, grads =   6.370e-07, unitary_metric = 1.00000
Error = :9.75e-02; Runtime: 140.0s; Iterations = 360, grads =   9.708e-08, unitary_metric = 1.00000
Error = :9.75e-02; Runtime: 147.5s; Iterations = 380, grads =   6.973e-07, unitary_metric = 1.00000
Error = :9.83e-02; Runtime: 155.1s; Iterations = 400, grads =   3.141e-02, unitary_metric = 1.00000
Error = :9.92e-02; Runtime: 163.3s; Iterations = 420, grads =   6.880e-02, unitary_metric = 1.00000
Error = :9.75e-02; Runtime: 170.9s; Iterations = 440, grads =   1.683e-04, unitary_metric = 1.00000
Error = :9.75e-02; Runtime: 178.4s; Iterations = 460, grads =   9.315e-04, unitary_metric = 1.00000
Error = :9.75e-02; Runtime: 186.0s; Iterations = 480, grads =   9.918e-05, unitary_metric = 1.00000
Error = :9.75e-02; Runtime: 193.6s; Iterations = 500, grads =   4.460e-06, unitary_metric = 1.00000
Error = :9.75e-02; Runtime: 201.7s; Iterations = 520, grads =   1.640e-07, unitary_metric = 1.00000
Error = :9.75e-02; Runtime: 209.2s; Iterations = 540, grads =   4.411e-07, unitary_metric = 1.00000
Error = :9.75e-02; Runtime: 216.8s; Iterations = 560, grads =   8.609e-08, unitary_metric = 1.00000
Error = :9.75e-02; Runtime: 224.8s; Iterations = 580, grads =   1.143e-08, unitary_metric = 1.00000
Error = :9.75e-02; Runtime: 232.3s; Iterations = 600, grads =   1.515e-06, unitary_metric = 1.00000
Error = :9.77e-02; Runtime: 240.4s; Iterations = 620, grads =   7.299e-03, unitary_metric = 1.00000
Error = :9.94e-02; Runtime: 248.0s; Iterations = 640, grads =   7.679e-02, unitary_metric = 1.00000
Error = :9.77e-02; Runtime: 255.5s; Iterations = 660, grads =   8.202e-03, unitary_metric = 1.00000
Error = :9.75e-02; Runtime: 263.1s; Iterations = 680, grads =   1.188e-03, unitary_metric = 1.00000
Error = :9.75e-02; Runtime: 270.7s; Iterations = 700, grads =   2.382e-04, unitary_metric = 1.00000
Error = :9.78e-02; Runtime: 278.8s; Iterations = 720, grads =   1.169e-02, unitary_metric = 1.00000
Error = :9.79e-02; Runtime: 286.3s; Iterations = 740, grads =   1.616e-02, unitary_metric = 1.00000
Error = :9.75e-02; Runtime: 293.9s; Iterations = 760, grads =   1.683e-04, unitary_metric = 1.00000
Error = :9.75e-02; Runtime: 301.5s; Iterations = 780, grads =   1.377e-04, unitary_metric = 1.00000
Error = :9.75e-02; Runtime: 309.0s; Iterations = 800, grads =   2.135e-05, unitary_metric = 1.00000
Error = :9.75e-02; Runtime: 317.1s; Iterations = 820, grads =   1.798e-07, unitary_metric = 1.00000
Error = :9.75e-02; Runtime: 324.7s; Iterations = 840, grads =   5.745e-07, unitary_metric = 1.00000
Error = :9.75e-02; Runtime: 332.3s; Iterations = 860, grads =   1.316e-06, unitary_metric = 1.00000
Error = :9.79e-02; Runtime: 340.0s; Iterations = 880, grads =   1.415e-02, unitary_metric = 1.00000
Error = :9.90e-02; Runtime: 347.6s; Iterations = 900, grads =   5.611e-02, unitary_metric = 1.00001
Error = :9.75e-02; Runtime: 355.6s; Iterations = 920, grads =   6.813e-04, unitary_metric = 1.00001
Error = :9.90e-02; Runtime: 363.2s; Iterations = 940, grads =   6.118e-02, unitary_metric = 1.00000
Error = :9.77e-02; Runtime: 370.8s; Iterations = 960, grads =   7.204e-03, unitary_metric = 1.00000
Error = :9.75e-02; Runtime: 378.3s; Iterations = 980, grads =   1.700e-04, unitary_metric = 1.00000
Error = :9.75e-02; Runtime: 385.9s; Iterations = 1000, grads =   8.922e-05, unitary_metric = 1.00000
Error = :9.75e-02; Runtime: 394.0s; Iterations = 1020, grads =   1.320e-05, unitary_metric = 1.00000
Error = :9.75e-02; Runtime: 401.6s; Iterations = 1040, grads =   2.241e-06, unitary_metric = 1.00000
Error = :9.75e-02; Runtime: 409.1s; Iterations = 1060, grads =   1.482e-06, unitary_metric = 1.00000
Error = :9.75e-02; Runtime: 416.7s; Iterations = 1080, grads =   3.566e-06, unitary_metric = 1.00000
Error = :9.75e-02; Runtime: 424.2s; Iterations = 1100, grads =   1.777e-04, unitary_metric = 1.00000
Error = :1.00e-01; Runtime: 432.3s; Iterations = 1120, grads =   1.168e-01, unitary_metric = 1.00000
Error = :9.76e-02; Runtime: 439.9s; Iterations = 1140, grads =   5.668e-03, unitary_metric = 1.00000
Error = :9.94e-02; Runtime: 447.5s; Iterations = 1160, grads =   7.573e-02, unitary_metric = 1.00000
Error = :9.77e-02; Runtime: 455.0s; Iterations = 1180, grads =   7.737e-03, unitary_metric = 1.00000
Error = :9.75e-02; Runtime: 462.7s; Iterations = 1200, grads =   1.779e-05, unitary_metric = 1.00000
Error = :9.75e-02; Runtime: 470.9s; Iterations = 1220, grads =   6.411e-05, unitary_metric = 1.00000
Error = :9.75e-02; Runtime: 478.4s; Iterations = 1240, grads =   2.069e-06, unitary_metric = 1.00000
Error = :9.75e-02; Runtime: 486.0s; Iterations = 1260, grads =   1.630e-05, unitary_metric = 1.00000
Error = :9.75e-02; Runtime: 493.5s; Iterations = 1280, grads =   7.530e-07, unitary_metric = 1.00000
Error = :9.75e-02; Runtime: 501.1s; Iterations = 1300, grads =   5.661e-07, unitary_metric = 1.00000
Error = :9.75e-02; Runtime: 509.3s; Iterations = 1320, grads =   6.546e-05, unitary_metric = 1.00000
Error = :1.00e-01; Runtime: 516.9s; Iterations = 1340, grads =   1.009e-01, unitary_metric = 1.00000
Error = :9.77e-02; Runtime: 524.4s; Iterations = 1360, grads =   6.288e-03, unitary_metric = 1.00000
Error = :9.76e-02; Runtime: 532.0s; Iterations = 1380, grads =   2.010e-03, unitary_metric = 1.00000
Error = :9.75e-02; Runtime: 539.6s; Iterations = 1400, grads =   6.865e-05, unitary_metric = 1.00000
Error = :9.75e-02; Runtime: 547.7s; Iterations = 1420, grads =   5.569e-05, unitary_metric = 1.00000
Error = :9.90e-02; Runtime: 555.2s; Iterations = 1440, grads =   5.973e-02, unitary_metric = 1.00000
Error = :9.80e-02; Runtime: 562.8s; Iterations = 1460, grads =   1.873e-02, unitary_metric = 1.00000
Error = :9.76e-02; Runtime: 570.3s; Iterations = 1480, grads =   2.428e-03, unitary_metric = 1.00000
Error = :9.75e-02; Runtime: 577.9s; Iterations = 1500, grads =   1.263e-04, unitary_metric = 1.00000
Error = :9.75e-02; Runtime: 586.4s; Iterations = 1520, grads =   2.151e-05, unitary_metric = 1.00000
Error = :9.77e-02; Runtime: 594.0s; Iterations = 1540, grads =   5.959e-03, unitary_metric = 1.00000
Error = :9.77e-02; Runtime: 601.6s; Iterations = 1560, grads =   5.784e-03, unitary_metric = 1.00000
Error = :9.76e-02; Runtime: 609.2s; Iterations = 1580, grads =   2.649e-03, unitary_metric = 1.00000
Error = :9.77e-02; Runtime: 616.7s; Iterations = 1600, grads =   5.564e-03, unitary_metric = 1.00001
Error = :9.75e-02; Runtime: 624.9s; Iterations = 1620, grads =   6.949e-04, unitary_metric = 1.00000
Error = :9.75e-02; Runtime: 632.4s; Iterations = 1640, grads =   4.700e-04, unitary_metric = 1.00001
Error = :9.75e-02; Runtime: 639.9s; Iterations = 1660, grads =   1.120e-04, unitary_metric = 1.00000
Error = :9.75e-02; Runtime: 647.5s; Iterations = 1680, grads =   2.447e-07, unitary_metric = 1.00000
Error = :9.75e-02; Runtime: 655.0s; Iterations = 1700, grads =   8.161e-06, unitary_metric = 1.00000
Error = :9.80e-02; Runtime: 663.1s; Iterations = 1720, grads =   1.953e-02, unitary_metric = 1.00000
Error = :9.77e-02; Runtime: 670.6s; Iterations = 1740, grads =   8.689e-03, unitary_metric = 1.00000
Error = :9.75e-02; Runtime: 678.2s; Iterations = 1760, grads =   4.194e-04, unitary_metric = 1.00001
Error = :9.75e-02; Runtime: 685.7s; Iterations = 1780, grads =   1.039e-06, unitary_metric = 1.00000
Error = :9.75e-02; Runtime: 693.2s; Iterations = 1800, grads =   9.813e-05, unitary_metric = 1.00000
Error = :9.93e-02; Runtime: 701.4s; Iterations = 1820, grads =   5.818e-02, unitary_metric = 1.00000
Error = :9.76e-02; Runtime: 709.1s; Iterations = 1840, grads =   2.922e-03, unitary_metric = 1.00000
Error = :9.76e-02; Runtime: 716.7s; Iterations = 1860, grads =   1.954e-03, unitary_metric = 1.00000
Error = :9.75e-02; Runtime: 724.2s; Iterations = 1880, grads =   3.682e-05, unitary_metric = 1.00000
Error = :9.75e-02; Runtime: 731.8s; Iterations = 1900, grads =   6.765e-04, unitary_metric = 1.00000
Error = :9.75e-02; Runtime: 739.9s; Iterations = 1920, grads =   2.194e-04, unitary_metric = 1.00000
Error = :9.75e-02; Runtime: 747.4s; Iterations = 1940, grads =   1.584e-05, unitary_metric = 1.00000
Error = :9.75e-02; Runtime: 755.0s; Iterations = 1960, grads =   1.105e-06, unitary_metric = 1.00000
Error = :9.75e-02; Runtime: 762.5s; Iterations = 1980, grads =   9.974e-07, unitary_metric = 1.00000
Error = :9.75e-02; Runtime: 770.1s; Iterations = 2000, grads =   5.011e-07, unitary_metric = 1.00000
Error = :9.75e-02; Runtime: 778.2s; Iterations = 2020, grads =   6.706e-05, unitary_metric = 1.00000
Error = :9.91e-02; Runtime: 785.8s; Iterations = 2040, grads =   6.242e-02, unitary_metric = 1.00000
Error = :9.77e-02; Runtime: 793.3s; Iterations = 2060, grads =   8.107e-03, unitary_metric = 1.00000
Error = :9.77e-02; Runtime: 800.9s; Iterations = 2080, grads =   5.900e-03, unitary_metric = 1.00000
Error = :9.79e-02; Runtime: 808.4s; Iterations = 2100, grads =   1.682e-02, unitary_metric = 1.00000
Error = :9.75e-02; Runtime: 816.5s; Iterations = 2120, grads =   4.796e-04, unitary_metric = 1.00000
Error = :9.82e-02; Runtime: 824.2s; Iterations = 2140, grads =   2.265e-02, unitary_metric = 1.00000
Error = :9.76e-02; Runtime: 831.8s; Iterations = 2160, grads =   2.300e-03, unitary_metric = 1.00000
Error = :9.75e-02; Runtime: 839.3s; Iterations = 2180, grads =   5.313e-04, unitary_metric = 1.00000
Error = :9.75e-02; Runtime: 846.9s; Iterations = 2200, grads =   3.039e-05, unitary_metric = 1.00000
Error = :9.75e-02; Runtime: 855.0s; Iterations = 2220, grads =   2.995e-06, unitary_metric = 1.00000
Error = :9.75e-02; Runtime: 862.5s; Iterations = 2240, grads =   3.574e-06, unitary_metric = 1.00000
Error = :9.75e-02; Runtime: 870.1s; Iterations = 2260, grads =   6.507e-06, unitary_metric = 1.00000
Error = :9.75e-02; Runtime: 877.6s; Iterations = 2280, grads =   6.971e-07, unitary_metric = 1.00000
Error = :9.75e-02; Runtime: 885.2s; Iterations = 2300, grads =   2.988e-05, unitary_metric = 1.00000
Error = :9.79e-02; Runtime: 893.3s; Iterations = 2320, grads =   1.666e-02, unitary_metric = 1.00000
Error = :9.85e-02; Runtime: 900.9s; Iterations = 2340, grads =   3.980e-02, unitary_metric = 1.00000
Error = :9.76e-02; Runtime: 908.4s; Iterations = 2360, grads =   4.922e-03, unitary_metric = 1.00000
Error = :9.80e-02; Runtime: 915.9s; Iterations = 2380, grads =   1.537e-02, unitary_metric = 1.00000
Error = :9.75e-02; Runtime: 923.5s; Iterations = 2400, grads =   3.966e-05, unitary_metric = 1.00000
Error = :9.75e-02; Runtime: 931.6s; Iterations = 2420, grads =   3.516e-05, unitary_metric = 1.00000
Error = :9.75e-02; Runtime: 939.2s; Iterations = 2440, grads =   3.481e-05, unitary_metric = 1.00000
Error = :9.75e-02; Runtime: 946.8s; Iterations = 2460, grads =   3.007e-06, unitary_metric = 1.00000
Error = :9.75e-02; Runtime: 954.4s; Iterations = 2480, grads =   3.710e-06, unitary_metric = 1.00000
Error = :9.75e-02; Runtime: 961.9s; Iterations = 2500, grads =   1.398e-05, unitary_metric = 1.00001
Error = :9.76e-02; Runtime: 970.0s; Iterations = 2520, grads =   2.290e-03, unitary_metric = 1.00000
Error = :9.75e-02; Runtime: 977.6s; Iterations = 2540, grads =   1.456e-03, unitary_metric = 1.00000
Error = :9.81e-02; Runtime: 985.1s; Iterations = 2560, grads =   2.293e-02, unitary_metric = 1.00000
Error = :9.79e-02; Runtime: 992.6s; Iterations = 2580, grads =   1.330e-02, unitary_metric = 1.00000
Error = :9.75e-02; Runtime: 1000.2s; Iterations = 2600, grads =   7.045e-04, unitary_metric = 1.00000
Error = :9.75e-02; Runtime: 1008.3s; Iterations = 2620, grads =   1.158e-04, unitary_metric = 1.00000
Error = :9.75e-02; Runtime: 1015.9s; Iterations = 2640, grads =   5.578e-05, unitary_metric = 1.00000
Error = :9.75e-02; Runtime: 1023.4s; Iterations = 2660, grads =   6.349e-04, unitary_metric = 1.00000
Error = :9.79e-02; Runtime: 1030.9s; Iterations = 2680, grads =   1.673e-02, unitary_metric = 1.00000
Error = :9.76e-02; Runtime: 1038.4s; Iterations = 2700, grads =   4.078e-03, unitary_metric = 1.00000
Error = :9.75e-02; Runtime: 1046.6s; Iterations = 2720, grads =   3.417e-04, unitary_metric = 1.00000
Error = :9.75e-02; Runtime: 1054.1s; Iterations = 2740, grads =   5.774e-04, unitary_metric = 1.00000
Error = :9.75e-02; Runtime: 1061.6s; Iterations = 2760, grads =   9.441e-05, unitary_metric = 1.00000
Error = :9.75e-02; Runtime: 1069.2s; Iterations = 2780, grads =   1.620e-05, unitary_metric = 1.00000
Error = :9.75e-02; Runtime: 1076.8s; Iterations = 2800, grads =   1.172e-03, unitary_metric = 1.00000
Error = :9.76e-02; Runtime: 1084.8s; Iterations = 2820, grads =   2.970e-03, unitary_metric = 1.00000
Error = :9.77e-02; Runtime: 1092.3s; Iterations = 2840, grads =   6.826e-03, unitary_metric = 1.00000
Error = :9.85e-02; Runtime: 1099.9s; Iterations = 2860, grads =   3.984e-02, unitary_metric = 1.00000
Error = :9.77e-02; Runtime: 1107.4s; Iterations = 2880, grads =   9.485e-03, unitary_metric = 1.00000
Error = :9.75e-02; Runtime: 1114.9s; Iterations = 2900, grads =   2.527e-04, unitary_metric = 1.00000
Error = :9.75e-02; Runtime: 1123.0s; Iterations = 2920, grads =   2.161e-04, unitary_metric = 1.00000
Error = :9.75e-02; Runtime: 1130.6s; Iterations = 2940, grads =   2.255e-05, unitary_metric = 1.00000
Error = :9.75e-02; Runtime: 1138.1s; Iterations = 2960, grads =   1.493e-06, unitary_metric = 1.00000
Error = :9.75e-02; Runtime: 1145.7s; Iterations = 2980, grads =   4.220e-06, unitary_metric = 1.00000
Error = :9.75e-02; Runtime: 1153.2s; Iterations = 3000, grads =   9.367e-05, unitary_metric = 1.00000
Error = :9.78e-02; Runtime: 1161.2s; Iterations = 3020, grads =   1.092e-02, unitary_metric = 1.00000
Error = :9.82e-02; Runtime: 1168.8s; Iterations = 3040, grads =   2.559e-02, unitary_metric = 1.00000
Error = :9.76e-02; Runtime: 1176.3s; Iterations = 3060, grads =   2.623e-03, unitary_metric = 1.00000
Error = :9.79e-02; Runtime: 1183.9s; Iterations = 3080, grads =   1.422e-02, unitary_metric = 1.00000
Error = :9.75e-02; Runtime: 1191.5s; Iterations = 3100, grads =   1.035e-03, unitary_metric = 1.00000
Error = :9.75e-02; Runtime: 1199.6s; Iterations = 3120, grads =   7.084e-06, unitary_metric = 1.00000
Error = :9.75e-02; Runtime: 1207.1s; Iterations = 3140, grads =   8.156e-06, unitary_metric = 1.00000
Error = :9.75e-02; Runtime: 1214.6s; Iterations = 3160, grads =   2.717e-04, unitary_metric = 1.00000
Error = :9.79e-02; Runtime: 1222.2s; Iterations = 3180, grads =   1.576e-02, unitary_metric = 1.00000
Error = :9.75e-02; Runtime: 1229.7s; Iterations = 3200, grads =   1.902e-03, unitary_metric = 1.00000
Error = :9.75e-02; Runtime: 1237.8s; Iterations = 3220, grads =   2.907e-04, unitary_metric = 1.00000
Error = :9.81e-02; Runtime: 1245.3s; Iterations = 3240, grads =   2.560e-02, unitary_metric = 1.00000
Error = :9.76e-02; Runtime: 1252.8s; Iterations = 3260, grads =   4.381e-03, unitary_metric = 1.00000
Error = :9.76e-02; Runtime: 1260.3s; Iterations = 3280, grads =   6.003e-03, unitary_metric = 1.00001
Error = :9.75e-02; Runtime: 1267.8s; Iterations = 3300, grads =   4.628e-04, unitary_metric = 1.00000
Error = :9.75e-02; Runtime: 1276.0s; Iterations = 3320, grads =   3.894e-05, unitary_metric = 1.00000
Error = :9.75e-02; Runtime: 1283.6s; Iterations = 3340, grads =   1.656e-05, unitary_metric = 1.00000
Error = :9.75e-02; Runtime: 1291.1s; Iterations = 3360, grads =   1.163e-04, unitary_metric = 1.00000
Error = :9.76e-02; Runtime: 1298.7s; Iterations = 3380, grads =   4.241e-03, unitary_metric = 1.00000
Error = :9.76e-02; Runtime: 1306.3s; Iterations = 3400, grads =   5.105e-03, unitary_metric = 1.00000
Error = :9.79e-02; Runtime: 1314.3s; Iterations = 3420, grads =   1.659e-02, unitary_metric = 1.00000
Error = :9.75e-02; Runtime: 1321.8s; Iterations = 3440, grads =   1.793e-04, unitary_metric = 1.00000
Error = :9.75e-02; Runtime: 1329.3s; Iterations = 3460, grads =   8.727e-05, unitary_metric = 1.00000
Error = :9.75e-02; Runtime: 1336.9s; Iterations = 3480, grads =   3.166e-05, unitary_metric = 1.00000
Error = :9.75e-02; Runtime: 1344.3s; Iterations = 3500, grads =   1.863e-06, unitary_metric = 1.00000
Error = :9.75e-02; Runtime: 1352.5s; Iterations = 3520, grads =   3.905e-07, unitary_metric = 1.00000
Error = :9.75e-02; Runtime: 1360.0s; Iterations = 3540, grads =   4.439e-06, unitary_metric = 1.00000
Error = :9.76e-02; Runtime: 1367.5s; Iterations = 3560, grads =   4.532e-03, unitary_metric = 1.00000
Error = :9.75e-02; Runtime: 1375.0s; Iterations = 3580, grads =   1.496e-03, unitary_metric = 1.00000
Error = :9.76e-02; Runtime: 1382.5s; Iterations = 3600, grads =   2.555e-03, unitary_metric = 1.00000
Error = :9.77e-02; Runtime: 1390.5s; Iterations = 3620, grads =   6.069e-03, unitary_metric = 1.00000
Error = :9.75e-02; Runtime: 1398.0s; Iterations = 3640, grads =   9.313e-04, unitary_metric = 1.00000
Error = :9.75e-02; Runtime: 1405.5s; Iterations = 3660, grads =   1.900e-04, unitary_metric = 1.00000
Error = :9.75e-02; Runtime: 1412.9s; Iterations = 3680, grads =   7.903e-05, unitary_metric = 1.00000
Error = :9.75e-02; Runtime: 1420.6s; Iterations = 3700, grads =   8.080e-05, unitary_metric = 1.00000
Error = :9.77e-02; Runtime: 1428.7s; Iterations = 3720, grads =   8.123e-03, unitary_metric = 1.00000
Error = :9.75e-02; Runtime: 1436.2s; Iterations = 3740, grads =   3.296e-04, unitary_metric = 1.00000
Error = :9.75e-02; Runtime: 1443.8s; Iterations = 3760, grads =   3.110e-04, unitary_metric = 1.00000
Error = :9.75e-02; Runtime: 1451.3s; Iterations = 3780, grads =   9.299e-06, unitary_metric = 1.00000
Error = :9.75e-02; Runtime: 1458.9s; Iterations = 3800, grads =   5.128e-06, unitary_metric = 1.00000
Error = :9.75e-02; Runtime: 1467.0s; Iterations = 3820, grads =   3.229e-07, unitary_metric = 1.00000
Error = :9.75e-02; Runtime: 1474.5s; Iterations = 3840, grads =   1.782e-07, unitary_metric = 1.00000
Error = :9.75e-02; Runtime: 1482.0s; Iterations = 3860, grads =   2.376e-07, unitary_metric = 1.00000
Error = :9.75e-02; Runtime: 1489.6s; Iterations = 3880, grads =   2.421e-06, unitary_metric = 1.00000
Error = :9.75e-02; Runtime: 1497.1s; Iterations = 3900, grads =   5.339e-04, unitary_metric = 1.00001
Error = :9.76e-02; Runtime: 1505.2s; Iterations = 3920, grads =   3.119e-03, unitary_metric = 1.00000
Error = :9.77e-02; Runtime: 1512.7s; Iterations = 3940, grads =   7.094e-03, unitary_metric = 1.00000
Error = :9.76e-02; Runtime: 1520.3s; Iterations = 3960, grads =   1.932e-03, unitary_metric = 1.00000
Error = :9.75e-02; Runtime: 1527.8s; Iterations = 3980, grads =   5.594e-04, unitary_metric = 1.00000
Error = :9.75e-02; Runtime: 1535.3s; Iterations = 4000, grads =   6.288e-05, unitary_metric = 1.00000
Error = :9.75e-02; Runtime: 1543.5s; Iterations = 4020, grads =   3.530e-06, unitary_metric = 1.00000
Error = :9.75e-02; Runtime: 1551.1s; Iterations = 4040, grads =   9.670e-07, unitary_metric = 1.00000
Error = :9.75e-02; Runtime: 1558.6s; Iterations = 4060, grads =   9.829e-08, unitary_metric = 1.00000
Error = :9.75e-02; Runtime: 1566.1s; Iterations = 4080, grads =   1.544e-07, unitary_metric = 1.00000
Error = :9.75e-02; Runtime: 1573.6s; Iterations = 4100, grads =   2.383e-08, unitary_metric = 1.00000
Error = :9.75e-02; Runtime: 1581.7s; Iterations = 4120, grads =   1.614e-08, unitary_metric = 1.00000
Error = :9.75e-02; Runtime: 1589.3s; Iterations = 4140, grads =   1.884e-07, unitary_metric = 1.00000
Error = :9.75e-02; Runtime: 1596.8s; Iterations = 4160, grads =   1.376e-05, unitary_metric = 1.00000
Error = :9.76e-02; Runtime: 1604.3s; Iterations = 4180, grads =   4.905e-03, unitary_metric = 1.00000
Error = :9.77e-02; Runtime: 1611.9s; Iterations = 4200, grads =   6.675e-03, unitary_metric = 1.00001
Error = :9.75e-02; Runtime: 1619.9s; Iterations = 4220, grads =   6.083e-04, unitary_metric = 1.00000
Error = :9.75e-02; Runtime: 1627.5s; Iterations = 4240, grads =   5.348e-05, unitary_metric = 1.00000
Error = :9.75e-02; Runtime: 1635.0s; Iterations = 4260, grads =   2.440e-05, unitary_metric = 1.00000
Error = :9.75e-02; Runtime: 1642.5s; Iterations = 4280, grads =   8.827e-04, unitary_metric = 1.00000
Error = :9.75e-02; Runtime: 1650.0s; Iterations = 4300, grads =   2.665e-05, unitary_metric = 1.00000
Error = :9.75e-02; Runtime: 1658.2s; Iterations = 4320, grads =   2.889e-04, unitary_metric = 1.00001
Error = :9.75e-02; Runtime: 1665.8s; Iterations = 4340, grads =   3.996e-06, unitary_metric = 1.00000
Error = :9.75e-02; Runtime: 1673.3s; Iterations = 4360, grads =   9.488e-07, unitary_metric = 1.00000
Error = :9.75e-02; Runtime: 1680.9s; Iterations = 4380, grads =   1.831e-07, unitary_metric = 1.00001
Error = :9.75e-02; Runtime: 1688.4s; Iterations = 4400, grads =   6.262e-08, unitary_metric = 1.00000
Error = :9.75e-02; Runtime: 1696.5s; Iterations = 4420, grads =   7.659e-07, unitary_metric = 1.00000
Error = :9.75e-02; Runtime: 1704.1s; Iterations = 4440, grads =   8.430e-05, unitary_metric = 1.00001
Error = :9.77e-02; Runtime: 1711.6s; Iterations = 4460, grads =   9.809e-03, unitary_metric = 1.00000
Error = :9.76e-02; Runtime: 1719.1s; Iterations = 4480, grads =   2.277e-03, unitary_metric = 1.00000
Error = :9.75e-02; Runtime: 1726.6s; Iterations = 4500, grads =   5.621e-04, unitary_metric = 1.00000
Error = :9.76e-02; Runtime: 1734.7s; Iterations = 4520, grads =   4.447e-03, unitary_metric = 1.00000
Error = :9.75e-02; Runtime: 1742.2s; Iterations = 4540, grads =   4.745e-04, unitary_metric = 1.00001
Error = :9.75e-02; Runtime: 1749.8s; Iterations = 4560, grads =   4.103e-05, unitary_metric = 1.00001
Error = :9.75e-02; Runtime: 1757.3s; Iterations = 4580, grads =   5.416e-06, unitary_metric = 1.00000
Error = :9.75e-02; Runtime: 1764.8s; Iterations = 4600, grads =   1.067e-06, unitary_metric = 1.00000
Error = :9.75e-02; Runtime: 1773.0s; Iterations = 4620, grads =   8.559e-08, unitary_metric = 1.00000
Error = :9.75e-02; Runtime: 1780.5s; Iterations = 4640, grads =   8.634e-08, unitary_metric = 1.00000
Error = :9.75e-02; Runtime: 1788.2s; Iterations = 4660, grads =   2.536e-06, unitary_metric = 1.00001
Error = :9.75e-02; Runtime: 1795.7s; Iterations = 4680, grads =   3.780e-04, unitary_metric = 1.00000
Error = :9.76e-02; Runtime: 1803.2s; Iterations = 4700, grads =   2.572e-03, unitary_metric = 1.00000
Error = :9.76e-02; Runtime: 1811.3s; Iterations = 4720, grads =   2.831e-03, unitary_metric = 1.00000
Error = :9.75e-02; Runtime: 1818.9s; Iterations = 4740, grads =   3.609e-04, unitary_metric = 1.00001
Error = :9.75e-02; Runtime: 1826.4s; Iterations = 4760, grads =   6.058e-05, unitary_metric = 1.00000
Error = :9.76e-02; Runtime: 1833.9s; Iterations = 4780, grads =   3.317e-03, unitary_metric = 1.00000
Error = :9.75e-02; Runtime: 1841.4s; Iterations = 4800, grads =   1.652e-05, unitary_metric = 1.00000
Error = :9.75e-02; Runtime: 1849.5s; Iterations = 4820, grads =   7.535e-06, unitary_metric = 1.00000
Error = :9.75e-02; Runtime: 1857.0s; Iterations = 4840, grads =   7.093e-06, unitary_metric = 1.00000
Error = :9.75e-02; Runtime: 1864.6s; Iterations = 4860, grads =   9.215e-08, unitary_metric = 1.00000
Error = :9.75e-02; Runtime: 1872.1s; Iterations = 4880, grads =   1.804e-07, unitary_metric = 1.00000
Error = :9.75e-02; Runtime: 1879.6s; Iterations = 4900, grads =   1.222e-05, unitary_metric = 1.00000
Error = :9.77e-02; Runtime: 1887.7s; Iterations = 4920, grads =   7.186e-03, unitary_metric = 1.00000
Error = :9.77e-02; Runtime: 1895.2s; Iterations = 4940, grads =   6.167e-03, unitary_metric = 1.00000
Error = :9.75e-02; Runtime: 1902.8s; Iterations = 4960, grads =   1.427e-03, unitary_metric = 1.00000
Error = :9.75e-02; Runtime: 1910.3s; Iterations = 4980, grads =   1.223e-04, unitary_metric = 1.00000
Error = :9.76e-02; Runtime: 1917.9s; Iterations = 5000, grads =   2.660e-03, unitary_metric = 1.00000
Error = :9.75e-02; Runtime: 1926.0s; Iterations = 5020, grads =   7.187e-05, unitary_metric = 1.00001
Error = :9.75e-02; Runtime: 1933.5s; Iterations = 5040, grads =   4.124e-06, unitary_metric = 1.00001
Error = :9.75e-02; Runtime: 1941.0s; Iterations = 5060, grads =   9.534e-06, unitary_metric = 1.00000
Error = :9.75e-02; Runtime: 1948.5s; Iterations = 5080, grads =   1.638e-04, unitary_metric = 1.00000
Error = :9.76e-02; Runtime: 1956.1s; Iterations = 5100, grads =   2.302e-03, unitary_metric = 1.00000
Error = :9.75e-02; Runtime: 1964.1s; Iterations = 5120, grads =   7.290e-05, unitary_metric = 1.00001
Error = :9.75e-02; Runtime: 1971.6s; Iterations = 5140, grads =   2.775e-05, unitary_metric = 1.00000
Error = :9.75e-02; Runtime: 1979.2s; Iterations = 5160, grads =   5.735e-05, unitary_metric = 1.00001
Error = :9.76e-02; Runtime: 1986.7s; Iterations = 5180, grads =   4.782e-03, unitary_metric = 1.00001
Error = :9.75e-02; Runtime: 1994.2s; Iterations = 5200, grads =   5.225e-04, unitary_metric = 1.00001
Error = :9.75e-02; Runtime: 2002.3s; Iterations = 5220, grads =   1.228e-03, unitary_metric = 1.00001
Error = :9.75e-02; Runtime: 2009.8s; Iterations = 5240, grads =   2.605e-04, unitary_metric = 1.00001
Error = :9.75e-02; Runtime: 2017.3s; Iterations = 5260, grads =   1.025e-03, unitary_metric = 1.00000
Error = :9.75e-02; Runtime: 2024.9s; Iterations = 5280, grads =   9.622e-05, unitary_metric = 1.00000
Error = :9.75e-02; Runtime: 2032.4s; Iterations = 5300, grads =   1.040e-04, unitary_metric = 1.00001
Error = :9.75e-02; Runtime: 2040.5s; Iterations = 5320, grads =   9.950e-04, unitary_metric = 1.00001
Error = :9.75e-02; Runtime: 2048.1s; Iterations = 5340, grads =   4.680e-05, unitary_metric = 1.00000
Error = :9.75e-02; Runtime: 2055.6s; Iterations = 5360, grads =   6.863e-06, unitary_metric = 1.00001
Error = :9.75e-02; Runtime: 2063.1s; Iterations = 5380, grads =   2.971e-04, unitary_metric = 1.00001
Error = :9.75e-02; Runtime: 2070.6s; Iterations = 5400, grads =   3.373e-04, unitary_metric = 1.00001
Error = :9.75e-02; Runtime: 2078.7s; Iterations = 5420, grads =   6.757e-04, unitary_metric = 1.00000
Error = :9.76e-02; Runtime: 2086.2s; Iterations = 5440, grads =   2.062e-03, unitary_metric = 1.00000
Error = :9.75e-02; Runtime: 2093.7s; Iterations = 5460, grads =   1.796e-03, unitary_metric = 1.00000
Error = :9.75e-02; Runtime: 2101.3s; Iterations = 5480, grads =   2.000e-04, unitary_metric = 1.00000
Error = :9.75e-02; Runtime: 2108.8s; Iterations = 5500, grads =   1.186e-05, unitary_metric = 1.00001
Error = :9.75e-02; Runtime: 2116.9s; Iterations = 5520, grads =   3.770e-06, unitary_metric = 1.00001
Error = :9.75e-02; Runtime: 2124.4s; Iterations = 5540, grads =   1.314e-04, unitary_metric = 1.00001
Error = :9.75e-02; Runtime: 2131.9s; Iterations = 5560, grads =   1.528e-03, unitary_metric = 1.00001
Error = :9.75e-02; Runtime: 2139.4s; Iterations = 5580, grads =   1.182e-03, unitary_metric = 1.00001
Error = :9.75e-02; Runtime: 2147.0s; Iterations = 5600, grads =   5.443e-04, unitary_metric = 1.00000
Error = :9.75e-02; Runtime: 2155.1s; Iterations = 5620, grads =   3.436e-05, unitary_metric = 1.00001
Error = :9.75e-02; Runtime: 2162.6s; Iterations = 5640, grads =   8.598e-04, unitary_metric = 1.00000
Error = :9.75e-02; Runtime: 2170.2s; Iterations = 5660, grads =   3.265e-04, unitary_metric = 1.00000
Error = :9.75e-02; Runtime: 2177.7s; Iterations = 5680, grads =   1.090e-05, unitary_metric = 1.00001
Error = :9.75e-02; Runtime: 2185.2s; Iterations = 5700, grads =   1.405e-05, unitary_metric = 1.00001
Error = :9.75e-02; Runtime: 2193.3s; Iterations = 5720, grads =   7.818e-04, unitary_metric = 1.00000
Error = :9.75e-02; Runtime: 2200.8s; Iterations = 5740, grads =   6.518e-04, unitary_metric = 1.00001
Error = :9.75e-02; Runtime: 2208.3s; Iterations = 5760, grads =   8.454e-04, unitary_metric = 1.00001
Error = :9.75e-02; Runtime: 2215.8s; Iterations = 5780, grads =   1.913e-03, unitary_metric = 1.00001
Error = :9.75e-02; Runtime: 2223.3s; Iterations = 5800, grads =   2.892e-04, unitary_metric = 1.00001
Error = :9.75e-02; Runtime: 2231.3s; Iterations = 5820, grads =   5.349e-05, unitary_metric = 1.00001
Error = :9.75e-02; Runtime: 2238.9s; Iterations = 5840, grads =   1.546e-03, unitary_metric = 1.00000
Error = :9.75e-02; Runtime: 2246.4s; Iterations = 5860, grads =   5.679e-07, unitary_metric = 1.00001
Error = :9.75e-02; Runtime: 2253.9s; Iterations = 5880, grads =   1.263e-05, unitary_metric = 1.00001
Error = :9.75e-02; Runtime: 2261.5s; Iterations = 5900, grads =   1.581e-05, unitary_metric = 1.00001
Error = :9.75e-02; Runtime: 2269.5s; Iterations = 5920, grads =   2.028e-03, unitary_metric = 1.00000
Error = :9.75e-02; Runtime: 2277.1s; Iterations = 5940, grads =   1.176e-03, unitary_metric = 1.00001
Error = :9.75e-02; Runtime: 2284.6s; Iterations = 5960, grads =   1.313e-04, unitary_metric = 1.00001
Error = :9.75e-02; Runtime: 2292.1s; Iterations = 5980, grads =   7.679e-06, unitary_metric = 1.00001
Error = :9.75e-02; Runtime: 2299.6s; Iterations = 6000, grads =   2.686e-05, unitary_metric = 1.00001
data saved at: /project/ftchong/qoc/pranav/00015_31_h2o_slice_185.h5


trying total_time: 30.0 for unitary of size (16, 16)
data saved at: /project/ftchong/qoc/pranav/00016_31_h2o_slice_185.h5
Using 7 Taylor terms and 2 Scaling & Squaring terms
Building graph:
Propagators initialized.
Operators weight initialized.
Intermediate propagation variables initialized.
Intermediate propagators initialized.
Vectors initialized.
Training loss initialized.
Optimizer initialized.
Utilities initialized.
Graph built!
Initialized
Error = :6.23e-01; Runtime: 1.0s; Iterations = 0, grads =   1.500e+00, unitary_metric = 1.00004
Error = :1.92e-01; Runtime: 14.4s; Iterations = 20, grads =   1.950e+00, unitary_metric = 1.00001
Error = :1.17e-01; Runtime: 25.8s; Iterations = 40, grads =   9.356e-01, unitary_metric = 1.00001
Error = :1.01e-01; Runtime: 37.3s; Iterations = 60, grads =   1.028e-01, unitary_metric = 1.00001
Error = :9.77e-02; Runtime: 48.7s; Iterations = 80, grads =   1.728e-02, unitary_metric = 1.00001
Error = :9.68e-02; Runtime: 60.2s; Iterations = 100, grads =   1.082e-03, unitary_metric = 1.00001
Error = :9.43e-02; Runtime: 72.6s; Iterations = 120, grads =   2.800e-04, unitary_metric = 1.00001
Error = :7.19e-02; Runtime: 84.0s; Iterations = 140, grads =   1.142e-03, unitary_metric = 1.00000
Error = :1.02e-02; Runtime: 95.5s; Iterations = 160, grads =   8.733e-04, unitary_metric = 1.00000
Error = :7.10e-04; Runtime: 101.7s; Iterations = 171, grads =   2.689e-04, unitary_metric = 1.00000
data saved at: /project/ftchong/qoc/pranav/00016_31_h2o_slice_185.h5


trying total_time: 25.0 for unitary of size (16, 16)
data saved at: /project/ftchong/qoc/pranav/00017_31_h2o_slice_185.h5
Using 7 Taylor terms and 2 Scaling & Squaring terms
Building graph:
Propagators initialized.
Operators weight initialized.
Intermediate propagation variables initialized.
Intermediate propagators initialized.
Vectors initialized.
Training loss initialized.
Optimizer initialized.
Utilities initialized.
Graph built!
Initialized
Error = :6.36e-01; Runtime: 0.9s; Iterations = 0, grads =   2.349e+00, unitary_metric = 1.00003
Error = :2.37e-01; Runtime: 11.8s; Iterations = 20, grads =   3.498e+00, unitary_metric = 1.00002
Error = :1.08e-01; Runtime: 21.4s; Iterations = 40, grads =   2.429e-01, unitary_metric = 1.00002
Error = :9.90e-02; Runtime: 30.9s; Iterations = 60, grads =   3.887e-02, unitary_metric = 1.00002
Error = :9.78e-02; Runtime: 40.5s; Iterations = 80, grads =   6.844e-03, unitary_metric = 1.00001
Error = :9.75e-02; Runtime: 50.0s; Iterations = 100, grads =   1.483e-03, unitary_metric = 1.00001
Error = :9.75e-02; Runtime: 60.3s; Iterations = 120, grads =   1.136e-04, unitary_metric = 1.00001
Error = :9.75e-02; Runtime: 69.8s; Iterations = 140, grads =   1.014e-05, unitary_metric = 1.00001
Error = :9.74e-02; Runtime: 79.4s; Iterations = 160, grads =   1.927e-06, unitary_metric = 1.00002
Error = :9.73e-02; Runtime: 89.0s; Iterations = 180, grads =   3.053e-06, unitary_metric = 1.00001
Error = :9.68e-02; Runtime: 98.5s; Iterations = 200, grads =   2.391e-04, unitary_metric = 1.00001
Error = :9.13e-02; Runtime: 108.7s; Iterations = 220, grads =   4.079e-02, unitary_metric = 1.00001
Error = :1.63e-02; Runtime: 118.3s; Iterations = 240, grads =   4.142e-03, unitary_metric = 1.00000
Error = :1.13e-03; Runtime: 127.8s; Iterations = 260, grads =   5.627e-04, unitary_metric = 1.00001
Error = :9.06e-04; Runtime: 128.3s; Iterations = 261, grads =   2.852e-04, unitary_metric = 1.00001
data saved at: /project/ftchong/qoc/pranav/00017_31_h2o_slice_185.h5


trying total_time: 22.5 for unitary of size (16, 16)
data saved at: /project/ftchong/qoc/pranav/00018_31_h2o_slice_185.h5
Using 7 Taylor terms and 2 Scaling & Squaring terms
Building graph:
Propagators initialized.
Operators weight initialized.
Intermediate propagation variables initialized.
Intermediate propagators initialized.
Vectors initialized.
Training loss initialized.
Optimizer initialized.
Utilities initialized.
Graph built!
Initialized
Error = :6.08e-01; Runtime: 0.8s; Iterations = 0, grads =   1.375e+00, unitary_metric = 1.00002
Error = :1.72e-01; Runtime: 10.6s; Iterations = 20, grads =   1.158e+00, unitary_metric = 1.00001
Error = :1.08e-01; Runtime: 19.1s; Iterations = 40, grads =   2.928e-01, unitary_metric = 1.00001
Error = :9.84e-02; Runtime: 27.6s; Iterations = 60, grads =   2.441e-02, unitary_metric = 1.00001
Error = :9.76e-02; Runtime: 36.1s; Iterations = 80, grads =   1.559e-03, unitary_metric = 1.00001
Error = :9.75e-02; Runtime: 44.7s; Iterations = 100, grads =   8.906e-04, unitary_metric = 1.00001
Error = :9.75e-02; Runtime: 53.8s; Iterations = 120, grads =   6.713e-05, unitary_metric = 1.00001
Error = :9.75e-02; Runtime: 62.4s; Iterations = 140, grads =   1.238e-05, unitary_metric = 1.00001
Error = :9.75e-02; Runtime: 71.0s; Iterations = 160, grads =   5.983e-07, unitary_metric = 1.00001
Error = :9.75e-02; Runtime: 79.6s; Iterations = 180, grads =   1.792e-07, unitary_metric = 1.00001
Error = :9.75e-02; Runtime: 88.1s; Iterations = 200, grads =   3.344e-08, unitary_metric = 1.00001
Error = :9.75e-02; Runtime: 97.4s; Iterations = 220, grads =   1.138e-08, unitary_metric = 1.00001
Error = :9.75e-02; Runtime: 105.9s; Iterations = 240, grads =   5.525e-09, unitary_metric = 1.00001
Error = :9.75e-02; Runtime: 114.5s; Iterations = 260, grads =   4.197e-09, unitary_metric = 1.00001
Error = :9.75e-02; Runtime: 123.0s; Iterations = 280, grads =   2.280e-06, unitary_metric = 1.00001
Error = :9.75e-02; Runtime: 131.6s; Iterations = 300, grads =   1.289e-06, unitary_metric = 1.00001
Error = :1.10e-01; Runtime: 140.7s; Iterations = 320, grads =   5.144e-01, unitary_metric = 1.00001
Error = :9.79e-02; Runtime: 149.2s; Iterations = 340, grads =   1.794e-02, unitary_metric = 1.00001
Error = :9.77e-02; Runtime: 157.8s; Iterations = 360, grads =   6.887e-03, unitary_metric = 1.00001
Error = :9.75e-02; Runtime: 166.3s; Iterations = 380, grads =   7.250e-04, unitary_metric = 1.00001
Error = :1.00e-01; Runtime: 174.8s; Iterations = 400, grads =   1.197e-01, unitary_metric = 1.00001
Error = :9.77e-02; Runtime: 184.0s; Iterations = 420, grads =   1.099e-02, unitary_metric = 1.00001
Error = :9.76e-02; Runtime: 192.6s; Iterations = 440, grads =   5.427e-03, unitary_metric = 1.00001
Error = :9.75e-02; Runtime: 201.2s; Iterations = 460, grads =   2.678e-05, unitary_metric = 1.00001
Error = :9.75e-02; Runtime: 209.8s; Iterations = 480, grads =   9.016e-07, unitary_metric = 1.00001
Error = :9.75e-02; Runtime: 218.3s; Iterations = 500, grads =   1.223e-05, unitary_metric = 1.00001
Error = :9.75e-02; Runtime: 227.5s; Iterations = 520, grads =   6.713e-07, unitary_metric = 1.00001
Error = :9.75e-02; Runtime: 236.1s; Iterations = 540, grads =   4.798e-06, unitary_metric = 1.00001
Error = :1.11e-01; Runtime: 244.6s; Iterations = 560, grads =   5.432e-01, unitary_metric = 1.00001
Error = :9.84e-02; Runtime: 253.1s; Iterations = 580, grads =   3.535e-02, unitary_metric = 1.00001
Error = :9.76e-02; Runtime: 261.7s; Iterations = 600, grads =   5.449e-03, unitary_metric = 1.00001
Error = :9.76e-02; Runtime: 270.9s; Iterations = 620, grads =   2.539e-03, unitary_metric = 1.00001
Error = :9.96e-02; Runtime: 279.4s; Iterations = 640, grads =   9.329e-02, unitary_metric = 1.00001
Error = :9.79e-02; Runtime: 288.0s; Iterations = 660, grads =   1.857e-02, unitary_metric = 1.00001
Error = :9.76e-02; Runtime: 296.5s; Iterations = 680, grads =   2.484e-03, unitary_metric = 1.00001
Error = :9.75e-02; Runtime: 305.0s; Iterations = 700, grads =   2.824e-06, unitary_metric = 1.00001
Error = :9.75e-02; Runtime: 314.5s; Iterations = 720, grads =   2.116e-05, unitary_metric = 1.00001
Error = :9.75e-02; Runtime: 323.0s; Iterations = 740, grads =   2.049e-06, unitary_metric = 1.00001
Error = :9.75e-02; Runtime: 331.6s; Iterations = 760, grads =   2.440e-05, unitary_metric = 1.00001
Error = :9.82e-02; Runtime: 340.1s; Iterations = 780, grads =   3.073e-02, unitary_metric = 1.00001
Error = :1.01e-01; Runtime: 348.7s; Iterations = 800, grads =   1.428e-01, unitary_metric = 1.00001
Error = :9.77e-02; Runtime: 357.8s; Iterations = 820, grads =   6.964e-03, unitary_metric = 1.00001
Error = :9.76e-02; Runtime: 366.3s; Iterations = 840, grads =   2.147e-03, unitary_metric = 1.00001
Error = :9.75e-02; Runtime: 374.8s; Iterations = 860, grads =   2.996e-04, unitary_metric = 1.00001
Error = :1.00e-01; Runtime: 383.4s; Iterations = 880, grads =   1.246e-01, unitary_metric = 1.00001
Error = :9.77e-02; Runtime: 391.9s; Iterations = 900, grads =   1.081e-02, unitary_metric = 1.00001
Error = :9.75e-02; Runtime: 401.1s; Iterations = 920, grads =   1.242e-03, unitary_metric = 1.00001
Error = :9.75e-02; Runtime: 409.6s; Iterations = 940, grads =   2.606e-04, unitary_metric = 1.00001
Error = :9.77e-02; Runtime: 418.2s; Iterations = 960, grads =   7.354e-03, unitary_metric = 1.00001
Error = :9.87e-02; Runtime: 426.7s; Iterations = 980, grads =   5.385e-02, unitary_metric = 1.00001
Error = :9.76e-02; Runtime: 435.2s; Iterations = 1000, grads =   3.129e-03, unitary_metric = 1.00001
Error = :9.78e-02; Runtime: 444.5s; Iterations = 1020, grads =   1.282e-02, unitary_metric = 1.00001
Error = :9.80e-02; Runtime: 453.0s; Iterations = 1040, grads =   2.125e-02, unitary_metric = 1.00001
Error = :9.76e-02; Runtime: 461.6s; Iterations = 1060, grads =   2.420e-03, unitary_metric = 1.00001
Error = :9.75e-02; Runtime: 470.1s; Iterations = 1080, grads =   2.313e-05, unitary_metric = 1.00001
Error = :9.75e-02; Runtime: 478.7s; Iterations = 1100, grads =   4.134e-05, unitary_metric = 1.00001
Error = :9.75e-02; Runtime: 487.9s; Iterations = 1120, grads =   8.626e-05, unitary_metric = 1.00001
Error = :9.87e-02; Runtime: 496.4s; Iterations = 1140, grads =   5.270e-02, unitary_metric = 1.00001
Error = :1.02e-01; Runtime: 504.9s; Iterations = 1160, grads =   1.730e-01, unitary_metric = 1.00001
Error = :9.83e-02; Runtime: 513.4s; Iterations = 1180, grads =   3.614e-02, unitary_metric = 1.00001
Error = :9.77e-02; Runtime: 522.0s; Iterations = 1200, grads =   7.218e-03, unitary_metric = 1.00001
Error = :9.75e-02; Runtime: 531.1s; Iterations = 1220, grads =   9.987e-04, unitary_metric = 1.00001
Error = :9.75e-02; Runtime: 539.7s; Iterations = 1240, grads =   7.813e-05, unitary_metric = 1.00001
Error = :9.75e-02; Runtime: 548.2s; Iterations = 1260, grads =   1.669e-04, unitary_metric = 1.00001
Error = :9.84e-02; Runtime: 556.8s; Iterations = 1280, grads =   3.365e-02, unitary_metric = 1.00001
Error = :9.76e-02; Runtime: 565.3s; Iterations = 1300, grads =   4.984e-03, unitary_metric = 1.00001
Error = :9.80e-02; Runtime: 574.4s; Iterations = 1320, grads =   2.180e-02, unitary_metric = 1.00001
Error = :9.85e-02; Runtime: 582.9s; Iterations = 1340, grads =   4.637e-02, unitary_metric = 1.00001
Error = :9.78e-02; Runtime: 591.4s; Iterations = 1360, grads =   1.376e-02, unitary_metric = 1.00001
Error = :9.76e-02; Runtime: 599.9s; Iterations = 1380, grads =   5.577e-03, unitary_metric = 1.00001
Error = :9.91e-02; Runtime: 608.4s; Iterations = 1400, grads =   7.082e-02, unitary_metric = 1.00001
Error = :9.78e-02; Runtime: 617.8s; Iterations = 1420, grads =   1.270e-02, unitary_metric = 1.00001
Error = :9.75e-02; Runtime: 626.3s; Iterations = 1440, grads =   1.377e-03, unitary_metric = 1.00001
Error = :9.75e-02; Runtime: 634.8s; Iterations = 1460, grads =   1.516e-03, unitary_metric = 1.00001
Error = :9.81e-02; Runtime: 643.3s; Iterations = 1480, grads =   2.111e-02, unitary_metric = 1.00000
Error = :9.76e-02; Runtime: 651.8s; Iterations = 1500, grads =   3.812e-03, unitary_metric = 1.00001
Error = :9.75e-02; Runtime: 661.1s; Iterations = 1520, grads =   6.087e-04, unitary_metric = 1.00001
Error = :9.75e-02; Runtime: 669.6s; Iterations = 1540, grads =   1.764e-03, unitary_metric = 1.00001
Error = :9.99e-02; Runtime: 678.1s; Iterations = 1560, grads =   1.071e-01, unitary_metric = 1.00001
Error = :9.81e-02; Runtime: 686.7s; Iterations = 1580, grads =   2.427e-02, unitary_metric = 1.00001
Error = :9.76e-02; Runtime: 695.2s; Iterations = 1600, grads =   3.875e-03, unitary_metric = 1.00001
Error = :9.75e-02; Runtime: 704.3s; Iterations = 1620, grads =   5.541e-04, unitary_metric = 1.00001
Error = :9.75e-02; Runtime: 712.9s; Iterations = 1640, grads =   6.970e-04, unitary_metric = 1.00001
Error = :9.82e-02; Runtime: 721.4s; Iterations = 1660, grads =   2.958e-02, unitary_metric = 1.00001
Error = :9.81e-02; Runtime: 729.9s; Iterations = 1680, grads =   2.386e-02, unitary_metric = 1.00001
Error = :9.76e-02; Runtime: 738.4s; Iterations = 1700, grads =   2.185e-03, unitary_metric = 1.00001
Error = :9.75e-02; Runtime: 747.6s; Iterations = 1720, grads =   5.965e-04, unitary_metric = 1.00001
Error = :9.81e-02; Runtime: 756.2s; Iterations = 1740, grads =   2.852e-02, unitary_metric = 1.00001
Error = :9.77e-02; Runtime: 764.7s; Iterations = 1760, grads =   9.241e-03, unitary_metric = 1.00001
Error = :9.85e-02; Runtime: 773.2s; Iterations = 1780, grads =   4.013e-02, unitary_metric = 1.00001
Error = :9.79e-02; Runtime: 781.8s; Iterations = 1800, grads =   1.551e-02, unitary_metric = 1.00001
Error = :9.75e-02; Runtime: 790.9s; Iterations = 1820, grads =   1.008e-03, unitary_metric = 1.00001
Error = :9.75e-02; Runtime: 799.6s; Iterations = 1840, grads =   1.208e-04, unitary_metric = 1.00001
Error = :9.75e-02; Runtime: 808.2s; Iterations = 1860, grads =   4.868e-05, unitary_metric = 1.00001
Error = :9.75e-02; Runtime: 816.7s; Iterations = 1880, grads =   3.823e-05, unitary_metric = 1.00001
Error = :9.77e-02; Runtime: 825.2s; Iterations = 1900, grads =   7.511e-03, unitary_metric = 1.00001
Error = :9.84e-02; Runtime: 834.3s; Iterations = 1920, grads =   3.966e-02, unitary_metric = 1.00001
Error = :9.85e-02; Runtime: 842.8s; Iterations = 1940, grads =   4.259e-02, unitary_metric = 1.00001
Error = :9.76e-02; Runtime: 851.4s; Iterations = 1960, grads =   4.018e-03, unitary_metric = 1.00001
Error = :9.75e-02; Runtime: 859.9s; Iterations = 1980, grads =   3.482e-04, unitary_metric = 1.00001
Error = :9.75e-02; Runtime: 868.4s; Iterations = 2000, grads =   5.211e-04, unitary_metric = 1.00001
Error = :9.76e-02; Runtime: 877.6s; Iterations = 2020, grads =   5.647e-03, unitary_metric = 1.00001
Error = :9.80e-02; Runtime: 886.2s; Iterations = 2040, grads =   2.324e-02, unitary_metric = 1.00001
Error = :9.75e-02; Runtime: 894.7s; Iterations = 2060, grads =   5.559e-03, unitary_metric = 1.00000
Error = :9.72e-02; Runtime: 903.3s; Iterations = 2080, grads =   1.140e-04, unitary_metric = 1.00001
Error = :9.58e-02; Runtime: 911.9s; Iterations = 2100, grads =   8.695e-05, unitary_metric = 1.00000
Error = :6.33e-02; Runtime: 921.0s; Iterations = 2120, grads =   1.573e-03, unitary_metric = 1.00000
Error = :1.88e-02; Runtime: 929.6s; Iterations = 2140, grads =   5.941e-01, unitary_metric = 1.00000
Error = :8.29e-04; Runtime: 934.7s; Iterations = 2152, grads =   1.476e-02, unitary_metric = 1.00000
data saved at: /project/ftchong/qoc/pranav/00018_31_h2o_slice_185.h5


trying total_time: 21.25 for unitary of size (16, 16)
data saved at: /project/ftchong/qoc/pranav/00019_31_h2o_slice_185.h5
Using 7 Taylor terms and 2 Scaling & Squaring terms
Building graph:
Propagators initialized.
Operators weight initialized.
Intermediate propagation variables initialized.
Intermediate propagators initialized.
Vectors initialized.
Training loss initialized.
Optimizer initialized.
Utilities initialized.
Graph built!
Initialized
Error = :5.75e-01; Runtime: 0.7s; Iterations = 0, grads =   5.645e-01, unitary_metric = 1.00003
Error = :9.06e-01; Runtime: 10.0s; Iterations = 20, grads =   3.793e-03, unitary_metric = 1.00002
Error = :9.03e-01; Runtime: 18.1s; Iterations = 40, grads =   7.487e-04, unitary_metric = 1.00002
Error = :9.03e-01; Runtime: 26.2s; Iterations = 60, grads =   1.041e-03, unitary_metric = 1.00002
Error = :9.03e-01; Runtime: 34.2s; Iterations = 80, grads =   1.242e-04, unitary_metric = 1.00002
Error = :9.02e-01; Runtime: 42.3s; Iterations = 100, grads =   4.470e-06, unitary_metric = 1.00002
Error = :9.02e-01; Runtime: 51.0s; Iterations = 120, grads =   2.445e-06, unitary_metric = 1.00002
Error = :9.02e-01; Runtime: 59.0s; Iterations = 140, grads =   2.669e-07, unitary_metric = 1.00002
Error = :9.02e-01; Runtime: 67.0s; Iterations = 160, grads =   4.027e-08, unitary_metric = 1.00002
Error = :9.02e-01; Runtime: 75.1s; Iterations = 180, grads =   1.125e-08, unitary_metric = 1.00002
Error = :9.02e-01; Runtime: 83.1s; Iterations = 200, grads =   1.557e-07, unitary_metric = 1.00002
Error = :8.98e-01; Runtime: 91.7s; Iterations = 220, grads =   1.451e-04, unitary_metric = 1.00001
Error = :1.82e-01; Runtime: 99.8s; Iterations = 240, grads =   2.914e+00, unitary_metric = 0.99999
Error = :2.54e-02; Runtime: 107.9s; Iterations = 260, grads =   5.299e-01, unitary_metric = 0.99999
Error = :1.51e-03; Runtime: 115.9s; Iterations = 280, grads =   1.437e-02, unitary_metric = 0.99999
Error = :9.88e-04; Runtime: 118.7s; Iterations = 287, grads =   1.492e-02, unitary_metric = 0.99999
data saved at: /project/ftchong/qoc/pranav/00019_31_h2o_slice_185.h5


trying total_time: 20.6 for unitary of size (16, 16)
data saved at: /project/ftchong/qoc/pranav/00020_31_h2o_slice_185.h5
Using 7 Taylor terms and 2 Scaling & Squaring terms
Building graph:
Propagators initialized.
Operators weight initialized.
Intermediate propagation variables initialized.
Intermediate propagators initialized.
Vectors initialized.
Training loss initialized.
Optimizer initialized.
Utilities initialized.
Graph built!
Initialized
Error = :6.65e-01; Runtime: 0.7s; Iterations = 0, grads =   1.984e+00, unitary_metric = 1.00001
Error = :3.10e-01; Runtime: 9.7s; Iterations = 20, grads =   6.000e+00, unitary_metric = 1.00001
Error = :1.18e-01; Runtime: 17.5s; Iterations = 40, grads =   7.347e-01, unitary_metric = 1.00001
Error = :1.00e-01; Runtime: 25.3s; Iterations = 60, grads =   1.028e-01, unitary_metric = 1.00001
Error = :9.80e-02; Runtime: 33.1s; Iterations = 80, grads =   1.711e-02, unitary_metric = 1.00001
Error = :9.76e-02; Runtime: 40.9s; Iterations = 100, grads =   2.020e-03, unitary_metric = 1.00001
Error = :9.75e-02; Runtime: 49.4s; Iterations = 120, grads =   2.023e-04, unitary_metric = 1.00000
Error = :9.75e-02; Runtime: 57.2s; Iterations = 140, grads =   8.431e-06, unitary_metric = 1.00000
Error = :9.75e-02; Runtime: 65.0s; Iterations = 160, grads =   7.461e-06, unitary_metric = 1.00000
Error = :9.75e-02; Runtime: 72.8s; Iterations = 180, grads =   7.989e-07, unitary_metric = 1.00000
Error = :9.75e-02; Runtime: 80.6s; Iterations = 200, grads =   9.049e-08, unitary_metric = 1.00000
Error = :9.75e-02; Runtime: 89.0s; Iterations = 220, grads =   1.811e-08, unitary_metric = 1.00000
Error = :9.75e-02; Runtime: 96.8s; Iterations = 240, grads =   2.173e-07, unitary_metric = 1.00000
Error = :1.10e-01; Runtime: 104.6s; Iterations = 260, grads =   4.222e-01, unitary_metric = 1.00000
Error = :9.79e-02; Runtime: 112.4s; Iterations = 280, grads =   1.270e-02, unitary_metric = 1.00001
Error = :9.76e-02; Runtime: 120.3s; Iterations = 300, grads =   2.098e-03, unitary_metric = 1.00001
Error = :9.75e-02; Runtime: 128.6s; Iterations = 320, grads =   8.023e-04, unitary_metric = 1.00001
Error = :9.75e-02; Runtime: 136.4s; Iterations = 340, grads =   5.487e-05, unitary_metric = 1.00001
Error = :9.75e-02; Runtime: 144.2s; Iterations = 360, grads =   1.304e-05, unitary_metric = 1.00001
Error = :9.75e-02; Runtime: 152.0s; Iterations = 380, grads =   3.171e-09, unitary_metric = 1.00001
Error = :9.75e-02; Runtime: 159.8s; Iterations = 400, grads =   2.575e-09, unitary_metric = 1.00001
Error = :9.75e-02; Runtime: 168.1s; Iterations = 420, grads =   3.434e-08, unitary_metric = 1.00001
Error = :9.75e-02; Runtime: 175.9s; Iterations = 440, grads =   4.274e-09, unitary_metric = 1.00001
Error = :9.75e-02; Runtime: 183.7s; Iterations = 460, grads =   8.215e-10, unitary_metric = 1.00001
Error = :9.75e-02; Runtime: 191.5s; Iterations = 480, grads =   6.975e-11, unitary_metric = 1.00001
Error = :9.75e-02; Runtime: 199.3s; Iterations = 500, grads =   8.502e-08, unitary_metric = 1.00001
Error = :9.77e-02; Runtime: 207.7s; Iterations = 520, grads =   5.485e-03, unitary_metric = 1.00001
Error = :9.75e-02; Runtime: 215.5s; Iterations = 540, grads =   1.389e-03, unitary_metric = 1.00001
Error = :9.77e-02; Runtime: 223.3s; Iterations = 560, grads =   7.261e-03, unitary_metric = 1.00001
Error = :9.75e-02; Runtime: 231.1s; Iterations = 580, grads =   4.737e-04, unitary_metric = 1.00001
Error = :9.75e-02; Runtime: 238.9s; Iterations = 600, grads =   1.397e-04, unitary_metric = 1.00001
Error = :9.75e-02; Runtime: 247.4s; Iterations = 620, grads =   1.662e-05, unitary_metric = 1.00001
Error = :9.75e-02; Runtime: 255.2s; Iterations = 640, grads =   2.152e-06, unitary_metric = 1.00001
Error = :9.75e-02; Runtime: 263.0s; Iterations = 660, grads =   1.022e-07, unitary_metric = 1.00001
Error = :9.75e-02; Runtime: 270.8s; Iterations = 680, grads =   2.469e-09, unitary_metric = 1.00001
Error = :9.75e-02; Runtime: 278.6s; Iterations = 700, grads =   3.648e-09, unitary_metric = 1.00001
Error = :9.75e-02; Runtime: 287.0s; Iterations = 720, grads =   1.736e-09, unitary_metric = 1.00001
Error = :9.75e-02; Runtime: 294.8s; Iterations = 740, grads =   2.460e-08, unitary_metric = 1.00001
Error = :9.75e-02; Runtime: 302.6s; Iterations = 760, grads =   1.702e-04, unitary_metric = 1.00001
Error = :9.90e-02; Runtime: 310.4s; Iterations = 780, grads =   6.237e-02, unitary_metric = 1.00001
Error = :9.75e-02; Runtime: 318.2s; Iterations = 800, grads =   6.308e-04, unitary_metric = 1.00001
Error = :9.96e-02; Runtime: 326.6s; Iterations = 820, grads =   7.085e-02, unitary_metric = 1.00001
Error = :9.75e-02; Runtime: 334.5s; Iterations = 840, grads =   4.823e-04, unitary_metric = 1.00001
Error = :9.75e-02; Runtime: 342.3s; Iterations = 860, grads =   1.113e-03, unitary_metric = 1.00001
Error = :9.75e-02; Runtime: 350.1s; Iterations = 880, grads =   3.349e-05, unitary_metric = 1.00001
Error = :9.75e-02; Runtime: 357.9s; Iterations = 900, grads =   9.566e-07, unitary_metric = 1.00001
Error = :9.75e-02; Runtime: 366.3s; Iterations = 920, grads =   1.073e-06, unitary_metric = 1.00001
Error = :9.75e-02; Runtime: 374.1s; Iterations = 940, grads =   2.916e-07, unitary_metric = 1.00001
Error = :9.75e-02; Runtime: 381.9s; Iterations = 960, grads =   4.072e-08, unitary_metric = 1.00001
Error = :9.75e-02; Runtime: 389.7s; Iterations = 980, grads =   4.476e-09, unitary_metric = 1.00001
Error = :9.75e-02; Runtime: 397.5s; Iterations = 1000, grads =   6.448e-09, unitary_metric = 1.00001
Error = :9.75e-02; Runtime: 406.0s; Iterations = 1020, grads =   3.501e-09, unitary_metric = 1.00001
Error = :9.75e-02; Runtime: 413.8s; Iterations = 1040, grads =   1.546e-06, unitary_metric = 1.00001
Error = :9.79e-02; Runtime: 421.6s; Iterations = 1060, grads =   1.826e-02, unitary_metric = 1.00001
Error = :1.01e-01; Runtime: 429.5s; Iterations = 1080, grads =   1.431e-01, unitary_metric = 1.00001
Error = :9.79e-02; Runtime: 437.3s; Iterations = 1100, grads =   1.268e-02, unitary_metric = 1.00000
Error = :9.75e-02; Runtime: 445.7s; Iterations = 1120, grads =   7.919e-04, unitary_metric = 1.00000
Error = :9.75e-02; Runtime: 453.5s; Iterations = 1140, grads =   3.820e-04, unitary_metric = 1.00001
Error = :9.75e-02; Runtime: 461.4s; Iterations = 1160, grads =   1.227e-05, unitary_metric = 1.00001
Error = :9.75e-02; Runtime: 469.2s; Iterations = 1180, grads =   7.072e-06, unitary_metric = 1.00001
Error = :9.75e-02; Runtime: 477.0s; Iterations = 1200, grads =   8.608e-07, unitary_metric = 1.00001
Error = :9.75e-02; Runtime: 485.4s; Iterations = 1220, grads =   1.300e-07, unitary_metric = 1.00001
Error = :9.75e-02; Runtime: 493.2s; Iterations = 1240, grads =   5.612e-09, unitary_metric = 1.00001
Error = :9.75e-02; Runtime: 501.0s; Iterations = 1260, grads =   7.543e-09, unitary_metric = 1.00001
Error = :9.75e-02; Runtime: 508.9s; Iterations = 1280, grads =   3.092e-09, unitary_metric = 1.00001
Error = :9.75e-02; Runtime: 516.7s; Iterations = 1300, grads =   2.662e-08, unitary_metric = 1.00001
Error = :9.75e-02; Runtime: 525.1s; Iterations = 1320, grads =   5.324e-06, unitary_metric = 1.00000
Error = :9.79e-02; Runtime: 532.9s; Iterations = 1340, grads =   1.387e-02, unitary_metric = 1.00001
Error = :9.76e-02; Runtime: 540.7s; Iterations = 1360, grads =   5.635e-03, unitary_metric = 1.00001
Error = :9.84e-02; Runtime: 548.5s; Iterations = 1380, grads =   3.833e-02, unitary_metric = 1.00001
Error = :9.81e-02; Runtime: 556.3s; Iterations = 1400, grads =   2.160e-02, unitary_metric = 1.00001
Error = :9.75e-02; Runtime: 564.8s; Iterations = 1420, grads =   1.513e-03, unitary_metric = 1.00001
Error = :9.75e-02; Runtime: 572.6s; Iterations = 1440, grads =   1.051e-03, unitary_metric = 1.00001
Error = :9.75e-02; Runtime: 580.4s; Iterations = 1460, grads =   1.871e-04, unitary_metric = 1.00000
Error = :9.75e-02; Runtime: 588.2s; Iterations = 1480, grads =   2.149e-05, unitary_metric = 1.00001
Error = :9.75e-02; Runtime: 596.0s; Iterations = 1500, grads =   3.815e-06, unitary_metric = 1.00000
Error = :9.75e-02; Runtime: 604.6s; Iterations = 1520, grads =   6.213e-08, unitary_metric = 1.00001
Error = :9.75e-02; Runtime: 612.4s; Iterations = 1540, grads =   4.343e-08, unitary_metric = 1.00000
Error = :9.75e-02; Runtime: 620.2s; Iterations = 1560, grads =   1.017e-07, unitary_metric = 1.00001
Error = :9.75e-02; Runtime: 628.0s; Iterations = 1580, grads =   1.778e-06, unitary_metric = 1.00001
Error = :9.75e-02; Runtime: 635.8s; Iterations = 1600, grads =   6.012e-04, unitary_metric = 1.00001
Error = :9.76e-02; Runtime: 644.2s; Iterations = 1620, grads =   2.937e-03, unitary_metric = 1.00000
Error = :9.98e-02; Runtime: 652.0s; Iterations = 1640, grads =   9.125e-02, unitary_metric = 1.00000
Error = :9.78e-02; Runtime: 659.8s; Iterations = 1660, grads =   1.129e-02, unitary_metric = 1.00001
Error = :9.75e-02; Runtime: 667.6s; Iterations = 1680, grads =   2.017e-03, unitary_metric = 1.00001
Error = :9.75e-02; Runtime: 675.4s; Iterations = 1700, grads =   2.425e-05, unitary_metric = 1.00001
Error = :9.75e-02; Runtime: 683.9s; Iterations = 1720, grads =   6.965e-06, unitary_metric = 1.00001
Error = :9.75e-02; Runtime: 691.7s; Iterations = 1740, grads =   1.717e-06, unitary_metric = 1.00001
Error = :9.75e-02; Runtime: 699.5s; Iterations = 1760, grads =   7.631e-07, unitary_metric = 1.00001
Error = :9.75e-02; Runtime: 707.3s; Iterations = 1780, grads =   2.128e-08, unitary_metric = 1.00001
Error = :9.75e-02; Runtime: 715.1s; Iterations = 1800, grads =   5.751e-08, unitary_metric = 1.00001
Error = :9.75e-02; Runtime: 723.5s; Iterations = 1820, grads =   9.317e-08, unitary_metric = 1.00001
Error = :9.75e-02; Runtime: 731.3s; Iterations = 1840, grads =   5.501e-06, unitary_metric = 1.00001
Error = :9.76e-02; Runtime: 739.1s; Iterations = 1860, grads =   2.825e-03, unitary_metric = 1.00001
Error = :9.86e-02; Runtime: 746.9s; Iterations = 1880, grads =   3.933e-02, unitary_metric = 1.00001
Error = :9.75e-02; Runtime: 754.7s; Iterations = 1900, grads =   1.189e-03, unitary_metric = 1.00001
Error = :9.75e-02; Runtime: 763.0s; Iterations = 1920, grads =   1.875e-03, unitary_metric = 1.00000
Error = :9.76e-02; Runtime: 770.8s; Iterations = 1940, grads =   3.479e-03, unitary_metric = 1.00001
Error = :9.82e-02; Runtime: 778.6s; Iterations = 1960, grads =   2.715e-02, unitary_metric = 1.00001
Error = :9.75e-02; Runtime: 786.4s; Iterations = 1980, grads =   3.361e-06, unitary_metric = 1.00001
Error = :9.75e-02; Runtime: 794.3s; Iterations = 2000, grads =   4.318e-04, unitary_metric = 1.00001
Error = :9.75e-02; Runtime: 802.8s; Iterations = 2020, grads =   3.385e-06, unitary_metric = 1.00000
Error = :9.75e-02; Runtime: 810.6s; Iterations = 2040, grads =   1.342e-06, unitary_metric = 1.00000
Error = :9.75e-02; Runtime: 818.4s; Iterations = 2060, grads =   3.032e-07, unitary_metric = 1.00000
Error = :9.75e-02; Runtime: 826.1s; Iterations = 2080, grads =   6.431e-08, unitary_metric = 1.00000
Error = :9.75e-02; Runtime: 834.0s; Iterations = 2100, grads =   5.347e-07, unitary_metric = 1.00000
Error = :9.74e-02; Runtime: 842.4s; Iterations = 2120, grads =   8.076e-05, unitary_metric = 1.00001
Error = :9.86e-02; Runtime: 850.2s; Iterations = 2140, grads =   4.122e-02, unitary_metric = 1.00000
Error = :9.79e-02; Runtime: 857.9s; Iterations = 2160, grads =   2.997e-02, unitary_metric = 1.00000
Error = :9.59e-02; Runtime: 865.8s; Iterations = 2180, grads =   7.422e-04, unitary_metric = 1.00000
Error = :7.84e-02; Runtime: 873.6s; Iterations = 2200, grads =   1.558e-03, unitary_metric = 0.99999
Error = :2.01e-02; Runtime: 882.0s; Iterations = 2220, grads =   5.284e-01, unitary_metric = 0.99999
Error = :8.47e-04; Runtime: 886.6s; Iterations = 2232, grads =   7.221e-04, unitary_metric = 0.99999
data saved at: /project/ftchong/qoc/pranav/00020_31_h2o_slice_185.h5


trying total_time: 20.3 for unitary of size (16, 16)
data saved at: /project/ftchong/qoc/pranav/00021_31_h2o_slice_185.h5
Using 7 Taylor terms and 2 Scaling & Squaring terms
Building graph:
Propagators initialized.
Operators weight initialized.
Intermediate propagation variables initialized.
Intermediate propagators initialized.
Vectors initialized.
Training loss initialized.
Optimizer initialized.
Utilities initialized.
Graph built!
Initialized
Error = :6.54e-01; Runtime: 0.7s; Iterations = 0, grads =   1.837e+00, unitary_metric = 1.00001
Error = :2.12e-01; Runtime: 9.7s; Iterations = 20, grads =   3.365e+00, unitary_metric = 1.00001
Error = :1.06e-01; Runtime: 17.4s; Iterations = 40, grads =   2.735e-01, unitary_metric = 1.00001
Error = :9.88e-02; Runtime: 25.1s; Iterations = 60, grads =   4.489e-02, unitary_metric = 1.00001
Error = :9.80e-02; Runtime: 32.9s; Iterations = 80, grads =   2.054e-02, unitary_metric = 1.00001
Error = :9.76e-02; Runtime: 40.6s; Iterations = 100, grads =   2.215e-03, unitary_metric = 1.00001
Error = :9.75e-02; Runtime: 49.0s; Iterations = 120, grads =   1.271e-04, unitary_metric = 1.00001
Error = :9.75e-02; Runtime: 56.7s; Iterations = 140, grads =   4.538e-05, unitary_metric = 1.00000
Error = :9.75e-02; Runtime: 64.4s; Iterations = 160, grads =   7.393e-06, unitary_metric = 1.00000
Error = :9.75e-02; Runtime: 72.1s; Iterations = 180, grads =   7.493e-07, unitary_metric = 1.00001
Error = :9.75e-02; Runtime: 79.8s; Iterations = 200, grads =   8.439e-08, unitary_metric = 1.00001
Error = :9.75e-02; Runtime: 88.1s; Iterations = 220, grads =   1.332e-08, unitary_metric = 1.00000
Error = :9.75e-02; Runtime: 95.8s; Iterations = 240, grads =   4.751e-10, unitary_metric = 1.00000
Error = :9.75e-02; Runtime: 103.6s; Iterations = 260, grads =   3.746e-10, unitary_metric = 1.00000
Error = :9.75e-02; Runtime: 111.3s; Iterations = 280, grads =   4.827e-10, unitary_metric = 1.00001
Error = :9.75e-02; Runtime: 119.0s; Iterations = 300, grads =   1.038e-10, unitary_metric = 1.00001
Error = :9.75e-02; Runtime: 127.3s; Iterations = 320, grads =   5.091e-06, unitary_metric = 1.00001
Error = :1.01e-01; Runtime: 135.0s; Iterations = 340, grads =   1.387e-01, unitary_metric = 1.00001
Error = :9.85e-02; Runtime: 142.7s; Iterations = 360, grads =   4.018e-02, unitary_metric = 1.00001
Error = :9.75e-02; Runtime: 150.4s; Iterations = 380, grads =   4.041e-04, unitary_metric = 1.00001
Error = :9.75e-02; Runtime: 158.1s; Iterations = 400, grads =   4.874e-04, unitary_metric = 1.00000
Error = :9.75e-02; Runtime: 166.4s; Iterations = 420, grads =   2.656e-05, unitary_metric = 1.00001
Error = :9.75e-02; Runtime: 174.1s; Iterations = 440, grads =   9.126e-06, unitary_metric = 1.00001
Error = :9.75e-02; Runtime: 181.8s; Iterations = 460, grads =   6.432e-07, unitary_metric = 1.00001
Error = :9.75e-02; Runtime: 189.6s; Iterations = 480, grads =   3.612e-06, unitary_metric = 1.00001
Error = :9.75e-02; Runtime: 197.3s; Iterations = 500, grads =   2.487e-07, unitary_metric = 1.00001
Error = :9.75e-02; Runtime: 205.6s; Iterations = 520, grads =   5.550e-08, unitary_metric = 1.00001
Error = :9.75e-02; Runtime: 213.3s; Iterations = 540, grads =   9.776e-09, unitary_metric = 1.00001
Error = :9.75e-02; Runtime: 221.0s; Iterations = 560, grads =   2.306e-09, unitary_metric = 1.00001
Error = :9.75e-02; Runtime: 228.7s; Iterations = 580, grads =   6.218e-08, unitary_metric = 1.00001
Error = :9.75e-02; Runtime: 236.4s; Iterations = 600, grads =   3.657e-04, unitary_metric = 1.00001
Error = :1.01e-01; Runtime: 244.6s; Iterations = 620, grads =   1.406e-01, unitary_metric = 1.00001
Error = :9.78e-02; Runtime: 252.4s; Iterations = 640, grads =   1.386e-02, unitary_metric = 1.00001
Error = :9.75e-02; Runtime: 260.0s; Iterations = 660, grads =   1.306e-03, unitary_metric = 1.00001
Error = :9.75e-02; Runtime: 267.7s; Iterations = 680, grads =   3.113e-04, unitary_metric = 1.00001
Error = :9.75e-02; Runtime: 275.5s; Iterations = 700, grads =   6.014e-04, unitary_metric = 1.00001
Error = :9.84e-02; Runtime: 283.7s; Iterations = 720, grads =   2.856e-02, unitary_metric = 1.00001
Error = :9.76e-02; Runtime: 291.4s; Iterations = 740, grads =   1.993e-03, unitary_metric = 1.00001
Error = :9.75e-02; Runtime: 299.1s; Iterations = 760, grads =   5.806e-05, unitary_metric = 1.00001
Error = :9.75e-02; Runtime: 306.8s; Iterations = 780, grads =   3.441e-05, unitary_metric = 1.00001
Error = :9.75e-02; Runtime: 314.6s; Iterations = 800, grads =   1.824e-05, unitary_metric = 1.00001
Error = :9.75e-02; Runtime: 322.8s; Iterations = 820, grads =   2.344e-07, unitary_metric = 1.00001
Error = :9.75e-02; Runtime: 330.5s; Iterations = 840, grads =   2.952e-08, unitary_metric = 1.00001
Error = :9.75e-02; Runtime: 338.2s; Iterations = 860, grads =   9.138e-05, unitary_metric = 1.00001
Error = :9.81e-02; Runtime: 345.9s; Iterations = 880, grads =   2.278e-02, unitary_metric = 1.00001
Error = :9.80e-02; Runtime: 353.6s; Iterations = 900, grads =   2.124e-02, unitary_metric = 1.00001
Error = :9.75e-02; Runtime: 361.8s; Iterations = 920, grads =   7.401e-04, unitary_metric = 1.00001
Error = :9.75e-02; Runtime: 369.5s; Iterations = 940, grads =   2.169e-04, unitary_metric = 1.00001
Error = :9.75e-02; Runtime: 377.2s; Iterations = 960, grads =   8.317e-07, unitary_metric = 1.00001
Error = :9.75e-02; Runtime: 384.9s; Iterations = 980, grads =   2.798e-06, unitary_metric = 1.00001
Error = :9.76e-02; Runtime: 392.6s; Iterations = 1000, grads =   4.180e-03, unitary_metric = 1.00001
Error = :9.78e-02; Runtime: 400.9s; Iterations = 1020, grads =   8.056e-03, unitary_metric = 1.00001
Error = :9.75e-02; Runtime: 408.6s; Iterations = 1040, grads =   1.439e-03, unitary_metric = 1.00001
Error = :9.75e-02; Runtime: 416.3s; Iterations = 1060, grads =   5.218e-04, unitary_metric = 1.00001
Error = :9.75e-02; Runtime: 423.9s; Iterations = 1080, grads =   3.832e-06, unitary_metric = 1.00001
Error = :9.75e-02; Runtime: 431.6s; Iterations = 1100, grads =   3.310e-06, unitary_metric = 1.00001
Error = :9.75e-02; Runtime: 439.9s; Iterations = 1120, grads =   2.931e-06, unitary_metric = 1.00001
Error = :9.75e-02; Runtime: 447.6s; Iterations = 1140, grads =   1.141e-04, unitary_metric = 1.00001
Error = :1.01e-01; Runtime: 455.3s; Iterations = 1160, grads =   1.415e-01, unitary_metric = 1.00001
Error = :9.76e-02; Runtime: 462.9s; Iterations = 1180, grads =   3.166e-03, unitary_metric = 1.00001
Error = :9.75e-02; Runtime: 470.7s; Iterations = 1200, grads =   7.104e-06, unitary_metric = 1.00001
Error = :9.75e-02; Runtime: 478.9s; Iterations = 1220, grads =   2.140e-04, unitary_metric = 1.00001
Error = :9.75e-02; Runtime: 486.5s; Iterations = 1240, grads =   2.268e-06, unitary_metric = 1.00001
Error = :9.75e-02; Runtime: 494.3s; Iterations = 1260, grads =   2.414e-06, unitary_metric = 1.00001
Error = :9.75e-02; Runtime: 501.9s; Iterations = 1280, grads =   1.057e-07, unitary_metric = 1.00001
Error = :9.75e-02; Runtime: 509.6s; Iterations = 1300, grads =   2.252e-06, unitary_metric = 1.00001
Error = :9.77e-02; Runtime: 517.9s; Iterations = 1320, grads =   7.149e-03, unitary_metric = 1.00001
Error = :9.76e-02; Runtime: 525.6s; Iterations = 1340, grads =   3.236e-03, unitary_metric = 1.00001
Error = :9.77e-02; Runtime: 533.3s; Iterations = 1360, grads =   6.972e-03, unitary_metric = 1.00001
Error = :9.85e-02; Runtime: 540.9s; Iterations = 1380, grads =   3.912e-02, unitary_metric = 1.00001
Error = :9.81e-02; Runtime: 548.6s; Iterations = 1400, grads =   2.627e-02, unitary_metric = 1.00001
Error = :9.75e-02; Runtime: 556.9s; Iterations = 1420, grads =   7.967e-04, unitary_metric = 1.00001
Error = :9.75e-02; Runtime: 564.5s; Iterations = 1440, grads =   3.788e-04, unitary_metric = 1.00001
Error = :9.75e-02; Runtime: 572.2s; Iterations = 1460, grads =   6.024e-05, unitary_metric = 1.00000
Error = :9.74e-02; Runtime: 579.9s; Iterations = 1480, grads =   5.811e-06, unitary_metric = 1.00000
Error = :9.74e-02; Runtime: 587.6s; Iterations = 1500, grads =   6.423e-07, unitary_metric = 1.00001
Error = :9.73e-02; Runtime: 595.9s; Iterations = 1520, grads =   8.774e-07, unitary_metric = 1.00001
Error = :9.70e-02; Runtime: 603.6s; Iterations = 1540, grads =   4.451e-06, unitary_metric = 1.00000
Error = :9.48e-02; Runtime: 611.3s; Iterations = 1560, grads =   7.673e-05, unitary_metric = 1.00000
Error = :1.30e-02; Runtime: 619.0s; Iterations = 1580, grads =   3.716e-03, unitary_metric = 1.00000
Error = :2.89e-03; Runtime: 626.6s; Iterations = 1600, grads =   8.891e-04, unitary_metric = 1.00000
Error = :9.61e-04; Runtime: 629.5s; Iterations = 1606, grads =   1.700e-04, unitary_metric = 1.00000
data saved at: /project/ftchong/qoc/pranav/00021_31_h2o_slice_185.h5




[0.3, 0.3, 20.3]
TIME FOR SLICE IS:
20.3
