Running Block:  331


trying total_time: 10.0 for unitary of size (4, 4)
data saved at: /project/ftchong/qoc/pranav/00000_01_h2o_slice_331.h5
Using 6 Taylor terms and 1 Scaling & Squaring terms
Building graph:
Propagators initialized.
Operators weight initialized.
Intermediate propagation variables initialized.
Intermediate propagators initialized.
Vectors initialized.
Training loss initialized.
Optimizer initialized.
Utilities initialized.
Graph built!
Initialized
Error = :8.06e-02; Runtime: 0.3s; Iterations = 0, grads =   1.527e+00, unitary_metric = 0.99999
Error = :1.48e-02; Runtime: 2.1s; Iterations = 20, grads =   3.163e-01, unitary_metric = 1.00000
Error = :2.97e-04; Runtime: 2.8s; Iterations = 31, grads =   5.681e-03, unitary_metric = 1.00000
data saved at: /project/ftchong/qoc/pranav/00000_01_h2o_slice_331.h5


trying total_time: 5.0 for unitary of size (4, 4)
data saved at: /project/ftchong/qoc/pranav/00001_01_h2o_slice_331.h5
Using 6 Taylor terms and 1 Scaling & Squaring terms
Building graph:
Propagators initialized.
Operators weight initialized.
Intermediate propagation variables initialized.
Intermediate propagators initialized.
Vectors initialized.
Training loss initialized.
Optimizer initialized.
Utilities initialized.
Graph built!
Initialized
Error = :2.38e-01; Runtime: 0.1s; Iterations = 0, grads =   1.863e+00, unitary_metric = 1.00000
Error = :6.35e-03; Runtime: 1.1s; Iterations = 20, grads =   6.837e-02, unitary_metric = 1.00000
Error = :8.92e-04; Runtime: 1.6s; Iterations = 35, grads =   9.658e-03, unitary_metric = 1.00000
data saved at: /project/ftchong/qoc/pranav/00001_01_h2o_slice_331.h5


trying total_time: 2.5 for unitary of size (4, 4)
data saved at: /project/ftchong/qoc/pranav/00002_01_h2o_slice_331.h5
Using 6 Taylor terms and 1 Scaling & Squaring terms
Building graph:
Propagators initialized.
Operators weight initialized.
Intermediate propagation variables initialized.
Intermediate propagators initialized.
Vectors initialized.
Training loss initialized.
Optimizer initialized.
Utilities initialized.
Graph built!
Initialized
Error = :1.23e-01; Runtime: 0.1s; Iterations = 0, grads =   5.679e-01, unitary_metric = 1.00000
Error = :1.33e-04; Runtime: 0.6s; Iterations = 20, grads =   4.573e-04, unitary_metric = 1.00000
data saved at: /project/ftchong/qoc/pranav/00002_01_h2o_slice_331.h5


trying total_time: 1.25 for unitary of size (4, 4)
data saved at: /project/ftchong/qoc/pranav/00003_01_h2o_slice_331.h5
Using 6 Taylor terms and 1 Scaling & Squaring terms
Building graph:
Propagators initialized.
Operators weight initialized.
Intermediate propagation variables initialized.
Intermediate propagators initialized.
Vectors initialized.
Training loss initialized.
Optimizer initialized.
Utilities initialized.
Graph built!
Initialized
Error = :4.51e-02; Runtime: 0.1s; Iterations = 0, grads =   1.084e-01, unitary_metric = 1.00000
Error = :8.74e-04; Runtime: 0.3s; Iterations = 13, grads =   1.661e-03, unitary_metric = 1.00000
data saved at: /project/ftchong/qoc/pranav/00003_01_h2o_slice_331.h5


trying total_time: 0.6 for unitary of size (4, 4)
data saved at: /project/ftchong/qoc/pranav/00004_01_h2o_slice_331.h5
Using 7 Taylor terms and 0 Scaling & Squaring terms
Building graph:
Propagators initialized.
Operators weight initialized.
Intermediate propagation variables initialized.
Intermediate propagators initialized.
Vectors initialized.
Training loss initialized.
Optimizer initialized.
Utilities initialized.
Graph built!
Initialized
Error = :1.09e-01; Runtime: 0.0s; Iterations = 0, grads =   1.177e-01, unitary_metric = 1.00000
Error = :5.94e-03; Runtime: 0.2s; Iterations = 20, grads =   7.377e-03, unitary_metric = 1.00000
Error = :6.91e-04; Runtime: 0.3s; Iterations = 30, grads =   8.340e-04, unitary_metric = 1.00000
data saved at: /project/ftchong/qoc/pranav/00004_01_h2o_slice_331.h5


trying total_time: 0.3 for unitary of size (4, 4)
data saved at: /project/ftchong/qoc/pranav/00005_01_h2o_slice_331.h5
Using 5 Taylor terms and 1 Scaling & Squaring terms
Building graph:
Propagators initialized.
Operators weight initialized.
Intermediate propagation variables initialized.
Intermediate propagators initialized.
Vectors initialized.
Training loss initialized.
Optimizer initialized.
Utilities initialized.
Graph built!
Initialized
Error = :1.05e-02; Runtime: 0.0s; Iterations = 0, grads =   5.698e-03, unitary_metric = 1.00000
Error = :6.52e-04; Runtime: 0.1s; Iterations = 5, grads =   1.698e-04, unitary_metric = 1.00000
data saved at: /project/ftchong/qoc/pranav/00005_01_h2o_slice_331.h5


trying total_time: 40.0 for unitary of size (16, 16)
data saved at: /project/ftchong/qoc/pranav/00006_01_h2o_slice_331.h5
Using 5 Taylor terms and 4 Scaling & Squaring terms
Building graph:
Propagators initialized.
Operators weight initialized.
Intermediate propagation variables initialized.
Intermediate propagators initialized.
Vectors initialized.
Training loss initialized.
Optimizer initialized.
Utilities initialized.
Graph built!
Initialized
Error = :9.93e-01; Runtime: 1.4s; Iterations = 0, grads =   3.372e-04, unitary_metric = 1.00023
Error = :5.52e-01; Runtime: 18.6s; Iterations = 20, grads =   9.487e-01, unitary_metric = 1.00027
Error = :3.55e-02; Runtime: 33.5s; Iterations = 40, grads =   2.125e-01, unitary_metric = 1.00025
Error = :5.25e-03; Runtime: 48.4s; Iterations = 60, grads =   7.970e-02, unitary_metric = 1.00024
Error = :9.10e-04; Runtime: 61.1s; Iterations = 77, grads =   9.956e-03, unitary_metric = 1.00024
data saved at: /project/ftchong/qoc/pranav/00006_01_h2o_slice_331.h5


trying total_time: 20.0 for unitary of size (16, 16)
data saved at: /project/ftchong/qoc/pranav/00007_01_h2o_slice_331.h5
Using 7 Taylor terms and 2 Scaling & Squaring terms
Building graph:
Propagators initialized.
Operators weight initialized.
Intermediate propagation variables initialized.
Intermediate propagators initialized.
Vectors initialized.
Training loss initialized.
Optimizer initialized.
Utilities initialized.
Graph built!
Initialized
Error = :9.92e-01; Runtime: 0.6s; Iterations = 0, grads =   1.312e-04, unitary_metric = 1.00002
Error = :7.73e-01; Runtime: 9.0s; Iterations = 20, grads =   3.390e-02, unitary_metric = 1.00000
Error = :4.48e-01; Runtime: 16.3s; Iterations = 40, grads =   1.695e-02, unitary_metric = 1.00000
Error = :2.60e-02; Runtime: 23.7s; Iterations = 60, grads =   9.040e-02, unitary_metric = 0.99999
Error = :5.14e-03; Runtime: 31.0s; Iterations = 80, grads =   1.655e-02, unitary_metric = 0.99999
Error = :1.65e-03; Runtime: 38.3s; Iterations = 100, grads =   3.729e-02, unitary_metric = 0.99999
Error = :9.86e-04; Runtime: 41.4s; Iterations = 107, grads =   1.424e-02, unitary_metric = 0.99999
data saved at: /project/ftchong/qoc/pranav/00007_01_h2o_slice_331.h5


trying total_time: 10.0 for unitary of size (16, 16)
data saved at: /project/ftchong/qoc/pranav/00008_01_h2o_slice_331.h5
Using 7 Taylor terms and 2 Scaling & Squaring terms
Building graph:
Propagators initialized.
Operators weight initialized.
Intermediate propagation variables initialized.
Intermediate propagators initialized.
Vectors initialized.
Training loss initialized.
Optimizer initialized.
Utilities initialized.
Graph built!
Initialized
Error = :9.92e-01; Runtime: 0.3s; Iterations = 0, grads =   6.326e-05, unitary_metric = 1.00000
Error = :8.39e-01; Runtime: 4.5s; Iterations = 20, grads =   3.089e-03, unitary_metric = 0.99999
Error = :4.37e-01; Runtime: 8.0s; Iterations = 40, grads =   7.141e-03, unitary_metric = 0.99999
Error = :1.15e-01; Runtime: 11.6s; Iterations = 60, grads =   1.944e-02, unitary_metric = 0.99999
Error = :4.64e-03; Runtime: 15.2s; Iterations = 80, grads =   2.839e-03, unitary_metric = 0.99999
Error = :9.51e-04; Runtime: 16.4s; Iterations = 87, grads =   1.110e-03, unitary_metric = 0.99999
data saved at: /project/ftchong/qoc/pranav/00008_01_h2o_slice_331.h5


trying total_time: 5.0 for unitary of size (16, 16)
data saved at: /project/ftchong/qoc/pranav/00009_01_h2o_slice_331.h5
Using 7 Taylor terms and 2 Scaling & Squaring terms
Building graph:
Propagators initialized.
Operators weight initialized.
Intermediate propagation variables initialized.
Intermediate propagators initialized.
Vectors initialized.
Training loss initialized.
Optimizer initialized.
Utilities initialized.
Graph built!
Initialized
Error = :9.93e-01; Runtime: 0.2s; Iterations = 0, grads =   6.907e-05, unitary_metric = 1.00000
Error = :9.15e-01; Runtime: 2.4s; Iterations = 20, grads =   5.420e-04, unitary_metric = 0.99999
Error = :8.11e-01; Runtime: 4.1s; Iterations = 40, grads =   6.101e-04, unitary_metric = 0.99999
Error = :6.42e-01; Runtime: 6.1s; Iterations = 60, grads =   8.531e-04, unitary_metric = 0.99999
Error = :5.24e-01; Runtime: 7.9s; Iterations = 80, grads =   3.870e-04, unitary_metric = 0.99999
Error = :4.79e-01; Runtime: 9.7s; Iterations = 100, grads =   2.333e-04, unitary_metric = 0.99999
Error = :4.12e-01; Runtime: 11.6s; Iterations = 120, grads =   5.184e-04, unitary_metric = 0.99999
Error = :3.29e-01; Runtime: 13.4s; Iterations = 140, grads =   8.543e-04, unitary_metric = 0.99999
Error = :2.72e-01; Runtime: 15.2s; Iterations = 160, grads =   4.489e-04, unitary_metric = 0.99999
Error = :2.22e-01; Runtime: 17.0s; Iterations = 180, grads =   3.738e-04, unitary_metric = 0.99999
Error = :1.81e-01; Runtime: 18.8s; Iterations = 200, grads =   2.837e-04, unitary_metric = 0.99998
Error = :1.58e-01; Runtime: 20.7s; Iterations = 220, grads =   1.720e-03, unitary_metric = 0.99999
Error = :1.45e-01; Runtime: 22.5s; Iterations = 240, grads =   3.043e-04, unitary_metric = 0.99999
Error = :1.38e-01; Runtime: 24.2s; Iterations = 260, grads =   9.763e-05, unitary_metric = 0.99998
Error = :1.35e-01; Runtime: 26.0s; Iterations = 280, grads =   6.759e-04, unitary_metric = 0.99998
Error = :1.33e-01; Runtime: 27.8s; Iterations = 300, grads =   7.033e-05, unitary_metric = 0.99999
Error = :1.31e-01; Runtime: 29.8s; Iterations = 320, grads =   7.184e-06, unitary_metric = 0.99998
Error = :1.30e-01; Runtime: 31.5s; Iterations = 340, grads =   9.880e-06, unitary_metric = 0.99998
Error = :1.29e-01; Runtime: 33.3s; Iterations = 360, grads =   7.989e-04, unitary_metric = 0.99998
Error = :1.29e-01; Runtime: 35.1s; Iterations = 380, grads =   2.390e-05, unitary_metric = 0.99998
Error = :1.28e-01; Runtime: 36.9s; Iterations = 400, grads =   1.830e-05, unitary_metric = 0.99998
Error = :1.28e-01; Runtime: 38.8s; Iterations = 420, grads =   2.124e-06, unitary_metric = 0.99998
Error = :1.27e-01; Runtime: 40.6s; Iterations = 440, grads =   1.739e-05, unitary_metric = 0.99998
Error = :1.27e-01; Runtime: 42.4s; Iterations = 460, grads =   1.034e-03, unitary_metric = 0.99998
Error = :1.27e-01; Runtime: 44.1s; Iterations = 480, grads =   4.682e-05, unitary_metric = 0.99998
Error = :1.27e-01; Runtime: 45.9s; Iterations = 500, grads =   3.832e-05, unitary_metric = 0.99998
Error = :1.26e-01; Runtime: 47.9s; Iterations = 520, grads =   4.572e-06, unitary_metric = 0.99998
Error = :1.26e-01; Runtime: 49.6s; Iterations = 540, grads =   9.036e-07, unitary_metric = 0.99998
Error = :1.26e-01; Runtime: 51.4s; Iterations = 560, grads =   7.103e-07, unitary_metric = 0.99998
Error = :1.26e-01; Runtime: 53.2s; Iterations = 580, grads =   3.211e-06, unitary_metric = 0.99998
Error = :1.25e-01; Runtime: 54.9s; Iterations = 600, grads =   4.106e-05, unitary_metric = 0.99998
Error = :1.25e-01; Runtime: 56.8s; Iterations = 620, grads =   1.964e-04, unitary_metric = 0.99998
Error = :1.25e-01; Runtime: 58.6s; Iterations = 640, grads =   3.256e-05, unitary_metric = 0.99998
Error = :1.25e-01; Runtime: 60.4s; Iterations = 660, grads =   1.988e-04, unitary_metric = 0.99998
Error = :1.25e-01; Runtime: 62.1s; Iterations = 680, grads =   1.755e-05, unitary_metric = 0.99998
Error = :1.24e-01; Runtime: 63.9s; Iterations = 700, grads =   3.127e-06, unitary_metric = 0.99998
Error = :1.24e-01; Runtime: 65.9s; Iterations = 720, grads =   9.912e-06, unitary_metric = 0.99998
Error = :1.24e-01; Runtime: 67.6s; Iterations = 740, grads =   9.730e-05, unitary_metric = 0.99998
Error = :1.24e-01; Runtime: 69.4s; Iterations = 760, grads =   1.377e-04, unitary_metric = 0.99998
Error = :1.24e-01; Runtime: 71.1s; Iterations = 780, grads =   4.368e-05, unitary_metric = 0.99998
Error = :1.24e-01; Runtime: 72.9s; Iterations = 800, grads =   1.973e-06, unitary_metric = 0.99998
Error = :1.24e-01; Runtime: 74.8s; Iterations = 820, grads =   5.661e-05, unitary_metric = 0.99998
Error = :1.24e-01; Runtime: 76.6s; Iterations = 840, grads =   5.446e-04, unitary_metric = 0.99998
Error = :1.23e-01; Runtime: 78.4s; Iterations = 860, grads =   6.280e-05, unitary_metric = 0.99998
Error = :1.23e-01; Runtime: 80.1s; Iterations = 880, grads =   3.835e-05, unitary_metric = 0.99998
Error = :1.23e-01; Runtime: 81.9s; Iterations = 900, grads =   6.071e-06, unitary_metric = 0.99998
Error = :1.23e-01; Runtime: 83.8s; Iterations = 920, grads =   5.185e-04, unitary_metric = 0.99998
Error = :1.23e-01; Runtime: 85.6s; Iterations = 940, grads =   4.543e-05, unitary_metric = 0.99998
Error = :1.23e-01; Runtime: 87.4s; Iterations = 960, grads =   8.976e-06, unitary_metric = 0.99998
Error = :1.23e-01; Runtime: 89.2s; Iterations = 980, grads =   1.982e-06, unitary_metric = 0.99998
Error = :1.23e-01; Runtime: 90.9s; Iterations = 1000, grads =   3.905e-07, unitary_metric = 0.99998
Error = :1.23e-01; Runtime: 92.9s; Iterations = 1020, grads =   3.946e-07, unitary_metric = 0.99998
Error = :1.23e-01; Runtime: 94.6s; Iterations = 1040, grads =   8.102e-07, unitary_metric = 0.99998
Error = :1.23e-01; Runtime: 96.4s; Iterations = 1060, grads =   2.151e-03, unitary_metric = 0.99998
Error = :1.23e-01; Runtime: 98.2s; Iterations = 1080, grads =   8.624e-04, unitary_metric = 0.99998
Error = :1.23e-01; Runtime: 99.9s; Iterations = 1100, grads =   4.178e-05, unitary_metric = 0.99998
Error = :1.23e-01; Runtime: 101.8s; Iterations = 1120, grads =   2.128e-06, unitary_metric = 0.99998
Error = :1.23e-01; Runtime: 103.6s; Iterations = 1140, grads =   2.032e-06, unitary_metric = 0.99998
Error = :1.23e-01; Runtime: 105.4s; Iterations = 1160, grads =   9.688e-07, unitary_metric = 0.99998
Error = :1.23e-01; Runtime: 107.1s; Iterations = 1180, grads =   1.092e-06, unitary_metric = 0.99998
Error = :1.22e-01; Runtime: 108.9s; Iterations = 1200, grads =   1.144e-06, unitary_metric = 0.99998
Error = :1.22e-01; Runtime: 110.8s; Iterations = 1220, grads =   1.051e-06, unitary_metric = 0.99998
Error = :1.22e-01; Runtime: 112.6s; Iterations = 1240, grads =   9.128e-07, unitary_metric = 0.99998
Error = :1.22e-01; Runtime: 114.4s; Iterations = 1260, grads =   1.049e-06, unitary_metric = 0.99998
Error = :1.22e-01; Runtime: 116.1s; Iterations = 1280, grads =   3.210e-04, unitary_metric = 0.99998
Error = :1.22e-01; Runtime: 117.9s; Iterations = 1300, grads =   9.899e-05, unitary_metric = 0.99998
Error = :1.22e-01; Runtime: 119.8s; Iterations = 1320, grads =   2.218e-04, unitary_metric = 0.99998
Error = :1.22e-01; Runtime: 121.5s; Iterations = 1340, grads =   1.142e-04, unitary_metric = 0.99998
Error = :1.22e-01; Runtime: 123.3s; Iterations = 1360, grads =   2.448e-06, unitary_metric = 0.99998
Error = :1.22e-01; Runtime: 125.0s; Iterations = 1380, grads =   9.166e-07, unitary_metric = 0.99998
Error = :1.22e-01; Runtime: 126.8s; Iterations = 1400, grads =   3.910e-07, unitary_metric = 0.99998
Error = :1.22e-01; Runtime: 128.7s; Iterations = 1420, grads =   4.472e-07, unitary_metric = 0.99998
Error = :1.21e-01; Runtime: 130.5s; Iterations = 1440, grads =   1.989e-05, unitary_metric = 0.99998
Error = :1.21e-01; Runtime: 132.2s; Iterations = 1460, grads =   3.898e-05, unitary_metric = 0.99998
Error = :1.21e-01; Runtime: 134.0s; Iterations = 1480, grads =   5.511e-06, unitary_metric = 0.99998
Error = :1.21e-01; Runtime: 135.7s; Iterations = 1500, grads =   6.946e-06, unitary_metric = 0.99998
Error = :1.21e-01; Runtime: 137.6s; Iterations = 1520, grads =   1.693e-04, unitary_metric = 0.99998
Error = :1.21e-01; Runtime: 139.3s; Iterations = 1540, grads =   2.998e-07, unitary_metric = 0.99998
Error = :1.21e-01; Runtime: 141.1s; Iterations = 1560, grads =   2.547e-06, unitary_metric = 0.99998
Error = :1.21e-01; Runtime: 142.8s; Iterations = 1580, grads =   6.186e-07, unitary_metric = 0.99998
Error = :1.21e-01; Runtime: 144.6s; Iterations = 1600, grads =   1.738e-07, unitary_metric = 0.99998
Error = :1.21e-01; Runtime: 146.5s; Iterations = 1620, grads =   1.498e-07, unitary_metric = 0.99998
Error = :1.21e-01; Runtime: 148.3s; Iterations = 1640, grads =   4.628e-06, unitary_metric = 0.99998
Error = :1.21e-01; Runtime: 150.0s; Iterations = 1660, grads =   7.163e-04, unitary_metric = 0.99998
Error = :1.21e-01; Runtime: 151.8s; Iterations = 1680, grads =   2.391e-05, unitary_metric = 0.99998
Error = :1.21e-01; Runtime: 153.6s; Iterations = 1700, grads =   4.869e-06, unitary_metric = 0.99998
Error = :1.21e-01; Runtime: 155.5s; Iterations = 1720, grads =   2.468e-04, unitary_metric = 0.99998
Error = :1.21e-01; Runtime: 157.2s; Iterations = 1740, grads =   2.359e-05, unitary_metric = 0.99998
Error = :1.21e-01; Runtime: 159.0s; Iterations = 1760, grads =   1.492e-06, unitary_metric = 0.99998
Error = :1.21e-01; Runtime: 160.7s; Iterations = 1780, grads =   3.208e-07, unitary_metric = 0.99998
Error = :1.21e-01; Runtime: 162.5s; Iterations = 1800, grads =   1.487e-07, unitary_metric = 0.99998
Error = :1.21e-01; Runtime: 164.4s; Iterations = 1820, grads =   6.987e-08, unitary_metric = 0.99998
Error = :1.21e-01; Runtime: 166.1s; Iterations = 1840, grads =   7.135e-08, unitary_metric = 0.99998
Error = :1.21e-01; Runtime: 167.9s; Iterations = 1860, grads =   3.168e-07, unitary_metric = 0.99998
Error = :1.21e-01; Runtime: 169.6s; Iterations = 1880, grads =   7.710e-05, unitary_metric = 0.99998
Error = :1.21e-01; Runtime: 171.4s; Iterations = 1900, grads =   2.049e-04, unitary_metric = 0.99998
Error = :1.21e-01; Runtime: 173.3s; Iterations = 1920, grads =   2.359e-04, unitary_metric = 0.99998
Error = :1.21e-01; Runtime: 175.1s; Iterations = 1940, grads =   2.813e-05, unitary_metric = 0.99998
Error = :1.21e-01; Runtime: 176.8s; Iterations = 1960, grads =   5.539e-06, unitary_metric = 0.99998
Error = :1.21e-01; Runtime: 178.6s; Iterations = 1980, grads =   3.257e-07, unitary_metric = 0.99999
Error = :1.21e-01; Runtime: 180.3s; Iterations = 2000, grads =   7.372e-08, unitary_metric = 0.99999
Error = :1.21e-01; Runtime: 182.2s; Iterations = 2020, grads =   6.269e-08, unitary_metric = 0.99998
Error = :1.21e-01; Runtime: 184.0s; Iterations = 2040, grads =   5.162e-08, unitary_metric = 0.99998
Error = :1.21e-01; Runtime: 185.7s; Iterations = 2060, grads =   4.970e-08, unitary_metric = 0.99998
Error = :1.21e-01; Runtime: 187.5s; Iterations = 2080, grads =   5.773e-08, unitary_metric = 0.99998
Error = :1.21e-01; Runtime: 189.3s; Iterations = 2100, grads =   1.123e-06, unitary_metric = 0.99998
Error = :1.21e-01; Runtime: 191.2s; Iterations = 2120, grads =   5.701e-04, unitary_metric = 0.99998
Error = :1.21e-01; Runtime: 192.9s; Iterations = 2140, grads =   9.459e-05, unitary_metric = 0.99998
Error = :1.21e-01; Runtime: 194.7s; Iterations = 2160, grads =   2.340e-04, unitary_metric = 0.99998
Error = :1.21e-01; Runtime: 196.4s; Iterations = 2180, grads =   2.008e-05, unitary_metric = 0.99998
Error = :1.21e-01; Runtime: 198.2s; Iterations = 2200, grads =   2.824e-07, unitary_metric = 0.99998
Error = :1.21e-01; Runtime: 200.1s; Iterations = 2220, grads =   5.294e-08, unitary_metric = 0.99998
Error = :1.21e-01; Runtime: 201.8s; Iterations = 2240, grads =   4.064e-08, unitary_metric = 0.99998
Error = :1.21e-01; Runtime: 203.6s; Iterations = 2260, grads =   4.455e-08, unitary_metric = 0.99998
Error = :1.21e-01; Runtime: 205.3s; Iterations = 2280, grads =   3.749e-08, unitary_metric = 0.99998
Error = :1.21e-01; Runtime: 207.1s; Iterations = 2300, grads =   3.685e-08, unitary_metric = 0.99998
Error = :1.21e-01; Runtime: 209.0s; Iterations = 2320, grads =   3.529e-08, unitary_metric = 0.99998
Error = :1.21e-01; Runtime: 210.8s; Iterations = 2340, grads =   4.192e-08, unitary_metric = 0.99998
Error = :1.21e-01; Runtime: 212.5s; Iterations = 2360, grads =   7.896e-07, unitary_metric = 0.99998
Error = :1.21e-01; Runtime: 214.3s; Iterations = 2380, grads =   2.848e-04, unitary_metric = 0.99998
Error = :1.21e-01; Runtime: 216.0s; Iterations = 2400, grads =   4.727e-05, unitary_metric = 0.99998
Error = :1.21e-01; Runtime: 217.9s; Iterations = 2420, grads =   2.683e-05, unitary_metric = 0.99998
Error = :1.21e-01; Runtime: 219.7s; Iterations = 2440, grads =   3.291e-06, unitary_metric = 0.99998
Error = :1.21e-01; Runtime: 221.4s; Iterations = 2460, grads =   9.612e-07, unitary_metric = 0.99998
Error = :1.21e-01; Runtime: 223.2s; Iterations = 2480, grads =   7.257e-08, unitary_metric = 0.99998
Error = :1.21e-01; Runtime: 224.9s; Iterations = 2500, grads =   3.330e-08, unitary_metric = 0.99998
Error = :1.21e-01; Runtime: 226.9s; Iterations = 2520, grads =   3.098e-08, unitary_metric = 0.99998
Error = :1.21e-01; Runtime: 228.7s; Iterations = 2540, grads =   3.076e-08, unitary_metric = 0.99998
Error = :1.21e-01; Runtime: 230.4s; Iterations = 2560, grads =   3.063e-08, unitary_metric = 0.99998
Error = :1.21e-01; Runtime: 232.2s; Iterations = 2580, grads =   3.038e-08, unitary_metric = 0.99998
Error = :1.21e-01; Runtime: 233.9s; Iterations = 2600, grads =   4.559e-08, unitary_metric = 0.99998
Error = :1.21e-01; Runtime: 235.8s; Iterations = 2620, grads =   1.279e-05, unitary_metric = 0.99998
Error = :1.21e-01; Runtime: 237.6s; Iterations = 2640, grads =   6.725e-05, unitary_metric = 0.99998
Error = :1.21e-01; Runtime: 239.3s; Iterations = 2660, grads =   2.095e-05, unitary_metric = 0.99998
Error = :1.21e-01; Runtime: 241.1s; Iterations = 2680, grads =   9.464e-05, unitary_metric = 0.99998
Error = :1.21e-01; Runtime: 243.1s; Iterations = 2700, grads =   7.368e-07, unitary_metric = 0.99998
Error = :1.21e-01; Runtime: 245.1s; Iterations = 2720, grads =   3.776e-08, unitary_metric = 0.99998
Error = :1.21e-01; Runtime: 246.8s; Iterations = 2740, grads =   4.235e-08, unitary_metric = 0.99998
Error = :1.21e-01; Runtime: 248.6s; Iterations = 2760, grads =   6.823e-08, unitary_metric = 0.99998
Error = :1.21e-01; Runtime: 250.3s; Iterations = 2780, grads =   3.380e-08, unitary_metric = 0.99998
Error = :1.21e-01; Runtime: 252.1s; Iterations = 2800, grads =   3.013e-08, unitary_metric = 0.99998
Error = :1.21e-01; Runtime: 254.0s; Iterations = 2820, grads =   2.959e-08, unitary_metric = 0.99998
Error = :1.21e-01; Runtime: 255.7s; Iterations = 2840, grads =   2.905e-08, unitary_metric = 0.99998
Error = :1.21e-01; Runtime: 257.5s; Iterations = 2860, grads =   3.261e-08, unitary_metric = 0.99998
Error = :1.21e-01; Runtime: 259.2s; Iterations = 2880, grads =   1.250e-07, unitary_metric = 0.99998
Error = :1.21e-01; Runtime: 261.0s; Iterations = 2900, grads =   1.377e-05, unitary_metric = 0.99998
Error = :1.21e-01; Runtime: 262.9s; Iterations = 2920, grads =   1.848e-05, unitary_metric = 0.99998
Error = :1.21e-01; Runtime: 264.7s; Iterations = 2940, grads =   6.042e-05, unitary_metric = 0.99998
Error = :1.21e-01; Runtime: 266.4s; Iterations = 2960, grads =   5.709e-05, unitary_metric = 0.99998
Error = :1.21e-01; Runtime: 268.2s; Iterations = 2980, grads =   3.257e-06, unitary_metric = 0.99998
Error = :1.21e-01; Runtime: 269.9s; Iterations = 3000, grads =   8.456e-08, unitary_metric = 0.99998
Error = :1.21e-01; Runtime: 271.9s; Iterations = 3020, grads =   1.473e-07, unitary_metric = 0.99998
Error = :1.21e-01; Runtime: 273.6s; Iterations = 3040, grads =   3.488e-08, unitary_metric = 0.99998
Error = :1.21e-01; Runtime: 275.4s; Iterations = 3060, grads =   2.685e-08, unitary_metric = 0.99998
Error = :1.21e-01; Runtime: 277.1s; Iterations = 3080, grads =   3.332e-08, unitary_metric = 0.99998
Error = :1.21e-01; Runtime: 278.9s; Iterations = 3100, grads =   1.139e-07, unitary_metric = 0.99998
Error = :1.21e-01; Runtime: 280.8s; Iterations = 3120, grads =   1.310e-05, unitary_metric = 0.99998
Error = :1.21e-01; Runtime: 282.5s; Iterations = 3140, grads =   2.138e-05, unitary_metric = 0.99998
Error = :1.21e-01; Runtime: 284.3s; Iterations = 3160, grads =   2.095e-04, unitary_metric = 0.99998
Error = :1.21e-01; Runtime: 286.0s; Iterations = 3180, grads =   5.081e-06, unitary_metric = 0.99998
Error = :1.21e-01; Runtime: 287.8s; Iterations = 3200, grads =   3.696e-08, unitary_metric = 0.99998
Error = :1.21e-01; Runtime: 289.8s; Iterations = 3220, grads =   2.735e-07, unitary_metric = 0.99998
Error = :1.21e-01; Runtime: 291.5s; Iterations = 3240, grads =   6.805e-08, unitary_metric = 0.99998
Error = :1.21e-01; Runtime: 293.3s; Iterations = 3260, grads =   2.663e-08, unitary_metric = 0.99998
Error = :1.21e-01; Runtime: 295.0s; Iterations = 3280, grads =   2.079e-08, unitary_metric = 0.99998
Error = :1.21e-01; Runtime: 296.8s; Iterations = 3300, grads =   2.077e-08, unitary_metric = 0.99998
Error = :1.21e-01; Runtime: 298.7s; Iterations = 3320, grads =   2.215e-08, unitary_metric = 0.99998
Error = :1.21e-01; Runtime: 300.5s; Iterations = 3340, grads =   6.975e-08, unitary_metric = 0.99998
Error = :1.21e-01; Runtime: 302.2s; Iterations = 3360, grads =   2.175e-05, unitary_metric = 0.99998
Error = :1.21e-01; Runtime: 304.0s; Iterations = 3380, grads =   3.263e-05, unitary_metric = 0.99998
Error = :1.21e-01; Runtime: 305.7s; Iterations = 3400, grads =   6.501e-06, unitary_metric = 0.99998
Error = :1.21e-01; Runtime: 307.6s; Iterations = 3420, grads =   1.844e-07, unitary_metric = 0.99998
Error = :1.21e-01; Runtime: 309.4s; Iterations = 3440, grads =   7.412e-08, unitary_metric = 0.99998
Error = :1.21e-01; Runtime: 311.2s; Iterations = 3460, grads =   2.248e-08, unitary_metric = 0.99998
Error = :1.21e-01; Runtime: 312.9s; Iterations = 3480, grads =   3.547e-08, unitary_metric = 0.99998
Error = :1.21e-01; Runtime: 314.7s; Iterations = 3500, grads =   2.205e-08, unitary_metric = 0.99998
Error = :1.21e-01; Runtime: 316.6s; Iterations = 3520, grads =   1.757e-08, unitary_metric = 0.99998
Error = :1.21e-01; Runtime: 318.3s; Iterations = 3540, grads =   1.757e-08, unitary_metric = 0.99998
Error = :1.21e-01; Runtime: 320.1s; Iterations = 3560, grads =   1.734e-08, unitary_metric = 0.99998
Error = :1.21e-01; Runtime: 321.8s; Iterations = 3580, grads =   1.851e-08, unitary_metric = 0.99998
Error = :1.21e-01; Runtime: 323.6s; Iterations = 3600, grads =   2.622e-08, unitary_metric = 0.99998
Error = :1.21e-01; Runtime: 325.5s; Iterations = 3620, grads =   1.659e-07, unitary_metric = 0.99998
Error = :1.21e-01; Runtime: 327.3s; Iterations = 3640, grads =   1.933e-05, unitary_metric = 0.99998
Error = :1.21e-01; Runtime: 329.0s; Iterations = 3660, grads =   6.906e-05, unitary_metric = 0.99998
Error = :1.21e-01; Runtime: 330.8s; Iterations = 3680, grads =   1.255e-05, unitary_metric = 0.99999
Error = :1.21e-01; Runtime: 332.5s; Iterations = 3700, grads =   1.293e-06, unitary_metric = 0.99998
Error = :1.21e-01; Runtime: 334.5s; Iterations = 3720, grads =   6.621e-08, unitary_metric = 0.99998
Error = :1.21e-01; Runtime: 336.2s; Iterations = 3740, grads =   1.341e-07, unitary_metric = 0.99998
Error = :1.21e-01; Runtime: 338.0s; Iterations = 3760, grads =   1.543e-07, unitary_metric = 0.99998
Error = :1.22e-01; Runtime: 339.7s; Iterations = 3780, grads =   2.188e-07, unitary_metric = 0.99998
Error = :1.22e-01; Runtime: 341.5s; Iterations = 3800, grads =   2.847e-07, unitary_metric = 0.99998
Error = :1.22e-01; Runtime: 343.4s; Iterations = 3820, grads =   3.369e-07, unitary_metric = 0.99998
Error = :1.22e-01; Runtime: 345.1s; Iterations = 3840, grads =   5.364e-07, unitary_metric = 0.99998
Error = :1.22e-01; Runtime: 346.9s; Iterations = 3860, grads =   2.295e-05, unitary_metric = 0.99998
Error = :1.22e-01; Runtime: 348.6s; Iterations = 3880, grads =   1.555e-05, unitary_metric = 0.99998
Error = :1.22e-01; Runtime: 350.4s; Iterations = 3900, grads =   7.772e-06, unitary_metric = 0.99998
Error = :1.22e-01; Runtime: 352.3s; Iterations = 3920, grads =   6.999e-06, unitary_metric = 0.99998
Error = :1.21e-01; Runtime: 354.1s; Iterations = 3940, grads =   2.692e-07, unitary_metric = 0.99998
Error = :1.21e-01; Runtime: 355.8s; Iterations = 3960, grads =   1.672e-07, unitary_metric = 0.99998
Error = :1.21e-01; Runtime: 357.6s; Iterations = 3980, grads =   1.432e-07, unitary_metric = 0.99998
Error = :1.21e-01; Runtime: 359.3s; Iterations = 4000, grads =   9.523e-08, unitary_metric = 0.99998
Error = :1.21e-01; Runtime: 361.2s; Iterations = 4020, grads =   8.728e-08, unitary_metric = 0.99998
Error = :1.21e-01; Runtime: 363.0s; Iterations = 4040, grads =   8.143e-08, unitary_metric = 0.99998
Error = :1.21e-01; Runtime: 364.8s; Iterations = 4060, grads =   1.220e-07, unitary_metric = 0.99998
Error = :1.21e-01; Runtime: 366.5s; Iterations = 4080, grads =   2.064e-05, unitary_metric = 0.99998
Error = :1.21e-01; Runtime: 368.3s; Iterations = 4100, grads =   4.720e-05, unitary_metric = 0.99998
Error = :1.21e-01; Runtime: 370.2s; Iterations = 4120, grads =   6.061e-06, unitary_metric = 0.99998
Error = :1.21e-01; Runtime: 371.9s; Iterations = 4140, grads =   2.156e-05, unitary_metric = 0.99998
Error = :1.21e-01; Runtime: 373.7s; Iterations = 4160, grads =   2.648e-06, unitary_metric = 0.99998
Error = :1.21e-01; Runtime: 375.4s; Iterations = 4180, grads =   6.507e-08, unitary_metric = 0.99998
Error = :1.21e-01; Runtime: 377.2s; Iterations = 4200, grads =   1.107e-07, unitary_metric = 0.99998
Error = :1.21e-01; Runtime: 379.1s; Iterations = 4220, grads =   5.520e-08, unitary_metric = 0.99998
Error = :1.21e-01; Runtime: 380.9s; Iterations = 4240, grads =   5.238e-08, unitary_metric = 0.99998
Error = :1.21e-01; Runtime: 382.6s; Iterations = 4260, grads =   5.070e-08, unitary_metric = 0.99998
Error = :1.21e-01; Runtime: 384.4s; Iterations = 4280, grads =   5.101e-08, unitary_metric = 0.99998
Error = :1.21e-01; Runtime: 386.1s; Iterations = 4300, grads =   5.699e-08, unitary_metric = 0.99998
Error = :1.21e-01; Runtime: 388.1s; Iterations = 4320, grads =   5.019e-07, unitary_metric = 0.99998
Error = :1.21e-01; Runtime: 389.8s; Iterations = 4340, grads =   3.748e-05, unitary_metric = 0.99998
Error = :1.21e-01; Runtime: 391.6s; Iterations = 4360, grads =   5.780e-07, unitary_metric = 0.99998
Error = :1.21e-01; Runtime: 393.3s; Iterations = 4380, grads =   9.641e-06, unitary_metric = 0.99998
Error = :1.21e-01; Runtime: 395.1s; Iterations = 4400, grads =   4.779e-06, unitary_metric = 0.99998
Error = :1.21e-01; Runtime: 397.0s; Iterations = 4420, grads =   4.039e-07, unitary_metric = 0.99998
Error = :1.21e-01; Runtime: 398.8s; Iterations = 4440, grads =   3.554e-07, unitary_metric = 0.99999
Error = :1.21e-01; Runtime: 400.5s; Iterations = 4460, grads =   8.798e-08, unitary_metric = 0.99999
Error = :1.21e-01; Runtime: 402.3s; Iterations = 4480, grads =   3.899e-08, unitary_metric = 0.99999
Error = :1.21e-01; Runtime: 404.0s; Iterations = 4500, grads =   3.698e-08, unitary_metric = 0.99998
Error = :1.21e-01; Runtime: 406.1s; Iterations = 4520, grads =   3.846e-08, unitary_metric = 0.99999
Error = :1.21e-01; Runtime: 407.8s; Iterations = 4540, grads =   3.062e-07, unitary_metric = 0.99998
Error = :1.21e-01; Runtime: 409.6s; Iterations = 4560, grads =   3.598e-05, unitary_metric = 0.99998
Error = :1.21e-01; Runtime: 411.3s; Iterations = 4580, grads =   8.456e-07, unitary_metric = 0.99999
Error = :1.21e-01; Runtime: 413.1s; Iterations = 4600, grads =   1.740e-07, unitary_metric = 0.99999
Error = :1.21e-01; Runtime: 415.0s; Iterations = 4620, grads =   1.115e-05, unitary_metric = 0.99999
Error = :1.21e-01; Runtime: 416.7s; Iterations = 4640, grads =   3.768e-06, unitary_metric = 0.99998
Error = :1.21e-01; Runtime: 418.5s; Iterations = 4660, grads =   9.062e-07, unitary_metric = 0.99998
Error = :1.21e-01; Runtime: 420.2s; Iterations = 4680, grads =   3.097e-07, unitary_metric = 0.99999
Error = :1.21e-01; Runtime: 422.0s; Iterations = 4700, grads =   3.886e-08, unitary_metric = 0.99998
Error = :1.21e-01; Runtime: 423.9s; Iterations = 4720, grads =   3.186e-08, unitary_metric = 0.99998
Error = :1.21e-01; Runtime: 425.7s; Iterations = 4740, grads =   2.893e-08, unitary_metric = 0.99999
Error = :1.21e-01; Runtime: 427.4s; Iterations = 4760, grads =   3.030e-08, unitary_metric = 0.99999
Error = :1.21e-01; Runtime: 429.2s; Iterations = 4780, grads =   1.160e-07, unitary_metric = 0.99999
Error = :1.22e-01; Runtime: 430.9s; Iterations = 4800, grads =   2.030e-05, unitary_metric = 0.99999
Error = :1.22e-01; Runtime: 432.8s; Iterations = 4820, grads =   1.117e-06, unitary_metric = 0.99999
Error = :1.22e-01; Runtime: 434.6s; Iterations = 4840, grads =   1.978e-05, unitary_metric = 0.99999
Error = :1.22e-01; Runtime: 436.3s; Iterations = 4860, grads =   1.128e-05, unitary_metric = 0.99998
Error = :1.22e-01; Runtime: 438.1s; Iterations = 4880, grads =   8.845e-08, unitary_metric = 0.99998
Error = :1.22e-01; Runtime: 439.8s; Iterations = 4900, grads =   2.164e-07, unitary_metric = 0.99998
Error = :1.22e-01; Runtime: 441.8s; Iterations = 4920, grads =   3.360e-08, unitary_metric = 0.99998
Error = :1.22e-01; Runtime: 443.5s; Iterations = 4940, grads =   3.741e-08, unitary_metric = 0.99998
Error = :1.22e-01; Runtime: 445.3s; Iterations = 4960, grads =   3.459e-08, unitary_metric = 0.99998
Error = :1.22e-01; Runtime: 447.0s; Iterations = 4980, grads =   3.365e-08, unitary_metric = 0.99999
Error = :1.22e-01; Runtime: 448.8s; Iterations = 5000, grads =   4.026e-08, unitary_metric = 0.99998
Error = :1.22e-01; Runtime: 450.7s; Iterations = 5020, grads =   8.551e-08, unitary_metric = 0.99999
Error = :1.22e-01; Runtime: 452.4s; Iterations = 5040, grads =   3.834e-06, unitary_metric = 0.99999
Error = :1.22e-01; Runtime: 454.2s; Iterations = 5060, grads =   3.086e-05, unitary_metric = 0.99998
Error = :1.22e-01; Runtime: 455.9s; Iterations = 5080, grads =   7.923e-06, unitary_metric = 0.99999
Error = :1.22e-01; Runtime: 457.7s; Iterations = 5100, grads =   1.311e-06, unitary_metric = 0.99998
Error = :1.22e-01; Runtime: 459.6s; Iterations = 5120, grads =   5.112e-08, unitary_metric = 0.99998
Error = :1.22e-01; Runtime: 461.4s; Iterations = 5140, grads =   5.395e-08, unitary_metric = 0.99998
Error = :1.22e-01; Runtime: 463.1s; Iterations = 5160, grads =   3.698e-08, unitary_metric = 0.99999
Error = :1.22e-01; Runtime: 464.9s; Iterations = 5180, grads =   3.597e-08, unitary_metric = 0.99998
Error = :1.22e-01; Runtime: 466.6s; Iterations = 5200, grads =   3.751e-08, unitary_metric = 0.99998
Error = :1.21e-01; Runtime: 468.6s; Iterations = 5220, grads =   6.158e-08, unitary_metric = 0.99998
Error = :1.21e-01; Runtime: 470.3s; Iterations = 5240, grads =   2.533e-06, unitary_metric = 0.99998
Error = :1.21e-01; Runtime: 472.1s; Iterations = 5260, grads =   5.721e-07, unitary_metric = 0.99998
Error = :1.21e-01; Runtime: 473.8s; Iterations = 5280, grads =   3.544e-06, unitary_metric = 0.99998
Error = :1.21e-01; Runtime: 475.6s; Iterations = 5300, grads =   2.135e-06, unitary_metric = 0.99998
Error = :1.21e-01; Runtime: 477.5s; Iterations = 5320, grads =   2.014e-06, unitary_metric = 0.99998
Error = :1.21e-01; Runtime: 479.3s; Iterations = 5340, grads =   2.227e-07, unitary_metric = 0.99998
Error = :1.21e-01; Runtime: 481.0s; Iterations = 5360, grads =   4.804e-08, unitary_metric = 0.99998
Error = :1.21e-01; Runtime: 482.8s; Iterations = 5380, grads =   3.157e-08, unitary_metric = 0.99998
Error = :1.21e-01; Runtime: 484.5s; Iterations = 5400, grads =   3.310e-08, unitary_metric = 0.99998
Error = :1.21e-01; Runtime: 486.6s; Iterations = 5420, grads =   6.115e-08, unitary_metric = 0.99998
Error = :1.21e-01; Runtime: 488.4s; Iterations = 5440, grads =   1.426e-06, unitary_metric = 0.99998
Error = :1.21e-01; Runtime: 490.1s; Iterations = 5460, grads =   1.062e-06, unitary_metric = 0.99998
Error = :1.21e-01; Runtime: 491.9s; Iterations = 5480, grads =   9.812e-07, unitary_metric = 0.99998
Error = :1.21e-01; Runtime: 493.6s; Iterations = 5500, grads =   3.320e-06, unitary_metric = 0.99998
Error = :1.21e-01; Runtime: 495.5s; Iterations = 5520, grads =   2.284e-06, unitary_metric = 0.99998
Error = :1.21e-01; Runtime: 497.3s; Iterations = 5540, grads =   1.543e-06, unitary_metric = 0.99998
Error = :1.21e-01; Runtime: 499.0s; Iterations = 5560, grads =   7.234e-08, unitary_metric = 0.99998
Error = :1.21e-01; Runtime: 500.8s; Iterations = 5580, grads =   3.226e-08, unitary_metric = 0.99998
Error = :1.21e-01; Runtime: 502.5s; Iterations = 5600, grads =   3.316e-08, unitary_metric = 0.99998
Error = :1.21e-01; Runtime: 504.5s; Iterations = 5620, grads =   7.959e-08, unitary_metric = 0.99998
Error = :1.21e-01; Runtime: 506.2s; Iterations = 5640, grads =   7.564e-06, unitary_metric = 0.99998
Error = :1.21e-01; Runtime: 508.0s; Iterations = 5660, grads =   3.048e-06, unitary_metric = 0.99998
Error = :1.21e-01; Runtime: 509.7s; Iterations = 5680, grads =   4.108e-07, unitary_metric = 0.99998
Error = :1.21e-01; Runtime: 511.5s; Iterations = 5700, grads =   2.266e-07, unitary_metric = 0.99998
Error = :1.21e-01; Runtime: 513.4s; Iterations = 5720, grads =   2.915e-05, unitary_metric = 0.99998
Error = :1.21e-01; Runtime: 515.1s; Iterations = 5740, grads =   2.592e-07, unitary_metric = 0.99998
Error = :1.21e-01; Runtime: 516.9s; Iterations = 5760, grads =   2.182e-07, unitary_metric = 0.99998
Error = :1.21e-01; Runtime: 518.6s; Iterations = 5780, grads =   9.742e-08, unitary_metric = 0.99998
Error = :1.21e-01; Runtime: 520.4s; Iterations = 5800, grads =   2.867e-08, unitary_metric = 0.99998
Error = :1.21e-01; Runtime: 522.3s; Iterations = 5820, grads =   2.131e-08, unitary_metric = 0.99998
Error = :1.21e-01; Runtime: 524.1s; Iterations = 5840, grads =   1.713e-07, unitary_metric = 0.99998
Error = :1.21e-01; Runtime: 525.8s; Iterations = 5860, grads =   1.254e-05, unitary_metric = 0.99998
Error = :1.21e-01; Runtime: 527.6s; Iterations = 5880, grads =   2.073e-08, unitary_metric = 0.99998
Error = :1.21e-01; Runtime: 529.4s; Iterations = 5900, grads =   1.412e-07, unitary_metric = 0.99998
Error = :1.21e-01; Runtime: 531.3s; Iterations = 5920, grads =   4.318e-08, unitary_metric = 0.99998
Error = :1.21e-01; Runtime: 533.0s; Iterations = 5940, grads =   1.816e-08, unitary_metric = 0.99998
Error = :1.21e-01; Runtime: 534.8s; Iterations = 5960, grads =   1.764e-08, unitary_metric = 0.99998
Error = :1.21e-01; Runtime: 536.6s; Iterations = 5980, grads =   1.022e-07, unitary_metric = 0.99998
Error = :1.21e-01; Runtime: 538.3s; Iterations = 6000, grads =   2.585e-05, unitary_metric = 0.99998
data saved at: /project/ftchong/qoc/pranav/00009_01_h2o_slice_331.h5


trying total_time: 7.5 for unitary of size (16, 16)
data saved at: /project/ftchong/qoc/pranav/00010_01_h2o_slice_331.h5
Using 7 Taylor terms and 2 Scaling & Squaring terms
Building graph:
Propagators initialized.
Operators weight initialized.
Intermediate propagation variables initialized.
Intermediate propagators initialized.
Vectors initialized.
Training loss initialized.
Optimizer initialized.
Utilities initialized.
Graph built!
Initialized
Error = :9.91e-01; Runtime: 0.3s; Iterations = 0, grads =   4.673e-05, unitary_metric = 1.00000
Error = :9.01e-01; Runtime: 3.4s; Iterations = 20, grads =   1.327e-03, unitary_metric = 0.99999
Error = :7.20e-01; Runtime: 6.0s; Iterations = 40, grads =   2.110e-03, unitary_metric = 0.99999
Error = :4.90e-01; Runtime: 8.6s; Iterations = 60, grads =   8.059e-04, unitary_metric = 0.99999
Error = :3.69e-01; Runtime: 11.2s; Iterations = 80, grads =   1.742e-03, unitary_metric = 0.99999
Error = :2.31e-01; Runtime: 13.8s; Iterations = 100, grads =   3.062e-03, unitary_metric = 0.99999
Error = :1.35e-01; Runtime: 16.7s; Iterations = 120, grads =   7.630e-04, unitary_metric = 0.99999
Error = :7.23e-02; Runtime: 19.3s; Iterations = 140, grads =   2.500e-03, unitary_metric = 0.99999
Error = :4.09e-02; Runtime: 21.9s; Iterations = 160, grads =   4.902e-04, unitary_metric = 0.99999
Error = :2.30e-02; Runtime: 24.5s; Iterations = 180, grads =   4.185e-03, unitary_metric = 0.99999
Error = :1.29e-02; Runtime: 27.1s; Iterations = 200, grads =   1.031e-02, unitary_metric = 0.99999
Error = :6.43e-03; Runtime: 30.0s; Iterations = 220, grads =   8.584e-04, unitary_metric = 0.99999
Error = :3.69e-03; Runtime: 32.6s; Iterations = 240, grads =   1.531e-05, unitary_metric = 0.99998
Error = :2.62e-03; Runtime: 35.2s; Iterations = 260, grads =   3.160e-03, unitary_metric = 0.99998
Error = :1.54e-03; Runtime: 37.8s; Iterations = 280, grads =   3.366e-05, unitary_metric = 0.99998
Error = :1.12e-03; Runtime: 40.4s; Iterations = 300, grads =   3.398e-04, unitary_metric = 0.99998
Error = :9.86e-04; Runtime: 42.2s; Iterations = 312, grads =   8.790e-04, unitary_metric = 0.99998
data saved at: /project/ftchong/qoc/pranav/00010_01_h2o_slice_331.h5


trying total_time: 6.25 for unitary of size (16, 16)
data saved at: /project/ftchong/qoc/pranav/00011_01_h2o_slice_331.h5
Using 7 Taylor terms and 2 Scaling & Squaring terms
Building graph:
Propagators initialized.
Operators weight initialized.
Intermediate propagation variables initialized.
Intermediate propagators initialized.
Vectors initialized.
Training loss initialized.
Optimizer initialized.
Utilities initialized.
Graph built!
Initialized
Error = :9.91e-01; Runtime: 0.2s; Iterations = 0, grads =   4.422e-05, unitary_metric = 1.00000
Error = :8.91e-01; Runtime: 2.8s; Iterations = 20, grads =   5.258e-04, unitary_metric = 0.99999
Error = :6.94e-01; Runtime: 5.0s; Iterations = 40, grads =   1.741e-03, unitary_metric = 0.99999
Error = :4.82e-01; Runtime: 7.2s; Iterations = 60, grads =   1.426e-03, unitary_metric = 0.99999
Error = :3.52e-01; Runtime: 9.4s; Iterations = 80, grads =   1.138e-03, unitary_metric = 0.99999
Error = :2.10e-01; Runtime: 11.6s; Iterations = 100, grads =   1.614e-03, unitary_metric = 0.99999
Error = :1.11e-01; Runtime: 14.0s; Iterations = 120, grads =   2.198e-03, unitary_metric = 0.99999
Error = :6.32e-02; Runtime: 16.2s; Iterations = 140, grads =   1.022e-03, unitary_metric = 0.99999
Error = :4.15e-02; Runtime: 18.4s; Iterations = 160, grads =   1.537e-04, unitary_metric = 0.99999
Error = :3.01e-02; Runtime: 20.6s; Iterations = 180, grads =   8.588e-05, unitary_metric = 0.99999
Error = :2.35e-02; Runtime: 22.8s; Iterations = 200, grads =   7.701e-04, unitary_metric = 0.99998
Error = :1.94e-02; Runtime: 25.2s; Iterations = 220, grads =   1.558e-03, unitary_metric = 0.99998
Error = :1.64e-02; Runtime: 27.4s; Iterations = 240, grads =   2.372e-05, unitary_metric = 0.99999
Error = :1.45e-02; Runtime: 29.6s; Iterations = 260, grads =   1.078e-05, unitary_metric = 0.99999
Error = :1.31e-02; Runtime: 31.7s; Iterations = 280, grads =   7.968e-04, unitary_metric = 0.99999
Error = :1.21e-02; Runtime: 33.9s; Iterations = 300, grads =   6.487e-04, unitary_metric = 0.99999
Error = :1.11e-02; Runtime: 36.3s; Iterations = 320, grads =   5.084e-05, unitary_metric = 0.99999
Error = :1.08e-02; Runtime: 38.5s; Iterations = 340, grads =   2.922e-03, unitary_metric = 0.99998
Error = :1.02e-02; Runtime: 40.7s; Iterations = 360, grads =   1.900e-03, unitary_metric = 0.99999
Error = :9.53e-03; Runtime: 42.8s; Iterations = 380, grads =   4.601e-04, unitary_metric = 0.99998
Error = :9.08e-03; Runtime: 45.0s; Iterations = 400, grads =   2.556e-05, unitary_metric = 0.99999
Error = :8.73e-03; Runtime: 47.4s; Iterations = 420, grads =   4.062e-05, unitary_metric = 0.99998
Error = :8.53e-03; Runtime: 49.6s; Iterations = 440, grads =   9.021e-04, unitary_metric = 0.99998
Error = :8.16e-03; Runtime: 51.8s; Iterations = 460, grads =   1.628e-04, unitary_metric = 0.99998
Error = :7.89e-03; Runtime: 54.0s; Iterations = 480, grads =   5.542e-06, unitary_metric = 0.99999
Error = :7.69e-03; Runtime: 56.2s; Iterations = 500, grads =   1.895e-04, unitary_metric = 0.99998
Error = :7.55e-03; Runtime: 58.5s; Iterations = 520, grads =   7.559e-04, unitary_metric = 0.99998
Error = :7.66e-03; Runtime: 60.7s; Iterations = 540, grads =   3.236e-03, unitary_metric = 0.99999
Error = :7.10e-03; Runtime: 62.9s; Iterations = 560, grads =   1.054e-04, unitary_metric = 0.99999
Error = :6.93e-03; Runtime: 65.1s; Iterations = 580, grads =   4.012e-05, unitary_metric = 0.99999
Error = :6.77e-03; Runtime: 67.3s; Iterations = 600, grads =   7.879e-06, unitary_metric = 0.99998
Error = :6.62e-03; Runtime: 69.7s; Iterations = 620, grads =   2.895e-06, unitary_metric = 0.99998
Error = :6.49e-03; Runtime: 71.9s; Iterations = 640, grads =   7.168e-05, unitary_metric = 0.99998
Error = :6.46e-03; Runtime: 74.1s; Iterations = 660, grads =   9.052e-04, unitary_metric = 0.99998
Error = :6.25e-03; Runtime: 76.3s; Iterations = 680, grads =   1.470e-04, unitary_metric = 0.99999
Error = :6.17e-03; Runtime: 78.5s; Iterations = 700, grads =   4.678e-04, unitary_metric = 0.99999
Error = :6.01e-03; Runtime: 80.9s; Iterations = 720, grads =   5.437e-05, unitary_metric = 0.99998
Error = :5.90e-03; Runtime: 83.1s; Iterations = 740, grads =   1.266e-05, unitary_metric = 0.99999
Error = :5.80e-03; Runtime: 85.3s; Iterations = 760, grads =   6.680e-07, unitary_metric = 0.99998
Error = :5.84e-03; Runtime: 87.5s; Iterations = 780, grads =   9.604e-04, unitary_metric = 0.99998
Error = :5.78e-03; Runtime: 89.7s; Iterations = 800, grads =   1.019e-03, unitary_metric = 0.99998
Error = :5.56e-03; Runtime: 92.1s; Iterations = 820, grads =   7.761e-05, unitary_metric = 0.99998
Error = :5.48e-03; Runtime: 94.3s; Iterations = 840, grads =   8.188e-06, unitary_metric = 0.99998
Error = :5.45e-03; Runtime: 96.5s; Iterations = 860, grads =   3.301e-04, unitary_metric = 0.99998
Error = :5.40e-03; Runtime: 98.7s; Iterations = 880, grads =   4.371e-04, unitary_metric = 0.99998
Error = :5.29e-03; Runtime: 100.9s; Iterations = 900, grads =   6.336e-05, unitary_metric = 0.99998
Error = :5.22e-03; Runtime: 103.2s; Iterations = 920, grads =   7.570e-06, unitary_metric = 0.99998
Error = :5.17e-03; Runtime: 105.4s; Iterations = 940, grads =   1.250e-06, unitary_metric = 0.99998
Error = :5.11e-03; Runtime: 107.6s; Iterations = 960, grads =   1.420e-07, unitary_metric = 0.99998
Error = :5.06e-03; Runtime: 109.8s; Iterations = 980, grads =   2.377e-05, unitary_metric = 0.99998
Error = :5.12e-03; Runtime: 112.0s; Iterations = 1000, grads =   8.895e-04, unitary_metric = 0.99998
Error = :4.99e-03; Runtime: 114.4s; Iterations = 1020, grads =   1.743e-04, unitary_metric = 0.99998
Error = :4.93e-03; Runtime: 116.6s; Iterations = 1040, grads =   3.768e-05, unitary_metric = 0.99998
Error = :4.88e-03; Runtime: 118.8s; Iterations = 1060, grads =   2.433e-06, unitary_metric = 0.99998
Error = :4.85e-03; Runtime: 121.0s; Iterations = 1080, grads =   4.822e-05, unitary_metric = 0.99998
Error = :4.88e-03; Runtime: 123.2s; Iterations = 1100, grads =   6.457e-04, unitary_metric = 0.99998
Error = :4.78e-03; Runtime: 125.6s; Iterations = 1120, grads =   5.491e-05, unitary_metric = 0.99998
Error = :4.74e-03; Runtime: 127.8s; Iterations = 1140, grads =   4.999e-07, unitary_metric = 0.99998
Error = :4.71e-03; Runtime: 130.0s; Iterations = 1160, grads =   1.321e-06, unitary_metric = 0.99998
Error = :4.68e-03; Runtime: 132.2s; Iterations = 1180, grads =   8.395e-08, unitary_metric = 0.99998
Error = :4.66e-03; Runtime: 134.4s; Iterations = 1200, grads =   6.992e-08, unitary_metric = 0.99998
Error = :4.63e-03; Runtime: 136.8s; Iterations = 1220, grads =   8.322e-06, unitary_metric = 0.99998
Error = :4.72e-03; Runtime: 139.0s; Iterations = 1240, grads =   8.142e-04, unitary_metric = 0.99998
Error = :4.60e-03; Runtime: 141.2s; Iterations = 1260, grads =   1.216e-04, unitary_metric = 0.99998
Error = :4.56e-03; Runtime: 143.4s; Iterations = 1280, grads =   6.201e-06, unitary_metric = 0.99998
Error = :4.57e-03; Runtime: 145.6s; Iterations = 1300, grads =   2.662e-04, unitary_metric = 0.99998
Error = :4.53e-03; Runtime: 148.1s; Iterations = 1320, grads =   6.824e-05, unitary_metric = 0.99998
Error = :4.51e-03; Runtime: 150.3s; Iterations = 1340, grads =   3.347e-06, unitary_metric = 0.99998
Error = :4.49e-03; Runtime: 152.4s; Iterations = 1360, grads =   1.929e-06, unitary_metric = 0.99998
Error = :4.47e-03; Runtime: 154.6s; Iterations = 1380, grads =   1.137e-07, unitary_metric = 0.99998
Error = :4.46e-03; Runtime: 156.8s; Iterations = 1400, grads =   1.048e-07, unitary_metric = 0.99998
Error = :4.45e-03; Runtime: 159.2s; Iterations = 1420, grads =   4.436e-08, unitary_metric = 0.99998
Error = :4.43e-03; Runtime: 161.4s; Iterations = 1440, grads =   4.175e-08, unitary_metric = 0.99998
Error = :4.42e-03; Runtime: 163.6s; Iterations = 1460, grads =   3.892e-08, unitary_metric = 0.99998
Error = :4.41e-03; Runtime: 165.8s; Iterations = 1480, grads =   4.226e-07, unitary_metric = 0.99998
Error = :4.48e-03; Runtime: 168.0s; Iterations = 1500, grads =   6.978e-04, unitary_metric = 0.99998
Error = :4.43e-03; Runtime: 170.3s; Iterations = 1520, grads =   3.089e-04, unitary_metric = 0.99998
Error = :4.40e-03; Runtime: 172.5s; Iterations = 1540, grads =   1.769e-04, unitary_metric = 0.99998
Error = :4.38e-03; Runtime: 174.7s; Iterations = 1560, grads =   3.055e-05, unitary_metric = 0.99998
Error = :4.37e-03; Runtime: 176.9s; Iterations = 1580, grads =   1.617e-06, unitary_metric = 0.99998
Error = :4.37e-03; Runtime: 179.1s; Iterations = 1600, grads =   3.671e-07, unitary_metric = 0.99998
Error = :4.36e-03; Runtime: 181.6s; Iterations = 1620, grads =   4.484e-08, unitary_metric = 0.99998
Error = :4.36e-03; Runtime: 183.7s; Iterations = 1640, grads =   3.325e-08, unitary_metric = 0.99998
Error = :4.36e-03; Runtime: 185.9s; Iterations = 1660, grads =   3.256e-08, unitary_metric = 0.99998
Error = :4.36e-03; Runtime: 188.1s; Iterations = 1680, grads =   3.348e-08, unitary_metric = 0.99998
Error = :4.37e-03; Runtime: 190.3s; Iterations = 1700, grads =   3.594e-08, unitary_metric = 0.99998
Error = :4.37e-03; Runtime: 192.7s; Iterations = 1720, grads =   4.314e-08, unitary_metric = 0.99998
Error = :4.38e-03; Runtime: 194.9s; Iterations = 1740, grads =   7.181e-08, unitary_metric = 0.99999
Error = :4.38e-03; Runtime: 197.1s; Iterations = 1760, grads =   7.960e-07, unitary_metric = 0.99998
Error = :4.42e-03; Runtime: 199.3s; Iterations = 1780, grads =   3.115e-04, unitary_metric = 0.99998
Error = :4.48e-03; Runtime: 201.5s; Iterations = 1800, grads =   7.881e-04, unitary_metric = 0.99998
Error = :4.37e-03; Runtime: 203.9s; Iterations = 1820, grads =   1.141e-05, unitary_metric = 0.99998
Error = :4.35e-03; Runtime: 206.1s; Iterations = 1840, grads =   3.715e-06, unitary_metric = 0.99998
Error = :4.33e-03; Runtime: 208.2s; Iterations = 1860, grads =   1.120e-06, unitary_metric = 0.99999
Error = :4.31e-03; Runtime: 210.4s; Iterations = 1880, grads =   1.171e-07, unitary_metric = 0.99998
Error = :4.29e-03; Runtime: 212.6s; Iterations = 1900, grads =   6.271e-08, unitary_metric = 0.99998
Error = :4.28e-03; Runtime: 215.0s; Iterations = 1920, grads =   4.817e-08, unitary_metric = 0.99998
Error = :4.27e-03; Runtime: 217.2s; Iterations = 1940, grads =   4.245e-08, unitary_metric = 0.99999
Error = :4.26e-03; Runtime: 219.4s; Iterations = 1960, grads =   3.895e-08, unitary_metric = 0.99998
Error = :4.25e-03; Runtime: 221.6s; Iterations = 1980, grads =   4.667e-08, unitary_metric = 0.99998
Error = :4.23e-03; Runtime: 223.8s; Iterations = 2000, grads =   7.705e-07, unitary_metric = 0.99998
Error = :4.29e-03; Runtime: 226.2s; Iterations = 2020, grads =   4.869e-04, unitary_metric = 0.99998
Error = :4.25e-03; Runtime: 228.4s; Iterations = 2040, grads =   2.876e-04, unitary_metric = 0.99998
Error = :4.22e-03; Runtime: 230.6s; Iterations = 2060, grads =   5.402e-05, unitary_metric = 0.99998
Error = :4.21e-03; Runtime: 232.8s; Iterations = 2080, grads =   5.008e-06, unitary_metric = 0.99998
Error = :4.20e-03; Runtime: 235.0s; Iterations = 2100, grads =   2.419e-07, unitary_metric = 0.99998
Error = :4.19e-03; Runtime: 237.4s; Iterations = 2120, grads =   3.452e-08, unitary_metric = 0.99998
Error = :4.19e-03; Runtime: 239.6s; Iterations = 2140, grads =   2.807e-08, unitary_metric = 0.99998
Error = :4.18e-03; Runtime: 241.8s; Iterations = 2160, grads =   2.435e-08, unitary_metric = 0.99998
Error = :4.18e-03; Runtime: 244.0s; Iterations = 2180, grads =   2.099e-08, unitary_metric = 0.99998
Error = :4.17e-03; Runtime: 246.2s; Iterations = 2200, grads =   2.039e-08, unitary_metric = 0.99998
Error = :4.17e-03; Runtime: 248.6s; Iterations = 2220, grads =   2.035e-08, unitary_metric = 0.99998
Error = :4.16e-03; Runtime: 250.7s; Iterations = 2240, grads =   1.885e-08, unitary_metric = 0.99998
Error = :4.16e-03; Runtime: 252.9s; Iterations = 2260, grads =   2.362e-07, unitary_metric = 0.99998
Error = :4.17e-03; Runtime: 255.1s; Iterations = 2280, grads =   9.689e-05, unitary_metric = 0.99998
Error = :4.19e-03; Runtime: 257.3s; Iterations = 2300, grads =   3.209e-04, unitary_metric = 0.99998
Error = :4.15e-03; Runtime: 259.8s; Iterations = 2320, grads =   6.043e-05, unitary_metric = 0.99998
Error = :4.15e-03; Runtime: 262.0s; Iterations = 2340, grads =   1.255e-05, unitary_metric = 0.99998
Error = :4.14e-03; Runtime: 264.2s; Iterations = 2360, grads =   1.034e-06, unitary_metric = 0.99998
Error = :4.14e-03; Runtime: 266.4s; Iterations = 2380, grads =   1.628e-07, unitary_metric = 0.99998
Error = :4.14e-03; Runtime: 268.6s; Iterations = 2400, grads =   2.571e-08, unitary_metric = 0.99998
Error = :4.13e-03; Runtime: 271.0s; Iterations = 2420, grads =   1.496e-08, unitary_metric = 0.99998
Error = :4.13e-03; Runtime: 273.2s; Iterations = 2440, grads =   1.557e-08, unitary_metric = 0.99998
Error = :4.13e-03; Runtime: 275.3s; Iterations = 2460, grads =   1.495e-08, unitary_metric = 0.99998
Error = :4.13e-03; Runtime: 277.5s; Iterations = 2480, grads =   1.461e-08, unitary_metric = 0.99998
Error = :4.13e-03; Runtime: 279.7s; Iterations = 2500, grads =   1.907e-08, unitary_metric = 0.99998
Error = :4.13e-03; Runtime: 282.1s; Iterations = 2520, grads =   5.434e-07, unitary_metric = 0.99998
Error = :4.16e-03; Runtime: 284.3s; Iterations = 2540, grads =   2.178e-04, unitary_metric = 0.99998
Error = :4.16e-03; Runtime: 286.5s; Iterations = 2560, grads =   2.542e-04, unitary_metric = 0.99998
Error = :4.14e-03; Runtime: 288.7s; Iterations = 2580, grads =   4.019e-05, unitary_metric = 0.99999
Error = :4.14e-03; Runtime: 290.9s; Iterations = 2600, grads =   1.530e-05, unitary_metric = 0.99998
Error = :4.14e-03; Runtime: 293.3s; Iterations = 2620, grads =   2.992e-06, unitary_metric = 0.99998
Error = :4.14e-03; Runtime: 295.5s; Iterations = 2640, grads =   7.363e-08, unitary_metric = 0.99998
Error = :4.15e-03; Runtime: 297.7s; Iterations = 2660, grads =   7.631e-08, unitary_metric = 0.99998
Error = :4.15e-03; Runtime: 299.8s; Iterations = 2680, grads =   2.301e-08, unitary_metric = 0.99998
Error = :4.15e-03; Runtime: 302.0s; Iterations = 2700, grads =   1.840e-08, unitary_metric = 0.99998
Error = :4.16e-03; Runtime: 304.4s; Iterations = 2720, grads =   2.204e-08, unitary_metric = 0.99998
Error = :4.16e-03; Runtime: 306.6s; Iterations = 2740, grads =   2.551e-08, unitary_metric = 0.99998
Error = :4.17e-03; Runtime: 308.8s; Iterations = 2760, grads =   3.717e-07, unitary_metric = 0.99998
Error = :4.18e-03; Runtime: 311.0s; Iterations = 2780, grads =   8.636e-05, unitary_metric = 0.99998
Error = :4.18e-03; Runtime: 313.2s; Iterations = 2800, grads =   8.683e-05, unitary_metric = 0.99998
Error = :4.29e-03; Runtime: 315.6s; Iterations = 2820, grads =   9.325e-04, unitary_metric = 0.99998
Error = :4.17e-03; Runtime: 317.8s; Iterations = 2840, grads =   1.218e-06, unitary_metric = 0.99998
Error = :4.17e-03; Runtime: 320.0s; Iterations = 2860, grads =   1.438e-05, unitary_metric = 0.99998
Error = :4.16e-03; Runtime: 322.2s; Iterations = 2880, grads =   1.561e-07, unitary_metric = 0.99998
Error = :4.16e-03; Runtime: 324.4s; Iterations = 2900, grads =   1.151e-07, unitary_metric = 0.99998
Error = :4.15e-03; Runtime: 326.8s; Iterations = 2920, grads =   5.010e-08, unitary_metric = 0.99998
Error = :4.15e-03; Runtime: 328.9s; Iterations = 2940, grads =   2.685e-08, unitary_metric = 0.99998
Error = :4.15e-03; Runtime: 331.1s; Iterations = 2960, grads =   2.426e-08, unitary_metric = 0.99998
Error = :4.15e-03; Runtime: 333.3s; Iterations = 2980, grads =   2.294e-08, unitary_metric = 0.99998
Error = :4.14e-03; Runtime: 335.5s; Iterations = 3000, grads =   3.354e-08, unitary_metric = 0.99998
Error = :4.14e-03; Runtime: 337.9s; Iterations = 3020, grads =   1.406e-06, unitary_metric = 0.99998
Error = :4.18e-03; Runtime: 340.1s; Iterations = 3040, grads =   3.215e-04, unitary_metric = 0.99998
Error = :4.14e-03; Runtime: 342.3s; Iterations = 3060, grads =   3.473e-05, unitary_metric = 0.99998
Error = :4.14e-03; Runtime: 344.5s; Iterations = 3080, grads =   4.933e-06, unitary_metric = 0.99998
Error = :4.14e-03; Runtime: 346.6s; Iterations = 3100, grads =   9.070e-07, unitary_metric = 0.99998
Error = :4.14e-03; Runtime: 349.1s; Iterations = 3120, grads =   6.802e-05, unitary_metric = 0.99998
Error = :4.15e-03; Runtime: 351.3s; Iterations = 3140, grads =   1.305e-04, unitary_metric = 0.99998
Error = :4.14e-03; Runtime: 353.5s; Iterations = 3160, grads =   2.124e-05, unitary_metric = 0.99998
Error = :4.13e-03; Runtime: 355.7s; Iterations = 3180, grads =   2.919e-06, unitary_metric = 0.99998
Error = :4.13e-03; Runtime: 357.9s; Iterations = 3200, grads =   2.165e-07, unitary_metric = 0.99998
Error = :4.13e-03; Runtime: 360.4s; Iterations = 3220, grads =   2.662e-08, unitary_metric = 0.99998
Error = :4.13e-03; Runtime: 362.6s; Iterations = 3240, grads =   3.343e-08, unitary_metric = 0.99998
Error = :4.13e-03; Runtime: 364.8s; Iterations = 3260, grads =   2.556e-08, unitary_metric = 0.99998
Error = :4.13e-03; Runtime: 367.0s; Iterations = 3280, grads =   3.719e-08, unitary_metric = 0.99998
Error = :4.13e-03; Runtime: 369.2s; Iterations = 3300, grads =   3.608e-06, unitary_metric = 0.99998
Error = :4.14e-03; Runtime: 371.5s; Iterations = 3320, grads =   9.945e-05, unitary_metric = 0.99998
Error = :4.12e-03; Runtime: 373.7s; Iterations = 3340, grads =   3.130e-06, unitary_metric = 0.99998
Error = :4.14e-03; Runtime: 375.9s; Iterations = 3360, grads =   1.646e-04, unitary_metric = 0.99998
Error = :4.13e-03; Runtime: 378.1s; Iterations = 3380, grads =   5.924e-05, unitary_metric = 0.99998
Error = :4.12e-03; Runtime: 380.3s; Iterations = 3400, grads =   1.263e-06, unitary_metric = 0.99998
Error = :4.11e-03; Runtime: 382.7s; Iterations = 3420, grads =   4.552e-07, unitary_metric = 0.99998
Error = :4.11e-03; Runtime: 384.9s; Iterations = 3440, grads =   1.395e-07, unitary_metric = 0.99998
Error = :4.10e-03; Runtime: 387.1s; Iterations = 3460, grads =   3.330e-08, unitary_metric = 0.99998
Error = :4.10e-03; Runtime: 389.3s; Iterations = 3480, grads =   3.802e-08, unitary_metric = 0.99998
Error = :4.09e-03; Runtime: 391.4s; Iterations = 3500, grads =   6.578e-08, unitary_metric = 0.99998
Error = :4.09e-03; Runtime: 393.8s; Iterations = 3520, grads =   2.648e-06, unitary_metric = 0.99998
Error = :4.13e-03; Runtime: 396.0s; Iterations = 3540, grads =   3.812e-04, unitary_metric = 0.99998
Error = :4.08e-03; Runtime: 398.2s; Iterations = 3560, grads =   3.183e-06, unitary_metric = 0.99998
Error = :4.08e-03; Runtime: 400.4s; Iterations = 3580, grads =   3.547e-05, unitary_metric = 0.99998
Error = :4.07e-03; Runtime: 402.6s; Iterations = 3600, grads =   1.910e-06, unitary_metric = 0.99998
Error = :4.06e-03; Runtime: 405.0s; Iterations = 3620, grads =   1.012e-06, unitary_metric = 0.99998
Error = :4.06e-03; Runtime: 407.2s; Iterations = 3640, grads =   3.287e-08, unitary_metric = 0.99998
Error = :4.05e-03; Runtime: 409.4s; Iterations = 3660, grads =   1.636e-07, unitary_metric = 0.99998
Error = :4.05e-03; Runtime: 411.6s; Iterations = 3680, grads =   3.180e-07, unitary_metric = 0.99998
Error = :4.04e-03; Runtime: 413.8s; Iterations = 3700, grads =   9.884e-06, unitary_metric = 0.99998
Error = :4.04e-03; Runtime: 416.2s; Iterations = 3720, grads =   2.108e-05, unitary_metric = 0.99998
Error = :4.03e-03; Runtime: 418.4s; Iterations = 3740, grads =   1.032e-05, unitary_metric = 0.99998
Error = :4.05e-03; Runtime: 420.6s; Iterations = 3760, grads =   1.824e-04, unitary_metric = 0.99998
Error = :4.02e-03; Runtime: 422.8s; Iterations = 3780, grads =   2.518e-05, unitary_metric = 0.99998
Error = :4.01e-03; Runtime: 425.0s; Iterations = 3800, grads =   2.741e-08, unitary_metric = 0.99998
Error = :4.01e-03; Runtime: 427.4s; Iterations = 3820, grads =   1.874e-07, unitary_metric = 0.99998
Error = :4.01e-03; Runtime: 429.6s; Iterations = 3840, grads =   2.510e-08, unitary_metric = 0.99998
Error = :4.00e-03; Runtime: 431.8s; Iterations = 3860, grads =   4.993e-08, unitary_metric = 0.99998
Error = :4.00e-03; Runtime: 434.0s; Iterations = 3880, grads =   2.626e-07, unitary_metric = 0.99998
Error = :4.00e-03; Runtime: 436.2s; Iterations = 3900, grads =   7.716e-05, unitary_metric = 0.99998
Error = :4.02e-03; Runtime: 438.6s; Iterations = 3920, grads =   2.418e-04, unitary_metric = 0.99998
Error = :3.99e-03; Runtime: 440.8s; Iterations = 3940, grads =   6.276e-06, unitary_metric = 0.99998
Error = :3.98e-03; Runtime: 443.0s; Iterations = 3960, grads =   5.263e-06, unitary_metric = 0.99998
Error = :3.98e-03; Runtime: 445.2s; Iterations = 3980, grads =   1.533e-07, unitary_metric = 0.99998
Error = :3.97e-03; Runtime: 447.4s; Iterations = 4000, grads =   1.170e-07, unitary_metric = 0.99998
Error = :3.97e-03; Runtime: 450.0s; Iterations = 4020, grads =   2.448e-08, unitary_metric = 0.99998
Error = :3.97e-03; Runtime: 452.2s; Iterations = 4040, grads =   1.524e-08, unitary_metric = 0.99998
Error = :3.96e-03; Runtime: 454.4s; Iterations = 4060, grads =   1.222e-08, unitary_metric = 0.99998
Error = :3.96e-03; Runtime: 456.6s; Iterations = 4080, grads =   1.230e-08, unitary_metric = 0.99998
Error = :3.96e-03; Runtime: 458.8s; Iterations = 4100, grads =   3.569e-08, unitary_metric = 0.99998
Error = :3.96e-03; Runtime: 461.2s; Iterations = 4120, grads =   8.097e-06, unitary_metric = 0.99998
Error = :3.96e-03; Runtime: 463.4s; Iterations = 4140, grads =   4.368e-05, unitary_metric = 0.99998
Error = :3.95e-03; Runtime: 465.6s; Iterations = 4160, grads =   1.148e-05, unitary_metric = 0.99998
Error = :3.95e-03; Runtime: 467.8s; Iterations = 4180, grads =   8.511e-06, unitary_metric = 0.99998
Error = :3.94e-03; Runtime: 470.0s; Iterations = 4200, grads =   6.561e-07, unitary_metric = 0.99998
Error = :3.94e-03; Runtime: 472.4s; Iterations = 4220, grads =   2.171e-07, unitary_metric = 0.99998
Error = :3.94e-03; Runtime: 474.6s; Iterations = 4240, grads =   6.130e-08, unitary_metric = 0.99998
Error = :3.93e-03; Runtime: 476.8s; Iterations = 4260, grads =   1.602e-07, unitary_metric = 0.99998
Error = :3.93e-03; Runtime: 479.0s; Iterations = 4280, grads =   3.551e-06, unitary_metric = 0.99998
Error = :3.94e-03; Runtime: 481.2s; Iterations = 4300, grads =   4.972e-05, unitary_metric = 0.99998
Error = :3.93e-03; Runtime: 483.7s; Iterations = 4320, grads =   5.581e-08, unitary_metric = 0.99998
Error = :3.93e-03; Runtime: 485.9s; Iterations = 4340, grads =   8.883e-07, unitary_metric = 0.99998
Error = :3.92e-03; Runtime: 488.1s; Iterations = 4360, grads =   1.157e-07, unitary_metric = 0.99998
Error = :3.92e-03; Runtime: 490.3s; Iterations = 4380, grads =   3.871e-07, unitary_metric = 0.99998
Error = :3.92e-03; Runtime: 492.5s; Iterations = 4400, grads =   3.396e-05, unitary_metric = 0.99998
Error = :3.92e-03; Runtime: 494.9s; Iterations = 4420, grads =   2.077e-05, unitary_metric = 0.99998
Error = :3.92e-03; Runtime: 497.1s; Iterations = 4440, grads =   9.640e-06, unitary_metric = 0.99998
Error = :3.91e-03; Runtime: 499.3s; Iterations = 4460, grads =   8.708e-06, unitary_metric = 0.99998
Error = :3.91e-03; Runtime: 501.5s; Iterations = 4480, grads =   1.751e-06, unitary_metric = 0.99998
Error = :3.91e-03; Runtime: 503.6s; Iterations = 4500, grads =   2.558e-07, unitary_metric = 0.99998
Error = :3.91e-03; Runtime: 506.0s; Iterations = 4520, grads =   2.900e-07, unitary_metric = 0.99998
Error = :3.91e-03; Runtime: 508.2s; Iterations = 4540, grads =   2.723e-06, unitary_metric = 0.99998
Error = :3.91e-03; Runtime: 510.4s; Iterations = 4560, grads =   3.796e-05, unitary_metric = 0.99998
Error = :3.90e-03; Runtime: 512.6s; Iterations = 4580, grads =   5.714e-06, unitary_metric = 0.99998
Error = :3.91e-03; Runtime: 514.8s; Iterations = 4600, grads =   6.889e-05, unitary_metric = 0.99998
Error = :3.90e-03; Runtime: 517.2s; Iterations = 4620, grads =   1.678e-05, unitary_metric = 0.99998
Error = :3.90e-03; Runtime: 519.4s; Iterations = 4640, grads =   2.412e-06, unitary_metric = 0.99998
Error = :3.90e-03; Runtime: 521.6s; Iterations = 4660, grads =   2.601e-07, unitary_metric = 0.99998
Error = :3.89e-03; Runtime: 523.8s; Iterations = 4680, grads =   1.959e-07, unitary_metric = 0.99998
Error = :3.89e-03; Runtime: 526.0s; Iterations = 4700, grads =   1.495e-05, unitary_metric = 0.99998
Error = :3.89e-03; Runtime: 528.4s; Iterations = 4720, grads =   1.232e-05, unitary_metric = 0.99998
Error = :3.89e-03; Runtime: 530.6s; Iterations = 4740, grads =   7.775e-06, unitary_metric = 0.99998
Error = :3.89e-03; Runtime: 532.8s; Iterations = 4760, grads =   5.480e-05, unitary_metric = 0.99998
Error = :3.88e-03; Runtime: 535.0s; Iterations = 4780, grads =   7.640e-06, unitary_metric = 0.99998
Error = :3.88e-03; Runtime: 537.2s; Iterations = 4800, grads =   1.828e-07, unitary_metric = 0.99998
Error = :3.88e-03; Runtime: 539.6s; Iterations = 4820, grads =   1.481e-07, unitary_metric = 0.99998
Error = :3.88e-03; Runtime: 541.7s; Iterations = 4840, grads =   5.488e-08, unitary_metric = 0.99998
Error = :3.88e-03; Runtime: 543.9s; Iterations = 4860, grads =   1.253e-08, unitary_metric = 0.99998
Error = :3.88e-03; Runtime: 546.1s; Iterations = 4880, grads =   3.465e-08, unitary_metric = 0.99998
Error = :3.87e-03; Runtime: 548.3s; Iterations = 4900, grads =   1.153e-06, unitary_metric = 0.99998
Error = :3.88e-03; Runtime: 550.7s; Iterations = 4920, grads =   5.344e-05, unitary_metric = 0.99998
Error = :3.88e-03; Runtime: 552.9s; Iterations = 4940, grads =   2.798e-05, unitary_metric = 0.99998
Error = :3.87e-03; Runtime: 555.1s; Iterations = 4960, grads =   2.833e-05, unitary_metric = 0.99998
Error = :3.87e-03; Runtime: 557.3s; Iterations = 4980, grads =   6.241e-07, unitary_metric = 0.99998
Error = :3.87e-03; Runtime: 559.5s; Iterations = 5000, grads =   1.839e-07, unitary_metric = 0.99998
Error = :3.87e-03; Runtime: 562.0s; Iterations = 5020, grads =   1.245e-07, unitary_metric = 0.99998
Error = :3.86e-03; Runtime: 564.2s; Iterations = 5040, grads =   6.826e-09, unitary_metric = 0.99998
Error = :3.87e-03; Runtime: 566.4s; Iterations = 5060, grads =   9.329e-09, unitary_metric = 0.99998
Error = :3.86e-03; Runtime: 568.6s; Iterations = 5080, grads =   6.491e-09, unitary_metric = 0.99998
Error = :3.86e-03; Runtime: 570.8s; Iterations = 5100, grads =   8.611e-09, unitary_metric = 0.99998
Error = :3.86e-03; Runtime: 573.1s; Iterations = 5120, grads =   8.097e-07, unitary_metric = 0.99998
Error = :3.87e-03; Runtime: 575.3s; Iterations = 5140, grads =   5.840e-05, unitary_metric = 0.99998
Error = :3.86e-03; Runtime: 577.5s; Iterations = 5160, grads =   2.404e-05, unitary_metric = 0.99998
Error = :3.86e-03; Runtime: 579.7s; Iterations = 5180, grads =   1.572e-05, unitary_metric = 0.99998
Error = :3.85e-03; Runtime: 581.9s; Iterations = 5200, grads =   3.604e-08, unitary_metric = 0.99998
Error = :3.85e-03; Runtime: 584.3s; Iterations = 5220, grads =   4.614e-07, unitary_metric = 0.99998
Error = :3.85e-03; Runtime: 586.5s; Iterations = 5240, grads =   6.568e-08, unitary_metric = 0.99998
Error = :3.85e-03; Runtime: 588.7s; Iterations = 5260, grads =   2.342e-08, unitary_metric = 0.99998
Error = :3.85e-03; Runtime: 590.9s; Iterations = 5280, grads =   6.670e-09, unitary_metric = 0.99998
Error = :3.85e-03; Runtime: 593.1s; Iterations = 5300, grads =   6.245e-09, unitary_metric = 0.99998
Error = :3.85e-03; Runtime: 595.5s; Iterations = 5320, grads =   9.702e-09, unitary_metric = 0.99998
Error = :3.85e-03; Runtime: 597.7s; Iterations = 5340, grads =   2.597e-08, unitary_metric = 0.99998
Error = :3.85e-03; Runtime: 599.9s; Iterations = 5360, grads =   6.214e-07, unitary_metric = 0.99998
Error = :3.86e-03; Runtime: 602.1s; Iterations = 5380, grads =   7.077e-05, unitary_metric = 0.99998
Error = :3.85e-03; Runtime: 604.3s; Iterations = 5400, grads =   1.628e-05, unitary_metric = 0.99998
Error = :3.85e-03; Runtime: 606.7s; Iterations = 5420, grads =   5.702e-06, unitary_metric = 0.99998
Error = :3.84e-03; Runtime: 608.9s; Iterations = 5440, grads =   6.950e-08, unitary_metric = 0.99998
Error = :3.84e-03; Runtime: 611.1s; Iterations = 5460, grads =   4.122e-08, unitary_metric = 0.99998
Error = :3.84e-03; Runtime: 613.3s; Iterations = 5480, grads =   1.897e-08, unitary_metric = 0.99998
Error = :3.84e-03; Runtime: 615.5s; Iterations = 5500, grads =   1.729e-08, unitary_metric = 0.99998
Error = :3.84e-03; Runtime: 617.9s; Iterations = 5520, grads =   5.571e-08, unitary_metric = 0.99998
Error = :3.84e-03; Runtime: 620.1s; Iterations = 5540, grads =   2.156e-06, unitary_metric = 0.99998
Error = :3.84e-03; Runtime: 622.3s; Iterations = 5560, grads =   1.102e-05, unitary_metric = 0.99998
Error = :3.84e-03; Runtime: 624.5s; Iterations = 5580, grads =   3.525e-05, unitary_metric = 0.99998
Error = :3.84e-03; Runtime: 626.7s; Iterations = 5600, grads =   1.223e-05, unitary_metric = 0.99998
Error = :3.84e-03; Runtime: 629.1s; Iterations = 5620, grads =   6.335e-07, unitary_metric = 0.99998
Error = :3.84e-03; Runtime: 631.2s; Iterations = 5640, grads =   5.410e-08, unitary_metric = 0.99998
Error = :3.84e-03; Runtime: 633.4s; Iterations = 5660, grads =   3.763e-08, unitary_metric = 0.99998
Error = :3.84e-03; Runtime: 635.6s; Iterations = 5680, grads =   8.517e-09, unitary_metric = 0.99998
Error = :3.84e-03; Runtime: 637.8s; Iterations = 5700, grads =   1.203e-08, unitary_metric = 0.99998
Error = :3.84e-03; Runtime: 640.2s; Iterations = 5720, grads =   1.373e-08, unitary_metric = 0.99998
Error = :3.84e-03; Runtime: 642.4s; Iterations = 5740, grads =   3.309e-07, unitary_metric = 0.99998
Error = :3.85e-03; Runtime: 644.6s; Iterations = 5760, grads =   6.581e-05, unitary_metric = 0.99998
Error = :3.85e-03; Runtime: 646.8s; Iterations = 5780, grads =   1.987e-05, unitary_metric = 0.99998
Error = :3.85e-03; Runtime: 649.0s; Iterations = 5800, grads =   2.759e-06, unitary_metric = 0.99998
Error = :3.85e-03; Runtime: 651.4s; Iterations = 5820, grads =   3.489e-07, unitary_metric = 0.99998
Error = :3.85e-03; Runtime: 653.6s; Iterations = 5840, grads =   1.599e-08, unitary_metric = 0.99998
Error = :3.86e-03; Runtime: 655.9s; Iterations = 5860, grads =   1.254e-08, unitary_metric = 0.99998
Error = :3.86e-03; Runtime: 658.1s; Iterations = 5880, grads =   7.301e-09, unitary_metric = 0.99998
Error = :3.87e-03; Runtime: 660.3s; Iterations = 5900, grads =   7.717e-09, unitary_metric = 0.99998
Error = :3.87e-03; Runtime: 662.6s; Iterations = 5920, grads =   7.717e-09, unitary_metric = 0.99998
Error = :3.88e-03; Runtime: 664.8s; Iterations = 5940, grads =   8.647e-09, unitary_metric = 0.99998
Error = :3.89e-03; Runtime: 667.0s; Iterations = 5960, grads =   2.119e-08, unitary_metric = 0.99998
Error = :3.89e-03; Runtime: 669.2s; Iterations = 5980, grads =   3.252e-07, unitary_metric = 0.99998
Error = :3.90e-03; Runtime: 671.4s; Iterations = 6000, grads =   2.943e-05, unitary_metric = 0.99998
data saved at: /project/ftchong/qoc/pranav/00011_01_h2o_slice_331.h5


trying total_time: 6.85 for unitary of size (16, 16)
data saved at: /project/ftchong/qoc/pranav/00012_01_h2o_slice_331.h5
Using 7 Taylor terms and 2 Scaling & Squaring terms
Building graph:
Propagators initialized.
Operators weight initialized.
Intermediate propagation variables initialized.
Intermediate propagators initialized.
Vectors initialized.
Training loss initialized.
Optimizer initialized.
Utilities initialized.
Graph built!
Initialized
Error = :9.94e-01; Runtime: 0.2s; Iterations = 0, grads =   1.709e-04, unitary_metric = 1.00000
Error = :9.05e-01; Runtime: 3.1s; Iterations = 20, grads =   1.133e-03, unitary_metric = 0.99999
Error = :7.14e-01; Runtime: 5.5s; Iterations = 40, grads =   2.142e-03, unitary_metric = 0.99999
Error = :4.95e-01; Runtime: 7.9s; Iterations = 60, grads =   9.867e-04, unitary_metric = 0.99999
Error = :3.30e-01; Runtime: 10.3s; Iterations = 80, grads =   1.451e-03, unitary_metric = 0.99999
Error = :1.72e-01; Runtime: 12.7s; Iterations = 100, grads =   9.484e-03, unitary_metric = 0.99999
Error = :8.48e-02; Runtime: 15.4s; Iterations = 120, grads =   6.865e-04, unitary_metric = 0.99998
Error = :4.67e-02; Runtime: 17.8s; Iterations = 140, grads =   2.895e-04, unitary_metric = 0.99998
Error = :2.81e-02; Runtime: 20.2s; Iterations = 160, grads =   9.444e-05, unitary_metric = 0.99999
Error = :1.76e-02; Runtime: 22.6s; Iterations = 180, grads =   5.247e-05, unitary_metric = 0.99999
Error = :1.19e-02; Runtime: 25.0s; Iterations = 200, grads =   2.462e-03, unitary_metric = 0.99998
Error = :8.24e-03; Runtime: 27.6s; Iterations = 220, grads =   2.700e-04, unitary_metric = 0.99999
Error = :6.46e-03; Runtime: 30.0s; Iterations = 240, grads =   2.533e-03, unitary_metric = 0.99998
Error = :4.89e-03; Runtime: 32.4s; Iterations = 260, grads =   1.621e-04, unitary_metric = 0.99999
Error = :3.99e-03; Runtime: 34.8s; Iterations = 280, grads =   1.963e-04, unitary_metric = 0.99999
Error = :3.28e-03; Runtime: 37.2s; Iterations = 300, grads =   2.105e-04, unitary_metric = 0.99999
Error = :2.81e-03; Runtime: 39.8s; Iterations = 320, grads =   8.978e-04, unitary_metric = 0.99999
Error = :2.26e-03; Runtime: 42.2s; Iterations = 340, grads =   2.930e-05, unitary_metric = 0.99999
Error = :1.90e-03; Runtime: 44.6s; Iterations = 360, grads =   2.006e-05, unitary_metric = 0.99998
Error = :1.73e-03; Runtime: 47.0s; Iterations = 380, grads =   7.835e-04, unitary_metric = 0.99999
Error = :1.40e-03; Runtime: 49.4s; Iterations = 400, grads =   1.134e-04, unitary_metric = 0.99998
Error = :1.20e-03; Runtime: 52.0s; Iterations = 420, grads =   9.504e-05, unitary_metric = 0.99999
Error = :1.04e-03; Runtime: 54.4s; Iterations = 440, grads =   1.088e-05, unitary_metric = 0.99999
Error = :9.97e-04; Runtime: 55.1s; Iterations = 446, grads =   1.194e-05, unitary_metric = 0.99998
data saved at: /project/ftchong/qoc/pranav/00012_01_h2o_slice_331.h5


trying total_time: 6.55 for unitary of size (16, 16)
data saved at: /project/ftchong/qoc/pranav/00013_01_h2o_slice_331.h5
Using 7 Taylor terms and 2 Scaling & Squaring terms
Building graph:
Propagators initialized.
Operators weight initialized.
Intermediate propagation variables initialized.
Intermediate propagators initialized.
Vectors initialized.
Training loss initialized.
Optimizer initialized.
Utilities initialized.
Graph built!
Initialized
Error = :9.93e-01; Runtime: 0.3s; Iterations = 0, grads =   6.246e-05, unitary_metric = 1.00000
Error = :8.84e-01; Runtime: 3.0s; Iterations = 20, grads =   6.059e-04, unitary_metric = 0.99999
Error = :6.83e-01; Runtime: 5.3s; Iterations = 40, grads =   1.745e-03, unitary_metric = 0.99999
Error = :4.95e-01; Runtime: 7.7s; Iterations = 60, grads =   1.536e-03, unitary_metric = 0.99999
Error = :4.12e-01; Runtime: 10.2s; Iterations = 80, grads =   9.469e-04, unitary_metric = 0.99999
Error = :2.73e-01; Runtime: 12.6s; Iterations = 100, grads =   4.446e-03, unitary_metric = 0.99999
Error = :1.61e-01; Runtime: 15.3s; Iterations = 120, grads =   3.393e-03, unitary_metric = 0.99999
Error = :9.45e-02; Runtime: 17.7s; Iterations = 140, grads =   5.284e-04, unitary_metric = 0.99999
Error = :5.33e-02; Runtime: 20.2s; Iterations = 160, grads =   1.394e-04, unitary_metric = 0.99999
Error = :3.19e-02; Runtime: 22.5s; Iterations = 180, grads =   4.675e-05, unitary_metric = 0.99999
Error = :2.14e-02; Runtime: 25.0s; Iterations = 200, grads =   1.955e-04, unitary_metric = 0.99999
Error = :1.57e-02; Runtime: 27.5s; Iterations = 220, grads =   1.167e-05, unitary_metric = 0.99999
Error = :1.22e-02; Runtime: 29.9s; Iterations = 240, grads =   2.075e-05, unitary_metric = 0.99998
Error = :9.95e-03; Runtime: 32.2s; Iterations = 260, grads =   2.089e-03, unitary_metric = 0.99998
Error = :7.95e-03; Runtime: 34.5s; Iterations = 280, grads =   8.701e-04, unitary_metric = 0.99998
Error = :6.38e-03; Runtime: 36.9s; Iterations = 300, grads =   2.470e-04, unitary_metric = 0.99999
Error = :5.16e-03; Runtime: 39.4s; Iterations = 320, grads =   1.766e-05, unitary_metric = 0.99998
Error = :4.33e-03; Runtime: 41.7s; Iterations = 340, grads =   4.968e-04, unitary_metric = 0.99999
Error = :3.59e-03; Runtime: 44.0s; Iterations = 360, grads =   9.033e-05, unitary_metric = 0.99999
Error = :3.09e-03; Runtime: 46.3s; Iterations = 380, grads =   1.898e-05, unitary_metric = 0.99999
Error = :2.72e-03; Runtime: 48.6s; Iterations = 400, grads =   1.008e-05, unitary_metric = 0.99998
Error = :2.56e-03; Runtime: 51.2s; Iterations = 420, grads =   1.025e-03, unitary_metric = 0.99998
Error = :2.25e-03; Runtime: 53.5s; Iterations = 440, grads =   6.524e-05, unitary_metric = 0.99998
Error = :2.10e-03; Runtime: 55.8s; Iterations = 460, grads =   1.984e-04, unitary_metric = 0.99998
Error = :2.08e-03; Runtime: 58.1s; Iterations = 480, grads =   8.512e-04, unitary_metric = 0.99998
Error = :1.87e-03; Runtime: 60.4s; Iterations = 500, grads =   2.876e-04, unitary_metric = 0.99998
Error = :1.74e-03; Runtime: 62.9s; Iterations = 520, grads =   2.381e-05, unitary_metric = 0.99998
Error = :1.65e-03; Runtime: 65.2s; Iterations = 540, grads =   4.736e-06, unitary_metric = 0.99998
Error = :1.57e-03; Runtime: 67.6s; Iterations = 560, grads =   3.216e-06, unitary_metric = 0.99999
Error = :2.19e-03; Runtime: 69.9s; Iterations = 580, grads =   6.055e-03, unitary_metric = 0.99998
Error = :1.46e-03; Runtime: 72.2s; Iterations = 600, grads =   6.114e-05, unitary_metric = 0.99998
Error = :1.41e-03; Runtime: 74.7s; Iterations = 620, grads =   9.678e-05, unitary_metric = 0.99998
Error = :1.35e-03; Runtime: 77.0s; Iterations = 640, grads =   9.852e-06, unitary_metric = 0.99999
Error = :1.31e-03; Runtime: 79.3s; Iterations = 660, grads =   2.166e-06, unitary_metric = 0.99998
Error = :1.43e-03; Runtime: 81.6s; Iterations = 680, grads =   8.998e-04, unitary_metric = 0.99998
Error = :1.24e-03; Runtime: 83.9s; Iterations = 700, grads =   2.260e-05, unitary_metric = 0.99998
Error = :1.24e-03; Runtime: 86.4s; Iterations = 720, grads =   3.075e-04, unitary_metric = 0.99998
Error = :1.20e-03; Runtime: 88.7s; Iterations = 740, grads =   1.968e-04, unitary_metric = 0.99998
Error = :1.16e-03; Runtime: 91.0s; Iterations = 760, grads =   1.118e-05, unitary_metric = 0.99998
Error = :1.60e-03; Runtime: 93.4s; Iterations = 780, grads =   4.044e-03, unitary_metric = 0.99998
Error = :1.15e-03; Runtime: 95.7s; Iterations = 800, grads =   2.685e-04, unitary_metric = 0.99998
Error = :1.09e-03; Runtime: 98.2s; Iterations = 820, grads =   9.924e-06, unitary_metric = 0.99998
Error = :1.07e-03; Runtime: 100.6s; Iterations = 840, grads =   5.394e-06, unitary_metric = 0.99998
Error = :1.05e-03; Runtime: 102.9s; Iterations = 860, grads =   1.378e-06, unitary_metric = 0.99998
Error = :1.03e-03; Runtime: 105.2s; Iterations = 880, grads =   1.808e-07, unitary_metric = 0.99998
Error = :1.01e-03; Runtime: 107.5s; Iterations = 900, grads =   6.522e-08, unitary_metric = 0.99998
Error = :9.99e-04; Runtime: 109.0s; Iterations = 911, grads =   6.556e-08, unitary_metric = 0.99998
data saved at: /project/ftchong/qoc/pranav/00013_01_h2o_slice_331.h5


trying total_time: 40.0 for unitary of size (16, 16)
data saved at: /project/ftchong/qoc/pranav/00014_01_h2o_slice_331.h5
Using 5 Taylor terms and 4 Scaling & Squaring terms
Building graph:
Propagators initialized.
Operators weight initialized.
Intermediate propagation variables initialized.
Intermediate propagators initialized.
Vectors initialized.
Training loss initialized.
Optimizer initialized.
Utilities initialized.
Graph built!
Initialized
Error = :1.42e-01; Runtime: 1.4s; Iterations = 0, grads =   1.042e+01, unitary_metric = 1.00033
Error = :2.79e-01; Runtime: 18.5s; Iterations = 20, grads =   1.555e+01, unitary_metric = 1.00027
Error = :3.69e-02; Runtime: 33.4s; Iterations = 40, grads =   2.920e+00, unitary_metric = 1.00026
Error = :2.53e-04; Runtime: 45.3s; Iterations = 56, grads =   1.980e-02, unitary_metric = 1.00029
data saved at: /project/ftchong/qoc/pranav/00014_01_h2o_slice_331.h5


trying total_time: 20.0 for unitary of size (16, 16)
data saved at: /project/ftchong/qoc/pranav/00015_01_h2o_slice_331.h5
Using 7 Taylor terms and 2 Scaling & Squaring terms
Building graph:
Propagators initialized.
Operators weight initialized.
Intermediate propagation variables initialized.
Intermediate propagators initialized.
Vectors initialized.
Training loss initialized.
Optimizer initialized.
Utilities initialized.
Graph built!
Initialized
Error = :2.66e-02; Runtime: 0.7s; Iterations = 0, grads =   1.013e+00, unitary_metric = 1.00002
Error = :1.95e-01; Runtime: 9.2s; Iterations = 20, grads =   5.916e+00, unitary_metric = 1.00001
Error = :9.07e-03; Runtime: 16.4s; Iterations = 40, grads =   3.545e-01, unitary_metric = 1.00001
Error = :2.22e-03; Runtime: 23.7s; Iterations = 60, grads =   8.627e-02, unitary_metric = 1.00001
Error = :9.73e-04; Runtime: 25.9s; Iterations = 66, grads =   3.902e-02, unitary_metric = 1.00001
data saved at: /project/ftchong/qoc/pranav/00015_01_h2o_slice_331.h5


trying total_time: 10.0 for unitary of size (16, 16)
data saved at: /project/ftchong/qoc/pranav/00016_01_h2o_slice_331.h5
Using 7 Taylor terms and 2 Scaling & Squaring terms
Building graph:
Propagators initialized.
Operators weight initialized.
Intermediate propagation variables initialized.
Intermediate propagators initialized.
Vectors initialized.
Training loss initialized.
Optimizer initialized.
Utilities initialized.
Graph built!
Initialized
Error = :6.23e-02; Runtime: 0.3s; Iterations = 0, grads =   1.254e+00, unitary_metric = 1.00000
Error = :1.45e-02; Runtime: 4.5s; Iterations = 20, grads =   3.097e-01, unitary_metric = 1.00000
Error = :4.03e-03; Runtime: 8.0s; Iterations = 40, grads =   8.715e-02, unitary_metric = 1.00000
Error = :9.44e-04; Runtime: 9.3s; Iterations = 47, grads =   2.032e-02, unitary_metric = 1.00000
data saved at: /project/ftchong/qoc/pranav/00016_01_h2o_slice_331.h5


trying total_time: 5.0 for unitary of size (16, 16)
data saved at: /project/ftchong/qoc/pranav/00017_01_h2o_slice_331.h5
Using 7 Taylor terms and 2 Scaling & Squaring terms
Building graph:
Propagators initialized.
Operators weight initialized.
Intermediate propagation variables initialized.
Intermediate propagators initialized.
Vectors initialized.
Training loss initialized.
Optimizer initialized.
Utilities initialized.
Graph built!
Initialized
Error = :6.26e-02; Runtime: 0.2s; Iterations = 0, grads =   5.722e-01, unitary_metric = 1.00000
Error = :8.01e-03; Runtime: 2.3s; Iterations = 20, grads =   8.503e-02, unitary_metric = 1.00000
Error = :8.44e-04; Runtime: 3.7s; Iterations = 36, grads =   8.833e-03, unitary_metric = 1.00000
data saved at: /project/ftchong/qoc/pranav/00017_01_h2o_slice_331.h5


trying total_time: 2.5 for unitary of size (16, 16)
data saved at: /project/ftchong/qoc/pranav/00018_01_h2o_slice_331.h5
Using 8 Taylor terms and 1 Scaling & Squaring terms
Building graph:
Propagators initialized.
Operators weight initialized.
Intermediate propagation variables initialized.
Intermediate propagators initialized.
Vectors initialized.
Training loss initialized.
Optimizer initialized.
Utilities initialized.
Graph built!
Initialized
Error = :1.47e-01; Runtime: 0.1s; Iterations = 0, grads =   6.363e-01, unitary_metric = 1.00000
Error = :6.23e-03; Runtime: 1.2s; Iterations = 20, grads =   3.315e-02, unitary_metric = 1.00000
Error = :6.91e-04; Runtime: 1.5s; Iterations = 25, grads =   3.445e-03, unitary_metric = 1.00000
data saved at: /project/ftchong/qoc/pranav/00018_01_h2o_slice_331.h5


trying total_time: 1.25 for unitary of size (16, 16)
data saved at: /project/ftchong/qoc/pranav/00019_01_h2o_slice_331.h5
Using 6 Taylor terms and 2 Scaling & Squaring terms
Building graph:
Propagators initialized.
Operators weight initialized.
Intermediate propagation variables initialized.
Intermediate propagators initialized.
Vectors initialized.
Training loss initialized.
Optimizer initialized.
Utilities initialized.
Graph built!
Initialized
Error = :1.07e-01; Runtime: 0.1s; Iterations = 0, grads =   2.339e-01, unitary_metric = 1.00000
Error = :7.89e-04; Runtime: 0.6s; Iterations = 18, grads =   1.120e-03, unitary_metric = 1.00000
data saved at: /project/ftchong/qoc/pranav/00019_01_h2o_slice_331.h5


trying total_time: 0.6 for unitary of size (16, 16)
data saved at: /project/ftchong/qoc/pranav/00020_01_h2o_slice_331.h5
Using 6 Taylor terms and 2 Scaling & Squaring terms
Building graph:
Propagators initialized.
Operators weight initialized.
Intermediate propagation variables initialized.
Intermediate propagators initialized.
Vectors initialized.
Training loss initialized.
Optimizer initialized.
Utilities initialized.
Graph built!
Initialized
Error = :2.61e-01; Runtime: 0.1s; Iterations = 0, grads =   2.125e-01, unitary_metric = 1.00000
Error = :1.50e-02; Runtime: 0.4s; Iterations = 20, grads =   1.814e-02, unitary_metric = 1.00000
Error = :1.47e-03; Runtime: 0.6s; Iterations = 40, grads =   1.785e-03, unitary_metric = 1.00000
Error = :9.34e-04; Runtime: 0.7s; Iterations = 46, grads =   1.121e-03, unitary_metric = 1.00000
data saved at: /project/ftchong/qoc/pranav/00020_01_h2o_slice_331.h5


trying total_time: 0.3 for unitary of size (16, 16)
data saved at: /project/ftchong/qoc/pranav/00021_01_h2o_slice_331.h5
Using 7 Taylor terms and 1 Scaling & Squaring terms
Building graph:
Propagators initialized.
Operators weight initialized.
Intermediate propagation variables initialized.
Intermediate propagators initialized.
Vectors initialized.
Training loss initialized.
Optimizer initialized.
Utilities initialized.
Graph built!
Initialized
Error = :1.36e-01; Runtime: 0.1s; Iterations = 0, grads =   6.253e-02, unitary_metric = 1.00000
Error = :6.98e-03; Runtime: 0.3s; Iterations = 20, grads =   3.816e-03, unitary_metric = 1.00000
Error = :8.18e-04; Runtime: 0.3s; Iterations = 28, grads =   3.574e-04, unitary_metric = 1.00000
data saved at: /project/ftchong/qoc/pranav/00021_01_h2o_slice_331.h5




[0.3, 6.55, 0.3]
TIME FOR SLICE IS:
6.55
