Running Block:  302


trying total_time: 30.0 for unitary of size (4, 4)
data saved at: /project/ftchong/qoc/pranav/00016_27_block302.h5
Using 4 Taylor terms and 3 Scaling & Squaring terms
Building graph:
Propagators initialized.
Operators weight initialized.
Intermediate propagation variables initialized.
Intermediate propagators initialized.
Vectors initialized.
Training loss initialized.
Optimizer initialized.
Utilities initialized.
Graph built!
Initialized
Error = :8.06e-01; Runtime: 0.8s; Iterations = 0, grads =   3.196e+00, unitary_metric = 1.00006
Error = :5.27e-01; Runtime: 5.9s; Iterations = 20, grads =   7.946e-01, unitary_metric = 1.00005
Error = :3.75e-01; Runtime: 9.6s; Iterations = 40, grads =   3.899e-01, unitary_metric = 1.00001
Error = :1.86e-02; Runtime: 13.4s; Iterations = 60, grads =   5.837e-02, unitary_metric = 1.00002
Error = :4.87e-04; Runtime: 15.6s; Iterations = 72, grads =   6.555e-03, unitary_metric = 1.00002
data saved at: /project/ftchong/qoc/pranav/00016_27_block302.h5


trying total_time: 15.0 for unitary of size (4, 4)
data saved at: /project/ftchong/qoc/pranav/00017_27_block302.h5
Using 4 Taylor terms and 3 Scaling & Squaring terms
Building graph:
Propagators initialized.
Operators weight initialized.
Intermediate propagation variables initialized.
Intermediate propagators initialized.
Vectors initialized.
Training loss initialized.
Optimizer initialized.
Utilities initialized.
Graph built!
Initialized
Error = :7.44e-01; Runtime: 0.3s; Iterations = 0, grads =   1.769e+00, unitary_metric = 1.00001
Error = :5.05e-01; Runtime: 2.7s; Iterations = 20, grads =   1.477e-01, unitary_metric = 1.00002
Error = :1.74e-01; Runtime: 4.4s; Iterations = 40, grads =   8.914e-02, unitary_metric = 1.00000
Error = :8.58e-03; Runtime: 6.2s; Iterations = 60, grads =   1.288e-02, unitary_metric = 0.99999
Error = :6.47e-04; Runtime: 7.9s; Iterations = 80, grads =   7.895e-04, unitary_metric = 1.00000
data saved at: /project/ftchong/qoc/pranav/00017_27_block302.h5


trying total_time: 7.5 for unitary of size (4, 4)
data saved at: /project/ftchong/qoc/pranav/00018_27_block302.h5
Using 6 Taylor terms and 1 Scaling & Squaring terms
Building graph:
Propagators initialized.
Operators weight initialized.
Intermediate propagation variables initialized.
Intermediate propagators initialized.
Vectors initialized.
Training loss initialized.
Optimizer initialized.
Utilities initialized.
Graph built!
Initialized
Error = :9.90e-01; Runtime: 0.2s; Iterations = 0, grads =   2.393e-02, unitary_metric = 1.00000
Error = :5.11e-01; Runtime: 1.4s; Iterations = 20, grads =   8.948e-02, unitary_metric = 1.00000
Error = :4.91e-01; Runtime: 2.3s; Iterations = 40, grads =   9.731e-03, unitary_metric = 1.00000
Error = :2.81e-01; Runtime: 3.2s; Iterations = 60, grads =   5.151e-02, unitary_metric = 1.00000
Error = :9.47e-03; Runtime: 4.2s; Iterations = 80, grads =   4.270e-03, unitary_metric = 0.99999
Error = :1.35e-03; Runtime: 5.1s; Iterations = 100, grads =   5.188e-04, unitary_metric = 1.00000
Error = :9.62e-04; Runtime: 5.3s; Iterations = 101, grads =   2.561e-04, unitary_metric = 1.00000
data saved at: /project/ftchong/qoc/pranav/00018_27_block302.h5


trying total_time: 3.75 for unitary of size (4, 4)
data saved at: /project/ftchong/qoc/pranav/00019_27_block302.h5
Using 6 Taylor terms and 1 Scaling & Squaring terms
Building graph:
Propagators initialized.
Operators weight initialized.
Intermediate propagation variables initialized.
Intermediate propagators initialized.
Vectors initialized.
Training loss initialized.
Optimizer initialized.
Utilities initialized.
Graph built!
Initialized
Error = :9.80e-01; Runtime: 0.1s; Iterations = 0, grads =   3.242e-02, unitary_metric = 1.00000
Error = :5.09e-01; Runtime: 0.8s; Iterations = 20, grads =   3.576e-02, unitary_metric = 1.00000
Error = :4.94e-01; Runtime: 1.3s; Iterations = 40, grads =   3.262e-03, unitary_metric = 1.00000
Error = :4.53e-01; Runtime: 1.7s; Iterations = 60, grads =   3.000e-03, unitary_metric = 1.00000
Error = :2.99e-01; Runtime: 2.2s; Iterations = 80, grads =   1.213e-02, unitary_metric = 1.00000
Error = :8.91e-02; Runtime: 2.7s; Iterations = 100, grads =   3.361e-03, unitary_metric = 1.00000
Error = :3.07e-02; Runtime: 3.2s; Iterations = 120, grads =   4.568e-04, unitary_metric = 1.00000
Error = :1.77e-02; Runtime: 3.7s; Iterations = 140, grads =   1.508e-04, unitary_metric = 1.00000
Error = :1.32e-02; Runtime: 4.2s; Iterations = 160, grads =   7.954e-05, unitary_metric = 1.00000
Error = :1.08e-02; Runtime: 4.6s; Iterations = 180, grads =   5.069e-05, unitary_metric = 1.00000
Error = :9.34e-03; Runtime: 5.1s; Iterations = 200, grads =   3.653e-05, unitary_metric = 1.00000
Error = :8.29e-03; Runtime: 5.6s; Iterations = 220, grads =   2.820e-05, unitary_metric = 1.00000
Error = :7.50e-03; Runtime: 6.1s; Iterations = 240, grads =   2.275e-05, unitary_metric = 1.00000
Error = :6.88e-03; Runtime: 6.6s; Iterations = 260, grads =   1.891e-05, unitary_metric = 1.00000
Error = :6.37e-03; Runtime: 7.0s; Iterations = 280, grads =   1.601e-05, unitary_metric = 1.00000
Error = :5.94e-03; Runtime: 7.5s; Iterations = 300, grads =   1.370e-05, unitary_metric = 1.00000
Error = :5.58e-03; Runtime: 8.0s; Iterations = 320, grads =   1.180e-05, unitary_metric = 1.00000
Error = :5.26e-03; Runtime: 8.5s; Iterations = 340, grads =   1.020e-05, unitary_metric = 1.00000
Error = :4.99e-03; Runtime: 9.0s; Iterations = 360, grads =   8.847e-06, unitary_metric = 1.00000
Error = :4.75e-03; Runtime: 9.4s; Iterations = 380, grads =   7.715e-06, unitary_metric = 1.00000
Error = :4.54e-03; Runtime: 9.9s; Iterations = 400, grads =   6.767e-06, unitary_metric = 1.00000
Error = :4.36e-03; Runtime: 10.5s; Iterations = 420, grads =   5.974e-06, unitary_metric = 1.00000
Error = :4.20e-03; Runtime: 10.9s; Iterations = 440, grads =   5.308e-06, unitary_metric = 1.00000
Error = :4.06e-03; Runtime: 11.4s; Iterations = 460, grads =   4.747e-06, unitary_metric = 1.00000
Error = :3.93e-03; Runtime: 11.9s; Iterations = 480, grads =   4.271e-06, unitary_metric = 1.00000
Error = :3.81e-03; Runtime: 12.3s; Iterations = 500, grads =   3.865e-06, unitary_metric = 1.00000
Error = :3.70e-03; Runtime: 12.9s; Iterations = 520, grads =   3.516e-06, unitary_metric = 1.00000
Error = :3.61e-03; Runtime: 13.3s; Iterations = 540, grads =   3.215e-06, unitary_metric = 1.00000
Error = :3.52e-03; Runtime: 13.8s; Iterations = 560, grads =   2.952e-06, unitary_metric = 1.00000
Error = :3.43e-03; Runtime: 14.3s; Iterations = 580, grads =   2.722e-06, unitary_metric = 1.00000
Error = :3.35e-03; Runtime: 14.7s; Iterations = 600, grads =   2.520e-06, unitary_metric = 1.00000
Error = :3.28e-03; Runtime: 15.3s; Iterations = 620, grads =   2.341e-06, unitary_metric = 1.00000
Error = :3.21e-03; Runtime: 15.8s; Iterations = 640, grads =   2.181e-06, unitary_metric = 1.00000
Error = :3.15e-03; Runtime: 16.2s; Iterations = 660, grads =   2.038e-06, unitary_metric = 1.00000
Error = :3.09e-03; Runtime: 16.7s; Iterations = 680, grads =   1.910e-06, unitary_metric = 1.00000
Error = :3.03e-03; Runtime: 17.2s; Iterations = 700, grads =   1.794e-06, unitary_metric = 1.00000
Error = :2.97e-03; Runtime: 17.7s; Iterations = 720, grads =   1.689e-06, unitary_metric = 1.00000
Error = :2.92e-03; Runtime: 18.2s; Iterations = 740, grads =   1.593e-06, unitary_metric = 1.00000
Error = :2.87e-03; Runtime: 18.6s; Iterations = 760, grads =   1.506e-06, unitary_metric = 1.00000
Error = :2.83e-03; Runtime: 19.1s; Iterations = 780, grads =   1.427e-06, unitary_metric = 1.00000
Error = :2.79e-03; Runtime: 19.6s; Iterations = 800, grads =   1.353e-06, unitary_metric = 1.00000
Error = :2.74e-03; Runtime: 20.1s; Iterations = 820, grads =   1.286e-06, unitary_metric = 1.00000
Error = :2.70e-03; Runtime: 20.6s; Iterations = 840, grads =   1.225e-06, unitary_metric = 1.00000
Error = :2.67e-03; Runtime: 21.1s; Iterations = 860, grads =   1.168e-06, unitary_metric = 1.00000
Error = :2.63e-03; Runtime: 21.5s; Iterations = 880, grads =   1.115e-06, unitary_metric = 1.00000
Error = :2.60e-03; Runtime: 22.0s; Iterations = 900, grads =   1.067e-06, unitary_metric = 1.00000
Error = :2.56e-03; Runtime: 22.5s; Iterations = 920, grads =   1.022e-06, unitary_metric = 1.00000
Error = :2.53e-03; Runtime: 23.0s; Iterations = 940, grads =   9.811e-07, unitary_metric = 1.00000
Error = :2.50e-03; Runtime: 23.5s; Iterations = 960, grads =   9.438e-07, unitary_metric = 1.00000
Error = :2.48e-03; Runtime: 23.9s; Iterations = 980, grads =   9.098e-07, unitary_metric = 1.00000
Error = :2.45e-03; Runtime: 24.4s; Iterations = 1000, grads =   8.794e-07, unitary_metric = 1.00000
Error = :2.43e-03; Runtime: 25.0s; Iterations = 1020, grads =   8.527e-07, unitary_metric = 1.00000
Error = :2.41e-03; Runtime: 25.4s; Iterations = 1040, grads =   8.298e-07, unitary_metric = 1.00000
Error = :2.38e-03; Runtime: 25.9s; Iterations = 1060, grads =   8.109e-07, unitary_metric = 1.00000
Error = :2.36e-03; Runtime: 26.4s; Iterations = 1080, grads =   7.960e-07, unitary_metric = 1.00000
Error = :2.35e-03; Runtime: 26.8s; Iterations = 1100, grads =   7.847e-07, unitary_metric = 1.00000
Error = :2.33e-03; Runtime: 27.4s; Iterations = 1120, grads =   7.764e-07, unitary_metric = 1.00000
Error = :2.32e-03; Runtime: 27.8s; Iterations = 1140, grads =   7.706e-07, unitary_metric = 1.00000
Error = :2.30e-03; Runtime: 28.3s; Iterations = 1160, grads =   7.662e-07, unitary_metric = 1.00000
Error = :2.28e-03; Runtime: 28.8s; Iterations = 1180, grads =   7.629e-07, unitary_metric = 1.00000
Error = :2.27e-03; Runtime: 29.2s; Iterations = 1200, grads =   7.603e-07, unitary_metric = 1.00000
Error = :2.25e-03; Runtime: 29.8s; Iterations = 1220, grads =   7.577e-07, unitary_metric = 1.00000
Error = :2.23e-03; Runtime: 30.3s; Iterations = 1240, grads =   7.547e-07, unitary_metric = 1.00000
Error = :2.22e-03; Runtime: 30.7s; Iterations = 1260, grads =   7.512e-07, unitary_metric = 1.00000
Error = :2.20e-03; Runtime: 31.2s; Iterations = 1280, grads =   7.471e-07, unitary_metric = 1.00000
Error = :2.18e-03; Runtime: 31.7s; Iterations = 1300, grads =   7.439e-07, unitary_metric = 1.00000
Error = :2.16e-03; Runtime: 32.2s; Iterations = 1320, grads =   7.436e-07, unitary_metric = 1.00000
Error = :2.14e-03; Runtime: 32.7s; Iterations = 1340, grads =   7.498e-07, unitary_metric = 1.00000
Error = :2.13e-03; Runtime: 33.1s; Iterations = 1360, grads =   7.660e-07, unitary_metric = 1.00000
Error = :2.12e-03; Runtime: 33.6s; Iterations = 1380, grads =   7.940e-07, unitary_metric = 1.00000
Error = :2.10e-03; Runtime: 34.1s; Iterations = 1400, grads =   8.321e-07, unitary_metric = 1.00000
Error = :2.09e-03; Runtime: 34.6s; Iterations = 1420, grads =   8.726e-07, unitary_metric = 1.00000
Error = :2.07e-03; Runtime: 35.1s; Iterations = 1440, grads =   9.048e-07, unitary_metric = 1.00000
Error = :2.05e-03; Runtime: 35.5s; Iterations = 1460, grads =   9.183e-07, unitary_metric = 1.00000
Error = :2.02e-03; Runtime: 36.0s; Iterations = 1480, grads =   9.076e-07, unitary_metric = 1.00000
Error = :1.99e-03; Runtime: 36.5s; Iterations = 1500, grads =   8.762e-07, unitary_metric = 1.00000
Error = :1.96e-03; Runtime: 37.0s; Iterations = 1520, grads =   8.319e-07, unitary_metric = 1.00000
Error = :1.92e-03; Runtime: 37.5s; Iterations = 1540, grads =   7.827e-07, unitary_metric = 1.00000
Error = :1.89e-03; Runtime: 38.0s; Iterations = 1560, grads =   7.328e-07, unitary_metric = 1.00000
Error = :1.85e-03; Runtime: 38.4s; Iterations = 1580, grads =   6.844e-07, unitary_metric = 1.00000
Error = :1.82e-03; Runtime: 38.9s; Iterations = 1600, grads =   6.390e-07, unitary_metric = 1.00000
Error = :1.80e-03; Runtime: 39.4s; Iterations = 1620, grads =   5.970e-07, unitary_metric = 1.00000
Error = :1.77e-03; Runtime: 39.9s; Iterations = 1640, grads =   5.590e-07, unitary_metric = 1.00000
Error = :1.75e-03; Runtime: 40.4s; Iterations = 1660, grads =   5.247e-07, unitary_metric = 1.00000
Error = :1.72e-03; Runtime: 40.8s; Iterations = 1680, grads =   4.939e-07, unitary_metric = 1.00000
Error = :1.70e-03; Runtime: 41.3s; Iterations = 1700, grads =   4.661e-07, unitary_metric = 1.00000
Error = :1.68e-03; Runtime: 41.9s; Iterations = 1720, grads =   4.409e-07, unitary_metric = 1.00000
Error = :1.66e-03; Runtime: 42.3s; Iterations = 1740, grads =   4.178e-07, unitary_metric = 1.00000
Error = :1.64e-03; Runtime: 42.8s; Iterations = 1760, grads =   3.968e-07, unitary_metric = 1.00000
Error = :1.62e-03; Runtime: 43.3s; Iterations = 1780, grads =   3.774e-07, unitary_metric = 1.00000
Error = :1.61e-03; Runtime: 43.7s; Iterations = 1800, grads =   3.594e-07, unitary_metric = 1.00000
Error = :1.59e-03; Runtime: 44.3s; Iterations = 1820, grads =   3.427e-07, unitary_metric = 1.00000
Error = :1.57e-03; Runtime: 44.8s; Iterations = 1840, grads =   3.272e-07, unitary_metric = 1.00000
Error = :1.56e-03; Runtime: 45.2s; Iterations = 1860, grads =   3.127e-07, unitary_metric = 1.00000
Error = :1.54e-03; Runtime: 45.7s; Iterations = 1880, grads =   2.991e-07, unitary_metric = 1.00000
Error = :1.53e-03; Runtime: 46.1s; Iterations = 1900, grads =   2.864e-07, unitary_metric = 1.00000
Error = :1.52e-03; Runtime: 46.8s; Iterations = 1920, grads =   2.744e-07, unitary_metric = 1.00000
Error = :1.50e-03; Runtime: 47.3s; Iterations = 1940, grads =   2.631e-07, unitary_metric = 1.00000
Error = :1.49e-03; Runtime: 47.7s; Iterations = 1960, grads =   2.524e-07, unitary_metric = 1.00000
Error = :1.48e-03; Runtime: 48.2s; Iterations = 1980, grads =   2.424e-07, unitary_metric = 1.00000
Error = :1.47e-03; Runtime: 48.7s; Iterations = 2000, grads =   2.329e-07, unitary_metric = 1.00000
Error = :1.46e-03; Runtime: 49.2s; Iterations = 2020, grads =   2.238e-07, unitary_metric = 1.00000
Error = :1.44e-03; Runtime: 49.7s; Iterations = 2040, grads =   2.152e-07, unitary_metric = 1.00000
Error = :1.43e-03; Runtime: 50.1s; Iterations = 2060, grads =   2.071e-07, unitary_metric = 1.00000
Error = :1.42e-03; Runtime: 50.6s; Iterations = 2080, grads =   1.994e-07, unitary_metric = 1.00000
Error = :1.41e-03; Runtime: 51.1s; Iterations = 2100, grads =   1.920e-07, unitary_metric = 1.00000
Error = :1.41e-03; Runtime: 51.6s; Iterations = 2120, grads =   1.850e-07, unitary_metric = 1.00000
Error = :1.40e-03; Runtime: 52.1s; Iterations = 2140, grads =   1.784e-07, unitary_metric = 1.00000
Error = :1.39e-03; Runtime: 52.5s; Iterations = 2160, grads =   1.720e-07, unitary_metric = 1.00000
Error = :1.38e-03; Runtime: 53.0s; Iterations = 2180, grads =   1.660e-07, unitary_metric = 1.00000
Error = :1.37e-03; Runtime: 53.5s; Iterations = 2200, grads =   1.602e-07, unitary_metric = 1.00000
Error = :1.36e-03; Runtime: 54.0s; Iterations = 2220, grads =   1.547e-07, unitary_metric = 1.00000
Error = :1.35e-03; Runtime: 54.5s; Iterations = 2240, grads =   1.494e-07, unitary_metric = 1.00000
Error = :1.35e-03; Runtime: 55.0s; Iterations = 2260, grads =   1.443e-07, unitary_metric = 1.00000
Error = :1.34e-03; Runtime: 55.4s; Iterations = 2280, grads =   1.395e-07, unitary_metric = 1.00000
Error = :1.33e-03; Runtime: 56.0s; Iterations = 2300, grads =   1.349e-07, unitary_metric = 1.00000
Error = :1.32e-03; Runtime: 56.5s; Iterations = 2320, grads =   1.305e-07, unitary_metric = 1.00000
Error = :1.32e-03; Runtime: 57.0s; Iterations = 2340, grads =   1.263e-07, unitary_metric = 1.00000
Error = :1.31e-03; Runtime: 57.4s; Iterations = 2360, grads =   1.222e-07, unitary_metric = 1.00000
Error = :1.30e-03; Runtime: 57.9s; Iterations = 2380, grads =   1.184e-07, unitary_metric = 1.00000
Error = :1.30e-03; Runtime: 58.4s; Iterations = 2400, grads =   1.147e-07, unitary_metric = 1.00000
Error = :1.29e-03; Runtime: 58.9s; Iterations = 2420, grads =   1.111e-07, unitary_metric = 1.00000
Error = :1.28e-03; Runtime: 59.4s; Iterations = 2440, grads =   1.077e-07, unitary_metric = 1.00000
Error = :1.28e-03; Runtime: 59.9s; Iterations = 2460, grads =   1.044e-07, unitary_metric = 1.00000
Error = :1.27e-03; Runtime: 60.3s; Iterations = 2480, grads =   1.013e-07, unitary_metric = 1.00000
Error = :1.27e-03; Runtime: 60.8s; Iterations = 2500, grads =   9.827e-08, unitary_metric = 1.00000
Error = :1.26e-03; Runtime: 61.4s; Iterations = 2520, grads =   9.536e-08, unitary_metric = 1.00000
Error = :1.26e-03; Runtime: 61.8s; Iterations = 2540, grads =   9.257e-08, unitary_metric = 1.00000
Error = :1.25e-03; Runtime: 62.3s; Iterations = 2560, grads =   8.989e-08, unitary_metric = 1.00000
Error = :1.25e-03; Runtime: 62.8s; Iterations = 2580, grads =   8.733e-08, unitary_metric = 1.00000
Error = :1.24e-03; Runtime: 63.2s; Iterations = 2600, grads =   8.485e-08, unitary_metric = 1.00000
Error = :1.24e-03; Runtime: 63.8s; Iterations = 2620, grads =   8.248e-08, unitary_metric = 1.00000
Error = :1.23e-03; Runtime: 64.3s; Iterations = 2640, grads =   8.019e-08, unitary_metric = 1.00000
Error = :1.23e-03; Runtime: 64.7s; Iterations = 2660, grads =   7.800e-08, unitary_metric = 1.00000
Error = :1.22e-03; Runtime: 65.2s; Iterations = 2680, grads =   7.588e-08, unitary_metric = 1.00000
Error = :1.22e-03; Runtime: 65.7s; Iterations = 2700, grads =   7.385e-08, unitary_metric = 1.00000
Error = :1.22e-03; Runtime: 66.2s; Iterations = 2720, grads =   7.188e-08, unitary_metric = 1.00000
Error = :1.21e-03; Runtime: 66.7s; Iterations = 2740, grads =   6.999e-08, unitary_metric = 1.00000
Error = :1.21e-03; Runtime: 67.1s; Iterations = 2760, grads =   6.818e-08, unitary_metric = 1.00000
Error = :1.20e-03; Runtime: 67.6s; Iterations = 2780, grads =   6.642e-08, unitary_metric = 1.00000
Error = :1.20e-03; Runtime: 68.1s; Iterations = 2800, grads =   6.472e-08, unitary_metric = 1.00000
Error = :1.20e-03; Runtime: 68.6s; Iterations = 2820, grads =   6.311e-08, unitary_metric = 1.00000
Error = :1.19e-03; Runtime: 69.1s; Iterations = 2840, grads =   6.154e-08, unitary_metric = 1.00000
Error = :1.19e-03; Runtime: 69.5s; Iterations = 2860, grads =   6.004e-08, unitary_metric = 1.00000
Error = :1.19e-03; Runtime: 70.0s; Iterations = 2880, grads =   5.858e-08, unitary_metric = 1.00000
Error = :1.18e-03; Runtime: 70.5s; Iterations = 2900, grads =   5.718e-08, unitary_metric = 1.00000
Error = :1.18e-03; Runtime: 71.0s; Iterations = 2920, grads =   5.583e-08, unitary_metric = 1.00000
Error = :1.18e-03; Runtime: 71.5s; Iterations = 2940, grads =   5.454e-08, unitary_metric = 1.00000
Error = :1.17e-03; Runtime: 72.0s; Iterations = 2960, grads =   5.328e-08, unitary_metric = 1.00000
Error = :1.17e-03; Runtime: 72.4s; Iterations = 2980, grads =   5.209e-08, unitary_metric = 1.00000
Error = :1.17e-03; Runtime: 72.9s; Iterations = 3000, grads =   5.093e-08, unitary_metric = 1.00000
Error = :1.17e-03; Runtime: 73.4s; Iterations = 3020, grads =   4.982e-08, unitary_metric = 1.00000
Error = :1.16e-03; Runtime: 73.9s; Iterations = 3040, grads =   4.874e-08, unitary_metric = 1.00000
Error = :1.16e-03; Runtime: 74.4s; Iterations = 3060, grads =   4.770e-08, unitary_metric = 1.00000
Error = :1.16e-03; Runtime: 74.9s; Iterations = 3080, grads =   4.671e-08, unitary_metric = 1.00000
Error = :1.15e-03; Runtime: 75.3s; Iterations = 3100, grads =   4.576e-08, unitary_metric = 1.00000
Error = :1.15e-03; Runtime: 75.9s; Iterations = 3120, grads =   4.484e-08, unitary_metric = 1.00000
Error = :1.15e-03; Runtime: 76.3s; Iterations = 3140, grads =   4.396e-08, unitary_metric = 1.00000
Error = :1.15e-03; Runtime: 76.8s; Iterations = 3160, grads =   4.311e-08, unitary_metric = 1.00000
Error = :1.14e-03; Runtime: 77.3s; Iterations = 3180, grads =   4.229e-08, unitary_metric = 1.00000
Error = :1.14e-03; Runtime: 77.7s; Iterations = 3200, grads =   4.151e-08, unitary_metric = 1.00000
Error = :1.14e-03; Runtime: 78.3s; Iterations = 3220, grads =   4.075e-08, unitary_metric = 1.00000
Error = :1.14e-03; Runtime: 78.7s; Iterations = 3240, grads =   4.003e-08, unitary_metric = 1.00000
Error = :1.14e-03; Runtime: 79.2s; Iterations = 3260, grads =   3.933e-08, unitary_metric = 1.00000
Error = :1.13e-03; Runtime: 79.7s; Iterations = 3280, grads =   3.866e-08, unitary_metric = 1.00000
Error = :1.13e-03; Runtime: 80.1s; Iterations = 3300, grads =   3.802e-08, unitary_metric = 1.00000
Error = :1.13e-03; Runtime: 80.7s; Iterations = 3320, grads =   3.741e-08, unitary_metric = 1.00000
Error = :1.13e-03; Runtime: 81.2s; Iterations = 3340, grads =   3.680e-08, unitary_metric = 1.00000
Error = :1.13e-03; Runtime: 81.6s; Iterations = 3360, grads =   3.622e-08, unitary_metric = 1.00000
Error = :1.12e-03; Runtime: 82.1s; Iterations = 3380, grads =   3.567e-08, unitary_metric = 1.00000
Error = :1.12e-03; Runtime: 82.5s; Iterations = 3400, grads =   3.513e-08, unitary_metric = 1.00000
Error = :1.12e-03; Runtime: 83.1s; Iterations = 3420, grads =   3.460e-08, unitary_metric = 1.00000
Error = :1.12e-03; Runtime: 83.6s; Iterations = 3440, grads =   3.409e-08, unitary_metric = 1.00000
Error = :1.12e-03; Runtime: 84.0s; Iterations = 3460, grads =   3.360e-08, unitary_metric = 1.00000
Error = :1.11e-03; Runtime: 84.5s; Iterations = 3480, grads =   3.310e-08, unitary_metric = 1.00000
Error = :1.11e-03; Runtime: 85.0s; Iterations = 3500, grads =   3.264e-08, unitary_metric = 1.00000
Error = :1.11e-03; Runtime: 85.5s; Iterations = 3520, grads =   3.218e-08, unitary_metric = 1.00000
Error = :1.11e-03; Runtime: 86.0s; Iterations = 3540, grads =   3.173e-08, unitary_metric = 1.00000
Error = :1.11e-03; Runtime: 86.4s; Iterations = 3560, grads =   3.129e-08, unitary_metric = 1.00000
Error = :1.11e-03; Runtime: 86.9s; Iterations = 3580, grads =   3.084e-08, unitary_metric = 1.00000
Error = :1.10e-03; Runtime: 87.4s; Iterations = 3600, grads =   3.042e-08, unitary_metric = 1.00000
Error = :1.10e-03; Runtime: 87.9s; Iterations = 3620, grads =   3.000e-08, unitary_metric = 1.00000
Error = :1.10e-03; Runtime: 88.4s; Iterations = 3640, grads =   2.958e-08, unitary_metric = 1.00000
Error = :1.10e-03; Runtime: 88.9s; Iterations = 3660, grads =   2.918e-08, unitary_metric = 1.00000
Error = :1.10e-03; Runtime: 89.3s; Iterations = 3680, grads =   2.877e-08, unitary_metric = 1.00000
Error = :1.10e-03; Runtime: 89.8s; Iterations = 3700, grads =   2.838e-08, unitary_metric = 1.00000
Error = :1.09e-03; Runtime: 90.3s; Iterations = 3720, grads =   2.797e-08, unitary_metric = 1.00000
Error = :1.09e-03; Runtime: 90.8s; Iterations = 3740, grads =   2.758e-08, unitary_metric = 1.00000
Error = :1.09e-03; Runtime: 91.3s; Iterations = 3760, grads =   2.720e-08, unitary_metric = 1.00000
Error = :1.09e-03; Runtime: 91.7s; Iterations = 3780, grads =   2.682e-08, unitary_metric = 1.00000
Error = :1.09e-03; Runtime: 92.2s; Iterations = 3800, grads =   2.644e-08, unitary_metric = 1.00000
Error = :1.09e-03; Runtime: 92.8s; Iterations = 3820, grads =   2.608e-08, unitary_metric = 1.00000
Error = :1.09e-03; Runtime: 93.2s; Iterations = 3840, grads =   2.571e-08, unitary_metric = 1.00000
Error = :1.08e-03; Runtime: 93.7s; Iterations = 3860, grads =   2.535e-08, unitary_metric = 1.00000
Error = :1.08e-03; Runtime: 94.1s; Iterations = 3880, grads =   2.501e-08, unitary_metric = 1.00000
Error = :1.08e-03; Runtime: 94.6s; Iterations = 3900, grads =   2.464e-08, unitary_metric = 1.00000
Error = :1.08e-03; Runtime: 95.2s; Iterations = 3920, grads =   2.429e-08, unitary_metric = 1.00000
Error = :1.08e-03; Runtime: 95.6s; Iterations = 3940, grads =   2.395e-08, unitary_metric = 1.00000
Error = :1.08e-03; Runtime: 96.1s; Iterations = 3960, grads =   2.361e-08, unitary_metric = 1.00000
Error = :1.08e-03; Runtime: 96.6s; Iterations = 3980, grads =   2.328e-08, unitary_metric = 1.00000
Error = :1.07e-03; Runtime: 97.0s; Iterations = 4000, grads =   2.294e-08, unitary_metric = 1.00000
Error = :1.07e-03; Runtime: 97.6s; Iterations = 4020, grads =   2.261e-08, unitary_metric = 1.00000
Error = :1.07e-03; Runtime: 98.0s; Iterations = 4040, grads =   2.230e-08, unitary_metric = 1.00000
Error = :1.07e-03; Runtime: 98.5s; Iterations = 4060, grads =   2.198e-08, unitary_metric = 1.00000
Error = :1.07e-03; Runtime: 99.0s; Iterations = 4080, grads =   2.166e-08, unitary_metric = 1.00000
Error = :1.07e-03; Runtime: 99.4s; Iterations = 4100, grads =   2.135e-08, unitary_metric = 1.00000
Error = :1.07e-03; Runtime: 100.0s; Iterations = 4120, grads =   2.104e-08, unitary_metric = 1.00000
Error = :1.07e-03; Runtime: 100.4s; Iterations = 4140, grads =   2.073e-08, unitary_metric = 1.00000
Error = :1.07e-03; Runtime: 100.9s; Iterations = 4160, grads =   2.044e-08, unitary_metric = 1.00000
Error = :1.06e-03; Runtime: 101.4s; Iterations = 4180, grads =   2.014e-08, unitary_metric = 1.00000
Error = :1.06e-03; Runtime: 101.8s; Iterations = 4200, grads =   1.984e-08, unitary_metric = 1.00000
Error = :1.06e-03; Runtime: 102.4s; Iterations = 4220, grads =   1.955e-08, unitary_metric = 1.00000
Error = :1.06e-03; Runtime: 102.9s; Iterations = 4240, grads =   1.926e-08, unitary_metric = 1.00000
Error = :1.06e-03; Runtime: 103.3s; Iterations = 4260, grads =   1.897e-08, unitary_metric = 1.00000
Error = :1.06e-03; Runtime: 103.8s; Iterations = 4280, grads =   1.869e-08, unitary_metric = 1.00000
Error = :1.06e-03; Runtime: 104.3s; Iterations = 4300, grads =   1.841e-08, unitary_metric = 1.00000
Error = :1.06e-03; Runtime: 104.8s; Iterations = 4320, grads =   1.815e-08, unitary_metric = 1.00000
Error = :1.06e-03; Runtime: 105.3s; Iterations = 4340, grads =   1.788e-08, unitary_metric = 1.00000
Error = :1.06e-03; Runtime: 105.7s; Iterations = 4360, grads =   1.761e-08, unitary_metric = 1.00000
Error = :1.06e-03; Runtime: 106.2s; Iterations = 4380, grads =   1.735e-08, unitary_metric = 1.00000
Error = :1.06e-03; Runtime: 106.7s; Iterations = 4400, grads =   1.710e-08, unitary_metric = 1.00000
Error = :1.06e-03; Runtime: 107.2s; Iterations = 4420, grads =   1.685e-08, unitary_metric = 1.00000
Error = :1.06e-03; Runtime: 107.7s; Iterations = 4440, grads =   1.661e-08, unitary_metric = 1.00000
Error = :1.06e-03; Runtime: 108.2s; Iterations = 4460, grads =   1.640e-08, unitary_metric = 1.00000
Error = :1.06e-03; Runtime: 108.6s; Iterations = 4480, grads =   1.618e-08, unitary_metric = 1.00000
Error = :1.06e-03; Runtime: 109.1s; Iterations = 4500, grads =   1.599e-08, unitary_metric = 1.00000
Error = :1.06e-03; Runtime: 109.6s; Iterations = 4520, grads =   1.581e-08, unitary_metric = 1.00000
Error = :1.06e-03; Runtime: 110.1s; Iterations = 4540, grads =   1.565e-08, unitary_metric = 1.00000
Error = :1.06e-03; Runtime: 110.6s; Iterations = 4560, grads =   1.552e-08, unitary_metric = 1.00000
Error = :1.06e-03; Runtime: 111.0s; Iterations = 4580, grads =   1.542e-08, unitary_metric = 1.00000
Error = :1.06e-03; Runtime: 111.5s; Iterations = 4600, grads =   1.535e-08, unitary_metric = 1.00000
Error = :1.06e-03; Runtime: 112.1s; Iterations = 4620, grads =   1.530e-08, unitary_metric = 1.00000
Error = :1.06e-03; Runtime: 112.5s; Iterations = 4640, grads =   1.529e-08, unitary_metric = 1.00000
Error = :1.06e-03; Runtime: 113.0s; Iterations = 4660, grads =   1.533e-08, unitary_metric = 1.00000
Error = :1.06e-03; Runtime: 113.5s; Iterations = 4680, grads =   1.540e-08, unitary_metric = 1.00000
Error = :1.06e-03; Runtime: 113.9s; Iterations = 4700, grads =   1.553e-08, unitary_metric = 1.00000
Error = :1.06e-03; Runtime: 114.5s; Iterations = 4720, grads =   1.567e-08, unitary_metric = 1.00000
Error = :1.06e-03; Runtime: 114.9s; Iterations = 4740, grads =   1.589e-08, unitary_metric = 1.00000
Error = :1.07e-03; Runtime: 115.4s; Iterations = 4760, grads =   1.616e-08, unitary_metric = 1.00000
Error = :1.07e-03; Runtime: 115.9s; Iterations = 4780, grads =   1.647e-08, unitary_metric = 1.00000
Error = :1.07e-03; Runtime: 116.3s; Iterations = 4800, grads =   1.682e-08, unitary_metric = 1.00000
Error = :1.07e-03; Runtime: 116.9s; Iterations = 4820, grads =   1.723e-08, unitary_metric = 1.00000
Error = :1.07e-03; Runtime: 117.4s; Iterations = 4840, grads =   1.768e-08, unitary_metric = 1.00000
Error = :1.07e-03; Runtime: 117.8s; Iterations = 4860, grads =   1.817e-08, unitary_metric = 1.00000
Error = :1.07e-03; Runtime: 118.3s; Iterations = 4880, grads =   1.866e-08, unitary_metric = 1.00000
Error = :1.07e-03; Runtime: 118.8s; Iterations = 4900, grads =   1.918e-08, unitary_metric = 1.00000
Error = :1.07e-03; Runtime: 119.3s; Iterations = 4920, grads =   1.970e-08, unitary_metric = 1.00000
Error = :1.08e-03; Runtime: 119.8s; Iterations = 4940, grads =   2.023e-08, unitary_metric = 1.00000
Error = :1.08e-03; Runtime: 120.2s; Iterations = 4960, grads =   2.073e-08, unitary_metric = 1.00000
Error = :1.08e-03; Runtime: 120.7s; Iterations = 4980, grads =   2.123e-08, unitary_metric = 1.00000
Error = :1.08e-03; Runtime: 121.2s; Iterations = 5000, grads =   2.169e-08, unitary_metric = 1.00000
Error = :1.08e-03; Runtime: 121.7s; Iterations = 5020, grads =   2.210e-08, unitary_metric = 1.00000
Error = :1.08e-03; Runtime: 122.2s; Iterations = 5040, grads =   2.249e-08, unitary_metric = 1.00000
Error = :1.08e-03; Runtime: 122.7s; Iterations = 5060, grads =   2.282e-08, unitary_metric = 1.00000
Error = :1.08e-03; Runtime: 123.1s; Iterations = 5080, grads =   2.310e-08, unitary_metric = 1.00000
Error = :1.08e-03; Runtime: 123.6s; Iterations = 5100, grads =   2.333e-08, unitary_metric = 1.00000
Error = :1.08e-03; Runtime: 124.1s; Iterations = 5120, grads =   2.350e-08, unitary_metric = 1.00000
Error = :1.07e-03; Runtime: 124.6s; Iterations = 5140, grads =   2.362e-08, unitary_metric = 1.00000
Error = :1.07e-03; Runtime: 125.1s; Iterations = 5160, grads =   2.369e-08, unitary_metric = 1.00000
Error = :1.07e-03; Runtime: 125.5s; Iterations = 5180, grads =   2.369e-08, unitary_metric = 1.00000
Error = :1.07e-03; Runtime: 126.0s; Iterations = 5200, grads =   2.367e-08, unitary_metric = 1.00000
Error = :1.07e-03; Runtime: 126.6s; Iterations = 5220, grads =   2.360e-08, unitary_metric = 1.00000
Error = :1.07e-03; Runtime: 127.0s; Iterations = 5240, grads =   2.350e-08, unitary_metric = 1.00000
Error = :1.07e-03; Runtime: 127.5s; Iterations = 5260, grads =   2.337e-08, unitary_metric = 1.00000
Error = :1.07e-03; Runtime: 127.9s; Iterations = 5280, grads =   2.320e-08, unitary_metric = 1.00000
Error = :1.06e-03; Runtime: 128.4s; Iterations = 5300, grads =   2.299e-08, unitary_metric = 1.00000
Error = :1.06e-03; Runtime: 129.0s; Iterations = 5320, grads =   2.277e-08, unitary_metric = 1.00000
Error = :1.06e-03; Runtime: 129.4s; Iterations = 5340, grads =   2.253e-08, unitary_metric = 1.00000
Error = :1.06e-03; Runtime: 129.9s; Iterations = 5360, grads =   2.226e-08, unitary_metric = 1.00000
Error = :1.06e-03; Runtime: 130.4s; Iterations = 5380, grads =   2.199e-08, unitary_metric = 1.00000
Error = :1.06e-03; Runtime: 130.8s; Iterations = 5400, grads =   2.168e-08, unitary_metric = 1.00000
Error = :1.06e-03; Runtime: 131.4s; Iterations = 5420, grads =   2.137e-08, unitary_metric = 1.00000
Error = :1.05e-03; Runtime: 131.8s; Iterations = 5440, grads =   2.106e-08, unitary_metric = 1.00000
Error = :1.05e-03; Runtime: 132.3s; Iterations = 5460, grads =   2.074e-08, unitary_metric = 1.00000
Error = :1.05e-03; Runtime: 132.8s; Iterations = 5480, grads =   2.040e-08, unitary_metric = 1.00000
Error = :1.05e-03; Runtime: 133.2s; Iterations = 5500, grads =   2.007e-08, unitary_metric = 1.00000
Error = :1.05e-03; Runtime: 133.8s; Iterations = 5520, grads =   1.972e-08, unitary_metric = 1.00000
Error = :1.05e-03; Runtime: 134.3s; Iterations = 5540, grads =   1.939e-08, unitary_metric = 1.00000
Error = :1.05e-03; Runtime: 134.7s; Iterations = 5560, grads =   1.906e-08, unitary_metric = 1.00000
Error = :1.04e-03; Runtime: 135.2s; Iterations = 5580, grads =   1.873e-08, unitary_metric = 1.00000
Error = :1.04e-03; Runtime: 135.6s; Iterations = 5600, grads =   1.839e-08, unitary_metric = 1.00000
Error = :1.04e-03; Runtime: 136.2s; Iterations = 5620, grads =   1.808e-08, unitary_metric = 1.00000
Error = :1.04e-03; Runtime: 136.7s; Iterations = 5640, grads =   1.775e-08, unitary_metric = 1.00000
Error = :1.04e-03; Runtime: 137.1s; Iterations = 5660, grads =   1.743e-08, unitary_metric = 1.00000
Error = :1.04e-03; Runtime: 137.6s; Iterations = 5680, grads =   1.713e-08, unitary_metric = 1.00000
Error = :1.04e-03; Runtime: 138.1s; Iterations = 5700, grads =   1.682e-08, unitary_metric = 1.00000
Error = :1.03e-03; Runtime: 138.6s; Iterations = 5720, grads =   1.653e-08, unitary_metric = 1.00000
Error = :1.03e-03; Runtime: 139.1s; Iterations = 5740, grads =   1.624e-08, unitary_metric = 1.00000
Error = :1.03e-03; Runtime: 139.5s; Iterations = 5760, grads =   1.597e-08, unitary_metric = 1.00000
Error = :1.03e-03; Runtime: 140.0s; Iterations = 5780, grads =   1.567e-08, unitary_metric = 1.00000
Error = :1.03e-03; Runtime: 140.5s; Iterations = 5800, grads =   1.541e-08, unitary_metric = 1.00000
Error = :1.03e-03; Runtime: 141.0s; Iterations = 5820, grads =   1.514e-08, unitary_metric = 1.00000
Error = :1.03e-03; Runtime: 141.5s; Iterations = 5840, grads =   1.489e-08, unitary_metric = 1.00000
Error = :1.03e-03; Runtime: 141.9s; Iterations = 5860, grads =   1.464e-08, unitary_metric = 1.00000
Error = :1.03e-03; Runtime: 142.4s; Iterations = 5880, grads =   1.440e-08, unitary_metric = 1.00000
Error = :1.02e-03; Runtime: 142.9s; Iterations = 5900, grads =   1.416e-08, unitary_metric = 1.00000
Error = :1.02e-03; Runtime: 143.4s; Iterations = 5920, grads =   1.393e-08, unitary_metric = 1.00000
Error = :1.02e-03; Runtime: 143.9s; Iterations = 5940, grads =   1.371e-08, unitary_metric = 1.00000
Error = :1.02e-03; Runtime: 144.3s; Iterations = 5960, grads =   1.350e-08, unitary_metric = 1.00000
Error = :1.02e-03; Runtime: 144.8s; Iterations = 5980, grads =   1.328e-08, unitary_metric = 1.00000
Error = :1.02e-03; Runtime: 145.3s; Iterations = 6000, grads =   1.307e-08, unitary_metric = 1.00000
data saved at: /project/ftchong/qoc/pranav/00019_27_block302.h5


trying total_time: 5.6 for unitary of size (4, 4)
data saved at: /project/ftchong/qoc/pranav/00020_27_block302.h5
Using 6 Taylor terms and 1 Scaling & Squaring terms
Building graph:
Propagators initialized.
Operators weight initialized.
Intermediate propagation variables initialized.
Intermediate propagators initialized.
Vectors initialized.
Training loss initialized.
Optimizer initialized.
Utilities initialized.
Graph built!
Initialized
Error = :9.53e-01; Runtime: 0.1s; Iterations = 0, grads =   1.295e-01, unitary_metric = 1.00000
Error = :5.08e-01; Runtime: 1.1s; Iterations = 20, grads =   6.096e-02, unitary_metric = 1.00000
Error = :4.59e-01; Runtime: 1.8s; Iterations = 40, grads =   1.847e-02, unitary_metric = 1.00000
Error = :1.94e-01; Runtime: 2.5s; Iterations = 60, grads =   1.977e-02, unitary_metric = 1.00000
Error = :1.25e-02; Runtime: 3.2s; Iterations = 80, grads =   1.380e-03, unitary_metric = 1.00000
Error = :9.62e-04; Runtime: 3.7s; Iterations = 96, grads =   2.104e-04, unitary_metric = 1.00000
data saved at: /project/ftchong/qoc/pranav/00020_27_block302.h5


trying total_time: 4.65 for unitary of size (4, 4)
data saved at: /project/ftchong/qoc/pranav/00021_27_block302.h5
Using 6 Taylor terms and 1 Scaling & Squaring terms
Building graph:
Propagators initialized.
Operators weight initialized.
Intermediate propagation variables initialized.
Intermediate propagators initialized.
Vectors initialized.
Training loss initialized.
Optimizer initialized.
Utilities initialized.
Graph built!
Initialized
Error = :8.89e-01; Runtime: 0.1s; Iterations = 0, grads =   2.961e-01, unitary_metric = 1.00000
Error = :5.18e-01; Runtime: 0.9s; Iterations = 20, grads =   8.762e-02, unitary_metric = 1.00000
Error = :4.92e-01; Runtime: 1.5s; Iterations = 40, grads =   4.042e-03, unitary_metric = 1.00000
Error = :4.17e-01; Runtime: 2.1s; Iterations = 60, grads =   9.022e-03, unitary_metric = 1.00000
Error = :1.08e-01; Runtime: 2.7s; Iterations = 80, grads =   7.492e-03, unitary_metric = 1.00000
Error = :7.69e-03; Runtime: 3.2s; Iterations = 100, grads =   6.504e-04, unitary_metric = 1.00000
Error = :9.24e-04; Runtime: 3.8s; Iterations = 117, grads =   5.823e-05, unitary_metric = 1.00000
data saved at: /project/ftchong/qoc/pranav/00021_27_block302.h5


trying total_time: 4.2 for unitary of size (4, 4)
data saved at: /project/ftchong/qoc/pranav/00022_27_block302.h5
Using 6 Taylor terms and 1 Scaling & Squaring terms
Building graph:
Propagators initialized.
Operators weight initialized.
Intermediate propagation variables initialized.
Intermediate propagators initialized.
Vectors initialized.
Training loss initialized.
Optimizer initialized.
Utilities initialized.
Graph built!
Initialized
Error = :8.88e-01; Runtime: 0.1s; Iterations = 0, grads =   2.641e-01, unitary_metric = 1.00000
Error = :5.14e-01; Runtime: 0.9s; Iterations = 20, grads =   7.556e-02, unitary_metric = 1.00000
Error = :4.70e-01; Runtime: 1.4s; Iterations = 40, grads =   1.486e-02, unitary_metric = 1.00000
Error = :3.34e-01; Runtime: 1.9s; Iterations = 60, grads =   1.249e-02, unitary_metric = 1.00000
Error = :1.06e-01; Runtime: 2.4s; Iterations = 80, grads =   3.653e-03, unitary_metric = 1.00000
Error = :3.19e-02; Runtime: 2.9s; Iterations = 100, grads =   7.583e-04, unitary_metric = 1.00000
Error = :1.15e-02; Runtime: 3.6s; Iterations = 120, grads =   2.048e-04, unitary_metric = 1.00000
Error = :5.29e-03; Runtime: 4.1s; Iterations = 140, grads =   7.180e-05, unitary_metric = 1.00000
Error = :2.78e-03; Runtime: 4.6s; Iterations = 160, grads =   3.393e-05, unitary_metric = 1.00000
Error = :1.59e-03; Runtime: 5.1s; Iterations = 180, grads =   1.735e-05, unitary_metric = 1.00000
Error = :9.84e-04; Runtime: 5.6s; Iterations = 199, grads =   9.595e-06, unitary_metric = 1.00000
data saved at: /project/ftchong/qoc/pranav/00022_27_block302.h5


trying total_time: 3.95 for unitary of size (4, 4)
data saved at: /project/ftchong/qoc/pranav/00023_27_block302.h5
Using 6 Taylor terms and 1 Scaling & Squaring terms
Building graph:
Propagators initialized.
Operators weight initialized.
Intermediate propagation variables initialized.
Intermediate propagators initialized.
Vectors initialized.
Training loss initialized.
Optimizer initialized.
Utilities initialized.
Graph built!
Initialized
Error = :8.78e-01; Runtime: 0.1s; Iterations = 0, grads =   2.802e-01, unitary_metric = 1.00000
Error = :5.20e-01; Runtime: 0.8s; Iterations = 20, grads =   8.359e-02, unitary_metric = 1.00000
Error = :5.02e-01; Runtime: 1.3s; Iterations = 40, grads =   1.194e-02, unitary_metric = 1.00000
Error = :4.96e-01; Runtime: 1.8s; Iterations = 60, grads =   1.992e-03, unitary_metric = 1.00000
Error = :4.55e-01; Runtime: 2.3s; Iterations = 80, grads =   3.914e-03, unitary_metric = 1.00000
Error = :2.56e-01; Runtime: 2.8s; Iterations = 100, grads =   1.291e-02, unitary_metric = 1.00000
Error = :6.11e-02; Runtime: 3.4s; Iterations = 120, grads =   1.303e-03, unitary_metric = 1.00000
Error = :2.24e-02; Runtime: 3.9s; Iterations = 140, grads =   3.135e-04, unitary_metric = 1.00000
Error = :1.27e-02; Runtime: 4.3s; Iterations = 160, grads =   1.383e-04, unitary_metric = 1.00000
Error = :8.59e-03; Runtime: 4.8s; Iterations = 180, grads =   7.488e-05, unitary_metric = 1.00000
Error = :6.31e-03; Runtime: 5.3s; Iterations = 200, grads =   4.507e-05, unitary_metric = 1.00000
Error = :4.87e-03; Runtime: 5.9s; Iterations = 220, grads =   3.072e-05, unitary_metric = 1.00000
Error = :3.88e-03; Runtime: 6.4s; Iterations = 240, grads =   2.172e-05, unitary_metric = 1.00000
Error = :3.18e-03; Runtime: 6.9s; Iterations = 260, grads =   1.601e-05, unitary_metric = 1.00000
Error = :2.65e-03; Runtime: 7.4s; Iterations = 280, grads =   1.216e-05, unitary_metric = 1.00000
Error = :2.24e-03; Runtime: 7.9s; Iterations = 300, grads =   9.449e-06, unitary_metric = 1.00000
Error = :1.91e-03; Runtime: 8.5s; Iterations = 320, grads =   7.487e-06, unitary_metric = 1.00000
Error = :1.65e-03; Runtime: 9.0s; Iterations = 340, grads =   6.024e-06, unitary_metric = 1.00000
Error = :1.44e-03; Runtime: 9.4s; Iterations = 360, grads =   4.914e-06, unitary_metric = 1.00000
Error = :1.26e-03; Runtime: 10.0s; Iterations = 380, grads =   4.054e-06, unitary_metric = 1.00000
Error = :1.11e-03; Runtime: 10.5s; Iterations = 400, grads =   3.378e-06, unitary_metric = 1.00000
Error = :9.96e-04; Runtime: 11.0s; Iterations = 418, grads =   2.888e-06, unitary_metric = 1.00000
data saved at: /project/ftchong/qoc/pranav/00023_27_block302.h5


^^^SHORTEST TIME was 3.95
