Running Block:  321


trying total_time: 30.0 for unitary of size (4, 4)
data saved at: /project/ftchong/qoc/pranav/00016_27_block321.h5
Using 4 Taylor terms and 3 Scaling & Squaring terms
Building graph:
Propagators initialized.
Operators weight initialized.
Intermediate propagation variables initialized.
Intermediate propagators initialized.
Vectors initialized.
Training loss initialized.
Optimizer initialized.
Utilities initialized.
Graph built!
Initialized
Error = :1.71e-01; Runtime: 1.1s; Iterations = 0, grads =   2.142e+00, unitary_metric = 1.00003
Error = :1.64e-01; Runtime: 6.8s; Iterations = 20, grads =   1.891e+00, unitary_metric = 1.00005
Error = :1.14e-01; Runtime: 10.9s; Iterations = 40, grads =   2.219e-01, unitary_metric = 1.00002
Error = :1.05e-02; Runtime: 14.9s; Iterations = 60, grads =   1.081e-02, unitary_metric = 1.00000
Error = :8.56e-04; Runtime: 18.4s; Iterations = 77, grads =   2.327e-03, unitary_metric = 1.00001
data saved at: /project/ftchong/qoc/pranav/00016_27_block321.h5


trying total_time: 15.0 for unitary of size (4, 4)
data saved at: /project/ftchong/qoc/pranav/00017_27_block321.h5
Using 4 Taylor terms and 3 Scaling & Squaring terms
Building graph:
Propagators initialized.
Operators weight initialized.
Intermediate propagation variables initialized.
Intermediate propagators initialized.
Vectors initialized.
Training loss initialized.
Optimizer initialized.
Utilities initialized.
Graph built!
Initialized
Error = :1.80e-01; Runtime: 0.4s; Iterations = 0, grads =   1.166e+00, unitary_metric = 1.00001
Error = :1.33e-01; Runtime: 3.0s; Iterations = 20, grads =   7.849e-02, unitary_metric = 1.00001
Error = :1.32e-01; Runtime: 4.9s; Iterations = 40, grads =   5.446e-02, unitary_metric = 1.00001
Error = :1.30e-01; Runtime: 6.8s; Iterations = 60, grads =   6.165e-04, unitary_metric = 1.00001
Error = :1.30e-01; Runtime: 8.7s; Iterations = 80, grads =   1.880e-03, unitary_metric = 1.00001
Error = :1.30e-01; Runtime: 10.6s; Iterations = 100, grads =   2.095e-04, unitary_metric = 1.00001
Error = :1.30e-01; Runtime: 12.7s; Iterations = 120, grads =   6.008e-06, unitary_metric = 1.00001
Error = :1.30e-01; Runtime: 14.6s; Iterations = 140, grads =   2.825e-06, unitary_metric = 1.00001
Error = :1.30e-01; Runtime: 16.5s; Iterations = 160, grads =   4.110e-07, unitary_metric = 1.00001
Error = :1.30e-01; Runtime: 18.4s; Iterations = 180, grads =   3.639e-08, unitary_metric = 1.00001
Error = :1.30e-01; Runtime: 20.3s; Iterations = 200, grads =   4.542e-09, unitary_metric = 1.00001
Error = :1.30e-01; Runtime: 22.5s; Iterations = 220, grads =   6.541e-10, unitary_metric = 1.00001
Error = :1.30e-01; Runtime: 24.4s; Iterations = 240, grads =   2.599e-10, unitary_metric = 1.00001
Error = :1.30e-01; Runtime: 26.2s; Iterations = 260, grads =   2.548e-10, unitary_metric = 1.00001
Error = :1.30e-01; Runtime: 28.2s; Iterations = 280, grads =   1.942e-10, unitary_metric = 1.00001
Error = :1.30e-01; Runtime: 30.0s; Iterations = 300, grads =   1.626e-10, unitary_metric = 1.00001
Error = :1.30e-01; Runtime: 32.2s; Iterations = 320, grads =   2.008e-10, unitary_metric = 1.00001
Error = :1.30e-01; Runtime: 34.1s; Iterations = 340, grads =   1.982e-10, unitary_metric = 1.00001
Error = :1.30e-01; Runtime: 36.0s; Iterations = 360, grads =   1.454e-10, unitary_metric = 1.00001
Error = :1.30e-01; Runtime: 37.8s; Iterations = 380, grads =   1.339e-10, unitary_metric = 1.00001
Error = :1.30e-01; Runtime: 39.7s; Iterations = 400, grads =   1.336e-10, unitary_metric = 1.00001
Error = :1.30e-01; Runtime: 41.9s; Iterations = 420, grads =   1.958e-10, unitary_metric = 1.00001
Error = :1.30e-01; Runtime: 43.8s; Iterations = 440, grads =   1.523e-10, unitary_metric = 1.00001
Error = :1.30e-01; Runtime: 45.6s; Iterations = 460, grads =   1.268e-10, unitary_metric = 1.00001
Error = :1.30e-01; Runtime: 47.5s; Iterations = 480, grads =   2.031e-10, unitary_metric = 1.00001
Error = :1.30e-01; Runtime: 49.4s; Iterations = 500, grads =   1.630e-10, unitary_metric = 1.00001
Error = :1.30e-01; Runtime: 51.5s; Iterations = 520, grads =   1.130e-10, unitary_metric = 1.00001
Error = :1.30e-01; Runtime: 53.4s; Iterations = 540, grads =   1.610e-10, unitary_metric = 1.00001
Error = :1.30e-01; Runtime: 55.3s; Iterations = 560, grads =   1.525e-10, unitary_metric = 1.00001
Error = :1.30e-01; Runtime: 57.1s; Iterations = 580, grads =   2.417e-10, unitary_metric = 1.00001
Error = :1.30e-01; Runtime: 59.0s; Iterations = 600, grads =   2.120e-10, unitary_metric = 1.00001
Error = :1.30e-01; Runtime: 61.2s; Iterations = 620, grads =   1.490e-10, unitary_metric = 1.00001
Error = :1.30e-01; Runtime: 63.0s; Iterations = 640, grads =   8.829e-11, unitary_metric = 1.00001
Error = :1.30e-01; Runtime: 64.9s; Iterations = 660, grads =   2.106e-10, unitary_metric = 1.00001
Error = :1.30e-01; Runtime: 66.8s; Iterations = 680, grads =   1.431e-10, unitary_metric = 1.00001
Error = :1.30e-01; Runtime: 68.6s; Iterations = 700, grads =   2.810e-10, unitary_metric = 1.00001
Error = :1.30e-01; Runtime: 70.8s; Iterations = 720, grads =   1.529e-10, unitary_metric = 1.00001
Error = :1.30e-01; Runtime: 72.7s; Iterations = 740, grads =   7.894e-11, unitary_metric = 1.00001
Error = :1.30e-01; Runtime: 74.5s; Iterations = 760, grads =   1.556e-10, unitary_metric = 1.00001
Error = :1.30e-01; Runtime: 76.4s; Iterations = 780, grads =   1.597e-10, unitary_metric = 1.00001
Error = :1.30e-01; Runtime: 78.3s; Iterations = 800, grads =   1.191e-10, unitary_metric = 1.00001
Error = :1.30e-01; Runtime: 80.4s; Iterations = 820, grads =   1.474e-10, unitary_metric = 1.00001
Error = :1.30e-01; Runtime: 82.3s; Iterations = 840, grads =   8.950e-11, unitary_metric = 1.00001
Error = :1.30e-01; Runtime: 84.2s; Iterations = 860, grads =   1.655e-10, unitary_metric = 1.00001
Error = :1.30e-01; Runtime: 86.0s; Iterations = 880, grads =   1.045e-10, unitary_metric = 1.00001
Error = :1.30e-01; Runtime: 87.9s; Iterations = 900, grads =   1.243e-10, unitary_metric = 1.00002
Error = :1.30e-01; Runtime: 90.1s; Iterations = 920, grads =   2.666e-10, unitary_metric = 1.00001
Error = :1.30e-01; Runtime: 92.0s; Iterations = 940, grads =   1.653e-10, unitary_metric = 1.00001
Error = :1.30e-01; Runtime: 93.8s; Iterations = 960, grads =   2.940e-10, unitary_metric = 1.00001
Error = :1.30e-01; Runtime: 95.7s; Iterations = 980, grads =   3.670e-10, unitary_metric = 1.00001
Error = :1.30e-01; Runtime: 97.5s; Iterations = 1000, grads =   3.002e-10, unitary_metric = 1.00001
Error = :1.30e-01; Runtime: 99.7s; Iterations = 1020, grads =   1.712e-10, unitary_metric = 1.00001
Error = :1.30e-01; Runtime: 101.6s; Iterations = 1040, grads =   2.239e-10, unitary_metric = 1.00001
Error = :1.30e-01; Runtime: 103.4s; Iterations = 1060, grads =   2.098e-10, unitary_metric = 1.00001
Error = :1.30e-01; Runtime: 105.3s; Iterations = 1080, grads =   1.823e-10, unitary_metric = 1.00001
Error = :1.30e-01; Runtime: 107.2s; Iterations = 1100, grads =   1.472e-10, unitary_metric = 1.00001
Error = :1.30e-01; Runtime: 109.4s; Iterations = 1120, grads =   2.673e-10, unitary_metric = 1.00001
Error = :1.30e-01; Runtime: 111.2s; Iterations = 1140, grads =   1.333e-10, unitary_metric = 1.00001
Error = :1.30e-01; Runtime: 113.1s; Iterations = 1160, grads =   2.060e-10, unitary_metric = 1.00002
Error = :1.30e-01; Runtime: 115.0s; Iterations = 1180, grads =   3.185e-10, unitary_metric = 1.00001
Error = :1.30e-01; Runtime: 116.8s; Iterations = 1200, grads =   2.120e-10, unitary_metric = 1.00001
Error = :1.30e-01; Runtime: 119.0s; Iterations = 1220, grads =   2.835e-10, unitary_metric = 1.00001
Error = :1.30e-01; Runtime: 120.9s; Iterations = 1240, grads =   3.172e-10, unitary_metric = 1.00002
Error = :1.30e-01; Runtime: 122.7s; Iterations = 1260, grads =   3.130e-10, unitary_metric = 1.00001
Error = :1.30e-01; Runtime: 124.6s; Iterations = 1280, grads =   4.595e-10, unitary_metric = 1.00002
Error = :1.30e-01; Runtime: 126.5s; Iterations = 1300, grads =   4.326e-10, unitary_metric = 1.00002
Error = :1.30e-01; Runtime: 128.6s; Iterations = 1320, grads =   7.365e-10, unitary_metric = 1.00001
Error = :1.30e-01; Runtime: 130.5s; Iterations = 1340, grads =   5.644e-10, unitary_metric = 1.00002
Error = :1.30e-01; Runtime: 132.4s; Iterations = 1360, grads =   8.128e-10, unitary_metric = 1.00002
Error = :1.30e-01; Runtime: 134.2s; Iterations = 1380, grads =   1.250e-09, unitary_metric = 1.00002
Error = :1.30e-01; Runtime: 136.1s; Iterations = 1400, grads =   1.351e-09, unitary_metric = 1.00002
Error = :1.30e-01; Runtime: 138.3s; Iterations = 1420, grads =   2.192e-09, unitary_metric = 1.00001
Error = :1.30e-01; Runtime: 140.1s; Iterations = 1440, grads =   3.660e-09, unitary_metric = 1.00001
Error = :1.30e-01; Runtime: 142.0s; Iterations = 1460, grads =   7.056e-09, unitary_metric = 1.00001
Error = :1.30e-01; Runtime: 143.9s; Iterations = 1480, grads =   1.567e-08, unitary_metric = 1.00001
Error = :1.30e-01; Runtime: 145.8s; Iterations = 1500, grads =   4.341e-08, unitary_metric = 1.00001
Error = :1.30e-01; Runtime: 147.9s; Iterations = 1520, grads =   1.618e-07, unitary_metric = 1.00002
Error = :1.30e-01; Runtime: 149.8s; Iterations = 1540, grads =   1.036e-06, unitary_metric = 1.00001
Error = :1.29e-01; Runtime: 151.7s; Iterations = 1560, grads =   2.452e-05, unitary_metric = 1.00001
Error = :2.94e-02; Runtime: 153.6s; Iterations = 1580, grads =   1.018e-02, unitary_metric = 1.00000
Error = :3.96e-03; Runtime: 155.5s; Iterations = 1600, grads =   1.695e-03, unitary_metric = 1.00000
Error = :9.42e-04; Runtime: 157.0s; Iterations = 1613, grads =   2.311e-04, unitary_metric = 0.99999
data saved at: /project/ftchong/qoc/pranav/00017_27_block321.h5


trying total_time: 7.5 for unitary of size (4, 4)
data saved at: /project/ftchong/qoc/pranav/00018_27_block321.h5
Using 6 Taylor terms and 1 Scaling & Squaring terms
Building graph:
Propagators initialized.
Operators weight initialized.
Intermediate propagation variables initialized.
Intermediate propagators initialized.
Vectors initialized.
Training loss initialized.
Optimizer initialized.
Utilities initialized.
Graph built!
Initialized
Error = :1.52e-01; Runtime: 0.2s; Iterations = 0, grads =   2.484e-01, unitary_metric = 1.00000
Error = :1.32e-01; Runtime: 1.6s; Iterations = 20, grads =   2.346e-02, unitary_metric = 1.00000
Error = :1.31e-01; Runtime: 2.6s; Iterations = 40, grads =   7.446e-03, unitary_metric = 1.00000
Error = :1.30e-01; Runtime: 3.6s; Iterations = 60, grads =   1.800e-03, unitary_metric = 1.00000
Error = :1.30e-01; Runtime: 4.5s; Iterations = 80, grads =   6.638e-05, unitary_metric = 1.00000
Error = :1.30e-01; Runtime: 5.5s; Iterations = 100, grads =   1.881e-05, unitary_metric = 1.00000
Error = :1.30e-01; Runtime: 6.7s; Iterations = 120, grads =   3.509e-07, unitary_metric = 1.00000
Error = :1.30e-01; Runtime: 7.6s; Iterations = 140, grads =   1.985e-07, unitary_metric = 1.00000
Error = :1.30e-01; Runtime: 8.6s; Iterations = 160, grads =   9.572e-09, unitary_metric = 1.00000
Error = :1.30e-01; Runtime: 9.6s; Iterations = 180, grads =   6.860e-09, unitary_metric = 1.00000
Error = :1.30e-01; Runtime: 10.6s; Iterations = 200, grads =   2.360e-10, unitary_metric = 1.00000
Error = :1.30e-01; Runtime: 11.7s; Iterations = 220, grads =   3.884e-11, unitary_metric = 1.00000
Error = :1.30e-01; Runtime: 12.7s; Iterations = 240, grads =   4.599e-11, unitary_metric = 1.00000
Error = :1.30e-01; Runtime: 13.7s; Iterations = 260, grads =   7.758e-12, unitary_metric = 1.00000
Error = :1.30e-01; Runtime: 14.7s; Iterations = 280, grads =   9.053e-12, unitary_metric = 1.00000
Error = :1.30e-01; Runtime: 15.6s; Iterations = 300, grads =   1.083e-11, unitary_metric = 1.00000
Error = :1.30e-01; Runtime: 16.8s; Iterations = 320, grads =   6.913e-12, unitary_metric = 1.00000
Error = :1.30e-01; Runtime: 17.8s; Iterations = 340, grads =   4.620e-12, unitary_metric = 1.00000
Error = :1.30e-01; Runtime: 18.8s; Iterations = 360, grads =   2.938e-12, unitary_metric = 1.00000
Error = :1.30e-01; Runtime: 19.7s; Iterations = 380, grads =   5.916e-12, unitary_metric = 1.00000
Error = :1.30e-01; Runtime: 20.7s; Iterations = 400, grads =   3.689e-12, unitary_metric = 1.00000
Error = :1.30e-01; Runtime: 21.9s; Iterations = 420, grads =   2.513e-12, unitary_metric = 1.00000
Error = :1.30e-01; Runtime: 22.9s; Iterations = 440, grads =   3.199e-12, unitary_metric = 1.00000
Error = :1.30e-01; Runtime: 23.9s; Iterations = 460, grads =   2.736e-12, unitary_metric = 1.00000
Error = :1.30e-01; Runtime: 24.8s; Iterations = 480, grads =   2.453e-12, unitary_metric = 1.00000
Error = :1.30e-01; Runtime: 25.8s; Iterations = 500, grads =   1.163e-11, unitary_metric = 1.00000
Error = :1.30e-01; Runtime: 27.0s; Iterations = 520, grads =   3.664e-12, unitary_metric = 1.00000
Error = :1.30e-01; Runtime: 27.9s; Iterations = 540, grads =   1.974e-12, unitary_metric = 1.00000
Error = :1.30e-01; Runtime: 28.9s; Iterations = 560, grads =   2.429e-12, unitary_metric = 1.00000
Error = :1.30e-01; Runtime: 29.9s; Iterations = 580, grads =   3.179e-12, unitary_metric = 1.00000
Error = :1.30e-01; Runtime: 30.9s; Iterations = 600, grads =   5.588e-12, unitary_metric = 1.00000
Error = :1.30e-01; Runtime: 32.0s; Iterations = 620, grads =   4.378e-12, unitary_metric = 1.00000
Error = :1.30e-01; Runtime: 33.0s; Iterations = 640, grads =   2.980e-12, unitary_metric = 1.00000
Error = :1.30e-01; Runtime: 34.0s; Iterations = 660, grads =   1.044e-11, unitary_metric = 1.00000
Error = :1.30e-01; Runtime: 35.0s; Iterations = 680, grads =   3.825e-12, unitary_metric = 1.00000
Error = :1.30e-01; Runtime: 35.9s; Iterations = 700, grads =   2.074e-12, unitary_metric = 1.00000
Error = :1.30e-01; Runtime: 37.1s; Iterations = 720, grads =   7.201e-12, unitary_metric = 1.00000
Error = :1.30e-01; Runtime: 38.1s; Iterations = 740, grads =   8.524e-12, unitary_metric = 1.00000
Error = :1.30e-01; Runtime: 39.1s; Iterations = 760, grads =   8.742e-12, unitary_metric = 1.00000
Error = :1.30e-01; Runtime: 40.0s; Iterations = 780, grads =   2.020e-12, unitary_metric = 1.00000
Error = :1.30e-01; Runtime: 41.0s; Iterations = 800, grads =   3.095e-12, unitary_metric = 1.00000
Error = :1.30e-01; Runtime: 42.2s; Iterations = 820, grads =   1.088e-11, unitary_metric = 1.00000
Error = :1.30e-01; Runtime: 43.1s; Iterations = 840, grads =   6.557e-12, unitary_metric = 1.00000
Error = :1.30e-01; Runtime: 44.1s; Iterations = 860, grads =   6.161e-12, unitary_metric = 1.00000
Error = :1.30e-01; Runtime: 45.1s; Iterations = 880, grads =   2.007e-11, unitary_metric = 1.00000
Error = :1.30e-01; Runtime: 46.1s; Iterations = 900, grads =   1.428e-11, unitary_metric = 1.00000
Error = :1.30e-01; Runtime: 47.2s; Iterations = 920, grads =   7.559e-12, unitary_metric = 1.00000
Error = :1.30e-01; Runtime: 48.2s; Iterations = 940, grads =   4.399e-12, unitary_metric = 1.00000
Error = :1.30e-01; Runtime: 49.2s; Iterations = 960, grads =   3.734e-12, unitary_metric = 1.00000
Error = :1.30e-01; Runtime: 50.2s; Iterations = 980, grads =   3.937e-12, unitary_metric = 1.00000
Error = :1.30e-01; Runtime: 51.2s; Iterations = 1000, grads =   1.996e-11, unitary_metric = 1.00000
Error = :1.30e-01; Runtime: 52.3s; Iterations = 1020, grads =   4.425e-12, unitary_metric = 1.00000
Error = :1.30e-01; Runtime: 53.3s; Iterations = 1040, grads =   4.999e-12, unitary_metric = 1.00000
Error = :1.30e-01; Runtime: 54.3s; Iterations = 1060, grads =   9.457e-12, unitary_metric = 1.00000
Error = :1.30e-01; Runtime: 55.2s; Iterations = 1080, grads =   1.366e-11, unitary_metric = 1.00000
Error = :1.30e-01; Runtime: 56.2s; Iterations = 1100, grads =   6.097e-12, unitary_metric = 1.00000
Error = :1.30e-01; Runtime: 57.3s; Iterations = 1120, grads =   7.913e-12, unitary_metric = 1.00000
Error = :1.30e-01; Runtime: 58.3s; Iterations = 1140, grads =   7.154e-12, unitary_metric = 1.00000
Error = :1.30e-01; Runtime: 59.3s; Iterations = 1160, grads =   1.771e-11, unitary_metric = 1.00000
Error = :1.30e-01; Runtime: 60.3s; Iterations = 1180, grads =   1.878e-11, unitary_metric = 1.00000
Error = :1.30e-01; Runtime: 61.3s; Iterations = 1200, grads =   1.393e-11, unitary_metric = 1.00000
Error = :1.30e-01; Runtime: 62.4s; Iterations = 1220, grads =   2.741e-11, unitary_metric = 1.00000
Error = :1.30e-01; Runtime: 63.4s; Iterations = 1240, grads =   4.146e-11, unitary_metric = 1.00000
Error = :1.30e-01; Runtime: 64.3s; Iterations = 1260, grads =   2.844e-11, unitary_metric = 1.00000
Error = :1.30e-01; Runtime: 65.2s; Iterations = 1280, grads =   2.473e-11, unitary_metric = 1.00000
Error = :1.30e-01; Runtime: 66.2s; Iterations = 1300, grads =   2.405e-11, unitary_metric = 1.00000
Error = :1.30e-01; Runtime: 67.3s; Iterations = 1320, grads =   3.244e-11, unitary_metric = 1.00000
Error = :1.30e-01; Runtime: 68.3s; Iterations = 1340, grads =   5.905e-11, unitary_metric = 1.00000
Error = :1.30e-01; Runtime: 69.2s; Iterations = 1360, grads =   3.205e-11, unitary_metric = 1.00000
Error = :1.30e-01; Runtime: 70.1s; Iterations = 1380, grads =   2.304e-11, unitary_metric = 1.00000
Error = :1.30e-01; Runtime: 71.1s; Iterations = 1400, grads =   4.500e-11, unitary_metric = 1.00000
Error = :1.30e-01; Runtime: 72.2s; Iterations = 1420, grads =   4.234e-11, unitary_metric = 1.00000
Error = :1.30e-01; Runtime: 73.1s; Iterations = 1440, grads =   4.739e-11, unitary_metric = 1.00000
Error = :1.30e-01; Runtime: 74.0s; Iterations = 1460, grads =   4.633e-11, unitary_metric = 1.00000
Error = :1.30e-01; Runtime: 74.9s; Iterations = 1480, grads =   5.462e-11, unitary_metric = 1.00000
Error = :1.30e-01; Runtime: 75.9s; Iterations = 1500, grads =   9.380e-11, unitary_metric = 1.00000
Error = :1.30e-01; Runtime: 77.0s; Iterations = 1520, grads =   7.158e-11, unitary_metric = 1.00000
Error = :1.30e-01; Runtime: 78.0s; Iterations = 1540, grads =   7.204e-11, unitary_metric = 1.00000
Error = :1.30e-01; Runtime: 78.9s; Iterations = 1560, grads =   8.387e-11, unitary_metric = 1.00000
Error = :1.30e-01; Runtime: 79.9s; Iterations = 1580, grads =   8.792e-11, unitary_metric = 1.00000
Error = :1.30e-01; Runtime: 80.8s; Iterations = 1600, grads =   1.233e-10, unitary_metric = 1.00000
Error = :1.30e-01; Runtime: 81.9s; Iterations = 1620, grads =   1.286e-10, unitary_metric = 1.00000
Error = :1.30e-01; Runtime: 82.8s; Iterations = 1640, grads =   1.189e-10, unitary_metric = 1.00000
Error = :1.30e-01; Runtime: 83.8s; Iterations = 1660, grads =   1.451e-10, unitary_metric = 1.00000
Error = :1.30e-01; Runtime: 84.7s; Iterations = 1680, grads =   1.597e-10, unitary_metric = 1.00000
Error = :1.30e-01; Runtime: 85.7s; Iterations = 1700, grads =   2.233e-10, unitary_metric = 1.00000
Error = :1.30e-01; Runtime: 86.8s; Iterations = 1720, grads =   2.688e-10, unitary_metric = 1.00000
Error = :1.30e-01; Runtime: 87.7s; Iterations = 1740, grads =   3.569e-10, unitary_metric = 1.00000
Error = :1.30e-01; Runtime: 88.6s; Iterations = 1760, grads =   4.730e-10, unitary_metric = 1.00000
Error = :1.30e-01; Runtime: 89.6s; Iterations = 1780, grads =   4.570e-10, unitary_metric = 1.00000
Error = :1.30e-01; Runtime: 90.5s; Iterations = 1800, grads =   5.777e-10, unitary_metric = 1.00000
Error = :1.30e-01; Runtime: 91.6s; Iterations = 1820, grads =   7.630e-10, unitary_metric = 1.00000
Error = :1.30e-01; Runtime: 92.5s; Iterations = 1840, grads =   9.830e-10, unitary_metric = 1.00000
Error = :1.30e-01; Runtime: 93.5s; Iterations = 1860, grads =   1.384e-09, unitary_metric = 1.00000
Error = :1.30e-01; Runtime: 94.4s; Iterations = 1880, grads =   1.883e-09, unitary_metric = 1.00000
Error = :1.30e-01; Runtime: 95.3s; Iterations = 1900, grads =   2.745e-09, unitary_metric = 1.00000
Error = :1.30e-01; Runtime: 96.4s; Iterations = 1920, grads =   4.193e-09, unitary_metric = 1.00000
Error = :1.30e-01; Runtime: 97.3s; Iterations = 1940, grads =   6.883e-09, unitary_metric = 1.00000
Error = :1.30e-01; Runtime: 98.3s; Iterations = 1960, grads =   1.239e-08, unitary_metric = 1.00000
Error = :1.30e-01; Runtime: 99.3s; Iterations = 1980, grads =   2.557e-08, unitary_metric = 1.00000
Error = :1.30e-01; Runtime: 100.4s; Iterations = 2000, grads =   6.248e-08, unitary_metric = 1.00000
Error = :1.30e-01; Runtime: 101.6s; Iterations = 2020, grads =   2.097e-07, unitary_metric = 1.00000
Error = :1.30e-01; Runtime: 102.6s; Iterations = 2040, grads =   1.239e-06, unitary_metric = 1.00000
Error = :1.28e-01; Runtime: 103.6s; Iterations = 2060, grads =   3.127e-05, unitary_metric = 1.00000
Error = :3.04e-02; Runtime: 104.6s; Iterations = 2080, grads =   1.520e-03, unitary_metric = 0.99999
Error = :1.45e-03; Runtime: 105.7s; Iterations = 2100, grads =   6.983e-05, unitary_metric = 1.00000
Error = :7.65e-04; Runtime: 105.9s; Iterations = 2102, grads =   5.142e-05, unitary_metric = 1.00000
data saved at: /project/ftchong/qoc/pranav/00018_27_block321.h5


trying total_time: 3.75 for unitary of size (4, 4)
data saved at: /project/ftchong/qoc/pranav/00019_27_block321.h5
Using 6 Taylor terms and 1 Scaling & Squaring terms
Building graph:
Propagators initialized.
Operators weight initialized.
Intermediate propagation variables initialized.
Intermediate propagators initialized.
Vectors initialized.
Training loss initialized.
Optimizer initialized.
Utilities initialized.
Graph built!
Initialized
Error = :1.94e-01; Runtime: 0.1s; Iterations = 0, grads =   4.044e-01, unitary_metric = 1.00000
Error = :1.31e-01; Runtime: 0.9s; Iterations = 20, grads =   4.828e-03, unitary_metric = 1.00000
Error = :1.30e-01; Runtime: 1.4s; Iterations = 40, grads =   2.852e-03, unitary_metric = 1.00000
Error = :1.30e-01; Runtime: 1.9s; Iterations = 60, grads =   7.704e-05, unitary_metric = 1.00000
Error = :1.30e-01; Runtime: 2.5s; Iterations = 80, grads =   1.042e-05, unitary_metric = 1.00000
Error = :1.30e-01; Runtime: 3.0s; Iterations = 100, grads =   1.297e-07, unitary_metric = 1.00000
Error = :1.30e-01; Runtime: 3.7s; Iterations = 120, grads =   9.297e-07, unitary_metric = 1.00000
Error = :1.30e-01; Runtime: 4.3s; Iterations = 140, grads =   3.147e-08, unitary_metric = 1.00000
Error = :1.30e-01; Runtime: 4.8s; Iterations = 160, grads =   1.796e-08, unitary_metric = 1.00000
Error = :1.30e-01; Runtime: 5.4s; Iterations = 180, grads =   2.579e-09, unitary_metric = 1.00000
Error = :1.30e-01; Runtime: 5.9s; Iterations = 200, grads =   3.147e-10, unitary_metric = 1.00000
Error = :1.30e-01; Runtime: 6.5s; Iterations = 220, grads =   2.374e-11, unitary_metric = 1.00000
Error = :1.30e-01; Runtime: 7.0s; Iterations = 240, grads =   2.790e-12, unitary_metric = 1.00000
Error = :1.30e-01; Runtime: 7.5s; Iterations = 260, grads =   2.406e-12, unitary_metric = 1.00000
Error = :1.30e-01; Runtime: 8.0s; Iterations = 280, grads =   2.503e-12, unitary_metric = 1.00000
Error = :1.30e-01; Runtime: 8.1s; Iterations = 286, grads =   9.105e-13, unitary_metric = 1.00000
data saved at: /project/ftchong/qoc/pranav/00019_27_block321.h5


trying total_time: 5.6 for unitary of size (4, 4)
data saved at: /project/ftchong/qoc/pranav/00020_27_block321.h5
Using 6 Taylor terms and 1 Scaling & Squaring terms
Building graph:
Propagators initialized.
Operators weight initialized.
Intermediate propagation variables initialized.
Intermediate propagators initialized.
Vectors initialized.
Training loss initialized.
Optimizer initialized.
Utilities initialized.
Graph built!
Initialized
Error = :1.51e-01; Runtime: 0.1s; Iterations = 0, grads =   2.108e-01, unitary_metric = 1.00000
Error = :1.30e-01; Runtime: 1.2s; Iterations = 20, grads =   7.533e-04, unitary_metric = 1.00000
Error = :1.31e-01; Runtime: 1.9s; Iterations = 40, grads =   5.266e-03, unitary_metric = 1.00000
Error = :1.30e-01; Runtime: 2.6s; Iterations = 60, grads =   6.312e-04, unitary_metric = 1.00000
Error = :1.30e-01; Runtime: 3.3s; Iterations = 80, grads =   1.809e-05, unitary_metric = 1.00000
Error = :1.30e-01; Runtime: 4.1s; Iterations = 100, grads =   7.929e-07, unitary_metric = 1.00000
Error = :1.30e-01; Runtime: 4.9s; Iterations = 120, grads =   8.279e-07, unitary_metric = 1.00000
Error = :1.30e-01; Runtime: 5.6s; Iterations = 140, grads =   9.350e-08, unitary_metric = 1.00000
Error = :1.30e-01; Runtime: 6.3s; Iterations = 160, grads =   1.931e-08, unitary_metric = 1.00000
Error = :1.30e-01; Runtime: 7.1s; Iterations = 180, grads =   2.006e-09, unitary_metric = 1.00000
Error = :1.30e-01; Runtime: 7.8s; Iterations = 200, grads =   1.324e-10, unitary_metric = 1.00000
Error = :1.30e-01; Runtime: 8.7s; Iterations = 220, grads =   3.483e-11, unitary_metric = 1.00000
Error = :1.30e-01; Runtime: 9.4s; Iterations = 240, grads =   7.845e-12, unitary_metric = 1.00000
Error = :1.30e-01; Runtime: 10.1s; Iterations = 260, grads =   8.181e-12, unitary_metric = 1.00000
Error = :1.30e-01; Runtime: 10.9s; Iterations = 280, grads =   1.160e-11, unitary_metric = 1.00000
Error = :1.30e-01; Runtime: 11.6s; Iterations = 300, grads =   1.012e-11, unitary_metric = 1.00000
Error = :1.30e-01; Runtime: 12.4s; Iterations = 320, grads =   9.419e-12, unitary_metric = 1.00000
Error = :1.30e-01; Runtime: 13.1s; Iterations = 340, grads =   9.613e-12, unitary_metric = 1.00000
Error = :1.30e-01; Runtime: 13.9s; Iterations = 360, grads =   1.585e-11, unitary_metric = 1.00000
Error = :1.30e-01; Runtime: 14.6s; Iterations = 380, grads =   1.019e-11, unitary_metric = 1.00000
Error = :1.30e-01; Runtime: 15.3s; Iterations = 400, grads =   2.130e-11, unitary_metric = 1.00000
Error = :1.30e-01; Runtime: 16.1s; Iterations = 420, grads =   1.205e-11, unitary_metric = 1.00000
Error = :1.30e-01; Runtime: 16.9s; Iterations = 440, grads =   2.089e-11, unitary_metric = 1.00000
Error = :1.30e-01; Runtime: 17.6s; Iterations = 460, grads =   2.247e-11, unitary_metric = 1.00000
Error = :1.30e-01; Runtime: 18.3s; Iterations = 480, grads =   1.624e-11, unitary_metric = 1.00000
Error = :1.30e-01; Runtime: 19.0s; Iterations = 500, grads =   2.517e-11, unitary_metric = 1.00000
Error = :1.30e-01; Runtime: 19.9s; Iterations = 520, grads =   2.066e-11, unitary_metric = 1.00000
Error = :1.30e-01; Runtime: 20.6s; Iterations = 540, grads =   2.693e-11, unitary_metric = 1.00000
Error = :1.30e-01; Runtime: 21.3s; Iterations = 560, grads =   2.408e-11, unitary_metric = 1.00000
Error = :1.30e-01; Runtime: 22.0s; Iterations = 580, grads =   2.894e-11, unitary_metric = 1.00000
Error = :1.30e-01; Runtime: 22.8s; Iterations = 600, grads =   3.540e-11, unitary_metric = 1.00000
Error = :1.30e-01; Runtime: 23.6s; Iterations = 620, grads =   4.779e-11, unitary_metric = 1.00000
Error = :1.30e-01; Runtime: 24.3s; Iterations = 640, grads =   5.116e-11, unitary_metric = 1.00000
Error = :1.30e-01; Runtime: 25.0s; Iterations = 660, grads =   9.034e-11, unitary_metric = 1.00000
Error = :1.30e-01; Runtime: 25.8s; Iterations = 680, grads =   6.660e-11, unitary_metric = 1.00000
Error = :1.30e-01; Runtime: 26.5s; Iterations = 700, grads =   9.059e-11, unitary_metric = 1.00000
Error = :1.30e-01; Runtime: 27.3s; Iterations = 720, grads =   9.587e-11, unitary_metric = 1.00000
Error = :1.30e-01; Runtime: 28.0s; Iterations = 740, grads =   1.271e-10, unitary_metric = 1.00000
Error = :1.30e-01; Runtime: 28.8s; Iterations = 760, grads =   1.459e-10, unitary_metric = 1.00000
Error = :1.30e-01; Runtime: 29.5s; Iterations = 780, grads =   1.751e-10, unitary_metric = 1.00000
Error = :1.30e-01; Runtime: 30.2s; Iterations = 800, grads =   2.315e-10, unitary_metric = 1.00000
Error = :1.30e-01; Runtime: 31.1s; Iterations = 820, grads =   3.037e-10, unitary_metric = 1.00000
Error = :1.30e-01; Runtime: 31.8s; Iterations = 840, grads =   4.298e-10, unitary_metric = 1.00000
Error = :1.30e-01; Runtime: 32.5s; Iterations = 860, grads =   5.972e-10, unitary_metric = 1.00000
Error = :1.30e-01; Runtime: 33.2s; Iterations = 880, grads =   8.408e-10, unitary_metric = 1.00000
Error = :1.30e-01; Runtime: 33.9s; Iterations = 900, grads =   1.209e-09, unitary_metric = 1.00000
Error = :1.30e-01; Runtime: 34.8s; Iterations = 920, grads =   1.863e-09, unitary_metric = 1.00000
Error = :1.30e-01; Runtime: 35.5s; Iterations = 940, grads =   3.061e-09, unitary_metric = 1.00000
Error = :1.30e-01; Runtime: 36.2s; Iterations = 960, grads =   5.290e-09, unitary_metric = 1.00000
Error = :1.30e-01; Runtime: 36.9s; Iterations = 980, grads =   9.850e-09, unitary_metric = 1.00000
Error = :1.30e-01; Runtime: 37.6s; Iterations = 1000, grads =   2.079e-08, unitary_metric = 1.00000
Error = :1.30e-01; Runtime: 38.5s; Iterations = 1020, grads =   5.186e-08, unitary_metric = 1.00000
Error = :1.30e-01; Runtime: 39.3s; Iterations = 1040, grads =   1.656e-07, unitary_metric = 1.00000
Error = :1.30e-01; Runtime: 40.1s; Iterations = 1060, grads =   8.512e-07, unitary_metric = 1.00000
Error = :1.29e-01; Runtime: 40.9s; Iterations = 1080, grads =   1.340e-05, unitary_metric = 1.00000
Error = :8.19e-02; Runtime: 41.7s; Iterations = 1100, grads =   1.768e-03, unitary_metric = 1.00000
Error = :3.49e-03; Runtime: 42.8s; Iterations = 1120, grads =   1.912e-04, unitary_metric = 1.00000
Error = :8.93e-04; Runtime: 43.4s; Iterations = 1135, grads =   3.380e-05, unitary_metric = 1.00000
data saved at: /project/ftchong/qoc/pranav/00020_27_block321.h5


trying total_time: 4.65 for unitary of size (4, 4)
data saved at: /project/ftchong/qoc/pranav/00021_27_block321.h5
Using 6 Taylor terms and 1 Scaling & Squaring terms
Building graph:
Propagators initialized.
Operators weight initialized.
Intermediate propagation variables initialized.
Intermediate propagators initialized.
Vectors initialized.
Training loss initialized.
Optimizer initialized.
Utilities initialized.
Graph built!
Initialized
Error = :2.60e-01; Runtime: 0.1s; Iterations = 0, grads =   9.611e-01, unitary_metric = 1.00000
Error = :1.35e-01; Runtime: 1.1s; Iterations = 20, grads =   4.779e-02, unitary_metric = 1.00000
Error = :1.31e-01; Runtime: 1.7s; Iterations = 40, grads =   9.430e-03, unitary_metric = 1.00000
Error = :1.30e-01; Runtime: 2.4s; Iterations = 60, grads =   6.984e-04, unitary_metric = 1.00000
Error = :1.30e-01; Runtime: 3.1s; Iterations = 80, grads =   5.197e-05, unitary_metric = 1.00000
Error = :1.30e-01; Runtime: 3.7s; Iterations = 100, grads =   4.106e-06, unitary_metric = 1.00000
Error = :1.30e-01; Runtime: 4.5s; Iterations = 120, grads =   1.987e-06, unitary_metric = 1.00000
Error = :1.30e-01; Runtime: 5.1s; Iterations = 140, grads =   2.003e-07, unitary_metric = 1.00000
Error = :1.30e-01; Runtime: 5.8s; Iterations = 160, grads =   7.235e-09, unitary_metric = 1.00000
Error = :1.30e-01; Runtime: 6.4s; Iterations = 180, grads =   3.237e-09, unitary_metric = 1.00000
Error = :1.30e-01; Runtime: 7.0s; Iterations = 200, grads =   4.976e-10, unitary_metric = 1.00000
Error = :1.30e-01; Runtime: 7.8s; Iterations = 220, grads =   3.075e-11, unitary_metric = 1.00000
Error = :1.30e-01; Runtime: 8.2s; Iterations = 232, grads =   8.665e-13, unitary_metric = 1.00000
data saved at: /project/ftchong/qoc/pranav/00021_27_block321.h5


trying total_time: 5.1 for unitary of size (4, 4)
data saved at: /project/ftchong/qoc/pranav/00022_27_block321.h5
Using 6 Taylor terms and 1 Scaling & Squaring terms
Building graph:
Propagators initialized.
Operators weight initialized.
Intermediate propagation variables initialized.
Intermediate propagators initialized.
Vectors initialized.
Training loss initialized.
Optimizer initialized.
Utilities initialized.
Graph built!
Initialized
Error = :2.07e-01; Runtime: 0.2s; Iterations = 0, grads =   6.532e-01, unitary_metric = 1.00000
Error = :1.34e-01; Runtime: 1.1s; Iterations = 20, grads =   3.295e-02, unitary_metric = 1.00000
Error = :1.31e-01; Runtime: 1.9s; Iterations = 40, grads =   6.416e-03, unitary_metric = 1.00000
Error = :1.30e-01; Runtime: 2.6s; Iterations = 60, grads =   9.848e-04, unitary_metric = 1.00000
Error = :1.30e-01; Runtime: 3.3s; Iterations = 80, grads =   1.559e-04, unitary_metric = 1.00000
Error = :1.30e-01; Runtime: 4.0s; Iterations = 100, grads =   7.176e-06, unitary_metric = 1.00000
Error = :1.30e-01; Runtime: 4.8s; Iterations = 120, grads =   1.928e-06, unitary_metric = 1.00000
Error = :1.30e-01; Runtime: 5.5s; Iterations = 140, grads =   1.313e-07, unitary_metric = 1.00000
Error = :1.30e-01; Runtime: 6.2s; Iterations = 160, grads =   1.269e-09, unitary_metric = 1.00000
Error = :1.30e-01; Runtime: 6.9s; Iterations = 180, grads =   1.751e-09, unitary_metric = 1.00000
Error = :1.30e-01; Runtime: 7.5s; Iterations = 200, grads =   5.059e-10, unitary_metric = 1.00000
Error = :1.30e-01; Runtime: 8.4s; Iterations = 220, grads =   3.200e-11, unitary_metric = 1.00000
Error = :1.30e-01; Runtime: 9.0s; Iterations = 240, grads =   1.269e-11, unitary_metric = 1.00000
Error = :1.30e-01; Runtime: 9.7s; Iterations = 260, grads =   3.245e-12, unitary_metric = 1.00000
Error = :1.30e-01; Runtime: 10.4s; Iterations = 280, grads =   4.155e-12, unitary_metric = 1.00000
Error = :1.30e-01; Runtime: 11.1s; Iterations = 300, grads =   3.095e-12, unitary_metric = 1.00000
Error = :1.30e-01; Runtime: 11.9s; Iterations = 320, grads =   3.240e-12, unitary_metric = 1.00000
Error = :1.30e-01; Runtime: 12.6s; Iterations = 340, grads =   2.988e-12, unitary_metric = 1.00000
Error = :1.30e-01; Runtime: 13.3s; Iterations = 360, grads =   8.473e-12, unitary_metric = 1.00000
Error = :1.30e-01; Runtime: 14.0s; Iterations = 380, grads =   3.571e-12, unitary_metric = 1.00000
Error = :1.30e-01; Runtime: 14.7s; Iterations = 400, grads =   2.874e-12, unitary_metric = 1.00000
Error = :1.30e-01; Runtime: 15.5s; Iterations = 420, grads =   5.587e-12, unitary_metric = 1.00000
Error = :1.30e-01; Runtime: 16.2s; Iterations = 440, grads =   3.003e-12, unitary_metric = 1.00000
Error = :1.30e-01; Runtime: 16.9s; Iterations = 460, grads =   3.249e-12, unitary_metric = 1.00000
Error = :1.30e-01; Runtime: 17.6s; Iterations = 480, grads =   6.759e-12, unitary_metric = 1.00000
Error = :1.30e-01; Runtime: 18.3s; Iterations = 500, grads =   3.251e-12, unitary_metric = 1.00000
Error = :1.30e-01; Runtime: 19.1s; Iterations = 520, grads =   4.535e-12, unitary_metric = 1.00000
Error = :1.30e-01; Runtime: 19.8s; Iterations = 540, grads =   5.267e-12, unitary_metric = 1.00000
Error = :1.30e-01; Runtime: 20.5s; Iterations = 560, grads =   4.598e-12, unitary_metric = 1.00000
Error = :1.30e-01; Runtime: 21.2s; Iterations = 580, grads =   4.985e-12, unitary_metric = 1.00000
Error = :1.30e-01; Runtime: 21.9s; Iterations = 600, grads =   4.439e-12, unitary_metric = 1.00000
Error = :1.30e-01; Runtime: 22.7s; Iterations = 620, grads =   4.945e-12, unitary_metric = 1.00000
Error = :1.30e-01; Runtime: 23.4s; Iterations = 640, grads =   5.596e-12, unitary_metric = 1.00000
Error = :1.30e-01; Runtime: 24.1s; Iterations = 660, grads =   5.282e-12, unitary_metric = 1.00000
Error = :1.30e-01; Runtime: 24.8s; Iterations = 680, grads =   6.321e-12, unitary_metric = 1.00000
Error = :1.30e-01; Runtime: 25.5s; Iterations = 700, grads =   1.176e-11, unitary_metric = 1.00000
Error = :1.30e-01; Runtime: 26.3s; Iterations = 720, grads =   8.177e-12, unitary_metric = 1.00000
Error = :1.30e-01; Runtime: 27.0s; Iterations = 740, grads =   1.221e-11, unitary_metric = 1.00000
Error = :1.30e-01; Runtime: 27.6s; Iterations = 760, grads =   1.003e-11, unitary_metric = 1.00000
Error = :1.30e-01; Runtime: 28.3s; Iterations = 780, grads =   1.297e-11, unitary_metric = 1.00000
Error = :1.30e-01; Runtime: 29.0s; Iterations = 800, grads =   9.986e-12, unitary_metric = 1.00000
Error = :1.30e-01; Runtime: 29.8s; Iterations = 820, grads =   1.503e-11, unitary_metric = 1.00000
Error = :1.30e-01; Runtime: 30.5s; Iterations = 840, grads =   1.442e-11, unitary_metric = 1.00000
Error = :1.30e-01; Runtime: 31.2s; Iterations = 860, grads =   1.668e-11, unitary_metric = 1.00000
Error = :1.30e-01; Runtime: 31.9s; Iterations = 880, grads =   1.568e-11, unitary_metric = 1.00000
Error = :1.30e-01; Runtime: 32.6s; Iterations = 900, grads =   1.736e-11, unitary_metric = 1.00000
Error = :1.30e-01; Runtime: 33.4s; Iterations = 920, grads =   2.004e-11, unitary_metric = 1.00000
Error = :1.30e-01; Runtime: 34.1s; Iterations = 940, grads =   2.255e-11, unitary_metric = 1.00000
Error = :1.30e-01; Runtime: 34.8s; Iterations = 960, grads =   2.679e-11, unitary_metric = 1.00000
Error = :1.30e-01; Runtime: 35.5s; Iterations = 980, grads =   3.331e-11, unitary_metric = 1.00000
Error = :1.30e-01; Runtime: 36.2s; Iterations = 1000, grads =   3.471e-11, unitary_metric = 1.00000
Error = :1.30e-01; Runtime: 37.0s; Iterations = 1020, grads =   3.955e-11, unitary_metric = 1.00000
Error = :1.30e-01; Runtime: 37.7s; Iterations = 1040, grads =   4.160e-11, unitary_metric = 1.00000
Error = :1.30e-01; Runtime: 38.3s; Iterations = 1060, grads =   5.396e-11, unitary_metric = 1.00000
Error = :1.30e-01; Runtime: 39.0s; Iterations = 1080, grads =   5.839e-11, unitary_metric = 1.00000
Error = :1.30e-01; Runtime: 39.7s; Iterations = 1100, grads =   6.348e-11, unitary_metric = 1.00000
Error = :1.30e-01; Runtime: 40.5s; Iterations = 1120, grads =   7.310e-11, unitary_metric = 1.00000
Error = :1.30e-01; Runtime: 41.2s; Iterations = 1140, grads =   8.742e-11, unitary_metric = 1.00000
Error = :1.30e-01; Runtime: 41.9s; Iterations = 1160, grads =   1.113e-10, unitary_metric = 1.00000
Error = :1.30e-01; Runtime: 42.6s; Iterations = 1180, grads =   1.167e-10, unitary_metric = 1.00000
Error = :1.30e-01; Runtime: 43.2s; Iterations = 1200, grads =   1.471e-10, unitary_metric = 1.00000
Error = :1.30e-01; Runtime: 44.1s; Iterations = 1220, grads =   1.720e-10, unitary_metric = 1.00000
Error = :1.30e-01; Runtime: 44.7s; Iterations = 1240, grads =   2.152e-10, unitary_metric = 1.00000
Error = :1.30e-01; Runtime: 45.4s; Iterations = 1260, grads =   2.550e-10, unitary_metric = 1.00000
Error = :1.30e-01; Runtime: 46.1s; Iterations = 1280, grads =   3.123e-10, unitary_metric = 1.00000
Error = :1.30e-01; Runtime: 46.8s; Iterations = 1300, grads =   4.041e-10, unitary_metric = 1.00000
Error = :1.30e-01; Runtime: 47.7s; Iterations = 1320, grads =   4.951e-10, unitary_metric = 1.00000
Error = :1.30e-01; Runtime: 48.4s; Iterations = 1340, grads =   6.615e-10, unitary_metric = 1.00000
Error = :1.30e-01; Runtime: 49.1s; Iterations = 1360, grads =   8.401e-10, unitary_metric = 1.00000
Error = :1.30e-01; Runtime: 49.7s; Iterations = 1380, grads =   1.123e-09, unitary_metric = 1.00000
Error = :1.30e-01; Runtime: 50.5s; Iterations = 1400, grads =   1.521e-09, unitary_metric = 1.00000
Error = :1.30e-01; Runtime: 51.3s; Iterations = 1420, grads =   2.140e-09, unitary_metric = 1.00000
Error = :1.30e-01; Runtime: 52.0s; Iterations = 1440, grads =   3.067e-09, unitary_metric = 1.00000
Error = :1.30e-01; Runtime: 52.7s; Iterations = 1460, grads =   4.579e-09, unitary_metric = 1.00000
Error = :1.30e-01; Runtime: 53.4s; Iterations = 1480, grads =   7.227e-09, unitary_metric = 1.00000
Error = :1.30e-01; Runtime: 54.1s; Iterations = 1500, grads =   1.190e-08, unitary_metric = 1.00000
Error = :1.30e-01; Runtime: 54.9s; Iterations = 1520, grads =   2.100e-08, unitary_metric = 1.00000
Error = :1.30e-01; Runtime: 55.6s; Iterations = 1540, grads =   4.054e-08, unitary_metric = 1.00000
Error = :1.30e-01; Runtime: 56.3s; Iterations = 1560, grads =   8.781e-08, unitary_metric = 1.00000
Error = :1.30e-01; Runtime: 57.0s; Iterations = 1580, grads =   2.289e-07, unitary_metric = 1.00000
Error = :1.30e-01; Runtime: 57.7s; Iterations = 1600, grads =   7.893e-07, unitary_metric = 1.00000
Error = :1.29e-01; Runtime: 58.5s; Iterations = 1620, grads =   4.567e-06, unitary_metric = 1.00000
Error = :1.26e-01; Runtime: 59.2s; Iterations = 1640, grads =   7.978e-05, unitary_metric = 1.00000
Error = :5.13e-02; Runtime: 59.9s; Iterations = 1660, grads =   9.763e-04, unitary_metric = 1.00000
Error = :1.37e-03; Runtime: 60.6s; Iterations = 1680, grads =   1.936e-04, unitary_metric = 1.00000
Error = :8.79e-04; Runtime: 61.1s; Iterations = 1695, grads =   4.506e-05, unitary_metric = 1.00000
data saved at: /project/ftchong/qoc/pranav/00022_27_block321.h5


trying total_time: 4.85 for unitary of size (4, 4)
data saved at: /project/ftchong/qoc/pranav/00023_27_block321.h5
Using 6 Taylor terms and 1 Scaling & Squaring terms
Building graph:
Propagators initialized.
Operators weight initialized.
Intermediate propagation variables initialized.
Intermediate propagators initialized.
Vectors initialized.
Training loss initialized.
Optimizer initialized.
Utilities initialized.
Graph built!
Initialized
Error = :2.14e-01; Runtime: 0.1s; Iterations = 0, grads =   6.174e-01, unitary_metric = 1.00000
Error = :1.35e-01; Runtime: 1.1s; Iterations = 20, grads =   4.871e-02, unitary_metric = 1.00000
Error = :1.30e-01; Runtime: 1.7s; Iterations = 40, grads =   1.161e-03, unitary_metric = 1.00000
Error = :1.30e-01; Runtime: 2.4s; Iterations = 60, grads =   6.285e-04, unitary_metric = 1.00000
Error = :1.30e-01; Runtime: 3.0s; Iterations = 80, grads =   3.105e-05, unitary_metric = 1.00000
Error = :1.30e-01; Runtime: 3.7s; Iterations = 100, grads =   7.619e-06, unitary_metric = 1.00000
Error = :1.30e-01; Runtime: 4.4s; Iterations = 120, grads =   6.294e-07, unitary_metric = 1.00000
Error = :1.30e-01; Runtime: 5.1s; Iterations = 140, grads =   1.121e-07, unitary_metric = 1.00000
Error = :1.30e-01; Runtime: 5.7s; Iterations = 160, grads =   1.956e-08, unitary_metric = 1.00000
Error = :1.30e-01; Runtime: 6.4s; Iterations = 180, grads =   1.158e-10, unitary_metric = 1.00000
Error = :1.30e-01; Runtime: 7.0s; Iterations = 200, grads =   2.643e-10, unitary_metric = 1.00000
Error = :1.30e-01; Runtime: 7.8s; Iterations = 220, grads =   2.607e-11, unitary_metric = 1.00000
Error = :1.30e-01; Runtime: 8.4s; Iterations = 240, grads =   2.157e-11, unitary_metric = 1.00000
Error = :1.30e-01; Runtime: 9.1s; Iterations = 260, grads =   8.174e-12, unitary_metric = 1.00000
Error = :1.30e-01; Runtime: 9.7s; Iterations = 280, grads =   8.712e-12, unitary_metric = 1.00000
Error = :1.30e-01; Runtime: 10.4s; Iterations = 300, grads =   9.335e-12, unitary_metric = 1.00000
Error = :1.30e-01; Runtime: 11.1s; Iterations = 320, grads =   1.110e-11, unitary_metric = 1.00000
Error = :1.30e-01; Runtime: 11.8s; Iterations = 340, grads =   1.189e-11, unitary_metric = 1.00000
Error = :1.30e-01; Runtime: 12.4s; Iterations = 360, grads =   1.287e-11, unitary_metric = 1.00000
Error = :1.30e-01; Runtime: 13.1s; Iterations = 380, grads =   1.711e-11, unitary_metric = 1.00000
Error = :1.30e-01; Runtime: 13.7s; Iterations = 400, grads =   1.693e-11, unitary_metric = 1.00000
Error = :1.30e-01; Runtime: 14.5s; Iterations = 420, grads =   2.412e-11, unitary_metric = 1.00000
Error = :1.30e-01; Runtime: 15.1s; Iterations = 440, grads =   2.715e-11, unitary_metric = 1.00000
Error = :1.30e-01; Runtime: 15.8s; Iterations = 460, grads =   2.782e-11, unitary_metric = 1.00000
Error = :1.30e-01; Runtime: 16.4s; Iterations = 480, grads =   2.967e-11, unitary_metric = 1.00000
Error = :1.30e-01; Runtime: 17.1s; Iterations = 500, grads =   3.456e-11, unitary_metric = 1.00000
Error = :1.30e-01; Runtime: 17.9s; Iterations = 520, grads =   4.238e-11, unitary_metric = 1.00000
Error = :1.30e-01; Runtime: 18.5s; Iterations = 540, grads =   4.367e-11, unitary_metric = 1.00000
Error = :1.30e-01; Runtime: 19.2s; Iterations = 560, grads =   5.383e-11, unitary_metric = 1.00000
Error = :1.30e-01; Runtime: 19.8s; Iterations = 580, grads =   6.106e-11, unitary_metric = 1.00000
Error = :1.30e-01; Runtime: 20.5s; Iterations = 600, grads =   7.285e-11, unitary_metric = 1.00000
Error = :1.30e-01; Runtime: 21.2s; Iterations = 620, grads =   8.460e-11, unitary_metric = 1.00000
Error = :1.30e-01; Runtime: 21.9s; Iterations = 640, grads =   1.001e-10, unitary_metric = 1.00000
Error = :1.30e-01; Runtime: 22.5s; Iterations = 660, grads =   1.198e-10, unitary_metric = 1.00000
Error = :1.30e-01; Runtime: 23.2s; Iterations = 680, grads =   1.320e-10, unitary_metric = 1.00000
Error = :1.30e-01; Runtime: 23.8s; Iterations = 700, grads =   1.588e-10, unitary_metric = 1.00000
Error = :1.30e-01; Runtime: 24.6s; Iterations = 720, grads =   1.934e-10, unitary_metric = 1.00000
Error = :1.30e-01; Runtime: 25.3s; Iterations = 740, grads =   2.407e-10, unitary_metric = 1.00000
Error = :1.30e-01; Runtime: 25.9s; Iterations = 760, grads =   2.853e-10, unitary_metric = 1.00000
Error = :1.30e-01; Runtime: 26.6s; Iterations = 780, grads =   3.465e-10, unitary_metric = 1.00000
Error = :1.30e-01; Runtime: 27.2s; Iterations = 800, grads =   4.400e-10, unitary_metric = 1.00000
Error = :1.30e-01; Runtime: 28.0s; Iterations = 820, grads =   5.453e-10, unitary_metric = 1.00000
Error = :1.30e-01; Runtime: 28.6s; Iterations = 840, grads =   6.948e-10, unitary_metric = 1.00000
Error = :1.30e-01; Runtime: 29.3s; Iterations = 860, grads =   8.804e-10, unitary_metric = 1.00000
Error = :1.30e-01; Runtime: 29.9s; Iterations = 880, grads =   1.178e-09, unitary_metric = 1.00000
Error = :1.30e-01; Runtime: 30.6s; Iterations = 900, grads =   1.540e-09, unitary_metric = 1.00000
Error = :1.30e-01; Runtime: 31.4s; Iterations = 920, grads =   2.069e-09, unitary_metric = 1.00000
Error = :1.30e-01; Runtime: 32.0s; Iterations = 940, grads =   2.875e-09, unitary_metric = 1.00000
Error = :1.30e-01; Runtime: 32.7s; Iterations = 960, grads =   4.070e-09, unitary_metric = 1.00000
Error = :1.30e-01; Runtime: 33.3s; Iterations = 980, grads =   6.016e-09, unitary_metric = 1.00000
Error = :1.30e-01; Runtime: 34.0s; Iterations = 1000, grads =   9.171e-09, unitary_metric = 1.00000
Error = :1.30e-01; Runtime: 34.7s; Iterations = 1020, grads =   1.475e-08, unitary_metric = 1.00000
Error = :1.30e-01; Runtime: 35.4s; Iterations = 1040, grads =   2.512e-08, unitary_metric = 1.00000
Error = :1.30e-01; Runtime: 36.0s; Iterations = 1060, grads =   4.640e-08, unitary_metric = 1.00000
Error = :1.30e-01; Runtime: 36.7s; Iterations = 1080, grads =   9.549e-08, unitary_metric = 1.00000
Error = :1.30e-01; Runtime: 37.3s; Iterations = 1100, grads =   2.285e-07, unitary_metric = 1.00000
Error = :1.30e-01; Runtime: 38.1s; Iterations = 1120, grads =   6.873e-07, unitary_metric = 1.00000
Error = :1.29e-01; Runtime: 38.8s; Iterations = 1140, grads =   3.022e-06, unitary_metric = 1.00000
Error = :1.28e-01; Runtime: 39.4s; Iterations = 1160, grads =   2.741e-05, unitary_metric = 1.00000
Error = :1.05e-01; Runtime: 40.1s; Iterations = 1180, grads =   8.333e-04, unitary_metric = 1.00000
Error = :2.90e-03; Runtime: 40.8s; Iterations = 1200, grads =   8.584e-05, unitary_metric = 1.00000
Error = :1.63e-03; Runtime: 41.5s; Iterations = 1220, grads =   6.526e-05, unitary_metric = 1.00000
Error = :9.74e-04; Runtime: 41.7s; Iterations = 1225, grads =   2.149e-05, unitary_metric = 1.00000
data saved at: /project/ftchong/qoc/pranav/00023_27_block321.h5


^^^SHORTEST TIME was 4.85
