Running Block:  164


trying total_time: 30.0 for unitary of size (4, 4)
data saved at: /project/ftchong/qoc/pranav/00018_27_block164.h5
Using 4 Taylor terms and 3 Scaling & Squaring terms
Building graph:
Propagators initialized.
Operators weight initialized.
Intermediate propagation variables initialized.
Intermediate propagators initialized.
Vectors initialized.
Training loss initialized.
Optimizer initialized.
Utilities initialized.
Graph built!
Initialized
Error = :2.02e-01; Runtime: 0.9s; Iterations = 0, grads =   5.751e+00, unitary_metric = 1.00007
Error = :1.62e-01; Runtime: 6.9s; Iterations = 20, grads =   3.867e+00, unitary_metric = 1.00005
Error = :1.06e-01; Runtime: 11.1s; Iterations = 40, grads =   9.735e-01, unitary_metric = 1.00004
Error = :1.52e-02; Runtime: 15.3s; Iterations = 60, grads =   1.357e-02, unitary_metric = 1.00001
Error = :9.25e-04; Runtime: 19.0s; Iterations = 77, grads =   6.809e-03, unitary_metric = 1.00002
data saved at: /project/ftchong/qoc/pranav/00018_27_block164.h5


trying total_time: 15.0 for unitary of size (4, 4)
data saved at: /project/ftchong/qoc/pranav/00019_27_block164.h5
Using 4 Taylor terms and 3 Scaling & Squaring terms
Building graph:
Propagators initialized.
Operators weight initialized.
Intermediate propagation variables initialized.
Intermediate propagators initialized.
Vectors initialized.
Training loss initialized.
Optimizer initialized.
Utilities initialized.
Graph built!
Initialized
Error = :1.26e-01; Runtime: 0.4s; Iterations = 0, grads =   9.785e-01, unitary_metric = 1.00002
Error = :1.04e-01; Runtime: 3.2s; Iterations = 20, grads =   4.112e-01, unitary_metric = 1.00002
Error = :9.27e-02; Runtime: 5.3s; Iterations = 40, grads =   7.811e-02, unitary_metric = 1.00002
Error = :9.03e-02; Runtime: 7.3s; Iterations = 60, grads =   8.296e-03, unitary_metric = 1.00002
Error = :9.01e-02; Runtime: 9.3s; Iterations = 80, grads =   1.363e-03, unitary_metric = 1.00002
Error = :9.00e-02; Runtime: 11.3s; Iterations = 100, grads =   3.268e-04, unitary_metric = 1.00002
Error = :9.00e-02; Runtime: 13.6s; Iterations = 120, grads =   5.275e-05, unitary_metric = 1.00002
Error = :9.00e-02; Runtime: 15.6s; Iterations = 140, grads =   4.743e-06, unitary_metric = 1.00002
Error = :9.00e-02; Runtime: 17.6s; Iterations = 160, grads =   2.087e-07, unitary_metric = 1.00002
Error = :9.00e-02; Runtime: 19.6s; Iterations = 180, grads =   4.796e-08, unitary_metric = 1.00002
Error = :9.00e-02; Runtime: 21.6s; Iterations = 200, grads =   8.626e-09, unitary_metric = 1.00002
Error = :9.00e-02; Runtime: 23.9s; Iterations = 220, grads =   1.333e-09, unitary_metric = 1.00002
Error = :9.00e-02; Runtime: 25.9s; Iterations = 240, grads =   4.148e-10, unitary_metric = 1.00002
Error = :9.00e-02; Runtime: 27.9s; Iterations = 260, grads =   1.603e-10, unitary_metric = 1.00002
Error = :9.00e-02; Runtime: 29.9s; Iterations = 280, grads =   1.599e-10, unitary_metric = 1.00002
Error = :9.00e-02; Runtime: 31.9s; Iterations = 300, grads =   1.680e-10, unitary_metric = 1.00002
Error = :9.00e-02; Runtime: 34.2s; Iterations = 320, grads =   2.006e-10, unitary_metric = 1.00002
Error = :9.00e-02; Runtime: 36.2s; Iterations = 340, grads =   1.767e-10, unitary_metric = 1.00002
Error = :9.00e-02; Runtime: 38.2s; Iterations = 360, grads =   2.155e-10, unitary_metric = 1.00002
Error = :9.00e-02; Runtime: 40.2s; Iterations = 380, grads =   1.950e-10, unitary_metric = 1.00002
Error = :9.00e-02; Runtime: 42.2s; Iterations = 400, grads =   2.009e-10, unitary_metric = 1.00002
Error = :9.00e-02; Runtime: 44.5s; Iterations = 420, grads =   2.106e-10, unitary_metric = 1.00002
Error = :9.00e-02; Runtime: 46.5s; Iterations = 440, grads =   2.085e-10, unitary_metric = 1.00002
Error = :9.00e-02; Runtime: 48.5s; Iterations = 460, grads =   1.769e-10, unitary_metric = 1.00002
Error = :9.00e-02; Runtime: 50.5s; Iterations = 480, grads =   2.432e-10, unitary_metric = 1.00002
Error = :9.00e-02; Runtime: 52.5s; Iterations = 500, grads =   2.400e-10, unitary_metric = 1.00002
Error = :9.00e-02; Runtime: 54.8s; Iterations = 520, grads =   2.203e-10, unitary_metric = 1.00002
Error = :9.00e-02; Runtime: 56.8s; Iterations = 540, grads =   2.064e-10, unitary_metric = 1.00002
Error = :9.00e-02; Runtime: 58.8s; Iterations = 560, grads =   2.216e-10, unitary_metric = 1.00002
Error = :9.00e-02; Runtime: 60.8s; Iterations = 580, grads =   2.508e-10, unitary_metric = 1.00002
Error = :9.00e-02; Runtime: 62.8s; Iterations = 600, grads =   2.693e-10, unitary_metric = 1.00002
Error = :9.00e-02; Runtime: 65.1s; Iterations = 620, grads =   2.086e-10, unitary_metric = 1.00002
Error = :9.00e-02; Runtime: 67.1s; Iterations = 640, grads =   1.811e-10, unitary_metric = 1.00002
Error = :9.00e-02; Runtime: 69.1s; Iterations = 660, grads =   2.725e-10, unitary_metric = 1.00002
Error = :9.00e-02; Runtime: 71.1s; Iterations = 680, grads =   2.946e-10, unitary_metric = 1.00002
Error = :9.00e-02; Runtime: 73.1s; Iterations = 700, grads =   2.672e-10, unitary_metric = 1.00002
Error = :9.00e-02; Runtime: 75.4s; Iterations = 720, grads =   1.609e-10, unitary_metric = 1.00002
Error = :9.00e-02; Runtime: 77.4s; Iterations = 740, grads =   1.808e-10, unitary_metric = 1.00002
Error = :9.00e-02; Runtime: 79.4s; Iterations = 760, grads =   1.819e-10, unitary_metric = 1.00002
Error = :9.00e-02; Runtime: 81.4s; Iterations = 780, grads =   1.241e-10, unitary_metric = 1.00003
Error = :9.00e-02; Runtime: 83.4s; Iterations = 800, grads =   1.615e-10, unitary_metric = 1.00003
Error = :9.00e-02; Runtime: 85.7s; Iterations = 820, grads =   1.835e-10, unitary_metric = 1.00003
Error = :9.00e-02; Runtime: 87.7s; Iterations = 840, grads =   1.480e-10, unitary_metric = 1.00003
Error = :9.00e-02; Runtime: 89.7s; Iterations = 860, grads =   1.446e-10, unitary_metric = 1.00003
Error = :9.00e-02; Runtime: 91.7s; Iterations = 880, grads =   2.104e-10, unitary_metric = 1.00002
Error = :9.00e-02; Runtime: 93.7s; Iterations = 900, grads =   2.085e-10, unitary_metric = 1.00002
Error = :9.00e-02; Runtime: 96.0s; Iterations = 920, grads =   2.541e-10, unitary_metric = 1.00002
Error = :9.00e-02; Runtime: 98.0s; Iterations = 940, grads =   2.282e-10, unitary_metric = 1.00002
Error = :9.00e-02; Runtime: 100.0s; Iterations = 960, grads =   2.269e-10, unitary_metric = 1.00002
Error = :9.00e-02; Runtime: 102.0s; Iterations = 980, grads =   1.604e-10, unitary_metric = 1.00002
Error = :9.00e-02; Runtime: 104.0s; Iterations = 1000, grads =   1.702e-10, unitary_metric = 1.00002
Error = :9.00e-02; Runtime: 106.3s; Iterations = 1020, grads =   1.554e-10, unitary_metric = 1.00002
Error = :9.00e-02; Runtime: 108.3s; Iterations = 1040, grads =   2.645e-10, unitary_metric = 1.00002
Error = :9.00e-02; Runtime: 110.3s; Iterations = 1060, grads =   1.501e-10, unitary_metric = 1.00002
Error = :9.00e-02; Runtime: 112.3s; Iterations = 1080, grads =   3.635e-10, unitary_metric = 1.00002
Error = :9.00e-02; Runtime: 114.3s; Iterations = 1100, grads =   2.487e-10, unitary_metric = 1.00002
Error = :9.00e-02; Runtime: 116.6s; Iterations = 1120, grads =   2.135e-10, unitary_metric = 1.00002
Error = :9.00e-02; Runtime: 118.6s; Iterations = 1140, grads =   2.188e-10, unitary_metric = 1.00002
Error = :9.00e-02; Runtime: 120.6s; Iterations = 1160, grads =   3.577e-10, unitary_metric = 1.00002
Error = :9.00e-02; Runtime: 122.6s; Iterations = 1180, grads =   1.718e-10, unitary_metric = 1.00001
Error = :9.00e-02; Runtime: 124.6s; Iterations = 1200, grads =   1.736e-10, unitary_metric = 1.00002
Error = :9.00e-02; Runtime: 126.9s; Iterations = 1220, grads =   2.905e-10, unitary_metric = 1.00002
Error = :9.00e-02; Runtime: 128.9s; Iterations = 1240, grads =   3.504e-10, unitary_metric = 1.00002
Error = :9.00e-02; Runtime: 130.9s; Iterations = 1260, grads =   2.432e-10, unitary_metric = 1.00002
Error = :9.00e-02; Runtime: 132.9s; Iterations = 1280, grads =   2.558e-10, unitary_metric = 1.00002
Error = :9.00e-02; Runtime: 134.9s; Iterations = 1300, grads =   3.078e-10, unitary_metric = 1.00002
Error = :9.00e-02; Runtime: 137.2s; Iterations = 1320, grads =   3.287e-10, unitary_metric = 1.00002
Error = :9.00e-02; Runtime: 139.2s; Iterations = 1340, grads =   3.605e-10, unitary_metric = 1.00002
Error = :9.00e-02; Runtime: 141.2s; Iterations = 1360, grads =   4.034e-10, unitary_metric = 1.00002
Error = :9.00e-02; Runtime: 143.2s; Iterations = 1380, grads =   4.776e-10, unitary_metric = 1.00002
Error = :9.00e-02; Runtime: 145.2s; Iterations = 1400, grads =   5.768e-10, unitary_metric = 1.00001
Error = :9.00e-02; Runtime: 147.5s; Iterations = 1420, grads =   7.052e-10, unitary_metric = 1.00001
Error = :9.00e-02; Runtime: 149.5s; Iterations = 1440, grads =   7.596e-10, unitary_metric = 1.00002
Error = :9.00e-02; Runtime: 151.5s; Iterations = 1460, grads =   1.034e-09, unitary_metric = 1.00002
Error = :9.00e-02; Runtime: 153.5s; Iterations = 1480, grads =   1.316e-09, unitary_metric = 1.00001
Error = :9.00e-02; Runtime: 155.5s; Iterations = 1500, grads =   1.457e-09, unitary_metric = 1.00002
Error = :9.00e-02; Runtime: 157.9s; Iterations = 1520, grads =   1.936e-09, unitary_metric = 1.00002
Error = :9.00e-02; Runtime: 159.9s; Iterations = 1540, grads =   2.381e-09, unitary_metric = 1.00002
Error = :9.00e-02; Runtime: 161.9s; Iterations = 1560, grads =   3.154e-09, unitary_metric = 1.00002
Error = :9.00e-02; Runtime: 163.9s; Iterations = 1580, grads =   4.616e-09, unitary_metric = 1.00001
Error = :9.00e-02; Runtime: 165.8s; Iterations = 1600, grads =   6.255e-09, unitary_metric = 1.00001
Error = :9.00e-02; Runtime: 168.2s; Iterations = 1620, grads =   9.102e-09, unitary_metric = 1.00001
Error = :9.00e-02; Runtime: 170.2s; Iterations = 1640, grads =   1.399e-08, unitary_metric = 1.00001
Error = :9.00e-02; Runtime: 172.2s; Iterations = 1660, grads =   2.314e-08, unitary_metric = 1.00001
Error = :9.00e-02; Runtime: 174.2s; Iterations = 1680, grads =   4.159e-08, unitary_metric = 1.00002
Error = :9.00e-02; Runtime: 176.2s; Iterations = 1700, grads =   8.193e-08, unitary_metric = 1.00002
Error = :9.00e-02; Runtime: 178.5s; Iterations = 1720, grads =   1.941e-07, unitary_metric = 1.00001
Error = :8.99e-02; Runtime: 180.5s; Iterations = 1740, grads =   6.017e-07, unitary_metric = 1.00002
Error = :8.98e-02; Runtime: 182.5s; Iterations = 1760, grads =   2.941e-06, unitary_metric = 1.00001
Error = :8.87e-02; Runtime: 184.5s; Iterations = 1780, grads =   4.103e-05, unitary_metric = 1.00001
Error = :3.84e-02; Runtime: 186.5s; Iterations = 1800, grads =   5.168e-03, unitary_metric = 1.00000
Error = :2.90e-03; Runtime: 188.8s; Iterations = 1820, grads =   9.133e-04, unitary_metric = 1.00000
Error = :8.40e-04; Runtime: 189.0s; Iterations = 1822, grads =   3.390e-04, unitary_metric = 1.00000
data saved at: /project/ftchong/qoc/pranav/00019_27_block164.h5


trying total_time: 7.5 for unitary of size (4, 4)
data saved at: /project/ftchong/qoc/pranav/00020_27_block164.h5
Using 6 Taylor terms and 1 Scaling & Squaring terms
Building graph:
Propagators initialized.
Operators weight initialized.
Intermediate propagation variables initialized.
Intermediate propagators initialized.
Vectors initialized.
Training loss initialized.
Optimizer initialized.
Utilities initialized.
Graph built!
Initialized
Error = :1.04e-01; Runtime: 0.2s; Iterations = 0, grads =   1.807e-01, unitary_metric = 1.00000
Error = :9.38e-02; Runtime: 1.7s; Iterations = 20, grads =   5.394e-02, unitary_metric = 1.00000
Error = :9.06e-02; Runtime: 2.7s; Iterations = 40, grads =   7.955e-03, unitary_metric = 1.00000
Error = :9.02e-02; Runtime: 3.8s; Iterations = 60, grads =   1.858e-03, unitary_metric = 1.00000
Error = :9.01e-02; Runtime: 4.8s; Iterations = 80, grads =   3.514e-04, unitary_metric = 1.00000
Error = :9.00e-02; Runtime: 5.9s; Iterations = 100, grads =   2.243e-05, unitary_metric = 1.00000
Error = :9.00e-02; Runtime: 7.1s; Iterations = 120, grads =   1.854e-06, unitary_metric = 1.00000
Error = :9.00e-02; Runtime: 8.1s; Iterations = 140, grads =   1.954e-07, unitary_metric = 1.00000
Error = :9.00e-02; Runtime: 9.1s; Iterations = 160, grads =   3.655e-08, unitary_metric = 1.00000
Error = :9.00e-02; Runtime: 10.2s; Iterations = 180, grads =   1.157e-08, unitary_metric = 1.00000
Error = :9.00e-02; Runtime: 11.2s; Iterations = 200, grads =   7.661e-10, unitary_metric = 1.00000
Error = :9.00e-02; Runtime: 12.4s; Iterations = 220, grads =   2.548e-10, unitary_metric = 1.00000
Error = :9.00e-02; Runtime: 13.5s; Iterations = 240, grads =   2.439e-11, unitary_metric = 1.00000
Error = :9.00e-02; Runtime: 14.5s; Iterations = 260, grads =   9.849e-12, unitary_metric = 1.00000
Error = :9.00e-02; Runtime: 15.6s; Iterations = 280, grads =   1.166e-11, unitary_metric = 1.00000
Error = :9.00e-02; Runtime: 16.6s; Iterations = 300, grads =   9.687e-12, unitary_metric = 1.00000
Error = :9.00e-02; Runtime: 17.8s; Iterations = 320, grads =   5.331e-12, unitary_metric = 1.00000
Error = :9.00e-02; Runtime: 18.8s; Iterations = 340, grads =   9.906e-12, unitary_metric = 1.00000
Error = :9.00e-02; Runtime: 19.9s; Iterations = 360, grads =   4.131e-12, unitary_metric = 1.00000
Error = :9.00e-02; Runtime: 20.9s; Iterations = 380, grads =   1.072e-11, unitary_metric = 1.00000
Error = :9.00e-02; Runtime: 22.0s; Iterations = 400, grads =   4.004e-12, unitary_metric = 1.00000
Error = :9.00e-02; Runtime: 23.2s; Iterations = 420, grads =   5.127e-12, unitary_metric = 1.00000
Error = :9.00e-02; Runtime: 24.2s; Iterations = 440, grads =   8.646e-12, unitary_metric = 1.00000
Error = :9.00e-02; Runtime: 25.3s; Iterations = 460, grads =   7.957e-12, unitary_metric = 1.00000
Error = :9.00e-02; Runtime: 26.3s; Iterations = 480, grads =   3.503e-12, unitary_metric = 1.00000
Error = :9.00e-02; Runtime: 27.3s; Iterations = 500, grads =   3.608e-12, unitary_metric = 1.00000
Error = :9.00e-02; Runtime: 28.5s; Iterations = 520, grads =   4.248e-12, unitary_metric = 1.00000
Error = :9.00e-02; Runtime: 29.6s; Iterations = 540, grads =   4.927e-12, unitary_metric = 1.00000
Error = :9.00e-02; Runtime: 30.6s; Iterations = 560, grads =   9.295e-12, unitary_metric = 1.00000
Error = :9.00e-02; Runtime: 31.6s; Iterations = 580, grads =   6.029e-12, unitary_metric = 1.00000
Error = :9.00e-02; Runtime: 32.7s; Iterations = 600, grads =   3.597e-12, unitary_metric = 1.00000
Error = :9.00e-02; Runtime: 33.9s; Iterations = 620, grads =   6.249e-12, unitary_metric = 1.00000
Error = :9.00e-02; Runtime: 34.9s; Iterations = 640, grads =   3.902e-12, unitary_metric = 1.00000
Error = :9.00e-02; Runtime: 36.0s; Iterations = 660, grads =   2.636e-11, unitary_metric = 1.00000
Error = :9.00e-02; Runtime: 37.0s; Iterations = 680, grads =   7.107e-12, unitary_metric = 1.00000
Error = :9.00e-02; Runtime: 38.0s; Iterations = 700, grads =   6.143e-12, unitary_metric = 1.00000
Error = :9.00e-02; Runtime: 39.2s; Iterations = 720, grads =   6.389e-12, unitary_metric = 1.00000
Error = :9.00e-02; Runtime: 40.3s; Iterations = 740, grads =   8.811e-12, unitary_metric = 1.00000
Error = :9.00e-02; Runtime: 41.3s; Iterations = 760, grads =   8.012e-12, unitary_metric = 1.00000
Error = :9.00e-02; Runtime: 42.3s; Iterations = 780, grads =   2.885e-11, unitary_metric = 1.00000
Error = :9.00e-02; Runtime: 43.4s; Iterations = 800, grads =   6.488e-12, unitary_metric = 1.00000
Error = :9.00e-02; Runtime: 44.6s; Iterations = 820, grads =   8.399e-12, unitary_metric = 1.00000
Error = :9.00e-02; Runtime: 45.6s; Iterations = 840, grads =   8.945e-12, unitary_metric = 1.00000
Error = :9.00e-02; Runtime: 46.6s; Iterations = 860, grads =   1.211e-11, unitary_metric = 1.00000
Error = :9.00e-02; Runtime: 47.7s; Iterations = 880, grads =   6.362e-12, unitary_metric = 1.00000
Error = :9.00e-02; Runtime: 48.7s; Iterations = 900, grads =   8.850e-12, unitary_metric = 1.00000
Error = :9.00e-02; Runtime: 49.9s; Iterations = 920, grads =   1.127e-11, unitary_metric = 1.00000
Error = :9.00e-02; Runtime: 51.0s; Iterations = 940, grads =   4.919e-11, unitary_metric = 1.00000
Error = :9.00e-02; Runtime: 52.0s; Iterations = 960, grads =   1.267e-11, unitary_metric = 1.00000
Error = :9.00e-02; Runtime: 53.0s; Iterations = 980, grads =   9.002e-12, unitary_metric = 1.00000
Error = :9.00e-02; Runtime: 54.1s; Iterations = 1000, grads =   1.633e-11, unitary_metric = 1.00000
Error = :9.00e-02; Runtime: 55.3s; Iterations = 1020, grads =   1.575e-11, unitary_metric = 1.00000
Error = :9.00e-02; Runtime: 56.3s; Iterations = 1040, grads =   2.926e-11, unitary_metric = 1.00000
Error = :9.00e-02; Runtime: 57.3s; Iterations = 1060, grads =   1.887e-11, unitary_metric = 1.00000
Error = :9.00e-02; Runtime: 58.4s; Iterations = 1080, grads =   2.970e-11, unitary_metric = 1.00000
Error = :9.00e-02; Runtime: 59.4s; Iterations = 1100, grads =   1.710e-11, unitary_metric = 1.00000
Error = :9.00e-02; Runtime: 60.6s; Iterations = 1120, grads =   3.031e-11, unitary_metric = 1.00000
Error = :9.00e-02; Runtime: 61.6s; Iterations = 1140, grads =   3.247e-11, unitary_metric = 1.00000
Error = :9.00e-02; Runtime: 62.7s; Iterations = 1160, grads =   2.836e-11, unitary_metric = 1.00000
Error = :9.00e-02; Runtime: 63.7s; Iterations = 1180, grads =   2.616e-11, unitary_metric = 1.00000
Error = :9.00e-02; Runtime: 64.8s; Iterations = 1200, grads =   4.414e-11, unitary_metric = 1.00000
Error = :9.00e-02; Runtime: 66.0s; Iterations = 1220, grads =   3.477e-11, unitary_metric = 1.00000
Error = :9.00e-02; Runtime: 67.0s; Iterations = 1240, grads =   3.777e-11, unitary_metric = 1.00000
Error = :9.00e-02; Runtime: 68.0s; Iterations = 1260, grads =   4.897e-11, unitary_metric = 1.00000
Error = :9.00e-02; Runtime: 69.1s; Iterations = 1280, grads =   5.942e-11, unitary_metric = 1.00000
Error = :9.00e-02; Runtime: 70.1s; Iterations = 1300, grads =   6.705e-11, unitary_metric = 1.00000
Error = :9.00e-02; Runtime: 71.3s; Iterations = 1320, grads =   7.116e-11, unitary_metric = 1.00000
Error = :9.00e-02; Runtime: 72.3s; Iterations = 1340, grads =   1.355e-10, unitary_metric = 1.00000
Error = :9.00e-02; Runtime: 73.4s; Iterations = 1360, grads =   1.265e-10, unitary_metric = 1.00000
Error = :9.00e-02; Runtime: 74.4s; Iterations = 1380, grads =   1.279e-10, unitary_metric = 1.00000
Error = :9.00e-02; Runtime: 75.5s; Iterations = 1400, grads =   1.659e-10, unitary_metric = 1.00000
Error = :9.00e-02; Runtime: 76.7s; Iterations = 1420, grads =   2.222e-10, unitary_metric = 1.00000
Error = :9.00e-02; Runtime: 77.7s; Iterations = 1440, grads =   3.730e-10, unitary_metric = 1.00000
Error = :9.00e-02; Runtime: 78.7s; Iterations = 1460, grads =   3.088e-10, unitary_metric = 1.00000
Error = :9.00e-02; Runtime: 79.8s; Iterations = 1480, grads =   3.954e-10, unitary_metric = 1.00000
Error = :9.00e-02; Runtime: 80.8s; Iterations = 1500, grads =   5.454e-10, unitary_metric = 1.00000
Error = :9.00e-02; Runtime: 82.3s; Iterations = 1520, grads =   7.512e-10, unitary_metric = 1.00000
Error = :9.00e-02; Runtime: 83.3s; Iterations = 1540, grads =   1.082e-09, unitary_metric = 1.00000
Error = :9.00e-02; Runtime: 84.3s; Iterations = 1560, grads =   1.563e-09, unitary_metric = 1.00000
Error = :9.00e-02; Runtime: 85.4s; Iterations = 1580, grads =   2.435e-09, unitary_metric = 1.00000
Error = :9.00e-02; Runtime: 86.4s; Iterations = 1600, grads =   3.872e-09, unitary_metric = 1.00000
Error = :9.00e-02; Runtime: 87.6s; Iterations = 1620, grads =   6.824e-09, unitary_metric = 1.00000
Error = :9.00e-02; Runtime: 88.6s; Iterations = 1640, grads =   1.297e-08, unitary_metric = 1.00000
Error = :9.00e-02; Runtime: 89.7s; Iterations = 1660, grads =   2.839e-08, unitary_metric = 1.00000
Error = :9.00e-02; Runtime: 90.7s; Iterations = 1680, grads =   7.508e-08, unitary_metric = 1.00000
Error = :8.99e-02; Runtime: 91.8s; Iterations = 1700, grads =   2.755e-07, unitary_metric = 1.00000
Error = :8.97e-02; Runtime: 93.0s; Iterations = 1720, grads =   1.858e-06, unitary_metric = 1.00000
Error = :8.77e-02; Runtime: 94.0s; Iterations = 1740, grads =   5.609e-05, unitary_metric = 1.00000
Error = :7.51e-03; Runtime: 95.0s; Iterations = 1760, grads =   2.008e-03, unitary_metric = 1.00000
Error = :1.02e-03; Runtime: 96.1s; Iterations = 1780, grads =   9.980e-05, unitary_metric = 1.00000
Error = :8.09e-04; Runtime: 96.1s; Iterations = 1781, grads =   7.881e-05, unitary_metric = 0.99999
data saved at: /project/ftchong/qoc/pranav/00020_27_block164.h5


trying total_time: 3.75 for unitary of size (4, 4)
data saved at: /project/ftchong/qoc/pranav/00021_27_block164.h5
Using 6 Taylor terms and 1 Scaling & Squaring terms
Building graph:
Propagators initialized.
Operators weight initialized.
Intermediate propagation variables initialized.
Intermediate propagators initialized.
Vectors initialized.
Training loss initialized.
Optimizer initialized.
Utilities initialized.
Graph built!
Initialized
Error = :1.32e-01; Runtime: 0.1s; Iterations = 0, grads =   2.896e-01, unitary_metric = 1.00000
Error = :9.26e-02; Runtime: 0.9s; Iterations = 20, grads =   1.848e-02, unitary_metric = 1.00000
Error = :9.02e-02; Runtime: 1.4s; Iterations = 40, grads =   1.083e-03, unitary_metric = 1.00000
Error = :9.01e-02; Runtime: 1.9s; Iterations = 60, grads =   2.966e-04, unitary_metric = 1.00000
Error = :9.00e-02; Runtime: 2.5s; Iterations = 80, grads =   9.810e-06, unitary_metric = 1.00000
Error = :9.00e-02; Runtime: 3.0s; Iterations = 100, grads =   4.237e-06, unitary_metric = 1.00000
Error = :9.00e-02; Runtime: 3.6s; Iterations = 120, grads =   2.212e-07, unitary_metric = 1.00000
Error = :9.00e-02; Runtime: 4.1s; Iterations = 140, grads =   1.822e-08, unitary_metric = 1.00000
Error = :9.00e-02; Runtime: 4.7s; Iterations = 160, grads =   2.497e-09, unitary_metric = 1.00000
Error = :9.00e-02; Runtime: 5.2s; Iterations = 180, grads =   3.748e-10, unitary_metric = 1.00000
Error = :9.00e-02; Runtime: 5.7s; Iterations = 200, grads =   1.942e-10, unitary_metric = 1.00000
Error = :9.00e-02; Runtime: 6.3s; Iterations = 220, grads =   7.147e-12, unitary_metric = 1.00000
Error = :9.00e-02; Runtime: 6.7s; Iterations = 234, grads =   9.878e-13, unitary_metric = 1.00000
data saved at: /project/ftchong/qoc/pranav/00021_27_block164.h5


trying total_time: 5.6 for unitary of size (4, 4)
data saved at: /project/ftchong/qoc/pranav/00022_27_block164.h5
Using 6 Taylor terms and 1 Scaling & Squaring terms
Building graph:
Propagators initialized.
Operators weight initialized.
Intermediate propagation variables initialized.
Intermediate propagators initialized.
Vectors initialized.
Training loss initialized.
Optimizer initialized.
Utilities initialized.
Graph built!
Initialized
Error = :1.78e-01; Runtime: 0.2s; Iterations = 0, grads =   8.235e-01, unitary_metric = 1.00000
Error = :9.52e-02; Runtime: 1.3s; Iterations = 20, grads =   5.462e-02, unitary_metric = 1.00000
Error = :9.03e-02; Runtime: 2.0s; Iterations = 40, grads =   2.717e-03, unitary_metric = 1.00000
Error = :9.00e-02; Runtime: 2.8s; Iterations = 60, grads =   6.461e-05, unitary_metric = 1.00000
Error = :9.01e-02; Runtime: 3.6s; Iterations = 80, grads =   1.488e-04, unitary_metric = 1.00000
Error = :9.00e-02; Runtime: 4.4s; Iterations = 100, grads =   5.069e-06, unitary_metric = 1.00000
Error = :9.00e-02; Runtime: 5.3s; Iterations = 120, grads =   1.250e-06, unitary_metric = 1.00000
Error = :9.00e-02; Runtime: 6.0s; Iterations = 140, grads =   1.544e-07, unitary_metric = 1.00000
Error = :9.00e-02; Runtime: 6.8s; Iterations = 160, grads =   4.719e-09, unitary_metric = 1.00000
Error = :9.00e-02; Runtime: 7.6s; Iterations = 180, grads =   3.834e-09, unitary_metric = 1.00000
Error = :9.00e-02; Runtime: 8.4s; Iterations = 200, grads =   2.016e-10, unitary_metric = 1.00000
Error = :9.00e-02; Runtime: 9.3s; Iterations = 220, grads =   6.932e-11, unitary_metric = 1.00000
Error = :9.00e-02; Runtime: 10.1s; Iterations = 240, grads =   8.028e-12, unitary_metric = 1.00000
Error = :9.00e-02; Runtime: 10.4s; Iterations = 249, grads =   8.753e-13, unitary_metric = 1.00000
data saved at: /project/ftchong/qoc/pranav/00022_27_block164.h5


trying total_time: 6.55 for unitary of size (4, 4)
data saved at: /project/ftchong/qoc/pranav/00023_27_block164.h5
Using 6 Taylor terms and 1 Scaling & Squaring terms
Building graph:
Propagators initialized.
Operators weight initialized.
Intermediate propagation variables initialized.
Intermediate propagators initialized.
Vectors initialized.
Training loss initialized.
Optimizer initialized.
Utilities initialized.
Graph built!
Initialized
Error = :3.39e-01; Runtime: 0.2s; Iterations = 0, grads =   2.195e+00, unitary_metric = 1.00000
Error = :9.44e-02; Runtime: 1.5s; Iterations = 20, grads =   5.450e-02, unitary_metric = 1.00000
Error = :9.02e-02; Runtime: 2.4s; Iterations = 40, grads =   1.934e-03, unitary_metric = 1.00000
Error = :9.02e-02; Runtime: 3.3s; Iterations = 60, grads =   2.462e-03, unitary_metric = 1.00000
Error = :9.01e-02; Runtime: 4.2s; Iterations = 80, grads =   8.179e-05, unitary_metric = 1.00000
Error = :9.00e-02; Runtime: 5.1s; Iterations = 100, grads =   1.677e-05, unitary_metric = 1.00000
Error = :9.00e-02; Runtime: 6.1s; Iterations = 120, grads =   1.483e-06, unitary_metric = 1.00000
Error = :9.00e-02; Runtime: 7.1s; Iterations = 140, grads =   6.093e-07, unitary_metric = 1.00000
Error = :9.00e-02; Runtime: 8.0s; Iterations = 160, grads =   6.456e-08, unitary_metric = 1.00000
Error = :9.00e-02; Runtime: 8.9s; Iterations = 180, grads =   1.445e-08, unitary_metric = 1.00000
Error = :9.00e-02; Runtime: 9.8s; Iterations = 200, grads =   4.176e-10, unitary_metric = 1.00000
Error = :9.00e-02; Runtime: 10.8s; Iterations = 220, grads =   8.651e-12, unitary_metric = 1.00000
Error = :9.00e-02; Runtime: 11.7s; Iterations = 240, grads =   1.427e-11, unitary_metric = 1.00000
Error = :9.00e-02; Runtime: 12.6s; Iterations = 260, grads =   4.412e-12, unitary_metric = 1.00000
Error = :9.00e-02; Runtime: 13.5s; Iterations = 280, grads =   3.342e-12, unitary_metric = 1.00000
Error = :9.00e-02; Runtime: 14.5s; Iterations = 300, grads =   5.508e-12, unitary_metric = 1.00000
Error = :9.00e-02; Runtime: 15.5s; Iterations = 320, grads =   3.140e-12, unitary_metric = 1.00000
Error = :9.00e-02; Runtime: 16.4s; Iterations = 340, grads =   4.293e-12, unitary_metric = 1.00000
Error = :9.00e-02; Runtime: 17.3s; Iterations = 360, grads =   3.501e-12, unitary_metric = 1.00000
Error = :9.00e-02; Runtime: 18.2s; Iterations = 380, grads =   3.615e-12, unitary_metric = 1.00000
Error = :9.00e-02; Runtime: 19.2s; Iterations = 400, grads =   5.521e-12, unitary_metric = 1.00000
Error = :9.00e-02; Runtime: 20.2s; Iterations = 420, grads =   3.583e-12, unitary_metric = 1.00000
Error = :9.00e-02; Runtime: 21.1s; Iterations = 440, grads =   3.610e-12, unitary_metric = 1.00000
Error = :9.00e-02; Runtime: 22.0s; Iterations = 460, grads =   5.362e-12, unitary_metric = 1.00000
Error = :9.00e-02; Runtime: 22.9s; Iterations = 480, grads =   8.209e-12, unitary_metric = 1.00000
Error = :9.00e-02; Runtime: 23.8s; Iterations = 500, grads =   4.554e-12, unitary_metric = 1.00000
Error = :9.00e-02; Runtime: 24.9s; Iterations = 520, grads =   6.195e-12, unitary_metric = 1.00000
Error = :9.00e-02; Runtime: 25.7s; Iterations = 540, grads =   5.314e-12, unitary_metric = 1.00000
Error = :9.00e-02; Runtime: 26.7s; Iterations = 560, grads =   5.354e-12, unitary_metric = 1.00000
Error = :9.00e-02; Runtime: 27.6s; Iterations = 580, grads =   5.169e-12, unitary_metric = 1.00000
Error = :9.00e-02; Runtime: 28.5s; Iterations = 600, grads =   1.068e-11, unitary_metric = 1.00000
Error = :9.00e-02; Runtime: 29.5s; Iterations = 620, grads =   8.094e-12, unitary_metric = 1.00000
Error = :9.00e-02; Runtime: 30.4s; Iterations = 640, grads =   5.167e-12, unitary_metric = 1.00000
Error = :9.00e-02; Runtime: 31.3s; Iterations = 660, grads =   5.398e-12, unitary_metric = 1.00000
Error = :9.00e-02; Runtime: 32.3s; Iterations = 680, grads =   6.923e-12, unitary_metric = 1.00000
Error = :9.00e-02; Runtime: 33.2s; Iterations = 700, grads =   6.399e-12, unitary_metric = 1.00000
Error = :9.00e-02; Runtime: 34.2s; Iterations = 720, grads =   7.491e-12, unitary_metric = 1.00000
Error = :9.00e-02; Runtime: 35.1s; Iterations = 740, grads =   1.004e-11, unitary_metric = 1.00000
Error = :9.00e-02; Runtime: 36.0s; Iterations = 760, grads =   9.810e-12, unitary_metric = 1.00000
Error = :9.00e-02; Runtime: 36.9s; Iterations = 780, grads =   8.508e-12, unitary_metric = 1.00000
Error = :9.00e-02; Runtime: 37.9s; Iterations = 800, grads =   8.268e-12, unitary_metric = 1.00000
Error = :9.00e-02; Runtime: 38.9s; Iterations = 820, grads =   8.713e-12, unitary_metric = 1.00000
Error = :9.00e-02; Runtime: 39.8s; Iterations = 840, grads =   8.832e-12, unitary_metric = 1.00000
Error = :9.00e-02; Runtime: 40.7s; Iterations = 860, grads =   1.039e-11, unitary_metric = 1.00000
Error = :9.00e-02; Runtime: 41.6s; Iterations = 880, grads =   9.847e-12, unitary_metric = 1.00000
Error = :9.00e-02; Runtime: 42.5s; Iterations = 900, grads =   1.191e-11, unitary_metric = 1.00000
Error = :9.00e-02; Runtime: 43.6s; Iterations = 920, grads =   2.115e-11, unitary_metric = 1.00000
Error = :9.00e-02; Runtime: 44.5s; Iterations = 940, grads =   1.348e-11, unitary_metric = 1.00000
Error = :9.00e-02; Runtime: 45.4s; Iterations = 960, grads =   1.274e-11, unitary_metric = 1.00000
Error = :9.00e-02; Runtime: 46.3s; Iterations = 980, grads =   1.372e-11, unitary_metric = 1.00000
Error = :9.00e-02; Runtime: 47.2s; Iterations = 1000, grads =   1.788e-11, unitary_metric = 1.00000
Error = :9.00e-02; Runtime: 48.2s; Iterations = 1020, grads =   1.527e-11, unitary_metric = 1.00000
Error = :9.00e-02; Runtime: 49.1s; Iterations = 1040, grads =   1.850e-11, unitary_metric = 1.00000
Error = :9.00e-02; Runtime: 50.0s; Iterations = 1060, grads =   2.533e-11, unitary_metric = 1.00000
Error = :9.00e-02; Runtime: 50.9s; Iterations = 1080, grads =   2.240e-11, unitary_metric = 1.00000
Error = :9.00e-02; Runtime: 51.8s; Iterations = 1100, grads =   2.753e-11, unitary_metric = 1.00000
Error = :9.00e-02; Runtime: 52.9s; Iterations = 1120, grads =   2.989e-11, unitary_metric = 1.00000
Error = :9.00e-02; Runtime: 53.8s; Iterations = 1140, grads =   3.319e-11, unitary_metric = 1.00000
Error = :9.00e-02; Runtime: 54.7s; Iterations = 1160, grads =   3.033e-11, unitary_metric = 1.00000
Error = :9.00e-02; Runtime: 55.6s; Iterations = 1180, grads =   3.440e-11, unitary_metric = 1.00000
Error = :9.00e-02; Runtime: 56.6s; Iterations = 1200, grads =   3.345e-11, unitary_metric = 1.00000
Error = :9.00e-02; Runtime: 57.6s; Iterations = 1220, grads =   3.362e-11, unitary_metric = 1.00000
Error = :9.00e-02; Runtime: 58.5s; Iterations = 1240, grads =   4.172e-11, unitary_metric = 1.00000
Error = :9.00e-02; Runtime: 59.4s; Iterations = 1260, grads =   6.404e-11, unitary_metric = 1.00000
Error = :9.00e-02; Runtime: 60.4s; Iterations = 1280, grads =   5.109e-11, unitary_metric = 1.00000
Error = :9.00e-02; Runtime: 61.3s; Iterations = 1300, grads =   6.785e-11, unitary_metric = 1.00000
Error = :9.00e-02; Runtime: 62.3s; Iterations = 1320, grads =   7.420e-11, unitary_metric = 1.00000
Error = :9.00e-02; Runtime: 63.3s; Iterations = 1340, grads =   7.348e-11, unitary_metric = 1.00000
Error = :9.00e-02; Runtime: 64.2s; Iterations = 1360, grads =   8.423e-11, unitary_metric = 1.00000
Error = :9.00e-02; Runtime: 65.1s; Iterations = 1380, grads =   8.965e-11, unitary_metric = 1.00000
Error = :9.00e-02; Runtime: 66.0s; Iterations = 1400, grads =   1.011e-10, unitary_metric = 1.00000
Error = :9.00e-02; Runtime: 67.0s; Iterations = 1420, grads =   1.188e-10, unitary_metric = 1.00000
Error = :9.00e-02; Runtime: 67.9s; Iterations = 1440, grads =   1.423e-10, unitary_metric = 1.00000
Error = :9.00e-02; Runtime: 68.8s; Iterations = 1460, grads =   1.556e-10, unitary_metric = 1.00000
Error = :9.00e-02; Runtime: 69.7s; Iterations = 1480, grads =   1.864e-10, unitary_metric = 1.00000
Error = :9.00e-02; Runtime: 70.6s; Iterations = 1500, grads =   2.079e-10, unitary_metric = 1.00000
Error = :9.00e-02; Runtime: 71.7s; Iterations = 1520, grads =   2.521e-10, unitary_metric = 1.00000
Error = :9.00e-02; Runtime: 72.6s; Iterations = 1540, grads =   2.955e-10, unitary_metric = 1.00000
Error = :9.00e-02; Runtime: 73.5s; Iterations = 1560, grads =   3.459e-10, unitary_metric = 1.00000
Error = :9.00e-02; Runtime: 74.4s; Iterations = 1580, grads =   4.304e-10, unitary_metric = 1.00000
Error = :9.00e-02; Runtime: 75.3s; Iterations = 1600, grads =   5.081e-10, unitary_metric = 1.00000
Error = :9.00e-02; Runtime: 76.4s; Iterations = 1620, grads =   6.162e-10, unitary_metric = 1.00000
Error = :9.00e-02; Runtime: 77.3s; Iterations = 1640, grads =   7.967e-10, unitary_metric = 1.00000
Error = :9.00e-02; Runtime: 78.2s; Iterations = 1660, grads =   9.961e-10, unitary_metric = 1.00000
Error = :9.00e-02; Runtime: 79.1s; Iterations = 1680, grads =   1.257e-09, unitary_metric = 1.00000
Error = :9.00e-02; Runtime: 80.0s; Iterations = 1700, grads =   1.650e-09, unitary_metric = 1.00000
Error = :9.00e-02; Runtime: 81.1s; Iterations = 1720, grads =   2.203e-09, unitary_metric = 1.00000
Error = :9.00e-02; Runtime: 82.0s; Iterations = 1740, grads =   2.982e-09, unitary_metric = 1.00000
Error = :9.00e-02; Runtime: 82.9s; Iterations = 1760, grads =   4.188e-09, unitary_metric = 1.00000
Error = :9.00e-02; Runtime: 83.8s; Iterations = 1780, grads =   6.062e-09, unitary_metric = 1.00000
Error = :9.00e-02; Runtime: 84.7s; Iterations = 1800, grads =   9.153e-09, unitary_metric = 1.00000
Error = :9.00e-02; Runtime: 85.7s; Iterations = 1820, grads =   1.457e-08, unitary_metric = 1.00000
Error = :9.00e-02; Runtime: 86.6s; Iterations = 1840, grads =   2.476e-08, unitary_metric = 1.00000
Error = :9.00e-02; Runtime: 87.5s; Iterations = 1860, grads =   4.583e-08, unitary_metric = 1.00000
Error = :9.00e-02; Runtime: 88.5s; Iterations = 1880, grads =   9.573e-08, unitary_metric = 1.00000
Error = :9.00e-02; Runtime: 89.4s; Iterations = 1900, grads =   2.400e-07, unitary_metric = 1.00000
Error = :8.99e-02; Runtime: 90.4s; Iterations = 1920, grads =   8.113e-07, unitary_metric = 1.00000
Error = :8.96e-02; Runtime: 91.3s; Iterations = 1940, grads =   4.869e-06, unitary_metric = 1.00000
Error = :8.68e-02; Runtime: 92.2s; Iterations = 1960, grads =   1.153e-04, unitary_metric = 1.00000
Error = :1.42e-02; Runtime: 93.1s; Iterations = 1980, grads =   4.219e-04, unitary_metric = 0.99999
Error = :9.18e-04; Runtime: 93.6s; Iterations = 1990, grads =   1.110e-04, unitary_metric = 0.99999
data saved at: /project/ftchong/qoc/pranav/00023_27_block164.h5


trying total_time: 6.05 for unitary of size (4, 4)
data saved at: /project/ftchong/qoc/pranav/00024_27_block164.h5
Using 6 Taylor terms and 1 Scaling & Squaring terms
Building graph:
Propagators initialized.
Operators weight initialized.
Intermediate propagation variables initialized.
Intermediate propagators initialized.
Vectors initialized.
Training loss initialized.
Optimizer initialized.
Utilities initialized.
Graph built!
Initialized
Error = :3.20e-01; Runtime: 0.2s; Iterations = 0, grads =   2.021e+00, unitary_metric = 1.00000
Error = :1.00e-01; Runtime: 1.4s; Iterations = 20, grads =   1.226e-01, unitary_metric = 1.00000
Error = :9.18e-02; Runtime: 2.2s; Iterations = 40, grads =   2.139e-02, unitary_metric = 1.00000
Error = :9.02e-02; Runtime: 3.0s; Iterations = 60, grads =   1.429e-03, unitary_metric = 1.00000
Error = :9.01e-02; Runtime: 3.9s; Iterations = 80, grads =   2.863e-04, unitary_metric = 1.00000
Error = :9.00e-02; Runtime: 4.7s; Iterations = 100, grads =   1.425e-06, unitary_metric = 1.00000
Error = :9.00e-02; Runtime: 5.7s; Iterations = 120, grads =   1.691e-06, unitary_metric = 1.00000
Error = :9.00e-02; Runtime: 6.5s; Iterations = 140, grads =   1.308e-07, unitary_metric = 1.00000
Error = :9.00e-02; Runtime: 7.4s; Iterations = 160, grads =   3.456e-08, unitary_metric = 1.00000
Error = :9.00e-02; Runtime: 8.2s; Iterations = 180, grads =   1.431e-08, unitary_metric = 1.00000
Error = :9.00e-02; Runtime: 9.0s; Iterations = 200, grads =   5.178e-11, unitary_metric = 1.00000
Error = :9.00e-02; Runtime: 10.0s; Iterations = 220, grads =   1.824e-10, unitary_metric = 1.00000
Error = :9.00e-02; Runtime: 10.9s; Iterations = 240, grads =   2.000e-11, unitary_metric = 1.00000
Error = :9.00e-02; Runtime: 11.7s; Iterations = 260, grads =   5.313e-12, unitary_metric = 1.00000
Error = :9.00e-02; Runtime: 12.5s; Iterations = 280, grads =   2.680e-12, unitary_metric = 1.00000
Error = :9.00e-02; Runtime: 13.4s; Iterations = 300, grads =   2.195e-12, unitary_metric = 1.00000
Error = :9.00e-02; Runtime: 14.4s; Iterations = 320, grads =   4.230e-12, unitary_metric = 1.00000
Error = :9.00e-02; Runtime: 15.2s; Iterations = 340, grads =   3.450e-12, unitary_metric = 1.00000
Error = :9.00e-02; Runtime: 16.1s; Iterations = 360, grads =   5.954e-12, unitary_metric = 1.00000
Error = :9.00e-02; Runtime: 16.9s; Iterations = 380, grads =   5.202e-12, unitary_metric = 1.00000
Error = :9.00e-02; Runtime: 17.8s; Iterations = 400, grads =   3.264e-12, unitary_metric = 1.00000
Error = :9.00e-02; Runtime: 18.7s; Iterations = 420, grads =   5.792e-12, unitary_metric = 1.00000
Error = :9.00e-02; Runtime: 19.6s; Iterations = 440, grads =   3.096e-12, unitary_metric = 1.00000
Error = :9.00e-02; Runtime: 20.5s; Iterations = 460, grads =   3.892e-12, unitary_metric = 1.00000
Error = :9.00e-02; Runtime: 21.3s; Iterations = 480, grads =   2.921e-12, unitary_metric = 1.00000
Error = :9.00e-02; Runtime: 22.2s; Iterations = 500, grads =   4.497e-12, unitary_metric = 1.00000
Error = :9.00e-02; Runtime: 23.2s; Iterations = 520, grads =   5.278e-12, unitary_metric = 1.00000
Error = :9.00e-02; Runtime: 24.0s; Iterations = 540, grads =   4.088e-12, unitary_metric = 1.00000
Error = :9.00e-02; Runtime: 24.8s; Iterations = 560, grads =   5.411e-12, unitary_metric = 1.00000
Error = :9.00e-02; Runtime: 25.7s; Iterations = 580, grads =   4.508e-12, unitary_metric = 1.00000
Error = :9.00e-02; Runtime: 26.5s; Iterations = 600, grads =   6.481e-12, unitary_metric = 1.00000
Error = :9.00e-02; Runtime: 27.5s; Iterations = 620, grads =   5.743e-12, unitary_metric = 1.00000
Error = :9.00e-02; Runtime: 28.4s; Iterations = 640, grads =   7.047e-12, unitary_metric = 1.00000
Error = :9.00e-02; Runtime: 29.2s; Iterations = 660, grads =   5.242e-12, unitary_metric = 1.00000
Error = :9.00e-02; Runtime: 30.1s; Iterations = 680, grads =   9.732e-12, unitary_metric = 1.00000
Error = :9.00e-02; Runtime: 30.9s; Iterations = 700, grads =   8.237e-12, unitary_metric = 1.00000
Error = :9.00e-02; Runtime: 31.9s; Iterations = 720, grads =   1.074e-11, unitary_metric = 1.00000
Error = :9.00e-02; Runtime: 32.7s; Iterations = 740, grads =   7.034e-12, unitary_metric = 1.00000
Error = :9.00e-02; Runtime: 33.6s; Iterations = 760, grads =   9.296e-12, unitary_metric = 1.00000
Error = :9.00e-02; Runtime: 34.4s; Iterations = 780, grads =   1.336e-11, unitary_metric = 1.00000
Error = :9.00e-02; Runtime: 35.3s; Iterations = 800, grads =   1.343e-11, unitary_metric = 1.00000
Error = :9.00e-02; Runtime: 36.3s; Iterations = 820, grads =   1.542e-11, unitary_metric = 1.00000
Error = :9.00e-02; Runtime: 37.1s; Iterations = 840, grads =   1.443e-11, unitary_metric = 1.00000
Error = :9.00e-02; Runtime: 38.0s; Iterations = 860, grads =   1.874e-11, unitary_metric = 1.00000
Error = :9.00e-02; Runtime: 38.8s; Iterations = 880, grads =   1.915e-11, unitary_metric = 1.00000
Error = :9.00e-02; Runtime: 39.6s; Iterations = 900, grads =   4.447e-11, unitary_metric = 1.00000
Error = :9.00e-02; Runtime: 40.6s; Iterations = 920, grads =   2.943e-11, unitary_metric = 1.00000
Error = :9.00e-02; Runtime: 41.5s; Iterations = 940, grads =   3.371e-11, unitary_metric = 1.00000
Error = :9.00e-02; Runtime: 42.3s; Iterations = 960, grads =   3.743e-11, unitary_metric = 1.00000
Error = :9.00e-02; Runtime: 43.2s; Iterations = 980, grads =   4.894e-11, unitary_metric = 1.00000
Error = :9.00e-02; Runtime: 44.0s; Iterations = 1000, grads =   5.027e-11, unitary_metric = 1.00000
Error = :9.00e-02; Runtime: 45.0s; Iterations = 1020, grads =   6.614e-11, unitary_metric = 1.00000
Error = :9.00e-02; Runtime: 45.9s; Iterations = 1040, grads =   8.300e-11, unitary_metric = 1.00000
Error = :9.00e-02; Runtime: 46.7s; Iterations = 1060, grads =   9.516e-11, unitary_metric = 1.00000
Error = :9.00e-02; Runtime: 47.6s; Iterations = 1080, grads =   1.278e-10, unitary_metric = 1.00000
Error = :9.00e-02; Runtime: 48.4s; Iterations = 1100, grads =   1.858e-10, unitary_metric = 1.00000
Error = :9.00e-02; Runtime: 49.4s; Iterations = 1120, grads =   2.017e-10, unitary_metric = 1.00000
Error = :9.00e-02; Runtime: 50.2s; Iterations = 1140, grads =   2.495e-10, unitary_metric = 1.00000
Error = :9.00e-02; Runtime: 51.1s; Iterations = 1160, grads =   3.271e-10, unitary_metric = 1.00000
Error = :9.00e-02; Runtime: 51.9s; Iterations = 1180, grads =   4.457e-10, unitary_metric = 1.00000
Error = :9.00e-02; Runtime: 52.8s; Iterations = 1200, grads =   6.229e-10, unitary_metric = 1.00000
Error = :9.00e-02; Runtime: 53.8s; Iterations = 1220, grads =   8.647e-10, unitary_metric = 1.00000
Error = :9.00e-02; Runtime: 54.6s; Iterations = 1240, grads =   1.234e-09, unitary_metric = 1.00000
Error = :9.00e-02; Runtime: 55.5s; Iterations = 1260, grads =   1.860e-09, unitary_metric = 1.00000
Error = :9.00e-02; Runtime: 56.3s; Iterations = 1280, grads =   2.840e-09, unitary_metric = 1.00000
Error = :9.00e-02; Runtime: 57.2s; Iterations = 1300, grads =   4.638e-09, unitary_metric = 1.00000
Error = :9.00e-02; Runtime: 58.2s; Iterations = 1320, grads =   7.943e-09, unitary_metric = 1.00000
Error = :9.00e-02; Runtime: 59.0s; Iterations = 1340, grads =   1.469e-08, unitary_metric = 1.00000
Error = :9.00e-02; Runtime: 59.9s; Iterations = 1360, grads =   2.963e-08, unitary_metric = 1.00000
Error = :9.00e-02; Runtime: 60.7s; Iterations = 1380, grads =   6.936e-08, unitary_metric = 1.00000
Error = :9.00e-02; Runtime: 61.6s; Iterations = 1400, grads =   2.000e-07, unitary_metric = 1.00000
Error = :8.99e-02; Runtime: 62.6s; Iterations = 1420, grads =   8.316e-07, unitary_metric = 1.00000
Error = :8.94e-02; Runtime: 63.4s; Iterations = 1440, grads =   7.226e-06, unitary_metric = 1.00000
Error = :8.29e-02; Runtime: 64.3s; Iterations = 1460, grads =   3.725e-04, unitary_metric = 1.00000
Error = :3.20e-03; Runtime: 65.1s; Iterations = 1480, grads =   5.650e-04, unitary_metric = 1.00000
Error = :7.81e-04; Runtime: 65.9s; Iterations = 1498, grads =   1.314e-04, unitary_metric = 1.00000
data saved at: /project/ftchong/qoc/pranav/00024_27_block164.h5


trying total_time: 5.8 for unitary of size (4, 4)
data saved at: /project/ftchong/qoc/pranav/00025_27_block164.h5
Using 6 Taylor terms and 1 Scaling & Squaring terms
Building graph:
Propagators initialized.
Operators weight initialized.
Intermediate propagation variables initialized.
Intermediate propagators initialized.
Vectors initialized.
Training loss initialized.
Optimizer initialized.
Utilities initialized.
Graph built!
Initialized
Error = :2.55e-01; Runtime: 0.2s; Iterations = 0, grads =   1.452e+00, unitary_metric = 1.00000
Error = :9.96e-02; Runtime: 1.3s; Iterations = 20, grads =   1.084e-01, unitary_metric = 1.00000
Error = :9.09e-02; Runtime: 2.1s; Iterations = 40, grads =   9.528e-03, unitary_metric = 1.00000
Error = :9.02e-02; Runtime: 2.9s; Iterations = 60, grads =   2.259e-03, unitary_metric = 1.00000
Error = :9.01e-02; Runtime: 3.7s; Iterations = 80, grads =   1.729e-04, unitary_metric = 1.00000
Error = :9.00e-02; Runtime: 4.6s; Iterations = 100, grads =   1.871e-05, unitary_metric = 1.00000
Error = :9.00e-02; Runtime: 5.5s; Iterations = 120, grads =   4.308e-06, unitary_metric = 1.00000
Error = :9.00e-02; Runtime: 6.3s; Iterations = 140, grads =   5.961e-07, unitary_metric = 1.00000
Error = :9.00e-02; Runtime: 7.1s; Iterations = 160, grads =   5.163e-08, unitary_metric = 1.00000
Error = :9.00e-02; Runtime: 7.9s; Iterations = 180, grads =   8.034e-09, unitary_metric = 1.00000
Error = :9.00e-02; Runtime: 8.7s; Iterations = 200, grads =   4.963e-10, unitary_metric = 1.00000
Error = :9.00e-02; Runtime: 9.7s; Iterations = 220, grads =   1.301e-10, unitary_metric = 1.00000
Error = :9.00e-02; Runtime: 10.5s; Iterations = 240, grads =   1.086e-11, unitary_metric = 1.00000
Error = :9.00e-02; Runtime: 11.3s; Iterations = 260, grads =   5.950e-12, unitary_metric = 1.00000
Error = :9.00e-02; Runtime: 12.1s; Iterations = 280, grads =   6.677e-12, unitary_metric = 1.00000
Error = :9.00e-02; Runtime: 12.9s; Iterations = 300, grads =   8.971e-12, unitary_metric = 1.00000
Error = :9.00e-02; Runtime: 13.8s; Iterations = 320, grads =   7.508e-12, unitary_metric = 1.00000
Error = :9.00e-02; Runtime: 14.7s; Iterations = 340, grads =   6.205e-12, unitary_metric = 1.00000
Error = :9.00e-02; Runtime: 15.5s; Iterations = 360, grads =   4.231e-12, unitary_metric = 1.00000
Error = :9.00e-02; Runtime: 16.3s; Iterations = 380, grads =   3.214e-12, unitary_metric = 1.00000
Error = :9.00e-02; Runtime: 17.1s; Iterations = 400, grads =   3.828e-12, unitary_metric = 1.00000
Error = :9.00e-02; Runtime: 18.0s; Iterations = 420, grads =   3.384e-12, unitary_metric = 1.00000
Error = :9.00e-02; Runtime: 18.8s; Iterations = 440, grads =   4.634e-12, unitary_metric = 1.00000
Error = :9.00e-02; Runtime: 19.6s; Iterations = 460, grads =   2.593e-12, unitary_metric = 1.00000
Error = :9.00e-02; Runtime: 20.4s; Iterations = 480, grads =   2.476e-12, unitary_metric = 1.00000
Error = :9.00e-02; Runtime: 21.2s; Iterations = 500, grads =   4.146e-12, unitary_metric = 1.00000
Error = :9.00e-02; Runtime: 22.2s; Iterations = 520, grads =   1.547e-12, unitary_metric = 1.00000
Error = :9.00e-02; Runtime: 23.0s; Iterations = 540, grads =   5.577e-12, unitary_metric = 1.00000
Error = :9.00e-02; Runtime: 23.8s; Iterations = 560, grads =   2.145e-12, unitary_metric = 1.00000
Error = :9.00e-02; Runtime: 24.6s; Iterations = 580, grads =   2.040e-12, unitary_metric = 1.00000
Error = :9.00e-02; Runtime: 25.4s; Iterations = 600, grads =   1.959e-12, unitary_metric = 1.00000
Error = :9.00e-02; Runtime: 26.4s; Iterations = 620, grads =   5.432e-12, unitary_metric = 1.00000
Error = :9.00e-02; Runtime: 27.2s; Iterations = 640, grads =   1.495e-12, unitary_metric = 1.00000
Error = :9.00e-02; Runtime: 27.2s; Iterations = 641, grads =   9.738e-13, unitary_metric = 1.00000
data saved at: /project/ftchong/qoc/pranav/00025_27_block164.h5


^^^SHORTEST TIME was 5.8
