Running Block:  90


trying total_time: 30.0 for unitary of size (4, 4)
data saved at: /project/ftchong/qoc/pranav/00017_27_block90.h5
Using 4 Taylor terms and 3 Scaling & Squaring terms
Building graph:
Propagators initialized.
Operators weight initialized.
Intermediate propagation variables initialized.
Intermediate propagators initialized.
Vectors initialized.
Training loss initialized.
Optimizer initialized.
Utilities initialized.
Graph built!
Initialized
Error = :7.54e-01; Runtime: 0.9s; Iterations = 0, grads =   2.916e-01, unitary_metric = 1.00005
Error = :5.05e-01; Runtime: 6.7s; Iterations = 20, grads =   2.267e-02, unitary_metric = 1.00003
Error = :3.34e-02; Runtime: 10.8s; Iterations = 40, grads =   1.486e-01, unitary_metric = 1.00001
Error = :1.92e-03; Runtime: 14.9s; Iterations = 60, grads =   1.710e-02, unitary_metric = 1.00000
Error = :8.44e-04; Runtime: 18.1s; Iterations = 76, grads =   6.395e-03, unitary_metric = 1.00001
data saved at: /project/ftchong/qoc/pranav/00017_27_block90.h5


trying total_time: 15.0 for unitary of size (4, 4)
data saved at: /project/ftchong/qoc/pranav/00018_27_block90.h5
Using 4 Taylor terms and 3 Scaling & Squaring terms
Building graph:
Propagators initialized.
Operators weight initialized.
Intermediate propagation variables initialized.
Intermediate propagators initialized.
Vectors initialized.
Training loss initialized.
Optimizer initialized.
Utilities initialized.
Graph built!
Initialized
Error = :7.31e-01; Runtime: 0.4s; Iterations = 0, grads =   6.631e-02, unitary_metric = 1.00001
Error = :5.10e-01; Runtime: 3.0s; Iterations = 20, grads =   5.079e-02, unitary_metric = 1.00001
Error = :5.02e-01; Runtime: 4.9s; Iterations = 40, grads =   1.300e-02, unitary_metric = 1.00001
Error = :5.00e-01; Runtime: 6.7s; Iterations = 60, grads =   2.583e-04, unitary_metric = 1.00000
Error = :4.93e-01; Runtime: 8.6s; Iterations = 80, grads =   1.940e-03, unitary_metric = 1.00000
Error = :1.14e-01; Runtime: 10.5s; Iterations = 100, grads =   7.031e-02, unitary_metric = 1.00000
Error = :8.47e-03; Runtime: 12.7s; Iterations = 120, grads =   5.084e-03, unitary_metric = 0.99999
Error = :8.03e-04; Runtime: 14.1s; Iterations = 135, grads =   2.583e-03, unitary_metric = 1.00000
data saved at: /project/ftchong/qoc/pranav/00018_27_block90.h5


trying total_time: 7.5 for unitary of size (4, 4)
data saved at: /project/ftchong/qoc/pranav/00019_27_block90.h5
Using 6 Taylor terms and 1 Scaling & Squaring terms
Building graph:
Propagators initialized.
Operators weight initialized.
Intermediate propagation variables initialized.
Intermediate propagators initialized.
Vectors initialized.
Training loss initialized.
Optimizer initialized.
Utilities initialized.
Graph built!
Initialized
Error = :7.97e-01; Runtime: 0.2s; Iterations = 0, grads =   1.652e-01, unitary_metric = 1.00000
Error = :5.02e-01; Runtime: 1.6s; Iterations = 20, grads =   3.350e-03, unitary_metric = 1.00000
Error = :5.01e-01; Runtime: 2.6s; Iterations = 40, grads =   3.776e-03, unitary_metric = 1.00000
Error = :5.00e-01; Runtime: 3.5s; Iterations = 60, grads =   5.966e-05, unitary_metric = 1.00000
Error = :5.00e-01; Runtime: 4.5s; Iterations = 80, grads =   1.475e-05, unitary_metric = 1.00000
Error = :5.00e-01; Runtime: 5.5s; Iterations = 100, grads =   2.182e-05, unitary_metric = 1.00000
Error = :4.91e-01; Runtime: 6.7s; Iterations = 120, grads =   1.088e-03, unitary_metric = 1.00000
Error = :1.64e-01; Runtime: 7.7s; Iterations = 140, grads =   1.877e-02, unitary_metric = 1.00000
Error = :1.68e-03; Runtime: 8.7s; Iterations = 160, grads =   1.841e-03, unitary_metric = 0.99999
Error = :1.36e-03; Runtime: 9.7s; Iterations = 180, grads =   9.564e-04, unitary_metric = 0.99999
Error = :8.12e-04; Runtime: 9.8s; Iterations = 182, grads =   2.570e-04, unitary_metric = 0.99999
data saved at: /project/ftchong/qoc/pranav/00019_27_block90.h5


trying total_time: 3.75 for unitary of size (4, 4)
data saved at: /project/ftchong/qoc/pranav/00020_27_block90.h5
Using 6 Taylor terms and 1 Scaling & Squaring terms
Building graph:
Propagators initialized.
Operators weight initialized.
Intermediate propagation variables initialized.
Intermediate propagators initialized.
Vectors initialized.
Training loss initialized.
Optimizer initialized.
Utilities initialized.
Graph built!
Initialized
Error = :7.51e-01; Runtime: 0.1s; Iterations = 0, grads =   3.464e-02, unitary_metric = 1.00000
Error = :5.47e-01; Runtime: 0.9s; Iterations = 20, grads =   3.987e-03, unitary_metric = 1.00000
Error = :5.00e-01; Runtime: 1.4s; Iterations = 40, grads =   4.335e-04, unitary_metric = 1.00000
Error = :5.01e-01; Runtime: 1.9s; Iterations = 60, grads =   7.943e-05, unitary_metric = 1.00000
Error = :5.00e-01; Runtime: 2.4s; Iterations = 80, grads =   1.254e-05, unitary_metric = 1.00000
Error = :5.00e-01; Runtime: 3.0s; Iterations = 100, grads =   4.820e-06, unitary_metric = 1.00000
Error = :4.96e-01; Runtime: 3.6s; Iterations = 120, grads =   1.257e-04, unitary_metric = 1.00000
Error = :4.04e-01; Runtime: 4.1s; Iterations = 140, grads =   1.911e-03, unitary_metric = 1.00000
Error = :2.34e-01; Runtime: 4.6s; Iterations = 160, grads =   2.120e-03, unitary_metric = 1.00000
Error = :1.32e-01; Runtime: 5.1s; Iterations = 180, grads =   5.319e-04, unitary_metric = 1.00000
Error = :9.21e-02; Runtime: 5.7s; Iterations = 200, grads =   2.370e-04, unitary_metric = 1.00000
Error = :7.36e-02; Runtime: 6.3s; Iterations = 220, grads =   1.000e-04, unitary_metric = 1.00000
Error = :6.47e-02; Runtime: 6.8s; Iterations = 240, grads =   5.770e-05, unitary_metric = 1.00000
Error = :5.95e-02; Runtime: 7.3s; Iterations = 260, grads =   3.808e-05, unitary_metric = 1.00000
Error = :5.61e-02; Runtime: 7.8s; Iterations = 280, grads =   2.664e-05, unitary_metric = 1.00000
Error = :5.37e-02; Runtime: 8.3s; Iterations = 300, grads =   1.959e-05, unitary_metric = 1.00000
Error = :5.21e-02; Runtime: 8.9s; Iterations = 320, grads =   1.520e-05, unitary_metric = 1.00000
Error = :5.08e-02; Runtime: 9.4s; Iterations = 340, grads =   1.285e-05, unitary_metric = 1.00000
Error = :4.96e-02; Runtime: 9.9s; Iterations = 360, grads =   1.150e-05, unitary_metric = 1.00000
Error = :4.83e-02; Runtime: 10.5s; Iterations = 380, grads =   9.603e-06, unitary_metric = 1.00000
Error = :4.72e-02; Runtime: 11.0s; Iterations = 400, grads =   7.341e-06, unitary_metric = 1.00000
Error = :4.63e-02; Runtime: 11.6s; Iterations = 420, grads =   5.650e-06, unitary_metric = 1.00000
Error = :4.55e-02; Runtime: 12.1s; Iterations = 440, grads =   4.514e-06, unitary_metric = 1.00000
Error = :4.50e-02; Runtime: 12.6s; Iterations = 460, grads =   3.674e-06, unitary_metric = 1.00000
Error = :4.45e-02; Runtime: 13.1s; Iterations = 480, grads =   3.020e-06, unitary_metric = 1.00000
Error = :4.41e-02; Runtime: 13.6s; Iterations = 500, grads =   2.510e-06, unitary_metric = 1.00000
Error = :4.38e-02; Runtime: 14.2s; Iterations = 520, grads =   2.116e-06, unitary_metric = 1.00000
Error = :4.35e-02; Runtime: 14.7s; Iterations = 540, grads =   1.814e-06, unitary_metric = 1.00000
Error = :4.33e-02; Runtime: 15.2s; Iterations = 560, grads =   1.585e-06, unitary_metric = 1.00000
Error = :4.31e-02; Runtime: 15.7s; Iterations = 580, grads =   1.412e-06, unitary_metric = 1.00000
Error = :4.28e-02; Runtime: 16.2s; Iterations = 600, grads =   1.286e-06, unitary_metric = 1.00000
Error = :4.26e-02; Runtime: 16.9s; Iterations = 620, grads =   1.197e-06, unitary_metric = 1.00000
Error = :4.24e-02; Runtime: 17.4s; Iterations = 640, grads =   1.138e-06, unitary_metric = 1.00000
Error = :4.21e-02; Runtime: 17.9s; Iterations = 660, grads =   1.099e-06, unitary_metric = 1.00000
Error = :4.19e-02; Runtime: 18.4s; Iterations = 680, grads =   1.075e-06, unitary_metric = 1.00000
Error = :4.17e-02; Runtime: 18.9s; Iterations = 700, grads =   1.057e-06, unitary_metric = 1.00000
Error = :4.14e-02; Runtime: 19.5s; Iterations = 720, grads =   1.036e-06, unitary_metric = 1.00000
Error = :4.12e-02; Runtime: 20.0s; Iterations = 740, grads =   1.007e-06, unitary_metric = 1.00000
Error = :4.10e-02; Runtime: 20.5s; Iterations = 760, grads =   9.663e-07, unitary_metric = 1.00000
Error = :4.08e-02; Runtime: 21.0s; Iterations = 780, grads =   9.168e-07, unitary_metric = 1.00000
Error = :4.06e-02; Runtime: 21.5s; Iterations = 800, grads =   8.629e-07, unitary_metric = 1.00000
Error = :4.05e-02; Runtime: 22.1s; Iterations = 820, grads =   8.093e-07, unitary_metric = 1.00000
Error = :4.03e-02; Runtime: 22.6s; Iterations = 840, grads =   7.587e-07, unitary_metric = 1.00000
Error = :4.02e-02; Runtime: 23.1s; Iterations = 860, grads =   7.119e-07, unitary_metric = 1.00000
Error = :4.01e-02; Runtime: 23.6s; Iterations = 880, grads =   6.690e-07, unitary_metric = 1.00000
Error = :4.00e-02; Runtime: 24.1s; Iterations = 900, grads =   6.293e-07, unitary_metric = 1.00000
Error = :3.98e-02; Runtime: 24.7s; Iterations = 920, grads =   5.923e-07, unitary_metric = 1.00000
Error = :3.97e-02; Runtime: 25.2s; Iterations = 940, grads =   5.574e-07, unitary_metric = 1.00000
Error = :3.96e-02; Runtime: 25.7s; Iterations = 960, grads =   5.242e-07, unitary_metric = 1.00000
Error = :3.95e-02; Runtime: 26.2s; Iterations = 980, grads =   4.927e-07, unitary_metric = 1.00000
Error = :3.94e-02; Runtime: 26.7s; Iterations = 1000, grads =   4.624e-07, unitary_metric = 1.00000
Error = :3.93e-02; Runtime: 27.3s; Iterations = 1020, grads =   4.338e-07, unitary_metric = 1.00000
Error = :3.92e-02; Runtime: 27.8s; Iterations = 1040, grads =   4.067e-07, unitary_metric = 1.00000
Error = :3.91e-02; Runtime: 28.3s; Iterations = 1060, grads =   3.814e-07, unitary_metric = 1.00000
Error = :3.91e-02; Runtime: 28.8s; Iterations = 1080, grads =   3.582e-07, unitary_metric = 1.00000
Error = :3.90e-02; Runtime: 29.3s; Iterations = 1100, grads =   3.373e-07, unitary_metric = 1.00000
Error = :3.89e-02; Runtime: 29.9s; Iterations = 1120, grads =   3.191e-07, unitary_metric = 1.00000
Error = :3.88e-02; Runtime: 30.4s; Iterations = 1140, grads =   3.037e-07, unitary_metric = 1.00000
Error = :3.88e-02; Runtime: 30.9s; Iterations = 1160, grads =   2.915e-07, unitary_metric = 1.00000
Error = :3.87e-02; Runtime: 31.4s; Iterations = 1180, grads =   2.828e-07, unitary_metric = 1.00000
Error = :3.86e-02; Runtime: 31.9s; Iterations = 1200, grads =   2.777e-07, unitary_metric = 1.00000
Error = :3.85e-02; Runtime: 32.5s; Iterations = 1220, grads =   2.756e-07, unitary_metric = 1.00000
Error = :3.84e-02; Runtime: 33.0s; Iterations = 1240, grads =   2.758e-07, unitary_metric = 1.00000
Error = :3.84e-02; Runtime: 33.5s; Iterations = 1260, grads =   2.766e-07, unitary_metric = 1.00000
Error = :3.83e-02; Runtime: 34.0s; Iterations = 1280, grads =   2.756e-07, unitary_metric = 1.00000
Error = :3.82e-02; Runtime: 34.5s; Iterations = 1300, grads =   2.708e-07, unitary_metric = 1.00000
Error = :3.81e-02; Runtime: 35.1s; Iterations = 1320, grads =   2.609e-07, unitary_metric = 1.00000
Error = :3.80e-02; Runtime: 35.6s; Iterations = 1340, grads =   2.462e-07, unitary_metric = 1.00000
Error = :3.79e-02; Runtime: 36.1s; Iterations = 1360, grads =   2.281e-07, unitary_metric = 1.00000
Error = :3.79e-02; Runtime: 36.6s; Iterations = 1380, grads =   2.087e-07, unitary_metric = 1.00000
Error = :3.78e-02; Runtime: 37.1s; Iterations = 1400, grads =   1.898e-07, unitary_metric = 1.00000
Error = :3.77e-02; Runtime: 37.7s; Iterations = 1420, grads =   1.726e-07, unitary_metric = 1.00000
Error = :3.77e-02; Runtime: 38.2s; Iterations = 1440, grads =   1.576e-07, unitary_metric = 1.00000
Error = :3.76e-02; Runtime: 38.7s; Iterations = 1460, grads =   1.449e-07, unitary_metric = 1.00000
Error = :3.76e-02; Runtime: 39.2s; Iterations = 1480, grads =   1.341e-07, unitary_metric = 1.00000
Error = :3.76e-02; Runtime: 39.7s; Iterations = 1500, grads =   1.250e-07, unitary_metric = 1.00000
Error = :3.76e-02; Runtime: 40.3s; Iterations = 1520, grads =   1.173e-07, unitary_metric = 1.00000
Error = :3.75e-02; Runtime: 40.8s; Iterations = 1540, grads =   1.106e-07, unitary_metric = 1.00000
Error = :3.75e-02; Runtime: 41.3s; Iterations = 1560, grads =   1.047e-07, unitary_metric = 1.00000
Error = :3.75e-02; Runtime: 41.8s; Iterations = 1580, grads =   9.938e-08, unitary_metric = 1.00000
Error = :3.75e-02; Runtime: 42.3s; Iterations = 1600, grads =   9.463e-08, unitary_metric = 1.00000
Error = :3.74e-02; Runtime: 42.9s; Iterations = 1620, grads =   9.023e-08, unitary_metric = 1.00000
Error = :3.74e-02; Runtime: 43.4s; Iterations = 1640, grads =   8.621e-08, unitary_metric = 1.00000
Error = :3.74e-02; Runtime: 43.9s; Iterations = 1660, grads =   8.245e-08, unitary_metric = 1.00000
Error = :3.74e-02; Runtime: 44.4s; Iterations = 1680, grads =   7.899e-08, unitary_metric = 1.00000
Error = :3.74e-02; Runtime: 44.9s; Iterations = 1700, grads =   7.565e-08, unitary_metric = 1.00000
Error = :3.73e-02; Runtime: 45.5s; Iterations = 1720, grads =   7.256e-08, unitary_metric = 1.00000
Error = :3.73e-02; Runtime: 46.0s; Iterations = 1740, grads =   6.967e-08, unitary_metric = 1.00000
Error = :3.73e-02; Runtime: 46.5s; Iterations = 1760, grads =   6.698e-08, unitary_metric = 1.00000
Error = :3.73e-02; Runtime: 47.0s; Iterations = 1780, grads =   6.446e-08, unitary_metric = 1.00000
Error = :3.73e-02; Runtime: 47.5s; Iterations = 1800, grads =   6.216e-08, unitary_metric = 1.00000
Error = :3.73e-02; Runtime: 48.1s; Iterations = 1820, grads =   6.006e-08, unitary_metric = 1.00000
Error = :3.73e-02; Runtime: 48.6s; Iterations = 1840, grads =   5.822e-08, unitary_metric = 1.00000
Error = :3.72e-02; Runtime: 49.1s; Iterations = 1860, grads =   5.663e-08, unitary_metric = 1.00000
Error = :3.72e-02; Runtime: 49.6s; Iterations = 1880, grads =   5.538e-08, unitary_metric = 1.00000
Error = :3.72e-02; Runtime: 50.1s; Iterations = 1900, grads =   5.450e-08, unitary_metric = 1.00000
Error = :3.72e-02; Runtime: 50.8s; Iterations = 1920, grads =   5.410e-08, unitary_metric = 1.00000
Error = :3.72e-02; Runtime: 51.3s; Iterations = 1940, grads =   5.433e-08, unitary_metric = 1.00000
Error = :3.72e-02; Runtime: 51.8s; Iterations = 1960, grads =   5.521e-08, unitary_metric = 1.00000
Error = :3.72e-02; Runtime: 52.3s; Iterations = 1980, grads =   5.702e-08, unitary_metric = 1.00000
Error = :3.72e-02; Runtime: 52.8s; Iterations = 2000, grads =   5.983e-08, unitary_metric = 1.00000
Error = :3.72e-02; Runtime: 53.4s; Iterations = 2020, grads =   6.374e-08, unitary_metric = 1.00000
Error = :3.71e-02; Runtime: 53.9s; Iterations = 2040, grads =   6.860e-08, unitary_metric = 1.00000
Error = :3.71e-02; Runtime: 54.4s; Iterations = 2060, grads =   7.400e-08, unitary_metric = 1.00000
Error = :3.71e-02; Runtime: 54.9s; Iterations = 2080, grads =   7.957e-08, unitary_metric = 1.00000
Error = :3.71e-02; Runtime: 55.4s; Iterations = 2100, grads =   8.423e-08, unitary_metric = 1.00000
Error = :3.71e-02; Runtime: 56.0s; Iterations = 2120, grads =   8.688e-08, unitary_metric = 1.00000
Error = :3.70e-02; Runtime: 56.5s; Iterations = 2140, grads =   8.781e-08, unitary_metric = 1.00000
Error = :3.70e-02; Runtime: 57.0s; Iterations = 2160, grads =   8.989e-08, unitary_metric = 1.00000
Error = :3.70e-02; Runtime: 57.5s; Iterations = 2180, grads =   9.618e-08, unitary_metric = 1.00000
Error = :3.70e-02; Runtime: 58.0s; Iterations = 2200, grads =   1.016e-07, unitary_metric = 1.00000
Error = :3.69e-02; Runtime: 58.6s; Iterations = 2220, grads =   9.528e-08, unitary_metric = 1.00000
Error = :3.69e-02; Runtime: 59.1s; Iterations = 2240, grads =   8.787e-08, unitary_metric = 1.00000
Error = :3.69e-02; Runtime: 59.6s; Iterations = 2260, grads =   2.668e-07, unitary_metric = 1.00000
Error = :3.69e-02; Runtime: 60.1s; Iterations = 2280, grads =   5.876e-05, unitary_metric = 1.00000
Error = :3.69e-02; Runtime: 60.6s; Iterations = 2300, grads =   1.846e-07, unitary_metric = 1.00000
Error = :3.69e-02; Runtime: 61.2s; Iterations = 2320, grads =   9.052e-07, unitary_metric = 1.00000
Error = :3.69e-02; Runtime: 61.7s; Iterations = 2340, grads =   6.114e-08, unitary_metric = 1.00000
Error = :3.69e-02; Runtime: 62.2s; Iterations = 2360, grads =   6.528e-08, unitary_metric = 1.00000
Error = :3.68e-02; Runtime: 62.7s; Iterations = 2380, grads =   5.434e-08, unitary_metric = 1.00000
Error = :3.68e-02; Runtime: 63.2s; Iterations = 2400, grads =   4.945e-08, unitary_metric = 1.00000
Error = :3.68e-02; Runtime: 63.9s; Iterations = 2420, grads =   4.614e-08, unitary_metric = 1.00000
Error = :3.68e-02; Runtime: 64.4s; Iterations = 2440, grads =   4.296e-08, unitary_metric = 1.00000
Error = :3.68e-02; Runtime: 64.9s; Iterations = 2460, grads =   4.016e-08, unitary_metric = 1.00000
Error = :3.68e-02; Runtime: 65.4s; Iterations = 2480, grads =   3.735e-08, unitary_metric = 1.00000
Error = :3.68e-02; Runtime: 65.9s; Iterations = 2500, grads =   3.488e-08, unitary_metric = 1.00000
Error = :3.68e-02; Runtime: 66.5s; Iterations = 2520, grads =   3.329e-08, unitary_metric = 1.00000
Error = :3.68e-02; Runtime: 67.0s; Iterations = 2540, grads =   3.256e-08, unitary_metric = 1.00000
Error = :3.68e-02; Runtime: 67.5s; Iterations = 2560, grads =   8.686e-07, unitary_metric = 1.00000
Error = :3.68e-02; Runtime: 68.0s; Iterations = 2580, grads =   1.856e-06, unitary_metric = 1.00000
Error = :3.68e-02; Runtime: 68.5s; Iterations = 2600, grads =   9.466e-07, unitary_metric = 1.00000
Error = :3.68e-02; Runtime: 69.1s; Iterations = 2620, grads =   4.186e-07, unitary_metric = 1.00000
Error = :3.68e-02; Runtime: 69.6s; Iterations = 2640, grads =   6.787e-08, unitary_metric = 1.00000
Error = :3.68e-02; Runtime: 70.1s; Iterations = 2660, grads =   3.041e-08, unitary_metric = 1.00000
Error = :3.67e-02; Runtime: 70.6s; Iterations = 2680, grads =   2.331e-08, unitary_metric = 1.00000
Error = :3.67e-02; Runtime: 71.1s; Iterations = 2700, grads =   2.193e-08, unitary_metric = 1.00000
Error = :3.67e-02; Runtime: 71.7s; Iterations = 2720, grads =   2.117e-08, unitary_metric = 1.00000
Error = :3.67e-02; Runtime: 72.2s; Iterations = 2740, grads =   2.059e-08, unitary_metric = 1.00000
Error = :3.67e-02; Runtime: 72.7s; Iterations = 2760, grads =   2.018e-08, unitary_metric = 1.00000
Error = :3.67e-02; Runtime: 73.2s; Iterations = 2780, grads =   3.047e-08, unitary_metric = 1.00000
Error = :3.67e-02; Runtime: 73.7s; Iterations = 2800, grads =   3.808e-07, unitary_metric = 1.00000
Error = :3.67e-02; Runtime: 74.3s; Iterations = 2820, grads =   2.316e-05, unitary_metric = 1.00000
Error = :3.67e-02; Runtime: 74.8s; Iterations = 2840, grads =   4.586e-07, unitary_metric = 1.00000
Error = :3.67e-02; Runtime: 75.3s; Iterations = 2860, grads =   7.146e-08, unitary_metric = 1.00000
Error = :3.67e-02; Runtime: 75.8s; Iterations = 2880, grads =   7.254e-08, unitary_metric = 1.00000
Error = :3.67e-02; Runtime: 76.3s; Iterations = 2900, grads =   1.964e-08, unitary_metric = 1.00000
Error = :3.67e-02; Runtime: 76.9s; Iterations = 2920, grads =   1.838e-08, unitary_metric = 1.00000
Error = :3.67e-02; Runtime: 77.4s; Iterations = 2940, grads =   1.660e-08, unitary_metric = 1.00000
Error = :3.67e-02; Runtime: 77.9s; Iterations = 2960, grads =   1.675e-08, unitary_metric = 1.00000
Error = :3.67e-02; Runtime: 78.5s; Iterations = 2980, grads =   1.622e-08, unitary_metric = 1.00000
Error = :3.67e-02; Runtime: 79.0s; Iterations = 3000, grads =   3.238e-08, unitary_metric = 1.00000
Error = :3.67e-02; Runtime: 79.5s; Iterations = 3020, grads =   1.526e-05, unitary_metric = 1.00000
Error = :3.67e-02; Runtime: 80.0s; Iterations = 3040, grads =   9.386e-07, unitary_metric = 1.00000
Error = :3.67e-02; Runtime: 80.5s; Iterations = 3060, grads =   8.534e-07, unitary_metric = 1.00000
Error = :3.67e-02; Runtime: 81.0s; Iterations = 3080, grads =   5.655e-08, unitary_metric = 1.00000
Error = :3.67e-02; Runtime: 81.5s; Iterations = 3100, grads =   3.547e-08, unitary_metric = 1.00000
Error = :3.67e-02; Runtime: 82.1s; Iterations = 3120, grads =   1.921e-08, unitary_metric = 1.00000
Error = :3.67e-02; Runtime: 82.6s; Iterations = 3140, grads =   1.940e-08, unitary_metric = 1.00000
Error = :3.67e-02; Runtime: 83.1s; Iterations = 3160, grads =   2.046e-08, unitary_metric = 1.00000
Error = :3.67e-02; Runtime: 83.6s; Iterations = 3180, grads =   2.165e-08, unitary_metric = 1.00000
Error = :3.67e-02; Runtime: 84.1s; Iterations = 3200, grads =   2.303e-08, unitary_metric = 1.00000
Error = :3.67e-02; Runtime: 84.7s; Iterations = 3220, grads =   2.479e-08, unitary_metric = 1.00000
Error = :3.67e-02; Runtime: 85.2s; Iterations = 3240, grads =   2.536e-08, unitary_metric = 1.00000
Error = :3.67e-02; Runtime: 85.7s; Iterations = 3260, grads =   2.767e-08, unitary_metric = 1.00000
Error = :3.67e-02; Runtime: 86.2s; Iterations = 3280, grads =   4.269e-08, unitary_metric = 1.00000
Error = :3.67e-02; Runtime: 86.7s; Iterations = 3300, grads =   2.292e-07, unitary_metric = 1.00000
Error = :3.67e-02; Runtime: 87.3s; Iterations = 3320, grads =   1.297e-05, unitary_metric = 1.00000
Error = :3.66e-02; Runtime: 87.8s; Iterations = 3340, grads =   1.002e-06, unitary_metric = 1.00000
Error = :3.66e-02; Runtime: 88.3s; Iterations = 3360, grads =   2.895e-07, unitary_metric = 1.00000
Error = :3.66e-02; Runtime: 88.8s; Iterations = 3380, grads =   4.561e-08, unitary_metric = 1.00000
Error = :3.66e-02; Runtime: 89.3s; Iterations = 3400, grads =   2.929e-08, unitary_metric = 1.00000
Error = :3.66e-02; Runtime: 89.9s; Iterations = 3420, grads =   2.847e-08, unitary_metric = 1.00000
Error = :3.66e-02; Runtime: 90.4s; Iterations = 3440, grads =   2.820e-08, unitary_metric = 1.00000
Error = :3.66e-02; Runtime: 90.9s; Iterations = 3460, grads =   2.957e-08, unitary_metric = 1.00000
Error = :3.66e-02; Runtime: 91.4s; Iterations = 3480, grads =   1.050e-07, unitary_metric = 1.00000
Error = :3.66e-02; Runtime: 91.9s; Iterations = 3500, grads =   1.510e-05, unitary_metric = 1.00000
Error = :3.66e-02; Runtime: 92.5s; Iterations = 3520, grads =   3.312e-08, unitary_metric = 1.00000
Error = :3.66e-02; Runtime: 93.0s; Iterations = 3540, grads =   2.659e-08, unitary_metric = 1.00000
Error = :3.66e-02; Runtime: 93.5s; Iterations = 3560, grads =   3.308e-08, unitary_metric = 1.00000
Error = :3.66e-02; Runtime: 94.0s; Iterations = 3580, grads =   2.813e-08, unitary_metric = 1.00000
Error = :3.66e-02; Runtime: 94.5s; Iterations = 3600, grads =   2.137e-08, unitary_metric = 1.00000
Error = :3.66e-02; Runtime: 95.1s; Iterations = 3620, grads =   2.117e-08, unitary_metric = 1.00000
Error = :3.66e-02; Runtime: 95.6s; Iterations = 3640, grads =   2.004e-08, unitary_metric = 1.00000
Error = :3.66e-02; Runtime: 96.1s; Iterations = 3660, grads =   1.978e-08, unitary_metric = 1.00000
Error = :3.66e-02; Runtime: 96.6s; Iterations = 3680, grads =   2.040e-08, unitary_metric = 1.00000
Error = :3.66e-02; Runtime: 97.1s; Iterations = 3700, grads =   4.764e-08, unitary_metric = 1.00000
Error = :3.66e-02; Runtime: 97.7s; Iterations = 3720, grads =   2.321e-06, unitary_metric = 1.00000
Error = :3.66e-02; Runtime: 98.2s; Iterations = 3740, grads =   1.284e-06, unitary_metric = 1.00000
Error = :3.66e-02; Runtime: 98.7s; Iterations = 3760, grads =   6.679e-08, unitary_metric = 1.00000
Error = :3.66e-02; Runtime: 99.2s; Iterations = 3780, grads =   9.282e-08, unitary_metric = 1.00000
Error = :3.65e-02; Runtime: 99.7s; Iterations = 3800, grads =   1.635e-08, unitary_metric = 1.00000
Error = :3.65e-02; Runtime: 100.3s; Iterations = 3820, grads =   1.645e-08, unitary_metric = 1.00000
Error = :3.65e-02; Runtime: 100.8s; Iterations = 3840, grads =   1.614e-08, unitary_metric = 1.00000
Error = :3.65e-02; Runtime: 101.3s; Iterations = 3860, grads =   1.538e-08, unitary_metric = 1.00000
Error = :3.65e-02; Runtime: 101.8s; Iterations = 3880, grads =   1.559e-08, unitary_metric = 1.00000
Error = :3.65e-02; Runtime: 102.3s; Iterations = 3900, grads =   2.018e-08, unitary_metric = 1.00000
Error = :3.65e-02; Runtime: 102.9s; Iterations = 3920, grads =   8.987e-07, unitary_metric = 1.00000
Error = :3.65e-02; Runtime: 103.4s; Iterations = 3940, grads =   2.607e-08, unitary_metric = 1.00000
Error = :3.65e-02; Runtime: 103.9s; Iterations = 3960, grads =   9.310e-08, unitary_metric = 1.00000
Error = :3.65e-02; Runtime: 104.4s; Iterations = 3980, grads =   5.689e-08, unitary_metric = 1.00000
Error = :3.65e-02; Runtime: 104.9s; Iterations = 4000, grads =   3.047e-08, unitary_metric = 1.00000
Error = :3.65e-02; Runtime: 105.5s; Iterations = 4020, grads =   1.355e-08, unitary_metric = 1.00000
Error = :3.65e-02; Runtime: 106.0s; Iterations = 4040, grads =   1.350e-08, unitary_metric = 1.00000
Error = :3.65e-02; Runtime: 106.5s; Iterations = 4060, grads =   1.341e-08, unitary_metric = 1.00000
Error = :3.65e-02; Runtime: 107.0s; Iterations = 4080, grads =   1.410e-08, unitary_metric = 1.00000
Error = :3.65e-02; Runtime: 107.5s; Iterations = 4100, grads =   1.371e-08, unitary_metric = 1.00000
Error = :3.65e-02; Runtime: 108.1s; Iterations = 4120, grads =   1.957e-08, unitary_metric = 1.00000
Error = :3.65e-02; Runtime: 108.6s; Iterations = 4140, grads =   3.240e-07, unitary_metric = 1.00000
Error = :3.65e-02; Runtime: 109.1s; Iterations = 4160, grads =   7.393e-06, unitary_metric = 1.00000
Error = :3.65e-02; Runtime: 109.6s; Iterations = 4180, grads =   7.381e-07, unitary_metric = 1.00000
Error = :3.65e-02; Runtime: 110.1s; Iterations = 4200, grads =   2.005e-08, unitary_metric = 1.00000
Error = :3.65e-02; Runtime: 110.7s; Iterations = 4220, grads =   2.643e-08, unitary_metric = 1.00000
Error = :3.65e-02; Runtime: 111.2s; Iterations = 4240, grads =   1.298e-08, unitary_metric = 1.00000
Error = :3.65e-02; Runtime: 111.7s; Iterations = 4260, grads =   1.323e-08, unitary_metric = 1.00000
Error = :3.65e-02; Runtime: 112.2s; Iterations = 4280, grads =   1.279e-08, unitary_metric = 1.00000
Error = :3.65e-02; Runtime: 112.7s; Iterations = 4300, grads =   1.268e-08, unitary_metric = 1.00000
Error = :3.65e-02; Runtime: 113.3s; Iterations = 4320, grads =   1.424e-08, unitary_metric = 1.00000
Error = :3.65e-02; Runtime: 113.8s; Iterations = 4340, grads =   5.367e-08, unitary_metric = 1.00000
Error = :3.65e-02; Runtime: 114.3s; Iterations = 4360, grads =   6.595e-06, unitary_metric = 1.00000
Error = :3.65e-02; Runtime: 114.8s; Iterations = 4380, grads =   7.494e-07, unitary_metric = 1.00000
Error = :3.65e-02; Runtime: 115.3s; Iterations = 4400, grads =   1.919e-07, unitary_metric = 1.00000
Error = :3.65e-02; Runtime: 115.9s; Iterations = 4420, grads =   4.906e-08, unitary_metric = 1.00000
Error = :3.65e-02; Runtime: 116.4s; Iterations = 4440, grads =   1.213e-08, unitary_metric = 1.00000
Error = :3.65e-02; Runtime: 116.9s; Iterations = 4460, grads =   1.284e-08, unitary_metric = 1.00000
Error = :3.65e-02; Runtime: 117.4s; Iterations = 4480, grads =   1.205e-08, unitary_metric = 1.00000
Error = :3.65e-02; Runtime: 117.9s; Iterations = 4500, grads =   1.178e-08, unitary_metric = 1.00000
Error = :3.65e-02; Runtime: 118.5s; Iterations = 4520, grads =   1.158e-08, unitary_metric = 1.00000
Error = :3.65e-02; Runtime: 119.0s; Iterations = 4540, grads =   1.545e-08, unitary_metric = 1.00000
Error = :3.65e-02; Runtime: 119.5s; Iterations = 4560, grads =   6.660e-08, unitary_metric = 1.00000
Error = :3.65e-02; Runtime: 120.0s; Iterations = 4580, grads =   4.346e-06, unitary_metric = 1.00000
Error = :3.65e-02; Runtime: 120.5s; Iterations = 4600, grads =   1.340e-06, unitary_metric = 1.00000
Error = :3.65e-02; Runtime: 121.2s; Iterations = 4620, grads =   7.388e-08, unitary_metric = 1.00000
Error = :3.65e-02; Runtime: 121.7s; Iterations = 4640, grads =   2.768e-08, unitary_metric = 1.00000
Error = :3.65e-02; Runtime: 122.2s; Iterations = 4660, grads =   1.022e-08, unitary_metric = 1.00000
Error = :3.65e-02; Runtime: 122.7s; Iterations = 4680, grads =   9.994e-09, unitary_metric = 1.00000
Error = :3.65e-02; Runtime: 123.2s; Iterations = 4700, grads =   1.051e-08, unitary_metric = 1.00000
Error = :3.65e-02; Runtime: 123.8s; Iterations = 4720, grads =   1.128e-08, unitary_metric = 1.00000
Error = :3.65e-02; Runtime: 124.3s; Iterations = 4740, grads =   1.340e-08, unitary_metric = 1.00000
Error = :3.65e-02; Runtime: 124.8s; Iterations = 4760, grads =   2.546e-07, unitary_metric = 1.00000
Error = :3.65e-02; Runtime: 125.3s; Iterations = 4780, grads =   4.611e-06, unitary_metric = 1.00000
Error = :3.65e-02; Runtime: 125.8s; Iterations = 4800, grads =   1.633e-07, unitary_metric = 1.00000
Error = :3.65e-02; Runtime: 126.4s; Iterations = 4820, grads =   6.348e-08, unitary_metric = 1.00000
Error = :3.65e-02; Runtime: 126.8s; Iterations = 4840, grads =   9.329e-09, unitary_metric = 1.00000
Error = :3.65e-02; Runtime: 127.3s; Iterations = 4860, grads =   8.935e-09, unitary_metric = 1.00000
Error = :3.65e-02; Runtime: 127.8s; Iterations = 4880, grads =   8.783e-09, unitary_metric = 1.00000
Error = :3.65e-02; Runtime: 128.3s; Iterations = 4900, grads =   9.305e-09, unitary_metric = 1.00000
Error = :3.65e-02; Runtime: 128.9s; Iterations = 4920, grads =   9.492e-09, unitary_metric = 1.00000
Error = :3.65e-02; Runtime: 129.4s; Iterations = 4940, grads =   2.680e-08, unitary_metric = 1.00000
Error = :3.65e-02; Runtime: 129.9s; Iterations = 4960, grads =   1.486e-06, unitary_metric = 1.00000
Error = :3.65e-02; Runtime: 130.4s; Iterations = 4980, grads =   3.103e-07, unitary_metric = 1.00000
Error = :3.65e-02; Runtime: 130.9s; Iterations = 5000, grads =   3.003e-07, unitary_metric = 1.00000
Error = :3.65e-02; Runtime: 131.5s; Iterations = 5020, grads =   1.836e-08, unitary_metric = 1.00000
Error = :3.65e-02; Runtime: 132.0s; Iterations = 5040, grads =   1.465e-08, unitary_metric = 1.00000
Error = :3.65e-02; Runtime: 132.5s; Iterations = 5060, grads =   8.868e-09, unitary_metric = 1.00000
Error = :3.65e-02; Runtime: 133.0s; Iterations = 5080, grads =   7.698e-09, unitary_metric = 1.00000
Error = :3.65e-02; Runtime: 133.5s; Iterations = 5100, grads =   7.588e-09, unitary_metric = 1.00000
Error = :3.65e-02; Runtime: 134.1s; Iterations = 5120, grads =   9.217e-09, unitary_metric = 1.00000
Error = :3.65e-02; Runtime: 134.6s; Iterations = 5140, grads =   3.435e-08, unitary_metric = 1.00000
Error = :3.65e-02; Runtime: 135.1s; Iterations = 5160, grads =   2.015e-06, unitary_metric = 1.00000
Error = :3.65e-02; Runtime: 135.6s; Iterations = 5180, grads =   6.866e-07, unitary_metric = 1.00000
Error = :3.65e-02; Runtime: 136.1s; Iterations = 5200, grads =   1.443e-07, unitary_metric = 1.00000
Error = :3.65e-02; Runtime: 136.7s; Iterations = 5220, grads =   2.261e-08, unitary_metric = 1.00000
Error = :3.65e-02; Runtime: 137.2s; Iterations = 5240, grads =   1.235e-08, unitary_metric = 1.00000
Error = :3.65e-02; Runtime: 137.7s; Iterations = 5260, grads =   7.265e-09, unitary_metric = 1.00000
Error = :3.65e-02; Runtime: 138.2s; Iterations = 5280, grads =   6.984e-09, unitary_metric = 1.00000
Error = :3.65e-02; Runtime: 138.7s; Iterations = 5300, grads =   6.360e-09, unitary_metric = 1.00000
Error = :3.65e-02; Runtime: 139.3s; Iterations = 5320, grads =   6.947e-09, unitary_metric = 1.00000
Error = :3.65e-02; Runtime: 139.8s; Iterations = 5340, grads =   5.263e-08, unitary_metric = 1.00000
Error = :3.65e-02; Runtime: 140.3s; Iterations = 5360, grads =   3.457e-06, unitary_metric = 1.00000
Error = :3.65e-02; Runtime: 140.8s; Iterations = 5380, grads =   1.243e-06, unitary_metric = 1.00000
Error = :3.65e-02; Runtime: 141.3s; Iterations = 5400, grads =   1.777e-08, unitary_metric = 1.00000
Error = :3.65e-02; Runtime: 141.9s; Iterations = 5420, grads =   2.389e-08, unitary_metric = 1.00000
Error = :3.65e-02; Runtime: 142.4s; Iterations = 5440, grads =   8.463e-09, unitary_metric = 1.00000
Error = :3.65e-02; Runtime: 142.9s; Iterations = 5460, grads =   6.789e-09, unitary_metric = 1.00000
Error = :3.65e-02; Runtime: 143.4s; Iterations = 5480, grads =   6.327e-09, unitary_metric = 1.00000
Error = :3.65e-02; Runtime: 143.9s; Iterations = 5500, grads =   7.330e-09, unitary_metric = 1.00000
Error = :3.65e-02; Runtime: 144.5s; Iterations = 5520, grads =   1.484e-08, unitary_metric = 1.00000
Error = :3.65e-02; Runtime: 145.0s; Iterations = 5540, grads =   3.909e-07, unitary_metric = 1.00000
Error = :3.66e-02; Runtime: 145.5s; Iterations = 5560, grads =   1.945e-06, unitary_metric = 1.00000
Error = :3.66e-02; Runtime: 146.0s; Iterations = 5580, grads =   3.929e-07, unitary_metric = 1.00000
Error = :3.66e-02; Runtime: 146.5s; Iterations = 5600, grads =   1.389e-08, unitary_metric = 1.00000
Error = :3.66e-02; Runtime: 147.1s; Iterations = 5620, grads =   1.718e-08, unitary_metric = 1.00000
Error = :3.66e-02; Runtime: 147.6s; Iterations = 5640, grads =   1.299e-08, unitary_metric = 1.00000
Error = :3.66e-02; Runtime: 148.1s; Iterations = 5660, grads =   1.434e-08, unitary_metric = 1.00000
Error = :3.66e-02; Runtime: 148.6s; Iterations = 5680, grads =   1.260e-08, unitary_metric = 1.00000
Error = :3.66e-02; Runtime: 149.1s; Iterations = 5700, grads =   1.568e-08, unitary_metric = 1.00000
Error = :3.66e-02; Runtime: 149.7s; Iterations = 5720, grads =   1.972e-07, unitary_metric = 1.00000
Error = :3.66e-02; Runtime: 150.2s; Iterations = 5740, grads =   4.494e-06, unitary_metric = 1.00000
Error = :3.66e-02; Runtime: 150.7s; Iterations = 5760, grads =   2.544e-07, unitary_metric = 1.00000
Error = :3.66e-02; Runtime: 151.2s; Iterations = 5780, grads =   2.519e-08, unitary_metric = 1.00000
Error = :3.66e-02; Runtime: 151.7s; Iterations = 5800, grads =   1.891e-08, unitary_metric = 1.00000
Error = :3.66e-02; Runtime: 152.3s; Iterations = 5820, grads =   1.432e-08, unitary_metric = 1.00000
Error = :3.66e-02; Runtime: 152.8s; Iterations = 5840, grads =   1.318e-08, unitary_metric = 1.00000
Error = :3.66e-02; Runtime: 153.3s; Iterations = 5860, grads =   1.314e-08, unitary_metric = 1.00000
Error = :3.66e-02; Runtime: 153.8s; Iterations = 5880, grads =   1.313e-08, unitary_metric = 1.00000
Error = :3.66e-02; Runtime: 154.3s; Iterations = 5900, grads =   1.841e-08, unitary_metric = 1.00000
Error = :3.66e-02; Runtime: 154.9s; Iterations = 5920, grads =   6.154e-07, unitary_metric = 1.00000
Error = :3.66e-02; Runtime: 155.4s; Iterations = 5940, grads =   1.273e-07, unitary_metric = 1.00000
Error = :3.67e-02; Runtime: 155.9s; Iterations = 5960, grads =   5.398e-08, unitary_metric = 1.00000
Error = :3.67e-02; Runtime: 156.4s; Iterations = 5980, grads =   4.848e-08, unitary_metric = 1.00000
Error = :3.67e-02; Runtime: 156.9s; Iterations = 6000, grads =   2.213e-08, unitary_metric = 1.00000
data saved at: /project/ftchong/qoc/pranav/00020_27_block90.h5


trying total_time: 5.6 for unitary of size (4, 4)
data saved at: /project/ftchong/qoc/pranav/00021_27_block90.h5
Using 6 Taylor terms and 1 Scaling & Squaring terms
Building graph:
Propagators initialized.
Operators weight initialized.
Intermediate propagation variables initialized.
Intermediate propagators initialized.
Vectors initialized.
Training loss initialized.
Optimizer initialized.
Utilities initialized.
Graph built!
Initialized
Error = :7.65e-01; Runtime: 0.2s; Iterations = 0, grads =   4.027e-02, unitary_metric = 1.00000
Error = :5.11e-01; Runtime: 1.2s; Iterations = 20, grads =   1.112e-02, unitary_metric = 1.00000
Error = :5.04e-01; Runtime: 1.9s; Iterations = 40, grads =   2.117e-03, unitary_metric = 1.00000
Error = :5.00e-01; Runtime: 2.7s; Iterations = 60, grads =   3.558e-05, unitary_metric = 1.00000
Error = :4.97e-01; Runtime: 3.4s; Iterations = 80, grads =   1.267e-04, unitary_metric = 1.00000
Error = :4.08e-01; Runtime: 4.1s; Iterations = 100, grads =   4.535e-03, unitary_metric = 1.00000
Error = :1.39e-01; Runtime: 5.0s; Iterations = 120, grads =   4.866e-03, unitary_metric = 1.00000
Error = :8.89e-03; Runtime: 5.8s; Iterations = 140, grads =   4.276e-04, unitary_metric = 1.00000
Error = :9.78e-04; Runtime: 6.2s; Iterations = 152, grads =   6.993e-05, unitary_metric = 1.00000
data saved at: /project/ftchong/qoc/pranav/00021_27_block90.h5


trying total_time: 4.65 for unitary of size (4, 4)
data saved at: /project/ftchong/qoc/pranav/00022_27_block90.h5
Using 6 Taylor terms and 1 Scaling & Squaring terms
Building graph:
Propagators initialized.
Operators weight initialized.
Intermediate propagation variables initialized.
Intermediate propagators initialized.
Vectors initialized.
Training loss initialized.
Optimizer initialized.
Utilities initialized.
Graph built!
Initialized
Error = :7.69e-01; Runtime: 0.1s; Iterations = 0, grads =   5.634e-02, unitary_metric = 1.00000
Error = :5.26e-01; Runtime: 1.0s; Iterations = 20, grads =   4.461e-03, unitary_metric = 1.00000
Error = :5.02e-01; Runtime: 1.6s; Iterations = 40, grads =   2.969e-04, unitary_metric = 1.00000
Error = :5.00e-01; Runtime: 2.3s; Iterations = 60, grads =   1.221e-04, unitary_metric = 1.00000
Error = :5.00e-01; Runtime: 2.9s; Iterations = 80, grads =   2.645e-05, unitary_metric = 1.00000
Error = :5.00e-01; Runtime: 3.5s; Iterations = 100, grads =   1.383e-06, unitary_metric = 1.00000
Error = :5.00e-01; Runtime: 4.2s; Iterations = 120, grads =   6.904e-07, unitary_metric = 1.00000
Error = :5.00e-01; Runtime: 4.8s; Iterations = 140, grads =   3.401e-06, unitary_metric = 1.00000
Error = :4.97e-01; Runtime: 5.4s; Iterations = 160, grads =   1.034e-04, unitary_metric = 1.00000
Error = :3.92e-01; Runtime: 6.1s; Iterations = 180, grads =   2.662e-03, unitary_metric = 1.00000
Error = :1.83e-01; Runtime: 6.7s; Iterations = 200, grads =   2.106e-03, unitary_metric = 1.00000
Error = :6.81e-02; Runtime: 7.6s; Iterations = 220, grads =   7.109e-04, unitary_metric = 1.00000
Error = :2.44e-02; Runtime: 8.2s; Iterations = 240, grads =   1.914e-04, unitary_metric = 1.00000
Error = :1.29e-02; Runtime: 8.8s; Iterations = 260, grads =   5.506e-05, unitary_metric = 1.00000
Error = :8.25e-03; Runtime: 9.4s; Iterations = 280, grads =   2.434e-05, unitary_metric = 1.00000
Error = :5.66e-03; Runtime: 10.0s; Iterations = 300, grads =   1.429e-05, unitary_metric = 1.00000
Error = :4.01e-03; Runtime: 10.8s; Iterations = 320, grads =   9.220e-06, unitary_metric = 1.00000
Error = :2.90e-03; Runtime: 11.4s; Iterations = 340, grads =   6.221e-06, unitary_metric = 1.00000
Error = :2.13e-03; Runtime: 12.0s; Iterations = 360, grads =   4.287e-06, unitary_metric = 1.00000
Error = :1.59e-03; Runtime: 12.6s; Iterations = 380, grads =   3.013e-06, unitary_metric = 1.00000
Error = :1.20e-03; Runtime: 13.3s; Iterations = 400, grads =   2.152e-06, unitary_metric = 1.00000
Error = :9.97e-04; Runtime: 13.8s; Iterations = 414, grads =   1.716e-06, unitary_metric = 1.00000
data saved at: /project/ftchong/qoc/pranav/00022_27_block90.h5


trying total_time: 4.2 for unitary of size (4, 4)
data saved at: /project/ftchong/qoc/pranav/00023_27_block90.h5
Using 6 Taylor terms and 1 Scaling & Squaring terms
Building graph:
Propagators initialized.
Operators weight initialized.
Intermediate propagation variables initialized.
Intermediate propagators initialized.
Vectors initialized.
Training loss initialized.
Optimizer initialized.
Utilities initialized.
Graph built!
Initialized
Error = :7.67e-01; Runtime: 0.1s; Iterations = 0, grads =   3.622e-02, unitary_metric = 1.00000
Error = :5.42e-01; Runtime: 0.9s; Iterations = 20, grads =   7.175e-03, unitary_metric = 1.00000
Error = :5.00e-01; Runtime: 1.5s; Iterations = 40, grads =   3.614e-04, unitary_metric = 1.00000
Error = :5.01e-01; Runtime: 2.1s; Iterations = 60, grads =   1.070e-04, unitary_metric = 1.00000
Error = :5.00e-01; Runtime: 2.6s; Iterations = 80, grads =   1.527e-05, unitary_metric = 1.00000
Error = :5.00e-01; Runtime: 3.2s; Iterations = 100, grads =   1.266e-06, unitary_metric = 1.00000
Error = :5.00e-01; Runtime: 3.9s; Iterations = 120, grads =   1.334e-07, unitary_metric = 1.00000
Error = :5.00e-01; Runtime: 4.5s; Iterations = 140, grads =   3.396e-08, unitary_metric = 1.00000
Error = :5.00e-01; Runtime: 5.0s; Iterations = 160, grads =   9.181e-09, unitary_metric = 1.00000
Error = :5.00e-01; Runtime: 5.6s; Iterations = 180, grads =   1.696e-08, unitary_metric = 1.00000
Error = :5.00e-01; Runtime: 6.2s; Iterations = 200, grads =   4.889e-08, unitary_metric = 1.00000
Error = :5.00e-01; Runtime: 6.8s; Iterations = 220, grads =   1.992e-07, unitary_metric = 1.00000
Error = :5.00e-01; Runtime: 7.4s; Iterations = 240, grads =   1.449e-06, unitary_metric = 1.00000
Error = :4.98e-01; Runtime: 7.9s; Iterations = 260, grads =   4.417e-05, unitary_metric = 1.00000
Error = :4.15e-01; Runtime: 8.5s; Iterations = 280, grads =   1.221e-03, unitary_metric = 1.00000
Error = :2.58e-01; Runtime: 9.1s; Iterations = 300, grads =   1.572e-03, unitary_metric = 1.00000
Error = :1.21e-01; Runtime: 9.7s; Iterations = 320, grads =   7.787e-04, unitary_metric = 1.00000
Error = :6.06e-02; Runtime: 10.3s; Iterations = 340, grads =   1.834e-04, unitary_metric = 1.00000
Error = :3.94e-02; Runtime: 10.8s; Iterations = 360, grads =   7.523e-05, unitary_metric = 1.00000
Error = :2.92e-02; Runtime: 11.4s; Iterations = 380, grads =   4.230e-05, unitary_metric = 1.00000
Error = :2.34e-02; Runtime: 11.9s; Iterations = 400, grads =   2.553e-05, unitary_metric = 1.00000
Error = :1.98e-02; Runtime: 12.6s; Iterations = 420, grads =   1.652e-05, unitary_metric = 1.00000
Error = :1.75e-02; Runtime: 13.2s; Iterations = 440, grads =   1.162e-05, unitary_metric = 1.00000
Error = :1.58e-02; Runtime: 13.7s; Iterations = 460, grads =   8.678e-06, unitary_metric = 1.00000
Error = :1.44e-02; Runtime: 14.3s; Iterations = 480, grads =   6.731e-06, unitary_metric = 1.00000
Error = :1.34e-02; Runtime: 14.8s; Iterations = 500, grads =   5.352e-06, unitary_metric = 1.00000
Error = :1.26e-02; Runtime: 15.5s; Iterations = 520, grads =   4.329e-06, unitary_metric = 1.00000
Error = :1.19e-02; Runtime: 16.0s; Iterations = 540, grads =   3.541e-06, unitary_metric = 1.00000
Error = :1.14e-02; Runtime: 16.6s; Iterations = 560, grads =   2.922e-06, unitary_metric = 1.00000
Error = :1.09e-02; Runtime: 17.1s; Iterations = 580, grads =   2.440e-06, unitary_metric = 1.00000
Error = :1.05e-02; Runtime: 17.7s; Iterations = 600, grads =   2.066e-06, unitary_metric = 1.00000
Error = :1.02e-02; Runtime: 18.4s; Iterations = 620, grads =   1.776e-06, unitary_metric = 1.00000
Error = :9.93e-03; Runtime: 18.9s; Iterations = 640, grads =   1.550e-06, unitary_metric = 1.00000
Error = :9.66e-03; Runtime: 19.5s; Iterations = 660, grads =   1.376e-06, unitary_metric = 1.00000
Error = :9.42e-03; Runtime: 20.0s; Iterations = 680, grads =   1.241e-06, unitary_metric = 1.00000
Error = :9.18e-03; Runtime: 20.6s; Iterations = 700, grads =   1.136e-06, unitary_metric = 1.00000
Error = :8.96e-03; Runtime: 21.2s; Iterations = 720, grads =   1.049e-06, unitary_metric = 1.00000
Error = :8.75e-03; Runtime: 21.8s; Iterations = 740, grads =   9.709e-07, unitary_metric = 1.00000
Error = :8.56e-03; Runtime: 22.3s; Iterations = 760, grads =   8.915e-07, unitary_metric = 1.00000
Error = :8.38e-03; Runtime: 22.9s; Iterations = 780, grads =   8.080e-07, unitary_metric = 1.00000
Error = :8.22e-03; Runtime: 23.5s; Iterations = 800, grads =   7.230e-07, unitary_metric = 1.00000
Error = :8.08e-03; Runtime: 24.1s; Iterations = 820, grads =   6.425e-07, unitary_metric = 1.00000
Error = :7.96e-03; Runtime: 24.7s; Iterations = 840, grads =   5.709e-07, unitary_metric = 1.00000
Error = :7.86e-03; Runtime: 25.2s; Iterations = 860, grads =   5.100e-07, unitary_metric = 1.00000
Error = :7.76e-03; Runtime: 25.8s; Iterations = 880, grads =   4.591e-07, unitary_metric = 1.00000
Error = :7.68e-03; Runtime: 26.3s; Iterations = 900, grads =   4.168e-07, unitary_metric = 1.00000
Error = :7.60e-03; Runtime: 27.0s; Iterations = 920, grads =   3.813e-07, unitary_metric = 1.00000
Error = :7.53e-03; Runtime: 27.5s; Iterations = 940, grads =   3.511e-07, unitary_metric = 1.00000
Error = :7.47e-03; Runtime: 28.1s; Iterations = 960, grads =   3.251e-07, unitary_metric = 1.00000
Error = :7.41e-03; Runtime: 28.7s; Iterations = 980, grads =   3.023e-07, unitary_metric = 1.00000
Error = :7.35e-03; Runtime: 29.2s; Iterations = 1000, grads =   2.822e-07, unitary_metric = 1.00000
Error = :7.30e-03; Runtime: 29.9s; Iterations = 1020, grads =   2.641e-07, unitary_metric = 1.00000
Error = :7.25e-03; Runtime: 30.4s; Iterations = 1040, grads =   2.478e-07, unitary_metric = 1.00000
Error = :7.21e-03; Runtime: 31.0s; Iterations = 1060, grads =   2.329e-07, unitary_metric = 1.00000
Error = :7.17e-03; Runtime: 31.5s; Iterations = 1080, grads =   2.195e-07, unitary_metric = 1.00000
Error = :7.13e-03; Runtime: 32.1s; Iterations = 1100, grads =   2.072e-07, unitary_metric = 1.00000
Error = :7.09e-03; Runtime: 32.7s; Iterations = 1120, grads =   1.962e-07, unitary_metric = 1.00000
Error = :7.06e-03; Runtime: 33.3s; Iterations = 1140, grads =   1.862e-07, unitary_metric = 1.00000
Error = :7.03e-03; Runtime: 33.8s; Iterations = 1160, grads =   1.772e-07, unitary_metric = 1.00000
Error = :7.00e-03; Runtime: 34.4s; Iterations = 1180, grads =   1.692e-07, unitary_metric = 1.00000
Error = :6.98e-03; Runtime: 35.0s; Iterations = 1200, grads =   1.620e-07, unitary_metric = 1.00000
Error = :6.95e-03; Runtime: 35.6s; Iterations = 1220, grads =   1.557e-07, unitary_metric = 1.00000
Error = :6.93e-03; Runtime: 36.2s; Iterations = 1240, grads =   1.501e-07, unitary_metric = 1.00000
Error = :6.91e-03; Runtime: 36.7s; Iterations = 1260, grads =   1.452e-07, unitary_metric = 1.00000
Error = :6.89e-03; Runtime: 37.3s; Iterations = 1280, grads =   1.409e-07, unitary_metric = 1.00000
Error = :6.87e-03; Runtime: 37.8s; Iterations = 1300, grads =   1.372e-07, unitary_metric = 1.00000
Error = :6.85e-03; Runtime: 38.5s; Iterations = 1320, grads =   1.340e-07, unitary_metric = 1.00000
Error = :6.83e-03; Runtime: 39.0s; Iterations = 1340, grads =   1.315e-07, unitary_metric = 1.00000
Error = :6.82e-03; Runtime: 39.6s; Iterations = 1360, grads =   1.295e-07, unitary_metric = 1.00000
Error = :6.80e-03; Runtime: 40.1s; Iterations = 1380, grads =   1.284e-07, unitary_metric = 1.00000
Error = :6.79e-03; Runtime: 40.7s; Iterations = 1400, grads =   1.285e-07, unitary_metric = 1.00000
Error = :6.78e-03; Runtime: 41.4s; Iterations = 1420, grads =   1.301e-07, unitary_metric = 1.00000
Error = :6.77e-03; Runtime: 41.9s; Iterations = 1440, grads =   1.338e-07, unitary_metric = 1.00000
Error = :6.76e-03; Runtime: 42.5s; Iterations = 1460, grads =   1.398e-07, unitary_metric = 1.00000
Error = :6.76e-03; Runtime: 43.0s; Iterations = 1480, grads =   1.488e-07, unitary_metric = 1.00000
Error = :6.75e-03; Runtime: 43.6s; Iterations = 1500, grads =   1.607e-07, unitary_metric = 1.00000
Error = :6.75e-03; Runtime: 44.2s; Iterations = 1520, grads =   1.756e-07, unitary_metric = 1.00000
Error = :6.75e-03; Runtime: 44.8s; Iterations = 1540, grads =   1.929e-07, unitary_metric = 1.00000
Error = :6.75e-03; Runtime: 45.4s; Iterations = 1560, grads =   2.119e-07, unitary_metric = 1.00000
Error = :6.76e-03; Runtime: 45.9s; Iterations = 1580, grads =   2.325e-07, unitary_metric = 1.00000
Error = :6.76e-03; Runtime: 46.5s; Iterations = 1600, grads =   2.557e-07, unitary_metric = 1.00000
Error = :6.77e-03; Runtime: 47.2s; Iterations = 1620, grads =   2.844e-07, unitary_metric = 1.00000
Error = :6.78e-03; Runtime: 47.7s; Iterations = 1640, grads =   3.212e-07, unitary_metric = 1.00000
Error = :6.77e-03; Runtime: 48.3s; Iterations = 1660, grads =   3.631e-07, unitary_metric = 1.00000
Error = :6.75e-03; Runtime: 48.9s; Iterations = 1680, grads =   3.953e-07, unitary_metric = 1.00000
Error = :6.71e-03; Runtime: 49.4s; Iterations = 1700, grads =   3.972e-07, unitary_metric = 1.00000
Error = :6.65e-03; Runtime: 50.1s; Iterations = 1720, grads =   3.630e-07, unitary_metric = 1.00000
Error = :6.59e-03; Runtime: 50.6s; Iterations = 1740, grads =   3.093e-07, unitary_metric = 1.00000
Error = :6.54e-03; Runtime: 51.2s; Iterations = 1760, grads =   2.573e-07, unitary_metric = 1.00000
Error = :6.50e-03; Runtime: 51.7s; Iterations = 1780, grads =   2.173e-07, unitary_metric = 1.00000
Error = :6.47e-03; Runtime: 52.3s; Iterations = 1800, grads =   1.896e-07, unitary_metric = 1.00000
Error = :6.45e-03; Runtime: 53.0s; Iterations = 1820, grads =   1.717e-07, unitary_metric = 1.00000
Error = :6.45e-03; Runtime: 53.6s; Iterations = 1840, grads =   1.615e-07, unitary_metric = 1.00000
Error = :6.45e-03; Runtime: 54.1s; Iterations = 1860, grads =   1.599e-07, unitary_metric = 1.00000
Error = :6.46e-03; Runtime: 54.7s; Iterations = 1880, grads =   1.687e-07, unitary_metric = 1.00000
Error = :6.48e-03; Runtime: 55.2s; Iterations = 1900, grads =   1.896e-07, unitary_metric = 1.00000
Error = :6.49e-03; Runtime: 55.9s; Iterations = 1920, grads =   2.160e-07, unitary_metric = 1.00000
Error = :6.48e-03; Runtime: 56.5s; Iterations = 1940, grads =   2.287e-07, unitary_metric = 1.00000
Error = :6.45e-03; Runtime: 57.1s; Iterations = 1960, grads =   2.133e-07, unitary_metric = 1.00000
Error = :6.41e-03; Runtime: 57.6s; Iterations = 1980, grads =   1.831e-07, unitary_metric = 1.00000
Error = :6.37e-03; Runtime: 58.2s; Iterations = 2000, grads =   1.562e-07, unitary_metric = 1.00000
Error = :6.33e-03; Runtime: 59.1s; Iterations = 2020, grads =   1.367e-07, unitary_metric = 1.00000
Error = :6.30e-03; Runtime: 59.6s; Iterations = 2040, grads =   1.221e-07, unitary_metric = 1.00000
Error = :6.28e-03; Runtime: 60.2s; Iterations = 2060, grads =   1.105e-07, unitary_metric = 1.00000
Error = :6.25e-03; Runtime: 60.8s; Iterations = 2080, grads =   1.009e-07, unitary_metric = 1.00000
Error = :6.23e-03; Runtime: 61.4s; Iterations = 2100, grads =   9.271e-08, unitary_metric = 1.00000
Error = :6.21e-03; Runtime: 62.0s; Iterations = 2120, grads =   8.560e-08, unitary_metric = 1.00000
Error = :6.19e-03; Runtime: 62.6s; Iterations = 2140, grads =   7.937e-08, unitary_metric = 1.00000
Error = :6.18e-03; Runtime: 63.2s; Iterations = 2160, grads =   7.390e-08, unitary_metric = 1.00000
Error = :6.16e-03; Runtime: 63.7s; Iterations = 2180, grads =   6.899e-08, unitary_metric = 1.00000
Error = :6.15e-03; Runtime: 64.3s; Iterations = 2200, grads =   6.465e-08, unitary_metric = 1.00000
Error = :6.13e-03; Runtime: 64.9s; Iterations = 2220, grads =   6.067e-08, unitary_metric = 1.00000
Error = :6.12e-03; Runtime: 65.5s; Iterations = 2240, grads =   5.704e-08, unitary_metric = 1.00000
Error = :6.11e-03; Runtime: 66.1s; Iterations = 2260, grads =   5.379e-08, unitary_metric = 1.00000
Error = :6.10e-03; Runtime: 66.6s; Iterations = 2280, grads =   5.079e-08, unitary_metric = 1.00000
Error = :6.09e-03; Runtime: 67.2s; Iterations = 2300, grads =   4.808e-08, unitary_metric = 1.00000
Error = :6.08e-03; Runtime: 67.9s; Iterations = 2320, grads =   4.557e-08, unitary_metric = 1.00000
Error = :6.07e-03; Runtime: 68.4s; Iterations = 2340, grads =   4.318e-08, unitary_metric = 1.00000
Error = :6.06e-03; Runtime: 69.0s; Iterations = 2360, grads =   4.108e-08, unitary_metric = 1.00000
Error = :6.05e-03; Runtime: 69.6s; Iterations = 2380, grads =   3.906e-08, unitary_metric = 1.00000
Error = :6.04e-03; Runtime: 70.1s; Iterations = 2400, grads =   3.718e-08, unitary_metric = 1.00000
Error = :6.04e-03; Runtime: 70.8s; Iterations = 2420, grads =   3.546e-08, unitary_metric = 1.00000
Error = :6.03e-03; Runtime: 71.4s; Iterations = 2440, grads =   3.386e-08, unitary_metric = 1.00000
Error = :6.02e-03; Runtime: 71.9s; Iterations = 2460, grads =   3.237e-08, unitary_metric = 1.00000
Error = :6.02e-03; Runtime: 72.5s; Iterations = 2480, grads =   3.097e-08, unitary_metric = 1.00000
Error = :6.01e-03; Runtime: 73.0s; Iterations = 2500, grads =   2.971e-08, unitary_metric = 1.00000
Error = :6.00e-03; Runtime: 73.7s; Iterations = 2520, grads =   2.845e-08, unitary_metric = 1.00000
Error = :6.00e-03; Runtime: 74.3s; Iterations = 2540, grads =   2.732e-08, unitary_metric = 1.00000
Error = :5.99e-03; Runtime: 74.8s; Iterations = 2560, grads =   2.630e-08, unitary_metric = 1.00000
Error = :5.99e-03; Runtime: 75.4s; Iterations = 2580, grads =   2.525e-08, unitary_metric = 1.00000
Error = :5.98e-03; Runtime: 75.9s; Iterations = 2600, grads =   2.432e-08, unitary_metric = 1.00000
Error = :5.98e-03; Runtime: 76.6s; Iterations = 2620, grads =   2.344e-08, unitary_metric = 1.00000
Error = :5.97e-03; Runtime: 77.2s; Iterations = 2640, grads =   2.265e-08, unitary_metric = 1.00000
Error = :5.97e-03; Runtime: 77.7s; Iterations = 2660, grads =   2.184e-08, unitary_metric = 1.00000
Error = :5.96e-03; Runtime: 78.3s; Iterations = 2680, grads =   2.111e-08, unitary_metric = 1.00000
Error = :5.96e-03; Runtime: 78.9s; Iterations = 2700, grads =   2.042e-08, unitary_metric = 1.00000
Error = :5.96e-03; Runtime: 79.5s; Iterations = 2720, grads =   1.982e-08, unitary_metric = 1.00000
Error = :5.95e-03; Runtime: 80.1s; Iterations = 2740, grads =   1.920e-08, unitary_metric = 1.00000
Error = :5.95e-03; Runtime: 80.6s; Iterations = 2760, grads =   1.863e-08, unitary_metric = 1.00000
Error = :5.95e-03; Runtime: 81.1s; Iterations = 2780, grads =   1.820e-08, unitary_metric = 1.00000
Error = :5.94e-03; Runtime: 81.7s; Iterations = 2800, grads =   1.754e-08, unitary_metric = 1.00000
Error = :5.94e-03; Runtime: 82.3s; Iterations = 2820, grads =   1.701e-08, unitary_metric = 1.00000
Error = :5.94e-03; Runtime: 82.9s; Iterations = 2840, grads =   1.664e-08, unitary_metric = 1.00000
Error = :5.93e-03; Runtime: 83.4s; Iterations = 2860, grads =   1.615e-08, unitary_metric = 1.00000
Error = :5.93e-03; Runtime: 83.9s; Iterations = 2880, grads =   1.593e-08, unitary_metric = 1.00000
Error = :5.93e-03; Runtime: 84.5s; Iterations = 2900, grads =   1.658e-08, unitary_metric = 1.00000
Error = :5.92e-03; Runtime: 85.1s; Iterations = 2920, grads =   2.371e-08, unitary_metric = 1.00000
Error = :5.92e-03; Runtime: 85.6s; Iterations = 2940, grads =   3.645e-07, unitary_metric = 1.00000
Error = :5.92e-03; Runtime: 86.2s; Iterations = 2960, grads =   2.348e-05, unitary_metric = 1.00000
Error = :5.92e-03; Runtime: 86.7s; Iterations = 2980, grads =   2.120e-07, unitary_metric = 1.00000
Error = :5.91e-03; Runtime: 87.2s; Iterations = 3000, grads =   4.334e-07, unitary_metric = 1.00000
Error = :5.91e-03; Runtime: 87.9s; Iterations = 3020, grads =   2.167e-08, unitary_metric = 1.00000
Error = :5.91e-03; Runtime: 88.4s; Iterations = 3040, grads =   2.423e-08, unitary_metric = 1.00000
Error = :5.91e-03; Runtime: 88.9s; Iterations = 3060, grads =   1.343e-08, unitary_metric = 1.00000
Error = :5.90e-03; Runtime: 89.5s; Iterations = 3080, grads =   1.272e-08, unitary_metric = 1.00000
Error = :5.90e-03; Runtime: 90.0s; Iterations = 3100, grads =   1.454e-08, unitary_metric = 1.00000
Error = :5.90e-03; Runtime: 90.7s; Iterations = 3120, grads =   2.127e-08, unitary_metric = 1.00000
Error = :5.90e-03; Runtime: 91.2s; Iterations = 3140, grads =   1.360e-07, unitary_metric = 1.00000
Error = :5.90e-03; Runtime: 91.7s; Iterations = 3160, grads =   6.869e-06, unitary_metric = 1.00000
Error = :5.89e-03; Runtime: 92.3s; Iterations = 3180, grads =   2.935e-06, unitary_metric = 1.00000
Error = :5.89e-03; Runtime: 92.8s; Iterations = 3200, grads =   2.033e-07, unitary_metric = 1.00000
Error = :5.89e-03; Runtime: 93.5s; Iterations = 3220, grads =   5.365e-08, unitary_metric = 1.00000
Error = :5.89e-03; Runtime: 94.0s; Iterations = 3240, grads =   2.252e-08, unitary_metric = 1.00000
Error = :5.89e-03; Runtime: 94.6s; Iterations = 3260, grads =   1.061e-08, unitary_metric = 1.00000
Error = :5.89e-03; Runtime: 95.1s; Iterations = 3280, grads =   1.046e-08, unitary_metric = 1.00000
Error = :5.88e-03; Runtime: 95.7s; Iterations = 3300, grads =   1.002e-08, unitary_metric = 1.00000
Error = :5.88e-03; Runtime: 96.3s; Iterations = 3320, grads =   1.987e-08, unitary_metric = 1.00000
Error = :5.88e-03; Runtime: 96.9s; Iterations = 3340, grads =   5.646e-07, unitary_metric = 1.00000
Error = :5.88e-03; Runtime: 97.4s; Iterations = 3360, grads =   1.499e-05, unitary_metric = 1.00000
Error = :5.88e-03; Runtime: 98.0s; Iterations = 3380, grads =   2.581e-08, unitary_metric = 1.00000
Error = :5.88e-03; Runtime: 98.5s; Iterations = 3400, grads =   2.301e-07, unitary_metric = 1.00000
Error = :5.87e-03; Runtime: 99.1s; Iterations = 3420, grads =   9.172e-09, unitary_metric = 1.00000
Error = :5.87e-03; Runtime: 99.7s; Iterations = 3440, grads =   9.601e-09, unitary_metric = 1.00000
Error = :5.87e-03; Runtime: 100.2s; Iterations = 3460, grads =   8.487e-09, unitary_metric = 1.00000
Error = :5.87e-03; Runtime: 100.7s; Iterations = 3480, grads =   8.312e-09, unitary_metric = 1.00000
Error = :5.87e-03; Runtime: 101.3s; Iterations = 3500, grads =   8.498e-09, unitary_metric = 1.00000
Error = :5.87e-03; Runtime: 101.9s; Iterations = 3520, grads =   8.845e-09, unitary_metric = 1.00000
Error = :5.87e-03; Runtime: 102.5s; Iterations = 3540, grads =   4.162e-08, unitary_metric = 1.00000
Error = :5.87e-03; Runtime: 103.0s; Iterations = 3560, grads =   6.373e-06, unitary_metric = 1.00000
Error = :5.86e-03; Runtime: 103.5s; Iterations = 3580, grads =   5.060e-06, unitary_metric = 1.00000
Error = :5.86e-03; Runtime: 104.1s; Iterations = 3600, grads =   6.526e-08, unitary_metric = 1.00000
Error = :5.86e-03; Runtime: 104.7s; Iterations = 3620, grads =   9.168e-08, unitary_metric = 1.00000
Error = :5.86e-03; Runtime: 105.3s; Iterations = 3640, grads =   9.041e-09, unitary_metric = 1.00000
Error = :5.86e-03; Runtime: 105.8s; Iterations = 3660, grads =   9.283e-09, unitary_metric = 1.00000
Error = :5.86e-03; Runtime: 106.3s; Iterations = 3680, grads =   7.864e-09, unitary_metric = 1.00000
Error = :5.86e-03; Runtime: 106.9s; Iterations = 3700, grads =   7.407e-09, unitary_metric = 1.00000
Error = :5.86e-03; Runtime: 107.5s; Iterations = 3720, grads =   7.537e-09, unitary_metric = 1.00000
Error = :5.86e-03; Runtime: 108.0s; Iterations = 3740, grads =   7.885e-09, unitary_metric = 1.00000
Error = :5.85e-03; Runtime: 108.6s; Iterations = 3760, grads =   3.413e-08, unitary_metric = 1.00000
Error = :5.85e-03; Runtime: 109.1s; Iterations = 3780, grads =   4.635e-06, unitary_metric = 1.00000
Error = :5.85e-03; Runtime: 109.6s; Iterations = 3800, grads =   4.444e-06, unitary_metric = 1.00000
Error = :5.85e-03; Runtime: 110.3s; Iterations = 3820, grads =   1.409e-07, unitary_metric = 1.00000
Error = :5.85e-03; Runtime: 110.8s; Iterations = 3840, grads =   1.686e-08, unitary_metric = 1.00000
Error = :5.85e-03; Runtime: 111.3s; Iterations = 3860, grads =   2.736e-08, unitary_metric = 1.00000
Error = :5.85e-03; Runtime: 111.9s; Iterations = 3880, grads =   6.873e-09, unitary_metric = 1.00000
Error = :5.85e-03; Runtime: 112.5s; Iterations = 3900, grads =   6.295e-09, unitary_metric = 1.00000
Error = :5.85e-03; Runtime: 113.3s; Iterations = 3920, grads =   5.933e-09, unitary_metric = 1.00000
Error = :5.84e-03; Runtime: 113.9s; Iterations = 3940, grads =   5.737e-09, unitary_metric = 1.00000
Error = :5.84e-03; Runtime: 114.5s; Iterations = 3960, grads =   5.793e-09, unitary_metric = 1.00000
Error = :5.84e-03; Runtime: 115.1s; Iterations = 3980, grads =   5.657e-09, unitary_metric = 1.00000
Error = :5.84e-03; Runtime: 115.7s; Iterations = 4000, grads =   6.192e-09, unitary_metric = 1.00000
Error = :5.84e-03; Runtime: 116.4s; Iterations = 4020, grads =   7.124e-08, unitary_metric = 1.00000
Error = :5.85e-03; Runtime: 117.0s; Iterations = 4040, grads =   1.297e-05, unitary_metric = 1.00000
Error = :5.84e-03; Runtime: 117.6s; Iterations = 4060, grads =   4.808e-06, unitary_metric = 1.00000
Error = :5.84e-03; Runtime: 118.3s; Iterations = 4080, grads =   7.193e-07, unitary_metric = 1.00000
Error = :5.84e-03; Runtime: 118.9s; Iterations = 4100, grads =   1.063e-07, unitary_metric = 1.00000
Error = :5.84e-03; Runtime: 119.6s; Iterations = 4120, grads =   9.636e-09, unitary_metric = 1.00000
Error = :5.84e-03; Runtime: 120.2s; Iterations = 4140, grads =   6.565e-09, unitary_metric = 1.00000
Error = :5.84e-03; Runtime: 120.8s; Iterations = 4160, grads =   4.994e-09, unitary_metric = 1.00000
Error = :5.84e-03; Runtime: 121.4s; Iterations = 4180, grads =   4.876e-09, unitary_metric = 1.00000
Error = :5.84e-03; Runtime: 122.0s; Iterations = 4200, grads =   4.813e-09, unitary_metric = 1.00000
Error = :5.83e-03; Runtime: 122.8s; Iterations = 4220, grads =   5.641e-09, unitary_metric = 1.00000
Error = :5.83e-03; Runtime: 123.4s; Iterations = 4240, grads =   4.713e-09, unitary_metric = 1.00000
Error = :5.83e-03; Runtime: 124.0s; Iterations = 4260, grads =   6.423e-09, unitary_metric = 1.00000
Error = :5.83e-03; Runtime: 124.6s; Iterations = 4280, grads =   7.487e-08, unitary_metric = 1.00000
Error = :5.84e-03; Runtime: 125.2s; Iterations = 4300, grads =   1.085e-05, unitary_metric = 1.00000
Error = :5.83e-03; Runtime: 125.8s; Iterations = 4320, grads =   4.017e-06, unitary_metric = 1.00000
Error = :5.83e-03; Runtime: 126.4s; Iterations = 4340, grads =   5.276e-07, unitary_metric = 1.00000
Error = :5.83e-03; Runtime: 127.0s; Iterations = 4360, grads =   1.743e-08, unitary_metric = 1.00000
Error = :5.83e-03; Runtime: 127.6s; Iterations = 4380, grads =   1.033e-08, unitary_metric = 1.00000
Error = :5.83e-03; Runtime: 128.2s; Iterations = 4400, grads =   4.384e-09, unitary_metric = 1.00000
Error = :5.83e-03; Runtime: 128.9s; Iterations = 4420, grads =   4.687e-09, unitary_metric = 1.00000
Error = :5.83e-03; Runtime: 129.5s; Iterations = 4440, grads =   5.243e-09, unitary_metric = 1.00000
Error = :5.83e-03; Runtime: 130.1s; Iterations = 4460, grads =   4.622e-09, unitary_metric = 1.00000
Error = :5.83e-03; Runtime: 130.7s; Iterations = 4480, grads =   4.506e-09, unitary_metric = 1.00000
Error = :5.83e-03; Runtime: 131.2s; Iterations = 4500, grads =   5.993e-09, unitary_metric = 1.00000
Error = :5.82e-03; Runtime: 131.9s; Iterations = 4520, grads =   9.190e-08, unitary_metric = 1.00000
Error = :5.83e-03; Runtime: 132.5s; Iterations = 4540, grads =   1.137e-05, unitary_metric = 1.00000
Error = :5.82e-03; Runtime: 133.1s; Iterations = 4560, grads =   2.206e-06, unitary_metric = 1.00000
Error = :5.82e-03; Runtime: 133.7s; Iterations = 4580, grads =   3.847e-07, unitary_metric = 1.00000
Error = :5.82e-03; Runtime: 134.2s; Iterations = 4600, grads =   8.382e-09, unitary_metric = 1.00000
Error = :5.82e-03; Runtime: 134.9s; Iterations = 4620, grads =   8.571e-09, unitary_metric = 1.00000
Error = :5.82e-03; Runtime: 135.5s; Iterations = 4640, grads =   3.906e-09, unitary_metric = 1.00000
Error = :5.82e-03; Runtime: 136.1s; Iterations = 4660, grads =   3.690e-09, unitary_metric = 1.00000
Error = :5.82e-03; Runtime: 136.6s; Iterations = 4680, grads =   3.864e-09, unitary_metric = 1.00000
Error = :5.82e-03; Runtime: 137.2s; Iterations = 4700, grads =   3.838e-09, unitary_metric = 1.00000
Error = :5.82e-03; Runtime: 137.9s; Iterations = 4720, grads =   6.640e-09, unitary_metric = 1.00000
Error = :5.82e-03; Runtime: 138.4s; Iterations = 4740, grads =   5.763e-08, unitary_metric = 1.00000
Error = :5.82e-03; Runtime: 139.0s; Iterations = 4760, grads =   3.581e-06, unitary_metric = 1.00000
Error = :5.82e-03; Runtime: 139.6s; Iterations = 4780, grads =   1.129e-06, unitary_metric = 1.00000
Error = :5.82e-03; Runtime: 140.2s; Iterations = 4800, grads =   2.328e-07, unitary_metric = 1.00000
Error = :5.82e-03; Runtime: 140.9s; Iterations = 4820, grads =   1.385e-08, unitary_metric = 1.00000
Error = :5.82e-03; Runtime: 141.5s; Iterations = 4840, grads =   9.441e-09, unitary_metric = 1.00000
Error = :5.82e-03; Runtime: 142.1s; Iterations = 4860, grads =   4.369e-09, unitary_metric = 1.00000
Error = :5.81e-03; Runtime: 142.7s; Iterations = 4880, grads =   3.426e-09, unitary_metric = 1.00000
Error = :5.82e-03; Runtime: 143.3s; Iterations = 4900, grads =   3.489e-09, unitary_metric = 1.00000
Error = :5.81e-03; Runtime: 144.0s; Iterations = 4920, grads =   3.830e-09, unitary_metric = 1.00000
Error = :5.81e-03; Runtime: 144.6s; Iterations = 4940, grads =   1.364e-08, unitary_metric = 1.00000
Error = :5.82e-03; Runtime: 145.1s; Iterations = 4960, grads =   1.417e-06, unitary_metric = 1.00000
Error = :5.81e-03; Runtime: 145.7s; Iterations = 4980, grads =   4.734e-07, unitary_metric = 1.00000
Error = :5.81e-03; Runtime: 146.3s; Iterations = 5000, grads =   1.824e-08, unitary_metric = 1.00000
Error = :5.81e-03; Runtime: 147.0s; Iterations = 5020, grads =   3.807e-08, unitary_metric = 1.00000
Error = :5.81e-03; Runtime: 147.6s; Iterations = 5040, grads =   1.534e-08, unitary_metric = 1.00000
Error = :5.81e-03; Runtime: 148.2s; Iterations = 5060, grads =   3.381e-09, unitary_metric = 1.00000
Error = :5.81e-03; Runtime: 148.8s; Iterations = 5080, grads =   3.166e-09, unitary_metric = 1.00000
Error = :5.81e-03; Runtime: 149.4s; Iterations = 5100, grads =   3.226e-09, unitary_metric = 1.00000
Error = :5.81e-03; Runtime: 150.1s; Iterations = 5120, grads =   3.033e-09, unitary_metric = 1.00000
Error = :5.81e-03; Runtime: 150.6s; Iterations = 5140, grads =   3.261e-09, unitary_metric = 1.00000
Error = :5.81e-03; Runtime: 151.2s; Iterations = 5160, grads =   3.036e-09, unitary_metric = 1.00000
Error = :5.81e-03; Runtime: 151.8s; Iterations = 5180, grads =   4.134e-09, unitary_metric = 1.00000
Error = :5.81e-03; Runtime: 152.4s; Iterations = 5200, grads =   4.414e-08, unitary_metric = 1.00000
Error = :5.81e-03; Runtime: 153.1s; Iterations = 5220, grads =   5.445e-06, unitary_metric = 1.00000
Error = :5.81e-03; Runtime: 153.7s; Iterations = 5240, grads =   2.195e-06, unitary_metric = 1.00000
Error = :5.81e-03; Runtime: 154.3s; Iterations = 5260, grads =   2.080e-07, unitary_metric = 1.00000
Error = :5.81e-03; Runtime: 154.9s; Iterations = 5280, grads =   6.570e-09, unitary_metric = 1.00000
Error = :5.81e-03; Runtime: 155.5s; Iterations = 5300, grads =   8.628e-09, unitary_metric = 1.00000
Error = :5.81e-03; Runtime: 156.1s; Iterations = 5320, grads =   2.777e-09, unitary_metric = 1.00000
Error = :5.81e-03; Runtime: 156.7s; Iterations = 5340, grads =   2.714e-09, unitary_metric = 1.00000
Error = :5.81e-03; Runtime: 157.3s; Iterations = 5360, grads =   2.805e-09, unitary_metric = 1.00000
Error = :5.81e-03; Runtime: 157.9s; Iterations = 5380, grads =   2.928e-09, unitary_metric = 1.00000
Error = :5.80e-03; Runtime: 158.5s; Iterations = 5400, grads =   3.502e-09, unitary_metric = 1.00000
Error = :5.80e-03; Runtime: 159.2s; Iterations = 5420, grads =   4.601e-09, unitary_metric = 1.00000
Error = :5.80e-03; Runtime: 159.8s; Iterations = 5440, grads =   1.105e-07, unitary_metric = 1.00000
Error = :5.81e-03; Runtime: 160.3s; Iterations = 5460, grads =   9.578e-06, unitary_metric = 1.00000
Error = :5.80e-03; Runtime: 160.9s; Iterations = 5480, grads =   5.103e-08, unitary_metric = 1.00000
Error = :5.80e-03; Runtime: 161.5s; Iterations = 5500, grads =   2.969e-08, unitary_metric = 1.00000
Error = :5.80e-03; Runtime: 162.2s; Iterations = 5520, grads =   2.222e-08, unitary_metric = 1.00000
Error = :5.80e-03; Runtime: 162.8s; Iterations = 5540, grads =   2.815e-09, unitary_metric = 1.00000
Error = :5.80e-03; Runtime: 163.4s; Iterations = 5560, grads =   3.313e-09, unitary_metric = 1.00000
Error = :5.80e-03; Runtime: 164.0s; Iterations = 5580, grads =   2.644e-09, unitary_metric = 1.00000
Error = :5.80e-03; Runtime: 164.6s; Iterations = 5600, grads =   2.555e-09, unitary_metric = 1.00000
Error = :5.80e-03; Runtime: 165.2s; Iterations = 5620, grads =   4.097e-09, unitary_metric = 1.00000
Error = :5.80e-03; Runtime: 165.8s; Iterations = 5640, grads =   3.827e-09, unitary_metric = 1.00000
Error = :5.80e-03; Runtime: 166.4s; Iterations = 5660, grads =   8.476e-09, unitary_metric = 1.00000
Error = :5.80e-03; Runtime: 167.0s; Iterations = 5680, grads =   2.648e-07, unitary_metric = 1.00000
Error = :5.80e-03; Runtime: 167.6s; Iterations = 5700, grads =   4.445e-06, unitary_metric = 1.00000
Error = :5.80e-03; Runtime: 168.3s; Iterations = 5720, grads =   1.154e-07, unitary_metric = 1.00000
Error = :5.80e-03; Runtime: 168.9s; Iterations = 5740, grads =   5.075e-08, unitary_metric = 1.00000
Error = :5.80e-03; Runtime: 169.4s; Iterations = 5760, grads =   3.171e-09, unitary_metric = 1.00000
Error = :5.80e-03; Runtime: 170.0s; Iterations = 5780, grads =   2.832e-09, unitary_metric = 1.00000
Error = :5.80e-03; Runtime: 170.6s; Iterations = 5800, grads =   3.444e-09, unitary_metric = 1.00000
Error = :5.80e-03; Runtime: 171.3s; Iterations = 5820, grads =   2.703e-09, unitary_metric = 1.00000
Error = :5.80e-03; Runtime: 171.8s; Iterations = 5840, grads =   2.896e-09, unitary_metric = 1.00000
Error = :5.80e-03; Runtime: 172.4s; Iterations = 5860, grads =   3.827e-09, unitary_metric = 1.00000
Error = :5.80e-03; Runtime: 173.0s; Iterations = 5880, grads =   1.727e-08, unitary_metric = 1.00000
Error = :5.80e-03; Runtime: 173.6s; Iterations = 5900, grads =   2.259e-06, unitary_metric = 1.00000
Error = :5.80e-03; Runtime: 174.2s; Iterations = 5920, grads =   1.555e-06, unitary_metric = 1.00000
Error = :5.80e-03; Runtime: 174.8s; Iterations = 5940, grads =   7.141e-08, unitary_metric = 1.00000
Error = :5.80e-03; Runtime: 175.4s; Iterations = 5960, grads =   1.170e-08, unitary_metric = 1.00000
Error = :5.79e-03; Runtime: 176.0s; Iterations = 5980, grads =   5.784e-09, unitary_metric = 1.00000
Error = :5.80e-03; Runtime: 176.5s; Iterations = 6000, grads =   2.535e-09, unitary_metric = 1.00000
data saved at: /project/ftchong/qoc/pranav/00023_27_block90.h5


trying total_time: 4.4 for unitary of size (4, 4)
data saved at: /project/ftchong/qoc/pranav/00024_27_block90.h5
Using 6 Taylor terms and 1 Scaling & Squaring terms
Building graph:
Propagators initialized.
Operators weight initialized.
Intermediate propagation variables initialized.
Intermediate propagators initialized.
Vectors initialized.
Training loss initialized.
Optimizer initialized.
Utilities initialized.
Graph built!
Initialized
Error = :7.57e-01; Runtime: 0.1s; Iterations = 0, grads =   8.079e-02, unitary_metric = 1.00000
Error = :5.22e-01; Runtime: 1.0s; Iterations = 20, grads =   8.150e-03, unitary_metric = 1.00000
Error = :5.02e-01; Runtime: 1.6s; Iterations = 40, grads =   5.205e-04, unitary_metric = 1.00000
Error = :5.00e-01; Runtime: 2.2s; Iterations = 60, grads =   8.979e-05, unitary_metric = 1.00000
Error = :5.00e-01; Runtime: 2.8s; Iterations = 80, grads =   1.493e-05, unitary_metric = 1.00000
Error = :5.00e-01; Runtime: 3.4s; Iterations = 100, grads =   4.265e-06, unitary_metric = 1.00000
Error = :5.00e-01; Runtime: 4.1s; Iterations = 120, grads =   5.167e-07, unitary_metric = 1.00000
Error = :5.00e-01; Runtime: 4.7s; Iterations = 140, grads =   1.462e-07, unitary_metric = 1.00000
Error = :5.00e-01; Runtime: 5.3s; Iterations = 160, grads =   2.573e-07, unitary_metric = 1.00000
Error = :5.00e-01; Runtime: 5.9s; Iterations = 180, grads =   8.078e-07, unitary_metric = 1.00000
Error = :5.00e-01; Runtime: 6.5s; Iterations = 200, grads =   3.605e-06, unitary_metric = 1.00000
Error = :4.98e-01; Runtime: 7.2s; Iterations = 220, grads =   3.088e-05, unitary_metric = 1.00000
Error = :4.80e-01; Runtime: 7.8s; Iterations = 240, grads =   8.474e-04, unitary_metric = 1.00000
Error = :3.11e-01; Runtime: 8.4s; Iterations = 260, grads =   1.872e-03, unitary_metric = 1.00000
Error = :1.67e-01; Runtime: 9.0s; Iterations = 280, grads =   9.812e-04, unitary_metric = 1.00000
Error = :8.56e-02; Runtime: 9.6s; Iterations = 300, grads =   3.817e-04, unitary_metric = 1.00000
Error = :4.19e-02; Runtime: 10.4s; Iterations = 320, grads =   1.779e-04, unitary_metric = 1.00000
Error = :2.31e-02; Runtime: 11.0s; Iterations = 340, grads =   6.495e-05, unitary_metric = 1.00000
Error = :1.61e-02; Runtime: 11.6s; Iterations = 360, grads =   3.318e-05, unitary_metric = 1.00000
Error = :1.24e-02; Runtime: 12.2s; Iterations = 380, grads =   2.015e-05, unitary_metric = 1.00000
Error = :1.02e-02; Runtime: 12.8s; Iterations = 400, grads =   1.351e-05, unitary_metric = 1.00000
Error = :8.68e-03; Runtime: 13.5s; Iterations = 420, grads =   9.766e-06, unitary_metric = 1.00000
Error = :7.55e-03; Runtime: 14.1s; Iterations = 440, grads =   7.447e-06, unitary_metric = 1.00000
Error = :6.66e-03; Runtime: 14.7s; Iterations = 460, grads =   5.850e-06, unitary_metric = 1.00000
Error = :5.96e-03; Runtime: 15.4s; Iterations = 480, grads =   4.678e-06, unitary_metric = 1.00000
Error = :5.40e-03; Runtime: 16.0s; Iterations = 500, grads =   3.807e-06, unitary_metric = 1.00000
Error = :4.95e-03; Runtime: 16.7s; Iterations = 520, grads =   3.163e-06, unitary_metric = 1.00000
Error = :4.58e-03; Runtime: 17.3s; Iterations = 540, grads =   2.676e-06, unitary_metric = 1.00000
Error = :4.25e-03; Runtime: 17.9s; Iterations = 560, grads =   2.299e-06, unitary_metric = 1.00000
Error = :3.95e-03; Runtime: 18.5s; Iterations = 580, grads =   2.038e-06, unitary_metric = 1.00000
Error = :3.67e-03; Runtime: 19.1s; Iterations = 600, grads =   1.828e-06, unitary_metric = 1.00000
Error = :3.41e-03; Runtime: 19.8s; Iterations = 620, grads =   1.635e-06, unitary_metric = 1.00000
Error = :3.18e-03; Runtime: 20.4s; Iterations = 640, grads =   1.449e-06, unitary_metric = 1.00000
Error = :2.99e-03; Runtime: 21.0s; Iterations = 660, grads =   1.273e-06, unitary_metric = 1.00000
Error = :2.83e-03; Runtime: 21.6s; Iterations = 680, grads =   1.117e-06, unitary_metric = 1.00000
Error = :2.70e-03; Runtime: 22.2s; Iterations = 700, grads =   9.851e-07, unitary_metric = 1.00000
Error = :2.58e-03; Runtime: 22.9s; Iterations = 720, grads =   8.759e-07, unitary_metric = 1.00000
Error = :2.48e-03; Runtime: 23.5s; Iterations = 740, grads =   7.840e-07, unitary_metric = 1.00000
Error = :2.38e-03; Runtime: 24.1s; Iterations = 760, grads =   7.053e-07, unitary_metric = 1.00000
Error = :2.30e-03; Runtime: 24.7s; Iterations = 780, grads =   6.368e-07, unitary_metric = 1.00000
Error = :2.22e-03; Runtime: 25.3s; Iterations = 800, grads =   5.770e-07, unitary_metric = 1.00000
Error = :2.15e-03; Runtime: 26.0s; Iterations = 820, grads =   5.252e-07, unitary_metric = 1.00000
Error = :2.08e-03; Runtime: 26.6s; Iterations = 840, grads =   4.807e-07, unitary_metric = 1.00000
Error = :2.03e-03; Runtime: 27.2s; Iterations = 860, grads =   4.432e-07, unitary_metric = 1.00000
Error = :1.97e-03; Runtime: 27.8s; Iterations = 880, grads =   4.124e-07, unitary_metric = 1.00000
Error = :1.92e-03; Runtime: 28.4s; Iterations = 900, grads =   3.879e-07, unitary_metric = 1.00000
Error = :1.88e-03; Runtime: 29.1s; Iterations = 920, grads =   3.690e-07, unitary_metric = 1.00000
Error = :1.83e-03; Runtime: 29.7s; Iterations = 940, grads =   3.543e-07, unitary_metric = 1.00000
Error = :1.79e-03; Runtime: 30.3s; Iterations = 960, grads =   3.431e-07, unitary_metric = 1.00000
Error = :1.75e-03; Runtime: 31.0s; Iterations = 980, grads =   3.339e-07, unitary_metric = 1.00000
Error = :1.71e-03; Runtime: 31.6s; Iterations = 1000, grads =   3.257e-07, unitary_metric = 1.00000
Error = :1.67e-03; Runtime: 32.3s; Iterations = 1020, grads =   3.171e-07, unitary_metric = 1.00000
Error = :1.63e-03; Runtime: 32.9s; Iterations = 1040, grads =   3.068e-07, unitary_metric = 1.00000
Error = :1.58e-03; Runtime: 33.5s; Iterations = 1060, grads =   2.935e-07, unitary_metric = 1.00000
Error = :1.54e-03; Runtime: 34.1s; Iterations = 1080, grads =   2.774e-07, unitary_metric = 1.00000
Error = :1.49e-03; Runtime: 34.7s; Iterations = 1100, grads =   2.593e-07, unitary_metric = 1.00000
Error = :1.45e-03; Runtime: 35.4s; Iterations = 1120, grads =   2.404e-07, unitary_metric = 1.00000
Error = :1.41e-03; Runtime: 36.0s; Iterations = 1140, grads =   2.217e-07, unitary_metric = 1.00000
Error = :1.38e-03; Runtime: 36.6s; Iterations = 1160, grads =   2.042e-07, unitary_metric = 1.00000
Error = :1.34e-03; Runtime: 37.2s; Iterations = 1180, grads =   1.883e-07, unitary_metric = 1.00000
Error = :1.31e-03; Runtime: 37.8s; Iterations = 1200, grads =   1.739e-07, unitary_metric = 1.00000
Error = :1.28e-03; Runtime: 38.5s; Iterations = 1220, grads =   1.612e-07, unitary_metric = 1.00000
Error = :1.26e-03; Runtime: 39.1s; Iterations = 1240, grads =   1.498e-07, unitary_metric = 1.00000
Error = :1.24e-03; Runtime: 39.7s; Iterations = 1260, grads =   1.398e-07, unitary_metric = 1.00000
Error = :1.21e-03; Runtime: 40.3s; Iterations = 1280, grads =   1.308e-07, unitary_metric = 1.00000
Error = :1.19e-03; Runtime: 40.9s; Iterations = 1300, grads =   1.227e-07, unitary_metric = 1.00000
Error = :1.18e-03; Runtime: 41.6s; Iterations = 1320, grads =   1.154e-07, unitary_metric = 1.00000
Error = :1.16e-03; Runtime: 42.2s; Iterations = 1340, grads =   1.088e-07, unitary_metric = 1.00000
Error = :1.14e-03; Runtime: 42.8s; Iterations = 1360, grads =   1.029e-07, unitary_metric = 1.00000
Error = :1.13e-03; Runtime: 43.4s; Iterations = 1380, grads =   9.742e-08, unitary_metric = 1.00000
Error = :1.11e-03; Runtime: 44.0s; Iterations = 1400, grads =   9.242e-08, unitary_metric = 1.00000
Error = :1.10e-03; Runtime: 44.7s; Iterations = 1420, grads =   8.783e-08, unitary_metric = 1.00000
Error = :1.08e-03; Runtime: 45.3s; Iterations = 1440, grads =   8.360e-08, unitary_metric = 1.00000
Error = :1.07e-03; Runtime: 46.0s; Iterations = 1460, grads =   7.964e-08, unitary_metric = 1.00000
Error = :1.06e-03; Runtime: 46.6s; Iterations = 1480, grads =   7.601e-08, unitary_metric = 1.00000
Error = :1.05e-03; Runtime: 47.2s; Iterations = 1500, grads =   7.258e-08, unitary_metric = 1.00000
Error = :1.04e-03; Runtime: 47.9s; Iterations = 1520, grads =   6.944e-08, unitary_metric = 1.00000
Error = :1.03e-03; Runtime: 48.5s; Iterations = 1540, grads =   6.645e-08, unitary_metric = 1.00000
Error = :1.02e-03; Runtime: 49.1s; Iterations = 1560, grads =   6.367e-08, unitary_metric = 1.00000
Error = :1.01e-03; Runtime: 49.7s; Iterations = 1580, grads =   6.107e-08, unitary_metric = 1.00000
Error = :9.99e-04; Runtime: 50.0s; Iterations = 1591, grads =   5.967e-08, unitary_metric = 1.00000
data saved at: /project/ftchong/qoc/pranav/00024_27_block90.h5


^^^SHORTEST TIME was 4.4
