Running Block:  59


trying total_time: 10.0 for unitary of size (4, 4)
data saved at: /project/ftchong/qoc/pranav/00000_31_beh2_slice_59.h5
Using 6 Taylor terms and 1 Scaling & Squaring terms
Building graph:
Propagators initialized.
Operators weight initialized.
Intermediate propagation variables initialized.
Intermediate propagators initialized.
Vectors initialized.
Training loss initialized.
Optimizer initialized.
Utilities initialized.
Graph built!
Initialized
Error = :9.83e-02; Runtime: 0.3s; Iterations = 0, grads =   1.903e+00, unitary_metric = 1.00000
Error = :5.79e-03; Runtime: 2.0s; Iterations = 20, grads =   1.209e-01, unitary_metric = 1.00000
Error = :9.99e-04; Runtime: 3.3s; Iterations = 39, grads =   2.136e-02, unitary_metric = 1.00000
data saved at: /project/ftchong/qoc/pranav/00000_31_beh2_slice_59.h5


trying total_time: 5.0 for unitary of size (4, 4)
data saved at: /project/ftchong/qoc/pranav/00001_31_beh2_slice_59.h5
Using 6 Taylor terms and 1 Scaling & Squaring terms
Building graph:
Propagators initialized.
Operators weight initialized.
Intermediate propagation variables initialized.
Intermediate propagators initialized.
Vectors initialized.
Training loss initialized.
Optimizer initialized.
Utilities initialized.
Graph built!
Initialized
Error = :4.05e-01; Runtime: 0.3s; Iterations = 0, grads =   2.527e+00, unitary_metric = 1.00000
Error = :1.60e-03; Runtime: 1.2s; Iterations = 20, grads =   1.727e-02, unitary_metric = 1.00000
Error = :4.37e-04; Runtime: 1.5s; Iterations = 28, grads =   4.695e-03, unitary_metric = 1.00000
data saved at: /project/ftchong/qoc/pranav/00001_31_beh2_slice_59.h5


trying total_time: 2.5 for unitary of size (4, 4)
data saved at: /project/ftchong/qoc/pranav/00002_31_beh2_slice_59.h5
Using 6 Taylor terms and 1 Scaling & Squaring terms
Building graph:
Propagators initialized.
Operators weight initialized.
Intermediate propagation variables initialized.
Intermediate propagators initialized.
Vectors initialized.
Training loss initialized.
Optimizer initialized.
Utilities initialized.
Graph built!
Initialized
Error = :1.50e-01; Runtime: 0.1s; Iterations = 0, grads =   6.439e-01, unitary_metric = 1.00000
Error = :3.45e-03; Runtime: 0.6s; Iterations = 20, grads =   1.744e-02, unitary_metric = 1.00000
Error = :5.76e-04; Runtime: 0.9s; Iterations = 37, grads =   2.500e-03, unitary_metric = 1.00000
data saved at: /project/ftchong/qoc/pranav/00002_31_beh2_slice_59.h5


trying total_time: 1.25 for unitary of size (4, 4)
data saved at: /project/ftchong/qoc/pranav/00003_31_beh2_slice_59.h5
Using 6 Taylor terms and 1 Scaling & Squaring terms
Building graph:
Propagators initialized.
Operators weight initialized.
Intermediate propagation variables initialized.
Intermediate propagators initialized.
Vectors initialized.
Training loss initialized.
Optimizer initialized.
Utilities initialized.
Graph built!
Initialized
Error = :5.55e-02; Runtime: 0.1s; Iterations = 0, grads =   1.364e-01, unitary_metric = 1.00000
Error = :2.06e-03; Runtime: 0.4s; Iterations = 20, grads =   5.089e-03, unitary_metric = 1.00000
Error = :8.66e-04; Runtime: 0.4s; Iterations = 24, grads =   2.026e-03, unitary_metric = 1.00000
data saved at: /project/ftchong/qoc/pranav/00003_31_beh2_slice_59.h5


trying total_time: 0.6 for unitary of size (4, 4)
data saved at: /project/ftchong/qoc/pranav/00004_31_beh2_slice_59.h5
Using 7 Taylor terms and 0 Scaling & Squaring terms
Building graph:
Propagators initialized.
Operators weight initialized.
Intermediate propagation variables initialized.
Intermediate propagators initialized.
Vectors initialized.
Training loss initialized.
Optimizer initialized.
Utilities initialized.
Graph built!
Initialized
Error = :7.66e-02; Runtime: 0.0s; Iterations = 0, grads =   8.538e-02, unitary_metric = 1.00000
Error = :5.68e-03; Runtime: 0.2s; Iterations = 20, grads =   6.980e-03, unitary_metric = 1.00000
Error = :5.88e-04; Runtime: 0.3s; Iterations = 27, grads =   7.078e-04, unitary_metric = 1.00000
data saved at: /project/ftchong/qoc/pranav/00004_31_beh2_slice_59.h5


trying total_time: 0.3 for unitary of size (4, 4)
data saved at: /project/ftchong/qoc/pranav/00005_31_beh2_slice_59.h5
Using 5 Taylor terms and 1 Scaling & Squaring terms
Building graph:
Propagators initialized.
Operators weight initialized.
Intermediate propagation variables initialized.
Intermediate propagators initialized.
Vectors initialized.
Training loss initialized.
Optimizer initialized.
Utilities initialized.
Graph built!
Initialized
Error = :6.74e-02; Runtime: 0.0s; Iterations = 0, grads =   3.273e-02, unitary_metric = 1.00000
Error = :6.52e-04; Runtime: 0.2s; Iterations = 20, grads =   3.411e-04, unitary_metric = 1.00000
data saved at: /project/ftchong/qoc/pranav/00005_31_beh2_slice_59.h5


trying total_time: 40.0 for unitary of size (16, 16)
data saved at: /project/ftchong/qoc/pranav/00006_31_beh2_slice_59.h5
Using 5 Taylor terms and 4 Scaling & Squaring terms
Building graph:
Propagators initialized.
Operators weight initialized.
Intermediate propagation variables initialized.
Intermediate propagators initialized.
Vectors initialized.
Training loss initialized.
Optimizer initialized.
Utilities initialized.
Graph built!
Initialized
Error = :8.53e-01; Runtime: 1.3s; Iterations = 0, grads =   3.295e+00, unitary_metric = 1.00031
Error = :2.65e-01; Runtime: 18.4s; Iterations = 20, grads =   1.188e+01, unitary_metric = 1.00031
Error = :2.32e-02; Runtime: 33.2s; Iterations = 40, grads =   1.494e+00, unitary_metric = 1.00031
Error = :5.72e-03; Runtime: 48.1s; Iterations = 60, grads =   3.352e-01, unitary_metric = 1.00032
Error = :1.26e-03; Runtime: 62.9s; Iterations = 80, grads =   5.303e-02, unitary_metric = 1.00031
Error = :8.39e-04; Runtime: 64.4s; Iterations = 82, grads =   1.711e-02, unitary_metric = 1.00031
data saved at: /project/ftchong/qoc/pranav/00006_31_beh2_slice_59.h5


trying total_time: 20.0 for unitary of size (16, 16)
data saved at: /project/ftchong/qoc/pranav/00007_31_beh2_slice_59.h5
Using 7 Taylor terms and 2 Scaling & Squaring terms
Building graph:
Propagators initialized.
Operators weight initialized.
Intermediate propagation variables initialized.
Intermediate propagators initialized.
Vectors initialized.
Training loss initialized.
Optimizer initialized.
Utilities initialized.
Graph built!
Initialized
Error = :7.58e-01; Runtime: 0.6s; Iterations = 0, grads =   2.601e+00, unitary_metric = 1.00001
Error = :6.43e-02; Runtime: 9.0s; Iterations = 20, grads =   1.764e+00, unitary_metric = 1.00001
Error = :5.22e-03; Runtime: 16.3s; Iterations = 40, grads =   1.751e-01, unitary_metric = 1.00001
Error = :1.46e-03; Runtime: 23.5s; Iterations = 60, grads =   2.616e-02, unitary_metric = 1.00000
Error = :9.57e-04; Runtime: 26.4s; Iterations = 68, grads =   5.660e-03, unitary_metric = 1.00000
data saved at: /project/ftchong/qoc/pranav/00007_31_beh2_slice_59.h5


trying total_time: 10.0 for unitary of size (16, 16)
data saved at: /project/ftchong/qoc/pranav/00008_31_beh2_slice_59.h5
Using 7 Taylor terms and 2 Scaling & Squaring terms
Building graph:
Propagators initialized.
Operators weight initialized.
Intermediate propagation variables initialized.
Intermediate propagators initialized.
Vectors initialized.
Training loss initialized.
Optimizer initialized.
Utilities initialized.
Graph built!
Initialized
Error = :8.91e-01; Runtime: 0.3s; Iterations = 0, grads =   9.725e-01, unitary_metric = 1.00000
Error = :3.28e-02; Runtime: 4.4s; Iterations = 20, grads =   2.027e-01, unitary_metric = 1.00000
Error = :9.80e-03; Runtime: 7.9s; Iterations = 40, grads =   8.487e-02, unitary_metric = 1.00000
Error = :1.99e-03; Runtime: 11.4s; Iterations = 60, grads =   9.319e-03, unitary_metric = 1.00000
Error = :9.81e-04; Runtime: 14.4s; Iterations = 77, grads =   1.115e-03, unitary_metric = 1.00000
data saved at: /project/ftchong/qoc/pranav/00008_31_beh2_slice_59.h5


trying total_time: 5.0 for unitary of size (16, 16)
data saved at: /project/ftchong/qoc/pranav/00009_31_beh2_slice_59.h5
Using 7 Taylor terms and 2 Scaling & Squaring terms
Building graph:
Propagators initialized.
Operators weight initialized.
Intermediate propagation variables initialized.
Intermediate propagators initialized.
Vectors initialized.
Training loss initialized.
Optimizer initialized.
Utilities initialized.
Graph built!
Initialized
Error = :9.38e-01; Runtime: 0.2s; Iterations = 0, grads =   2.375e-01, unitary_metric = 1.00000
Error = :1.30e-01; Runtime: 2.3s; Iterations = 20, grads =   1.790e-01, unitary_metric = 1.00000
Error = :5.41e-03; Runtime: 4.0s; Iterations = 40, grads =   1.020e-02, unitary_metric = 1.00000
Error = :1.74e-03; Runtime: 5.8s; Iterations = 60, grads =   2.040e-03, unitary_metric = 1.00000
Error = :9.32e-04; Runtime: 6.5s; Iterations = 68, grads =   3.522e-04, unitary_metric = 1.00000
data saved at: /project/ftchong/qoc/pranav/00009_31_beh2_slice_59.h5


trying total_time: 2.5 for unitary of size (16, 16)
data saved at: /project/ftchong/qoc/pranav/00010_31_beh2_slice_59.h5
Using 8 Taylor terms and 1 Scaling & Squaring terms
Building graph:
Propagators initialized.
Operators weight initialized.
Intermediate propagation variables initialized.
Intermediate propagators initialized.
Vectors initialized.
Training loss initialized.
Optimizer initialized.
Utilities initialized.
Graph built!
Initialized
Error = :7.48e-01; Runtime: 0.1s; Iterations = 0, grads =   2.951e-01, unitary_metric = 1.00000
Error = :3.17e-01; Runtime: 1.2s; Iterations = 20, grads =   2.669e-02, unitary_metric = 1.00000
Error = :1.03e-01; Runtime: 2.1s; Iterations = 40, grads =   8.015e-03, unitary_metric = 1.00000
Error = :1.76e-02; Runtime: 3.0s; Iterations = 60, grads =   1.338e-03, unitary_metric = 1.00000
Error = :1.68e-03; Runtime: 3.9s; Iterations = 80, grads =   1.249e-04, unitary_metric = 1.00000
Error = :9.71e-04; Runtime: 4.2s; Iterations = 88, grads =   6.512e-05, unitary_metric = 1.00000
data saved at: /project/ftchong/qoc/pranav/00010_31_beh2_slice_59.h5


trying total_time: 1.25 for unitary of size (16, 16)
data saved at: /project/ftchong/qoc/pranav/00011_31_beh2_slice_59.h5
Using 6 Taylor terms and 2 Scaling & Squaring terms
Building graph:
Propagators initialized.
Operators weight initialized.
Intermediate propagation variables initialized.
Intermediate propagators initialized.
Vectors initialized.
Training loss initialized.
Optimizer initialized.
Utilities initialized.
Graph built!
Initialized
Error = :8.99e-01; Runtime: 0.1s; Iterations = 0, grads =   1.112e-01, unitary_metric = 1.00000
Error = :4.02e-01; Runtime: 0.7s; Iterations = 20, grads =   7.984e-03, unitary_metric = 1.00000
Error = :3.00e-01; Runtime: 1.1s; Iterations = 40, grads =   9.935e-03, unitary_metric = 1.00000
Error = :1.94e-01; Runtime: 1.6s; Iterations = 60, grads =   7.802e-03, unitary_metric = 1.00000
Error = :1.13e-01; Runtime: 2.0s; Iterations = 80, grads =   3.123e-03, unitary_metric = 1.00000
Error = :6.97e-02; Runtime: 2.4s; Iterations = 100, grads =   1.350e-03, unitary_metric = 1.00000
Error = :4.57e-02; Runtime: 3.0s; Iterations = 120, grads =   7.262e-04, unitary_metric = 1.00000
Error = :3.19e-02; Runtime: 3.4s; Iterations = 140, grads =   4.206e-04, unitary_metric = 1.00000
Error = :2.37e-02; Runtime: 3.8s; Iterations = 160, grads =   2.588e-04, unitary_metric = 1.00000
Error = :1.85e-02; Runtime: 4.3s; Iterations = 180, grads =   1.681e-04, unitary_metric = 1.00000
Error = :1.50e-02; Runtime: 4.7s; Iterations = 200, grads =   1.150e-04, unitary_metric = 1.00000
Error = :1.25e-02; Runtime: 5.2s; Iterations = 220, grads =   8.172e-05, unitary_metric = 1.00000
Error = :1.08e-02; Runtime: 5.7s; Iterations = 240, grads =   6.003e-05, unitary_metric = 1.00000
Error = :9.42e-03; Runtime: 6.1s; Iterations = 260, grads =   4.536e-05, unitary_metric = 1.00000
Error = :8.40e-03; Runtime: 6.6s; Iterations = 280, grads =   3.511e-05, unitary_metric = 1.00000
Error = :7.60e-03; Runtime: 7.0s; Iterations = 300, grads =   2.815e-05, unitary_metric = 1.00000
Error = :6.98e-03; Runtime: 7.5s; Iterations = 320, grads =   4.495e-05, unitary_metric = 1.00000
Error = :6.46e-03; Runtime: 8.0s; Iterations = 340, grads =   2.150e-05, unitary_metric = 1.00000
Error = :6.03e-03; Runtime: 8.4s; Iterations = 360, grads =   1.557e-05, unitary_metric = 1.00000
Error = :5.71e-03; Runtime: 8.8s; Iterations = 380, grads =   8.790e-05, unitary_metric = 1.00000
Error = :5.40e-03; Runtime: 9.3s; Iterations = 400, grads =   1.824e-05, unitary_metric = 1.00000
Error = :5.16e-03; Runtime: 9.8s; Iterations = 420, grads =   3.287e-05, unitary_metric = 1.00000
Error = :4.94e-03; Runtime: 10.2s; Iterations = 440, grads =   9.158e-06, unitary_metric = 1.00000
Error = :4.76e-03; Runtime: 10.7s; Iterations = 460, grads =   7.009e-06, unitary_metric = 1.00000
Error = :4.60e-03; Runtime: 11.1s; Iterations = 480, grads =   6.102e-06, unitary_metric = 1.00000
Error = :4.47e-03; Runtime: 11.6s; Iterations = 500, grads =   5.352e-06, unitary_metric = 1.00000
Error = :4.35e-03; Runtime: 12.1s; Iterations = 520, grads =   1.042e-05, unitary_metric = 1.00000
Error = :4.25e-03; Runtime: 12.5s; Iterations = 540, grads =   9.041e-06, unitary_metric = 1.00000
Error = :4.15e-03; Runtime: 13.0s; Iterations = 560, grads =   4.105e-06, unitary_metric = 1.00000
Error = :4.07e-03; Runtime: 13.4s; Iterations = 580, grads =   3.455e-06, unitary_metric = 1.00000
Error = :4.02e-03; Runtime: 13.9s; Iterations = 600, grads =   7.316e-05, unitary_metric = 1.00000
Error = :3.93e-03; Runtime: 14.4s; Iterations = 620, grads =   5.653e-06, unitary_metric = 1.00000
Error = :3.88e-03; Runtime: 14.8s; Iterations = 640, grads =   3.675e-06, unitary_metric = 1.00000
Error = :3.85e-03; Runtime: 15.2s; Iterations = 660, grads =   6.434e-05, unitary_metric = 1.00000
Error = :3.78e-03; Runtime: 15.7s; Iterations = 680, grads =   2.187e-06, unitary_metric = 1.00000
Error = :3.73e-03; Runtime: 16.1s; Iterations = 700, grads =   2.742e-06, unitary_metric = 1.00000
Error = :3.69e-03; Runtime: 16.6s; Iterations = 720, grads =   1.856e-06, unitary_metric = 1.00000
Error = :3.66e-03; Runtime: 17.1s; Iterations = 740, grads =   1.723e-06, unitary_metric = 1.00000
Error = :3.62e-03; Runtime: 17.5s; Iterations = 760, grads =   1.622e-06, unitary_metric = 1.00000
Error = :3.62e-03; Runtime: 18.0s; Iterations = 780, grads =   5.684e-05, unitary_metric = 1.00000
Error = :3.57e-03; Runtime: 18.4s; Iterations = 800, grads =   3.624e-06, unitary_metric = 1.00000
Error = :3.54e-03; Runtime: 18.9s; Iterations = 820, grads =   3.338e-06, unitary_metric = 1.00000
Error = :3.52e-03; Runtime: 19.3s; Iterations = 840, grads =   4.242e-06, unitary_metric = 1.00000
Error = :3.49e-03; Runtime: 19.8s; Iterations = 860, grads =   1.529e-06, unitary_metric = 1.00000
Error = :3.49e-03; Runtime: 20.2s; Iterations = 880, grads =   5.169e-05, unitary_metric = 1.00000
Error = :3.45e-03; Runtime: 20.7s; Iterations = 900, grads =   5.764e-06, unitary_metric = 1.00000
Error = :3.43e-03; Runtime: 21.2s; Iterations = 920, grads =   1.026e-06, unitary_metric = 1.00000
Error = :3.42e-03; Runtime: 21.7s; Iterations = 940, grads =   9.113e-07, unitary_metric = 1.00000
Error = :3.40e-03; Runtime: 22.1s; Iterations = 960, grads =   8.664e-07, unitary_metric = 1.00000
Error = :3.38e-03; Runtime: 22.6s; Iterations = 980, grads =   8.225e-07, unitary_metric = 1.00000
Error = :3.37e-03; Runtime: 23.0s; Iterations = 1000, grads =   5.202e-06, unitary_metric = 1.00000
Error = :3.36e-03; Runtime: 23.5s; Iterations = 1020, grads =   1.429e-06, unitary_metric = 1.00000
Error = :3.34e-03; Runtime: 24.0s; Iterations = 1040, grads =   7.327e-07, unitary_metric = 1.00000
Error = :3.35e-03; Runtime: 24.4s; Iterations = 1060, grads =   4.456e-05, unitary_metric = 1.00000
Error = :3.32e-03; Runtime: 24.8s; Iterations = 1080, grads =   5.223e-06, unitary_metric = 1.00000
Error = :3.31e-03; Runtime: 25.3s; Iterations = 1100, grads =   1.500e-06, unitary_metric = 1.00000
Error = :3.30e-03; Runtime: 25.8s; Iterations = 1120, grads =   1.220e-05, unitary_metric = 1.00000
Error = :3.29e-03; Runtime: 26.2s; Iterations = 1140, grads =   2.001e-06, unitary_metric = 1.00000
Error = :3.28e-03; Runtime: 26.7s; Iterations = 1160, grads =   7.093e-07, unitary_metric = 1.00000
Error = :3.27e-03; Runtime: 27.1s; Iterations = 1180, grads =   5.040e-07, unitary_metric = 1.00000
Error = :3.26e-03; Runtime: 27.6s; Iterations = 1200, grads =   4.968e-07, unitary_metric = 1.00000
Error = :3.26e-03; Runtime: 28.1s; Iterations = 1220, grads =   1.631e-05, unitary_metric = 1.00000
Error = :3.25e-03; Runtime: 28.5s; Iterations = 1240, grads =   5.512e-06, unitary_metric = 1.00000
Error = :3.24e-03; Runtime: 29.0s; Iterations = 1260, grads =   5.935e-07, unitary_metric = 1.00000
Error = :3.23e-03; Runtime: 29.4s; Iterations = 1280, grads =   4.470e-07, unitary_metric = 1.00000
Error = :3.22e-03; Runtime: 29.9s; Iterations = 1300, grads =   3.835e-07, unitary_metric = 1.00000
Error = :3.22e-03; Runtime: 30.4s; Iterations = 1320, grads =   3.714e-07, unitary_metric = 1.00000
Error = :3.21e-03; Runtime: 30.8s; Iterations = 1340, grads =   4.463e-06, unitary_metric = 1.00000
Error = :3.22e-03; Runtime: 31.3s; Iterations = 1360, grads =   3.254e-05, unitary_metric = 1.00000
Error = :3.20e-03; Runtime: 31.7s; Iterations = 1380, grads =   1.337e-06, unitary_metric = 1.00000
Error = :3.19e-03; Runtime: 32.1s; Iterations = 1400, grads =   5.849e-07, unitary_metric = 1.00000
Error = :3.19e-03; Runtime: 32.7s; Iterations = 1420, grads =   3.891e-07, unitary_metric = 1.00000
Error = :3.19e-03; Runtime: 33.1s; Iterations = 1440, grads =   1.005e-05, unitary_metric = 1.00000
Error = :3.18e-03; Runtime: 33.5s; Iterations = 1460, grads =   2.251e-06, unitary_metric = 1.00000
Error = :3.17e-03; Runtime: 34.0s; Iterations = 1480, grads =   4.270e-07, unitary_metric = 1.00000
Error = :3.17e-03; Runtime: 34.4s; Iterations = 1500, grads =   3.076e-07, unitary_metric = 1.00000
Error = :3.16e-03; Runtime: 34.9s; Iterations = 1520, grads =   2.514e-07, unitary_metric = 1.00000
Error = :3.16e-03; Runtime: 35.4s; Iterations = 1540, grads =   2.330e-07, unitary_metric = 1.00000
Error = :3.16e-03; Runtime: 35.8s; Iterations = 1560, grads =   2.300e-07, unitary_metric = 1.00000
Error = :3.15e-03; Runtime: 36.2s; Iterations = 1580, grads =   2.746e-06, unitary_metric = 1.00000
Error = :3.15e-03; Runtime: 36.7s; Iterations = 1600, grads =   2.361e-06, unitary_metric = 1.00000
Error = :3.15e-03; Runtime: 37.2s; Iterations = 1620, grads =   1.660e-05, unitary_metric = 1.00000
Error = :3.14e-03; Runtime: 37.6s; Iterations = 1640, grads =   9.468e-07, unitary_metric = 1.00000
Error = :3.14e-03; Runtime: 38.1s; Iterations = 1660, grads =   3.712e-07, unitary_metric = 1.00000
Error = :3.14e-03; Runtime: 38.5s; Iterations = 1680, grads =   1.661e-05, unitary_metric = 1.00000
Error = :3.13e-03; Runtime: 39.0s; Iterations = 1700, grads =   1.825e-07, unitary_metric = 1.00000
Error = :3.13e-03; Runtime: 39.5s; Iterations = 1720, grads =   4.182e-07, unitary_metric = 1.00000
Error = :3.13e-03; Runtime: 39.9s; Iterations = 1740, grads =   1.688e-07, unitary_metric = 1.00000
Error = :3.13e-03; Runtime: 40.4s; Iterations = 1760, grads =   1.515e-07, unitary_metric = 1.00000
Error = :3.13e-03; Runtime: 40.8s; Iterations = 1780, grads =   1.462e-07, unitary_metric = 1.00000
Error = :3.12e-03; Runtime: 41.2s; Iterations = 1800, grads =   1.404e-07, unitary_metric = 1.00000
Error = :3.12e-03; Runtime: 41.8s; Iterations = 1820, grads =   1.357e-07, unitary_metric = 1.00000
Error = :3.12e-03; Runtime: 42.2s; Iterations = 1840, grads =   1.601e-07, unitary_metric = 1.00000
Error = :3.12e-03; Runtime: 42.7s; Iterations = 1860, grads =   1.411e-05, unitary_metric = 1.00000
Error = :3.12e-03; Runtime: 43.1s; Iterations = 1880, grads =   5.489e-06, unitary_metric = 1.00000
Error = :3.12e-03; Runtime: 43.5s; Iterations = 1900, grads =   1.183e-06, unitary_metric = 1.00000
Error = :3.12e-03; Runtime: 44.0s; Iterations = 1920, grads =   1.641e-05, unitary_metric = 1.00000
Error = :3.11e-03; Runtime: 44.5s; Iterations = 1940, grads =   1.570e-06, unitary_metric = 1.00000
Error = :3.11e-03; Runtime: 44.9s; Iterations = 1960, grads =   1.049e-07, unitary_metric = 1.00000
Error = :3.11e-03; Runtime: 45.4s; Iterations = 1980, grads =   1.126e-07, unitary_metric = 1.00000
Error = :3.11e-03; Runtime: 45.8s; Iterations = 2000, grads =   9.949e-08, unitary_metric = 1.00000
Error = :3.11e-03; Runtime: 46.3s; Iterations = 2020, grads =   9.440e-08, unitary_metric = 1.00000
Error = :3.11e-03; Runtime: 46.8s; Iterations = 2040, grads =   9.122e-08, unitary_metric = 1.00000
Error = :3.11e-03; Runtime: 47.2s; Iterations = 2060, grads =   9.049e-08, unitary_metric = 1.00000
Error = :3.11e-03; Runtime: 47.6s; Iterations = 2080, grads =   2.036e-07, unitary_metric = 1.00000
Error = :3.11e-03; Runtime: 48.1s; Iterations = 2100, grads =   1.266e-05, unitary_metric = 1.00000
Error = :3.11e-03; Runtime: 48.6s; Iterations = 2120, grads =   5.358e-06, unitary_metric = 1.00000
Error = :3.11e-03; Runtime: 49.0s; Iterations = 2140, grads =   7.406e-07, unitary_metric = 1.00000
Error = :3.11e-03; Runtime: 49.5s; Iterations = 2160, grads =   8.738e-06, unitary_metric = 1.00000
Error = :3.11e-03; Runtime: 49.9s; Iterations = 2180, grads =   7.835e-07, unitary_metric = 1.00000
Error = :3.10e-03; Runtime: 50.4s; Iterations = 2200, grads =   9.939e-08, unitary_metric = 1.00000
Error = :3.10e-03; Runtime: 50.9s; Iterations = 2220, grads =   7.098e-08, unitary_metric = 1.00000
Error = :3.10e-03; Runtime: 51.3s; Iterations = 2240, grads =   6.716e-08, unitary_metric = 1.00000
Error = :3.10e-03; Runtime: 51.8s; Iterations = 2260, grads =   6.362e-08, unitary_metric = 1.00000
Error = :3.10e-03; Runtime: 52.2s; Iterations = 2280, grads =   6.771e-08, unitary_metric = 1.00000
Error = :3.10e-03; Runtime: 52.6s; Iterations = 2300, grads =   1.221e-06, unitary_metric = 1.00000
Error = :3.10e-03; Runtime: 53.2s; Iterations = 2320, grads =   2.926e-06, unitary_metric = 1.00000
Error = :3.11e-03; Runtime: 53.6s; Iterations = 2340, grads =   7.248e-06, unitary_metric = 1.00000
Error = :3.10e-03; Runtime: 54.0s; Iterations = 2360, grads =   9.759e-07, unitary_metric = 1.00000
Error = :3.11e-03; Runtime: 54.5s; Iterations = 2380, grads =   8.260e-06, unitary_metric = 1.00000
Error = :3.10e-03; Runtime: 54.9s; Iterations = 2400, grads =   5.592e-07, unitary_metric = 1.00000
Error = :3.10e-03; Runtime: 55.4s; Iterations = 2420, grads =   7.845e-08, unitary_metric = 1.00000
Error = :3.10e-03; Runtime: 55.9s; Iterations = 2440, grads =   4.935e-08, unitary_metric = 1.00000
Error = :3.10e-03; Runtime: 56.3s; Iterations = 2460, grads =   4.893e-08, unitary_metric = 1.00000
Error = :3.10e-03; Runtime: 56.8s; Iterations = 2480, grads =   4.522e-08, unitary_metric = 1.00000
Error = :3.11e-03; Runtime: 57.2s; Iterations = 2500, grads =   4.505e-08, unitary_metric = 1.00000
Error = :3.11e-03; Runtime: 57.7s; Iterations = 2520, grads =   4.325e-08, unitary_metric = 1.00000
Error = :3.11e-03; Runtime: 58.2s; Iterations = 2540, grads =   2.272e-07, unitary_metric = 1.00000
Error = :3.11e-03; Runtime: 58.6s; Iterations = 2560, grads =   8.092e-06, unitary_metric = 1.00000
Error = :3.11e-03; Runtime: 59.0s; Iterations = 2580, grads =   7.297e-06, unitary_metric = 1.00000
Error = :3.11e-03; Runtime: 59.5s; Iterations = 2600, grads =   3.026e-07, unitary_metric = 1.00000
Error = :3.11e-03; Runtime: 60.0s; Iterations = 2620, grads =   6.590e-08, unitary_metric = 1.00000
Error = :3.11e-03; Runtime: 60.4s; Iterations = 2640, grads =   4.160e-08, unitary_metric = 1.00000
Error = :3.11e-03; Runtime: 60.9s; Iterations = 2660, grads =   3.807e-08, unitary_metric = 1.00000
Error = :3.11e-03; Runtime: 61.3s; Iterations = 2680, grads =   3.410e-08, unitary_metric = 1.00000
Error = :3.11e-03; Runtime: 61.8s; Iterations = 2700, grads =   3.313e-08, unitary_metric = 1.00000
Error = :3.11e-03; Runtime: 62.3s; Iterations = 2720, grads =   3.480e-08, unitary_metric = 1.00000
Error = :3.11e-03; Runtime: 62.7s; Iterations = 2740, grads =   3.167e-08, unitary_metric = 1.00000
Error = :3.11e-03; Runtime: 63.1s; Iterations = 2760, grads =   3.473e-08, unitary_metric = 1.00000
Error = :3.11e-03; Runtime: 63.6s; Iterations = 2780, grads =   1.820e-07, unitary_metric = 1.00000
Error = :3.11e-03; Runtime: 64.0s; Iterations = 2800, grads =   5.007e-06, unitary_metric = 1.00000
Error = :3.11e-03; Runtime: 64.5s; Iterations = 2820, grads =   1.292e-06, unitary_metric = 1.00000
Error = :3.11e-03; Runtime: 65.0s; Iterations = 2840, grads =   6.490e-08, unitary_metric = 1.00000
Error = :3.11e-03; Runtime: 65.4s; Iterations = 2860, grads =   9.593e-08, unitary_metric = 1.00000
Error = :3.12e-03; Runtime: 65.9s; Iterations = 2880, grads =   7.107e-06, unitary_metric = 1.00000
Error = :3.11e-03; Runtime: 66.3s; Iterations = 2900, grads =   7.062e-07, unitary_metric = 1.00000
Error = :3.12e-03; Runtime: 66.8s; Iterations = 2920, grads =   1.217e-07, unitary_metric = 1.00000
Error = :3.12e-03; Runtime: 67.3s; Iterations = 2940, grads =   3.458e-08, unitary_metric = 1.00000
Error = :3.12e-03; Runtime: 67.7s; Iterations = 2960, grads =   3.012e-08, unitary_metric = 1.00000
Error = :3.12e-03; Runtime: 68.1s; Iterations = 2980, grads =   1.751e-06, unitary_metric = 1.00000
Error = :3.12e-03; Runtime: 68.6s; Iterations = 3000, grads =   1.497e-06, unitary_metric = 1.00000
Error = :3.12e-03; Runtime: 69.1s; Iterations = 3020, grads =   7.645e-06, unitary_metric = 1.00000
Error = :3.12e-03; Runtime: 69.5s; Iterations = 3040, grads =   9.456e-07, unitary_metric = 1.00000
Error = :3.12e-03; Runtime: 70.0s; Iterations = 3060, grads =   1.263e-07, unitary_metric = 1.00000
Error = :3.12e-03; Runtime: 70.4s; Iterations = 3080, grads =   2.835e-08, unitary_metric = 1.00000
Error = :3.12e-03; Runtime: 70.9s; Iterations = 3100, grads =   3.586e-07, unitary_metric = 1.00000
Error = :3.12e-03; Runtime: 71.4s; Iterations = 3120, grads =   2.451e-08, unitary_metric = 1.00000
Error = :3.12e-03; Runtime: 71.8s; Iterations = 3140, grads =   5.483e-08, unitary_metric = 1.00000
Error = :3.12e-03; Runtime: 72.3s; Iterations = 3160, grads =   3.861e-08, unitary_metric = 1.00000
Error = :3.13e-03; Runtime: 72.7s; Iterations = 3180, grads =   2.342e-08, unitary_metric = 1.00000
Error = :3.13e-03; Runtime: 73.1s; Iterations = 3200, grads =   1.938e-08, unitary_metric = 1.00000
Error = :3.13e-03; Runtime: 73.6s; Iterations = 3220, grads =   2.551e-07, unitary_metric = 1.00000
Error = :3.13e-03; Runtime: 74.1s; Iterations = 3240, grads =   3.329e-08, unitary_metric = 1.00000
Error = :3.13e-03; Runtime: 74.5s; Iterations = 3260, grads =   3.276e-08, unitary_metric = 1.00000
Error = :3.13e-03; Runtime: 75.0s; Iterations = 3280, grads =   1.740e-06, unitary_metric = 1.00000
Error = :3.13e-03; Runtime: 75.4s; Iterations = 3300, grads =   9.078e-07, unitary_metric = 1.00000
Error = :3.13e-03; Runtime: 75.9s; Iterations = 3320, grads =   1.039e-07, unitary_metric = 1.00000
Error = :3.13e-03; Runtime: 76.4s; Iterations = 3340, grads =   4.548e-06, unitary_metric = 1.00000
Error = :3.13e-03; Runtime: 76.8s; Iterations = 3360, grads =   2.170e-07, unitary_metric = 1.00000
Error = :3.14e-03; Runtime: 77.2s; Iterations = 3380, grads =   1.163e-07, unitary_metric = 1.00000
Error = :3.14e-03; Runtime: 77.7s; Iterations = 3400, grads =   3.306e-08, unitary_metric = 1.00000
Error = :3.14e-03; Runtime: 78.2s; Iterations = 3420, grads =   1.632e-08, unitary_metric = 1.00000
Error = :3.14e-03; Runtime: 78.6s; Iterations = 3440, grads =   1.669e-08, unitary_metric = 1.00000
Error = :3.14e-03; Runtime: 79.1s; Iterations = 3460, grads =   1.116e-07, unitary_metric = 1.00000
Error = :3.14e-03; Runtime: 79.5s; Iterations = 3480, grads =   7.402e-06, unitary_metric = 1.00000
Error = :3.14e-03; Runtime: 79.9s; Iterations = 3500, grads =   3.439e-07, unitary_metric = 1.00000
Error = :3.14e-03; Runtime: 80.5s; Iterations = 3520, grads =   1.051e-07, unitary_metric = 1.00000
Error = :3.14e-03; Runtime: 80.9s; Iterations = 3540, grads =   1.581e-08, unitary_metric = 1.00000
Error = :3.14e-03; Runtime: 81.3s; Iterations = 3560, grads =   1.280e-08, unitary_metric = 1.00000
Error = :3.14e-03; Runtime: 81.8s; Iterations = 3580, grads =   1.616e-08, unitary_metric = 1.00000
Error = :3.15e-03; Runtime: 82.2s; Iterations = 3600, grads =   4.883e-07, unitary_metric = 1.00000
Error = :3.15e-03; Runtime: 82.7s; Iterations = 3620, grads =   4.472e-07, unitary_metric = 1.00000
Error = :3.15e-03; Runtime: 83.2s; Iterations = 3640, grads =   5.977e-08, unitary_metric = 1.00000
Error = :3.15e-03; Runtime: 83.6s; Iterations = 3660, grads =   2.718e-06, unitary_metric = 1.00000
Error = :3.15e-03; Runtime: 84.1s; Iterations = 3680, grads =   4.653e-08, unitary_metric = 1.00000
Error = :3.15e-03; Runtime: 84.5s; Iterations = 3700, grads =   5.954e-08, unitary_metric = 1.00000
Error = :3.15e-03; Runtime: 85.0s; Iterations = 3720, grads =   2.098e-07, unitary_metric = 1.00000
Error = :3.15e-03; Runtime: 85.4s; Iterations = 3740, grads =   2.157e-07, unitary_metric = 1.00000
Error = :3.15e-03; Runtime: 85.9s; Iterations = 3760, grads =   1.700e-07, unitary_metric = 1.00000
Error = :3.15e-03; Runtime: 86.3s; Iterations = 3780, grads =   4.093e-08, unitary_metric = 1.00000
Error = :3.16e-03; Runtime: 86.8s; Iterations = 3800, grads =   1.741e-08, unitary_metric = 1.00000
Error = :3.16e-03; Runtime: 87.3s; Iterations = 3820, grads =   4.436e-07, unitary_metric = 1.00000
Error = :3.16e-03; Runtime: 87.7s; Iterations = 3840, grads =   2.792e-07, unitary_metric = 1.00000
Error = :3.16e-03; Runtime: 88.2s; Iterations = 3860, grads =   1.554e-06, unitary_metric = 1.00000
Error = :3.16e-03; Runtime: 88.6s; Iterations = 3880, grads =   3.614e-07, unitary_metric = 1.00000
Error = :3.16e-03; Runtime: 89.0s; Iterations = 3900, grads =   2.032e-08, unitary_metric = 1.00000
Error = :3.16e-03; Runtime: 89.6s; Iterations = 3920, grads =   9.640e-09, unitary_metric = 1.00000
Error = :3.16e-03; Runtime: 90.0s; Iterations = 3940, grads =   8.671e-09, unitary_metric = 1.00000
Error = :3.16e-03; Runtime: 90.4s; Iterations = 3960, grads =   9.570e-09, unitary_metric = 1.00000
Error = :3.16e-03; Runtime: 90.9s; Iterations = 3980, grads =   1.152e-08, unitary_metric = 1.00000
Error = :3.17e-03; Runtime: 91.3s; Iterations = 4000, grads =   5.407e-07, unitary_metric = 1.00000
Error = :3.17e-03; Runtime: 91.8s; Iterations = 4020, grads =   7.176e-07, unitary_metric = 1.00000
Error = :3.17e-03; Runtime: 92.3s; Iterations = 4040, grads =   1.976e-06, unitary_metric = 1.00000
Error = :3.17e-03; Runtime: 92.7s; Iterations = 4060, grads =   1.228e-07, unitary_metric = 1.00000
Error = :3.17e-03; Runtime: 93.1s; Iterations = 4080, grads =   9.080e-09, unitary_metric = 1.00000
Error = :3.17e-03; Runtime: 93.6s; Iterations = 4100, grads =   1.583e-08, unitary_metric = 1.00000
Error = :3.17e-03; Runtime: 94.1s; Iterations = 4120, grads =   7.407e-07, unitary_metric = 1.00000
Error = :3.17e-03; Runtime: 94.5s; Iterations = 4140, grads =   7.484e-07, unitary_metric = 1.00000
Error = :3.18e-03; Runtime: 95.0s; Iterations = 4160, grads =   9.507e-08, unitary_metric = 1.00000
Error = :3.18e-03; Runtime: 95.4s; Iterations = 4180, grads =   1.446e-08, unitary_metric = 1.00000
Error = :3.18e-03; Runtime: 95.8s; Iterations = 4200, grads =   7.305e-09, unitary_metric = 1.00000
Error = :3.18e-03; Runtime: 96.6s; Iterations = 4220, grads =   3.628e-08, unitary_metric = 1.00000
Error = :3.18e-03; Runtime: 97.0s; Iterations = 4240, grads =   4.277e-06, unitary_metric = 1.00000
Error = :3.18e-03; Runtime: 97.4s; Iterations = 4260, grads =   1.335e-07, unitary_metric = 1.00000
Error = :3.18e-03; Runtime: 97.9s; Iterations = 4280, grads =   4.897e-08, unitary_metric = 1.00000
Error = :3.18e-03; Runtime: 98.3s; Iterations = 4300, grads =   1.046e-08, unitary_metric = 1.00000
Error = :3.18e-03; Runtime: 98.8s; Iterations = 4320, grads =   7.713e-09, unitary_metric = 1.00000
Error = :3.19e-03; Runtime: 99.3s; Iterations = 4340, grads =   5.435e-08, unitary_metric = 1.00000
Error = :3.19e-03; Runtime: 99.7s; Iterations = 4360, grads =   1.550e-06, unitary_metric = 1.00000
Error = :3.19e-03; Runtime: 100.1s; Iterations = 4380, grads =   5.027e-08, unitary_metric = 1.00000
Error = :3.19e-03; Runtime: 100.6s; Iterations = 4400, grads =   1.245e-08, unitary_metric = 1.00000
Error = :3.19e-03; Runtime: 101.1s; Iterations = 4420, grads =   7.826e-09, unitary_metric = 1.00000
Error = :3.19e-03; Runtime: 101.5s; Iterations = 4440, grads =   6.688e-09, unitary_metric = 1.00000
Error = :3.19e-03; Runtime: 102.0s; Iterations = 4460, grads =   3.258e-07, unitary_metric = 1.00000
Error = :3.19e-03; Runtime: 102.4s; Iterations = 4480, grads =   1.502e-06, unitary_metric = 1.00000
Error = :3.19e-03; Runtime: 102.9s; Iterations = 4500, grads =   5.597e-07, unitary_metric = 1.00000
Error = :3.20e-03; Runtime: 103.4s; Iterations = 4520, grads =   7.196e-08, unitary_metric = 1.00000
Error = :3.20e-03; Runtime: 103.8s; Iterations = 4540, grads =   1.097e-07, unitary_metric = 1.00000
Error = :3.20e-03; Runtime: 104.3s; Iterations = 4560, grads =   3.334e-07, unitary_metric = 1.00000
Error = :3.20e-03; Runtime: 104.7s; Iterations = 4580, grads =   1.116e-07, unitary_metric = 1.00000
Error = :3.20e-03; Runtime: 105.1s; Iterations = 4600, grads =   5.569e-09, unitary_metric = 1.00000
Error = :3.20e-03; Runtime: 105.7s; Iterations = 4620, grads =   6.871e-09, unitary_metric = 1.00000
Error = :3.20e-03; Runtime: 106.1s; Iterations = 4640, grads =   4.631e-09, unitary_metric = 1.00000
Error = :3.20e-03; Runtime: 106.5s; Iterations = 4660, grads =   4.468e-09, unitary_metric = 1.00000
Error = :3.21e-03; Runtime: 107.0s; Iterations = 4680, grads =   5.190e-09, unitary_metric = 1.00000
Error = :3.21e-03; Runtime: 107.4s; Iterations = 4700, grads =   3.485e-08, unitary_metric = 1.00000
Error = :3.21e-03; Runtime: 107.9s; Iterations = 4720, grads =   1.562e-06, unitary_metric = 1.00000
Error = :3.21e-03; Runtime: 108.4s; Iterations = 4740, grads =   8.403e-07, unitary_metric = 1.00000
Error = :3.21e-03; Runtime: 108.8s; Iterations = 4760, grads =   3.988e-07, unitary_metric = 1.00000
Error = :3.21e-03; Runtime: 109.3s; Iterations = 4780, grads =   7.487e-07, unitary_metric = 1.00000
Error = :3.21e-03; Runtime: 109.7s; Iterations = 4800, grads =   7.057e-08, unitary_metric = 1.00000
Error = :3.21e-03; Runtime: 110.2s; Iterations = 4820, grads =   5.507e-09, unitary_metric = 1.00000
Error = :3.21e-03; Runtime: 110.7s; Iterations = 4840, grads =   3.915e-09, unitary_metric = 1.00000
Error = :3.22e-03; Runtime: 111.1s; Iterations = 4860, grads =   3.857e-09, unitary_metric = 1.00000
Error = :3.22e-03; Runtime: 111.7s; Iterations = 4880, grads =   4.306e-09, unitary_metric = 1.00000
Error = :3.22e-03; Runtime: 112.1s; Iterations = 4900, grads =   1.087e-08, unitary_metric = 1.00000
Error = :3.22e-03; Runtime: 112.7s; Iterations = 4920, grads =   4.336e-07, unitary_metric = 1.00000
Error = :3.22e-03; Runtime: 113.1s; Iterations = 4940, grads =   2.087e-07, unitary_metric = 1.00000
Error = :3.22e-03; Runtime: 113.5s; Iterations = 4960, grads =   1.200e-07, unitary_metric = 1.00000
Error = :3.22e-03; Runtime: 114.0s; Iterations = 4980, grads =   1.025e-08, unitary_metric = 1.00000
Error = :3.22e-03; Runtime: 114.4s; Iterations = 5000, grads =   1.004e-08, unitary_metric = 1.00000
Error = :3.22e-03; Runtime: 114.9s; Iterations = 5020, grads =   8.888e-09, unitary_metric = 1.00000
Error = :3.23e-03; Runtime: 115.4s; Iterations = 5040, grads =   3.114e-08, unitary_metric = 1.00000
Error = :3.23e-03; Runtime: 115.8s; Iterations = 5060, grads =   1.120e-06, unitary_metric = 1.00000
Error = :3.23e-03; Runtime: 116.2s; Iterations = 5080, grads =   1.264e-07, unitary_metric = 1.00000
Error = :3.23e-03; Runtime: 116.7s; Iterations = 5100, grads =   2.893e-08, unitary_metric = 1.00000
Error = :3.23e-03; Runtime: 117.2s; Iterations = 5120, grads =   1.470e-06, unitary_metric = 1.00000
Error = :3.23e-03; Runtime: 117.6s; Iterations = 5140, grads =   1.338e-07, unitary_metric = 1.00000
Error = :3.23e-03; Runtime: 118.1s; Iterations = 5160, grads =   1.999e-08, unitary_metric = 1.00000
Error = :3.23e-03; Runtime: 118.5s; Iterations = 5180, grads =   2.466e-08, unitary_metric = 1.00000
Error = :3.24e-03; Runtime: 119.0s; Iterations = 5200, grads =   9.025e-07, unitary_metric = 1.00000
Error = :3.24e-03; Runtime: 119.5s; Iterations = 5220, grads =   4.552e-09, unitary_metric = 1.00000
Error = :3.24e-03; Runtime: 119.9s; Iterations = 5240, grads =   1.658e-08, unitary_metric = 1.00000
Error = :3.24e-03; Runtime: 120.4s; Iterations = 5260, grads =   7.638e-09, unitary_metric = 1.00000
Error = :3.24e-03; Runtime: 120.8s; Iterations = 5280, grads =   4.506e-07, unitary_metric = 1.00000
Error = :3.24e-03; Runtime: 121.2s; Iterations = 5300, grads =   2.211e-07, unitary_metric = 1.00000
Error = :3.24e-03; Runtime: 121.8s; Iterations = 5320, grads =   9.690e-09, unitary_metric = 1.00000
Error = :3.24e-03; Runtime: 122.2s; Iterations = 5340, grads =   7.571e-09, unitary_metric = 1.00000
Error = :3.25e-03; Runtime: 122.6s; Iterations = 5360, grads =   2.972e-07, unitary_metric = 1.00000
Error = :3.25e-03; Runtime: 123.1s; Iterations = 5380, grads =   6.262e-07, unitary_metric = 1.00000
Error = :3.25e-03; Runtime: 123.5s; Iterations = 5400, grads =   1.644e-07, unitary_metric = 1.00000
Error = :3.25e-03; Runtime: 124.0s; Iterations = 5420, grads =   8.228e-09, unitary_metric = 1.00000
Error = :3.25e-03; Runtime: 124.5s; Iterations = 5440, grads =   4.347e-09, unitary_metric = 1.00000
Error = :3.25e-03; Runtime: 124.9s; Iterations = 5460, grads =   4.453e-09, unitary_metric = 1.00000
Error = :3.25e-03; Runtime: 125.4s; Iterations = 5480, grads =   1.611e-07, unitary_metric = 1.00000
Error = :3.25e-03; Runtime: 125.8s; Iterations = 5500, grads =   1.227e-07, unitary_metric = 1.00000
Error = :3.26e-03; Runtime: 126.3s; Iterations = 5520, grads =   4.145e-09, unitary_metric = 1.00000
Error = :3.26e-03; Runtime: 126.8s; Iterations = 5540, grads =   4.742e-08, unitary_metric = 1.00000
Error = :3.26e-03; Runtime: 127.2s; Iterations = 5560, grads =   3.428e-07, unitary_metric = 1.00000
Error = :3.26e-03; Runtime: 127.6s; Iterations = 5580, grads =   1.642e-07, unitary_metric = 1.00000
Error = :3.26e-03; Runtime: 128.1s; Iterations = 5600, grads =   2.122e-08, unitary_metric = 1.00000
Error = :3.26e-03; Runtime: 128.6s; Iterations = 5620, grads =   3.075e-08, unitary_metric = 1.00000
Error = :3.26e-03; Runtime: 129.0s; Iterations = 5640, grads =   3.003e-09, unitary_metric = 1.00000
Error = :3.26e-03; Runtime: 129.5s; Iterations = 5660, grads =   2.763e-09, unitary_metric = 1.00000
Error = :3.27e-03; Runtime: 129.9s; Iterations = 5680, grads =   8.534e-09, unitary_metric = 1.00000
Error = :3.27e-03; Runtime: 130.3s; Iterations = 5700, grads =   2.972e-07, unitary_metric = 1.00000
Error = :3.27e-03; Runtime: 130.9s; Iterations = 5720, grads =   9.248e-08, unitary_metric = 1.00000
Error = :3.27e-03; Runtime: 131.3s; Iterations = 5740, grads =   2.546e-08, unitary_metric = 1.00000
Error = :3.27e-03; Runtime: 131.8s; Iterations = 5760, grads =   4.272e-07, unitary_metric = 1.00000
Error = :3.27e-03; Runtime: 132.2s; Iterations = 5780, grads =   1.483e-07, unitary_metric = 1.00000
Error = :3.27e-03; Runtime: 132.6s; Iterations = 5800, grads =   2.540e-08, unitary_metric = 1.00000
Error = :3.27e-03; Runtime: 133.2s; Iterations = 5820, grads =   2.928e-09, unitary_metric = 1.00000
Error = :3.28e-03; Runtime: 133.6s; Iterations = 5840, grads =   2.594e-09, unitary_metric = 1.00000
Error = :3.28e-03; Runtime: 134.0s; Iterations = 5860, grads =   3.085e-08, unitary_metric = 1.00000
Error = :3.28e-03; Runtime: 134.5s; Iterations = 5880, grads =   2.211e-07, unitary_metric = 1.00000
Error = :3.28e-03; Runtime: 134.9s; Iterations = 5900, grads =   5.624e-08, unitary_metric = 1.00000
Error = :3.28e-03; Runtime: 135.4s; Iterations = 5920, grads =   3.322e-07, unitary_metric = 1.00000
Error = :3.28e-03; Runtime: 135.9s; Iterations = 5940, grads =   1.537e-07, unitary_metric = 1.00000
Error = :3.28e-03; Runtime: 136.3s; Iterations = 5960, grads =   1.996e-08, unitary_metric = 1.00000
Error = :3.28e-03; Runtime: 136.7s; Iterations = 5980, grads =   1.207e-07, unitary_metric = 1.00000
Error = :3.28e-03; Runtime: 137.2s; Iterations = 6000, grads =   1.231e-07, unitary_metric = 1.00000
data saved at: /project/ftchong/qoc/pranav/00011_31_beh2_slice_59.h5


trying total_time: 1.85 for unitary of size (16, 16)
data saved at: /project/ftchong/qoc/pranav/00012_31_beh2_slice_59.h5
Using 8 Taylor terms and 1 Scaling & Squaring terms
Building graph:
Propagators initialized.
Operators weight initialized.
Intermediate propagation variables initialized.
Intermediate propagators initialized.
Vectors initialized.
Training loss initialized.
Optimizer initialized.
Utilities initialized.
Graph built!
Initialized
Error = :8.71e-01; Runtime: 0.1s; Iterations = 0, grads =   1.439e-01, unitary_metric = 1.00000
Error = :3.94e-01; Runtime: 1.0s; Iterations = 20, grads =   7.896e-02, unitary_metric = 1.00000
Error = :1.88e-01; Runtime: 1.6s; Iterations = 40, grads =   1.634e-02, unitary_metric = 1.00000
Error = :6.77e-02; Runtime: 2.3s; Iterations = 60, grads =   4.550e-03, unitary_metric = 1.00000
Error = :1.95e-02; Runtime: 3.0s; Iterations = 80, grads =   8.567e-04, unitary_metric = 1.00000
Error = :5.43e-03; Runtime: 3.6s; Iterations = 100, grads =   2.057e-04, unitary_metric = 1.00000
Error = :1.88e-03; Runtime: 4.4s; Iterations = 120, grads =   4.311e-05, unitary_metric = 1.00000
Error = :1.04e-03; Runtime: 5.1s; Iterations = 140, grads =   9.099e-06, unitary_metric = 1.00000
Error = :9.91e-04; Runtime: 5.2s; Iterations = 143, grads =   6.762e-06, unitary_metric = 1.00000
data saved at: /project/ftchong/qoc/pranav/00012_31_beh2_slice_59.h5


trying total_time: 1.55 for unitary of size (16, 16)
data saved at: /project/ftchong/qoc/pranav/00013_31_beh2_slice_59.h5
Using 6 Taylor terms and 2 Scaling & Squaring terms
Building graph:
Propagators initialized.
Operators weight initialized.
Intermediate propagation variables initialized.
Intermediate propagators initialized.
Vectors initialized.
Training loss initialized.
Optimizer initialized.
Utilities initialized.
Graph built!
Initialized
Error = :6.84e-01; Runtime: 0.1s; Iterations = 0, grads =   1.663e-01, unitary_metric = 1.00000
Error = :4.04e-01; Runtime: 0.8s; Iterations = 20, grads =   2.538e-02, unitary_metric = 1.00000
Error = :2.35e-01; Runtime: 1.3s; Iterations = 40, grads =   1.117e-02, unitary_metric = 1.00000
Error = :1.12e-01; Runtime: 1.9s; Iterations = 60, grads =   4.284e-03, unitary_metric = 1.00000
Error = :4.98e-02; Runtime: 2.4s; Iterations = 80, grads =   1.679e-03, unitary_metric = 1.00000
Error = :2.24e-02; Runtime: 3.0s; Iterations = 100, grads =   6.529e-04, unitary_metric = 1.00000
Error = :1.09e-02; Runtime: 3.6s; Iterations = 120, grads =   2.533e-04, unitary_metric = 1.00000
Error = :5.79e-03; Runtime: 4.2s; Iterations = 140, grads =   1.131e-04, unitary_metric = 1.00000
Error = :3.37e-03; Runtime: 4.7s; Iterations = 160, grads =   5.270e-05, unitary_metric = 1.00000
Error = :2.16e-03; Runtime: 5.2s; Iterations = 180, grads =   2.609e-05, unitary_metric = 1.00000
Error = :1.53e-03; Runtime: 5.8s; Iterations = 200, grads =   1.320e-05, unitary_metric = 1.00000
Error = :1.20e-03; Runtime: 6.4s; Iterations = 220, grads =   6.817e-06, unitary_metric = 1.00000
Error = :1.02e-03; Runtime: 7.0s; Iterations = 240, grads =   3.559e-06, unitary_metric = 1.00000
Error = :9.94e-04; Runtime: 7.1s; Iterations = 244, grads =   3.112e-06, unitary_metric = 1.00000
data saved at: /project/ftchong/qoc/pranav/00013_31_beh2_slice_59.h5




[0.3, 1.55]
TIME FOR SLICE IS:
1.55
