Running Block:  102


trying total_time: 30.0 for unitary of size (4, 4)
data saved at: /project/ftchong/qoc/pranav/00018_27_block102.h5
Using 4 Taylor terms and 3 Scaling & Squaring terms
Building graph:
Propagators initialized.
Operators weight initialized.
Intermediate propagation variables initialized.
Intermediate propagators initialized.
Vectors initialized.
Training loss initialized.
Optimizer initialized.
Utilities initialized.
Graph built!
Initialized
Error = :8.25e-01; Runtime: 0.9s; Iterations = 0, grads =   8.383e-01, unitary_metric = 1.00006
Error = :5.27e-01; Runtime: 6.5s; Iterations = 20, grads =   3.642e-01, unitary_metric = 1.00003
Error = :2.56e-02; Runtime: 10.6s; Iterations = 40, grads =   4.551e-02, unitary_metric = 1.00001
Error = :8.03e-03; Runtime: 14.6s; Iterations = 60, grads =   1.150e-02, unitary_metric = 1.00000
Error = :7.98e-04; Runtime: 17.8s; Iterations = 76, grads =   2.156e-03, unitary_metric = 1.00001
data saved at: /project/ftchong/qoc/pranav/00018_27_block102.h5


trying total_time: 15.0 for unitary of size (4, 4)
data saved at: /project/ftchong/qoc/pranav/00019_27_block102.h5
Using 4 Taylor terms and 3 Scaling & Squaring terms
Building graph:
Propagators initialized.
Operators weight initialized.
Intermediate propagation variables initialized.
Intermediate propagators initialized.
Vectors initialized.
Training loss initialized.
Optimizer initialized.
Utilities initialized.
Graph built!
Initialized
Error = :8.30e-01; Runtime: 0.4s; Iterations = 0, grads =   4.261e-01, unitary_metric = 1.00001
Error = :5.22e-01; Runtime: 2.9s; Iterations = 20, grads =   7.203e-02, unitary_metric = 1.00002
Error = :5.04e-01; Runtime: 4.8s; Iterations = 40, grads =   2.580e-02, unitary_metric = 1.00001
Error = :4.97e-01; Runtime: 6.6s; Iterations = 60, grads =   2.122e-03, unitary_metric = 1.00002
Error = :2.15e-01; Runtime: 8.5s; Iterations = 80, grads =   1.599e-02, unitary_metric = 1.00000
Error = :2.20e-02; Runtime: 10.3s; Iterations = 100, grads =   1.993e-02, unitary_metric = 1.00000
Error = :2.01e-03; Runtime: 12.5s; Iterations = 120, grads =   1.073e-03, unitary_metric = 1.00000
Error = :9.09e-04; Runtime: 13.1s; Iterations = 127, grads =   8.015e-04, unitary_metric = 1.00000
data saved at: /project/ftchong/qoc/pranav/00019_27_block102.h5


trying total_time: 7.5 for unitary of size (4, 4)
data saved at: /project/ftchong/qoc/pranav/00020_27_block102.h5
Using 6 Taylor terms and 1 Scaling & Squaring terms
Building graph:
Propagators initialized.
Operators weight initialized.
Intermediate propagation variables initialized.
Intermediate propagators initialized.
Vectors initialized.
Training loss initialized.
Optimizer initialized.
Utilities initialized.
Graph built!
Initialized
Error = :8.97e-01; Runtime: 0.2s; Iterations = 0, grads =   1.552e-01, unitary_metric = 1.00000
Error = :6.42e-01; Runtime: 1.5s; Iterations = 20, grads =   4.564e-02, unitary_metric = 1.00000
Error = :4.99e-01; Runtime: 2.5s; Iterations = 40, grads =   4.599e-03, unitary_metric = 1.00000
Error = :4.61e-01; Runtime: 3.5s; Iterations = 60, grads =   2.843e-03, unitary_metric = 0.99999
Error = :1.52e-01; Runtime: 4.4s; Iterations = 80, grads =   8.170e-03, unitary_metric = 1.00000
Error = :4.48e-03; Runtime: 5.4s; Iterations = 100, grads =   1.149e-03, unitary_metric = 0.99999
Error = :7.65e-04; Runtime: 5.8s; Iterations = 105, grads =   2.662e-04, unitary_metric = 0.99999
data saved at: /project/ftchong/qoc/pranav/00020_27_block102.h5


trying total_time: 3.75 for unitary of size (4, 4)
data saved at: /project/ftchong/qoc/pranav/00021_27_block102.h5
Using 6 Taylor terms and 1 Scaling & Squaring terms
Building graph:
Propagators initialized.
Operators weight initialized.
Intermediate propagation variables initialized.
Intermediate propagators initialized.
Vectors initialized.
Training loss initialized.
Optimizer initialized.
Utilities initialized.
Graph built!
Initialized
Error = :8.07e-01; Runtime: 0.1s; Iterations = 0, grads =   7.124e-02, unitary_metric = 1.00000
Error = :6.85e-01; Runtime: 0.9s; Iterations = 20, grads =   1.045e-02, unitary_metric = 1.00000
Error = :5.45e-01; Runtime: 1.4s; Iterations = 40, grads =   2.526e-03, unitary_metric = 1.00000
Error = :4.96e-01; Runtime: 1.9s; Iterations = 60, grads =   4.727e-04, unitary_metric = 1.00000
Error = :4.64e-01; Runtime: 2.4s; Iterations = 80, grads =   1.265e-03, unitary_metric = 1.00000
Error = :2.96e-01; Runtime: 2.9s; Iterations = 100, grads =   2.392e-03, unitary_metric = 1.00000
Error = :1.55e-01; Runtime: 3.5s; Iterations = 120, grads =   9.960e-04, unitary_metric = 1.00000
Error = :1.04e-01; Runtime: 4.0s; Iterations = 140, grads =   3.255e-04, unitary_metric = 1.00000
Error = :8.15e-02; Runtime: 4.5s; Iterations = 160, grads =   1.641e-04, unitary_metric = 1.00000
Error = :6.83e-02; Runtime: 5.0s; Iterations = 180, grads =   9.994e-05, unitary_metric = 1.00000
Error = :5.98e-02; Runtime: 5.5s; Iterations = 200, grads =   6.273e-05, unitary_metric = 1.00000
Error = :5.45e-02; Runtime: 6.1s; Iterations = 220, grads =   4.083e-05, unitary_metric = 1.00000
Error = :5.13e-02; Runtime: 6.6s; Iterations = 240, grads =   2.812e-05, unitary_metric = 1.00000
Error = :4.91e-02; Runtime: 7.1s; Iterations = 260, grads =   2.068e-05, unitary_metric = 1.00000
Error = :4.75e-02; Runtime: 7.6s; Iterations = 280, grads =   1.604e-05, unitary_metric = 1.00000
Error = :4.63e-02; Runtime: 8.1s; Iterations = 300, grads =   1.295e-05, unitary_metric = 1.00000
Error = :4.53e-02; Runtime: 8.7s; Iterations = 320, grads =   1.068e-05, unitary_metric = 1.00000
Error = :4.44e-02; Runtime: 9.2s; Iterations = 340, grads =   8.877e-06, unitary_metric = 1.00000
Error = :4.38e-02; Runtime: 9.7s; Iterations = 360, grads =   7.450e-06, unitary_metric = 1.00000
Error = :4.32e-02; Runtime: 10.2s; Iterations = 380, grads =   6.435e-06, unitary_metric = 1.00000
Error = :4.28e-02; Runtime: 10.7s; Iterations = 400, grads =   5.848e-06, unitary_metric = 1.00000
Error = :4.24e-02; Runtime: 11.3s; Iterations = 420, grads =   5.602e-06, unitary_metric = 1.00000
Error = :4.20e-02; Runtime: 11.8s; Iterations = 440, grads =   5.467e-06, unitary_metric = 1.00000
Error = :4.15e-02; Runtime: 12.3s; Iterations = 460, grads =   5.173e-06, unitary_metric = 1.00000
Error = :4.10e-02; Runtime: 12.8s; Iterations = 480, grads =   4.635e-06, unitary_metric = 1.00000
Error = :4.05e-02; Runtime: 13.3s; Iterations = 500, grads =   3.974e-06, unitary_metric = 1.00000
Error = :4.01e-02; Runtime: 13.9s; Iterations = 520, grads =   3.345e-06, unitary_metric = 1.00000
Error = :3.98e-02; Runtime: 14.4s; Iterations = 540, grads =   2.822e-06, unitary_metric = 1.00000
Error = :3.95e-02; Runtime: 14.9s; Iterations = 560, grads =   2.409e-06, unitary_metric = 1.00000
Error = :3.93e-02; Runtime: 15.5s; Iterations = 580, grads =   2.082e-06, unitary_metric = 1.00000
Error = :3.91e-02; Runtime: 16.0s; Iterations = 600, grads =   1.819e-06, unitary_metric = 1.00000
Error = :3.89e-02; Runtime: 16.6s; Iterations = 620, grads =   1.602e-06, unitary_metric = 1.00000
Error = :3.87e-02; Runtime: 17.1s; Iterations = 640, grads =   1.419e-06, unitary_metric = 1.00000
Error = :3.85e-02; Runtime: 17.6s; Iterations = 660, grads =   1.263e-06, unitary_metric = 1.00000
Error = :3.84e-02; Runtime: 18.1s; Iterations = 680, grads =   1.129e-06, unitary_metric = 1.00000
Error = :3.83e-02; Runtime: 18.6s; Iterations = 700, grads =   1.013e-06, unitary_metric = 1.00000
Error = :3.81e-02; Runtime: 19.2s; Iterations = 720, grads =   9.121e-07, unitary_metric = 1.00000
Error = :3.80e-02; Runtime: 19.7s; Iterations = 740, grads =   8.240e-07, unitary_metric = 1.00000
Error = :3.79e-02; Runtime: 20.2s; Iterations = 760, grads =   7.468e-07, unitary_metric = 1.00000
Error = :3.78e-02; Runtime: 20.7s; Iterations = 780, grads =   6.792e-07, unitary_metric = 1.00000
Error = :3.78e-02; Runtime: 21.2s; Iterations = 800, grads =   6.197e-07, unitary_metric = 1.00000
Error = :3.77e-02; Runtime: 21.8s; Iterations = 820, grads =   5.670e-07, unitary_metric = 1.00000
Error = :3.76e-02; Runtime: 22.3s; Iterations = 840, grads =   5.204e-07, unitary_metric = 1.00000
Error = :3.76e-02; Runtime: 22.8s; Iterations = 860, grads =   4.788e-07, unitary_metric = 1.00000
Error = :3.75e-02; Runtime: 23.2s; Iterations = 880, grads =   4.416e-07, unitary_metric = 1.00000
Error = :3.74e-02; Runtime: 23.7s; Iterations = 900, grads =   4.083e-07, unitary_metric = 1.00000
Error = :3.74e-02; Runtime: 24.3s; Iterations = 920, grads =   3.780e-07, unitary_metric = 1.00000
Error = :3.74e-02; Runtime: 24.8s; Iterations = 940, grads =   3.505e-07, unitary_metric = 1.00000
Error = :3.73e-02; Runtime: 25.3s; Iterations = 960, grads =   3.256e-07, unitary_metric = 1.00000
Error = :3.73e-02; Runtime: 25.8s; Iterations = 980, grads =   3.028e-07, unitary_metric = 1.00000
Error = :3.72e-02; Runtime: 26.3s; Iterations = 1000, grads =   2.820e-07, unitary_metric = 1.00000
Error = :3.72e-02; Runtime: 26.9s; Iterations = 1020, grads =   2.629e-07, unitary_metric = 1.00000
Error = :3.72e-02; Runtime: 27.4s; Iterations = 1040, grads =   2.454e-07, unitary_metric = 1.00000
Error = :3.72e-02; Runtime: 27.9s; Iterations = 1060, grads =   2.295e-07, unitary_metric = 1.00000
Error = :3.71e-02; Runtime: 28.4s; Iterations = 1080, grads =   2.150e-07, unitary_metric = 1.00000
Error = :3.71e-02; Runtime: 28.9s; Iterations = 1100, grads =   2.021e-07, unitary_metric = 1.00000
Error = :3.71e-02; Runtime: 29.5s; Iterations = 1120, grads =   1.908e-07, unitary_metric = 1.00000
Error = :3.71e-02; Runtime: 30.0s; Iterations = 1140, grads =   1.817e-07, unitary_metric = 1.00000
Error = :3.71e-02; Runtime: 30.5s; Iterations = 1160, grads =   1.755e-07, unitary_metric = 1.00000
Error = :3.72e-02; Runtime: 31.0s; Iterations = 1180, grads =   1.736e-07, unitary_metric = 1.00000
Error = :3.72e-02; Runtime: 31.5s; Iterations = 1200, grads =   1.780e-07, unitary_metric = 1.00000
Error = :3.72e-02; Runtime: 32.0s; Iterations = 1220, grads =   1.912e-07, unitary_metric = 1.00000
Error = :3.73e-02; Runtime: 32.5s; Iterations = 1240, grads =   2.154e-07, unitary_metric = 1.00000
Error = :3.73e-02; Runtime: 33.0s; Iterations = 1260, grads =   2.501e-07, unitary_metric = 1.00000
Error = :3.74e-02; Runtime: 33.5s; Iterations = 1280, grads =   2.901e-07, unitary_metric = 1.00000
Error = :3.74e-02; Runtime: 34.0s; Iterations = 1300, grads =   3.235e-07, unitary_metric = 1.00000
Error = :3.75e-02; Runtime: 34.6s; Iterations = 1320, grads =   3.366e-07, unitary_metric = 1.00000
Error = :3.75e-02; Runtime: 35.1s; Iterations = 1340, grads =   3.227e-07, unitary_metric = 1.00000
Error = :3.74e-02; Runtime: 35.6s; Iterations = 1360, grads =   2.892e-07, unitary_metric = 1.00000
Error = :3.74e-02; Runtime: 36.1s; Iterations = 1380, grads =   2.501e-07, unitary_metric = 1.00000
Error = :3.74e-02; Runtime: 36.6s; Iterations = 1400, grads =   2.160e-07, unitary_metric = 1.00000
Error = :3.74e-02; Runtime: 37.2s; Iterations = 1420, grads =   1.899e-07, unitary_metric = 1.00000
Error = :3.74e-02; Runtime: 37.7s; Iterations = 1440, grads =   1.706e-07, unitary_metric = 1.00000
Error = :3.73e-02; Runtime: 38.2s; Iterations = 1460, grads =   1.561e-07, unitary_metric = 1.00000
Error = :3.73e-02; Runtime: 38.7s; Iterations = 1480, grads =   1.448e-07, unitary_metric = 1.00000
Error = :3.73e-02; Runtime: 39.1s; Iterations = 1500, grads =   1.356e-07, unitary_metric = 1.00000
Error = :3.73e-02; Runtime: 39.7s; Iterations = 1520, grads =   1.279e-07, unitary_metric = 1.00000
Error = :3.73e-02; Runtime: 40.2s; Iterations = 1540, grads =   1.215e-07, unitary_metric = 1.00000
Error = :3.73e-02; Runtime: 40.7s; Iterations = 1560, grads =   1.165e-07, unitary_metric = 1.00000
Error = :3.73e-02; Runtime: 41.2s; Iterations = 1580, grads =   1.163e-07, unitary_metric = 1.00000
Error = :3.73e-02; Runtime: 41.7s; Iterations = 1600, grads =   1.364e-07, unitary_metric = 1.00000
Error = :3.73e-02; Runtime: 42.4s; Iterations = 1620, grads =   1.776e-07, unitary_metric = 1.00000
Error = :3.74e-02; Runtime: 42.8s; Iterations = 1640, grads =   2.219e-07, unitary_metric = 1.00000
Error = :3.74e-02; Runtime: 43.3s; Iterations = 1660, grads =   2.551e-07, unitary_metric = 1.00000
Error = :3.74e-02; Runtime: 43.8s; Iterations = 1680, grads =   2.564e-07, unitary_metric = 1.00000
Error = :3.74e-02; Runtime: 44.3s; Iterations = 1700, grads =   2.271e-07, unitary_metric = 1.00000
Error = :3.73e-02; Runtime: 44.9s; Iterations = 1720, grads =   1.835e-07, unitary_metric = 1.00000
Error = :3.73e-02; Runtime: 45.4s; Iterations = 1740, grads =   1.459e-07, unitary_metric = 1.00000
Error = :3.73e-02; Runtime: 45.9s; Iterations = 1760, grads =   1.208e-07, unitary_metric = 1.00000
Error = :3.73e-02; Runtime: 46.4s; Iterations = 1780, grads =   1.048e-07, unitary_metric = 1.00000
Error = :3.73e-02; Runtime: 46.9s; Iterations = 1800, grads =   9.404e-08, unitary_metric = 1.00000
Error = :3.73e-02; Runtime: 47.5s; Iterations = 1820, grads =   8.620e-08, unitary_metric = 1.00000
Error = :3.73e-02; Runtime: 48.0s; Iterations = 1840, grads =   8.024e-08, unitary_metric = 1.00000
Error = :3.73e-02; Runtime: 48.4s; Iterations = 1860, grads =   7.549e-08, unitary_metric = 1.00000
Error = :3.72e-02; Runtime: 48.9s; Iterations = 1880, grads =   7.155e-08, unitary_metric = 1.00000
Error = :3.72e-02; Runtime: 49.4s; Iterations = 1900, grads =   6.813e-08, unitary_metric = 1.00000
Error = :3.72e-02; Runtime: 50.2s; Iterations = 1920, grads =   6.502e-08, unitary_metric = 1.00000
Error = :3.72e-02; Runtime: 50.7s; Iterations = 1940, grads =   6.208e-08, unitary_metric = 1.00000
Error = :3.72e-02; Runtime: 51.2s; Iterations = 1960, grads =   5.925e-08, unitary_metric = 1.00000
Error = :3.72e-02; Runtime: 51.7s; Iterations = 1980, grads =   5.650e-08, unitary_metric = 1.00000
Error = :3.72e-02; Runtime: 52.2s; Iterations = 2000, grads =   5.385e-08, unitary_metric = 1.00000
Error = :3.72e-02; Runtime: 52.7s; Iterations = 2020, grads =   5.129e-08, unitary_metric = 1.00000
Error = :3.72e-02; Runtime: 53.2s; Iterations = 2040, grads =   4.888e-08, unitary_metric = 1.00000
Error = :3.72e-02; Runtime: 53.7s; Iterations = 2060, grads =   4.660e-08, unitary_metric = 1.00000
Error = :3.72e-02; Runtime: 54.2s; Iterations = 2080, grads =   4.442e-08, unitary_metric = 1.00000
Error = :3.72e-02; Runtime: 54.7s; Iterations = 2100, grads =   4.240e-08, unitary_metric = 1.00000
Error = :3.72e-02; Runtime: 55.3s; Iterations = 2120, grads =   4.050e-08, unitary_metric = 1.00000
Error = :3.72e-02; Runtime: 55.8s; Iterations = 2140, grads =   3.878e-08, unitary_metric = 1.00000
Error = :3.72e-02; Runtime: 56.3s; Iterations = 2160, grads =   3.713e-08, unitary_metric = 1.00000
Error = :3.72e-02; Runtime: 56.8s; Iterations = 2180, grads =   3.561e-08, unitary_metric = 1.00000
Error = :3.72e-02; Runtime: 57.3s; Iterations = 2200, grads =   3.415e-08, unitary_metric = 1.00000
Error = :3.72e-02; Runtime: 57.9s; Iterations = 2220, grads =   3.279e-08, unitary_metric = 1.00000
Error = :3.71e-02; Runtime: 58.3s; Iterations = 2240, grads =   3.151e-08, unitary_metric = 1.00000
Error = :3.71e-02; Runtime: 58.8s; Iterations = 2260, grads =   3.028e-08, unitary_metric = 1.00000
Error = :3.71e-02; Runtime: 59.3s; Iterations = 2280, grads =   2.914e-08, unitary_metric = 1.00000
Error = :3.71e-02; Runtime: 59.8s; Iterations = 2300, grads =   2.808e-08, unitary_metric = 1.00000
Error = :3.71e-02; Runtime: 60.4s; Iterations = 2320, grads =   2.711e-08, unitary_metric = 1.00000
Error = :3.71e-02; Runtime: 60.9s; Iterations = 2340, grads =   2.622e-08, unitary_metric = 1.00000
Error = :3.71e-02; Runtime: 61.4s; Iterations = 2360, grads =   2.537e-08, unitary_metric = 1.00000
Error = :3.71e-02; Runtime: 61.9s; Iterations = 2380, grads =   2.457e-08, unitary_metric = 1.00000
Error = :3.71e-02; Runtime: 62.4s; Iterations = 2400, grads =   2.385e-08, unitary_metric = 1.00000
Error = :3.71e-02; Runtime: 63.0s; Iterations = 2420, grads =   2.313e-08, unitary_metric = 1.00000
Error = :3.71e-02; Runtime: 63.5s; Iterations = 2440, grads =   2.247e-08, unitary_metric = 1.00000
Error = :3.71e-02; Runtime: 63.9s; Iterations = 2460, grads =   2.184e-08, unitary_metric = 1.00000
Error = :3.71e-02; Runtime: 64.4s; Iterations = 2480, grads =   2.124e-08, unitary_metric = 1.00000
Error = :3.71e-02; Runtime: 64.9s; Iterations = 2500, grads =   2.068e-08, unitary_metric = 1.00000
Error = :3.71e-02; Runtime: 65.5s; Iterations = 2520, grads =   2.016e-08, unitary_metric = 1.00000
Error = :3.71e-02; Runtime: 66.0s; Iterations = 2540, grads =   1.965e-08, unitary_metric = 1.00000
Error = :3.71e-02; Runtime: 66.5s; Iterations = 2560, grads =   1.913e-08, unitary_metric = 1.00000
Error = :3.71e-02; Runtime: 67.0s; Iterations = 2580, grads =   1.867e-08, unitary_metric = 1.00000
Error = :3.71e-02; Runtime: 67.5s; Iterations = 2600, grads =   1.824e-08, unitary_metric = 1.00000
Error = :3.71e-02; Runtime: 68.1s; Iterations = 2620, grads =   1.781e-08, unitary_metric = 1.00000
Error = :3.71e-02; Runtime: 68.6s; Iterations = 2640, grads =   1.740e-08, unitary_metric = 1.00000
Error = :3.71e-02; Runtime: 69.1s; Iterations = 2660, grads =   1.702e-08, unitary_metric = 1.00000
Error = :3.71e-02; Runtime: 69.6s; Iterations = 2680, grads =   1.664e-08, unitary_metric = 1.00000
Error = :3.71e-02; Runtime: 70.1s; Iterations = 2700, grads =   1.629e-08, unitary_metric = 1.00000
Error = :3.71e-02; Runtime: 70.7s; Iterations = 2720, grads =   1.593e-08, unitary_metric = 1.00000
Error = :3.71e-02; Runtime: 71.2s; Iterations = 2740, grads =   1.561e-08, unitary_metric = 1.00000
Error = :3.71e-02; Runtime: 71.7s; Iterations = 2760, grads =   1.530e-08, unitary_metric = 1.00000
Error = :3.71e-02; Runtime: 72.1s; Iterations = 2780, grads =   1.500e-08, unitary_metric = 1.00000
Error = :3.71e-02; Runtime: 72.6s; Iterations = 2800, grads =   1.472e-08, unitary_metric = 1.00000
Error = :3.71e-02; Runtime: 73.2s; Iterations = 2820, grads =   1.443e-08, unitary_metric = 1.00000
Error = :3.71e-02; Runtime: 73.7s; Iterations = 2840, grads =   1.417e-08, unitary_metric = 1.00000
Error = :3.71e-02; Runtime: 74.2s; Iterations = 2860, grads =   1.392e-08, unitary_metric = 1.00000
Error = :3.71e-02; Runtime: 74.7s; Iterations = 2880, grads =   1.366e-08, unitary_metric = 1.00000
Error = :3.71e-02; Runtime: 75.2s; Iterations = 2900, grads =   1.343e-08, unitary_metric = 1.00000
Error = :3.71e-02; Runtime: 75.8s; Iterations = 2920, grads =   1.320e-08, unitary_metric = 1.00000
Error = :3.71e-02; Runtime: 76.3s; Iterations = 2940, grads =   1.298e-08, unitary_metric = 1.00000
Error = :3.71e-02; Runtime: 76.8s; Iterations = 2960, grads =   1.277e-08, unitary_metric = 1.00000
Error = :3.71e-02; Runtime: 77.3s; Iterations = 2980, grads =   1.255e-08, unitary_metric = 1.00000
Error = :3.71e-02; Runtime: 77.8s; Iterations = 3000, grads =   1.236e-08, unitary_metric = 1.00000
Error = :3.71e-02; Runtime: 78.4s; Iterations = 3020, grads =   1.215e-08, unitary_metric = 1.00000
Error = :3.71e-02; Runtime: 78.9s; Iterations = 3040, grads =   1.197e-08, unitary_metric = 1.00000
Error = :3.71e-02; Runtime: 79.4s; Iterations = 3060, grads =   1.178e-08, unitary_metric = 1.00000
Error = :3.71e-02; Runtime: 79.9s; Iterations = 3080, grads =   1.160e-08, unitary_metric = 1.00000
Error = :3.71e-02; Runtime: 80.3s; Iterations = 3100, grads =   1.142e-08, unitary_metric = 1.00000
Error = :3.71e-02; Runtime: 80.9s; Iterations = 3120, grads =   1.127e-08, unitary_metric = 1.00000
Error = :3.71e-02; Runtime: 81.4s; Iterations = 3140, grads =   1.111e-08, unitary_metric = 1.00000
Error = :3.71e-02; Runtime: 81.9s; Iterations = 3160, grads =   1.093e-08, unitary_metric = 1.00000
Error = :3.71e-02; Runtime: 82.4s; Iterations = 3180, grads =   1.076e-08, unitary_metric = 1.00000
Error = :3.71e-02; Runtime: 82.9s; Iterations = 3200, grads =   1.063e-08, unitary_metric = 1.00000
Error = :3.71e-02; Runtime: 83.5s; Iterations = 3220, grads =   1.048e-08, unitary_metric = 1.00000
Error = :3.71e-02; Runtime: 84.0s; Iterations = 3240, grads =   1.031e-08, unitary_metric = 1.00000
Error = :3.71e-02; Runtime: 84.5s; Iterations = 3260, grads =   1.017e-08, unitary_metric = 1.00000
Error = :3.71e-02; Runtime: 85.0s; Iterations = 3280, grads =   1.003e-08, unitary_metric = 1.00000
Error = :3.71e-02; Runtime: 85.5s; Iterations = 3300, grads =   9.896e-09, unitary_metric = 1.00000
Error = :3.71e-02; Runtime: 86.0s; Iterations = 3320, grads =   9.737e-09, unitary_metric = 1.00000
Error = :3.71e-02; Runtime: 86.5s; Iterations = 3340, grads =   9.599e-09, unitary_metric = 1.00000
Error = :3.71e-02; Runtime: 87.0s; Iterations = 3360, grads =   9.478e-09, unitary_metric = 1.00000
Error = :3.71e-02; Runtime: 87.5s; Iterations = 3380, grads =   9.338e-09, unitary_metric = 1.00000
Error = :3.71e-02; Runtime: 88.0s; Iterations = 3400, grads =   9.206e-09, unitary_metric = 1.00000
Error = :3.71e-02; Runtime: 88.6s; Iterations = 3420, grads =   9.074e-09, unitary_metric = 1.00000
Error = :3.71e-02; Runtime: 89.1s; Iterations = 3440, grads =   8.975e-09, unitary_metric = 1.00000
Error = :3.71e-02; Runtime: 89.6s; Iterations = 3460, grads =   8.828e-09, unitary_metric = 1.00000
Error = :3.71e-02; Runtime: 90.1s; Iterations = 3480, grads =   8.701e-09, unitary_metric = 1.00000
Error = :3.71e-02; Runtime: 90.6s; Iterations = 3500, grads =   8.588e-09, unitary_metric = 1.00000
Error = :3.71e-02; Runtime: 91.2s; Iterations = 3520, grads =   8.506e-09, unitary_metric = 1.00000
Error = :3.72e-02; Runtime: 91.7s; Iterations = 3540, grads =   8.336e-09, unitary_metric = 1.00000
Error = :3.72e-02; Runtime: 92.2s; Iterations = 3560, grads =   8.226e-09, unitary_metric = 1.00000
Error = :3.72e-02; Runtime: 92.7s; Iterations = 3580, grads =   8.118e-09, unitary_metric = 1.00000
Error = :3.72e-02; Runtime: 93.2s; Iterations = 3600, grads =   7.979e-09, unitary_metric = 1.00000
Error = :3.72e-02; Runtime: 93.8s; Iterations = 3620, grads =   7.864e-09, unitary_metric = 1.00000
Error = :3.72e-02; Runtime: 94.3s; Iterations = 3640, grads =   7.762e-09, unitary_metric = 1.00000
Error = :3.72e-02; Runtime: 94.7s; Iterations = 3660, grads =   7.637e-09, unitary_metric = 1.00000
Error = :3.72e-02; Runtime: 95.2s; Iterations = 3680, grads =   7.517e-09, unitary_metric = 1.00000
Error = :3.72e-02; Runtime: 95.7s; Iterations = 3700, grads =   7.401e-09, unitary_metric = 1.00000
Error = :3.72e-02; Runtime: 96.3s; Iterations = 3720, grads =   7.306e-09, unitary_metric = 1.00000
Error = :3.72e-02; Runtime: 96.8s; Iterations = 3740, grads =   7.165e-09, unitary_metric = 1.00000
Error = :3.72e-02; Runtime: 97.3s; Iterations = 3760, grads =   7.076e-09, unitary_metric = 1.00000
Error = :3.72e-02; Runtime: 97.8s; Iterations = 3780, grads =   6.937e-09, unitary_metric = 1.00000
Error = :3.72e-02; Runtime: 98.3s; Iterations = 3800, grads =   6.822e-09, unitary_metric = 1.00000
Error = :3.72e-02; Runtime: 98.9s; Iterations = 3820, grads =   6.705e-09, unitary_metric = 1.00000
Error = :3.72e-02; Runtime: 99.4s; Iterations = 3840, grads =   6.591e-09, unitary_metric = 1.00000
Error = :3.72e-02; Runtime: 99.9s; Iterations = 3860, grads =   6.525e-09, unitary_metric = 1.00000
Error = :3.72e-02; Runtime: 100.4s; Iterations = 3880, grads =   6.423e-09, unitary_metric = 1.00000
Error = :3.72e-02; Runtime: 100.8s; Iterations = 3900, grads =   6.384e-09, unitary_metric = 1.00000
Error = :3.72e-02; Runtime: 101.4s; Iterations = 3920, grads =   6.158e-09, unitary_metric = 1.00000
Error = :3.72e-02; Runtime: 101.9s; Iterations = 3940, grads =   6.065e-09, unitary_metric = 1.00000
Error = :3.72e-02; Runtime: 102.4s; Iterations = 3960, grads =   5.944e-09, unitary_metric = 1.00000
Error = :3.72e-02; Runtime: 102.9s; Iterations = 3980, grads =   5.873e-09, unitary_metric = 1.00000
Error = :3.72e-02; Runtime: 103.4s; Iterations = 4000, grads =   5.741e-09, unitary_metric = 1.00000
Error = :3.72e-02; Runtime: 104.0s; Iterations = 4020, grads =   5.693e-09, unitary_metric = 1.00000
Error = :3.72e-02; Runtime: 104.5s; Iterations = 4040, grads =   5.568e-09, unitary_metric = 1.00000
Error = :3.72e-02; Runtime: 105.0s; Iterations = 4060, grads =   5.543e-09, unitary_metric = 1.00000
Error = :3.72e-02; Runtime: 105.5s; Iterations = 4080, grads =   5.457e-09, unitary_metric = 1.00000
Error = :3.72e-02; Runtime: 106.0s; Iterations = 4100, grads =   5.280e-09, unitary_metric = 1.00000
Error = :3.72e-02; Runtime: 106.6s; Iterations = 4120, grads =   5.207e-09, unitary_metric = 1.00000
Error = :3.72e-02; Runtime: 107.0s; Iterations = 4140, grads =   5.113e-09, unitary_metric = 1.00000
Error = :3.72e-02; Runtime: 107.5s; Iterations = 4160, grads =   5.053e-09, unitary_metric = 1.00000
Error = :3.72e-02; Runtime: 108.0s; Iterations = 4180, grads =   4.989e-09, unitary_metric = 1.00000
Error = :3.72e-02; Runtime: 108.5s; Iterations = 4200, grads =   4.885e-09, unitary_metric = 1.00000
Error = :3.72e-02; Runtime: 109.1s; Iterations = 4220, grads =   4.810e-09, unitary_metric = 1.00000
Error = :3.72e-02; Runtime: 109.6s; Iterations = 4240, grads =   4.888e-09, unitary_metric = 1.00000
Error = :3.72e-02; Runtime: 110.1s; Iterations = 4260, grads =   4.802e-09, unitary_metric = 1.00000
Error = :3.72e-02; Runtime: 110.6s; Iterations = 4280, grads =   4.850e-09, unitary_metric = 1.00000
Error = :3.72e-02; Runtime: 111.1s; Iterations = 4300, grads =   4.513e-09, unitary_metric = 1.00000
Error = :3.72e-02; Runtime: 111.7s; Iterations = 4320, grads =   5.456e-09, unitary_metric = 1.00000
Error = :3.72e-02; Runtime: 112.2s; Iterations = 4340, grads =   2.484e-07, unitary_metric = 1.00000
Error = :3.72e-02; Runtime: 112.7s; Iterations = 4360, grads =   1.011e-06, unitary_metric = 1.00000
Error = :3.72e-02; Runtime: 113.2s; Iterations = 4380, grads =   1.792e-07, unitary_metric = 1.00000
Error = :3.72e-02; Runtime: 113.7s; Iterations = 4400, grads =   3.233e-08, unitary_metric = 1.00000
Error = :3.72e-02; Runtime: 114.3s; Iterations = 4420, grads =   1.058e-08, unitary_metric = 1.00000
Error = :3.72e-02; Runtime: 114.7s; Iterations = 4440, grads =   5.239e-09, unitary_metric = 1.00000
Error = :3.72e-02; Runtime: 115.2s; Iterations = 4460, grads =   4.018e-09, unitary_metric = 1.00000
Error = :3.72e-02; Runtime: 115.7s; Iterations = 4480, grads =   4.186e-09, unitary_metric = 1.00000
Error = :3.72e-02; Runtime: 116.2s; Iterations = 4500, grads =   4.017e-09, unitary_metric = 1.00000
Error = :3.72e-02; Runtime: 116.8s; Iterations = 4520, grads =   4.001e-09, unitary_metric = 1.00000
Error = :3.72e-02; Runtime: 117.3s; Iterations = 4540, grads =   3.801e-09, unitary_metric = 1.00000
Error = :3.72e-02; Runtime: 117.8s; Iterations = 4560, grads =   4.019e-09, unitary_metric = 1.00000
Error = :3.72e-02; Runtime: 118.3s; Iterations = 4580, grads =   1.521e-08, unitary_metric = 1.00000
Error = :3.72e-02; Runtime: 118.8s; Iterations = 4600, grads =   9.430e-07, unitary_metric = 1.00000
Error = :3.72e-02; Runtime: 119.4s; Iterations = 4620, grads =   7.393e-07, unitary_metric = 1.00000
Error = :3.72e-02; Runtime: 119.9s; Iterations = 4640, grads =   3.565e-09, unitary_metric = 1.00000
Error = :3.72e-02; Runtime: 120.3s; Iterations = 4660, grads =   2.147e-08, unitary_metric = 1.00000
Error = :3.72e-02; Runtime: 120.8s; Iterations = 4680, grads =   4.262e-09, unitary_metric = 1.00000
Error = :3.72e-02; Runtime: 121.3s; Iterations = 4700, grads =   3.391e-09, unitary_metric = 1.00000
Error = :3.72e-02; Runtime: 121.9s; Iterations = 4720, grads =   3.361e-09, unitary_metric = 1.00000
Error = :3.72e-02; Runtime: 122.4s; Iterations = 4740, grads =   3.871e-09, unitary_metric = 1.00000
Error = :3.72e-02; Runtime: 122.9s; Iterations = 4760, grads =   4.273e-09, unitary_metric = 1.00000
Error = :3.72e-02; Runtime: 123.4s; Iterations = 4780, grads =   7.749e-09, unitary_metric = 1.00000
Error = :3.72e-02; Runtime: 123.9s; Iterations = 4800, grads =   6.885e-08, unitary_metric = 1.00000
Error = :3.72e-02; Runtime: 124.5s; Iterations = 4820, grads =   2.619e-06, unitary_metric = 1.00000
Error = :3.72e-02; Runtime: 125.0s; Iterations = 4840, grads =   3.639e-07, unitary_metric = 1.00000
Error = :3.72e-02; Runtime: 125.5s; Iterations = 4860, grads =   1.118e-08, unitary_metric = 1.00000
Error = :3.72e-02; Runtime: 126.0s; Iterations = 4880, grads =   1.184e-08, unitary_metric = 1.00000
Error = :3.72e-02; Runtime: 126.5s; Iterations = 4900, grads =   5.507e-09, unitary_metric = 1.00000
Error = :3.72e-02; Runtime: 127.1s; Iterations = 4920, grads =   3.189e-09, unitary_metric = 1.00000
Error = :3.72e-02; Runtime: 127.6s; Iterations = 4940, grads =   3.320e-09, unitary_metric = 1.00000
Error = :3.72e-02; Runtime: 128.1s; Iterations = 4960, grads =   2.895e-09, unitary_metric = 1.00000
Error = :3.72e-02; Runtime: 128.5s; Iterations = 4980, grads =   3.946e-09, unitary_metric = 1.00000
Error = :3.72e-02; Runtime: 129.0s; Iterations = 5000, grads =   3.700e-07, unitary_metric = 1.00000
Error = :3.72e-02; Runtime: 129.6s; Iterations = 5020, grads =   1.683e-07, unitary_metric = 1.00000
Error = :3.72e-02; Runtime: 130.1s; Iterations = 5040, grads =   7.203e-09, unitary_metric = 1.00000
Error = :3.72e-02; Runtime: 130.6s; Iterations = 5060, grads =   3.015e-09, unitary_metric = 1.00000
Error = :3.72e-02; Runtime: 131.1s; Iterations = 5080, grads =   4.518e-09, unitary_metric = 1.00000
Error = :3.72e-02; Runtime: 131.6s; Iterations = 5100, grads =   3.278e-09, unitary_metric = 1.00000
Error = :3.72e-02; Runtime: 132.2s; Iterations = 5120, grads =   2.654e-09, unitary_metric = 1.00000
Error = :3.72e-02; Runtime: 132.7s; Iterations = 5140, grads =   2.639e-09, unitary_metric = 1.00000
Error = :3.72e-02; Runtime: 133.2s; Iterations = 5160, grads =   2.614e-09, unitary_metric = 1.00000
Error = :3.72e-02; Runtime: 133.7s; Iterations = 5180, grads =   3.038e-09, unitary_metric = 1.00000
Error = :3.72e-02; Runtime: 134.2s; Iterations = 5200, grads =   2.505e-09, unitary_metric = 1.00000
Error = :3.72e-02; Runtime: 134.8s; Iterations = 5220, grads =   3.770e-09, unitary_metric = 1.00000
Error = :3.72e-02; Runtime: 135.2s; Iterations = 5240, grads =   1.138e-07, unitary_metric = 1.00000
Error = :3.72e-02; Runtime: 135.7s; Iterations = 5260, grads =   1.852e-06, unitary_metric = 1.00000
Error = :3.72e-02; Runtime: 136.2s; Iterations = 5280, grads =   2.046e-08, unitary_metric = 1.00000
Error = :3.72e-02; Runtime: 136.7s; Iterations = 5300, grads =   3.051e-08, unitary_metric = 1.00000
Error = :3.72e-02; Runtime: 137.3s; Iterations = 5320, grads =   2.810e-09, unitary_metric = 1.00000
Error = :3.72e-02; Runtime: 137.8s; Iterations = 5340, grads =   2.378e-09, unitary_metric = 1.00000
Error = :3.72e-02; Runtime: 138.3s; Iterations = 5360, grads =   2.277e-09, unitary_metric = 1.00000
Error = :3.72e-02; Runtime: 138.8s; Iterations = 5380, grads =   2.669e-09, unitary_metric = 1.00000
Error = :3.72e-02; Runtime: 139.3s; Iterations = 5400, grads =   2.838e-09, unitary_metric = 1.00000
Error = :3.72e-02; Runtime: 139.9s; Iterations = 5420, grads =   1.810e-08, unitary_metric = 1.00000
Error = :3.72e-02; Runtime: 140.4s; Iterations = 5440, grads =   1.045e-06, unitary_metric = 1.00000
Error = :3.72e-02; Runtime: 140.9s; Iterations = 5460, grads =   4.937e-07, unitary_metric = 1.00000
Error = :3.72e-02; Runtime: 141.4s; Iterations = 5480, grads =   2.273e-09, unitary_metric = 1.00000
Error = :3.72e-02; Runtime: 141.9s; Iterations = 5500, grads =   1.015e-08, unitary_metric = 1.00000
Error = :3.72e-02; Runtime: 142.5s; Iterations = 5520, grads =   2.899e-09, unitary_metric = 1.00000
Error = :3.72e-02; Runtime: 142.9s; Iterations = 5540, grads =   3.136e-09, unitary_metric = 1.00000
Error = :3.72e-02; Runtime: 143.4s; Iterations = 5560, grads =   2.067e-09, unitary_metric = 1.00000
Error = :3.72e-02; Runtime: 143.9s; Iterations = 5580, grads =   4.179e-09, unitary_metric = 1.00000
Error = :3.72e-02; Runtime: 144.4s; Iterations = 5600, grads =   4.092e-09, unitary_metric = 1.00000
Error = :3.72e-02; Runtime: 145.0s; Iterations = 5620, grads =   1.112e-07, unitary_metric = 1.00000
Error = :3.72e-02; Runtime: 145.5s; Iterations = 5640, grads =   1.099e-06, unitary_metric = 1.00000
Error = :3.72e-02; Runtime: 146.0s; Iterations = 5660, grads =   1.094e-08, unitary_metric = 1.00000
Error = :3.72e-02; Runtime: 146.5s; Iterations = 5680, grads =   2.282e-08, unitary_metric = 1.00000
Error = :3.72e-02; Runtime: 147.0s; Iterations = 5700, grads =   3.615e-09, unitary_metric = 1.00000
Error = :3.72e-02; Runtime: 147.6s; Iterations = 5720, grads =   1.891e-09, unitary_metric = 1.00000
Error = :3.72e-02; Runtime: 148.1s; Iterations = 5740, grads =   2.398e-09, unitary_metric = 1.00000
Error = :3.72e-02; Runtime: 148.6s; Iterations = 5760, grads =   2.159e-09, unitary_metric = 1.00000
Error = :3.72e-02; Runtime: 149.1s; Iterations = 5780, grads =   1.085e-08, unitary_metric = 1.00000
Error = :3.72e-02; Runtime: 149.5s; Iterations = 5800, grads =   3.281e-07, unitary_metric = 1.00000
Error = :3.72e-02; Runtime: 150.1s; Iterations = 5820, grads =   2.850e-09, unitary_metric = 1.00000
Error = :3.72e-02; Runtime: 150.6s; Iterations = 5840, grads =   7.579e-08, unitary_metric = 1.00000
Error = :3.72e-02; Runtime: 151.1s; Iterations = 5860, grads =   6.991e-09, unitary_metric = 1.00000
Error = :3.72e-02; Runtime: 151.6s; Iterations = 5880, grads =   2.486e-09, unitary_metric = 1.00000
Error = :3.72e-02; Runtime: 152.1s; Iterations = 5900, grads =   1.746e-09, unitary_metric = 1.00000
Error = :3.72e-02; Runtime: 152.7s; Iterations = 5920, grads =   1.878e-09, unitary_metric = 1.00000
Error = :3.72e-02; Runtime: 153.2s; Iterations = 5940, grads =   7.903e-09, unitary_metric = 1.00000
Error = :3.72e-02; Runtime: 153.7s; Iterations = 5960, grads =   1.591e-07, unitary_metric = 1.00000
Error = :3.72e-02; Runtime: 154.2s; Iterations = 5980, grads =   3.060e-07, unitary_metric = 1.00000
Error = :3.72e-02; Runtime: 154.7s; Iterations = 6000, grads =   1.793e-09, unitary_metric = 1.00000
data saved at: /project/ftchong/qoc/pranav/00021_27_block102.h5


trying total_time: 5.6 for unitary of size (4, 4)
data saved at: /project/ftchong/qoc/pranav/00022_27_block102.h5
Using 6 Taylor terms and 1 Scaling & Squaring terms
Building graph:
Propagators initialized.
Operators weight initialized.
Intermediate propagation variables initialized.
Intermediate propagators initialized.
Vectors initialized.
Training loss initialized.
Optimizer initialized.
Utilities initialized.
Graph built!
Initialized
Error = :8.42e-01; Runtime: 0.2s; Iterations = 0, grads =   1.751e-01, unitary_metric = 1.00000
Error = :5.78e-01; Runtime: 1.2s; Iterations = 20, grads =   4.752e-02, unitary_metric = 1.00000
Error = :5.05e-01; Runtime: 1.9s; Iterations = 40, grads =   4.401e-03, unitary_metric = 1.00000
Error = :5.00e-01; Runtime: 2.6s; Iterations = 60, grads =   1.013e-03, unitary_metric = 1.00000
Error = :4.99e-01; Runtime: 3.4s; Iterations = 80, grads =   1.310e-04, unitary_metric = 1.00000
Error = :4.87e-01; Runtime: 4.3s; Iterations = 100, grads =   5.053e-04, unitary_metric = 1.00000
Error = :3.06e-01; Runtime: 5.2s; Iterations = 120, grads =   8.221e-03, unitary_metric = 1.00000
Error = :5.78e-02; Runtime: 5.9s; Iterations = 140, grads =   1.369e-03, unitary_metric = 0.99999
Error = :9.12e-03; Runtime: 6.7s; Iterations = 160, grads =   1.882e-04, unitary_metric = 0.99999
Error = :1.98e-03; Runtime: 7.4s; Iterations = 180, grads =   2.714e-05, unitary_metric = 1.00000
Error = :9.79e-04; Runtime: 7.8s; Iterations = 190, grads =   1.310e-05, unitary_metric = 1.00000
data saved at: /project/ftchong/qoc/pranav/00022_27_block102.h5


trying total_time: 4.65 for unitary of size (4, 4)
data saved at: /project/ftchong/qoc/pranav/00023_27_block102.h5
Using 6 Taylor terms and 1 Scaling & Squaring terms
Building graph:
Propagators initialized.
Operators weight initialized.
Intermediate propagation variables initialized.
Intermediate propagators initialized.
Vectors initialized.
Training loss initialized.
Optimizer initialized.
Utilities initialized.
Graph built!
Initialized
Error = :9.74e-01; Runtime: 0.1s; Iterations = 0, grads =   5.725e-02, unitary_metric = 1.00000
Error = :5.63e-01; Runtime: 1.0s; Iterations = 20, grads =   4.464e-02, unitary_metric = 1.00000
Error = :5.05e-01; Runtime: 1.6s; Iterations = 40, grads =   1.267e-02, unitary_metric = 1.00000
Error = :5.00e-01; Runtime: 2.2s; Iterations = 60, grads =   2.096e-03, unitary_metric = 1.00000
Error = :4.94e-01; Runtime: 2.8s; Iterations = 80, grads =   3.974e-04, unitary_metric = 1.00000
Error = :4.56e-01; Runtime: 3.4s; Iterations = 100, grads =   2.724e-03, unitary_metric = 1.00000
Error = :2.06e-01; Runtime: 4.1s; Iterations = 120, grads =   7.669e-03, unitary_metric = 1.00000
Error = :4.23e-02; Runtime: 4.7s; Iterations = 140, grads =   5.752e-04, unitary_metric = 1.00000
Error = :1.49e-02; Runtime: 5.4s; Iterations = 160, grads =   1.210e-04, unitary_metric = 1.00000
Error = :7.54e-03; Runtime: 6.0s; Iterations = 180, grads =   4.602e-05, unitary_metric = 1.00000
Error = :4.64e-03; Runtime: 6.6s; Iterations = 200, grads =   2.173e-05, unitary_metric = 1.00000
Error = :3.17e-03; Runtime: 7.4s; Iterations = 220, grads =   1.277e-05, unitary_metric = 1.00000
Error = :2.29e-03; Runtime: 8.1s; Iterations = 240, grads =   8.149e-06, unitary_metric = 1.00000
Error = :1.71e-03; Runtime: 8.7s; Iterations = 260, grads =   5.654e-06, unitary_metric = 1.00000
Error = :1.32e-03; Runtime: 9.3s; Iterations = 280, grads =   4.047e-06, unitary_metric = 1.00000
Error = :1.04e-03; Runtime: 9.9s; Iterations = 300, grads =   2.994e-06, unitary_metric = 1.00000
Error = :9.93e-04; Runtime: 10.1s; Iterations = 304, grads =   2.826e-06, unitary_metric = 1.00000
data saved at: /project/ftchong/qoc/pranav/00023_27_block102.h5


trying total_time: 4.2 for unitary of size (4, 4)
data saved at: /project/ftchong/qoc/pranav/00024_27_block102.h5
Using 6 Taylor terms and 1 Scaling & Squaring terms
Building graph:
Propagators initialized.
Operators weight initialized.
Intermediate propagation variables initialized.
Intermediate propagators initialized.
Vectors initialized.
Training loss initialized.
Optimizer initialized.
Utilities initialized.
Graph built!
Initialized
Error = :9.13e-01; Runtime: 0.1s; Iterations = 0, grads =   1.186e-01, unitary_metric = 1.00000
Error = :6.26e-01; Runtime: 0.9s; Iterations = 20, grads =   3.979e-02, unitary_metric = 1.00000
Error = :5.04e-01; Runtime: 1.5s; Iterations = 40, grads =   8.049e-03, unitary_metric = 1.00000
Error = :4.90e-01; Runtime: 2.0s; Iterations = 60, grads =   1.545e-03, unitary_metric = 1.00000
Error = :4.14e-01; Runtime: 2.6s; Iterations = 80, grads =   5.297e-03, unitary_metric = 1.00000
Error = :1.66e-01; Runtime: 3.1s; Iterations = 100, grads =   2.919e-03, unitary_metric = 1.00000
Error = :6.83e-02; Runtime: 3.8s; Iterations = 120, grads =   6.580e-04, unitary_metric = 1.00000
Error = :4.21e-02; Runtime: 4.3s; Iterations = 140, grads =   2.380e-04, unitary_metric = 1.00000
Error = :3.09e-02; Runtime: 4.9s; Iterations = 160, grads =   1.235e-04, unitary_metric = 1.00000
Error = :2.47e-02; Runtime: 5.4s; Iterations = 180, grads =   7.275e-05, unitary_metric = 1.00000
Error = :2.07e-02; Runtime: 6.0s; Iterations = 200, grads =   5.162e-05, unitary_metric = 1.00000
Error = :1.79e-02; Runtime: 6.6s; Iterations = 220, grads =   3.617e-05, unitary_metric = 1.00000
Error = :1.58e-02; Runtime: 7.2s; Iterations = 240, grads =   2.681e-05, unitary_metric = 1.00000
Error = :1.43e-02; Runtime: 7.8s; Iterations = 260, grads =   2.044e-05, unitary_metric = 1.00000
Error = :1.32e-02; Runtime: 8.3s; Iterations = 280, grads =   1.612e-05, unitary_metric = 1.00000
Error = :1.23e-02; Runtime: 8.9s; Iterations = 300, grads =   1.314e-05, unitary_metric = 1.00000
Error = :1.16e-02; Runtime: 9.5s; Iterations = 320, grads =   1.107e-05, unitary_metric = 1.00000
Error = :1.09e-02; Runtime: 10.1s; Iterations = 340, grads =   9.501e-06, unitary_metric = 1.00000
Error = :1.04e-02; Runtime: 10.6s; Iterations = 360, grads =   8.138e-06, unitary_metric = 1.00000
Error = :9.87e-03; Runtime: 11.2s; Iterations = 380, grads =   6.895e-06, unitary_metric = 1.00000
Error = :9.44e-03; Runtime: 11.7s; Iterations = 400, grads =   5.828e-06, unitary_metric = 1.00000
Error = :9.08e-03; Runtime: 12.4s; Iterations = 420, grads =   4.968e-06, unitary_metric = 1.00000
Error = :8.76e-03; Runtime: 13.0s; Iterations = 440, grads =   4.293e-06, unitary_metric = 1.00000
Error = :8.49e-03; Runtime: 13.5s; Iterations = 460, grads =   3.757e-06, unitary_metric = 1.00000
Error = :8.24e-03; Runtime: 14.1s; Iterations = 480, grads =   3.323e-06, unitary_metric = 1.00000
Error = :8.02e-03; Runtime: 14.7s; Iterations = 500, grads =   2.966e-06, unitary_metric = 1.00000
Error = :7.82e-03; Runtime: 15.3s; Iterations = 520, grads =   2.667e-06, unitary_metric = 1.00000
Error = :7.63e-03; Runtime: 15.9s; Iterations = 540, grads =   2.416e-06, unitary_metric = 1.00000
Error = :7.46e-03; Runtime: 16.5s; Iterations = 560, grads =   2.203e-06, unitary_metric = 1.00000
Error = :7.30e-03; Runtime: 17.0s; Iterations = 580, grads =   2.022e-06, unitary_metric = 1.00000
Error = :7.15e-03; Runtime: 17.6s; Iterations = 600, grads =   1.867e-06, unitary_metric = 1.00000
Error = :7.01e-03; Runtime: 18.2s; Iterations = 620, grads =   1.735e-06, unitary_metric = 1.00000
Error = :6.88e-03; Runtime: 18.8s; Iterations = 640, grads =   1.621e-06, unitary_metric = 1.00000
Error = :6.76e-03; Runtime: 19.3s; Iterations = 660, grads =   1.522e-06, unitary_metric = 1.00000
Error = :6.64e-03; Runtime: 19.9s; Iterations = 680, grads =   1.434e-06, unitary_metric = 1.00000
Error = :6.53e-03; Runtime: 20.4s; Iterations = 700, grads =   1.357e-06, unitary_metric = 1.00000
Error = :6.43e-03; Runtime: 21.1s; Iterations = 720, grads =   1.289e-06, unitary_metric = 1.00000
Error = :6.34e-03; Runtime: 21.6s; Iterations = 740, grads =   1.231e-06, unitary_metric = 1.00000
Error = :6.26e-03; Runtime: 22.2s; Iterations = 760, grads =   1.187e-06, unitary_metric = 1.00000
Error = :6.18e-03; Runtime: 22.8s; Iterations = 780, grads =   1.159e-06, unitary_metric = 1.00000
Error = :6.10e-03; Runtime: 23.3s; Iterations = 800, grads =   1.150e-06, unitary_metric = 1.00000
Error = :6.02e-03; Runtime: 24.0s; Iterations = 820, grads =   1.150e-06, unitary_metric = 1.00000
Error = :5.94e-03; Runtime: 24.5s; Iterations = 840, grads =   1.141e-06, unitary_metric = 1.00000
Error = :5.85e-03; Runtime: 25.1s; Iterations = 860, grads =   1.105e-06, unitary_metric = 1.00000
Error = :5.75e-03; Runtime: 25.6s; Iterations = 880, grads =   1.040e-06, unitary_metric = 1.00000
Error = :5.66e-03; Runtime: 26.2s; Iterations = 900, grads =   9.607e-07, unitary_metric = 1.00000
Error = :5.58e-03; Runtime: 26.8s; Iterations = 920, grads =   8.814e-07, unitary_metric = 1.00000
Error = :5.50e-03; Runtime: 27.4s; Iterations = 940, grads =   8.108e-07, unitary_metric = 1.00000
Error = :5.44e-03; Runtime: 27.9s; Iterations = 960, grads =   7.503e-07, unitary_metric = 1.00000
Error = :5.38e-03; Runtime: 28.5s; Iterations = 980, grads =   6.987e-07, unitary_metric = 1.00000
Error = :5.32e-03; Runtime: 29.0s; Iterations = 1000, grads =   6.540e-07, unitary_metric = 1.00000
Error = :5.27e-03; Runtime: 29.7s; Iterations = 1020, grads =   6.147e-07, unitary_metric = 1.00000
Error = :5.22e-03; Runtime: 30.3s; Iterations = 1040, grads =   5.802e-07, unitary_metric = 1.00000
Error = :5.17e-03; Runtime: 30.8s; Iterations = 1060, grads =   5.492e-07, unitary_metric = 1.00000
Error = :5.13e-03; Runtime: 31.4s; Iterations = 1080, grads =   5.217e-07, unitary_metric = 1.00000
Error = :5.08e-03; Runtime: 31.9s; Iterations = 1100, grads =   4.968e-07, unitary_metric = 1.00000
Error = :5.04e-03; Runtime: 32.6s; Iterations = 1120, grads =   4.745e-07, unitary_metric = 1.00000
Error = :5.00e-03; Runtime: 33.1s; Iterations = 1140, grads =   4.541e-07, unitary_metric = 1.00000
Error = :4.96e-03; Runtime: 33.7s; Iterations = 1160, grads =   4.354e-07, unitary_metric = 1.00000
Error = :4.93e-03; Runtime: 34.2s; Iterations = 1180, grads =   4.180e-07, unitary_metric = 1.00000
Error = :4.89e-03; Runtime: 34.8s; Iterations = 1200, grads =   4.015e-07, unitary_metric = 1.00000
Error = :4.86e-03; Runtime: 35.4s; Iterations = 1220, grads =   3.858e-07, unitary_metric = 1.00000
Error = :4.82e-03; Runtime: 36.0s; Iterations = 1240, grads =   3.707e-07, unitary_metric = 1.00000
Error = :4.79e-03; Runtime: 36.5s; Iterations = 1260, grads =   3.562e-07, unitary_metric = 1.00000
Error = :4.76e-03; Runtime: 37.1s; Iterations = 1280, grads =   3.420e-07, unitary_metric = 1.00000
Error = :4.72e-03; Runtime: 37.6s; Iterations = 1300, grads =   3.285e-07, unitary_metric = 1.00000
Error = :4.69e-03; Runtime: 38.3s; Iterations = 1320, grads =   3.153e-07, unitary_metric = 1.00000
Error = :4.67e-03; Runtime: 38.8s; Iterations = 1340, grads =   3.029e-07, unitary_metric = 1.00000
Error = :4.64e-03; Runtime: 39.4s; Iterations = 1360, grads =   2.908e-07, unitary_metric = 1.00000
Error = :4.61e-03; Runtime: 39.9s; Iterations = 1380, grads =   2.793e-07, unitary_metric = 1.00000
Error = :4.59e-03; Runtime: 40.5s; Iterations = 1400, grads =   2.683e-07, unitary_metric = 1.00000
Error = :4.56e-03; Runtime: 41.1s; Iterations = 1420, grads =   2.577e-07, unitary_metric = 1.00000
Error = :4.54e-03; Runtime: 41.7s; Iterations = 1440, grads =   2.476e-07, unitary_metric = 1.00000
Error = :4.51e-03; Runtime: 42.2s; Iterations = 1460, grads =   2.379e-07, unitary_metric = 1.00000
Error = :4.49e-03; Runtime: 42.8s; Iterations = 1480, grads =   2.287e-07, unitary_metric = 1.00000
Error = :4.47e-03; Runtime: 43.3s; Iterations = 1500, grads =   2.198e-07, unitary_metric = 1.00000
Error = :4.45e-03; Runtime: 44.0s; Iterations = 1520, grads =   2.113e-07, unitary_metric = 1.00000
Error = :4.43e-03; Runtime: 44.6s; Iterations = 1540, grads =   2.032e-07, unitary_metric = 1.00000
Error = :4.41e-03; Runtime: 45.1s; Iterations = 1560, grads =   1.954e-07, unitary_metric = 1.00000
Error = :4.39e-03; Runtime: 45.7s; Iterations = 1580, grads =   1.880e-07, unitary_metric = 1.00000
Error = :4.37e-03; Runtime: 46.2s; Iterations = 1600, grads =   1.809e-07, unitary_metric = 1.00000
Error = :4.35e-03; Runtime: 46.9s; Iterations = 1620, grads =   1.741e-07, unitary_metric = 1.00000
Error = :4.34e-03; Runtime: 47.4s; Iterations = 1640, grads =   1.676e-07, unitary_metric = 1.00000
Error = :4.32e-03; Runtime: 48.0s; Iterations = 1660, grads =   1.614e-07, unitary_metric = 1.00000
Error = :4.30e-03; Runtime: 48.5s; Iterations = 1680, grads =   1.554e-07, unitary_metric = 1.00000
Error = :4.29e-03; Runtime: 49.1s; Iterations = 1700, grads =   1.498e-07, unitary_metric = 1.00000
Error = :4.27e-03; Runtime: 49.7s; Iterations = 1720, grads =   1.444e-07, unitary_metric = 1.00000
Error = :4.26e-03; Runtime: 50.3s; Iterations = 1740, grads =   1.392e-07, unitary_metric = 1.00000
Error = :4.24e-03; Runtime: 50.8s; Iterations = 1760, grads =   1.343e-07, unitary_metric = 1.00000
Error = :4.23e-03; Runtime: 51.4s; Iterations = 1780, grads =   1.296e-07, unitary_metric = 1.00000
Error = :4.22e-03; Runtime: 51.9s; Iterations = 1800, grads =   1.251e-07, unitary_metric = 1.00000
Error = :4.21e-03; Runtime: 52.6s; Iterations = 1820, grads =   1.208e-07, unitary_metric = 1.00000
Error = :4.19e-03; Runtime: 53.2s; Iterations = 1840, grads =   1.168e-07, unitary_metric = 1.00000
Error = :4.18e-03; Runtime: 53.7s; Iterations = 1860, grads =   1.129e-07, unitary_metric = 1.00000
Error = :4.17e-03; Runtime: 54.3s; Iterations = 1880, grads =   1.091e-07, unitary_metric = 1.00000
Error = :4.16e-03; Runtime: 54.8s; Iterations = 1900, grads =   1.056e-07, unitary_metric = 1.00000
Error = :4.15e-03; Runtime: 55.5s; Iterations = 1920, grads =   1.022e-07, unitary_metric = 1.00000
Error = :4.14e-03; Runtime: 56.0s; Iterations = 1940, grads =   9.898e-08, unitary_metric = 1.00000
Error = :4.13e-03; Runtime: 56.6s; Iterations = 1960, grads =   9.590e-08, unitary_metric = 1.00000
Error = :4.12e-03; Runtime: 57.1s; Iterations = 1980, grads =   9.294e-08, unitary_metric = 1.00000
Error = :4.11e-03; Runtime: 57.7s; Iterations = 2000, grads =   9.013e-08, unitary_metric = 1.00000
Error = :4.10e-03; Runtime: 58.3s; Iterations = 2020, grads =   8.744e-08, unitary_metric = 1.00000
Error = :4.09e-03; Runtime: 58.9s; Iterations = 2040, grads =   8.487e-08, unitary_metric = 1.00000
Error = :4.08e-03; Runtime: 59.4s; Iterations = 2060, grads =   8.240e-08, unitary_metric = 1.00000
Error = :4.07e-03; Runtime: 60.0s; Iterations = 2080, grads =   8.004e-08, unitary_metric = 1.00000
Error = :4.06e-03; Runtime: 60.5s; Iterations = 2100, grads =   7.779e-08, unitary_metric = 1.00000
Error = :4.05e-03; Runtime: 61.2s; Iterations = 2120, grads =   7.565e-08, unitary_metric = 1.00000
Error = :4.05e-03; Runtime: 61.8s; Iterations = 2140, grads =   7.356e-08, unitary_metric = 1.00000
Error = :4.04e-03; Runtime: 62.3s; Iterations = 2160, grads =   7.159e-08, unitary_metric = 1.00000
Error = :4.03e-03; Runtime: 62.9s; Iterations = 2180, grads =   6.971e-08, unitary_metric = 1.00000
Error = :4.02e-03; Runtime: 63.4s; Iterations = 2200, grads =   6.790e-08, unitary_metric = 1.00000
Error = :4.02e-03; Runtime: 64.1s; Iterations = 2220, grads =   6.618e-08, unitary_metric = 1.00000
Error = :4.01e-03; Runtime: 64.6s; Iterations = 2240, grads =   6.454e-08, unitary_metric = 1.00000
Error = :4.01e-03; Runtime: 65.2s; Iterations = 2260, grads =   6.299e-08, unitary_metric = 1.00000
Error = :4.00e-03; Runtime: 65.7s; Iterations = 2280, grads =   6.151e-08, unitary_metric = 1.00000
Error = :3.99e-03; Runtime: 66.3s; Iterations = 2300, grads =   6.012e-08, unitary_metric = 1.00000
Error = :3.99e-03; Runtime: 67.0s; Iterations = 2320, grads =   5.882e-08, unitary_metric = 1.00000
Error = :3.98e-03; Runtime: 67.5s; Iterations = 2340, grads =   5.763e-08, unitary_metric = 1.00000
Error = :3.98e-03; Runtime: 68.1s; Iterations = 2360, grads =   5.656e-08, unitary_metric = 1.00000
Error = :3.98e-03; Runtime: 68.6s; Iterations = 2380, grads =   5.565e-08, unitary_metric = 1.00000
Error = :3.98e-03; Runtime: 69.2s; Iterations = 2400, grads =   5.496e-08, unitary_metric = 1.00000
Error = :3.98e-03; Runtime: 69.8s; Iterations = 2420, grads =   5.457e-08, unitary_metric = 1.00000
Error = :3.98e-03; Runtime: 70.4s; Iterations = 2440, grads =   5.468e-08, unitary_metric = 1.00000
Error = :3.99e-03; Runtime: 70.9s; Iterations = 2460, grads =   5.565e-08, unitary_metric = 1.00000
Error = :4.00e-03; Runtime: 71.5s; Iterations = 2480, grads =   5.794e-08, unitary_metric = 1.00000
Error = :4.01e-03; Runtime: 72.1s; Iterations = 2500, grads =   6.247e-08, unitary_metric = 1.00000
Error = :4.03e-03; Runtime: 72.7s; Iterations = 2520, grads =   7.073e-08, unitary_metric = 1.00000
Error = :4.05e-03; Runtime: 73.3s; Iterations = 2540, grads =   8.479e-08, unitary_metric = 1.00000
Error = :4.08e-03; Runtime: 73.8s; Iterations = 2560, grads =   1.067e-07, unitary_metric = 1.00000
Error = :4.12e-03; Runtime: 74.4s; Iterations = 2580, grads =   1.376e-07, unitary_metric = 1.00000
Error = :4.14e-03; Runtime: 74.9s; Iterations = 2600, grads =   1.748e-07, unitary_metric = 1.00000
Error = :4.16e-03; Runtime: 75.6s; Iterations = 2620, grads =   2.106e-07, unitary_metric = 1.00000
Error = :4.17e-03; Runtime: 76.2s; Iterations = 2640, grads =   2.347e-07, unitary_metric = 1.00000
Error = :4.16e-03; Runtime: 76.7s; Iterations = 2660, grads =   2.405e-07, unitary_metric = 1.00000
Error = :4.14e-03; Runtime: 77.3s; Iterations = 2680, grads =   2.296e-07, unitary_metric = 1.00000
Error = :4.11e-03; Runtime: 77.8s; Iterations = 2700, grads =   2.089e-07, unitary_metric = 1.00000
Error = :4.09e-03; Runtime: 78.5s; Iterations = 2720, grads =   1.859e-07, unitary_metric = 1.00000
Error = :4.07e-03; Runtime: 79.0s; Iterations = 2740, grads =   1.647e-07, unitary_metric = 1.00000
Error = :4.05e-03; Runtime: 79.6s; Iterations = 2760, grads =   1.469e-07, unitary_metric = 1.00000
Error = :4.03e-03; Runtime: 80.1s; Iterations = 2780, grads =   1.326e-07, unitary_metric = 1.00000
Error = :4.01e-03; Runtime: 80.7s; Iterations = 2800, grads =   1.210e-07, unitary_metric = 1.00000
Error = :4.00e-03; Runtime: 81.4s; Iterations = 2820, grads =   1.114e-07, unitary_metric = 1.00000
Error = :3.98e-03; Runtime: 81.9s; Iterations = 2840, grads =   1.035e-07, unitary_metric = 1.00000
Error = :3.97e-03; Runtime: 82.5s; Iterations = 2860, grads =   9.682e-08, unitary_metric = 1.00000
Error = :3.96e-03; Runtime: 83.0s; Iterations = 2880, grads =   9.101e-08, unitary_metric = 1.00000
Error = :3.95e-03; Runtime: 83.6s; Iterations = 2900, grads =   8.594e-08, unitary_metric = 1.00000
Error = :3.94e-03; Runtime: 84.2s; Iterations = 2920, grads =   8.144e-08, unitary_metric = 1.00000
Error = :3.94e-03; Runtime: 84.8s; Iterations = 2940, grads =   7.742e-08, unitary_metric = 1.00000
Error = :3.93e-03; Runtime: 85.3s; Iterations = 2960, grads =   7.387e-08, unitary_metric = 1.00000
Error = :3.92e-03; Runtime: 85.9s; Iterations = 2980, grads =   7.062e-08, unitary_metric = 1.00000
Error = :3.92e-03; Runtime: 86.4s; Iterations = 3000, grads =   6.768e-08, unitary_metric = 1.00000
Error = :3.91e-03; Runtime: 87.1s; Iterations = 3020, grads =   6.502e-08, unitary_metric = 1.00000
Error = :3.91e-03; Runtime: 87.6s; Iterations = 3040, grads =   6.264e-08, unitary_metric = 1.00000
Error = :3.91e-03; Runtime: 88.2s; Iterations = 3060, grads =   6.056e-08, unitary_metric = 1.00000
Error = :3.90e-03; Runtime: 88.8s; Iterations = 3080, grads =   5.865e-08, unitary_metric = 1.00000
Error = :3.91e-03; Runtime: 89.3s; Iterations = 3100, grads =   5.711e-08, unitary_metric = 1.00000
Error = :3.91e-03; Runtime: 90.0s; Iterations = 3120, grads =   5.584e-08, unitary_metric = 1.00000
Error = :3.91e-03; Runtime: 90.5s; Iterations = 3140, grads =   5.492e-08, unitary_metric = 1.00000
Error = :3.91e-03; Runtime: 91.1s; Iterations = 3160, grads =   5.438e-08, unitary_metric = 1.00000
Error = :3.92e-03; Runtime: 91.6s; Iterations = 3180, grads =   5.429e-08, unitary_metric = 1.00000
Error = :3.92e-03; Runtime: 92.2s; Iterations = 3200, grads =   5.473e-08, unitary_metric = 1.00000
Error = :3.93e-03; Runtime: 92.8s; Iterations = 3220, grads =   5.580e-08, unitary_metric = 1.00000
Error = :3.94e-03; Runtime: 93.4s; Iterations = 3240, grads =   5.767e-08, unitary_metric = 1.00000
Error = :3.95e-03; Runtime: 93.9s; Iterations = 3260, grads =   6.041e-08, unitary_metric = 1.00000
Error = :3.96e-03; Runtime: 94.5s; Iterations = 3280, grads =   6.419e-08, unitary_metric = 1.00000
Error = :3.97e-03; Runtime: 95.1s; Iterations = 3300, grads =   6.916e-08, unitary_metric = 1.00000
Error = :3.99e-03; Runtime: 95.7s; Iterations = 3320, grads =   7.544e-08, unitary_metric = 1.00000
Error = :4.00e-03; Runtime: 96.3s; Iterations = 3340, grads =   8.304e-08, unitary_metric = 1.00000
Error = :4.02e-03; Runtime: 96.8s; Iterations = 3360, grads =   9.198e-08, unitary_metric = 1.00000
Error = :4.03e-03; Runtime: 97.4s; Iterations = 3380, grads =   1.021e-07, unitary_metric = 1.00000
Error = :4.05e-03; Runtime: 97.9s; Iterations = 3400, grads =   1.129e-07, unitary_metric = 1.00000
Error = :4.06e-03; Runtime: 98.6s; Iterations = 3420, grads =   1.238e-07, unitary_metric = 1.00000
Error = :4.07e-03; Runtime: 99.1s; Iterations = 3440, grads =   1.340e-07, unitary_metric = 1.00000
Error = :4.07e-03; Runtime: 99.7s; Iterations = 3460, grads =   1.427e-07, unitary_metric = 1.00000
Error = :4.07e-03; Runtime: 100.2s; Iterations = 3480, grads =   1.491e-07, unitary_metric = 1.00000
Error = :4.07e-03; Runtime: 100.8s; Iterations = 3500, grads =   1.526e-07, unitary_metric = 1.00000
Error = :4.06e-03; Runtime: 101.4s; Iterations = 3520, grads =   1.528e-07, unitary_metric = 1.00000
Error = :4.05e-03; Runtime: 102.0s; Iterations = 3540, grads =   1.500e-07, unitary_metric = 1.00000
Error = :4.04e-03; Runtime: 102.7s; Iterations = 3560, grads =   1.447e-07, unitary_metric = 1.00000
Error = :4.02e-03; Runtime: 103.3s; Iterations = 3580, grads =   1.376e-07, unitary_metric = 1.00000
Error = :4.01e-03; Runtime: 103.8s; Iterations = 3600, grads =   1.296e-07, unitary_metric = 1.00000
Error = :3.99e-03; Runtime: 104.5s; Iterations = 3620, grads =   1.214e-07, unitary_metric = 1.00000
Error = :3.98e-03; Runtime: 105.0s; Iterations = 3640, grads =   1.134e-07, unitary_metric = 1.00000
Error = :3.96e-03; Runtime: 105.6s; Iterations = 3660, grads =   1.059e-07, unitary_metric = 1.00000
Error = :3.95e-03; Runtime: 106.1s; Iterations = 3680, grads =   9.902e-08, unitary_metric = 1.00000
Error = :3.94e-03; Runtime: 106.7s; Iterations = 3700, grads =   9.284e-08, unitary_metric = 1.00000
Error = :3.93e-03; Runtime: 107.4s; Iterations = 3720, grads =   8.733e-08, unitary_metric = 1.00000
Error = :3.92e-03; Runtime: 108.0s; Iterations = 3740, grads =   8.237e-08, unitary_metric = 1.00000
Error = :3.91e-03; Runtime: 108.6s; Iterations = 3760, grads =   7.798e-08, unitary_metric = 1.00000
Error = :3.90e-03; Runtime: 109.1s; Iterations = 3780, grads =   7.403e-08, unitary_metric = 1.00000
Error = :3.89e-03; Runtime: 109.7s; Iterations = 3800, grads =   7.048e-08, unitary_metric = 1.00000
Error = :3.88e-03; Runtime: 110.3s; Iterations = 3820, grads =   6.725e-08, unitary_metric = 1.00000
Error = :3.87e-03; Runtime: 110.9s; Iterations = 3840, grads =   6.433e-08, unitary_metric = 1.00000
Error = :3.87e-03; Runtime: 111.4s; Iterations = 3860, grads =   6.163e-08, unitary_metric = 1.00000
Error = :3.86e-03; Runtime: 112.0s; Iterations = 3880, grads =   5.917e-08, unitary_metric = 1.00000
Error = :3.85e-03; Runtime: 112.5s; Iterations = 3900, grads =   5.686e-08, unitary_metric = 1.00000
Error = :3.85e-03; Runtime: 113.2s; Iterations = 3920, grads =   5.470e-08, unitary_metric = 1.00000
Error = :3.84e-03; Runtime: 113.8s; Iterations = 3940, grads =   5.270e-08, unitary_metric = 1.00000
Error = :3.84e-03; Runtime: 114.3s; Iterations = 3960, grads =   5.081e-08, unitary_metric = 1.00000
Error = :3.83e-03; Runtime: 114.9s; Iterations = 3980, grads =   4.909e-08, unitary_metric = 1.00000
Error = :3.83e-03; Runtime: 115.4s; Iterations = 4000, grads =   4.760e-08, unitary_metric = 1.00000
Error = :3.83e-03; Runtime: 116.1s; Iterations = 4020, grads =   4.634e-08, unitary_metric = 1.00000
Error = :3.82e-03; Runtime: 116.6s; Iterations = 4040, grads =   4.531e-08, unitary_metric = 1.00000
Error = :3.82e-03; Runtime: 117.2s; Iterations = 4060, grads =   4.446e-08, unitary_metric = 1.00000
Error = :3.82e-03; Runtime: 117.7s; Iterations = 4080, grads =   4.373e-08, unitary_metric = 1.00000
Error = :3.82e-03; Runtime: 118.3s; Iterations = 4100, grads =   4.307e-08, unitary_metric = 1.00000
Error = :3.82e-03; Runtime: 118.9s; Iterations = 4120, grads =   4.246e-08, unitary_metric = 1.00000
Error = :3.82e-03; Runtime: 119.5s; Iterations = 4140, grads =   4.186e-08, unitary_metric = 1.00000
Error = :3.82e-03; Runtime: 120.0s; Iterations = 4160, grads =   4.125e-08, unitary_metric = 1.00000
Error = :3.81e-03; Runtime: 120.6s; Iterations = 4180, grads =   4.060e-08, unitary_metric = 1.00000
Error = :3.81e-03; Runtime: 121.2s; Iterations = 4200, grads =   3.990e-08, unitary_metric = 1.00000
Error = :3.81e-03; Runtime: 121.8s; Iterations = 4220, grads =   3.911e-08, unitary_metric = 1.00000
Error = :3.81e-03; Runtime: 122.4s; Iterations = 4240, grads =   3.827e-08, unitary_metric = 1.00000
Error = :3.81e-03; Runtime: 122.9s; Iterations = 4260, grads =   3.737e-08, unitary_metric = 1.00000
Error = :3.81e-03; Runtime: 123.5s; Iterations = 4280, grads =   3.638e-08, unitary_metric = 1.00000
Error = :3.80e-03; Runtime: 124.0s; Iterations = 4300, grads =   3.537e-08, unitary_metric = 1.00000
Error = :3.80e-03; Runtime: 124.7s; Iterations = 4320, grads =   3.435e-08, unitary_metric = 1.00000
Error = :3.80e-03; Runtime: 125.3s; Iterations = 4340, grads =   3.333e-08, unitary_metric = 1.00000
Error = :3.80e-03; Runtime: 125.8s; Iterations = 4360, grads =   3.230e-08, unitary_metric = 1.00000
Error = :3.79e-03; Runtime: 126.4s; Iterations = 4380, grads =   3.130e-08, unitary_metric = 1.00000
Error = :3.79e-03; Runtime: 127.0s; Iterations = 4400, grads =   3.034e-08, unitary_metric = 1.00000
Error = :3.79e-03; Runtime: 127.6s; Iterations = 4420, grads =   2.941e-08, unitary_metric = 1.00000
Error = :3.79e-03; Runtime: 128.2s; Iterations = 4440, grads =   2.854e-08, unitary_metric = 1.00000
Error = :3.78e-03; Runtime: 128.7s; Iterations = 4460, grads =   2.772e-08, unitary_metric = 1.00000
Error = :3.78e-03; Runtime: 129.3s; Iterations = 4480, grads =   2.695e-08, unitary_metric = 1.00000
Error = :3.78e-03; Runtime: 129.9s; Iterations = 4500, grads =   2.620e-08, unitary_metric = 1.00000
Error = :3.77e-03; Runtime: 130.5s; Iterations = 4520, grads =   2.550e-08, unitary_metric = 1.00000
Error = :3.77e-03; Runtime: 131.1s; Iterations = 4540, grads =   2.486e-08, unitary_metric = 1.00000
Error = :3.77e-03; Runtime: 131.6s; Iterations = 4560, grads =   2.422e-08, unitary_metric = 1.00000
Error = :3.77e-03; Runtime: 132.2s; Iterations = 4580, grads =   2.361e-08, unitary_metric = 1.00000
Error = :3.76e-03; Runtime: 132.8s; Iterations = 4600, grads =   2.303e-08, unitary_metric = 1.00000
Error = :3.76e-03; Runtime: 133.4s; Iterations = 4620, grads =   2.248e-08, unitary_metric = 1.00000
Error = :3.76e-03; Runtime: 134.0s; Iterations = 4640, grads =   2.194e-08, unitary_metric = 1.00000
Error = :3.76e-03; Runtime: 134.6s; Iterations = 4660, grads =   2.143e-08, unitary_metric = 1.00000
Error = :3.76e-03; Runtime: 135.1s; Iterations = 4680, grads =   2.094e-08, unitary_metric = 1.00000
Error = :3.75e-03; Runtime: 135.7s; Iterations = 4700, grads =   2.045e-08, unitary_metric = 1.00000
Error = :3.75e-03; Runtime: 136.4s; Iterations = 4720, grads =   1.998e-08, unitary_metric = 1.00000
Error = :3.75e-03; Runtime: 136.9s; Iterations = 4740, grads =   1.953e-08, unitary_metric = 1.00000
Error = :3.75e-03; Runtime: 137.5s; Iterations = 4760, grads =   1.910e-08, unitary_metric = 1.00000
Error = :3.75e-03; Runtime: 138.0s; Iterations = 4780, grads =   1.866e-08, unitary_metric = 1.00000
Error = :3.74e-03; Runtime: 138.6s; Iterations = 4800, grads =   1.826e-08, unitary_metric = 1.00000
Error = :3.74e-03; Runtime: 139.2s; Iterations = 4820, grads =   1.785e-08, unitary_metric = 1.00000
Error = :3.74e-03; Runtime: 139.8s; Iterations = 4840, grads =   1.747e-08, unitary_metric = 1.00000
Error = :3.74e-03; Runtime: 140.4s; Iterations = 4860, grads =   1.709e-08, unitary_metric = 1.00000
Error = :3.74e-03; Runtime: 140.9s; Iterations = 4880, grads =   1.672e-08, unitary_metric = 1.00000
Error = :3.74e-03; Runtime: 141.5s; Iterations = 4900, grads =   1.636e-08, unitary_metric = 1.00000
Error = :3.73e-03; Runtime: 142.1s; Iterations = 4920, grads =   1.602e-08, unitary_metric = 1.00000
Error = :3.73e-03; Runtime: 142.7s; Iterations = 4940, grads =   1.567e-08, unitary_metric = 1.00000
Error = :3.73e-03; Runtime: 143.2s; Iterations = 4960, grads =   1.533e-08, unitary_metric = 1.00000
Error = :3.73e-03; Runtime: 143.8s; Iterations = 4980, grads =   1.502e-08, unitary_metric = 1.00000
Error = :3.73e-03; Runtime: 144.4s; Iterations = 5000, grads =   1.470e-08, unitary_metric = 1.00000
Error = :3.73e-03; Runtime: 145.0s; Iterations = 5020, grads =   1.440e-08, unitary_metric = 1.00000
Error = :3.73e-03; Runtime: 145.6s; Iterations = 5040, grads =   1.409e-08, unitary_metric = 1.00000
Error = :3.73e-03; Runtime: 146.1s; Iterations = 5060, grads =   1.380e-08, unitary_metric = 1.00000
Error = :3.72e-03; Runtime: 146.7s; Iterations = 5080, grads =   1.353e-08, unitary_metric = 1.00000
Error = :3.72e-03; Runtime: 147.2s; Iterations = 5100, grads =   1.326e-08, unitary_metric = 1.00000
Error = :3.72e-03; Runtime: 147.9s; Iterations = 5120, grads =   1.298e-08, unitary_metric = 1.00000
Error = :3.72e-03; Runtime: 148.5s; Iterations = 5140, grads =   1.272e-08, unitary_metric = 1.00000
Error = :3.72e-03; Runtime: 149.0s; Iterations = 5160, grads =   1.246e-08, unitary_metric = 1.00000
Error = :3.72e-03; Runtime: 149.6s; Iterations = 5180, grads =   1.221e-08, unitary_metric = 1.00000
Error = :3.72e-03; Runtime: 150.1s; Iterations = 5200, grads =   1.196e-08, unitary_metric = 1.00000
Error = :3.72e-03; Runtime: 150.8s; Iterations = 5220, grads =   1.172e-08, unitary_metric = 1.00000
Error = :3.71e-03; Runtime: 151.4s; Iterations = 5240, grads =   1.149e-08, unitary_metric = 1.00000
Error = :3.71e-03; Runtime: 152.0s; Iterations = 5260, grads =   1.127e-08, unitary_metric = 1.00000
Error = :3.71e-03; Runtime: 152.5s; Iterations = 5280, grads =   1.105e-08, unitary_metric = 1.00000
Error = :3.71e-03; Runtime: 153.1s; Iterations = 5300, grads =   1.083e-08, unitary_metric = 1.00000
Error = :3.71e-03; Runtime: 153.8s; Iterations = 5320, grads =   1.062e-08, unitary_metric = 1.00000
Error = :3.71e-03; Runtime: 154.4s; Iterations = 5340, grads =   1.042e-08, unitary_metric = 1.00000
Error = :3.71e-03; Runtime: 154.9s; Iterations = 5360, grads =   1.022e-08, unitary_metric = 1.00000
Error = :3.71e-03; Runtime: 155.5s; Iterations = 5380, grads =   1.002e-08, unitary_metric = 1.00000
Error = :3.71e-03; Runtime: 156.1s; Iterations = 5400, grads =   9.834e-09, unitary_metric = 1.00000
Error = :3.71e-03; Runtime: 156.8s; Iterations = 5420, grads =   9.647e-09, unitary_metric = 1.00000
Error = :3.71e-03; Runtime: 157.4s; Iterations = 5440, grads =   9.466e-09, unitary_metric = 1.00000
Error = :3.70e-03; Runtime: 157.9s; Iterations = 5460, grads =   9.319e-09, unitary_metric = 1.00000
Error = :3.70e-03; Runtime: 158.5s; Iterations = 5480, grads =   9.114e-09, unitary_metric = 1.00000
Error = :3.70e-03; Runtime: 159.1s; Iterations = 5500, grads =   8.954e-09, unitary_metric = 1.00000
Error = :3.70e-03; Runtime: 159.8s; Iterations = 5520, grads =   8.780e-09, unitary_metric = 1.00000
Error = :3.70e-03; Runtime: 160.3s; Iterations = 5540, grads =   8.673e-09, unitary_metric = 1.00000
Error = :3.70e-03; Runtime: 160.9s; Iterations = 5560, grads =   8.464e-09, unitary_metric = 1.00000
Error = :3.70e-03; Runtime: 161.5s; Iterations = 5580, grads =   8.313e-09, unitary_metric = 1.00000
Error = :3.70e-03; Runtime: 162.1s; Iterations = 5600, grads =   8.167e-09, unitary_metric = 1.00000
Error = :3.70e-03; Runtime: 162.7s; Iterations = 5620, grads =   8.023e-09, unitary_metric = 1.00000
Error = :3.70e-03; Runtime: 163.3s; Iterations = 5640, grads =   7.876e-09, unitary_metric = 1.00000
Error = :3.70e-03; Runtime: 163.9s; Iterations = 5660, grads =   7.823e-09, unitary_metric = 1.00000
Error = :3.70e-03; Runtime: 164.4s; Iterations = 5680, grads =   7.606e-09, unitary_metric = 1.00000
Error = :3.70e-03; Runtime: 165.0s; Iterations = 5700, grads =   7.468e-09, unitary_metric = 1.00000
Error = :3.69e-03; Runtime: 165.7s; Iterations = 5720, grads =   7.367e-09, unitary_metric = 1.00000
Error = :3.69e-03; Runtime: 166.3s; Iterations = 5740, grads =   7.214e-09, unitary_metric = 1.00000
Error = :3.69e-03; Runtime: 166.9s; Iterations = 5760, grads =   7.087e-09, unitary_metric = 1.00000
Error = :3.69e-03; Runtime: 167.4s; Iterations = 5780, grads =   6.975e-09, unitary_metric = 1.00000
Error = :3.69e-03; Runtime: 168.0s; Iterations = 5800, grads =   6.869e-09, unitary_metric = 1.00000
Error = :3.69e-03; Runtime: 168.7s; Iterations = 5820, grads =   6.736e-09, unitary_metric = 1.00000
Error = :3.69e-03; Runtime: 169.3s; Iterations = 5840, grads =   6.641e-09, unitary_metric = 1.00000
Error = :3.69e-03; Runtime: 169.8s; Iterations = 5860, grads =   6.529e-09, unitary_metric = 1.00000
Error = :3.69e-03; Runtime: 170.4s; Iterations = 5880, grads =   6.416e-09, unitary_metric = 1.00000
Error = :3.69e-03; Runtime: 171.0s; Iterations = 5900, grads =   6.321e-09, unitary_metric = 1.00000
Error = :3.69e-03; Runtime: 171.6s; Iterations = 5920, grads =   6.205e-09, unitary_metric = 1.00000
Error = :3.69e-03; Runtime: 172.2s; Iterations = 5940, grads =   6.106e-09, unitary_metric = 1.00000
Error = :3.69e-03; Runtime: 172.8s; Iterations = 5960, grads =   6.022e-09, unitary_metric = 1.00000
Error = :3.69e-03; Runtime: 173.3s; Iterations = 5980, grads =   5.921e-09, unitary_metric = 1.00000
Error = :3.69e-03; Runtime: 173.9s; Iterations = 6000, grads =   5.824e-09, unitary_metric = 1.00000
data saved at: /project/ftchong/qoc/pranav/00024_27_block102.h5


trying total_time: 4.4 for unitary of size (4, 4)
data saved at: /project/ftchong/qoc/pranav/00025_27_block102.h5
Using 6 Taylor terms and 1 Scaling & Squaring terms
Building graph:
Propagators initialized.
Operators weight initialized.
Intermediate propagation variables initialized.
Intermediate propagators initialized.
Vectors initialized.
Training loss initialized.
Optimizer initialized.
Utilities initialized.
Graph built!
Initialized
Error = :9.27e-01; Runtime: 0.1s; Iterations = 0, grads =   1.253e-01, unitary_metric = 1.00000
Error = :6.35e-01; Runtime: 1.0s; Iterations = 20, grads =   4.493e-02, unitary_metric = 1.00000
Error = :5.03e-01; Runtime: 1.6s; Iterations = 40, grads =   8.186e-03, unitary_metric = 1.00000
Error = :4.98e-01; Runtime: 2.2s; Iterations = 60, grads =   1.444e-03, unitary_metric = 1.00000
Error = :4.74e-01; Runtime: 2.8s; Iterations = 80, grads =   1.158e-03, unitary_metric = 1.00000
Error = :3.55e-01; Runtime: 3.4s; Iterations = 100, grads =   5.585e-03, unitary_metric = 1.00000
Error = :1.56e-01; Runtime: 4.1s; Iterations = 120, grads =   2.469e-03, unitary_metric = 1.00000
Error = :6.02e-02; Runtime: 4.7s; Iterations = 140, grads =   6.046e-04, unitary_metric = 1.00000
Error = :3.16e-02; Runtime: 5.3s; Iterations = 160, grads =   1.689e-04, unitary_metric = 1.00000
Error = :2.22e-02; Runtime: 5.9s; Iterations = 180, grads =   8.437e-05, unitary_metric = 1.00000
Error = :1.76e-02; Runtime: 6.4s; Iterations = 200, grads =   5.100e-05, unitary_metric = 1.00000
Error = :1.48e-02; Runtime: 7.1s; Iterations = 220, grads =   3.585e-05, unitary_metric = 1.00000
Error = :1.28e-02; Runtime: 7.7s; Iterations = 240, grads =   2.727e-05, unitary_metric = 1.00000
Error = :1.13e-02; Runtime: 8.3s; Iterations = 260, grads =   2.159e-05, unitary_metric = 1.00000
Error = :1.01e-02; Runtime: 8.9s; Iterations = 280, grads =   1.761e-05, unitary_metric = 1.00000
Error = :9.12e-03; Runtime: 9.5s; Iterations = 300, grads =   1.470e-05, unitary_metric = 1.00000
Error = :8.31e-03; Runtime: 10.2s; Iterations = 320, grads =   1.248e-05, unitary_metric = 1.00000
Error = :7.61e-03; Runtime: 10.8s; Iterations = 340, grads =   1.071e-05, unitary_metric = 1.00000
Error = :7.00e-03; Runtime: 11.4s; Iterations = 360, grads =   9.246e-06, unitary_metric = 1.00000
Error = :6.46e-03; Runtime: 12.0s; Iterations = 380, grads =   8.015e-06, unitary_metric = 1.00000
Error = :5.99e-03; Runtime: 12.6s; Iterations = 400, grads =   6.969e-06, unitary_metric = 1.00000
Error = :5.58e-03; Runtime: 13.3s; Iterations = 420, grads =   6.080e-06, unitary_metric = 1.00000
Error = :5.22e-03; Runtime: 13.9s; Iterations = 440, grads =   5.327e-06, unitary_metric = 1.00000
Error = :4.90e-03; Runtime: 14.5s; Iterations = 460, grads =   4.689e-06, unitary_metric = 1.00000
Error = :4.62e-03; Runtime: 15.1s; Iterations = 480, grads =   4.146e-06, unitary_metric = 1.00000
Error = :4.37e-03; Runtime: 15.7s; Iterations = 500, grads =   3.679e-06, unitary_metric = 1.00000
Error = :4.14e-03; Runtime: 16.4s; Iterations = 520, grads =   3.275e-06, unitary_metric = 1.00000
Error = :3.94e-03; Runtime: 17.0s; Iterations = 540, grads =   2.923e-06, unitary_metric = 1.00000
Error = :3.75e-03; Runtime: 17.6s; Iterations = 560, grads =   2.616e-06, unitary_metric = 1.00000
Error = :3.59e-03; Runtime: 18.2s; Iterations = 580, grads =   2.348e-06, unitary_metric = 1.00000
Error = :3.44e-03; Runtime: 18.7s; Iterations = 600, grads =   2.113e-06, unitary_metric = 1.00000
Error = :3.30e-03; Runtime: 19.5s; Iterations = 620, grads =   1.907e-06, unitary_metric = 1.00000
Error = :3.18e-03; Runtime: 20.0s; Iterations = 640, grads =   1.728e-06, unitary_metric = 1.00000
Error = :3.07e-03; Runtime: 20.6s; Iterations = 660, grads =   1.570e-06, unitary_metric = 1.00000
Error = :2.97e-03; Runtime: 21.2s; Iterations = 680, grads =   1.432e-06, unitary_metric = 1.00000
Error = :2.87e-03; Runtime: 21.8s; Iterations = 700, grads =   1.310e-06, unitary_metric = 1.00000
Error = :2.79e-03; Runtime: 22.5s; Iterations = 720, grads =   1.202e-06, unitary_metric = 1.00000
Error = :2.71e-03; Runtime: 23.1s; Iterations = 740, grads =   1.105e-06, unitary_metric = 1.00000
Error = :2.64e-03; Runtime: 23.7s; Iterations = 760, grads =   1.019e-06, unitary_metric = 1.00000
Error = :2.57e-03; Runtime: 24.3s; Iterations = 780, grads =   9.411e-07, unitary_metric = 1.00000
Error = :2.50e-03; Runtime: 24.9s; Iterations = 800, grads =   8.715e-07, unitary_metric = 1.00000
Error = :2.44e-03; Runtime: 25.6s; Iterations = 820, grads =   8.085e-07, unitary_metric = 1.00000
Error = :2.39e-03; Runtime: 26.2s; Iterations = 840, grads =   7.519e-07, unitary_metric = 1.00000
Error = :2.33e-03; Runtime: 26.8s; Iterations = 860, grads =   7.008e-07, unitary_metric = 1.00000
Error = :2.28e-03; Runtime: 27.4s; Iterations = 880, grads =   6.551e-07, unitary_metric = 1.00000
Error = :2.24e-03; Runtime: 28.0s; Iterations = 900, grads =   6.145e-07, unitary_metric = 1.00000
Error = :2.19e-03; Runtime: 28.7s; Iterations = 920, grads =   5.776e-07, unitary_metric = 1.00000
Error = :2.15e-03; Runtime: 29.3s; Iterations = 940, grads =   5.445e-07, unitary_metric = 1.00000
Error = :2.10e-03; Runtime: 29.9s; Iterations = 960, grads =   5.147e-07, unitary_metric = 1.00000
Error = :2.06e-03; Runtime: 30.4s; Iterations = 980, grads =   4.874e-07, unitary_metric = 1.00000
Error = :2.02e-03; Runtime: 31.0s; Iterations = 1000, grads =   4.626e-07, unitary_metric = 1.00000
Error = :1.99e-03; Runtime: 31.7s; Iterations = 1020, grads =   4.400e-07, unitary_metric = 1.00000
Error = :1.95e-03; Runtime: 32.3s; Iterations = 1040, grads =   4.190e-07, unitary_metric = 1.00000
Error = :1.92e-03; Runtime: 32.9s; Iterations = 1060, grads =   3.997e-07, unitary_metric = 1.00000
Error = :1.88e-03; Runtime: 33.5s; Iterations = 1080, grads =   3.819e-07, unitary_metric = 1.00000
Error = :1.85e-03; Runtime: 34.1s; Iterations = 1100, grads =   3.654e-07, unitary_metric = 1.00000
Error = :1.83e-03; Runtime: 34.8s; Iterations = 1120, grads =   3.503e-07, unitary_metric = 1.00000
Error = :1.80e-03; Runtime: 35.4s; Iterations = 1140, grads =   3.366e-07, unitary_metric = 1.00000
Error = :1.77e-03; Runtime: 36.0s; Iterations = 1160, grads =   3.241e-07, unitary_metric = 1.00000
Error = :1.74e-03; Runtime: 36.6s; Iterations = 1180, grads =   3.128e-07, unitary_metric = 1.00000
Error = :1.72e-03; Runtime: 37.2s; Iterations = 1200, grads =   3.027e-07, unitary_metric = 1.00000
Error = :1.69e-03; Runtime: 37.9s; Iterations = 1220, grads =   2.936e-07, unitary_metric = 1.00000
Error = :1.67e-03; Runtime: 38.5s; Iterations = 1240, grads =   2.854e-07, unitary_metric = 1.00000
Error = :1.65e-03; Runtime: 39.1s; Iterations = 1260, grads =   2.776e-07, unitary_metric = 1.00000
Error = :1.62e-03; Runtime: 39.7s; Iterations = 1280, grads =   2.704e-07, unitary_metric = 1.00000
Error = :1.60e-03; Runtime: 40.2s; Iterations = 1300, grads =   2.635e-07, unitary_metric = 1.00000
Error = :1.58e-03; Runtime: 40.9s; Iterations = 1320, grads =   2.565e-07, unitary_metric = 1.00000
Error = :1.56e-03; Runtime: 41.5s; Iterations = 1340, grads =   2.495e-07, unitary_metric = 1.00000
Error = :1.53e-03; Runtime: 42.1s; Iterations = 1360, grads =   2.422e-07, unitary_metric = 1.00000
Error = :1.51e-03; Runtime: 42.7s; Iterations = 1380, grads =   2.347e-07, unitary_metric = 1.00000
Error = :1.49e-03; Runtime: 43.3s; Iterations = 1400, grads =   2.267e-07, unitary_metric = 1.00000
Error = :1.47e-03; Runtime: 44.0s; Iterations = 1420, grads =   2.184e-07, unitary_metric = 1.00000
Error = :1.45e-03; Runtime: 44.6s; Iterations = 1440, grads =   2.100e-07, unitary_metric = 1.00000
Error = :1.43e-03; Runtime: 45.2s; Iterations = 1460, grads =   2.013e-07, unitary_metric = 1.00000
Error = :1.41e-03; Runtime: 45.8s; Iterations = 1480, grads =   1.926e-07, unitary_metric = 1.00000
Error = :1.39e-03; Runtime: 46.4s; Iterations = 1500, grads =   1.841e-07, unitary_metric = 1.00000
Error = :1.37e-03; Runtime: 47.2s; Iterations = 1520, grads =   1.756e-07, unitary_metric = 1.00000
Error = :1.36e-03; Runtime: 47.8s; Iterations = 1540, grads =   1.675e-07, unitary_metric = 1.00000
Error = :1.34e-03; Runtime: 48.4s; Iterations = 1560, grads =   1.598e-07, unitary_metric = 1.00000
Error = :1.33e-03; Runtime: 49.0s; Iterations = 1580, grads =   1.525e-07, unitary_metric = 1.00000
Error = :1.31e-03; Runtime: 49.6s; Iterations = 1600, grads =   1.456e-07, unitary_metric = 1.00000
Error = :1.30e-03; Runtime: 50.3s; Iterations = 1620, grads =   1.391e-07, unitary_metric = 1.00000
Error = :1.29e-03; Runtime: 50.9s; Iterations = 1640, grads =   1.330e-07, unitary_metric = 1.00000
Error = :1.27e-03; Runtime: 51.5s; Iterations = 1660, grads =   1.274e-07, unitary_metric = 1.00000
Error = :1.26e-03; Runtime: 52.1s; Iterations = 1680, grads =   1.221e-07, unitary_metric = 1.00000
Error = :1.25e-03; Runtime: 52.7s; Iterations = 1700, grads =   1.172e-07, unitary_metric = 1.00000
Error = :1.24e-03; Runtime: 53.4s; Iterations = 1720, grads =   1.126e-07, unitary_metric = 1.00000
Error = :1.23e-03; Runtime: 54.0s; Iterations = 1740, grads =   1.084e-07, unitary_metric = 1.00000
Error = :1.22e-03; Runtime: 54.6s; Iterations = 1760, grads =   1.044e-07, unitary_metric = 1.00000
Error = :1.21e-03; Runtime: 55.2s; Iterations = 1780, grads =   1.007e-07, unitary_metric = 1.00000
Error = :1.20e-03; Runtime: 55.7s; Iterations = 1800, grads =   9.724e-08, unitary_metric = 1.00000
Error = :1.19e-03; Runtime: 56.4s; Iterations = 1820, grads =   9.401e-08, unitary_metric = 1.00000
Error = :1.18e-03; Runtime: 57.0s; Iterations = 1840, grads =   9.097e-08, unitary_metric = 1.00000
Error = :1.18e-03; Runtime: 57.6s; Iterations = 1860, grads =   8.811e-08, unitary_metric = 1.00000
Error = :1.17e-03; Runtime: 58.2s; Iterations = 1880, grads =   8.542e-08, unitary_metric = 1.00000
Error = :1.16e-03; Runtime: 58.8s; Iterations = 1900, grads =   8.294e-08, unitary_metric = 1.00000
Error = :1.15e-03; Runtime: 59.5s; Iterations = 1920, grads =   8.060e-08, unitary_metric = 1.00000
Error = :1.15e-03; Runtime: 60.1s; Iterations = 1940, grads =   7.841e-08, unitary_metric = 1.00000
Error = :1.14e-03; Runtime: 60.7s; Iterations = 1960, grads =   7.636e-08, unitary_metric = 1.00000
Error = :1.14e-03; Runtime: 61.3s; Iterations = 1980, grads =   7.449e-08, unitary_metric = 1.00000
Error = :1.13e-03; Runtime: 61.9s; Iterations = 2000, grads =   7.277e-08, unitary_metric = 1.00000
Error = :1.13e-03; Runtime: 62.6s; Iterations = 2020, grads =   7.122e-08, unitary_metric = 1.00000
Error = :1.12e-03; Runtime: 63.2s; Iterations = 2040, grads =   6.983e-08, unitary_metric = 1.00000
Error = :1.12e-03; Runtime: 63.8s; Iterations = 2060, grads =   6.865e-08, unitary_metric = 1.00000
Error = :1.12e-03; Runtime: 64.4s; Iterations = 2080, grads =   6.765e-08, unitary_metric = 1.00000
Error = :1.11e-03; Runtime: 65.0s; Iterations = 2100, grads =   6.692e-08, unitary_metric = 1.00000
Error = :1.11e-03; Runtime: 65.7s; Iterations = 2120, grads =   6.642e-08, unitary_metric = 1.00000
Error = :1.11e-03; Runtime: 66.3s; Iterations = 2140, grads =   6.624e-08, unitary_metric = 1.00000
Error = :1.11e-03; Runtime: 66.9s; Iterations = 2160, grads =   6.641e-08, unitary_metric = 1.00000
Error = :1.11e-03; Runtime: 67.5s; Iterations = 2180, grads =   6.701e-08, unitary_metric = 1.00000
Error = :1.11e-03; Runtime: 68.1s; Iterations = 2200, grads =   6.811e-08, unitary_metric = 1.00000
Error = :1.11e-03; Runtime: 68.8s; Iterations = 2220, grads =   6.977e-08, unitary_metric = 1.00000
Error = :1.11e-03; Runtime: 69.4s; Iterations = 2240, grads =   7.205e-08, unitary_metric = 1.00000
Error = :1.12e-03; Runtime: 70.0s; Iterations = 2260, grads =   7.507e-08, unitary_metric = 1.00000
Error = :1.12e-03; Runtime: 70.6s; Iterations = 2280, grads =   7.877e-08, unitary_metric = 1.00000
Error = :1.12e-03; Runtime: 71.1s; Iterations = 2300, grads =   8.321e-08, unitary_metric = 1.00000
Error = :1.12e-03; Runtime: 71.9s; Iterations = 2320, grads =   8.827e-08, unitary_metric = 1.00000
Error = :1.13e-03; Runtime: 72.4s; Iterations = 2340, grads =   9.382e-08, unitary_metric = 1.00000
Error = :1.13e-03; Runtime: 73.0s; Iterations = 2360, grads =   9.946e-08, unitary_metric = 1.00000
Error = :1.13e-03; Runtime: 73.6s; Iterations = 2380, grads =   1.048e-07, unitary_metric = 1.00000
Error = :1.13e-03; Runtime: 74.2s; Iterations = 2400, grads =   1.095e-07, unitary_metric = 1.00000
Error = :1.12e-03; Runtime: 74.9s; Iterations = 2420, grads =   1.130e-07, unitary_metric = 1.00000
Error = :1.12e-03; Runtime: 75.5s; Iterations = 2440, grads =   1.150e-07, unitary_metric = 1.00000
Error = :1.11e-03; Runtime: 76.1s; Iterations = 2460, grads =   1.153e-07, unitary_metric = 1.00000
Error = :1.11e-03; Runtime: 76.7s; Iterations = 2480, grads =   1.140e-07, unitary_metric = 1.00000
Error = :1.10e-03; Runtime: 77.3s; Iterations = 2500, grads =   1.114e-07, unitary_metric = 1.00000
Error = :1.09e-03; Runtime: 78.0s; Iterations = 2520, grads =   1.076e-07, unitary_metric = 1.00000
Error = :1.08e-03; Runtime: 78.6s; Iterations = 2540, grads =   1.032e-07, unitary_metric = 1.00000
Error = :1.07e-03; Runtime: 79.2s; Iterations = 2560, grads =   9.833e-08, unitary_metric = 1.00000
Error = :1.06e-03; Runtime: 79.8s; Iterations = 2580, grads =   9.337e-08, unitary_metric = 1.00000
Error = :1.05e-03; Runtime: 80.4s; Iterations = 2600, grads =   8.856e-08, unitary_metric = 1.00000
Error = :1.04e-03; Runtime: 81.1s; Iterations = 2620, grads =   8.401e-08, unitary_metric = 1.00000
Error = :1.03e-03; Runtime: 81.7s; Iterations = 2640, grads =   7.976e-08, unitary_metric = 1.00000
Error = :1.03e-03; Runtime: 82.3s; Iterations = 2660, grads =   7.587e-08, unitary_metric = 1.00000
Error = :1.02e-03; Runtime: 82.9s; Iterations = 2680, grads =   7.233e-08, unitary_metric = 1.00000
Error = :1.02e-03; Runtime: 83.5s; Iterations = 2700, grads =   6.911e-08, unitary_metric = 1.00000
Error = :1.01e-03; Runtime: 84.2s; Iterations = 2720, grads =   6.618e-08, unitary_metric = 1.00000
Error = :1.00e-03; Runtime: 84.7s; Iterations = 2740, grads =   6.357e-08, unitary_metric = 1.00000
Error = :9.99e-04; Runtime: 85.3s; Iterations = 2757, grads =   6.154e-08, unitary_metric = 1.00000
data saved at: /project/ftchong/qoc/pranav/00025_27_block102.h5


^^^SHORTEST TIME was 4.4
