Running Block:  171


trying total_time: 10.0 for unitary of size (4, 4)
data saved at: /project/ftchong/qoc/pranav/00000_31_beh2_slice_171.h5
Using 6 Taylor terms and 1 Scaling & Squaring terms
Building graph:
Propagators initialized.
Operators weight initialized.
Intermediate propagation variables initialized.
Intermediate propagators initialized.
Vectors initialized.
Training loss initialized.
Optimizer initialized.
Utilities initialized.
Graph built!
Initialized
Error = :5.51e-02; Runtime: 0.3s; Iterations = 0, grads =   1.132e+00, unitary_metric = 1.00000
Error = :9.11e-04; Runtime: 1.5s; Iterations = 11, grads =   1.828e-02, unitary_metric = 1.00000
data saved at: /project/ftchong/qoc/pranav/00000_31_beh2_slice_171.h5


trying total_time: 5.0 for unitary of size (4, 4)
data saved at: /project/ftchong/qoc/pranav/00001_31_beh2_slice_171.h5
Using 6 Taylor terms and 1 Scaling & Squaring terms
Building graph:
Propagators initialized.
Operators weight initialized.
Intermediate propagation variables initialized.
Intermediate propagators initialized.
Vectors initialized.
Training loss initialized.
Optimizer initialized.
Utilities initialized.
Graph built!
Initialized
Error = :1.67e-01; Runtime: 0.1s; Iterations = 0, grads =   1.458e+00, unitary_metric = 1.00000
Error = :3.25e-03; Runtime: 1.1s; Iterations = 20, grads =   3.475e-02, unitary_metric = 1.00000
Error = :3.98e-04; Runtime: 1.3s; Iterations = 27, grads =   4.244e-03, unitary_metric = 1.00000
data saved at: /project/ftchong/qoc/pranav/00001_31_beh2_slice_171.h5


trying total_time: 2.5 for unitary of size (4, 4)
data saved at: /project/ftchong/qoc/pranav/00002_31_beh2_slice_171.h5
Using 6 Taylor terms and 1 Scaling & Squaring terms
Building graph:
Propagators initialized.
Operators weight initialized.
Intermediate propagation variables initialized.
Intermediate propagators initialized.
Vectors initialized.
Training loss initialized.
Optimizer initialized.
Utilities initialized.
Graph built!
Initialized
Error = :1.63e-01; Runtime: 0.1s; Iterations = 0, grads =   7.062e-01, unitary_metric = 1.00000
Error = :7.48e-04; Runtime: 0.4s; Iterations = 10, grads =   3.647e-03, unitary_metric = 1.00000
data saved at: /project/ftchong/qoc/pranav/00002_31_beh2_slice_171.h5


trying total_time: 1.25 for unitary of size (4, 4)
data saved at: /project/ftchong/qoc/pranav/00003_31_beh2_slice_171.h5
Using 6 Taylor terms and 1 Scaling & Squaring terms
Building graph:
Propagators initialized.
Operators weight initialized.
Intermediate propagation variables initialized.
Intermediate propagators initialized.
Vectors initialized.
Training loss initialized.
Optimizer initialized.
Utilities initialized.
Graph built!
Initialized
Error = :1.48e-01; Runtime: 0.1s; Iterations = 0, grads =   3.178e-01, unitary_metric = 1.00000
Error = :3.51e-03; Runtime: 0.3s; Iterations = 20, grads =   9.204e-03, unitary_metric = 1.00000
Error = :9.29e-04; Runtime: 0.5s; Iterations = 33, grads =   2.422e-03, unitary_metric = 1.00000
data saved at: /project/ftchong/qoc/pranav/00003_31_beh2_slice_171.h5


trying total_time: 0.6 for unitary of size (4, 4)
data saved at: /project/ftchong/qoc/pranav/00004_31_beh2_slice_171.h5
Using 7 Taylor terms and 0 Scaling & Squaring terms
Building graph:
Propagators initialized.
Operators weight initialized.
Intermediate propagation variables initialized.
Intermediate propagators initialized.
Vectors initialized.
Training loss initialized.
Optimizer initialized.
Utilities initialized.
Graph built!
Initialized
Error = :1.24e-01; Runtime: 0.0s; Iterations = 0, grads =   1.262e-01, unitary_metric = 1.00000
Error = :7.76e-03; Runtime: 0.2s; Iterations = 20, grads =   9.249e-03, unitary_metric = 1.00000
Error = :9.59e-04; Runtime: 0.3s; Iterations = 31, grads =   1.161e-03, unitary_metric = 1.00000
data saved at: /project/ftchong/qoc/pranav/00004_31_beh2_slice_171.h5


trying total_time: 0.3 for unitary of size (4, 4)
data saved at: /project/ftchong/qoc/pranav/00005_31_beh2_slice_171.h5
Using 5 Taylor terms and 1 Scaling & Squaring terms
Building graph:
Propagators initialized.
Operators weight initialized.
Intermediate propagation variables initialized.
Intermediate propagators initialized.
Vectors initialized.
Training loss initialized.
Optimizer initialized.
Utilities initialized.
Graph built!
Initialized
Error = :5.02e-02; Runtime: 0.0s; Iterations = 0, grads =   2.780e-02, unitary_metric = 1.00000
Error = :6.46e-04; Runtime: 0.1s; Iterations = 16, grads =   3.360e-04, unitary_metric = 1.00000
data saved at: /project/ftchong/qoc/pranav/00005_31_beh2_slice_171.h5


trying total_time: 40.0 for unitary of size (16, 16)
data saved at: /project/ftchong/qoc/pranav/00006_31_beh2_slice_171.h5
Using 5 Taylor terms and 4 Scaling & Squaring terms
Building graph:
Propagators initialized.
Operators weight initialized.
Intermediate propagation variables initialized.
Intermediate propagators initialized.
Vectors initialized.
Training loss initialized.
Optimizer initialized.
Utilities initialized.
Graph built!
Initialized
Error = :9.92e-01; Runtime: 1.4s; Iterations = 0, grads =   1.072e-01, unitary_metric = 1.00024
Error = :6.83e-01; Runtime: 18.5s; Iterations = 20, grads =   1.440e-01, unitary_metric = 1.00033
Error = :5.50e-01; Runtime: 33.4s; Iterations = 40, grads =   1.496e-01, unitary_metric = 1.00028
Error = :1.38e-02; Runtime: 48.3s; Iterations = 60, grads =   1.273e-01, unitary_metric = 1.00025
Error = :3.89e-03; Runtime: 63.3s; Iterations = 80, grads =   2.723e-02, unitary_metric = 1.00024
Error = :4.38e-04; Runtime: 74.5s; Iterations = 95, grads =   1.657e-02, unitary_metric = 1.00025
data saved at: /project/ftchong/qoc/pranav/00006_31_beh2_slice_171.h5


trying total_time: 20.0 for unitary of size (16, 16)
data saved at: /project/ftchong/qoc/pranav/00007_31_beh2_slice_171.h5
Using 7 Taylor terms and 2 Scaling & Squaring terms
Building graph:
Propagators initialized.
Operators weight initialized.
Intermediate propagation variables initialized.
Intermediate propagators initialized.
Vectors initialized.
Training loss initialized.
Optimizer initialized.
Utilities initialized.
Graph built!
Initialized
Error = :9.82e-01; Runtime: 0.7s; Iterations = 0, grads =   1.102e-01, unitary_metric = 1.00001
Error = :3.62e-01; Runtime: 9.1s; Iterations = 20, grads =   4.454e-01, unitary_metric = 1.00000
Error = :3.40e-01; Runtime: 16.3s; Iterations = 40, grads =   6.992e-02, unitary_metric = 1.00001
Error = :3.35e-01; Runtime: 23.6s; Iterations = 60, grads =   1.024e-02, unitary_metric = 1.00001
Error = :3.35e-01; Runtime: 30.9s; Iterations = 80, grads =   2.024e-03, unitary_metric = 1.00001
Error = :3.35e-01; Runtime: 38.1s; Iterations = 100, grads =   1.448e-04, unitary_metric = 1.00001
Error = :3.35e-01; Runtime: 46.0s; Iterations = 120, grads =   3.380e-05, unitary_metric = 1.00000
Error = :3.35e-01; Runtime: 53.2s; Iterations = 140, grads =   1.746e-06, unitary_metric = 1.00001
Error = :3.35e-01; Runtime: 60.5s; Iterations = 160, grads =   5.633e-08, unitary_metric = 1.00001
Error = :3.35e-01; Runtime: 67.7s; Iterations = 180, grads =   6.205e-08, unitary_metric = 1.00001
Error = :3.35e-01; Runtime: 75.0s; Iterations = 200, grads =   2.404e-09, unitary_metric = 1.00001
Error = :3.35e-01; Runtime: 82.7s; Iterations = 220, grads =   9.434e-10, unitary_metric = 1.00001
Error = :3.35e-01; Runtime: 90.0s; Iterations = 240, grads =   2.532e-10, unitary_metric = 1.00001
Error = :3.35e-01; Runtime: 97.2s; Iterations = 260, grads =   6.601e-09, unitary_metric = 1.00001
Error = :3.35e-01; Runtime: 104.5s; Iterations = 280, grads =   2.199e-03, unitary_metric = 1.00001
Error = :3.36e-01; Runtime: 111.7s; Iterations = 300, grads =   4.703e-02, unitary_metric = 1.00001
Error = :3.35e-01; Runtime: 119.5s; Iterations = 320, grads =   7.202e-03, unitary_metric = 1.00001
Error = :3.35e-01; Runtime: 126.7s; Iterations = 340, grads =   2.079e-04, unitary_metric = 1.00001
Error = :3.35e-01; Runtime: 134.0s; Iterations = 360, grads =   1.994e-06, unitary_metric = 1.00000
Error = :3.35e-01; Runtime: 141.3s; Iterations = 380, grads =   1.555e-05, unitary_metric = 1.00000
Error = :3.35e-01; Runtime: 148.5s; Iterations = 400, grads =   2.159e-07, unitary_metric = 1.00001
Error = :3.35e-01; Runtime: 156.3s; Iterations = 420, grads =   3.065e-07, unitary_metric = 1.00001
Error = :3.35e-01; Runtime: 163.6s; Iterations = 440, grads =   3.560e-03, unitary_metric = 1.00001
Error = :3.35e-01; Runtime: 170.8s; Iterations = 460, grads =   3.902e-03, unitary_metric = 1.00001
Error = :3.35e-01; Runtime: 178.1s; Iterations = 480, grads =   1.718e-03, unitary_metric = 1.00001
Error = :3.35e-01; Runtime: 185.3s; Iterations = 500, grads =   1.966e-04, unitary_metric = 1.00001
Error = :3.35e-01; Runtime: 193.2s; Iterations = 520, grads =   6.437e-05, unitary_metric = 1.00000
Error = :3.41e-01; Runtime: 200.5s; Iterations = 540, grads =   1.773e-01, unitary_metric = 1.00001
Error = :3.35e-01; Runtime: 207.7s; Iterations = 560, grads =   8.828e-03, unitary_metric = 1.00001
Error = :3.35e-01; Runtime: 215.0s; Iterations = 580, grads =   2.005e-03, unitary_metric = 1.00001
Error = :3.35e-01; Runtime: 222.2s; Iterations = 600, grads =   1.408e-04, unitary_metric = 1.00001
Error = :3.35e-01; Runtime: 230.0s; Iterations = 620, grads =   1.769e-05, unitary_metric = 1.00001
Error = :3.35e-01; Runtime: 237.3s; Iterations = 640, grads =   8.982e-08, unitary_metric = 1.00001
Error = :3.35e-01; Runtime: 244.5s; Iterations = 660, grads =   3.094e-07, unitary_metric = 1.00001
Error = :3.35e-01; Runtime: 251.8s; Iterations = 680, grads =   1.797e-05, unitary_metric = 1.00001
Error = :3.35e-01; Runtime: 259.0s; Iterations = 700, grads =   6.295e-03, unitary_metric = 1.00001
Error = :3.35e-01; Runtime: 266.8s; Iterations = 720, grads =   2.120e-03, unitary_metric = 1.00001
Error = :3.35e-01; Runtime: 274.0s; Iterations = 740, grads =   6.435e-05, unitary_metric = 1.00001
Error = :3.35e-01; Runtime: 281.3s; Iterations = 760, grads =   7.913e-05, unitary_metric = 1.00000
Error = :3.39e-01; Runtime: 288.5s; Iterations = 780, grads =   1.316e-01, unitary_metric = 1.00001
Error = :3.35e-01; Runtime: 295.8s; Iterations = 800, grads =   5.754e-03, unitary_metric = 1.00000
Error = :3.35e-01; Runtime: 303.6s; Iterations = 820, grads =   1.230e-04, unitary_metric = 1.00000
Error = :3.35e-01; Runtime: 310.8s; Iterations = 840, grads =   1.021e-04, unitary_metric = 1.00000
Error = :3.35e-01; Runtime: 318.1s; Iterations = 860, grads =   1.441e-05, unitary_metric = 1.00000
Error = :3.35e-01; Runtime: 325.3s; Iterations = 880, grads =   3.850e-06, unitary_metric = 1.00000
Error = :3.35e-01; Runtime: 332.6s; Iterations = 900, grads =   4.126e-07, unitary_metric = 1.00000
Error = :3.35e-01; Runtime: 340.3s; Iterations = 920, grads =   7.328e-09, unitary_metric = 1.00000
Error = :3.35e-01; Runtime: 347.6s; Iterations = 940, grads =   3.144e-08, unitary_metric = 1.00000
Error = :3.35e-01; Runtime: 354.8s; Iterations = 960, grads =   7.301e-06, unitary_metric = 1.00000
Error = :3.37e-01; Runtime: 362.1s; Iterations = 980, grads =   4.818e-02, unitary_metric = 1.00000
Error = :3.38e-01; Runtime: 369.4s; Iterations = 1000, grads =   1.063e-01, unitary_metric = 1.00001
Error = :3.35e-01; Runtime: 377.1s; Iterations = 1020, grads =   1.372e-02, unitary_metric = 1.00000
Error = :3.35e-01; Runtime: 384.4s; Iterations = 1040, grads =   1.515e-02, unitary_metric = 1.00000
Error = :3.35e-01; Runtime: 391.6s; Iterations = 1060, grads =   3.912e-04, unitary_metric = 1.00000
Error = :3.35e-01; Runtime: 398.9s; Iterations = 1080, grads =   1.655e-03, unitary_metric = 1.00000
Error = :3.35e-01; Runtime: 406.1s; Iterations = 1100, grads =   1.174e-05, unitary_metric = 1.00000
Error = :3.35e-01; Runtime: 413.9s; Iterations = 1120, grads =   5.711e-07, unitary_metric = 1.00000
Error = :3.35e-01; Runtime: 421.2s; Iterations = 1140, grads =   3.257e-06, unitary_metric = 1.00000
Error = :3.35e-01; Runtime: 428.5s; Iterations = 1160, grads =   8.269e-09, unitary_metric = 1.00000
Error = :3.35e-01; Runtime: 435.7s; Iterations = 1180, grads =   3.117e-07, unitary_metric = 1.00000
Error = :3.35e-01; Runtime: 443.0s; Iterations = 1200, grads =   3.650e-06, unitary_metric = 1.00000
Error = :3.35e-01; Runtime: 450.7s; Iterations = 1220, grads =   3.059e-03, unitary_metric = 1.00000
Error = :3.36e-01; Runtime: 458.0s; Iterations = 1240, grads =   2.720e-02, unitary_metric = 1.00000
Error = :3.37e-01; Runtime: 465.4s; Iterations = 1260, grads =   5.358e-02, unitary_metric = 1.00000
Error = :3.35e-01; Runtime: 472.6s; Iterations = 1280, grads =   7.690e-03, unitary_metric = 1.00000
Error = :3.35e-01; Runtime: 479.9s; Iterations = 1300, grads =   1.652e-03, unitary_metric = 1.00000
Error = :3.35e-01; Runtime: 487.7s; Iterations = 1320, grads =   1.967e-04, unitary_metric = 1.00000
Error = :3.35e-01; Runtime: 494.9s; Iterations = 1340, grads =   1.230e-05, unitary_metric = 1.00000
Error = :3.35e-01; Runtime: 502.2s; Iterations = 1360, grads =   1.082e-06, unitary_metric = 1.00000
Error = :3.35e-01; Runtime: 509.5s; Iterations = 1380, grads =   2.612e-07, unitary_metric = 1.00000
Error = :3.35e-01; Runtime: 516.7s; Iterations = 1400, grads =   9.614e-08, unitary_metric = 1.00000
Error = :3.35e-01; Runtime: 524.5s; Iterations = 1420, grads =   3.600e-07, unitary_metric = 1.00000
Error = :3.35e-01; Runtime: 531.7s; Iterations = 1440, grads =   2.495e-05, unitary_metric = 1.00000
Error = :3.36e-01; Runtime: 539.0s; Iterations = 1460, grads =   4.908e-02, unitary_metric = 1.00000
Error = :3.35e-01; Runtime: 546.3s; Iterations = 1480, grads =   3.112e-03, unitary_metric = 1.00000
Error = :3.36e-01; Runtime: 553.5s; Iterations = 1500, grads =   3.904e-02, unitary_metric = 1.00001
Error = :3.35e-01; Runtime: 561.3s; Iterations = 1520, grads =   1.174e-02, unitary_metric = 1.00000
Error = :3.35e-01; Runtime: 568.5s; Iterations = 1540, grads =   1.429e-03, unitary_metric = 1.00000
Error = :3.35e-01; Runtime: 575.8s; Iterations = 1560, grads =   1.431e-04, unitary_metric = 1.00000
Error = :3.35e-01; Runtime: 583.1s; Iterations = 1580, grads =   2.776e-05, unitary_metric = 1.00000
Error = :3.35e-01; Runtime: 590.5s; Iterations = 1600, grads =   3.519e-06, unitary_metric = 1.00000
Error = :3.35e-01; Runtime: 598.3s; Iterations = 1620, grads =   5.347e-06, unitary_metric = 1.00000
Error = :3.35e-01; Runtime: 605.5s; Iterations = 1640, grads =   2.584e-04, unitary_metric = 1.00000
Error = :3.36e-01; Runtime: 612.8s; Iterations = 1660, grads =   2.645e-02, unitary_metric = 1.00000
Error = :3.35e-01; Runtime: 620.0s; Iterations = 1680, grads =   2.923e-03, unitary_metric = 1.00000
Error = :3.35e-01; Runtime: 627.3s; Iterations = 1700, grads =   3.742e-04, unitary_metric = 1.00000
Error = :3.36e-01; Runtime: 635.1s; Iterations = 1720, grads =   2.009e-02, unitary_metric = 1.00000
Error = :3.35e-01; Runtime: 642.3s; Iterations = 1740, grads =   6.206e-03, unitary_metric = 1.00000
Error = :3.35e-01; Runtime: 649.6s; Iterations = 1760, grads =   2.005e-02, unitary_metric = 1.00000
Error = :3.35e-01; Runtime: 656.9s; Iterations = 1780, grads =   5.813e-03, unitary_metric = 1.00000
Error = :3.35e-01; Runtime: 664.2s; Iterations = 1800, grads =   1.155e-03, unitary_metric = 1.00000
Error = :3.35e-01; Runtime: 672.0s; Iterations = 1820, grads =   1.449e-04, unitary_metric = 1.00000
Error = :3.35e-01; Runtime: 679.2s; Iterations = 1840, grads =   4.111e-05, unitary_metric = 1.00000
Error = :3.36e-01; Runtime: 686.5s; Iterations = 1860, grads =   3.166e-02, unitary_metric = 1.00000
Error = :3.35e-01; Runtime: 693.7s; Iterations = 1880, grads =   6.404e-03, unitary_metric = 1.00000
Error = :3.35e-01; Runtime: 700.9s; Iterations = 1900, grads =   4.729e-04, unitary_metric = 1.00000
Error = :3.35e-01; Runtime: 708.7s; Iterations = 1920, grads =   1.309e-05, unitary_metric = 1.00000
Error = :3.35e-01; Runtime: 715.9s; Iterations = 1940, grads =   1.269e-05, unitary_metric = 1.00000
Error = :3.35e-01; Runtime: 723.1s; Iterations = 1960, grads =   7.438e-04, unitary_metric = 1.00000
Error = :3.35e-01; Runtime: 730.4s; Iterations = 1980, grads =   3.803e-03, unitary_metric = 1.00000
Error = :3.35e-01; Runtime: 737.6s; Iterations = 2000, grads =   1.236e-02, unitary_metric = 1.00000
Error = :3.35e-01; Runtime: 745.3s; Iterations = 2020, grads =   1.105e-03, unitary_metric = 1.00000
Error = :3.35e-01; Runtime: 752.5s; Iterations = 2040, grads =   5.463e-04, unitary_metric = 1.00000
Error = :3.35e-01; Runtime: 759.8s; Iterations = 2060, grads =   7.985e-05, unitary_metric = 1.00000
Error = :3.35e-01; Runtime: 767.0s; Iterations = 2080, grads =   1.287e-05, unitary_metric = 1.00000
Error = :3.35e-01; Runtime: 774.3s; Iterations = 2100, grads =   2.644e-04, unitary_metric = 1.00000
Error = :3.35e-01; Runtime: 782.0s; Iterations = 2120, grads =   1.446e-03, unitary_metric = 1.00000
Error = :3.35e-01; Runtime: 789.3s; Iterations = 2140, grads =   1.802e-02, unitary_metric = 1.00000
Error = :3.35e-01; Runtime: 796.5s; Iterations = 2160, grads =   4.673e-04, unitary_metric = 1.00000
Error = :3.35e-01; Runtime: 803.8s; Iterations = 2180, grads =   1.377e-05, unitary_metric = 1.00000
Error = :3.35e-01; Runtime: 811.0s; Iterations = 2200, grads =   3.632e-05, unitary_metric = 1.00000
Error = :3.35e-01; Runtime: 818.7s; Iterations = 2220, grads =   1.624e-03, unitary_metric = 1.00000
Error = :3.35e-01; Runtime: 826.0s; Iterations = 2240, grads =   5.107e-03, unitary_metric = 1.00000
Error = :3.35e-01; Runtime: 833.2s; Iterations = 2260, grads =   7.460e-05, unitary_metric = 1.00000
Error = :3.35e-01; Runtime: 840.5s; Iterations = 2280, grads =   1.562e-04, unitary_metric = 1.00000
Error = :3.35e-01; Runtime: 847.8s; Iterations = 2300, grads =   2.168e-02, unitary_metric = 1.00000
Error = :3.35e-01; Runtime: 855.5s; Iterations = 2320, grads =   9.084e-05, unitary_metric = 1.00000
Error = :3.35e-01; Runtime: 862.8s; Iterations = 2340, grads =   1.440e-02, unitary_metric = 1.00000
Error = :3.35e-01; Runtime: 870.0s; Iterations = 2360, grads =   4.851e-03, unitary_metric = 1.00000
Error = :3.35e-01; Runtime: 877.3s; Iterations = 2380, grads =   2.290e-03, unitary_metric = 1.00000
Error = :3.35e-01; Runtime: 884.5s; Iterations = 2400, grads =   5.913e-05, unitary_metric = 1.00001
Error = :3.35e-01; Runtime: 892.3s; Iterations = 2420, grads =   3.297e-06, unitary_metric = 1.00001
Error = :3.35e-01; Runtime: 899.5s; Iterations = 2440, grads =   1.511e-06, unitary_metric = 1.00000
Error = :3.35e-01; Runtime: 906.7s; Iterations = 2460, grads =   7.917e-07, unitary_metric = 1.00000
Error = :3.35e-01; Runtime: 914.0s; Iterations = 2480, grads =   1.461e-05, unitary_metric = 1.00001
Error = :3.35e-01; Runtime: 921.2s; Iterations = 2500, grads =   1.158e-02, unitary_metric = 1.00001
Error = :3.35e-01; Runtime: 929.0s; Iterations = 2520, grads =   2.131e-03, unitary_metric = 1.00000
Error = :3.35e-01; Runtime: 936.3s; Iterations = 2540, grads =   1.684e-05, unitary_metric = 1.00000
Error = :3.35e-01; Runtime: 943.5s; Iterations = 2560, grads =   5.087e-05, unitary_metric = 1.00000
Error = :3.35e-01; Runtime: 950.8s; Iterations = 2580, grads =   1.218e-02, unitary_metric = 1.00000
Error = :3.35e-01; Runtime: 958.0s; Iterations = 2600, grads =   8.779e-04, unitary_metric = 1.00000
Error = :3.35e-01; Runtime: 965.8s; Iterations = 2620, grads =   1.374e-02, unitary_metric = 1.00000
Error = :3.35e-01; Runtime: 973.1s; Iterations = 2640, grads =   9.502e-04, unitary_metric = 1.00000
Error = :3.35e-01; Runtime: 980.3s; Iterations = 2660, grads =   3.424e-04, unitary_metric = 1.00000
Error = :3.35e-01; Runtime: 987.5s; Iterations = 2680, grads =   4.415e-05, unitary_metric = 1.00000
Error = :3.35e-01; Runtime: 994.7s; Iterations = 2700, grads =   5.841e-06, unitary_metric = 1.00000
Error = :3.35e-01; Runtime: 1002.5s; Iterations = 2720, grads =   2.410e-07, unitary_metric = 1.00001
Error = :3.35e-01; Runtime: 1009.7s; Iterations = 2740, grads =   5.254e-08, unitary_metric = 1.00000
Error = :3.35e-01; Runtime: 1016.9s; Iterations = 2760, grads =   2.060e-08, unitary_metric = 1.00000
Error = :3.35e-01; Runtime: 1024.1s; Iterations = 2780, grads =   1.350e-06, unitary_metric = 1.00001
Error = :3.35e-01; Runtime: 1031.4s; Iterations = 2800, grads =   8.493e-04, unitary_metric = 1.00001
Error = :3.35e-01; Runtime: 1039.1s; Iterations = 2820, grads =   4.049e-03, unitary_metric = 1.00001
Error = :3.35e-01; Runtime: 1046.4s; Iterations = 2840, grads =   1.555e-04, unitary_metric = 1.00001
Error = :3.35e-01; Runtime: 1053.6s; Iterations = 2860, grads =   1.574e-02, unitary_metric = 1.00001
Error = :3.35e-01; Runtime: 1060.8s; Iterations = 2880, grads =   3.104e-03, unitary_metric = 1.00001
Error = :3.35e-01; Runtime: 1068.2s; Iterations = 2900, grads =   5.255e-03, unitary_metric = 1.00000
Error = :3.35e-01; Runtime: 1076.0s; Iterations = 2920, grads =   1.895e-04, unitary_metric = 1.00000
Error = :3.35e-01; Runtime: 1083.2s; Iterations = 2940, grads =   3.745e-05, unitary_metric = 1.00000
Error = :3.35e-01; Runtime: 1090.5s; Iterations = 2960, grads =   1.093e-05, unitary_metric = 1.00000
Error = :3.35e-01; Runtime: 1097.7s; Iterations = 2980, grads =   3.173e-06, unitary_metric = 1.00000
Error = :3.35e-01; Runtime: 1104.9s; Iterations = 3000, grads =   5.433e-08, unitary_metric = 1.00000
Error = :3.35e-01; Runtime: 1112.8s; Iterations = 3020, grads =   3.505e-08, unitary_metric = 1.00000
Error = :3.35e-01; Runtime: 1120.0s; Iterations = 3040, grads =   1.826e-08, unitary_metric = 1.00000
Error = :3.35e-01; Runtime: 1127.3s; Iterations = 3060, grads =   1.089e-07, unitary_metric = 1.00000
Error = :3.35e-01; Runtime: 1134.5s; Iterations = 3080, grads =   5.046e-06, unitary_metric = 1.00000
Error = :3.35e-01; Runtime: 1141.8s; Iterations = 3100, grads =   1.768e-03, unitary_metric = 1.00000
Error = :3.35e-01; Runtime: 1149.6s; Iterations = 3120, grads =   1.151e-02, unitary_metric = 1.00001
Error = :3.35e-01; Runtime: 1156.8s; Iterations = 3140, grads =   3.451e-03, unitary_metric = 1.00000
Error = :3.35e-01; Runtime: 1164.0s; Iterations = 3160, grads =   1.242e-03, unitary_metric = 1.00000
Error = :3.35e-01; Runtime: 1171.3s; Iterations = 3180, grads =   8.059e-04, unitary_metric = 1.00000
Error = :3.35e-01; Runtime: 1178.5s; Iterations = 3200, grads =   5.542e-06, unitary_metric = 1.00000
Error = :3.35e-01; Runtime: 1186.4s; Iterations = 3220, grads =   1.185e-05, unitary_metric = 1.00000
Error = :3.35e-01; Runtime: 1194.4s; Iterations = 3240, grads =   7.212e-08, unitary_metric = 1.00000
Error = :3.35e-01; Runtime: 1201.7s; Iterations = 3260, grads =   1.478e-07, unitary_metric = 1.00000
Error = :3.35e-01; Runtime: 1208.9s; Iterations = 3280, grads =   3.196e-08, unitary_metric = 1.00000
Error = :3.35e-01; Runtime: 1216.2s; Iterations = 3300, grads =   6.345e-09, unitary_metric = 1.00000
Error = :3.35e-01; Runtime: 1224.0s; Iterations = 3320, grads =   3.870e-09, unitary_metric = 1.00000
Error = :3.35e-01; Runtime: 1231.3s; Iterations = 3340, grads =   3.192e-08, unitary_metric = 1.00000
Error = :3.35e-01; Runtime: 1238.5s; Iterations = 3360, grads =   1.905e-06, unitary_metric = 1.00000
Error = :3.35e-01; Runtime: 1245.7s; Iterations = 3380, grads =   9.755e-04, unitary_metric = 1.00000
Error = :3.35e-01; Runtime: 1253.0s; Iterations = 3400, grads =   1.082e-02, unitary_metric = 1.00000
Error = :3.35e-01; Runtime: 1260.7s; Iterations = 3420, grads =   1.417e-03, unitary_metric = 1.00000
Error = :3.35e-01; Runtime: 1268.0s; Iterations = 3440, grads =   2.479e-04, unitary_metric = 1.00000
Error = :3.35e-01; Runtime: 1275.2s; Iterations = 3460, grads =   2.838e-05, unitary_metric = 1.00001
Error = :3.35e-01; Runtime: 1282.5s; Iterations = 3480, grads =   7.506e-05, unitary_metric = 1.00000
Error = :3.35e-01; Runtime: 1289.7s; Iterations = 3500, grads =   3.936e-03, unitary_metric = 1.00000
Error = :3.35e-01; Runtime: 1297.5s; Iterations = 3520, grads =   4.376e-04, unitary_metric = 1.00000
Error = :3.35e-01; Runtime: 1304.7s; Iterations = 3540, grads =   4.847e-05, unitary_metric = 1.00000
Error = :3.35e-01; Runtime: 1312.0s; Iterations = 3560, grads =   2.048e-06, unitary_metric = 1.00000
Error = :3.35e-01; Runtime: 1319.2s; Iterations = 3580, grads =   3.968e-07, unitary_metric = 1.00000
Error = :3.35e-01; Runtime: 1326.4s; Iterations = 3600, grads =   9.448e-08, unitary_metric = 1.00001
Error = :3.35e-01; Runtime: 1334.1s; Iterations = 3620, grads =   4.364e-08, unitary_metric = 1.00000
Error = :3.35e-01; Runtime: 1341.3s; Iterations = 3640, grads =   2.255e-07, unitary_metric = 1.00001
Error = :3.35e-01; Runtime: 1348.5s; Iterations = 3660, grads =   3.940e-05, unitary_metric = 1.00001
Error = :3.35e-01; Runtime: 1355.8s; Iterations = 3680, grads =   1.064e-02, unitary_metric = 1.00000
Error = :3.35e-01; Runtime: 1363.0s; Iterations = 3700, grads =   2.913e-03, unitary_metric = 1.00000
Error = :3.35e-01; Runtime: 1370.9s; Iterations = 3720, grads =   1.337e-03, unitary_metric = 1.00000
Error = :3.35e-01; Runtime: 1378.1s; Iterations = 3740, grads =   8.462e-04, unitary_metric = 1.00000
Error = :3.35e-01; Runtime: 1385.3s; Iterations = 3760, grads =   3.685e-05, unitary_metric = 1.00001
Error = :3.35e-01; Runtime: 1392.5s; Iterations = 3780, grads =   2.768e-06, unitary_metric = 1.00001
Error = :3.35e-01; Runtime: 1399.8s; Iterations = 3800, grads =   2.296e-06, unitary_metric = 1.00000
Error = :3.35e-01; Runtime: 1407.5s; Iterations = 3820, grads =   1.793e-07, unitary_metric = 1.00000
Error = :3.35e-01; Runtime: 1414.7s; Iterations = 3840, grads =   9.960e-09, unitary_metric = 1.00000
Error = :3.35e-01; Runtime: 1422.0s; Iterations = 3860, grads =   3.790e-08, unitary_metric = 1.00000
Error = :3.35e-01; Runtime: 1429.2s; Iterations = 3880, grads =   4.359e-07, unitary_metric = 1.00000
Error = :3.35e-01; Runtime: 1436.4s; Iterations = 3900, grads =   1.439e-05, unitary_metric = 1.00000
Error = :3.35e-01; Runtime: 1444.2s; Iterations = 3920, grads =   3.944e-03, unitary_metric = 1.00000
Error = :3.35e-01; Runtime: 1451.4s; Iterations = 3940, grads =   2.290e-03, unitary_metric = 1.00000
Error = :3.35e-01; Runtime: 1458.7s; Iterations = 3960, grads =   6.138e-03, unitary_metric = 1.00000
Error = :3.35e-01; Runtime: 1465.9s; Iterations = 3980, grads =   4.941e-04, unitary_metric = 1.00000
Error = :3.35e-01; Runtime: 1473.2s; Iterations = 4000, grads =   4.155e-04, unitary_metric = 1.00000
Error = :3.35e-01; Runtime: 1480.9s; Iterations = 4020, grads =   2.210e-04, unitary_metric = 1.00001
Error = :3.35e-01; Runtime: 1488.1s; Iterations = 4040, grads =   2.886e-05, unitary_metric = 1.00000
Error = :3.35e-01; Runtime: 1495.3s; Iterations = 4060, grads =   1.969e-06, unitary_metric = 1.00000
Error = :3.35e-01; Runtime: 1502.7s; Iterations = 4080, grads =   2.253e-07, unitary_metric = 1.00001
Error = :3.35e-01; Runtime: 1509.9s; Iterations = 4100, grads =   8.777e-08, unitary_metric = 1.00001
Error = :3.35e-01; Runtime: 1517.7s; Iterations = 4120, grads =   7.744e-08, unitary_metric = 1.00000
Error = :3.35e-01; Runtime: 1524.9s; Iterations = 4140, grads =   2.253e-06, unitary_metric = 1.00000
Error = :3.35e-01; Runtime: 1532.1s; Iterations = 4160, grads =   2.311e-04, unitary_metric = 1.00000
Error = :3.35e-01; Runtime: 1539.3s; Iterations = 4180, grads =   3.951e-03, unitary_metric = 1.00000
Error = :3.35e-01; Runtime: 1546.6s; Iterations = 4200, grads =   4.587e-03, unitary_metric = 1.00000
Error = :3.35e-01; Runtime: 1554.3s; Iterations = 4220, grads =   1.116e-04, unitary_metric = 1.00000
Error = :3.35e-01; Runtime: 1561.5s; Iterations = 4240, grads =   6.208e-05, unitary_metric = 1.00000
Error = :3.35e-01; Runtime: 1568.7s; Iterations = 4260, grads =   2.866e-05, unitary_metric = 1.00000
Error = :3.35e-01; Runtime: 1576.0s; Iterations = 4280, grads =   2.689e-03, unitary_metric = 1.00000
Error = :3.35e-01; Runtime: 1583.2s; Iterations = 4300, grads =   2.179e-05, unitary_metric = 1.00000
Error = :3.35e-01; Runtime: 1591.0s; Iterations = 4320, grads =   3.206e-08, unitary_metric = 1.00000
Error = :3.35e-01; Runtime: 1598.2s; Iterations = 4340, grads =   1.863e-06, unitary_metric = 1.00000
Error = :3.35e-01; Runtime: 1605.5s; Iterations = 4360, grads =   1.057e-06, unitary_metric = 1.00000
Error = :3.35e-01; Runtime: 1612.7s; Iterations = 4380, grads =   7.216e-06, unitary_metric = 1.00000
Error = :3.35e-01; Runtime: 1619.9s; Iterations = 4400, grads =   2.363e-03, unitary_metric = 1.00001
Error = :3.35e-01; Runtime: 1627.6s; Iterations = 4420, grads =   1.347e-03, unitary_metric = 1.00000
Error = :3.35e-01; Runtime: 1634.8s; Iterations = 4440, grads =   2.439e-04, unitary_metric = 1.00000
Error = :3.35e-01; Runtime: 1642.0s; Iterations = 4460, grads =   2.533e-03, unitary_metric = 1.00000
Error = :3.35e-01; Runtime: 1649.2s; Iterations = 4480, grads =   5.650e-05, unitary_metric = 1.00000
Error = :3.35e-01; Runtime: 1656.5s; Iterations = 4500, grads =   7.114e-05, unitary_metric = 1.00000
Error = :3.35e-01; Runtime: 1664.2s; Iterations = 4520, grads =   2.027e-03, unitary_metric = 1.00000
Error = :3.35e-01; Runtime: 1671.1s; Iterations = 4540, grads =   1.837e-04, unitary_metric = 1.00000
Error = :3.35e-01; Runtime: 1678.1s; Iterations = 4560, grads =   1.168e-05, unitary_metric = 1.00000
Error = :3.35e-01; Runtime: 1685.0s; Iterations = 4580, grads =   2.240e-07, unitary_metric = 1.00000
Error = :3.35e-01; Runtime: 1691.9s; Iterations = 4600, grads =   1.684e-06, unitary_metric = 1.00000
Error = :3.35e-01; Runtime: 1699.3s; Iterations = 4620, grads =   9.404e-05, unitary_metric = 1.00000
Error = :3.35e-01; Runtime: 1706.6s; Iterations = 4640, grads =   2.009e-03, unitary_metric = 1.00000
Error = :3.35e-01; Runtime: 1714.2s; Iterations = 4660, grads =   7.134e-04, unitary_metric = 1.00000
Error = :3.35e-01; Runtime: 1721.6s; Iterations = 4680, grads =   2.710e-04, unitary_metric = 1.00000
Error = :3.35e-01; Runtime: 1729.0s; Iterations = 4700, grads =   1.184e-06, unitary_metric = 1.00001
Error = :3.35e-01; Runtime: 1736.9s; Iterations = 4720, grads =   1.794e-05, unitary_metric = 1.00001
Error = :3.35e-01; Runtime: 1744.2s; Iterations = 4740, grads =   1.086e-03, unitary_metric = 1.00001
Error = :3.35e-01; Runtime: 1751.5s; Iterations = 4760, grads =   1.014e-03, unitary_metric = 1.00000
Error = :3.35e-01; Runtime: 1758.7s; Iterations = 4780, grads =   1.289e-04, unitary_metric = 1.00000
Error = :3.35e-01; Runtime: 1765.9s; Iterations = 4800, grads =   1.167e-05, unitary_metric = 1.00000
Error = :3.35e-01; Runtime: 1773.8s; Iterations = 4820, grads =   1.792e-06, unitary_metric = 1.00000
Error = :3.35e-01; Runtime: 1781.0s; Iterations = 4840, grads =   2.791e-07, unitary_metric = 1.00000
Error = :3.35e-01; Runtime: 1788.2s; Iterations = 4860, grads =   4.793e-05, unitary_metric = 1.00000
Error = :3.35e-01; Runtime: 1795.4s; Iterations = 4880, grads =   2.540e-03, unitary_metric = 1.00000
Error = :3.35e-01; Runtime: 1802.7s; Iterations = 4900, grads =   1.962e-04, unitary_metric = 1.00000
Error = :3.35e-01; Runtime: 1810.4s; Iterations = 4920, grads =   1.026e-04, unitary_metric = 1.00000
Error = :3.35e-01; Runtime: 1817.6s; Iterations = 4940, grads =   3.318e-05, unitary_metric = 1.00000
Error = :3.35e-01; Runtime: 1824.9s; Iterations = 4960, grads =   9.131e-04, unitary_metric = 1.00000
Error = :3.35e-01; Runtime: 1832.1s; Iterations = 4980, grads =   2.352e-04, unitary_metric = 1.00000
Error = :3.35e-01; Runtime: 1839.3s; Iterations = 5000, grads =   1.712e-04, unitary_metric = 1.00000
Error = :3.35e-01; Runtime: 1847.2s; Iterations = 5020, grads =   2.733e-05, unitary_metric = 1.00000
Error = :3.35e-01; Runtime: 1854.4s; Iterations = 5040, grads =   4.713e-07, unitary_metric = 1.00000
Error = :3.35e-01; Runtime: 1861.6s; Iterations = 5060, grads =   1.072e-06, unitary_metric = 1.00000
Error = :3.35e-01; Runtime: 1868.8s; Iterations = 5080, grads =   1.097e-06, unitary_metric = 1.00000
Error = :3.35e-01; Runtime: 1876.1s; Iterations = 5100, grads =   2.292e-06, unitary_metric = 1.00000
Error = :3.35e-01; Runtime: 1883.8s; Iterations = 5120, grads =   6.929e-04, unitary_metric = 1.00001
Error = :3.35e-01; Runtime: 1891.0s; Iterations = 5140, grads =   9.075e-04, unitary_metric = 1.00001
Error = :3.35e-01; Runtime: 1898.3s; Iterations = 5160, grads =   1.814e-03, unitary_metric = 1.00000
Error = :3.35e-01; Runtime: 1905.5s; Iterations = 5180, grads =   8.723e-04, unitary_metric = 1.00000
Error = :3.35e-01; Runtime: 1912.7s; Iterations = 5200, grads =   8.298e-05, unitary_metric = 1.00001
Error = :3.35e-01; Runtime: 1920.5s; Iterations = 5220, grads =   3.704e-06, unitary_metric = 1.00001
Error = :3.35e-01; Runtime: 1927.7s; Iterations = 5240, grads =   1.301e-05, unitary_metric = 1.00000
Error = :3.35e-01; Runtime: 1934.9s; Iterations = 5260, grads =   1.509e-03, unitary_metric = 1.00001
Error = :3.35e-01; Runtime: 1942.1s; Iterations = 5280, grads =   6.231e-05, unitary_metric = 1.00001
Error = :3.35e-01; Runtime: 1949.3s; Iterations = 5300, grads =   6.017e-06, unitary_metric = 1.00001
Error = :3.35e-01; Runtime: 1957.0s; Iterations = 5320, grads =   1.487e-06, unitary_metric = 1.00001
Error = :3.35e-01; Runtime: 1964.2s; Iterations = 5340, grads =   2.972e-04, unitary_metric = 1.00000
Error = :3.35e-01; Runtime: 1971.4s; Iterations = 5360, grads =   4.319e-04, unitary_metric = 1.00000
Error = :3.35e-01; Runtime: 1978.6s; Iterations = 5380, grads =   7.579e-04, unitary_metric = 1.00000
Error = :3.35e-01; Runtime: 1985.9s; Iterations = 5400, grads =   1.858e-03, unitary_metric = 1.00001
Error = :3.35e-01; Runtime: 1993.7s; Iterations = 5420, grads =   1.901e-04, unitary_metric = 1.00000
Error = :3.35e-01; Runtime: 2000.9s; Iterations = 5440, grads =   1.425e-05, unitary_metric = 1.00000
Error = :3.35e-01; Runtime: 2008.0s; Iterations = 5460, grads =   6.800e-07, unitary_metric = 1.00001
Error = :3.35e-01; Runtime: 2015.2s; Iterations = 5480, grads =   4.472e-07, unitary_metric = 1.00001
Error = :3.35e-01; Runtime: 2022.4s; Iterations = 5500, grads =   3.105e-08, unitary_metric = 1.00001
Error = :3.35e-01; Runtime: 2030.3s; Iterations = 5520, grads =   2.392e-07, unitary_metric = 1.00001
Error = :3.35e-01; Runtime: 2037.5s; Iterations = 5540, grads =   4.671e-04, unitary_metric = 1.00000
Error = :3.35e-01; Runtime: 2044.7s; Iterations = 5560, grads =   3.315e-06, unitary_metric = 1.00000
Error = :3.35e-01; Runtime: 2051.9s; Iterations = 5580, grads =   4.889e-05, unitary_metric = 1.00001
Error = :3.35e-01; Runtime: 2059.1s; Iterations = 5600, grads =   1.865e-03, unitary_metric = 1.00000
Error = :3.35e-01; Runtime: 2066.9s; Iterations = 5620, grads =   1.178e-04, unitary_metric = 1.00000
Error = :3.35e-01; Runtime: 2074.1s; Iterations = 5640, grads =   2.434e-03, unitary_metric = 1.00000
Error = :3.35e-01; Runtime: 2081.4s; Iterations = 5660, grads =   1.908e-04, unitary_metric = 1.00000
Error = :3.35e-01; Runtime: 2088.9s; Iterations = 5680, grads =   2.793e-05, unitary_metric = 1.00000
Error = :3.35e-01; Runtime: 2096.1s; Iterations = 5700, grads =   4.010e-06, unitary_metric = 1.00000
Error = :3.35e-01; Runtime: 2103.8s; Iterations = 5720, grads =   6.599e-07, unitary_metric = 1.00000
Error = :3.35e-01; Runtime: 2111.0s; Iterations = 5740, grads =   3.964e-08, unitary_metric = 1.00000
Error = :3.35e-01; Runtime: 2118.2s; Iterations = 5760, grads =   5.794e-09, unitary_metric = 1.00000
Error = :3.35e-01; Runtime: 2125.4s; Iterations = 5780, grads =   1.045e-08, unitary_metric = 1.00000
Error = :3.35e-01; Runtime: 2132.5s; Iterations = 5800, grads =   4.563e-07, unitary_metric = 1.00000
Error = :3.35e-01; Runtime: 2140.2s; Iterations = 5820, grads =   6.681e-05, unitary_metric = 1.00000
Error = :3.35e-01; Runtime: 2147.4s; Iterations = 5840, grads =   2.038e-04, unitary_metric = 1.00000
Error = :3.35e-01; Runtime: 2154.6s; Iterations = 5860, grads =   4.780e-05, unitary_metric = 1.00000
Error = :3.35e-01; Runtime: 2161.8s; Iterations = 5880, grads =   1.092e-04, unitary_metric = 1.00000
Error = :3.35e-01; Runtime: 2169.0s; Iterations = 5900, grads =   4.879e-04, unitary_metric = 1.00000
Error = :3.35e-01; Runtime: 2176.7s; Iterations = 5920, grads =   2.263e-04, unitary_metric = 1.00000
Error = :3.35e-01; Runtime: 2183.9s; Iterations = 5940, grads =   1.521e-04, unitary_metric = 1.00000
Error = :3.35e-01; Runtime: 2191.1s; Iterations = 5960, grads =   1.552e-04, unitary_metric = 1.00000
Error = :3.35e-01; Runtime: 2198.3s; Iterations = 5980, grads =   6.374e-06, unitary_metric = 1.00000
Error = :3.35e-01; Runtime: 2205.5s; Iterations = 6000, grads =   1.863e-07, unitary_metric = 1.00000
data saved at: /project/ftchong/qoc/pranav/00007_31_beh2_slice_171.h5


trying total_time: 30.0 for unitary of size (16, 16)
data saved at: /project/ftchong/qoc/pranav/00008_31_beh2_slice_171.h5
Using 7 Taylor terms and 2 Scaling & Squaring terms
Building graph:
Propagators initialized.
Operators weight initialized.
Intermediate propagation variables initialized.
Intermediate propagators initialized.
Vectors initialized.
Training loss initialized.
Optimizer initialized.
Utilities initialized.
Graph built!
Initialized
Error = :9.99e-01; Runtime: 1.0s; Iterations = 0, grads =   9.808e-03, unitary_metric = 1.00002
Error = :4.42e-01; Runtime: 13.7s; Iterations = 20, grads =   2.629e+00, unitary_metric = 1.00002
Error = :3.40e-01; Runtime: 24.7s; Iterations = 40, grads =   1.320e-01, unitary_metric = 1.00001
Error = :3.36e-01; Runtime: 35.8s; Iterations = 60, grads =   4.006e-02, unitary_metric = 1.00002
Error = :3.35e-01; Runtime: 46.9s; Iterations = 80, grads =   4.635e-03, unitary_metric = 1.00002
Error = :3.35e-01; Runtime: 58.0s; Iterations = 100, grads =   3.752e-04, unitary_metric = 1.00002
Error = :3.35e-01; Runtime: 69.8s; Iterations = 120, grads =   1.682e-04, unitary_metric = 1.00002
Error = :3.35e-01; Runtime: 80.8s; Iterations = 140, grads =   5.558e-05, unitary_metric = 1.00002
Error = :3.35e-01; Runtime: 91.8s; Iterations = 160, grads =   2.819e-06, unitary_metric = 1.00002
Error = :3.35e-01; Runtime: 102.8s; Iterations = 180, grads =   1.120e-06, unitary_metric = 1.00002
Error = :3.35e-01; Runtime: 113.9s; Iterations = 200, grads =   1.419e-04, unitary_metric = 1.00002
Error = :3.35e-01; Runtime: 125.7s; Iterations = 220, grads =   4.576e-05, unitary_metric = 1.00002
Error = :3.35e-01; Runtime: 136.8s; Iterations = 240, grads =   3.729e-06, unitary_metric = 1.00002
Error = :3.35e-01; Runtime: 147.9s; Iterations = 260, grads =   3.972e-06, unitary_metric = 1.00002
Error = :3.35e-01; Runtime: 158.9s; Iterations = 280, grads =   1.124e-04, unitary_metric = 1.00002
Error = :3.35e-01; Runtime: 170.0s; Iterations = 300, grads =   2.315e-05, unitary_metric = 1.00002
Error = :3.35e-01; Runtime: 181.8s; Iterations = 320, grads =   3.993e-05, unitary_metric = 1.00002
Error = :3.35e-01; Runtime: 192.9s; Iterations = 340, grads =   1.805e-06, unitary_metric = 1.00002
Error = :3.35e-01; Runtime: 204.1s; Iterations = 360, grads =   6.614e-08, unitary_metric = 1.00002
Error = :3.35e-01; Runtime: 215.2s; Iterations = 380, grads =   1.301e-07, unitary_metric = 1.00002
Error = :3.35e-01; Runtime: 226.2s; Iterations = 400, grads =   1.064e-07, unitary_metric = 1.00001
Error = :3.35e-01; Runtime: 238.0s; Iterations = 420, grads =   2.782e-04, unitary_metric = 1.00001
Error = :3.42e-01; Runtime: 249.0s; Iterations = 440, grads =   2.908e-01, unitary_metric = 1.00002
Error = :3.35e-01; Runtime: 259.9s; Iterations = 460, grads =   8.281e-03, unitary_metric = 1.00002
Error = :3.35e-01; Runtime: 270.9s; Iterations = 480, grads =   2.486e-03, unitary_metric = 1.00002
Error = :3.35e-01; Runtime: 281.9s; Iterations = 500, grads =   5.366e-04, unitary_metric = 1.00001
Error = :3.35e-01; Runtime: 293.7s; Iterations = 520, grads =   8.528e-05, unitary_metric = 1.00001
Error = :3.35e-01; Runtime: 304.7s; Iterations = 540, grads =   5.502e-06, unitary_metric = 1.00001
Error = :3.35e-01; Runtime: 315.8s; Iterations = 560, grads =   7.571e-07, unitary_metric = 1.00001
Error = :3.35e-01; Runtime: 326.8s; Iterations = 580, grads =   6.916e-07, unitary_metric = 1.00001
Error = :3.35e-01; Runtime: 337.7s; Iterations = 600, grads =   3.816e-04, unitary_metric = 1.00001
Error = :3.37e-01; Runtime: 349.4s; Iterations = 620, grads =   8.917e-02, unitary_metric = 1.00002
Error = :3.35e-01; Runtime: 360.4s; Iterations = 640, grads =   4.707e-04, unitary_metric = 1.00002
Error = :3.35e-01; Runtime: 371.4s; Iterations = 660, grads =   5.149e-03, unitary_metric = 1.00002
Error = :3.35e-01; Runtime: 382.4s; Iterations = 680, grads =   5.191e-03, unitary_metric = 1.00001
Error = :3.39e-01; Runtime: 393.4s; Iterations = 700, grads =   1.785e-01, unitary_metric = 1.00002
Error = :3.35e-01; Runtime: 405.4s; Iterations = 720, grads =   1.129e-03, unitary_metric = 1.00001
Error = :3.35e-01; Runtime: 416.4s; Iterations = 740, grads =   4.347e-04, unitary_metric = 1.00001
Error = :3.35e-01; Runtime: 427.5s; Iterations = 760, grads =   2.303e-04, unitary_metric = 1.00001
Error = :3.35e-01; Runtime: 438.5s; Iterations = 780, grads =   2.887e-05, unitary_metric = 1.00001
Error = :3.35e-01; Runtime: 449.6s; Iterations = 800, grads =   1.999e-06, unitary_metric = 1.00001
Error = :3.35e-01; Runtime: 461.5s; Iterations = 820, grads =   7.143e-07, unitary_metric = 1.00001
Error = :3.35e-01; Runtime: 472.7s; Iterations = 840, grads =   2.842e-07, unitary_metric = 1.00001
Error = :3.35e-01; Runtime: 483.7s; Iterations = 860, grads =   8.041e-04, unitary_metric = 1.00001
Error = :3.36e-01; Runtime: 494.7s; Iterations = 880, grads =   3.821e-02, unitary_metric = 1.00001
Error = :3.35e-01; Runtime: 505.6s; Iterations = 900, grads =   3.089e-03, unitary_metric = 1.00001
Error = :3.37e-01; Runtime: 517.5s; Iterations = 920, grads =   7.650e-02, unitary_metric = 1.00001
Error = :3.35e-01; Runtime: 528.5s; Iterations = 940, grads =   1.217e-03, unitary_metric = 1.00001
Error = :3.35e-01; Runtime: 539.5s; Iterations = 960, grads =   3.504e-04, unitary_metric = 1.00001
Error = :3.35e-01; Runtime: 550.4s; Iterations = 980, grads =   2.038e-04, unitary_metric = 1.00001
Error = :3.35e-01; Runtime: 561.4s; Iterations = 1000, grads =   3.007e-04, unitary_metric = 1.00001
Error = :3.35e-01; Runtime: 573.1s; Iterations = 1020, grads =   1.384e-02, unitary_metric = 1.00001
Error = :3.35e-01; Runtime: 584.1s; Iterations = 1040, grads =   2.301e-03, unitary_metric = 1.00001
Error = :3.35e-01; Runtime: 595.1s; Iterations = 1060, grads =   7.711e-04, unitary_metric = 1.00001
Error = :3.35e-01; Runtime: 606.1s; Iterations = 1080, grads =   1.776e-04, unitary_metric = 1.00001
Error = :3.35e-01; Runtime: 617.1s; Iterations = 1100, grads =   1.690e-03, unitary_metric = 1.00001
Error = :3.35e-01; Runtime: 628.9s; Iterations = 1120, grads =   1.988e-02, unitary_metric = 1.00001
Error = :3.35e-01; Runtime: 639.8s; Iterations = 1140, grads =   1.156e-04, unitary_metric = 1.00001
Error = :3.35e-01; Runtime: 650.8s; Iterations = 1160, grads =   1.464e-03, unitary_metric = 1.00001
Error = :3.35e-01; Runtime: 661.8s; Iterations = 1180, grads =   8.288e-03, unitary_metric = 1.00001
Error = :3.35e-01; Runtime: 672.8s; Iterations = 1200, grads =   3.718e-03, unitary_metric = 1.00001
Error = :3.35e-01; Runtime: 684.5s; Iterations = 1220, grads =   4.126e-04, unitary_metric = 1.00000
Error = :3.35e-01; Runtime: 695.6s; Iterations = 1240, grads =   3.317e-06, unitary_metric = 1.00000
Error = :3.35e-01; Runtime: 706.6s; Iterations = 1260, grads =   1.689e-05, unitary_metric = 1.00001
Error = :3.35e-01; Runtime: 717.6s; Iterations = 1280, grads =   2.936e-03, unitary_metric = 1.00001
Error = :3.35e-01; Runtime: 728.6s; Iterations = 1300, grads =   2.546e-02, unitary_metric = 1.00000
Error = :3.19e-01; Runtime: 740.4s; Iterations = 1320, grads =   4.990e-03, unitary_metric = 1.00000
Error = :5.51e-02; Runtime: 751.4s; Iterations = 1340, grads =   1.546e+00, unitary_metric = 1.00000
Error = :1.19e-02; Runtime: 762.4s; Iterations = 1360, grads =   2.401e-01, unitary_metric = 0.99999
Error = :1.84e-03; Runtime: 773.4s; Iterations = 1380, grads =   2.937e-02, unitary_metric = 1.00000
Error = :8.03e-04; Runtime: 775.7s; Iterations = 1384, grads =   9.375e-03, unitary_metric = 0.99999
data saved at: /project/ftchong/qoc/pranav/00008_31_beh2_slice_171.h5


trying total_time: 25.0 for unitary of size (16, 16)
data saved at: /project/ftchong/qoc/pranav/00009_31_beh2_slice_171.h5
Using 7 Taylor terms and 2 Scaling & Squaring terms
Building graph:
Propagators initialized.
Operators weight initialized.
Intermediate propagation variables initialized.
Intermediate propagators initialized.
Vectors initialized.
Training loss initialized.
Optimizer initialized.
Utilities initialized.
Graph built!
Initialized
Error = :9.96e-01; Runtime: 0.8s; Iterations = 0, grads =   3.229e-02, unitary_metric = 1.00001
Error = :3.63e-01; Runtime: 11.3s; Iterations = 20, grads =   3.335e-01, unitary_metric = 1.00001
Error = :3.39e-01; Runtime: 20.5s; Iterations = 40, grads =   6.298e-02, unitary_metric = 1.00001
Error = :3.35e-01; Runtime: 29.7s; Iterations = 60, grads =   7.538e-03, unitary_metric = 1.00001
Error = :3.35e-01; Runtime: 39.0s; Iterations = 80, grads =   2.272e-03, unitary_metric = 1.00001
Error = :3.38e-01; Runtime: 48.3s; Iterations = 100, grads =   1.281e-01, unitary_metric = 1.00001
Error = :3.35e-01; Runtime: 58.2s; Iterations = 120, grads =   1.875e-02, unitary_metric = 1.00001
Error = :3.35e-01; Runtime: 67.4s; Iterations = 140, grads =   3.679e-03, unitary_metric = 1.00001
Error = :3.35e-01; Runtime: 76.6s; Iterations = 160, grads =   4.475e-05, unitary_metric = 1.00001
Error = :3.35e-01; Runtime: 85.8s; Iterations = 180, grads =   1.136e-06, unitary_metric = 1.00001
Error = :3.42e-01; Runtime: 95.0s; Iterations = 200, grads =   2.870e-01, unitary_metric = 1.00001
Error = :3.35e-01; Runtime: 105.0s; Iterations = 220, grads =   2.457e-02, unitary_metric = 1.00001
Error = :3.35e-01; Runtime: 114.3s; Iterations = 240, grads =   1.803e-03, unitary_metric = 1.00001
Error = :3.35e-01; Runtime: 123.5s; Iterations = 260, grads =   2.638e-05, unitary_metric = 1.00001
Error = :3.35e-01; Runtime: 132.7s; Iterations = 280, grads =   1.063e-05, unitary_metric = 1.00001
Error = :3.35e-01; Runtime: 142.0s; Iterations = 300, grads =   2.431e-07, unitary_metric = 1.00001
Error = :3.35e-01; Runtime: 151.9s; Iterations = 320, grads =   1.430e-03, unitary_metric = 1.00001
Error = :3.35e-01; Runtime: 161.1s; Iterations = 340, grads =   1.091e-02, unitary_metric = 1.00001
Error = :3.35e-01; Runtime: 170.3s; Iterations = 360, grads =   1.093e-02, unitary_metric = 1.00001
Error = :3.35e-01; Runtime: 179.5s; Iterations = 380, grads =   2.385e-05, unitary_metric = 1.00001
Error = :3.35e-01; Runtime: 188.7s; Iterations = 400, grads =   1.505e-04, unitary_metric = 1.00001
Error = :3.35e-01; Runtime: 198.6s; Iterations = 420, grads =   3.381e-05, unitary_metric = 1.00001
Error = :3.35e-01; Runtime: 207.8s; Iterations = 440, grads =   7.755e-05, unitary_metric = 1.00001
Error = :3.38e-01; Runtime: 217.0s; Iterations = 460, grads =   1.417e-01, unitary_metric = 1.00001
Error = :3.35e-01; Runtime: 226.3s; Iterations = 480, grads =   6.228e-03, unitary_metric = 1.00001
Error = :3.35e-01; Runtime: 235.7s; Iterations = 500, grads =   1.955e-03, unitary_metric = 1.00001
Error = :3.35e-01; Runtime: 245.6s; Iterations = 520, grads =   3.624e-05, unitary_metric = 1.00001
Error = :3.35e-01; Runtime: 254.8s; Iterations = 540, grads =   8.395e-09, unitary_metric = 1.00001
Error = :3.35e-01; Runtime: 264.0s; Iterations = 560, grads =   1.438e-05, unitary_metric = 1.00001
Error = :3.35e-01; Runtime: 273.2s; Iterations = 580, grads =   6.872e-04, unitary_metric = 1.00001
Error = :3.35e-01; Runtime: 282.4s; Iterations = 600, grads =   5.206e-04, unitary_metric = 1.00001
Error = :3.35e-01; Runtime: 292.2s; Iterations = 620, grads =   1.625e-03, unitary_metric = 1.00001
Error = :3.35e-01; Runtime: 301.4s; Iterations = 640, grads =   1.586e-02, unitary_metric = 1.00001
Error = :3.38e-01; Runtime: 310.6s; Iterations = 660, grads =   8.994e-02, unitary_metric = 1.00001
Error = :3.35e-01; Runtime: 319.8s; Iterations = 680, grads =   2.905e-03, unitary_metric = 1.00001
Error = :3.35e-01; Runtime: 329.0s; Iterations = 700, grads =   7.734e-05, unitary_metric = 1.00001
Error = :3.35e-01; Runtime: 338.8s; Iterations = 720, grads =   1.926e-04, unitary_metric = 1.00001
Error = :3.39e-01; Runtime: 348.0s; Iterations = 740, grads =   1.611e-01, unitary_metric = 1.00001
Error = :3.35e-01; Runtime: 357.2s; Iterations = 760, grads =   1.317e-02, unitary_metric = 1.00001
Error = :3.35e-01; Runtime: 366.3s; Iterations = 780, grads =   7.289e-04, unitary_metric = 1.00001
Error = :3.35e-01; Runtime: 375.5s; Iterations = 800, grads =   1.507e-04, unitary_metric = 1.00001
Error = :3.35e-01; Runtime: 385.4s; Iterations = 820, grads =   6.868e-04, unitary_metric = 1.00001
Error = :3.36e-01; Runtime: 394.6s; Iterations = 840, grads =   4.378e-02, unitary_metric = 1.00001
Error = :3.35e-01; Runtime: 403.8s; Iterations = 860, grads =   6.031e-03, unitary_metric = 1.00001
Error = :3.36e-01; Runtime: 413.0s; Iterations = 880, grads =   4.349e-02, unitary_metric = 1.00001
Error = :3.35e-01; Runtime: 422.2s; Iterations = 900, grads =   2.984e-02, unitary_metric = 1.00001
Error = :3.36e-01; Runtime: 432.0s; Iterations = 920, grads =   3.539e-02, unitary_metric = 1.00001
Error = :3.36e-01; Runtime: 441.2s; Iterations = 940, grads =   2.943e-02, unitary_metric = 1.00001
Error = :3.35e-01; Runtime: 450.4s; Iterations = 960, grads =   6.376e-03, unitary_metric = 1.00001
Error = :3.35e-01; Runtime: 459.6s; Iterations = 980, grads =   3.279e-03, unitary_metric = 1.00001
Error = :3.35e-01; Runtime: 468.8s; Iterations = 1000, grads =   3.873e-06, unitary_metric = 1.00001
Error = :3.35e-01; Runtime: 478.6s; Iterations = 1020, grads =   4.668e-05, unitary_metric = 1.00001
Error = :3.35e-01; Runtime: 487.8s; Iterations = 1040, grads =   1.807e-05, unitary_metric = 1.00001
Error = :3.36e-01; Runtime: 497.1s; Iterations = 1060, grads =   4.502e-02, unitary_metric = 1.00001
Error = :3.37e-01; Runtime: 506.3s; Iterations = 1080, grads =   9.425e-02, unitary_metric = 1.00001
Error = :3.35e-01; Runtime: 515.6s; Iterations = 1100, grads =   6.561e-03, unitary_metric = 1.00001
Error = :3.38e-01; Runtime: 525.4s; Iterations = 1120, grads =   1.111e-01, unitary_metric = 1.00001
Error = :3.35e-01; Runtime: 534.6s; Iterations = 1140, grads =   6.491e-03, unitary_metric = 1.00001
Error = :3.35e-01; Runtime: 543.8s; Iterations = 1160, grads =   3.738e-05, unitary_metric = 1.00001
Error = :3.35e-01; Runtime: 553.0s; Iterations = 1180, grads =   2.365e-04, unitary_metric = 1.00001
Error = :3.35e-01; Runtime: 562.2s; Iterations = 1200, grads =   7.106e-06, unitary_metric = 1.00001
Error = :3.35e-01; Runtime: 572.1s; Iterations = 1220, grads =   7.842e-06, unitary_metric = 1.00001
Error = :3.36e-01; Runtime: 581.3s; Iterations = 1240, grads =   3.986e-02, unitary_metric = 1.00001
Error = :3.35e-01; Runtime: 590.5s; Iterations = 1260, grads =   7.153e-03, unitary_metric = 1.00001
Error = :3.38e-01; Runtime: 599.7s; Iterations = 1280, grads =   1.129e-01, unitary_metric = 1.00001
Error = :3.35e-01; Runtime: 608.9s; Iterations = 1300, grads =   6.106e-03, unitary_metric = 1.00001
Error = :3.35e-01; Runtime: 618.9s; Iterations = 1320, grads =   4.271e-03, unitary_metric = 1.00001
Error = :3.38e-01; Runtime: 628.1s; Iterations = 1340, grads =   1.102e-01, unitary_metric = 1.00001
Error = :3.35e-01; Runtime: 637.3s; Iterations = 1360, grads =   1.650e-02, unitary_metric = 1.00001
Error = :3.35e-01; Runtime: 646.5s; Iterations = 1380, grads =   2.198e-03, unitary_metric = 1.00001
Error = :3.35e-01; Runtime: 655.8s; Iterations = 1400, grads =   1.455e-05, unitary_metric = 1.00001
Error = :3.35e-01; Runtime: 665.6s; Iterations = 1420, grads =   3.339e-05, unitary_metric = 1.00001
Error = :3.35e-01; Runtime: 674.2s; Iterations = 1440, grads =   5.054e-06, unitary_metric = 1.00001
Error = :3.35e-01; Runtime: 682.9s; Iterations = 1460, grads =   6.933e-07, unitary_metric = 1.00001
Error = :3.35e-01; Runtime: 691.5s; Iterations = 1480, grads =   5.475e-05, unitary_metric = 1.00001
Error = :3.37e-01; Runtime: 700.1s; Iterations = 1500, grads =   8.953e-02, unitary_metric = 1.00001
Error = :3.35e-01; Runtime: 709.3s; Iterations = 1520, grads =   1.190e-02, unitary_metric = 1.00001
Error = :3.36e-01; Runtime: 717.8s; Iterations = 1540, grads =   3.836e-02, unitary_metric = 1.00001
Error = :3.35e-01; Runtime: 726.4s; Iterations = 1560, grads =   4.408e-04, unitary_metric = 1.00001
Error = :3.36e-01; Runtime: 735.0s; Iterations = 1580, grads =   2.886e-02, unitary_metric = 1.00001
Error = :3.36e-01; Runtime: 743.6s; Iterations = 1600, grads =   4.089e-02, unitary_metric = 1.00001
Error = :3.35e-01; Runtime: 752.8s; Iterations = 1620, grads =   1.310e-03, unitary_metric = 1.00001
Error = :3.35e-01; Runtime: 761.4s; Iterations = 1640, grads =   5.537e-05, unitary_metric = 1.00001
Error = :3.35e-01; Runtime: 770.9s; Iterations = 1660, grads =   9.698e-05, unitary_metric = 1.00001
Error = :3.35e-01; Runtime: 780.5s; Iterations = 1680, grads =   7.085e-07, unitary_metric = 1.00001
Error = :3.35e-01; Runtime: 790.2s; Iterations = 1700, grads =   8.969e-07, unitary_metric = 1.00001
Error = :3.35e-01; Runtime: 800.4s; Iterations = 1720, grads =   6.954e-07, unitary_metric = 1.00001
Error = :3.35e-01; Runtime: 810.0s; Iterations = 1740, grads =   1.189e-04, unitary_metric = 1.00001
Error = :3.38e-01; Runtime: 819.6s; Iterations = 1760, grads =   1.076e-01, unitary_metric = 1.00001
Error = :3.35e-01; Runtime: 828.9s; Iterations = 1780, grads =   1.454e-02, unitary_metric = 1.00001
Error = :3.35e-01; Runtime: 838.3s; Iterations = 1800, grads =   3.012e-03, unitary_metric = 1.00001
Error = :3.35e-01; Runtime: 848.3s; Iterations = 1820, grads =   1.929e-04, unitary_metric = 1.00001
Error = :3.35e-01; Runtime: 857.5s; Iterations = 1840, grads =   6.184e-05, unitary_metric = 1.00001
Error = :3.35e-01; Runtime: 866.8s; Iterations = 1860, grads =   5.126e-03, unitary_metric = 1.00001
Error = :3.35e-01; Runtime: 876.0s; Iterations = 1880, grads =   2.286e-02, unitary_metric = 1.00001
Error = :3.35e-01; Runtime: 885.2s; Iterations = 1900, grads =   1.186e-04, unitary_metric = 1.00001
Error = :3.35e-01; Runtime: 895.0s; Iterations = 1920, grads =   2.409e-04, unitary_metric = 1.00001
Error = :3.35e-01; Runtime: 904.2s; Iterations = 1940, grads =   6.347e-05, unitary_metric = 1.00001
Error = :3.35e-01; Runtime: 913.4s; Iterations = 1960, grads =   5.764e-03, unitary_metric = 1.00001
Error = :3.35e-01; Runtime: 922.6s; Iterations = 1980, grads =   8.155e-03, unitary_metric = 1.00001
Error = :3.35e-01; Runtime: 931.7s; Iterations = 2000, grads =   1.342e-02, unitary_metric = 1.00001
Error = :3.35e-01; Runtime: 941.6s; Iterations = 2020, grads =   8.024e-03, unitary_metric = 1.00001
Error = :3.35e-01; Runtime: 950.8s; Iterations = 2040, grads =   1.470e-02, unitary_metric = 1.00001
Error = :3.35e-01; Runtime: 960.2s; Iterations = 2060, grads =   9.080e-06, unitary_metric = 1.00001
Error = :3.35e-01; Runtime: 969.4s; Iterations = 2080, grads =   1.875e-04, unitary_metric = 1.00001
Error = :3.35e-01; Runtime: 978.6s; Iterations = 2100, grads =   4.744e-05, unitary_metric = 1.00001
Error = :3.35e-01; Runtime: 988.5s; Iterations = 2120, grads =   1.104e-02, unitary_metric = 1.00001
Error = :3.35e-01; Runtime: 997.7s; Iterations = 2140, grads =   3.101e-03, unitary_metric = 1.00001
Error = :3.35e-01; Runtime: 1006.9s; Iterations = 2160, grads =   1.715e-03, unitary_metric = 1.00001
Error = :3.35e-01; Runtime: 1016.1s; Iterations = 2180, grads =   1.053e-03, unitary_metric = 1.00001
Error = :3.35e-01; Runtime: 1025.4s; Iterations = 2200, grads =   2.242e-04, unitary_metric = 1.00001
Error = :3.35e-01; Runtime: 1035.2s; Iterations = 2220, grads =   4.582e-05, unitary_metric = 1.00001
Error = :3.35e-01; Runtime: 1044.4s; Iterations = 2240, grads =   1.463e-05, unitary_metric = 1.00001
Error = :3.35e-01; Runtime: 1053.7s; Iterations = 2260, grads =   1.322e-04, unitary_metric = 1.00001
Error = :3.35e-01; Runtime: 1062.8s; Iterations = 2280, grads =   2.380e-02, unitary_metric = 1.00001
Error = :3.36e-01; Runtime: 1072.0s; Iterations = 2300, grads =   4.436e-02, unitary_metric = 1.00001
Error = :3.35e-01; Runtime: 1081.8s; Iterations = 2320, grads =   4.066e-03, unitary_metric = 1.00001
Error = :3.35e-01; Runtime: 1091.0s; Iterations = 2340, grads =   2.895e-05, unitary_metric = 1.00001
Error = :3.35e-01; Runtime: 1100.2s; Iterations = 2360, grads =   8.346e-05, unitary_metric = 1.00001
Error = :3.35e-01; Runtime: 1109.5s; Iterations = 2380, grads =   4.394e-06, unitary_metric = 1.00001
Error = :3.35e-01; Runtime: 1118.7s; Iterations = 2400, grads =   5.348e-05, unitary_metric = 1.00001
Error = :3.36e-01; Runtime: 1128.5s; Iterations = 2420, grads =   5.376e-02, unitary_metric = 1.00001
Error = :3.35e-01; Runtime: 1137.7s; Iterations = 2440, grads =   1.544e-02, unitary_metric = 1.00001
Error = :3.35e-01; Runtime: 1146.8s; Iterations = 2460, grads =   9.890e-04, unitary_metric = 1.00001
Error = :3.35e-01; Runtime: 1156.0s; Iterations = 2480, grads =   7.967e-05, unitary_metric = 1.00001
Error = :3.35e-01; Runtime: 1165.2s; Iterations = 2500, grads =   2.523e-04, unitary_metric = 1.00001
Error = :3.35e-01; Runtime: 1175.0s; Iterations = 2520, grads =   1.317e-02, unitary_metric = 1.00001
Error = :3.35e-01; Runtime: 1184.2s; Iterations = 2540, grads =   1.157e-03, unitary_metric = 1.00001
Error = :3.35e-01; Runtime: 1193.4s; Iterations = 2560, grads =   5.155e-05, unitary_metric = 1.00001
Error = :3.35e-01; Runtime: 1202.5s; Iterations = 2580, grads =   5.297e-06, unitary_metric = 1.00001
Error = :3.35e-01; Runtime: 1211.7s; Iterations = 2600, grads =   6.574e-06, unitary_metric = 1.00001
Error = :3.35e-01; Runtime: 1221.8s; Iterations = 2620, grads =   2.401e-03, unitary_metric = 1.00001
Error = :3.35e-01; Runtime: 1231.0s; Iterations = 2640, grads =   1.275e-02, unitary_metric = 1.00000
Error = :3.35e-01; Runtime: 1240.2s; Iterations = 2660, grads =   1.233e-03, unitary_metric = 1.00000
Error = :3.35e-01; Runtime: 1249.4s; Iterations = 2680, grads =   4.673e-06, unitary_metric = 1.00001
Error = :3.35e-01; Runtime: 1258.6s; Iterations = 2700, grads =   1.944e-05, unitary_metric = 1.00001
Error = :3.35e-01; Runtime: 1268.4s; Iterations = 2720, grads =   1.096e-03, unitary_metric = 1.00001
Error = :3.35e-01; Runtime: 1277.6s; Iterations = 2740, grads =   1.726e-03, unitary_metric = 1.00001
Error = :3.35e-01; Runtime: 1286.8s; Iterations = 2760, grads =   8.484e-03, unitary_metric = 1.00001
Error = :3.35e-01; Runtime: 1296.0s; Iterations = 2780, grads =   6.922e-03, unitary_metric = 1.00001
Error = :3.35e-01; Runtime: 1305.1s; Iterations = 2800, grads =   7.788e-04, unitary_metric = 1.00001
Error = :3.35e-01; Runtime: 1315.0s; Iterations = 2820, grads =   1.139e-04, unitary_metric = 1.00001
Error = :3.35e-01; Runtime: 1324.1s; Iterations = 2840, grads =   1.101e-05, unitary_metric = 1.00001
Error = :3.35e-01; Runtime: 1333.3s; Iterations = 2860, grads =   1.916e-06, unitary_metric = 1.00001
Error = :3.35e-01; Runtime: 1342.4s; Iterations = 2880, grads =   8.216e-07, unitary_metric = 1.00001
Error = :3.35e-01; Runtime: 1351.6s; Iterations = 2900, grads =   1.286e-04, unitary_metric = 1.00001
Error = :3.36e-01; Runtime: 1361.4s; Iterations = 2920, grads =   3.402e-02, unitary_metric = 1.00001
Error = :3.35e-01; Runtime: 1370.5s; Iterations = 2940, grads =   3.007e-03, unitary_metric = 1.00001
Error = :3.35e-01; Runtime: 1379.7s; Iterations = 2960, grads =   9.986e-06, unitary_metric = 1.00001
Error = :3.35e-01; Runtime: 1388.8s; Iterations = 2980, grads =   1.623e-05, unitary_metric = 1.00001
Error = :3.35e-01; Runtime: 1398.0s; Iterations = 3000, grads =   1.873e-04, unitary_metric = 1.00001
Error = :3.35e-01; Runtime: 1407.7s; Iterations = 3020, grads =   2.501e-02, unitary_metric = 1.00001
Error = :3.35e-01; Runtime: 1416.9s; Iterations = 3040, grads =   2.740e-03, unitary_metric = 1.00001
Error = :3.35e-01; Runtime: 1426.1s; Iterations = 3060, grads =   1.020e-02, unitary_metric = 1.00001
Error = :3.35e-01; Runtime: 1435.3s; Iterations = 3080, grads =   2.038e-03, unitary_metric = 1.00001
Error = :3.35e-01; Runtime: 1444.5s; Iterations = 3100, grads =   2.295e-04, unitary_metric = 1.00001
Error = :3.35e-01; Runtime: 1454.3s; Iterations = 3120, grads =   6.279e-05, unitary_metric = 1.00001
Error = :3.35e-01; Runtime: 1463.5s; Iterations = 3140, grads =   4.712e-06, unitary_metric = 1.00001
Error = :3.35e-01; Runtime: 1472.7s; Iterations = 3160, grads =   4.173e-07, unitary_metric = 1.00001
Error = :3.35e-01; Runtime: 1481.9s; Iterations = 3180, grads =   3.023e-05, unitary_metric = 1.00001
Error = :3.35e-01; Runtime: 1491.1s; Iterations = 3200, grads =   1.269e-02, unitary_metric = 1.00000
Error = :3.35e-01; Runtime: 1500.9s; Iterations = 3220, grads =   8.625e-05, unitary_metric = 1.00001
Error = :3.35e-01; Runtime: 1510.1s; Iterations = 3240, grads =   1.245e-04, unitary_metric = 1.00001
Error = :3.35e-01; Runtime: 1519.2s; Iterations = 3260, grads =   4.562e-05, unitary_metric = 1.00001
Error = :3.35e-01; Runtime: 1528.5s; Iterations = 3280, grads =   7.713e-04, unitary_metric = 1.00001
Error = :3.35e-01; Runtime: 1537.6s; Iterations = 3300, grads =   5.931e-05, unitary_metric = 1.00001
Error = :3.35e-01; Runtime: 1547.4s; Iterations = 3320, grads =   4.878e-05, unitary_metric = 1.00001
Error = :3.35e-01; Runtime: 1556.5s; Iterations = 3340, grads =   3.576e-05, unitary_metric = 1.00001
Error = :3.35e-01; Runtime: 1565.6s; Iterations = 3360, grads =   3.718e-04, unitary_metric = 1.00001
Error = :3.35e-01; Runtime: 1574.8s; Iterations = 3380, grads =   7.180e-04, unitary_metric = 1.00001
Error = :3.35e-01; Runtime: 1583.9s; Iterations = 3400, grads =   1.404e-03, unitary_metric = 1.00001
Error = :3.35e-01; Runtime: 1593.6s; Iterations = 3420, grads =   1.301e-05, unitary_metric = 1.00001
Error = :3.35e-01; Runtime: 1602.7s; Iterations = 3440, grads =   1.947e-05, unitary_metric = 1.00001
Error = :3.35e-01; Runtime: 1611.8s; Iterations = 3460, grads =   1.441e-03, unitary_metric = 1.00001
Error = :3.35e-01; Runtime: 1620.9s; Iterations = 3480, grads =   1.626e-03, unitary_metric = 1.00001
Error = :3.35e-01; Runtime: 1630.0s; Iterations = 3500, grads =   2.014e-04, unitary_metric = 1.00001
Error = :3.35e-01; Runtime: 1639.8s; Iterations = 3520, grads =   5.928e-05, unitary_metric = 1.00001
Error = :3.35e-01; Runtime: 1649.2s; Iterations = 3540, grads =   6.642e-03, unitary_metric = 1.00001
Error = :3.35e-01; Runtime: 1658.7s; Iterations = 3560, grads =   2.263e-03, unitary_metric = 1.00001
Error = :3.35e-01; Runtime: 1668.1s; Iterations = 3580, grads =   3.619e-04, unitary_metric = 1.00001
Error = :3.35e-01; Runtime: 1677.6s; Iterations = 3600, grads =   2.344e-05, unitary_metric = 1.00001
Error = :3.35e-01; Runtime: 1687.6s; Iterations = 3620, grads =   1.335e-05, unitary_metric = 1.00001
Error = :3.35e-01; Runtime: 1697.1s; Iterations = 3640, grads =   5.531e-03, unitary_metric = 1.00001
Error = :3.35e-01; Runtime: 1706.6s; Iterations = 3660, grads =   5.338e-03, unitary_metric = 1.00001
Error = :3.35e-01; Runtime: 1716.0s; Iterations = 3680, grads =   2.866e-04, unitary_metric = 1.00001
Error = :3.35e-01; Runtime: 1725.5s; Iterations = 3700, grads =   1.422e-03, unitary_metric = 1.00001
Error = :3.35e-01; Runtime: 1735.8s; Iterations = 3720, grads =   8.343e-04, unitary_metric = 1.00001
Error = :3.35e-01; Runtime: 1745.3s; Iterations = 3740, grads =   1.143e-04, unitary_metric = 1.00001
Error = :3.35e-01; Runtime: 1754.7s; Iterations = 3760, grads =   1.123e-02, unitary_metric = 1.00001
Error = :3.35e-01; Runtime: 1764.2s; Iterations = 3780, grads =   4.593e-05, unitary_metric = 1.00001
Error = :3.35e-01; Runtime: 1773.6s; Iterations = 3800, grads =   3.773e-05, unitary_metric = 1.00001
Error = :3.35e-01; Runtime: 1783.7s; Iterations = 3820, grads =   2.570e-05, unitary_metric = 1.00001
Error = :3.35e-01; Runtime: 1793.2s; Iterations = 3840, grads =   9.011e-08, unitary_metric = 1.00001
Error = :3.35e-01; Runtime: 1802.7s; Iterations = 3860, grads =   4.038e-07, unitary_metric = 1.00001
Error = :3.35e-01; Runtime: 1812.1s; Iterations = 3880, grads =   1.408e-07, unitary_metric = 1.00001
Error = :3.35e-01; Runtime: 1821.5s; Iterations = 3900, grads =   1.078e-06, unitary_metric = 1.00001
Error = :3.35e-01; Runtime: 1831.6s; Iterations = 3920, grads =   1.738e-04, unitary_metric = 1.00001
Error = :3.35e-01; Runtime: 1841.0s; Iterations = 3940, grads =   1.996e-02, unitary_metric = 1.00001
Error = :3.35e-01; Runtime: 1850.5s; Iterations = 3960, grads =   2.283e-03, unitary_metric = 1.00001
Error = :3.35e-01; Runtime: 1859.9s; Iterations = 3980, grads =   4.095e-03, unitary_metric = 1.00001
Error = :3.35e-01; Runtime: 1869.4s; Iterations = 4000, grads =   2.548e-03, unitary_metric = 1.00001
Error = :3.35e-01; Runtime: 1879.5s; Iterations = 4020, grads =   9.380e-05, unitary_metric = 1.00001
Error = :3.35e-01; Runtime: 1889.0s; Iterations = 4040, grads =   2.064e-06, unitary_metric = 1.00001
Error = :3.35e-01; Runtime: 1898.4s; Iterations = 4060, grads =   4.558e-07, unitary_metric = 1.00001
Error = :3.35e-01; Runtime: 1907.8s; Iterations = 4080, grads =   5.049e-07, unitary_metric = 1.00001
Error = :3.35e-01; Runtime: 1917.3s; Iterations = 4100, grads =   1.647e-07, unitary_metric = 1.00001
Error = :3.35e-01; Runtime: 1927.4s; Iterations = 4120, grads =   2.826e-08, unitary_metric = 1.00001
Error = :3.35e-01; Runtime: 1936.8s; Iterations = 4140, grads =   7.765e-08, unitary_metric = 1.00001
Error = :3.35e-01; Runtime: 1946.3s; Iterations = 4160, grads =   5.673e-06, unitary_metric = 1.00001
Error = :3.35e-01; Runtime: 1955.7s; Iterations = 4180, grads =   1.310e-03, unitary_metric = 1.00001
Error = :3.35e-01; Runtime: 1965.2s; Iterations = 4200, grads =   2.213e-03, unitary_metric = 1.00001
Error = :3.35e-01; Runtime: 1975.5s; Iterations = 4220, grads =   5.442e-04, unitary_metric = 1.00001
Error = :3.35e-01; Runtime: 1984.9s; Iterations = 4240, grads =   2.669e-03, unitary_metric = 1.00001
Error = :3.35e-01; Runtime: 1994.4s; Iterations = 4260, grads =   1.874e-03, unitary_metric = 1.00001
Error = :3.35e-01; Runtime: 2003.8s; Iterations = 4280, grads =   5.167e-04, unitary_metric = 1.00001
Error = :3.35e-01; Runtime: 2013.2s; Iterations = 4300, grads =   4.877e-05, unitary_metric = 1.00001
Error = :3.35e-01; Runtime: 2023.4s; Iterations = 4320, grads =   3.413e-06, unitary_metric = 1.00001
Error = :3.35e-01; Runtime: 2032.9s; Iterations = 4340, grads =   5.318e-07, unitary_metric = 1.00001
Error = :3.35e-01; Runtime: 2042.3s; Iterations = 4360, grads =   2.279e-07, unitary_metric = 1.00001
Error = :3.35e-01; Runtime: 2051.7s; Iterations = 4380, grads =   6.978e-08, unitary_metric = 1.00001
Error = :3.35e-01; Runtime: 2061.2s; Iterations = 4400, grads =   1.296e-07, unitary_metric = 1.00001
Error = :3.35e-01; Runtime: 2071.4s; Iterations = 4420, grads =   8.368e-06, unitary_metric = 1.00001
Error = :3.35e-01; Runtime: 2080.8s; Iterations = 4440, grads =   2.775e-03, unitary_metric = 1.00001
Error = :3.35e-01; Runtime: 2090.2s; Iterations = 4460, grads =   9.087e-03, unitary_metric = 1.00001
Error = :3.35e-01; Runtime: 2099.7s; Iterations = 4480, grads =   3.566e-03, unitary_metric = 1.00001
Error = :3.35e-01; Runtime: 2109.2s; Iterations = 4500, grads =   1.719e-04, unitary_metric = 1.00001
Error = :3.35e-01; Runtime: 2119.2s; Iterations = 4520, grads =   1.575e-05, unitary_metric = 1.00001
Error = :3.35e-01; Runtime: 2128.7s; Iterations = 4540, grads =   5.325e-06, unitary_metric = 1.00000
Error = :3.35e-01; Runtime: 2138.1s; Iterations = 4560, grads =   6.795e-08, unitary_metric = 1.00001
Error = :3.35e-01; Runtime: 2147.6s; Iterations = 4580, grads =   1.492e-07, unitary_metric = 1.00001
Error = :3.35e-01; Runtime: 2157.0s; Iterations = 4600, grads =   3.757e-08, unitary_metric = 1.00001
Error = :3.35e-01; Runtime: 2167.1s; Iterations = 4620, grads =   2.594e-09, unitary_metric = 1.00001
Error = :3.35e-01; Runtime: 2176.6s; Iterations = 4640, grads =   2.620e-09, unitary_metric = 1.00001
Error = :3.35e-01; Runtime: 2186.0s; Iterations = 4660, grads =   4.691e-09, unitary_metric = 1.00001
Error = :3.35e-01; Runtime: 2195.4s; Iterations = 4680, grads =   2.682e-08, unitary_metric = 1.00001
Error = :3.35e-01; Runtime: 2204.9s; Iterations = 4700, grads =   3.607e-06, unitary_metric = 1.00001
Error = :3.35e-01; Runtime: 2215.2s; Iterations = 4720, grads =   2.133e-03, unitary_metric = 1.00001
Error = :3.35e-01; Runtime: 2224.6s; Iterations = 4740, grads =   6.754e-03, unitary_metric = 1.00001
Error = :3.35e-01; Runtime: 2234.1s; Iterations = 4760, grads =   8.024e-03, unitary_metric = 1.00001
Error = :3.35e-01; Runtime: 2243.6s; Iterations = 4780, grads =   4.888e-04, unitary_metric = 1.00001
Error = :3.35e-01; Runtime: 2253.1s; Iterations = 4800, grads =   1.563e-04, unitary_metric = 1.00001
Error = :3.35e-01; Runtime: 2263.2s; Iterations = 4820, grads =   2.167e-05, unitary_metric = 1.00001
Error = :3.35e-01; Runtime: 2272.7s; Iterations = 4840, grads =   2.624e-06, unitary_metric = 1.00001
Error = :3.35e-01; Runtime: 2282.1s; Iterations = 4860, grads =   2.592e-07, unitary_metric = 1.00001
Error = :3.35e-01; Runtime: 2291.6s; Iterations = 4880, grads =   5.241e-09, unitary_metric = 1.00001
Error = :3.35e-01; Runtime: 2301.0s; Iterations = 4900, grads =   1.667e-08, unitary_metric = 1.00001
Error = :3.35e-01; Runtime: 2311.3s; Iterations = 4920, grads =   1.885e-09, unitary_metric = 1.00001
Error = :3.35e-01; Runtime: 2320.8s; Iterations = 4940, grads =   2.182e-09, unitary_metric = 1.00001
Error = :3.35e-01; Runtime: 2330.2s; Iterations = 4960, grads =   5.312e-09, unitary_metric = 1.00001
Error = :3.35e-01; Runtime: 2339.7s; Iterations = 4980, grads =   2.129e-08, unitary_metric = 1.00001
Error = :3.35e-01; Runtime: 2349.2s; Iterations = 5000, grads =   9.434e-07, unitary_metric = 1.00001
Error = :3.35e-01; Runtime: 2359.3s; Iterations = 5020, grads =   6.620e-05, unitary_metric = 1.00001
Error = :3.35e-01; Runtime: 2368.8s; Iterations = 5040, grads =   1.231e-02, unitary_metric = 1.00001
Error = :3.35e-01; Runtime: 2378.3s; Iterations = 5060, grads =   2.579e-03, unitary_metric = 1.00001
Error = :3.35e-01; Runtime: 2387.8s; Iterations = 5080, grads =   2.310e-03, unitary_metric = 1.00001
Error = :3.35e-01; Runtime: 2397.3s; Iterations = 5100, grads =   8.967e-05, unitary_metric = 1.00001
Error = :3.35e-01; Runtime: 2407.4s; Iterations = 5120, grads =   3.456e-05, unitary_metric = 1.00001
Error = :3.35e-01; Runtime: 2416.9s; Iterations = 5140, grads =   7.135e-06, unitary_metric = 1.00001
Error = :3.35e-01; Runtime: 2426.4s; Iterations = 5160, grads =   7.345e-08, unitary_metric = 1.00001
Error = :3.35e-01; Runtime: 2435.9s; Iterations = 5180, grads =   1.691e-07, unitary_metric = 1.00001
Error = :3.35e-01; Runtime: 2445.3s; Iterations = 5200, grads =   2.668e-08, unitary_metric = 1.00001
Error = :3.35e-01; Runtime: 2455.6s; Iterations = 5220, grads =   1.188e-08, unitary_metric = 1.00001
Error = :3.35e-01; Runtime: 2465.1s; Iterations = 5240, grads =   4.134e-08, unitary_metric = 1.00001
Error = :3.35e-01; Runtime: 2474.6s; Iterations = 5260, grads =   8.871e-07, unitary_metric = 1.00001
Error = :3.35e-01; Runtime: 2484.1s; Iterations = 5280, grads =   3.047e-04, unitary_metric = 1.00001
Error = :3.35e-01; Runtime: 2493.5s; Iterations = 5300, grads =   4.249e-03, unitary_metric = 1.00001
Error = :3.35e-01; Runtime: 2503.8s; Iterations = 5320, grads =   5.769e-04, unitary_metric = 1.00001
Error = :3.35e-01; Runtime: 2513.2s; Iterations = 5340, grads =   2.208e-04, unitary_metric = 1.00001
Error = :3.35e-01; Runtime: 2522.7s; Iterations = 5360, grads =   1.844e-04, unitary_metric = 1.00001
Error = :3.35e-01; Runtime: 2532.2s; Iterations = 5380, grads =   2.889e-04, unitary_metric = 1.00001
Error = :3.35e-01; Runtime: 2541.6s; Iterations = 5400, grads =   9.798e-07, unitary_metric = 1.00001
Error = :3.35e-01; Runtime: 2551.8s; Iterations = 5420, grads =   7.656e-05, unitary_metric = 1.00001
Error = :3.35e-01; Runtime: 2561.3s; Iterations = 5440, grads =   4.940e-08, unitary_metric = 1.00001
Error = :3.35e-01; Runtime: 2570.8s; Iterations = 5460, grads =   9.619e-07, unitary_metric = 1.00001
Error = :3.35e-01; Runtime: 2580.3s; Iterations = 5480, grads =   1.866e-07, unitary_metric = 1.00001
Error = :3.35e-01; Runtime: 2589.8s; Iterations = 5500, grads =   1.608e-08, unitary_metric = 1.00001
Error = :3.35e-01; Runtime: 2600.0s; Iterations = 5520, grads =   1.549e-07, unitary_metric = 1.00001
Error = :3.35e-01; Runtime: 2609.5s; Iterations = 5540, grads =   2.738e-05, unitary_metric = 1.00001
Error = :3.35e-01; Runtime: 2619.0s; Iterations = 5560, grads =   5.739e-03, unitary_metric = 1.00001
Error = :3.35e-01; Runtime: 2628.5s; Iterations = 5580, grads =   1.516e-03, unitary_metric = 1.00001
Error = :3.35e-01; Runtime: 2638.0s; Iterations = 5600, grads =   1.695e-03, unitary_metric = 1.00001
Error = :3.35e-01; Runtime: 2648.2s; Iterations = 5620, grads =   8.313e-04, unitary_metric = 1.00001
Error = :3.35e-01; Runtime: 2657.7s; Iterations = 5640, grads =   1.295e-03, unitary_metric = 1.00001
Error = :3.35e-01; Runtime: 2667.2s; Iterations = 5660, grads =   1.667e-05, unitary_metric = 1.00001
Error = :3.35e-01; Runtime: 2676.7s; Iterations = 5680, grads =   1.929e-05, unitary_metric = 1.00001
Error = :3.35e-01; Runtime: 2686.1s; Iterations = 5700, grads =   4.433e-07, unitary_metric = 1.00001
Error = :3.35e-01; Runtime: 2696.3s; Iterations = 5720, grads =   1.702e-08, unitary_metric = 1.00001
Error = :3.35e-01; Runtime: 2705.8s; Iterations = 5740, grads =   1.588e-08, unitary_metric = 1.00001
Error = :3.35e-01; Runtime: 2715.3s; Iterations = 5760, grads =   5.512e-08, unitary_metric = 1.00001
Error = :3.35e-01; Runtime: 2724.8s; Iterations = 5780, grads =   6.671e-07, unitary_metric = 1.00001
Error = :3.35e-01; Runtime: 2734.3s; Iterations = 5800, grads =   1.903e-04, unitary_metric = 1.00001
Error = :3.35e-01; Runtime: 2744.6s; Iterations = 5820, grads =   5.799e-04, unitary_metric = 1.00001
Error = :3.35e-01; Runtime: 2754.1s; Iterations = 5840, grads =   8.984e-04, unitary_metric = 1.00001
Error = :3.35e-01; Runtime: 2763.6s; Iterations = 5860, grads =   1.141e-03, unitary_metric = 1.00001
Error = :3.35e-01; Runtime: 2773.1s; Iterations = 5880, grads =   5.945e-04, unitary_metric = 1.00001
Error = :3.35e-01; Runtime: 2782.6s; Iterations = 5900, grads =   2.818e-05, unitary_metric = 1.00001
Error = :3.35e-01; Runtime: 2792.8s; Iterations = 5920, grads =   2.813e-06, unitary_metric = 1.00001
Error = :3.35e-01; Runtime: 2802.3s; Iterations = 5940, grads =   2.256e-06, unitary_metric = 1.00001
Error = :3.35e-01; Runtime: 2811.8s; Iterations = 5960, grads =   7.409e-08, unitary_metric = 1.00001
Error = :3.35e-01; Runtime: 2821.3s; Iterations = 5980, grads =   1.691e-08, unitary_metric = 1.00001
Error = :3.35e-01; Runtime: 2830.8s; Iterations = 6000, grads =   6.211e-08, unitary_metric = 1.00001
data saved at: /project/ftchong/qoc/pranav/00009_31_beh2_slice_171.h5


trying total_time: 27.5 for unitary of size (16, 16)
data saved at: /project/ftchong/qoc/pranav/00010_31_beh2_slice_171.h5
Using 7 Taylor terms and 2 Scaling & Squaring terms
Building graph:
Propagators initialized.
Operators weight initialized.
Intermediate propagation variables initialized.
Intermediate propagators initialized.
Vectors initialized.
Training loss initialized.
Optimizer initialized.
Utilities initialized.
Graph built!
Initialized
Error = :9.56e-01; Runtime: 0.9s; Iterations = 0, grads =   2.552e-01, unitary_metric = 1.00004
Error = :3.67e-01; Runtime: 13.1s; Iterations = 20, grads =   2.877e-01, unitary_metric = 1.00001
Error = :3.44e-01; Runtime: 23.6s; Iterations = 40, grads =   1.135e-01, unitary_metric = 1.00001
Error = :3.35e-01; Runtime: 34.1s; Iterations = 60, grads =   3.876e-03, unitary_metric = 1.00002
Error = :3.42e-01; Runtime: 44.6s; Iterations = 80, grads =   2.485e-01, unitary_metric = 1.00002
Error = :3.35e-01; Runtime: 55.1s; Iterations = 100, grads =   5.534e-03, unitary_metric = 1.00001
Error = :3.35e-01; Runtime: 66.3s; Iterations = 120, grads =   6.227e-05, unitary_metric = 1.00001
Error = :3.35e-01; Runtime: 76.8s; Iterations = 140, grads =   7.215e-05, unitary_metric = 1.00002
Error = :3.34e-01; Runtime: 87.3s; Iterations = 160, grads =   4.981e-05, unitary_metric = 1.00002
Error = :2.10e-01; Runtime: 97.7s; Iterations = 180, grads =   1.385e-02, unitary_metric = 1.00001
Error = :1.32e-02; Runtime: 108.2s; Iterations = 200, grads =   9.258e-02, unitary_metric = 1.00000
Error = :2.09e-03; Runtime: 119.6s; Iterations = 220, grads =   5.334e-03, unitary_metric = 1.00000
Error = :7.66e-04; Runtime: 121.1s; Iterations = 223, grads =   4.696e-03, unitary_metric = 1.00000
data saved at: /project/ftchong/qoc/pranav/00010_31_beh2_slice_171.h5


trying total_time: 26.25 for unitary of size (16, 16)
data saved at: /project/ftchong/qoc/pranav/00011_31_beh2_slice_171.h5
Using 7 Taylor terms and 2 Scaling & Squaring terms
Building graph:
Propagators initialized.
Operators weight initialized.
Intermediate propagation variables initialized.
Intermediate propagators initialized.
Vectors initialized.
Training loss initialized.
Optimizer initialized.
Utilities initialized.
Graph built!
Initialized
Error = :9.53e-01; Runtime: 0.9s; Iterations = 0, grads =   3.199e-01, unitary_metric = 1.00002
Error = :6.88e-01; Runtime: 12.5s; Iterations = 20, grads =   2.408e-01, unitary_metric = 1.00002
Error = :6.71e-01; Runtime: 22.6s; Iterations = 40, grads =   5.906e-02, unitary_metric = 1.00001
Error = :6.66e-01; Runtime: 32.8s; Iterations = 60, grads =   6.599e-03, unitary_metric = 1.00002
Error = :6.65e-01; Runtime: 42.9s; Iterations = 80, grads =   1.206e-03, unitary_metric = 1.00001
Error = :6.65e-01; Runtime: 53.0s; Iterations = 100, grads =   9.172e-05, unitary_metric = 1.00002
Error = :6.65e-01; Runtime: 63.7s; Iterations = 120, grads =   1.505e-05, unitary_metric = 1.00001
Error = :6.65e-01; Runtime: 73.8s; Iterations = 140, grads =   3.243e-06, unitary_metric = 1.00002
Error = :6.22e-01; Runtime: 83.8s; Iterations = 160, grads =   7.961e-03, unitary_metric = 1.00001
Error = :3.14e-02; Runtime: 93.9s; Iterations = 180, grads =   1.698e-01, unitary_metric = 0.99999
Error = :1.27e-02; Runtime: 103.9s; Iterations = 200, grads =   2.447e-01, unitary_metric = 0.99999
Error = :2.46e-03; Runtime: 114.8s; Iterations = 220, grads =   5.034e-02, unitary_metric = 0.99999
Error = :5.79e-04; Runtime: 115.3s; Iterations = 221, grads =   3.871e-03, unitary_metric = 0.99999
data saved at: /project/ftchong/qoc/pranav/00011_31_beh2_slice_171.h5


trying total_time: 25.6 for unitary of size (16, 16)
data saved at: /project/ftchong/qoc/pranav/00012_31_beh2_slice_171.h5
Using 7 Taylor terms and 2 Scaling & Squaring terms
Building graph:
Propagators initialized.
Operators weight initialized.
Intermediate propagation variables initialized.
Intermediate propagators initialized.
Vectors initialized.
Training loss initialized.
Optimizer initialized.
Utilities initialized.
Graph built!
Initialized
Error = :9.63e-01; Runtime: 0.9s; Iterations = 0, grads =   2.618e-01, unitary_metric = 1.00003
Error = :6.95e-01; Runtime: 12.4s; Iterations = 20, grads =   2.644e-01, unitary_metric = 1.00002
Error = :6.70e-01; Runtime: 22.2s; Iterations = 40, grads =   2.291e-02, unitary_metric = 1.00001
Error = :6.66e-01; Runtime: 32.0s; Iterations = 60, grads =   2.333e-03, unitary_metric = 1.00001
Error = :6.65e-01; Runtime: 41.8s; Iterations = 80, grads =   3.635e-04, unitary_metric = 1.00001
Error = :6.65e-01; Runtime: 51.6s; Iterations = 100, grads =   7.873e-05, unitary_metric = 1.00002
Error = :6.65e-01; Runtime: 62.4s; Iterations = 120, grads =   7.878e-06, unitary_metric = 1.00002
Error = :6.65e-01; Runtime: 72.2s; Iterations = 140, grads =   1.928e-06, unitary_metric = 1.00002
Error = :6.65e-01; Runtime: 82.0s; Iterations = 160, grads =   1.923e-07, unitary_metric = 1.00002
Error = :6.65e-01; Runtime: 91.8s; Iterations = 180, grads =   1.628e-07, unitary_metric = 1.00002
Error = :6.70e-01; Runtime: 101.6s; Iterations = 200, grads =   7.285e-02, unitary_metric = 1.00002
Error = :6.66e-01; Runtime: 112.1s; Iterations = 220, grads =   1.992e-03, unitary_metric = 1.00002
Error = :6.65e-01; Runtime: 121.9s; Iterations = 240, grads =   3.973e-05, unitary_metric = 1.00002
Error = :6.66e-01; Runtime: 131.7s; Iterations = 260, grads =   4.828e-03, unitary_metric = 1.00002
Error = :6.65e-01; Runtime: 141.5s; Iterations = 280, grads =   6.794e-04, unitary_metric = 1.00001
Error = :6.65e-01; Runtime: 151.3s; Iterations = 300, grads =   1.145e-03, unitary_metric = 1.00002
Error = :6.65e-01; Runtime: 161.8s; Iterations = 320, grads =   8.183e-05, unitary_metric = 1.00002
Error = :6.65e-01; Runtime: 171.6s; Iterations = 340, grads =   2.438e-05, unitary_metric = 1.00002
Error = :6.65e-01; Runtime: 181.4s; Iterations = 360, grads =   3.788e-06, unitary_metric = 1.00001
Error = :6.65e-01; Runtime: 191.1s; Iterations = 380, grads =   1.081e-06, unitary_metric = 1.00002
Error = :6.67e-01; Runtime: 200.9s; Iterations = 400, grads =   3.177e-02, unitary_metric = 1.00002
Error = :6.65e-01; Runtime: 211.4s; Iterations = 420, grads =   3.204e-04, unitary_metric = 1.00002
Error = :6.65e-01; Runtime: 221.1s; Iterations = 440, grads =   3.933e-04, unitary_metric = 1.00001
Error = :6.67e-01; Runtime: 231.0s; Iterations = 460, grads =   2.809e-02, unitary_metric = 1.00002
Error = :6.65e-01; Runtime: 240.8s; Iterations = 480, grads =   7.636e-04, unitary_metric = 1.00001
Error = :6.65e-01; Runtime: 250.5s; Iterations = 500, grads =   7.547e-04, unitary_metric = 1.00001
Error = :6.65e-01; Runtime: 261.1s; Iterations = 520, grads =   1.052e-04, unitary_metric = 1.00001
Error = :6.65e-01; Runtime: 270.9s; Iterations = 540, grads =   1.190e-06, unitary_metric = 1.00001
Error = :6.65e-01; Runtime: 280.7s; Iterations = 560, grads =   3.085e-07, unitary_metric = 1.00002
Error = :6.65e-01; Runtime: 290.4s; Iterations = 580, grads =   2.915e-05, unitary_metric = 1.00001
Error = :6.66e-01; Runtime: 300.2s; Iterations = 600, grads =   1.145e-02, unitary_metric = 1.00001
Error = :6.66e-01; Runtime: 310.8s; Iterations = 620, grads =   3.464e-03, unitary_metric = 1.00001
Error = :6.66e-01; Runtime: 320.6s; Iterations = 640, grads =   1.735e-02, unitary_metric = 1.00001
Error = :6.65e-01; Runtime: 330.4s; Iterations = 660, grads =   2.370e-03, unitary_metric = 1.00001
Error = :6.61e-01; Runtime: 340.2s; Iterations = 680, grads =   3.361e-04, unitary_metric = 1.00000
Error = :1.40e-01; Runtime: 350.0s; Iterations = 700, grads =   1.066e+00, unitary_metric = 0.99999
Error = :2.00e-02; Runtime: 360.5s; Iterations = 720, grads =   3.349e-01, unitary_metric = 0.99999
Error = :2.88e-03; Runtime: 370.3s; Iterations = 740, grads =   4.435e-02, unitary_metric = 0.99999
Error = :6.62e-04; Runtime: 374.2s; Iterations = 748, grads =   5.200e-03, unitary_metric = 0.99999
data saved at: /project/ftchong/qoc/pranav/00012_31_beh2_slice_171.h5


trying total_time: 25.3 for unitary of size (16, 16)
data saved at: /project/ftchong/qoc/pranav/00013_31_beh2_slice_171.h5
Using 7 Taylor terms and 2 Scaling & Squaring terms
Building graph:
Propagators initialized.
Operators weight initialized.
Intermediate propagation variables initialized.
Intermediate propagators initialized.
Vectors initialized.
Training loss initialized.
Optimizer initialized.
Utilities initialized.
Graph built!
Initialized
Error = :9.47e-01; Runtime: 0.9s; Iterations = 0, grads =   3.408e-01, unitary_metric = 1.00003
Error = :4.00e-01; Runtime: 12.3s; Iterations = 20, grads =   1.318e+00, unitary_metric = 1.00001
Error = :3.44e-01; Runtime: 22.0s; Iterations = 40, grads =   1.935e-01, unitary_metric = 1.00001
Error = :3.36e-01; Runtime: 31.7s; Iterations = 60, grads =   3.672e-02, unitary_metric = 1.00001
Error = :3.35e-01; Runtime: 41.4s; Iterations = 80, grads =   3.468e-03, unitary_metric = 1.00001
Error = :3.35e-01; Runtime: 51.1s; Iterations = 100, grads =   4.618e-04, unitary_metric = 1.00001
Error = :3.35e-01; Runtime: 61.4s; Iterations = 120, grads =   5.958e-05, unitary_metric = 1.00001
Error = :3.35e-01; Runtime: 71.1s; Iterations = 140, grads =   1.401e-06, unitary_metric = 1.00001
Error = :3.35e-01; Runtime: 80.8s; Iterations = 160, grads =   8.201e-07, unitary_metric = 1.00001
Error = :3.35e-01; Runtime: 90.5s; Iterations = 180, grads =   1.555e-07, unitary_metric = 1.00001
Error = :3.35e-01; Runtime: 100.2s; Iterations = 200, grads =   2.177e-08, unitary_metric = 1.00001
Error = :3.35e-01; Runtime: 110.8s; Iterations = 220, grads =   3.175e-09, unitary_metric = 1.00001
Error = :3.35e-01; Runtime: 120.5s; Iterations = 240, grads =   6.883e-10, unitary_metric = 1.00001
Error = :3.35e-01; Runtime: 130.2s; Iterations = 260, grads =   1.640e-09, unitary_metric = 1.00001
Error = :3.35e-01; Runtime: 139.9s; Iterations = 280, grads =   1.176e-06, unitary_metric = 1.00001
Error = :3.35e-01; Runtime: 149.5s; Iterations = 300, grads =   3.112e-07, unitary_metric = 1.00001
Error = :3.35e-01; Runtime: 159.9s; Iterations = 320, grads =   5.393e-08, unitary_metric = 1.00001
Error = :3.35e-01; Runtime: 169.6s; Iterations = 340, grads =   2.046e-02, unitary_metric = 1.00001
Error = :3.36e-01; Runtime: 179.3s; Iterations = 360, grads =   4.083e-02, unitary_metric = 1.00001
Error = :3.35e-01; Runtime: 189.0s; Iterations = 380, grads =   6.069e-05, unitary_metric = 1.00001
Error = :3.37e-01; Runtime: 198.6s; Iterations = 400, grads =   8.692e-02, unitary_metric = 1.00001
Error = :3.35e-01; Runtime: 209.0s; Iterations = 420, grads =   2.803e-02, unitary_metric = 1.00001
Error = :3.35e-01; Runtime: 218.7s; Iterations = 440, grads =   2.122e-05, unitary_metric = 1.00001
Error = :3.35e-01; Runtime: 228.4s; Iterations = 460, grads =   5.611e-04, unitary_metric = 1.00001
Error = :3.35e-01; Runtime: 238.1s; Iterations = 480, grads =   7.803e-05, unitary_metric = 1.00001
Error = :3.35e-01; Runtime: 248.0s; Iterations = 500, grads =   1.790e-05, unitary_metric = 1.00001
Error = :3.35e-01; Runtime: 258.4s; Iterations = 520, grads =   5.772e-06, unitary_metric = 1.00001
Error = :3.35e-01; Runtime: 268.0s; Iterations = 540, grads =   7.226e-07, unitary_metric = 1.00001
Error = :3.34e-01; Runtime: 277.7s; Iterations = 560, grads =   3.615e-06, unitary_metric = 1.00001
Error = :3.32e-01; Runtime: 287.4s; Iterations = 580, grads =   2.071e-04, unitary_metric = 1.00001
Error = :4.24e-02; Runtime: 297.1s; Iterations = 600, grads =   5.297e-02, unitary_metric = 1.00000
Error = :5.51e-02; Runtime: 307.4s; Iterations = 620, grads =   2.129e+00, unitary_metric = 1.00000
Error = :1.49e-03; Runtime: 317.1s; Iterations = 640, grads =   3.336e-02, unitary_metric = 1.00000
Error = :4.72e-04; Runtime: 324.3s; Iterations = 655, grads =   8.709e-03, unitary_metric = 1.00000
data saved at: /project/ftchong/qoc/pranav/00013_31_beh2_slice_171.h5




[0.3, 25.3]
TIME FOR SLICE IS:
25.3
