Running Block:  150


trying total_time: 30.0 for unitary of size (4, 4)
data saved at: /project/ftchong/qoc/pranav/00018_27_block150.h5
Using 4 Taylor terms and 3 Scaling & Squaring terms
Building graph:
Propagators initialized.
Operators weight initialized.
Intermediate propagation variables initialized.
Intermediate propagators initialized.
Vectors initialized.
Training loss initialized.
Optimizer initialized.
Utilities initialized.
Graph built!
Initialized
Error = :8.22e-01; Runtime: 0.8s; Iterations = 0, grads =   8.683e-01, unitary_metric = 1.00006
Error = :5.37e-01; Runtime: 5.7s; Iterations = 20, grads =   8.300e-01, unitary_metric = 1.00006
Error = :4.95e-01; Runtime: 9.3s; Iterations = 40, grads =   7.913e-02, unitary_metric = 1.00005
Error = :5.19e-02; Runtime: 12.9s; Iterations = 60, grads =   6.286e-02, unitary_metric = 1.00000
Error = :3.25e-03; Runtime: 16.5s; Iterations = 80, grads =   5.002e-03, unitary_metric = 1.00002
Error = :6.97e-04; Runtime: 18.8s; Iterations = 93, grads =   1.882e-03, unitary_metric = 1.00001
data saved at: /project/ftchong/qoc/pranav/00018_27_block150.h5


trying total_time: 15.0 for unitary of size (4, 4)
data saved at: /project/ftchong/qoc/pranav/00019_27_block150.h5
Using 4 Taylor terms and 3 Scaling & Squaring terms
Building graph:
Propagators initialized.
Operators weight initialized.
Intermediate propagation variables initialized.
Intermediate propagators initialized.
Vectors initialized.
Training loss initialized.
Optimizer initialized.
Utilities initialized.
Graph built!
Initialized
Error = :9.34e-01; Runtime: 0.3s; Iterations = 0, grads =   3.954e-01, unitary_metric = 1.00001
Error = :5.08e-01; Runtime: 2.7s; Iterations = 20, grads =   6.590e-02, unitary_metric = 1.00001
Error = :4.74e-01; Runtime: 4.4s; Iterations = 40, grads =   1.482e-02, unitary_metric = 1.00001
Error = :2.13e-02; Runtime: 6.2s; Iterations = 60, grads =   1.580e-02, unitary_metric = 1.00000
Error = :5.40e-03; Runtime: 7.9s; Iterations = 80, grads =   1.936e-03, unitary_metric = 1.00000
Error = :9.49e-04; Runtime: 9.6s; Iterations = 100, grads =   2.182e-04, unitary_metric = 0.99999
data saved at: /project/ftchong/qoc/pranav/00019_27_block150.h5


trying total_time: 7.5 for unitary of size (4, 4)
data saved at: /project/ftchong/qoc/pranav/00020_27_block150.h5
Using 6 Taylor terms and 1 Scaling & Squaring terms
Building graph:
Propagators initialized.
Operators weight initialized.
Intermediate propagation variables initialized.
Intermediate propagators initialized.
Vectors initialized.
Training loss initialized.
Optimizer initialized.
Utilities initialized.
Graph built!
Initialized
Error = :8.42e-01; Runtime: 0.2s; Iterations = 0, grads =   2.094e-01, unitary_metric = 1.00000
Error = :5.43e-01; Runtime: 1.4s; Iterations = 20, grads =   2.696e-02, unitary_metric = 1.00000
Error = :4.39e-01; Runtime: 2.4s; Iterations = 40, grads =   1.061e-02, unitary_metric = 1.00000
Error = :1.40e-01; Runtime: 3.3s; Iterations = 60, grads =   6.219e-03, unitary_metric = 1.00000
Error = :1.26e-02; Runtime: 4.2s; Iterations = 80, grads =   1.019e-03, unitary_metric = 0.99999
Error = :9.06e-04; Runtime: 4.9s; Iterations = 94, grads =   1.479e-04, unitary_metric = 0.99999
data saved at: /project/ftchong/qoc/pranav/00020_27_block150.h5


trying total_time: 3.75 for unitary of size (4, 4)
data saved at: /project/ftchong/qoc/pranav/00021_27_block150.h5
Using 6 Taylor terms and 1 Scaling & Squaring terms
Building graph:
Propagators initialized.
Operators weight initialized.
Intermediate propagation variables initialized.
Intermediate propagators initialized.
Vectors initialized.
Training loss initialized.
Optimizer initialized.
Utilities initialized.
Graph built!
Initialized
Error = :9.13e-01; Runtime: 0.1s; Iterations = 0, grads =   1.130e-01, unitary_metric = 1.00000
Error = :6.64e-01; Runtime: 0.8s; Iterations = 20, grads =   3.677e-02, unitary_metric = 1.00000
Error = :5.08e-01; Runtime: 1.3s; Iterations = 40, grads =   1.924e-03, unitary_metric = 1.00000
Error = :5.00e-01; Runtime: 1.7s; Iterations = 60, grads =   1.099e-03, unitary_metric = 1.00000
Error = :4.88e-01; Runtime: 2.2s; Iterations = 80, grads =   3.945e-04, unitary_metric = 1.00000
Error = :4.32e-01; Runtime: 2.7s; Iterations = 100, grads =   2.910e-03, unitary_metric = 1.00000
Error = :2.75e-01; Runtime: 3.2s; Iterations = 120, grads =   3.120e-03, unitary_metric = 1.00000
Error = :1.62e-01; Runtime: 3.7s; Iterations = 140, grads =   1.141e-03, unitary_metric = 1.00000
Error = :1.12e-01; Runtime: 4.2s; Iterations = 160, grads =   4.190e-04, unitary_metric = 1.00000
Error = :9.14e-02; Runtime: 4.6s; Iterations = 180, grads =   2.051e-04, unitary_metric = 1.00000
Error = :8.09e-02; Runtime: 5.1s; Iterations = 200, grads =   1.262e-04, unitary_metric = 1.00000
Error = :7.48e-02; Runtime: 5.7s; Iterations = 220, grads =   8.714e-05, unitary_metric = 1.00000
Error = :7.07e-02; Runtime: 6.1s; Iterations = 240, grads =   6.352e-05, unitary_metric = 1.00000
Error = :6.77e-02; Runtime: 6.6s; Iterations = 260, grads =   4.860e-05, unitary_metric = 1.00000
Error = :6.54e-02; Runtime: 7.1s; Iterations = 280, grads =   3.856e-05, unitary_metric = 1.00000
Error = :6.36e-02; Runtime: 7.5s; Iterations = 300, grads =   3.158e-05, unitary_metric = 1.00000
Error = :6.20e-02; Runtime: 8.1s; Iterations = 320, grads =   2.666e-05, unitary_metric = 1.00000
Error = :6.08e-02; Runtime: 8.5s; Iterations = 340, grads =   2.326e-05, unitary_metric = 1.00000
Error = :5.96e-02; Runtime: 9.0s; Iterations = 360, grads =   2.100e-05, unitary_metric = 1.00000
Error = :5.86e-02; Runtime: 9.5s; Iterations = 380, grads =   1.945e-05, unitary_metric = 1.00000
Error = :5.75e-02; Runtime: 9.9s; Iterations = 400, grads =   1.805e-05, unitary_metric = 1.00000
Error = :5.65e-02; Runtime: 10.5s; Iterations = 420, grads =   1.631e-05, unitary_metric = 1.00000
Error = :5.55e-02; Runtime: 11.0s; Iterations = 440, grads =   1.425e-05, unitary_metric = 1.00000
Error = :5.47e-02; Runtime: 11.4s; Iterations = 460, grads =   1.229e-05, unitary_metric = 1.00000
Error = :5.41e-02; Runtime: 11.9s; Iterations = 480, grads =   1.085e-05, unitary_metric = 1.00000
Error = :5.36e-02; Runtime: 12.4s; Iterations = 500, grads =   1.011e-05, unitary_metric = 1.00000
Error = :5.31e-02; Runtime: 12.9s; Iterations = 520, grads =   9.889e-06, unitary_metric = 1.00000
Error = :5.26e-02; Runtime: 13.4s; Iterations = 540, grads =   9.569e-06, unitary_metric = 1.00000
Error = :5.20e-02; Runtime: 13.8s; Iterations = 560, grads =   8.660e-06, unitary_metric = 1.00000
Error = :5.16e-02; Runtime: 14.3s; Iterations = 580, grads =   7.378e-06, unitary_metric = 1.00000
Error = :5.12e-02; Runtime: 14.8s; Iterations = 600, grads =   6.166e-06, unitary_metric = 1.00000
Error = :5.08e-02; Runtime: 15.3s; Iterations = 620, grads =   5.200e-06, unitary_metric = 1.00000
Error = :5.05e-02; Runtime: 15.8s; Iterations = 640, grads =   4.447e-06, unitary_metric = 1.00000
Error = :5.03e-02; Runtime: 16.3s; Iterations = 660, grads =   3.848e-06, unitary_metric = 1.00000
Error = :5.01e-02; Runtime: 16.7s; Iterations = 680, grads =   3.360e-06, unitary_metric = 1.00000
Error = :4.99e-02; Runtime: 17.2s; Iterations = 700, grads =   2.958e-06, unitary_metric = 1.00000
Error = :4.97e-02; Runtime: 17.8s; Iterations = 720, grads =   2.624e-06, unitary_metric = 1.00000
Error = :4.96e-02; Runtime: 18.2s; Iterations = 740, grads =   2.344e-06, unitary_metric = 1.00000
Error = :4.95e-02; Runtime: 18.7s; Iterations = 760, grads =   2.107e-06, unitary_metric = 1.00000
Error = :4.93e-02; Runtime: 19.2s; Iterations = 780, grads =   1.905e-06, unitary_metric = 1.00000
Error = :4.92e-02; Runtime: 19.6s; Iterations = 800, grads =   1.732e-06, unitary_metric = 1.00000
Error = :4.91e-02; Runtime: 20.2s; Iterations = 820, grads =   1.581e-06, unitary_metric = 1.00000
Error = :4.91e-02; Runtime: 20.6s; Iterations = 840, grads =   1.449e-06, unitary_metric = 1.00000
Error = :4.90e-02; Runtime: 21.1s; Iterations = 860, grads =   1.333e-06, unitary_metric = 1.00000
Error = :4.89e-02; Runtime: 21.6s; Iterations = 880, grads =   1.229e-06, unitary_metric = 1.00000
Error = :4.88e-02; Runtime: 22.0s; Iterations = 900, grads =   1.138e-06, unitary_metric = 1.00000
Error = :4.88e-02; Runtime: 22.6s; Iterations = 920, grads =   1.055e-06, unitary_metric = 1.00000
Error = :4.87e-02; Runtime: 23.1s; Iterations = 940, grads =   9.813e-07, unitary_metric = 1.00000
Error = :4.87e-02; Runtime: 23.5s; Iterations = 960, grads =   9.143e-07, unitary_metric = 1.00000
Error = :4.86e-02; Runtime: 24.0s; Iterations = 980, grads =   8.535e-07, unitary_metric = 1.00000
Error = :4.86e-02; Runtime: 24.4s; Iterations = 1000, grads =   7.981e-07, unitary_metric = 1.00000
Error = :4.85e-02; Runtime: 25.0s; Iterations = 1020, grads =   7.475e-07, unitary_metric = 1.00000
Error = :4.85e-02; Runtime: 25.5s; Iterations = 1040, grads =   7.011e-07, unitary_metric = 1.00000
Error = :4.84e-02; Runtime: 25.9s; Iterations = 1060, grads =   6.584e-07, unitary_metric = 1.00000
Error = :4.84e-02; Runtime: 26.4s; Iterations = 1080, grads =   6.191e-07, unitary_metric = 1.00000
Error = :4.84e-02; Runtime: 26.9s; Iterations = 1100, grads =   5.827e-07, unitary_metric = 1.00000
Error = :4.83e-02; Runtime: 27.4s; Iterations = 1120, grads =   5.492e-07, unitary_metric = 1.00000
Error = :4.83e-02; Runtime: 27.9s; Iterations = 1140, grads =   5.180e-07, unitary_metric = 1.00000
Error = :4.83e-02; Runtime: 28.3s; Iterations = 1160, grads =   4.891e-07, unitary_metric = 1.00000
Error = :4.82e-02; Runtime: 28.8s; Iterations = 1180, grads =   4.623e-07, unitary_metric = 1.00000
Error = :4.82e-02; Runtime: 29.3s; Iterations = 1200, grads =   4.373e-07, unitary_metric = 1.00000
Error = :4.82e-02; Runtime: 29.8s; Iterations = 1220, grads =   4.141e-07, unitary_metric = 1.00000
Error = :4.82e-02; Runtime: 30.3s; Iterations = 1240, grads =   3.925e-07, unitary_metric = 1.00000
Error = :4.81e-02; Runtime: 30.7s; Iterations = 1260, grads =   3.723e-07, unitary_metric = 1.00000
Error = :4.81e-02; Runtime: 31.2s; Iterations = 1280, grads =   3.536e-07, unitary_metric = 1.00000
Error = :4.81e-02; Runtime: 31.7s; Iterations = 1300, grads =   3.362e-07, unitary_metric = 1.00000
Error = :4.81e-02; Runtime: 32.2s; Iterations = 1320, grads =   3.202e-07, unitary_metric = 1.00000
Error = :4.80e-02; Runtime: 32.7s; Iterations = 1340, grads =   3.056e-07, unitary_metric = 1.00000
Error = :4.80e-02; Runtime: 33.2s; Iterations = 1360, grads =   2.927e-07, unitary_metric = 1.00000
Error = :4.80e-02; Runtime: 33.6s; Iterations = 1380, grads =   2.821e-07, unitary_metric = 1.00000
Error = :4.80e-02; Runtime: 34.1s; Iterations = 1400, grads =   2.739e-07, unitary_metric = 1.00000
Error = :4.80e-02; Runtime: 34.6s; Iterations = 1420, grads =   2.675e-07, unitary_metric = 1.00000
Error = :4.80e-02; Runtime: 35.1s; Iterations = 1440, grads =   2.611e-07, unitary_metric = 1.00000
Error = :4.80e-02; Runtime: 35.6s; Iterations = 1460, grads =   2.531e-07, unitary_metric = 1.00000
Error = :4.79e-02; Runtime: 36.1s; Iterations = 1480, grads =   2.437e-07, unitary_metric = 1.00000
Error = :4.79e-02; Runtime: 36.5s; Iterations = 1500, grads =   2.336e-07, unitary_metric = 1.00000
Error = :4.79e-02; Runtime: 37.1s; Iterations = 1520, grads =   2.237e-07, unitary_metric = 1.00000
Error = :4.79e-02; Runtime: 37.5s; Iterations = 1540, grads =   2.143e-07, unitary_metric = 1.00000
Error = :4.79e-02; Runtime: 38.0s; Iterations = 1560, grads =   2.055e-07, unitary_metric = 1.00000
Error = :4.79e-02; Runtime: 38.5s; Iterations = 1580, grads =   1.973e-07, unitary_metric = 1.00000
Error = :4.79e-02; Runtime: 38.9s; Iterations = 1600, grads =   1.898e-07, unitary_metric = 1.00000
Error = :4.79e-02; Runtime: 39.5s; Iterations = 1620, grads =   1.827e-07, unitary_metric = 1.00000
Error = :4.78e-02; Runtime: 40.0s; Iterations = 1640, grads =   1.761e-07, unitary_metric = 1.00000
Error = :4.78e-02; Runtime: 40.4s; Iterations = 1660, grads =   1.698e-07, unitary_metric = 1.00000
Error = :4.78e-02; Runtime: 40.9s; Iterations = 1680, grads =   1.640e-07, unitary_metric = 1.00000
Error = :4.78e-02; Runtime: 41.4s; Iterations = 1700, grads =   1.585e-07, unitary_metric = 1.00000
Error = :4.78e-02; Runtime: 41.9s; Iterations = 1720, grads =   1.533e-07, unitary_metric = 1.00000
Error = :4.78e-02; Runtime: 42.4s; Iterations = 1740, grads =   1.485e-07, unitary_metric = 1.00000
Error = :4.78e-02; Runtime: 42.8s; Iterations = 1760, grads =   1.439e-07, unitary_metric = 1.00000
Error = :4.78e-02; Runtime: 43.3s; Iterations = 1780, grads =   1.395e-07, unitary_metric = 1.00000
Error = :4.78e-02; Runtime: 43.8s; Iterations = 1800, grads =   1.354e-07, unitary_metric = 1.00000
Error = :4.78e-02; Runtime: 44.3s; Iterations = 1820, grads =   1.316e-07, unitary_metric = 1.00000
Error = :4.77e-02; Runtime: 44.8s; Iterations = 1840, grads =   1.279e-07, unitary_metric = 1.00000
Error = :4.77e-02; Runtime: 45.2s; Iterations = 1860, grads =   1.246e-07, unitary_metric = 1.00000
Error = :4.77e-02; Runtime: 45.7s; Iterations = 1880, grads =   1.220e-07, unitary_metric = 1.00000
Error = :4.77e-02; Runtime: 46.2s; Iterations = 1900, grads =   1.225e-07, unitary_metric = 1.00000
Error = :4.77e-02; Runtime: 46.7s; Iterations = 1920, grads =   1.410e-07, unitary_metric = 1.00000
Error = :4.77e-02; Runtime: 47.2s; Iterations = 1940, grads =   2.787e-07, unitary_metric = 1.00000
Error = :4.77e-02; Runtime: 47.7s; Iterations = 1960, grads =   8.299e-07, unitary_metric = 1.00000
Error = :4.76e-02; Runtime: 48.1s; Iterations = 1980, grads =   1.707e-06, unitary_metric = 1.00000
Error = :4.72e-02; Runtime: 48.6s; Iterations = 2000, grads =   2.060e-06, unitary_metric = 1.00000
Error = :4.69e-02; Runtime: 49.1s; Iterations = 2020, grads =   1.620e-06, unitary_metric = 1.00000
Error = :4.66e-02; Runtime: 49.6s; Iterations = 2040, grads =   1.061e-06, unitary_metric = 1.00000
Error = :4.64e-02; Runtime: 50.1s; Iterations = 2060, grads =   7.485e-07, unitary_metric = 1.00000
Error = :4.63e-02; Runtime: 50.5s; Iterations = 2080, grads =   6.006e-07, unitary_metric = 1.00000
Error = :4.62e-02; Runtime: 51.0s; Iterations = 2100, grads =   5.162e-07, unitary_metric = 1.00000
Error = :4.61e-02; Runtime: 51.6s; Iterations = 2120, grads =   4.580e-07, unitary_metric = 1.00000
Error = :4.61e-02; Runtime: 52.0s; Iterations = 2140, grads =   4.135e-07, unitary_metric = 1.00000
Error = :4.60e-02; Runtime: 52.5s; Iterations = 2160, grads =   3.779e-07, unitary_metric = 1.00000
Error = :4.60e-02; Runtime: 52.9s; Iterations = 2180, grads =   3.483e-07, unitary_metric = 1.00000
Error = :4.59e-02; Runtime: 53.4s; Iterations = 2200, grads =   3.232e-07, unitary_metric = 1.00000
Error = :4.59e-02; Runtime: 54.0s; Iterations = 2220, grads =   3.015e-07, unitary_metric = 1.00000
Error = :4.59e-02; Runtime: 54.4s; Iterations = 2240, grads =   2.826e-07, unitary_metric = 1.00000
Error = :4.58e-02; Runtime: 54.9s; Iterations = 2260, grads =   2.657e-07, unitary_metric = 1.00000
Error = :4.58e-02; Runtime: 55.4s; Iterations = 2280, grads =   2.507e-07, unitary_metric = 1.00000
Error = :4.58e-02; Runtime: 55.8s; Iterations = 2300, grads =   2.372e-07, unitary_metric = 1.00000
Error = :4.57e-02; Runtime: 56.4s; Iterations = 2320, grads =   2.251e-07, unitary_metric = 1.00000
Error = :4.57e-02; Runtime: 56.8s; Iterations = 2340, grads =   2.140e-07, unitary_metric = 1.00000
Error = :4.57e-02; Runtime: 57.3s; Iterations = 2360, grads =   2.040e-07, unitary_metric = 1.00000
Error = :4.56e-02; Runtime: 57.8s; Iterations = 2380, grads =   1.949e-07, unitary_metric = 1.00000
Error = :4.56e-02; Runtime: 58.2s; Iterations = 2400, grads =   1.865e-07, unitary_metric = 1.00000
Error = :4.56e-02; Runtime: 58.8s; Iterations = 2420, grads =   1.788e-07, unitary_metric = 1.00000
Error = :4.56e-02; Runtime: 59.2s; Iterations = 2440, grads =   1.718e-07, unitary_metric = 1.00000
Error = :4.56e-02; Runtime: 59.7s; Iterations = 2460, grads =   1.653e-07, unitary_metric = 1.00000
Error = :4.55e-02; Runtime: 60.2s; Iterations = 2480, grads =   1.593e-07, unitary_metric = 1.00000
Error = :4.55e-02; Runtime: 60.6s; Iterations = 2500, grads =   1.537e-07, unitary_metric = 1.00000
Error = :4.55e-02; Runtime: 61.2s; Iterations = 2520, grads =   1.486e-07, unitary_metric = 1.00000
Error = :4.55e-02; Runtime: 61.6s; Iterations = 2540, grads =   1.438e-07, unitary_metric = 1.00000
Error = :4.55e-02; Runtime: 62.1s; Iterations = 2560, grads =   1.394e-07, unitary_metric = 1.00000
Error = :4.54e-02; Runtime: 62.6s; Iterations = 2580, grads =   1.352e-07, unitary_metric = 1.00000
Error = :4.54e-02; Runtime: 63.0s; Iterations = 2600, grads =   1.314e-07, unitary_metric = 1.00000
Error = :4.54e-02; Runtime: 63.6s; Iterations = 2620, grads =   1.278e-07, unitary_metric = 1.00000
Error = :4.54e-02; Runtime: 64.1s; Iterations = 2640, grads =   1.245e-07, unitary_metric = 1.00000
Error = :4.54e-02; Runtime: 64.5s; Iterations = 2660, grads =   1.225e-07, unitary_metric = 1.00000
Error = :4.54e-02; Runtime: 65.0s; Iterations = 2680, grads =   1.408e-07, unitary_metric = 1.00000
Error = :4.53e-02; Runtime: 65.4s; Iterations = 2700, grads =   3.295e-07, unitary_metric = 1.00000
Error = :4.51e-02; Runtime: 66.0s; Iterations = 2720, grads =   7.867e-07, unitary_metric = 1.00000
Error = :4.48e-02; Runtime: 66.5s; Iterations = 2740, grads =   1.165e-06, unitary_metric = 1.00000
Error = :4.46e-02; Runtime: 66.9s; Iterations = 2760, grads =   1.259e-06, unitary_metric = 1.00000
Error = :4.43e-02; Runtime: 67.4s; Iterations = 2780, grads =   1.108e-06, unitary_metric = 1.00000
Error = :4.41e-02; Runtime: 67.9s; Iterations = 2800, grads =   8.597e-07, unitary_metric = 1.00000
Error = :4.39e-02; Runtime: 68.4s; Iterations = 2820, grads =   6.373e-07, unitary_metric = 1.00000
Error = :4.38e-02; Runtime: 68.9s; Iterations = 2840, grads =   4.832e-07, unitary_metric = 1.00000
Error = :4.37e-02; Runtime: 69.3s; Iterations = 2860, grads =   3.892e-07, unitary_metric = 1.00000
Error = :4.37e-02; Runtime: 69.8s; Iterations = 2880, grads =   3.340e-07, unitary_metric = 1.00000
Error = :4.36e-02; Runtime: 70.3s; Iterations = 2900, grads =   3.007e-07, unitary_metric = 1.00000
Error = :4.36e-02; Runtime: 70.8s; Iterations = 2920, grads =   2.793e-07, unitary_metric = 1.00000
Error = :4.35e-02; Runtime: 71.3s; Iterations = 2940, grads =   2.641e-07, unitary_metric = 1.00000
Error = :4.35e-02; Runtime: 71.7s; Iterations = 2960, grads =   2.524e-07, unitary_metric = 1.00000
Error = :4.35e-02; Runtime: 72.2s; Iterations = 2980, grads =   2.428e-07, unitary_metric = 1.00000
Error = :4.34e-02; Runtime: 72.7s; Iterations = 3000, grads =   2.347e-07, unitary_metric = 1.00000
Error = :4.34e-02; Runtime: 73.2s; Iterations = 3020, grads =   2.275e-07, unitary_metric = 1.00000
Error = :4.34e-02; Runtime: 73.7s; Iterations = 3040, grads =   2.209e-07, unitary_metric = 1.00000
Error = :4.33e-02; Runtime: 74.1s; Iterations = 3060, grads =   2.149e-07, unitary_metric = 1.00000
Error = :4.33e-02; Runtime: 74.6s; Iterations = 3080, grads =   2.092e-07, unitary_metric = 1.00000
Error = :4.33e-02; Runtime: 75.1s; Iterations = 3100, grads =   2.039e-07, unitary_metric = 1.00000
Error = :4.33e-02; Runtime: 75.6s; Iterations = 3120, grads =   1.987e-07, unitary_metric = 1.00000
Error = :4.32e-02; Runtime: 76.1s; Iterations = 3140, grads =   1.938e-07, unitary_metric = 1.00000
Error = :4.32e-02; Runtime: 76.5s; Iterations = 3160, grads =   1.889e-07, unitary_metric = 1.00000
Error = :4.32e-02; Runtime: 77.0s; Iterations = 3180, grads =   1.841e-07, unitary_metric = 1.00000
Error = :4.32e-02; Runtime: 77.5s; Iterations = 3200, grads =   1.794e-07, unitary_metric = 1.00000
Error = :4.31e-02; Runtime: 78.0s; Iterations = 3220, grads =   1.746e-07, unitary_metric = 1.00000
Error = :4.31e-02; Runtime: 78.5s; Iterations = 3240, grads =   1.699e-07, unitary_metric = 1.00000
Error = :4.31e-02; Runtime: 78.9s; Iterations = 3260, grads =   1.651e-07, unitary_metric = 1.00000
Error = :4.30e-02; Runtime: 79.4s; Iterations = 3280, grads =   1.604e-07, unitary_metric = 1.00000
Error = :4.30e-02; Runtime: 79.9s; Iterations = 3300, grads =   1.556e-07, unitary_metric = 1.00000
Error = :4.30e-02; Runtime: 80.4s; Iterations = 3320, grads =   1.508e-07, unitary_metric = 1.00000
Error = :4.30e-02; Runtime: 80.9s; Iterations = 3340, grads =   1.460e-07, unitary_metric = 1.00000
Error = :4.30e-02; Runtime: 81.4s; Iterations = 3360, grads =   1.412e-07, unitary_metric = 1.00000
Error = :4.29e-02; Runtime: 81.8s; Iterations = 3380, grads =   1.364e-07, unitary_metric = 1.00000
Error = :4.29e-02; Runtime: 82.3s; Iterations = 3400, grads =   1.317e-07, unitary_metric = 1.00000
Error = :4.29e-02; Runtime: 82.8s; Iterations = 3420, grads =   1.269e-07, unitary_metric = 1.00000
Error = :4.29e-02; Runtime: 83.3s; Iterations = 3440, grads =   1.223e-07, unitary_metric = 1.00000
Error = :4.28e-02; Runtime: 83.8s; Iterations = 3460, grads =   1.177e-07, unitary_metric = 1.00000
Error = :4.28e-02; Runtime: 84.2s; Iterations = 3480, grads =   1.132e-07, unitary_metric = 1.00000
Error = :4.28e-02; Runtime: 84.7s; Iterations = 3500, grads =   1.089e-07, unitary_metric = 1.00000
Error = :4.28e-02; Runtime: 85.2s; Iterations = 3520, grads =   1.046e-07, unitary_metric = 1.00000
Error = :4.28e-02; Runtime: 85.7s; Iterations = 3540, grads =   1.005e-07, unitary_metric = 1.00000
Error = :4.28e-02; Runtime: 86.2s; Iterations = 3560, grads =   9.646e-08, unitary_metric = 1.00000
Error = :4.27e-02; Runtime: 86.6s; Iterations = 3580, grads =   9.260e-08, unitary_metric = 1.00000
Error = :4.27e-02; Runtime: 87.1s; Iterations = 3600, grads =   8.887e-08, unitary_metric = 1.00000
Error = :4.27e-02; Runtime: 87.7s; Iterations = 3620, grads =   8.529e-08, unitary_metric = 1.00000
Error = :4.27e-02; Runtime: 88.1s; Iterations = 3640, grads =   8.186e-08, unitary_metric = 1.00000
Error = :4.27e-02; Runtime: 88.6s; Iterations = 3660, grads =   7.857e-08, unitary_metric = 1.00000
Error = :4.27e-02; Runtime: 89.0s; Iterations = 3680, grads =   7.543e-08, unitary_metric = 1.00000
Error = :4.27e-02; Runtime: 89.5s; Iterations = 3700, grads =   7.243e-08, unitary_metric = 1.00000
Error = :4.26e-02; Runtime: 90.1s; Iterations = 3720, grads =   6.958e-08, unitary_metric = 1.00000
Error = :4.26e-02; Runtime: 90.5s; Iterations = 3740, grads =   6.686e-08, unitary_metric = 1.00000
Error = :4.26e-02; Runtime: 91.0s; Iterations = 3760, grads =   6.429e-08, unitary_metric = 1.00000
Error = :4.26e-02; Runtime: 91.5s; Iterations = 3780, grads =   6.183e-08, unitary_metric = 1.00000
Error = :4.26e-02; Runtime: 91.9s; Iterations = 3800, grads =   5.951e-08, unitary_metric = 1.00000
Error = :4.26e-02; Runtime: 92.5s; Iterations = 3820, grads =   5.732e-08, unitary_metric = 1.00000
Error = :4.26e-02; Runtime: 92.9s; Iterations = 3840, grads =   5.524e-08, unitary_metric = 1.00000
Error = :4.26e-02; Runtime: 93.4s; Iterations = 3860, grads =   5.325e-08, unitary_metric = 1.00000
Error = :4.26e-02; Runtime: 93.9s; Iterations = 3880, grads =   5.140e-08, unitary_metric = 1.00000
Error = :4.25e-02; Runtime: 94.3s; Iterations = 3900, grads =   4.962e-08, unitary_metric = 1.00000
Error = :4.25e-02; Runtime: 94.9s; Iterations = 3920, grads =   4.797e-08, unitary_metric = 1.00000
Error = :4.25e-02; Runtime: 95.3s; Iterations = 3940, grads =   4.638e-08, unitary_metric = 1.00000
Error = :4.25e-02; Runtime: 95.8s; Iterations = 3960, grads =   4.488e-08, unitary_metric = 1.00000
Error = :4.25e-02; Runtime: 96.3s; Iterations = 3980, grads =   4.347e-08, unitary_metric = 1.00000
Error = :4.25e-02; Runtime: 96.7s; Iterations = 4000, grads =   4.214e-08, unitary_metric = 1.00000
Error = :4.25e-02; Runtime: 97.3s; Iterations = 4020, grads =   4.087e-08, unitary_metric = 1.00000
Error = :4.25e-02; Runtime: 97.8s; Iterations = 4040, grads =   3.967e-08, unitary_metric = 1.00000
Error = :4.25e-02; Runtime: 98.2s; Iterations = 4060, grads =   3.855e-08, unitary_metric = 1.00000
Error = :4.25e-02; Runtime: 98.7s; Iterations = 4080, grads =   3.749e-08, unitary_metric = 1.00000
Error = :4.25e-02; Runtime: 99.2s; Iterations = 4100, grads =   3.733e-08, unitary_metric = 1.00000
Error = :4.24e-02; Runtime: 99.7s; Iterations = 4120, grads =   5.895e-08, unitary_metric = 1.00000
Error = :4.24e-02; Runtime: 100.2s; Iterations = 4140, grads =   1.404e-07, unitary_metric = 1.00000
Error = :4.23e-02; Runtime: 100.7s; Iterations = 4160, grads =   2.333e-07, unitary_metric = 1.00000
Error = :4.22e-02; Runtime: 101.1s; Iterations = 4180, grads =   3.033e-07, unitary_metric = 1.00000
Error = :4.21e-02; Runtime: 101.6s; Iterations = 4200, grads =   3.445e-07, unitary_metric = 1.00000
Error = :4.20e-02; Runtime: 102.1s; Iterations = 4220, grads =   3.621e-07, unitary_metric = 1.00000
Error = :4.19e-02; Runtime: 102.6s; Iterations = 4240, grads =   3.621e-07, unitary_metric = 1.00000
Error = :4.19e-02; Runtime: 103.1s; Iterations = 4260, grads =   3.496e-07, unitary_metric = 1.00000
Error = :4.18e-02; Runtime: 103.5s; Iterations = 4280, grads =   3.287e-07, unitary_metric = 1.00000
Error = :4.18e-02; Runtime: 104.0s; Iterations = 4300, grads =   3.027e-07, unitary_metric = 1.00000
Error = :4.17e-02; Runtime: 104.6s; Iterations = 4320, grads =   2.739e-07, unitary_metric = 1.00000
Error = :4.17e-02; Runtime: 105.0s; Iterations = 4340, grads =   2.446e-07, unitary_metric = 1.00000
Error = :4.16e-02; Runtime: 105.5s; Iterations = 4360, grads =   2.163e-07, unitary_metric = 1.00000
Error = :4.16e-02; Runtime: 105.9s; Iterations = 4380, grads =   1.899e-07, unitary_metric = 1.00000
Error = :4.16e-02; Runtime: 106.4s; Iterations = 4400, grads =   1.663e-07, unitary_metric = 1.00000
Error = :4.15e-02; Runtime: 107.0s; Iterations = 4420, grads =   1.456e-07, unitary_metric = 1.00000
Error = :4.15e-02; Runtime: 107.4s; Iterations = 4440, grads =   1.277e-07, unitary_metric = 1.00000
Error = :4.15e-02; Runtime: 107.9s; Iterations = 4460, grads =   1.127e-07, unitary_metric = 1.00000
Error = :4.15e-02; Runtime: 108.4s; Iterations = 4480, grads =   1.001e-07, unitary_metric = 1.00000
Error = :4.15e-02; Runtime: 108.8s; Iterations = 4500, grads =   8.976e-08, unitary_metric = 1.00000
Error = :4.15e-02; Runtime: 109.4s; Iterations = 4520, grads =   8.125e-08, unitary_metric = 1.00000
Error = :4.15e-02; Runtime: 109.8s; Iterations = 4540, grads =   7.427e-08, unitary_metric = 1.00000
Error = :4.14e-02; Runtime: 110.3s; Iterations = 4560, grads =   6.853e-08, unitary_metric = 1.00000
Error = :4.14e-02; Runtime: 110.8s; Iterations = 4580, grads =   6.386e-08, unitary_metric = 1.00000
Error = :4.14e-02; Runtime: 111.2s; Iterations = 4600, grads =   5.999e-08, unitary_metric = 1.00000
Error = :4.14e-02; Runtime: 111.8s; Iterations = 4620, grads =   5.680e-08, unitary_metric = 1.00000
Error = :4.14e-02; Runtime: 112.2s; Iterations = 4640, grads =   5.412e-08, unitary_metric = 1.00000
Error = :4.14e-02; Runtime: 112.7s; Iterations = 4660, grads =   5.187e-08, unitary_metric = 1.00000
Error = :4.14e-02; Runtime: 113.2s; Iterations = 4680, grads =   4.997e-08, unitary_metric = 1.00000
Error = :4.14e-02; Runtime: 113.6s; Iterations = 4700, grads =   4.835e-08, unitary_metric = 1.00000
Error = :4.14e-02; Runtime: 114.2s; Iterations = 4720, grads =   4.696e-08, unitary_metric = 1.00000
Error = :4.14e-02; Runtime: 114.9s; Iterations = 4740, grads =   4.577e-08, unitary_metric = 1.00000
Error = :4.14e-02; Runtime: 115.4s; Iterations = 4760, grads =   4.474e-08, unitary_metric = 1.00000
Error = :4.14e-02; Runtime: 115.9s; Iterations = 4780, grads =   4.385e-08, unitary_metric = 1.00000
Error = :4.14e-02; Runtime: 116.3s; Iterations = 4800, grads =   4.309e-08, unitary_metric = 1.00000
Error = :4.14e-02; Runtime: 116.9s; Iterations = 4820, grads =   4.245e-08, unitary_metric = 1.00000
Error = :4.13e-02; Runtime: 117.3s; Iterations = 4840, grads =   4.192e-08, unitary_metric = 1.00000
Error = :4.13e-02; Runtime: 117.8s; Iterations = 4860, grads =   4.150e-08, unitary_metric = 1.00000
Error = :4.13e-02; Runtime: 118.3s; Iterations = 4880, grads =   4.114e-08, unitary_metric = 1.00000
Error = :4.13e-02; Runtime: 118.7s; Iterations = 4900, grads =   4.088e-08, unitary_metric = 1.00000
Error = :4.13e-02; Runtime: 119.3s; Iterations = 4920, grads =   4.073e-08, unitary_metric = 1.00000
Error = :4.13e-02; Runtime: 119.8s; Iterations = 4940, grads =   4.063e-08, unitary_metric = 1.00000
Error = :4.13e-02; Runtime: 120.2s; Iterations = 4960, grads =   4.062e-08, unitary_metric = 1.00000
Error = :4.13e-02; Runtime: 120.7s; Iterations = 4980, grads =   4.071e-08, unitary_metric = 1.00000
Error = :4.13e-02; Runtime: 121.1s; Iterations = 5000, grads =   4.087e-08, unitary_metric = 1.00000
Error = :4.13e-02; Runtime: 121.7s; Iterations = 5020, grads =   4.111e-08, unitary_metric = 1.00000
Error = :4.13e-02; Runtime: 122.2s; Iterations = 5040, grads =   4.140e-08, unitary_metric = 1.00000
Error = :4.13e-02; Runtime: 122.6s; Iterations = 5060, grads =   4.175e-08, unitary_metric = 1.00000
Error = :4.13e-02; Runtime: 123.1s; Iterations = 5080, grads =   4.219e-08, unitary_metric = 1.00000
Error = :4.13e-02; Runtime: 123.6s; Iterations = 5100, grads =   4.266e-08, unitary_metric = 1.00000
Error = :4.13e-02; Runtime: 124.1s; Iterations = 5120, grads =   4.319e-08, unitary_metric = 1.00000
Error = :4.13e-02; Runtime: 124.6s; Iterations = 5140, grads =   4.375e-08, unitary_metric = 1.00000
Error = :4.12e-02; Runtime: 125.0s; Iterations = 5160, grads =   4.433e-08, unitary_metric = 1.00000
Error = :4.12e-02; Runtime: 125.5s; Iterations = 5180, grads =   4.493e-08, unitary_metric = 1.00000
Error = :4.12e-02; Runtime: 126.0s; Iterations = 5200, grads =   4.553e-08, unitary_metric = 1.00000
Error = :4.12e-02; Runtime: 126.5s; Iterations = 5220, grads =   4.613e-08, unitary_metric = 1.00000
Error = :4.12e-02; Runtime: 127.0s; Iterations = 5240, grads =   4.671e-08, unitary_metric = 1.00000
Error = :4.12e-02; Runtime: 127.4s; Iterations = 5260, grads =   4.726e-08, unitary_metric = 1.00000
Error = :4.12e-02; Runtime: 127.9s; Iterations = 5280, grads =   4.776e-08, unitary_metric = 1.00000
Error = :4.12e-02; Runtime: 128.4s; Iterations = 5300, grads =   4.819e-08, unitary_metric = 1.00000
Error = :4.12e-02; Runtime: 128.9s; Iterations = 5320, grads =   4.857e-08, unitary_metric = 1.00000
Error = :4.12e-02; Runtime: 129.4s; Iterations = 5340, grads =   4.888e-08, unitary_metric = 1.00000
Error = :4.12e-02; Runtime: 129.9s; Iterations = 5360, grads =   4.911e-08, unitary_metric = 1.00000
Error = :4.12e-02; Runtime: 130.3s; Iterations = 5380, grads =   4.925e-08, unitary_metric = 1.00000
Error = :4.11e-02; Runtime: 130.8s; Iterations = 5400, grads =   4.931e-08, unitary_metric = 1.00000
Error = :4.11e-02; Runtime: 131.3s; Iterations = 5420, grads =   4.929e-08, unitary_metric = 1.00000
Error = :4.11e-02; Runtime: 131.8s; Iterations = 5440, grads =   4.916e-08, unitary_metric = 1.00000
Error = :4.11e-02; Runtime: 132.3s; Iterations = 5460, grads =   4.897e-08, unitary_metric = 1.00000
Error = :4.11e-02; Runtime: 132.7s; Iterations = 5480, grads =   4.869e-08, unitary_metric = 1.00000
Error = :4.11e-02; Runtime: 133.2s; Iterations = 5500, grads =   4.833e-08, unitary_metric = 1.00000
Error = :4.11e-02; Runtime: 133.8s; Iterations = 5520, grads =   4.791e-08, unitary_metric = 1.00000
Error = :4.11e-02; Runtime: 134.2s; Iterations = 5540, grads =   4.743e-08, unitary_metric = 1.00000
Error = :4.11e-02; Runtime: 134.7s; Iterations = 5560, grads =   4.690e-08, unitary_metric = 1.00000
Error = :4.11e-02; Runtime: 135.2s; Iterations = 5580, grads =   4.632e-08, unitary_metric = 1.00000
Error = :4.11e-02; Runtime: 135.6s; Iterations = 5600, grads =   4.569e-08, unitary_metric = 1.00000
Error = :4.10e-02; Runtime: 136.2s; Iterations = 5620, grads =   4.507e-08, unitary_metric = 1.00000
Error = :4.10e-02; Runtime: 136.6s; Iterations = 5640, grads =   4.433e-08, unitary_metric = 1.00000
Error = :4.10e-02; Runtime: 137.1s; Iterations = 5660, grads =   4.363e-08, unitary_metric = 1.00000
Error = :4.10e-02; Runtime: 137.6s; Iterations = 5680, grads =   4.289e-08, unitary_metric = 1.00000
Error = :4.10e-02; Runtime: 138.0s; Iterations = 5700, grads =   4.217e-08, unitary_metric = 1.00000
Error = :4.10e-02; Runtime: 138.6s; Iterations = 5720, grads =   4.141e-08, unitary_metric = 1.00000
Error = :4.10e-02; Runtime: 139.1s; Iterations = 5740, grads =   4.070e-08, unitary_metric = 1.00000
Error = :4.10e-02; Runtime: 139.5s; Iterations = 5760, grads =   3.991e-08, unitary_metric = 1.00000
Error = :4.10e-02; Runtime: 140.0s; Iterations = 5780, grads =   3.918e-08, unitary_metric = 1.00000
Error = :4.10e-02; Runtime: 140.5s; Iterations = 5800, grads =   3.843e-08, unitary_metric = 1.00000
Error = :4.10e-02; Runtime: 141.0s; Iterations = 5820, grads =   3.774e-08, unitary_metric = 1.00000
Error = :4.10e-02; Runtime: 141.5s; Iterations = 5840, grads =   3.696e-08, unitary_metric = 1.00000
Error = :4.10e-02; Runtime: 141.9s; Iterations = 5860, grads =   3.626e-08, unitary_metric = 1.00000
Error = :4.10e-02; Runtime: 142.4s; Iterations = 5880, grads =   3.555e-08, unitary_metric = 1.00000
Error = :4.10e-02; Runtime: 142.9s; Iterations = 5900, grads =   3.485e-08, unitary_metric = 1.00000
Error = :4.09e-02; Runtime: 143.4s; Iterations = 5920, grads =   3.416e-08, unitary_metric = 1.00000
Error = :4.09e-02; Runtime: 143.9s; Iterations = 5940, grads =   3.352e-08, unitary_metric = 1.00000
Error = :4.09e-02; Runtime: 144.4s; Iterations = 5960, grads =   3.285e-08, unitary_metric = 1.00000
Error = :4.09e-02; Runtime: 144.8s; Iterations = 5980, grads =   3.221e-08, unitary_metric = 1.00000
Error = :4.09e-02; Runtime: 145.3s; Iterations = 6000, grads =   3.161e-08, unitary_metric = 1.00000
data saved at: /project/ftchong/qoc/pranav/00021_27_block150.h5


trying total_time: 5.6 for unitary of size (4, 4)
data saved at: /project/ftchong/qoc/pranav/00022_27_block150.h5
Using 6 Taylor terms and 1 Scaling & Squaring terms
Building graph:
Propagators initialized.
Operators weight initialized.
Intermediate propagation variables initialized.
Intermediate propagators initialized.
Vectors initialized.
Training loss initialized.
Optimizer initialized.
Utilities initialized.
Graph built!
Initialized
Error = :8.53e-01; Runtime: 0.2s; Iterations = 0, grads =   1.886e-01, unitary_metric = 1.00000
Error = :5.91e-01; Runtime: 1.1s; Iterations = 20, grads =   4.254e-02, unitary_metric = 1.00000
Error = :4.94e-01; Runtime: 1.8s; Iterations = 40, grads =   7.196e-03, unitary_metric = 1.00000
Error = :4.25e-01; Runtime: 2.5s; Iterations = 60, grads =   4.587e-03, unitary_metric = 1.00000
Error = :1.53e-01; Runtime: 3.2s; Iterations = 80, grads =   3.055e-03, unitary_metric = 1.00000
Error = :2.49e-02; Runtime: 3.9s; Iterations = 100, grads =   5.764e-04, unitary_metric = 1.00000
Error = :3.32e-03; Runtime: 4.7s; Iterations = 120, grads =   6.059e-05, unitary_metric = 1.00000
Error = :9.43e-04; Runtime: 5.2s; Iterations = 135, grads =   1.409e-05, unitary_metric = 1.00000
data saved at: /project/ftchong/qoc/pranav/00022_27_block150.h5


trying total_time: 4.65 for unitary of size (4, 4)
data saved at: /project/ftchong/qoc/pranav/00023_27_block150.h5
Using 6 Taylor terms and 1 Scaling & Squaring terms
Building graph:
Propagators initialized.
Operators weight initialized.
Intermediate propagation variables initialized.
Intermediate propagators initialized.
Vectors initialized.
Training loss initialized.
Optimizer initialized.
Utilities initialized.
Graph built!
Initialized
Error = :7.98e-01; Runtime: 0.1s; Iterations = 0, grads =   1.011e-01, unitary_metric = 1.00000
Error = :5.72e-01; Runtime: 1.0s; Iterations = 20, grads =   1.607e-02, unitary_metric = 1.00000
Error = :5.01e-01; Runtime: 1.5s; Iterations = 40, grads =   8.509e-04, unitary_metric = 1.00000
Error = :4.99e-01; Runtime: 2.1s; Iterations = 60, grads =   6.862e-05, unitary_metric = 1.00000
Error = :4.91e-01; Runtime: 2.7s; Iterations = 80, grads =   1.474e-04, unitary_metric = 1.00000
Error = :4.32e-01; Runtime: 3.2s; Iterations = 100, grads =   3.083e-03, unitary_metric = 1.00000
Error = :1.76e-01; Runtime: 3.9s; Iterations = 120, grads =   2.232e-03, unitary_metric = 1.00000
Error = :4.51e-02; Runtime: 4.5s; Iterations = 140, grads =   3.875e-04, unitary_metric = 1.00000
Error = :1.57e-02; Runtime: 5.1s; Iterations = 160, grads =   8.177e-05, unitary_metric = 1.00000
Error = :7.61e-03; Runtime: 5.7s; Iterations = 180, grads =   2.788e-05, unitary_metric = 1.00000
Error = :4.41e-03; Runtime: 6.2s; Iterations = 200, grads =   1.161e-05, unitary_metric = 1.00000
Error = :2.83e-03; Runtime: 7.1s; Iterations = 220, grads =   6.095e-06, unitary_metric = 1.00000
Error = :1.94e-03; Runtime: 7.6s; Iterations = 240, grads =   3.598e-06, unitary_metric = 1.00000
Error = :1.39e-03; Runtime: 8.2s; Iterations = 260, grads =   2.264e-06, unitary_metric = 1.00000
Error = :1.03e-03; Runtime: 8.8s; Iterations = 280, grads =   1.503e-06, unitary_metric = 1.00000
Error = :9.92e-04; Runtime: 8.9s; Iterations = 283, grads =   1.418e-06, unitary_metric = 1.00000
data saved at: /project/ftchong/qoc/pranav/00023_27_block150.h5


trying total_time: 4.2 for unitary of size (4, 4)
data saved at: /project/ftchong/qoc/pranav/00024_27_block150.h5
Using 6 Taylor terms and 1 Scaling & Squaring terms
Building graph:
Propagators initialized.
Operators weight initialized.
Intermediate propagation variables initialized.
Intermediate propagators initialized.
Vectors initialized.
Training loss initialized.
Optimizer initialized.
Utilities initialized.
Graph built!
Initialized
Error = :9.37e-01; Runtime: 0.1s; Iterations = 0, grads =   8.572e-02, unitary_metric = 1.00000
Error = :7.44e-01; Runtime: 0.9s; Iterations = 20, grads =   9.457e-03, unitary_metric = 1.00000
Error = :6.41e-01; Runtime: 1.4s; Iterations = 40, grads =   1.007e-02, unitary_metric = 1.00000
Error = :4.62e-01; Runtime: 1.9s; Iterations = 60, grads =   1.890e-03, unitary_metric = 1.00000
Error = :3.13e-01; Runtime: 2.4s; Iterations = 80, grads =   6.343e-03, unitary_metric = 1.00000
Error = :1.37e-01; Runtime: 2.9s; Iterations = 100, grads =   1.923e-03, unitary_metric = 1.00000
Error = :6.29e-02; Runtime: 3.5s; Iterations = 120, grads =   4.842e-04, unitary_metric = 1.00000
Error = :3.81e-02; Runtime: 4.1s; Iterations = 140, grads =   2.253e-04, unitary_metric = 1.00000
Error = :2.62e-02; Runtime: 4.6s; Iterations = 160, grads =   1.148e-04, unitary_metric = 1.00000
Error = :1.95e-02; Runtime: 5.1s; Iterations = 180, grads =   6.864e-05, unitary_metric = 1.00000
Error = :1.53e-02; Runtime: 5.6s; Iterations = 200, grads =   4.494e-05, unitary_metric = 1.00000
Error = :1.26e-02; Runtime: 6.2s; Iterations = 220, grads =   2.977e-05, unitary_metric = 1.00000
Error = :1.07e-02; Runtime: 6.8s; Iterations = 240, grads =   2.043e-05, unitary_metric = 1.00000
Error = :9.30e-03; Runtime: 7.3s; Iterations = 260, grads =   1.455e-05, unitary_metric = 1.00000
Error = :8.31e-03; Runtime: 7.8s; Iterations = 280, grads =   1.073e-05, unitary_metric = 1.00000
Error = :7.56e-03; Runtime: 8.3s; Iterations = 300, grads =   8.152e-06, unitary_metric = 1.00000
Error = :6.98e-03; Runtime: 8.9s; Iterations = 320, grads =   6.367e-06, unitary_metric = 1.00000
Error = :6.52e-03; Runtime: 9.8s; Iterations = 340, grads =   5.092e-06, unitary_metric = 1.00000
Error = :6.14e-03; Runtime: 10.3s; Iterations = 360, grads =   4.152e-06, unitary_metric = 1.00000
Error = :5.83e-03; Runtime: 10.8s; Iterations = 380, grads =   3.445e-06, unitary_metric = 1.00000
Error = :5.58e-03; Runtime: 11.3s; Iterations = 400, grads =   2.901e-06, unitary_metric = 1.00000
Error = :5.36e-03; Runtime: 12.0s; Iterations = 420, grads =   2.475e-06, unitary_metric = 1.00000
Error = :5.18e-03; Runtime: 12.5s; Iterations = 440, grads =   2.138e-06, unitary_metric = 1.00000
Error = :5.02e-03; Runtime: 13.0s; Iterations = 460, grads =   1.869e-06, unitary_metric = 1.00000
Error = :4.89e-03; Runtime: 13.5s; Iterations = 480, grads =   1.654e-06, unitary_metric = 1.00000
Error = :4.77e-03; Runtime: 14.0s; Iterations = 500, grads =   1.484e-06, unitary_metric = 1.00000
Error = :4.67e-03; Runtime: 14.6s; Iterations = 520, grads =   1.349e-06, unitary_metric = 1.00000
Error = :4.58e-03; Runtime: 15.2s; Iterations = 540, grads =   1.246e-06, unitary_metric = 1.00000
Error = :4.49e-03; Runtime: 15.7s; Iterations = 560, grads =   1.169e-06, unitary_metric = 1.00000
Error = :4.42e-03; Runtime: 16.2s; Iterations = 580, grads =   1.117e-06, unitary_metric = 1.00000
Error = :4.34e-03; Runtime: 16.7s; Iterations = 600, grads =   1.084e-06, unitary_metric = 1.00000
Error = :4.26e-03; Runtime: 17.3s; Iterations = 620, grads =   1.063e-06, unitary_metric = 1.00000
Error = :4.18e-03; Runtime: 17.8s; Iterations = 640, grads =   1.048e-06, unitary_metric = 1.00000
Error = :4.10e-03; Runtime: 18.4s; Iterations = 660, grads =   1.032e-06, unitary_metric = 1.00000
Error = :4.02e-03; Runtime: 18.9s; Iterations = 680, grads =   1.008e-06, unitary_metric = 1.00000
Error = :3.93e-03; Runtime: 19.4s; Iterations = 700, grads =   9.733e-07, unitary_metric = 1.00000
Error = :3.85e-03; Runtime: 20.0s; Iterations = 720, grads =   9.269e-07, unitary_metric = 1.00000
Error = :3.76e-03; Runtime: 20.5s; Iterations = 740, grads =   8.709e-07, unitary_metric = 1.00000
Error = :3.69e-03; Runtime: 21.1s; Iterations = 760, grads =   8.088e-07, unitary_metric = 1.00000
Error = :3.62e-03; Runtime: 21.6s; Iterations = 780, grads =   7.445e-07, unitary_metric = 1.00000
Error = :3.55e-03; Runtime: 22.1s; Iterations = 800, grads =   6.819e-07, unitary_metric = 1.00000
Error = :3.49e-03; Runtime: 22.7s; Iterations = 820, grads =   6.232e-07, unitary_metric = 1.00000
Error = :3.44e-03; Runtime: 23.2s; Iterations = 840, grads =   5.699e-07, unitary_metric = 1.00000
Error = :3.39e-03; Runtime: 23.7s; Iterations = 860, grads =   5.223e-07, unitary_metric = 1.00000
Error = :3.34e-03; Runtime: 24.3s; Iterations = 880, grads =   4.801e-07, unitary_metric = 1.00000
Error = :3.30e-03; Runtime: 24.8s; Iterations = 900, grads =   4.428e-07, unitary_metric = 1.00000
Error = :3.26e-03; Runtime: 25.4s; Iterations = 920, grads =   4.096e-07, unitary_metric = 1.00000
Error = :3.22e-03; Runtime: 25.9s; Iterations = 940, grads =   3.801e-07, unitary_metric = 1.00000
Error = :3.19e-03; Runtime: 26.4s; Iterations = 960, grads =   3.537e-07, unitary_metric = 1.00000
Error = :3.16e-03; Runtime: 26.9s; Iterations = 980, grads =   3.298e-07, unitary_metric = 1.00000
Error = :3.13e-03; Runtime: 27.5s; Iterations = 1000, grads =   3.082e-07, unitary_metric = 1.00000
Error = :3.10e-03; Runtime: 28.1s; Iterations = 1020, grads =   2.886e-07, unitary_metric = 1.00000
Error = :3.08e-03; Runtime: 28.6s; Iterations = 1040, grads =   2.707e-07, unitary_metric = 1.00000
Error = :3.05e-03; Runtime: 29.1s; Iterations = 1060, grads =   2.542e-07, unitary_metric = 1.00000
Error = :3.03e-03; Runtime: 29.6s; Iterations = 1080, grads =   2.392e-07, unitary_metric = 1.00000
Error = :3.01e-03; Runtime: 30.1s; Iterations = 1100, grads =   2.254e-07, unitary_metric = 1.00000
Error = :2.99e-03; Runtime: 30.7s; Iterations = 1120, grads =   2.127e-07, unitary_metric = 1.00000
Error = :2.97e-03; Runtime: 31.3s; Iterations = 1140, grads =   2.009e-07, unitary_metric = 1.00000
Error = :2.95e-03; Runtime: 31.8s; Iterations = 1160, grads =   1.901e-07, unitary_metric = 1.00000
Error = :2.93e-03; Runtime: 32.3s; Iterations = 1180, grads =   1.801e-07, unitary_metric = 1.00000
Error = :2.91e-03; Runtime: 32.8s; Iterations = 1200, grads =   1.707e-07, unitary_metric = 1.00000
Error = :2.90e-03; Runtime: 33.4s; Iterations = 1220, grads =   1.621e-07, unitary_metric = 1.00000
Error = :2.88e-03; Runtime: 33.9s; Iterations = 1240, grads =   1.541e-07, unitary_metric = 1.00000
Error = :2.87e-03; Runtime: 34.5s; Iterations = 1260, grads =   1.467e-07, unitary_metric = 1.00000
Error = :2.85e-03; Runtime: 35.0s; Iterations = 1280, grads =   1.398e-07, unitary_metric = 1.00000
Error = :2.84e-03; Runtime: 35.5s; Iterations = 1300, grads =   1.334e-07, unitary_metric = 1.00000
Error = :2.83e-03; Runtime: 36.1s; Iterations = 1320, grads =   1.274e-07, unitary_metric = 1.00000
Error = :2.81e-03; Runtime: 36.6s; Iterations = 1340, grads =   1.219e-07, unitary_metric = 1.00000
Error = :2.80e-03; Runtime: 37.2s; Iterations = 1360, grads =   1.167e-07, unitary_metric = 1.00000
Error = :2.79e-03; Runtime: 37.7s; Iterations = 1380, grads =   1.119e-07, unitary_metric = 1.00000
Error = :2.78e-03; Runtime: 38.2s; Iterations = 1400, grads =   1.076e-07, unitary_metric = 1.00000
Error = :2.77e-03; Runtime: 38.8s; Iterations = 1420, grads =   1.035e-07, unitary_metric = 1.00000
Error = :2.76e-03; Runtime: 39.3s; Iterations = 1440, grads =   9.989e-08, unitary_metric = 1.00000
Error = :2.75e-03; Runtime: 39.9s; Iterations = 1460, grads =   9.663e-08, unitary_metric = 1.00000
Error = :2.74e-03; Runtime: 40.4s; Iterations = 1480, grads =   9.378e-08, unitary_metric = 1.00000
Error = :2.73e-03; Runtime: 40.9s; Iterations = 1500, grads =   9.134e-08, unitary_metric = 1.00000
Error = :2.72e-03; Runtime: 41.5s; Iterations = 1520, grads =   8.940e-08, unitary_metric = 1.00000
Error = :2.71e-03; Runtime: 42.0s; Iterations = 1540, grads =   8.799e-08, unitary_metric = 1.00000
Error = :2.71e-03; Runtime: 42.5s; Iterations = 1560, grads =   8.715e-08, unitary_metric = 1.00000
Error = :2.70e-03; Runtime: 43.1s; Iterations = 1580, grads =   8.691e-08, unitary_metric = 1.00000
Error = :2.69e-03; Runtime: 43.6s; Iterations = 1600, grads =   8.728e-08, unitary_metric = 1.00000
Error = :2.68e-03; Runtime: 44.2s; Iterations = 1620, grads =   8.818e-08, unitary_metric = 1.00000
Error = :2.67e-03; Runtime: 44.7s; Iterations = 1640, grads =   8.964e-08, unitary_metric = 1.00000
Error = :2.66e-03; Runtime: 45.2s; Iterations = 1660, grads =   9.132e-08, unitary_metric = 1.00000
Error = :2.65e-03; Runtime: 45.7s; Iterations = 1680, grads =   9.314e-08, unitary_metric = 1.00000
Error = :2.64e-03; Runtime: 46.3s; Iterations = 1700, grads =   9.469e-08, unitary_metric = 1.00000
Error = :2.63e-03; Runtime: 46.9s; Iterations = 1720, grads =   9.574e-08, unitary_metric = 1.00000
Error = :2.62e-03; Runtime: 47.4s; Iterations = 1740, grads =   9.612e-08, unitary_metric = 1.00000
Error = :2.60e-03; Runtime: 47.9s; Iterations = 1760, grads =   9.558e-08, unitary_metric = 1.00000
Error = :2.59e-03; Runtime: 48.4s; Iterations = 1780, grads =   9.413e-08, unitary_metric = 1.00000
Error = :2.57e-03; Runtime: 49.0s; Iterations = 1800, grads =   9.188e-08, unitary_metric = 1.00000
Error = :2.56e-03; Runtime: 49.6s; Iterations = 1820, grads =   8.898e-08, unitary_metric = 1.00000
Error = :2.55e-03; Runtime: 50.1s; Iterations = 1840, grads =   8.565e-08, unitary_metric = 1.00000
Error = :2.53e-03; Runtime: 50.6s; Iterations = 1860, grads =   8.208e-08, unitary_metric = 1.00000
Error = :2.52e-03; Runtime: 51.1s; Iterations = 1880, grads =   7.844e-08, unitary_metric = 1.00000
Error = :2.51e-03; Runtime: 51.7s; Iterations = 1900, grads =   7.488e-08, unitary_metric = 1.00000
Error = :2.50e-03; Runtime: 52.3s; Iterations = 1920, grads =   7.146e-08, unitary_metric = 1.00000
Error = :2.49e-03; Runtime: 52.8s; Iterations = 1940, grads =   6.823e-08, unitary_metric = 1.00000
Error = :2.48e-03; Runtime: 53.3s; Iterations = 1960, grads =   6.523e-08, unitary_metric = 1.00000
Error = :2.47e-03; Runtime: 53.9s; Iterations = 1980, grads =   6.244e-08, unitary_metric = 1.00000
Error = :2.46e-03; Runtime: 54.4s; Iterations = 2000, grads =   5.986e-08, unitary_metric = 1.00000
Error = :2.45e-03; Runtime: 55.0s; Iterations = 2020, grads =   5.749e-08, unitary_metric = 1.00000
Error = :2.45e-03; Runtime: 55.5s; Iterations = 2040, grads =   5.528e-08, unitary_metric = 1.00000
Error = :2.44e-03; Runtime: 56.0s; Iterations = 2060, grads =   5.324e-08, unitary_metric = 1.00000
Error = :2.43e-03; Runtime: 56.5s; Iterations = 2080, grads =   5.133e-08, unitary_metric = 1.00000
Error = :2.42e-03; Runtime: 57.1s; Iterations = 2100, grads =   4.953e-08, unitary_metric = 1.00000
Error = :2.42e-03; Runtime: 57.7s; Iterations = 2120, grads =   4.786e-08, unitary_metric = 1.00000
Error = :2.41e-03; Runtime: 58.2s; Iterations = 2140, grads =   4.629e-08, unitary_metric = 1.00000
Error = :2.40e-03; Runtime: 58.7s; Iterations = 2160, grads =   4.481e-08, unitary_metric = 1.00000
Error = :2.40e-03; Runtime: 59.2s; Iterations = 2180, grads =   4.340e-08, unitary_metric = 1.00000
Error = :2.39e-03; Runtime: 59.8s; Iterations = 2200, grads =   4.208e-08, unitary_metric = 1.00000
Error = :2.39e-03; Runtime: 60.4s; Iterations = 2220, grads =   4.082e-08, unitary_metric = 1.00000
Error = :2.38e-03; Runtime: 60.9s; Iterations = 2240, grads =   3.962e-08, unitary_metric = 1.00000
Error = :2.37e-03; Runtime: 61.4s; Iterations = 2260, grads =   3.849e-08, unitary_metric = 1.00000
Error = :2.37e-03; Runtime: 61.9s; Iterations = 2280, grads =   3.738e-08, unitary_metric = 1.00000
Error = :2.36e-03; Runtime: 62.5s; Iterations = 2300, grads =   3.635e-08, unitary_metric = 1.00000
Error = :2.36e-03; Runtime: 63.1s; Iterations = 2320, grads =   3.537e-08, unitary_metric = 1.00000
Error = :2.35e-03; Runtime: 63.6s; Iterations = 2340, grads =   3.440e-08, unitary_metric = 1.00000
Error = :2.35e-03; Runtime: 64.1s; Iterations = 2360, grads =   3.349e-08, unitary_metric = 1.00000
Error = :2.34e-03; Runtime: 64.6s; Iterations = 2380, grads =   3.263e-08, unitary_metric = 1.00000
Error = :2.34e-03; Runtime: 65.2s; Iterations = 2400, grads =   3.179e-08, unitary_metric = 1.00000
Error = :2.33e-03; Runtime: 65.8s; Iterations = 2420, grads =   3.097e-08, unitary_metric = 1.00000
Error = :2.33e-03; Runtime: 66.3s; Iterations = 2440, grads =   3.021e-08, unitary_metric = 1.00000
Error = :2.33e-03; Runtime: 66.8s; Iterations = 2460, grads =   2.945e-08, unitary_metric = 1.00000
Error = :2.32e-03; Runtime: 67.3s; Iterations = 2480, grads =   2.874e-08, unitary_metric = 1.00000
Error = :2.32e-03; Runtime: 67.9s; Iterations = 2500, grads =   2.804e-08, unitary_metric = 1.00000
Error = :2.31e-03; Runtime: 68.5s; Iterations = 2520, grads =   2.738e-08, unitary_metric = 1.00000
Error = :2.31e-03; Runtime: 69.0s; Iterations = 2540, grads =   2.674e-08, unitary_metric = 1.00000
Error = :2.31e-03; Runtime: 69.5s; Iterations = 2560, grads =   2.611e-08, unitary_metric = 1.00000
Error = :2.30e-03; Runtime: 70.1s; Iterations = 2580, grads =   2.551e-08, unitary_metric = 1.00000
Error = :2.30e-03; Runtime: 70.6s; Iterations = 2600, grads =   2.493e-08, unitary_metric = 1.00000
Error = :2.30e-03; Runtime: 71.3s; Iterations = 2620, grads =   2.438e-08, unitary_metric = 1.00000
Error = :2.29e-03; Runtime: 71.8s; Iterations = 2640, grads =   2.383e-08, unitary_metric = 1.00000
Error = :2.29e-03; Runtime: 72.3s; Iterations = 2660, grads =   2.332e-08, unitary_metric = 1.00000
Error = :2.29e-03; Runtime: 72.8s; Iterations = 2680, grads =   2.281e-08, unitary_metric = 1.00000
Error = :2.28e-03; Runtime: 73.4s; Iterations = 2700, grads =   2.231e-08, unitary_metric = 1.00000
Error = :2.28e-03; Runtime: 74.0s; Iterations = 2720, grads =   2.184e-08, unitary_metric = 1.00000
Error = :2.27e-03; Runtime: 74.5s; Iterations = 2740, grads =   2.137e-08, unitary_metric = 1.00000
Error = :2.27e-03; Runtime: 75.0s; Iterations = 2760, grads =   2.093e-08, unitary_metric = 1.00000
Error = :2.27e-03; Runtime: 75.6s; Iterations = 2780, grads =   2.049e-08, unitary_metric = 1.00000
Error = :2.27e-03; Runtime: 76.1s; Iterations = 2800, grads =   2.007e-08, unitary_metric = 1.00000
Error = :2.27e-03; Runtime: 76.7s; Iterations = 2820, grads =   1.967e-08, unitary_metric = 1.00000
Error = :2.26e-03; Runtime: 77.2s; Iterations = 2840, grads =   1.927e-08, unitary_metric = 1.00000
Error = :2.26e-03; Runtime: 77.7s; Iterations = 2860, grads =   1.889e-08, unitary_metric = 1.00000
Error = :2.26e-03; Runtime: 78.3s; Iterations = 2880, grads =   1.852e-08, unitary_metric = 1.00000
Error = :2.25e-03; Runtime: 78.8s; Iterations = 2900, grads =   1.816e-08, unitary_metric = 1.00000
Error = :2.25e-03; Runtime: 79.4s; Iterations = 2920, grads =   1.781e-08, unitary_metric = 1.00000
Error = :2.25e-03; Runtime: 79.9s; Iterations = 2940, grads =   1.748e-08, unitary_metric = 1.00000
Error = :2.25e-03; Runtime: 80.4s; Iterations = 2960, grads =   1.714e-08, unitary_metric = 1.00000
Error = :2.24e-03; Runtime: 81.0s; Iterations = 2980, grads =   1.683e-08, unitary_metric = 1.00000
Error = :2.24e-03; Runtime: 81.5s; Iterations = 3000, grads =   1.651e-08, unitary_metric = 1.00000
Error = :2.24e-03; Runtime: 82.1s; Iterations = 3020, grads =   1.620e-08, unitary_metric = 1.00000
Error = :2.24e-03; Runtime: 82.6s; Iterations = 3040, grads =   1.591e-08, unitary_metric = 1.00000
Error = :2.23e-03; Runtime: 83.1s; Iterations = 3060, grads =   1.562e-08, unitary_metric = 1.00000
Error = :2.23e-03; Runtime: 83.7s; Iterations = 3080, grads =   1.534e-08, unitary_metric = 1.00000
Error = :2.23e-03; Runtime: 84.2s; Iterations = 3100, grads =   1.509e-08, unitary_metric = 1.00000
Error = :2.23e-03; Runtime: 84.8s; Iterations = 3120, grads =   1.481e-08, unitary_metric = 1.00000
Error = :2.22e-03; Runtime: 85.3s; Iterations = 3140, grads =   1.454e-08, unitary_metric = 1.00000
Error = :2.22e-03; Runtime: 85.9s; Iterations = 3160, grads =   1.430e-08, unitary_metric = 1.00000
Error = :2.22e-03; Runtime: 86.4s; Iterations = 3180, grads =   1.405e-08, unitary_metric = 1.00000
Error = :2.22e-03; Runtime: 86.9s; Iterations = 3200, grads =   1.381e-08, unitary_metric = 1.00000
Error = :2.22e-03; Runtime: 87.5s; Iterations = 3220, grads =   1.357e-08, unitary_metric = 1.00000
Error = :2.21e-03; Runtime: 88.0s; Iterations = 3240, grads =   1.335e-08, unitary_metric = 1.00000
Error = :2.21e-03; Runtime: 88.5s; Iterations = 3260, grads =   1.314e-08, unitary_metric = 1.00000
Error = :2.21e-03; Runtime: 89.1s; Iterations = 3280, grads =   1.292e-08, unitary_metric = 1.00000
Error = :2.21e-03; Runtime: 89.6s; Iterations = 3300, grads =   1.270e-08, unitary_metric = 1.00000
Error = :2.21e-03; Runtime: 90.2s; Iterations = 3320, grads =   1.249e-08, unitary_metric = 1.00000
Error = :2.20e-03; Runtime: 90.7s; Iterations = 3340, grads =   1.228e-08, unitary_metric = 1.00000
Error = :2.20e-03; Runtime: 91.3s; Iterations = 3360, grads =   1.208e-08, unitary_metric = 1.00000
Error = :2.20e-03; Runtime: 91.8s; Iterations = 3380, grads =   1.189e-08, unitary_metric = 1.00000
Error = :2.20e-03; Runtime: 92.3s; Iterations = 3400, grads =   1.171e-08, unitary_metric = 1.00000
Error = :2.20e-03; Runtime: 92.9s; Iterations = 3420, grads =   1.152e-08, unitary_metric = 1.00000
Error = :2.20e-03; Runtime: 93.4s; Iterations = 3440, grads =   1.134e-08, unitary_metric = 1.00000
Error = :2.20e-03; Runtime: 94.0s; Iterations = 3460, grads =   1.117e-08, unitary_metric = 1.00000
Error = :2.19e-03; Runtime: 94.6s; Iterations = 3480, grads =   1.098e-08, unitary_metric = 1.00000
Error = :2.19e-03; Runtime: 95.1s; Iterations = 3500, grads =   1.082e-08, unitary_metric = 1.00000
Error = :2.19e-03; Runtime: 95.7s; Iterations = 3520, grads =   1.065e-08, unitary_metric = 1.00000
Error = :2.19e-03; Runtime: 96.2s; Iterations = 3540, grads =   1.051e-08, unitary_metric = 1.00000
Error = :2.19e-03; Runtime: 96.7s; Iterations = 3560, grads =   1.033e-08, unitary_metric = 1.00000
Error = :2.19e-03; Runtime: 97.3s; Iterations = 3580, grads =   1.017e-08, unitary_metric = 1.00000
Error = :2.19e-03; Runtime: 97.8s; Iterations = 3600, grads =   1.002e-08, unitary_metric = 1.00000
Error = :2.18e-03; Runtime: 98.4s; Iterations = 3620, grads =   9.866e-09, unitary_metric = 1.00000
Error = :2.18e-03; Runtime: 98.9s; Iterations = 3640, grads =   9.735e-09, unitary_metric = 1.00000
Error = :2.18e-03; Runtime: 99.4s; Iterations = 3660, grads =   9.579e-09, unitary_metric = 1.00000
Error = :2.18e-03; Runtime: 100.0s; Iterations = 3680, grads =   9.447e-09, unitary_metric = 1.00000
Error = :2.18e-03; Runtime: 100.5s; Iterations = 3700, grads =   9.294e-09, unitary_metric = 1.00000
Error = :2.18e-03; Runtime: 101.1s; Iterations = 3720, grads =   9.185e-09, unitary_metric = 1.00000
Error = :2.18e-03; Runtime: 101.6s; Iterations = 3740, grads =   9.034e-09, unitary_metric = 1.00000
Error = :2.18e-03; Runtime: 102.2s; Iterations = 3760, grads =   8.899e-09, unitary_metric = 1.00000
Error = :2.17e-03; Runtime: 102.7s; Iterations = 3780, grads =   8.769e-09, unitary_metric = 1.00000
Error = :2.17e-03; Runtime: 103.2s; Iterations = 3800, grads =   8.648e-09, unitary_metric = 1.00000
Error = :2.17e-03; Runtime: 103.8s; Iterations = 3820, grads =   8.515e-09, unitary_metric = 1.00000
Error = :2.17e-03; Runtime: 104.4s; Iterations = 3840, grads =   8.402e-09, unitary_metric = 1.00000
Error = :2.17e-03; Runtime: 104.9s; Iterations = 3860, grads =   8.288e-09, unitary_metric = 1.00000
Error = :2.17e-03; Runtime: 105.4s; Iterations = 3880, grads =   8.194e-09, unitary_metric = 1.00000
Error = :2.17e-03; Runtime: 105.9s; Iterations = 3900, grads =   8.047e-09, unitary_metric = 1.00000
Error = :2.17e-03; Runtime: 106.5s; Iterations = 3920, grads =   7.957e-09, unitary_metric = 1.00000
Error = :2.17e-03; Runtime: 107.0s; Iterations = 3940, grads =   7.822e-09, unitary_metric = 1.00000
Error = :2.16e-03; Runtime: 107.6s; Iterations = 3960, grads =   7.703e-09, unitary_metric = 1.00000
Error = :2.16e-03; Runtime: 108.1s; Iterations = 3980, grads =   7.607e-09, unitary_metric = 1.00000
Error = :2.16e-03; Runtime: 108.6s; Iterations = 4000, grads =   7.517e-09, unitary_metric = 1.00000
Error = :2.16e-03; Runtime: 109.2s; Iterations = 4020, grads =   7.402e-09, unitary_metric = 1.00000
Error = :2.16e-03; Runtime: 109.7s; Iterations = 4040, grads =   7.283e-09, unitary_metric = 1.00000
Error = :2.16e-03; Runtime: 110.3s; Iterations = 4060, grads =   7.189e-09, unitary_metric = 1.00000
Error = :2.16e-03; Runtime: 110.8s; Iterations = 4080, grads =   7.088e-09, unitary_metric = 1.00000
Error = :2.16e-03; Runtime: 111.3s; Iterations = 4100, grads =   6.996e-09, unitary_metric = 1.00000
Error = :2.16e-03; Runtime: 111.9s; Iterations = 4120, grads =   6.888e-09, unitary_metric = 1.00000
Error = :2.16e-03; Runtime: 112.5s; Iterations = 4140, grads =   6.814e-09, unitary_metric = 1.00000
Error = :2.16e-03; Runtime: 113.0s; Iterations = 4160, grads =   6.694e-09, unitary_metric = 1.00000
Error = :2.15e-03; Runtime: 113.5s; Iterations = 4180, grads =   6.608e-09, unitary_metric = 1.00000
Error = :2.15e-03; Runtime: 114.0s; Iterations = 4200, grads =   6.524e-09, unitary_metric = 1.00000
Error = :2.15e-03; Runtime: 114.6s; Iterations = 4220, grads =   6.437e-09, unitary_metric = 1.00000
Error = :2.15e-03; Runtime: 115.3s; Iterations = 4240, grads =   6.342e-09, unitary_metric = 1.00000
Error = :2.15e-03; Runtime: 115.8s; Iterations = 4260, grads =   6.259e-09, unitary_metric = 1.00000
Error = :2.15e-03; Runtime: 116.4s; Iterations = 4280, grads =   6.185e-09, unitary_metric = 1.00000
Error = :2.15e-03; Runtime: 116.9s; Iterations = 4300, grads =   6.100e-09, unitary_metric = 1.00000
Error = :2.15e-03; Runtime: 117.5s; Iterations = 4320, grads =   6.000e-09, unitary_metric = 1.00000
Error = :2.15e-03; Runtime: 118.0s; Iterations = 4340, grads =   5.925e-09, unitary_metric = 1.00000
Error = :2.15e-03; Runtime: 118.5s; Iterations = 4360, grads =   5.848e-09, unitary_metric = 1.00000
Error = :2.15e-03; Runtime: 119.1s; Iterations = 4380, grads =   5.786e-09, unitary_metric = 1.00000
Error = :2.15e-03; Runtime: 119.6s; Iterations = 4400, grads =   5.695e-09, unitary_metric = 1.00000
Error = :2.15e-03; Runtime: 120.2s; Iterations = 4420, grads =   5.608e-09, unitary_metric = 1.00000
Error = :2.15e-03; Runtime: 120.7s; Iterations = 4440, grads =   5.532e-09, unitary_metric = 1.00000
Error = :2.15e-03; Runtime: 121.3s; Iterations = 4460, grads =   5.464e-09, unitary_metric = 1.00000
Error = :2.15e-03; Runtime: 121.8s; Iterations = 4480, grads =   5.391e-09, unitary_metric = 1.00000
Error = :2.14e-03; Runtime: 122.3s; Iterations = 4500, grads =   5.369e-09, unitary_metric = 1.00000
Error = :2.14e-03; Runtime: 122.9s; Iterations = 4520, grads =   5.355e-09, unitary_metric = 1.00000
Error = :2.14e-03; Runtime: 123.4s; Iterations = 4540, grads =   5.195e-09, unitary_metric = 1.00000
Error = :2.14e-03; Runtime: 124.0s; Iterations = 4560, grads =   5.125e-09, unitary_metric = 1.00000
Error = :2.14e-03; Runtime: 124.5s; Iterations = 4580, grads =   5.045e-09, unitary_metric = 1.00000
Error = :2.14e-03; Runtime: 125.0s; Iterations = 4600, grads =   5.008e-09, unitary_metric = 1.00000
Error = :2.14e-03; Runtime: 125.6s; Iterations = 4620, grads =   4.926e-09, unitary_metric = 1.00000
Error = :2.14e-03; Runtime: 126.2s; Iterations = 4640, grads =   4.865e-09, unitary_metric = 1.00000
Error = :2.14e-03; Runtime: 126.7s; Iterations = 4660, grads =   4.818e-09, unitary_metric = 1.00000
Error = :2.14e-03; Runtime: 127.2s; Iterations = 4680, grads =   4.757e-09, unitary_metric = 1.00000
Error = :2.14e-03; Runtime: 127.7s; Iterations = 4700, grads =   4.694e-09, unitary_metric = 1.00000
Error = :2.14e-03; Runtime: 128.3s; Iterations = 4720, grads =   4.624e-09, unitary_metric = 1.00000
Error = :2.14e-03; Runtime: 128.9s; Iterations = 4740, grads =   4.582e-09, unitary_metric = 1.00000
Error = :2.14e-03; Runtime: 129.4s; Iterations = 4760, grads =   4.523e-09, unitary_metric = 1.00000
Error = :2.14e-03; Runtime: 129.9s; Iterations = 4780, grads =   4.450e-09, unitary_metric = 1.00000
Error = :2.14e-03; Runtime: 130.4s; Iterations = 4800, grads =   4.397e-09, unitary_metric = 1.00000
Error = :2.14e-03; Runtime: 131.0s; Iterations = 4820, grads =   4.344e-09, unitary_metric = 1.00000
Error = :2.14e-03; Runtime: 131.6s; Iterations = 4840, grads =   4.312e-09, unitary_metric = 1.00000
Error = :2.14e-03; Runtime: 132.1s; Iterations = 4860, grads =   4.269e-09, unitary_metric = 1.00000
Error = :2.14e-03; Runtime: 132.6s; Iterations = 4880, grads =   4.197e-09, unitary_metric = 1.00000
Error = :2.14e-03; Runtime: 133.1s; Iterations = 4900, grads =   4.208e-09, unitary_metric = 1.00000
Error = :2.14e-03; Runtime: 133.8s; Iterations = 4920, grads =   4.146e-09, unitary_metric = 1.00000
Error = :2.14e-03; Runtime: 134.3s; Iterations = 4940, grads =   4.091e-09, unitary_metric = 1.00000
Error = :2.14e-03; Runtime: 134.8s; Iterations = 4960, grads =   4.031e-09, unitary_metric = 1.00000
Error = :2.14e-03; Runtime: 135.3s; Iterations = 4980, grads =   4.005e-09, unitary_metric = 1.00000
Error = :2.14e-03; Runtime: 135.8s; Iterations = 5000, grads =   3.948e-09, unitary_metric = 1.00000
Error = :2.15e-03; Runtime: 136.5s; Iterations = 5020, grads =   3.944e-09, unitary_metric = 1.00000
Error = :2.15e-03; Runtime: 137.0s; Iterations = 5040, grads =   3.904e-09, unitary_metric = 1.00000
Error = :2.15e-03; Runtime: 137.5s; Iterations = 5060, grads =   3.859e-09, unitary_metric = 1.00000
Error = :2.15e-03; Runtime: 138.0s; Iterations = 5080, grads =   3.860e-09, unitary_metric = 1.00000
Error = :2.15e-03; Runtime: 138.6s; Iterations = 5100, grads =   3.823e-09, unitary_metric = 1.00000
Error = :2.15e-03; Runtime: 139.2s; Iterations = 5120, grads =   3.803e-09, unitary_metric = 1.00000
Error = :2.15e-03; Runtime: 139.7s; Iterations = 5140, grads =   3.807e-09, unitary_metric = 1.00000
Error = :2.16e-03; Runtime: 140.2s; Iterations = 5160, grads =   3.809e-09, unitary_metric = 1.00000
Error = :2.16e-03; Runtime: 140.7s; Iterations = 5180, grads =   3.873e-09, unitary_metric = 1.00000
Error = :2.16e-03; Runtime: 141.3s; Iterations = 5200, grads =   3.905e-09, unitary_metric = 1.00000
Error = :2.16e-03; Runtime: 141.9s; Iterations = 5220, grads =   3.963e-09, unitary_metric = 1.00000
Error = :2.17e-03; Runtime: 142.4s; Iterations = 5240, grads =   4.031e-09, unitary_metric = 1.00000
Error = :2.17e-03; Runtime: 142.9s; Iterations = 5260, grads =   4.202e-09, unitary_metric = 1.00000
Error = :2.18e-03; Runtime: 143.5s; Iterations = 5280, grads =   4.314e-09, unitary_metric = 1.00000
Error = :2.18e-03; Runtime: 144.0s; Iterations = 5300, grads =   4.530e-09, unitary_metric = 1.00000
Error = :2.19e-03; Runtime: 144.6s; Iterations = 5320, grads =   4.833e-09, unitary_metric = 1.00000
Error = :2.20e-03; Runtime: 145.1s; Iterations = 5340, grads =   6.152e-09, unitary_metric = 1.00000
Error = :2.20e-03; Runtime: 145.7s; Iterations = 5360, grads =   9.281e-09, unitary_metric = 1.00000
Error = :2.21e-03; Runtime: 146.2s; Iterations = 5380, grads =   2.406e-08, unitary_metric = 1.00000
Error = :2.22e-03; Runtime: 146.7s; Iterations = 5400, grads =   4.110e-07, unitary_metric = 1.00000
Error = :2.23e-03; Runtime: 147.3s; Iterations = 5420, grads =   1.348e-06, unitary_metric = 1.00000
Error = :2.24e-03; Runtime: 147.8s; Iterations = 5440, grads =   9.905e-08, unitary_metric = 1.00000
Error = :2.25e-03; Runtime: 148.4s; Iterations = 5460, grads =   5.895e-08, unitary_metric = 1.00000
Error = :2.26e-03; Runtime: 148.9s; Iterations = 5480, grads =   1.554e-08, unitary_metric = 1.00000
Error = :2.27e-03; Runtime: 149.4s; Iterations = 5500, grads =   1.634e-08, unitary_metric = 1.00000
Error = :2.28e-03; Runtime: 150.0s; Iterations = 5520, grads =   1.888e-08, unitary_metric = 1.00000
Error = :2.29e-03; Runtime: 150.6s; Iterations = 5540, grads =   2.728e-08, unitary_metric = 1.00000
Error = :2.30e-03; Runtime: 151.1s; Iterations = 5560, grads =   5.238e-08, unitary_metric = 1.00000
Error = :2.31e-03; Runtime: 151.6s; Iterations = 5580, grads =   1.497e-06, unitary_metric = 1.00000
Error = :2.31e-03; Runtime: 152.1s; Iterations = 5600, grads =   5.175e-07, unitary_metric = 1.00000
Error = :2.31e-03; Runtime: 152.8s; Iterations = 5620, grads =   1.234e-07, unitary_metric = 1.00000
Error = :2.31e-03; Runtime: 153.3s; Iterations = 5640, grads =   3.304e-08, unitary_metric = 1.00000
Error = :2.31e-03; Runtime: 153.8s; Iterations = 5660, grads =   3.478e-08, unitary_metric = 1.00000
Error = :2.31e-03; Runtime: 154.3s; Iterations = 5680, grads =   3.504e-08, unitary_metric = 1.00000
Error = :2.30e-03; Runtime: 154.9s; Iterations = 5700, grads =   3.490e-08, unitary_metric = 1.00000
Error = :2.30e-03; Runtime: 155.5s; Iterations = 5720, grads =   3.569e-08, unitary_metric = 1.00000
Error = :2.29e-03; Runtime: 156.0s; Iterations = 5740, grads =   8.094e-08, unitary_metric = 1.00000
Error = :2.29e-03; Runtime: 156.5s; Iterations = 5760, grads =   2.800e-06, unitary_metric = 1.00000
Error = :2.28e-03; Runtime: 157.0s; Iterations = 5780, grads =   6.097e-07, unitary_metric = 1.00000
Error = :2.27e-03; Runtime: 157.6s; Iterations = 5800, grads =   3.682e-08, unitary_metric = 1.00000
Error = :2.27e-03; Runtime: 158.2s; Iterations = 5820, grads =   3.739e-08, unitary_metric = 1.00000
Error = :2.26e-03; Runtime: 158.7s; Iterations = 5840, grads =   2.603e-08, unitary_metric = 1.00000
Error = :2.26e-03; Runtime: 159.2s; Iterations = 5860, grads =   2.425e-08, unitary_metric = 1.00000
Error = :2.25e-03; Runtime: 159.7s; Iterations = 5880, grads =   2.298e-08, unitary_metric = 1.00000
Error = :2.25e-03; Runtime: 160.3s; Iterations = 5900, grads =   2.129e-08, unitary_metric = 1.00000
Error = :2.24e-03; Runtime: 160.9s; Iterations = 5920, grads =   2.048e-08, unitary_metric = 1.00000
Error = :2.23e-03; Runtime: 161.4s; Iterations = 5940, grads =   1.040e-07, unitary_metric = 1.00000
Error = :2.23e-03; Runtime: 161.9s; Iterations = 5960, grads =   3.919e-06, unitary_metric = 1.00000
Error = :2.22e-03; Runtime: 162.5s; Iterations = 5980, grads =   4.388e-07, unitary_metric = 1.00000
Error = :2.22e-03; Runtime: 163.0s; Iterations = 6000, grads =   5.390e-08, unitary_metric = 1.00000
data saved at: /project/ftchong/qoc/pranav/00024_27_block150.h5


trying total_time: 4.4 for unitary of size (4, 4)
data saved at: /project/ftchong/qoc/pranav/00025_27_block150.h5
Using 6 Taylor terms and 1 Scaling & Squaring terms
Building graph:
Propagators initialized.
Operators weight initialized.
Intermediate propagation variables initialized.
Intermediate propagators initialized.
Vectors initialized.
Training loss initialized.
Optimizer initialized.
Utilities initialized.
Graph built!
Initialized
Error = :8.70e-01; Runtime: 0.1s; Iterations = 0, grads =   1.377e-01, unitary_metric = 1.00000
Error = :5.99e-01; Runtime: 0.9s; Iterations = 20, grads =   1.285e-02, unitary_metric = 1.00000
Error = :4.99e-01; Runtime: 1.4s; Iterations = 40, grads =   6.116e-03, unitary_metric = 1.00000
Error = :4.79e-01; Runtime: 2.0s; Iterations = 60, grads =   1.496e-03, unitary_metric = 1.00000
Error = :3.89e-01; Runtime: 2.5s; Iterations = 80, grads =   3.480e-03, unitary_metric = 1.00000
Error = :1.74e-01; Runtime: 3.1s; Iterations = 100, grads =   2.114e-03, unitary_metric = 1.00000
Error = :7.16e-02; Runtime: 3.7s; Iterations = 120, grads =   6.565e-04, unitary_metric = 1.00000
Error = :3.89e-02; Runtime: 4.2s; Iterations = 140, grads =   1.913e-04, unitary_metric = 1.00000
Error = :2.62e-02; Runtime: 4.8s; Iterations = 160, grads =   8.710e-05, unitary_metric = 1.00000
Error = :2.00e-02; Runtime: 5.3s; Iterations = 180, grads =   5.002e-05, unitary_metric = 1.00000
Error = :1.63e-02; Runtime: 5.9s; Iterations = 200, grads =   3.406e-05, unitary_metric = 1.00000
Error = :1.38e-02; Runtime: 6.5s; Iterations = 220, grads =   2.467e-05, unitary_metric = 1.00000
Error = :1.21e-02; Runtime: 7.1s; Iterations = 240, grads =   1.852e-05, unitary_metric = 1.00000
Error = :1.07e-02; Runtime: 7.6s; Iterations = 260, grads =   1.433e-05, unitary_metric = 1.00000
Error = :9.71e-03; Runtime: 8.1s; Iterations = 280, grads =   1.132e-05, unitary_metric = 1.00000
Error = :8.90e-03; Runtime: 8.7s; Iterations = 300, grads =   9.118e-06, unitary_metric = 1.00000
Error = :8.24e-03; Runtime: 9.3s; Iterations = 320, grads =   7.485e-06, unitary_metric = 1.00000
Error = :7.69e-03; Runtime: 9.9s; Iterations = 340, grads =   6.261e-06, unitary_metric = 1.00000
Error = :7.21e-03; Runtime: 10.4s; Iterations = 360, grads =   5.310e-06, unitary_metric = 1.00000
Error = :6.77e-03; Runtime: 11.0s; Iterations = 380, grads =   4.528e-06, unitary_metric = 1.00000
Error = :6.37e-03; Runtime: 11.5s; Iterations = 400, grads =   3.844e-06, unitary_metric = 1.00000
Error = :6.00e-03; Runtime: 12.1s; Iterations = 420, grads =   3.237e-06, unitary_metric = 1.00000
Error = :5.69e-03; Runtime: 12.7s; Iterations = 440, grads =   2.725e-06, unitary_metric = 1.00000
Error = :5.43e-03; Runtime: 13.2s; Iterations = 460, grads =   2.316e-06, unitary_metric = 1.00000
Error = :5.22e-03; Runtime: 13.8s; Iterations = 480, grads =   1.994e-06, unitary_metric = 1.00000
Error = :5.05e-03; Runtime: 14.3s; Iterations = 500, grads =   1.738e-06, unitary_metric = 1.00000
Error = :4.90e-03; Runtime: 14.9s; Iterations = 520, grads =   1.533e-06, unitary_metric = 1.00000
Error = :4.76e-03; Runtime: 15.5s; Iterations = 540, grads =   1.365e-06, unitary_metric = 1.00000
Error = :4.65e-03; Runtime: 16.0s; Iterations = 560, grads =   1.226e-06, unitary_metric = 1.00000
Error = :4.54e-03; Runtime: 16.6s; Iterations = 580, grads =   1.107e-06, unitary_metric = 1.00000
Error = :4.44e-03; Runtime: 17.1s; Iterations = 600, grads =   1.006e-06, unitary_metric = 1.00000
Error = :4.36e-03; Runtime: 17.8s; Iterations = 620, grads =   9.178e-07, unitary_metric = 1.00000
Error = :4.28e-03; Runtime: 18.3s; Iterations = 640, grads =   8.409e-07, unitary_metric = 1.00000
Error = :4.20e-03; Runtime: 18.8s; Iterations = 660, grads =   7.734e-07, unitary_metric = 1.00000
Error = :4.13e-03; Runtime: 19.4s; Iterations = 680, grads =   7.132e-07, unitary_metric = 1.00000
Error = :4.07e-03; Runtime: 19.9s; Iterations = 700, grads =   6.598e-07, unitary_metric = 1.00000
Error = :4.01e-03; Runtime: 20.6s; Iterations = 720, grads =   6.119e-07, unitary_metric = 1.00000
Error = :3.96e-03; Runtime: 21.1s; Iterations = 740, grads =   5.686e-07, unitary_metric = 1.00000
Error = :3.91e-03; Runtime: 21.7s; Iterations = 760, grads =   5.294e-07, unitary_metric = 1.00000
Error = :3.86e-03; Runtime: 22.2s; Iterations = 780, grads =   4.938e-07, unitary_metric = 1.00000
Error = :3.82e-03; Runtime: 22.7s; Iterations = 800, grads =   4.615e-07, unitary_metric = 1.00000
Error = :3.78e-03; Runtime: 23.4s; Iterations = 820, grads =   4.320e-07, unitary_metric = 1.00000
Error = :3.74e-03; Runtime: 23.9s; Iterations = 840, grads =   4.049e-07, unitary_metric = 1.00000
Error = :3.70e-03; Runtime: 24.5s; Iterations = 860, grads =   3.801e-07, unitary_metric = 1.00000
Error = :3.67e-03; Runtime: 25.0s; Iterations = 880, grads =   3.572e-07, unitary_metric = 1.00000
Error = :3.63e-03; Runtime: 25.5s; Iterations = 900, grads =   3.363e-07, unitary_metric = 1.00000
Error = :3.60e-03; Runtime: 26.4s; Iterations = 920, grads =   3.170e-07, unitary_metric = 1.00000
Error = :3.57e-03; Runtime: 26.9s; Iterations = 940, grads =   2.993e-07, unitary_metric = 1.00000
Error = :3.54e-03; Runtime: 27.5s; Iterations = 960, grads =   2.835e-07, unitary_metric = 1.00000
Error = :3.52e-03; Runtime: 28.0s; Iterations = 980, grads =   2.697e-07, unitary_metric = 1.00000
Error = :3.49e-03; Runtime: 28.6s; Iterations = 1000, grads =   2.589e-07, unitary_metric = 1.00000
Error = :3.47e-03; Runtime: 29.2s; Iterations = 1020, grads =   2.370e-06, unitary_metric = 1.00000
Error = :3.47e-03; Runtime: 29.7s; Iterations = 1040, grads =   6.252e-05, unitary_metric = 1.00000
Error = :3.44e-03; Runtime: 30.3s; Iterations = 1060, grads =   5.397e-06, unitary_metric = 1.00000
Error = :3.42e-03; Runtime: 30.8s; Iterations = 1080, grads =   4.839e-07, unitary_metric = 1.00000
Error = :3.41e-03; Runtime: 31.4s; Iterations = 1100, grads =   2.758e-07, unitary_metric = 1.00000
Error = :3.40e-03; Runtime: 32.0s; Iterations = 1120, grads =   2.563e-07, unitary_metric = 1.00000
Error = :3.39e-03; Runtime: 32.5s; Iterations = 1140, grads =   2.633e-07, unitary_metric = 1.00000
Error = :3.39e-03; Runtime: 33.1s; Iterations = 1160, grads =   3.021e-07, unitary_metric = 1.00000
Error = :3.38e-03; Runtime: 33.6s; Iterations = 1180, grads =   3.678e-07, unitary_metric = 1.00000
Error = :3.38e-03; Runtime: 34.2s; Iterations = 1200, grads =   4.567e-07, unitary_metric = 1.00000
Error = :3.36e-03; Runtime: 34.8s; Iterations = 1220, grads =   5.474e-07, unitary_metric = 1.00000
Error = :3.32e-03; Runtime: 35.3s; Iterations = 1240, grads =   6.354e-07, unitary_metric = 1.00000
Error = :3.28e-03; Runtime: 35.9s; Iterations = 1260, grads =   1.843e-05, unitary_metric = 1.00000
Error = :3.23e-03; Runtime: 36.4s; Iterations = 1280, grads =   1.424e-05, unitary_metric = 1.00000
Error = :3.18e-03; Runtime: 37.0s; Iterations = 1300, grads =   5.435e-06, unitary_metric = 1.00000
Error = :3.14e-03; Runtime: 37.6s; Iterations = 1320, grads =   4.183e-07, unitary_metric = 1.00000
Error = :3.10e-03; Runtime: 38.1s; Iterations = 1340, grads =   4.093e-07, unitary_metric = 1.00000
Error = :3.08e-03; Runtime: 38.7s; Iterations = 1360, grads =   3.260e-07, unitary_metric = 1.00000
Error = :3.05e-03; Runtime: 39.2s; Iterations = 1380, grads =   2.852e-07, unitary_metric = 1.00000
Error = :3.03e-03; Runtime: 39.8s; Iterations = 1400, grads =   2.593e-07, unitary_metric = 1.00000
Error = :3.01e-03; Runtime: 40.4s; Iterations = 1420, grads =   2.400e-07, unitary_metric = 1.00000
Error = :2.99e-03; Runtime: 40.9s; Iterations = 1440, grads =   2.275e-07, unitary_metric = 1.00000
Error = :2.98e-03; Runtime: 41.5s; Iterations = 1460, grads =   2.172e-07, unitary_metric = 1.00000
Error = :2.96e-03; Runtime: 42.0s; Iterations = 1480, grads =   6.547e-07, unitary_metric = 1.00000
Error = :2.97e-03; Runtime: 42.6s; Iterations = 1500, grads =   1.032e-04, unitary_metric = 1.00000
Error = :2.94e-03; Runtime: 43.2s; Iterations = 1520, grads =   1.218e-05, unitary_metric = 1.00000
Error = :2.92e-03; Runtime: 43.7s; Iterations = 1540, grads =   9.554e-07, unitary_metric = 1.00000
Error = :2.91e-03; Runtime: 44.3s; Iterations = 1560, grads =   2.164e-07, unitary_metric = 1.00000
Error = :2.90e-03; Runtime: 44.8s; Iterations = 1580, grads =   1.730e-07, unitary_metric = 1.00000
Error = :2.89e-03; Runtime: 45.4s; Iterations = 1600, grads =   1.502e-07, unitary_metric = 1.00000
Error = :2.88e-03; Runtime: 46.0s; Iterations = 1620, grads =   1.419e-07, unitary_metric = 1.00000
Error = :2.87e-03; Runtime: 46.6s; Iterations = 1640, grads =   1.369e-07, unitary_metric = 1.00000
Error = :2.86e-03; Runtime: 47.1s; Iterations = 1660, grads =   1.336e-07, unitary_metric = 1.00000
Error = :2.85e-03; Runtime: 47.6s; Iterations = 1680, grads =   1.298e-07, unitary_metric = 1.00000
Error = :2.84e-03; Runtime: 48.2s; Iterations = 1700, grads =   1.705e-07, unitary_metric = 1.00000
Error = :2.83e-03; Runtime: 48.8s; Iterations = 1720, grads =   1.619e-05, unitary_metric = 1.00000
Error = :2.82e-03; Runtime: 49.4s; Iterations = 1740, grads =   2.119e-05, unitary_metric = 1.00000
Error = :2.81e-03; Runtime: 49.9s; Iterations = 1760, grads =   4.214e-07, unitary_metric = 1.00000
Error = :2.80e-03; Runtime: 50.5s; Iterations = 1780, grads =   1.475e-07, unitary_metric = 1.00000
Error = :2.79e-03; Runtime: 51.0s; Iterations = 1800, grads =   1.183e-07, unitary_metric = 1.00000
Error = :2.78e-03; Runtime: 51.6s; Iterations = 1820, grads =   1.080e-07, unitary_metric = 1.00000
Error = :2.77e-03; Runtime: 52.2s; Iterations = 1840, grads =   1.062e-07, unitary_metric = 1.00000
Error = :2.76e-03; Runtime: 52.7s; Iterations = 1860, grads =   1.026e-07, unitary_metric = 1.00000
Error = :2.75e-03; Runtime: 53.3s; Iterations = 1880, grads =   1.000e-07, unitary_metric = 1.00000
Error = :2.74e-03; Runtime: 53.8s; Iterations = 1900, grads =   9.745e-08, unitary_metric = 1.00000
Error = :2.72e-03; Runtime: 54.4s; Iterations = 1920, grads =   9.524e-08, unitary_metric = 1.00000
Error = :2.71e-03; Runtime: 55.0s; Iterations = 1940, grads =   9.283e-08, unitary_metric = 1.00000
Error = :2.70e-03; Runtime: 55.5s; Iterations = 1960, grads =   9.415e-08, unitary_metric = 1.00000
Error = :2.69e-03; Runtime: 56.1s; Iterations = 1980, grads =   1.358e-06, unitary_metric = 1.00000
Error = :2.69e-03; Runtime: 56.6s; Iterations = 2000, grads =   8.291e-06, unitary_metric = 1.00000
Error = :2.67e-03; Runtime: 57.2s; Iterations = 2020, grads =   1.041e-06, unitary_metric = 1.00000
Error = :2.66e-03; Runtime: 57.8s; Iterations = 2040, grads =   7.859e-07, unitary_metric = 1.00000
Error = :2.66e-03; Runtime: 58.3s; Iterations = 2060, grads =   1.534e-07, unitary_metric = 1.00000
Error = :2.65e-03; Runtime: 58.9s; Iterations = 2080, grads =   8.405e-08, unitary_metric = 1.00000
Error = :2.64e-03; Runtime: 59.4s; Iterations = 2100, grads =   7.651e-08, unitary_metric = 1.00000
Error = :2.63e-03; Runtime: 60.1s; Iterations = 2120, grads =   7.357e-08, unitary_metric = 1.00000
Error = :2.62e-03; Runtime: 60.6s; Iterations = 2140, grads =   7.198e-08, unitary_metric = 1.00000
Error = :2.61e-03; Runtime: 61.1s; Iterations = 2160, grads =   7.032e-08, unitary_metric = 1.00000
Error = :2.60e-03; Runtime: 61.7s; Iterations = 2180, grads =   6.894e-08, unitary_metric = 1.00000
Error = :2.59e-03; Runtime: 62.2s; Iterations = 2200, grads =   6.735e-08, unitary_metric = 1.00000
Error = :2.59e-03; Runtime: 62.9s; Iterations = 2220, grads =   6.607e-08, unitary_metric = 1.00000
Error = :2.58e-03; Runtime: 63.4s; Iterations = 2240, grads =   6.923e-08, unitary_metric = 1.00000
Error = :2.57e-03; Runtime: 63.9s; Iterations = 2260, grads =   7.820e-07, unitary_metric = 1.00000
Error = :2.57e-03; Runtime: 64.5s; Iterations = 2280, grads =   4.065e-05, unitary_metric = 1.00000
Error = :2.56e-03; Runtime: 65.0s; Iterations = 2300, grads =   4.691e-06, unitary_metric = 1.00000
Error = :2.55e-03; Runtime: 65.7s; Iterations = 2320, grads =   6.056e-07, unitary_metric = 1.00000
Error = :2.54e-03; Runtime: 66.2s; Iterations = 2340, grads =   8.425e-08, unitary_metric = 1.00000
Error = :2.54e-03; Runtime: 66.8s; Iterations = 2360, grads =   5.831e-08, unitary_metric = 1.00000
Error = :2.53e-03; Runtime: 67.3s; Iterations = 2380, grads =   5.592e-08, unitary_metric = 1.00000
Error = :2.52e-03; Runtime: 67.8s; Iterations = 2400, grads =   5.489e-08, unitary_metric = 1.00000
Error = :2.52e-03; Runtime: 68.5s; Iterations = 2420, grads =   5.368e-08, unitary_metric = 1.00000
Error = :2.51e-03; Runtime: 69.0s; Iterations = 2440, grads =   5.319e-08, unitary_metric = 1.00000
Error = :2.50e-03; Runtime: 69.6s; Iterations = 2460, grads =   5.184e-08, unitary_metric = 1.00000
Error = :2.50e-03; Runtime: 70.1s; Iterations = 2480, grads =   5.624e-08, unitary_metric = 1.00000
Error = :2.49e-03; Runtime: 70.7s; Iterations = 2500, grads =   7.542e-07, unitary_metric = 1.00000
Error = :2.49e-03; Runtime: 71.3s; Iterations = 2520, grads =   3.042e-05, unitary_metric = 1.00000
Error = :2.48e-03; Runtime: 71.9s; Iterations = 2540, grads =   3.875e-06, unitary_metric = 1.00000
Error = :2.47e-03; Runtime: 72.4s; Iterations = 2560, grads =   5.164e-07, unitary_metric = 1.00000
Error = :2.47e-03; Runtime: 72.9s; Iterations = 2580, grads =   7.867e-08, unitary_metric = 1.00000
Error = :2.46e-03; Runtime: 73.5s; Iterations = 2600, grads =   4.561e-08, unitary_metric = 1.00000
Error = :2.45e-03; Runtime: 74.1s; Iterations = 2620, grads =   4.441e-08, unitary_metric = 1.00000
Error = :2.45e-03; Runtime: 74.7s; Iterations = 2640, grads =   4.378e-08, unitary_metric = 1.00000
Error = :2.44e-03; Runtime: 75.2s; Iterations = 2660, grads =   4.247e-08, unitary_metric = 1.00000
Error = :2.44e-03; Runtime: 75.8s; Iterations = 2680, grads =   4.196e-08, unitary_metric = 1.00000
Error = :2.43e-03; Runtime: 76.3s; Iterations = 2700, grads =   4.077e-08, unitary_metric = 1.00000
Error = :2.43e-03; Runtime: 76.9s; Iterations = 2720, grads =   3.998e-08, unitary_metric = 1.00000
Error = :2.42e-03; Runtime: 77.5s; Iterations = 2740, grads =   3.926e-08, unitary_metric = 1.00000
Error = :2.42e-03; Runtime: 78.0s; Iterations = 2760, grads =   1.573e-07, unitary_metric = 1.00000
Error = :2.42e-03; Runtime: 78.6s; Iterations = 2780, grads =   5.000e-05, unitary_metric = 1.00000
Error = :2.41e-03; Runtime: 79.1s; Iterations = 2800, grads =   6.576e-06, unitary_metric = 1.00000
Error = :2.40e-03; Runtime: 79.8s; Iterations = 2820, grads =   2.578e-07, unitary_metric = 1.00000
Error = :2.40e-03; Runtime: 80.3s; Iterations = 2840, grads =   5.431e-08, unitary_metric = 1.00000
Error = :2.39e-03; Runtime: 80.9s; Iterations = 2860, grads =   4.521e-08, unitary_metric = 1.00000
Error = :2.39e-03; Runtime: 81.4s; Iterations = 2880, grads =   3.632e-08, unitary_metric = 1.00000
Error = :2.38e-03; Runtime: 81.9s; Iterations = 2900, grads =   3.428e-08, unitary_metric = 1.00000
Error = :2.38e-03; Runtime: 82.6s; Iterations = 2920, grads =   3.330e-08, unitary_metric = 1.00000
Error = :2.37e-03; Runtime: 83.1s; Iterations = 2940, grads =   3.301e-08, unitary_metric = 1.00000
Error = :2.37e-03; Runtime: 83.7s; Iterations = 2960, grads =   3.361e-08, unitary_metric = 1.00000
Error = :2.36e-03; Runtime: 84.2s; Iterations = 2980, grads =   3.206e-08, unitary_metric = 1.00000
Error = :2.36e-03; Runtime: 84.8s; Iterations = 3000, grads =   3.172e-08, unitary_metric = 1.00000
Error = :2.36e-03; Runtime: 85.4s; Iterations = 3020, grads =   3.097e-08, unitary_metric = 1.00000
Error = :2.35e-03; Runtime: 85.9s; Iterations = 3040, grads =   2.998e-08, unitary_metric = 1.00000
Error = :2.35e-03; Runtime: 86.5s; Iterations = 3060, grads =   4.683e-08, unitary_metric = 1.00000
Error = :2.34e-03; Runtime: 87.0s; Iterations = 3080, grads =   5.719e-07, unitary_metric = 1.00000
Error = :2.34e-03; Runtime: 87.6s; Iterations = 3100, grads =   1.810e-05, unitary_metric = 1.00000
Error = :2.34e-03; Runtime: 88.2s; Iterations = 3120, grads =   5.131e-08, unitary_metric = 1.00000
Error = :2.33e-03; Runtime: 88.8s; Iterations = 3140, grads =   2.510e-07, unitary_metric = 1.00000
Error = :2.33e-03; Runtime: 89.3s; Iterations = 3160, grads =   3.037e-08, unitary_metric = 1.00000
Error = :2.33e-03; Runtime: 89.9s; Iterations = 3180, grads =   2.969e-08, unitary_metric = 1.00000
Error = :2.32e-03; Runtime: 90.4s; Iterations = 3200, grads =   2.733e-08, unitary_metric = 1.00000
Error = :2.32e-03; Runtime: 91.1s; Iterations = 3220, grads =   2.613e-08, unitary_metric = 1.00000
Error = :2.32e-03; Runtime: 91.6s; Iterations = 3240, grads =   2.597e-08, unitary_metric = 1.00000
Error = :2.31e-03; Runtime: 92.1s; Iterations = 3260, grads =   4.931e-08, unitary_metric = 1.00000
Error = :2.31e-03; Runtime: 92.7s; Iterations = 3280, grads =   7.403e-07, unitary_metric = 1.00000
Error = :2.31e-03; Runtime: 93.2s; Iterations = 3300, grads =   1.097e-05, unitary_metric = 1.00000
Error = :2.30e-03; Runtime: 93.9s; Iterations = 3320, grads =   2.779e-08, unitary_metric = 1.00000
Error = :2.30e-03; Runtime: 94.4s; Iterations = 3340, grads =   2.108e-07, unitary_metric = 1.00000
Error = :2.30e-03; Runtime: 94.9s; Iterations = 3360, grads =   3.820e-08, unitary_metric = 1.00000
Error = :2.29e-03; Runtime: 95.5s; Iterations = 3380, grads =   2.439e-08, unitary_metric = 1.00000
Error = :2.29e-03; Runtime: 96.0s; Iterations = 3400, grads =   2.419e-08, unitary_metric = 1.00000
Error = :2.29e-03; Runtime: 96.7s; Iterations = 3420, grads =   2.112e-08, unitary_metric = 1.00000
Error = :2.29e-03; Runtime: 97.2s; Iterations = 3440, grads =   2.082e-08, unitary_metric = 1.00000
Error = :2.28e-03; Runtime: 97.8s; Iterations = 3460, grads =   4.741e-08, unitary_metric = 1.00000
Error = :2.28e-03; Runtime: 98.3s; Iterations = 3480, grads =   2.703e-06, unitary_metric = 1.00000
Error = :2.28e-03; Runtime: 98.8s; Iterations = 3500, grads =   1.012e-06, unitary_metric = 1.00000
Error = :2.28e-03; Runtime: 99.5s; Iterations = 3520, grads =   1.532e-07, unitary_metric = 1.00000
Error = :2.27e-03; Runtime: 100.0s; Iterations = 3540, grads =   1.225e-07, unitary_metric = 1.00000
Error = :2.27e-03; Runtime: 100.6s; Iterations = 3560, grads =   1.945e-08, unitary_metric = 1.00000
Error = :2.27e-03; Runtime: 101.1s; Iterations = 3580, grads =   1.914e-08, unitary_metric = 1.00000
Error = :2.27e-03; Runtime: 101.7s; Iterations = 3600, grads =   1.867e-08, unitary_metric = 1.00000
Error = :2.26e-03; Runtime: 102.3s; Iterations = 3620, grads =   1.804e-08, unitary_metric = 1.00000
Error = :2.26e-03; Runtime: 102.9s; Iterations = 3640, grads =   1.838e-08, unitary_metric = 1.00000
Error = :2.26e-03; Runtime: 103.4s; Iterations = 3660, grads =   1.731e-08, unitary_metric = 1.00000
Error = :2.26e-03; Runtime: 104.0s; Iterations = 3680, grads =   1.817e-08, unitary_metric = 1.00000
Error = :2.26e-03; Runtime: 104.5s; Iterations = 3700, grads =   1.042e-07, unitary_metric = 1.00000
Error = :2.26e-03; Runtime: 105.1s; Iterations = 3720, grads =   1.077e-05, unitary_metric = 1.00000
Error = :2.25e-03; Runtime: 105.7s; Iterations = 3740, grads =   1.265e-06, unitary_metric = 1.00000
Error = :2.25e-03; Runtime: 106.2s; Iterations = 3760, grads =   3.375e-07, unitary_metric = 1.00000
Error = :2.25e-03; Runtime: 106.8s; Iterations = 3780, grads =   3.281e-08, unitary_metric = 1.00000
Error = :2.24e-03; Runtime: 107.3s; Iterations = 3800, grads =   1.815e-08, unitary_metric = 1.00000
Error = :2.24e-03; Runtime: 108.0s; Iterations = 3820, grads =   1.574e-08, unitary_metric = 1.00000
Error = :2.24e-03; Runtime: 108.5s; Iterations = 3840, grads =   1.575e-08, unitary_metric = 1.00000
Error = :2.24e-03; Runtime: 109.0s; Iterations = 3860, grads =   1.575e-08, unitary_metric = 1.00000
Error = :2.23e-03; Runtime: 109.6s; Iterations = 3880, grads =   1.782e-08, unitary_metric = 1.00000
Error = :2.23e-03; Runtime: 110.1s; Iterations = 3900, grads =   1.795e-08, unitary_metric = 1.00000
Error = :2.23e-03; Runtime: 110.8s; Iterations = 3920, grads =   2.882e-08, unitary_metric = 1.00000
Error = :2.22e-03; Runtime: 111.3s; Iterations = 3940, grads =   6.709e-07, unitary_metric = 1.00000
Error = :2.22e-03; Runtime: 111.9s; Iterations = 3960, grads =   4.111e-06, unitary_metric = 1.00000
Error = :2.22e-03; Runtime: 112.4s; Iterations = 3980, grads =   5.809e-07, unitary_metric = 1.00000
Error = :2.21e-03; Runtime: 113.0s; Iterations = 4000, grads =   3.758e-08, unitary_metric = 1.00000
Error = :2.21e-03; Runtime: 113.6s; Iterations = 4020, grads =   3.283e-08, unitary_metric = 1.00000
Error = :2.20e-03; Runtime: 114.1s; Iterations = 4040, grads =   2.341e-08, unitary_metric = 1.00000
Error = :2.20e-03; Runtime: 114.7s; Iterations = 4060, grads =   2.271e-08, unitary_metric = 1.00000
Error = :2.19e-03; Runtime: 115.5s; Iterations = 4080, grads =   2.324e-08, unitary_metric = 1.00000
Error = :2.19e-03; Runtime: 116.0s; Iterations = 4100, grads =   2.471e-08, unitary_metric = 1.00000
Error = :2.18e-03; Runtime: 116.7s; Iterations = 4120, grads =   3.170e-08, unitary_metric = 1.00000
Error = :2.18e-03; Runtime: 117.2s; Iterations = 4140, grads =   5.048e-07, unitary_metric = 1.00000
Error = :2.17e-03; Runtime: 117.8s; Iterations = 4160, grads =   4.694e-06, unitary_metric = 1.00000
Error = :2.17e-03; Runtime: 118.3s; Iterations = 4180, grads =   5.410e-07, unitary_metric = 1.00000
Error = :2.16e-03; Runtime: 118.9s; Iterations = 4200, grads =   2.718e-08, unitary_metric = 1.00000
Error = :2.15e-03; Runtime: 119.5s; Iterations = 4220, grads =   3.363e-08, unitary_metric = 1.00000
Error = :2.15e-03; Runtime: 120.0s; Iterations = 4240, grads =   2.274e-08, unitary_metric = 1.00000
Error = :2.15e-03; Runtime: 120.6s; Iterations = 4260, grads =   2.197e-08, unitary_metric = 1.00000
Error = :2.14e-03; Runtime: 121.1s; Iterations = 4280, grads =   2.142e-08, unitary_metric = 1.00000
Error = :2.14e-03; Runtime: 121.7s; Iterations = 4300, grads =   2.148e-08, unitary_metric = 1.00000
Error = :2.13e-03; Runtime: 122.3s; Iterations = 4320, grads =   2.096e-08, unitary_metric = 1.00000
Error = :2.13e-03; Runtime: 122.9s; Iterations = 4340, grads =   3.411e-08, unitary_metric = 1.00000
Error = :2.12e-03; Runtime: 123.4s; Iterations = 4360, grads =   1.140e-06, unitary_metric = 1.00000
Error = :2.12e-03; Runtime: 124.0s; Iterations = 4380, grads =   1.104e-07, unitary_metric = 1.00000
Error = :2.11e-03; Runtime: 124.5s; Iterations = 4400, grads =   2.070e-07, unitary_metric = 1.00000
Error = :2.11e-03; Runtime: 125.1s; Iterations = 4420, grads =   8.484e-08, unitary_metric = 1.00000
Error = :2.11e-03; Runtime: 125.7s; Iterations = 4440, grads =   1.764e-08, unitary_metric = 1.00000
Error = :2.10e-03; Runtime: 126.2s; Iterations = 4460, grads =   1.964e-08, unitary_metric = 1.00000
Error = :2.10e-03; Runtime: 126.8s; Iterations = 4480, grads =   1.692e-08, unitary_metric = 1.00000
Error = :2.10e-03; Runtime: 127.3s; Iterations = 4500, grads =   1.630e-08, unitary_metric = 1.00000
Error = :2.09e-03; Runtime: 128.0s; Iterations = 4520, grads =   1.628e-08, unitary_metric = 1.00000
Error = :2.09e-03; Runtime: 128.5s; Iterations = 4540, grads =   1.617e-08, unitary_metric = 1.00000
Error = :2.09e-03; Runtime: 129.0s; Iterations = 4560, grads =   1.812e-08, unitary_metric = 1.00000
Error = :2.08e-03; Runtime: 129.6s; Iterations = 4580, grads =   6.462e-08, unitary_metric = 1.00000
Error = :2.08e-03; Runtime: 130.1s; Iterations = 4600, grads =   3.443e-06, unitary_metric = 1.00000
Error = :2.08e-03; Runtime: 130.8s; Iterations = 4620, grads =   1.427e-06, unitary_metric = 1.00000
Error = :2.08e-03; Runtime: 131.3s; Iterations = 4640, grads =   1.757e-08, unitary_metric = 1.00000
Error = :2.08e-03; Runtime: 131.9s; Iterations = 4660, grads =   3.374e-08, unitary_metric = 1.00000
Error = :2.07e-03; Runtime: 132.4s; Iterations = 4680, grads =   1.402e-08, unitary_metric = 1.00000
Error = :2.07e-03; Runtime: 132.9s; Iterations = 4700, grads =   1.322e-08, unitary_metric = 1.00000
Error = :2.07e-03; Runtime: 133.6s; Iterations = 4720, grads =   1.285e-08, unitary_metric = 1.00000
Error = :2.07e-03; Runtime: 134.1s; Iterations = 4740, grads =   1.261e-08, unitary_metric = 1.00000
Error = :2.06e-03; Runtime: 134.7s; Iterations = 4760, grads =   1.587e-08, unitary_metric = 1.00000
Error = :2.06e-03; Runtime: 135.2s; Iterations = 4780, grads =   6.754e-08, unitary_metric = 1.00000
Error = :2.06e-03; Runtime: 135.8s; Iterations = 4800, grads =   1.910e-06, unitary_metric = 1.00000
Error = :2.06e-03; Runtime: 136.4s; Iterations = 4820, grads =   2.666e-07, unitary_metric = 1.00000
Error = :2.05e-03; Runtime: 136.9s; Iterations = 4840, grads =   1.286e-07, unitary_metric = 1.00000
Error = :2.05e-03; Runtime: 137.5s; Iterations = 4860, grads =   2.694e-08, unitary_metric = 1.00000
Error = :2.05e-03; Runtime: 138.0s; Iterations = 4880, grads =   1.334e-08, unitary_metric = 1.00000
Error = :2.05e-03; Runtime: 138.6s; Iterations = 4900, grads =   1.127e-08, unitary_metric = 1.00000
Error = :2.05e-03; Runtime: 139.2s; Iterations = 4920, grads =   1.174e-08, unitary_metric = 1.00000
Error = :2.05e-03; Runtime: 139.8s; Iterations = 4940, grads =   1.458e-08, unitary_metric = 1.00000
Error = :2.05e-03; Runtime: 140.3s; Iterations = 4960, grads =   1.782e-07, unitary_metric = 1.00000
Error = :2.05e-03; Runtime: 140.8s; Iterations = 4980, grads =   4.580e-06, unitary_metric = 1.00000
Error = :2.04e-03; Runtime: 141.4s; Iterations = 5000, grads =   5.950e-08, unitary_metric = 1.00000
Error = :2.04e-03; Runtime: 142.0s; Iterations = 5020, grads =   5.214e-08, unitary_metric = 1.00000
Error = :2.04e-03; Runtime: 142.6s; Iterations = 5040, grads =   1.327e-08, unitary_metric = 1.00000
Error = :2.04e-03; Runtime: 143.1s; Iterations = 5060, grads =   1.102e-08, unitary_metric = 1.00000
Error = :2.04e-03; Runtime: 143.7s; Iterations = 5080, grads =   9.795e-09, unitary_metric = 1.00000
Error = :2.04e-03; Runtime: 144.2s; Iterations = 5100, grads =   9.614e-09, unitary_metric = 1.00000
Error = :2.03e-03; Runtime: 144.9s; Iterations = 5120, grads =   9.827e-09, unitary_metric = 1.00000
Error = :2.03e-03; Runtime: 145.4s; Iterations = 5140, grads =   1.175e-08, unitary_metric = 1.00000
Error = :2.03e-03; Runtime: 145.9s; Iterations = 5160, grads =   1.826e-08, unitary_metric = 1.00000
Error = :2.03e-03; Runtime: 146.5s; Iterations = 5180, grads =   4.281e-07, unitary_metric = 1.00000
Error = :2.03e-03; Runtime: 147.0s; Iterations = 5200, grads =   7.181e-07, unitary_metric = 1.00000
Error = :2.03e-03; Runtime: 148.0s; Iterations = 5220, grads =   1.948e-07, unitary_metric = 1.00000
Error = :2.03e-03; Runtime: 148.5s; Iterations = 5240, grads =   2.063e-08, unitary_metric = 1.00000
Error = :2.03e-03; Runtime: 149.1s; Iterations = 5260, grads =   9.150e-09, unitary_metric = 1.00000
Error = :2.03e-03; Runtime: 149.6s; Iterations = 5280, grads =   8.636e-09, unitary_metric = 1.00000
Error = :2.03e-03; Runtime: 150.1s; Iterations = 5300, grads =   8.729e-09, unitary_metric = 1.00000
Error = :2.03e-03; Runtime: 150.8s; Iterations = 5320, grads =   9.622e-09, unitary_metric = 1.00000
Error = :2.03e-03; Runtime: 151.3s; Iterations = 5340, grads =   1.081e-08, unitary_metric = 1.00000
Error = :2.03e-03; Runtime: 151.9s; Iterations = 5360, grads =   1.155e-08, unitary_metric = 1.00000
Error = :2.03e-03; Runtime: 152.4s; Iterations = 5380, grads =   1.606e-07, unitary_metric = 1.00000
Error = :2.03e-03; Runtime: 153.0s; Iterations = 5400, grads =   2.863e-06, unitary_metric = 1.00000
Error = :2.03e-03; Runtime: 153.6s; Iterations = 5420, grads =   7.996e-08, unitary_metric = 1.00000
Error = :2.03e-03; Runtime: 154.1s; Iterations = 5440, grads =   3.399e-08, unitary_metric = 1.00000
Error = :2.03e-03; Runtime: 154.7s; Iterations = 5460, grads =   1.092e-08, unitary_metric = 1.00000
Error = :2.03e-03; Runtime: 155.2s; Iterations = 5480, grads =   8.800e-09, unitary_metric = 1.00000
Error = :2.03e-03; Runtime: 155.8s; Iterations = 5500, grads =   8.569e-09, unitary_metric = 1.00000
Error = :2.03e-03; Runtime: 156.4s; Iterations = 5520, grads =   8.920e-09, unitary_metric = 1.00000
Error = :2.03e-03; Runtime: 157.0s; Iterations = 5540, grads =   8.342e-09, unitary_metric = 1.00000
Error = :2.04e-03; Runtime: 157.5s; Iterations = 5560, grads =   8.261e-09, unitary_metric = 1.00000
Error = :2.04e-03; Runtime: 158.1s; Iterations = 5580, grads =   1.056e-08, unitary_metric = 1.00000
Error = :2.04e-03; Runtime: 158.6s; Iterations = 5600, grads =   1.964e-07, unitary_metric = 1.00000
Error = :2.05e-03; Runtime: 159.3s; Iterations = 5620, grads =   1.082e-06, unitary_metric = 1.00000
Error = :2.05e-03; Runtime: 159.8s; Iterations = 5640, grads =   2.957e-07, unitary_metric = 1.00000
Error = :2.06e-03; Runtime: 160.4s; Iterations = 5660, grads =   2.070e-08, unitary_metric = 1.00000
Error = :2.06e-03; Runtime: 160.9s; Iterations = 5680, grads =   1.175e-08, unitary_metric = 1.00000
Error = :2.07e-03; Runtime: 161.4s; Iterations = 5700, grads =   1.233e-08, unitary_metric = 1.00000
Error = :2.08e-03; Runtime: 162.1s; Iterations = 5720, grads =   1.370e-08, unitary_metric = 1.00000
Error = :2.09e-03; Runtime: 162.6s; Iterations = 5740, grads =   1.577e-08, unitary_metric = 1.00000
Error = :2.10e-03; Runtime: 163.2s; Iterations = 5760, grads =   1.828e-08, unitary_metric = 1.00000
Error = :2.11e-03; Runtime: 163.7s; Iterations = 5780, grads =   2.077e-08, unitary_metric = 1.00000
Error = :2.12e-03; Runtime: 164.3s; Iterations = 5800, grads =   3.235e-08, unitary_metric = 1.00000
Error = :2.12e-03; Runtime: 164.9s; Iterations = 5820, grads =   9.099e-08, unitary_metric = 1.00000
Error = :2.13e-03; Runtime: 165.5s; Iterations = 5840, grads =   1.476e-06, unitary_metric = 1.00000
Error = :2.14e-03; Runtime: 166.0s; Iterations = 5860, grads =   3.272e-07, unitary_metric = 1.00000
Error = :2.14e-03; Runtime: 166.5s; Iterations = 5880, grads =   6.859e-08, unitary_metric = 1.00000
Error = :2.14e-03; Runtime: 167.1s; Iterations = 5900, grads =   4.308e-08, unitary_metric = 1.00000
Error = :2.14e-03; Runtime: 167.7s; Iterations = 5920, grads =   4.547e-08, unitary_metric = 1.00000
Error = :2.14e-03; Runtime: 168.3s; Iterations = 5940, grads =   5.257e-08, unitary_metric = 1.00000
Error = :2.14e-03; Runtime: 168.8s; Iterations = 5960, grads =   5.236e-08, unitary_metric = 1.00000
Error = :2.14e-03; Runtime: 169.4s; Iterations = 5980, grads =   7.570e-08, unitary_metric = 1.00000
Error = :2.13e-03; Runtime: 169.9s; Iterations = 6000, grads =   1.206e-06, unitary_metric = 1.00000
data saved at: /project/ftchong/qoc/pranav/00025_27_block150.h5


^^^SHORTEST TIME was 4.4
